Training the TuckER model...
Number of training data points: 173670
Starting training...
epoch 1
cost time 9.57 s
mean loss: 0.01757406648285848
epoch 2
cost time 9.30 s
mean loss: 0.0009692131477058146
epoch 3
cost time 9.28 s
mean loss: 0.0008131676628795419
epoch 4
cost time 9.74 s
mean loss: 0.000744904467950567
epoch 5
cost time 9.92 s
mean loss: 0.000699520363844816
epoch 6
cost time 9.96 s
mean loss: 0.0006646655610882262
epoch 7
cost time 9.95 s
mean loss: 0.000634939406986368
epoch 8
cost time 8.68 s
mean loss: 0.0006124047198124478
epoch 9
cost time 8.18 s
mean loss: 0.0006068528007326835
epoch 10
cost time 7.55 s
mean loss: 0.0005778838045450735
epoch 11
cost time 7.58 s
mean loss: 0.0005557746165955833
epoch 12
cost time 7.54 s
mean loss: 0.0005398452171796244
epoch 13
cost time 7.53 s
mean loss: 0.0005287379455955282
epoch 14
cost time 7.54 s
mean loss: 0.0005162196821053668
epoch 15
cost time 7.55 s
mean loss: 0.0004992852112962157
epoch 16
cost time 7.53 s
mean loss: 0.000487488609875641
epoch 17
cost time 7.56 s
mean loss: 0.00047656611548920884
epoch 18
cost time 7.54 s
mean loss: 0.00046149741656639656
epoch 19
cost time 7.54 s
mean loss: 0.000454289815971416
epoch 20
cost time 7.54 s
mean loss: 0.0005020056102926784
epoch 21
cost time 7.56 s
mean loss: 0.000447837089953083
epoch 22
cost time 7.53 s
mean loss: 0.0004323141293068346
epoch 23
cost time 7.57 s
mean loss: 0.00042591991684542296
epoch 24
cost time 7.55 s
mean loss: 0.0004435670267092927
epoch 25
cost time 7.56 s
mean loss: 0.00041715604046904176
epoch 26
cost time 7.54 s
mean loss: 0.0004074018279076709
epoch 27
cost time 7.56 s
mean loss: 0.00040786751599640475
epoch 28
cost time 7.55 s
mean loss: 0.000407267060768025
epoch 29
cost time 7.54 s
mean loss: 0.00040367311522898776
epoch 30
cost time 7.54 s
mean loss: 0.0003994239581048337
epoch 31
cost time 7.56 s
mean loss: 0.0003976999782457515
epoch 32
cost time 7.54 s
mean loss: 0.00039462433865021025
epoch 33
cost time 7.57 s
mean loss: 0.0003956019334372465
epoch 34
cost time 7.54 s
mean loss: 0.000392306363174107
epoch 35
cost time 7.55 s
mean loss: 0.00040031843465448985
epoch 36
cost time 7.53 s
mean loss: 0.00039091557220438417
epoch 37
cost time 7.55 s
mean loss: 0.0003878315849539367
epoch 38
cost time 7.53 s
mean loss: 0.00038671706362376486
epoch 39
cost time 7.55 s
mean loss: 0.000386526612366339
epoch 40
cost time 7.54 s
mean loss: 0.0003908866460907661
epoch 41
cost time 7.54 s
mean loss: 0.0003857001614695293
epoch 42
cost time 7.56 s
mean loss: 0.0003830332400600169
epoch 43
cost time 7.55 s
mean loss: 0.00037974109933613736
epoch 44
cost time 7.54 s
mean loss: 0.00038155901790579274
epoch 45
cost time 7.54 s
mean loss: 0.00038339046669872974
epoch 46
cost time 7.54 s
mean loss: 0.00038284159288338727
epoch 47
cost time 7.56 s
mean loss: 0.0003828497213062258
epoch 48
cost time 7.54 s
mean loss: 0.0003800755814212859
epoch 49
cost time 7.55 s
mean loss: 0.00037866947651243275
epoch 50
cost time 7.55 s
mean loss: 0.0003803433887533871
epoch 51
cost time 7.55 s
mean loss: 0.00042929550487063456
epoch 52
cost time 7.57 s
mean loss: 0.00038910275695002805
epoch 53
cost time 7.56 s
mean loss: 0.00037913513438210896
epoch 54
cost time 7.56 s
mean loss: 0.0003764359474372653
epoch 55
cost time 7.56 s
mean loss: 0.00038069852617596896
epoch 56
cost time 7.56 s
mean loss: 0.0003778346632109386
epoch 57
cost time 7.55 s
mean loss: 0.0003756854428241446
epoch 58
cost time 7.56 s
mean loss: 0.0003756745411911968
epoch 59
cost time 7.57 s
mean loss: 0.0003765493917940311
epoch 60
cost time 7.56 s
mean loss: 0.00037495216087936637
epoch 61
cost time 7.57 s
mean loss: 0.0003759513393404798
epoch 62
cost time 7.53 s
mean loss: 0.00037934857946434906
epoch 63
cost time 7.57 s
mean loss: 0.0003742247407482327
epoch 64
cost time 7.55 s
mean loss: 0.0003729867435213551
epoch 65
cost time 7.54 s
mean loss: 0.0003721977767392956
epoch 66
cost time 7.56 s
mean loss: 0.00037578453686996623
epoch 67
cost time 7.54 s
mean loss: 0.0003734666001030367
epoch 68
cost time 7.54 s
mean loss: 0.00037393883518657066
epoch 69
cost time 7.56 s
mean loss: 0.00037468464350631764
epoch 70
cost time 7.55 s
mean loss: 0.00037310550474142713
epoch 71
cost time 7.55 s
mean loss: 0.00037259795156604526
epoch 72
cost time 7.55 s
mean loss: 0.00037297103928870607
epoch 73
cost time 7.54 s
mean loss: 0.0003721864104523624
epoch 74
cost time 7.55 s
mean loss: 0.0003701384584085581
epoch 75
cost time 7.54 s
mean loss: 0.00037112780330053385
epoch 76
cost time 7.55 s
mean loss: 0.0003699028507054626
epoch 77
cost time 7.55 s
mean loss: 0.00037401809783195396
epoch 78
cost time 7.53 s
mean loss: 0.00037167992919012304
epoch 79
cost time 7.55 s
mean loss: 0.00037073939822111117
epoch 80
cost time 7.55 s
mean loss: 0.0003688469208182355
epoch 81
cost time 7.52 s
mean loss: 0.00036818472568086167
epoch 82
cost time 7.56 s
mean loss: 0.0003685283752927287
epoch 83
cost time 7.54 s
mean loss: 0.0003682152746657971
epoch 84
cost time 7.56 s
mean loss: 0.00036950035465936485
epoch 85
cost time 7.55 s
mean loss: 0.00037026622296513573
epoch 86
cost time 7.55 s
mean loss: 0.00037045587125903156
epoch 87
cost time 7.52 s
mean loss: 0.00037088901277519855
epoch 88
cost time 7.60 s
mean loss: 0.00036749859579075566
epoch 89
cost time 7.53 s
mean loss: 0.00036922059176870757
epoch 90
cost time 7.53 s
mean loss: 0.0003689995431398791
epoch 91
cost time 7.53 s
mean loss: 0.0003706010984376589
epoch 92
cost time 7.55 s
mean loss: 0.0003714567634285104
epoch 93
cost time 7.53 s
mean loss: 0.00036763137059513026
epoch 94
cost time 7.53 s
mean loss: 0.00036676717803805456
epoch 95
cost time 7.55 s
mean loss: 0.00036739809076677046
epoch 96
cost time 7.53 s
mean loss: 0.00036836389760309496
epoch 97
cost time 7.54 s
mean loss: 0.0003707213994626149
epoch 98
cost time 7.55 s
mean loss: 0.00036659520145330683
epoch 99
cost time 7.56 s
mean loss: 0.000366250676064371
epoch 100
cost time 7.54 s
mean loss: 0.0003685592561116965
epoch 101
cost time 7.52 s
mean loss: 0.0003658680528619906
epoch 102
cost time 7.53 s
mean loss: 0.0003689765304641289
epoch 103
cost time 7.53 s
mean loss: 0.0003657658244523465
epoch 104
cost time 7.52 s
mean loss: 0.0003675740287102165
epoch 105
cost time 7.55 s
mean loss: 0.0003663381074246696
epoch 106
cost time 7.54 s
mean loss: 0.0003702215076097816
epoch 107
cost time 7.54 s
mean loss: 0.00036750341177318243
epoch 108
cost time 7.54 s
mean loss: 0.00036562065472590363
epoch 109
cost time 7.55 s
mean loss: 0.0003654471169670811
epoch 110
cost time 7.55 s
mean loss: 0.0003657797591073487
epoch 111
cost time 7.54 s
mean loss: 0.00036397191111058253
epoch 112
cost time 7.59 s
mean loss: 0.00036498799216985354
epoch 113
cost time 7.60 s
mean loss: 0.00036577418941126074
epoch 114
cost time 7.56 s
mean loss: 0.0003660213665165265
epoch 115
cost time 7.58 s
mean loss: 0.00036437790573209673
epoch 116
cost time 7.55 s
mean loss: 0.0003647429593225736
epoch 117
cost time 7.55 s
mean loss: 0.0003647404726898604
epoch 118
cost time 7.53 s
mean loss: 0.0003732612300566334
epoch 119
cost time 7.48 s
mean loss: 0.00036810822926642433
epoch 120
cost time 7.48 s
mean loss: 0.00036505802587907625
epoch 121
cost time 7.49 s
mean loss: 0.0003662272757572572
epoch 122
cost time 7.50 s
mean loss: 0.0003629583013226705
epoch 123
cost time 7.49 s
mean loss: 0.00036377759958440103
epoch 124
cost time 7.49 s
mean loss: 0.00036428835090740187
epoch 125
cost time 7.53 s
mean loss: 0.00036452931062144555
epoch 126
cost time 7.50 s
mean loss: 0.0003636727919422173
epoch 127
cost time 7.50 s
mean loss: 0.00036338113849995285
epoch 128
cost time 7.55 s
mean loss: 0.0003645381008776202
epoch 129
cost time 7.55 s
mean loss: 0.000362497583261607
epoch 130
cost time 7.57 s
mean loss: 0.00036287540483561303
epoch 131
cost time 7.55 s
mean loss: 0.00037383395286014464
epoch 132
cost time 7.54 s
mean loss: 0.0003643131654664105
epoch 133
cost time 7.55 s
mean loss: 0.00036317414281215193
epoch 134
cost time 7.56 s
mean loss: 0.00036300710776282014
epoch 135
cost time 7.56 s
mean loss: 0.00036274706939067253
epoch 136
cost time 7.54 s
mean loss: 0.00036253935222287185
epoch 137
cost time 7.57 s
mean loss: 0.0003634650554917799
epoch 138
cost time 7.55 s
mean loss: 0.0003639951006397697
epoch 139
cost time 7.56 s
mean loss: 0.00036304196576951637
epoch 140
cost time 7.54 s
mean loss: 0.00036387877996834814
epoch 141
cost time 7.54 s
mean loss: 0.0003649815452936691
epoch 142
cost time 7.55 s
mean loss: 0.00036681197178308313
epoch 143
cost time 7.54 s
mean loss: 0.0003624741900775568
epoch 144
cost time 7.56 s
mean loss: 0.00036888418210341106
epoch 145
cost time 7.55 s
mean loss: 0.0003632022680128189
epoch 146
cost time 7.56 s
mean loss: 0.0003627764965650454
epoch 147
cost time 7.54 s
mean loss: 0.00036180048540052675
epoch 148
cost time 7.54 s
mean loss: 0.0003630096822466508
epoch 149
cost time 7.56 s
mean loss: 0.00036251072876750546
epoch 150
cost time 7.54 s
mean loss: 0.0003630618223165276
epoch 151
cost time 7.57 s
mean loss: 0.0003630848442018953
epoch 152
cost time 7.55 s
mean loss: 0.00036427506740114045
epoch 153
cost time 7.55 s
mean loss: 0.00036221509666253473
epoch 154
cost time 7.55 s
mean loss: 0.00036153898061263494
epoch 155
cost time 7.55 s
mean loss: 0.00036150504385549414
epoch 156
cost time 7.54 s
mean loss: 0.0003618197488265828
epoch 157
cost time 7.55 s
mean loss: 0.00036465331265352877
epoch 158
cost time 7.55 s
mean loss: 0.0003614072358823981
epoch 159
cost time 7.55 s
mean loss: 0.00036163672573728616
epoch 160
cost time 7.55 s
mean loss: 0.0003620656227709654
epoch 161
cost time 7.55 s
mean loss: 0.0003663924668325003
epoch 162
cost time 7.54 s
mean loss: 0.000364467847576579
epoch 163
cost time 7.56 s
mean loss: 0.00036280012801197465
epoch 164
cost time 7.55 s
mean loss: 0.00036392985024761144
epoch 165
cost time 7.55 s
mean loss: 0.0003615141653341249
epoch 166
cost time 7.54 s
mean loss: 0.00036178685207269876
epoch 167
cost time 7.57 s
mean loss: 0.0003627428033591187
epoch 168
cost time 7.56 s
mean loss: 0.0003643401622371023
epoch 169
cost time 7.57 s
mean loss: 0.00036061754150457716
epoch 170
cost time 7.55 s
mean loss: 0.0003603521496465036
epoch 171
cost time 7.56 s
mean loss: 0.00036195405782373077
epoch 172
cost time 7.56 s
mean loss: 0.0003625284402291043
epoch 173
cost time 7.56 s
mean loss: 0.00036039186457525454
epoch 174
cost time 7.57 s
mean loss: 0.00036195962942649733
epoch 175
cost time 7.56 s
mean loss: 0.0003618690589896423
epoch 176
cost time 7.58 s
mean loss: 0.0003633514476283275
epoch 177
cost time 7.56 s
mean loss: 0.0003603309347528541
epoch 178
cost time 7.57 s
mean loss: 0.00035995123628757166
epoch 179
cost time 7.56 s
mean loss: 0.0003612733847039725
epoch 180
cost time 7.57 s
mean loss: 0.0003612157641561778
epoch 181
cost time 7.55 s
mean loss: 0.00036089267742581783
epoch 182
cost time 7.57 s
mean loss: 0.00036330838068658936
epoch 183
cost time 7.57 s
mean loss: 0.0003608740423403091
epoch 184
cost time 7.56 s
mean loss: 0.00036161481983451994
epoch 185
cost time 7.57 s
mean loss: 0.0003599429566255449
epoch 186
cost time 7.58 s
mean loss: 0.00035948019564826367
epoch 187
cost time 7.57 s
mean loss: 0.0003599875333329849
epoch 188
cost time 7.57 s
mean loss: 0.00036133631247375507
epoch 189
cost time 7.56 s
mean loss: 0.00036245352732925935
epoch 190
cost time 7.56 s
mean loss: 0.0003615642602573297
epoch 191
cost time 7.56 s
mean loss: 0.000360349561024471
epoch 192
cost time 7.58 s
mean loss: 0.00036191071333433876
epoch 193
cost time 7.58 s
mean loss: 0.00036221333553902897
epoch 194
cost time 7.57 s
mean loss: 0.00036539672298313146
epoch 195
cost time 7.57 s
mean loss: 0.00035978515105199974
epoch 196
cost time 7.56 s
mean loss: 0.0003609540890623114
epoch 197
cost time 7.57 s
mean loss: 0.0003599081125771753
epoch 198
cost time 7.55 s
mean loss: 0.00035947018536958933
epoch 199
cost time 7.57 s
mean loss: 0.0003614997028169419
epoch 200
cost time 7.55 s
mean loss: 0.0003597670246179852
epoch 201
cost time 7.57 s
mean loss: 0.0003592881603006444
epoch 202
cost time 7.55 s
mean loss: 0.0003616104738663638
epoch 203
cost time 7.56 s
mean loss: 0.00036073669344986866
epoch 204
cost time 7.55 s
mean loss: 0.00036543069675861774
epoch 205
cost time 7.57 s
mean loss: 0.00036281931984764426
epoch 206
cost time 7.56 s
mean loss: 0.00036052037104567094
epoch 207
cost time 7.56 s
mean loss: 0.0003587690774035929
epoch 208
cost time 7.55 s
mean loss: 0.0003589957253719658
epoch 209
cost time 7.56 s
mean loss: 0.00035893235363386233
epoch 210
cost time 7.52 s
mean loss: 0.0003614577943443612
epoch 211
cost time 7.55 s
mean loss: 0.00035939460790230306
epoch 212
cost time 7.55 s
mean loss: 0.00036037418513146675
epoch 213
cost time 7.56 s
mean loss: 0.0003626250138975984
epoch 214
cost time 7.54 s
mean loss: 0.0003604749248208241
epoch 215
cost time 7.56 s
mean loss: 0.00036170675304294673
epoch 216
cost time 7.55 s
mean loss: 0.00036031596455550366
epoch 217
cost time 7.57 s
mean loss: 0.0003652410960957127
epoch 218
cost time 7.55 s
mean loss: 0.00037495368478327015
epoch 219
cost time 7.57 s
mean loss: 0.0003595492820260063
epoch 220
cost time 7.56 s
mean loss: 0.0003591010892606595
epoch 221
cost time 7.57 s
mean loss: 0.0003595263186361001
epoch 222
cost time 7.56 s
mean loss: 0.0003614296239949832
epoch 223
cost time 7.56 s
mean loss: 0.0003601861881291924
epoch 224
cost time 7.56 s
mean loss: 0.00035956439310172515
epoch 225
cost time 7.58 s
mean loss: 0.00036010254990817157
epoch 226
cost time 7.57 s
mean loss: 0.00036043407491463545
epoch 227
cost time 7.57 s
mean loss: 0.000360119773080165
epoch 228
cost time 7.58 s
mean loss: 0.0003641432371581657
epoch 229
cost time 7.57 s
mean loss: 0.00036124109366231764
epoch 230
cost time 7.57 s
mean loss: 0.0003592835772567865
epoch 231
cost time 7.57 s
mean loss: 0.00035935335507534665
epoch 232
cost time 7.58 s
mean loss: 0.00035848256648945243
epoch 233
cost time 7.56 s
mean loss: 0.00035814054482138734
epoch 234
cost time 7.58 s
mean loss: 0.0003610567036643164
epoch 235
cost time 7.57 s
mean loss: 0.0003594205082608306
epoch 236
cost time 7.58 s
mean loss: 0.0003593851753832296
epoch 237
cost time 7.56 s
mean loss: 0.0003587812923783683
epoch 238
cost time 7.57 s
mean loss: 0.0003618717723372375
epoch 239
cost time 7.55 s
mean loss: 0.00036089910505534054
epoch 240
cost time 7.55 s
mean loss: 0.0003580667085474189
epoch 241
cost time 7.57 s
mean loss: 0.00036047866086766806
epoch 242
cost time 7.56 s
mean loss: 0.00035811878871880656
epoch 243
cost time 7.55 s
mean loss: 0.00035804961484969724
epoch 244
cost time 7.56 s
mean loss: 0.00035825970993355393
epoch 245
cost time 7.57 s
mean loss: 0.00035870652438609946
epoch 246
cost time 7.57 s
mean loss: 0.00035892269914861586
epoch 247
cost time 7.54 s
mean loss: 0.0003581580201786113
epoch 248
cost time 7.55 s
mean loss: 0.00036119929789962666
epoch 249
cost time 7.56 s
mean loss: 0.00035983898277752496
epoch 250
cost time 7.56 s
mean loss: 0.00035830521188378196
epoch 251
cost time 7.56 s
mean loss: 0.0003591559181071597
epoch 252
cost time 7.56 s
mean loss: 0.0003606013979084159
epoch 253
cost time 7.55 s
mean loss: 0.00035876393649434703
epoch 254
cost time 7.54 s
mean loss: 0.0003584511427707252
epoch 255
cost time 7.55 s
mean loss: 0.0003605073273492164
epoch 256
cost time 7.54 s
mean loss: 0.00036212038765379373
epoch 257
cost time 7.55 s
mean loss: 0.00036212283115239977
epoch 258
cost time 7.54 s
mean loss: 0.0003597742897471038
epoch 259
cost time 7.55 s
mean loss: 0.0003594346228991008
epoch 260
cost time 7.55 s
mean loss: 0.00035804128726887917
epoch 261
cost time 7.56 s
mean loss: 0.0003579279174524554
epoch 262
cost time 7.56 s
mean loss: 0.000358240883208855
epoch 263
cost time 7.55 s
mean loss: 0.0003604287105642388
epoch 264
cost time 7.57 s
mean loss: 0.0003594161724376438
epoch 265
cost time 7.56 s
mean loss: 0.0003587331879557063
epoch 266
cost time 7.56 s
mean loss: 0.0003577072369565034
epoch 267
cost time 7.55 s
mean loss: 0.0003586285591815634
epoch 268
cost time 7.54 s
mean loss: 0.00035919582442327534
epoch 269
cost time 7.55 s
mean loss: 0.0003595136028523954
epoch 270
cost time 7.55 s
mean loss: 0.00035938576713713213
epoch 271
cost time 7.54 s
mean loss: 0.000358911514104078
epoch 272
cost time 7.54 s
mean loss: 0.0003582689487988334
epoch 273
cost time 7.56 s
mean loss: 0.00035770181972275596
epoch 274
cost time 7.53 s
mean loss: 0.00035819616008288604
epoch 275
cost time 7.54 s
mean loss: 0.0003588938253067724
epoch 276
cost time 7.55 s
mean loss: 0.00035808554415795975
epoch 277
cost time 7.54 s
mean loss: 0.0003578985647824495
epoch 278
cost time 7.54 s
mean loss: 0.00036228575090571495
epoch 279
cost time 7.56 s
mean loss: 0.0003578200848106576
epoch 280
cost time 7.55 s
mean loss: 0.00040792160282114104
epoch 281
cost time 7.54 s
mean loss: 0.00035952608425852847
epoch 282
cost time 7.54 s
mean loss: 0.00035902837163144757
epoch 283
cost time 7.55 s
mean loss: 0.00035808414918870164
epoch 284
cost time 7.54 s
mean loss: 0.0003582706921146803
epoch 285
cost time 7.56 s
mean loss: 0.00035778573793773534
epoch 286
cost time 7.54 s
mean loss: 0.000359651941632822
epoch 287
cost time 7.50 s
mean loss: 0.0003598109451761499
epoch 288
cost time 7.50 s
mean loss: 0.000362299174354993
epoch 289
cost time 7.54 s
mean loss: 0.0003592748892057816
epoch 290
cost time 7.53 s
mean loss: 0.00035801342648496607
epoch 291
cost time 7.55 s
mean loss: 0.0003594718159755464
epoch 292
cost time 7.54 s
mean loss: 0.0003671828789129388
epoch 293
cost time 7.54 s
mean loss: 0.00035927919700439
epoch 294
cost time 7.52 s
mean loss: 0.00035682544600746936
epoch 295
cost time 7.54 s
mean loss: 0.00035989070157934906
epoch 296
cost time 7.56 s
mean loss: 0.0003594187486842528
epoch 297
cost time 7.54 s
mean loss: 0.0003585093558278989
epoch 298
cost time 7.54 s
mean loss: 0.0003570478538463378
epoch 299
cost time 7.55 s
mean loss: 0.0003569497776071556
epoch 300
cost time 7.55 s
mean loss: 0.0003584195762669509
epoch 301
cost time 7.54 s
mean loss: 0.00035931881095112355
epoch 302
cost time 7.54 s
mean loss: 0.00036811506920620774
epoch 303
cost time 7.55 s
mean loss: 0.00035776346138383786
epoch 304
cost time 7.54 s
mean loss: 0.0003598368123656643
epoch 305
cost time 7.54 s
mean loss: 0.00035784490008916754
epoch 306
cost time 7.53 s
mean loss: 0.0003578431701560462
epoch 307
cost time 7.55 s
mean loss: 0.00035757161173952237
epoch 308
cost time 7.56 s
mean loss: 0.0003580481375694823
epoch 309
cost time 7.56 s
mean loss: 0.00035832857089151705
epoch 310
cost time 7.55 s
mean loss: 0.0003575308151124103
epoch 311
cost time 7.56 s
mean loss: 0.00035735014756267707
epoch 312
cost time 7.56 s
mean loss: 0.0003588955780480872
epoch 313
cost time 7.56 s
mean loss: 0.0003624875178691276
epoch 314
cost time 7.54 s
mean loss: 0.00035881019791424715
epoch 315
cost time 7.56 s
mean loss: 0.0003571060001697594
epoch 316
cost time 7.55 s
mean loss: 0.00035963078293222957
epoch 317
cost time 7.54 s
mean loss: 0.0003577832884312929
epoch 318
cost time 7.55 s
mean loss: 0.0003570417728006255
epoch 319
cost time 7.57 s
mean loss: 0.00035678197387853416
epoch 320
cost time 7.55 s
mean loss: 0.0003574219307394834
epoch 321
cost time 7.55 s
mean loss: 0.00035736584348508533
epoch 322
cost time 7.55 s
mean loss: 0.00035835793248333996
epoch 323
cost time 7.56 s
mean loss: 0.00035774943186257986
epoch 324
cost time 7.55 s
mean loss: 0.0003572813436251976
epoch 325
cost time 7.54 s
mean loss: 0.0003583595260709515
epoch 326
cost time 7.55 s
mean loss: 0.0003579341925836625
epoch 327
cost time 7.55 s
mean loss: 0.0003574387679709414
epoch 328
cost time 7.55 s
mean loss: 0.0003593807115247738
epoch 329
cost time 7.56 s
mean loss: 0.0003585978502514732
epoch 330
cost time 7.52 s
mean loss: 0.0003621104903368346
epoch 331
cost time 7.54 s
mean loss: 0.0003574209062414813
epoch 332
cost time 7.55 s
mean loss: 0.0003568887816625791
epoch 333
cost time 7.54 s
mean loss: 0.00035655984085321437
epoch 334
cost time 7.54 s
mean loss: 0.0003570056369235193
epoch 335
cost time 7.55 s
mean loss: 0.00035738302794790497
epoch 336
cost time 7.55 s
mean loss: 0.00035692783767197453
epoch 337
cost time 7.54 s
mean loss: 0.00035883875985224633
epoch 338
cost time 7.54 s
mean loss: 0.000361936019960335
epoch 339
cost time 7.54 s
mean loss: 0.00035690861522152153
epoch 340
cost time 7.54 s
mean loss: 0.000358782053718744
epoch 341
cost time 7.53 s
mean loss: 0.0003568085959329119
epoch 342
cost time 7.54 s
mean loss: 0.00035696067384384316
epoch 343
cost time 7.55 s
mean loss: 0.0003564974144679622
epoch 344
cost time 7.55 s
mean loss: 0.00036033022237454663
epoch 345
cost time 7.55 s
mean loss: 0.0003589528136266734
epoch 346
cost time 7.53 s
mean loss: 0.0003611523602203879
epoch 347
cost time 7.55 s
mean loss: 0.00035803608602944333
epoch 348
cost time 7.54 s
mean loss: 0.00035879162164797546
epoch 349
cost time 7.56 s
mean loss: 0.0003568944524486097
epoch 350
cost time 7.55 s
mean loss: 0.00035841209204966483
epoch 351
cost time 7.56 s
mean loss: 0.0003563089890385965
epoch 352
cost time 7.55 s
mean loss: 0.0003562289363447328
epoch 353
cost time 7.54 s
mean loss: 0.0003584581820123883
epoch 354
cost time 7.53 s
mean loss: 0.00035974796851624924
epoch 355
cost time 7.54 s
mean loss: 0.00035773031539467886
epoch 356
cost time 7.55 s
mean loss: 0.0003572806267140316
epoch 357
cost time 7.54 s
mean loss: 0.0003584126286897624
epoch 358
cost time 7.55 s
mean loss: 0.0003581112007853979
epoch 359
cost time 7.56 s
mean loss: 0.0003582973142769832
epoch 360
cost time 7.54 s
mean loss: 0.00035661862623775366
epoch 361
cost time 7.55 s
mean loss: 0.0003563340499548746
epoch 362
cost time 7.54 s
mean loss: 0.0003572122937261745
epoch 363
cost time 7.56 s
mean loss: 0.0003563445049213713
epoch 364
cost time 7.57 s
mean loss: 0.00035791541989351654
epoch 365
cost time 7.56 s
mean loss: 0.0003567714678993902
epoch 366
cost time 7.55 s
mean loss: 0.00036271467211464024
epoch 367
cost time 7.56 s
mean loss: 0.0003565254130004128
epoch 368
cost time 7.57 s
mean loss: 0.00035832262223405703
epoch 369
cost time 7.55 s
mean loss: 0.0003571852266601988
epoch 370
cost time 7.57 s
mean loss: 0.0003561958380944898
epoch 371
cost time 7.56 s
mean loss: 0.00035653147044648016
epoch 372
cost time 7.57 s
mean loss: 0.0003577079034665984
epoch 373
cost time 7.55 s
mean loss: 0.0003566320759848069
epoch 374
cost time 7.56 s
mean loss: 0.00035733905903924813
epoch 375
cost time 7.56 s
mean loss: 0.0003584650222399722
epoch 376
cost time 7.58 s
mean loss: 0.0003569360401315041
epoch 377
cost time 7.56 s
mean loss: 0.0003572705768268067
epoch 378
cost time 7.57 s
mean loss: 0.0003567313840103362
epoch 379
cost time 7.54 s
mean loss: 0.0003586541091069482
epoch 380
cost time 7.55 s
mean loss: 0.00035742906319254916
epoch 381
cost time 7.54 s
mean loss: 0.00035712247869380885
epoch 382
cost time 7.55 s
mean loss: 0.0003565255394168037
epoch 383
cost time 7.56 s
mean loss: 0.0003580237607551078
epoch 384
cost time 7.56 s
mean loss: 0.0003570676194124007
epoch 385
cost time 7.54 s
mean loss: 0.0003586354840584836
epoch 386
cost time 7.57 s
mean loss: 0.0003563973446703563
epoch 387
cost time 7.52 s
mean loss: 0.00035699357876406776
epoch 388
cost time 7.53 s
mean loss: 0.00035674748396873936
epoch 389
cost time 7.54 s
mean loss: 0.000356621538527478
epoch 390
cost time 7.54 s
mean loss: 0.0003561799527993207
epoch 391
cost time 7.54 s
mean loss: 0.0003574535466730019
epoch 392
cost time 7.55 s
mean loss: 0.0003567530620110432
epoch 393
cost time 7.55 s
mean loss: 0.0003574394721469332
epoch 394
cost time 7.56 s
mean loss: 0.00035650915453585766
epoch 395
cost time 7.56 s
mean loss: 0.00035968841265366676
epoch 396
cost time 7.55 s
mean loss: 0.0003576087450254041
epoch 397
cost time 7.55 s
mean loss: 0.0003562301234860199
epoch 398
cost time 7.55 s
mean loss: 0.0003559567242971885
epoch 399
cost time 7.56 s
mean loss: 0.00035552245953145617
epoch 400
cost time 7.56 s
mean loss: 0.0003588346411385982
epoch 401
cost time 7.53 s
mean loss: 0.0003597602271647578
epoch 402
cost time 7.55 s
mean loss: 0.0003563832820520353
epoch 403
cost time 7.54 s
mean loss: 0.0003571781129861188
epoch 404
cost time 7.55 s
mean loss: 0.0003592734106664393
epoch 405
cost time 7.53 s
mean loss: 0.000357165509948279
epoch 406
cost time 7.55 s
mean loss: 0.00035662055137159696
epoch 407
cost time 7.57 s
mean loss: 0.0003558043519303212
epoch 408
cost time 7.56 s
mean loss: 0.0003567625764453477
epoch 409
cost time 7.53 s
mean loss: 0.0003553854671539451
epoch 410
cost time 7.55 s
mean loss: 0.00035600141209564016
epoch 411
cost time 7.54 s
mean loss: 0.0003558482180222321
epoch 412
cost time 7.57 s
mean loss: 0.00035943788123300946
epoch 413
cost time 7.56 s
mean loss: 0.00035633496767887326
epoch 414
cost time 7.57 s
mean loss: 0.00035724356178078013
epoch 415
cost time 7.56 s
mean loss: 0.00035618369021321724
epoch 416
cost time 7.57 s
mean loss: 0.00035629186389866496
epoch 417
cost time 7.55 s
mean loss: 0.00035586977511073366
epoch 418
cost time 7.52 s
mean loss: 0.00035679272513569545
epoch 419
cost time 7.52 s
mean loss: 0.0003655405719928577
epoch 420
cost time 7.52 s
mean loss: 0.0003564593870937018
epoch 421
cost time 7.53 s
mean loss: 0.00035547564064189376
epoch 422
cost time 7.55 s
mean loss: 0.00035988495636090164
epoch 423
cost time 7.54 s
mean loss: 0.0003559341161610842
epoch 424
cost time 7.57 s
mean loss: 0.00036869532468542226
epoch 425
cost time 7.53 s
mean loss: 0.0003569903932436978
epoch 426
cost time 7.56 s
mean loss: 0.000356548290805631
epoch 427
cost time 7.55 s
mean loss: 0.0003564003580859983
epoch 428
cost time 7.53 s
mean loss: 0.00035655655014174396
epoch 429
cost time 7.55 s
mean loss: 0.00035741815281765965
epoch 430
cost time 7.53 s
mean loss: 0.0003558515399240869
epoch 431
cost time 7.50 s
mean loss: 0.00035762095222956463
epoch 432
cost time 7.56 s
mean loss: 0.000356870993933835
epoch 433
cost time 7.53 s
mean loss: 0.00035521961226673714
epoch 434
cost time 7.51 s
mean loss: 0.0003556702578122577
epoch 435
cost time 7.53 s
mean loss: 0.0003616678744266144
epoch 436
cost time 7.54 s
mean loss: 0.00035859677125124216
epoch 437
cost time 7.53 s
mean loss: 0.00035627879984032165
epoch 438
cost time 7.55 s
mean loss: 0.0003548743497126716
epoch 439
cost time 7.54 s
mean loss: 0.00035540702186809216
epoch 440
cost time 7.56 s
mean loss: 0.00035971138075630704
epoch 441
cost time 7.54 s
mean loss: 0.0003577375379652913
epoch 442
cost time 7.54 s
mean loss: 0.00035522497748053544
epoch 443
cost time 7.53 s
mean loss: 0.0003559345132179158
epoch 444
cost time 7.54 s
mean loss: 0.0003589865803656402
epoch 445
cost time 7.55 s
mean loss: 0.00035532852815382403
epoch 446
cost time 7.58 s
mean loss: 0.00035708935180741127
epoch 447
cost time 7.59 s
mean loss: 0.00035524478121614603
epoch 448
cost time 7.57 s
mean loss: 0.00035625358880008254
epoch 449
cost time 7.57 s
mean loss: 0.000354959141186465
epoch 450
cost time 7.55 s
mean loss: 0.00035941818912803655
epoch 451
cost time 7.56 s
mean loss: 0.0003576442353299051
epoch 452
cost time 7.55 s
mean loss: 0.0003556360048702394
epoch 453
cost time 7.55 s
mean loss: 0.00035585526176077877
epoch 454
cost time 7.52 s
mean loss: 0.000355314776216195
epoch 455
cost time 7.56 s
mean loss: 0.0003567908588570643
epoch 456
cost time 7.55 s
mean loss: 0.00035698311120629705
epoch 457
cost time 7.54 s
mean loss: 0.0003559448650079159
epoch 458
cost time 7.55 s
mean loss: 0.0003557762777423014
epoch 459
cost time 7.52 s
mean loss: 0.0003560633711287768
epoch 460
cost time 7.54 s
mean loss: 0.00035603056125468326
epoch 461
cost time 7.56 s
mean loss: 0.0003554488280275779
epoch 462
cost time 7.55 s
mean loss: 0.0003633021145491494
epoch 463
cost time 7.56 s
mean loss: 0.0003640076242086831
epoch 464
cost time 7.53 s
mean loss: 0.00035605741786650795
epoch 465
cost time 7.52 s
mean loss: 0.00035447789733419
epoch 466
cost time 7.55 s
mean loss: 0.0003557194429259789
epoch 467
cost time 7.59 s
mean loss: 0.00035474312154844414
epoch 468
cost time 7.57 s
mean loss: 0.0003567460701125703
epoch 469
cost time 7.59 s
mean loss: 0.00035893721850640723
epoch 470
cost time 7.65 s
mean loss: 0.0003563297957231432
epoch 471
cost time 7.56 s
mean loss: 0.00035630694971988566
epoch 472
cost time 7.54 s
mean loss: 0.00035591729022579774
epoch 473
cost time 7.60 s
mean loss: 0.0003557277131985127
epoch 474
cost time 7.54 s
mean loss: 0.0003554943891567937
epoch 475
cost time 7.52 s
mean loss: 0.00035558970502896605
epoch 476
cost time 7.53 s
mean loss: 0.00035590189904819515
epoch 477
cost time 7.54 s
mean loss: 0.0003558107782647414
epoch 478
cost time 7.54 s
mean loss: 0.0003565389719677741
epoch 479
cost time 7.54 s
mean loss: 0.00035601372233239704
epoch 480
cost time 7.55 s
mean loss: 0.00035780908856327943
epoch 481
cost time 7.57 s
mean loss: 0.00035565420426169296
epoch 482
cost time 7.54 s
mean loss: 0.00035522949256748884
epoch 483
cost time 7.55 s
mean loss: 0.00035757077805328384
epoch 484
cost time 7.52 s
mean loss: 0.0003553200321377351
epoch 485
cost time 7.55 s
mean loss: 0.0003552152311149639
epoch 486
cost time 7.53 s
mean loss: 0.00035512066140168836
epoch 487
cost time 7.53 s
mean loss: 0.00035756507899084935
epoch 488
cost time 7.53 s
mean loss: 0.00035745137989462314
epoch 489
cost time 7.54 s
mean loss: 0.0003558332357012836
epoch 490
cost time 7.60 s
mean loss: 0.00035546406515993696
epoch 491
cost time 7.60 s
mean loss: 0.00035745849695035956
epoch 492
cost time 7.49 s
mean loss: 0.0003636155621196421
epoch 493
cost time 7.55 s
mean loss: 0.00035731196527977155
epoch 494
cost time 7.49 s
mean loss: 0.0003552757252792843
epoch 495
cost time 7.49 s
mean loss: 0.0003551541382175777
epoch 496
cost time 7.48 s
mean loss: 0.0003593035501831445
epoch 497
cost time 7.49 s
mean loss: 0.0003548601816154496
epoch 498
cost time 7.49 s
mean loss: 0.0003561130156800984
epoch 499
cost time 7.56 s
mean loss: 0.0003559976955113083
epoch 500
cost time 7.52 s
mean loss: 0.0003554812987647002
Test filtered:
Number of data points: 6268
Hits @10: 0.5022335673261008
Hits @3: 0.4647415443522655
Hits @1: 0.4238991703892789
Mean rank: 6583.787492022974
Mean reciprocal rank: 0.45143139417047595

Test raw:
Number of data points: 6268
Hits @10: 0.4680918953414167
Hits @3: 0.347319719208679
Hits @1: 0.16464582003828973
Mean rank: 6598.0127632418635
Mean reciprocal rank: 0.272087195798066
cost time 6.73 s
