Training the TuckER model...
Number of training data points: 966284
Starting training...
epoch 1
cost time 18.09 s
mean loss: 0.022738194658313
epoch 2
cost time 18.64 s
mean loss: 0.0023200091144593383
epoch 3
cost time 20.08 s
mean loss: 0.0019201558717239567
epoch 4
cost time 18.28 s
mean loss: 0.0017519164921336186
epoch 5
cost time 18.16 s
mean loss: 0.0015121432440714626
epoch 6
cost time 18.48 s
mean loss: 0.001291608424779322
epoch 7
cost time 18.31 s
mean loss: 0.0011829527143072014
epoch 8
cost time 20.24 s
mean loss: 0.0010964772217724578
epoch 9
cost time 19.94 s
mean loss: 0.0010227575207951158
epoch 10
cost time 19.30 s
mean loss: 0.0009529870260892633
epoch 11
cost time 19.59 s
mean loss: 0.0009194166716047776
epoch 12
cost time 19.19 s
mean loss: 0.0008649913788397151
epoch 13
cost time 18.58 s
mean loss: 0.0008216487543953277
epoch 14
cost time 18.53 s
mean loss: 0.0007862550836970159
epoch 15
cost time 18.52 s
mean loss: 0.0007488827924730666
epoch 16
cost time 18.55 s
mean loss: 0.0007453994399905179
epoch 17
cost time 18.54 s
mean loss: 0.0007028550632574908
epoch 18
cost time 18.33 s
mean loss: 0.0006820660646506962
epoch 19
cost time 18.24 s
mean loss: 0.000661057603895767
epoch 20
cost time 18.25 s
mean loss: 0.000642520833428289
epoch 21
cost time 18.25 s
mean loss: 0.00062110022767005
epoch 22
cost time 18.27 s
mean loss: 0.0006132315649292221
epoch 23
cost time 18.30 s
mean loss: 0.0005983948219686619
epoch 24
cost time 18.27 s
mean loss: 0.0005947028150229683
epoch 25
cost time 18.26 s
mean loss: 0.0005661813599556465
epoch 26
cost time 18.25 s
mean loss: 0.0005570450024323363
epoch 27
cost time 18.24 s
mean loss: 0.0005408745492693575
epoch 28
cost time 18.26 s
mean loss: 0.0005366785293447168
epoch 29
cost time 18.66 s
mean loss: 0.0005273098910210873
epoch 30
cost time 18.49 s
mean loss: 0.0005180677409107915
epoch 31
cost time 18.50 s
mean loss: 0.0005086816012932927
epoch 32
cost time 18.48 s
mean loss: 0.0005055486301793758
epoch 33
cost time 18.49 s
mean loss: 0.0004990737936233073
epoch 34
cost time 18.51 s
mean loss: 0.0004892534249098192
epoch 35
cost time 18.49 s
mean loss: 0.00048321163292792236
epoch 36
cost time 18.49 s
mean loss: 0.0004710613506722694
epoch 37
cost time 18.51 s
mean loss: 0.00047126784004989877
epoch 38
cost time 18.74 s
mean loss: 0.00046720831483826103
epoch 39
cost time 18.75 s
mean loss: 0.0004581780941135787
epoch 40
cost time 18.56 s
mean loss: 0.00046064599604562904
epoch 41
cost time 18.55 s
mean loss: 0.0004504393014607079
epoch 42
cost time 18.53 s
mean loss: 0.0004452346521873282
epoch 43
cost time 18.57 s
mean loss: 0.0004433110498407635
epoch 44
cost time 18.55 s
mean loss: 0.0004360396281721692
epoch 45
cost time 18.53 s
mean loss: 0.0004355126256298978
epoch 46
cost time 18.49 s
mean loss: 0.0004262162922490118
epoch 47
cost time 18.54 s
mean loss: 0.0004285619487932523
epoch 48
cost time 18.56 s
mean loss: 0.00042203803396077984
epoch 49
cost time 18.56 s
mean loss: 0.00041673333891638033
epoch 50
cost time 18.57 s
mean loss: 0.00041184639333556404
epoch 51
cost time 18.52 s
mean loss: 0.00040959799843195906
epoch 52
cost time 18.50 s
mean loss: 0.0004061021302002053
epoch 53
cost time 18.52 s
mean loss: 0.00040804583759258475
epoch 54
cost time 18.49 s
mean loss: 0.00039902069339775337
epoch 55
cost time 18.51 s
mean loss: 0.0003943322611734961
epoch 56
cost time 18.52 s
mean loss: 0.00039096484058168677
epoch 57
cost time 18.48 s
mean loss: 0.0003881594101801931
epoch 58
cost time 18.49 s
mean loss: 0.0003889080398404612
epoch 59
cost time 18.46 s
mean loss: 0.00038579124038082876
epoch 60
cost time 18.46 s
mean loss: 0.0003857397529494793
epoch 61
cost time 18.51 s
mean loss: 0.0003793842139673019
epoch 62
cost time 18.54 s
mean loss: 0.0003735526415175776
epoch 63
cost time 18.54 s
mean loss: 0.0003718221340787368
epoch 64
cost time 18.56 s
mean loss: 0.00037326949477310467
epoch 65
cost time 18.52 s
mean loss: 0.0003713674858563948
epoch 66
cost time 18.52 s
mean loss: 0.0003676496650104386
epoch 67
cost time 18.54 s
mean loss: 0.0003634900449227207
epoch 68
cost time 18.51 s
mean loss: 0.0003622325281538557
epoch 69
cost time 18.53 s
mean loss: 0.0003588448991153155
epoch 70
cost time 18.52 s
mean loss: 0.0003609819692141991
epoch 71
cost time 18.51 s
mean loss: 0.00035710162167354
epoch 72
cost time 18.33 s
mean loss: 0.0003519566560565969
epoch 73
cost time 18.15 s
mean loss: 0.00035185060578709937
epoch 74
cost time 18.36 s
mean loss: 0.0003488338199128341
epoch 75
cost time 18.19 s
mean loss: 0.0003470095743901628
epoch 76
cost time 18.51 s
mean loss: 0.00034468734959970296
epoch 77
cost time 18.47 s
mean loss: 0.00034607601808635507
epoch 78
cost time 18.47 s
mean loss: 0.00033987717299803553
epoch 79
cost time 18.50 s
mean loss: 0.00034071264170565656
epoch 80
cost time 18.48 s
mean loss: 0.0003380304025120375
epoch 81
cost time 18.48 s
mean loss: 0.00033777773238311627
epoch 82
cost time 18.46 s
mean loss: 0.0003390970315905366
epoch 83
cost time 18.44 s
mean loss: 0.000335961230894461
epoch 84
cost time 18.45 s
mean loss: 0.0003348064347345651
epoch 85
cost time 18.48 s
mean loss: 0.00033274410355802625
epoch 86
cost time 18.85 s
mean loss: 0.0003263583897611683
epoch 87
cost time 19.02 s
mean loss: 0.00032609822868862395
epoch 88
cost time 19.00 s
mean loss: 0.00032432669273367766
epoch 89
cost time 18.93 s
mean loss: 0.0003277799638698784
epoch 90
cost time 18.93 s
mean loss: 0.00032261297540892004
epoch 91
cost time 18.96 s
mean loss: 0.0003236537134735712
epoch 92
cost time 18.23 s
mean loss: 0.00031861664670238264
epoch 93
cost time 18.22 s
mean loss: 0.00031839361657294243
epoch 94
cost time 18.20 s
mean loss: 0.00032174950215612617
epoch 95
cost time 18.19 s
mean loss: 0.00031713765201517156
epoch 96
cost time 18.21 s
mean loss: 0.0003189670962724872
epoch 97
cost time 18.18 s
mean loss: 0.0003127920455044608
epoch 98
cost time 18.19 s
mean loss: 0.000312721403466693
epoch 99
cost time 18.21 s
mean loss: 0.0003134770939965193
epoch 100
cost time 18.21 s
mean loss: 0.0003102750221436931
epoch 101
cost time 18.21 s
mean loss: 0.00031138076765473426
epoch 102
cost time 18.20 s
mean loss: 0.0003072802566371004
epoch 103
cost time 18.23 s
mean loss: 0.00030678097024811854
epoch 104
cost time 18.27 s
mean loss: 0.00030313500532409756
epoch 105
cost time 18.52 s
mean loss: 0.000304156282919985
epoch 106
cost time 18.47 s
mean loss: 0.00030613128650892576
epoch 107
cost time 18.45 s
mean loss: 0.00030252689704620735
epoch 108
cost time 18.45 s
mean loss: 0.0003026541771517732
epoch 109
cost time 18.44 s
mean loss: 0.00030000765899483307
epoch 110
cost time 18.47 s
mean loss: 0.0002995604746940445
epoch 111
cost time 18.45 s
mean loss: 0.000299107526446985
epoch 112
cost time 18.43 s
mean loss: 0.0002982020147214241
epoch 113
cost time 18.50 s
mean loss: 0.0002941129055409616
epoch 114
cost time 18.43 s
mean loss: 0.00029566191894870014
epoch 115
cost time 18.40 s
mean loss: 0.0002944505172059969
epoch 116
cost time 18.43 s
mean loss: 0.0002949254404301827
epoch 117
cost time 18.40 s
mean loss: 0.0002962488721978431
epoch 118
cost time 18.40 s
mean loss: 0.00029384073448160495
epoch 119
cost time 18.41 s
mean loss: 0.00028948411260306566
epoch 120
cost time 18.39 s
mean loss: 0.00029159217782995857
epoch 121
cost time 18.53 s
mean loss: 0.00028800776106478054
epoch 122
cost time 18.43 s
mean loss: 0.00028968627022453263
epoch 123
cost time 18.44 s
mean loss: 0.00028627355652104786
epoch 124
cost time 18.40 s
mean loss: 0.00028432679773014876
epoch 125
cost time 18.41 s
mean loss: 0.0002847290064898102
epoch 126
cost time 18.41 s
mean loss: 0.00028474550825623054
epoch 127
cost time 18.40 s
mean loss: 0.00028522755103385514
epoch 128
cost time 18.38 s
mean loss: 0.0002840560459417388
epoch 129
cost time 18.35 s
mean loss: 0.00028354256761884805
epoch 130
cost time 18.30 s
mean loss: 0.00028117639416673203
epoch 131
cost time 18.32 s
mean loss: 0.00028165725115375344
epoch 132
cost time 18.54 s
mean loss: 0.00028526550860261975
epoch 133
cost time 18.36 s
mean loss: 0.00027806828530952565
epoch 134
cost time 18.40 s
mean loss: 0.0002781009386745754
epoch 135
cost time 18.36 s
mean loss: 0.0002776471109618716
epoch 136
cost time 18.35 s
mean loss: 0.0002787587197042003
epoch 137
cost time 18.39 s
mean loss: 0.00027726662540535107
epoch 138
cost time 18.37 s
mean loss: 0.0002749374329347369
epoch 139
cost time 18.34 s
mean loss: 0.00027856888819782847
epoch 140
cost time 18.35 s
mean loss: 0.0002750602683520259
epoch 141
cost time 18.34 s
mean loss: 0.00027837494808507043
epoch 142
cost time 18.36 s
mean loss: 0.0002747950456893248
epoch 143
cost time 18.35 s
mean loss: 0.0002740277284445535
epoch 144
cost time 18.37 s
mean loss: 0.00027425295896099964
epoch 145
cost time 18.39 s
mean loss: 0.00027184246459984764
epoch 146
cost time 18.44 s
mean loss: 0.0002716324925012575
epoch 147
cost time 18.35 s
mean loss: 0.00027144051175048033
epoch 148
cost time 18.38 s
mean loss: 0.00026950843566176346
epoch 149
cost time 18.39 s
mean loss: 0.0002692994972253743
epoch 150
cost time 18.48 s
mean loss: 0.00026782329183893343
epoch 151
cost time 18.40 s
mean loss: 0.00027054953375875765
epoch 152
cost time 18.42 s
mean loss: 0.00026868966724637584
epoch 153
cost time 18.39 s
mean loss: 0.00026758851198018115
epoch 154
cost time 18.63 s
mean loss: 0.0002675895300257756
epoch 155
cost time 18.94 s
mean loss: 0.00026501913368233876
epoch 156
cost time 18.95 s
mean loss: 0.0002662922113604496
epoch 157
cost time 18.96 s
mean loss: 0.00026728863355378953
epoch 158
cost time 18.96 s
mean loss: 0.00026953184676461436
epoch 159
cost time 18.94 s
mean loss: 0.0002652868286433239
epoch 160
cost time 18.92 s
mean loss: 0.0002634428641564017
epoch 161
cost time 18.89 s
mean loss: 0.00026351983372951813
epoch 162
cost time 18.94 s
mean loss: 0.0002632829805085777
epoch 163
cost time 18.91 s
mean loss: 0.00026281176948204856
epoch 164
cost time 18.92 s
mean loss: 0.0002622159842578407
epoch 165
cost time 18.94 s
mean loss: 0.0002612908562580169
epoch 166
cost time 18.58 s
mean loss: 0.00026078275482698427
epoch 167
cost time 18.33 s
mean loss: 0.0002610101995238015
epoch 168
cost time 18.35 s
mean loss: 0.0002602217179673992
epoch 169
cost time 18.34 s
mean loss: 0.0002622541143712289
epoch 170
cost time 18.34 s
mean loss: 0.0002604816349807183
epoch 171
cost time 18.35 s
mean loss: 0.0002589542185404671
epoch 172
cost time 18.31 s
mean loss: 0.000257705099379821
epoch 173
cost time 18.39 s
mean loss: 0.00026005697711273463
epoch 174
cost time 18.37 s
mean loss: 0.00025697791418786693
epoch 175
cost time 18.32 s
mean loss: 0.000255889145720771
epoch 176
cost time 18.35 s
mean loss: 0.0002573503889048495
epoch 177
cost time 18.38 s
mean loss: 0.00025796035026267493
epoch 178
cost time 18.43 s
mean loss: 0.0002560789215298404
epoch 179
cost time 18.38 s
mean loss: 0.0002557305286202167
epoch 180
cost time 18.42 s
mean loss: 0.00025376711772031913
epoch 181
cost time 18.36 s
mean loss: 0.0002539948996521592
epoch 182
cost time 18.35 s
mean loss: 0.0002545789940724471
epoch 183
cost time 18.40 s
mean loss: 0.0002545544200205336
epoch 184
cost time 18.41 s
mean loss: 0.00025355976756867094
epoch 185
cost time 18.35 s
mean loss: 0.0002539506872668033
epoch 186
cost time 18.33 s
mean loss: 0.0002541398334010986
epoch 187
cost time 18.35 s
mean loss: 0.0002534531559857458
epoch 188
cost time 18.35 s
mean loss: 0.00025246326711932056
epoch 189
cost time 18.34 s
mean loss: 0.00025149859788872443
epoch 190
cost time 18.34 s
mean loss: 0.0002513194281604111
epoch 191
cost time 18.39 s
mean loss: 0.0002517740395369499
epoch 192
cost time 18.33 s
mean loss: 0.00025070962504360867
epoch 193
cost time 18.33 s
mean loss: 0.00025329791118439626
epoch 194
cost time 18.39 s
mean loss: 0.00024909236728975787
epoch 195
cost time 18.36 s
mean loss: 0.0002491579541901467
epoch 196
cost time 18.38 s
mean loss: 0.00025100378690759553
epoch 197
cost time 18.39 s
mean loss: 0.00024785725752118356
epoch 198
cost time 18.40 s
mean loss: 0.0002494350832482561
epoch 199
cost time 18.40 s
mean loss: 0.00024790319280500027
epoch 200
cost time 18.39 s
mean loss: 0.0002502889647887915
epoch 201
cost time 18.43 s
mean loss: 0.0002463500825228895
epoch 202
cost time 18.40 s
mean loss: 0.0002481768738925851
epoch 203
cost time 18.37 s
mean loss: 0.00024819171127434686
epoch 204
cost time 18.36 s
mean loss: 0.00024804401297445853
epoch 205
cost time 18.39 s
mean loss: 0.00024720564652742645
epoch 206
cost time 18.35 s
mean loss: 0.00024590978655383855
epoch 207
cost time 18.31 s
mean loss: 0.00024642904239866487
epoch 208
cost time 18.33 s
mean loss: 0.0002458951114813772
epoch 209
cost time 18.36 s
mean loss: 0.00024641396468579827
epoch 210
cost time 18.37 s
mean loss: 0.00024602432936936567
epoch 211
cost time 18.37 s
mean loss: 0.00024708525516518816
epoch 212
cost time 18.35 s
mean loss: 0.0002457074019932467
epoch 213
cost time 18.32 s
mean loss: 0.0002445991467768594
epoch 214
cost time 18.34 s
mean loss: 0.0002451922280728937
epoch 215
cost time 18.37 s
mean loss: 0.00024650540940751776
epoch 216
cost time 18.34 s
mean loss: 0.00024345591276671386
epoch 217
cost time 18.44 s
mean loss: 0.00024278877427392866
epoch 218
cost time 18.37 s
mean loss: 0.0002428302727611102
epoch 219
cost time 18.35 s
mean loss: 0.00024422314132916117
epoch 220
cost time 18.34 s
mean loss: 0.00024303120861697268
epoch 221
cost time 18.34 s
mean loss: 0.00024462026443936334
epoch 222
cost time 18.32 s
mean loss: 0.0002427995447083285
epoch 223
cost time 18.34 s
mean loss: 0.00024175435895861753
epoch 224
cost time 18.39 s
mean loss: 0.00024053904026076885
epoch 225
cost time 18.37 s
mean loss: 0.000240905325855676
epoch 226
cost time 18.32 s
mean loss: 0.00024387968596124995
epoch 227
cost time 18.33 s
mean loss: 0.00024124341512831143
epoch 228
cost time 18.37 s
mean loss: 0.00024266374784435985
epoch 229
cost time 18.69 s
mean loss: 0.00024151716379828333
epoch 230
cost time 19.00 s
mean loss: 0.00024130883481773792
epoch 231
cost time 18.99 s
mean loss: 0.0002393079119240939
epoch 232
cost time 19.00 s
mean loss: 0.000240100672362659
epoch 233
cost time 19.01 s
mean loss: 0.00023881151885928563
epoch 234
cost time 19.05 s
mean loss: 0.0002390313887671879
epoch 235
cost time 19.06 s
mean loss: 0.00023858890225527378
epoch 236
cost time 19.07 s
mean loss: 0.00023833563250784843
epoch 237
cost time 19.07 s
mean loss: 0.0002381672745225975
epoch 238
cost time 19.08 s
mean loss: 0.00023982261581554406
epoch 239
cost time 19.06 s
mean loss: 0.0002379110179758629
epoch 240
cost time 19.03 s
mean loss: 0.00023921551912366737
epoch 241
cost time 19.07 s
mean loss: 0.00023892331115533884
epoch 242
cost time 19.03 s
mean loss: 0.00024041466181662393
epoch 243
cost time 19.01 s
mean loss: 0.00023843640042871652
epoch 244
cost time 19.04 s
mean loss: 0.00023787565669599987
epoch 245
cost time 19.01 s
mean loss: 0.0002387098641730046
epoch 246
cost time 19.01 s
mean loss: 0.00023665777463644443
epoch 247
cost time 19.03 s
mean loss: 0.00023826330357383372
epoch 248
cost time 18.94 s
mean loss: 0.00023792037940865502
epoch 249
cost time 18.97 s
mean loss: 0.00023454505349400023
epoch 250
cost time 18.94 s
mean loss: 0.00023718724282012791
epoch 251
cost time 18.97 s
mean loss: 0.00023594147057957488
epoch 252
cost time 18.94 s
mean loss: 0.00023650670684364637
epoch 253
cost time 18.42 s
mean loss: 0.00023627483135396453
epoch 254
cost time 18.39 s
mean loss: 0.00023529742314274952
epoch 255
cost time 18.41 s
mean loss: 0.00023725177212487126
epoch 256
cost time 18.43 s
mean loss: 0.00023519261770830227
epoch 257
cost time 18.54 s
mean loss: 0.0002355039054927359
epoch 258
cost time 18.33 s
mean loss: 0.00023619623814019155
epoch 259
cost time 18.36 s
mean loss: 0.00023443521669234312
epoch 260
cost time 18.20 s
mean loss: 0.00023513672275422663
epoch 261
cost time 18.51 s
mean loss: 0.00023549981370371039
epoch 262
cost time 18.47 s
mean loss: 0.00023421455259614918
epoch 263
cost time 17.73 s
mean loss: 0.00023457457207104882
epoch 264
cost time 18.88 s
mean loss: 0.00023602083142218322
epoch 265
cost time 18.80 s
mean loss: 0.00023445739933870195
epoch 266
cost time 18.27 s
mean loss: 0.00023536282516442293
epoch 267
cost time 17.92 s
mean loss: 0.00023441001162543705
epoch 268
cost time 17.93 s
mean loss: 0.0002341675066760105
epoch 269
cost time 17.94 s
mean loss: 0.00023565457274389722
epoch 270
cost time 17.91 s
mean loss: 0.00023451564368894633
epoch 271
cost time 17.92 s
mean loss: 0.00023439220557133102
epoch 272
cost time 18.50 s
mean loss: 0.00023459771417096379
epoch 273
cost time 19.22 s
mean loss: 0.00023575083195554486
epoch 274
cost time 19.61 s
mean loss: 0.0002314961282760891
epoch 275
cost time 19.24 s
mean loss: 0.0002346442842693264
epoch 276
cost time 19.45 s
mean loss: 0.00023394963625840697
epoch 277
cost time 19.46 s
mean loss: 0.00023259944033137073
epoch 278
cost time 19.52 s
mean loss: 0.00023157177802995253
epoch 279
cost time 19.56 s
mean loss: 0.00023435422064033967
epoch 280
cost time 19.49 s
mean loss: 0.0002331480319528893
epoch 281
cost time 19.84 s
mean loss: 0.00023190274774234602
epoch 282
cost time 19.90 s
mean loss: 0.00023221605376653066
epoch 283
cost time 19.92 s
mean loss: 0.00023168582008679603
epoch 284
cost time 19.90 s
mean loss: 0.00023245856503607373
epoch 285
cost time 19.94 s
mean loss: 0.00023258461025618072
epoch 286
cost time 19.64 s
mean loss: 0.00023075312883958333
epoch 287
cost time 19.46 s
mean loss: 0.00023233678090791996
epoch 288
cost time 19.52 s
mean loss: 0.00023128361409941389
epoch 289
cost time 19.67 s
mean loss: 0.0002319246798664971
epoch 290
cost time 19.74 s
mean loss: 0.0002305972877362601
epoch 291
cost time 19.57 s
mean loss: 0.00023191789622146891
epoch 292
cost time 19.65 s
mean loss: 0.00023021678390310553
epoch 293
cost time 19.59 s
mean loss: 0.0002309954717960555
epoch 294
cost time 19.64 s
mean loss: 0.0002311985183293259
epoch 295
cost time 19.87 s
mean loss: 0.00023003537702362078
epoch 296
cost time 20.01 s
mean loss: 0.0002312154905328374
epoch 297
cost time 20.03 s
mean loss: 0.00023225765825682915
epoch 298
cost time 20.06 s
mean loss: 0.00022988193298266267
epoch 299
cost time 20.05 s
mean loss: 0.00023005433325389512
epoch 300
cost time 20.03 s
mean loss: 0.00023115305601676984
epoch 301
cost time 20.02 s
mean loss: 0.00022983065018294398
epoch 302
cost time 20.01 s
mean loss: 0.00023082364872698279
epoch 303
cost time 20.03 s
mean loss: 0.00023151660386849888
epoch 304
cost time 20.02 s
mean loss: 0.00023099979159910196
epoch 305
cost time 20.08 s
mean loss: 0.00022961921401813565
epoch 306
cost time 20.06 s
mean loss: 0.0002300349559569124
epoch 307
cost time 20.08 s
mean loss: 0.0002294468604572585
epoch 308
cost time 20.05 s
mean loss: 0.0002285151188296639
epoch 309
cost time 20.06 s
mean loss: 0.0002287691468414032
epoch 310
cost time 20.04 s
mean loss: 0.0002287387361040521
epoch 311
cost time 20.04 s
mean loss: 0.0002296907159012937
epoch 312
cost time 20.04 s
mean loss: 0.00022960348265283002
epoch 313
cost time 20.06 s
mean loss: 0.00023084563968128204
epoch 314
cost time 20.05 s
mean loss: 0.000228863746485015
epoch 315
cost time 20.05 s
mean loss: 0.00022927415737488872
epoch 316
cost time 20.04 s
mean loss: 0.00022792533201172245
epoch 317
cost time 20.10 s
mean loss: 0.00022876344804879857
epoch 318
cost time 20.09 s
mean loss: 0.0002276775186202252
epoch 319
cost time 20.07 s
mean loss: 0.00022755349527274563
epoch 320
cost time 20.07 s
mean loss: 0.00022920749394911898
epoch 321
cost time 20.04 s
mean loss: 0.00023022103833138368
epoch 322
cost time 20.04 s
mean loss: 0.00022846298744034913
epoch 323
cost time 20.00 s
mean loss: 0.0002289766940119691
epoch 324
cost time 20.02 s
mean loss: 0.00022759057959393533
epoch 325
cost time 20.04 s
mean loss: 0.00022772488635947275
epoch 326
cost time 20.06 s
mean loss: 0.00022769269134573702
epoch 327
cost time 20.02 s
mean loss: 0.0002270059476610031
epoch 328
cost time 20.07 s
mean loss: 0.00022717692977700373
epoch 329
cost time 20.07 s
mean loss: 0.0002293499009984699
epoch 330
cost time 20.06 s
mean loss: 0.000227883515460765
epoch 331
cost time 20.07 s
mean loss: 0.00022768272610710843
epoch 332
cost time 20.07 s
mean loss: 0.00022629357369273966
epoch 333
cost time 20.08 s
mean loss: 0.0002278930374272381
epoch 334
cost time 20.07 s
mean loss: 0.00022688888209851157
epoch 335
cost time 20.07 s
mean loss: 0.0002265047586278138
epoch 336
cost time 20.06 s
mean loss: 0.00022677377690146397
epoch 337
cost time 20.07 s
mean loss: 0.0002269840580802844
epoch 338
cost time 20.04 s
mean loss: 0.0002269788337760405
epoch 339
cost time 20.05 s
mean loss: 0.0002281129379832835
epoch 340
cost time 20.06 s
mean loss: 0.00022632164948379016
epoch 341
cost time 20.05 s
mean loss: 0.00023004545426233368
epoch 342
cost time 20.06 s
mean loss: 0.00022714242498858323
epoch 343
cost time 20.06 s
mean loss: 0.00022720837179885858
epoch 344
cost time 20.04 s
mean loss: 0.0002277944801661165
epoch 345
cost time 20.09 s
mean loss: 0.0002269281440434027
epoch 346
cost time 20.06 s
mean loss: 0.00022723283641206974
epoch 347
cost time 20.08 s
mean loss: 0.00022577662070040374
epoch 348
cost time 20.03 s
mean loss: 0.0002258524836680583
epoch 349
cost time 20.07 s
mean loss: 0.00022703481188148775
epoch 350
cost time 20.07 s
mean loss: 0.00022716003435032222
epoch 351
cost time 20.06 s
mean loss: 0.0002258035435191956
epoch 352
cost time 20.09 s
mean loss: 0.00022516334925128047
epoch 353
cost time 20.06 s
mean loss: 0.00022618785631105885
epoch 354
cost time 20.05 s
mean loss: 0.00022704691034652986
epoch 355
cost time 19.95 s
mean loss: 0.00022681156674222763
epoch 356
cost time 20.01 s
mean loss: 0.00022615401361437184
epoch 357
cost time 19.98 s
mean loss: 0.0002263658219211114
epoch 358
cost time 19.48 s
mean loss: 0.00022493518821789757
epoch 359
cost time 19.43 s
mean loss: 0.00022519003718488059
epoch 360
cost time 19.50 s
mean loss: 0.00022655194363133485
epoch 361
cost time 19.51 s
mean loss: 0.00022470181564636187
epoch 362
cost time 19.47 s
mean loss: 0.00022513964069816608
epoch 363
cost time 19.54 s
mean loss: 0.00022600877610185561
epoch 364
cost time 19.53 s
mean loss: 0.0002295637088635396
epoch 365
cost time 19.56 s
mean loss: 0.00022609933767743238
epoch 366
cost time 19.66 s
mean loss: 0.0002259764471275015
epoch 367
cost time 19.61 s
mean loss: 0.0002263005401925493
epoch 368
cost time 19.55 s
mean loss: 0.0002264114737487224
epoch 369
cost time 19.57 s
mean loss: 0.00022373714732398488
epoch 370
cost time 19.61 s
mean loss: 0.0002250646948651389
epoch 371
cost time 19.56 s
mean loss: 0.00022555890408137316
epoch 372
cost time 19.64 s
mean loss: 0.00022486050039053146
epoch 373
cost time 19.59 s
mean loss: 0.00022457507937015527
epoch 374
cost time 19.59 s
mean loss: 0.00022509996521424036
epoch 375
cost time 19.56 s
mean loss: 0.0002243036580677867
epoch 376
cost time 19.45 s
mean loss: 0.00022456134214447925
epoch 377
cost time 19.53 s
mean loss: 0.00022456130034258906
epoch 378
cost time 19.50 s
mean loss: 0.0002235495733748011
epoch 379
cost time 19.48 s
mean loss: 0.0002266306903715552
epoch 380
cost time 19.54 s
mean loss: 0.00022441261766244173
epoch 381
cost time 19.47 s
mean loss: 0.00022410027619756937
epoch 382
cost time 19.67 s
mean loss: 0.000225371065598916
epoch 383
cost time 20.09 s
mean loss: 0.00022576146862582166
epoch 384
cost time 20.05 s
mean loss: 0.00022540203144863315
epoch 385
cost time 20.09 s
mean loss: 0.00022438430291111896
epoch 386
cost time 20.13 s
mean loss: 0.00022583354859214598
epoch 387
cost time 20.07 s
mean loss: 0.00022355815258602382
epoch 388
cost time 20.07 s
mean loss: 0.00022476480699598972
epoch 389
cost time 20.10 s
mean loss: 0.00022533316620379664
epoch 390
cost time 20.05 s
mean loss: 0.0002260121069767444
epoch 391
cost time 20.05 s
mean loss: 0.000223634737013008
epoch 392
cost time 20.07 s
mean loss: 0.00022320037359583385
epoch 393
cost time 20.07 s
mean loss: 0.000224989078586123
epoch 394
cost time 20.08 s
mean loss: 0.00022476118502837126
epoch 395
cost time 20.10 s
mean loss: 0.0002224847092789832
epoch 396
cost time 20.06 s
mean loss: 0.00022371406813950334
epoch 397
cost time 20.08 s
mean loss: 0.0002229344105882881
epoch 398
cost time 20.08 s
mean loss: 0.00022506894778312011
epoch 399
cost time 20.10 s
mean loss: 0.00022372529022072324
epoch 400
cost time 20.07 s
mean loss: 0.00022472790516901508
epoch 401
cost time 20.10 s
mean loss: 0.00022566696521601857
epoch 402
cost time 20.08 s
mean loss: 0.00022385886880542928
epoch 403
cost time 20.06 s
mean loss: 0.0002237417932525275
epoch 404
cost time 20.09 s
mean loss: 0.00022350094903447366
epoch 405
cost time 20.07 s
mean loss: 0.000224094204358216
epoch 406
cost time 20.10 s
mean loss: 0.00022421503280855602
epoch 407
cost time 20.11 s
mean loss: 0.00022374988576715578
epoch 408
cost time 20.02 s
mean loss: 0.00022437503005180059
epoch 409
cost time 20.04 s
mean loss: 0.0002250853296510112
epoch 410
cost time 20.09 s
mean loss: 0.00022410852984115334
epoch 411
cost time 19.66 s
mean loss: 0.00022369326106072354
epoch 412
cost time 19.49 s
mean loss: 0.00022527792077945753
epoch 413
cost time 19.43 s
mean loss: 0.0002235367239962372
epoch 414
cost time 19.45 s
mean loss: 0.00022397199897286594
epoch 415
cost time 19.49 s
mean loss: 0.00022384187610746027
epoch 416
cost time 19.49 s
mean loss: 0.00022307960361507562
epoch 417
cost time 19.46 s
mean loss: 0.00022535649397499273
epoch 418
cost time 19.46 s
mean loss: 0.00022345725898735957
epoch 419
cost time 19.43 s
mean loss: 0.00022346761057287447
epoch 420
cost time 19.49 s
mean loss: 0.00022366507027960894
epoch 421
cost time 19.44 s
mean loss: 0.00022335290227778402
epoch 422
cost time 19.41 s
mean loss: 0.00022378320026469634
epoch 423
cost time 19.47 s
mean loss: 0.00022206800643077848
epoch 424
cost time 19.44 s
mean loss: 0.0002231499625606057
epoch 425
cost time 19.44 s
mean loss: 0.00022403996728499764
epoch 426
cost time 19.46 s
mean loss: 0.00022484252284288685
epoch 427
cost time 19.41 s
mean loss: 0.00022496428523841172
epoch 428
cost time 19.42 s
mean loss: 0.00022229789117899889
epoch 429
cost time 19.49 s
mean loss: 0.00022440759854428443
epoch 430
cost time 19.51 s
mean loss: 0.00022258606532445137
epoch 431
cost time 19.56 s
mean loss: 0.00022347832300030602
epoch 432
cost time 19.51 s
mean loss: 0.0002241414183397094
epoch 433
cost time 19.50 s
mean loss: 0.0002233925159075661
epoch 434
cost time 19.56 s
mean loss: 0.00022338884339942485
epoch 435
cost time 19.74 s
mean loss: 0.00022333391025619319
epoch 436
cost time 19.51 s
mean loss: 0.0002236300358497764
epoch 437
cost time 19.57 s
mean loss: 0.00022184276723352645
epoch 438
cost time 19.51 s
mean loss: 0.000222396565743252
epoch 439
cost time 19.44 s
mean loss: 0.00022253964635783103
epoch 440
cost time 19.42 s
mean loss: 0.00022134735376637014
epoch 441
cost time 19.43 s
mean loss: 0.00022333317813634404
epoch 442
cost time 19.44 s
mean loss: 0.0002256540518301174
epoch 443
cost time 19.48 s
mean loss: 0.000221086406111444
epoch 444
cost time 19.55 s
mean loss: 0.00022295823674387216
epoch 445
cost time 19.50 s
mean loss: 0.00022081174914412289
epoch 446
cost time 19.56 s
mean loss: 0.00022273729639599716
epoch 447
cost time 19.58 s
mean loss: 0.00022403174492905187
epoch 448
cost time 19.48 s
mean loss: 0.0002211928080794388
epoch 449
cost time 19.55 s
mean loss: 0.00022159725620469353
epoch 450
cost time 19.60 s
mean loss: 0.00022290597693509605
epoch 451
cost time 19.22 s
mean loss: 0.00022275801999345308
epoch 452
cost time 19.21 s
mean loss: 0.0002223365816329658
epoch 453
cost time 19.46 s
mean loss: 0.00022385760022061927
epoch 454
cost time 20.09 s
mean loss: 0.00022268003997044742
epoch 455
cost time 19.91 s
mean loss: 0.0002222179432968912
epoch 456
cost time 19.20 s
mean loss: 0.00022206649702843914
epoch 457
cost time 19.27 s
mean loss: 0.00022152484751407377
epoch 458
cost time 19.40 s
mean loss: 0.00022195112889005278
epoch 459
cost time 20.03 s
mean loss: 0.00022141480133219463
epoch 460
cost time 20.08 s
mean loss: 0.0002216161165753318
epoch 461
cost time 20.11 s
mean loss: 0.00022169622353184707
epoch 462
cost time 20.08 s
mean loss: 0.00022187800960131546
epoch 463
cost time 20.08 s
mean loss: 0.0002229236363441302
epoch 464
cost time 20.07 s
mean loss: 0.00022274547736164267
epoch 465
cost time 20.07 s
mean loss: 0.00022274988316657617
epoch 466
cost time 20.07 s
mean loss: 0.00022349038071454297
epoch 467
cost time 20.08 s
mean loss: 0.00022141703037062226
epoch 468
cost time 20.07 s
mean loss: 0.00022264835257976293
epoch 469
cost time 20.07 s
mean loss: 0.0002211161768196428
epoch 470
cost time 20.07 s
mean loss: 0.00022155983797861778
epoch 471
cost time 20.05 s
mean loss: 0.00022281587550686212
epoch 472
cost time 20.09 s
mean loss: 0.00022226825077813263
epoch 473
cost time 20.04 s
mean loss: 0.0002212285258608155
epoch 474
cost time 20.09 s
mean loss: 0.00022251785780033124
epoch 475
cost time 20.08 s
mean loss: 0.0002231099202990242
epoch 476
cost time 20.07 s
mean loss: 0.00022196918201717483
epoch 477
cost time 20.07 s
mean loss: 0.00022185467987761835
epoch 478
cost time 20.02 s
mean loss: 0.0002217200232640376
epoch 479
cost time 20.10 s
mean loss: 0.00022308046450814935
epoch 480
cost time 20.06 s
mean loss: 0.00022256462615578295
epoch 481
cost time 20.09 s
mean loss: 0.00022249371707098176
epoch 482
cost time 20.07 s
mean loss: 0.00022340677135558463
epoch 483
cost time 20.08 s
mean loss: 0.00022225679894128807
epoch 484
cost time 20.06 s
mean loss: 0.00022243791189453555
epoch 485
cost time 20.05 s
mean loss: 0.0002214981521106266
epoch 486
cost time 20.04 s
mean loss: 0.0002215635066259774
epoch 487
cost time 20.06 s
mean loss: 0.00022219017312667463
epoch 488
cost time 20.08 s
mean loss: 0.00022201555189234107
epoch 489
cost time 20.12 s
mean loss: 0.00022159820592635872
epoch 490
cost time 20.08 s
mean loss: 0.00022016566965377195
epoch 491
cost time 20.08 s
mean loss: 0.00022151419615842486
epoch 492
cost time 20.07 s
mean loss: 0.00022204669670204233
epoch 493
cost time 20.07 s
mean loss: 0.00022112550348839247
epoch 494
cost time 20.06 s
mean loss: 0.00022139675890981247
epoch 495
cost time 20.02 s
mean loss: 0.00022052495505291988
epoch 496
cost time 20.08 s
mean loss: 0.00022219437597014813
epoch 497
cost time 20.05 s
mean loss: 0.00022264569350808917
epoch 498
cost time 20.09 s
mean loss: 0.0002224825330227128
epoch 499
cost time 20.08 s
mean loss: 0.00022193320578453143
epoch 500
cost time 20.07 s
mean loss: 0.00022196692186458904
Test filtered:
Number of data points: 118142
Hits @10: 0.8914611230553063
Hits @3: 0.8318802796634558
Hits @1: 0.7293341910582181
Mean rank: 38.98451863012307
Mean reciprocal rank: 0.7897476769571687

Test raw:
Number of data points: 118142
Hits @10: 0.5126373347327792
Hits @3: 0.2866296490663777
Hits @1: 0.14994667434104722
Mean rank: 186.3834030234802
Mean reciprocal rank: 0.26049269301397365
cost time 69.22 s
