06845599 _member_of_domain_usage 03754979 0 0 0 0
06845599 _member_of_domain_usage 03587715 0 0 0 0
08860123 _member_of_domain_usage 01252566 0 0 0 0
06845599 _member_of_domain_usage 03189995 0 0 0 0
06845599 _member_of_domain_usage 03739136 0 0 0 0
07105475 _member_of_domain_usage 15267945 0 0 0 0
06951067 _member_of_domain_usage 10589243 0 0 0 0
06295235 _member_of_domain_usage 03825080 0 0 0 0
06845599 _member_of_domain_usage 04011409 0 0 0 0
07105475 _member_of_domain_usage 00036580 0 0 0 0
06717170 _member_of_domain_usage 10076033 0 0 0 0
06845599 _member_of_domain_usage 04090064 0 0 0 0
07157273 _member_of_domain_usage 13769672 0 0 0 0
06295235 _member_of_domain_usage 04356056 0 0 0 0
06295235 _member_of_domain_usage 03688192 0 0 0 0
07075172 _member_of_domain_usage 08245425 0 0 0 0
06845599 _member_of_domain_usage 03048094 0 0 0 0
07124340 _member_of_domain_usage 00846021 0 0 0 0
06845599 _member_of_domain_usage 04135710 0 0 0 0
06605046 _member_of_domain_usage 00095873 0 0 0 0
06295235 _member_of_domain_usage 02887489 0 0 0 0
07075172 _member_of_domain_usage 00144722 0 0 0 0
06845599 _member_of_domain_usage 04527808 0 0 0 0
06845599 _member_of_domain_usage 03197804 0 0 0 0
