/m/05gg4 /american_football/football_team/current_roster./sports/sports_team_roster/position /m/02g_6j 11 1 0 1 0 1
/m/01y49 /american_football/football_team/current_roster./sports/sports_team_roster/position /m/02qpbqj 11 1 0 1 0 1
/m/01xvb /american_football/football_team/current_roster./sports/sports_team_roster/position /m/02g_7z 4 1 1 1 0 1
/m/0wsr /american_football/football_team/current_roster./sports/sports_team_roster/position /m/06b1q 9 1 1 1 0 1
/m/07l24 /american_football/football_team/current_roster./sports/sports_team_roster/position /m/02g_6x 8 1 1 1 0 1
/m/07k53y /american_football/football_team/current_roster./sports/sports_team_roster/position /m/047g8h 10 1 1 1 0 1
/m/04ls81 /american_football/football_team/current_roster./sports/sports_team_roster/position /m/01_9c1 10 1 1 1 0 1
/m/03gqb0k /american_football/football_team/current_roster./sports/sports_team_roster/position /m/047g8h 10 1 1 1 0 1
/m/01y3c /american_football/football_team/current_roster./sports/sports_team_roster/position /m/023wyl 11 1 0 1 0 1
/m/07kbp5 /american_football/football_team/current_roster./sports/sports_team_roster/position /m/047g8h 11 1 0 1 0 1
/m/0fsb_6 /american_football/football_team/current_roster./sports/sports_team_roster/position /m/01_9c1 10 1 1 1 0 1
/m/086hg9 /american_football/football_team/current_roster./sports/sports_team_roster/position /m/047g8h 10 1 1 1 0 1
/m/084l5 /american_football/football_team/current_roster./sports/sports_team_roster/position /m/06b1q 4 1 1 1 0 1
/m/07l24 /american_football/football_team/current_roster./sports/sports_team_roster/position /m/08ns5s 9 1 1 1 0 1
/m/0289q /american_football/football_team/current_roster./sports/sports_team_roster/position /m/02g_6j 10 1 1 1 0 1
/m/06x76 /american_football/football_team/current_roster./sports/sports_team_roster/position /m/02g_6x 9 1 1 1 0 1
/m/0bs09lb /american_football/football_team/current_roster./sports/sports_team_roster/position /m/02g_6x 5 1 1 1 0 1
/m/01y3v /american_football/football_team/current_roster./sports/sports_team_roster/position /m/02g_6j 10 1 1 1 0 1
/m/026lg0s /american_football/football_team/current_roster./sports/sports_team_roster/position /m/02g_6j 9 1 1 1 0 1
/m/01c_d /american_football/football_team/current_roster./sports/sports_team_roster/position /m/04nfpk 11 1 0 1 0 1
/m/01xvb /american_football/football_team/current_roster./sports/sports_team_roster/position /m/01_9c1 10 1 1 1 0 1
/m/06x76 /american_football/football_team/current_roster./sports/sports_team_roster/position /m/02g_7z 10 1 1 1 0 1
/m/07l24 /american_football/football_team/current_roster./sports/sports_team_roster/position /m/02qpbqj 11 1 0 1 0 1
/m/043tz8m /american_football/football_team/current_roster./sports/sports_team_roster/position /m/02g_7z 4 1 1 1 0 1
/m/0ft5vs /american_football/football_team/current_roster./sports/sports_team_roster/position /m/01_9c1 13 1 0 1 0 1
/m/0fgg8c /american_football/football_team/current_roster./sports/sports_team_roster/position /m/05b3ts 6 1 1 1 0 1
/m/057xkj_ /american_football/football_team/current_roster./sports/sports_team_roster/position /m/02g_6j 6 1 1 1 0 1
/m/0fht9f /american_football/football_team/current_roster./sports/sports_team_roster/position /m/08ns5s 7 1 1 1 0 1
/m/05g3v /american_football/football_team/current_roster./sports/sports_team_roster/position /m/02g_7z 8 1 1 1 0 1
/m/02pd1q9 /american_football/football_team/current_roster./sports/sports_team_roster/position /m/06b1q 3 1 1 1 0 1
/m/06x76 /american_football/football_team/current_roster./sports/sports_team_roster/position /m/02g_6j 11 1 0 1 0 1
/m/057xkj_ /american_football/football_team/current_roster./sports/sports_team_roster/position /m/02g_6x 4 1 1 1 0 1
/m/03wnh /american_football/football_team/current_roster./sports/sports_team_roster/position /m/02g_6x 2 1 1 1 0 1
/m/01lpx8 /american_football/football_team/current_roster./sports/sports_team_roster/position /m/06b1q 3 3 1 1 0 0
/m/0wsr /american_football/football_team/current_roster./sports/sports_team_roster/position /m/05b3ts 10 1 1 1 0 1
/m/05gg4 /american_football/football_team/current_roster./sports/sports_team_roster/position /m/04nfpk 10 1 1 1 0 1
/m/03lsq /american_football/football_team/current_roster./sports/sports_team_roster/position /m/02qpbqj 12 1 0 1 0 1
/m/026ldz7 /american_football/football_team/current_roster./sports/sports_team_roster/position /m/04nfpk 8 1 1 1 0 1
/m/01ct6 /american_football/football_team/current_roster./sports/sports_team_roster/position /m/047g8h 8 1 1 1 0 1
/m/01c_d /american_football/football_team/current_roster./sports/sports_team_roster/position /m/023wyl 9 1 1 1 0 1
/m/0fbtm7 /american_football/football_team/current_roster./sports/sports_team_roster/position /m/01_9c1 8 1 1 1 0 1
/m/01y49 /american_football/football_team/current_roster./sports/sports_team_roster/position /m/04nfpk 12 1 0 1 0 1
/m/05tfm /american_football/football_team/current_roster./sports/sports_team_roster/position /m/06b1q 8 1 1 1 0 1
/m/02px_23 /american_football/football_team/current_roster./sports/sports_team_roster/position /m/05b3ts 9 2 1 1 0 0
/m/03b3j /american_football/football_team/current_roster./sports/sports_team_roster/position /m/023wyl 9 1 1 1 0 1
/m/06rny /american_football/football_team/current_roster./sports/sports_team_roster/position /m/06b1q 10 1 1 1 0 1
/m/026lg0s /american_football/football_team/current_roster./sports/sports_team_roster/position /m/05zm34 5 1 1 1 0 1
/m/0487_ /american_football/football_team/current_roster./sports/sports_team_roster/position /m/06b1q 10 1 1 1 0 1
/m/02vklm3 /american_football/football_team/current_roster./sports/sports_team_roster/position /m/02g_6j 8 1 1 1 0 1
/m/02px_23 /american_football/football_team/current_roster./sports/sports_team_roster/position /m/02qpbqj 12 2 0 1 0 0
/m/07l24 /american_football/football_team/current_roster./sports/sports_team_roster/position /m/04nfpk 12 1 0 1 0 1
/m/07l24 /american_football/football_team/current_roster./sports/sports_team_roster/position /m/047g8h 10 1 1 1 0 1
/m/0ftccy /american_football/football_team/current_roster./sports/sports_team_roster/position /m/06b1q 1 1 1 1 1 1
/m/0487_ /american_football/football_team/current_roster./sports/sports_team_roster/position /m/02g_6j 11 1 0 1 0 1
/m/025_64l /american_football/football_team/current_roster./sports/sports_team_roster/position /m/08ns5s 6 2 1 1 0 0
/m/03wnh /american_football/football_team/current_roster./sports/sports_team_roster/position /m/04nfpk 11 1 0 1 0 1
/m/086hg9 /american_football/football_team/current_roster./sports/sports_team_roster/position /m/02g_6x 4 1 1 1 0 1
/m/06rny /american_football/football_team/current_roster./sports/sports_team_roster/position /m/023wyl 11 1 0 1 0 1
/m/025v26c /american_football/football_team/current_roster./sports/sports_team_roster/position /m/01r3hr 1 1 1 1 1 1
/m/07l2m /american_football/football_team/current_roster./sports/sports_team_roster/position /m/01_9c1 8 1 1 1 0 1
/m/05tfm /american_football/football_team/current_roster./sports/sports_team_roster/position /m/02g_6j 10 1 1 1 0 1
/m/026lg0s /american_football/football_team/current_roster./sports/sports_team_roster/position /m/04nfpk 10 1 1 1 0 1
/m/025v26c /american_football/football_team/current_roster./sports/sports_team_roster/position /m/05b3ts 7 1 1 1 0 1
/m/0bs09lb /american_football/football_team/current_roster./sports/sports_team_roster/position /m/01_9c1 8 2 1 1 0 0
/m/043tz8m /american_football/football_team/current_roster./sports/sports_team_roster/position /m/02g_6j 8 1 1 1 0 1
/m/06rpd /american_football/football_team/current_roster./sports/sports_team_roster/position /m/04nfpk 12 1 0 1 0 1
/m/02pd1q9 /american_football/football_team/current_roster./sports/sports_team_roster/position /m/05b3ts 13 1 0 1 0 1
/m/07k53y /american_football/football_team/current_roster./sports/sports_team_roster/position /m/02qpbqj 12 1 0 1 0 1
/m/057xkj_ /american_football/football_team/current_roster./sports/sports_team_roster/position /m/01_9c1 7 1 1 1 0 1
/m/026lg0s /american_football/football_team/current_roster./sports/sports_team_roster/position /m/02qpbqj 14 1 0 1 0 1
/m/043vc /american_football/football_team/current_roster./sports/sports_team_roster/position /m/05b3ts 10 1 1 1 0 1
/m/02pd1q9 /american_football/football_team/current_roster./sports/sports_team_roster/position /m/047g8h 12 1 0 1 0 1
/m/05tfm /american_football/football_team/current_roster./sports/sports_team_roster/position /m/02qpbqj 11 1 0 1 0 1
/m/0ws7 /american_football/football_team/current_roster./sports/sports_team_roster/position /m/047g8h 9 1 1 1 0 1
/m/02pd1q9 /american_football/football_team/current_roster./sports/sports_team_roster/position /m/04nfpk 10 1 1 1 0 1
/m/0fjzsy /american_football/football_team/current_roster./sports/sports_team_roster/position /m/02qpbqj 8 1 1 1 0 1
/m/02wvfxl /american_football/football_team/current_roster./sports/sports_team_roster/position /m/05zm34 5 1 1 1 0 1
/m/0289q /american_football/football_team/current_roster./sports/sports_team_roster/position /m/047g8h 9 1 1 1 0 1
