/m/09qvf4 /award/award_category/category_of /m/0gcf2r 1 1 1 1 1 1
/m/02gx2k /award/award_category/category_of /m/0c4ys 1 1 1 1 1 1
/m/02r771y /award/award_category/category_of /m/02r771y 1 1 1 1 1 1
/m/0223xd /award/award_category/category_of /m/0223xd 1 1 1 1 1 1
/m/024_dt /award/award_category/category_of /m/0c4ys 1 1 1 1 1 1
/m/05kjlr /award/award_category/category_of /m/05kjlr 0 0 0 0
/m/0l8z1 /award/award_category/category_of /m/0g_w 1 1 1 1 1 1
/m/01pqx6 /award/award_category/category_of /m/01pqx6 1 1 1 1 1 1
/m/025mb9 /award/award_category/category_of /m/0c4ys 1 1 1 1 1 1
/m/0gs9p /award/award_category/category_of /m/0g_w 1 1 1 1 1 1
/m/025m8l /award/award_category/category_of /m/0c4ys 1 1 1 1 1 1
/m/09qs08 /award/award_category/category_of /m/0gcf2r 1 1 1 1 1 1
/m/02v703 /award/award_category/category_of /m/0c4ys 1 1 1 1 1 1
/m/02fm4d /award/award_category/category_of /m/0c4ys 1 1 1 1 1 1
/m/07z2lx /award/award_category/category_of /m/0gcf2r 1 1 1 1 1 1
/m/0248jb /award/award_category/category_of /m/0c4ys 1 1 1 1 1 1
/m/0gr42 /award/award_category/category_of /m/0g_w 1 1 1 1 1 1
/m/047byns /award/award_category/category_of /m/0gcf2r 1 1 1 1 1 1
/m/045xh /award/award_category/category_of /m/045xh 1 1 1 1 1 1
/m/0gqyl /award/award_category/category_of /m/0g_w 1 1 1 1 1 1
