/m/09306z /award/award_ceremony/awards_presented./award/award_honor/honored_for /m/0sxkh 2 1 1 1 0 1
/m/058m5m4 /award/award_ceremony/awards_presented./award/award_honor/honored_for /m/02rzdcp 3 1 1 1 0 1
/m/03gt46z /award/award_ceremony/awards_presented./award/award_honor/honored_for /m/0d68qy 2 1 1 1 0 1
/m/058m5m4 /award/award_ceremony/awards_presented./award/award_honor/honored_for /m/03cv_gy 2 1 1 1 0 1
/m/05c1t6z /award/award_ceremony/awards_presented./award/award_honor/honored_for /m/04110lv 18 1 0 1 0 1
/m/0bz6sb /award/award_ceremony/awards_presented./award/award_honor/honored_for /m/01fx4k 2 1 1 1 0 1
/m/02yv_b /award/award_ceremony/awards_presented./award/award_honor/honored_for /m/07xvf 4 1 1 1 0 1
/m/058m5m4 /award/award_ceremony/awards_presented./award/award_honor/honored_for /m/04p5cr 4 1 1 1 0 1
/m/0jt3qpk /award/award_ceremony/awards_presented./award/award_honor/honored_for /m/01b65l 6 1 1 1 0 1
/m/0hhtgcw /award/award_ceremony/awards_presented./award/award_honor/honored_for /m/05sy2k_ 7 1 1 1 0 1
/m/09qftb /award/award_ceremony/awards_presented./award/award_honor/honored_for /m/011ypx 26 18 0 0 0 0
/m/0fk0xk /award/award_ceremony/awards_presented./award/award_honor/honored_for /m/0cwy47 2 1 1 1 0 1
/m/0clfdj /award/award_ceremony/awards_presented./award/award_honor/honored_for /m/017z49 2 1 1 1 0 1
/m/0fqpc7d /award/award_ceremony/awards_presented./award/award_honor/honored_for /m/03d34x8 10 4 1 1 0 0
/m/0n8_m93 /award/award_ceremony/awards_presented./award/award_honor/honored_for /m/0gvvm6l 3 1 1 1 0 1
/m/0bxs_d /award/award_ceremony/awards_presented./award/award_honor/honored_for /m/0ph24 6962 6956 0 0 0 0
/m/0hn821n /award/award_ceremony/awards_presented./award/award_honor/honored_for /m/05zr0xl 1 1 1 1 1 1
/m/0c53zb /award/award_ceremony/awards_presented./award/award_honor/honored_for /m/0kvb6p 3 1 1 1 0 1
/m/03nnm4t /award/award_ceremony/awards_presented./award/award_honor/honored_for /m/01b_lz 28 12 0 0 0 0
/m/0bzknt /award/award_ceremony/awards_presented./award/award_honor/honored_for /m/0pd64 1 1 1 1 1 1
/m/02yvhx /award/award_ceremony/awards_presented./award/award_honor/honored_for /m/0qm8b 2 1 1 1 0 1
/m/04110lv /award/award_ceremony/awards_presented./award/award_honor/honored_for /m/03hmt9b 9 4 1 1 0 0
/m/0ftlkg /award/award_ceremony/awards_presented./award/award_honor/honored_for /m/02psgq 1530 1526 0 0 0 0
/m/073h9x /award/award_ceremony/awards_presented./award/award_honor/honored_for /m/01zfzb 5 1 1 1 0 1
/m/0bzkgg /award/award_ceremony/awards_presented./award/award_honor/honored_for /m/01jc6q 1 1 1 1 1 1
/m/0dthsy /award/award_ceremony/awards_presented./award/award_honor/honored_for /m/0cqnss 2 1 1 1 0 1
/m/09bymc /award/award_ceremony/awards_presented./award/award_honor/honored_for /m/03ln8b 4 1 1 1 0 1
/m/04110lv /award/award_ceremony/awards_presented./award/award_honor/honored_for /m/0btpm6 2 1 1 1 0 1
/m/05q7cj /award/award_ceremony/awards_presented./award/award_honor/honored_for /m/011ydl 6 1 1 1 0 1
/m/0275n3y /award/award_ceremony/awards_presented./award/award_honor/honored_for /m/042fgh 11 2 0 1 0 0
/m/0bzjvm /award/award_ceremony/awards_presented./award/award_honor/honored_for /m/0jyb4 3 1 1 1 0 1
/m/026kq4q /award/award_ceremony/awards_presented./award/award_honor/honored_for /m/0jzw 1 1 1 1 1 1
/m/0bzm81 /award/award_ceremony/awards_presented./award/award_honor/honored_for /m/03hj3b3 3 1 1 1 0 1
/m/0hndn2q /award/award_ceremony/awards_presented./award/award_honor/honored_for /m/0g9zljd 9 1 1 1 0 1
/m/0bzkvd /award/award_ceremony/awards_presented./award/award_honor/honored_for /m/0cq86w 1 1 1 1 1 1
/m/0c4hx0 /award/award_ceremony/awards_presented./award/award_honor/honored_for /m/0cq7kw 1 1 1 1 1 1
/m/026kqs9 /award/award_ceremony/awards_presented./award/award_honor/honored_for /m/03pc89 67 63 0 0 0 0
/m/09gkdln /award/award_ceremony/awards_presented./award/award_honor/honored_for /m/0416y94 2 1 1 1 0 1
/m/0275n3y /award/award_ceremony/awards_presented./award/award_honor/honored_for /m/01_mdl 4 1 1 1 0 1
/m/09v0p2c /award/award_ceremony/awards_presented./award/award_honor/honored_for /m/02rzdcp 2 1 1 1 0 1
/m/0h_cssd /award/award_ceremony/awards_presented./award/award_honor/honored_for /m/0g4pl7z 3 1 1 1 0 1
/m/0gx_st /award/award_ceremony/awards_presented./award/award_honor/honored_for /m/0hz55 2 1 1 1 0 1
/m/0hr3c8y /award/award_ceremony/awards_presented./award/award_honor/honored_for /m/0gmcwlb 7708 7703 0 0 0 0
/m/027hjff /award/award_ceremony/awards_presented./award/award_honor/honored_for /m/0bbm7r 2 1 1 1 0 1
/m/0bx6zs /award/award_ceremony/awards_presented./award/award_honor/honored_for /m/01q_y0 3 1 1 1 0 1
/m/0hhtgcw /award/award_ceremony/awards_presented./award/award_honor/honored_for /m/0bh8yn3 3 1 1 1 0 1
/m/07y9ts /award/award_ceremony/awards_presented./award/award_honor/honored_for /m/01j7mr 1 1 1 1 1 1
/m/0g55tzk /award/award_ceremony/awards_presented./award/award_honor/honored_for /m/080dwhx 3 1 1 1 0 1
/m/073hkh /award/award_ceremony/awards_presented./award/award_honor/honored_for /m/0k2cb 9 5 1 1 0 0
/m/03gyp30 /award/award_ceremony/awards_presented./award/award_honor/honored_for /m/0d68qy 1 1 1 1 1 1
/m/05hmp6 /award/award_ceremony/awards_presented./award/award_honor/honored_for /m/0jswp 1 1 1 1 1 1
/m/0bx6zs /award/award_ceremony/awards_presented./award/award_honor/honored_for /m/01rp13 5 1 1 1 0 1
/m/0bvfqq /award/award_ceremony/awards_presented./award/award_honor/honored_for /m/078sj4 7 1 1 1 0 1
/m/0bvfqq /award/award_ceremony/awards_presented./award/award_honor/honored_for /m/05sy_5 4 1 1 1 0 1
/m/03gt46z /award/award_ceremony/awards_presented./award/award_honor/honored_for /m/02rv_dz 4 1 1 1 0 1
/m/07y_p6 /award/award_ceremony/awards_presented./award/award_honor/honored_for /m/0266s9 3 1 1 1 0 1
/m/02hn5v /award/award_ceremony/awards_presented./award/award_honor/honored_for /m/01chpn 3 1 1 1 0 1
/m/0fqpc7d /award/award_ceremony/awards_presented./award/award_honor/honored_for /m/07s846j 1 1 1 1 1 1
/m/073hgx /award/award_ceremony/awards_presented./award/award_honor/honored_for /m/01hp5 4 1 1 1 0 1
/m/03gt46z /award/award_ceremony/awards_presented./award/award_honor/honored_for /m/02rzdcp 2 1 1 1 0 1
/m/0gkxgfq /award/award_ceremony/awards_presented./award/award_honor/honored_for /m/01b66t 2 1 1 1 0 1
/m/0bq_mx /award/award_ceremony/awards_presented./award/award_honor/honored_for /m/06929s 5 1 1 1 0 1
/m/092t4b /award/award_ceremony/awards_presented./award/award_honor/honored_for /m/09m6kg 5 1 1 1 0 1
/m/02pgky2 /award/award_ceremony/awards_presented./award/award_honor/honored_for /m/0ds11z 4 1 1 1 0 1
/m/027n06w /award/award_ceremony/awards_presented./award/award_honor/honored_for /m/0kfv9 1 1 1 1 1 1
/m/09306z /award/award_ceremony/awards_presented./award/award_honor/honored_for /m/0k2m6 3 1 1 1 0 1
/m/09bymc /award/award_ceremony/awards_presented./award/award_honor/honored_for /m/072kp 8 1 1 1 0 1
/m/09p30_ /award/award_ceremony/awards_presented./award/award_honor/honored_for /m/0l76z 5 1 1 1 0 1
/m/0n8_m93 /award/award_ceremony/awards_presented./award/award_honor/honored_for /m/0407yfx 5 1 1 1 0 1
/m/0hr3c8y /award/award_ceremony/awards_presented./award/award_honor/honored_for /m/0h3mh3q 13 10 0 1 0 0
/m/0gx_st /award/award_ceremony/awards_presented./award/award_honor/honored_for /m/05lfwd 10 1 1 1 0 1
/m/0hhtgcw /award/award_ceremony/awards_presented./award/award_honor/honored_for /m/09v8clw 3 1 1 1 0 1
/m/0bzm__ /award/award_ceremony/awards_presented./award/award_honor/honored_for /m/0sxfd 2 1 1 1 0 1
/m/09v0p2c /award/award_ceremony/awards_presented./award/award_honor/honored_for /m/0404j37 5 1 1 1 0 1
/m/04n2r9h /award/award_ceremony/awards_presented./award/award_honor/honored_for /m/02w9k1c 8 1 1 1 0 1
/m/09gkdln /award/award_ceremony/awards_presented./award/award_honor/honored_for /m/02pqs8l 2 1 1 1 0 1
/m/027n06w /award/award_ceremony/awards_presented./award/award_honor/honored_for /m/0h1x5f 3 1 1 1 0 1
/m/05c1t6z /award/award_ceremony/awards_presented./award/award_honor/honored_for /m/07s8z_l 10 1 1 1 0 1
/m/03gwpw2 /award/award_ceremony/awards_presented./award/award_honor/honored_for /m/0fh694 6 1 1 1 0 1
/m/0bq_mx /award/award_ceremony/awards_presented./award/award_honor/honored_for /m/05lfwd 3 1 1 1 0 1
/m/09p3h7 /award/award_ceremony/awards_presented./award/award_honor/honored_for /m/0194zl 5 1 1 1 0 1
/m/02yw5r /award/award_ceremony/awards_presented./award/award_honor/honored_for /m/07cz2 4 1 1 1 0 1
/m/07z31v /award/award_ceremony/awards_presented./award/award_honor/honored_for /m/01j7mr 1 1 1 1 1 1
/m/02q690_ /award/award_ceremony/awards_presented./award/award_honor/honored_for /m/0kfv9 3 1 1 1 0 1
/m/02yxh9 /award/award_ceremony/awards_presented./award/award_honor/honored_for /m/037q31 7730 7726 0 0 0 0
/m/03nnm4t /award/award_ceremony/awards_presented./award/award_honor/honored_for /m/03g9xj 14 1 0 1 0 1
/m/05c1t6z /award/award_ceremony/awards_presented./award/award_honor/honored_for /m/03nt59 9 1 1 1 0 1
/m/05zksls /award/award_ceremony/awards_presented./award/award_honor/honored_for /m/063ykwt 3 1 1 1 0 1
/m/02yw5r /award/award_ceremony/awards_presented./award/award_honor/honored_for /m/098s2w 4 1 1 1 0 1
/m/0gvstc3 /award/award_ceremony/awards_presented./award/award_honor/honored_for /m/04kzqz 6 1 1 1 0 1
/m/0hhtgcw /award/award_ceremony/awards_presented./award/award_honor/honored_for /m/0c1sgd3 7 1 1 1 0 1
/m/03gwpw2 /award/award_ceremony/awards_presented./award/award_honor/honored_for /m/02rzdcp 9 1 1 1 0 1
/m/0bzkvd /award/award_ceremony/awards_presented./award/award_honor/honored_for /m/02ptczs 5 1 1 1 0 1
/m/0n8_m93 /award/award_ceremony/awards_presented./award/award_honor/honored_for /m/0gwjw0c 3 1 1 1 0 1
/m/0418154 /award/award_ceremony/awards_presented./award/award_honor/honored_for /m/027s39y 3 1 1 1 0 1
/m/09p2r9 /award/award_ceremony/awards_presented./award/award_honor/honored_for /m/030k94 12 4 0 1 0 0
/m/0gx_st /award/award_ceremony/awards_presented./award/award_honor/honored_for /m/01kt_j 10 1 1 1 0 1
/m/0fy59t /award/award_ceremony/awards_presented./award/award_honor/honored_for /m/04mzf8 3 1 1 1 0 1
/m/026kq4q /award/award_ceremony/awards_presented./award/award_honor/honored_for /m/0p_tz 7 1 1 1 0 1
/m/09v0p2c /award/award_ceremony/awards_presented./award/award_honor/honored_for /m/0d68qy 1 1 1 1 1 1
/m/05c1t6z /award/award_ceremony/awards_presented./award/award_honor/honored_for /m/06y_n 3 1 1 1 0 1
/m/0hndn2q /award/award_ceremony/awards_presented./award/award_honor/honored_for /m/0h3mh3q 8 1 1 1 0 1
/m/058m5m4 /award/award_ceremony/awards_presented./award/award_honor/honored_for /m/03cvvlg 22 15 0 0 0 0
/m/0gvstc3 /award/award_ceremony/awards_presented./award/award_honor/honored_for /m/05lfwd 5 1 1 1 0 1
/m/09k5jh7 /award/award_ceremony/awards_presented./award/award_honor/honored_for /m/09hy79 12220 12215 0 0 0 0
/m/09k5jh7 /award/award_ceremony/awards_presented./award/award_honor/honored_for /m/0581vn8 5 1 1 1 0 1
/m/0drtv8 /award/award_ceremony/awards_presented./award/award_honor/honored_for /m/08nvyr 5 1 1 1 0 1
/m/073hkh /award/award_ceremony/awards_presented./award/award_honor/honored_for /m/0yyg4 6225 6220 0 0 0 0
/m/09bymc /award/award_ceremony/awards_presented./award/award_honor/honored_for /m/04qk12 8 1 1 1 0 1
/m/05zksls /award/award_ceremony/awards_presented./award/award_honor/honored_for /m/0416y94 4 1 1 1 0 1
/m/03tn9w /award/award_ceremony/awards_presented./award/award_honor/honored_for /m/015qqg 5 1 1 1 0 1
/m/03gwpw2 /award/award_ceremony/awards_presented./award/award_honor/honored_for /m/03_gz8 91 77 0 0 0 0
/m/0clfdj /award/award_ceremony/awards_presented./award/award_honor/honored_for /m/03176f 6 1 1 1 0 1
/m/05q7cj /award/award_ceremony/awards_presented./award/award_honor/honored_for /m/011yg9 11 5 0 1 0 0
/m/09pnw5 /award/award_ceremony/awards_presented./award/award_honor/honored_for /m/0gpx6 6 1 1 1 0 1
/m/03nnm4t /award/award_ceremony/awards_presented./award/award_honor/honored_for /m/043mk4y 6 1 1 1 0 1
/m/03gwpw2 /award/award_ceremony/awards_presented./award/award_honor/honored_for /m/0dt8xq 10 1 1 1 0 1
/m/0bzjgq /award/award_ceremony/awards_presented./award/award_honor/honored_for /m/09d3b7 1 1 1 1 1 1
/m/09bymc /award/award_ceremony/awards_presented./award/award_honor/honored_for /m/02wgk1 8 1 1 1 0 1
/m/0bxs_d /award/award_ceremony/awards_presented./award/award_honor/honored_for /m/015g28 11 6 0 1 0 0
/m/05c1t6z /award/award_ceremony/awards_presented./award/award_honor/honored_for /m/0828jw 12 1 0 1 0 1
