/m/0h_cssd /award/award_ceremony/awards_presented./award/award_honor/award_winner /m/0h0wc 2 1 1 1 0 1
/m/0275n3y /award/award_ceremony/awards_presented./award/award_honor/award_winner /m/08yx9q 34 19 0 0 0 0
/m/0275n3y /award/award_ceremony/awards_presented./award/award_honor/award_winner /m/0hvb2 7 1 1 1 0 1
/m/092_25 /award/award_ceremony/awards_presented./award/award_honor/award_winner /m/02lfns 5 1 1 1 0 1
/m/07z31v /award/award_ceremony/awards_presented./award/award_honor/award_winner /m/02ct_k 2 1 1 1 0 1
/m/0bzk8w /award/award_ceremony/awards_presented./award/award_honor/award_winner /m/01vsps 5 1 1 1 0 1
/m/0hndn2q /award/award_ceremony/awards_presented./award/award_honor/award_winner /m/04cl1 9 1 1 1 0 1
/m/0g55tzk /award/award_ceremony/awards_presented./award/award_honor/award_winner /m/02l6dy 6 1 1 1 0 1
/m/05zksls /award/award_ceremony/awards_presented./award/award_honor/award_winner /m/03_gd 1 1 1 1 1 1
/m/09p2r9 /award/award_ceremony/awards_presented./award/award_honor/award_winner /m/02zfdp 2 1 1 1 0 1
/m/0bx6zs /award/award_ceremony/awards_presented./award/award_honor/award_winner /m/05gp3x 6 1 1 1 0 1
/m/01mhwk /award/award_ceremony/awards_presented./award/award_honor/award_winner /m/01wp8w7 6 1 1 1 0 1
/m/01s695 /award/award_ceremony/awards_presented./award/award_honor/award_winner /m/0z05l 2 1 1 1 0 1
/m/026kq4q /award/award_ceremony/awards_presented./award/award_honor/award_winner /m/02qlkc3 6 1 1 1 0 1
/m/026kq4q /award/award_ceremony/awards_presented./award/award_honor/award_winner /m/0q9kd 9 1 1 1 0 1
/m/05pd94v /award/award_ceremony/awards_presented./award/award_honor/award_winner /m/05q9g1 5 1 1 1 0 1
/m/03nnm4t /award/award_ceremony/awards_presented./award/award_honor/award_winner /m/05cj4r 18 1 0 1 0 1
/m/0drtv8 /award/award_ceremony/awards_presented./award/award_honor/award_winner /m/013pk3 54 40 0 0 0 0
/m/0466p0j /award/award_ceremony/awards_presented./award/award_honor/award_winner /m/01vvyvk 6 1 1 1 0 1
/m/0bq_mx /award/award_ceremony/awards_presented./award/award_honor/award_winner /m/09hd6f 5 1 1 1 0 1
/m/092t4b /award/award_ceremony/awards_presented./award/award_honor/award_winner /m/06j8wx 3 1 1 1 0 1
/m/09n4nb /award/award_ceremony/awards_presented./award/award_honor/award_winner /m/01hmk9 6 1 1 1 0 1
/m/02yw5r /award/award_ceremony/awards_presented./award/award_honor/award_winner /m/048lv 12 6 0 1 0 0
/m/03gyp30 /award/award_ceremony/awards_presented./award/award_honor/award_winner /m/01dy7j 6 1 1 1 0 1
/m/0n8_m93 /award/award_ceremony/awards_presented./award/award_honor/award_winner /m/016yvw 8 1 1 1 0 1
/m/073hmq /award/award_ceremony/awards_presented./award/award_honor/award_winner /m/0kjgl 3 1 1 1 0 1
/m/0jt3qpk /award/award_ceremony/awards_presented./award/award_honor/award_winner /m/09pl3f 9 1 1 1 0 1
/m/0jzphpx /award/award_ceremony/awards_presented./award/award_honor/award_winner /m/01vvydl 9603 9590 0 0 0 0
/m/0c53zb /award/award_ceremony/awards_presented./award/award_honor/award_winner /m/05v1sb 3 1 1 1 0 1
/m/027n06w /award/award_ceremony/awards_presented./award/award_honor/award_winner /m/026dg51 8 1 1 1 0 1
/m/09qvms /award/award_ceremony/awards_presented./award/award_honor/award_winner /m/038g2x 8 1 1 1 0 1
/m/02cg41 /award/award_ceremony/awards_presented./award/award_honor/award_winner /m/04vrxh 1 1 1 1 1 1
/m/07z31v /award/award_ceremony/awards_presented./award/award_honor/award_winner /m/04ns3gy 11 1 0 1 0 1
/m/013b2h /award/award_ceremony/awards_presented./award/award_honor/award_winner /m/01mskc3 13 1 0 1 0 1
/m/01bx35 /award/award_ceremony/awards_presented./award/award_honor/award_winner /m/06rgq 3 1 1 1 0 1
/m/0275n3y /award/award_ceremony/awards_presented./award/award_honor/award_winner /m/0dvmd 1 1 1 1 1 1
/m/0dth6b /award/award_ceremony/awards_presented./award/award_honor/award_winner /m/0p50v 2 1 1 1 0 1
/m/0bzm__ /award/award_ceremony/awards_presented./award/award_honor/award_winner /m/03xp8d5 5 1 1 1 0 1
/m/073h1t /award/award_ceremony/awards_presented./award/award_honor/award_winner /m/01pcq3 5 1 1 1 0 1
/m/09qvms /award/award_ceremony/awards_presented./award/award_honor/award_winner /m/030znt 5 1 1 1 0 1
/m/0gpjbt /award/award_ceremony/awards_presented./award/award_honor/award_winner /m/01vs_v8 3 1 1 1 0 1
/m/019bk0 /award/award_ceremony/awards_presented./award/award_honor/award_winner /m/01t110 2 1 1 1 0 1
/m/056878 /award/award_ceremony/awards_presented./award/award_honor/award_winner /m/018ndc 11 1 0 1 0 1
/m/073hd1 /award/award_ceremony/awards_presented./award/award_honor/award_winner /m/01cbt3 5 1 1 1 0 1
/m/01bx35 /award/award_ceremony/awards_presented./award/award_honor/award_winner /m/03f1d47 10 1 1 1 0 1
/m/0gx_st /award/award_ceremony/awards_presented./award/award_honor/award_winner /m/09_99w 4 1 1 1 0 1
/m/0hhtgcw /award/award_ceremony/awards_presented./award/award_honor/award_winner /m/03y82t6 2 1 1 1 0 1
/m/0dth6b /award/award_ceremony/awards_presented./award/award_honor/award_winner /m/0gl88b 4 1 1 1 0 1
/m/0bzm__ /award/award_ceremony/awards_presented./award/award_honor/award_winner /m/09rp4r_ 6 1 1 1 0 1
/m/0hn821n /award/award_ceremony/awards_presented./award/award_honor/award_winner /m/01j7rd 3 1 1 1 0 1
/m/0bvhz9 /award/award_ceremony/awards_presented./award/award_honor/award_winner /m/015grj 6 1 1 1 0 1
/m/0drtv8 /award/award_ceremony/awards_presented./award/award_honor/award_winner /m/016ywr 9 1 1 1 0 1
/m/02cg41 /award/award_ceremony/awards_presented./award/award_honor/award_winner /m/01k_mc 34 23 0 0 0 0
/m/0g55tzk /award/award_ceremony/awards_presented./award/award_honor/award_winner /m/03f1zdw 5 1 1 1 0 1
/m/0h_cssd /award/award_ceremony/awards_presented./award/award_honor/award_winner /m/095zvfg 6 3 1 1 0 0
/m/02hn5v /award/award_ceremony/awards_presented./award/award_honor/award_winner /m/03mfqm 6 1 1 1 0 1
/m/09gkdln /award/award_ceremony/awards_presented./award/award_honor/award_winner /m/026c1 9 1 1 1 0 1
/m/01mhwk /award/award_ceremony/awards_presented./award/award_honor/award_winner /m/01vsykc 8 1 1 1 0 1
/m/0hhtgcw /award/award_ceremony/awards_presented./award/award_honor/award_winner /m/06mt91 2 1 1 1 0 1
/m/0hn821n /award/award_ceremony/awards_presented./award/award_honor/award_winner /m/0pyww 8 1 1 1 0 1
/m/09q_6t /award/award_ceremony/awards_presented./award/award_honor/award_winner /m/0hwbd 7 1 1 1 0 1
/m/027hjff /award/award_ceremony/awards_presented./award/award_honor/award_winner /m/0cnl1c 49 33 0 0 0 0
/m/0hndn2q /award/award_ceremony/awards_presented./award/award_honor/award_winner /m/09zmys 9 1 1 1 0 1
/m/0clfdj /award/award_ceremony/awards_presented./award/award_honor/award_winner /m/015rkw 4 1 1 1 0 1
/m/0fqpc7d /award/award_ceremony/awards_presented./award/award_honor/award_winner /m/0pyg6 2101 2092 0 0 0 0
/m/073h1t /award/award_ceremony/awards_presented./award/award_honor/award_winner /m/0133sq 11634 11624 0 0 0 0
/m/0bq_mx /award/award_ceremony/awards_presented./award/award_honor/award_winner /m/06y9bd 4 1 1 1 0 1
/m/013b2h /award/award_ceremony/awards_presented./award/award_honor/award_winner /m/02f1c 8 1 1 1 0 1
/m/0h_9252 /award/award_ceremony/awards_presented./award/award_honor/award_winner /m/04cw0j 1 1 1 1 1 1
/m/09bymc /award/award_ceremony/awards_presented./award/award_honor/award_winner /m/02p65p 1 1 1 1 1 1
/m/01s695 /award/award_ceremony/awards_presented./award/award_honor/award_winner /m/086qd 7 1 1 1 0 1
/m/09q_6t /award/award_ceremony/awards_presented./award/award_honor/award_winner /m/09fb5 11 1 0 1 0 1
/m/05pd94v /award/award_ceremony/awards_presented./award/award_honor/award_winner /m/01xdf5 5 1 1 1 0 1
/m/09k5jh7 /award/award_ceremony/awards_presented./award/award_honor/award_winner /m/04znsy 7 1 1 1 0 1
/m/0466p0j /award/award_ceremony/awards_presented./award/award_honor/award_winner /m/07n3s 12 1 0 1 0 1
/m/0g55tzk /award/award_ceremony/awards_presented./award/award_honor/award_winner /m/040981l 4 1 1 1 0 1
/m/0gx1673 /award/award_ceremony/awards_presented./award/award_honor/award_winner /m/03j24kf 6718 6711 0 0 0 0
/m/07y_p6 /award/award_ceremony/awards_presented./award/award_honor/award_winner /m/06msq2 5 1 1 1 0 1
/m/09p2r9 /award/award_ceremony/awards_presented./award/award_honor/award_winner /m/04y8r 6 1 1 1 0 1
/m/03tn9w /award/award_ceremony/awards_presented./award/award_honor/award_winner /m/01cbt3 4 1 1 1 0 1
/m/0fz0c2 /award/award_ceremony/awards_presented./award/award_honor/award_winner /m/0g1rw 8 1 1 1 0 1
/m/0bzjvm /award/award_ceremony/awards_presented./award/award_honor/award_winner /m/09fb5 1 1 1 1 1 1
/m/0jt3qpk /award/award_ceremony/awards_presented./award/award_honor/award_winner /m/06jw0s 6 1 1 1 0 1
/m/0fy6bh /award/award_ceremony/awards_presented./award/award_honor/award_winner /m/05v1sb 3 1 1 1 0 1
/m/09qftb /award/award_ceremony/awards_presented./award/award_honor/award_winner /m/01w1kyf 4152 4138 0 0 0 0
/m/0bvfqq /award/award_ceremony/awards_presented./award/award_honor/award_winner /m/05ldnp 5 1 1 1 0 1
/m/01xqqp /award/award_ceremony/awards_presented./award/award_honor/award_winner /m/01wwvd2 4 1 1 1 0 1
/m/0drtv8 /award/award_ceremony/awards_presented./award/award_honor/award_winner /m/059fjj 12 1 0 1 0 1
/m/02glmx /award/award_ceremony/awards_presented./award/award_honor/award_winner /m/0sz28 4 1 1 1 0 1
/m/0fz0c2 /award/award_ceremony/awards_presented./award/award_honor/award_winner /m/081nh 4528 4518 0 0 0 0
/m/0gvstc3 /award/award_ceremony/awards_presented./award/award_honor/award_winner /m/02624g 10 1 1 1 0 1
/m/0bzmt8 /award/award_ceremony/awards_presented./award/award_honor/award_winner /m/0d5wn3 12 5 0 1 0 0
/m/09g90vz /award/award_ceremony/awards_presented./award/award_honor/award_winner /m/06vsbt 6 1 1 1 0 1
/m/07y9ts /award/award_ceremony/awards_presented./award/award_honor/award_winner /m/0697kh 1 1 1 1 1 1
/m/092t4b /award/award_ceremony/awards_presented./award/award_honor/award_winner /m/0335fp 4 1 1 1 0 1
/m/02yw5r /award/award_ceremony/awards_presented./award/award_honor/award_winner /m/0164w8 4 1 1 1 0 1
/m/0fqpc7d /award/award_ceremony/awards_presented./award/award_honor/award_winner /m/018ygt 1 1 1 1 1 1
/m/09p2r9 /award/award_ceremony/awards_presented./award/award_honor/award_winner /m/01kx_81 8 1 1 1 0 1
/m/02pgky2 /award/award_ceremony/awards_presented./award/award_honor/award_winner /m/02kxbx3 1 1 1 1 1 1
/m/058m5m4 /award/award_ceremony/awards_presented./award/award_honor/award_winner /m/020_95 11 1 0 1 0 1
/m/01s695 /award/award_ceremony/awards_presented./award/award_honor/award_winner /m/0137g1 7 1 1 1 0 1
/m/09k5jh7 /award/award_ceremony/awards_presented./award/award_honor/award_winner /m/04954 9 1 1 1 0 1
/m/019bk0 /award/award_ceremony/awards_presented./award/award_honor/award_winner /m/018n6m 9 1 1 1 0 1
/m/05qb8vx /award/award_ceremony/awards_presented./award/award_honor/award_winner /m/04ls53 16 8 0 1 0 0
/m/0fk0xk /award/award_ceremony/awards_presented./award/award_honor/award_winner /m/03csqj4 2 1 1 1 0 1
/m/059x66 /award/award_ceremony/awards_presented./award/award_honor/award_winner /m/01mqnr 9 1 1 1 0 1
/m/09gkdln /award/award_ceremony/awards_presented./award/award_honor/award_winner /m/04qvl7 9 1 1 1 0 1
/m/01mhwk /award/award_ceremony/awards_presented./award/award_honor/award_winner /m/01jkqfz 2 1 1 1 0 1
/m/026kqs9 /award/award_ceremony/awards_presented./award/award_honor/award_winner /m/0l786 1 1 1 1 1 1
/m/027n06w /award/award_ceremony/awards_presented./award/award_honor/award_winner /m/0bczgm 5 1 1 1 0 1
/m/03nnm4t /award/award_ceremony/awards_presented./award/award_honor/award_winner /m/02773nt 10 1 1 1 0 1
/m/09qvms /award/award_ceremony/awards_presented./award/award_honor/award_winner /m/033w9g 8 1 1 1 0 1
/m/05c1t6z /award/award_ceremony/awards_presented./award/award_honor/award_winner /m/087qxp 8 1 1 1 0 1
/m/0466p0j /award/award_ceremony/awards_presented./award/award_honor/award_winner /m/026spg 10 1 1 1 0 1
/m/05zksls /award/award_ceremony/awards_presented./award/award_honor/award_winner /m/0flw6 31 20 0 0 0 0
/m/0bz6l9 /award/award_ceremony/awards_presented./award/award_honor/award_winner /m/01q4qv 6 1 1 1 0 1
/m/02ywhz /award/award_ceremony/awards_presented./award/award_honor/award_winner /m/05hj_k 12 5 0 1 0 0
/m/07y_p6 /award/award_ceremony/awards_presented./award/award_honor/award_winner /m/03c6vl 2 1 1 1 0 1
/m/092t4b /award/award_ceremony/awards_presented./award/award_honor/award_winner /m/04bd8y 28 19 0 0 0 0
/m/0h_9252 /award/award_ceremony/awards_presented./award/award_honor/award_winner /m/0hskw 4 1 1 1 0 1
/m/0bx6zs /award/award_ceremony/awards_presented./award/award_honor/award_winner /m/06j0md 20 11 0 0 0 0
/m/0jzphpx /award/award_ceremony/awards_presented./award/award_honor/award_winner /m/01jkqfz 16 9 0 1 0 0
/m/027hjff /award/award_ceremony/awards_presented./award/award_honor/award_winner /m/02t_st 9 1 1 1 0 1
/m/0gpjbt /award/award_ceremony/awards_presented./award/award_honor/award_winner /m/06x4l_ 28 16 0 0 0 0
/m/0fz2y7 /award/award_ceremony/awards_presented./award/award_honor/award_winner /m/01938t 4 1 1 1 0 1
/m/01mh_q /award/award_ceremony/awards_presented./award/award_honor/award_winner /m/02g1jh 7 1 1 1 0 1
/m/0fzrhn /award/award_ceremony/awards_presented./award/award_honor/award_winner /m/0byfz 1 1 1 1 1 1
/m/07y9ts /award/award_ceremony/awards_presented./award/award_honor/award_winner /m/09hd16 16 4 0 1 0 0
/m/02q690_ /award/award_ceremony/awards_presented./award/award_honor/award_winner /m/06pjs 88 69 0 0 0 0
/m/02yw5r /award/award_ceremony/awards_presented./award/award_honor/award_winner /m/0gnbw 3 1 1 1 0 1
/m/01mhwk /award/award_ceremony/awards_presented./award/award_honor/award_winner /m/017vkx 35 27 0 0 0 0
/m/073hgx /award/award_ceremony/awards_presented./award/award_honor/award_winner /m/02fgpf 12 8 0 1 0 0
/m/0hr3c8y /award/award_ceremony/awards_presented./award/award_honor/award_winner /m/027dtv3 2 1 1 1 0 1
/m/027n06w /award/award_ceremony/awards_presented./award/award_honor/award_winner /m/0cj2nl 4 1 1 1 0 1
/m/0gpjbt /award/award_ceremony/awards_presented./award/award_honor/award_winner /m/012x4t 11 1 0 1 0 1
/m/0c53vt /award/award_ceremony/awards_presented./award/award_honor/award_winner /m/03bpn6 7 1 1 1 0 1
/m/0gkxgfq /award/award_ceremony/awards_presented./award/award_honor/award_winner /m/03b78r 9 1 1 1 0 1
/m/02q690_ /award/award_ceremony/awards_presented./award/award_honor/award_winner /m/0pz7h 1 1 1 1 1 1
/m/0bzjgq /award/award_ceremony/awards_presented./award/award_honor/award_winner /m/0829rj 11 6 0 1 0 0
/m/09p2r9 /award/award_ceremony/awards_presented./award/award_honor/award_winner /m/028knk 33 19 0 0 0 0
/m/02yxh9 /award/award_ceremony/awards_presented./award/award_honor/award_winner /m/0d5wn3 7 1 1 1 0 1
/m/0fy59t /award/award_ceremony/awards_presented./award/award_honor/award_winner /m/019fnv 5 1 1 1 0 1
/m/05pd94v /award/award_ceremony/awards_presented./award/award_honor/award_winner /m/02rxbmt 9344 9334 0 0 0 0
/m/092_25 /award/award_ceremony/awards_presented./award/award_honor/award_winner /m/016tb7 24 15 0 0 0 0
/m/01xqqp /award/award_ceremony/awards_presented./award/award_honor/award_winner /m/015rmq 8 1 1 1 0 1
/m/03nnm4t /award/award_ceremony/awards_presented./award/award_honor/award_winner /m/0cm0pc 12 1 0 1 0 1
/m/02cg41 /award/award_ceremony/awards_presented./award/award_honor/award_winner /m/015xp4 11 1 0 1 0 1
/m/02pgky2 /award/award_ceremony/awards_presented./award/award_honor/award_winner /m/01713c 5 1 1 1 0 1
/m/01s695 /award/award_ceremony/awards_presented./award/award_honor/award_winner /m/02fn5r 9 2 1 1 0 0
/m/02wzl1d /award/award_ceremony/awards_presented./award/award_honor/award_winner /m/02d42t 11 1 0 1 0 1
/m/0jzphpx /award/award_ceremony/awards_presented./award/award_honor/award_winner /m/0178rl 19 11 0 0 0 0
/m/09g90vz /award/award_ceremony/awards_presented./award/award_honor/award_winner /m/08qxx9 3 1 1 1 0 1
/m/092_25 /award/award_ceremony/awards_presented./award/award_honor/award_winner /m/0gnbw 8 1 1 1 0 1
/m/0c53zb /award/award_ceremony/awards_presented./award/award_honor/award_winner /m/0fmqp6 1 1 1 1 1 1
/m/0gpjbt /award/award_ceremony/awards_presented./award/award_honor/award_winner /m/02_jkc 7 1 1 1 0 1
/m/03gt46z /award/award_ceremony/awards_presented./award/award_honor/award_winner /m/02vqpx8 7 1 1 1 0 1
/m/0fz2y7 /award/award_ceremony/awards_presented./award/award_honor/award_winner /m/01jpmpv 4 1 1 1 0 1
/m/059x66 /award/award_ceremony/awards_presented./award/award_honor/award_winner /m/0178rl 6 1 1 1 0 1
/m/013b2h /award/award_ceremony/awards_presented./award/award_honor/award_winner /m/04qmr 44 31 0 0 0 0
/m/09n4nb /award/award_ceremony/awards_presented./award/award_honor/award_winner /m/03fbc 9 1 1 1 0 1
/m/09p2r9 /award/award_ceremony/awards_presented./award/award_honor/award_winner /m/01dw4q 10 1 1 1 0 1
/m/0hhtgcw /award/award_ceremony/awards_presented./award/award_honor/award_winner /m/02s_qz 7 1 1 1 0 1
/m/02wzl1d /award/award_ceremony/awards_presented./award/award_honor/award_winner /m/01wgcvn 11 1 0 1 0 1
/m/0jzphpx /award/award_ceremony/awards_presented./award/award_honor/award_winner /m/0k7pf 3 1 1 1 0 1
/m/09g90vz /award/award_ceremony/awards_presented./award/award_honor/award_winner /m/07m77x 5 1 1 1 0 1
/m/01c6qp /award/award_ceremony/awards_presented./award/award_honor/award_winner /m/02fn5r 2 1 1 1 0 1
/m/01xqqp /award/award_ceremony/awards_presented./award/award_honor/award_winner /m/01z9_x 17 9 0 1 0 0
/m/03nnm4t /award/award_ceremony/awards_presented./award/award_honor/award_winner /m/0zcbl 15 1 0 1 0 1
/m/02yvhx /award/award_ceremony/awards_presented./award/award_honor/award_winner /m/03knl 6 1 1 1 0 1
/m/0bz6l9 /award/award_ceremony/awards_presented./award/award_honor/award_winner /m/0cwtm 8 1 1 1 0 1
/m/02q690_ /award/award_ceremony/awards_presented./award/award_honor/award_winner /m/02778pf 5 1 1 1 0 1
/m/02q690_ /award/award_ceremony/awards_presented./award/award_honor/award_winner /m/09px1w 7 1 1 1 0 1
/m/03gyp30 /award/award_ceremony/awards_presented./award/award_honor/award_winner /m/04qsdh 5 1 1 1 0 1
/m/058m5m4 /award/award_ceremony/awards_presented./award/award_honor/award_winner /m/018ygt 2 1 1 1 0 1
/m/058m5m4 /award/award_ceremony/awards_presented./award/award_honor/award_winner /m/0d810y 54 38 0 0 0 0
/m/092c5f /award/award_ceremony/awards_presented./award/award_honor/award_winner /m/0m66w 1 1 1 1 1 1
/m/0bzmt8 /award/award_ceremony/awards_presented./award/award_honor/award_winner /m/0kr5_ 2 1 1 1 0 1
/m/01s695 /award/award_ceremony/awards_presented./award/award_honor/award_winner /m/01f2q5 2 1 1 1 0 1
/m/0c6vcj /award/award_ceremony/awards_presented./award/award_honor/award_winner /m/05x2t7 5 1 1 1 0 1
/m/0c6vcj /award/award_ceremony/awards_presented./award/award_honor/award_winner /m/05v1sb 9 1 1 1 0 1
/m/027n06w /award/award_ceremony/awards_presented./award/award_honor/award_winner /m/04t2l2 2 1 1 1 0 1
/m/04n2r9h /award/award_ceremony/awards_presented./award/award_honor/award_winner /m/05fnl9 3 1 1 1 0 1
/m/04n2r9h /award/award_ceremony/awards_presented./award/award_honor/award_winner /m/0gpprt 9 1 1 1 0 1
/m/01mh_q /award/award_ceremony/awards_presented./award/award_honor/award_winner /m/01k_mc 2536 2528 0 0 0 0
/m/0g55tzk /award/award_ceremony/awards_presented./award/award_honor/award_winner /m/07s8hms 4 1 1 1 0 1
/m/03gyp30 /award/award_ceremony/awards_presented./award/award_honor/award_winner /m/0cj36c 7 1 1 1 0 1
/m/09pnw5 /award/award_ceremony/awards_presented./award/award_honor/award_winner /m/01j2xj 7 1 1 1 0 1
/m/0c4hx0 /award/award_ceremony/awards_presented./award/award_honor/award_winner /m/0p9qb 4 1 1 1 0 1
/m/0275n3y /award/award_ceremony/awards_presented./award/award_honor/award_winner /m/042xrr 6 1 1 1 0 1
/m/0bxs_d /award/award_ceremony/awards_presented./award/award_honor/award_winner /m/05w88j 8 1 1 1 0 1
/m/01s695 /award/award_ceremony/awards_presented./award/award_honor/award_winner /m/02f1c 13 6 0 1 0 0
/m/02rjjll /award/award_ceremony/awards_presented./award/award_honor/award_winner /m/017j6 3 1 1 1 0 1
/m/05pd94v /award/award_ceremony/awards_presented./award/award_honor/award_winner /m/09889g 7 1 1 1 0 1
/m/03nnm4t /award/award_ceremony/awards_presented./award/award_honor/award_winner /m/04gnbv1 3 1 1 1 0 1
/m/073h9x /award/award_ceremony/awards_presented./award/award_honor/award_winner /m/0z4s 5 1 1 1 0 1
/m/07y_p6 /award/award_ceremony/awards_presented./award/award_honor/award_winner /m/05w88j 8 1 1 1 0 1
/m/02q690_ /award/award_ceremony/awards_presented./award/award_honor/award_winner /m/015c4g 17 1 0 1 0 1
/m/09n4nb /award/award_ceremony/awards_presented./award/award_honor/award_winner /m/02mjmr 8 1 1 1 0 1
/m/0gvstc3 /award/award_ceremony/awards_presented./award/award_honor/award_winner /m/0cp9f9 4 1 1 1 0 1
/m/02rjjll /award/award_ceremony/awards_presented./award/award_honor/award_winner /m/0137n0 8 1 1 1 0 1
/m/0fy6bh /award/award_ceremony/awards_presented./award/award_honor/award_winner /m/0gqrb 6 1 1 1 0 1
/m/0bvfqq /award/award_ceremony/awards_presented./award/award_honor/award_winner /m/01q415 2 1 1 1 0 1
/m/05pd94v /award/award_ceremony/awards_presented./award/award_honor/award_winner /m/03g5jw 7 1 1 1 0 1
/m/0c6vcj /award/award_ceremony/awards_presented./award/award_honor/award_winner /m/053vcrp 1 1 1 1 1 1
/m/01c6qp /award/award_ceremony/awards_presented./award/award_honor/award_winner /m/03h_fk5 38 29 0 0 0 0
/m/0hr6lkl /award/award_ceremony/awards_presented./award/award_honor/award_winner /m/081lh 11 5 0 1 0 0
/m/0418154 /award/award_ceremony/awards_presented./award/award_honor/award_winner /m/0277470 7 1 1 1 0 1
/m/05c1t6z /award/award_ceremony/awards_presented./award/award_honor/award_winner /m/0glmv 41 22 0 0 0 0
/m/01mh_q /award/award_ceremony/awards_presented./award/award_honor/award_winner /m/07r1_ 7 1 1 1 0 1
/m/056878 /award/award_ceremony/awards_presented./award/award_honor/award_winner /m/01trhmt 1 1 1 1 1 1
/m/0bzk8w /award/award_ceremony/awards_presented./award/award_honor/award_winner /m/02zft0 2 1 1 1 0 1
/m/09306z /award/award_ceremony/awards_presented./award/award_honor/award_winner /m/01cbt3 2 1 1 1 0 1
/m/092c5f /award/award_ceremony/awards_presented./award/award_honor/award_winner /m/083chw 23 13 0 0 0 0
/m/0gvstc3 /award/award_ceremony/awards_presented./award/award_honor/award_winner /m/05bnx3j 9 1 1 1 0 1
/m/0hr6lkl /award/award_ceremony/awards_presented./award/award_honor/award_winner /m/01ycbq 24 17 0 0 0 0
/m/03nnm4t /award/award_ceremony/awards_presented./award/award_honor/award_winner /m/026w_gk 6 1 1 1 0 1
/m/03gt46z /award/award_ceremony/awards_presented./award/award_honor/award_winner /m/02773m2 21 8 0 1 0 0
/m/03gt46z /award/award_ceremony/awards_presented./award/award_honor/award_winner /m/0c7t58 11 1 0 1 0 1
/m/05c1t6z /award/award_ceremony/awards_presented./award/award_honor/award_winner /m/05bnx3j 16 1 0 1 0 1
/m/01mh_q /award/award_ceremony/awards_presented./award/award_honor/award_winner /m/025l5 4 1 1 1 0 1
/m/02cg41 /award/award_ceremony/awards_presented./award/award_honor/award_winner /m/03bnv 11 1 0 1 0 1
/m/0clfdj /award/award_ceremony/awards_presented./award/award_honor/award_winner /m/02l4rh 4 1 1 1 0 1
/m/01bx35 /award/award_ceremony/awards_presented./award/award_honor/award_winner /m/01vvydl 6 1 1 1 0 1
/m/092c5f /award/award_ceremony/awards_presented./award/award_honor/award_winner /m/03ym1 5 1 1 1 0 1
/m/02rjjll /award/award_ceremony/awards_presented./award/award_honor/award_winner /m/01v6480 9846 9833 0 0 0 0
/m/05pd94v /award/award_ceremony/awards_presented./award/award_honor/award_winner /m/028q6 5 1 1 1 0 1
/m/09g90vz /award/award_ceremony/awards_presented./award/award_honor/award_winner /m/0bbvr84 18 6 0 1 0 0
/m/03gt46z /award/award_ceremony/awards_presented./award/award_honor/award_winner /m/0pz7h 5 1 1 1 0 1
/m/0fz2y7 /award/award_ceremony/awards_presented./award/award_honor/award_winner /m/081nh 4 1 1 1 0 1
/m/0466p0j /award/award_ceremony/awards_presented./award/award_honor/award_winner /m/02jxmr 5 1 1 1 0 1
/m/056878 /award/award_ceremony/awards_presented./award/award_honor/award_winner /m/0p7h7 9 1 1 1 0 1
/m/0fk0xk /award/award_ceremony/awards_presented./award/award_honor/award_winner /m/01dvms 2 1 1 1 0 1
/m/013b2h /award/award_ceremony/awards_presented./award/award_honor/award_winner /m/01kp_1t 13 1 0 1 0 1
/m/09n4nb /award/award_ceremony/awards_presented./award/award_honor/award_winner /m/02x_h0 5 1 1 1 0 1
/m/08pc1x /award/award_ceremony/awards_presented./award/award_honor/award_winner /m/03c602 1 1 1 1 1 1
/m/01bx35 /award/award_ceremony/awards_presented./award/award_honor/award_winner /m/02f1c 5 1 1 1 0 1
/m/0jt3qpk /award/award_ceremony/awards_presented./award/award_honor/award_winner /m/05f7snc 4 1 1 1 0 1
/m/04n2r9h /award/award_ceremony/awards_presented./award/award_honor/award_winner /m/01jgpsh 9 1 1 1 0 1
/m/07z31v /award/award_ceremony/awards_presented./award/award_honor/award_winner /m/084m3 80 66 0 0 0 0
/m/0bq_mx /award/award_ceremony/awards_presented./award/award_honor/award_winner /m/06jrhz 44 36 0 0 0 0
/m/09gkdln /award/award_ceremony/awards_presented./award/award_honor/award_winner /m/05xbx 10 1 1 1 0 1
/m/01bx35 /award/award_ceremony/awards_presented./award/award_honor/award_winner /m/01vsgrn 3 1 1 1 0 1
/m/0fz20l /award/award_ceremony/awards_presented./award/award_honor/award_winner /m/095p3z 5 1 1 1 0 1
/m/0bxs_d /award/award_ceremony/awards_presented./award/award_honor/award_winner /m/01rcmg 25 15 0 0 0 0
/m/0gvstc3 /award/award_ceremony/awards_presented./award/award_honor/award_winner /m/05bnq3j 9 1 1 1 0 1
/m/09k5jh7 /award/award_ceremony/awards_presented./award/award_honor/award_winner /m/0794g 8 1 1 1 0 1
/m/0gpjbt /award/award_ceremony/awards_presented./award/award_honor/award_winner /m/0m_v0 28 16 0 0 0 0
/m/0bzkgg /award/award_ceremony/awards_presented./award/award_honor/award_winner /m/02vyw 2 1 1 1 0 1
/m/0dznvw /award/award_ceremony/awards_presented./award/award_honor/award_winner /m/05683cn 4 1 1 1 0 1
/m/02cg41 /award/award_ceremony/awards_presented./award/award_honor/award_winner /m/01htxr 5 1 1 1 0 1
/m/05zksls /award/award_ceremony/awards_presented./award/award_honor/award_winner /m/04954 1620 1607 0 0 0 0
/m/04110lv /award/award_ceremony/awards_presented./award/award_honor/award_winner /m/0dvld 4 1 1 1 0 1
/m/07y_p6 /award/award_ceremony/awards_presented./award/award_honor/award_winner /m/023kzp 10 1 1 1 0 1
/m/09pj68 /award/award_ceremony/awards_presented./award/award_honor/award_winner /m/09hd16 3 1 1 1 0 1
/m/09bymc /award/award_ceremony/awards_presented./award/award_honor/award_winner /m/0427y 10 1 1 1 0 1
/m/0gvstc3 /award/award_ceremony/awards_presented./award/award_honor/award_winner /m/04sry 6 1 1 1 0 1
/m/0gvstc3 /award/award_ceremony/awards_presented./award/award_honor/award_winner /m/02xc1w4 32 19 0 0 0 0
/m/0jt3qpk /award/award_ceremony/awards_presented./award/award_honor/award_winner /m/020ffd 4 1 1 1 0 1
/m/0hr3c8y /award/award_ceremony/awards_presented./award/award_honor/award_winner /m/01gvr1 18 6 0 1 0 0
/m/0c4hgj /award/award_ceremony/awards_presented./award/award_honor/award_winner /m/0hskw 4 1 1 1 0 1
/m/073h1t /award/award_ceremony/awards_presented./award/award_honor/award_winner /m/01kp66 6 1 1 1 0 1
/m/0dznvw /award/award_ceremony/awards_presented./award/award_honor/award_winner /m/06g60w 8 1 1 1 0 1
/m/056878 /award/award_ceremony/awards_presented./award/award_honor/award_winner /m/0288fyj 5 1 1 1 0 1
/m/02ywhz /award/award_ceremony/awards_presented./award/award_honor/award_winner /m/01337_ 6 1 1 1 0 1
/m/09n4nb /award/award_ceremony/awards_presented./award/award_honor/award_winner /m/016l09 9 1 1 1 0 1
/m/09pnw5 /award/award_ceremony/awards_presented./award/award_honor/award_winner /m/03m_k0 7 1 1 1 0 1
/m/0275n3y /award/award_ceremony/awards_presented./award/award_honor/award_winner /m/013pk3 9 1 1 1 0 1
/m/0hr3c8y /award/award_ceremony/awards_presented./award/award_honor/award_winner /m/057hz 11 1 0 1 0 1
/m/027hjff /award/award_ceremony/awards_presented./award/award_honor/award_winner /m/066m4g 1 1 1 1 1 1
/m/0gpjbt /award/award_ceremony/awards_presented./award/award_honor/award_winner /m/01htxr 39 26 0 0 0 0
/m/0drtv8 /award/award_ceremony/awards_presented./award/award_honor/award_winner /m/092kgw 9 1 1 1 0 1
/m/09p30_ /award/award_ceremony/awards_presented./award/award_honor/award_winner /m/02pv_d 3 1 1 1 0 1
/m/019bk0 /award/award_ceremony/awards_presented./award/award_honor/award_winner /m/0kr_t 9 1 1 1 0 1
/m/07z31v /award/award_ceremony/awards_presented./award/award_honor/award_winner /m/0g2lq 1 1 1 1 1 1
/m/092t4b /award/award_ceremony/awards_presented./award/award_honor/award_winner /m/01pcdn 1 1 1 1 1 1
/m/013b2h /award/award_ceremony/awards_presented./award/award_honor/award_winner /m/01vd7hn 8 1 1 1 0 1
/m/01bx35 /award/award_ceremony/awards_presented./award/award_honor/award_winner /m/02h9_l 10 1 1 1 0 1
/m/0gx_st /award/award_ceremony/awards_presented./award/award_honor/award_winner /m/01bcq 59 48 0 0 0 0
/m/0gx_st /award/award_ceremony/awards_presented./award/award_honor/award_winner /m/04cl1 10 1 1 1 0 1
/m/09bymc /award/award_ceremony/awards_presented./award/award_honor/award_winner /m/02cllz 1451 1438 0 0 0 0
/m/0bxs_d /award/award_ceremony/awards_presented./award/award_honor/award_winner /m/03pp73 9 1 1 1 0 1
/m/01s695 /award/award_ceremony/awards_presented./award/award_honor/award_winner /m/05pdbs 2 1 1 1 0 1
/m/0fy6bh /award/award_ceremony/awards_presented./award/award_honor/award_winner /m/0fqjks 1 1 1 1 1 1
/m/02wzl1d /award/award_ceremony/awards_presented./award/award_honor/award_winner /m/016yvw 24 11 0 0 0 0
/m/05pd94v /award/award_ceremony/awards_presented./award/award_honor/award_winner /m/0412f5y 5 1 1 1 0 1
/m/05c1t6z /award/award_ceremony/awards_presented./award/award_honor/award_winner /m/02778pf 7 1 1 1 0 1
/m/01mh_q /award/award_ceremony/awards_presented./award/award_honor/award_winner /m/07z542 7 1 1 1 0 1
/m/03gwpw2 /award/award_ceremony/awards_presented./award/award_honor/award_winner /m/0gsg7 41 28 0 0 0 0
/m/0466p0j /award/award_ceremony/awards_presented./award/award_honor/award_winner /m/01w9wwg 9 1 1 1 0 1
/m/0dznvw /award/award_ceremony/awards_presented./award/award_honor/award_winner /m/0dg3jz 6 1 1 1 0 1
/m/0g55tzk /award/award_ceremony/awards_presented./award/award_honor/award_winner /m/0cjsxp 4 1 1 1 0 1
/m/0gx1673 /award/award_ceremony/awards_presented./award/award_honor/award_winner /m/07ss8_ 4 1 1 1 0 1
/m/0bc773 /award/award_ceremony/awards_presented./award/award_honor/award_winner /m/0d6d2 5 1 1 1 0 1
/m/092c5f /award/award_ceremony/awards_presented./award/award_honor/award_winner /m/024n3z 6 1 1 1 0 1
/m/0gvstc3 /award/award_ceremony/awards_presented./award/award_honor/award_winner /m/0dvld 12 1 0 1 0 1
/m/0jzphpx /award/award_ceremony/awards_presented./award/award_honor/award_winner /m/02x8z_ 3 1 1 1 0 1
/m/03gt46z /award/award_ceremony/awards_presented./award/award_honor/award_winner /m/02778yp 9 1 1 1 0 1
/m/03gwpw2 /award/award_ceremony/awards_presented./award/award_honor/award_winner /m/024rbz 7 1 1 1 0 1
/m/019bk0 /award/award_ceremony/awards_presented./award/award_honor/award_winner /m/01vx5w7 2 1 1 1 0 1
/m/019bk0 /award/award_ceremony/awards_presented./award/award_honor/award_winner /m/01l03w2 9 1 1 1 0 1
/m/0g55tzk /award/award_ceremony/awards_presented./award/award_honor/award_winner /m/0404wqb 4 1 1 1 0 1
/m/0d__c3 /award/award_ceremony/awards_presented./award/award_honor/award_winner /m/072twv 4 1 1 1 0 1
/m/0275n3y /award/award_ceremony/awards_presented./award/award_honor/award_winner /m/02ktrs 9 1 1 1 0 1
/m/01mhwk /award/award_ceremony/awards_presented./award/award_honor/award_winner /m/01kp_1t 8 1 1 1 0 1
/m/09qftb /award/award_ceremony/awards_presented./award/award_honor/award_winner /m/032zg9 11 1 0 1 0 1
/m/050yyb /award/award_ceremony/awards_presented./award/award_honor/award_winner /m/055c8 15 7 0 1 0 0
/m/0gmdkyy /award/award_ceremony/awards_presented./award/award_honor/award_winner /m/06r_by 12 7 0 1 0 0
/m/01mh_q /award/award_ceremony/awards_presented./award/award_honor/award_winner /m/01kwlwp 7 1 1 1 0 1
/m/013b2h /award/award_ceremony/awards_presented./award/award_honor/award_winner /m/0dzc16 21 8 0 1 0 0
/m/01bx35 /award/award_ceremony/awards_presented./award/award_honor/award_winner /m/014z8v 10 1 1 1 0 1
/m/0ftlxj /award/award_ceremony/awards_presented./award/award_honor/award_winner /m/0c921 3 1 1 1 0 1
/m/0c4hx0 /award/award_ceremony/awards_presented./award/award_honor/award_winner /m/01fxfk 9803 9795 0 0 0 0
/m/092c5f /award/award_ceremony/awards_presented./award/award_honor/award_winner /m/016zp5 6 1 1 1 0 1
/m/0hn821n /award/award_ceremony/awards_presented./award/award_honor/award_winner /m/01t6b4 4 1 1 1 0 1
/m/05pd94v /award/award_ceremony/awards_presented./award/award_honor/award_winner /m/01vvyc_ 5 1 1 1 0 1
/m/0c53zb /award/award_ceremony/awards_presented./award/award_honor/award_winner /m/053vcrp 15 3 0 1 0 0
/m/0bvhz9 /award/award_ceremony/awards_presented./award/award_honor/award_winner /m/02ktrs 18 11 0 0 0 0
/m/0fz2y7 /award/award_ceremony/awards_presented./award/award_honor/award_winner /m/0f2df 4 1 1 1 0 1
