/m/013b2h /award/award_ceremony/awards_presented./award/award_honor/award /m/02fm4d 6 1 1 1 0 1
/m/013b2h /award/award_ceremony/awards_presented./award/award_honor/award /m/03t5b6 14 1 0 1 0 1
/m/05q7cj /award/award_ceremony/awards_presented./award/award_honor/award /m/018wdw 10 1 1 1 0 1
/m/0d__c3 /award/award_ceremony/awards_presented./award/award_honor/award /m/0gqwc 8 1 1 1 0 1
/m/02yv_b /award/award_ceremony/awards_presented./award/award_honor/award /m/0gqng 2 1 1 1 0 1
/m/0fz20l /award/award_ceremony/awards_presented./award/award_honor/award /m/0gr51 7 1 1 1 0 1
/m/05pd94v /award/award_ceremony/awards_presented./award/award_honor/award /m/03tcnt 22 1 0 1 0 1
/m/01c6qp /award/award_ceremony/awards_presented./award/award_honor/award /m/025m8l 8 1 1 1 0 1
/m/073h1t /award/award_ceremony/awards_presented./award/award_honor/award /m/0gs96 7 1 1 1 0 1
/m/05qb8vx /award/award_ceremony/awards_presented./award/award_honor/award /m/0gq9h 4 1 1 1 0 1
/m/056878 /award/award_ceremony/awards_presented./award/award_honor/award /m/03t5n3 27 1 0 1 0 1
/m/02cg41 /award/award_ceremony/awards_presented./award/award_honor/award /m/026m9w 3 1 1 1 0 1
/m/013b2h /award/award_ceremony/awards_presented./award/award_honor/award /m/01c9d1 9 1 1 1 0 1
/m/013b2h /award/award_ceremony/awards_presented./award/award_honor/award /m/026mfs 9 1 1 1 0 1
/m/02hn5v /award/award_ceremony/awards_presented./award/award_honor/award /m/0p9sw 13 1 0 1 0 1
/m/0h_9252 /award/award_ceremony/awards_presented./award/award_honor/award /m/04njml 3 1 1 1 0 1
/m/0bzmt8 /award/award_ceremony/awards_presented./award/award_honor/award /m/0gr07 10 1 1 1 0 1
/m/0bzjvm /award/award_ceremony/awards_presented./award/award_honor/award /m/0f4x7 1 1 1 1 1 1
/m/0bzn6_ /award/award_ceremony/awards_presented./award/award_honor/award /m/0k611 12 1 0 1 0 1
/m/0jzphpx /award/award_ceremony/awards_presented./award/award_honor/award /m/024_41 11 1 0 1 0 1
/m/0jzphpx /award/award_ceremony/awards_presented./award/award_honor/award /m/0248jb 8 1 1 1 0 1
/m/0bvfqq /award/award_ceremony/awards_presented./award/award_honor/award /m/0gr42 5 1 1 1 0 1
/m/05pd94v /award/award_ceremony/awards_presented./award/award_honor/award /m/03q_g6 12 1 0 1 0 1
/m/05pd94v /award/award_ceremony/awards_presented./award/award_honor/award /m/03qbh5 5 1 1 1 0 1
/m/092_25 /award/award_ceremony/awards_presented./award/award_honor/award /m/0cqh6z 3 1 1 1 0 1
/m/01c6qp /award/award_ceremony/awards_presented./award/award_honor/award /m/01ckcd 25 1 0 1 0 1
/m/0bzkgg /award/award_ceremony/awards_presented./award/award_honor/award /m/0gvx_ 9 1 1 1 0 1
/m/05qb8vx /award/award_ceremony/awards_presented./award/award_honor/award /m/0gq_d 10 1 1 1 0 1
/m/013b2h /award/award_ceremony/awards_presented./award/award_honor/award /m/02x4wb 15 1 0 1 0 1
/m/09n4nb /award/award_ceremony/awards_presented./award/award_honor/award /m/01dk00 6 1 1 1 0 1
/m/09n4nb /award/award_ceremony/awards_presented./award/award_honor/award /m/03nl5k 34 3 0 1 0 0
/m/01bx35 /award/award_ceremony/awards_presented./award/award_honor/award /m/025m98 4 1 1 1 0 1
/m/02yv_b /award/award_ceremony/awards_presented./award/award_honor/award /m/0p9sw 6 1 1 1 0 1
/m/0c4hx0 /award/award_ceremony/awards_presented./award/award_honor/award /m/0l8z1 6 1 1 1 0 1
/m/01s695 /award/award_ceremony/awards_presented./award/award_honor/award /m/01c9d1 12 1 0 1 0 1
/m/02jp5r /award/award_ceremony/awards_presented./award/award_honor/award /m/0gr51 2 1 1 1 0 1
/m/03nnm4t /award/award_ceremony/awards_presented./award/award_honor/award /m/0fc9js 4 1 1 1 0 1
/m/0gpjbt /award/award_ceremony/awards_presented./award/award_honor/award /m/02v703 17 2 0 1 0 0
/m/019bk0 /award/award_ceremony/awards_presented./award/award_honor/award /m/026mfs 8 1 1 1 0 1
/m/0bz6l9 /award/award_ceremony/awards_presented./award/award_honor/award /m/0gq_v 2 1 1 1 0 1
/m/0bzjgq /award/award_ceremony/awards_presented./award/award_honor/award /m/0gr4k 3 1 1 1 0 1
/m/0d__c3 /award/award_ceremony/awards_presented./award/award_honor/award /m/0gs96 1 1 1 1 1 1
/m/09pnw5 /award/award_ceremony/awards_presented./award/award_honor/award /m/054ks3 2 1 1 1 0 1
/m/02rjjll /award/award_ceremony/awards_presented./award/award_honor/award /m/01by1l 23 2 0 1 0 0
/m/0jzphpx /award/award_ceremony/awards_presented./award/award_honor/award /m/024fz9 8 1 1 1 0 1
/m/01c6qp /award/award_ceremony/awards_presented./award/award_honor/award /m/031b3h 17 1 0 1 0 1
/m/0fz2y7 /award/award_ceremony/awards_presented./award/award_honor/award /m/0gs96 4 1 1 1 0 1
/m/0466p0j /award/award_ceremony/awards_presented./award/award_honor/award /m/031b3h 11 1 0 1 0 1
/m/019bk0 /award/award_ceremony/awards_presented./award/award_honor/award /m/024_fw 3 1 1 1 0 1
/m/0fzrhn /award/award_ceremony/awards_presented./award/award_honor/award /m/0gqz2 8 1 1 1 0 1
/m/0g55tzk /award/award_ceremony/awards_presented./award/award_honor/award /m/0cqhk0 1 1 1 1 1 1
/m/0gx1673 /award/award_ceremony/awards_presented./award/award_honor/award /m/02grdc 21 4 0 1 0 0
/m/0gx1673 /award/award_ceremony/awards_presented./award/award_honor/award /m/025mbn 9 1 1 1 0 1
/m/0bxs_d /award/award_ceremony/awards_presented./award/award_honor/award /m/0gkts9 3 1 1 1 0 1
/m/0bzmt8 /award/award_ceremony/awards_presented./award/award_honor/award /m/0f4x7 1 1 1 1 1 1
/m/01s695 /award/award_ceremony/awards_presented./award/award_honor/award /m/026mml 6 1 1 1 0 1
/m/09g90vz /award/award_ceremony/awards_presented./award/award_honor/award /m/0cqh6z 3 1 1 1 0 1
/m/01c6qp /award/award_ceremony/awards_presented./award/award_honor/award /m/024_41 26 1 0 1 0 1
/m/01mh_q /award/award_ceremony/awards_presented./award/award_honor/award /m/02w7fs 5 1 1 1 0 1
/m/0466p0j /award/award_ceremony/awards_presented./award/award_honor/award /m/02hgm4 6 1 1 1 0 1
/m/019bk0 /award/award_ceremony/awards_presented./award/award_honor/award /m/03q27t 30 2 0 1 0 0
/m/05qb8vx /award/award_ceremony/awards_presented./award/award_honor/award /m/0gqyl 6 1 1 1 0 1
/m/0gx1673 /award/award_ceremony/awards_presented./award/award_honor/award /m/03qpp9 3 1 1 1 0 1
/m/013b2h /award/award_ceremony/awards_presented./award/award_honor/award /m/03qpp9 15 1 0 1 0 1
/m/09n4nb /award/award_ceremony/awards_presented./award/award_honor/award /m/01bgqh 22 2 0 1 0 0
/m/09p2r9 /award/award_ceremony/awards_presented./award/award_honor/award /m/019f4v 2 1 1 1 0 1
/m/0bz6sb /award/award_ceremony/awards_presented./award/award_honor/award /m/0gs9p 1 1 1 1 1 1
/m/0gx_st /award/award_ceremony/awards_presented./award/award_honor/award /m/0bfvw2 9 1 1 1 0 1
/m/0c4hx0 /award/award_ceremony/awards_presented./award/award_honor/award /m/0gq9h 4 1 1 1 0 1
/m/0bxs_d /award/award_ceremony/awards_presented./award/award_honor/award /m/09qrn4 4 1 1 1 0 1
/m/02rjjll /award/award_ceremony/awards_presented./award/award_honor/award /m/03qbnj 5 1 1 1 0 1
/m/0fy6bh /award/award_ceremony/awards_presented./award/award_honor/award /m/0gqwc 6 1 1 1 0 1
/m/01xqqp /award/award_ceremony/awards_presented./award/award_honor/award /m/01c99j 4 1 1 1 0 1
/m/0gpjbt /award/award_ceremony/awards_presented./award/award_honor/award /m/02ddq4 4 1 1 1 0 1
/m/0466p0j /award/award_ceremony/awards_presented./award/award_honor/award /m/0257pw 27 1 0 1 0 1
/m/0466p0j /award/award_ceremony/awards_presented./award/award_honor/award /m/0249fn 30 1 0 1 0 1
/m/0dznvw /award/award_ceremony/awards_presented./award/award_honor/award /m/0gqy2 4 1 1 1 0 1
/m/056878 /award/award_ceremony/awards_presented./award/award_honor/award /m/01c9jp 32 2 0 1 0 0
/m/04110lv /award/award_ceremony/awards_presented./award/award_honor/award /m/0gvx_ 17 3 0 1 0 0
/m/02hn5v /award/award_ceremony/awards_presented./award/award_honor/award /m/0gqyl 3 1 1 1 0 1
/m/0bzkvd /award/award_ceremony/awards_presented./award/award_honor/award /m/0gr07 5 1 1 1 0 1
/m/02rjjll /award/award_ceremony/awards_presented./award/award_honor/award /m/02581c 14 1 0 1 0 1
/m/0jzphpx /award/award_ceremony/awards_presented./award/award_honor/award /m/02gm9n 16 1 0 1 0 1
/m/0jzphpx /award/award_ceremony/awards_presented./award/award_honor/award /m/02flq1 6 1 1 1 0 1
/m/01c6qp /award/award_ceremony/awards_presented./award/award_honor/award /m/03nl5k 15 1 0 1 0 1
/m/0bvhz9 /award/award_ceremony/awards_presented./award/award_honor/award /m/0gqyl 5 1 1 1 0 1
/m/019bk0 /award/award_ceremony/awards_presented./award/award_honor/award /m/026mg3 22 2 0 1 0 0
/m/056878 /award/award_ceremony/awards_presented./award/award_honor/award /m/026mmy 26 1 0 1 0 1
/m/07z31v /award/award_ceremony/awards_presented./award/award_honor/award /m/0cjyzs 3 1 1 1 0 1
/m/092t4b /award/award_ceremony/awards_presented./award/award_honor/award /m/09sdmz 1 1 1 1 1 1
/m/09p2r9 /award/award_ceremony/awards_presented./award/award_honor/award /m/054knh 4 1 1 1 0 1
/m/02pgky2 /award/award_ceremony/awards_presented./award/award_honor/award /m/018wdw 17 2 0 1 0 0
/m/01s695 /award/award_ceremony/awards_presented./award/award_honor/award /m/01c427 4 1 1 1 0 1
/m/01s695 /award/award_ceremony/awards_presented./award/award_honor/award /m/02gx2k 13 1 0 1 0 1
/m/0fy6bh /award/award_ceremony/awards_presented./award/award_honor/award /m/0czp_ 11 1 0 1 0 1
/m/0bzm__ /award/award_ceremony/awards_presented./award/award_honor/award /m/0gqz2 7 1 1 1 0 1
/m/0gpjbt /award/award_ceremony/awards_presented./award/award_honor/award /m/0257w4 29 3 0 1 0 0
/m/0bzkgg /award/award_ceremony/awards_presented./award/award_honor/award /m/0gqwc 4 1 1 1 0 1
/m/0bzk8w /award/award_ceremony/awards_presented./award/award_honor/award /m/0k611 5 1 1 1 0 1
/m/0bq_mx /award/award_ceremony/awards_presented./award/award_honor/award /m/03hkv_r 1 1 1 1 1 1
/m/09gkdln /award/award_ceremony/awards_presented./award/award_honor/award /m/02x17c2 3 1 1 1 0 1
/m/0n8_m93 /award/award_ceremony/awards_presented./award/award_honor/award /m/0gqzz 10 1 1 1 0 1
/m/02yxh9 /award/award_ceremony/awards_presented./award/award_honor/award /m/0gr51 1 1 1 1 1 1
/m/02rjjll /award/award_ceremony/awards_presented./award/award_honor/award /m/02flqd 11 1 0 1 0 1
/m/0dth6b /award/award_ceremony/awards_presented./award/award_honor/award /m/0f4x7 4 1 1 1 0 1
/m/0ftlkg /award/award_ceremony/awards_presented./award/award_honor/award /m/0gqwc 5 1 1 1 0 1
/m/05pd94v /award/award_ceremony/awards_presented./award/award_honor/award /m/03x3wf 19 1 0 1 0 1
/m/0gpjbt /award/award_ceremony/awards_presented./award/award_honor/award /m/01cw51 6 1 1 1 0 1
/m/0fk0xk /award/award_ceremony/awards_presented./award/award_honor/award /m/0gqng 9 1 1 1 0 1
/m/0hndn2q /award/award_ceremony/awards_presented./award/award_honor/award /m/019f4v 1 1 1 1 1 1
/m/013b2h /award/award_ceremony/awards_presented./award/award_honor/award /m/03qbh5 22 1 0 1 0 1
/m/073hkh /award/award_ceremony/awards_presented./award/award_honor/award /m/0gqng 9 1 1 1 0 1
/m/02rjjll /award/award_ceremony/awards_presented./award/award_honor/award /m/03t5b6 34 3 0 1 0 0
/m/0jzphpx /award/award_ceremony/awards_presented./award/award_honor/award /m/02v1m7 2 1 1 1 0 1
/m/0jzphpx /award/award_ceremony/awards_presented./award/award_honor/award /m/02hgm4 7 1 1 1 0 1
/m/05pd94v /award/award_ceremony/awards_presented./award/award_honor/award /m/02581q 12 1 0 1 0 1
/m/05pd94v /award/award_ceremony/awards_presented./award/award_honor/award /m/02h3d1 2 1 1 1 0 1
/m/019bk0 /award/award_ceremony/awards_presented./award/award_honor/award /m/02hdky 26 2 0 1 0 0
/m/02cg41 /award/award_ceremony/awards_presented./award/award_honor/award /m/02ddqh 3 1 1 1 0 1
/m/02cg41 /award/award_ceremony/awards_presented./award/award_honor/award /m/02flqd 13 1 0 1 0 1
/m/0gx1673 /award/award_ceremony/awards_presented./award/award_honor/award /m/02hgm4 4 1 1 1 0 1
/m/013b2h /award/award_ceremony/awards_presented./award/award_honor/award /m/02ddqh 3 1 1 1 0 1
/m/02hn5v /award/award_ceremony/awards_presented./award/award_honor/award /m/0gq_v 9 1 1 1 0 1
/m/0fz20l /award/award_ceremony/awards_presented./award/award_honor/award /m/0p9sw 6 1 1 1 0 1
/m/0fz20l /award/award_ceremony/awards_presented./award/award_honor/award /m/0gqz2 4 1 1 1 0 1
/m/0c4hx0 /award/award_ceremony/awards_presented./award/award_honor/award /m/0gq_d 12 1 0 1 0 1
/m/01mhwk /award/award_ceremony/awards_presented./award/award_honor/award /m/024_41 24 2 0 1 0 0
/m/0bzmt8 /award/award_ceremony/awards_presented./award/award_honor/award /m/0gr42 3 1 1 1 0 1
/m/092_25 /award/award_ceremony/awards_presented./award/award_honor/award /m/0ck27z 11 4 0 1 0 0
/m/0gpjbt /award/award_ceremony/awards_presented./award/award_honor/award /m/024fxq 35 4 0 1 0 0
/m/0fz2y7 /award/award_ceremony/awards_presented./award/award_honor/award /m/0gqwc 10 1 1 1 0 1
/m/02cg41 /award/award_ceremony/awards_presented./award/award_honor/award /m/01c9d1 12 1 0 1 0 1
/m/07z31v /award/award_ceremony/awards_presented./award/award_honor/award /m/09qvf4 3 1 1 1 0 1
/m/0bz6l9 /award/award_ceremony/awards_presented./award/award_honor/award /m/0gqwc 4 1 1 1 0 1
/m/02hn5v /award/award_ceremony/awards_presented./award/award_honor/award /m/0gqng 16 1 0 1 0 1
/m/0fzrtf /award/award_ceremony/awards_presented./award/award_honor/award /m/0gr07 16 3 0 1 0 0
/m/01xqqp /award/award_ceremony/awards_presented./award/award_honor/award /m/02ddq4 4 1 1 1 0 1
/m/073h9x /award/award_ceremony/awards_presented./award/award_honor/award /m/0gq_d 7 1 1 1 0 1
/m/0bzk8w /award/award_ceremony/awards_presented./award/award_honor/award /m/0p9sw 10 1 1 1 0 1
/m/0gx1673 /award/award_ceremony/awards_presented./award/award_honor/award /m/01c9dd 2 1 1 1 0 1
/m/03gyp30 /award/award_ceremony/awards_presented./award/award_honor/award /m/03m73lj 5 1 1 1 0 1
/m/0bc773 /award/award_ceremony/awards_presented./award/award_honor/award /m/0gr4k 4 1 1 1 0 1
/m/02rjjll /award/award_ceremony/awards_presented./award/award_honor/award /m/02ddq4 5 1 1 1 0 1
/m/0fy6bh /award/award_ceremony/awards_presented./award/award_honor/award /m/0gqng 16 1 0 1 0 1
/m/01xqqp /award/award_ceremony/awards_presented./award/award_honor/award /m/01ckcd 7 1 1 1 0 1
/m/02yvhx /award/award_ceremony/awards_presented./award/award_honor/award /m/0gqyl 4 1 1 1 0 1
/m/01mh_q /award/award_ceremony/awards_presented./award/award_honor/award /m/01c4_6 19 1 0 1 0 1
/m/056878 /award/award_ceremony/awards_presented./award/award_honor/award /m/024fxq 36 2 0 1 0 0
/m/056878 /award/award_ceremony/awards_presented./award/award_honor/award /m/02w7fs 5 1 1 1 0 1
/m/0bzk8w /award/award_ceremony/awards_presented./award/award_honor/award /m/0gs9p 5 1 1 1 0 1
/m/09n4nb /award/award_ceremony/awards_presented./award/award_honor/award /m/026mmy 27 2 0 1 0 0
/m/02glmx /award/award_ceremony/awards_presented./award/award_honor/award /m/0gr51 1 1 1 1 1 1
/m/0hr3c8y /award/award_ceremony/awards_presented./award/award_honor/award /m/09sdmz 1 1 1 1 1 1
/m/01c6qp /award/award_ceremony/awards_presented./award/award_honor/award /m/01c4_6 1 1 1 1 1 1
/m/0bvhz9 /award/award_ceremony/awards_presented./award/award_honor/award /m/0gqxm 6 1 1 1 0 1
/m/0bzkgg /award/award_ceremony/awards_presented./award/award_honor/award /m/0l8z1 4 1 1 1 0 1
/m/056878 /award/award_ceremony/awards_presented./award/award_honor/award /m/0c4z8 7 1 1 1 0 1
/m/0fk0xk /award/award_ceremony/awards_presented./award/award_honor/award /m/0gr0m 3 1 1 1 0 1
/m/04110lv /award/award_ceremony/awards_presented./award/award_honor/award /m/0gr0m 10 1 1 1 0 1
/m/02hn5v /award/award_ceremony/awards_presented./award/award_honor/award /m/0gvx_ 15 1 0 1 0 1
/m/0fz20l /award/award_ceremony/awards_presented./award/award_honor/award /m/0gq_d 5 1 1 1 0 1
/m/0fv89q /award/award_ceremony/awards_presented./award/award_honor/award /m/0gr0m 5 1 1 1 0 1
/m/01s695 /award/award_ceremony/awards_presented./award/award_honor/award /m/024_fw 25 2 0 1 0 0
/m/0bzm81 /award/award_ceremony/awards_presented./award/award_honor/award /m/0gs96 2 1 1 1 0 1
/m/0418154 /award/award_ceremony/awards_presented./award/award_honor/award /m/04dn09n 3 1 1 1 0 1
/m/01mh_q /award/award_ceremony/awards_presented./award/award_honor/award /m/026m9w 1 1 1 1 1 1
/m/0466p0j /award/award_ceremony/awards_presented./award/award_honor/award /m/0248jb 26 1 0 1 0 1
/m/0466p0j /award/award_ceremony/awards_presented./award/award_honor/award /m/026mml 2 1 1 1 0 1
/m/0dznvw /award/award_ceremony/awards_presented./award/award_honor/award /m/0gqwc 7 1 1 1 0 1
/m/02cg41 /award/award_ceremony/awards_presented./award/award_honor/award /m/01ckbq 34 2 0 1 0 0
/m/02q690_ /award/award_ceremony/awards_presented./award/award_honor/award /m/09qvf4 14 2 0 1 0 0
/m/02yw5r /award/award_ceremony/awards_presented./award/award_honor/award /m/0gr0m 15 2 0 1 0 0
/m/02glmx /award/award_ceremony/awards_presented./award/award_honor/award /m/0gs96 1 1 1 1 1 1
/m/0fv89q /award/award_ceremony/awards_presented./award/award_honor/award /m/0gqy2 16 4 0 1 0 0
/m/01mhwk /award/award_ceremony/awards_presented./award/award_honor/award /m/01c427 6 1 1 1 0 1
/m/0gvstc3 /award/award_ceremony/awards_presented./award/award_honor/award /m/0gqmvn 10 1 1 1 0 1
/m/0gvstc3 /award/award_ceremony/awards_presented./award/award_honor/award /m/0gkts9 16 5 0 1 0 0
/m/01s695 /award/award_ceremony/awards_presented./award/award_honor/award /m/01bgqh 5 1 1 1 0 1
/m/0jzphpx /award/award_ceremony/awards_presented./award/award_honor/award /m/02w7fs 5 1 1 1 0 1
/m/05pd94v /award/award_ceremony/awards_presented./award/award_honor/award /m/0249fn 13 1 0 1 0 1
/m/092_25 /award/award_ceremony/awards_presented./award/award_honor/award /m/09sdmz 4 1 1 1 0 1
/m/01xqqp /award/award_ceremony/awards_presented./award/award_honor/award /m/03tk6z 3 1 1 1 0 1
/m/0gmdkyy /award/award_ceremony/awards_presented./award/award_honor/award /m/0gqy2 13 2 0 1 0 0
/m/0gpjbt /award/award_ceremony/awards_presented./award/award_honor/award /m/03nl5k 16 2 0 1 0 0
/m/0bzjgq /award/award_ceremony/awards_presented./award/award_honor/award /m/0gqwc 1 1 1 1 1 1
/m/073hkh /award/award_ceremony/awards_presented./award/award_honor/award /m/0l8z1 4 1 1 1 0 1
/m/073hkh /award/award_ceremony/awards_presented./award/award_honor/award /m/0k611 12 1 0 1 0 1
/m/03gyp30 /award/award_ceremony/awards_presented./award/award_honor/award /m/0cqhb3 10 2 1 1 0 0
/m/0bzjvm /award/award_ceremony/awards_presented./award/award_honor/award /m/0gqy2 13 3 0 1 0 0
/m/05pd94v /award/award_ceremony/awards_presented./award/award_honor/award /m/02wh75 2 1 1 1 0 1
/m/0c53zb /award/award_ceremony/awards_presented./award/award_honor/award /m/0gs96 3 1 1 1 0 1
/m/0bvhz9 /award/award_ceremony/awards_presented./award/award_honor/award /m/0gq_v 8 1 1 1 0 1
/m/03nnm4t /award/award_ceremony/awards_presented./award/award_honor/award /m/047byns 5 1 1 1 0 1
/m/073h1t /award/award_ceremony/awards_presented./award/award_honor/award /m/0gq_d 7 1 1 1 0 1
/m/0gpjbt /award/award_ceremony/awards_presented./award/award_honor/award /m/026mmy 26 3 0 1 0 0
/m/05qb8vx /award/award_ceremony/awards_presented./award/award_honor/award /m/0gqy2 18 2 0 1 0 0
/m/0dthsy /award/award_ceremony/awards_presented./award/award_honor/award /m/0gqng 9 1 1 1 0 1
/m/059x66 /award/award_ceremony/awards_presented./award/award_honor/award /m/0gr0m 15 2 0 1 0 0
/m/09306z /award/award_ceremony/awards_presented./award/award_honor/award /m/0gq9h 13 2 0 1 0 0
/m/07y_p6 /award/award_ceremony/awards_presented./award/award_honor/award /m/0gkr9q 4 1 1 1 0 1
/m/013b2h /award/award_ceremony/awards_presented./award/award_honor/award /m/02nhxf 3 1 1 1 0 1
/m/073hkh /award/award_ceremony/awards_presented./award/award_honor/award /m/0gq_d 7 1 1 1 0 1
/m/02yw5r /award/award_ceremony/awards_presented./award/award_honor/award /m/0l8z1 13 1 0 1 0 1
/m/01bx35 /award/award_ceremony/awards_presented./award/award_honor/award /m/01d38g 4 1 1 1 0 1
/m/03gyp30 /award/award_ceremony/awards_presented./award/award_honor/award /m/0cqh6z 2 1 1 1 0 1
/m/01s695 /award/award_ceremony/awards_presented./award/award_honor/award /m/02grdc 9 1 1 1 0 1
/m/050yyb /award/award_ceremony/awards_presented./award/award_honor/award /m/0gq9h 3 1 1 1 0 1
/m/0ftlkg /award/award_ceremony/awards_presented./award/award_honor/award /m/0gq_d 12 3 0 1 0 0
/m/0c6vcj /award/award_ceremony/awards_presented./award/award_honor/award /m/0gqy2 6 1 1 1 0 1
/m/0c53zb /award/award_ceremony/awards_presented./award/award_honor/award /m/0k611 6 1 1 1 0 1
/m/0drtv8 /award/award_ceremony/awards_presented./award/award_honor/award /m/019f4v 2 1 1 1 0 1
/m/0dthsy /award/award_ceremony/awards_presented./award/award_honor/award /m/0gs96 9 1 1 1 0 1
/m/059x66 /award/award_ceremony/awards_presented./award/award_honor/award /m/0gq_v 7 1 1 1 0 1
/m/092868 /award/award_ceremony/awards_presented./award/award_honor/award /m/02681vq 2 1 1 1 0 1
/m/01s695 /award/award_ceremony/awards_presented./award/award_honor/award /m/02flq1 6 1 1 1 0 1
/m/02rjjll /award/award_ceremony/awards_presented./award/award_honor/award /m/01dk00 24 2 0 1 0 0
/m/02jp5r /award/award_ceremony/awards_presented./award/award_honor/award /m/0k611 1 1 1 1 1 1
/m/0hr3c8y /award/award_ceremony/awards_presented./award/award_honor/award /m/03m73lj 11 1 0 1 0 1
/m/0jzphpx /award/award_ceremony/awards_presented./award/award_honor/award /m/026mfs 9 1 1 1 0 1
/m/0c6vcj /award/award_ceremony/awards_presented./award/award_honor/award /m/0f4x7 9 1 1 1 0 1
/m/0c53zb /award/award_ceremony/awards_presented./award/award_honor/award /m/0gqwc 3 1 1 1 0 1
/m/0ds460j /award/award_ceremony/awards_presented./award/award_honor/award /m/01l29r 1 1 1 1 1 1
/m/073h1t /award/award_ceremony/awards_presented./award/award_honor/award /m/018wng 8 1 1 1 0 1
/m/0gpjbt /award/award_ceremony/awards_presented./award/award_honor/award /m/025m8y 23 3 0 1 0 0
/m/05qb8vx /award/award_ceremony/awards_presented./award/award_honor/award /m/0gqng 11 1 0 1 0 1
/m/0h98b3k /award/award_ceremony/awards_presented./award/award_honor/award /m/0fqpg6b 4 1 1 1 0 1
/m/02q690_ /award/award_ceremony/awards_presented./award/award_honor/award /m/02xcb6n 4 1 1 1 0 1
/m/0h_cssd /award/award_ceremony/awards_presented./award/award_honor/award /m/02ppm4q 5 1 1 1 0 1
/m/013b2h /award/award_ceremony/awards_presented./award/award_honor/award /m/03ncb2 25 1 0 1 0 1
/m/0fz0c2 /award/award_ceremony/awards_presented./award/award_honor/award /m/0gqwc 8 1 1 1 0 1
/m/01s695 /award/award_ceremony/awards_presented./award/award_honor/award /m/01c92g 26 2 0 1 0 0
/m/02rjjll /award/award_ceremony/awards_presented./award/award_honor/award /m/0257yf 38 3 0 1 0 0
/m/0jzphpx /award/award_ceremony/awards_presented./award/award_honor/award /m/02nbqh 31 5 0 1 0 0
/m/0lp_cd3 /award/award_ceremony/awards_presented./award/award_honor/award /m/0gkts9 1 1 1 1 1 1
/m/0gpjbt /award/award_ceremony/awards_presented./award/award_honor/award /m/03t5n3 32 3 0 1 0 0
/m/0gkxgfq /award/award_ceremony/awards_presented./award/award_honor/award /m/02q1tc5 1 1 1 1 1 1
/m/0n8_m93 /award/award_ceremony/awards_presented./award/award_honor/award /m/0gq_d 11 1 0 1 0 1
/m/092c5f /award/award_ceremony/awards_presented./award/award_honor/award /m/09sb52 10 3 1 1 0 0
/m/0fz0c2 /award/award_ceremony/awards_presented./award/award_honor/award /m/0czp_ 9 1 1 1 0 1
/m/0bzjvm /award/award_ceremony/awards_presented./award/award_honor/award /m/0gs9p 5 1 1 1 0 1
/m/01c6qp /award/award_ceremony/awards_presented./award/award_honor/award /m/01d38t 6 1 1 1 0 1
/m/0bzknt /award/award_ceremony/awards_presented./award/award_honor/award /m/018wng 8 1 1 1 0 1
/m/05c1t6z /award/award_ceremony/awards_presented./award/award_honor/award /m/09qrn4 1 1 1 1 1 1
/m/0bzkgg /award/award_ceremony/awards_presented./award/award_honor/award /m/0gq_v 7 1 1 1 0 1
/m/056878 /award/award_ceremony/awards_presented./award/award_honor/award /m/02grdc 29 2 0 1 0 0
/m/073hkh /award/award_ceremony/awards_presented./award/award_honor/award /m/0gr51 11 1 0 1 0 1
/m/05hmp6 /award/award_ceremony/awards_presented./award/award_honor/award /m/0gqyl 7 1 1 1 0 1
/m/01mhwk /award/award_ceremony/awards_presented./award/award_honor/award /m/02flq1 4 1 1 1 0 1
/m/01mhwk /award/award_ceremony/awards_presented./award/award_honor/award /m/01c4_6 17 2 0 1 0 0
/m/050yyb /award/award_ceremony/awards_presented./award/award_honor/award /m/018wdw 3 1 1 1 0 1
/m/0bzm__ /award/award_ceremony/awards_presented./award/award_honor/award /m/0gqwc 3 1 1 1 0 1
/m/0hn821n /award/award_ceremony/awards_presented./award/award_honor/award /m/09qrn4 5 1 1 1 0 1
/m/0jzphpx /award/award_ceremony/awards_presented./award/award_honor/award /m/02g8mp 12 1 0 1 0 1
/m/01c6qp /award/award_ceremony/awards_presented./award/award_honor/award /m/023vrq 8 1 1 1 0 1
/m/01xqqp /award/award_ceremony/awards_presented./award/award_honor/award /m/02tj96 19 1 0 1 0 1
/m/0dznvw /award/award_ceremony/awards_presented./award/award_honor/award /m/0gqz2 9 1 1 1 0 1
/m/056878 /award/award_ceremony/awards_presented./award/award_honor/award /m/03ncb2 14 1 0 1 0 1
/m/02yw5r /award/award_ceremony/awards_presented./award/award_honor/award /m/0gr51 3 1 1 1 0 1
/m/02rjjll /award/award_ceremony/awards_presented./award/award_honor/award /m/026mff 39 3 0 1 0 0
/m/0bzjvm /award/award_ceremony/awards_presented./award/award_honor/award /m/018wng 9 1 1 1 0 1
/m/02jp5r /award/award_ceremony/awards_presented./award/award_honor/award /m/0l8z1 3 1 1 1 0 1
/m/02wzl1d /award/award_ceremony/awards_presented./award/award_honor/award /m/054ky1 6 1 1 1 0 1
/m/0jzphpx /award/award_ceremony/awards_presented./award/award_honor/award /m/02wh75 4 1 1 1 0 1
/m/0ftlkg /award/award_ceremony/awards_presented./award/award_honor/award /m/0gvx_ 7 1 1 1 0 1
/m/05pd94v /award/award_ceremony/awards_presented./award/award_honor/award /m/0257__ 14 1 0 1 0 1
/m/05pd94v /award/award_ceremony/awards_presented./award/award_honor/award /m/025m8l 22 1 0 1 0 1
/m/01mh_q /award/award_ceremony/awards_presented./award/award_honor/award /m/024_41 30 3 0 1 0 0
/m/0466p0j /award/award_ceremony/awards_presented./award/award_honor/award /m/02fm4d 6 1 1 1 0 1
/m/019bk0 /award/award_ceremony/awards_presented./award/award_honor/award /m/01by1l 23 2 0 1 0 0
/m/09306z /award/award_ceremony/awards_presented./award/award_honor/award /m/0gqz2 7 1 1 1 0 1
/m/0gx1673 /award/award_ceremony/awards_presented./award/award_honor/award /m/03tcnt 7 1 1 1 0 1
/m/013b2h /award/award_ceremony/awards_presented./award/award_honor/award /m/03qbnj 5 1 1 1 0 1
/m/013b2h /award/award_ceremony/awards_presented./award/award_honor/award /m/031b3h 26 1 0 1 0 1
/m/09n4nb /award/award_ceremony/awards_presented./award/award_honor/award /m/0257yf 11 1 0 1 0 1
/m/02hn5v /award/award_ceremony/awards_presented./award/award_honor/award /m/0k611 7 1 1 1 0 1
/m/0fz20l /award/award_ceremony/awards_presented./award/award_honor/award /m/0czp_ 14 5 0 1 0 0
/m/02glmx /award/award_ceremony/awards_presented./award/award_honor/award /m/0gq_v 17 2 0 1 0 0
/m/01s695 /award/award_ceremony/awards_presented./award/award_honor/award /m/03tcnt 8 1 1 1 0 1
/m/0ftlkg /award/award_ceremony/awards_presented./award/award_honor/award /m/0gqy2 4 1 1 1 0 1
/m/0c4hgj /award/award_ceremony/awards_presented./award/award_honor/award /m/0gvx_ 10 1 1 1 0 1
/m/01c6qp /award/award_ceremony/awards_presented./award/award_honor/award /m/02flpc 15 1 0 1 0 1
/m/01c6qp /award/award_ceremony/awards_presented./award/award_honor/award /m/024_dt 24 1 0 1 0 1
/m/073h1t /award/award_ceremony/awards_presented./award/award_honor/award /m/0k611 2 1 1 1 0 1
/m/0466p0j /award/award_ceremony/awards_presented./award/award_honor/award /m/03t5kl 15 1 0 1 0 1
/m/02cg41 /award/award_ceremony/awards_presented./award/award_honor/award /m/02hgm4 6 1 1 1 0 1
/m/059x66 /award/award_ceremony/awards_presented./award/award_honor/award /m/0l8z1 13 1 0 1 0 1
/m/0bzkvd /award/award_ceremony/awards_presented./award/award_honor/award /m/0gqyl 3 1 1 1 0 1
/m/0fz0c2 /award/award_ceremony/awards_presented./award/award_honor/award /m/0gr0m 8 1 1 1 0 1
/m/0jt3qpk /award/award_ceremony/awards_presented./award/award_honor/award /m/0cc8l6d 4 1 1 1 0 1
/m/073h9x /award/award_ceremony/awards_presented./award/award_honor/award /m/0gqxm 1 1 1 1 1 1
/m/056878 /award/award_ceremony/awards_presented./award/award_honor/award /m/024_dt 37 2 0 1 0 0
/m/02cg41 /award/award_ceremony/awards_presented./award/award_honor/award /m/02sp_v 1 1 1 1 1 1
/m/073hd1 /award/award_ceremony/awards_presented./award/award_honor/award /m/0gqng 6 1 1 1 0 1
/m/0bzlrh /award/award_ceremony/awards_presented./award/award_honor/award /m/0gr0m 6 1 1 1 0 1
/m/0bzjgq /award/award_ceremony/awards_presented./award/award_honor/award /m/0l8z1 7 1 1 1 0 1
/m/02yw5r /award/award_ceremony/awards_presented./award/award_honor/award /m/0gr07 11 1 0 1 0 1
/m/09pnw5 /award/award_ceremony/awards_presented./award/award_honor/award /m/054knh 5 1 1 1 0 1
/m/09pnw5 /award/award_ceremony/awards_presented./award/award_honor/award /m/054ky1 4 1 1 1 0 1
/m/0bzn6_ /award/award_ceremony/awards_presented./award/award_honor/award /m/0gs9p 13 1 0 1 0 1
/m/0bzm__ /award/award_ceremony/awards_presented./award/award_honor/award /m/0gr07 12 1 0 1 0 1
/m/0jzphpx /award/award_ceremony/awards_presented./award/award_honor/award /m/025mb9 7 1 1 1 0 1
/m/09q_6t /award/award_ceremony/awards_presented./award/award_honor/award /m/054knh 4 1 1 1 0 1
/m/01c6qp /award/award_ceremony/awards_presented./award/award_honor/award /m/024vjd 6 1 1 1 0 1
/m/0gmdkyy /award/award_ceremony/awards_presented./award/award_honor/award /m/0gr07 11 1 0 1 0 1
/m/02yvhx /award/award_ceremony/awards_presented./award/award_honor/award /m/0gqwc 5 1 1 1 0 1
/m/01mh_q /award/award_ceremony/awards_presented./award/award_honor/award /m/03qbnj 3 1 1 1 0 1
/m/056878 /award/award_ceremony/awards_presented./award/award_honor/award /m/025m8y 23 1 0 1 0 1
/m/073hd1 /award/award_ceremony/awards_presented./award/award_honor/award /m/0gq_v 1 1 1 1 1 1
/m/0gx1673 /award/award_ceremony/awards_presented./award/award_honor/award /m/01c9f2 3 1 1 1 0 1
/m/0gx1673 /award/award_ceremony/awards_presented./award/award_honor/award /m/02nbqh 9 1 1 1 0 1
/m/0gx1673 /award/award_ceremony/awards_presented./award/award_honor/award /m/024_dt 15 1 0 1 0 1
/m/01bx35 /award/award_ceremony/awards_presented./award/award_honor/award /m/02h3d1 2 1 1 1 0 1
/m/02rjjll /award/award_ceremony/awards_presented./award/award_honor/award /m/0257w4 35 3 0 1 0 0
/m/0hr3c8y /award/award_ceremony/awards_presented./award/award_honor/award /m/09td7p 5 1 1 1 0 1
/m/0ftlkg /award/award_ceremony/awards_presented./award/award_honor/award /m/0f4x7 2 1 1 1 0 1
/m/0c53zb /award/award_ceremony/awards_presented./award/award_honor/award /m/0gqyl 7 1 1 1 0 1
/m/09p30_ /award/award_ceremony/awards_presented./award/award_honor/award /m/054krc 1 1 1 1 1 1
/m/0bz6l9 /award/award_ceremony/awards_presented./award/award_honor/award /m/0gq9h 15 2 0 1 0 0
/m/07y_p6 /award/award_ceremony/awards_presented./award/award_honor/award /m/09qv3c 3 1 1 1 0 1
/m/05pd94v /award/award_ceremony/awards_presented./award/award_honor/award /m/01dk00 33 3 0 1 0 0
/m/05pd94v /award/award_ceremony/awards_presented./award/award_honor/award /m/03r00m 16 1 0 1 0 1
/m/0418154 /award/award_ceremony/awards_presented./award/award_honor/award /m/054krc 1 1 1 1 1 1
/m/01mh_q /award/award_ceremony/awards_presented./award/award_honor/award /m/0c4z8 22 1 0 1 0 1
/m/0466p0j /award/award_ceremony/awards_presented./award/award_honor/award /m/01c9dd 4 1 1 1 0 1
/m/019bk0 /award/award_ceremony/awards_presented./award/award_honor/award /m/02nhxf 3 1 1 1 0 1
/m/0gkxgfq /award/award_ceremony/awards_presented./award/award_honor/award /m/04fgzb0 3 1 1 1 0 1
/m/013b2h /award/award_ceremony/awards_presented./award/award_honor/award /m/01dpdh 10 1 1 1 0 1
/m/0bzjgq /award/award_ceremony/awards_presented./award/award_honor/award /m/0gs9p 6 1 1 1 0 1
/m/0bz6sb /award/award_ceremony/awards_presented./award/award_honor/award /m/0gq_d 9 1 1 1 0 1
/m/01mhwk /award/award_ceremony/awards_presented./award/award_honor/award /m/01dpdh 9 1 1 1 0 1
/m/01s695 /award/award_ceremony/awards_presented./award/award_honor/award /m/024_41 31 2 0 1 0 0
/m/01s695 /award/award_ceremony/awards_presented./award/award_honor/award /m/0c4z8 8 1 1 1 0 1
/m/02rjjll /award/award_ceremony/awards_presented./award/award_honor/award /m/025mb9 4 1 1 1 0 1
/m/0ds460j /award/award_ceremony/awards_presented./award/award_honor/award /m/0dzfdw 3 1 1 1 0 1
/m/01mh_q /award/award_ceremony/awards_presented./award/award_honor/award /m/02fm4d 4 1 1 1 0 1
/m/01mh_q /award/award_ceremony/awards_presented./award/award_honor/award /m/026mfs 7 1 1 1 0 1
/m/019bk0 /award/award_ceremony/awards_presented./award/award_honor/award /m/01c9jp 8 1 1 1 0 1
/m/0dthsy /award/award_ceremony/awards_presented./award/award_honor/award /m/0p9sw 7 1 1 1 0 1
/m/09n4nb /award/award_ceremony/awards_presented./award/award_honor/award /m/026mg3 1 1 1 1 1 1
/m/01bx35 /award/award_ceremony/awards_presented./award/award_honor/award /m/01dk00 24 2 0 1 0 0
/m/0gx_st /award/award_ceremony/awards_presented./award/award_honor/award /m/0bdw1g 7 1 1 1 0 1
/m/02pgky2 /award/award_ceremony/awards_presented./award/award_honor/award /m/0gqwc 12 1 0 1 0 1
/m/01c6qp /award/award_ceremony/awards_presented./award/award_honor/award /m/02grdc 9 1 1 1 0 1
/m/0hr6lkl /award/award_ceremony/awards_presented./award/award_honor/award /m/03hj5vf 4 1 1 1 0 1
/m/0gmdkyy /award/award_ceremony/awards_presented./award/award_honor/award /m/018wdw 6 1 1 1 0 1
/m/01mh_q /award/award_ceremony/awards_presented./award/award_honor/award /m/02wh75 1 1 1 1 1 1
/m/0466p0j /award/award_ceremony/awards_presented./award/award_honor/award /m/02581q 36 2 0 1 0 0
/m/02cg41 /award/award_ceremony/awards_presented./award/award_honor/award /m/03ncb2 39 3 0 1 0 0
/m/0gkxgfq /award/award_ceremony/awards_presented./award/award_honor/award /m/02pzxlw 3 1 1 1 0 1
