/m/07sgdw /award/award_winning_work/awards_won./award/award_honor/honored_for /m/06ybb1 3 1 1 1 0 1
/m/059lwy /award/award_winning_work/awards_won./award/award_honor/honored_for /m/07sgdw 17 2 0 1 0 0
/m/037xlx /award/award_winning_work/awards_won./award/award_honor/honored_for /m/07b1gq 10 1 1 1 0 1
/m/06c0ns /award/award_winning_work/awards_won./award/award_honor/honored_for /m/07sgdw 16 2 0 1 0 0
/m/0ds3t5x /award/award_winning_work/awards_won./award/award_honor/honored_for /m/0fpmrm3 1 1 1 1 1 1
/m/044g_k /award/award_winning_work/awards_won./award/award_honor/honored_for /m/042fgh 5 1 1 1 0 1
/m/024l2y /award/award_winning_work/awards_won./award/award_honor/honored_for /m/03n785 1 1 1 1 1 1
/m/026p_bs /award/award_winning_work/awards_won./award/award_honor/honored_for /m/025twgf 2 1 1 1 0 1
/m/0946bb /award/award_winning_work/awards_won./award/award_honor/honored_for /m/0cwfgz 10 1 1 1 0 1
/m/026390q /award/award_winning_work/awards_won./award/award_honor/honored_for /m/0_816 1 1 1 1 1 1
/m/092vkg /award/award_winning_work/awards_won./award/award_honor/honored_for /m/03rz2b 1 1 1 1 1 1
/m/026f__m /award/award_winning_work/awards_won./award/award_honor/honored_for /m/07gghl 2 1 1 1 0 1
/m/01mszz /award/award_winning_work/awards_won./award/award_honor/honored_for /m/02scbv 15 1 0 1 0 1
/m/037xlx /award/award_winning_work/awards_won./award/award_honor/honored_for /m/02ny6g 13 1 0 1 0 1
/m/042fgh /award/award_winning_work/awards_won./award/award_honor/honored_for /m/044g_k 6 2 1 1 0 0
/m/0q9sg /award/award_winning_work/awards_won./award/award_honor/honored_for /m/06c0ns 15 1 0 1 0 1
/m/059lwy /award/award_winning_work/awards_won./award/award_honor/honored_for /m/0q9sg 16 2 0 1 0 0
/m/05pxnmb /award/award_winning_work/awards_won./award/award_honor/honored_for /m/0kv2hv 1 1 1 1 1 1
/m/0946bb /award/award_winning_work/awards_won./award/award_honor/honored_for /m/02scbv 5 1 1 1 0 1
/m/074rg9 /award/award_winning_work/awards_won./award/award_honor/honored_for /m/0946bb 14 1 0 1 0 1
/m/0946bb /award/award_winning_work/awards_won./award/award_honor/honored_for /m/07sgdw 12 1 0 1 0 1
/m/0q9sg /award/award_winning_work/awards_won./award/award_honor/honored_for /m/06ybb1 3 1 1 1 0 1
/m/037xlx /award/award_winning_work/awards_won./award/award_honor/honored_for /m/059lwy 8 1 1 1 0 1
/m/059lwy /award/award_winning_work/awards_won./award/award_honor/honored_for /m/01771z 5 1 1 1 0 1
/m/0946bb /award/award_winning_work/awards_won./award/award_honor/honored_for /m/04cbbz 3 1 1 1 0 1
/m/037xlx /award/award_winning_work/awards_won./award/award_honor/honored_for /m/06c0ns 7 1 1 1 0 1
/m/02b61v /award/award_winning_work/awards_won./award/award_honor/honored_for /m/09q5w2 1 1 1 1 1 1
/m/0dr_9t7 /award/award_winning_work/awards_won./award/award_honor/honored_for /m/0h63gl9 1 1 1 1 1 1
/m/0dtfn /award/award_winning_work/awards_won./award/award_honor/honored_for /m/0fdv3 2 1 1 1 0 1
/m/059lwy /award/award_winning_work/awards_won./award/award_honor/honored_for /m/037xlx 7 1 1 1 0 1
/m/07b1gq /award/award_winning_work/awards_won./award/award_honor/honored_for /m/0cwfgz 13 1 0 1 0 1
/m/074rg9 /award/award_winning_work/awards_won./award/award_honor/honored_for /m/07sgdw 15 1 0 1 0 1
/m/01771z /award/award_winning_work/awards_won./award/award_honor/honored_for /m/069q4f 16 1 0 1 0 1
/m/0q9sg /award/award_winning_work/awards_won./award/award_honor/honored_for /m/02ny6g 13 1 0 1 0 1
/m/06ybb1 /award/award_winning_work/awards_won./award/award_honor/honored_for /m/0140g4 18 2 0 1 0 0
/m/02scbv /award/award_winning_work/awards_won./award/award_honor/honored_for /m/0cwfgz 4 1 1 1 0 1
/m/025twgf /award/award_winning_work/awards_won./award/award_honor/honored_for /m/026p_bs 3 2 1 1 0 0
/m/08s6mr /award/award_winning_work/awards_won./award/award_honor/honored_for /m/06_x996 1 1 1 1 1 1
/m/0d_wms /award/award_winning_work/awards_won./award/award_honor/honored_for /m/024mxd 3 1 1 1 0 1
/m/03phtz /award/award_winning_work/awards_won./award/award_honor/honored_for /m/04cbbz 6 1 1 1 0 1
/m/02scbv /award/award_winning_work/awards_won./award/award_honor/honored_for /m/01mszz 17 1 0 1 0 1
/m/0glbqt /award/award_winning_work/awards_won./award/award_honor/honored_for /m/0cq7tx 12 12 0 0 0 0
/m/0pc_l /award/award_winning_work/awards_won./award/award_honor/honored_for /m/01dvry 1 1 1 1 1 1
/m/04cbbz /award/award_winning_work/awards_won./award/award_honor/honored_for /m/02ny6g 18 2 0 1 0 0
/m/04tc1g /award/award_winning_work/awards_won./award/award_honor/honored_for /m/026f__m 3 1 1 1 0 1
/m/06ybb1 /award/award_winning_work/awards_won./award/award_honor/honored_for /m/07b1gq 12 1 0 1 0 1
/m/01_mdl /award/award_winning_work/awards_won./award/award_honor/honored_for /m/024mxd 4 1 1 1 0 1
/m/01mszz /award/award_winning_work/awards_won./award/award_honor/honored_for /m/06ybb1 13 1 0 1 0 1
/m/0cwfgz /award/award_winning_work/awards_won./award/award_honor/honored_for /m/07b1gq 16 2 0 1 0 0
/m/042fgh /award/award_winning_work/awards_won./award/award_honor/honored_for /m/0d_wms 3 1 1 1 0 1
/m/0946bb /award/award_winning_work/awards_won./award/award_honor/honored_for /m/01771z 6 1 1 1 0 1
/m/02k_4g /award/award_winning_work/awards_won./award/award_honor/honored_for /m/01qbg5 1 1 1 1 1 1
/m/0286gm1 /award/award_winning_work/awards_won./award/award_honor/honored_for /m/0286hyp 1 1 1 1 1 1
/m/07b1gq /award/award_winning_work/awards_won./award/award_honor/honored_for /m/06ybb1 2 1 1 1 0 1
/m/0q9sg /award/award_winning_work/awards_won./award/award_honor/honored_for /m/0cwfgz 6 1 1 1 0 1
/m/074rg9 /award/award_winning_work/awards_won./award/award_honor/honored_for /m/069q4f 12 1 0 1 0 1
