/m/01ptsx /award/ranked_list/ranked_list_items./award/ranking/item /m/04sv4 17 3 0 1 0 0
/m/01ptsx /award/ranked_list/ranked_list_items./award/ranking/item /m/01tmng 40 5 0 1 0 0
/m/01ptsx /award/ranked_list/ranked_list_items./award/ranking/item /m/01hlwv 6 2 1 1 0 0
/m/09g7thr /award/ranked_list/ranked_list_items./award/ranking/item /m/014d4v 56 2 0 1 0 0
/m/09g7thr /award/ranked_list/ranked_list_items./award/ranking/item /m/01jssp 48 2 0 1 0 0
/m/05glt /award/ranked_list/ranked_list_items./award/ranking/item /m/0bt4g 60 5 0 1 0 0
/m/05glt /award/ranked_list/ranked_list_items./award/ranking/item /m/0c5dd 64 5 0 1 0 0
/m/04k4rt /award/ranked_list/ranked_list_items./award/ranking/item /m/01frpd 20 1 0 1 0 1
/m/026cl_m /award/ranked_list/ranked_list_items./award/ranking/item /m/0j1yf 165 147 0 0 0 0
/m/05glt /award/ranked_list/ranked_list_items./award/ranking/item /m/01bjbk 71 5 0 1 0 0
/m/04k4rt /award/ranked_list/ranked_list_items./award/ranking/item /m/0l8sx 19 1 0 1 0 1
/m/09g7thr /award/ranked_list/ranked_list_items./award/ranking/item /m/03ksy 43 2 0 1 0 0
/m/026cl_m /award/ranked_list/ranked_list_items./award/ranking/item /m/03f77 11 1 0 1 0 1
/m/04k4rt /award/ranked_list/ranked_list_items./award/ranking/item /m/0gvbw 11 1 0 1 0 1
/m/09g7thr /award/ranked_list/ranked_list_items./award/ranking/item /m/019q50 59 2 0 1 0 0
/m/01ptsx /award/ranked_list/ranked_list_items./award/ranking/item /m/0dmtp 18 3 0 1 0 0
/m/01pd60 /award/ranked_list/ranked_list_items./award/ranking/item /m/03sc8 7 1 1 1 0 1
/m/01ptsx /award/ranked_list/ranked_list_items./award/ranking/item /m/02630g 22 3 0 1 0 0
/m/09g7thr /award/ranked_list/ranked_list_items./award/ranking/item /m/0bwfn 44 2 0 1 0 0
/m/026cl_m /award/ranked_list/ranked_list_items./award/ranking/item /m/046lt 13 1 0 1 0 1
/m/01ptsx /award/ranked_list/ranked_list_items./award/ranking/item /m/03y7ml 28 3 0 1 0 0
/m/04k4rt /award/ranked_list/ranked_list_items./award/ranking/item /m/01hlwv 45 14 0 0 0 0
/m/01ptsx /award/ranked_list/ranked_list_items./award/ranking/item /m/0k8z 20 3 0 1 0 0
/m/09g7thr /award/ranked_list/ranked_list_items./award/ranking/item /m/01bcwk 256 194 0 0 0 0
/m/026cl_m /award/ranked_list/ranked_list_items./award/ranking/item /m/08f3b1 9 1 1 1 0 1
/m/01ptsx /award/ranked_list/ranked_list_items./award/ranking/item /m/06py2 25 3 0 1 0 0
/m/04k4rt /award/ranked_list/ranked_list_items./award/ranking/item /m/03phgz 17 1 0 1 0 1
/m/04k4rt /award/ranked_list/ranked_list_items./award/ranking/item /m/0841v 17 1 0 1 0 1
/m/04k4rt /award/ranked_list/ranked_list_items./award/ranking/item /m/01_bp 23 1 0 1 0 1
/m/05glt /award/ranked_list/ranked_list_items./award/ranking/item /m/0p9tm 40 5 0 1 0 0
/m/04k4rt /award/ranked_list/ranked_list_items./award/ranking/item /m/06q07 26 1 0 1 0 1
/m/05glt /award/ranked_list/ranked_list_items./award/ranking/item /m/0fy66 69 5 0 1 0 0
/m/05glt /award/ranked_list/ranked_list_items./award/ranking/item /m/0k5g9 49 5 0 1 0 0
/m/09g7thr /award/ranked_list/ranked_list_items./award/ranking/item /m/07wrz 47 2 0 1 0 0
/m/0dlj8q2 /award/ranked_list/ranked_list_items./award/ranking/item /m/07bz5 1 1 1 1 1 1
/m/01ptsx /award/ranked_list/ranked_list_items./award/ranking/item /m/0mgkg 21 3 0 1 0 0
/m/05glt /award/ranked_list/ranked_list_items./award/ranking/item /m/0gw7p 50 5 0 1 0 0
/m/05glt /award/ranked_list/ranked_list_items./award/ranking/item /m/0bm2g 46 5 0 1 0 0
/m/09g7thr /award/ranked_list/ranked_list_items./award/ranking/item /m/05krk 46 2 0 1 0 0
/m/09g7thr /award/ranked_list/ranked_list_items./award/ranking/item /m/07tgn 48 2 0 1 0 0
/m/05glt /award/ranked_list/ranked_list_items./award/ranking/item /m/0h6r5 44 5 0 1 0 0
/m/04k4rt /award/ranked_list/ranked_list_items./award/ranking/item /m/01yx7f 13 1 0 1 0 1
/m/09g7thr /award/ranked_list/ranked_list_items./award/ranking/item /m/05zl0 63 4 0 1 0 0
/m/01pd60 /award/ranked_list/ranked_list_items./award/ranking/item /m/0cv9b 17 1 0 1 0 1
/m/01ptsx /award/ranked_list/ranked_list_items./award/ranking/item /m/08z129 16 3 0 1 0 0
/m/05glt /award/ranked_list/ranked_list_items./award/ranking/item /m/0hfzr 30 5 0 1 0 0
/m/01ptsx /award/ranked_list/ranked_list_items./award/ranking/item /m/0hkqn 24 3 0 1 0 0
/m/01ptsx /award/ranked_list/ranked_list_items./award/ranking/item /m/0168nq 48 9 0 1 0 0
/m/05glt /award/ranked_list/ranked_list_items./award/ranking/item /m/0cy__l 134 49 0 0 0 0
/m/05glt /award/ranked_list/ranked_list_items./award/ranking/item /m/0bykpk 68 5 0 1 0 0
/m/01ptsx /award/ranked_list/ranked_list_items./award/ranking/item /m/0k9ts 20 3 0 1 0 0
