/m/0b_6mr /base/marchmadness/ncaa_basketball_tournament/seeds./base/marchmadness/ncaa_tournament_seed/team /m/02pyyld 13 2 0 1 0 0
/m/0b_6qj /base/marchmadness/ncaa_basketball_tournament/seeds./base/marchmadness/ncaa_tournament_seed/team /m/026xxv_ 14 3 0 1 0 0
/m/05g_nr /base/marchmadness/ncaa_basketball_tournament/seeds./base/marchmadness/ncaa_tournament_seed/team /m/026dqjm 7 1 1 1 0 1
/m/0b_770 /base/marchmadness/ncaa_basketball_tournament/seeds./base/marchmadness/ncaa_tournament_seed/team /m/02qk2d5 6 1 1 1 0 1
/m/0b_6h7 /base/marchmadness/ncaa_basketball_tournament/seeds./base/marchmadness/ncaa_tournament_seed/team /m/026wlnm 11 2 0 1 0 0
/m/0b_6q5 /base/marchmadness/ncaa_basketball_tournament/seeds./base/marchmadness/ncaa_tournament_seed/team /m/091tgz 9 1 1 1 0 1
/m/0f9rw9 /base/marchmadness/ncaa_basketball_tournament/seeds./base/marchmadness/ncaa_tournament_seed/team /m/02ptzz0 12 2 0 1 0 0
/m/05g_nr /base/marchmadness/ncaa_basketball_tournament/seeds./base/marchmadness/ncaa_tournament_seed/team /m/02plv57 9 1 1 1 0 1
/m/0b_71r /base/marchmadness/ncaa_basketball_tournament/seeds./base/marchmadness/ncaa_tournament_seed/team /m/02pqcfz 9 1 1 1 0 1
/m/0br1xn /base/marchmadness/ncaa_basketball_tournament/seeds./base/marchmadness/ncaa_tournament_seed/team /m/02pqcfz 8 5 1 1 0 0
/m/0bzrxn /base/marchmadness/ncaa_basketball_tournament/seeds./base/marchmadness/ncaa_tournament_seed/team /m/02plv57 14 2 0 1 0 0
/m/0b_6rk /base/marchmadness/ncaa_basketball_tournament/seeds./base/marchmadness/ncaa_tournament_seed/team /m/091tgz 11 1 0 1 0 1
/m/0b_72t /base/marchmadness/ncaa_basketball_tournament/seeds./base/marchmadness/ncaa_tournament_seed/team /m/02pzy52 8 1 1 1 0 1
/m/0b_6_l /base/marchmadness/ncaa_basketball_tournament/seeds./base/marchmadness/ncaa_tournament_seed/team /m/026xxv_ 12 2 0 1 0 0
/m/0b_734 /base/marchmadness/ncaa_basketball_tournament/seeds./base/marchmadness/ncaa_tournament_seed/team /m/02pzy52 9 3 1 1 0 0
/m/0b_734 /base/marchmadness/ncaa_basketball_tournament/seeds./base/marchmadness/ncaa_tournament_seed/team /m/02qk2d5 8 2 1 1 0 0
/m/0b_6qj /base/marchmadness/ncaa_basketball_tournament/seeds./base/marchmadness/ncaa_tournament_seed/team /m/026wlnm 15 3 0 1 0 0
/m/0b_6qj /base/marchmadness/ncaa_basketball_tournament/seeds./base/marchmadness/ncaa_tournament_seed/team /m/02pqcfz 13 3 0 1 0 0
/m/0b_6h7 /base/marchmadness/ncaa_basketball_tournament/seeds./base/marchmadness/ncaa_tournament_seed/team /m/0263cyj 19 7 0 1 0 0
/m/0cc8q3 /base/marchmadness/ncaa_basketball_tournament/seeds./base/marchmadness/ncaa_tournament_seed/team /m/03y9p40 2 1 1 1 0 1
/m/0b_6s7 /base/marchmadness/ncaa_basketball_tournament/seeds./base/marchmadness/ncaa_tournament_seed/team /m/026dqjm 10 2 1 1 0 0
/m/0b_6rk /base/marchmadness/ncaa_basketball_tournament/seeds./base/marchmadness/ncaa_tournament_seed/team /m/02pqcfz 14 1 0 1 0 1
/m/0b_770 /base/marchmadness/ncaa_basketball_tournament/seeds./base/marchmadness/ncaa_tournament_seed/team /m/02pzy52 11 2 0 1 0 0
/m/0b_734 /base/marchmadness/ncaa_basketball_tournament/seeds./base/marchmadness/ncaa_tournament_seed/team /m/02ptzz0 11 3 0 1 0 0
/m/0bqthy /base/marchmadness/ncaa_basketball_tournament/seeds./base/marchmadness/ncaa_tournament_seed/team /m/02pqcfz 8 2 1 1 0 0
/m/0bzrsh /base/marchmadness/ncaa_basketball_tournament/seeds./base/marchmadness/ncaa_tournament_seed/team /m/02pzy52 8 1 1 1 0 1
/m/0b_6q5 /base/marchmadness/ncaa_basketball_tournament/seeds./base/marchmadness/ncaa_tournament_seed/team /m/026wlnm 7 1 1 1 0 1
/m/05g_nr /base/marchmadness/ncaa_basketball_tournament/seeds./base/marchmadness/ncaa_tournament_seed/team /m/02q4ntp 4 1 1 1 0 1
/m/0br1xn /base/marchmadness/ncaa_basketball_tournament/seeds./base/marchmadness/ncaa_tournament_seed/team /m/02plv57 11 6 0 1 0 0
/m/0b_6mr /base/marchmadness/ncaa_basketball_tournament/seeds./base/marchmadness/ncaa_tournament_seed/team /m/026w398 11 2 0 1 0 0
/m/0b_734 /base/marchmadness/ncaa_basketball_tournament/seeds./base/marchmadness/ncaa_tournament_seed/team /m/027yf83 14 4 0 1 0 0
/m/05g_nr /base/marchmadness/ncaa_basketball_tournament/seeds./base/marchmadness/ncaa_tournament_seed/team /m/026xxv_ 8 1 1 1 0 1
/m/0bzrxn /base/marchmadness/ncaa_basketball_tournament/seeds./base/marchmadness/ncaa_tournament_seed/team /m/02qk2d5 12 2 0 1 0 0
/m/0b_6jz /base/marchmadness/ncaa_basketball_tournament/seeds./base/marchmadness/ncaa_tournament_seed/team /m/02py8_w 13 3 0 1 0 0
/m/0b_756 /base/marchmadness/ncaa_basketball_tournament/seeds./base/marchmadness/ncaa_tournament_seed/team /m/04088s0 4 1 1 1 0 1
/m/05g_nr /base/marchmadness/ncaa_basketball_tournament/seeds./base/marchmadness/ncaa_tournament_seed/team /m/091tgz 5 1 1 1 0 1
/m/0bzrsh /base/marchmadness/ncaa_basketball_tournament/seeds./base/marchmadness/ncaa_tournament_seed/team /m/026xxv_ 6 1 1 1 0 1
/m/0b_734 /base/marchmadness/ncaa_basketball_tournament/seeds./base/marchmadness/ncaa_tournament_seed/team /m/03d555l 5 1 1 1 0 1
/m/0b_6v_ /base/marchmadness/ncaa_basketball_tournament/seeds./base/marchmadness/ncaa_tournament_seed/team /m/04088s0 16 4 0 1 0 0
/m/0b_6s7 /base/marchmadness/ncaa_basketball_tournament/seeds./base/marchmadness/ncaa_tournament_seed/team /m/02pyyld 13 3 0 1 0 0
/m/0b_71r /base/marchmadness/ncaa_basketball_tournament/seeds./base/marchmadness/ncaa_tournament_seed/team /m/026w398 9 1 1 1 0 1
