/m/015pkc /base/popstra/celebrity/breakup./base/popstra/breakup/participant /m/078jnn 3 1 1 1 0 1
/m/02v3yy /base/popstra/celebrity/breakup./base/popstra/breakup/participant /m/018gqj 1 1 1 1 1 1
/m/07g2v /base/popstra/celebrity/breakup./base/popstra/breakup/participant /m/05r5w 1 1 1 1 1 1
/m/015pkc /base/popstra/celebrity/breakup./base/popstra/breakup/participant /m/019pm_ 1 1 1 1 1 1
/m/04xrx /base/popstra/celebrity/breakup./base/popstra/breakup/participant /m/01g0jn 1 1 1 1 1 1
/m/026r8q /base/popstra/celebrity/breakup./base/popstra/breakup/participant /m/0993r 1 1 1 1 1 1
/m/0lx2l /base/popstra/celebrity/breakup./base/popstra/breakup/participant /m/05gml8 1 1 1 1 1 1
/m/0j1yf /base/popstra/celebrity/breakup./base/popstra/breakup/participant /m/02114t 2 1 1 1 0 1
/m/01lbp /base/popstra/celebrity/breakup./base/popstra/breakup/participant /m/01lz4tf 2 1 1 1 0 1
/m/09yrh /base/popstra/celebrity/breakup./base/popstra/breakup/participant /m/0315q3 2 1 1 1 0 1
/m/01k5zk /base/popstra/celebrity/breakup./base/popstra/breakup/participant /m/0lkr7 2 1 1 1 0 1
/m/017m2y /base/popstra/celebrity/breakup./base/popstra/breakup/participant /m/07g2v 2 1 1 1 0 1
/m/01dw4q /base/popstra/celebrity/breakup./base/popstra/breakup/participant /m/02b9g4 1 1 1 1 1 1
/m/01vtj38 /base/popstra/celebrity/breakup./base/popstra/breakup/participant /m/02jg92 1 1 1 1 1 1
/m/04bdxl /base/popstra/celebrity/breakup./base/popstra/breakup/participant /m/074tb5 1 1 1 1 1 1
/m/046zh /base/popstra/celebrity/breakup./base/popstra/breakup/participant /m/01tfck 1 1 1 1 1 1
/m/01gq0b /base/popstra/celebrity/breakup./base/popstra/breakup/participant /m/030hcs 1 1 1 1 1 1
/m/01wbsdz /base/popstra/celebrity/breakup./base/popstra/breakup/participant /m/03h_0_z 1 1 1 1 1 1
/m/0lx2l /base/popstra/celebrity/breakup./base/popstra/breakup/participant /m/05dbf 2 1 1 1 0 1
/m/020trj /base/popstra/celebrity/breakup./base/popstra/breakup/participant /m/07r1h 1 1 1 1 1 1
/m/01vxlbm /base/popstra/celebrity/breakup./base/popstra/breakup/participant /m/01v40wd 1 1 1 1 1 1
/m/01vv126 /base/popstra/celebrity/breakup./base/popstra/breakup/participant /m/0227vl 1 1 1 1 1 1
