/m/07l8x /baseball/baseball_team/current_roster./sports/sports_team_roster/position /m/02lyr4 6 1 1 1 0 1
/m/02h8p8 /baseball/baseball_team/current_roster./sports/sports_team_roster/position /m/02wszf 3 1 1 1 0 1
/m/04wmvz /baseball/baseball_team/current_roster./sports/sports_team_roster/position /m/02lyr4 3 1 1 1 0 1
/m/01ync /baseball/baseball_team/current_roster./sports/sports_team_roster/position /m/02wszf 3 1 1 1 0 1
/m/0713r /baseball/baseball_team/current_roster./sports/sports_team_roster/position /m/028c_8 8 1 1 1 0 1
/m/0512p /baseball/baseball_team/current_roster./sports/sports_team_roster/position /m/02lyr4 3 1 1 1 0 1
/m/01slc /baseball/baseball_team/current_roster./sports/sports_team_roster/position /m/01z9v6 5 1 1 1 0 1
/m/061xq /baseball/baseball_team/current_roster./sports/sports_team_roster/position /m/02wszf 4 1 1 1 0 1
/m/06x68 /baseball/baseball_team/current_roster./sports/sports_team_roster/position /m/02wszf 3 1 1 1 0 1
/m/04c9bn /baseball/baseball_team/current_roster./sports/sports_team_roster/position /m/028c_8 2 1 1 1 0 1
/m/0713r /baseball/baseball_team/current_roster./sports/sports_team_roster/position /m/01z9v6 9 1 1 1 0 1
/m/02__x /baseball/baseball_team/current_roster./sports/sports_team_roster/position /m/02sddg 4 1 1 1 0 1
/m/03m1n /baseball/baseball_team/current_roster./sports/sports_team_roster/position /m/01z9v6 4 1 1 1 0 1
/m/03m1n /baseball/baseball_team/current_roster./sports/sports_team_roster/position /m/028c_8 2 1 1 1 0 1
/m/0x2p /baseball/baseball_team/current_roster./sports/sports_team_roster/position /m/02rsl1 10 3 1 1 0 0
/m/05m_8 /baseball/baseball_team/current_roster./sports/sports_team_roster/position /m/02dwn9 8 1 1 1 0 1
/m/04b5l3 /baseball/baseball_team/current_roster./sports/sports_team_roster/position /m/02wszf 3 1 1 1 0 1
/m/01ypc /baseball/baseball_team/current_roster./sports/sports_team_roster/position /m/028c_8 7 1 1 1 0 1
/m/0cqt41 /baseball/baseball_team/current_roster./sports/sports_team_roster/position /m/01z9v6 5 1 1 1 0 1
/m/02gtm4 /baseball/baseball_team/current_roster./sports/sports_team_roster/position /m/02wszf 3 1 1 1 0 1
/m/07l4z /baseball/baseball_team/current_roster./sports/sports_team_roster/position /m/01z9v6 6 1 1 1 0 1
/m/07147 /baseball/baseball_team/current_roster./sports/sports_team_roster/position /m/01z9v6 4 1 1 1 0 1
/m/07l8x /baseball/baseball_team/current_roster./sports/sports_team_roster/position /m/02wszf 7 1 1 1 0 1
/m/049n7 /baseball/baseball_team/current_roster./sports/sports_team_roster/position /m/02wszf 9 1 1 1 0 1
/m/021f30 /baseball/baseball_team/current_roster./sports/sports_team_roster/position /m/02lyr4 3 1 1 1 0 1
/m/0132_h /baseball/baseball_team/current_roster./sports/sports_team_roster/position /m/01z9v6 4 1 1 1 0 1
/m/01d6g /baseball/baseball_team/current_roster./sports/sports_team_roster/position /m/01sdzg 7 2 1 1 0 0
/m/01ypc /baseball/baseball_team/current_roster./sports/sports_team_roster/position /m/02rsl1 10 1 1 1 0 1
/m/0x0d /baseball/baseball_team/current_roster./sports/sports_team_roster/position /m/01z9v6 4 1 1 1 0 1
