/m/02pyyld /basketball/basketball_team/roster./basketball/basketball_roster_position/position /m/0355dz 4 1 1 1 0 1
/m/01jvgt /basketball/basketball_team/roster./basketball/basketball_roster_position/position /m/02_ssl 1 1 1 1 1 1
/m/04cxw5b /basketball/basketball_team/roster./basketball/basketball_roster_position/position /m/0ctt4z 6 1 1 1 0 1
/m/0jmcb /basketball/basketball_team/roster./basketball/basketball_roster_position/position /m/03558l 4 2 1 1 0 0
/m/03y9p40 /basketball/basketball_team/roster./basketball/basketball_roster_position/position /m/02sf_r 4 1 1 1 0 1
/m/02py8_w /basketball/basketball_team/roster./basketball/basketball_roster_position/position /m/03558l 3 1 1 1 0 1
/m/01jvgt /basketball/basketball_team/roster./basketball/basketball_roster_position/position /m/0ctt4z 2 1 1 1 0 1
/m/0jmm4 /basketball/basketball_team/roster./basketball/basketball_roster_position/position /m/03558l 5 1 1 1 0 1
/m/01k8vh /basketball/basketball_team/roster./basketball/basketball_roster_position/position /m/02_ssl 3 1 1 1 0 1
/m/0jmgb /basketball/basketball_team/roster./basketball/basketball_roster_position/position /m/02sf_r 5 1 1 1 0 1
/m/0jmmn /basketball/basketball_team/roster./basketball/basketball_roster_position/position /m/03558l 5 1 1 1 0 1
/m/02py8_w /basketball/basketball_team/roster./basketball/basketball_roster_position/position /m/01pv51 1 1 1 1 1 1
/m/0jm3b /basketball/basketball_team/roster./basketball/basketball_roster_position/position /m/03558l 3 1 1 1 0 1
/m/02qk2d5 /basketball/basketball_team/roster./basketball/basketball_roster_position/position /m/02_ssl 1 1 1 1 1 1
/m/01k8vh /basketball/basketball_team/roster./basketball/basketball_roster_position/position /m/03558l 6 1 1 1 0 1
/m/0jmfb /basketball/basketball_team/roster./basketball/basketball_roster_position/position /m/02sf_r 4 1 1 1 0 1
/m/0jmk7 /basketball/basketball_team/roster./basketball/basketball_roster_position/position /m/03558l 5 1 1 1 0 1
/m/01k8vh /basketball/basketball_team/roster./basketball/basketball_roster_position/position /m/0ctt4z 5 1 1 1 0 1
/m/0jml5 /basketball/basketball_team/roster./basketball/basketball_roster_position/position /m/0355dz 5 1 1 1 0 1
/m/0fw9vx /basketball/basketball_team/roster./basketball/basketball_roster_position/position /m/0355dz 2 1 1 1 0 1
/m/02pqcfz /basketball/basketball_team/roster./basketball/basketball_roster_position/position /m/0355dz 4 1 1 1 0 1
/m/0bwjj /basketball/basketball_team/roster./basketball/basketball_roster_position/position /m/0ctt4z 6 1 1 1 0 1
/m/0jm9w /basketball/basketball_team/roster./basketball/basketball_roster_position/position /m/02_ssl 5 1 1 1 0 1
