/m/01pv51 /basketball/basketball_position/player_roster_position./basketball/basketball_roster_position/team /m/0jm4b 18 1 0 1 0 1
/m/03558l /basketball/basketball_position/player_roster_position./basketball/basketball_roster_position/team /m/0jmcb 25 2 0 1 0 0
/m/02_ssl /basketball/basketball_position/player_roster_position./basketball/basketball_roster_position/team /m/02qk2d5 36 1 0 1 0 1
/m/02_ssl /basketball/basketball_position/player_roster_position./basketball/basketball_roster_position/team /m/0jmbv 20 1 0 1 0 1
/m/02_ssl /basketball/basketball_position/player_roster_position./basketball/basketball_roster_position/team /m/01k8vh 35 1 0 1 0 1
/m/02_ssl /basketball/basketball_position/player_roster_position./basketball/basketball_roster_position/team /m/0jm64 24 1 0 1 0 1
/m/03558l /basketball/basketball_position/player_roster_position./basketball/basketball_roster_position/team /m/02qk2d5 33 2 0 1 0 0
/m/01pv51 /basketball/basketball_position/player_roster_position./basketball/basketball_roster_position/team /m/02pqcfz 21 1 0 1 0 1
/m/0355dz /basketball/basketball_position/player_roster_position./basketball/basketball_roster_position/team /m/02pyyld 24 1 0 1 0 1
/m/0355dz /basketball/basketball_position/player_roster_position./basketball/basketball_roster_position/team /m/0jm2v 26 1 0 1 0 1
/m/0619m3 /basketball/basketball_position/player_roster_position./basketball/basketball_roster_position/team /m/0jm2v 3 1 1 1 0 1
/m/0355dz /basketball/basketball_position/player_roster_position./basketball/basketball_roster_position/team /m/0jmfv 21 1 0 1 0 1
/m/02sf_r /basketball/basketball_position/player_roster_position./basketball/basketball_roster_position/team /m/0jm6n 19 1 0 1 0 1
/m/02sf_r /basketball/basketball_position/player_roster_position./basketball/basketball_roster_position/team /m/091tgz 26 1 0 1 0 1
/m/0355dz /basketball/basketball_position/player_roster_position./basketball/basketball_roster_position/team /m/0jm8l 19 1 0 1 0 1
/m/0355dz /basketball/basketball_position/player_roster_position./basketball/basketball_roster_position/team /m/0jml5 18 1 0 1 0 1
/m/01pv51 /basketball/basketball_position/player_roster_position./basketball/basketball_roster_position/team /m/02pyyld 29 1 0 1 0 1
/m/01pv51 /basketball/basketball_position/player_roster_position./basketball/basketball_roster_position/team /m/01k8vh 20 1 0 1 0 1
/m/0619m3 /basketball/basketball_position/player_roster_position./basketball/basketball_roster_position/team /m/026dqjm 2 1 1 1 0 1
/m/03558l /basketball/basketball_position/player_roster_position./basketball/basketball_roster_position/team /m/0jm7n 22 2 0 1 0 0
/m/0355dz /basketball/basketball_position/player_roster_position./basketball/basketball_roster_position/team /m/0jm9w 16 1 0 1 0 1
/m/03558l /basketball/basketball_position/player_roster_position./basketball/basketball_roster_position/team /m/0jm9w 31 2 0 1 0 0
/m/0355dz /basketball/basketball_position/player_roster_position./basketball/basketball_roster_position/team /m/0jm3v 32 1 0 1 0 1
/m/01pv51 /basketball/basketball_position/player_roster_position./basketball/basketball_roster_position/team /m/0jmk7 27 1 0 1 0 1
/m/02sf_r /basketball/basketball_position/player_roster_position./basketball/basketball_roster_position/team /m/0jmgb 31 2 0 1 0 0
