/m/05qd_ /business/employer/employees./business/employment_tenure/person /m/0b1f49 1 1 1 1 1 1
/m/07wh1 /business/employer/employees./business/employment_tenure/person /m/02sh8y 4 1 1 1 0 1
/m/037bm2 /business/employer/employees./business/employment_tenure/person /m/0f5mdz 1 1 1 1 1 1
/m/02zc7f /business/employer/employees./business/employment_tenure/person /m/0d05fv 1 1 1 1 1 1
/m/0jz9f /business/employer/employees./business/employment_tenure/person /m/06q8hf 1 1 1 1 1 1
/m/0135cw /business/employer/employees./business/employment_tenure/person /m/02n1p5 1 1 1 1 1 1
/m/09c7w0 /business/employer/employees./business/employment_tenure/person /m/034rd 33 12 0 0 0 0
/m/01kvrz /business/employer/employees./business/employment_tenure/person /m/073bb 1 1 1 1 1 1
/m/02hcxm /business/employer/employees./business/employment_tenure/person /m/03s9v 1 1 1 1 1 1
/m/01q940 /business/employer/employees./business/employment_tenure/person /m/01pfkw 1 1 1 1 1 1
/m/07y0n /business/employer/employees./business/employment_tenure/person /m/0d0vj4 2 1 1 1 0 1
/m/01rs59 /business/employer/employees./business/employment_tenure/person /m/0203v 2 1 1 1 0 1
/m/065y4w7 /business/employer/employees./business/employment_tenure/person /m/01g6bk 2 1 1 1 0 1
/m/03zj9 /business/employer/employees./business/employment_tenure/person /m/0pqzh 1 1 1 1 1 1
/m/01_8w2 /business/employer/employees./business/employment_tenure/person /m/01xcr4 1 1 1 1 1 1
/m/03sc8 /business/employer/employees./business/employment_tenure/person /m/01x53m 1 1 1 1 1 1
/m/0g5lhl7 /business/employer/employees./business/employment_tenure/person /m/01nbq4 2 1 1 1 0 1
/m/05gnf /business/employer/employees./business/employment_tenure/person /m/054fvj 1 1 1 1 1 1
/m/031rp3 /business/employer/employees./business/employment_tenure/person /m/03qncl3 1 1 1 1 1 1
/m/06rq1k /business/employer/employees./business/employment_tenure/person /m/01wbg84 7 1 1 1 0 1
/m/037bm2 /business/employer/employees./business/employment_tenure/person /m/081_zm 1 1 1 1 1 1
/m/06rq1k /business/employer/employees./business/employment_tenure/person /m/0pz04 12656 12648 0 0 0 0
/m/04rwx /business/employer/employees./business/employment_tenure/person /m/0b78hw 2 1 1 1 0 1
/m/0gl5_ /business/employer/employees./business/employment_tenure/person /m/03rx9 1 1 1 1 1 1
/m/01stzp /business/employer/employees./business/employment_tenure/person /m/0j3v 3 1 1 1 0 1
/m/059x3p /business/employer/employees./business/employment_tenure/person /m/059x0w 1 1 1 1 1 1
/m/018sg9 /business/employer/employees./business/employment_tenure/person /m/011zwl 2 1 1 1 0 1
/m/065y4w7 /business/employer/employees./business/employment_tenure/person /m/03v40v 2 1 1 1 0 1
/m/06rq1k /business/employer/employees./business/employment_tenure/person /m/0pz91 1 1 1 1 1 1
/m/06rq1k /business/employer/employees./business/employment_tenure/person /m/02r251z 2 1 1 1 0 1
/m/01skqzw /business/employer/employees./business/employment_tenure/person /m/039bp 2 1 1 1 0 1
/m/0jmk7 /business/employer/employees./business/employment_tenure/person /m/01kmd4 1 1 1 1 1 1
/m/01skqzw /business/employer/employees./business/employment_tenure/person /m/02_01w 2 1 1 1 0 1
/m/0d6qjf /business/employer/employees./business/employment_tenure/person /m/034ls 2 1 1 1 0 1
/m/03mnk /business/employer/employees./business/employment_tenure/person /m/06y3r 1 1 1 1 1 1
/m/04rcl7 /business/employer/employees./business/employment_tenure/person /m/081nh 2 1 1 1 0 1
/m/0pmcz /business/employer/employees./business/employment_tenure/person /m/04xm_ 1 1 1 1 1 1
/m/0h6rm /business/employer/employees./business/employment_tenure/person /m/0tfc 1 1 1 1 1 1
/m/07wg3 /business/employer/employees./business/employment_tenure/person /m/015d3h 1 1 1 1 1 1
/m/05zl0 /business/employer/employees./business/employment_tenure/person /m/01hc9_ 4 1 1 1 0 1
/m/030_1_ /business/employer/employees./business/employment_tenure/person /m/030_3z 3 1 1 1 0 1
/m/09c7w0 /business/employer/employees./business/employment_tenure/person /m/06c97 20 1 0 1 0 1
/m/05zl0 /business/employer/employees./business/employment_tenure/person /m/01vdrw 4 1 1 1 0 1
