/m/08mbj32 /common/annotation_category/annotations./common/webpage/topic /m/07w3r 588 314 0 0 0 0
/m/08mbj32 /common/annotation_category/annotations./common/webpage/topic /m/04mhl 148 4 0 1 0 0
/m/08mbj32 /common/annotation_category/annotations./common/webpage/topic /m/04grdgy 171 4 0 1 0 0
/m/08mbj32 /common/annotation_category/annotations./common/webpage/topic /m/013w7j 131 4 0 1 0 0
/m/08mbj32 /common/annotation_category/annotations./common/webpage/topic /m/04cr6qv 150 4 0 1 0 0
/m/08mbj32 /common/annotation_category/annotations./common/webpage/topic /m/067xw 154 4 0 1 0 0
/m/08mbj32 /common/annotation_category/annotations./common/webpage/topic /m/0tz1j 147 4 0 1 0 0
/m/08mbj32 /common/annotation_category/annotations./common/webpage/topic /m/01tw31 152 4 0 1 0 0
/m/08mbj32 /common/annotation_category/annotations./common/webpage/topic /m/019g40 142 4 0 1 0 0
/m/08mbj32 /common/annotation_category/annotations./common/webpage/topic /m/03jl0_ 169 4 0 1 0 0
/m/08mbj32 /common/annotation_category/annotations./common/webpage/topic /m/02l840 105 4 0 1 0 0
/m/08mbj32 /common/annotation_category/annotations./common/webpage/topic /m/0bsj9 216 22 0 0 0 0
/m/08mbj32 /common/annotation_category/annotations./common/webpage/topic /m/01kvrz 78 3 0 1 0 0
/m/08mbj32 /common/annotation_category/annotations./common/webpage/topic /m/01vb403 149 4 0 1 0 0
/m/08mbj5d /common/annotation_category/annotations./common/webpage/topic /m/0178_w 273 16 0 0 0 0
/m/08mbj5d /common/annotation_category/annotations./common/webpage/topic /m/09ksp 288 16 0 0 0 0
/m/08mbj5d /common/annotation_category/annotations./common/webpage/topic /m/01hlq3 292 16 0 0 0 0
/m/08mbj5d /common/annotation_category/annotations./common/webpage/topic /m/0rt80 723 284 0 0 0 0
/m/08mbj5d /common/annotation_category/annotations./common/webpage/topic /m/07xpm 104 6 0 1 0 0
/m/08mbj5d /common/annotation_category/annotations./common/webpage/topic /m/07wbk 1031 565 0 0 0 0
/m/08mbj5d /common/annotation_category/annotations./common/webpage/topic /m/03sb38 291 16 0 0 0 0
/m/08mbj5d /common/annotation_category/annotations./common/webpage/topic /m/0fqg8 303 16 0 0 0 0
/m/08mbj5d /common/annotation_category/annotations./common/webpage/topic /m/03vv61 299 16 0 0 0 0
/m/08mbj5d /common/annotation_category/annotations./common/webpage/topic /m/02ydx 303 16 0 0 0 0
/m/08mbj5d /common/annotation_category/annotations./common/webpage/topic /m/070b4 283 16 0 0 0 0
/m/08mbj5d /common/annotation_category/annotations./common/webpage/topic /m/08qnnv 161 11 0 0 0 0
/m/08mbj5d /common/annotation_category/annotations./common/webpage/topic /m/0fkwzs 280 16 0 0 0 0
/m/08mbj5d /common/annotation_category/annotations./common/webpage/topic /m/05mv4 127 7 0 1 0 0
/m/08mbj5d /common/annotation_category/annotations./common/webpage/topic /m/01lct6 270 16 0 0 0 0
/m/08mbj5d /common/annotation_category/annotations./common/webpage/topic /m/035wtd 96 6 0 1 0 0
/m/08mbj5d /common/annotation_category/annotations./common/webpage/topic /m/06k5_ 299 16 0 0 0 0
/m/08mbj5d /common/annotation_category/annotations./common/webpage/topic /m/081yw 274 16 0 0 0 0
/m/08mbj32 /common/annotation_category/annotations./common/webpage/topic /m/0f63n 155 4 0 1 0 0
/m/08mbj32 /common/annotation_category/annotations./common/webpage/topic /m/05qzv 1858 1498 0 0 0 0
/m/08mbj32 /common/annotation_category/annotations./common/webpage/topic /m/01vnbh 2288 1918 0 0 0 0
/m/08mbj32 /common/annotation_category/annotations./common/webpage/topic /m/0f13b 130 4 0 1 0 0
/m/08mbj32 /common/annotation_category/annotations./common/webpage/topic /m/01wg25j 131 4 0 1 0 0
/m/08mbj32 /common/annotation_category/annotations./common/webpage/topic /m/04r_8 166 4 0 1 0 0
/m/08mbj32 /common/annotation_category/annotations./common/webpage/topic /m/029j_ 176 4 0 1 0 0
/m/08mbj32 /common/annotation_category/annotations./common/webpage/topic /m/016t0h 160 4 0 1 0 0
/m/08mbj32 /common/annotation_category/annotations./common/webpage/topic /m/05w3y 152 4 0 1 0 0
/m/08mbj5d /common/annotation_category/annotations./common/webpage/topic /m/0l_dv 288 16 0 0 0 0
/m/08mbj5d /common/annotation_category/annotations./common/webpage/topic /m/0qlnr 86 6 0 1 0 0
/m/08mbj5d /common/annotation_category/annotations./common/webpage/topic /m/01nn3m 514 118 0 0 0 0
/m/08mbj5d /common/annotation_category/annotations./common/webpage/topic /m/02508x 291 16 0 0 0 0
/m/08mbj5d /common/annotation_category/annotations./common/webpage/topic /m/025ldg 257 16 0 0 0 0
/m/08mbj5d /common/annotation_category/annotations./common/webpage/topic /m/03jldb 270 16 0 0 0 0
/m/08mbj5d /common/annotation_category/annotations./common/webpage/topic /m/0lphb 272 16 0 0 0 0
/m/08mbj5d /common/annotation_category/annotations./common/webpage/topic /m/03f0qd7 215 15 0 0 0 0
/m/08mbj5d /common/annotation_category/annotations./common/webpage/topic /m/01n43d 300 16 0 0 0 0
/m/08mbj5d /common/annotation_category/annotations./common/webpage/topic /m/03q_w5 287 16 0 0 0 0
/m/08mbj32 /common/annotation_category/annotations./common/webpage/topic /m/03sc8 381 138 0 0 0 0
/m/08mbj32 /common/annotation_category/annotations./common/webpage/topic /m/01914 474 224 0 0 0 0
/m/08mbj32 /common/annotation_category/annotations./common/webpage/topic /m/092bf5 173 4 0 1 0 0
/m/08mbj32 /common/annotation_category/annotations./common/webpage/topic /m/035p3 165 4 0 1 0 0
/m/08mbj32 /common/annotation_category/annotations./common/webpage/topic /m/026db_ 170 4 0 1 0 0
/m/08mbj32 /common/annotation_category/annotations./common/webpage/topic /m/0581vn8 160 4 0 1 0 0
/m/08mbj32 /common/annotation_category/annotations./common/webpage/topic /m/0gd92 137 4 0 1 0 0
/m/08mbj32 /common/annotation_category/annotations./common/webpage/topic /m/03ckwzc 144 4 0 1 0 0
/m/08mbj32 /common/annotation_category/annotations./common/webpage/topic /m/0d7vtk 165 4 0 1 0 0
/m/08mbj5d /common/annotation_category/annotations./common/webpage/topic /m/013zyw 273 16 0 0 0 0
/m/08mbj5d /common/annotation_category/annotations./common/webpage/topic /m/021w0_ 151 11 0 0 0 0
/m/08mbj5d /common/annotation_category/annotations./common/webpage/topic /m/011xy1 349 35 0 0 0 0
/m/08mbj5d /common/annotation_category/annotations./common/webpage/topic /m/01j_06 335 28 0 0 0 0
/m/08mbj5d /common/annotation_category/annotations./common/webpage/topic /m/01qz69r 298 16 0 0 0 0
/m/08mbj5d /common/annotation_category/annotations./common/webpage/topic /m/0pf5y 303 16 0 0 0 0
/m/08mbj5d /common/annotation_category/annotations./common/webpage/topic /m/04fcjt 298 16 0 0 0 0
/m/08mbj5d /common/annotation_category/annotations./common/webpage/topic /m/036gdw 290 16 0 0 0 0
/m/08mbj5d /common/annotation_category/annotations./common/webpage/topic /m/0c75w 295 16 0 0 0 0
/m/08mbj5d /common/annotation_category/annotations./common/webpage/topic /m/04fznlb 303 16 0 0 0 0
/m/08mbj5d /common/annotation_category/annotations./common/webpage/topic /m/02vcp0 262 16 0 0 0 0
/m/08mbj5d /common/annotation_category/annotations./common/webpage/topic /m/02g2wv 3525 2985 0 0 0 0
/m/08mbj5d /common/annotation_category/annotations./common/webpage/topic /m/01vqq1 293 16 0 0 0 0
/m/08mbj5d /common/annotation_category/annotations./common/webpage/topic /m/0106dv 282 16 0 0 0 0
/m/08mbj5d /common/annotation_category/annotations./common/webpage/topic /m/025snf 299 16 0 0 0 0
/m/08mbj5d /common/annotation_category/annotations./common/webpage/topic /m/07mgr 1279 796 0 0 0 0
/m/08mbj32 /common/annotation_category/annotations./common/webpage/topic /m/03qdm 89 3 0 1 0 0
/m/08mbj32 /common/annotation_category/annotations./common/webpage/topic /m/086x3 177 4 0 1 0 0
/m/08mbj32 /common/annotation_category/annotations./common/webpage/topic /m/0418wg 152 4 0 1 0 0
/m/08mbj32 /common/annotation_category/annotations./common/webpage/topic /m/050z2 353 119 0 0 0 0
/m/08mbj32 /common/annotation_category/annotations./common/webpage/topic /m/0l786 2986 2604 0 0 0 0
/m/08mbj32 /common/annotation_category/annotations./common/webpage/topic /m/014g91 854 556 0 0 0 0
/m/08mbj32 /common/annotation_category/annotations./common/webpage/topic /m/0gztl 141 4 0 1 0 0
/m/08mbj32 /common/annotation_category/annotations./common/webpage/topic /m/0dly0 173 4 0 1 0 0
/m/08mbj32 /common/annotation_category/annotations./common/webpage/topic /m/01tlrp 175 4 0 1 0 0
/m/08mbj5d /common/annotation_category/annotations./common/webpage/topic /m/05z1_ 289 16 0 0 0 0
/m/08mbj5d /common/annotation_category/annotations./common/webpage/topic /m/0ply0 263 16 0 0 0 0
/m/08mbj5d /common/annotation_category/annotations./common/webpage/topic /m/019lty 303 16 0 0 0 0
/m/08mbj5d /common/annotation_category/annotations./common/webpage/topic /m/03x23q 282 16 0 0 0 0
/m/08mbj5d /common/annotation_category/annotations./common/webpage/topic /m/02cff1 289 16 0 0 0 0
/m/08mbj5d /common/annotation_category/annotations./common/webpage/topic /m/01nrz4 260 16 0 0 0 0
/m/08mbj5d /common/annotation_category/annotations./common/webpage/topic /m/0421v9q 263 16 0 0 0 0
/m/08mbj5d /common/annotation_category/annotations./common/webpage/topic /m/034qbx 2679 2149 0 0 0 0
/m/08mbj5d /common/annotation_category/annotations./common/webpage/topic /m/01773g 303 16 0 0 0 0
/m/08mbj5d /common/annotation_category/annotations./common/webpage/topic /m/01slc 298 16 0 0 0 0
/m/08mbj5d /common/annotation_category/annotations./common/webpage/topic /m/0c7f7 303 16 0 0 0 0
/m/08mbj5d /common/annotation_category/annotations./common/webpage/topic /m/07p7g 3829 3287 0 0 0 0
/m/08mbj32 /common/annotation_category/annotations./common/webpage/topic /m/07l2m 1225 896 0 0 0 0
/m/08mbj32 /common/annotation_category/annotations./common/webpage/topic /m/01y0y6 149 4 0 1 0 0
/m/08mbj32 /common/annotation_category/annotations./common/webpage/topic /m/02yxjs 78 3 0 1 0 0
/m/08mbj32 /common/annotation_category/annotations./common/webpage/topic /m/09889g 99 4 0 1 0 0
/m/08mbj32 /common/annotation_category/annotations./common/webpage/topic /m/0841v 375 136 0 0 0 0
/m/08mbj32 /common/annotation_category/annotations./common/webpage/topic /m/0cq7kw 152 4 0 1 0 0
/m/08mbj32 /common/annotation_category/annotations./common/webpage/topic /m/0gn30 1656 1304 0 0 0 0
/m/08mbj32 /common/annotation_category/annotations./common/webpage/topic /m/033tln 147 4 0 1 0 0
/m/08mbj32 /common/annotation_category/annotations./common/webpage/topic /m/07xyn1 171 4 0 1 0 0
/m/08mbj32 /common/annotation_category/annotations./common/webpage/topic /m/04y9mm8 3827 3443 0 0 0 0
/m/08mbj32 /common/annotation_category/annotations./common/webpage/topic /m/0b3wk 167 4 0 1 0 0
/m/08mbj5d /common/annotation_category/annotations./common/webpage/topic /m/011xhx 281 16 0 0 0 0
/m/08mbj5d /common/annotation_category/annotations./common/webpage/topic /m/0f2v0 253 16 0 0 0 0
/m/08mbj5d /common/annotation_category/annotations./common/webpage/topic /m/010v8k 729 290 0 0 0 0
/m/08mbj5d /common/annotation_category/annotations./common/webpage/topic /m/01zzy3 295 16 0 0 0 0
/m/08mbj5d /common/annotation_category/annotations./common/webpage/topic /m/0ycp3 277 16 0 0 0 0
/m/08mbj5d /common/annotation_category/annotations./common/webpage/topic /m/0l12d 241 16 0 0 0 0
/m/08mbj5d /common/annotation_category/annotations./common/webpage/topic /m/02g1jh 279 16 0 0 0 0
/m/08mbj5d /common/annotation_category/annotations./common/webpage/topic /m/0577d 297 16 0 0 0 0
/m/08mbj5d /common/annotation_category/annotations./common/webpage/topic /m/015f7 233 16 0 0 0 0
/m/08mbj5d /common/annotation_category/annotations./common/webpage/topic /m/01l87db 274 16 0 0 0 0
/m/08mbj5d /common/annotation_category/annotations./common/webpage/topic /m/017mbb 275 16 0 0 0 0
/m/08mbj5d /common/annotation_category/annotations./common/webpage/topic /m/01mbwlb 274 16 0 0 0 0
/m/08mbj5d /common/annotation_category/annotations./common/webpage/topic /m/01y06y 111 6 0 1 0 0
/m/08mbj5d /common/annotation_category/annotations./common/webpage/topic /m/0plyy 731 292 0 0 0 0
/m/08mbj5d /common/annotation_category/annotations./common/webpage/topic /m/02py9yf 303 16 0 0 0 0
/m/08mbj5d /common/annotation_category/annotations./common/webpage/topic /m/01h72l 280 16 0 0 0 0
/m/08mbj5d /common/annotation_category/annotations./common/webpage/topic /m/0345kr 1928 1415 0 0 0 0
/m/08mbj5d /common/annotation_category/annotations./common/webpage/topic /m/01cwdk 104 6 0 1 0 0
/m/08mbj5d /common/annotation_category/annotations./common/webpage/topic /m/09lcsj 278 16 0 0 0 0
/m/08mbj5d /common/annotation_category/annotations./common/webpage/topic /m/0195pd 297 16 0 0 0 0
/m/08mbj32 /common/annotation_category/annotations./common/webpage/topic /m/0b7l4x 150 4 0 1 0 0
/m/08mbj32 /common/annotation_category/annotations./common/webpage/topic /m/018phr 285 66 0 0 0 0
/m/08mbj32 /common/annotation_category/annotations./common/webpage/topic /m/01_wfj 158 4 0 1 0 0
/m/08mbj32 /common/annotation_category/annotations./common/webpage/topic /m/08z129 147 4 0 1 0 0
/m/08mbj32 /common/annotation_category/annotations./common/webpage/topic /m/01kkx2 160 4 0 1 0 0
/m/08mbj32 /common/annotation_category/annotations./common/webpage/topic /m/01l1b90 139 4 0 1 0 0
/m/08mbj32 /common/annotation_category/annotations./common/webpage/topic /m/03x45p 175 4 0 1 0 0
/m/08mbj32 /common/annotation_category/annotations./common/webpage/topic /m/030k94 2281 1911 0 0 0 0
/m/08mbj32 /common/annotation_category/annotations./common/webpage/topic /m/059dn 167 4 0 1 0 0
/m/08mbj32 /common/annotation_category/annotations./common/webpage/topic /m/0chgzm 1467 1125 0 0 0 0
/m/08mbj32 /common/annotation_category/annotations./common/webpage/topic /m/01n073 146 4 0 1 0 0
/m/08mbj32 /common/annotation_category/annotations./common/webpage/topic /m/01j7z7 136 4 0 1 0 0
/m/08mbj32 /common/annotation_category/annotations./common/webpage/topic /m/01skmp 158 4 0 1 0 0
/m/08mbj32 /common/annotation_category/annotations./common/webpage/topic /m/03txms 2123 1759 0 0 0 0
/m/08mbj32 /common/annotation_category/annotations./common/webpage/topic /m/013hxv 1184 861 0 0 0 0
/m/08mbj32 /common/annotation_category/annotations./common/webpage/topic /m/0yyh 175 4 0 1 0 0
/m/08mbj5d /common/annotation_category/annotations./common/webpage/topic /m/03gn1x 108 6 0 1 0 0
/m/08mbj5d /common/annotation_category/annotations./common/webpage/topic /m/0r3wm 279 16 0 0 0 0
/m/08mbj5d /common/annotation_category/annotations./common/webpage/topic /m/03fnmd 303 16 0 0 0 0
/m/08mbj5d /common/annotation_category/annotations./common/webpage/topic /m/06cn5 302 16 0 0 0 0
/m/08mbj5d /common/annotation_category/annotations./common/webpage/topic /m/02847m9 271 16 0 0 0 0
/m/08mbj5d /common/annotation_category/annotations./common/webpage/topic /m/01qq_lp 278 16 0 0 0 0
/m/08mbj5d /common/annotation_category/annotations./common/webpage/topic /m/01hb1t 280 16 0 0 0 0
/m/08mbj5d /common/annotation_category/annotations./common/webpage/topic /m/08tyb_ 297 16 0 0 0 0
/m/08mbj5d /common/annotation_category/annotations./common/webpage/topic /m/0725ny 281 16 0 0 0 0
/m/08mbj5d /common/annotation_category/annotations./common/webpage/topic /m/027j9wd 273 16 0 0 0 0
/m/08mbj5d /common/annotation_category/annotations./common/webpage/topic /m/0rrhp 291 16 0 0 0 0
/m/08mbj5d /common/annotation_category/annotations./common/webpage/topic /m/0c66m 302 16 0 0 0 0
/m/08mbj5d /common/annotation_category/annotations./common/webpage/topic /m/037s9x 99 6 0 1 0 0
/m/08mbj5d /common/annotation_category/annotations./common/webpage/topic /m/05bkf 833 383 0 0 0 0
/m/08mbj5d /common/annotation_category/annotations./common/webpage/topic /m/0p8r1 1921 1408 0 0 0 0
/m/08mbj32 /common/annotation_category/annotations./common/webpage/topic /m/0ddkf 122 4 0 1 0 0
/m/08mbj32 /common/annotation_category/annotations./common/webpage/topic /m/025ldg 128 4 0 1 0 0
/m/08mbj32 /common/annotation_category/annotations./common/webpage/topic /m/0dw4g 119 4 0 1 0 0
/m/08mbj32 /common/annotation_category/annotations./common/webpage/topic /m/023zl 84 3 0 1 0 0
/m/08mbj5d /common/annotation_category/annotations./common/webpage/topic /m/0xxc 107 6 0 1 0 0
/m/08mbj5d /common/annotation_category/annotations./common/webpage/topic /m/02183k 88 6 0 1 0 0
/m/08mbj5d /common/annotation_category/annotations./common/webpage/topic /m/0_m3k 289 16 0 0 0 0
/m/08mbj5d /common/annotation_category/annotations./common/webpage/topic /m/0fvd03 154 11 0 0 0 0
/m/08mbj5d /common/annotation_category/annotations./common/webpage/topic /m/02ldkf 101 6 0 1 0 0
/m/08mbj5d /common/annotation_category/annotations./common/webpage/topic /m/01w3lzq 265 16 0 0 0 0
/m/08mbj5d /common/annotation_category/annotations./common/webpage/topic /m/0rj0z 286 16 0 0 0 0
/m/08mbj5d /common/annotation_category/annotations./common/webpage/topic /m/0gfsq9 271 16 0 0 0 0
/m/08mbj5d /common/annotation_category/annotations./common/webpage/topic /m/01w61th 206 14 0 0 0 0
/m/08mbj5d /common/annotation_category/annotations./common/webpage/topic /m/0ckrgs 286 16 0 0 0 0
/m/08mbj5d /common/annotation_category/annotations./common/webpage/topic /m/02ppg1r 296 16 0 0 0 0
/m/08mbj5d /common/annotation_category/annotations./common/webpage/topic /m/0gfzgl 299 16 0 0 0 0
/m/08mbj5d /common/annotation_category/annotations./common/webpage/topic /m/0bq8tmw 261 16 0 0 0 0
/m/08mbj5d /common/annotation_category/annotations./common/webpage/topic /m/03hvk2 126 7 0 1 0 0
/m/08mbj5d /common/annotation_category/annotations./common/webpage/topic /m/05s_k6 296 16 0 0 0 0
/m/08mbj5d /common/annotation_category/annotations./common/webpage/topic /m/018x3 258 16 0 0 0 0
/m/08mbj32 /common/annotation_category/annotations./common/webpage/topic /m/013t2y 175 4 0 1 0 0
/m/08mbj32 /common/annotation_category/annotations./common/webpage/topic /m/09hnb 124 4 0 1 0 0
/m/08mbj32 /common/annotation_category/annotations./common/webpage/topic /m/01kf5lf 3673 3289 0 0 0 0
/m/08mbj32 /common/annotation_category/annotations./common/webpage/topic /m/09h4b5 150 4 0 1 0 0
/m/08mbj32 /common/annotation_category/annotations./common/webpage/topic /m/01zpmq 147 4 0 1 0 0
/m/08mbj32 /common/annotation_category/annotations./common/webpage/topic /m/07lp1 152 4 0 1 0 0
/m/08mbj32 /common/annotation_category/annotations./common/webpage/topic /m/016s0m 519 256 0 0 0 0
/m/08mbj5d /common/annotation_category/annotations./common/webpage/topic /m/0rp46 298 16 0 0 0 0
/m/08mbj5d /common/annotation_category/annotations./common/webpage/topic /m/022tfp 301 16 0 0 0 0
/m/08mbj5d /common/annotation_category/annotations./common/webpage/topic /m/0mn8t 275 16 0 0 0 0
/m/08mbj5d /common/annotation_category/annotations./common/webpage/topic /m/086xm 89 6 0 1 0 0
/m/08mbj5d /common/annotation_category/annotations./common/webpage/topic /m/03772 278 16 0 0 0 0
/m/08mbj5d /common/annotation_category/annotations./common/webpage/topic /m/03f5spx 191 14 0 0 0 0
/m/08mbj5d /common/annotation_category/annotations./common/webpage/topic /m/0277c3 264 16 0 0 0 0
/m/08mbj5d /common/annotation_category/annotations./common/webpage/topic /m/02x9g_ 96 6 0 1 0 0
/m/08mbj5d /common/annotation_category/annotations./common/webpage/topic /m/016fmf 273 16 0 0 0 0
/m/08mbj5d /common/annotation_category/annotations./common/webpage/topic /m/03v0t 273 16 0 0 0 0
/m/08mbj5d /common/annotation_category/annotations./common/webpage/topic /m/02rqwhl 285 16 0 0 0 0
/m/08mbj5d /common/annotation_category/annotations./common/webpage/topic /m/0sw62 283 16 0 0 0 0
/m/08mbj5d /common/annotation_category/annotations./common/webpage/topic /m/0g7yx 303 16 0 0 0 0
/m/08mbj5d /common/annotation_category/annotations./common/webpage/topic /m/02km0m 95 6 0 1 0 0
/m/08mbj5d /common/annotation_category/annotations./common/webpage/topic /m/0134tg 277 16 0 0 0 0
/m/08mbj5d /common/annotation_category/annotations./common/webpage/topic /m/019x62 384 53 0 0 0 0
/m/08mbj5d /common/annotation_category/annotations./common/webpage/topic /m/0109vk 286 16 0 0 0 0
/m/08mbj32 /common/annotation_category/annotations./common/webpage/topic /m/02_l39 149 4 0 1 0 0
/m/08mbj32 /common/annotation_category/annotations./common/webpage/topic /m/02kxbx3 133 4 0 1 0 0
/m/08mbj32 /common/annotation_category/annotations./common/webpage/topic /m/01rp13 159 4 0 1 0 0
/m/08mbj32 /common/annotation_category/annotations./common/webpage/topic /m/01yfm8 159 4 0 1 0 0
/m/08mbj32 /common/annotation_category/annotations./common/webpage/topic /m/0134bf 173 4 0 1 0 0
/m/08mbj32 /common/annotation_category/annotations./common/webpage/topic /m/01m9f1 150 4 0 1 0 0
/m/08mbj5d /common/annotation_category/annotations./common/webpage/topic /m/0177sq 102 6 0 1 0 0
/m/08mbj5d /common/annotation_category/annotations./common/webpage/topic /m/04qb6g 2172 1650 0 0 0 0
/m/08mbj5d /common/annotation_category/annotations./common/webpage/topic /m/0k1bs 262 16 0 0 0 0
/m/08mbj5d /common/annotation_category/annotations./common/webpage/topic /m/01r4zfk 288 16 0 0 0 0
/m/08mbj5d /common/annotation_category/annotations./common/webpage/topic /m/0889x 270 16 0 0 0 0
/m/08mbj5d /common/annotation_category/annotations./common/webpage/topic /m/0qr4n 736 297 0 0 0 0
/m/08mbj32 /common/annotation_category/annotations./common/webpage/topic /m/01w02sy 118 4 0 1 0 0
/m/08mbj32 /common/annotation_category/annotations./common/webpage/topic /m/01d8wq 177 4 0 1 0 0
/m/08mbj32 /common/annotation_category/annotations./common/webpage/topic /m/02slt7 171 4 0 1 0 0
/m/08mbj32 /common/annotation_category/annotations./common/webpage/topic /m/02y_3rf 177 4 0 1 0 0
/m/08mbj32 /common/annotation_category/annotations./common/webpage/topic /m/0p9nv 156 4 0 1 0 0
/m/08mbj32 /common/annotation_category/annotations./common/webpage/topic /m/01vvlyt 138 4 0 1 0 0
/m/08mbj32 /common/annotation_category/annotations./common/webpage/topic /m/04wv_ 173 4 0 1 0 0
/m/08mbj32 /common/annotation_category/annotations./common/webpage/topic /m/0f8l9c 101 4 0 1 0 0
/m/08mbj32 /common/annotation_category/annotations./common/webpage/topic /m/0lfgr 74 3 0 1 0 0
/m/08mbj32 /common/annotation_category/annotations./common/webpage/topic /m/01vsxdm 151 4 0 1 0 0
/m/08mbj5d /common/annotation_category/annotations./common/webpage/topic /m/0hb37 301 16 0 0 0 0
/m/08mbj5d /common/annotation_category/annotations./common/webpage/topic /m/0b44shh 268 16 0 0 0 0
/m/08mbj5d /common/annotation_category/annotations./common/webpage/topic /m/06jw0s 274 16 0 0 0 0
/m/08mbj5d /common/annotation_category/annotations./common/webpage/topic /m/0126y2 270 16 0 0 0 0
/m/08mbj5d /common/annotation_category/annotations./common/webpage/topic /m/0x2jd 303 16 0 0 0 0
/m/08mbj5d /common/annotation_category/annotations./common/webpage/topic /m/02g3w 283 16 0 0 0 0
/m/08mbj5d /common/annotation_category/annotations./common/webpage/topic /m/01zmqw 287 16 0 0 0 0
/m/08mbj5d /common/annotation_category/annotations./common/webpage/topic /m/01vwbts 263 16 0 0 0 0
/m/08mbj5d /common/annotation_category/annotations./common/webpage/topic /m/06b19 151 11 0 0 0 0
/m/08mbj5d /common/annotation_category/annotations./common/webpage/topic /m/06pwf6 288 16 0 0 0 0
/m/08mbj5d /common/annotation_category/annotations./common/webpage/topic /m/01vw87c 242 16 0 0 0 0
/m/08mbj5d /common/annotation_category/annotations./common/webpage/topic /m/019pwv 100 6 0 1 0 0
/m/08mbj5d /common/annotation_category/annotations./common/webpage/topic /m/01jpqb 98 6 0 1 0 0
/m/08mbj5d /common/annotation_category/annotations./common/webpage/topic /m/02465 274 16 0 0 0 0
/m/08mbj5d /common/annotation_category/annotations./common/webpage/topic /m/046lt 1605 1103 0 0 0 0
/m/08mbj5d /common/annotation_category/annotations./common/webpage/topic /m/0m19t 286 16 0 0 0 0
/m/08mbj32 /common/annotation_category/annotations./common/webpage/topic /m/025tdwc 165 4 0 1 0 0
/m/08mbj32 /common/annotation_category/annotations./common/webpage/topic /m/02rvwt 175 4 0 1 0 0
/m/08mbj32 /common/annotation_category/annotations./common/webpage/topic /m/06y57 154 4 0 1 0 0
/m/08mbj32 /common/annotation_category/annotations./common/webpage/topic /m/02zd460 73 3 0 1 0 0
/m/08mbj32 /common/annotation_category/annotations./common/webpage/topic /m/0mmd6 177 4 0 1 0 0
/m/08mbj32 /common/annotation_category/annotations./common/webpage/topic /m/06br6t 158 4 0 1 0 0
/m/08mbj5d /common/annotation_category/annotations./common/webpage/topic /m/0ftps 275 16 0 0 0 0
/m/08mbj5d /common/annotation_category/annotations./common/webpage/topic /m/0zdfp 289 16 0 0 0 0
/m/08mbj5d /common/annotation_category/annotations./common/webpage/topic /m/0gz5hs 273 16 0 0 0 0
/m/08mbj5d /common/annotation_category/annotations./common/webpage/topic /m/06gd4 270 16 0 0 0 0
/m/08mbj5d /common/annotation_category/annotations./common/webpage/topic /m/027wvb 301 16 0 0 0 0
/m/08mbj5d /common/annotation_category/annotations./common/webpage/topic /m/06pr6 285 16 0 0 0 0
/m/08mbj5d /common/annotation_category/annotations./common/webpage/topic /m/027dpx 594 177 0 0 0 0
/m/08mbj5d /common/annotation_category/annotations./common/webpage/topic /m/05th69 277 16 0 0 0 0
/m/08mbj5d /common/annotation_category/annotations./common/webpage/topic /m/0517bc 290 16 0 0 0 0
/m/08mbj5d /common/annotation_category/annotations./common/webpage/topic /m/0f67f 285 16 0 0 0 0
/m/08mbj5d /common/annotation_category/annotations./common/webpage/topic /m/0d0l91 292 16 0 0 0 0
/m/08mbj5d /common/annotation_category/annotations./common/webpage/topic /m/0jyw 300 16 0 0 0 0
/m/08mbj5d /common/annotation_category/annotations./common/webpage/topic /m/025l5 262 16 0 0 0 0
/m/08mbj5d /common/annotation_category/annotations./common/webpage/topic /m/01qh7 252 16 0 0 0 0
/m/08mbj5d /common/annotation_category/annotations./common/webpage/topic /m/025ts_z 280 16 0 0 0 0
/m/08mbj5d /common/annotation_category/annotations./common/webpage/topic /m/0136kr 299 16 0 0 0 0
/m/08mbj32 /common/annotation_category/annotations./common/webpage/topic /m/03hmt9b 136 4 0 1 0 0
/m/08mbj32 /common/annotation_category/annotations./common/webpage/topic /m/0k9ts 144 4 0 1 0 0
/m/08mbj32 /common/annotation_category/annotations./common/webpage/topic /m/03d9d6 148 4 0 1 0 0
/m/08mbj32 /common/annotation_category/annotations./common/webpage/topic /m/03qkcn9 160 4 0 1 0 0
/m/08mbj5d /common/annotation_category/annotations./common/webpage/topic /m/0cttx 3863 3317 0 0 0 0
/m/08mbj5d /common/annotation_category/annotations./common/webpage/topic /m/09krp 287 16 0 0 0 0
/m/08mbj5d /common/annotation_category/annotations./common/webpage/topic /m/05rnp1 3073 2538 0 0 0 0
/m/08mbj5d /common/annotation_category/annotations./common/webpage/topic /m/02bzh0 160 11 0 0 0 0
/m/08mbj5d /common/annotation_category/annotations./common/webpage/topic /m/0btpm6 2039 1521 0 0 0 0
/m/08mbj5d /common/annotation_category/annotations./common/webpage/topic /m/01stzp 108 6 0 1 0 0
/m/08mbj5d /common/annotation_category/annotations./common/webpage/topic /m/013dy7 290 16 0 0 0 0
/m/08mbj5d /common/annotation_category/annotations./common/webpage/topic /m/0713r 297 16 0 0 0 0
/m/08mbj5d /common/annotation_category/annotations./common/webpage/topic /m/089j8p 274 16 0 0 0 0
/m/08mbj5d /common/annotation_category/annotations./common/webpage/topic /m/017lb_ 284 16 0 0 0 0
/m/08mbj32 /common/annotation_category/annotations./common/webpage/topic /m/05pdbs 168 4 0 1 0 0
/m/08mbj32 /common/annotation_category/annotations./common/webpage/topic /m/018z_c 1729 1373 0 0 0 0
/m/08mbj32 /common/annotation_category/annotations./common/webpage/topic /m/02nrdp 156 4 0 1 0 0
/m/08mbj32 /common/annotation_category/annotations./common/webpage/topic /m/0x3n 147 4 0 1 0 0
/m/08mbj32 /common/annotation_category/annotations./common/webpage/topic /m/04hhv 2189 1824 0 0 0 0
/m/08mbj32 /common/annotation_category/annotations./common/webpage/topic /m/02kc4sf 177 4 0 1 0 0
/m/08mbj32 /common/annotation_category/annotations./common/webpage/topic /m/02r38 163 4 0 1 0 0
/m/08mbj32 /common/annotation_category/annotations./common/webpage/topic /m/01l_vgt 153 4 0 1 0 0
/m/08mbj32 /common/annotation_category/annotations./common/webpage/topic /m/01vvyc_ 141 4 0 1 0 0
/m/08mbj32 /common/annotation_category/annotations./common/webpage/topic /m/01wf86y 232 30 0 0 0 0
/m/08mbj32 /common/annotation_category/annotations./common/webpage/topic /m/03h_fk5 136 4 0 1 0 0
/m/08mbj5d /common/annotation_category/annotations./common/webpage/topic /m/0cpyv 298 16 0 0 0 0
/m/08mbj5d /common/annotation_category/annotations./common/webpage/topic /m/0124k9 278 16 0 0 0 0
/m/08mbj5d /common/annotation_category/annotations./common/webpage/topic /m/02l_7y 271 16 0 0 0 0
/m/08mbj5d /common/annotation_category/annotations./common/webpage/topic /m/0ylgz 291 16 0 0 0 0
/m/08mbj5d /common/annotation_category/annotations./common/webpage/topic /m/031ldd 287 16 0 0 0 0
/m/08mbj5d /common/annotation_category/annotations./common/webpage/topic /m/01qgr3 140 11 0 0 0 0
/m/08mbj5d /common/annotation_category/annotations./common/webpage/topic /m/0b2ds 278 16 0 0 0 0
/m/08mbj5d /common/annotation_category/annotations./common/webpage/topic /m/09r4xx 296 16 0 0 0 0
/m/08mbj32 /common/annotation_category/annotations./common/webpage/topic /m/0dtd6 146 4 0 1 0 0
/m/08mbj32 /common/annotation_category/annotations./common/webpage/topic /m/01nrgq 3014 2632 0 0 0 0
/m/08mbj32 /common/annotation_category/annotations./common/webpage/topic /m/0dzst 87 3 0 1 0 0
/m/08mbj32 /common/annotation_category/annotations./common/webpage/topic /m/01hkhq 1560 1215 0 0 0 0
/m/08mbj32 /common/annotation_category/annotations./common/webpage/topic /m/02y49 1954 1594 0 0 0 0
/m/08mbj32 /common/annotation_category/annotations./common/webpage/topic /m/016pns 142 4 0 1 0 0
/m/08mbj32 /common/annotation_category/annotations./common/webpage/topic /m/0f04v 145 4 0 1 0 0
/m/08mbj32 /common/annotation_category/annotations./common/webpage/topic /m/0km3f 173 4 0 1 0 0
/m/08mbj32 /common/annotation_category/annotations./common/webpage/topic /m/07l50vn 154 4 0 1 0 0
/m/08mbj32 /common/annotation_category/annotations./common/webpage/topic /m/07v5q 5064 4676 0 0 0 0
/m/08mbj32 /common/annotation_category/annotations./common/webpage/topic /m/016fnb 121 4 0 1 0 0
/m/08mbj32 /common/annotation_category/annotations./common/webpage/topic /m/0187x8 188 8 0 1 0 0
/m/08mbj32 /common/annotation_category/annotations./common/webpage/topic /m/016h4r 131 4 0 1 0 0
/m/08mbj5d /common/annotation_category/annotations./common/webpage/topic /m/01n2m6 1094 624 0 0 0 0
/m/08mbj5d /common/annotation_category/annotations./common/webpage/topic /m/03g5jw 271 16 0 0 0 0
/m/08mbj5d /common/annotation_category/annotations./common/webpage/topic /m/02qwg 229 16 0 0 0 0
/m/08mbj5d /common/annotation_category/annotations./common/webpage/topic /m/0173s9 1885 1372 0 0 0 0
/m/08mbj5d /common/annotation_category/annotations./common/webpage/topic /m/03l3jy 269 16 0 0 0 0
/m/08mbj5d /common/annotation_category/annotations./common/webpage/topic /m/0bpk2 566 154 0 0 0 0
/m/08mbj5d /common/annotation_category/annotations./common/webpage/topic /m/01nsyf 298 16 0 0 0 0
/m/08mbj5d /common/annotation_category/annotations./common/webpage/topic /m/0hl3d 298 16 0 0 0 0
/m/08mbj5d /common/annotation_category/annotations./common/webpage/topic /m/01x2tm8 1072 602 0 0 0 0
/m/08mbj5d /common/annotation_category/annotations./common/webpage/topic /m/0prfz 280 16 0 0 0 0
/m/08mbj5d /common/annotation_category/annotations./common/webpage/topic /m/02k_px 299 16 0 0 0 0
/m/08mbj5d /common/annotation_category/annotations./common/webpage/topic /m/047c9l 1058 589 0 0 0 0
/m/08mbj5d /common/annotation_category/annotations./common/webpage/topic /m/013719 147 11 0 0 0 0
/m/08mbj5d /common/annotation_category/annotations./common/webpage/topic /m/08cx5g 299 16 0 0 0 0
/m/08mbj5d /common/annotation_category/annotations./common/webpage/topic /m/0358g8 303 16 0 0 0 0
/m/08mbj5d /common/annotation_category/annotations./common/webpage/topic /m/01zrq0 303 16 0 0 0 0
/m/08mbj32 /common/annotation_category/annotations./common/webpage/topic /m/036jp8 168 4 0 1 0 0
/m/08mbj32 /common/annotation_category/annotations./common/webpage/topic /m/025xt8y 130 4 0 1 0 0
/m/08mbj32 /common/annotation_category/annotations./common/webpage/topic /m/012x1l 190 9 0 1 0 0
/m/08mbj32 /common/annotation_category/annotations./common/webpage/topic /m/02b07b 169 4 0 1 0 0
/m/08mbj32 /common/annotation_category/annotations./common/webpage/topic /m/03ydlnj 160 4 0 1 0 0
/m/08mbj32 /common/annotation_category/annotations./common/webpage/topic /m/014z8v 142 4 0 1 0 0
/m/08mbj32 /common/annotation_category/annotations./common/webpage/topic /m/06r1k 167 4 0 1 0 0
/m/08mbj32 /common/annotation_category/annotations./common/webpage/topic /m/0d075m 1392 1053 0 0 0 0
/m/08mbj32 /common/annotation_category/annotations./common/webpage/topic /m/047msdk 154 4 0 1 0 0
/m/08mbj32 /common/annotation_category/annotations./common/webpage/topic /m/081k8 2402 2027 0 0 0 0
/m/08mbj32 /common/annotation_category/annotations./common/webpage/topic /m/09jm8 148 4 0 1 0 0
/m/08mbj5d /common/annotation_category/annotations./common/webpage/topic /m/0fw3f 738 299 0 0 0 0
/m/08mbj5d /common/annotation_category/annotations./common/webpage/topic /m/01dq5z 95 6 0 1 0 0
/m/08mbj5d /common/annotation_category/annotations./common/webpage/topic /m/0gh4g0 299 16 0 0 0 0
/m/08mbj5d /common/annotation_category/annotations./common/webpage/topic /m/01vg0s 99 6 0 1 0 0
/m/08mbj5d /common/annotation_category/annotations./common/webpage/topic /m/0bdxs5 188 14 0 0 0 0
/m/08mbj5d /common/annotation_category/annotations./common/webpage/topic /m/0xt3t 288 16 0 0 0 0
/m/08mbj5d /common/annotation_category/annotations./common/webpage/topic /m/015bwt 283 16 0 0 0 0
/m/08mbj5d /common/annotation_category/annotations./common/webpage/topic /m/01bdhf 156 11 0 0 0 0
/m/08mbj5d /common/annotation_category/annotations./common/webpage/topic /m/0cc56 262 16 0 0 0 0
/m/08mbj5d /common/annotation_category/annotations./common/webpage/topic /m/02fs_d 350 35 0 0 0 0
/m/08mbj5d /common/annotation_category/annotations./common/webpage/topic /m/03f3_p3 275 16 0 0 0 0
/m/08mbj32 /common/annotation_category/annotations./common/webpage/topic /m/040vk98 167 4 0 1 0 0
/m/08mbj32 /common/annotation_category/annotations./common/webpage/topic /m/017v_ 142 4 0 1 0 0
/m/08mbj32 /common/annotation_category/annotations./common/webpage/topic /m/01pllx 128 4 0 1 0 0
/m/08mbj32 /common/annotation_category/annotations./common/webpage/topic /m/01r3w7 162 4 0 1 0 0
/m/08mbj32 /common/annotation_category/annotations./common/webpage/topic /m/044k8 136 4 0 1 0 0
/m/08mbj32 /common/annotation_category/annotations./common/webpage/topic /m/09zmys 148 4 0 1 0 0
/m/08mbj32 /common/annotation_category/annotations./common/webpage/topic /m/0478__m 130 4 0 1 0 0
/m/08mbj32 /common/annotation_category/annotations./common/webpage/topic /m/0yls9 911 604 0 0 0 0
/m/08mbj32 /common/annotation_category/annotations./common/webpage/topic /m/01tnbn 1639 1287 0 0 0 0
/m/08mbj32 /common/annotation_category/annotations./common/webpage/topic /m/05kh_ 130 4 0 1 0 0
/m/08mbj32 /common/annotation_category/annotations./common/webpage/topic /m/01c_d 165 4 0 1 0 0
/m/08mbj32 /common/annotation_category/annotations./common/webpage/topic /m/0ljc_ 1033 716 0 0 0 0
/m/08mbj32 /common/annotation_category/annotations./common/webpage/topic /m/0289q 1223 896 0 0 0 0
/m/08mbj32 /common/annotation_category/annotations./common/webpage/topic /m/03f1zdw 2484 2107 0 0 0 0
/m/08mbj32 /common/annotation_category/annotations./common/webpage/topic /m/043zg 120 4 0 1 0 0
/m/08mbj5d /common/annotation_category/annotations./common/webpage/topic /m/0z07 169 11 0 0 0 0
/m/08mbj5d /common/annotation_category/annotations./common/webpage/topic /m/02yl42 288 16 0 0 0 0
/m/08mbj5d /common/annotation_category/annotations./common/webpage/topic /m/03cyslc 279 16 0 0 0 0
/m/08mbj5d /common/annotation_category/annotations./common/webpage/topic /m/02lv2v 88 6 0 1 0 0
/m/08mbj5d /common/annotation_category/annotations./common/webpage/topic /m/01nrnm 157 11 0 0 0 0
/m/08mbj5d /common/annotation_category/annotations./common/webpage/topic /m/0r8bh 284 16 0 0 0 0
/m/08mbj5d /common/annotation_category/annotations./common/webpage/topic /m/02vjp3 281 16 0 0 0 0
/m/08mbj5d /common/annotation_category/annotations./common/webpage/topic /m/016tw3 259 16 0 0 0 0
/m/08mbj5d /common/annotation_category/annotations./common/webpage/topic /m/0jhjl 107 6 0 1 0 0
/m/08mbj5d /common/annotation_category/annotations./common/webpage/topic /m/0nqph 827 380 0 0 0 0
/m/08mbj5d /common/annotation_category/annotations./common/webpage/topic /m/05q78ky 299 16 0 0 0 0
/m/08mbj5d /common/annotation_category/annotations./common/webpage/topic /m/04dsnp 2593 2063 0 0 0 0
/m/08mbj5d /common/annotation_category/annotations./common/webpage/topic /m/02x8s9 2883 2349 0 0 0 0
/m/08mbj5d /common/annotation_category/annotations./common/webpage/topic /m/02m77 286 16 0 0 0 0
/m/08mbj5d /common/annotation_category/annotations./common/webpage/topic /m/01vw20h 257 16 0 0 0 0
/m/08mbj32 /common/annotation_category/annotations./common/webpage/topic /m/0mgcr 154 4 0 1 0 0
/m/08mbj32 /common/annotation_category/annotations./common/webpage/topic /m/01b_lz 157 4 0 1 0 0
/m/08mbj32 /common/annotation_category/annotations./common/webpage/topic /m/01npw8 155 4 0 1 0 0
/m/08mbj32 /common/annotation_category/annotations./common/webpage/topic /m/0grd7 174 4 0 1 0 0
/m/08mbj32 /common/annotation_category/annotations./common/webpage/topic /m/07vqnc 167 4 0 1 0 0
/m/08mbj32 /common/annotation_category/annotations./common/webpage/topic /m/0jyx6 3326 2943 0 0 0 0
/m/08mbj32 /common/annotation_category/annotations./common/webpage/topic /m/0h7h6 137 4 0 1 0 0
/m/08mbj32 /common/annotation_category/annotations./common/webpage/topic /m/03t852 132 4 0 1 0 0
/m/08mbj5d /common/annotation_category/annotations./common/webpage/topic /m/01wx756 265 16 0 0 0 0
/m/08mbj5d /common/annotation_category/annotations./common/webpage/topic /m/04ls53 288 16 0 0 0 0
/m/08mbj5d /common/annotation_category/annotations./common/webpage/topic /m/013jz2 292 16 0 0 0 0
/m/08mbj5d /common/annotation_category/annotations./common/webpage/topic /m/04qmr 273 16 0 0 0 0
/m/08mbj5d /common/annotation_category/annotations./common/webpage/topic /m/03cvv4 288 16 0 0 0 0
/m/08mbj32 /common/annotation_category/annotations./common/webpage/topic /m/01vd7hn 163 4 0 1 0 0
/m/08mbj32 /common/annotation_category/annotations./common/webpage/topic /m/0l12d 112 4 0 1 0 0
/m/08mbj32 /common/annotation_category/annotations./common/webpage/topic /m/04rwx 85 3 0 1 0 0
/m/08mbj32 /common/annotation_category/annotations./common/webpage/topic /m/0444x 141 4 0 1 0 0
/m/08mbj32 /common/annotation_category/annotations./common/webpage/topic /m/0bq2g 112 4 0 1 0 0
/m/08mbj32 /common/annotation_category/annotations./common/webpage/topic /m/01mskc3 156 4 0 1 0 0
/m/08mbj32 /common/annotation_category/annotations./common/webpage/topic /m/05gqf 177 4 0 1 0 0
/m/08mbj32 /common/annotation_category/annotations./common/webpage/topic /m/0pyww 136 4 0 1 0 0
/m/08mbj32 /common/annotation_category/annotations./common/webpage/topic /m/04lgq 177 4 0 1 0 0
/m/08mbj32 /common/annotation_category/annotations./common/webpage/topic /m/0177z 163 4 0 1 0 0
/m/08mbj32 /common/annotation_category/annotations./common/webpage/topic /m/01p0w_ 136 4 0 1 0 0
/m/08mbj32 /common/annotation_category/annotations./common/webpage/topic /m/0lhn5 156 4 0 1 0 0
/m/08mbj5d /common/annotation_category/annotations./common/webpage/topic /m/01csqg 104 6 0 1 0 0
/m/08mbj5d /common/annotation_category/annotations./common/webpage/topic /m/0qkcb 756 317 0 0 0 0
/m/08mbj5d /common/annotation_category/annotations./common/webpage/topic /m/080dwhx 2359 1836 0 0 0 0
/m/08mbj5d /common/annotation_category/annotations./common/webpage/topic /m/01yhm 300 16 0 0 0 0
/m/08mbj5d /common/annotation_category/annotations./common/webpage/topic /m/04jbyg 303 16 0 0 0 0
/m/08mbj5d /common/annotation_category/annotations./common/webpage/topic /m/0tz1x 276 16 0 0 0 0
/m/08mbj5d /common/annotation_category/annotations./common/webpage/topic /m/0bs8ndx 264 16 0 0 0 0
/m/08mbj5d /common/annotation_category/annotations./common/webpage/topic /m/0f11p 104 6 0 1 0 0
/m/08mbj5d /common/annotation_category/annotations./common/webpage/topic /m/01_ztw 202 14 0 0 0 0
/m/08mbj5d /common/annotation_category/annotations./common/webpage/topic /m/04f525m 284 16 0 0 0 0
/m/08mbj5d /common/annotation_category/annotations./common/webpage/topic /m/06y9c2 543 136 0 0 0 0
/m/08mbj5d /common/annotation_category/annotations./common/webpage/topic /m/027xq5 4855 4288 0 0 0 0
/m/08mbj5d /common/annotation_category/annotations./common/webpage/topic /m/0642xf3 287 16 0 0 0 0
/m/08mbj5d /common/annotation_category/annotations./common/webpage/topic /m/07p62k 271 16 0 0 0 0
/m/08mbj5d /common/annotation_category/annotations./common/webpage/topic /m/02txdf 97 6 0 1 0 0
/m/08mbj5d /common/annotation_category/annotations./common/webpage/topic /m/065vxq 302 16 0 0 0 0
/m/08mbj5d /common/annotation_category/annotations./common/webpage/topic /m/0304nh 1321 832 0 0 0 0
/m/08mbj5d /common/annotation_category/annotations./common/webpage/topic /m/05f7w84 296 16 0 0 0 0
/m/08mbj32 /common/annotation_category/annotations./common/webpage/topic /m/0fx0j2 168 4 0 1 0 0
/m/08mbj32 /common/annotation_category/annotations./common/webpage/topic /m/03j2ts 177 4 0 1 0 0
/m/08mbj32 /common/annotation_category/annotations./common/webpage/topic /m/014zfs 136 4 0 1 0 0
/m/08mbj32 /common/annotation_category/annotations./common/webpage/topic /m/0150t6 122 4 0 1 0 0
/m/08mbj32 /common/annotation_category/annotations./common/webpage/topic /m/022q32 156 4 0 1 0 0
/m/08mbj32 /common/annotation_category/annotations./common/webpage/topic /m/02cl1 126 4 0 1 0 0
/m/08mbj32 /common/annotation_category/annotations./common/webpage/topic /m/047bynf 153 4 0 1 0 0
/m/08mbj32 /common/annotation_category/annotations./common/webpage/topic /m/0320jz 142 4 0 1 0 0
/m/08mbj32 /common/annotation_category/annotations./common/webpage/topic /m/01w92 441 196 0 0 0 0
/m/08mbj32 /common/annotation_category/annotations./common/webpage/topic /m/0g10g 162 4 0 1 0 0
/m/08mbj32 /common/annotation_category/annotations./common/webpage/topic /m/0_565 160 4 0 1 0 0
/m/08mbj5d /common/annotation_category/annotations./common/webpage/topic /m/01vqrm 282 16 0 0 0 0
/m/08mbj5d /common/annotation_category/annotations./common/webpage/topic /m/0j__m 303 16 0 0 0 0
/m/08mbj5d /common/annotation_category/annotations./common/webpage/topic /m/05397h 301 16 0 0 0 0
/m/08mbj5d /common/annotation_category/annotations./common/webpage/topic /m/01cr28 301 16 0 0 0 0
/m/08mbj5d /common/annotation_category/annotations./common/webpage/topic /m/018qt8 301 16 0 0 0 0
/m/08mbj5d /common/annotation_category/annotations./common/webpage/topic /m/01f53 299 16 0 0 0 0
/m/08mbj5d /common/annotation_category/annotations./common/webpage/topic /m/026hxwx 275 16 0 0 0 0
/m/08mbj5d /common/annotation_category/annotations./common/webpage/topic /m/0gs973 276 16 0 0 0 0
/m/08mbj5d /common/annotation_category/annotations./common/webpage/topic /m/04n7ps6 302 16 0 0 0 0
/m/08mbj5d /common/annotation_category/annotations./common/webpage/topic /m/01vxqyl 263 16 0 0 0 0
/m/08mbj5d /common/annotation_category/annotations./common/webpage/topic /m/02ndj5 438 79 0 0 0 0
/m/08mbj5d /common/annotation_category/annotations./common/webpage/topic /m/0rng 294 16 0 0 0 0
/m/08mbj5d /common/annotation_category/annotations./common/webpage/topic /m/0167xy 272 16 0 0 0 0
/m/08mbj5d /common/annotation_category/annotations./common/webpage/topic /m/01dq9q 278 16 0 0 0 0
/m/08mbj5d /common/annotation_category/annotations./common/webpage/topic /m/03hbbc 299 16 0 0 0 0
/m/08mbj32 /common/annotation_category/annotations./common/webpage/topic /m/0l8sx 155 4 0 1 0 0
/m/08mbj32 /common/annotation_category/annotations./common/webpage/topic /m/04_by 156 4 0 1 0 0
/m/08mbj32 /common/annotation_category/annotations./common/webpage/topic /m/02kc_w5 4998 4612 0 0 0 0
/m/08mbj32 /common/annotation_category/annotations./common/webpage/topic /m/0bkq_8 168 4 0 1 0 0
/m/08mbj32 /common/annotation_category/annotations./common/webpage/topic /m/0gk7z 80 3 0 1 0 0
/m/08mbj32 /common/annotation_category/annotations./common/webpage/topic /m/0345gh 75 3 0 1 0 0
/m/08mbj32 /common/annotation_category/annotations./common/webpage/topic /m/016gb5 171 4 0 1 0 0
/m/08mbj32 /common/annotation_category/annotations./common/webpage/topic /m/031sn 162 4 0 1 0 0
/m/08mbj32 /common/annotation_category/annotations./common/webpage/topic /m/06qv_ 163 4 0 1 0 0
/m/08mbj32 /common/annotation_category/annotations./common/webpage/topic /m/03sww 146 4 0 1 0 0
/m/08mbj32 /common/annotation_category/annotations./common/webpage/topic /m/01mqz0 150 4 0 1 0 0
/m/08mbj5d /common/annotation_category/annotations./common/webpage/topic /m/01j95 297 16 0 0 0 0
/m/08mbj5d /common/annotation_category/annotations./common/webpage/topic /m/0g824 224 16 0 0 0 0
/m/08mbj5d /common/annotation_category/annotations./common/webpage/topic /m/0g7pm 1110 638 0 0 0 0
/m/08mbj5d /common/annotation_category/annotations./common/webpage/topic /m/02rgz4 617 195 0 0 0 0
/m/08mbj5d /common/annotation_category/annotations./common/webpage/topic /m/024qwq 267 16 0 0 0 0
/m/08mbj5d /common/annotation_category/annotations./common/webpage/topic /m/01304j 260 16 0 0 0 0
/m/08mbj5d /common/annotation_category/annotations./common/webpage/topic /m/01f08r 292 16 0 0 0 0
/m/08mbj5d /common/annotation_category/annotations./common/webpage/topic /m/017ht 5302 4730 0 0 0 0
/m/08mbj5d /common/annotation_category/annotations./common/webpage/topic /m/01s560x 454 86 0 0 0 0
/m/08mbj5d /common/annotation_category/annotations./common/webpage/topic /m/0s69k 733 294 0 0 0 0
/m/08mbj5d /common/annotation_category/annotations./common/webpage/topic /m/02w6bq 158 11 0 0 0 0
/m/08mbj5d /common/annotation_category/annotations./common/webpage/topic /m/01v6480 289 16 0 0 0 0
/m/08mbj5d /common/annotation_category/annotations./common/webpage/topic /m/0b1mf 301 16 0 0 0 0
/m/08mbj5d /common/annotation_category/annotations./common/webpage/topic /m/0253b6 293 16 0 0 0 0
/m/08mbj5d /common/annotation_category/annotations./common/webpage/topic /m/01qrbf 279 16 0 0 0 0
/m/08mbj32 /common/annotation_category/annotations./common/webpage/topic /m/0b3n61 156 4 0 1 0 0
/m/08mbj32 /common/annotation_category/annotations./common/webpage/topic /m/02rb607 1326 991 0 0 0 0
/m/08mbj32 /common/annotation_category/annotations./common/webpage/topic /m/02ktt7 158 4 0 1 0 0
/m/08mbj32 /common/annotation_category/annotations./common/webpage/topic /m/0m31m 164 4 0 1 0 0
/m/08mbj32 /common/annotation_category/annotations./common/webpage/topic /m/0404j37 149 4 0 1 0 0
/m/08mbj32 /common/annotation_category/annotations./common/webpage/topic /m/01rz1 165 4 0 1 0 0
/m/08mbj32 /common/annotation_category/annotations./common/webpage/topic /m/0cg9f 162 4 0 1 0 0
/m/08mbj32 /common/annotation_category/annotations./common/webpage/topic /m/01w7nwm 137 4 0 1 0 0
/m/08mbj5d /common/annotation_category/annotations./common/webpage/topic /m/0kbg6 291 16 0 0 0 0
/m/08mbj5d /common/annotation_category/annotations./common/webpage/topic /m/0dzt9 264 16 0 0 0 0
/m/08mbj5d /common/annotation_category/annotations./common/webpage/topic /m/0432_5 2062 1542 0 0 0 0
/m/08mbj5d /common/annotation_category/annotations./common/webpage/topic /m/0lbfv 371 44 0 0 0 0
/m/08mbj5d /common/annotation_category/annotations./common/webpage/topic /m/031t2d 267 16 0 0 0 0
/m/08mbj5d /common/annotation_category/annotations./common/webpage/topic /m/07r4c 265 16 0 0 0 0
/m/08mbj5d /common/annotation_category/annotations./common/webpage/topic /m/061xq 295 16 0 0 0 0
/m/08mbj5d /common/annotation_category/annotations./common/webpage/topic /m/01vrnsk 248 16 0 0 0 0
/m/08mbj5d /common/annotation_category/annotations./common/webpage/topic /m/0sl2w 733 294 0 0 0 0
/m/08mbj5d /common/annotation_category/annotations./common/webpage/topic /m/01pt5w 301 16 0 0 0 0
/m/08mbj5d /common/annotation_category/annotations./common/webpage/topic /m/0408m53 265 16 0 0 0 0
/m/08mbj5d /common/annotation_category/annotations./common/webpage/topic /m/02zrv7 280 16 0 0 0 0
/m/08mbj5d /common/annotation_category/annotations./common/webpage/topic /m/01vzxld 209 14 0 0 0 0
/m/08mbj5d /common/annotation_category/annotations./common/webpage/topic /m/09p35z 280 16 0 0 0 0
/m/08mbj5d /common/annotation_category/annotations./common/webpage/topic /m/024y8p 312 22 0 0 0 0
/m/08mbj32 /common/annotation_category/annotations./common/webpage/topic /m/0x25q 138 4 0 1 0 0
/m/08mbj32 /common/annotation_category/annotations./common/webpage/topic /m/0gz5hs 141 4 0 1 0 0
/m/08mbj32 /common/annotation_category/annotations./common/webpage/topic /m/0j_c 146 4 0 1 0 0
/m/08mbj32 /common/annotation_category/annotations./common/webpage/topic /m/02847m9 137 4 0 1 0 0
/m/08mbj32 /common/annotation_category/annotations./common/webpage/topic /m/02t3ln 163 4 0 1 0 0
/m/08mbj32 /common/annotation_category/annotations./common/webpage/topic /m/01ft14 155 4 0 1 0 0
/m/08mbj32 /common/annotation_category/annotations./common/webpage/topic /m/01z88t 153 4 0 1 0 0
/m/08mbj32 /common/annotation_category/annotations./common/webpage/topic /m/0hmr4 3748 3364 0 0 0 0
/m/08mbj32 /common/annotation_category/annotations./common/webpage/topic /m/02qfhb 1378 1039 0 0 0 0
/m/08mbj5d /common/annotation_category/annotations./common/webpage/topic /m/0ydpd 278 16 0 0 0 0
/m/08mbj5d /common/annotation_category/annotations./common/webpage/topic /m/0s987 737 298 0 0 0 0
/m/08mbj5d /common/annotation_category/annotations./common/webpage/topic /m/017v71 91 6 0 1 0 0
/m/08mbj5d /common/annotation_category/annotations./common/webpage/topic /m/057wlm 101 6 0 1 0 0
/m/08mbj5d /common/annotation_category/annotations./common/webpage/topic /m/01vsl3_ 228 16 0 0 0 0
/m/08mbj5d /common/annotation_category/annotations./common/webpage/topic /m/0466hh 303 16 0 0 0 0
/m/08mbj5d /common/annotation_category/annotations./common/webpage/topic /m/0frsw 276 16 0 0 0 0
/m/08mbj5d /common/annotation_category/annotations./common/webpage/topic /m/01xjx6 299 16 0 0 0 0
/m/08mbj5d /common/annotation_category/annotations./common/webpage/topic /m/0135dr 300 16 0 0 0 0
/m/08mbj5d /common/annotation_category/annotations./common/webpage/topic /m/05jbn 270 16 0 0 0 0
/m/08mbj5d /common/annotation_category/annotations./common/webpage/topic /m/01ww2fs 278 16 0 0 0 0
/m/08mbj5d /common/annotation_category/annotations./common/webpage/topic /m/03w1lf 1036 568 0 0 0 0
/m/08mbj5d /common/annotation_category/annotations./common/webpage/topic /m/0t6sb 294 16 0 0 0 0
/m/08mbj5d /common/annotation_category/annotations./common/webpage/topic /m/0dtw1x 278 16 0 0 0 0
/m/08mbj5d /common/annotation_category/annotations./common/webpage/topic /m/03n52j 290 16 0 0 0 0
/m/08mbj5d /common/annotation_category/annotations./common/webpage/topic /m/01w3v 113 6 0 1 0 0
/m/08mbj5d /common/annotation_category/annotations./common/webpage/topic /m/018gm9 283 16 0 0 0 0
/m/08mbj32 /common/annotation_category/annotations./common/webpage/topic /m/0xckc 149 4 0 1 0 0
/m/08mbj32 /common/annotation_category/annotations./common/webpage/topic /m/01s560x 152 4 0 1 0 0
/m/08mbj32 /common/annotation_category/annotations./common/webpage/topic /m/012ky3 942 633 0 0 0 0
/m/08mbj32 /common/annotation_category/annotations./common/webpage/topic /m/022q4j 162 4 0 1 0 0
/m/08mbj32 /common/annotation_category/annotations./common/webpage/topic /m/063_t 149 4 0 1 0 0
/m/08mbj32 /common/annotation_category/annotations./common/webpage/topic /m/0bkg4 127 4 0 1 0 0
/m/08mbj32 /common/annotation_category/annotations./common/webpage/topic /m/02z0j 163 4 0 1 0 0
/m/08mbj32 /common/annotation_category/annotations./common/webpage/topic /m/0hn2q 168 4 0 1 0 0
/m/08mbj32 /common/annotation_category/annotations./common/webpage/topic /m/01tc9r 151 4 0 1 0 0
/m/08mbj5d /common/annotation_category/annotations./common/webpage/topic /m/027ydt 104 6 0 1 0 0
/m/08mbj5d /common/annotation_category/annotations./common/webpage/topic /m/01g4yw 104 6 0 1 0 0
/m/08mbj5d /common/annotation_category/annotations./common/webpage/topic /m/017d77 100 6 0 1 0 0
/m/08mbj5d /common/annotation_category/annotations./common/webpage/topic /m/03bzjpm 277 16 0 0 0 0
/m/08mbj5d /common/annotation_category/annotations./common/webpage/topic /m/06rq2l 271 16 0 0 0 0
/m/08mbj5d /common/annotation_category/annotations./common/webpage/topic /m/01b65l 298 16 0 0 0 0
/m/08mbj5d /common/annotation_category/annotations./common/webpage/topic /m/04fv0k 283 16 0 0 0 0
/m/08mbj5d /common/annotation_category/annotations./common/webpage/topic /m/064r9cb 909 453 0 0 0 0
/m/08mbj5d /common/annotation_category/annotations./common/webpage/topic /m/02r5qtm 293 16 0 0 0 0
/m/08mbj5d /common/annotation_category/annotations./common/webpage/topic /m/058cm 283 16 0 0 0 0
/m/08mbj5d /common/annotation_category/annotations./common/webpage/topic /m/0gv10 1495 999 0 0 0 0
/m/08mbj5d /common/annotation_category/annotations./common/webpage/topic /m/0fp_v1x 266 16 0 0 0 0
/m/08mbj5d /common/annotation_category/annotations./common/webpage/topic /m/02mslq 275 16 0 0 0 0
/m/08mbj5d /common/annotation_category/annotations./common/webpage/topic /m/07nxvj 285 16 0 0 0 0
/m/08mbj5d /common/annotation_category/annotations./common/webpage/topic /m/01vvycq 223 16 0 0 0 0
/m/08mbj5d /common/annotation_category/annotations./common/webpage/topic /m/09k23 102 6 0 1 0 0
/m/08mbj5d /common/annotation_category/annotations./common/webpage/topic /m/0f2w0 263 16 0 0 0 0
/m/08mbj5d /common/annotation_category/annotations./common/webpage/topic /m/05qd_ 659 229 0 0 0 0
/m/08mbj32 /common/annotation_category/annotations./common/webpage/topic /m/01fv4z 2839 2457 0 0 0 0
/m/08mbj32 /common/annotation_category/annotations./common/webpage/topic /m/05ywg 168 4 0 1 0 0
/m/08mbj32 /common/annotation_category/annotations./common/webpage/topic /m/03h_yfh 142 4 0 1 0 0
/m/08mbj32 /common/annotation_category/annotations./common/webpage/topic /m/07l4z 173 4 0 1 0 0
/m/08mbj32 /common/annotation_category/annotations./common/webpage/topic /m/01gb54 145 4 0 1 0 0
/m/08mbj32 /common/annotation_category/annotations./common/webpage/topic /m/03wh49y 153 4 0 1 0 0
/m/08mbj32 /common/annotation_category/annotations./common/webpage/topic /m/016lv3 166 4 0 1 0 0
/m/08mbj32 /common/annotation_category/annotations./common/webpage/topic /m/05crg7 144 4 0 1 0 0
/m/08mbj32 /common/annotation_category/annotations./common/webpage/topic /m/01yb1y 163 4 0 1 0 0
/m/08mbj32 /common/annotation_category/annotations./common/webpage/topic /m/0jbk9 176 4 0 1 0 0
/m/08mbj32 /common/annotation_category/annotations./common/webpage/topic /m/0df4y 173 4 0 1 0 0
/m/08mbj5d /common/annotation_category/annotations./common/webpage/topic /m/0ccvx 714 275 0 0 0 0
/m/08mbj5d /common/annotation_category/annotations./common/webpage/topic /m/0tz54 272 16 0 0 0 0
/m/08mbj5d /common/annotation_category/annotations./common/webpage/topic /m/0mzg2 303 16 0 0 0 0
/m/08mbj5d /common/annotation_category/annotations./common/webpage/topic /m/02c9dj 348 35 0 0 0 0
/m/08mbj5d /common/annotation_category/annotations./common/webpage/topic /m/0bn8fw 295 16 0 0 0 0
/m/08mbj5d /common/annotation_category/annotations./common/webpage/topic /m/02cjlk 299 16 0 0 0 0
/m/08mbj5d /common/annotation_category/annotations./common/webpage/topic /m/018f94 299 16 0 0 0 0
/m/08mbj5d /common/annotation_category/annotations./common/webpage/topic /m/021s9n 144 11 0 0 0 0
/m/08mbj5d /common/annotation_category/annotations./common/webpage/topic /m/04zkj5 1855 1345 0 0 0 0
/m/08mbj5d /common/annotation_category/annotations./common/webpage/topic /m/01gfq4 299 16 0 0 0 0
/m/08mbj5d /common/annotation_category/annotations./common/webpage/topic /m/01vt5c_ 276 16 0 0 0 0
/m/08mbj5d /common/annotation_category/annotations./common/webpage/topic /m/01518s 278 16 0 0 0 0
/m/08mbj5d /common/annotation_category/annotations./common/webpage/topic /m/01m23s 731 292 0 0 0 0
/m/08mbj5d /common/annotation_category/annotations./common/webpage/topic /m/02_wxh 284 16 0 0 0 0
/m/08mbj32 /common/annotation_category/annotations./common/webpage/topic /m/018fq 145 4 0 1 0 0
/m/08mbj32 /common/annotation_category/annotations./common/webpage/topic /m/049m19 162 4 0 1 0 0
/m/08mbj32 /common/annotation_category/annotations./common/webpage/topic /m/06y9c2 132 4 0 1 0 0
/m/08mbj32 /common/annotation_category/annotations./common/webpage/topic /m/01l47f5 145 4 0 1 0 0
/m/08mbj32 /common/annotation_category/annotations./common/webpage/topic /m/03ldxq 147 4 0 1 0 0
/m/08mbj32 /common/annotation_category/annotations./common/webpage/topic /m/02lf_x 2838 2456 0 0 0 0
/m/08mbj32 /common/annotation_category/annotations./common/webpage/topic /m/01wj92r 277 60 0 0 0 0
/m/08mbj32 /common/annotation_category/annotations./common/webpage/topic /m/01l5t6 176 4 0 1 0 0
/m/08mbj5d /common/annotation_category/annotations./common/webpage/topic /m/077jpc 303 16 0 0 0 0
/m/08mbj5d /common/annotation_category/annotations./common/webpage/topic /m/0ftvz 718 279 0 0 0 0
/m/08mbj5d /common/annotation_category/annotations./common/webpage/topic /m/02482c 90 6 0 1 0 0
/m/08mbj5d /common/annotation_category/annotations./common/webpage/topic /m/02nvg1 104 6 0 1 0 0
/m/08mbj5d /common/annotation_category/annotations./common/webpage/topic /m/050kh5 1600 1101 0 0 0 0
/m/08mbj5d /common/annotation_category/annotations./common/webpage/topic /m/0dlv0 294 16 0 0 0 0
/m/08mbj5d /common/annotation_category/annotations./common/webpage/topic /m/08wjf4 289 16 0 0 0 0
/m/08mbj5d /common/annotation_category/annotations./common/webpage/topic /m/05fkf 266 16 0 0 0 0
/m/08mbj5d /common/annotation_category/annotations./common/webpage/topic /m/0683n 277 16 0 0 0 0
/m/08mbj5d /common/annotation_category/annotations./common/webpage/topic /m/0bsj9 284 16 0 0 0 0
/m/08mbj5d /common/annotation_category/annotations./common/webpage/topic /m/0r0ls 278 16 0 0 0 0
/m/08mbj32 /common/annotation_category/annotations./common/webpage/topic /m/017j69 582 309 0 0 0 0
/m/08mbj32 /common/annotation_category/annotations./common/webpage/topic /m/02k4b2 161 4 0 1 0 0
/m/08mbj32 /common/annotation_category/annotations./common/webpage/topic /m/0q9vf 144 4 0 1 0 0
/m/08mbj32 /common/annotation_category/annotations./common/webpage/topic /m/03f0r5w 160 4 0 1 0 0
/m/08mbj32 /common/annotation_category/annotations./common/webpage/topic /m/050llt 171 4 0 1 0 0
/m/08mbj32 /common/annotation_category/annotations./common/webpage/topic /m/02k5sc 141 4 0 1 0 0
/m/08mbj32 /common/annotation_category/annotations./common/webpage/topic /m/0k4bc 158 4 0 1 0 0
/m/08mbj32 /common/annotation_category/annotations./common/webpage/topic /m/05g7q 162 4 0 1 0 0
/m/08mbj32 /common/annotation_category/annotations./common/webpage/topic /m/02qbjm 175 4 0 1 0 0
/m/08mbj5d /common/annotation_category/annotations./common/webpage/topic /m/0dzf_ 255 16 0 0 0 0
/m/08mbj5d /common/annotation_category/annotations./common/webpage/topic /m/05xb7q 178 13 0 0 0 0
/m/08mbj5d /common/annotation_category/annotations./common/webpage/topic /m/0b1xl 167 11 0 0 0 0
/m/08mbj5d /common/annotation_category/annotations./common/webpage/topic /m/01vw20_ 419 70 0 0 0 0
/m/08mbj5d /common/annotation_category/annotations./common/webpage/topic /m/0czkbt 264 16 0 0 0 0
/m/08mbj5d /common/annotation_category/annotations./common/webpage/topic /m/01jrp0 290 16 0 0 0 0
/m/08mbj5d /common/annotation_category/annotations./common/webpage/topic /m/07w5rq 159 11 0 0 0 0
/m/08mbj5d /common/annotation_category/annotations./common/webpage/topic /m/0k6bt 303 16 0 0 0 0
/m/08mbj5d /common/annotation_category/annotations./common/webpage/topic /m/0f102 149 11 0 0 0 0
/m/08mbj5d /common/annotation_category/annotations./common/webpage/topic /m/05xbx 278 16 0 0 0 0
/m/08mbj5d /common/annotation_category/annotations./common/webpage/topic /m/0k__z 89 6 0 1 0 0
/m/08mbj5d /common/annotation_category/annotations./common/webpage/topic /m/0fs54 303 16 0 0 0 0
/m/08mbj5d /common/annotation_category/annotations./common/webpage/topic /m/01m15br 280 16 0 0 0 0
/m/08mbj5d /common/annotation_category/annotations./common/webpage/topic /m/0dlm_ 1594 1095 0 0 0 0
/m/08mbj5d /common/annotation_category/annotations./common/webpage/topic /m/026spg 263 16 0 0 0 0
/m/08mbj5d /common/annotation_category/annotations./common/webpage/topic /m/03hxsv 268 16 0 0 0 0
/m/08mbj32 /common/annotation_category/annotations./common/webpage/topic /m/091z_p 164 4 0 1 0 0
/m/08mbj32 /common/annotation_category/annotations./common/webpage/topic /m/0282x 147 4 0 1 0 0
/m/08mbj32 /common/annotation_category/annotations./common/webpage/topic /m/03cyslc 159 4 0 1 0 0
/m/08mbj32 /common/annotation_category/annotations./common/webpage/topic /m/067ghz 3499 3116 0 0 0 0
/m/08mbj32 /common/annotation_category/annotations./common/webpage/topic /m/04fv0k 151 4 0 1 0 0
/m/08mbj32 /common/annotation_category/annotations./common/webpage/topic /m/0d331 169 4 0 1 0 0
/m/08mbj32 /common/annotation_category/annotations./common/webpage/topic /m/01rtm4 733 441 0 0 0 0
/m/08mbj32 /common/annotation_category/annotations./common/webpage/topic /m/01w8sf 160 4 0 1 0 0
/m/08mbj32 /common/annotation_category/annotations./common/webpage/topic /m/03nt59 152 4 0 1 0 0
/m/08mbj32 /common/annotation_category/annotations./common/webpage/topic /m/07mgr 162 4 0 1 0 0
/m/08mbj32 /common/annotation_category/annotations./common/webpage/topic /m/01vvycq 102 4 0 1 0 0
/m/08mbj32 /common/annotation_category/annotations./common/webpage/topic /m/02656h 94 3 0 1 0 0
/m/08mbj32 /common/annotation_category/annotations./common/webpage/topic /m/01vsy95 143 4 0 1 0 0
/m/08mbj32 /common/annotation_category/annotations./common/webpage/topic /m/086k8 1009 694 0 0 0 0
/m/08mbj32 /common/annotation_category/annotations./common/webpage/topic /m/01gc8c 165 4 0 1 0 0
/m/08mbj5d /common/annotation_category/annotations./common/webpage/topic /m/013kcv 269 16 0 0 0 0
/m/08mbj5d /common/annotation_category/annotations./common/webpage/topic /m/06jtd 289 16 0 0 0 0
/m/08mbj5d /common/annotation_category/annotations./common/webpage/topic /m/01nf9x 303 16 0 0 0 0
/m/08mbj5d /common/annotation_category/annotations./common/webpage/topic /m/02rv_dz 269 16 0 0 0 0
/m/08mbj5d /common/annotation_category/annotations./common/webpage/topic /m/0gwgn1k 253 16 0 0 0 0
/m/08mbj5d /common/annotation_category/annotations./common/webpage/topic /m/01tmng 289 16 0 0 0 0
/m/08mbj5d /common/annotation_category/annotations./common/webpage/topic /m/0fhzf 297 16 0 0 0 0
/m/08mbj5d /common/annotation_category/annotations./common/webpage/topic /m/0dr5y 281 16 0 0 0 0
/m/08mbj5d /common/annotation_category/annotations./common/webpage/topic /m/06lj1m 296 16 0 0 0 0
/m/08mbj5d /common/annotation_category/annotations./common/webpage/topic /m/02d44q 269 16 0 0 0 0
/m/08mbj5d /common/annotation_category/annotations./common/webpage/topic /m/01smm 267 16 0 0 0 0
/m/08mbj32 /common/annotation_category/annotations./common/webpage/topic /m/023v4_ 143 4 0 1 0 0
/m/08mbj32 /common/annotation_category/annotations./common/webpage/topic /m/0fthdk 141 4 0 1 0 0
/m/08mbj32 /common/annotation_category/annotations./common/webpage/topic /m/03s9v 161 4 0 1 0 0
/m/08mbj32 /common/annotation_category/annotations./common/webpage/topic /m/0pspl 180 5 0 1 0 0
/m/08mbj32 /common/annotation_category/annotations./common/webpage/topic /m/09qs08 161 4 0 1 0 0
/m/08mbj32 /common/annotation_category/annotations./common/webpage/topic /m/011v3 173 4 0 1 0 0
/m/08mbj32 /common/annotation_category/annotations./common/webpage/topic /m/0tyql 151 4 0 1 0 0
/m/08mbj32 /common/annotation_category/annotations./common/webpage/topic /m/04f0xq 157 4 0 1 0 0
/m/08mbj32 /common/annotation_category/annotations./common/webpage/topic /m/0jrny 962 652 0 0 0 0
/m/08mbj32 /common/annotation_category/annotations./common/webpage/topic /m/04_jsg 151 4 0 1 0 0
/m/08mbj32 /common/annotation_category/annotations./common/webpage/topic /m/0g3zrd 148 4 0 1 0 0
/m/08mbj32 /common/annotation_category/annotations./common/webpage/topic /m/0gyr_7 177 4 0 1 0 0
/m/08mbj32 /common/annotation_category/annotations./common/webpage/topic /m/03_f0 159 4 0 1 0 0
/m/08mbj32 /common/annotation_category/annotations./common/webpage/topic /m/0109vk 164 4 0 1 0 0
/m/08mbj5d /common/annotation_category/annotations./common/webpage/topic /m/07ymr5 265 16 0 0 0 0
/m/08mbj5d /common/annotation_category/annotations./common/webpage/topic /m/01nn79 292 16 0 0 0 0
/m/08mbj5d /common/annotation_category/annotations./common/webpage/topic /m/0193fp 301 16 0 0 0 0
/m/08mbj5d /common/annotation_category/annotations./common/webpage/topic /m/0q_0z 278 16 0 0 0 0
/m/08mbj5d /common/annotation_category/annotations./common/webpage/topic /m/01y3v 296 16 0 0 0 0
/m/08mbj5d /common/annotation_category/annotations./common/webpage/topic /m/014cw2 276 16 0 0 0 0
/m/08mbj5d /common/annotation_category/annotations./common/webpage/topic /m/06bss 1394 902 0 0 0 0
/m/08mbj5d /common/annotation_category/annotations./common/webpage/topic /m/0kctd 286 16 0 0 0 0
/m/08mbj5d /common/annotation_category/annotations./common/webpage/topic /m/01nnsv 163 11 0 0 0 0
/m/08mbj5d /common/annotation_category/annotations./common/webpage/topic /m/0212zp 106 6 0 1 0 0
/m/08mbj5d /common/annotation_category/annotations./common/webpage/topic /m/01x0yrt 263 16 0 0 0 0
/m/08mbj5d /common/annotation_category/annotations./common/webpage/topic /m/024rbz 283 16 0 0 0 0
/m/08mbj5d /common/annotation_category/annotations./common/webpage/topic /m/01wdqrx 261 16 0 0 0 0
/m/08mbj5d /common/annotation_category/annotations./common/webpage/topic /m/0dyb1 269 16 0 0 0 0
/m/08mbj32 /common/annotation_category/annotations./common/webpage/topic /m/01dw_f 354 119 0 0 0 0
/m/08mbj32 /common/annotation_category/annotations./common/webpage/topic /m/0gy30w 2822 2440 0 0 0 0
/m/08mbj32 /common/annotation_category/annotations./common/webpage/topic /m/049dzz 173 4 0 1 0 0
/m/08mbj32 /common/annotation_category/annotations./common/webpage/topic /m/018c_r 148 4 0 1 0 0
/m/08mbj32 /common/annotation_category/annotations./common/webpage/topic /m/05rd8 177 4 0 1 0 0
/m/08mbj32 /common/annotation_category/annotations./common/webpage/topic /m/01wgfp6 147 4 0 1 0 0
/m/08mbj32 /common/annotation_category/annotations./common/webpage/topic /m/04vr_f 126 4 0 1 0 0
/m/08mbj32 /common/annotation_category/annotations./common/webpage/topic /m/01693z 281 63 0 0 0 0
/m/08mbj32 /common/annotation_category/annotations./common/webpage/topic /m/0716b6 163 4 0 1 0 0
/m/08mbj5d /common/annotation_category/annotations./common/webpage/topic /m/09dv49 296 16 0 0 0 0
/m/08mbj5d /common/annotation_category/annotations./common/webpage/topic /m/01_k0d 293 16 0 0 0 0
/m/08mbj5d /common/annotation_category/annotations./common/webpage/topic /m/04l57x 301 16 0 0 0 0
/m/08mbj5d /common/annotation_category/annotations./common/webpage/topic /m/04cdxc 294 16 0 0 0 0
/m/08mbj5d /common/annotation_category/annotations./common/webpage/topic /m/01yh3y 293 16 0 0 0 0
/m/08mbj5d /common/annotation_category/annotations./common/webpage/topic /m/01pjr7 275 16 0 0 0 0
/m/08mbj5d /common/annotation_category/annotations./common/webpage/topic /m/0kp2_ 286 16 0 0 0 0
/m/08mbj5d /common/annotation_category/annotations./common/webpage/topic /m/01y81r 302 16 0 0 0 0
/m/08mbj5d /common/annotation_category/annotations./common/webpage/topic /m/0b275x 297 16 0 0 0 0
/m/08mbj5d /common/annotation_category/annotations./common/webpage/topic /m/0f8pz 275 16 0 0 0 0
/m/08mbj5d /common/annotation_category/annotations./common/webpage/topic /m/02hy5d 288 16 0 0 0 0
/m/08mbj32 /common/annotation_category/annotations./common/webpage/topic /m/0rk71 144 4 0 1 0 0
/m/08mbj32 /common/annotation_category/annotations./common/webpage/topic /m/0jqp3 162 4 0 1 0 0
/m/08mbj32 /common/annotation_category/annotations./common/webpage/topic /m/06wvj 155 4 0 1 0 0
/m/08mbj32 /common/annotation_category/annotations./common/webpage/topic /m/07g9f 157 4 0 1 0 0
/m/08mbj32 /common/annotation_category/annotations./common/webpage/topic /m/06nns1 155 4 0 1 0 0
/m/08mbj32 /common/annotation_category/annotations./common/webpage/topic /m/01v9l67 154 4 0 1 0 0
/m/08mbj32 /common/annotation_category/annotations./common/webpage/topic /m/0880p 171 4 0 1 0 0
/m/08mbj32 /common/annotation_category/annotations./common/webpage/topic /m/04954 145 4 0 1 0 0
/m/08mbj5d /common/annotation_category/annotations./common/webpage/topic /m/0ftyc 285 16 0 0 0 0
/m/08mbj5d /common/annotation_category/annotations./common/webpage/topic /m/013x0b 295 16 0 0 0 0
/m/08mbj5d /common/annotation_category/annotations./common/webpage/topic /m/01m8dg 286 16 0 0 0 0
/m/08mbj5d /common/annotation_category/annotations./common/webpage/topic /m/01p5xy 148 11 0 0 0 0
/m/08mbj5d /common/annotation_category/annotations./common/webpage/topic /m/01k1k4 267 16 0 0 0 0
/m/08mbj5d /common/annotation_category/annotations./common/webpage/topic /m/02wr2r 277 16 0 0 0 0
/m/08mbj5d /common/annotation_category/annotations./common/webpage/topic /m/01rgdw 171 12 0 0 0 0
/m/08mbj5d /common/annotation_category/annotations./common/webpage/topic /m/01vrt_c 246 16 0 0 0 0
/m/08mbj5d /common/annotation_category/annotations./common/webpage/topic /m/0cbm64 266 16 0 0 0 0
/m/08mbj5d /common/annotation_category/annotations./common/webpage/topic /m/01z8f0 299 16 0 0 0 0
/m/08mbj5d /common/annotation_category/annotations./common/webpage/topic /m/01wx7k 303 16 0 0 0 0
/m/08mbj5d /common/annotation_category/annotations./common/webpage/topic /m/02jyhv 215 15 0 0 0 0
/m/08mbj5d /common/annotation_category/annotations./common/webpage/topic /m/074j87 294 16 0 0 0 0
/m/08mbj5d /common/annotation_category/annotations./common/webpage/topic /m/07wlf 87 6 0 1 0 0
/m/08mbj5d /common/annotation_category/annotations./common/webpage/topic /m/06l32y 106 6 0 1 0 0
/m/08mbj5d /common/annotation_category/annotations./common/webpage/topic /m/0hv7l 303 16 0 0 0 0
/m/08mbj5d /common/annotation_category/annotations./common/webpage/topic /m/01s1zk 256 16 0 0 0 0
