/m/0234_c /education/educational_institution/students_graduates./education/education/degree /m/028dcg 1 1 1 1 1 1
/m/03bmmc /education/educational_institution/students_graduates./education/education/degree /m/014mlp 4 1 1 1 0 1
/m/07tds /education/educational_institution/students_graduates./education/education/degree /m/02h4rq6 10 1 1 1 0 1
/m/023zl /education/educational_institution/students_graduates./education/education/degree /m/03bwzr4 6 1 1 1 0 1
/m/01vs5c /education/educational_institution/students_graduates./education/education/degree /m/022h5x 6 1 1 1 0 1
/m/050xpd /education/educational_institution/students_graduates./education/education/degree /m/01rr_d 10 1 1 1 0 1
/m/01s0_f /education/educational_institution/students_graduates./education/education/degree /m/03mkk4 7 1 1 1 0 1
/m/031hxk /education/educational_institution/students_graduates./education/education/degree /m/028dcg 6 1 1 1 0 1
/m/02grjf /education/educational_institution/students_graduates./education/education/degree /m/019v9k 2 1 1 1 0 1
/m/02482c /education/educational_institution/students_graduates./education/education/degree /m/019v9k 5 1 1 1 0 1
/m/07vjm /education/educational_institution/students_graduates./education/education/degree /m/04zx3q1 6 1 1 1 0 1
/m/01qrb2 /education/educational_institution/students_graduates./education/education/degree /m/04zx3q1 5 1 1 1 0 1
/m/01y17m /education/educational_institution/students_graduates./education/education/degree /m/03bwzr4 8 1 1 1 0 1
/m/019dwp /education/educational_institution/students_graduates./education/education/degree /m/02h4rq6 2 1 1 1 0 1
/m/0l0wv /education/educational_institution/students_graduates./education/education/degree /m/02h4rq6 3 1 1 1 0 1
/m/05zl0 /education/educational_institution/students_graduates./education/education/degree /m/014mlp 9 1 1 1 0 1
/m/0pmcz /education/educational_institution/students_graduates./education/education/degree /m/04zx3q1 9 9 1 1 0 0
/m/07b2yw /education/educational_institution/students_graduates./education/education/degree /m/016t_3 1 1 1 1 1 1
/m/078bz /education/educational_institution/students_graduates./education/education/degree /m/014mlp 8 1 1 1 0 1
/m/012mzw /education/educational_institution/students_graduates./education/education/degree /m/07s6fsf 10 1 1 1 0 1
/m/07vyf /education/educational_institution/students_graduates./education/education/degree /m/03bwzr4 7 1 1 1 0 1
/m/07wrz /education/educational_institution/students_graduates./education/education/degree /m/07s6fsf 13 1 0 1 0 1
/m/023znp /education/educational_institution/students_graduates./education/education/degree /m/02h4rq6 4 1 1 1 0 1
/m/0ym8f /education/educational_institution/students_graduates./education/education/degree /m/03bwzr4 2 1 1 1 0 1
/m/01k2wn /education/educational_institution/students_graduates./education/education/degree /m/019v9k 5 2 1 1 0 0
/m/02l424 /education/educational_institution/students_graduates./education/education/degree /m/07s6fsf 3 1 1 1 0 1
/m/0jksm /education/educational_institution/students_graduates./education/education/degree /m/07s6fsf 4 1 1 1 0 1
/m/031hxk /education/educational_institution/students_graduates./education/education/degree /m/03bwzr4 4 1 1 1 0 1
/m/052nd /education/educational_institution/students_graduates./education/education/degree /m/0bkj86 9 1 1 1 0 1
/m/01j_9c /education/educational_institution/students_graduates./education/education/degree /m/02h4rq6 2 1 1 1 0 1
/m/01bk1y /education/educational_institution/students_graduates./education/education/degree /m/02_xgp2 6 1 1 1 0 1
/m/02l1fn /education/educational_institution/students_graduates./education/education/degree /m/019v9k 2 1 1 1 0 1
/m/02w6bq /education/educational_institution/students_graduates./education/education/degree /m/02mjs7 4 1 1 1 0 1
/m/01dzg0 /education/educational_institution/students_graduates./education/education/degree /m/02_xgp2 4 1 1 1 0 1
/m/01f1r4 /education/educational_institution/students_graduates./education/education/degree /m/0bkj86 7 1 1 1 0 1
/m/015fsv /education/educational_institution/students_graduates./education/education/degree /m/0bkj86 3 1 1 1 0 1
/m/01bcwk /education/educational_institution/students_graduates./education/education/degree /m/01kxxq 4 1 1 1 0 1
/m/01q0kg /education/educational_institution/students_graduates./education/education/degree /m/019v9k 4 1 1 1 0 1
/m/016sd3 /education/educational_institution/students_graduates./education/education/degree /m/014mlp 2 2 1 1 0 0
/m/05x_5 /education/educational_institution/students_graduates./education/education/degree /m/016t_3 6 1 1 1 0 1
/m/01jzyx /education/educational_institution/students_graduates./education/education/degree /m/02h4rq6 4 1 1 1 0 1
/m/02mp0g /education/educational_institution/students_graduates./education/education/degree /m/07s6fsf 4 1 1 1 0 1
/m/01rc6f /education/educational_institution/students_graduates./education/education/degree /m/03mkk4 5 1 1 1 0 1
/m/052nd /education/educational_institution/students_graduates./education/education/degree /m/01rr_d 10 1 1 1 0 1
/m/01vg0s /education/educational_institution/students_graduates./education/education/degree /m/01kxxq 8 1 1 1 0 1
/m/01j_5k /education/educational_institution/students_graduates./education/education/degree /m/02h4rq6 4 1 1 1 0 1
/m/01n_g9 /education/educational_institution/students_graduates./education/education/degree /m/03bwzr4 7 1 1 1 0 1
/m/0l2tk /education/educational_institution/students_graduates./education/education/degree /m/0bjrnt 7 1 1 1 0 1
/m/07vk2 /education/educational_institution/students_graduates./education/education/degree /m/0bkj86 4 1 1 1 0 1
/m/01k3s2 /education/educational_institution/students_graduates./education/education/degree /m/0bkj86 4 1 1 1 0 1
/m/01mpwj /education/educational_institution/students_graduates./education/education/degree /m/0bkj86 5 1 1 1 0 1
/m/05t7c1 /education/educational_institution/students_graduates./education/education/degree /m/02_xgp2 4 2 1 1 0 0
/m/037q2p /education/educational_institution/students_graduates./education/education/degree /m/07s6fsf 5 1 1 1 0 1
/m/013807 /education/educational_institution/students_graduates./education/education/degree /m/0bkj86 8 1 1 1 0 1
/m/01tzfz /education/educational_institution/students_graduates./education/education/degree /m/02h4rq6 2 1 1 1 0 1
/m/0gl6f /education/educational_institution/students_graduates./education/education/degree /m/014mlp 3 1 1 1 0 1
/m/07th_ /education/educational_institution/students_graduates./education/education/degree /m/016t_3 6 5 1 1 0 0
/m/07tl0 /education/educational_institution/students_graduates./education/education/degree /m/01rr_d 14 12 0 0 0 0
/m/01j_9c /education/educational_institution/students_graduates./education/education/degree /m/016t_3 6 1 1 1 0 1
/m/03x83_ /education/educational_institution/students_graduates./education/education/degree /m/016t_3 7 3 1 1 0 0
/m/0bthb /education/educational_institution/students_graduates./education/education/degree /m/03bwzr4 3 2 1 1 0 0
/m/0yls9 /education/educational_institution/students_graduates./education/education/degree /m/01rr_d 18 13 0 0 0 0
/m/08htt0 /education/educational_institution/students_graduates./education/education/degree /m/03mkk4 3 1 1 1 0 1
/m/04hgpt /education/educational_institution/students_graduates./education/education/degree /m/014mlp 6 1 1 1 0 1
/m/07w4j /education/educational_institution/students_graduates./education/education/degree /m/014mlp 5 1 1 1 0 1
/m/07wlf /education/educational_institution/students_graduates./education/education/degree /m/016t_3 10 1 1 1 0 1
/m/037fqp /education/educational_institution/students_graduates./education/education/degree /m/03bwzr4 7 2 1 1 0 0
/m/02f4s3 /education/educational_institution/students_graduates./education/education/degree /m/02h4rq6 5 1 1 1 0 1
/m/0fvd03 /education/educational_institution/students_graduates./education/education/degree /m/016t_3 2 1 1 1 0 1
/m/0g8rj /education/educational_institution/students_graduates./education/education/degree /m/014mlp 11 1 0 1 0 1
/m/027b43 /education/educational_institution/students_graduates./education/education/degree /m/019v9k 4 2 1 1 0 0
/m/05bnq8 /education/educational_institution/students_graduates./education/education/degree /m/016t_3 1 1 1 1 1 1
/m/02sjgpq /education/educational_institution/students_graduates./education/education/degree /m/03bwzr4 6 1 1 1 0 1
/m/03bmmc /education/educational_institution/students_graduates./education/education/degree /m/03mkk4 3 1 1 1 0 1
/m/02zccd /education/educational_institution/students_graduates./education/education/degree /m/03bwzr4 3 1 1 1 0 1
/m/02583l /education/educational_institution/students_graduates./education/education/degree /m/02mjs7 2 1 1 1 0 1
/m/03hpkp /education/educational_institution/students_graduates./education/education/degree /m/014mlp 4 1 1 1 0 1
/m/03hpkp /education/educational_institution/students_graduates./education/education/degree /m/02h4rq6 3 1 1 1 0 1
/m/024y8p /education/educational_institution/students_graduates./education/education/degree /m/014mlp 3 2 1 1 0 0
/m/08815 /education/educational_institution/students_graduates./education/education/degree /m/02cq61 18 1 0 1 0 1
/m/09f2j /education/educational_institution/students_graduates./education/education/degree /m/0bjrnt 15 1 0 1 0 1
/m/01w5m /education/educational_institution/students_graduates./education/education/degree /m/03bwzr4 13 1 0 1 0 1
/m/04p_hy /education/educational_institution/students_graduates./education/education/degree /m/019v9k 4 3 1 1 0 0
/m/0gk7z /education/educational_institution/students_graduates./education/education/degree /m/019v9k 6 1 1 1 0 1
/m/07wrz /education/educational_institution/students_graduates./education/education/degree /m/02cq61 12 1 0 1 0 1
/m/0m7yh /education/educational_institution/students_graduates./education/education/degree /m/02_xgp2 3 1 1 1 0 1
/m/01bk1y /education/educational_institution/students_graduates./education/education/degree /m/019v9k 5 1 1 1 0 1
/m/0ylsr /education/educational_institution/students_graduates./education/education/degree /m/019v9k 4 1 1 1 0 1
/m/026ssfj /education/educational_institution/students_graduates./education/education/degree /m/02_xgp2 3 1 1 1 0 1
/m/0ylgz /education/educational_institution/students_graduates./education/education/degree /m/02_xgp2 2 1 1 1 0 1
/m/01tntf /education/educational_institution/students_graduates./education/education/degree /m/02h4rq6 2 1 1 1 0 1
/m/032r4n /education/educational_institution/students_graduates./education/education/degree /m/014mlp 2 1 1 1 0 1
/m/02mp0g /education/educational_institution/students_graduates./education/education/degree /m/016t_3 5 1 1 1 0 1
/m/01wv24 /education/educational_institution/students_graduates./education/education/degree /m/014mlp 5 1 1 1 0 1
/m/01_qgp /education/educational_institution/students_graduates./education/education/degree /m/03bwzr4 6 1 1 1 0 1
/m/0f102 /education/educational_institution/students_graduates./education/education/degree /m/014mlp 5 1 1 1 0 1
/m/01ptt7 /education/educational_institution/students_graduates./education/education/degree /m/014mlp 3 1 1 1 0 1
/m/07tgn /education/educational_institution/students_graduates./education/education/degree /m/013zdg 9 1 1 1 0 1
/m/04wlz2 /education/educational_institution/students_graduates./education/education/degree /m/014mlp 3 1 1 1 0 1
/m/02w6bq /education/educational_institution/students_graduates./education/education/degree /m/02h4rq6 5 1 1 1 0 1
/m/057bxr /education/educational_institution/students_graduates./education/education/degree /m/02h4rq6 3 1 1 1 0 1
/m/01k7xz /education/educational_institution/students_graduates./education/education/degree /m/02h4rq6 5 1 1 1 0 1
/m/02m0b0 /education/educational_institution/students_graduates./education/education/degree /m/014mlp 2 1 1 1 0 1
/m/037q2p /education/educational_institution/students_graduates./education/education/degree /m/02_xgp2 7 2 1 1 0 0
/m/02hp70 /education/educational_institution/students_graduates./education/education/degree /m/014mlp 3 2 1 1 0 0
/m/0jkhr /education/educational_institution/students_graduates./education/education/degree /m/016t_3 6 1 1 1 0 1
/m/02f4s3 /education/educational_institution/students_graduates./education/education/degree /m/014mlp 6 1 1 1 0 1
/m/015fs3 /education/educational_institution/students_graduates./education/education/degree /m/019v9k 5 1 1 1 0 1
/m/0dy04 /education/educational_institution/students_graduates./education/education/degree /m/03bwzr4 8 4 1 1 0 0
/m/0j_sncb /education/educational_institution/students_graduates./education/education/degree /m/02mjs7 18 6 0 1 0 0
/m/0f102 /education/educational_institution/students_graduates./education/education/degree /m/02h4rq6 4 1 1 1 0 1
/m/07tgn /education/educational_institution/students_graduates./education/education/degree /m/0bjrnt 13 1 0 1 0 1
/m/05zl0 /education/educational_institution/students_graduates./education/education/degree /m/02_xgp2 10 1 1 1 0 1
/m/02607j /education/educational_institution/students_graduates./education/education/degree /m/07s6fsf 5 1 1 1 0 1
/m/0gjv_ /education/educational_institution/students_graduates./education/education/degree /m/01kxxq 7611 7599 0 0 0 0
/m/03bmmc /education/educational_institution/students_graduates./education/education/degree /m/02m4yg 8388 8384 0 0 0 0
/m/0dzst /education/educational_institution/students_graduates./education/education/degree /m/0bkj86 10 1 1 1 0 1
/m/09vzz /education/educational_institution/students_graduates./education/education/degree /m/019v9k 7 1 1 1 0 1
/m/06pwq /education/educational_institution/students_graduates./education/education/degree /m/014mlp 6 1 1 1 0 1
/m/0lfgr /education/educational_institution/students_graduates./education/education/degree /m/019v9k 5 1 1 1 0 1
/m/01nnsv /education/educational_institution/students_graduates./education/education/degree /m/02cq61 10 1 1 1 0 1
/m/0885n /education/educational_institution/students_graduates./education/education/degree /m/07s6fsf 6 1 1 1 0 1
/m/07tjf /education/educational_institution/students_graduates./education/education/degree /m/019v9k 1 1 1 1 1 1
/m/011xy1 /education/educational_institution/students_graduates./education/education/degree /m/03bwzr4 7 1 1 1 0 1
/m/0gjv_ /education/educational_institution/students_graduates./education/education/degree /m/014mlp 9 1 1 1 0 1
/m/0dy04 /education/educational_institution/students_graduates./education/education/degree /m/027f2w 3 1 1 1 0 1
/m/027ybp /education/educational_institution/students_graduates./education/education/degree /m/016t_3 6 1 1 1 0 1
/m/01ptt7 /education/educational_institution/students_graduates./education/education/degree /m/022h5x 6 1 1 1 0 1
/m/0kw4j /education/educational_institution/students_graduates./education/education/degree /m/016t_3 9 2 1 1 0 0
/m/06pwq /education/educational_institution/students_graduates./education/education/degree /m/02_xgp2 7 1 1 1 0 1
/m/07t90 /education/educational_institution/students_graduates./education/education/degree /m/02_xgp2 9 1 1 1 0 1
/m/013719 /education/educational_institution/students_graduates./education/education/degree /m/014mlp 5 2 1 1 0 0
/m/0373qt /education/educational_institution/students_graduates./education/education/degree /m/01kxxq 6 1 1 1 0 1
/m/03ksy /education/educational_institution/students_graduates./education/education/degree /m/03bwzr4 15 1 0 1 0 1
/m/0ym69 /education/educational_institution/students_graduates./education/education/degree /m/014mlp 1 1 1 1 1 1
/m/0fvd03 /education/educational_institution/students_graduates./education/education/degree /m/014mlp 1 1 1 1 1 1
/m/07vk2 /education/educational_institution/students_graduates./education/education/degree /m/02cq61 8 1 1 1 0 1
/m/03205_ /education/educational_institution/students_graduates./education/education/degree /m/019v9k 2 1 1 1 0 1
/m/06pwq /education/educational_institution/students_graduates./education/education/degree /m/0bjrnt 11 1 0 1 0 1
/m/0fnmz /education/educational_institution/students_graduates./education/education/degree /m/0bjrnt 14 9 0 1 0 0
/m/027mdh /education/educational_institution/students_graduates./education/education/degree /m/013zdg 3 1 1 1 0 1
/m/0hsb3 /education/educational_institution/students_graduates./education/education/degree /m/016t_3 9 1 1 1 0 1
/m/01kvrz /education/educational_institution/students_graduates./education/education/degree /m/019v9k 3 1 1 1 0 1
/m/011xy1 /education/educational_institution/students_graduates./education/education/degree /m/014mlp 6 1 1 1 0 1
/m/02kth6 /education/educational_institution/students_graduates./education/education/degree /m/028dcg 4 2 1 1 0 0
/m/0bsnm /education/educational_institution/students_graduates./education/education/degree /m/0bkj86 8 2 1 1 0 0
/m/06bw5 /education/educational_institution/students_graduates./education/education/degree /m/014mlp 2 1 1 1 0 1
/m/0yl_3 /education/educational_institution/students_graduates./education/education/degree /m/02_xgp2 2 1 1 1 0 1
/m/02ckl3 /education/educational_institution/students_graduates./education/education/degree /m/014mlp 3 1 1 1 0 1
/m/02tz9z /education/educational_institution/students_graduates./education/education/degree /m/027f2w 5 1 1 1 0 1
/m/02dj3 /education/educational_institution/students_graduates./education/education/degree /m/02m4yg 7 1 1 1 0 1
/m/05zl0 /education/educational_institution/students_graduates./education/education/degree /m/0bjrnt 11 1 0 1 0 1
/m/03qdm /education/educational_institution/students_graduates./education/education/degree /m/014mlp 2 1 1 1 0 1
/m/01c57n /education/educational_institution/students_graduates./education/education/degree /m/0bkj86 1 1 1 1 1 1
/m/0cwx_ /education/educational_institution/students_graduates./education/education/degree /m/02h4rq6 10 1 1 1 0 1
/m/01ngz1 /education/educational_institution/students_graduates./education/education/degree /m/01gkg3 10 8 1 1 0 0
/m/01ljpm /education/educational_institution/students_graduates./education/education/degree /m/028dcg 2 2 1 1 0 0
/m/01_r9k /education/educational_institution/students_graduates./education/education/degree /m/014mlp 2 1 1 1 0 1
/m/0hsb3 /education/educational_institution/students_graduates./education/education/degree /m/02mjs7 1098 1088 0 0 0 0
/m/013807 /education/educational_institution/students_graduates./education/education/degree /m/03mkk4 6 1 1 1 0 1
/m/02gr81 /education/educational_institution/students_graduates./education/education/degree /m/0g26h 9 1 1 1 0 1
/m/03kmyy /education/educational_institution/students_graduates./education/education/degree /m/027f2w 1 1 1 1 1 1
/m/0bx8pn /education/educational_institution/students_graduates./education/education/degree /m/014mlp 5 1 1 1 0 1
/m/01qd_r /education/educational_institution/students_graduates./education/education/degree /m/02h4rq6 7 1 1 1 0 1
/m/06fq2 /education/educational_institution/students_graduates./education/education/degree /m/0bkj86 7 1 1 1 0 1
/m/03k7dn /education/educational_institution/students_graduates./education/education/degree /m/014mlp 3 1 1 1 0 1
/m/05mv4 /education/educational_institution/students_graduates./education/education/degree /m/014mlp 3 1 1 1 0 1
/m/01nnsv /education/educational_institution/students_graduates./education/education/degree /m/013zdg 4 1 1 1 0 1
/m/07wjk /education/educational_institution/students_graduates./education/education/degree /m/016t_3 12 1 0 1 0 1
/m/01bcwk /education/educational_institution/students_graduates./education/education/degree /m/019v9k 6 2 1 1 0 0
/m/0jkhr /education/educational_institution/students_graduates./education/education/degree /m/02h4rq6 3 1 1 1 0 1
/m/017cy9 /education/educational_institution/students_graduates./education/education/degree /m/016t_3 10 1 1 1 0 1
/m/0gjv_ /education/educational_institution/students_graduates./education/education/degree /m/016t_3 12 1 0 1 0 1
/m/0h6rm /education/educational_institution/students_graduates./education/education/degree /m/0bkj86 6 1 1 1 0 1
/m/0b5hj5 /education/educational_institution/students_graduates./education/education/degree /m/02_xgp2 2 1 1 1 0 1
/m/0473m9 /education/educational_institution/students_graduates./education/education/degree /m/028dcg 2 1 1 1 0 1
/m/07ccs /education/educational_institution/students_graduates./education/education/degree /m/02_xgp2 7 1 1 1 0 1
/m/07vjm /education/educational_institution/students_graduates./education/education/degree /m/02_xgp2 8 1 1 1 0 1
/m/0778p /education/educational_institution/students_graduates./education/education/degree /m/016t_3 3 1 1 1 0 1
/m/0yldt /education/educational_institution/students_graduates./education/education/degree /m/02_xgp2 3 1 1 1 0 1
/m/01yqqv /education/educational_institution/students_graduates./education/education/degree /m/03bwzr4 3 1 1 1 0 1
/m/07szy /education/educational_institution/students_graduates./education/education/degree /m/016t_3 16 1 0 1 0 1
/m/03p7gb /education/educational_institution/students_graduates./education/education/degree /m/02_xgp2 2 1 1 1 0 1
/m/02bq1j /education/educational_institution/students_graduates./education/education/degree /m/013zdg 4 1 1 1 0 1
/m/04p_hy /education/educational_institution/students_graduates./education/education/degree /m/07s6fsf 1 1 1 1 1 1
/m/017cy9 /education/educational_institution/students_graduates./education/education/degree /m/01rr_d 11 1 0 1 0 1
/m/0vkl2 /education/educational_institution/students_graduates./education/education/degree /m/019v9k 4 2 1 1 0 0
/m/027xx3 /education/educational_institution/students_graduates./education/education/degree /m/07s6fsf 5 1 1 1 0 1
/m/08815 /education/educational_institution/students_graduates./education/education/degree /m/02m4yg 17 1 0 1 0 1
/m/01s0_f /education/educational_institution/students_graduates./education/education/degree /m/02_xgp2 8 1 1 1 0 1
/m/0ym20 /education/educational_institution/students_graduates./education/education/degree /m/071tyz 11 7 0 1 0 0
/m/01clyb /education/educational_institution/students_graduates./education/education/degree /m/014mlp 3 1 1 1 0 1
/m/052nd /education/educational_institution/students_graduates./education/education/degree /m/02h4rq6 8 1 1 1 0 1
/m/07vfj /education/educational_institution/students_graduates./education/education/degree /m/03bwzr4 7 1 1 1 0 1
/m/07tgn /education/educational_institution/students_graduates./education/education/degree /m/04zx3q1 10 1 1 1 0 1
/m/02ln0f /education/educational_institution/students_graduates./education/education/degree /m/016t_3 4 1 1 1 0 1
/m/017ztv /education/educational_institution/students_graduates./education/education/degree /m/0bkj86 4 1 1 1 0 1
/m/01jt2w /education/educational_institution/students_graduates./education/education/degree /m/02_xgp2 8 1 1 1 0 1
/m/017v71 /education/educational_institution/students_graduates./education/education/degree /m/019v9k 3 1 1 1 0 1
/m/0jpkw /education/educational_institution/students_graduates./education/education/degree /m/016t_3 5 2 1 1 0 0
/m/0288zy /education/educational_institution/students_graduates./education/education/degree /m/014mlp 3 1 1 1 0 1
/m/02gkxp /education/educational_institution/students_graduates./education/education/degree /m/014mlp 2 1 1 1 0 1
/m/01r3w7 /education/educational_institution/students_graduates./education/education/degree /m/02h4rq6 2 1 1 1 0 1
/m/0dy04 /education/educational_institution/students_graduates./education/education/degree /m/0bkj86 4 1 1 1 0 1
/m/06pwq /education/educational_institution/students_graduates./education/education/degree /m/01rr_d 12 1 0 1 0 1
/m/0373qg /education/educational_institution/students_graduates./education/education/degree /m/02m4yg 3 1 1 1 0 1
/m/02zd460 /education/educational_institution/students_graduates./education/education/degree /m/02_xgp2 11 1 0 1 0 1
/m/01ljpm /education/educational_institution/students_graduates./education/education/degree /m/014mlp 3 2 1 1 0 0
/m/01hjy5 /education/educational_institution/students_graduates./education/education/degree /m/02_xgp2 9 2 1 1 0 0
/m/078bz /education/educational_institution/students_graduates./education/education/degree /m/0bkj86 9 1 1 1 0 1
/m/0b1xl /education/educational_institution/students_graduates./education/education/degree /m/07s6fsf 4 1 1 1 0 1
/m/0gl6f /education/educational_institution/students_graduates./education/education/degree /m/016t_3 4 1 1 1 0 1
/m/01trxd /education/educational_institution/students_graduates./education/education/degree /m/02h4rq6 4 1 1 1 0 1
/m/0g8rj /education/educational_institution/students_graduates./education/education/degree /m/07s6fsf 12 1 0 1 0 1
/m/04_j5s /education/educational_institution/students_graduates./education/education/degree /m/02cq61 14 11 0 0 0 0
/m/030w19 /education/educational_institution/students_graduates./education/education/degree /m/014mlp 2 1 1 1 0 1
/m/013719 /education/educational_institution/students_graduates./education/education/degree /m/02h4rq6 1 1 1 1 1 1
/m/07wjk /education/educational_institution/students_graduates./education/education/degree /m/02_xgp2 11 1 0 1 0 1
/m/03v6t /education/educational_institution/students_graduates./education/education/degree /m/04zx3q1 5 1 1 1 0 1
/m/025rcc /education/educational_institution/students_graduates./education/education/degree /m/02h4rq6 3 1 1 1 0 1
/m/015zyd /education/educational_institution/students_graduates./education/education/degree /m/019v9k 2 1 1 1 0 1
/m/01ymvk /education/educational_institution/students_graduates./education/education/degree /m/02h4rq6 2 1 1 1 0 1
/m/019q50 /education/educational_institution/students_graduates./education/education/degree /m/014mlp 2 1 1 1 0 1
/m/02y9bj /education/educational_institution/students_graduates./education/education/degree /m/07s6fsf 5 1 1 1 0 1
/m/017z88 /education/educational_institution/students_graduates./education/education/degree /m/016t_3 6 5 1 1 0 0
/m/01y17m /education/educational_institution/students_graduates./education/education/degree /m/016t_3 9 1 1 1 0 1
/m/017cy9 /education/educational_institution/students_graduates./education/education/degree /m/02h4rq6 8 1 1 1 0 1
/m/0kqj1 /education/educational_institution/students_graduates./education/education/degree /m/01ysy9 3 1 1 1 0 1
/m/07wrz /education/educational_institution/students_graduates./education/education/degree /m/03bwzr4 11 1 0 1 0 1
/m/086xm /education/educational_institution/students_graduates./education/education/degree /m/02h4rq6 3 1 1 1 0 1
/m/01qd_r /education/educational_institution/students_graduates./education/education/degree /m/0bkj86 8 1 1 1 0 1
/m/020ddc /education/educational_institution/students_graduates./education/education/degree /m/016t_3 3 1 1 1 0 1
/m/01q460 /education/educational_institution/students_graduates./education/education/degree /m/014mlp 3 1 1 1 0 1
/m/0pspl /education/educational_institution/students_graduates./education/education/degree /m/013zdg 11 1 0 1 0 1
/m/02zd460 /education/educational_institution/students_graduates./education/education/degree /m/02m4yg 17 5 0 1 0 0
/m/07t90 /education/educational_institution/students_graduates./education/education/degree /m/028dcg 11 1 0 1 0 1
/m/012fvq /education/educational_institution/students_graduates./education/education/degree /m/014mlp 1 1 1 1 1 1
/m/01b1mj /education/educational_institution/students_graduates./education/education/degree /m/014mlp 2 1 1 1 0 1
/m/0dzst /education/educational_institution/students_graduates./education/education/degree /m/02h4rq6 8 1 1 1 0 1
/m/015cz0 /education/educational_institution/students_graduates./education/education/degree /m/016t_3 8 1 1 1 0 1
/m/027kp3 /education/educational_institution/students_graduates./education/education/degree /m/014mlp 6 1 1 1 0 1
/m/01wdj_ /education/educational_institution/students_graduates./education/education/degree /m/07s6fsf 5 1 1 1 0 1
/m/01jssp /education/educational_institution/students_graduates./education/education/degree /m/016t_3 9 1 1 1 0 1
/m/01hl_w /education/educational_institution/students_graduates./education/education/degree /m/014mlp 9 1 1 1 0 1
/m/0lk0l /education/educational_institution/students_graduates./education/education/degree /m/02cq61 6 1 1 1 0 1
/m/02gnh0 /education/educational_institution/students_graduates./education/education/degree /m/019v9k 3 1 1 1 0 1
/m/01s0_f /education/educational_institution/students_graduates./education/education/degree /m/03bwzr4 9 1 1 1 0 1
/m/09f2j /education/educational_institution/students_graduates./education/education/degree /m/014mlp 13 1 0 1 0 1
/m/0kqj1 /education/educational_institution/students_graduates./education/education/degree /m/016t_3 2 1 1 1 0 1
/m/049dk /education/educational_institution/students_graduates./education/education/degree /m/014mlp 4 1 1 1 0 1
/m/01pcj4 /education/educational_institution/students_graduates./education/education/degree /m/02_xgp2 3 1 1 1 0 1
/m/01j_9c /education/educational_institution/students_graduates./education/education/degree /m/0bkj86 7 1 1 1 0 1
/m/06rkfs /education/educational_institution/students_graduates./education/education/degree /m/014mlp 2 2 1 1 0 0
/m/031n5b /education/educational_institution/students_graduates./education/education/degree /m/04zx3q1 2 1 1 1 0 1
/m/0kw4j /education/educational_institution/students_graduates./education/education/degree /m/03bwzr4 7 1 1 1 0 1
/m/050xpd /education/educational_institution/students_graduates./education/education/degree /m/022h5x 10 1 1 1 0 1
/m/0gjv_ /education/educational_institution/students_graduates./education/education/degree /m/0bkj86 10 1 1 1 0 1
/m/063576 /education/educational_institution/students_graduates./education/education/degree /m/01rr_d 2 1 1 1 0 1
/m/07tds /education/educational_institution/students_graduates./education/education/degree /m/04zx3q1 11 1 0 1 0 1
/m/07tds /education/educational_institution/students_graduates./education/education/degree /m/0bjrnt 17 6 0 1 0 0
/m/01p79b /education/educational_institution/students_graduates./education/education/degree /m/0bjrnt 6 1 1 1 0 1
/m/0c5x_ /education/educational_institution/students_graduates./education/education/degree /m/02h4rq6 2 1 1 1 0 1
/m/02x9g_ /education/educational_institution/students_graduates./education/education/degree /m/02h4rq6 5 1 1 1 0 1
/m/07w4j /education/educational_institution/students_graduates./education/education/degree /m/03bwzr4 6 1 1 1 0 1
/m/0hsb3 /education/educational_institution/students_graduates./education/education/degree /m/02cq61 10 1 1 1 0 1
/m/02pptm /education/educational_institution/students_graduates./education/education/degree /m/07s6fsf 3 1 1 1 0 1
/m/08815 /education/educational_institution/students_graduates./education/education/degree /m/01rr_d 16 1 0 1 0 1
/m/01jq0j /education/educational_institution/students_graduates./education/education/degree /m/0bkj86 7 1 1 1 0 1
/m/01jq0j /education/educational_institution/students_graduates./education/education/degree /m/019v9k 6 1 1 1 0 1
/m/04ycjk /education/educational_institution/students_graduates./education/education/degree /m/013zdg 9 8 1 1 0 0
/m/0bx8pn /education/educational_institution/students_graduates./education/education/degree /m/03bwzr4 7 1 1 1 0 1
/m/0bx8pn /education/educational_institution/students_graduates./education/education/degree /m/022h5x 9 1 1 1 0 1
/m/02h659 /education/educational_institution/students_graduates./education/education/degree /m/02h4rq6 2 1 1 1 0 1
/m/07vjm /education/educational_institution/students_graduates./education/education/degree /m/019v9k 7 1 1 1 0 1
/m/01wdl3 /education/educational_institution/students_graduates./education/education/degree /m/022h5x 5 1 1 1 0 1
/m/01pxcf /education/educational_institution/students_graduates./education/education/degree /m/016t_3 7 4 1 1 0 0
/m/01pj48 /education/educational_institution/students_graduates./education/education/degree /m/0bkj86 11 2 0 1 0 0
/m/02mzg9 /education/educational_institution/students_graduates./education/education/degree /m/019v9k 6 1 1 1 0 1
/m/01hjy5 /education/educational_institution/students_graduates./education/education/degree /m/014mlp 7 1 1 1 0 1
/m/0k__z /education/educational_institution/students_graduates./education/education/degree /m/03bwzr4 6 1 1 1 0 1
/m/01qgr3 /education/educational_institution/students_graduates./education/education/degree /m/014mlp 7 1 1 1 0 1
/m/01lnyf /education/educational_institution/students_graduates./education/education/degree /m/022h5x 2 1 1 1 0 1
/m/02gr81 /education/educational_institution/students_graduates./education/education/degree /m/07s6fsf 5 1 1 1 0 1
/m/02w2bc /education/educational_institution/students_graduates./education/education/degree /m/02_xgp2 4 1 1 1 0 1
/m/0b1xl /education/educational_institution/students_graduates./education/education/degree /m/014mlp 3 1 1 1 0 1
/m/02cttt /education/educational_institution/students_graduates./education/education/degree /m/02_xgp2 7 2 1 1 0 0
/m/02zd460 /education/educational_institution/students_graduates./education/education/degree /m/07s6fsf 12 1 0 1 0 1
/m/0ym4t /education/educational_institution/students_graduates./education/education/degree /m/02mjs7 1 1 1 1 1 1
/m/01cwdk /education/educational_institution/students_graduates./education/education/degree /m/02h4rq6 1 1 1 1 1 1
