/m/03bwzr4 /education/educational_degree/people_with_this_degree./education/education/student /m/01zwy 1 1 1 1 1 1
/m/014mlp /education/educational_degree/people_with_this_degree./education/education/student /m/051cc 35 1 0 1 0 1
/m/014mlp /education/educational_degree/people_with_this_degree./education/education/student /m/0p_jc 29 1 0 1 0 1
/m/014mlp /education/educational_degree/people_with_this_degree./education/education/student /m/03_nq 33 1 0 1 0 1
/m/014mlp /education/educational_degree/people_with_this_degree./education/education/student /m/01gbb4 38 1 0 1 0 1
/m/019v9k /education/educational_degree/people_with_this_degree./education/education/student /m/01kb2j 13 1 0 1 0 1
/m/016t_3 /education/educational_degree/people_with_this_degree./education/education/student /m/063vn 6 1 1 1 0 1
/m/014mlp /education/educational_degree/people_with_this_degree./education/education/student /m/0pqzh 35 1 0 1 0 1
/m/019v9k /education/educational_degree/people_with_this_degree./education/education/student /m/01w_10 10 1 1 1 0 1
/m/013zdg /education/educational_degree/people_with_this_degree./education/education/student /m/012gx2 4 1 1 1 0 1
/m/014mlp /education/educational_degree/people_with_this_degree./education/education/student /m/071xj 31 1 0 1 0 1
/m/014mlp /education/educational_degree/people_with_this_degree./education/education/student /m/04l19_ 26 1 0 1 0 1
/m/0bkj86 /education/educational_degree/people_with_this_degree./education/education/student /m/01w8sf 8 1 1 1 0 1
/m/0bkj86 /education/educational_degree/people_with_this_degree./education/education/student /m/0969fd 3 1 1 1 0 1
/m/019v9k /education/educational_degree/people_with_this_degree./education/education/student /m/03gkn5 10 1 1 1 0 1
/m/02_xgp2 /education/educational_degree/people_with_this_degree./education/education/student /m/05bnp0 8 1 1 1 0 1
/m/01rr_d /education/educational_degree/people_with_this_degree./education/education/student /m/083pr 4 1 1 1 0 1
/m/019v9k /education/educational_degree/people_with_this_degree./education/education/student /m/06crk 14 1 0 1 0 1
/m/014mlp /education/educational_degree/people_with_this_degree./education/education/student /m/01d494 66 14 0 0 0 0
/m/014mlp /education/educational_degree/people_with_this_degree./education/education/student /m/070yzk 25 1 0 1 0 1
/m/02h4rq6 /education/educational_degree/people_with_this_degree./education/education/student /m/01mr2g6 5 1 1 1 0 1
/m/028dcg /education/educational_degree/people_with_this_degree./education/education/student /m/048hf 8 1 1 1 0 1
/m/014mlp /education/educational_degree/people_with_this_degree./education/education/student /m/02qjj7 27 1 0 1 0 1
/m/014mlp /education/educational_degree/people_with_this_degree./education/education/student /m/06gn7r 35 1 0 1 0 1
/m/014mlp /education/educational_degree/people_with_this_degree./education/education/student /m/01v_pj6 34 1 0 1 0 1
/m/014mlp /education/educational_degree/people_with_this_degree./education/education/student /m/01n5309 35 1 0 1 0 1
/m/014mlp /education/educational_degree/people_with_this_degree./education/education/student /m/02k21g 25 1 0 1 0 1
