/m/02822 /education/field_of_study/students_majoring./education/education/student /m/07rzf 15 1 0 1 0 1
/m/062z7 /education/field_of_study/students_majoring./education/education/student /m/012gx2 6 1 1 1 0 1
/m/03qsdpk /education/field_of_study/students_majoring./education/education/student /m/032q8q 4 1 1 1 0 1
/m/05qfh /education/field_of_study/students_majoring./education/education/student /m/01x66d 2 1 1 1 0 1
/m/04g7x /education/field_of_study/students_majoring./education/education/student /m/0b78hw 1 1 1 1 1 1
/m/01mkq /education/field_of_study/students_majoring./education/education/student /m/01n5309 1 1 1 1 1 1
/m/0fdys /education/field_of_study/students_majoring./education/education/student /m/012x2b 9 1 1 1 0 1
/m/05wkw /education/field_of_study/students_majoring./education/education/student /m/02k21g 1 1 1 1 1 1
/m/05qgc /education/field_of_study/students_majoring./education/education/student /m/05bnp0 1 1 1 1 1 1
/m/04gb7 /education/field_of_study/students_majoring./education/education/student /m/02dh86 5 1 1 1 0 1
/m/03qsdpk /education/field_of_study/students_majoring./education/education/student /m/01gy7r 9 1 1 1 0 1
/m/0fdys /education/field_of_study/students_majoring./education/education/student /m/060j8b 52 42 0 0 0 0
/m/03g3w /education/field_of_study/students_majoring./education/education/student /m/046rfv 4 1 1 1 0 1
/m/02j62 /education/field_of_study/students_majoring./education/education/student /m/0154qm 1962 1960 0 0 0 0
/m/07c52 /education/field_of_study/students_majoring./education/education/student /m/012x2b 1 1 1 1 1 1
/m/06ms6 /education/field_of_study/students_majoring./education/education/student /m/03f1r6t 1 1 1 1 1 1
/m/0w7c /education/field_of_study/students_majoring./education/education/student /m/045gzq 170 162 0 0 0 0
/m/02j62 /education/field_of_study/students_majoring./education/education/student /m/0c_md_ 1 1 1 1 1 1
/m/041y2 /education/field_of_study/students_majoring./education/education/student /m/039bp 6745 6742 0 0 0 0
/m/041y2 /education/field_of_study/students_majoring./education/education/student /m/02sh8y 3 1 1 1 0 1
/m/0g4gr /education/field_of_study/students_majoring./education/education/student /m/03_x5t 1 1 1 1 1 1
/m/0hcr /education/field_of_study/students_majoring./education/education/student /m/017c87 1 1 1 1 1 1
/m/041y2 /education/field_of_study/students_majoring./education/education/student /m/0dn3n 3 1 1 1 0 1
/m/02822 /education/field_of_study/students_majoring./education/education/student /m/02yplc 14 1 0 1 0 1
/m/03qsdpk /education/field_of_study/students_majoring./education/education/student /m/03x16f 6 1 1 1 0 1
/m/036hv /education/field_of_study/students_majoring./education/education/student /m/01mr2g6 1 1 1 1 1 1
/m/01lhf /education/field_of_study/students_majoring./education/education/student /m/02_0d2 1 1 1 1 1 1
/m/05qjt /education/field_of_study/students_majoring./education/education/student /m/042kg 4 1 1 1 0 1
/m/03qsdpk /education/field_of_study/students_majoring./education/education/student /m/04pp9s 7 1 1 1 0 1
/m/0l14j_ /education/field_of_study/students_majoring./education/education/student /m/01k23t 0 0 0 0
/m/02822 /education/field_of_study/students_majoring./education/education/student /m/01pkhw 419 401 0 0 0 0
/m/02j62 /education/field_of_study/students_majoring./education/education/student /m/036qs_ 1 1 1 1 1 1
/m/02jfc /education/field_of_study/students_majoring./education/education/student /m/0d0l91 14396 14395 0 0 0 0
/m/07c52 /education/field_of_study/students_majoring./education/education/student /m/06pjs 5396 5395 0 0 0 0
/m/01lj9 /education/field_of_study/students_majoring./education/education/student /m/049gc 12616 12615 0 0 0 0
