/m/01n_g9 /education/university/local_tuition./measurement_unit/dated_money_value/currency /m/09nqf 1 1 1 1 1 1
/m/0bjqh /education/university/local_tuition./measurement_unit/dated_money_value/currency /m/09nqf 1 1 1 1 1 1
/m/02gn8s /education/university/local_tuition./measurement_unit/dated_money_value/currency /m/09nqf 1 1 1 1 1 1
/m/071_8 /education/university/local_tuition./measurement_unit/dated_money_value/currency /m/0ptk_ 2 2 1 1 0 0
/m/0f102 /education/university/local_tuition./measurement_unit/dated_money_value/currency /m/09nqf 1 1 1 1 1 1
/m/02qvvv /education/university/local_tuition./measurement_unit/dated_money_value/currency /m/09nqf 1 1 1 1 1 1
/m/018t8f /education/university/local_tuition./measurement_unit/dated_money_value/currency /m/09nqf 1 1 1 1 1 1
/m/037fqp /education/university/local_tuition./measurement_unit/dated_money_value/currency /m/09nqf 1 1 1 1 1 1
/m/02185j /education/university/local_tuition./measurement_unit/dated_money_value/currency /m/02l6h 1 1 1 1 1 1
/m/0k__z /education/university/local_tuition./measurement_unit/dated_money_value/currency /m/09nqf 1 1 1 1 1 1
/m/0187nd /education/university/local_tuition./measurement_unit/dated_money_value/currency /m/09nqf 1 1 1 1 1 1
/m/02vnp2 /education/university/local_tuition./measurement_unit/dated_money_value/currency /m/09nqf 1 1 1 1 1 1
/m/01w3v /education/university/local_tuition./measurement_unit/dated_money_value/currency /m/09nqf 1 1 1 1 1 1
/m/03x33n /education/university/local_tuition./measurement_unit/dated_money_value/currency /m/09nqf 1 1 1 1 1 1
/m/052nd /education/university/local_tuition./measurement_unit/dated_money_value/currency /m/0ptk_ 2 2 1 1 0 0
/m/03zj9 /education/university/local_tuition./measurement_unit/dated_money_value/currency /m/09nqf 1 1 1 1 1 1
/m/04_j5s /education/university/local_tuition./measurement_unit/dated_money_value/currency /m/09nqf 1 1 1 1 1 1
/m/036921 /education/university/local_tuition./measurement_unit/dated_money_value/currency /m/09nqf 1 1 1 1 1 1
/m/07w0v /education/university/local_tuition./measurement_unit/dated_money_value/currency /m/09nqf 1 1 1 1 1 1
/m/07vfj /education/university/local_tuition./measurement_unit/dated_money_value/currency /m/09nqf 1 1 1 1 1 1
/m/01gwck /education/university/local_tuition./measurement_unit/dated_money_value/currency /m/09nqf 1 1 1 1 1 1
/m/01_k7f /education/university/local_tuition./measurement_unit/dated_money_value/currency /m/09nqf 1 1 1 1 1 1
/m/0lwyk /education/university/local_tuition./measurement_unit/dated_money_value/currency /m/09nqf 1 1 1 1 1 1
/m/02183k /education/university/local_tuition./measurement_unit/dated_money_value/currency /m/09nqf 1 1 1 1 1 1
/m/029qzx /education/university/local_tuition./measurement_unit/dated_money_value/currency /m/09nqf 1 1 1 1 1 1
/m/01rtm4 /education/university/local_tuition./measurement_unit/dated_money_value/currency /m/09nqf 1 1 1 1 1 1
/m/07vht /education/university/local_tuition./measurement_unit/dated_money_value/currency /m/09nqf 1 1 1 1 1 1
/m/03ksy /education/university/local_tuition./measurement_unit/dated_money_value/currency /m/09nqf 1 1 1 1 1 1
/m/021q2j /education/university/local_tuition./measurement_unit/dated_money_value/currency /m/09nqf 1 1 1 1 1 1
/m/02txdf /education/university/local_tuition./measurement_unit/dated_money_value/currency /m/09nqf 1 1 1 1 1 1
/m/01hx2t /education/university/local_tuition./measurement_unit/dated_money_value/currency /m/09nqf 1 1 1 1 1 1
/m/01g4yw /education/university/local_tuition./measurement_unit/dated_money_value/currency /m/01nv4h 2 2 1 1 0 0
/m/02cvcd /education/university/local_tuition./measurement_unit/dated_money_value/currency /m/09nqf 1 1 1 1 1 1
/m/01j_5k /education/university/local_tuition./measurement_unit/dated_money_value/currency /m/09nqf 1 1 1 1 1 1
/m/02yr1q /education/university/local_tuition./measurement_unit/dated_money_value/currency /m/09nqf 1 1 1 1 1 1
/m/06l32y /education/university/local_tuition./measurement_unit/dated_money_value/currency /m/09nqf 1 1 1 1 1 1
/m/01b1mj /education/university/local_tuition./measurement_unit/dated_money_value/currency /m/09nqf 1 1 1 1 1 1
/m/01c57n /education/university/local_tuition./measurement_unit/dated_money_value/currency /m/0kz1h 1 1 1 1 1 1
/m/0cwx_ /education/university/local_tuition./measurement_unit/dated_money_value/currency /m/09nqf 1 1 1 1 1 1
/m/0xxc /education/university/local_tuition./measurement_unit/dated_money_value/currency /m/0ptk_ 1 1 1 1 1 1
/m/039d4 /education/university/local_tuition./measurement_unit/dated_money_value/currency /m/09nqf 1 1 1 1 1 1
/m/049dk /education/university/local_tuition./measurement_unit/dated_money_value/currency /m/09nqf 1 1 1 1 1 1
/m/033q4k /education/university/local_tuition./measurement_unit/dated_money_value/currency /m/09nqf 1 1 1 1 1 1
/m/032r4n /education/university/local_tuition./measurement_unit/dated_money_value/currency /m/09nqf 1 1 1 1 1 1
/m/02jztz /education/university/local_tuition./measurement_unit/dated_money_value/currency /m/09nqf 1 1 1 1 1 1
/m/01dthg /education/university/local_tuition./measurement_unit/dated_money_value/currency /m/01nv4h 2 2 1 1 0 0
/m/027kp3 /education/university/local_tuition./measurement_unit/dated_money_value/currency /m/09nqf 1 1 1 1 1 1
/m/01nnsv /education/university/local_tuition./measurement_unit/dated_money_value/currency /m/09nqf 1 1 1 1 1 1
