/m/04ycjk /education/university/domestic_tuition./measurement_unit/dated_money_value/currency /m/09nqf 1 1 1 1 1 1
/m/0gl5_ /education/university/domestic_tuition./measurement_unit/dated_money_value/currency /m/09nqf 1 1 1 1 1 1
/m/01j_cy /education/university/domestic_tuition./measurement_unit/dated_money_value/currency /m/09nqf 1 1 1 1 1 1
/m/01nnsv /education/university/domestic_tuition./measurement_unit/dated_money_value/currency /m/09nqf 1 1 1 1 1 1
/m/0m7yh /education/university/domestic_tuition./measurement_unit/dated_money_value/currency /m/02l6h 2 2 1 1 0 0
/m/09kvv /education/university/domestic_tuition./measurement_unit/dated_money_value/currency /m/09nqf 1 1 1 1 1 1
/m/037fqp /education/university/domestic_tuition./measurement_unit/dated_money_value/currency /m/09nqf 1 1 1 1 1 1
/m/0ylzs /education/university/domestic_tuition./measurement_unit/dated_money_value/currency /m/01nv4h 1 1 1 1 1 1
/m/0bwfn /education/university/domestic_tuition./measurement_unit/dated_money_value/currency /m/09nqf 1 1 1 1 1 1
/m/0g2jl /education/university/domestic_tuition./measurement_unit/dated_money_value/currency /m/09nqf 1 1 1 1 1 1
/m/0ylvj /education/university/domestic_tuition./measurement_unit/dated_money_value/currency /m/01nv4h 1 1 1 1 1 1
/m/019q50 /education/university/domestic_tuition./measurement_unit/dated_money_value/currency /m/088n7 1 1 1 1 1 1
/m/06b7s9 /education/university/domestic_tuition./measurement_unit/dated_money_value/currency /m/09nqf 1 1 1 1 1 1
/m/01hr11 /education/university/domestic_tuition./measurement_unit/dated_money_value/currency /m/09nqf 1 1 1 1 1 1
/m/04p_hy /education/university/domestic_tuition./measurement_unit/dated_money_value/currency /m/09nqf 1 1 1 1 1 1
/m/02cttt /education/university/domestic_tuition./measurement_unit/dated_money_value/currency /m/09nqf 1 1 1 1 1 1
/m/01mpwj /education/university/domestic_tuition./measurement_unit/dated_money_value/currency /m/09nqf 1 1 1 1 1 1
/m/0p7tb /education/university/domestic_tuition./measurement_unit/dated_money_value/currency /m/09nqf 1 1 1 1 1 1
/m/01wdl3 /education/university/domestic_tuition./measurement_unit/dated_money_value/currency /m/09nqf 1 1 1 1 1 1
/m/016wyn /education/university/domestic_tuition./measurement_unit/dated_money_value/currency /m/09nqf 1 1 1 1 1 1
/m/03ksy /education/university/domestic_tuition./measurement_unit/dated_money_value/currency /m/09nqf 1 1 1 1 1 1
/m/01t38b /education/university/domestic_tuition./measurement_unit/dated_money_value/currency /m/01nv4h 1 1 1 1 1 1
/m/02pptm /education/university/domestic_tuition./measurement_unit/dated_money_value/currency /m/09nqf 1 1 1 1 1 1
/m/0l0wv /education/university/domestic_tuition./measurement_unit/dated_money_value/currency /m/09nqf 1 1 1 1 1 1
/m/0pspl /education/university/domestic_tuition./measurement_unit/dated_money_value/currency /m/09nqf 1 1 1 1 1 1
/m/01y17m /education/university/domestic_tuition./measurement_unit/dated_money_value/currency /m/09nqf 1 1 1 1 1 1
/m/02l424 /education/university/domestic_tuition./measurement_unit/dated_money_value/currency /m/09nqf 1 1 1 1 1 1
/m/022jr5 /education/university/domestic_tuition./measurement_unit/dated_money_value/currency /m/0ptk_ 1 1 1 1 1 1
/m/03l78j /education/university/domestic_tuition./measurement_unit/dated_money_value/currency /m/09nqf 1 1 1 1 1 1
/m/04gxp2 /education/university/domestic_tuition./measurement_unit/dated_money_value/currency /m/09nqf 1 1 1 1 1 1
/m/017d77 /education/university/domestic_tuition./measurement_unit/dated_money_value/currency /m/09nqf 1 1 1 1 1 1
/m/01jvxb /education/university/domestic_tuition./measurement_unit/dated_money_value/currency /m/01nv4h 2 2 1 1 0 0
/m/027xq5 /education/university/domestic_tuition./measurement_unit/dated_money_value/currency /m/01nv4h 2 2 1 1 0 0
/m/01dthg /education/university/domestic_tuition./measurement_unit/dated_money_value/currency /m/01nv4h 1 1 1 1 1 1
/m/02xpy5 /education/university/domestic_tuition./measurement_unit/dated_money_value/currency /m/09nqf 1 1 1 1 1 1
/m/05mv4 /education/university/domestic_tuition./measurement_unit/dated_money_value/currency /m/09nqf 1 1 1 1 1 1
/m/01d650 /education/university/domestic_tuition./measurement_unit/dated_money_value/currency /m/01nv4h 1 1 1 1 1 1
/m/0ymb6 /education/university/domestic_tuition./measurement_unit/dated_money_value/currency /m/01nv4h 1 1 1 1 1 1
/m/01fsv9 /education/university/domestic_tuition./measurement_unit/dated_money_value/currency /m/09nqf 1 1 1 1 1 1
/m/036921 /education/university/domestic_tuition./measurement_unit/dated_money_value/currency /m/09nqf 1 1 1 1 1 1
/m/031n8c /education/university/domestic_tuition./measurement_unit/dated_money_value/currency /m/09nqf 1 1 1 1 1 1
/m/0225v9 /education/university/domestic_tuition./measurement_unit/dated_money_value/currency /m/09nqf 1 1 1 1 1 1
/m/021w0_ /education/university/domestic_tuition./measurement_unit/dated_money_value/currency /m/09nqf 1 1 1 1 1 1
/m/01t0dy /education/university/domestic_tuition./measurement_unit/dated_money_value/currency /m/09nqf 1 1 1 1 1 1
/m/0ym69 /education/university/domestic_tuition./measurement_unit/dated_money_value/currency /m/01nv4h 1 1 1 1 1 1
/m/01dq0z /education/university/domestic_tuition./measurement_unit/dated_money_value/currency /m/0ptk_ 1 1 1 1 1 1
/m/0l2tk /education/university/domestic_tuition./measurement_unit/dated_money_value/currency /m/09nqf 1 1 1 1 1 1
/m/02gnh0 /education/university/domestic_tuition./measurement_unit/dated_money_value/currency /m/09nqf 1 1 1 1 1 1
/m/0b1xl /education/university/domestic_tuition./measurement_unit/dated_money_value/currency /m/09nqf 1 1 1 1 1 1
/m/02jx_v /education/university/domestic_tuition./measurement_unit/dated_money_value/currency /m/0kz1h 1 1 1 1 1 1
/m/02bhj4 /education/university/domestic_tuition./measurement_unit/dated_money_value/currency /m/09nqf 1 1 1 1 1 1
/m/01h8sf /education/university/domestic_tuition./measurement_unit/dated_money_value/currency /m/01nv4h 1 1 1 1 1 1
/m/02t4yc /education/university/domestic_tuition./measurement_unit/dated_money_value/currency /m/09nqf 1 1 1 1 1 1
/m/0325dj /education/university/domestic_tuition./measurement_unit/dated_money_value/currency /m/09nqf 1 1 1 1 1 1
/m/017j69 /education/university/domestic_tuition./measurement_unit/dated_money_value/currency /m/09nqf 1 1 1 1 1 1
/m/07wrz /education/university/domestic_tuition./measurement_unit/dated_money_value/currency /m/09nqf 1 1 1 1 1 1
/m/017zq0 /education/university/domestic_tuition./measurement_unit/dated_money_value/currency /m/09nqf 1 1 1 1 1 1
/m/05gm16l /education/university/domestic_tuition./measurement_unit/dated_money_value/currency /m/0ptk_ 1 1 1 1 1 1
/m/0bsnm /education/university/domestic_tuition./measurement_unit/dated_money_value/currency /m/0ptk_ 1 1 1 1 1 1
/m/01bk1y /education/university/domestic_tuition./measurement_unit/dated_money_value/currency /m/09nqf 1 1 1 1 1 1
/m/02yr3z /education/university/domestic_tuition./measurement_unit/dated_money_value/currency /m/09nqf 1 1 1 1 1 1
