/m/0prjs /film/director/film /m/062zjtt 3 1 1 1 0 1
/m/05_k56 /film/director/film /m/01jrbb 1 1 1 1 1 1
/m/0gv40 /film/director/film /m/0bl5c 5 1 1 1 0 1
/m/0kr5_ /film/director/film /m/017kct 2 1 1 1 0 1
/m/07rd7 /film/director/film /m/09g7vfw 9 1 1 1 0 1
/m/06chf /film/director/film /m/02q0k7v 14 7 0 1 0 0
/m/014hdb /film/director/film /m/040b5k 2 1 1 1 0 1
/m/05kfs /film/director/film /m/049mql 3 1 1 1 0 1
/m/022_q8 /film/director/film /m/041td_ 4 1 1 1 0 1
/m/041c4 /film/director/film /m/01sxly 1 1 1 1 1 1
/m/02kxbx3 /film/director/film /m/07bwr 9 1 1 1 0 1
/m/06b_0 /film/director/film /m/0qmfk 1 1 1 1 1 1
/m/02hfp_ /film/director/film /m/0g83dv 3 1 1 1 0 1
/m/02mt4k /film/director/film /m/0h7t36 1 1 1 1 1 1
/m/0162c8 /film/director/film /m/02gpkt 2 1 1 1 0 1
/m/01wg982 /film/director/film /m/084qpk 1 1 1 1 1 1
/m/0b478 /film/director/film /m/0gtx63s 2 1 1 1 0 1
/m/012vby /film/director/film /m/02q52q 1 1 1 1 1 1
/m/02vyw /film/director/film /m/0hmm7 7 1 1 1 0 1
/m/09p06 /film/director/film /m/04tng0 3 1 1 1 0 1
/m/01wg982 /film/director/film /m/09qljs 2 1 1 1 0 1
/m/02fcs2 /film/director/film /m/08mg_b 1 1 1 1 1 1
/m/07rd7 /film/director/film /m/0g56t9t 12 2 0 1 0 0
/m/04g3p5 /film/director/film /m/0c38gj 3 1 1 1 0 1
/m/01zfmm /film/director/film /m/0gmblvq 2 1 1 1 0 1
/m/030vmc /film/director/film /m/0f7hw 4 1 1 1 0 1
/m/0g2lq /film/director/film /m/01hw5kk 13188 13180 0 0 0 0
/m/041jlr /film/director/film /m/0gvvm6l 2 1 1 1 0 1
/m/0c12h /film/director/film /m/02x6dqb 3 1 1 1 0 1
/m/03nk3t /film/director/film /m/025rxjq 8482 8478 0 0 0 0
/m/06pk8 /film/director/film /m/01z452 9 7 1 1 0 0
/m/012vct /film/director/film /m/0m_mm 4 1 1 1 0 1
/m/0byfz /film/director/film /m/0kt_4 2 1 1 1 0 1
/m/02r6c_ /film/director/film /m/03lvwp 2 1 1 1 0 1
/m/02kxbwx /film/director/film /m/0b6tzs 6 1 1 1 0 1
/m/05_k56 /film/director/film /m/03whyr 3 1 1 1 0 1
/m/0kvqv /film/director/film /m/03qnc6q 1 1 1 1 1 1
/m/05kfs /film/director/film /m/016kv6 4 1 1 1 0 1
/m/05kh_ /film/director/film /m/01lsl 1 1 1 1 1 1
/m/04hw4b /film/director/film /m/048tv9 1 1 1 1 1 1
/m/02tn0_ /film/director/film /m/076zy_g 1 1 1 1 1 1
/m/0h5j77 /film/director/film /m/015g28 1 1 1 1 1 1
/m/02kxbwx /film/director/film /m/05fgt1 4 1 1 1 0 1
/m/072vj /film/director/film /m/02wgk1 1 1 1 1 1 1
/m/04ld94 /film/director/film /m/09tkzy 1 1 1 1 1 1
/m/0343h /film/director/film /m/0dtfn 8 3 1 1 0 0
/m/0362q0 /film/director/film /m/03l6q0 3 1 1 1 0 1
/m/06chf /film/director/film /m/017n9 6 1 1 1 0 1
/m/06chf /film/director/film /m/03q5db 6 1 1 1 0 1
/m/022_lg /film/director/film /m/04gknr 11216 11215 0 0 0 0
/m/013zyw /film/director/film /m/02v63m 1 1 1 1 1 1
/m/01p6xx /film/director/film /m/09p4w8 4 1 1 1 0 1
/m/06jz0 /film/director/film /m/0pdp8 3 1 1 1 0 1
/m/013tcv /film/director/film /m/01cssf 4 1 1 1 0 1
/m/01r2c7 /film/director/film /m/04j14qc 3 1 1 1 0 1
/m/0bwh6 /film/director/film /m/0g54xkt 9 1 1 1 0 1
/m/06pjs /film/director/film /m/03sxd2 3 1 1 1 0 1
/m/0bs8d /film/director/film /m/097zcz 2 1 1 1 0 1
/m/02qzjj /film/director/film /m/0ds33 7 1 1 1 0 1
/m/06pj8 /film/director/film /m/04t6fk 28 7 0 1 0 0
/m/0bwh6 /film/director/film /m/04q01mn 8 1 1 1 0 1
/m/02ld6x /film/director/film /m/043t8t 3 1 1 1 0 1
/m/02lfwp /film/director/film /m/08sfxj 10 8 1 1 0 0
/m/0flddp /film/director/film /m/0kbf1 1 1 1 1 1 1
/m/09p06 /film/director/film /m/03rg2b 3 1 1 1 0 1
/m/0gv40 /film/director/film /m/04v8x9 1 1 1 1 1 1
/m/04k25 /film/director/film /m/01m13b 3 1 1 1 0 1
/m/021lby /film/director/film /m/03lrqw 3 1 1 1 0 1
/m/0g2lq /film/director/film /m/0f4_2k 4 1 1 1 0 1
/m/0f13b /film/director/film /m/0m5s5 1 1 1 1 1 1
/m/06pj8 /film/director/film /m/0hfzr 15 2 0 1 0 0
/m/0171lb /film/director/film /m/0h3k3f 3 1 1 1 0 1
/m/06pj8 /film/director/film /m/011wtv 12 2 0 1 0 0
/m/03_gd /film/director/film /m/0bth54 1 1 1 1 1 1
/m/0362q0 /film/director/film /m/0ckt6 1 1 1 1 1 1
/m/0bwh6 /film/director/film /m/0dr89x 5 1 1 1 0 1
/m/02ld6x /film/director/film /m/0gkz3nz 5 1 1 1 0 1
/m/02lfwp /film/director/film /m/0qm9n 1 1 1 1 1 1
/m/01g1lp /film/director/film /m/03hkch7 1 1 1 1 1 1
/m/02r5w9 /film/director/film /m/0bs5k8r 3 1 1 1 0 1
/m/0bzyh /film/director/film /m/011ywj 4 1 1 1 0 1
/m/096hm /film/director/film /m/01k5y0 1 1 1 1 1 1
/m/032v0v /film/director/film /m/0b76d_m 5 1 1 1 0 1
/m/017c87 /film/director/film /m/03hj5lq 1 1 1 1 1 1
/m/02kxbwx /film/director/film /m/0dnvn3 10 1 1 1 0 1
/m/01twdk /film/director/film /m/0dzlbx 1 1 1 1 1 1
/m/06pj8 /film/director/film /m/04mcw4 20 2 0 1 0 0
/m/05drq5 /film/director/film /m/03ntbmw 14946 14945 0 0 0 0
/m/0bxtg /film/director/film /m/015g28 1 1 1 1 1 1
/m/062ftr /film/director/film /m/0ds35l9 1 1 1 1 1 1
/m/0c921 /film/director/film /m/0b_5d 2 1 1 1 0 1
/m/01vb6z /film/director/film /m/0f40w 4 1 1 1 0 1
/m/02r5w9 /film/director/film /m/03lv4x 2 1 1 1 0 1
/m/01pjr7 /film/director/film /m/03s5lz 1 1 1 1 1 1
/m/081lh /film/director/film /m/0hmr4 6 1 1 1 0 1
/m/036jb /film/director/film /m/0h0wd9 2 1 1 1 0 1
/m/0136g9 /film/director/film /m/03ydlnj 2 1 1 1 0 1
/m/0py5b /film/director/film /m/0m491 1 1 1 1 1 1
/m/01vb6z /film/director/film /m/011ykb 2 1 1 1 0 1
/m/0b455l /film/director/film /m/0gkz15s 3 1 1 1 0 1
/m/045cq /film/director/film /m/0dp7wt 2 1 1 1 0 1
/m/04k25 /film/director/film /m/023g6w 1 1 1 1 1 1
/m/06cv1 /film/director/film /m/029k4p 4 1 1 1 0 1
/m/04ld94 /film/director/film /m/0_9l_ 3 1 1 1 0 1
/m/02pv_d /film/director/film /m/04b2qn 3 1 1 1 0 1
/m/0436kgz /film/director/film /m/0dpl44 1 1 1 1 1 1
