/m/03crcpt /film/editor/film /m/05z43v 5 1 1 1 0 1
/m/02kxbx3 /film/editor/film /m/0b6tzs 4 1 1 1 0 1
/m/04cy8rb /film/editor/film /m/0g5qs2k 7 1 1 1 0 1
/m/02qggqc /film/editor/film /m/0ds11z 12 1 0 1 0 1
/m/02kxbx3 /film/editor/film /m/011yhm 9 1 1 1 0 1
/m/03q8ch /film/editor/film /m/08xvpn 31 3 0 1 0 0
/m/02kxbwx /film/editor/film /m/07bwr 8 1 1 1 0 1
/m/03cp7b3 /film/editor/film /m/01f85k 4 1 1 1 0 1
/m/06cv1 /film/editor/film /m/025s1wg 7 1 1 1 0 1
/m/0bn3jg /film/editor/film /m/0fqt1ns 8 1 1 1 0 1
/m/06cv1 /film/editor/film /m/02q7yfq 6 1 1 1 0 1
/m/04cy8rb /film/editor/film /m/02pxmgz 13 1 0 1 0 1
/m/03q8ch /film/editor/film /m/025rvx0 14 1 0 1 0 1
/m/02kxbx3 /film/editor/film /m/01vfqh 5 1 1 1 0 1
/m/08h79x /film/editor/film /m/049xgc 8 1 1 1 0 1
/m/02kxbx3 /film/editor/film /m/02704ff 3 1 1 1 0 1
/m/0frnff /film/editor/film /m/0fy66 0 0 0 0
/m/02qggqc /film/editor/film /m/0g22z 23 1 0 1 0 1
/m/0bn3jg /film/editor/film /m/0cz_ym 2 1 1 1 0 1
/m/03nqbvz /film/editor/film /m/07cdz 4 1 1 1 0 1
/m/02lp3c /film/editor/film /m/0jzw 5 1 1 1 0 1
/m/02kxbx3 /film/editor/film /m/0dnvn3 8 1 1 1 0 1
/m/0kft /film/editor/film /m/0k2m6 1 1 1 1 1 1
/m/027pdrh /film/editor/film /m/016z5x 59 49 0 0 0 0
/m/04cy8rb /film/editor/film /m/0b7l4x 14 1 0 1 0 1
