/m/019vhk /film/film/film_festivals /m/09rwjly 1 1 1 1 1 1
/m/0c0zq /film/film/film_festivals /m/0bmj62v 1 1 1 1 1 1
/m/05zpghd /film/film/film_festivals /m/04_m9gk 1 1 1 1 1 1
/m/024lt6 /film/film/film_festivals /m/0kfhjq0 4 4 1 1 0 0
/m/0gyh2wm /film/film/film_festivals /m/0j63cyr 1 1 1 1 1 1
/m/05c46y6 /film/film/film_festivals /m/04_m9gk 2 1 1 1 0 1
/m/0cwy47 /film/film/film_festivals /m/059_y8d 1 1 1 1 1 1
/m/02825nf /film/film/film_festivals /m/0kfhjq0 1 1 1 1 1 1
/m/02wypbh /film/film/film_festivals /m/05f5rsr 2 1 1 1 0 1
/m/093dqjy /film/film/film_festivals /m/0cmd3zy 2 1 1 1 0 1
/m/0bbgvp /film/film/film_festivals /m/059_y8d 1 1 1 1 1 1
/m/0bh8x1y /film/film/film_festivals /m/0gg7gsl 1 1 1 1 1 1
/m/07vfy4 /film/film/film_festivals /m/0bmj62v 1 1 1 1 1 1
/m/0gh6j94 /film/film/film_festivals /m/0gg7gsl 1 1 1 1 1 1
/m/04v8x9 /film/film/film_festivals /m/059_y8d 1 1 1 1 1 1
/m/0gcpc /film/film/film_festivals /m/05ys0ws 1 1 1 1 1 1
/m/0g4vmj8 /film/film/film_festivals /m/0gg7gsl 1 1 1 1 1 1
/m/0qmfk /film/film/film_festivals /m/0j63cyr 1 1 1 1 1 1
/m/0d6b7 /film/film/film_festivals /m/05ys0xf 11912 11911 0 0 0 0
/m/02z13jg /film/film/film_festivals /m/05f5rsr 2 1 1 1 0 1
/m/04cppj /film/film/film_festivals /m/0kfhjq0 1 1 1 1 1 1
/m/0k2cb /film/film/film_festivals /m/05ys0xf 449 449 0 0 0 0
/m/0bh8drv /film/film/film_festivals /m/0bmj62v 1 1 1 1 1 1
/m/0ddbjy4 /film/film/film_festivals /m/0j63cyr 1 1 1 1 1 1
