/m/0lsxr /film/film_genre/films_in_this_genre /m/0ckrnn 24 2 0 1 0 0
/m/0lsxr /film/film_genre/films_in_this_genre /m/06z8s_ 6 2 1 1 0 0
/m/0lsxr /film/film_genre/films_in_this_genre /m/014lc_ 19 2 0 1 0 0
/m/0lsxr /film/film_genre/films_in_this_genre /m/01kjr0 17 2 0 1 0 0
/m/04rlf /film/film_genre/films_in_this_genre /m/011yl_ 2 1 1 1 0 1
/m/04rlf /film/film_genre/films_in_this_genre /m/0g5qmbz 2 1 1 1 0 1
/m/01hmnh /film/film_genre/films_in_this_genre /m/0ckrgs 53 6 0 1 0 0
/m/01hmnh /film/film_genre/films_in_this_genre /m/01f39b 30 5 0 1 0 0
/m/01jfsb /film/film_genre/films_in_this_genre /m/02nx2k 122 31 0 0 0 0
/m/01jfsb /film/film_genre/films_in_this_genre /m/0dl9_4 53 1 0 1 0 1
/m/01jfsb /film/film_genre/films_in_this_genre /m/0fh694 27 1 0 1 0 1
/m/04pbhw /film/film_genre/films_in_this_genre /m/048vhl 14 1 0 1 0 1
/m/07s9rl0 /film/film_genre/films_in_this_genre /m/07ghv5 224 10 0 1 0 0
/m/07s9rl0 /film/film_genre/films_in_this_genre /m/03_gz8 31 1 0 1 0 1
/m/02l7c8 /film/film_genre/films_in_this_genre /m/0258dh 206 145 0 0 0 0
/m/02l7c8 /film/film_genre/films_in_this_genre /m/03prz_ 38 1 0 1 0 1
/m/02l7c8 /film/film_genre/films_in_this_genre /m/02rmd_2 30 1 0 1 0 1
/m/02kdv5l /film/film_genre/films_in_this_genre /m/011wtv 23 1 0 1 0 1
/m/02kdv5l /film/film_genre/films_in_this_genre /m/0c40vxk 167 109 0 0 0 0
/m/03g3w /film/film_genre/films_in_this_genre /m/05dy7p 3 1 1 1 0 1
/m/04t36 /film/film_genre/films_in_this_genre /m/03n3gl 10 1 1 1 0 1
/m/04xvlr /film/film_genre/films_in_this_genre /m/072zl1 35 8 0 1 0 0
/m/03k9fj /film/film_genre/films_in_this_genre /m/01fmys 33 1 0 1 0 1
/m/03k9fj /film/film_genre/films_in_this_genre /m/0184tc 29 1 0 1 0 1
/m/03k9fj /film/film_genre/films_in_this_genre /m/09fn1w 335 278 0 0 0 0
/m/060__y /film/film_genre/films_in_this_genre /m/04w7rn 8 1 1 1 0 1
/m/05p553 /film/film_genre/films_in_this_genre /m/0k2cb 69 4 0 1 0 0
/m/082gq /film/film_genre/films_in_this_genre /m/0gys2jp 45 30 0 0 0 0
/m/0219x_ /film/film_genre/films_in_this_genre /m/06823p 7 1 1 1 0 1
/m/0lsxr /film/film_genre/films_in_this_genre /m/06x43v 7 2 1 1 0 0
/m/0lsxr /film/film_genre/films_in_this_genre /m/0ccck7 20 2 0 1 0 0
/m/02n4kr /film/film_genre/films_in_this_genre /m/05k2xy 12 1 0 1 0 1
/m/03npn /film/film_genre/films_in_this_genre /m/05b6rdt 6 1 1 1 0 1
/m/03mqtr /film/film_genre/films_in_this_genre /m/02yxbc 5 1 1 1 0 1
/m/01hmnh /film/film_genre/films_in_this_genre /m/05c9zr 12 2 0 1 0 0
/m/03bxz7 /film/film_genre/films_in_this_genre /m/098s2w 4 1 1 1 0 1
/m/07s9rl0 /film/film_genre/films_in_this_genre /m/0bs4r 203 10 0 1 0 0
/m/07s9rl0 /film/film_genre/films_in_this_genre /m/0kv9d3 248 12 0 0 0 0
/m/07s9rl0 /film/film_genre/films_in_this_genre /m/0kv238 709 352 0 0 0 0
/m/07s9rl0 /film/film_genre/films_in_this_genre /m/0cmc26r 57 4 0 1 0 0
/m/07s9rl0 /film/film_genre/films_in_this_genre /m/016z43 126 9 0 1 0 0
/m/07s9rl0 /film/film_genre/films_in_this_genre /m/016ywb 78 5 0 1 0 0
/m/07s9rl0 /film/film_genre/films_in_this_genre /m/01f8gz 205 10 0 1 0 0
/m/02l7c8 /film/film_genre/films_in_this_genre /m/0k4d7 295 233 0 0 0 0
/m/02l7c8 /film/film_genre/films_in_this_genre /m/0f7hw 54 6 0 1 0 0
/m/02l7c8 /film/film_genre/films_in_this_genre /m/02y_lrp 26 1 0 1 0 1
/m/02l7c8 /film/film_genre/films_in_this_genre /m/06x77g 35 1 0 1 0 1
/m/0hn10 /film/film_genre/films_in_this_genre /m/0ptx_ 4 1 1 1 0 1
/m/0c3351 /film/film_genre/films_in_this_genre /m/016y_f 4 1 1 1 0 1
/m/02kdv5l /film/film_genre/films_in_this_genre /m/03n0cd 23 1 0 1 0 1
/m/03k9fj /film/film_genre/films_in_this_genre /m/02vqhv0 82 35 0 0 0 0
/m/06n90 /film/film_genre/films_in_this_genre /m/02r2j8 41 1 0 1 0 1
/m/06n90 /film/film_genre/films_in_this_genre /m/0bh8yn3 34 1 0 1 0 1
/m/06n90 /film/film_genre/films_in_this_genre /m/07ng9k 40 1 0 1 0 1
/m/060__y /film/film_genre/films_in_this_genre /m/01c9d 10 1 1 1 0 1
/m/05p553 /film/film_genre/films_in_this_genre /m/05sns6 29 4 0 1 0 0
/m/05p553 /film/film_genre/films_in_this_genre /m/03wh49y 58 4 0 1 0 0
/m/05p553 /film/film_genre/films_in_this_genre /m/0k4p0 41 4 0 1 0 0
/m/05p553 /film/film_genre/films_in_this_genre /m/03m4mj 15 3 0 1 0 0
/m/05p553 /film/film_genre/films_in_this_genre /m/0k5fg 67 4 0 1 0 0
/m/0bkbm /film/film_genre/films_in_this_genre /m/02sg5v 6 1 1 1 0 1
/m/06cvj /film/film_genre/films_in_this_genre /m/047msdk 5 1 1 1 0 1
/m/03p5xs /film/film_genre/films_in_this_genre /m/016z7s 1 1 1 1 1 1
/m/01tz3c /film/film_genre/films_in_this_genre /m/0bz3jx 1 1 1 1 1 1
/m/0lsxr /film/film_genre/films_in_this_genre /m/01771z 70 37 0 0 0 0
/m/03npn /film/film_genre/films_in_this_genre /m/033qdy 13 1 0 1 0 1
/m/03mqtr /film/film_genre/films_in_this_genre /m/08tq4x 7 1 1 1 0 1
/m/0cshrf /film/film_genre/films_in_this_genre /m/03ydlnj 1 1 1 1 1 1
/m/01jfsb /film/film_genre/films_in_this_genre /m/09hy79 51 1 0 1 0 1
/m/07s9rl0 /film/film_genre/films_in_this_genre /m/0pv54 123 9 0 1 0 0
/m/07s9rl0 /film/film_genre/films_in_this_genre /m/0c38gj 198 10 0 1 0 0
/m/07s9rl0 /film/film_genre/films_in_this_genre /m/09sr0 106 9 0 1 0 0
/m/02l7c8 /film/film_genre/films_in_this_genre /m/03ydlnj 30 1 0 1 0 1
/m/02l7c8 /film/film_genre/films_in_this_genre /m/09ps01 128 68 0 0 0 0
/m/02l7c8 /film/film_genre/films_in_this_genre /m/087pfc 29 1 0 1 0 1
/m/02l7c8 /film/film_genre/films_in_this_genre /m/0bmhn 36 1 0 1 0 1
/m/0c3351 /film/film_genre/films_in_this_genre /m/02kfzz 4 1 1 1 0 1
/m/02kdv5l /film/film_genre/films_in_this_genre /m/04v89z 33 1 0 1 0 1
/m/02kdv5l /film/film_genre/films_in_this_genre /m/03tbg6 9 1 1 1 0 1
/m/03g3w /film/film_genre/films_in_this_genre /m/035s95 3 1 1 1 0 1
/m/0hcr /film/film_genre/films_in_this_genre /m/08fbnx 6 1 1 1 0 1
/m/0hcr /film/film_genre/films_in_this_genre /m/0d4htf 7873 7850 0 0 0 0
/m/060__y /film/film_genre/films_in_this_genre /m/060__7 9 1 1 1 0 1
/m/060__y /film/film_genre/films_in_this_genre /m/08xvpn 48 34 0 0 0 0
/m/05p553 /film/film_genre/films_in_this_genre /m/02rmd_2 30 4 0 1 0 0
/m/05p553 /film/film_genre/films_in_this_genre /m/0h7t36 22 4 0 1 0 0
/m/02qfv5d /film/film_genre/films_in_this_genre /m/0k20s 1 1 1 1 1 1
/m/04228s /film/film_genre/films_in_this_genre /m/026390q 10808 10803 0 0 0 0
/m/017fp /film/film_genre/films_in_this_genre /m/0b76kw1 6 1 1 1 0 1
/m/0lsxr /film/film_genre/films_in_this_genre /m/03kg2v 8 2 1 1 0 0
/m/0lsxr /film/film_genre/films_in_this_genre /m/0qf2t 20 2 0 1 0 0
/m/0lsxr /film/film_genre/films_in_this_genre /m/016ks5 23 2 0 1 0 0
/m/02n4kr /film/film_genre/films_in_this_genre /m/0k0rf 9 1 1 1 0 1
/m/03npn /film/film_genre/films_in_this_genre /m/027x7z5 4 1 1 1 0 1
/m/03npn /film/film_genre/films_in_this_genre /m/060v34 6 1 1 1 0 1
/m/01hmnh /film/film_genre/films_in_this_genre /m/027x7z5 45 6 0 1 0 0
/m/01jfsb /film/film_genre/films_in_this_genre /m/02d478 45 1 0 1 0 1
/m/01jfsb /film/film_genre/films_in_this_genre /m/0645k5 37 1 0 1 0 1
/m/01jfsb /film/film_genre/films_in_this_genre /m/0g3zrd 52 1 0 1 0 1
/m/04pbhw /film/film_genre/films_in_this_genre /m/0287477 12 1 0 1 0 1
/m/07s9rl0 /film/film_genre/films_in_this_genre /m/0jqd3 212 10 0 1 0 0
/m/07s9rl0 /film/film_genre/films_in_this_genre /m/0jjy0 190 10 0 1 0 0
/m/06l3bl /film/film_genre/films_in_this_genre /m/0p9rz 1 1 1 1 1 1
/m/0c3351 /film/film_genre/films_in_this_genre /m/03b1sb 4 1 1 1 0 1
/m/01t_vv /film/film_genre/films_in_this_genre /m/0d8w2n 2 1 1 1 0 1
/m/02kdv5l /film/film_genre/films_in_this_genre /m/07k8rt4 156 98 0 0 0 0
/m/02kdv5l /film/film_genre/films_in_this_genre /m/06_sc3 18 1 0 1 0 1
/m/015w9s /film/film_genre/films_in_this_genre /m/03g90h 1 1 1 1 1 1
/m/05p553 /film/film_genre/films_in_this_genre /m/0gcrg 249 164 0 0 0 0
/m/05p553 /film/film_genre/films_in_this_genre /m/027ct7c 64 4 0 1 0 0
/m/0219x_ /film/film_genre/films_in_this_genre /m/06lpmt 5596 5577 0 0 0 0
/m/0219x_ /film/film_genre/films_in_this_genre /m/01qncf 7 1 1 1 0 1
/m/06cvj /film/film_genre/films_in_this_genre /m/0272_vz 36 25 0 0 0 0
/m/06cvj /film/film_genre/films_in_this_genre /m/0sxns 6 1 1 1 0 1
/m/01hwc6 /film/film_genre/films_in_this_genre /m/013q0p 4 1 1 1 0 1
/m/01zhp /film/film_genre/films_in_this_genre /m/07nxnw 3 1 1 1 0 1
/m/0gf28 /film/film_genre/films_in_this_genre /m/06__m6 6 1 1 1 0 1
/m/03mqtr /film/film_genre/films_in_this_genre /m/0fjyzt 15 7 0 1 0 0
/m/01hmnh /film/film_genre/films_in_this_genre /m/02vz6dn 52 6 0 1 0 0
/m/01hmnh /film/film_genre/films_in_this_genre /m/04nlb94 57 6 0 1 0 0
/m/02js9 /film/film_genre/films_in_this_genre /m/0dx8gj 1 1 1 1 1 1
/m/01jfsb /film/film_genre/films_in_this_genre /m/0jqd3 54 1 0 1 0 1
/m/01jfsb /film/film_genre/films_in_this_genre /m/015bpl 61 1 0 1 0 1
/m/01jfsb /film/film_genre/films_in_this_genre /m/06zn2v2 54 1 0 1 0 1
/m/07s9rl0 /film/film_genre/films_in_this_genre /m/05szq8z 520 181 0 0 0 0
/m/07s9rl0 /film/film_genre/films_in_this_genre /m/017kz7 218 10 0 1 0 0
/m/07s9rl0 /film/film_genre/films_in_this_genre /m/0gjk1d 135 9 0 1 0 0
/m/0h9qh /film/film_genre/films_in_this_genre /m/0gc_c_ 1 1 1 1 1 1
/m/02xh1 /film/film_genre/films_in_this_genre /m/0cy__l 2 1 1 1 0 1
/m/03rzvv /film/film_genre/films_in_this_genre /m/01s3vk 1 1 1 1 1 1
/m/03q4nz /film/film_genre/films_in_this_genre /m/05pt0l 3 1 1 1 0 1
/m/03g3w /film/film_genre/films_in_this_genre /m/03hkch7 3 1 1 1 0 1
/m/03k9fj /film/film_genre/films_in_this_genre /m/07_k0c0 16 1 0 1 0 1
/m/01585b /film/film_genre/films_in_this_genre /m/0bwhdbl 2 1 1 1 0 1
/m/06n90 /film/film_genre/films_in_this_genre /m/0gh65c5 38 1 0 1 0 1
/m/06n90 /film/film_genre/films_in_this_genre /m/01f8f7 43 1 0 1 0 1
/m/0gsy3b /film/film_genre/films_in_this_genre /m/06fpsx 3 1 1 1 0 1
/m/060__y /film/film_genre/films_in_this_genre /m/02q7fl9 8 1 1 1 0 1
/m/060__y /film/film_genre/films_in_this_genre /m/0bbgly 9 1 1 1 0 1
/m/05p553 /film/film_genre/films_in_this_genre /m/011x_4 20 4 0 1 0 0
/m/05p553 /film/film_genre/films_in_this_genre /m/080nwsb 52 4 0 1 0 0
/m/0bbc17 /film/film_genre/films_in_this_genre /m/01hvjx 5 1 1 1 0 1
/m/06cvj /film/film_genre/films_in_this_genre /m/07tj4c 36 25 0 0 0 0
/m/01f9r0 /film/film_genre/films_in_this_genre /m/02rx2m5 2 1 1 1 0 1
/m/01f9r0 /film/film_genre/films_in_this_genre /m/04xx9s 2 1 1 1 0 1
/m/04xvh5 /film/film_genre/films_in_this_genre /m/05sxr_ 11506 11486 0 0 0 0
/m/04xvh5 /film/film_genre/films_in_this_genre /m/049mql 6 1 1 1 0 1
/m/01jfsb /film/film_genre/films_in_this_genre /m/0191n 81 7 0 1 0 0
/m/01jfsb /film/film_genre/films_in_this_genre /m/034hwx 22 1 0 1 0 1
/m/01jfsb /film/film_genre/films_in_this_genre /m/0gtv7pk 45 1 0 1 0 1
/m/01jfsb /film/film_genre/films_in_this_genre /m/0bh8x1y 49 1 0 1 0 1
/m/07s9rl0 /film/film_genre/films_in_this_genre /m/072x7s 238 11 0 0 0 0
/m/07s9rl0 /film/film_genre/films_in_this_genre /m/02x2jl_ 214 10 0 1 0 0
/m/07s9rl0 /film/film_genre/films_in_this_genre /m/04vvh9 120 9 0 1 0 0
/m/07s9rl0 /film/film_genre/films_in_this_genre /m/02r858_ 137 9 0 1 0 0
/m/07s9rl0 /film/film_genre/films_in_this_genre /m/0f4vx 37 2 0 1 0 0
/m/07s9rl0 /film/film_genre/films_in_this_genre /m/0fh694 203 10 0 1 0 0
/m/06l3bl /film/film_genre/films_in_this_genre /m/0gnkb 4 1 1 1 0 1
/m/02l7c8 /film/film_genre/films_in_this_genre /m/0gt1k 65 10 0 1 0 0
/m/0c3351 /film/film_genre/films_in_this_genre /m/0gm2_0 7 1 1 1 0 1
/m/01j1n2 /film/film_genre/films_in_this_genre /m/052_mn 5706 5696 0 0 0 0
/m/03q4nz /film/film_genre/films_in_this_genre /m/011yxy 3 1 1 1 0 1
/m/04xvlr /film/film_genre/films_in_this_genre /m/0symg 16 1 0 1 0 1
/m/0vgkd /film/film_genre/films_in_this_genre /m/0k2sk 6 1 1 1 0 1
/m/060__y /film/film_genre/films_in_this_genre /m/09ps01 48 34 0 0 0 0
/m/05p553 /film/film_genre/films_in_this_genre /m/026390q 69 4 0 1 0 0
/m/05mrx8 /film/film_genre/films_in_this_genre /m/02q7fl9 1 1 1 1 1 1
/m/082gq /film/film_genre/films_in_this_genre /m/05_61y 10 1 1 1 0 1
/m/09blyk /film/film_genre/films_in_this_genre /m/06bc59 8 1 1 1 0 1
/m/0219x_ /film/film_genre/films_in_this_genre /m/0d8w2n 7 1 1 1 0 1
/m/073_6 /film/film_genre/films_in_this_genre /m/09qycb 1 1 1 1 1 1
/m/01q03 /film/film_genre/films_in_this_genre /m/01xq8v 1 1 1 1 1 1
/m/04xvh5 /film/film_genre/films_in_this_genre /m/0dl6fv 3 1 1 1 0 1
/m/03npn /film/film_genre/films_in_this_genre /m/03cwwl 3 1 1 1 0 1
/m/01jfsb /film/film_genre/films_in_this_genre /m/0164qt 36 1 0 1 0 1
/m/01jfsb /film/film_genre/films_in_this_genre /m/07j94 58 1 0 1 0 1
/m/07s9rl0 /film/film_genre/films_in_this_genre /m/0fb7sd 216 10 0 1 0 0
/m/07s9rl0 /film/film_genre/films_in_this_genre /m/08gg47 76 4 0 1 0 0
/m/07s9rl0 /film/film_genre/films_in_this_genre /m/02mt51 8 1 1 1 0 1
/m/07s9rl0 /film/film_genre/films_in_this_genre /m/0c3zjn7 754 392 0 0 0 0
/m/07s9rl0 /film/film_genre/films_in_this_genre /m/011ysn 115 9 0 1 0 0
/m/02l7c8 /film/film_genre/films_in_this_genre /m/07kdkfj 33 1 0 1 0 1
/m/02l7c8 /film/film_genre/films_in_this_genre /m/083skw 32 1 0 1 0 1
/m/02kdv5l /film/film_genre/films_in_this_genre /m/0cf8qb 20 1 0 1 0 1
/m/04xvlr /film/film_genre/films_in_this_genre /m/02kfzz 8 1 1 1 0 1
/m/04xvlr /film/film_genre/films_in_this_genre /m/03hkch7 11 1 0 1 0 1
/m/03k9fj /film/film_genre/films_in_this_genre /m/070g7 27 1 0 1 0 1
/m/0hcr /film/film_genre/films_in_this_genre /m/0gfzfj 3 1 1 1 0 1
/m/03j0dp /film/film_genre/films_in_this_genre /m/0g4vmj8 4155 4153 0 0 0 0
/m/060__y /film/film_genre/films_in_this_genre /m/0jsqk 9 1 1 1 0 1
/m/05p553 /film/film_genre/films_in_this_genre /m/087pfc 7 2 1 1 0 0
/m/082gq /film/film_genre/films_in_this_genre /m/04jm_hq 8 1 1 1 0 1
/m/073_6 /film/film_genre/films_in_this_genre /m/01kjr0 1 1 1 1 1 1
/m/0lsxr /film/film_genre/films_in_this_genre /m/0280061 211 178 0 0 0 0
/m/0lsxr /film/film_genre/films_in_this_genre /m/01l_pn 8 2 1 1 0 0
/m/0lsxr /film/film_genre/films_in_this_genre /m/07l50vn 16 2 0 1 0 0
/m/02n4kr /film/film_genre/films_in_this_genre /m/06bd5j 9 1 1 1 0 1
/m/02n4kr /film/film_genre/films_in_this_genre /m/027r7k 20 1 0 1 0 1
/m/04t2t /film/film_genre/films_in_this_genre /m/06x43v 15 5 0 1 0 0
/m/03mqtr /film/film_genre/films_in_this_genre /m/02x2jl_ 16 7 0 1 0 0
/m/03mqtr /film/film_genre/films_in_this_genre /m/0c0yh4 5 1 1 1 0 1
/m/01hmnh /film/film_genre/films_in_this_genre /m/076tw54 19 3 0 1 0 0
/m/01jfsb /film/film_genre/films_in_this_genre /m/0dqcs3 59 1 0 1 0 1
/m/01jfsb /film/film_genre/films_in_this_genre /m/06g77c 31 1 0 1 0 1
/m/07s9rl0 /film/film_genre/films_in_this_genre /m/038bh3 214 10 0 1 0 0
/m/07s9rl0 /film/film_genre/films_in_this_genre /m/043n1r5 331 35 0 0 0 0
/m/07s9rl0 /film/film_genre/films_in_this_genre /m/09r94m 113 9 0 1 0 0
/m/07s9rl0 /film/film_genre/films_in_this_genre /m/03cvwkr 138 9 0 1 0 0
/m/07s9rl0 /film/film_genre/films_in_this_genre /m/04jplwp 121 9 0 1 0 0
/m/02l7c8 /film/film_genre/films_in_this_genre /m/0crs0b8 29 1 0 1 0 1
/m/02kdv5l /film/film_genre/films_in_this_genre /m/01f6x7 54 9 0 1 0 0
/m/02kdv5l /film/film_genre/films_in_this_genre /m/016dj8 17 1 0 1 0 1
/m/02kdv5l /film/film_genre/films_in_this_genre /m/0125xq 32 1 0 1 0 1
/m/02kdv5l /film/film_genre/films_in_this_genre /m/01sby_ 29 1 0 1 0 1
/m/04xvlr /film/film_genre/films_in_this_genre /m/0_9l_ 16 1 0 1 0 1
/m/04xvlr /film/film_genre/films_in_this_genre /m/03sxd2 11 1 0 1 0 1
/m/03k9fj /film/film_genre/films_in_this_genre /m/047csmy 14 1 0 1 0 1
/m/0556j8 /film/film_genre/films_in_this_genre /m/0gw7p 3 1 1 1 0 1
/m/05p553 /film/film_genre/films_in_this_genre /m/069q4f 79 4 0 1 0 0
/m/05p553 /film/film_genre/films_in_this_genre /m/05zpghd 11 3 0 1 0 0
/m/05p553 /film/film_genre/films_in_this_genre /m/0dqytn 16 3 0 1 0 0
/m/05p553 /film/film_genre/films_in_this_genre /m/032016 230 145 0 0 0 0
/m/082gq /film/film_genre/films_in_this_genre /m/0cq8nx 8 1 1 1 0 1
/m/09blyk /film/film_genre/films_in_this_genre /m/0315w4 20 8 0 1 0 0
/m/06cvj /film/film_genre/films_in_this_genre /m/026wlxw 7 1 1 1 0 1
/m/0vjs6 /film/film_genre/films_in_this_genre /m/0cbn7c 3 1 1 1 0 1
/m/0gf28 /film/film_genre/films_in_this_genre /m/08k40m 6 1 1 1 0 1
/m/03mqtr /film/film_genre/films_in_this_genre /m/0pv54 5 1 1 1 0 1
/m/01hmnh /film/film_genre/films_in_this_genre /m/02rn00y 52 6 0 1 0 0
/m/01jfsb /film/film_genre/films_in_this_genre /m/0hwpz 203 107 0 0 0 0
/m/01jfsb /film/film_genre/films_in_this_genre /m/0fy34l 19 1 0 1 0 1
/m/01jfsb /film/film_genre/films_in_this_genre /m/0gy4k 60 1 0 1 0 1
/m/01jfsb /film/film_genre/films_in_this_genre /m/0dzlbx 40 1 0 1 0 1
/m/07s9rl0 /film/film_genre/films_in_this_genre /m/04xg2f 247 12 0 0 0 0
/m/07s9rl0 /film/film_genre/films_in_this_genre /m/01wb95 162 10 0 1 0 0
/m/02l7c8 /film/film_genre/films_in_this_genre /m/0d87hc 20 1 0 1 0 1
/m/0jxy /film/film_genre/films_in_this_genre /m/04svwx 1 1 1 1 1 1
/m/01t_vv /film/film_genre/films_in_this_genre /m/011yn5 2 1 1 1 0 1
/m/02kdv5l /film/film_genre/films_in_this_genre /m/0gvrws1 103 46 0 0 0 0
/m/02kdv5l /film/film_genre/films_in_this_genre /m/09146g 21 1 0 1 0 1
/m/02kdv5l /film/film_genre/films_in_this_genre /m/0jdgr 30 1 0 1 0 1
/m/02kdv5l /film/film_genre/films_in_this_genre /m/02x3y41 26 1 0 1 0 1
/m/04t36 /film/film_genre/films_in_this_genre /m/0gnjh 2 1 1 1 0 1
/m/04xvlr /film/film_genre/films_in_this_genre /m/04ynx7 13 1 0 1 0 1
/m/04xvlr /film/film_genre/films_in_this_genre /m/049mql 37 10 0 1 0 0
/m/06n90 /film/film_genre/films_in_this_genre /m/0dzlbx 46 1 0 1 0 1
/m/0hcr /film/film_genre/films_in_this_genre /m/03mh94 9 1 1 1 0 1
/m/05p553 /film/film_genre/films_in_this_genre /m/015x74 63 4 0 1 0 0
/m/05p553 /film/film_genre/films_in_this_genre /m/0jqb8 40 4 0 1 0 0
/m/05p553 /film/film_genre/films_in_this_genre /m/0prrm 22 4 0 1 0 0
/m/0d63kt /film/film_genre/films_in_this_genre /m/09tqkv2 13727 13723 0 0 0 0
/m/0219x_ /film/film_genre/films_in_this_genre /m/03hkch7 11749 11721 0 0 0 0
/m/0lsxr /film/film_genre/films_in_this_genre /m/0c_j9x 19 2 0 1 0 0
/m/02n4kr /film/film_genre/films_in_this_genre /m/02xs6_ 26 2 0 1 0 0
/m/03npn /film/film_genre/films_in_this_genre /m/0401sg 12 1 0 1 0 1
/m/0l4h_ /film/film_genre/films_in_this_genre /m/02_1sj 6 1 1 1 0 1
/m/04rlf /film/film_genre/films_in_this_genre /m/025rxjq 2 1 1 1 0 1
/m/01hmnh /film/film_genre/films_in_this_genre /m/0bv8h2 190 127 0 0 0 0
/m/011ys5 /film/film_genre/films_in_this_genre /m/026mfbr 1 1 1 1 1 1
/m/01jfsb /film/film_genre/films_in_this_genre /m/05rfst 24 1 0 1 0 1
/m/01jfsb /film/film_genre/films_in_this_genre /m/0p3_y 58 1 0 1 0 1
/m/01jfsb /film/film_genre/films_in_this_genre /m/0g5pvv 49 1 0 1 0 1
/m/07s9rl0 /film/film_genre/films_in_this_genre /m/03shpq 212 10 0 1 0 0
/m/07s9rl0 /film/film_genre/films_in_this_genre /m/0gjcrrw 198 10 0 1 0 0
/m/07s9rl0 /film/film_genre/films_in_this_genre /m/0571m 123 9 0 1 0 0
/m/07s9rl0 /film/film_genre/films_in_this_genre /m/05v38p 28 1 0 1 0 1
/m/07s9rl0 /film/film_genre/films_in_this_genre /m/042zrm 241 12 0 0 0 0
/m/02l7c8 /film/film_genre/films_in_this_genre /m/05t0_2v 52 6 0 1 0 0
/m/026ny /film/film_genre/films_in_this_genre /m/0gfsq9 1 1 1 1 1 1
/m/0jxy /film/film_genre/films_in_this_genre /m/05t0zfv 4 1 1 1 0 1
/m/01t_vv /film/film_genre/films_in_this_genre /m/04kkz8 2 1 1 1 0 1
/m/02kdv5l /film/film_genre/films_in_this_genre /m/0ct2tf5 12 1 0 1 0 1
/m/03k9fj /film/film_genre/films_in_this_genre /m/0dyb1 22 1 0 1 0 1
/m/0hfjk /film/film_genre/films_in_this_genre /m/07tlfx 2 1 1 1 0 1
/m/05p553 /film/film_genre/films_in_this_genre /m/02prwdh 58 4 0 1 0 0
/m/05p553 /film/film_genre/films_in_this_genre /m/0640y35 59 4 0 1 0 0
/m/082gq /film/film_genre/films_in_this_genre /m/0gzy02 9 1 1 1 0 1
/m/0219x_ /film/film_genre/films_in_this_genre /m/016ks5 7 1 1 1 0 1
/m/017fp /film/film_genre/films_in_this_genre /m/0286vp 6 1 1 1 0 1
/m/01f9r0 /film/film_genre/films_in_this_genre /m/011yth 2 1 1 1 0 1
/m/0lsxr /film/film_genre/films_in_this_genre /m/02pjc1h 7 2 1 1 0 0
/m/01hmnh /film/film_genre/films_in_this_genre /m/09fqgj 16 2 0 1 0 0
/m/09q17 /film/film_genre/films_in_this_genre /m/026f__m 1 1 1 1 1 1
/m/03bxz7 /film/film_genre/films_in_this_genre /m/03bdkd 4 1 1 1 0 1
/m/01jfsb /film/film_genre/films_in_this_genre /m/07l50vn 50 1 0 1 0 1
/m/01jfsb /film/film_genre/films_in_this_genre /m/0crh5_f 19 1 0 1 0 1
/m/01jfsb /film/film_genre/films_in_this_genre /m/01q2nx 51 1 0 1 0 1
/m/01jfsb /film/film_genre/films_in_this_genre /m/0dsvzh 16 1 0 1 0 1
/m/07s9rl0 /film/film_genre/films_in_this_genre /m/026p4q7 95 9 0 1 0 0
/m/07s9rl0 /film/film_genre/films_in_this_genre /m/0bv8h2 211 10 0 1 0 0
/m/07s9rl0 /film/film_genre/films_in_this_genre /m/0q9sg 124 9 0 1 0 0
/m/07s9rl0 /film/film_genre/films_in_this_genre /m/071nw5 37 2 0 1 0 0
/m/07s9rl0 /film/film_genre/films_in_this_genre /m/07j8r 191 10 0 1 0 0
/m/07s9rl0 /film/film_genre/films_in_this_genre /m/04180vy 213 10 0 1 0 0
/m/06l3bl /film/film_genre/films_in_this_genre /m/0209hj 5 1 1 1 0 1
/m/02l7c8 /film/film_genre/films_in_this_genre /m/04jplwp 27 1 0 1 0 1
/m/02l7c8 /film/film_genre/films_in_this_genre /m/0j90s 37 1 0 1 0 1
/m/02l7c8 /film/film_genre/films_in_this_genre /m/040b5k 36 1 0 1 0 1
/m/01j1n2 /film/film_genre/films_in_this_genre /m/0m2kd 4 1 1 1 0 1
/m/02kdv5l /film/film_genre/films_in_this_genre /m/0fb7sd 26 1 0 1 0 1
/m/02kdv5l /film/film_genre/films_in_this_genre /m/047qxs 21 1 0 1 0 1
/m/03q4nz /film/film_genre/films_in_this_genre /m/0581vn8 2407 2401 0 0 0 0
/m/03q4nz /film/film_genre/films_in_this_genre /m/01f8gz 3 1 1 1 0 1
/m/04xvlr /film/film_genre/films_in_this_genre /m/0fzm0g 33 6 0 1 0 0
/m/04xvlr /film/film_genre/films_in_this_genre /m/065z3_x 14 1 0 1 0 1
/m/03k9fj /film/film_genre/films_in_this_genre /m/0d99k_ 23 1 0 1 0 1
/m/03k9fj /film/film_genre/films_in_this_genre /m/014lc_ 22 1 0 1 0 1
/m/06n90 /film/film_genre/films_in_this_genre /m/03cwwl 36 1 0 1 0 1
/m/0vgkd /film/film_genre/films_in_this_genre /m/09cxm4 6 1 1 1 0 1
/m/0vgkd /film/film_genre/films_in_this_genre /m/04smdd 6 1 1 1 0 1
/m/05p553 /film/film_genre/films_in_this_genre /m/03mh_tp 16 3 0 1 0 0
/m/0219x_ /film/film_genre/films_in_this_genre /m/02s4l6 7 1 1 1 0 1
/m/0lsxr /film/film_genre/films_in_this_genre /m/034hzj 22 2 0 1 0 0
/m/04t2t /film/film_genre/films_in_this_genre /m/05dfy_ 9 1 1 1 0 1
/m/03npn /film/film_genre/films_in_this_genre /m/06yykb 12 1 0 1 0 1
/m/0gf28 /film/film_genre/films_in_this_genre /m/02v63m 1 1 1 1 1 1
/m/03mqtr /film/film_genre/films_in_this_genre /m/0q9sg 2423 2413 0 0 0 0
/m/01jfsb /film/film_genre/films_in_this_genre /m/02_fz3 49 1 0 1 0 1
/m/01jfsb /film/film_genre/films_in_this_genre /m/0g5pv3 52 1 0 1 0 1
/m/01jfsb /film/film_genre/films_in_this_genre /m/02vjp3 47 1 0 1 0 1
/m/07s9rl0 /film/film_genre/films_in_this_genre /m/03cp4cn 198 10 0 1 0 0
/m/07s9rl0 /film/film_genre/films_in_this_genre /m/0gltv 127 9 0 1 0 0
/m/07s9rl0 /film/film_genre/films_in_this_genre /m/0djlxb 385 67 0 0 0 0
/m/02l7c8 /film/film_genre/films_in_this_genre /m/02phtzk 26 1 0 1 0 1
/m/02l7c8 /film/film_genre/films_in_this_genre /m/05650n 29 1 0 1 0 1
/m/02l7c8 /film/film_genre/films_in_this_genre /m/0bcndz 29 1 0 1 0 1
/m/0hn10 /film/film_genre/films_in_this_genre /m/0jdgr 4 1 1 1 0 1
/m/02kdv5l /film/film_genre/films_in_this_genre /m/0crc2cp 126 69 0 0 0 0
/m/02kdv5l /film/film_genre/films_in_this_genre /m/06w99h3 24 1 0 1 0 1
/m/03k9fj /film/film_genre/films_in_this_genre /m/06fcqw 28 1 0 1 0 1
/m/03k9fj /film/film_genre/films_in_this_genre /m/037cr1 21 1 0 1 0 1
/m/03k9fj /film/film_genre/films_in_this_genre /m/05dl1s 31 1 0 1 0 1
/m/0vgkd /film/film_genre/films_in_this_genre /m/09v71cj 6 1 1 1 0 1
/m/0gsy3b /film/film_genre/films_in_this_genre /m/01k5y0 3 1 1 1 0 1
/m/05p553 /film/film_genre/films_in_this_genre /m/03l6q0 80 4 0 1 0 0
/m/05p553 /film/film_genre/films_in_this_genre /m/03z20c 28 4 0 1 0 0
/m/05p553 /film/film_genre/films_in_this_genre /m/07_fj54 57 4 0 1 0 0
/m/05p553 /film/film_genre/films_in_this_genre /m/011yrp 53 4 0 1 0 0
/m/05p553 /film/film_genre/films_in_this_genre /m/02754c9 71 4 0 1 0 0
/m/04228s /film/film_genre/films_in_this_genre /m/08gg47 3 1 1 1 0 1
/m/04228s /film/film_genre/films_in_this_genre /m/0prrm 1 1 1 1 1 1
/m/082gq /film/film_genre/films_in_this_genre /m/020y73 9 1 1 1 0 1
/m/06cvj /film/film_genre/films_in_this_genre /m/0jqb8 7 1 1 1 0 1
/m/0lsxr /film/film_genre/films_in_this_genre /m/0992d9 88 55 0 0 0 0
/m/0lsxr /film/film_genre/films_in_this_genre /m/015qsq 18 2 0 1 0 0
/m/01hmnh /film/film_genre/films_in_this_genre /m/05ch98 47 6 0 1 0 0
/m/06lbpz /film/film_genre/films_in_this_genre /m/038bh3 1 1 1 1 1 1
/m/01jfsb /film/film_genre/films_in_this_genre /m/07bx6 52 1 0 1 0 1
/m/01jfsb /film/film_genre/films_in_this_genre /m/0dcz8_ 45 1 0 1 0 1
/m/04pbhw /film/film_genre/films_in_this_genre /m/05t0_2v 12 1 0 1 0 1
/m/07s9rl0 /film/film_genre/films_in_this_genre /m/08l0x2 225 10 0 1 0 0
/m/02l7c8 /film/film_genre/films_in_this_genre /m/06fpsx 25 1 0 1 0 1
/m/0c3351 /film/film_genre/films_in_this_genre /m/078mm1 4 1 1 1 0 1
/m/0c3351 /film/film_genre/films_in_this_genre /m/0cf8qb 7 1 1 1 0 1
/m/06ppq /film/film_genre/films_in_this_genre /m/06823p 3 1 1 1 0 1
/m/03k9fj /film/film_genre/films_in_this_genre /m/03whyr 80 33 0 0 0 0
/m/03k9fj /film/film_genre/films_in_this_genre /m/08gsvw 39 3 0 1 0 0
/m/03k9fj /film/film_genre/films_in_this_genre /m/0dq626 21 1 0 1 0 1
/m/03j0dp /film/film_genre/films_in_this_genre /m/04tqtl 3883 3880 0 0 0 0
/m/05p553 /film/film_genre/films_in_this_genre /m/047vp1n 16 3 0 1 0 0
/m/05p553 /film/film_genre/films_in_this_genre /m/03p2xc 252 167 0 0 0 0
/m/02p0szs /film/film_genre/films_in_this_genre /m/04yg13l 3 1 1 1 0 1
/m/04228s /film/film_genre/films_in_this_genre /m/03mh_tp 3 1 1 1 0 1
/m/082gq /film/film_genre/films_in_this_genre /m/04h4c9 8 1 1 1 0 1
/m/082gq /film/film_genre/films_in_this_genre /m/02cbhg 8 1 1 1 0 1
/m/017fp /film/film_genre/films_in_this_genre /m/03mz5b 6 1 1 1 0 1
/m/017fp /film/film_genre/films_in_this_genre /m/0dj0m5 6 1 1 1 0 1
/m/06cvj /film/film_genre/films_in_this_genre /m/0421v9q 7 1 1 1 0 1
/m/0lsxr /film/film_genre/films_in_this_genre /m/0127ps 13 2 0 1 0 0
/m/0btmb /film/film_genre/films_in_this_genre /m/08hmch 8 1 1 1 0 1
/m/0gf28 /film/film_genre/films_in_this_genre /m/01mszz 11906 11889 0 0 0 0
/m/01hmnh /film/film_genre/films_in_this_genre /m/02vrgnr 50 6 0 1 0 0
/m/01hmnh /film/film_genre/films_in_this_genre /m/0436yk 19 3 0 1 0 0
/m/02js9 /film/film_genre/films_in_this_genre /m/03_wm6 1 1 1 1 1 1
/m/01jfsb /film/film_genre/films_in_this_genre /m/04mcw4 50 1 0 1 0 1
/m/01jfsb /film/film_genre/films_in_this_genre /m/0315w4 20 1 0 1 0 1
/m/07s9rl0 /film/film_genre/films_in_this_genre /m/0c8qq 195 10 0 1 0 0
/m/0jtdp /film/film_genre/films_in_this_genre /m/02qr3k8 7800 7790 0 0 0 0
/m/0hn10 /film/film_genre/films_in_this_genre /m/047p7fr 2 1 1 1 0 1
/m/01t_vv /film/film_genre/films_in_this_genre /m/0h7t36 7824 7809 0 0 0 0
/m/02kdv5l /film/film_genre/films_in_this_genre /m/07cz2 21 1 0 1 0 1
/m/02kdv5l /film/film_genre/films_in_this_genre /m/03y0pn 43 3 0 1 0 0
/m/04t36 /film/film_genre/films_in_this_genre /m/01gvsn 10 1 1 1 0 1
/m/04xvlr /film/film_genre/films_in_this_genre /m/02mpyh 35 8 0 1 0 0
/m/04xvlr /film/film_genre/films_in_this_genre /m/0yzbg 14 1 0 1 0 1
/m/03k9fj /film/film_genre/films_in_this_genre /m/0407yfx 27 1 0 1 0 1
/m/03k9fj /film/film_genre/films_in_this_genre /m/03459x 21 1 0 1 0 1
/m/0hfjk /film/film_genre/films_in_this_genre /m/06zsk51 1 1 1 1 1 1
/m/0hfjk /film/film_genre/films_in_this_genre /m/01f7kl 2 1 1 1 0 1
/m/06n90 /film/film_genre/films_in_this_genre /m/0b9rdk 102 53 0 0 0 0
/m/06n90 /film/film_genre/films_in_this_genre /m/0gc_c_ 38 1 0 1 0 1
/m/015w9s /film/film_genre/films_in_this_genre /m/02wyzmv 1 1 1 1 1 1
/m/060__y /film/film_genre/films_in_this_genre /m/017180 8 1 1 1 0 1
/m/05p553 /film/film_genre/films_in_this_genre /m/016017 65 4 0 1 0 0
/m/02p0szs /film/film_genre/films_in_this_genre /m/0260bz 2096 2092 0 0 0 0
/m/01f9r0 /film/film_genre/films_in_this_genre /m/072x7s 1245 1242 0 0 0 0
/m/0lsxr /film/film_genre/films_in_this_genre /m/0p3_y 36 11 0 0 0 0
/m/02n4kr /film/film_genre/films_in_this_genre /m/06g77c 46 17 0 0 0 0
/m/04xvh5 /film/film_genre/films_in_this_genre /m/0m313 1 1 1 1 1 1
/m/04xvh5 /film/film_genre/films_in_this_genre /m/09q5w2 6 1 1 1 0 1
/m/03mqtr /film/film_genre/films_in_this_genre /m/02v_r7d 18 9 0 1 0 0
/m/01jfsb /film/film_genre/films_in_this_genre /m/085wqm 51 1 0 1 0 1
/m/01jfsb /film/film_genre/films_in_this_genre /m/03clwtw 60 1 0 1 0 1
/m/04pbhw /film/film_genre/films_in_this_genre /m/048tv9 17 1 0 1 0 1
/m/04pbhw /film/film_genre/films_in_this_genre /m/0dnkmq 10 1 1 1 0 1
/m/087lqx /film/film_genre/films_in_this_genre /m/048rn 6619 6618 0 0 0 0
/m/07s9rl0 /film/film_genre/films_in_this_genre /m/0k2m6 213 10 0 1 0 0
/m/07s9rl0 /film/film_genre/films_in_this_genre /m/0pd6l 130 9 0 1 0 0
/m/07s9rl0 /film/film_genre/films_in_this_genre /m/09m6kg 60 4 0 1 0 0
/m/02l7c8 /film/film_genre/films_in_this_genre /m/0sxlb 34 1 0 1 0 1
/m/01t_vv /film/film_genre/films_in_this_genre /m/016mhd 2 1 1 1 0 1
/m/01t_vv /film/film_genre/films_in_this_genre /m/021pqy 2 1 1 1 0 1
/m/03q4nz /film/film_genre/films_in_this_genre /m/0gtx63s 13464 13443 0 0 0 0
/m/03k9fj /film/film_genre/films_in_this_genre /m/024mpp 21 1 0 1 0 1
/m/0hfjk /film/film_genre/films_in_this_genre /m/034b6k 14678 14664 0 0 0 0
/m/0hcr /film/film_genre/films_in_this_genre /m/04f52jw 9 1 1 1 0 1
/m/05p553 /film/film_genre/films_in_this_genre /m/01h18v 64 4 0 1 0 0
/m/05p553 /film/film_genre/films_in_this_genre /m/0dt8xq 9 3 1 1 0 0
/m/02qfv5d /film/film_genre/films_in_this_genre /m/0ggbhy7 1 1 1 1 1 1
/m/082gq /film/film_genre/films_in_this_genre /m/0y_9q 8 1 1 1 0 1
/m/09blyk /film/film_genre/films_in_this_genre /m/0c9t0y 11 1 0 1 0 1
/m/09blyk /film/film_genre/films_in_this_genre /m/03cp4cn 3 1 1 1 0 1
/m/0bkbm /film/film_genre/films_in_this_genre /m/0g5pv3 6 1 1 1 0 1
/m/017fp /film/film_genre/films_in_this_genre /m/049mql 6 1 1 1 0 1
/m/017fp /film/film_genre/films_in_this_genre /m/02rx2m5 2 1 1 1 0 1
/m/06cvj /film/film_genre/films_in_this_genre /m/0d87hc 2 1 1 1 0 1
/m/0lsxr /film/film_genre/films_in_this_genre /m/060__7 85 52 0 0 0 0
/m/04xvh5 /film/film_genre/films_in_this_genre /m/04sskp 5 1 1 1 0 1
/m/0l4h_ /film/film_genre/films_in_this_genre /m/0pdp8 5 1 1 1 0 1
/m/03bxz7 /film/film_genre/films_in_this_genre /m/0bx0l 4 1 1 1 0 1
/m/02js9 /film/film_genre/films_in_this_genre /m/02c6d 1 1 1 1 1 1
/m/01jfsb /film/film_genre/films_in_this_genre /m/0ckrnn 80 7 0 1 0 0
/m/01jfsb /film/film_genre/films_in_this_genre /m/01771z 55 1 0 1 0 1
/m/02l7c8 /film/film_genre/films_in_this_genre /m/06_x996 21 1 0 1 0 1
/m/0hn10 /film/film_genre/films_in_this_genre /m/06kl78 9941 9932 0 0 0 0
/m/0jxy /film/film_genre/films_in_this_genre /m/02z5x7l 4 1 1 1 0 1
/m/0c3351 /film/film_genre/films_in_this_genre /m/04s1zr 7 1 1 1 0 1
/m/01t_vv /film/film_genre/films_in_this_genre /m/01n30p 2 1 1 1 0 1
/m/01t_vv /film/film_genre/films_in_this_genre /m/0gd92 2 1 1 1 0 1
/m/02kdv5l /film/film_genre/films_in_this_genre /m/0435vm 79 23 0 0 0 0
/m/02kdv5l /film/film_genre/films_in_this_genre /m/04t6fk 34 1 0 1 0 1
/m/02kdv5l /film/film_genre/films_in_this_genre /m/02x8fs 27 1 0 1 0 1
/m/06n90 /film/film_genre/films_in_this_genre /m/067ghz 67 19 0 0 0 0
/m/060__y /film/film_genre/films_in_this_genre /m/0h6r5 58 44 0 0 0 0
/m/05p553 /film/film_genre/films_in_this_genre /m/0cmf0m0 54 4 0 1 0 0
/m/05p553 /film/film_genre/films_in_this_genre /m/03bzyn4 9 3 1 1 0 0
/m/01drsx /film/film_genre/films_in_this_genre /m/01s7w3 3 1 1 1 0 1
/m/06cvj /film/film_genre/films_in_this_genre /m/0yx1m 5 1 1 1 0 1
/m/0jxxt /film/film_genre/films_in_this_genre /m/065z3_x 1 1 1 1 1 1
/m/0lsxr /film/film_genre/films_in_this_genre /m/02jkkv 11 2 0 1 0 0
/m/03npn /film/film_genre/films_in_this_genre /m/0gfsq9 16 1 0 1 0 1
/m/03npn /film/film_genre/films_in_this_genre /m/0270k40 16 1 0 1 0 1
/m/0gf28 /film/film_genre/films_in_this_genre /m/02ryz24 6 1 1 1 0 1
/m/04rlf /film/film_genre/films_in_this_genre /m/0dtzkt 2 1 1 1 0 1
/m/03mqtr /film/film_genre/films_in_this_genre /m/026gyn_ 6 1 1 1 0 1
/m/03bxz7 /film/film_genre/films_in_this_genre /m/043n0v_ 4 1 1 1 0 1
/m/03bxz7 /film/film_genre/films_in_this_genre /m/0dgst_d 4 1 1 1 0 1
/m/03bxz7 /film/film_genre/films_in_this_genre /m/049xgc 4 1 1 1 0 1
/m/03bxz7 /film/film_genre/films_in_this_genre /m/026fs38 4 1 1 1 0 1
/m/01jfsb /film/film_genre/films_in_this_genre /m/048scx 49 1 0 1 0 1
/m/04pbhw /film/film_genre/films_in_this_genre /m/02nx2k 12 1 0 1 0 1
/m/07s9rl0 /film/film_genre/films_in_this_genre /m/035yn8 339 38 0 0 0 0
/m/07s9rl0 /film/film_genre/films_in_this_genre /m/0gvs1kt 182 10 0 1 0 0
/m/07s9rl0 /film/film_genre/films_in_this_genre /m/02z0f6l 153 9 0 1 0 0
/m/07s9rl0 /film/film_genre/films_in_this_genre /m/04vr_f 178 10 0 1 0 0
/m/02l7c8 /film/film_genre/films_in_this_genre /m/0fjyzt 26 1 0 1 0 1
/m/02l7c8 /film/film_genre/films_in_this_genre /m/02n9bh 53 6 0 1 0 0
/m/0hn10 /film/film_genre/films_in_this_genre /m/06823p 4 1 1 1 0 1
/m/02b5_l /film/film_genre/films_in_this_genre /m/0353tm 6 1 1 1 0 1
/m/03rzvv /film/film_genre/films_in_this_genre /m/05jf85 1 1 1 1 1 1
/m/02kdv5l /film/film_genre/films_in_this_genre /m/06tpmy 22 1 0 1 0 1
/m/03g3w /film/film_genre/films_in_this_genre /m/02prw4h 3 1 1 1 0 1
/m/0c031k6 /film/film_genre/films_in_this_genre /m/043h78 1 1 1 1 1 1
/m/04xvlr /film/film_genre/films_in_this_genre /m/0c1sgd3 32 6 0 1 0 0
/m/060__y /film/film_genre/films_in_this_genre /m/0gs973 8 1 1 1 0 1
/m/05p553 /film/film_genre/films_in_this_genre /m/05fm6m 31 4 0 1 0 0
/m/05p553 /film/film_genre/films_in_this_genre /m/06y611 55 4 0 1 0 0
/m/05p553 /film/film_genre/films_in_this_genre /m/02tgz4 14 3 0 1 0 0
/m/05p553 /film/film_genre/films_in_this_genre /m/0bmhvpr 59 4 0 1 0 0
/m/082gq /film/film_genre/films_in_this_genre /m/011yrp 43 28 0 0 0 0
/m/070yc /film/film_genre/films_in_this_genre /m/0gzlb9 2 1 1 1 0 1
/m/09blyk /film/film_genre/films_in_this_genre /m/0g68zt 4 1 1 1 0 1
/m/06cvj /film/film_genre/films_in_this_genre /m/04wddl 6 1 1 1 0 1
/m/0glj9q /film/film_genre/films_in_this_genre /m/02c6d 2 1 1 1 0 1
/m/0lsxr /film/film_genre/films_in_this_genre /m/08c4yn 15 2 0 1 0 0
/m/0lsxr /film/film_genre/films_in_this_genre /m/0ct2tf5 4 2 1 1 0 0
/m/01zhp /film/film_genre/films_in_this_genre /m/04f52jw 3 1 1 1 0 1
/m/02n4kr /film/film_genre/films_in_this_genre /m/0y_pg 46 17 0 0 0 0
/m/04xvh5 /film/film_genre/films_in_this_genre /m/085bd1 12933 12911 0 0 0 0
/m/04xvh5 /film/film_genre/films_in_this_genre /m/0gyy53 10230 10214 0 0 0 0
/m/0gf28 /film/film_genre/films_in_this_genre /m/03p2xc 7485 7468 0 0 0 0
/m/04rlf /film/film_genre/films_in_this_genre /m/0fgrm 2 1 1 1 0 1
/m/01hmnh /film/film_genre/films_in_this_genre /m/0315w4 47 6 0 1 0 0
/m/011ys5 /film/film_genre/films_in_this_genre /m/02vyyl8 6192 6191 0 0 0 0
/m/03bxz7 /film/film_genre/films_in_this_genre /m/02d49z 4 1 1 1 0 1
/m/03bxz7 /film/film_genre/films_in_this_genre /m/050gkf 4 1 1 1 0 1
/m/01jfsb /film/film_genre/films_in_this_genre /m/0hv4t 26 1 0 1 0 1
/m/01jfsb /film/film_genre/films_in_this_genre /m/0fxmbn 57 1 0 1 0 1
/m/01jfsb /film/film_genre/films_in_this_genre /m/05zlld0 95 12 0 0 0 0
/m/07s9rl0 /film/film_genre/films_in_this_genre /m/0g5838s 187 10 0 1 0 0
/m/07s9rl0 /film/film_genre/films_in_this_genre /m/04b2qn 196 10 0 1 0 0
/m/07s9rl0 /film/film_genre/films_in_this_genre /m/02xs6_ 203 10 0 1 0 0
/m/07s9rl0 /film/film_genre/films_in_this_genre /m/0gh65c5 184 10 0 1 0 0
/m/07s9rl0 /film/film_genre/films_in_this_genre /m/0bw20 126 9 0 1 0 0
/m/07s9rl0 /film/film_genre/films_in_this_genre /m/04hk0w 747 385 0 0 0 0
/m/07s9rl0 /film/film_genre/films_in_this_genre /m/08sfxj 126 9 0 1 0 0
/m/07s9rl0 /film/film_genre/films_in_this_genre /m/03bzyn4 211 10 0 1 0 0
/m/07s9rl0 /film/film_genre/films_in_this_genre /m/0284b56 124 9 0 1 0 0
/m/06l3bl /film/film_genre/films_in_this_genre /m/017jd9 7 2 1 1 0 0
/m/02l7c8 /film/film_genre/films_in_this_genre /m/03nsm5x 30 1 0 1 0 1
/m/02l7c8 /film/film_genre/films_in_this_genre /m/058kh7 35 1 0 1 0 1
/m/02l7c8 /film/film_genre/films_in_this_genre /m/0gj8t_b 31 1 0 1 0 1
/m/02l7c8 /film/film_genre/films_in_this_genre /m/0dr89x 32 1 0 1 0 1
/m/0bj8m2 /film/film_genre/films_in_this_genre /m/0fgrm 2 1 1 1 0 1
/m/04xvlr /film/film_genre/films_in_this_genre /m/02wyzmv 36 9 0 1 0 0
/m/06n90 /film/film_genre/films_in_this_genre /m/02z9rr 37 1 0 1 0 1
/m/060__y /film/film_genre/films_in_this_genre /m/0c34mt 10 1 1 1 0 1
/m/060__y /film/film_genre/films_in_this_genre /m/0qf2t 1 1 1 1 1 1
/m/060__y /film/film_genre/films_in_this_genre /m/011yg9 3 1 1 1 0 1
/m/09blyk /film/film_genre/films_in_this_genre /m/0fy66 4 1 1 1 0 1
/m/04btyz /film/film_genre/films_in_this_genre /m/0hvvf 3 1 1 1 0 1
/m/017fp /film/film_genre/films_in_this_genre /m/02rcdc2 6 1 1 1 0 1
/m/03p5xs /film/film_genre/films_in_this_genre /m/01gkp1 1 1 1 1 1 1
/m/04xvh5 /film/film_genre/films_in_this_genre /m/0y_9q 6 1 1 1 0 1
/m/04rlf /film/film_genre/films_in_this_genre /m/02825kb 2 1 1 1 0 1
/m/01jfsb /film/film_genre/films_in_this_genre /m/048tv9 57 1 0 1 0 1
/m/07s9rl0 /film/film_genre/films_in_this_genre /m/0fq27fp 200 10 0 1 0 0
/m/07s9rl0 /film/film_genre/films_in_this_genre /m/0b_5d 188 10 0 1 0 0
/m/07s9rl0 /film/film_genre/films_in_this_genre /m/02jkkv 200 10 0 1 0 0
/m/07s9rl0 /film/film_genre/films_in_this_genre /m/04jkpgv 591 248 0 0 0 0
/m/07s9rl0 /film/film_genre/films_in_this_genre /m/095zlp 7 1 1 1 0 1
/m/02l7c8 /film/film_genre/films_in_this_genre /m/0g5q34q 153 93 0 0 0 0
/m/02l7c8 /film/film_genre/films_in_this_genre /m/03ynwqj 102 42 0 0 0 0
/m/0hc1z /film/film_genre/films_in_this_genre /m/024l2y 1 1 1 1 1 1
/m/02kdv5l /film/film_genre/films_in_this_genre /m/04f52jw 26 1 0 1 0 1
/m/03g3w /film/film_genre/films_in_this_genre /m/02z0f6l 3 1 1 1 0 1
/m/03g3w /film/film_genre/films_in_this_genre /m/09sr0 1006 1001 0 0 0 0
/m/04t36 /film/film_genre/films_in_this_genre /m/0cn_b8 10 1 1 1 0 1
/m/02hmvc /film/film_genre/films_in_this_genre /m/04dsnp 1 1 1 1 1 1
/m/0556j8 /film/film_genre/films_in_this_genre /m/06x43v 1 1 1 1 1 1
/m/060__y /film/film_genre/films_in_this_genre /m/0fjyzt 8 1 1 1 0 1
/m/05p553 /film/film_genre/films_in_this_genre /m/04yc76 10 3 1 1 0 0
/m/05p553 /film/film_genre/films_in_this_genre /m/0pdp8 18 4 0 1 0 0
/m/05p553 /film/film_genre/films_in_this_genre /m/01hv3t 16 3 0 1 0 0
/m/05p553 /film/film_genre/films_in_this_genre /m/057__d 61 4 0 1 0 0
/m/05p553 /film/film_genre/films_in_this_genre /m/024lt6 13 3 0 1 0 0
/m/0219x_ /film/film_genre/films_in_this_genre /m/032_wv 10129 10102 0 0 0 0
/m/06cvj /film/film_genre/films_in_this_genre /m/04b2qn 6 1 1 1 0 1
/m/02n4kr /film/film_genre/films_in_this_genre /m/0f4_2k 2 1 1 1 0 1
/m/03npn /film/film_genre/films_in_this_genre /m/0hx4y 16 1 0 1 0 1
/m/0gf28 /film/film_genre/films_in_this_genre /m/013q0p 4 1 1 1 0 1
/m/03mqtr /film/film_genre/films_in_this_genre /m/0bw20 16 7 0 1 0 0
/m/03bxz7 /film/film_genre/films_in_this_genre /m/06nr2h 4 1 1 1 0 1
/m/01jfsb /film/film_genre/films_in_this_genre /m/0661ql3 140 48 0 0 0 0
/m/07s9rl0 /film/film_genre/films_in_this_genre /m/0cq86w 191 10 0 1 0 0
/m/07s9rl0 /film/film_genre/films_in_this_genre /m/0cf08 110 9 0 1 0 0
/m/07s9rl0 /film/film_genre/films_in_this_genre /m/02fwfb 217 10 0 1 0 0
/m/07s9rl0 /film/film_genre/films_in_this_genre /m/02rx2m5 122 9 0 1 0 0
/m/07s9rl0 /film/film_genre/films_in_this_genre /m/0k2cb 237 11 0 0 0 0
/m/02l7c8 /film/film_genre/films_in_this_genre /m/0cq7kw 31 1 0 1 0 1
/m/0gs6m /film/film_genre/films_in_this_genre /m/051zy_b 1 1 1 1 1 1
/m/02kdv5l /film/film_genre/films_in_this_genre /m/05dfy_ 38 1 0 1 0 1
/m/02kdv5l /film/film_genre/films_in_this_genre /m/032016 149 91 0 0 0 0
/m/03q4nz /film/film_genre/films_in_this_genre /m/026q3s3 5981 5967 0 0 0 0
/m/03q4nz /film/film_genre/films_in_this_genre /m/09yxcz 3 1 1 1 0 1
/m/04t36 /film/film_genre/films_in_this_genre /m/0k5px 7 1 1 1 0 1
/m/04xvlr /film/film_genre/films_in_this_genre /m/050gkf 10 1 1 1 0 1
/m/06n90 /film/film_genre/films_in_this_genre /m/05pdd86 94 45 0 0 0 0
/m/0hcr /film/film_genre/films_in_this_genre /m/0b60sq 5225 5206 0 0 0 0
/m/05p553 /film/film_genre/films_in_this_genre /m/0cc97st 57 4 0 1 0 0
/m/05p553 /film/film_genre/films_in_this_genre /m/0jz71 64 4 0 1 0 0
/m/05p553 /film/film_genre/films_in_this_genre /m/0ggbfwf 59 4 0 1 0 0
/m/082gq /film/film_genre/films_in_this_genre /m/09rfpk 44 29 0 0 0 0
/m/0219x_ /film/film_genre/films_in_this_genre /m/027qgy 492 481 0 0 0 0
/m/0219x_ /film/film_genre/films_in_this_genre /m/07bwr 7 1 1 1 0 1
/m/0219x_ /film/film_genre/films_in_this_genre /m/01br2w 7 1 1 1 0 1
/m/06qln /film/film_genre/films_in_this_genre /m/01pv91 1 1 1 1 1 1
/m/06qln /film/film_genre/films_in_this_genre /m/050xxm 1 1 1 1 1 1
/m/017fp /film/film_genre/films_in_this_genre /m/09q23x 12458 12446 0 0 0 0
/m/06qm3 /film/film_genre/films_in_this_genre /m/09g8vhw 7 1 1 1 0 1
/m/01q03 /film/film_genre/films_in_this_genre /m/040_lv 1 1 1 1 1 1
/m/02n4kr /film/film_genre/films_in_this_genre /m/016yxn 15 1 0 1 0 1
/m/03npn /film/film_genre/films_in_this_genre /m/0ct5zc 30 8 0 1 0 0
/m/03npn /film/film_genre/films_in_this_genre /m/0cz8mkh 25 5 0 1 0 0
/m/0gf28 /film/film_genre/films_in_this_genre /m/026wlxw 6 1 1 1 0 1
/m/0gf28 /film/film_genre/films_in_this_genre /m/0k2sk 6 1 1 1 0 1
/m/01hmnh /film/film_genre/films_in_this_genre /m/0ddt_ 63 8 0 1 0 0
/m/01jfsb /film/film_genre/films_in_this_genre /m/0cbn7c 23 1 0 1 0 1
/m/01jfsb /film/film_genre/films_in_this_genre /m/0291hr 56 1 0 1 0 1
/m/01lrrt /film/film_genre/films_in_this_genre /m/06823p 1 1 1 1 1 1
/m/07s9rl0 /film/film_genre/films_in_this_genre /m/0gg5kmg 194 10 0 1 0 0
/m/07s9rl0 /film/film_genre/films_in_this_genre /m/045r_9 330 35 0 0 0 0
/m/07s9rl0 /film/film_genre/films_in_this_genre /m/0170_p 156 9 0 1 0 0
/m/07s9rl0 /film/film_genre/films_in_this_genre /m/05cvgl 20 1 0 1 0 1
/m/02l7c8 /film/film_genre/films_in_this_genre /m/03np63f 30 1 0 1 0 1
/m/02kdv5l /film/film_genre/films_in_this_genre /m/04tng0 29 1 0 1 0 1
/m/02kdv5l /film/film_genre/films_in_this_genre /m/0d99k_ 25 1 0 1 0 1
/m/02kdv5l /film/film_genre/films_in_this_genre /m/04yg13l 21 1 0 1 0 1
/m/02kdv5l /film/film_genre/films_in_this_genre /m/0d1qmz 25 1 0 1 0 1
/m/04xvlr /film/film_genre/films_in_this_genre /m/01y9r2 5 1 1 1 0 1
/m/03k9fj /film/film_genre/films_in_this_genre /m/0mcl0 320 263 0 0 0 0
/m/03k9fj /film/film_genre/films_in_this_genre /m/0f8j13 34 1 0 1 0 1
/m/03k9fj /film/film_genre/films_in_this_genre /m/04w7rn 14 1 0 1 0 1
/m/060__y /film/film_genre/films_in_this_genre /m/02jkkv 9 1 1 1 0 1
/m/05p553 /film/film_genre/films_in_this_genre /m/04g73n 62 4 0 1 0 0
/m/05p553 /film/film_genre/films_in_this_genre /m/0295sy 71 4 0 1 0 0
/m/082gq /film/film_genre/films_in_this_genre /m/0pd6l 9 1 1 1 0 1
/m/06nbt /film/film_genre/films_in_this_genre /m/0421ng 2 1 1 1 0 1
/m/0lsxr /film/film_genre/films_in_this_genre /m/01_1hw 15 2 0 1 0 0
/m/02n4kr /film/film_genre/films_in_this_genre /m/08ct6 19 1 0 1 0 1
/m/0gf28 /film/film_genre/films_in_this_genre /m/02704ff 6 1 1 1 0 1
/m/01jfsb /film/film_genre/films_in_this_genre /m/06yykb 52 1 0 1 0 1
/m/01jfsb /film/film_genre/films_in_this_genre /m/0bxxzb 194 98 0 0 0 0
/m/07s9rl0 /film/film_genre/films_in_this_genre /m/03s6l2 60 4 0 1 0 0
/m/07s9rl0 /film/film_genre/films_in_this_genre /m/0h2zvzr 781 417 0 0 0 0
/m/07s9rl0 /film/film_genre/films_in_this_genre /m/0k20s 406 83 0 0 0 0
/m/07s9rl0 /film/film_genre/films_in_this_genre /m/057__d 131 9 0 1 0 0
/m/07s9rl0 /film/film_genre/films_in_this_genre /m/0bq6ntw 186 10 0 1 0 0
/m/07s9rl0 /film/film_genre/films_in_this_genre /m/07vf5c 319 34 0 0 0 0
/m/07s9rl0 /film/film_genre/films_in_this_genre /m/0g3zrd 77 4 0 1 0 0
/m/06l3bl /film/film_genre/films_in_this_genre /m/0dkv90 5 1 1 1 0 1
/m/02l7c8 /film/film_genre/films_in_this_genre /m/0bs5k8r 29 1 0 1 0 1
/m/02l7c8 /film/film_genre/films_in_this_genre /m/0hvvf 36 1 0 1 0 1
/m/0jxy /film/film_genre/films_in_this_genre /m/02q3fdr 5 1 1 1 0 1
/m/0jxy /film/film_genre/films_in_this_genre /m/08fbnx 8 2 1 1 0 0
/m/03g3w /film/film_genre/films_in_this_genre /m/07vn_9 3 1 1 1 0 1
/m/04t36 /film/film_genre/films_in_this_genre /m/027rpym 1 1 1 1 1 1
/m/03k9fj /film/film_genre/films_in_this_genre /m/0gnkb 32 1 0 1 0 1
/m/0jdm8 /film/film_genre/films_in_this_genre /m/08rr3p 1 1 1 1 1 1
/m/0jdm8 /film/film_genre/films_in_this_genre /m/0p_rk 9331 9327 0 0 0 0
/m/0hcr /film/film_genre/films_in_this_genre /m/04lqvly 8837 8813 0 0 0 0
/m/0hcr /film/film_genre/films_in_this_genre /m/087wc7n 9 1 1 1 0 1
/m/060__y /film/film_genre/films_in_this_genre /m/0mcl0 9 1 1 1 0 1
/m/05p553 /film/film_genre/films_in_this_genre /m/027r9t 155 71 0 0 0 0
/m/05p553 /film/film_genre/films_in_this_genre /m/01qxc7 13 3 0 1 0 0
/m/02p0szs /film/film_genre/films_in_this_genre /m/0d61px 3 1 1 1 0 1
/m/01drsx /film/film_genre/films_in_this_genre /m/03phtz 3 1 1 1 0 1
/m/0d2rhq /film/film_genre/films_in_this_genre /m/02qrv7 1 1 1 1 1 1
/m/01q03 /film/film_genre/films_in_this_genre /m/0kbwb 1 1 1 1 1 1
/m/02n4kr /film/film_genre/films_in_this_genre /m/0ktpx 13 1 0 1 0 1
/m/04t2t /film/film_genre/films_in_this_genre /m/040b5k 9 1 1 1 0 1
/m/04t2t /film/film_genre/films_in_this_genre /m/033g4d 20 9 0 1 0 0
/m/03npn /film/film_genre/films_in_this_genre /m/0gj9qxr 16 1 0 1 0 1
/m/01hmnh /film/film_genre/films_in_this_genre /m/04mcw4 46 6 0 1 0 0
/m/01hmnh /film/film_genre/films_in_this_genre /m/02wgbb 55 6 0 1 0 0
/m/01hmnh /film/film_genre/films_in_this_genre /m/03kxj2 55 6 0 1 0 0
/m/01hmnh /film/film_genre/films_in_this_genre /m/0cc5mcj 45 6 0 1 0 0
/m/03bxz7 /film/film_genre/films_in_this_genre /m/04g9gd 4 1 1 1 0 1
/m/03bxz7 /film/film_genre/films_in_this_genre /m/048xyn 9443 9424 0 0 0 0
/m/01jfsb /film/film_genre/films_in_this_genre /m/024mxd 115 27 0 0 0 0
/m/07s9rl0 /film/film_genre/films_in_this_genre /m/0g5879y 195 10 0 1 0 0
/m/07s9rl0 /film/film_genre/films_in_this_genre /m/0gm2_0 212 10 0 1 0 0
/m/07s9rl0 /film/film_genre/films_in_this_genre /m/02tqm5 139 9 0 1 0 0
/m/07s9rl0 /film/film_genre/films_in_this_genre /m/09y6pb 132 9 0 1 0 0
/m/07s9rl0 /film/film_genre/films_in_this_genre /m/04qw17 123 9 0 1 0 0
/m/07s9rl0 /film/film_genre/films_in_this_genre /m/05pxnmb 213 10 0 1 0 0
/m/06l3bl /film/film_genre/films_in_this_genre /m/01jwxx 5 1 1 1 0 1
/m/02l7c8 /film/film_genre/films_in_this_genre /m/0ds35l9 94 34 0 0 0 0
/m/02l7c8 /film/film_genre/films_in_this_genre /m/03nm_fh 80 23 0 0 0 0
/m/02l7c8 /film/film_genre/films_in_this_genre /m/02rtqvb 12 1 0 1 0 1
/m/02l7c8 /film/film_genre/films_in_this_genre /m/02qpt1w 96 36 0 0 0 0
/m/02l7c8 /film/film_genre/films_in_this_genre /m/02wtp6 29 1 0 1 0 1
/m/02l7c8 /film/film_genre/films_in_this_genre /m/0pv3x 5 1 1 1 0 1
/m/0bj8m2 /film/film_genre/films_in_this_genre /m/02rrfzf 2 1 1 1 0 1
/m/0jxy /film/film_genre/films_in_this_genre /m/02gs6r 5 1 1 1 0 1
/m/02kdv5l /film/film_genre/films_in_this_genre /m/03phtz 21 1 0 1 0 1
/m/04xvlr /film/film_genre/films_in_this_genre /m/016ywb 17 1 0 1 0 1
/m/06n90 /film/film_genre/films_in_this_genre /m/02ny6g 85 36 0 0 0 0
/m/060__y /film/film_genre/films_in_this_genre /m/017jd9 5 1 1 1 0 1
/m/05p553 /film/film_genre/films_in_this_genre /m/0c00zd0 32 4 0 1 0 0
/m/05p553 /film/film_genre/films_in_this_genre /m/0yxf4 62 4 0 1 0 0
/m/0219x_ /film/film_genre/films_in_this_genre /m/04t9c0 7 1 1 1 0 1
/m/0bkbm /film/film_genre/films_in_this_genre /m/0407yj_ 9 1 1 1 0 1
/m/06cvj /film/film_genre/films_in_this_genre /m/027qgy 6 1 1 1 0 1
/m/0fdjb /film/film_genre/films_in_this_genre /m/02tktw 2 1 1 1 0 1
/m/0lsxr /film/film_genre/films_in_this_genre /m/0gg5kmg 112 79 0 0 0 0
/m/0lsxr /film/film_genre/films_in_this_genre /m/09xbpt 42 15 0 0 0 0
/m/0lsxr /film/film_genre/films_in_this_genre /m/0y_yw 9 2 1 1 0 0
/m/04xvh5 /film/film_genre/films_in_this_genre /m/041td_ 6 1 1 1 0 1
/m/03npn /film/film_genre/films_in_this_genre /m/02v5_g 2 1 1 1 0 1
/m/03npn /film/film_genre/films_in_this_genre /m/0c9t0y 6 1 1 1 0 1
/m/03bxz7 /film/film_genre/films_in_this_genre /m/09fn1w 4 1 1 1 0 1
/m/02js9 /film/film_genre/films_in_this_genre /m/07nnp_ 1 1 1 1 1 1
/m/01jfsb /film/film_genre/films_in_this_genre /m/06kl78 22 1 0 1 0 1
/m/07s9rl0 /film/film_genre/films_in_this_genre /m/01jft4 212 10 0 1 0 0
/m/07s9rl0 /film/film_genre/films_in_this_genre /m/02ljhg 223 10 0 1 0 0
/m/07s9rl0 /film/film_genre/films_in_this_genre /m/0gyfp9c 193 10 0 1 0 0
/m/07s9rl0 /film/film_genre/films_in_this_genre /m/031ldd 210 10 0 1 0 0
/m/02l7c8 /film/film_genre/films_in_this_genre /m/03s6l2 26 1 0 1 0 1
/m/02l7c8 /film/film_genre/films_in_this_genre /m/011yl_ 190 130 0 0 0 0
/m/02l7c8 /film/film_genre/films_in_this_genre /m/04xg2f 27 1 0 1 0 1
/m/02l7c8 /film/film_genre/films_in_this_genre /m/02w9k1c 24 1 0 1 0 1
/m/02l7c8 /film/film_genre/films_in_this_genre /m/02z0f6l 29 1 0 1 0 1
/m/01j1n2 /film/film_genre/films_in_this_genre /m/02xtxw 4 1 1 1 0 1
/m/02kdv5l /film/film_genre/films_in_this_genre /m/0gzlb9 25 1 0 1 0 1
/m/02kdv5l /film/film_genre/films_in_this_genre /m/05vc35 37 1 0 1 0 1
/m/04xvlr /film/film_genre/films_in_this_genre /m/01c9d 42 15 0 0 0 0
/m/03k9fj /film/film_genre/films_in_this_genre /m/0hx4y 14 1 0 1 0 1
/m/0424mc /film/film_genre/films_in_this_genre /m/04lqvly 1 1 1 1 1 1
/m/060__y /film/film_genre/films_in_this_genre /m/0g3zrd 8 1 1 1 0 1
/m/05p553 /film/film_genre/films_in_this_genre /m/0bs8ndx 1 1 1 1 1 1
/m/05p553 /film/film_genre/films_in_this_genre /m/02d003 13 3 0 1 0 0
/m/05p553 /film/film_genre/films_in_this_genre /m/0c0zq 116 32 0 0 0 0
/m/05p553 /film/film_genre/films_in_this_genre /m/0n1s0 16 3 0 1 0 0
/m/05p553 /film/film_genre/films_in_this_genre /m/01k0vq 18 4 0 1 0 0
/m/082gq /film/film_genre/films_in_this_genre /m/03lv4x 9 1 1 1 0 1
/m/0219x_ /film/film_genre/films_in_this_genre /m/0jqkh 13801 13769 0 0 0 0
/m/0219x_ /film/film_genre/films_in_this_genre /m/09z2b7 7 1 1 1 0 1
/m/06nbt /film/film_genre/films_in_this_genre /m/03lrht 2 1 1 1 0 1
/m/017fp /film/film_genre/films_in_this_genre /m/016z7s 2 1 1 1 0 1
/m/06cvj /film/film_genre/films_in_this_genre /m/04yc76 6 1 1 1 0 1
/m/01f9r0 /film/film_genre/films_in_this_genre /m/0b2km_ 2 1 1 1 0 1
/m/0lsxr /film/film_genre/films_in_this_genre /m/06v9_x 11 2 0 1 0 0
/m/02n4kr /film/film_genre/films_in_this_genre /m/0661ql3 10 1 1 1 0 1
/m/03npn /film/film_genre/films_in_this_genre /m/02pcq92 4 1 1 1 0 1
/m/04rlf /film/film_genre/films_in_this_genre /m/0ddj0x 2 1 1 1 0 1
/m/01hmnh /film/film_genre/films_in_this_genre /m/05jf85 30 5 0 1 0 0
/m/03bxz7 /film/film_genre/films_in_this_genre /m/0cwy47 4 1 1 1 0 1
/m/03bxz7 /film/film_genre/films_in_this_genre /m/09gq0x5 4 1 1 1 0 1
/m/01jfsb /film/film_genre/films_in_this_genre /m/0fg04 84 7 0 1 0 0
/m/01jfsb /film/film_genre/films_in_this_genre /m/06x43v 43 1 0 1 0 1
/m/01jfsb /film/film_genre/films_in_this_genre /m/05nyqk 24 1 0 1 0 1
/m/01jfsb /film/film_genre/films_in_this_genre /m/01kf5lf 58 1 0 1 0 1
/m/07s9rl0 /film/film_genre/films_in_this_genre /m/095z4q 750 388 0 0 0 0
/m/07s9rl0 /film/film_genre/films_in_this_genre /m/03c_cxn 213 10 0 1 0 0
/m/07s9rl0 /film/film_genre/films_in_this_genre /m/0c00zd0 212 10 0 1 0 0
/m/02l7c8 /film/film_genre/films_in_this_genre /m/03cfkrw 27 1 0 1 0 1
/m/0bj8m2 /film/film_genre/films_in_this_genre /m/03kx49 2 1 1 1 0 1
/m/02xh1 /film/film_genre/films_in_this_genre /m/03ffcz 3 1 1 1 0 1
/m/02b5_l /film/film_genre/films_in_this_genre /m/02rv_dz 6 1 1 1 0 1
/m/02kdv5l /film/film_genre/films_in_this_genre /m/05t54s 15 1 0 1 0 1
/m/02kdv5l /film/film_genre/films_in_this_genre /m/014kq6 11 1 0 1 0 1
/m/02kdv5l /film/film_genre/films_in_this_genre /m/032sl_ 25 1 0 1 0 1
/m/03q4nz /film/film_genre/films_in_this_genre /m/03cwwl 3 1 1 1 0 1
/m/03g3w /film/film_genre/films_in_this_genre /m/048xyn 3 1 1 1 0 1
/m/04t36 /film/film_genre/films_in_this_genre /m/06wzvr 16 5 0 1 0 0
/m/03k9fj /film/film_genre/films_in_this_genre /m/02dpl9 134 81 0 0 0 0
/m/06n90 /film/film_genre/films_in_this_genre /m/0443v1 36 1 0 1 0 1
/m/0vgkd /film/film_genre/films_in_this_genre /m/01n30p 6 1 1 1 0 1
/m/060__y /film/film_genre/films_in_this_genre /m/06bc59 7 1 1 1 0 1
/m/02p0szs /film/film_genre/films_in_this_genre /m/0c8qq 3 1 1 1 0 1
/m/01drsx /film/film_genre/films_in_this_genre /m/02k1pr 3 1 1 1 0 1
/m/028v3 /film/film_genre/films_in_this_genre /m/0fg04 1 1 1 1 1 1
/m/01fc50 /film/film_genre/films_in_this_genre /m/0sxmx 1 1 1 1 1 1
/m/017fp /film/film_genre/films_in_this_genre /m/0413cff 6 1 1 1 0 1
/m/017fp /film/film_genre/films_in_this_genre /m/0kbf1 6 1 1 1 0 1
/m/01f9r0 /film/film_genre/films_in_this_genre /m/0ptx_ 2 1 1 1 0 1
/m/0gf28 /film/film_genre/films_in_this_genre /m/034xyf 6 1 1 1 0 1
/m/01hmnh /film/film_genre/films_in_this_genre /m/01srq2 57 6 0 1 0 0
/m/05c3mp2 /film/film_genre/films_in_this_genre /m/0p_sc 1 1 1 1 1 1
/m/07s9rl0 /film/film_genre/films_in_this_genre /m/04xx9s 128 9 0 1 0 0
/m/02l7c8 /film/film_genre/films_in_this_genre /m/0n6ds 242 180 0 0 0 0
/m/02b5_l /film/film_genre/films_in_this_genre /m/02mc5v 3 1 1 1 0 1
/m/01t_vv /film/film_genre/films_in_this_genre /m/04xg2f 2 1 1 1 0 1
/m/02kdv5l /film/film_genre/films_in_this_genre /m/03s6l2 17 1 0 1 0 1
/m/02kdv5l /film/film_genre/films_in_this_genre /m/0bby9p5 25 1 0 1 0 1
/m/02kdv5l /film/film_genre/films_in_this_genre /m/0168ls 31 1 0 1 0 1
/m/04xvlr /film/film_genre/films_in_this_genre /m/047bynf 34 7 0 1 0 0
/m/04xvlr /film/film_genre/films_in_this_genre /m/03lvwp 8 1 1 1 0 1
/m/04xvlr /film/film_genre/films_in_this_genre /m/0c8qq 44 17 0 0 0 0
/m/03k9fj /film/film_genre/films_in_this_genre /m/01hw5kk 26 1 0 1 0 1
/m/03k9fj /film/film_genre/films_in_this_genre /m/026qnh6 23 1 0 1 0 1
/m/03k9fj /film/film_genre/films_in_this_genre /m/02q_ncg 34 1 0 1 0 1
/m/06n90 /film/film_genre/films_in_this_genre /m/0bscw 82 34 0 0 0 0
/m/0556j8 /film/film_genre/films_in_this_genre /m/0qf2t 3 1 1 1 0 1
/m/05p553 /film/film_genre/films_in_this_genre /m/0gwgn1k 56 4 0 1 0 0
/m/05p553 /film/film_genre/films_in_this_genre /m/0296vv 20 4 0 1 0 0
/m/05p553 /film/film_genre/films_in_this_genre /m/0c57yj 35 4 0 1 0 0
/m/082gq /film/film_genre/films_in_this_genre /m/03ckwzc 43 28 0 0 0 0
/m/02n4kr /film/film_genre/films_in_this_genre /m/07phbc 11 1 0 1 0 1
/m/02n4kr /film/film_genre/films_in_this_genre /m/070fnm 16 1 0 1 0 1
/m/02n4kr /film/film_genre/films_in_this_genre /m/093dqjy 85 55 0 0 0 0
/m/04xvh5 /film/film_genre/films_in_this_genre /m/07nt8p 8283 8269 0 0 0 0
/m/03npn /film/film_genre/films_in_this_genre /m/03t97y 14 1 0 1 0 1
/m/01jfsb /film/film_genre/films_in_this_genre /m/03shpq 21 1 0 1 0 1
/m/01jfsb /film/film_genre/films_in_this_genre /m/047vnkj 43 1 0 1 0 1
/m/07s9rl0 /film/film_genre/films_in_this_genre /m/026njb5 193 10 0 1 0 0
/m/02l7c8 /film/film_genre/films_in_this_genre /m/01242_ 35 1 0 1 0 1
/m/02l7c8 /film/film_genre/films_in_this_genre /m/06gjk9 29 1 0 1 0 1
/m/02l7c8 /film/film_genre/films_in_this_genre /m/0421v9q 46 1 0 1 0 1
/m/02l7c8 /film/film_genre/films_in_this_genre /m/0322yj 24 1 0 1 0 1
/m/02l7c8 /film/film_genre/films_in_this_genre /m/027rpym 36 1 0 1 0 1
/m/0jxy /film/film_genre/films_in_this_genre /m/02v5xg 4 1 1 1 0 1
/m/02b5_l /film/film_genre/films_in_this_genre /m/03l6q0 3 1 1 1 0 1
/m/01t_vv /film/film_genre/films_in_this_genre /m/02fwfb 2 1 1 1 0 1
/m/01t_vv /film/film_genre/films_in_this_genre /m/033pf1 2 1 1 1 0 1
/m/01t_vv /film/film_genre/films_in_this_genre /m/043tz0c 2 1 1 1 0 1
/m/02kdv5l /film/film_genre/films_in_this_genre /m/065ym0c 35 1 0 1 0 1
/m/04xvlr /film/film_genre/films_in_this_genre /m/0pv3x 9 1 1 1 0 1
/m/02hmvc /film/film_genre/films_in_this_genre /m/09v9mks 1 1 1 1 1 1
/m/03k9fj /film/film_genre/films_in_this_genre /m/0bc1yhb 136 83 0 0 0 0
/m/03k9fj /film/film_genre/films_in_this_genre /m/042g97 12 1 0 1 0 1
/m/07s2s /film/film_genre/films_in_this_genre /m/0ptdz 2 1 1 1 0 1
/m/016vh2 /film/film_genre/films_in_this_genre /m/09wnnb 2 1 1 1 0 1
/m/060__y /film/film_genre/films_in_this_genre /m/04kzqz 48 34 0 0 0 0
/m/02p0szs /film/film_genre/films_in_this_genre /m/0dr_4 5668 5663 0 0 0 0
/m/0lsxr /film/film_genre/films_in_this_genre /m/0bpm4yw 4 2 1 1 0 0
/m/0lsxr /film/film_genre/films_in_this_genre /m/0287477 85 52 0 0 0 0
/m/03npn /film/film_genre/films_in_this_genre /m/06_sc3 8 1 1 1 0 1
/m/03npn /film/film_genre/films_in_this_genre /m/0gd0c7x 16 1 0 1 0 1
/m/01hmnh /film/film_genre/films_in_this_genre /m/063fh9 10 2 1 1 0 0
/m/01jfsb /film/film_genre/films_in_this_genre /m/04cbbz 99 14 0 0 0 0
/m/087lqx /film/film_genre/films_in_this_genre /m/0c5dd 1 1 1 1 1 1
/m/07s9rl0 /film/film_genre/films_in_this_genre /m/0c57yj 130 9 0 1 0 0
/m/07s9rl0 /film/film_genre/films_in_this_genre /m/025rxjq 213 10 0 1 0 0
/m/02l7c8 /film/film_genre/films_in_this_genre /m/0c1sgd3 24 1 0 1 0 1
/m/0jtdp /film/film_genre/films_in_this_genre /m/0hz6mv2 10962 10950 0 0 0 0
/m/02kdv5l /film/film_genre/films_in_this_genre /m/035w2k 22 1 0 1 0 1
/m/04t36 /film/film_genre/films_in_this_genre /m/02q6gfp 12475 12451 0 0 0 0
/m/04t36 /film/film_genre/films_in_this_genre /m/02x6dqb 18 6 0 1 0 0
/m/0jdm8 /film/film_genre/films_in_this_genre /m/0g_zyp 1 1 1 1 1 1
/m/06n90 /film/film_genre/films_in_this_genre /m/04ltlj 42 1 0 1 0 1
/m/0556j8 /film/film_genre/films_in_this_genre /m/0mb8c 3 1 1 1 0 1
/m/0hcr /film/film_genre/films_in_this_genre /m/0564x 9 1 1 1 0 1
/m/05p553 /film/film_genre/films_in_this_genre /m/09rvcvl 165 81 0 0 0 0
/m/05p553 /film/film_genre/films_in_this_genre /m/047q2k1 68 4 0 1 0 0
/m/05p553 /film/film_genre/films_in_this_genre /m/0mbql 157 73 0 0 0 0
/m/05p553 /film/film_genre/films_in_this_genre /m/094g2z 15 3 0 1 0 0
/m/0219x_ /film/film_genre/films_in_this_genre /m/016z43 7 1 1 1 0 1
/m/017fp /film/film_genre/films_in_this_genre /m/04x4nv 2 1 1 1 0 1
/m/06cvj /film/film_genre/films_in_this_genre /m/0830vk 5 1 1 1 0 1
/m/0q9mp /film/film_genre/films_in_this_genre /m/04kkz8 1 1 1 1 1 1
/m/0lsxr /film/film_genre/films_in_this_genre /m/0fy34l 12 2 0 1 0 0
/m/0lsxr /film/film_genre/films_in_this_genre /m/0btpm6 6 2 1 1 0 0
/m/0lsxr /film/film_genre/films_in_this_genre /m/05p3738 9 2 1 1 0 0
/m/02n4kr /film/film_genre/films_in_this_genre /m/0jwvf 35 8 0 1 0 0
/m/02n4kr /film/film_genre/films_in_this_genre /m/065dc4 3 1 1 1 0 1
/m/011ys5 /film/film_genre/films_in_this_genre /m/0dln8jk 1 1 1 1 1 1
/m/04pbhw /film/film_genre/films_in_this_genre /m/05f4_n0 10 1 1 1 0 1
/m/07s9rl0 /film/film_genre/films_in_this_genre /m/011xg5 213 10 0 1 0 0
/m/07s9rl0 /film/film_genre/films_in_this_genre /m/0gzy02 211 10 0 1 0 0
/m/01j1n2 /film/film_genre/films_in_this_genre /m/0yzbg 13594 13579 0 0 0 0
/m/02kdv5l /film/film_genre/films_in_this_genre /m/031ldd 26 1 0 1 0 1
/m/03q4nz /film/film_genre/films_in_this_genre /m/07vfy4 3 1 1 1 0 1
/m/03g3w /film/film_genre/films_in_this_genre /m/04pmnt 3 1 1 1 0 1
/m/04t36 /film/film_genre/films_in_this_genre /m/03hjv97 9 1 1 1 0 1
/m/04xvlr /film/film_genre/films_in_this_genre /m/07g1sm 29 4 0 1 0 0
/m/03k9fj /film/film_genre/films_in_this_genre /m/0dr3sl 18 1 0 1 0 1
/m/01g6gs /film/film_genre/films_in_this_genre /m/0k5px 1528 1526 0 0 0 0
/m/0hcr /film/film_genre/films_in_this_genre /m/023p33 9 1 1 1 0 1
/m/0d63kt /film/film_genre/films_in_this_genre /m/02nczh 2 1 1 1 0 1
/m/0219x_ /film/film_genre/films_in_this_genre /m/011yhm 7 1 1 1 0 1
/m/0bkbm /film/film_genre/films_in_this_genre /m/0286hyp 9 1 1 1 0 1
/m/03p5xs /film/film_genre/films_in_this_genre /m/0f7hw 12773 12770 0 0 0 0
/m/0lsxr /film/film_genre/films_in_this_genre /m/0191n 22 2 0 1 0 0
/m/02n4kr /film/film_genre/films_in_this_genre /m/04fjzv 20 1 0 1 0 1
/m/02n4kr /film/film_genre/films_in_this_genre /m/03qnvdl 12 1 0 1 0 1
/m/0btmb /film/film_genre/films_in_this_genre /m/02wgk1 6 1 1 1 0 1
/m/04t2t /film/film_genre/films_in_this_genre /m/061681 7 1 1 1 0 1
/m/03npn /film/film_genre/films_in_this_genre /m/0h21v2 4 1 1 1 0 1
/m/04rlf /film/film_genre/films_in_this_genre /m/0kbwb 2 1 1 1 0 1
/m/01hmnh /film/film_genre/films_in_this_genre /m/02q5bx2 45 6 0 1 0 0
/m/01hmnh /film/film_genre/films_in_this_genre /m/0gj8nq2 151 88 0 0 0 0
/m/01hmnh /film/film_genre/films_in_this_genre /m/07f_t4 44 6 0 1 0 0
/m/01jfsb /film/film_genre/films_in_this_genre /m/020y73 47 1 0 1 0 1
/m/01jfsb /film/film_genre/films_in_this_genre /m/03cd0x 49 1 0 1 0 1
/m/07s9rl0 /film/film_genre/films_in_this_genre /m/0258dh 216 10 0 1 0 0
/m/07s9rl0 /film/film_genre/films_in_this_genre /m/060__7 124 9 0 1 0 0
/m/07s9rl0 /film/film_genre/films_in_this_genre /m/0gx9rvq 196 10 0 1 0 0
/m/07s9rl0 /film/film_genre/films_in_this_genre /m/01xq8v 213 10 0 1 0 0
/m/07s9rl0 /film/film_genre/films_in_this_genre /m/075cph 214 10 0 1 0 0
/m/07s9rl0 /film/film_genre/films_in_this_genre /m/01hp5 209 10 0 1 0 0
/m/07s9rl0 /film/film_genre/films_in_this_genre /m/0gkz3nz 186 10 0 1 0 0
/m/02l7c8 /film/film_genre/films_in_this_genre /m/05vxdh 7 1 1 1 0 1
/m/02l7c8 /film/film_genre/films_in_this_genre /m/0g83dv 239 177 0 0 0 0
/m/02l7c8 /film/film_genre/films_in_this_genre /m/08lr6s 16 1 0 1 0 1
/m/0jtdp /film/film_genre/films_in_this_genre /m/01vw8k 1 1 1 1 1 1
/m/02kdv5l /film/film_genre/films_in_this_genre /m/03t95n 12 1 0 1 0 1
/m/02kdv5l /film/film_genre/films_in_this_genre /m/04cf_l 409 346 0 0 0 0
/m/03q4nz /film/film_genre/films_in_this_genre /m/0cnztc4 3 1 1 1 0 1
/m/03q4nz /film/film_genre/films_in_this_genre /m/05y0cr 3 1 1 1 0 1
/m/04xvlr /film/film_genre/films_in_this_genre /m/09rsjpv 5 1 1 1 0 1
/m/03k9fj /film/film_genre/films_in_this_genre /m/025twgf 31 1 0 1 0 1
/m/03k9fj /film/film_genre/films_in_this_genre /m/049mql 22 1 0 1 0 1
/m/03k9fj /film/film_genre/films_in_this_genre /m/032016 33 1 0 1 0 1
/m/06n90 /film/film_genre/films_in_this_genre /m/0gs973 36 1 0 1 0 1
/m/0556j8 /film/film_genre/films_in_this_genre /m/0fz3b1 13977 13967 0 0 0 0
/m/0hcr /film/film_genre/films_in_this_genre /m/0h1cdwq 9 1 1 1 0 1
/m/05p553 /film/film_genre/films_in_this_genre /m/0cqnss 68 4 0 1 0 0
/m/05p553 /film/film_genre/films_in_this_genre /m/0b3n61 90 10 0 1 0 0
/m/05p553 /film/film_genre/films_in_this_genre /m/01k1k4 49 4 0 1 0 0
/m/05p553 /film/film_genre/films_in_this_genre /m/0sxns 20 4 0 1 0 0
/m/082gq /film/film_genre/films_in_this_genre /m/0bl5c 8 1 1 1 0 1
/m/0d63kt /film/film_genre/films_in_this_genre /m/02fwfb 2 1 1 1 0 1
/m/09blyk /film/film_genre/films_in_this_genre /m/0cqr0q 4 1 1 1 0 1
