/m/01kyvx /film/special_film_performance_type/film_performance_type./film/performance/actor /m/01wzs_q 22 1 0 1 0 1
/m/01pb34 /film/special_film_performance_type/film_performance_type./film/performance/actor /m/02vmzp 211 156 0 0 0 0
/m/0147fv /film/special_film_performance_type/film_performance_type./film/performance/actor /m/01x4r3 81 2 0 1 0 0
/m/01pb34 /film/special_film_performance_type/film_performance_type./film/performance/actor /m/01q_ph 97 43 0 0 0 0
/m/01pb34 /film/special_film_performance_type/film_performance_type./film/performance/actor /m/01gkmx 422 366 0 0 0 0
/m/01pb34 /film/special_film_performance_type/film_performance_type./film/performance/actor /m/0gn30 27 1 0 1 0 1
/m/01pb34 /film/special_film_performance_type/film_performance_type./film/performance/actor /m/013ybx 50 1 0 1 0 1
/m/0147fv /film/special_film_performance_type/film_performance_type./film/performance/actor /m/01fx5l 82 2 0 1 0 0
/m/0147fv /film/special_film_performance_type/film_performance_type./film/performance/actor /m/0309jm 95 2 0 1 0 0
/m/01kyvx /film/special_film_performance_type/film_performance_type./film/performance/actor /m/0392kz 10 1 1 1 0 1
/m/01pb34 /film/special_film_performance_type/film_performance_type./film/performance/actor /m/0lh0c 45 1 0 1 0 1
/m/0147fv /film/special_film_performance_type/film_performance_type./film/performance/actor /m/02j4sk 99 2 0 1 0 0
/m/01kyvx /film/special_film_performance_type/film_performance_type./film/performance/actor /m/04f62k 23 1 0 1 0 1
/m/01pb34 /film/special_film_performance_type/film_performance_type./film/performance/actor /m/0jrqq 36 1 0 1 0 1
/m/0147fv /film/special_film_performance_type/film_performance_type./film/performance/actor /m/0prfz 64 2 0 1 0 0
/m/0147fv /film/special_film_performance_type/film_performance_type./film/performance/actor /m/031c2r 1363 1237 0 0 0 0
/m/0147fv /film/special_film_performance_type/film_performance_type./film/performance/actor /m/02yygk 93 2 0 1 0 0
/m/0147fv /film/special_film_performance_type/film_performance_type./film/performance/actor /m/056rgc 77 2 0 1 0 0
/m/0147fv /film/special_film_performance_type/film_performance_type./film/performance/actor /m/01g42 346 226 0 0 0 0
/m/01pb34 /film/special_film_performance_type/film_performance_type./film/performance/actor /m/01j5sd 1237 1180 0 0 0 0
/m/01pb34 /film/special_film_performance_type/film_performance_type./film/performance/actor /m/0fq117k 37 1 0 1 0 1
/m/01pb34 /film/special_film_performance_type/film_performance_type./film/performance/actor /m/0241wg 39 1 0 1 0 1
/m/01pb34 /film/special_film_performance_type/film_performance_type./film/performance/actor /m/01qklj 47 1 0 1 0 1
/m/014kbl /film/special_film_performance_type/film_performance_type./film/performance/actor /m/03b78r 2 1 1 1 0 1
/m/01pb34 /film/special_film_performance_type/film_performance_type./film/performance/actor /m/01d6jf 46 1 0 1 0 1
/m/01pb34 /film/special_film_performance_type/film_performance_type./film/performance/actor /m/0dpqk 25 1 0 1 0 1
/m/0147fv /film/special_film_performance_type/film_performance_type./film/performance/actor /m/01npcy7 107 2 0 1 0 0
/m/0147fv /film/special_film_performance_type/film_performance_type./film/performance/actor /m/018ygt 37 2 0 1 0 0
/m/0147fv /film/special_film_performance_type/film_performance_type./film/performance/actor /m/01tv3x2 94 2 0 1 0 0
/m/01kyvx /film/special_film_performance_type/film_performance_type./film/performance/actor /m/042gr4 26 1 0 1 0 1
/m/01pb34 /film/special_film_performance_type/film_performance_type./film/performance/actor /m/063b4k 44 1 0 1 0 1
/m/01pb34 /film/special_film_performance_type/film_performance_type./film/performance/actor /m/04y0yc 45 1 0 1 0 1
/m/01pb34 /film/special_film_performance_type/film_performance_type./film/performance/actor /m/0l5yl 37 1 0 1 0 1
/m/01pb34 /film/special_film_performance_type/film_performance_type./film/performance/actor /m/03y82t6 12 1 0 1 0 1
/m/0147fv /film/special_film_performance_type/film_performance_type./film/performance/actor /m/01l7qw 89 2 0 1 0 0
/m/0147fv /film/special_film_performance_type/film_performance_type./film/performance/actor /m/0170pk 208 90 0 0 0 0
/m/02t8yb /film/special_film_performance_type/film_performance_type./film/performance/actor /m/02_p5w 2 1 1 1 0 1
/m/0147fv /film/special_film_performance_type/film_performance_type./film/performance/actor /m/048lv 20 1 0 1 0 1
/m/0147fv /film/special_film_performance_type/film_performance_type./film/performance/actor /m/0c0k1 75 2 0 1 0 0
/m/01pb34 /film/special_film_performance_type/film_performance_type./film/performance/actor /m/06w2sn5 360 305 0 0 0 0
/m/01pb34 /film/special_film_performance_type/film_performance_type./film/performance/actor /m/0jfx1 19 1 0 1 0 1
/m/0147fv /film/special_film_performance_type/film_performance_type./film/performance/actor /m/08433 89 2 0 1 0 0
/m/01kyvx /film/special_film_performance_type/film_performance_type./film/performance/actor /m/08p1gp 27 1 0 1 0 1
/m/0147fv /film/special_film_performance_type/film_performance_type./film/performance/actor /m/05zbm4 77 2 0 1 0 0
/m/01pb34 /film/special_film_performance_type/film_performance_type./film/performance/actor /m/02mz_6 44 1 0 1 0 1
/m/0147fv /film/special_film_performance_type/film_performance_type./film/performance/actor /m/0p_pd 43 2 0 1 0 0
/m/0147fv /film/special_film_performance_type/film_performance_type./film/performance/actor /m/03q43g 82 2 0 1 0 0
/m/0147fv /film/special_film_performance_type/film_performance_type./film/performance/actor /m/02cpb7 1024 899 0 0 0 0
