/m/04tgp /government/governmental_jurisdiction/governing_officials./government/government_position_held/basic_title /m/09n5b9 2 1 1 1 0 1
/m/04hzj /government/governmental_jurisdiction/governing_officials./government/government_position_held/basic_title /m/060c4 1 1 1 1 1 1
/m/04gqr /government/governmental_jurisdiction/governing_officials./government/government_position_held/basic_title /m/09d6p2 4 2 1 1 0 0
/m/06s6l /government/governmental_jurisdiction/governing_officials./government/government_position_held/basic_title /m/04syw 2 1 1 1 0 1
/m/0r066 /government/governmental_jurisdiction/governing_officials./government/government_position_held/basic_title /m/01q24l 2 1 1 1 0 1
/m/0ctw_b /government/governmental_jurisdiction/governing_officials./government/government_position_held/basic_title /m/060bp 2 1 1 1 0 1
/m/0ctw_b /government/governmental_jurisdiction/governing_officials./government/government_position_held/basic_title /m/01_fjr 8 2 1 1 0 0
/m/011hq1 /government/governmental_jurisdiction/governing_officials./government/government_position_held/basic_title /m/0fkvn 1 1 1 1 1 1
/m/0mn0v /government/governmental_jurisdiction/governing_officials./government/government_position_held/basic_title /m/0pqc5 1 1 1 1 1 1
/m/034m8 /government/governmental_jurisdiction/governing_officials./government/government_position_held/basic_title /m/060c4 1 1 1 1 1 1
/m/04rrx /government/governmental_jurisdiction/governing_officials./government/government_position_held/basic_title /m/0fkvn 3 1 1 1 0 1
/m/013n0n /government/governmental_jurisdiction/governing_officials./government/government_position_held/basic_title /m/0pqc5 1 1 1 1 1 1
/m/02wmy /government/governmental_jurisdiction/governing_officials./government/government_position_held/basic_title /m/0fkvn 1 1 1 1 1 1
/m/03ryn /government/governmental_jurisdiction/governing_officials./government/government_position_held/basic_title /m/0dq3c 3 1 1 1 0 1
/m/0100mt /government/governmental_jurisdiction/governing_officials./government/government_position_held/basic_title /m/0pqc5 1 1 1 1 1 1
/m/02wt0 /government/governmental_jurisdiction/governing_officials./government/government_position_held/basic_title /m/060c4 1 1 1 1 1 1
/m/0chghy /government/governmental_jurisdiction/governing_officials./government/government_position_held/basic_title /m/0p5vf 5 2 1 1 0 0
/m/026mx4 /government/governmental_jurisdiction/governing_officials./government/government_position_held/basic_title /m/0fkvn 3 3 1 1 0 0
/m/04tgp /government/governmental_jurisdiction/governing_officials./government/government_position_held/basic_title /m/0fkvn 3 1 1 1 0 1
/m/035yg /government/governmental_jurisdiction/governing_officials./government/government_position_held/basic_title /m/060bp 1 1 1 1 1 1
/m/0dqyw /government/governmental_jurisdiction/governing_officials./government/government_position_held/basic_title /m/0pqc5 1 1 1 1 1 1
/m/05fky /government/governmental_jurisdiction/governing_officials./government/government_position_held/basic_title /m/0f6c3 1 1 1 1 1 1
/m/04gqr /government/governmental_jurisdiction/governing_officials./government/government_position_held/basic_title /m/060bp 2 2 1 1 0 0
/m/06ryl /government/governmental_jurisdiction/governing_officials./government/government_position_held/basic_title /m/060bp 3 1 1 1 0 1
/m/0cbhh /government/governmental_jurisdiction/governing_officials./government/government_position_held/basic_title /m/0pqc5 1 1 1 1 1 1
/m/06m_5 /government/governmental_jurisdiction/governing_officials./government/government_position_held/basic_title /m/060c4 1 1 1 1 1 1
/m/03__y /government/governmental_jurisdiction/governing_officials./government/government_position_held/basic_title /m/060bp 1 1 1 1 1 1
/m/0r4h3 /government/governmental_jurisdiction/governing_officials./government/government_position_held/basic_title /m/01q24l 1 1 1 1 1 1
/m/0qplq /government/governmental_jurisdiction/governing_officials./government/government_position_held/basic_title /m/0pqc5 1 1 1 1 1 1
/m/01ls2 /government/governmental_jurisdiction/governing_officials./government/government_position_held/basic_title /m/060c4 2 1 1 1 0 1
/m/014tss /government/governmental_jurisdiction/governing_officials./government/government_position_held/basic_title /m/060bp 1 1 1 1 1 1
/m/0846v /government/governmental_jurisdiction/governing_officials./government/government_position_held/basic_title /m/0fkvn 3 1 1 1 0 1
/m/01p1b /government/governmental_jurisdiction/governing_officials./government/government_position_held/basic_title /m/060bp 2 1 1 1 0 1
/m/06s_2 /government/governmental_jurisdiction/governing_officials./government/government_position_held/basic_title /m/0fkvn 4 3 1 1 0 0
/m/01smm /government/governmental_jurisdiction/governing_officials./government/government_position_held/basic_title /m/0pqc5 1 1 1 1 1 1
/m/059f4 /government/governmental_jurisdiction/governing_officials./government/government_position_held/basic_title /m/02079p 4 1 1 1 0 1
/m/013m4v /government/governmental_jurisdiction/governing_officials./government/government_position_held/basic_title /m/0pqc5 1 1 1 1 1 1
/m/07ytt /government/governmental_jurisdiction/governing_officials./government/government_position_held/basic_title /m/0fkvn 4 4 1 1 0 0
/m/0d04z6 /government/governmental_jurisdiction/governing_officials./government/government_position_held/basic_title /m/0fkx3 1 1 1 1 1 1
/m/0chghy /government/governmental_jurisdiction/governing_officials./government/government_position_held/basic_title /m/01_fjr 10 5 1 1 0 0
/m/0r00l /government/governmental_jurisdiction/governing_officials./government/government_position_held/basic_title /m/0pqc5 2 1 1 1 0 1
/m/0fhzf /government/governmental_jurisdiction/governing_officials./government/government_position_held/basic_title /m/0pqc5 1 1 1 1 1 1
/m/0lhql /government/governmental_jurisdiction/governing_officials./government/government_position_held/basic_title /m/0pqc5 1 1 1 1 1 1
/m/0vbk /government/governmental_jurisdiction/governing_officials./government/government_position_held/basic_title /m/0f6c3 1 1 1 1 1 1
/m/0fw2y /government/governmental_jurisdiction/governing_officials./government/government_position_held/basic_title /m/0pqc5 1 1 1 1 1 1
/m/01xbgx /government/governmental_jurisdiction/governing_officials./government/government_position_held/basic_title /m/060bp 1 1 1 1 1 1
/m/0d060g /government/governmental_jurisdiction/governing_officials./government/government_position_held/basic_title /m/060bp 3 2 1 1 0 0
/m/018jcq /government/governmental_jurisdiction/governing_officials./government/government_position_held/basic_title /m/0fkvn 1 1 1 1 1 1
/m/03h64 /government/governmental_jurisdiction/governing_officials./government/government_position_held/basic_title /m/0fkvn 3 2 1 1 0 0
/m/06t2t /government/governmental_jurisdiction/governing_officials./government/government_position_held/basic_title /m/0p5vf 4 2 1 1 0 0
/m/081yw /government/governmental_jurisdiction/governing_officials./government/government_position_held/basic_title /m/0fkvn 5 1 1 1 0 1
/m/05k7sb /government/governmental_jurisdiction/governing_officials./government/government_position_held/basic_title /m/01gkgk 12 7 0 1 0 0
/m/0jdd /government/governmental_jurisdiction/governing_officials./government/government_position_held/basic_title /m/060c4 2 1 1 1 0 1
/m/04f_d /government/governmental_jurisdiction/governing_officials./government/government_position_held/basic_title /m/0pqc5 1 1 1 1 1 1
/m/05k7sb /government/governmental_jurisdiction/governing_officials./government/government_position_held/basic_title /m/0f6c3 2 1 1 1 0 1
/m/0j1z8 /government/governmental_jurisdiction/governing_officials./government/government_position_held/basic_title /m/060bp 2 1 1 1 0 1
/m/07ylj /government/governmental_jurisdiction/governing_officials./government/government_position_held/basic_title /m/02079p 7 5 1 1 0 0
/m/0k3p /government/governmental_jurisdiction/governing_officials./government/government_position_held/basic_title /m/0pqc5 1 1 1 1 1 1
/m/06ryl /government/governmental_jurisdiction/governing_officials./government/government_position_held/basic_title /m/04syw 2 1 1 1 0 1
/m/0ctw_b /government/governmental_jurisdiction/governing_officials./government/government_position_held/basic_title /m/04syw 5 2 1 1 0 0
/m/0q_xk /government/governmental_jurisdiction/governing_officials./government/government_position_held/basic_title /m/0pqc5 2 1 1 1 0 1
/m/07ww5 /government/governmental_jurisdiction/governing_officials./government/government_position_held/basic_title /m/060c4 1 1 1 1 1 1
/m/07fsv /government/governmental_jurisdiction/governing_officials./government/government_position_held/basic_title /m/060bp 4 2 1 1 0 0
/m/0488g /government/governmental_jurisdiction/governing_officials./government/government_position_held/basic_title /m/09n5b9 2 1 1 1 0 1
/m/06s0l /government/governmental_jurisdiction/governing_officials./government/government_position_held/basic_title /m/04syw 2 1 1 1 0 1
/m/0bdg5 /government/governmental_jurisdiction/governing_officials./government/government_position_held/basic_title /m/0pqc5 1 1 1 1 1 1
/m/0f__1 /government/governmental_jurisdiction/governing_officials./government/government_position_held/basic_title /m/0pqc5 1 1 1 1 1 1
/m/03gj2 /government/governmental_jurisdiction/governing_officials./government/government_position_held/basic_title /m/02079p 5 1 1 1 0 1
/m/02k54 /government/governmental_jurisdiction/governing_officials./government/government_position_held/basic_title /m/060c4 2 1 1 1 0 1
/m/04ykg /government/governmental_jurisdiction/governing_officials./government/government_position_held/basic_title /m/09n5b9 3 1 1 1 0 1
/m/06s6l /government/governmental_jurisdiction/governing_officials./government/government_position_held/basic_title /m/0fj45 1 1 1 1 1 1
/m/05r7t /government/governmental_jurisdiction/governing_officials./government/government_position_held/basic_title /m/0fkvn 2 2 1 1 0 0
/m/0105y2 /government/governmental_jurisdiction/governing_officials./government/government_position_held/basic_title /m/0pqc5 1 1 1 1 1 1
/m/03h2c /government/governmental_jurisdiction/governing_officials./government/government_position_held/basic_title /m/060c4 1 1 1 1 1 1
/m/05cc1 /government/governmental_jurisdiction/governing_officials./government/government_position_held/basic_title /m/060bp 2 1 1 1 0 1
/m/05br2 /government/governmental_jurisdiction/governing_officials./government/government_position_held/basic_title /m/060c4 1 1 1 1 1 1
/m/02hrh0_ /government/governmental_jurisdiction/governing_officials./government/government_position_held/basic_title /m/0pqc5 1 1 1 1 1 1
/m/07qzv /government/governmental_jurisdiction/governing_officials./government/government_position_held/basic_title /m/0pqc5 1 1 1 1 1 1
/m/0rh6k /government/governmental_jurisdiction/governing_officials./government/government_position_held/basic_title /m/0pqc5 2 1 1 1 0 1
/m/07_f2 /government/governmental_jurisdiction/governing_officials./government/government_position_held/basic_title /m/0f6c3 2 1 1 1 0 1
/m/04v3q /government/governmental_jurisdiction/governing_officials./government/government_position_held/basic_title /m/060bp 2 1 1 1 0 1
/m/0msyb /government/governmental_jurisdiction/governing_officials./government/government_position_held/basic_title /m/0pqc5 1 1 1 1 1 1
/m/06mtq /government/governmental_jurisdiction/governing_officials./government/government_position_held/basic_title /m/0fkvn 3 1 1 1 0 1
/m/088xp /government/governmental_jurisdiction/governing_officials./government/government_position_held/basic_title /m/060bp 2 1 1 1 0 1
/m/035qy /government/governmental_jurisdiction/governing_officials./government/government_position_held/basic_title /m/0p5vf 4 1 1 1 0 1
/m/06srk /government/governmental_jurisdiction/governing_officials./government/government_position_held/basic_title /m/060bp 2 1 1 1 0 1
/m/05qhw /government/governmental_jurisdiction/governing_officials./government/government_position_held/basic_title /m/060bp 2 1 1 1 0 1
/m/03v0t /government/governmental_jurisdiction/governing_officials./government/government_position_held/basic_title /m/0fkvn 3 1 1 1 0 1
