/m/043djx /government/legislative_session/members./government/government_position_held/legislative_sessions /m/01gsvp 4 1 1 1 0 1
/m/03ww_x /government/legislative_session/members./government/government_position_held/legislative_sessions /m/02bn_p 23 2 0 1 0 0
/m/03ww_x /government/legislative_session/members./government/government_position_held/legislative_sessions /m/077g7n 17 2 0 1 0 0
/m/01gtc0 /government/legislative_session/members./government/government_position_held/legislative_sessions /m/01gstn 6 1 1 1 0 1
/m/06f0dc /government/legislative_session/members./government/government_position_held/legislative_sessions /m/024tcq 18 2 0 1 0 0
/m/0495ys /government/legislative_session/members./government/government_position_held/legislative_sessions /m/02bn_p 21 2 0 1 0 0
/m/01gt99 /government/legislative_session/members./government/government_position_held/legislative_sessions /m/01gtc0 10 1 1 1 0 1
/m/01grpc /government/legislative_session/members./government/government_position_held/legislative_sessions /m/01gsrl 25 16 0 0 0 0
/m/06f0dc /government/legislative_session/members./government/government_position_held/legislative_sessions /m/03rtmz 17 2 0 1 0 0
/m/032ft5 /government/legislative_session/members./government/government_position_held/legislative_sessions /m/02cg7g 21 2 0 1 0 0
/m/02bp37 /government/legislative_session/members./government/government_position_held/legislative_sessions /m/070mff 19 1 0 1 0 1
/m/01h7xx /government/legislative_session/members./government/government_position_held/legislative_sessions /m/043djx 19 12 0 0 0 0
/m/01gssm /government/legislative_session/members./government/government_position_held/legislative_sessions /m/01gssz 11 1 0 1 0 1
/m/02bp37 /government/legislative_session/members./government/government_position_held/legislative_sessions /m/02bn_p 24 2 0 1 0 0
/m/01gst9 /government/legislative_session/members./government/government_position_held/legislative_sessions /m/01gssm 10 1 1 1 0 1
/m/02cg7g /government/legislative_session/members./government/government_position_held/legislative_sessions /m/02bqn1 21 1 0 1 0 1
/m/02cg7g /government/legislative_session/members./government/government_position_held/legislative_sessions /m/070mff 11 1 0 1 0 1
/m/01gsvb /government/legislative_session/members./government/government_position_held/legislative_sessions /m/01gtc0 17 2 0 1 0 0
/m/01gst9 /government/legislative_session/members./government/government_position_held/legislative_sessions /m/01grr2 4 1 1 1 0 1
/m/024tkd /government/legislative_session/members./government/government_position_held/legislative_sessions /m/02glc4 24 2 0 1 0 0
/m/04gp1d /government/legislative_session/members./government/government_position_held/legislative_sessions /m/02bqn1 22 2 0 1 0 0
/m/06f0dc /government/legislative_session/members./government/government_position_held/legislative_sessions /m/03z5xd 15 2 0 1 0 0
/m/02cg7g /government/legislative_session/members./government/government_position_held/legislative_sessions /m/02bp37 20 1 0 1 0 1
/m/04h1rz /government/legislative_session/members./government/government_position_held/legislative_sessions /m/03tcbx 6 1 1 1 0 1
/m/03tcbx /government/legislative_session/members./government/government_position_held/legislative_sessions /m/0495ys 8 1 1 1 0 1
/m/02bn_p /government/legislative_session/members./government/government_position_held/legislative_sessions /m/077g7n 13 1 0 1 0 1
/m/01gsrl /government/legislative_session/members./government/government_position_held/legislative_sessions /m/01grpc 19 7 0 1 0 0
/m/01grr2 /government/legislative_session/members./government/government_position_held/legislative_sessions /m/01grpq 10 1 1 1 0 1
/m/04gp1d /government/legislative_session/members./government/government_position_held/legislative_sessions /m/03ww_x 5 1 1 1 0 1
/m/04gp1d /government/legislative_session/members./government/government_position_held/legislative_sessions /m/02bn_p 24 3 0 1 0 0
/m/03z5xd /government/legislative_session/members./government/government_position_held/legislative_sessions /m/024tkd 21 2 0 1 0 0
/m/07p__7 /government/legislative_session/members./government/government_position_held/legislative_sessions /m/04h1rz 15 2 0 1 0 0
/m/02bqmq /government/legislative_session/members./government/government_position_held/legislative_sessions /m/070mff 18 2 0 1 0 0
/m/02bp37 /government/legislative_session/members./government/government_position_held/legislative_sessions /m/05l2z4 18 1 0 1 0 1
/m/060ny2 /government/legislative_session/members./government/government_position_held/legislative_sessions /m/02cg7g 22 2 0 1 0 0
/m/070m6c /government/legislative_session/members./government/government_position_held/legislative_sessions /m/03z5xd 17 1 0 1 0 1
/m/06r713 /government/legislative_session/members./government/government_position_held/legislative_sessions /m/060ny2 4 1 1 1 0 1
/m/04gp1d /government/legislative_session/members./government/government_position_held/legislative_sessions /m/02cg7g 20 2 0 1 0 0
/m/02bqmq /government/legislative_session/members./government/government_position_held/legislative_sessions /m/02cg7g 24 2 0 1 0 0
/m/06r713 /government/legislative_session/members./government/government_position_held/legislative_sessions /m/024tkd 17 1 0 1 0 1
/m/01grqd /government/legislative_session/members./government/government_position_held/legislative_sessions /m/01grp0 9 1 1 1 0 1
/m/01grrf /government/legislative_session/members./government/government_position_held/legislative_sessions /m/01gssm 9 2 1 1 0 0
/m/07p__7 /government/legislative_session/members./government/government_position_held/legislative_sessions /m/032ft5 8 2 1 1 0 0
/m/01gssz /government/legislative_session/members./government/government_position_held/legislative_sessions /m/01gsrl 7 1 1 1 0 1
/m/01gtcq /government/legislative_session/members./government/government_position_held/legislative_sessions /m/01h7xx 9 1 1 1 0 1
/m/070mff /government/legislative_session/members./government/government_position_held/legislative_sessions /m/02gkzs 7 1 1 1 0 1
/m/01gt99 /government/legislative_session/members./government/government_position_held/legislative_sessions /m/01gssz 11 1 0 1 0 1
/m/032ft5 /government/legislative_session/members./government/government_position_held/legislative_sessions /m/070mff 11 2 0 1 0 0
/m/01gtbb /government/legislative_session/members./government/government_position_held/legislative_sessions /m/01h7xx 10 1 1 1 0 1
/m/03ww_x /government/legislative_session/members./government/government_position_held/legislative_sessions /m/02gkzs 5 1 1 1 0 1
/m/024tcq /government/legislative_session/members./government/government_position_held/legislative_sessions /m/06r713 17 1 0 1 0 1
/m/077g7n /government/legislative_session/members./government/government_position_held/legislative_sessions /m/02bqm0 21 6 0 1 0 0
/m/04lgybj /government/legislative_session/members./government/government_position_held/legislative_sessions /m/04fhps 4 1 1 1 0 1
/m/01grrf /government/legislative_session/members./government/government_position_held/legislative_sessions /m/01gssz 14 2 0 1 0 0
/m/02bqm0 /government/legislative_session/members./government/government_position_held/legislative_sessions /m/07p__7 6 1 1 1 0 1
/m/01gsvb /government/legislative_session/members./government/government_position_held/legislative_sessions /m/01gsrl 22 5 0 1 0 0
/m/01h7xx /government/legislative_session/members./government/government_position_held/legislative_sessions /m/01gt99 10 5 1 1 0 0
/m/03ww_x /government/legislative_session/members./government/government_position_held/legislative_sessions /m/0495ys 18 2 0 1 0 0
/m/02glc4 /government/legislative_session/members./government/government_position_held/legislative_sessions /m/02bn_p 24 1 0 1 0 1
/m/02bqn1 /government/legislative_session/members./government/government_position_held/legislative_sessions /m/03z5xd 18 1 0 1 0 1
/m/024tkd /government/legislative_session/members./government/government_position_held/legislative_sessions /m/04gp1d 19 2 0 1 0 0
/m/03tcbx /government/legislative_session/members./government/government_position_held/legislative_sessions /m/02cg7g 24 2 0 1 0 0
/m/05l2z4 /government/legislative_session/members./government/government_position_held/legislative_sessions /m/032ft5 5 1 1 1 0 1
/m/01gtdd /government/legislative_session/members./government/government_position_held/legislative_sessions /m/01gtbb 8 1 1 1 0 1
/m/02cg7g /government/legislative_session/members./government/government_position_held/legislative_sessions /m/02bn_p 24 2 0 1 0 0
/m/02bqmq /government/legislative_session/members./government/government_position_held/legislative_sessions /m/06r713 20 2 0 1 0 0
/m/03tcbx /government/legislative_session/members./government/government_position_held/legislative_sessions /m/05l2z4 19 2 0 1 0 0
/m/02bn_p /government/legislative_session/members./government/government_position_held/legislative_sessions /m/04gp1d 21 1 0 1 0 1
/m/077g7n /government/legislative_session/members./government/government_position_held/legislative_sessions /m/02bqn1 24 7 0 1 0 0
/m/02bqn1 /government/legislative_session/members./government/government_position_held/legislative_sessions /m/02glc4 20 1 0 1 0 1
/m/06r713 /government/legislative_session/members./government/government_position_held/legislative_sessions /m/02bqm0 22 1 0 1 0 1
/m/01grpq /government/legislative_session/members./government/government_position_held/legislative_sessions /m/01grqd 3 1 1 1 0 1
/m/02bqm0 /government/legislative_session/members./government/government_position_held/legislative_sessions /m/02glc4 23 2 0 1 0 0
/m/03z5xd /government/legislative_session/members./government/government_position_held/legislative_sessions /m/02glc4 25 2 0 1 0 0
/m/05l2z4 /government/legislative_session/members./government/government_position_held/legislative_sessions /m/024tkd 18 2 0 1 0 0
/m/04h1rz /government/legislative_session/members./government/government_position_held/legislative_sessions /m/032ft5 14 1 0 1 0 1
/m/04h1rz /government/legislative_session/members./government/government_position_held/legislative_sessions /m/04gp1d 19 2 0 1 0 0
/m/01gst9 /government/legislative_session/members./government/government_position_held/legislative_sessions /m/01gsrl 7 1 1 1 0 1
/m/03ww_x /government/legislative_session/members./government/government_position_held/legislative_sessions /m/02bqn1 19 2 0 1 0 0
/m/01grq1 /government/legislative_session/members./government/government_position_held/legislative_sessions /m/01grr2 3 1 1 1 0 1
/m/03rl1g /government/legislative_session/members./government/government_position_held/legislative_sessions /m/01h7xx 11 7 0 1 0 0
/m/024tkd /government/legislative_session/members./government/government_position_held/legislative_sessions /m/02bn_p 25 2 0 1 0 0
/m/01grrf /government/legislative_session/members./government/government_position_held/legislative_sessions /m/01grpq 13 2 0 1 0 0
/m/01gsvb /government/legislative_session/members./government/government_position_held/legislative_sessions /m/01gssz 18 2 0 1 0 0
/m/01gtdd /government/legislative_session/members./government/government_position_held/legislative_sessions /m/01gsvp 4 1 1 1 0 1
/m/070mff /government/legislative_session/members./government/government_position_held/legislative_sessions /m/024tcq 20 2 0 1 0 0
/m/01gtcc /government/legislative_session/members./government/government_position_held/legislative_sessions /m/01gtdd 4 2 1 1 0 0
/m/024tcq /government/legislative_session/members./government/government_position_held/legislative_sessions /m/02bp37 12 1 0 1 0 1
/m/01grrf /government/legislative_session/members./government/government_position_held/legislative_sessions /m/01gsry 8 2 1 1 0 0
/m/01grpc /government/legislative_session/members./government/government_position_held/legislative_sessions /m/01grq1 4 1 1 1 0 1
/m/01gstn /government/legislative_session/members./government/government_position_held/legislative_sessions /m/01grrf 5 1 1 1 0 1
/m/043djx /government/legislative_session/members./government/government_position_held/legislative_sessions /m/01h7xx 19 9 0 1 0 0
/m/01gtdd /government/legislative_session/members./government/government_position_held/legislative_sessions /m/01gsvb 2 1 1 1 0 1
/m/01gstn /government/legislative_session/members./government/government_position_held/legislative_sessions /m/01gt99 9 1 1 1 0 1
/m/02bqmq /government/legislative_session/members./government/government_position_held/legislative_sessions /m/02bp37 19 2 0 1 0 0
/m/06f0dc /government/legislative_session/members./government/government_position_held/legislative_sessions /m/02glc4 24 2 0 1 0 0
/m/02bn_p /government/legislative_session/members./government/government_position_held/legislative_sessions /m/070m6c 9 1 1 1 0 1
