/m/0226cw /government/politician/government_positions_held./government/government_position_held/legislative_sessions /m/07p__7 4 1 1 1 0 1
/m/03txms /government/politician/government_positions_held./government/government_position_held/legislative_sessions /m/070m6c 1 1 1 1 1 1
/m/03txms /government/politician/government_positions_held./government/government_position_held/legislative_sessions /m/02bqn1 8 1 1 1 0 1
/m/0194xc /government/politician/government_positions_held./government/government_position_held/legislative_sessions /m/04gp1d 19 3 0 1 0 0
/m/0bymv /government/politician/government_positions_held./government/government_position_held/legislative_sessions /m/024tcq 11 1 0 1 0 1
/m/042fk /government/politician/government_positions_held./government/government_position_held/legislative_sessions /m/01gtcq 3 1 1 1 0 1
/m/042d1 /government/politician/government_positions_held./government/government_position_held/legislative_sessions /m/01grmk 5 3 1 1 0 0
/m/06bss /government/politician/government_positions_held./government/government_position_held/legislative_sessions /m/02bp37 5 1 1 1 0 1
/m/021sv1 /government/politician/government_positions_held./government/government_position_held/legislative_sessions /m/03z5xd 11 1 0 1 0 1
/m/02hy5d /government/politician/government_positions_held./government/government_position_held/legislative_sessions /m/03z5xd 19 1 0 1 0 1
/m/02hy5d /government/politician/government_positions_held./government/government_position_held/legislative_sessions /m/060ny2 20 1 0 1 0 1
/m/012v1t /government/politician/government_positions_held./government/government_position_held/legislative_sessions /m/024tcq 13 1 0 1 0 1
/m/0194xc /government/politician/government_positions_held./government/government_position_held/legislative_sessions /m/02glc4 22 3 0 1 0 0
/m/0226cw /government/politician/government_positions_held./government/government_position_held/legislative_sessions /m/04gp1d 20 1 0 1 0 1
/m/03txms /government/politician/government_positions_held./government/government_position_held/legislative_sessions /m/02bp37 12 2 0 1 0 0
/m/0226cw /government/politician/government_positions_held./government/government_position_held/legislative_sessions /m/02bn_p 8 1 1 1 0 1
/m/06hx2 /government/politician/government_positions_held./government/government_position_held/legislative_sessions /m/05l2z4 4 3 1 1 0 0
/m/042d1 /government/politician/government_positions_held./government/government_position_held/legislative_sessions /m/01grnp 1 1 1 1 1 1
/m/06bss /government/politician/government_positions_held./government/government_position_held/legislative_sessions /m/02bqn1 8 1 1 1 0 1
/m/0424m /government/politician/government_positions_held./government/government_position_held/legislative_sessions /m/01grp0 1 1 1 1 1 1
/m/06bss /government/politician/government_positions_held./government/government_position_held/legislative_sessions /m/03tcbx 11 1 0 1 0 1
/m/0d3qd0 /government/politician/government_positions_held./government/government_position_held/legislative_sessions /m/070m6c 11 1 0 1 0 1
/m/0424m /government/politician/government_positions_held./government/government_position_held/legislative_sessions /m/01grpc 1 1 1 1 1 1
/m/03txms /government/politician/government_positions_held./government/government_position_held/legislative_sessions /m/02bn_p 5 1 1 1 0 1
/m/024_vw /government/politician/government_positions_held./government/government_position_held/legislative_sessions /m/0495ys 22 1 0 1 0 1
/m/0194xc /government/politician/government_positions_held./government/government_position_held/legislative_sessions /m/06f0dc 20 3 0 1 0 0
/m/02hy5d /government/politician/government_positions_held./government/government_position_held/legislative_sessions /m/02glc4 24 1 0 1 0 1
/m/021sv1 /government/politician/government_positions_held./government/government_position_held/legislative_sessions /m/03tcbx 25 2 0 1 0 0
/m/06bss /government/politician/government_positions_held./government/government_position_held/legislative_sessions /m/06r713 19 1 0 1 0 1
/m/06bss /government/politician/government_positions_held./government/government_position_held/legislative_sessions /m/07p__7 2 1 1 1 0 1
