/m/01xwqn /influence/influence_node/influenced_by /m/0121rx 3 1 1 1 0 1
/m/03g5jw /influence/influence_node/influenced_by /m/014_lq 4 1 1 1 0 1
/m/03j0d /influence/influence_node/influenced_by /m/03hnd 4968 4963 0 0 0 0
/m/019vgs /influence/influence_node/influenced_by /m/014zfs 1 1 1 1 1 1
/m/0b1zz /influence/influence_node/influenced_by /m/05xq9 1 1 1 1 1 1
/m/0jt90f5 /influence/influence_node/influenced_by /m/019gz 4 1 1 1 0 1
/m/01d494 /influence/influence_node/influenced_by /m/0dzkq 5 1 1 1 0 1
/m/0jbp0 /influence/influence_node/influenced_by /m/0byfz 1 1 1 1 1 1
/m/0484q /influence/influence_node/influenced_by /m/073bb 1 1 1 1 1 1
/m/014ps4 /influence/influence_node/influenced_by /m/03j0d 9 4 1 1 0 0
/m/06hmd /influence/influence_node/influenced_by /m/014nvr 4 1 1 1 0 1
/m/03g5_y /influence/influence_node/influenced_by /m/02g8h 2 1 1 1 0 1
/m/0f7hc /influence/influence_node/influenced_by /m/0427y 3 1 1 1 0 1
/m/0bv7t /influence/influence_node/influenced_by /m/084w8 3 1 1 1 0 1
/m/01hc9_ /influence/influence_node/influenced_by /m/081k8 4 1 1 1 0 1
/m/0gd_s /influence/influence_node/influenced_by /m/0dzkq 3 1 1 1 0 1
/m/05np2 /influence/influence_node/influenced_by /m/02lt8 1 1 1 1 1 1
/m/044k8 /influence/influence_node/influenced_by /m/012vd6 1 1 1 1 1 1
/m/0478__m /influence/influence_node/influenced_by /m/01vs_v8 1 1 1 1 1 1
/m/04cbtrw /influence/influence_node/influenced_by /m/073v6 3 1 1 1 0 1
/m/01mxt_ /influence/influence_node/influenced_by /m/02whj 2 1 1 1 0 1
/m/017_pb /influence/influence_node/influenced_by /m/053yx 1 1 1 1 1 1
/m/04x56 /influence/influence_node/influenced_by /m/02mpb 1 1 1 1 1 1
/m/0c5tl /influence/influence_node/influenced_by /m/0448r 4 1 1 1 0 1
/m/02kz_ /influence/influence_node/influenced_by /m/06lbp 3 1 1 1 0 1
/m/05cv8 /influence/influence_node/influenced_by /m/07lp1 1 1 1 1 1 1
/m/01rgr /influence/influence_node/influenced_by /m/02lt8 1 1 1 1 1 1
/m/045bg /influence/influence_node/influenced_by /m/0420y 9 1 1 1 0 1
/m/0399p /influence/influence_node/influenced_by /m/02zjd 10 1 1 1 0 1
/m/05np2 /influence/influence_node/influenced_by /m/05qmj 2 1 1 1 0 1
/m/03vrp /influence/influence_node/influenced_by /m/034ks 3 1 1 1 0 1
/m/026fd /influence/influence_node/influenced_by /m/08433 1 1 1 1 1 1
/m/0l99s /influence/influence_node/influenced_by /m/03pm9 2 1 1 1 0 1
/m/03hnd /influence/influence_node/influenced_by /m/014635 2 1 1 1 0 1
/m/07hgm /influence/influence_node/influenced_by /m/01vsy7t 2 1 1 1 0 1
/m/0ct9_ /influence/influence_node/influenced_by /m/03sbs 9 3 1 1 0 0
/m/01wd02c /influence/influence_node/influenced_by /m/03f70xs 2 1 1 1 0 1
/m/03jht /influence/influence_node/influenced_by /m/05qmj 4 1 1 1 0 1
/m/014dq7 /influence/influence_node/influenced_by /m/0l99s 11 5 0 1 0 0
/m/0j0pf /influence/influence_node/influenced_by /m/04mhl 3 1 1 1 0 1
/m/01ty4 /influence/influence_node/influenced_by /m/039n1 7861 7860 0 0 0 0
/m/0ff2k /influence/influence_node/influenced_by /m/06kb_ 2 1 1 1 0 1
/m/040_t /influence/influence_node/influenced_by /m/014dq7 5 1 1 1 0 1
/m/03q43g /influence/influence_node/influenced_by /m/0p_47 1 1 1 1 1 1
/m/01dvtx /influence/influence_node/influenced_by /m/02wh0 1 1 1 1 1 1
/m/01hb6v /influence/influence_node/influenced_by /m/0gthm 7 1 1 1 0 1
/m/0q9zc /influence/influence_node/influenced_by /m/052hl 1 1 1 1 1 1
/m/040rjq /influence/influence_node/influenced_by /m/040db 2 1 1 1 0 1
/m/014z8v /influence/influence_node/influenced_by /m/01k9lpl 4 1 1 1 0 1
/m/07h1q /influence/influence_node/influenced_by /m/01h2_6 2 1 1 1 0 1
/m/04cbtrw /influence/influence_node/influenced_by /m/0zm1 4 1 1 1 0 1
/m/05rx__ /influence/influence_node/influenced_by /m/081lh 11740 11731 0 0 0 0
/m/0mb0 /influence/influence_node/influenced_by /m/02kz_ 5 1 1 1 0 1
/m/084w8 /influence/influence_node/influenced_by /m/01v9724 11 4 0 1 0 0
/m/01wd02c /influence/influence_node/influenced_by /m/028p0 3 1 1 1 0 1
/m/0gd5z /influence/influence_node/influenced_by /m/03_dj 10 5 1 1 0 0
/m/01zwy /influence/influence_node/influenced_by /m/0klw 2 1 1 1 0 1
/m/0x3r3 /influence/influence_node/influenced_by /m/02wh0 6265 6260 0 0 0 0
/m/01r0t_j /influence/influence_node/influenced_by /m/02vgh 1 1 1 1 1 1
/m/0478__m /influence/influence_node/influenced_by /m/0bk1p 3 1 1 1 0 1
/m/039n1 /influence/influence_node/influenced_by /m/015n8 7 2 1 1 0 0
/m/0m2l9 /influence/influence_node/influenced_by /m/01vrncs 4962 4960 0 0 0 0
/m/07lp1 /influence/influence_node/influenced_by /m/03f47xl 6 1 1 1 0 1
/m/0343h /influence/influence_node/influenced_by /m/0453t 2 1 1 1 0 1
/m/04sry /influence/influence_node/influenced_by /m/016bx2 1 1 1 1 1 1
/m/03g5jw /influence/influence_node/influenced_by /m/07mvp 10 6 1 1 0 0
/m/02yl42 /influence/influence_node/influenced_by /m/07w21 7 1 1 1 0 1
/m/0q5hw /influence/influence_node/influenced_by /m/02_p8v 12 6 0 1 0 0
/m/07ymr5 /influence/influence_node/influenced_by /m/0p_47 5 3 1 1 0 0
/m/03_hd /influence/influence_node/influenced_by /m/07c37 9 2 1 1 0 0
/m/01v_0b /influence/influence_node/influenced_by /m/084nh 4 1 1 1 0 1
/m/04cbtrw /influence/influence_node/influenced_by /m/040_9 10 5 1 1 0 0
/m/0m2l9 /influence/influence_node/influenced_by /m/07mvp 2 1 1 1 0 1
/m/05rx__ /influence/influence_node/influenced_by /m/0fb7c 14183 14173 0 0 0 0
/m/040db /influence/influence_node/influenced_by /m/0372p 15 9 0 1 0 0
/m/02ghq /influence/influence_node/influenced_by /m/037jz 1 1 1 1 1 1
/m/01hc9_ /influence/influence_node/influenced_by /m/042v2 6 1 1 1 0 1
/m/06jcc /influence/influence_node/influenced_by /m/0hky 6 1 1 1 0 1
/m/06myp /influence/influence_node/influenced_by /m/032l1 2 1 1 1 0 1
/m/0m77m /influence/influence_node/influenced_by /m/0c1fs 2 1 1 1 0 1
/m/048cl /influence/influence_node/influenced_by /m/01v9724 4153 4146 0 0 0 0
/m/01xdf5 /influence/influence_node/influenced_by /m/014z8v 3 1 1 1 0 1
/m/084w8 /influence/influence_node/influenced_by /m/032l1 3 1 1 1 0 1
/m/01v9724 /influence/influence_node/influenced_by /m/081k8 1 1 1 1 1 1
/m/03g5_y /influence/influence_node/influenced_by /m/01hmk9 1 1 1 1 1 1
/m/01d494 /influence/influence_node/influenced_by /m/085gk 7 1 1 1 0 1
/m/086qd /influence/influence_node/influenced_by /m/01wbgdv 2 1 1 1 0 1
/m/03h_fqv /influence/influence_node/influenced_by /m/041mt 2 1 1 1 0 1
/m/0cpvcd /influence/influence_node/influenced_by /m/04xm_ 5 1 1 1 0 1
/m/0p__8 /influence/influence_node/influenced_by /m/063_t 1 1 1 1 1 1
/m/03qcq /influence/influence_node/influenced_by /m/041mt 7 1 1 1 0 1
/m/019z7q /influence/influence_node/influenced_by /m/01tz6vs 12 9 0 1 0 0
/m/02465 /influence/influence_node/influenced_by /m/0jt90f5 2 1 1 1 0 1
/m/043tg /influence/influence_node/influenced_by /m/039n1 2 1 1 1 0 1
/m/06jcc /influence/influence_node/influenced_by /m/034bs 12133 12126 0 0 0 0
/m/014ps4 /influence/influence_node/influenced_by /m/040db 8 4 1 1 0 0
/m/01zkxv /influence/influence_node/influenced_by /m/03j0d 4 1 1 1 0 1
/m/0n6kf /influence/influence_node/influenced_by /m/0gdqy 7 1 1 1 0 1
/m/084w8 /influence/influence_node/influenced_by /m/0379s 4 1 1 1 0 1
/m/029_3 /influence/influence_node/influenced_by /m/0127xk 6 3 1 1 0 0
/m/018x3 /influence/influence_node/influenced_by /m/0bqch 8770 8769 0 0 0 0
/m/047cqr /influence/influence_node/influenced_by /m/0yxl 1 1 1 1 1 1
/m/01tz6vs /influence/influence_node/influenced_by /m/0bwx3 10570 10565 0 0 0 0
/m/0p_pd /influence/influence_node/influenced_by /m/01gn36 1 1 1 1 1 1
/m/041jlr /influence/influence_node/influenced_by /m/03s9b 5 1 1 1 0 1
/m/0klw /influence/influence_node/influenced_by /m/02mpb 7969 7967 0 0 0 0
/m/0mb0 /influence/influence_node/influenced_by /m/045bg 3 1 1 1 0 1
/m/0mb5x /influence/influence_node/influenced_by /m/06whf 5 1 1 1 0 1
/m/0dw6b /influence/influence_node/influenced_by /m/0465_ 2 1 1 1 0 1
/m/01wd02c /influence/influence_node/influenced_by /m/037jz 2 1 1 1 0 1
/m/080r3 /influence/influence_node/influenced_by /m/01tz6vs 2 1 1 1 0 1
/m/01c58j /influence/influence_node/influenced_by /m/01sy5c 2 1 1 1 0 1
/m/0gdqy /influence/influence_node/influenced_by /m/017r2 9372 9372 0 0 0 0
/m/0dh73w /influence/influence_node/influenced_by /m/071jv5 1 1 1 1 1 1
/m/06g4_ /influence/influence_node/influenced_by /m/01hb6v 2 1 1 1 0 1
/m/042v2 /influence/influence_node/influenced_by /m/0hcvy 1 1 1 1 1 1
/m/01d494 /influence/influence_node/influenced_by /m/0x3r3 7 1 1 1 0 1
/m/0282x /influence/influence_node/influenced_by /m/01v9724 3 1 1 1 0 1
/m/0453t /influence/influence_node/influenced_by /m/0bk5r 2 1 1 1 0 1
/m/02xfj0 /influence/influence_node/influenced_by /m/0f7hc 2 1 1 1 0 1
/m/0821j /influence/influence_node/influenced_by /m/08433 1 1 1 1 1 1
/m/07ym0 /influence/influence_node/influenced_by /m/03s9v 3 1 1 1 0 1
/m/06whf /influence/influence_node/influenced_by /m/084nh 15 9 0 1 0 0
/m/019z7q /influence/influence_node/influenced_by /m/058vp 3 1 1 1 0 1
/m/012z8_ /influence/influence_node/influenced_by /m/01vvyfh 0 0 0 0
/m/034bs /influence/influence_node/influenced_by /m/0c1fs 4 1 1 1 0 1
/m/0453t /influence/influence_node/influenced_by /m/07dnx 5 1 1 1 0 1
/m/05ty4m /influence/influence_node/influenced_by /m/046lt 3 1 1 1 0 1
/m/0p8jf /influence/influence_node/influenced_by /m/07w21 4694 4690 0 0 0 0
/m/0j0pf /influence/influence_node/influenced_by /m/048_p 3 1 1 1 0 1
/m/04cbtrw /influence/influence_node/influenced_by /m/07lp1 5 1 1 1 0 1
/m/03_87 /influence/influence_node/influenced_by /m/0gz_ 3 1 1 1 0 1
/m/019z7q /influence/influence_node/influenced_by /m/08433 3 1 1 1 0 1
/m/041mt /influence/influence_node/influenced_by /m/0lrh 1 1 1 1 1 1
/m/01vsl3_ /influence/influence_node/influenced_by /m/041mt 1 1 1 1 1 1
/m/03hpr /influence/influence_node/influenced_by /m/03rx9 3 1 1 1 0 1
/m/06whf /influence/influence_node/influenced_by /m/03f0324 1 1 1 1 1 1
/m/056wb /influence/influence_node/influenced_by /m/034bs 2 1 1 1 0 1
/m/09gnn /influence/influence_node/influenced_by /m/03_hd 4 1 1 1 0 1
/m/01hb6v /influence/influence_node/influenced_by /m/0lcx 6 1 1 1 0 1
/m/04rcr /influence/influence_node/influenced_by /m/0167xy 1 1 1 1 1 1
/m/02xfj0 /influence/influence_node/influenced_by /m/016_mj 3 1 1 1 0 1
/m/03jxw /influence/influence_node/influenced_by /m/02lt8 11022 11017 0 0 0 0
/m/04cbtrw /influence/influence_node/influenced_by /m/03_87 2 1 1 1 0 1
/m/04z0g /influence/influence_node/influenced_by /m/047g6 1 1 1 1 1 1
/m/01xwqn /influence/influence_node/influenced_by /m/063_t 2 1 1 1 0 1
/m/0cbgl /influence/influence_node/influenced_by /m/03f0324 1 1 1 1 1 1
/m/0q9t7 /influence/influence_node/influenced_by /m/014z8v 1 1 1 1 1 1
/m/0yxl /influence/influence_node/influenced_by /m/04x56 14434 14431 0 0 0 0
/m/02g8h /influence/influence_node/influenced_by /m/01wp_jm 1 1 1 1 1 1
/m/06crng /influence/influence_node/influenced_by /m/01wp_jm 1 1 1 1 1 1
/m/040_t /influence/influence_node/influenced_by /m/02kz_ 4 1 1 1 0 1
/m/03_87 /influence/influence_node/influenced_by /m/01tz6vs 4 1 1 1 0 1
/m/01v9724 /influence/influence_node/influenced_by /m/04xjp 13998 13996 0 0 0 0
/m/07hgm /influence/influence_node/influenced_by /m/06gcn 2 1 1 1 0 1
/m/040db /influence/influence_node/influenced_by /m/085gk 6 1 1 1 0 1
/m/012vd6 /influence/influence_node/influenced_by /m/0d9xq 1 1 1 1 1 1
/m/01vvy /influence/influence_node/influenced_by /m/06c44 1 1 1 1 1 1
/m/01zkxv /influence/influence_node/influenced_by /m/07zl1 4 1 1 1 0 1
/m/05rx__ /influence/influence_node/influenced_by /m/014z8v 2 1 1 1 0 1
/m/05rx__ /influence/influence_node/influenced_by /m/081nh 2 1 1 1 0 1
/m/06crng /influence/influence_node/influenced_by /m/01hmk9 7 3 1 1 0 0
/m/01svq8 /influence/influence_node/influenced_by /m/013qvn 2958 2957 0 0 0 0
/m/0d5_f /influence/influence_node/influenced_by /m/03pm9 1 1 1 1 1 1
/m/01w9ph_ /influence/influence_node/influenced_by /m/0453t 8288 8283 0 0 0 0
/m/082_p /influence/influence_node/influenced_by /m/017r2 1 1 1 1 1 1
/m/05np2 /influence/influence_node/influenced_by /m/028p0 4 1 1 1 0 1
/m/0478__m /influence/influence_node/influenced_by /m/09889g 2 1 1 1 0 1
/m/042xh /influence/influence_node/influenced_by /m/0dz46 2 1 1 1 0 1
/m/07kb5 /influence/influence_node/influenced_by /m/0gz_ 1 1 1 1 1 1
/m/03_87 /influence/influence_node/influenced_by /m/04jwp 11 4 0 1 0 0
/m/041mt /influence/influence_node/influenced_by /m/032l1 2 1 1 1 0 1
/m/0399p /influence/influence_node/influenced_by /m/03j2gxx 9 1 1 1 0 1
/m/0lcx /influence/influence_node/influenced_by /m/06myp 20 13 0 0 0 0
/m/0459z /influence/influence_node/influenced_by /m/0c73g 3 1 1 1 0 1
/m/043tg /influence/influence_node/influenced_by /m/05qmj 4 1 1 1 0 1
/m/099bk /influence/influence_node/influenced_by /m/03sbs 2 1 1 1 0 1
/m/082db /influence/influence_node/influenced_by /m/03bxh 4 2 1 1 0 0
/m/07h5d /influence/influence_node/influenced_by /m/05qzv 1 1 1 1 1 1
/m/0gd5z /influence/influence_node/influenced_by /m/0m77m 5 1 1 1 0 1
/m/0dfrq /influence/influence_node/influenced_by /m/084nh 1 1 1 1 1 1
/m/05ty4m /influence/influence_node/influenced_by /m/02z3zp 2 1 1 1 0 1
/m/05rx__ /influence/influence_node/influenced_by /m/05kh_ 2 1 1 1 0 1
/m/03hpr /influence/influence_node/influenced_by /m/02y49 14672 14668 0 0 0 0
/m/04x56 /influence/influence_node/influenced_by /m/0g5ff 3 1 1 1 0 1
/m/04zkj5 /influence/influence_node/influenced_by /m/01xdf5 2 1 1 1 0 1
/m/046lt /influence/influence_node/influenced_by /m/0ph2w 2 1 1 1 0 1
/m/040db /influence/influence_node/influenced_by /m/015n8 19 12 0 0 0 0
/m/0cbgl /influence/influence_node/influenced_by /m/01v_0b 4 1 1 1 0 1
/m/01wp8w7 /influence/influence_node/influenced_by /m/0f6lx 1 1 1 1 1 1
/m/01hb6v /influence/influence_node/influenced_by /m/0969fd 7 1 1 1 0 1
/m/0821j /influence/influence_node/influenced_by /m/012cph 2 1 1 1 0 1
/m/015pxr /influence/influence_node/influenced_by /m/0q5hw 5 1 1 1 0 1
/m/0p8jf /influence/influence_node/influenced_by /m/013pp3 2 1 1 1 0 1
/m/03f0324 /influence/influence_node/influenced_by /m/07dnx 6 1 1 1 0 1
/m/052hl /influence/influence_node/influenced_by /m/015cbq 1 1 1 1 1 1
/m/0kp2_ /influence/influence_node/influenced_by /m/0ff2k 3 1 1 1 0 1
/m/0gthm /influence/influence_node/influenced_by /m/014635 7856 7854 0 0 0 0
/m/07cbs /influence/influence_node/influenced_by /m/043s3 1 1 1 1 1 1
/m/01vs4f3 /influence/influence_node/influenced_by /m/081k8 2 1 1 1 0 1
/m/07h1q /influence/influence_node/influenced_by /m/039n1 6 1 1 1 0 1
/m/07w21 /influence/influence_node/influenced_by /m/01tz6vs 3 1 1 1 0 1
/m/0g2mbn /influence/influence_node/influenced_by /m/01xdf5 5498 5498 0 0 0 0
/m/015pxr /influence/influence_node/influenced_by /m/02z3zp 2 1 1 1 0 1
/m/07lp1 /influence/influence_node/influenced_by /m/0hcvy 6 1 1 1 0 1
/m/0lrh /influence/influence_node/influenced_by /m/032md 7 1 1 1 0 1
/m/045bg /influence/influence_node/influenced_by /m/02wh0 3 1 1 1 0 1
/m/01hb6v /influence/influence_node/influenced_by /m/05np2 14 7 0 1 0 0
/m/0q9zc /influence/influence_node/influenced_by /m/0p_pd 1 1 1 1 1 1
/m/01w524f /influence/influence_node/influenced_by /m/041mt 1 1 1 1 1 1
/m/03cdg /influence/influence_node/influenced_by /m/01v9724 2 1 1 1 0 1
/m/0c73g /influence/influence_node/influenced_by /m/0k4gf 1 1 1 1 1 1
/m/02wh0 /influence/influence_node/influenced_by /m/015n8 3 1 1 1 0 1
/m/0n6kf /influence/influence_node/influenced_by /m/03f47xl 6 1 1 1 0 1
/m/0l99s /influence/influence_node/influenced_by /m/06kb_ 2 1 1 1 0 1
/m/085gk /influence/influence_node/influenced_by /m/0gzh 3 1 1 1 0 1
/m/0lrh /influence/influence_node/influenced_by /m/03jxw 4 1 1 1 0 1
/m/040_9 /influence/influence_node/influenced_by /m/0l99s 1 1 1 1 1 1
/m/0399p /influence/influence_node/influenced_by /m/06myp 8 1 1 1 0 1
/m/014zfs /influence/influence_node/influenced_by /m/01gn36 1 1 1 1 1 1
/m/01hb6v /influence/influence_node/influenced_by /m/05wh0sh 14 7 0 1 0 0
/m/015n8 /influence/influence_node/influenced_by /m/0m93 4 1 1 1 0 1
/m/0h25 /influence/influence_node/influenced_by /m/0gz_ 2 1 1 1 0 1
/m/0h25 /influence/influence_node/influenced_by /m/07kb5 3 1 1 1 0 1
/m/052h3 /influence/influence_node/influenced_by /m/032r1 4 1 1 1 0 1
/m/0969fd /influence/influence_node/influenced_by /m/081k8 15 11 0 0 0 0
/m/03f47xl /influence/influence_node/influenced_by /m/01tz6vs 5 1 1 1 0 1
/m/03f47xl /influence/influence_node/influenced_by /m/03f0324 1 1 1 1 1 1
/m/048cl /influence/influence_node/influenced_by /m/039n1 3884 3876 0 0 0 0
/m/03ftmg /influence/influence_node/influenced_by /m/03j0d 2 1 1 1 0 1
/m/0lcx /influence/influence_node/influenced_by /m/032l1 4 1 1 1 0 1
/m/032r1 /influence/influence_node/influenced_by /m/0cpvcd 6 1 1 1 0 1
/m/0420y /influence/influence_node/influenced_by /m/043s3 2 1 1 1 0 1
/m/05rx__ /influence/influence_node/influenced_by /m/029_3 14376 14366 0 0 0 0
/m/015pxr /influence/influence_node/influenced_by /m/021bk 5 1 1 1 0 1
/m/03sbs /influence/influence_node/influenced_by /m/0372p 4 1 1 1 0 1
/m/040db /influence/influence_node/influenced_by /m/0j3v 14 8 0 1 0 0
/m/012vd6 /influence/influence_node/influenced_by /m/03h_yfh 5446 5444 0 0 0 0
/m/037jz /influence/influence_node/influenced_by /m/03f70xs 2 1 1 1 0 1
/m/06jcc /influence/influence_node/influenced_by /m/03j0d 6 1 1 1 0 1
/m/014635 /influence/influence_node/influenced_by /m/04xjp 1 1 1 1 1 1
/m/07g2b /influence/influence_node/influenced_by /m/081k8 5 1 1 1 0 1
/m/041_y /influence/influence_node/influenced_by /m/02kz_ 3 1 1 1 0 1
/m/03s9b /influence/influence_node/influenced_by /m/0d5_f 1 1 1 1 1 1
