/m/0q8p8 /location/hud_county_place/place /m/0q8p8 1 1 1 1 1 1
/m/04f_d /location/hud_county_place/place /m/04f_d 1 1 1 1 1 1
/m/058cm /location/hud_county_place/place /m/058cm 1 1 1 1 1 1
/m/0mnsf /location/hud_county_place/place /m/0mnsf 1 1 1 1 1 1
/m/0qlrh /location/hud_county_place/place /m/0qlrh 1 1 1 1 1 1
/m/02frhbc /location/hud_county_place/place /m/02frhbc 1 1 1 1 1 1
/m/0rp46 /location/hud_county_place/place /m/0rp46 1 1 1 1 1 1
/m/0qpjt /location/hud_county_place/place /m/0qpjt 2 2 1 1 0 0
/m/0xkyn /location/hud_county_place/place /m/0xkyn 2 2 1 1 0 0
/m/0plxn /location/hud_county_place/place /m/0plxn 12524 12524 0 0 0 0
/m/0yt73 /location/hud_county_place/place /m/0yt73 1 1 1 1 1 1
/m/0yz30 /location/hud_county_place/place /m/0yz30 1 1 1 1 1 1
/m/013dy7 /location/hud_county_place/place /m/013dy7 7459 7459 0 0 0 0
/m/042tq /location/hud_county_place/place /m/042tq 1 1 1 1 1 1
/m/0sgtz /location/hud_county_place/place /m/0sgtz 1 1 1 1 1 1
/m/0r8c8 /location/hud_county_place/place /m/0r8c8 2 2 1 1 0 0
/m/0sg4x /location/hud_county_place/place /m/0sg4x 620 620 0 0 0 0
/m/0wr_s /location/hud_county_place/place /m/0wr_s 12622 12622 0 0 0 0
/m/0rsjf /location/hud_county_place/place /m/0rsjf 1 1 1 1 1 1
/m/010cw1 /location/hud_county_place/place /m/010cw1 1 1 1 1 1 1
/m/03v_5 /location/hud_county_place/place /m/03v_5 1 1 1 1 1 1
/m/0tr3p /location/hud_county_place/place /m/0tr3p 1 1 1 1 1 1
/m/0rvty /location/hud_county_place/place /m/0rvty 1 1 1 1 1 1
/m/0q8sw /location/hud_county_place/place /m/0q8sw 1 1 1 1 1 1
/m/0vfs8 /location/hud_county_place/place /m/0vfs8 1 1 1 1 1 1
/m/0r2bv /location/hud_county_place/place /m/0r2bv 4 4 1 1 0 0
/m/0106dv /location/hud_county_place/place /m/0106dv 1 1 1 1 1 1
/m/0rjg8 /location/hud_county_place/place /m/0rjg8 3 3 1 1 0 0
/m/01jr6 /location/hud_county_place/place /m/01jr6 2 2 1 1 0 0
/m/0_z91 /location/hud_county_place/place /m/0_z91 1 1 1 1 1 1
/m/0xpp5 /location/hud_county_place/place /m/0xpp5 1 1 1 1 1 1
/m/09snz /location/hud_county_place/place /m/09snz 1 1 1 1 1 1
/m/0f1sm /location/hud_county_place/place /m/0f1sm 1 1 1 1 1 1
/m/0mnm2 /location/hud_county_place/place /m/0mnm2 1 1 1 1 1 1
/m/01snm /location/hud_county_place/place /m/01snm 1 1 1 1 1 1
/m/01_d4 /location/hud_county_place/place /m/01_d4 1 1 1 1 1 1
/m/0yx74 /location/hud_county_place/place /m/0yx74 1 1 1 1 1 1
/m/0pqz3 /location/hud_county_place/place /m/0pqz3 1 1 1 1 1 1
/m/0rxyk /location/hud_county_place/place /m/0rxyk 1 1 1 1 1 1
/m/0_j_z /location/hud_county_place/place /m/0_j_z 2 2 1 1 0 0
/m/0xhj2 /location/hud_county_place/place /m/0xhj2 1 1 1 1 1 1
/m/0m2rv /location/hud_county_place/place /m/0m2rv 1 1 1 1 1 1
/m/0tln7 /location/hud_county_place/place /m/0tln7 14423 14423 0 0 0 0
/m/013l6l /location/hud_county_place/place /m/013l6l 1 1 1 1 1 1
/m/0r4h3 /location/hud_county_place/place /m/0r4h3 2 2 1 1 0 0
/m/0pc56 /location/hud_county_place/place /m/0pc56 1 1 1 1 1 1
/m/0bxc4 /location/hud_county_place/place /m/0bxc4 2 2 1 1 0 0
/m/0_565 /location/hud_county_place/place /m/0_565 1 1 1 1 1 1
