/m/0jgk3 /location/hud_foreclosure_area/estimated_number_of_mortgages./measurement_unit/dated_integer/source /m/0jbk9 1 1 1 1 1 1
/m/0xrzh /location/hud_foreclosure_area/estimated_number_of_mortgages./measurement_unit/dated_integer/source /m/0jbk9 1 1 1 1 1 1
/m/0l30v /location/hud_foreclosure_area/estimated_number_of_mortgages./measurement_unit/dated_integer/source /m/0jbk9 1 1 1 1 1 1
/m/0s69k /location/hud_foreclosure_area/estimated_number_of_mortgages./measurement_unit/dated_integer/source /m/0jbk9 1 1 1 1 1 1
/m/0fr61 /location/hud_foreclosure_area/estimated_number_of_mortgages./measurement_unit/dated_integer/source /m/0jbk9 1 1 1 1 1 1
/m/0mkdm /location/hud_foreclosure_area/estimated_number_of_mortgages./measurement_unit/dated_integer/source /m/0jbk9 1 1 1 1 1 1
/m/0mb2b /location/hud_foreclosure_area/estimated_number_of_mortgages./measurement_unit/dated_integer/source /m/0jbk9 1 1 1 1 1 1
/m/0nm87 /location/hud_foreclosure_area/estimated_number_of_mortgages./measurement_unit/dated_integer/source /m/0jbk9 1 1 1 1 1 1
/m/07l5z /location/hud_foreclosure_area/estimated_number_of_mortgages./measurement_unit/dated_integer/source /m/0jbk9 1 1 1 1 1 1
/m/0l2q3 /location/hud_foreclosure_area/estimated_number_of_mortgages./measurement_unit/dated_integer/source /m/0jbk9 1 1 1 1 1 1
/m/0xkq4 /location/hud_foreclosure_area/estimated_number_of_mortgages./measurement_unit/dated_integer/source /m/0jbk9 1 1 1 1 1 1
/m/0ghtf /location/hud_foreclosure_area/estimated_number_of_mortgages./measurement_unit/dated_integer/source /m/0jbk9 1 1 1 1 1 1
/m/0mx5p /location/hud_foreclosure_area/estimated_number_of_mortgages./measurement_unit/dated_integer/source /m/0jbk9 1 1 1 1 1 1
/m/01jr6 /location/hud_foreclosure_area/estimated_number_of_mortgages./measurement_unit/dated_integer/source /m/0jbk9 1 1 1 1 1 1
/m/0ms6_ /location/hud_foreclosure_area/estimated_number_of_mortgages./measurement_unit/dated_integer/source /m/0jbk9 1 1 1 1 1 1
/m/013hvr /location/hud_foreclosure_area/estimated_number_of_mortgages./measurement_unit/dated_integer/source /m/0jbk9 1 1 1 1 1 1
/m/010m55 /location/hud_foreclosure_area/estimated_number_of_mortgages./measurement_unit/dated_integer/source /m/0jbk9 1 1 1 1 1 1
/m/0_565 /location/hud_foreclosure_area/estimated_number_of_mortgages./measurement_unit/dated_integer/source /m/0jbk9 1 1 1 1 1 1
/m/0mn8t /location/hud_foreclosure_area/estimated_number_of_mortgages./measurement_unit/dated_integer/source /m/0jbk9 1 1 1 1 1 1
/m/0mkp7 /location/hud_foreclosure_area/estimated_number_of_mortgages./measurement_unit/dated_integer/source /m/0jbk9 1 1 1 1 1 1
/m/0lphb /location/hud_foreclosure_area/estimated_number_of_mortgages./measurement_unit/dated_integer/source /m/0jbk9 1 1 1 1 1 1
/m/0nm9y /location/hud_foreclosure_area/estimated_number_of_mortgages./measurement_unit/dated_integer/source /m/0jbk9 1 1 1 1 1 1
/m/0_j_z /location/hud_foreclosure_area/estimated_number_of_mortgages./measurement_unit/dated_integer/source /m/0jbk9 1 1 1 1 1 1
/m/0rw2x /location/hud_foreclosure_area/estimated_number_of_mortgages./measurement_unit/dated_integer/source /m/0jbk9 1 1 1 1 1 1
/m/0hz35 /location/hud_foreclosure_area/estimated_number_of_mortgages./measurement_unit/dated_integer/source /m/0jbk9 1 1 1 1 1 1
/m/0r111 /location/hud_foreclosure_area/estimated_number_of_mortgages./measurement_unit/dated_integer/source /m/0jbk9 1 1 1 1 1 1
/m/0nzw2 /location/hud_foreclosure_area/estimated_number_of_mortgages./measurement_unit/dated_integer/source /m/0jbk9 1 1 1 1 1 1
/m/0t_48 /location/hud_foreclosure_area/estimated_number_of_mortgages./measurement_unit/dated_integer/source /m/0jbk9 1 1 1 1 1 1
/m/01cx_ /location/hud_foreclosure_area/estimated_number_of_mortgages./measurement_unit/dated_integer/source /m/0jbk9 1 1 1 1 1 1
/m/0l2nd /location/hud_foreclosure_area/estimated_number_of_mortgages./measurement_unit/dated_integer/source /m/0jbk9 1 1 1 1 1 1
/m/013nws /location/hud_foreclosure_area/estimated_number_of_mortgages./measurement_unit/dated_integer/source /m/0jbk9 1 1 1 1 1 1
/m/0mmpz /location/hud_foreclosure_area/estimated_number_of_mortgages./measurement_unit/dated_integer/source /m/0jbk9 1 1 1 1 1 1
/m/0vm5t /location/hud_foreclosure_area/estimated_number_of_mortgages./measurement_unit/dated_integer/source /m/0jbk9 1 1 1 1 1 1
/m/0cb4j /location/hud_foreclosure_area/estimated_number_of_mortgages./measurement_unit/dated_integer/source /m/0jbk9 1 1 1 1 1 1
/m/0tln7 /location/hud_foreclosure_area/estimated_number_of_mortgages./measurement_unit/dated_integer/source /m/0jbk9 1 1 1 1 1 1
/m/0_3cs /location/hud_foreclosure_area/estimated_number_of_mortgages./measurement_unit/dated_integer/source /m/0jbk9 1 1 1 1 1 1
/m/0nvrd /location/hud_foreclosure_area/estimated_number_of_mortgages./measurement_unit/dated_integer/source /m/0jbk9 1 1 1 1 1 1
/m/0mwxl /location/hud_foreclosure_area/estimated_number_of_mortgages./measurement_unit/dated_integer/source /m/0jbk9 1 1 1 1 1 1
/m/0th3k /location/hud_foreclosure_area/estimated_number_of_mortgages./measurement_unit/dated_integer/source /m/0jbk9 1 1 1 1 1 1
/m/0mww2 /location/hud_foreclosure_area/estimated_number_of_mortgages./measurement_unit/dated_integer/source /m/0jbk9 1 1 1 1 1 1
/m/03l2n /location/hud_foreclosure_area/estimated_number_of_mortgages./measurement_unit/dated_integer/source /m/0jbk9 1 1 1 1 1 1
/m/0tj4y /location/hud_foreclosure_area/estimated_number_of_mortgages./measurement_unit/dated_integer/source /m/0jbk9 1 1 1 1 1 1
/m/0r3w7 /location/hud_foreclosure_area/estimated_number_of_mortgages./measurement_unit/dated_integer/source /m/0jbk9 1 1 1 1 1 1
/m/0l39b /location/hud_foreclosure_area/estimated_number_of_mortgages./measurement_unit/dated_integer/source /m/0jbk9 1 1 1 1 1 1
/m/0n5yh /location/hud_foreclosure_area/estimated_number_of_mortgages./measurement_unit/dated_integer/source /m/0jbk9 1 1 1 1 1 1
/m/0n2vl /location/hud_foreclosure_area/estimated_number_of_mortgages./measurement_unit/dated_integer/source /m/0jbk9 1 1 1 1 1 1
/m/04gxf /location/hud_foreclosure_area/estimated_number_of_mortgages./measurement_unit/dated_integer/source /m/0jbk9 1 1 1 1 1 1
/m/013jz2 /location/hud_foreclosure_area/estimated_number_of_mortgages./measurement_unit/dated_integer/source /m/0jbk9 1 1 1 1 1 1
/m/02_n7 /location/hud_foreclosure_area/estimated_number_of_mortgages./measurement_unit/dated_integer/source /m/0jbk9 1 1 1 1 1 1
/m/0nqph /location/hud_foreclosure_area/estimated_number_of_mortgages./measurement_unit/dated_integer/source /m/0jbk9 1 1 1 1 1 1
/m/0fc_9 /location/hud_foreclosure_area/estimated_number_of_mortgages./measurement_unit/dated_integer/source /m/0jbk9 1 1 1 1 1 1
/m/01smm /location/hud_foreclosure_area/estimated_number_of_mortgages./measurement_unit/dated_integer/source /m/0jbk9 1 1 1 1 1 1
/m/0mw_q /location/hud_foreclosure_area/estimated_number_of_mortgages./measurement_unit/dated_integer/source /m/0jbk9 1 1 1 1 1 1
/m/0m24v /location/hud_foreclosure_area/estimated_number_of_mortgages./measurement_unit/dated_integer/source /m/0jbk9 1 1 1 1 1 1
/m/0txhf /location/hud_foreclosure_area/estimated_number_of_mortgages./measurement_unit/dated_integer/source /m/0jbk9 1 1 1 1 1 1
/m/0f2nf /location/hud_foreclosure_area/estimated_number_of_mortgages./measurement_unit/dated_integer/source /m/0jbk9 1 1 1 1 1 1
/m/01m1_t /location/hud_foreclosure_area/estimated_number_of_mortgages./measurement_unit/dated_integer/source /m/0jbk9 1 1 1 1 1 1
/m/01mc11 /location/hud_foreclosure_area/estimated_number_of_mortgages./measurement_unit/dated_integer/source /m/0jbk9 1 1 1 1 1 1
/m/0mrq3 /location/hud_foreclosure_area/estimated_number_of_mortgages./measurement_unit/dated_integer/source /m/0jbk9 1 1 1 1 1 1
/m/0jj6k /location/hud_foreclosure_area/estimated_number_of_mortgages./measurement_unit/dated_integer/source /m/0jbk9 1 1 1 1 1 1
/m/0mnm2 /location/hud_foreclosure_area/estimated_number_of_mortgages./measurement_unit/dated_integer/source /m/0jbk9 1 1 1 1 1 1
/m/02hyt /location/hud_foreclosure_area/estimated_number_of_mortgages./measurement_unit/dated_integer/source /m/0jbk9 1 1 1 1 1 1
/m/0dzs0 /location/hud_foreclosure_area/estimated_number_of_mortgages./measurement_unit/dated_integer/source /m/0jbk9 1 1 1 1 1 1
/m/0c5v2 /location/hud_foreclosure_area/estimated_number_of_mortgages./measurement_unit/dated_integer/source /m/0jbk9 1 1 1 1 1 1
/m/013h1c /location/hud_foreclosure_area/estimated_number_of_mortgages./measurement_unit/dated_integer/source /m/0jbk9 1 1 1 1 1 1
/m/0x1jc /location/hud_foreclosure_area/estimated_number_of_mortgages./measurement_unit/dated_integer/source /m/0jbk9 1 1 1 1 1 1
/m/0fkhz /location/hud_foreclosure_area/estimated_number_of_mortgages./measurement_unit/dated_integer/source /m/0jbk9 1 1 1 1 1 1
/m/0fvvg /location/hud_foreclosure_area/estimated_number_of_mortgages./measurement_unit/dated_integer/source /m/0jbk9 1 1 1 1 1 1
/m/0kwmc /location/hud_foreclosure_area/estimated_number_of_mortgages./measurement_unit/dated_integer/source /m/0jbk9 1 1 1 1 1 1
/m/0j_1v /location/hud_foreclosure_area/estimated_number_of_mortgages./measurement_unit/dated_integer/source /m/0jbk9 1 1 1 1 1 1
/m/0p07l /location/hud_foreclosure_area/estimated_number_of_mortgages./measurement_unit/dated_integer/source /m/0jbk9 1 1 1 1 1 1
/m/0135p7 /location/hud_foreclosure_area/estimated_number_of_mortgages./measurement_unit/dated_integer/source /m/0jbk9 1 1 1 1 1 1
/m/0mkc3 /location/hud_foreclosure_area/estimated_number_of_mortgages./measurement_unit/dated_integer/source /m/0jbk9 1 1 1 1 1 1
/m/0mlxt /location/hud_foreclosure_area/estimated_number_of_mortgages./measurement_unit/dated_integer/source /m/0jbk9 1 1 1 1 1 1
/m/0r785 /location/hud_foreclosure_area/estimated_number_of_mortgages./measurement_unit/dated_integer/source /m/0jbk9 1 1 1 1 1 1
/m/0l3kx /location/hud_foreclosure_area/estimated_number_of_mortgages./measurement_unit/dated_integer/source /m/0jbk9 1 1 1 1 1 1
/m/0tct_ /location/hud_foreclosure_area/estimated_number_of_mortgages./measurement_unit/dated_integer/source /m/0jbk9 1 1 1 1 1 1
/m/0vfs8 /location/hud_foreclosure_area/estimated_number_of_mortgages./measurement_unit/dated_integer/source /m/0jbk9 1 1 1 1 1 1
/m/0fsv2 /location/hud_foreclosure_area/estimated_number_of_mortgages./measurement_unit/dated_integer/source /m/0jbk9 1 1 1 1 1 1
/m/031sn /location/hud_foreclosure_area/estimated_number_of_mortgages./measurement_unit/dated_integer/source /m/0jbk9 1 1 1 1 1 1
/m/0f2tj /location/hud_foreclosure_area/estimated_number_of_mortgages./measurement_unit/dated_integer/source /m/0jbk9 1 1 1 1 1 1
/m/0mkv3 /location/hud_foreclosure_area/estimated_number_of_mortgages./measurement_unit/dated_integer/source /m/0jbk9 1 1 1 1 1 1
/m/0d6lp /location/hud_foreclosure_area/estimated_number_of_mortgages./measurement_unit/dated_integer/source /m/0jbk9 1 1 1 1 1 1
/m/013yq /location/hud_foreclosure_area/estimated_number_of_mortgages./measurement_unit/dated_integer/source /m/0jbk9 1 1 1 1 1 1
