/m/05vz3zq /location/location/events /m/01w1sx 3 1 1 1 0 1
/m/0f2r6 /location/location/events /m/0b_6pv 7 1 1 1 0 1
/m/0jhd /location/location/events /m/06k75 1 1 1 1 1 1
/m/0f8l9c /location/location/events /m/0flry 34 30 0 0 0 0
/m/04hqz /location/location/events /m/01tffp 2 1 1 1 0 1
/m/0vzm /location/location/events /m/0bzrxn 3 1 1 1 0 1
/m/04wsz /location/location/events /m/08821 2 1 1 1 0 1
/m/04gqr /location/location/events /m/0gfhg1y 3 1 1 1 0 1
/m/0ply0 /location/location/events /m/0b_6zk 14 13 0 0 0 0
/m/0hzlz /location/location/events /m/0bqtx 1 1 1 1 1 1
/m/0d05q4 /location/location/events /m/01cpp0 2 1 1 1 0 1
/m/01mzwp /location/location/events /m/06k75 1 1 1 1 1 1
/m/05qtj /location/location/events /m/016r9z 2 1 1 1 0 1
/m/0ftxw /location/location/events /m/0b_6zk 5 1 1 1 0 1
/m/01ppq /location/location/events /m/03jqfx 1 1 1 1 1 1
/m/0dclg /location/location/events /m/0b_6lb 4 1 1 1 0 1
/m/0f2w0 /location/location/events /m/0b_6_l 2 1 1 1 0 1
/m/010h9y /location/location/events /m/02z6gky 3282 3279 0 0 0 0
/m/0f2r6 /location/location/events /m/0b_6s7 8 1 1 1 0 1
/m/05hwn /location/location/events /m/09x7p1 1 1 1 1 1 1
/m/06mxs /location/location/events /m/018ljb 1 1 1 1 1 1
/m/04jpl /location/location/events /m/0blg2 1 1 1 1 1 1
/m/0vm39 /location/location/events /m/0b_6q5 2 1 1 1 0 1
/m/071cn /location/location/events /m/0b_6_l 7 3 1 1 0 0
/m/0djd3 /location/location/events /m/0b_6v_ 4 2 1 1 0 0
/m/06c62 /location/location/events /m/0lbd9 1 1 1 1 1 1
/m/047yc /location/location/events /m/018w0j 1 1 1 1 1 1
/m/04f_d /location/location/events /m/0bzrsh 1 1 1 1 1 1
/m/06wxw /location/location/events /m/0b_75k 4 1 1 1 0 1
/m/099ty /location/location/events /m/0b_6v_ 9 5 1 1 0 0
/m/02j9z /location/location/events /m/0cm2xh 23 16 0 0 0 0
/m/06v36 /location/location/events /m/0bqtx 1 1 1 1 1 1
/m/029cr /location/location/events /m/0bzrxn 7 1 1 1 0 1
/m/024pcx /location/location/events /m/02n5d 2 1 1 1 0 1
/m/06q1r /location/location/events /m/05lbzg 1 1 1 1 1 1
/m/0fvvz /location/location/events /m/0bzrsh 1 1 1 1 1 1
/m/04wsz /location/location/events /m/03gqgt3 12 8 0 1 0 0
/m/04hhv /location/location/events /m/07_nf 1 1 1 1 1 1
/m/04gxf /location/location/events /m/0b_6h7 3 1 1 1 0 1
/m/0f1sm /location/location/events /m/0b_75k 4 1 1 1 0 1
/m/0166b /location/location/events /m/02rwmk 1 1 1 1 1 1
/m/0f1sm /location/location/events /m/0b_6q5 3 1 1 1 0 1
