/m/0nvg4 /location/statistical_region/rent50_4./measurement_unit/dated_money_value/currency /m/09nqf 1 1 1 1 1 1
/m/0f1sm /location/statistical_region/rent50_4./measurement_unit/dated_money_value/currency /m/09nqf 1 1 1 1 1 1
/m/0n4m5 /location/statistical_region/rent50_4./measurement_unit/dated_money_value/currency /m/09nqf 1 1 1 1 1 1
/m/0cv1w /location/statistical_region/rent50_4./measurement_unit/dated_money_value/currency /m/09nqf 1 1 1 1 1 1
/m/02xry /location/statistical_region/rent50_4./measurement_unit/dated_money_value/currency /m/09nqf 1 1 1 1 1 1
/m/0n5by /location/statistical_region/rent50_4./measurement_unit/dated_money_value/currency /m/09nqf 1 1 1 1 1 1
/m/0cc07 /location/statistical_region/rent50_4./measurement_unit/dated_money_value/currency /m/09nqf 1 1 1 1 1 1
/m/0fplg /location/statistical_region/rent50_4./measurement_unit/dated_money_value/currency /m/09nqf 1 1 1 1 1 1
/m/0ngy8 /location/statistical_region/rent50_4./measurement_unit/dated_money_value/currency /m/09nqf 1 1 1 1 1 1
/m/034tl /location/statistical_region/rent50_4./measurement_unit/dated_money_value/currency /m/09nqf 1 1 1 1 1 1
/m/0kv5t /location/statistical_region/rent50_4./measurement_unit/dated_money_value/currency /m/09nqf 1 1 1 1 1 1
/m/0ntxg /location/statistical_region/rent50_4./measurement_unit/dated_money_value/currency /m/09nqf 1 1 1 1 1 1
/m/0bjy7 /location/statistical_region/rent50_4./measurement_unit/dated_money_value/currency /m/09nqf 1 1 1 1 1 1
/m/0jc6p /location/statistical_region/rent50_4./measurement_unit/dated_money_value/currency /m/09nqf 1 1 1 1 1 1
/m/01m1_t /location/statistical_region/rent50_4./measurement_unit/dated_money_value/currency /m/09nqf 1 1 1 1 1 1
/m/0typ5 /location/statistical_region/rent50_4./measurement_unit/dated_money_value/currency /m/09nqf 1 1 1 1 1 1
/m/0dzt9 /location/statistical_region/rent50_4./measurement_unit/dated_money_value/currency /m/09nqf 1 1 1 1 1 1
/m/0mlw1 /location/statistical_region/rent50_4./measurement_unit/dated_money_value/currency /m/09nqf 1 1 1 1 1 1
/m/0mqs0 /location/statistical_region/rent50_4./measurement_unit/dated_money_value/currency /m/09nqf 1 1 1 1 1 1
/m/0jhz_ /location/statistical_region/rent50_4./measurement_unit/dated_money_value/currency /m/09nqf 1 1 1 1 1 1
/m/0fxz4 /location/statistical_region/rent50_4./measurement_unit/dated_money_value/currency /m/09nqf 1 1 1 1 1 1
/m/0nlqq /location/statistical_region/rent50_4./measurement_unit/dated_money_value/currency /m/09nqf 1 1 1 1 1 1
/m/0nvd8 /location/statistical_region/rent50_4./measurement_unit/dated_money_value/currency /m/09nqf 1 1 1 1 1 1
/m/0l2yf /location/statistical_region/rent50_4./measurement_unit/dated_money_value/currency /m/09nqf 1 1 1 1 1 1
/m/0fr5p /location/statistical_region/rent50_4./measurement_unit/dated_money_value/currency /m/09nqf 1 1 1 1 1 1
/m/0p01x /location/statistical_region/rent50_4./measurement_unit/dated_money_value/currency /m/09nqf 1 1 1 1 1 1
/m/0mp3l /location/statistical_region/rent50_4./measurement_unit/dated_money_value/currency /m/09nqf 1 1 1 1 1 1
/m/0cv13 /location/statistical_region/rent50_4./measurement_unit/dated_money_value/currency /m/09nqf 1 1 1 1 1 1
/m/0tzls /location/statistical_region/rent50_4./measurement_unit/dated_money_value/currency /m/09nqf 1 1 1 1 1 1
/m/0m2kw /location/statistical_region/rent50_4./measurement_unit/dated_money_value/currency /m/09nqf 1 1 1 1 1 1
/m/0mlyw /location/statistical_region/rent50_4./measurement_unit/dated_money_value/currency /m/09nqf 1 1 1 1 1 1
/m/0nbzp /location/statistical_region/rent50_4./measurement_unit/dated_money_value/currency /m/09nqf 1 1 1 1 1 1
/m/0nm42 /location/statistical_region/rent50_4./measurement_unit/dated_money_value/currency /m/09nqf 1 1 1 1 1 1
/m/0l_q9 /location/statistical_region/rent50_4./measurement_unit/dated_money_value/currency /m/09nqf 1 1 1 1 1 1
/m/0xhj2 /location/statistical_region/rent50_4./measurement_unit/dated_money_value/currency /m/09nqf 1 1 1 1 1 1
/m/0136jw /location/statistical_region/rent50_4./measurement_unit/dated_money_value/currency /m/09nqf 1 1 1 1 1 1
/m/0cyn3 /location/statistical_region/rent50_4./measurement_unit/dated_money_value/currency /m/09nqf 1 1 1 1 1 1
/m/0kv2r /location/statistical_region/rent50_4./measurement_unit/dated_money_value/currency /m/09nqf 1 1 1 1 1 1
/m/0n24p /location/statistical_region/rent50_4./measurement_unit/dated_money_value/currency /m/09nqf 1 1 1 1 1 1
/m/0cf_n /location/statistical_region/rent50_4./measurement_unit/dated_money_value/currency /m/09nqf 1 1 1 1 1 1
/m/0kvt9 /location/statistical_region/rent50_4./measurement_unit/dated_money_value/currency /m/09nqf 1 1 1 1 1 1
/m/0mx2h /location/statistical_region/rent50_4./measurement_unit/dated_money_value/currency /m/09nqf 1 1 1 1 1 1
/m/0nt6b /location/statistical_region/rent50_4./measurement_unit/dated_money_value/currency /m/09nqf 1 1 1 1 1 1
/m/0ntwb /location/statistical_region/rent50_4./measurement_unit/dated_money_value/currency /m/09nqf 1 1 1 1 1 1
/m/0fm9_ /location/statistical_region/rent50_4./measurement_unit/dated_money_value/currency /m/09nqf 1 1 1 1 1 1
/m/0mnwd /location/statistical_region/rent50_4./measurement_unit/dated_money_value/currency /m/09nqf 1 1 1 1 1 1
/m/0k1jg /location/statistical_region/rent50_4./measurement_unit/dated_money_value/currency /m/09nqf 1 1 1 1 1 1
/m/0d1xx /location/statistical_region/rent50_4./measurement_unit/dated_money_value/currency /m/09nqf 1 1 1 1 1 1
