/m/0235l /location/us_county/hud_county_place /m/0235l 1 1 1 1 1 1
/m/0f6zs /location/us_county/hud_county_place /m/0ybkj 1 1 1 1 1 1
/m/0l35f /location/us_county/hud_county_place /m/0r771 2 1 1 1 0 1
/m/0l2sr /location/us_county/hud_county_place /m/0pc56 1 1 1 1 1 1
/m/0nj07 /location/us_county/hud_county_place /m/0xckc 3 1 1 1 0 1
/m/0nj07 /location/us_county/hud_county_place /m/02dtg 2 1 1 1 0 1
/m/0mr_8 /location/us_county/hud_county_place /m/010016 2 1 1 1 0 1
/m/0mx7f /location/us_county/hud_county_place /m/0zdfp 1 1 1 1 1 1
/m/0d22f /location/us_county/hud_county_place /m/02frhbc 2 1 1 1 0 1
/m/0l3n4 /location/us_county/hud_county_place /m/0l4vc 1 1 1 1 1 1
/m/0mn0v /location/us_county/hud_county_place /m/0mn0v 1 1 1 1 1 1
/m/0n5j_ /location/us_county/hud_county_place /m/010cw1 2 1 1 1 0 1
/m/0n58p /location/us_county/hud_county_place /m/0h6l4 2 1 1 1 0 1
/m/0m2by /location/us_county/hud_county_place /m/0fr0t 1 1 1 1 1 1
/m/0fc_9 /location/us_county/hud_county_place /m/0lpk3 1 1 1 1 1 1
/m/0mn8t /location/us_county/hud_county_place /m/0mn8t 1 1 1 1 1 1
/m/0kpys /location/us_county/hud_county_place /m/0r04p 12 1 0 1 0 1
/m/0mw5x /location/us_county/hud_county_place /m/0_jws 2 1 1 1 0 1
/m/0cc07 /location/us_county/hud_county_place /m/0dhml 1 1 1 1 1 1
/m/0l38x /location/us_county/hud_county_place /m/0r89d 2 1 1 1 0 1
/m/0n5y4 /location/us_county/hud_county_place /m/01x96 1 1 1 1 1 1
/m/0k3hn /location/us_county/hud_county_place /m/0tz1j 5 1 1 1 0 1
/m/0m27n /location/us_county/hud_county_place /m/0d35y 3 1 1 1 0 1
/m/0n5yh /location/us_county/hud_county_place /m/0xhj2 2 1 1 1 0 1
/m/0fc_p /location/us_county/hud_county_place /m/071cn 1 1 1 1 1 1
/m/0mw5x /location/us_county/hud_county_place /m/0c1d0 1 1 1 1 1 1
/m/0jj6k /location/us_county/hud_county_place /m/0n1rj 1 1 1 1 1 1
/m/0nzny /location/us_county/hud_county_place /m/013yq 1 1 1 1 1 1
/m/0njpq /location/us_county/hud_county_place /m/0m2rv 1 1 1 1 1 1
/m/0kq1l /location/us_county/hud_county_place /m/0qyzb 3 1 1 1 0 1
/m/0k3gw /location/us_county/hud_county_place /m/0tyww 3 1 1 1 0 1
/m/0kpys /location/us_county/hud_county_place /m/0r02m 24 9 0 1 0 0
/m/0g_wn2 /location/us_county/hud_county_place /m/0g_wn2 1 1 1 1 1 1
/m/0mlyj /location/us_county/hud_county_place /m/010tkc 1 1 1 1 1 1
/m/0mvxt /location/us_county/hud_county_place /m/0_lr1 1 1 1 1 1 1
/m/0cc1v /location/us_county/hud_county_place /m/0pc6x 1 1 1 1 1 1
/m/0l2xl /location/us_county/hud_county_place /m/0r6c4 7 1 1 1 0 1
/m/0myn8 /location/us_county/hud_county_place /m/0z2gq 1 1 1 1 1 1
/m/0n5fz /location/us_county/hud_county_place /m/0xn7b 3 1 1 1 0 1
/m/0nty_ /location/us_county/hud_county_place /m/0ftxc 1 1 1 1 1 1
/m/0jgk3 /location/us_county/hud_county_place /m/0rjg8 3 1 1 1 0 1
/m/0l2xl /location/us_county/hud_county_place /m/0r6ff 8 1 1 1 0 1
/m/0l2rj /location/us_county/hud_county_place /m/0r4wn 2 1 1 1 0 1
/m/0l30v /location/us_county/hud_county_place /m/0r6rq 1 1 1 1 1 1
/m/0fc2c /location/us_county/hud_county_place /m/0y1rf 1 1 1 1 1 1
/m/0jhz_ /location/us_county/hud_county_place /m/0ggh3 1 1 1 1 1 1
