/m/02tfl8 /medicine/symptom/symptom_of /m/07s4l 11 1 0 1 0 1
/m/0hgxh /medicine/symptom/symptom_of /m/09jg8 4 1 1 1 0 1
/m/04kllm9 /medicine/symptom/symptom_of /m/035482 4 1 1 1 0 1
/m/0j5fv /medicine/symptom/symptom_of /m/04psf 12 1 0 1 0 1
/m/012qjw /medicine/symptom/symptom_of /m/0hgxh 17 4 0 1 0 0
/m/0j5fv /medicine/symptom/symptom_of /m/09d11 8 1 1 1 0 1
/m/0j5fv /medicine/symptom/symptom_of /m/0k95h 9 1 1 1 0 1
/m/0gxb2 /medicine/symptom/symptom_of /m/024c2 8 1 1 1 0 1
/m/0hgxh /medicine/symptom/symptom_of /m/087z2 7 1 1 1 0 1
/m/01j6t0 /medicine/symptom/symptom_of /m/035482 23 1 0 1 0 1
/m/0gxb2 /medicine/symptom/symptom_of /m/09jg8 15 3 0 1 0 0
/m/0cjf0 /medicine/symptom/symptom_of /m/0cycc 19 1 0 1 0 1
/m/02tfl8 /medicine/symptom/symptom_of /m/0h1wz 8 1 1 1 0 1
/m/0gxb2 /medicine/symptom/symptom_of /m/0h1wz 9 1 1 1 0 1
/m/02tfl8 /medicine/symptom/symptom_of /m/0167bx 4 1 1 1 0 1
/m/01cdt5 /medicine/symptom/symptom_of /m/011zdm 13 1 0 1 0 1
/m/01cdt5 /medicine/symptom/symptom_of /m/0dcp_ 11 1 0 1 0 1
/m/0gxb2 /medicine/symptom/symptom_of /m/09969 20 6 0 1 0 0
/m/0j5fv /medicine/symptom/symptom_of /m/02k6hp 6 1 1 1 0 1
/m/01j6t0 /medicine/symptom/symptom_of /m/01qqwn 35 10 0 1 0 0
/m/0gxb2 /medicine/symptom/symptom_of /m/02psvcf 11 1 0 1 0 1
/m/0cjf0 /medicine/symptom/symptom_of /m/072hv 17 1 0 1 0 1
/m/0f3kl /medicine/symptom/symptom_of /m/04psf 10 2 1 1 0 0
/m/0f3kl /medicine/symptom/symptom_of /m/09jg8 6 2 1 1 0 0
/m/012qjw /medicine/symptom/symptom_of /m/0h3bn 8 1 1 1 0 1
/m/01cdt5 /medicine/symptom/symptom_of /m/04p3w 15 1 0 1 0 1
/m/0gxb2 /medicine/symptom/symptom_of /m/0d19y2 7 1 1 1 0 1
/m/0gxb2 /medicine/symptom/symptom_of /m/01_qc_ 5 1 1 1 0 1
/m/0cjf0 /medicine/symptom/symptom_of /m/024c2 16 1 0 1 0 1
/m/0gxb2 /medicine/symptom/symptom_of /m/025hl8 10 1 1 1 0 1
/m/0k95h /medicine/symptom/symptom_of /m/02k6hp 3 2 1 1 0 0
/m/01j6t0 /medicine/symptom/symptom_of /m/0dcqh 42 16 0 0 0 0
