/m/01wxdn3 /music/artist/track_contributions./music/track_contribution/role /m/011_6p 11 1 0 1 0 1
/m/0137g1 /music/artist/track_contributions./music/track_contribution/role /m/0342h 10 1 1 1 0 1
/m/01304j /music/artist/track_contributions./music/track_contribution/role /m/0395lw 9 1 1 1 0 1
/m/0285c /music/artist/track_contributions./music/track_contribution/role /m/0l14md 12 4 0 1 0 0
/m/05qhnq /music/artist/track_contributions./music/track_contribution/role /m/06ncr 17 1 0 1 0 1
/m/0197tq /music/artist/track_contributions./music/track_contribution/role /m/0342h 6 1 1 1 0 1
/m/0f0qfz /music/artist/track_contributions./music/track_contribution/role /m/01399x 6 1 1 1 0 1
/m/0770cd /music/artist/track_contributions./music/track_contribution/role /m/0dwvl 22 12 0 0 0 0
/m/0136pk /music/artist/track_contributions./music/track_contribution/role /m/01vdm0 2 1 1 1 0 1
/m/011lvx /music/artist/track_contributions./music/track_contribution/role /m/02hrlh 4 1 1 1 0 1
/m/01vtmw6 /music/artist/track_contributions./music/track_contribution/role /m/05r5c 2 1 1 1 0 1
/m/0fhxv /music/artist/track_contributions./music/track_contribution/role /m/05148p4 3 1 1 1 0 1
/m/01wsl7c /music/artist/track_contributions./music/track_contribution/role /m/01vj9c 16 5 0 1 0 0
/m/01w20rx /music/artist/track_contributions./music/track_contribution/role /m/01vdm0 1 1 1 1 1 1
/m/01vswx5 /music/artist/track_contributions./music/track_contribution/role /m/05842k 11 5 0 1 0 0
/m/0pk41 /music/artist/track_contributions./music/track_contribution/role /m/042v_gx 4 2 1 1 0 0
/m/082brv /music/artist/track_contributions./music/track_contribution/role /m/0dwtp 13 1 0 1 0 1
/m/01wwvc5 /music/artist/track_contributions./music/track_contribution/role /m/05r5c 6 2 1 1 0 0
/m/06gd4 /music/artist/track_contributions./music/track_contribution/role /m/02sgy 2 1 1 1 0 1
/m/01d4cb /music/artist/track_contributions./music/track_contribution/role /m/042v_gx 6 1 1 1 0 1
/m/0f6lx /music/artist/track_contributions./music/track_contribution/role /m/03qlv7 2 1 1 1 0 1
/m/01x6v6 /music/artist/track_contributions./music/track_contribution/role /m/0680x0 1 1 1 1 1 1
/m/0kzy0 /music/artist/track_contributions./music/track_contribution/role /m/03qjg 4 1 1 1 0 1
/m/014cw2 /music/artist/track_contributions./music/track_contribution/role /m/018j2 5 1 1 1 0 1
/m/01vwbts /music/artist/track_contributions./music/track_contribution/role /m/026t6 3 1 1 1 0 1
/m/028qdb /music/artist/track_contributions./music/track_contribution/role /m/0mkg 4 1 1 1 0 1
/m/02mx98 /music/artist/track_contributions./music/track_contribution/role /m/042v_gx 2 1 1 1 0 1
/m/01tp5bj /music/artist/track_contributions./music/track_contribution/role /m/0l14qv 9 1 1 1 0 1
/m/0lbj1 /music/artist/track_contributions./music/track_contribution/role /m/01vj9c 4 2 1 1 0 0
/m/01lvcs1 /music/artist/track_contributions./music/track_contribution/role /m/03qlv7 18 10 0 1 0 0
/m/027dpx /music/artist/track_contributions./music/track_contribution/role /m/026t6 2 1 1 1 0 1
/m/0kzy0 /music/artist/track_contributions./music/track_contribution/role /m/01s0ps 1 1 1 1 1 1
/m/01vswwx /music/artist/track_contributions./music/track_contribution/role /m/0l14qv 5 1 1 1 0 1
/m/0326tc /music/artist/track_contributions./music/track_contribution/role /m/05842k 19 5 0 1 0 0
/m/01vsxdm /music/artist/track_contributions./music/track_contribution/role /m/0l14qv 2 1 1 1 0 1
/m/0p3sf /music/artist/track_contributions./music/track_contribution/role /m/01vdm0 7 1 1 1 0 1
/m/02_jkc /music/artist/track_contributions./music/track_contribution/role /m/07y_7 1 1 1 1 1 1
/m/01m7pwq /music/artist/track_contributions./music/track_contribution/role /m/02sgy 1 1 1 1 1 1
/m/01wwnh2 /music/artist/track_contributions./music/track_contribution/role /m/05r5c 5 1 1 1 0 1
/m/01wf86y /music/artist/track_contributions./music/track_contribution/role /m/01vdm0 1 1 1 1 1 1
/m/016s_5 /music/artist/track_contributions./music/track_contribution/role /m/0342h 3 1 1 1 0 1
/m/01vrkdt /music/artist/track_contributions./music/track_contribution/role /m/01vj9c 2 1 1 1 0 1
/m/01kx_81 /music/artist/track_contributions./music/track_contribution/role /m/03m5k 4 1 1 1 0 1
/m/02bc74 /music/artist/track_contributions./music/track_contribution/role /m/026t6 2 1 1 1 0 1
/m/03bnv /music/artist/track_contributions./music/track_contribution/role /m/0342h 5 1 1 1 0 1
/m/023l9y /music/artist/track_contributions./music/track_contribution/role /m/0l14j_ 19 1 0 1 0 1
/m/012x4t /music/artist/track_contributions./music/track_contribution/role /m/0bxl5 1 1 1 1 1 1
/m/01vsy7t /music/artist/track_contributions./music/track_contribution/role /m/02pprs 8 1 1 1 0 1
/m/03ryks /music/artist/track_contributions./music/track_contribution/role /m/07_l6 14 1 0 1 0 1
/m/01wgjj5 /music/artist/track_contributions./music/track_contribution/role /m/0l14md 9 1 1 1 0 1
/m/02qwg /music/artist/track_contributions./music/track_contribution/role /m/02sgy 2 1 1 1 0 1
/m/01nn3m /music/artist/track_contributions./music/track_contribution/role /m/05842k 1 1 1 1 1 1
/m/01wzlxj /music/artist/track_contributions./music/track_contribution/role /m/05r5c 4 1 1 1 0 1
/m/01jgkj2 /music/artist/track_contributions./music/track_contribution/role /m/01vdm0 1 1 1 1 1 1
/m/0136pk /music/artist/track_contributions./music/track_contribution/role /m/0dq630k 5 1 1 1 0 1
/m/01qvgl /music/artist/track_contributions./music/track_contribution/role /m/018vs 4 2 1 1 0 0
/m/023l9y /music/artist/track_contributions./music/track_contribution/role /m/0l14md 11 1 0 1 0 1
/m/09hnb /music/artist/track_contributions./music/track_contribution/role /m/05148p4 6 1 1 1 0 1
/m/0kzy0 /music/artist/track_contributions./music/track_contribution/role /m/0680x0 7 1 1 1 0 1
/m/01q_wyj /music/artist/track_contributions./music/track_contribution/role /m/02sgy 2 1 1 1 0 1
/m/01sb5r /music/artist/track_contributions./music/track_contribution/role /m/013y1f 2 1 1 1 0 1
/m/0lccn /music/artist/track_contributions./music/track_contribution/role /m/042v_gx 1 1 1 1 1 1
/m/05y7hc /music/artist/track_contributions./music/track_contribution/role /m/01vdm0 1 1 1 1 1 1
/m/07_3qd /music/artist/track_contributions./music/track_contribution/role /m/05842k 11 4 0 1 0 0
/m/03c7ln /music/artist/track_contributions./music/track_contribution/role /m/02sgy 5 1 1 1 0 1
/m/03cfjg /music/artist/track_contributions./music/track_contribution/role /m/042v_gx 7 6 1 1 0 0
/m/02jxmr /music/artist/track_contributions./music/track_contribution/role /m/05r5c 2 1 1 1 0 1
/m/01lvcs1 /music/artist/track_contributions./music/track_contribution/role /m/026t6 6 1 1 1 0 1
/m/01r0t_j /music/artist/track_contributions./music/track_contribution/role /m/02sgy 2 1 1 1 0 1
/m/01nkxvx /music/artist/track_contributions./music/track_contribution/role /m/0bxl5 3 1 1 1 0 1
/m/0149xx /music/artist/track_contributions./music/track_contribution/role /m/05r5c 6 4 1 1 0 0
/m/01pbxb /music/artist/track_contributions./music/track_contribution/role /m/0342h 2 1 1 1 0 1
/m/0137n0 /music/artist/track_contributions./music/track_contribution/role /m/0342h 2 1 1 1 0 1
/m/01gx5f /music/artist/track_contributions./music/track_contribution/role /m/026t6 5 1 1 1 0 1
/m/01hrqc /music/artist/track_contributions./music/track_contribution/role /m/0l14qv 1 1 1 1 1 1
/m/01wl38s /music/artist/track_contributions./music/track_contribution/role /m/01s0ps 1 1 1 1 1 1
/m/0770cd /music/artist/track_contributions./music/track_contribution/role /m/05148p4 7 1 1 1 0 1
/m/02vr7 /music/artist/track_contributions./music/track_contribution/role /m/05r5c 5 1 1 1 0 1
/m/01vsl3_ /music/artist/track_contributions./music/track_contribution/role /m/02k856 8 1 1 1 0 1
/m/07r4c /music/artist/track_contributions./music/track_contribution/role /m/03bx0bm 5 1 1 1 0 1
/m/016wvy /music/artist/track_contributions./music/track_contribution/role /m/07_l6 12 8 0 1 0 0
/m/02cx72 /music/artist/track_contributions./music/track_contribution/role /m/05r5c 1 1 1 1 1 1
/m/0565cz /music/artist/track_contributions./music/track_contribution/role /m/07_l6 6 1 1 1 0 1
/m/01vsxdm /music/artist/track_contributions./music/track_contribution/role /m/05r5c 2 1 1 1 0 1
/m/01mwsnc /music/artist/track_contributions./music/track_contribution/role /m/0214km 14453 14447 0 0 0 0
/m/01m65sp /music/artist/track_contributions./music/track_contribution/role /m/0342h 3 1 1 1 0 1
/m/023slg /music/artist/track_contributions./music/track_contribution/role /m/0342h 3 2 1 1 0 0
/m/028qdb /music/artist/track_contributions./music/track_contribution/role /m/026t6 18 10 0 1 0 0
/m/09swkk /music/artist/track_contributions./music/track_contribution/role /m/05842k 7 3 1 1 0 0
/m/01mxnvc /music/artist/track_contributions./music/track_contribution/role /m/01xqw 2 1 1 1 0 1
/m/0770cd /music/artist/track_contributions./music/track_contribution/role /m/0l15bq 26 16 0 0 0 0
/m/01y_rz /music/artist/track_contributions./music/track_contribution/role /m/026t6 1 1 1 1 1 1
/m/0f0y8 /music/artist/track_contributions./music/track_contribution/role /m/03qlv7 2 1 1 1 0 1
/m/0326tc /music/artist/track_contributions./music/track_contribution/role /m/01hww_ 14 1 0 1 0 1
/m/03ryks /music/artist/track_contributions./music/track_contribution/role /m/0395lw 12 1 0 1 0 1
/m/09swkk /music/artist/track_contributions./music/track_contribution/role /m/0342h 2 1 1 1 0 1
/m/018x3 /music/artist/track_contributions./music/track_contribution/role /m/0342h 12 1 0 1 0 1
/m/01vn35l /music/artist/track_contributions./music/track_contribution/role /m/01vdm0 1 1 1 1 1 1
/m/07r4c /music/artist/track_contributions./music/track_contribution/role /m/0bxl5 2 1 1 1 0 1
/m/01271h /music/artist/track_contributions./music/track_contribution/role /m/01vdm0 1 1 1 1 1 1
/m/09swkk /music/artist/track_contributions./music/track_contribution/role /m/03qjg 1 1 1 1 1 1
/m/01w923 /music/artist/track_contributions./music/track_contribution/role /m/0342h 4 1 1 1 0 1
/m/0hr3g /music/artist/track_contributions./music/track_contribution/role /m/05r5c 1 1 1 1 1 1
/m/06h2w /music/artist/track_contributions./music/track_contribution/role /m/01vj9c 7 2 1 1 0 0
/m/0j6cj /music/artist/track_contributions./music/track_contribution/role /m/018vs 3 1 1 1 0 1
/m/01gx5f /music/artist/track_contributions./music/track_contribution/role /m/0dwvl 9 1 1 1 0 1
/m/017f4y /music/artist/track_contributions./music/track_contribution/role /m/02sgy 4 1 1 1 0 1
/m/018x3 /music/artist/track_contributions./music/track_contribution/role /m/0319l 10 1 1 1 0 1
/m/06gd4 /music/artist/track_contributions./music/track_contribution/role /m/0342h 3 1 1 1 0 1
/m/06cc_1 /music/artist/track_contributions./music/track_contribution/role /m/05148p4 2 1 1 1 0 1
/m/0qdyf /music/artist/track_contributions./music/track_contribution/role /m/0342h 3 1 1 1 0 1
/m/01vrz41 /music/artist/track_contributions./music/track_contribution/role /m/05r5c 3 1 1 1 0 1
/m/04bpm6 /music/artist/track_contributions./music/track_contribution/role /m/0dwtp 14 1 0 1 0 1
/m/074tb5 /music/artist/track_contributions./music/track_contribution/role /m/01xqw 1 1 1 1 1 1
/m/03ryks /music/artist/track_contributions./music/track_contribution/role /m/0l14qv 10 1 1 1 0 1
/m/01gf5h /music/artist/track_contributions./music/track_contribution/role /m/01vdm0 1 1 1 1 1 1
/m/0f0qfz /music/artist/track_contributions./music/track_contribution/role /m/0l1589 5 1 1 1 0 1
/m/01mwsnc /music/artist/track_contributions./music/track_contribution/role /m/02sgy 2 1 1 1 0 1
/m/03h_fqv /music/artist/track_contributions./music/track_contribution/role /m/02fsn 8 1 1 1 0 1
/m/0c9d9 /music/artist/track_contributions./music/track_contribution/role /m/0l14qv 2 1 1 1 0 1
/m/014cw2 /music/artist/track_contributions./music/track_contribution/role /m/0l15bq 5 1 1 1 0 1
/m/01vng3b /music/artist/track_contributions./music/track_contribution/role /m/01vj9c 2 1 1 1 0 1
/m/023slg /music/artist/track_contributions./music/track_contribution/role /m/02hnl 5 2 1 1 0 0
/m/0fhxv /music/artist/track_contributions./music/track_contribution/role /m/013y1f 2 1 1 1 0 1
/m/053y0s /music/artist/track_contributions./music/track_contribution/role /m/05r5c 4 1 1 1 0 1
/m/02qtywd /music/artist/track_contributions./music/track_contribution/role /m/01vj9c 5 1 1 1 0 1
/m/0gcs9 /music/artist/track_contributions./music/track_contribution/role /m/018vs 2 1 1 1 0 1
/m/01v_pj6 /music/artist/track_contributions./music/track_contribution/role /m/013y1f 1 1 1 1 1 1
/m/01k47c /music/artist/track_contributions./music/track_contribution/role /m/01vdm0 2 2 1 1 0 0
/m/04m2zj /music/artist/track_contributions./music/track_contribution/role /m/011k_j 7 1 1 1 0 1
/m/01wsl7c /music/artist/track_contributions./music/track_contribution/role /m/011_6p 10 1 1 1 0 1
/m/01gx5f /music/artist/track_contributions./music/track_contribution/role /m/0l14qv 13 2 0 1 0 0
/m/02r4qs /music/artist/track_contributions./music/track_contribution/role /m/0342h 3 1 1 1 0 1
/m/03t852 /music/artist/track_contributions./music/track_contribution/role /m/01rhl 3 1 1 1 0 1
/m/0144l1 /music/artist/track_contributions./music/track_contribution/role /m/042v_gx 5 1 1 1 0 1
/m/01kv4mb /music/artist/track_contributions./music/track_contribution/role /m/013y1f 2 1 1 1 0 1
/m/04vrxh /music/artist/track_contributions./music/track_contribution/role /m/06ncr 1 1 1 1 1 1
/m/01w923 /music/artist/track_contributions./music/track_contribution/role /m/042v_gx 2 1 1 1 0 1
/m/01bpnd /music/artist/track_contributions./music/track_contribution/role /m/0342h 1 1 1 1 1 1
/m/01mxnvc /music/artist/track_contributions./music/track_contribution/role /m/01vj9c 1 1 1 1 1 1
/m/015x1f /music/artist/track_contributions./music/track_contribution/role /m/0342h 1 1 1 1 1 1
/m/050z2 /music/artist/track_contributions./music/track_contribution/role /m/0dwt5 15 1 0 1 0 1
/m/03h_fqv /music/artist/track_contributions./music/track_contribution/role /m/018j2 8 1 1 1 0 1
/m/01wj18h /music/artist/track_contributions./music/track_contribution/role /m/03qjg 7 6 1 1 0 0
/m/043c4j /music/artist/track_contributions./music/track_contribution/role /m/01p970 5 1 1 1 0 1
/m/0fhxv /music/artist/track_contributions./music/track_contribution/role /m/05r5c 6 1 1 1 0 1
/m/0161sp /music/artist/track_contributions./music/track_contribution/role /m/0342h 9 1 1 1 0 1
/m/01lvzbl /music/artist/track_contributions./music/track_contribution/role /m/04rzd 1 1 1 1 1 1
/m/0f0qfz /music/artist/track_contributions./music/track_contribution/role /m/042v_gx 2 1 1 1 0 1
/m/02s6sh /music/artist/track_contributions./music/track_contribution/role /m/025cbm 10 1 1 1 0 1
/m/01wwvc5 /music/artist/track_contributions./music/track_contribution/role /m/05148p4 8 2 1 1 0 0
/m/0l12d /music/artist/track_contributions./music/track_contribution/role /m/01vdm0 6 1 1 1 0 1
/m/01x1fq /music/artist/track_contributions./music/track_contribution/role /m/01vdm0 1 1 1 1 1 1
/m/0qf3p /music/artist/track_contributions./music/track_contribution/role /m/02sgy 6 5 1 1 0 0
/m/01vsy7t /music/artist/track_contributions./music/track_contribution/role /m/05r5c 10 1 1 1 0 1
/m/0161sp /music/artist/track_contributions./music/track_contribution/role /m/0l14qv 11 1 0 1 0 1
/m/01w272y /music/artist/track_contributions./music/track_contribution/role /m/01vdm0 1 1 1 1 1 1
/m/01l4g5 /music/artist/track_contributions./music/track_contribution/role /m/05148p4 7 1 1 1 0 1
/m/09swkk /music/artist/track_contributions./music/track_contribution/role /m/04q7r 4 1 1 1 0 1
/m/01pbs9w /music/artist/track_contributions./music/track_contribution/role /m/05r5c 1 1 1 1 1 1
/m/0l8g0 /music/artist/track_contributions./music/track_contribution/role /m/0342h 1 1 1 1 1 1
/m/05qhnq /music/artist/track_contributions./music/track_contribution/role /m/02sgy 6 1 1 1 0 1
/m/016ntp /music/artist/track_contributions./music/track_contribution/role /m/01vj9c 12 1 0 1 0 1
/m/09hnb /music/artist/track_contributions./music/track_contribution/role /m/025cbm 11316 11305 0 0 0 0
/m/01wj18h /music/artist/track_contributions./music/track_contribution/role /m/0342h 1 1 1 1 1 1
/m/03c7ln /music/artist/track_contributions./music/track_contribution/role /m/0342h 6 1 1 1 0 1
/m/0p5mw /music/artist/track_contributions./music/track_contribution/role /m/0680x0 7 1 1 1 0 1
/m/0326tc /music/artist/track_contributions./music/track_contribution/role /m/02sgy 5 1 1 1 0 1
/m/01wsl7c /music/artist/track_contributions./music/track_contribution/role /m/018vs 13 3 0 1 0 0
/m/01m3x5p /music/artist/track_contributions./music/track_contribution/role /m/0214km 1 1 1 1 1 1
/m/0j6cj /music/artist/track_contributions./music/track_contribution/role /m/0jtg0 10 1 1 1 0 1
/m/01vsyjy /music/artist/track_contributions./music/track_contribution/role /m/04rzd 6 1 1 1 0 1
/m/05qhnq /music/artist/track_contributions./music/track_contribution/role /m/03qjg 9 1 1 1 0 1
/m/02j3d4 /music/artist/track_contributions./music/track_contribution/role /m/04rzd 4 1 1 1 0 1
/m/050z2 /music/artist/track_contributions./music/track_contribution/role /m/0680x0 16 1 0 1 0 1
/m/05_pkf /music/artist/track_contributions./music/track_contribution/role /m/05r5c 1 1 1 1 1 1
/m/01w9wwg /music/artist/track_contributions./music/track_contribution/role /m/01v1d8 8 1 1 1 0 1
/m/01c8v0 /music/artist/track_contributions./music/track_contribution/role /m/0342h 2 1 1 1 0 1
/m/045zr /music/artist/track_contributions./music/track_contribution/role /m/042v_gx 4 1 1 1 0 1
/m/0gcs9 /music/artist/track_contributions./music/track_contribution/role /m/01vdm0 5 1 1 1 0 1
/m/09hnb /music/artist/track_contributions./music/track_contribution/role /m/05r5c 7 1 1 1 0 1
/m/0lzkm /music/artist/track_contributions./music/track_contribution/role /m/013y1f 2 1 1 1 0 1
/m/01wwnh2 /music/artist/track_contributions./music/track_contribution/role /m/018vs 1 1 1 1 1 1
/m/01nn3m /music/artist/track_contributions./music/track_contribution/role /m/0342h 5 1 1 1 0 1
/m/01vsy3q /music/artist/track_contributions./music/track_contribution/role /m/05r5c 4 1 1 1 0 1
/m/0gdh5 /music/artist/track_contributions./music/track_contribution/role /m/05r5c 4 1 1 1 0 1
/m/053yx /music/artist/track_contributions./music/track_contribution/role /m/07gql 1 1 1 1 1 1
/m/0244r8 /music/artist/track_contributions./music/track_contribution/role /m/0cfdd 1 1 1 1 1 1
/m/01k47c /music/artist/track_contributions./music/track_contribution/role /m/013y1f 6 5 1 1 0 0
/m/01w7nww /music/artist/track_contributions./music/track_contribution/role /m/01vdm0 1 1 1 1 1 1
/m/0fhxv /music/artist/track_contributions./music/track_contribution/role /m/0l14qv 7 1 1 1 0 1
/m/02fybl /music/artist/track_contributions./music/track_contribution/role /m/0l14qv 3 1 1 1 0 1
/m/0fpj4lx /music/artist/track_contributions./music/track_contribution/role /m/0342h 3 1 1 1 0 1
/m/0197tq /music/artist/track_contributions./music/track_contribution/role /m/0gkd1 7 1 1 1 0 1
/m/01304j /music/artist/track_contributions./music/track_contribution/role /m/0l14md 7 1 1 1 0 1
/m/01vsy7t /music/artist/track_contributions./music/track_contribution/role /m/01xqw 7 1 1 1 0 1
/m/0285c /music/artist/track_contributions./music/track_contribution/role /m/0342h 8 1 1 1 0 1
/m/044mfr /music/artist/track_contributions./music/track_contribution/role /m/042v_gx 1 1 1 1 1 1
/m/0565cz /music/artist/track_contributions./music/track_contribution/role /m/06w7v 1 1 1 1 1 1
/m/01m1dzc /music/artist/track_contributions./music/track_contribution/role /m/0gghm 3 1 1 1 0 1
/m/0167v4 /music/artist/track_contributions./music/track_contribution/role /m/0342h 3 1 1 1 0 1
/m/02dbp7 /music/artist/track_contributions./music/track_contribution/role /m/05148p4 3 1 1 1 0 1
/m/02g40r /music/artist/track_contributions./music/track_contribution/role /m/0l14qv 2 1 1 1 0 1
/m/01wgjj5 /music/artist/track_contributions./music/track_contribution/role /m/05148p4 8 1 1 1 0 1
/m/05qhnq /music/artist/track_contributions./music/track_contribution/role /m/042v_gx 4 1 1 1 0 1
/m/018x3 /music/artist/track_contributions./music/track_contribution/role /m/03gvt 10 1 1 1 0 1
/m/0144l1 /music/artist/track_contributions./music/track_contribution/role /m/05r5c 4 1 1 1 0 1
/m/0kzy0 /music/artist/track_contributions./music/track_contribution/role /m/0l14qv 6 1 1 1 0 1
/m/0lzkm /music/artist/track_contributions./music/track_contribution/role /m/0bxl5 5 1 1 1 0 1
/m/050z2 /music/artist/track_contributions./music/track_contribution/role /m/0dwsp 13 1 0 1 0 1
/m/018gkb /music/artist/track_contributions./music/track_contribution/role /m/04rzd 6 1 1 1 0 1
/m/01w5jwb /music/artist/track_contributions./music/track_contribution/role /m/0l14qv 3 1 1 1 0 1
/m/03h_fqv /music/artist/track_contributions./music/track_contribution/role /m/042v_gx 2 1 1 1 0 1
/m/01dhjz /music/artist/track_contributions./music/track_contribution/role /m/0dwvl 5 1 1 1 0 1
/m/016wvy /music/artist/track_contributions./music/track_contribution/role /m/05r5c 2 1 1 1 0 1
/m/09hnb /music/artist/track_contributions./music/track_contribution/role /m/01wy6 11 1 0 1 0 1
/m/0163r3 /music/artist/track_contributions./music/track_contribution/role /m/0239kh 6 1 1 1 0 1
/m/01wz_ml /music/artist/track_contributions./music/track_contribution/role /m/0342h 2 1 1 1 0 1
/m/06k02 /music/artist/track_contributions./music/track_contribution/role /m/01vdm0 1 1 1 1 1 1
/m/04bpm6 /music/artist/track_contributions./music/track_contribution/role /m/04rzd 11 1 0 1 0 1
/m/01wwnh2 /music/artist/track_contributions./music/track_contribution/role /m/042v_gx 2 1 1 1 0 1
/m/02r4qs /music/artist/track_contributions./music/track_contribution/role /m/0l14qv 4 1 1 1 0 1
/m/019389 /music/artist/track_contributions./music/track_contribution/role /m/0342h 1 1 1 1 1 1
/m/03wjb7 /music/artist/track_contributions./music/track_contribution/role /m/026t6 2 1 1 1 0 1
/m/0478__m /music/artist/track_contributions./music/track_contribution/role /m/05r5c 1 1 1 1 1 1
/m/03ryks /music/artist/track_contributions./music/track_contribution/role /m/013y1f 19 5 0 1 0 0
