/m/03g5jw /music/artist/label /m/0181dw 2 1 1 1 0 1
/m/01qmy04 /music/artist/label /m/043g7l 2 1 1 1 0 1
/m/01wx756 /music/artist/label /m/015_1q 2 1 1 1 0 1
/m/01309x /music/artist/label /m/015_1q 4 1 1 1 0 1
/m/013w7j /music/artist/label /m/01cszh 6 1 1 1 0 1
/m/02jqjm /music/artist/label /m/043g7l 1 1 1 1 1 1
/m/033s6 /music/artist/label /m/025t8bv 4 1 1 1 0 1
/m/0140t7 /music/artist/label /m/0g768 2 1 1 1 0 1
/m/0bk1p /music/artist/label /m/011k1h 4 1 1 1 0 1
/m/01m3x5p /music/artist/label /m/015_1q 1 1 1 1 1 1
/m/01lz4tf /music/artist/label /m/017l96 4 3 1 1 0 0
/m/01dw9z /music/artist/label /m/0g768 3 1 1 1 0 1
/m/01vxlbm /music/artist/label /m/01trtc 3 1 1 1 0 1
/m/01czx /music/artist/label /m/03qk20 3666 3662 0 0 0 0
/m/048xh /music/artist/label /m/01cf93 12848 12842 0 0 0 0
/m/012xdf /music/artist/label /m/01cl0d 2 1 1 1 0 1
/m/0cg9y /music/artist/label /m/015_1q 5 1 1 1 0 1
/m/013rfk /music/artist/label /m/04t53l 3 1 1 1 0 1
/m/01vw917 /music/artist/label /m/043g7l 3 1 1 1 0 1
/m/02r3cn /music/artist/label /m/033hn8 1 1 1 1 1 1
/m/07yg2 /music/artist/label /m/01wdtv 3 1 1 1 0 1
/m/04n65n /music/artist/label /m/017l96 1 1 1 1 1 1
/m/047cx /music/artist/label /m/01clyr 1 1 1 1 1 1
/m/01vsl3_ /music/artist/label /m/0k_kr 2 1 1 1 0 1
/m/02_t2t /music/artist/label /m/04gmlt 2 1 1 1 0 1
/m/0p8h0 /music/artist/label /m/03qx_f 3 1 1 1 0 1
/m/01vxlbm /music/artist/label /m/01f_3w 6 1 1 1 0 1
/m/07pzc /music/artist/label /m/01n2m6 2 1 1 1 0 1
/m/04rcr /music/artist/label /m/01cf93 2 1 1 1 0 1
/m/0pqp3 /music/artist/label /m/0181hw 3 1 1 1 0 1
/m/01wv9p /music/artist/label /m/043g7l 3 1 1 1 0 1
/m/0kj34 /music/artist/label /m/0mzkr 3 1 1 1 0 1
/m/04vrxh /music/artist/label /m/01trtc 1 1 1 1 1 1
/m/01mxt_ /music/artist/label /m/033hn8 5 4 1 1 0 0
/m/0fhxv /music/artist/label /m/0n85g 1 1 1 1 1 1
/m/07mvp /music/artist/label /m/0n85g 7 3 1 1 0 0
/m/0134wr /music/artist/label /m/01clyr 1 1 1 1 1 1
/m/01mxnvc /music/artist/label /m/011k1h 2 1 1 1 0 1
/m/0249kn /music/artist/label /m/04fcjt 4 1 1 1 0 1
/m/01kp_1t /music/artist/label /m/0g768 1 1 1 1 1 1
/m/017mbb /music/artist/label /m/03vtrv 11058 11054 0 0 0 0
/m/0fcsd /music/artist/label /m/0cv9t5 2 1 1 1 0 1
/m/023p29 /music/artist/label /m/033hn8 3 1 1 1 0 1
/m/016z1t /music/artist/label /m/017l96 2 1 1 1 0 1
/m/019x62 /music/artist/label /m/0181dw 1 1 1 1 1 1
/m/0f0qfz /music/artist/label /m/01cszh 1 1 1 1 1 1
/m/01323p /music/artist/label /m/0n85g 6306 6301 0 0 0 0
/m/02vr7 /music/artist/label /m/0mzkr 1 1 1 1 1 1
/m/01vv6_6 /music/artist/label /m/011k1h 2 1 1 1 0 1
/m/06m61 /music/artist/label /m/03qx_f 2 1 1 1 0 1
/m/01s7ns /music/artist/label /m/01trtc 2 1 1 1 0 1
/m/01lmj3q /music/artist/label /m/02swsm 5 1 1 1 0 1
/m/01kcms4 /music/artist/label /m/023rwm 3 1 1 1 0 1
/m/01wwvc5 /music/artist/label /m/033hn8 4 1 1 1 0 1
/m/0178kd /music/artist/label /m/011k1h 1 1 1 1 1 1
/m/0136pk /music/artist/label /m/03qx_f 14 14 0 0 0 0
/m/01vtg4q /music/artist/label /m/0g768 2 1 1 1 0 1
/m/01d1st /music/artist/label /m/015_1q 1 1 1 1 1 1
/m/0133x7 /music/artist/label /m/01cszh 7621 7619 0 0 0 0
/m/0394y /music/artist/label /m/03rhqg 1 1 1 1 1 1
/m/0xsk8 /music/artist/label /m/03q58q 3 1 1 1 0 1
/m/02vgh /music/artist/label /m/03rhqg 2 1 1 1 0 1
/m/01v0fn1 /music/artist/label /m/03q58q 6906 6904 0 0 0 0
/m/01lw3kh /music/artist/label /m/01cf93 3 1 1 1 0 1
/m/04d_mtq /music/artist/label /m/015_1q 3 2 1 1 0 0
/m/01lf293 /music/artist/label /m/0229rs 6530 6527 0 0 0 0
/m/01wwvc5 /music/artist/label /m/01w40h 4 1 1 1 0 1
/m/02_fj /music/artist/label /m/015_1q 2 1 1 1 0 1
/m/01dhjz /music/artist/label /m/01dtcb 1 1 1 1 1 1
/m/01gf5h /music/artist/label /m/012x8m 4 1 1 1 0 1
/m/0bdlj /music/artist/label /m/01xyqk 2 1 1 1 0 1
/m/0168cl /music/artist/label /m/0mzkr 2 1 1 1 0 1
/m/01lmj3q /music/artist/label /m/0g768 3 1 1 1 0 1
/m/01wbsdz /music/artist/label /m/015_1q 2 1 1 1 0 1
/m/012ycy /music/artist/label /m/014dd0 1 1 1 1 1 1
/m/01518s /music/artist/label /m/02swsm 1 1 1 1 1 1
/m/03sww /music/artist/label /m/0n85g 1 1 1 1 1 1
/m/01vt9p3 /music/artist/label /m/02jjdr 13073 13070 0 0 0 0
/m/0fpj9pm /music/artist/label /m/012b30 2939 2938 0 0 0 0
/m/01wx756 /music/artist/label /m/03qx_f 4 1 1 1 0 1
/m/03lgg /music/artist/label /m/014dd0 1 1 1 1 1 1
/m/02hzz /music/artist/label /m/01gfq4 1 1 1 1 1 1
/m/0134pk /music/artist/label /m/0fb0v 2 1 1 1 0 1
/m/01wj18h /music/artist/label /m/043g7l 3 1 1 1 0 1
/m/01vrz41 /music/artist/label /m/01w40h 5 1 1 1 0 1
/m/01l_vgt /music/artist/label /m/03mp8k 9 6 1 1 0 0
/m/0ffgh /music/artist/label /m/043g7l 3 1 1 1 0 1
/m/01wmjkb /music/artist/label /m/015_1q 2 1 1 1 0 1
/m/01wgcvn /music/artist/label /m/01trtc 1 1 1 1 1 1
/m/0473q /music/artist/label /m/033hn8 3 1 1 1 0 1
/m/01wgjj5 /music/artist/label /m/02p3cr5 3 1 1 1 0 1
/m/01k23t /music/artist/label /m/0181dw 4 1 1 1 0 1
/m/01dq9q /music/artist/label /m/01cszh 1 1 1 1 1 1
/m/01dw_f /music/artist/label /m/02y21l 5 1 1 1 0 1
/m/01vsy9_ /music/artist/label /m/06gst 2 1 1 1 0 1
/m/070b4 /music/artist/label /m/01ksz9 1 1 1 1 1 1
/m/0bk1p /music/artist/label /m/02swsm 7 1 1 1 0 1
/m/01lvzbl /music/artist/label /m/0bfp0l 1 1 1 1 1 1
/m/01kph_c /music/artist/label /m/056252 4 1 1 1 0 1
/m/02j3d4 /music/artist/label /m/0bfp0l 1 1 1 1 1 1
/m/02pt27 /music/artist/label /m/0gh4g0 2 1 1 1 0 1
/m/016vn3 /music/artist/label /m/02jjdr 2 1 1 1 0 1
/m/02cw1m /music/artist/label /m/01x7jb 3 1 1 1 0 1
/m/01wz_ml /music/artist/label /m/01w40h 4702 4701 0 0 0 0
/m/015f7 /music/artist/label /m/01f_3w 2 1 1 1 0 1
/m/02x8z_ /music/artist/label /m/0181dw 1 1 1 1 1 1
/m/07m4c /music/artist/label /m/03rhqg 6 4 1 1 0 0
/m/03f0fnk /music/artist/label /m/06gst 467 461 0 0 0 0
/m/0677ng /music/artist/label /m/01dtcb 1 1 1 1 1 1
/m/01wv9xn /music/artist/label /m/011k1h 3 1 1 1 0 1
/m/05sq20 /music/artist/label /m/01cszh 3427 3426 0 0 0 0
/m/0c9d9 /music/artist/label /m/043g7l 3 1 1 1 0 1
/m/01v_pj6 /music/artist/label /m/01txts 1 1 1 1 1 1
/m/05xq9 /music/artist/label /m/026k4d 2 1 1 1 0 1
/m/01p0vf /music/artist/label /m/041n43 1 1 1 1 1 1
/m/01p0vf /music/artist/label /m/0k_kr 3 2 1 1 0 0
/m/0qf3p /music/artist/label /m/01clyr 3 1 1 1 0 1
/m/01vw87c /music/artist/label /m/01w40h 3 2 1 1 0 0
/m/03f7m4h /music/artist/label /m/0181dw 1 1 1 1 1 1
/m/01vw20h /music/artist/label /m/073tm9 3 1 1 1 0 1
/m/016vqk /music/artist/label /m/01w40h 4 1 1 1 0 1
/m/026spg /music/artist/label /m/011k1h 2 1 1 1 0 1
/m/01wphh2 /music/artist/label /m/01w565 1 1 1 1 1 1
/m/02bc74 /music/artist/label /m/01cl2y 1 1 1 1 1 1
/m/01vrx3g /music/artist/label /m/02p11jq 1 1 1 1 1 1
/m/01wzlxj /music/artist/label /m/0181dw 7 4 1 1 0 0
/m/0167_s /music/artist/label /m/01t04r 4 1 1 1 0 1
/m/01yzl2 /music/artist/label /m/01trtc 1 1 1 1 1 1
/m/02qsjt /music/artist/label /m/0229rs 2 1 1 1 0 1
/m/011vx3 /music/artist/label /m/03vv61 3 1 1 1 0 1
/m/02cpp /music/artist/label /m/01cl2y 1 1 1 1 1 1
/m/02vr7 /music/artist/label /m/06x2ww 5 1 1 1 0 1
/m/0bvzp /music/artist/label /m/015_1q 1 1 1 1 1 1
/m/01fmz6 /music/artist/label /m/033hn8 2 1 1 1 0 1
/m/03j1p2n /music/artist/label /m/011k1h 8 4 1 1 0 0
/m/018d6l /music/artist/label /m/01clyr 1 1 1 1 1 1
/m/06k02 /music/artist/label /m/05b0f7 3 1 1 1 0 1
/m/02vcp0 /music/artist/label /m/01cl0d 5 1 1 1 0 1
/m/02bgmr /music/artist/label /m/043g7l 12 12 0 0 0 0
/m/01vsy95 /music/artist/label /m/0fb0v 5 2 1 1 0 0
/m/02r3zy /music/artist/label /m/0181dw 4 2 1 1 0 0
/m/03f0fnk /music/artist/label /m/0181dw 2 1 1 1 0 1
/m/0g_g2 /music/artist/label /m/01w40h 2 1 1 1 0 1
/m/03xl77 /music/artist/label /m/0g768 2 1 1 1 0 1
/m/0hvbj /music/artist/label /m/043g7l 9 6 1 1 0 0
/m/0565cz /music/artist/label /m/033hn8 11 5 0 1 0 0
/m/081wh1 /music/artist/label /m/0fb0v 1 1 1 1 1 1
/m/01wyz92 /music/artist/label /m/0g768 1 1 1 1 1 1
/m/03f3_p3 /music/artist/label /m/0181dw 1 1 1 1 1 1
/m/016szr /music/artist/label /m/0kk9v 19 13 0 0 0 0
/m/03f7jfh /music/artist/label /m/01cszh 3592 3588 0 0 0 0
/m/01v40wd /music/artist/label /m/015_1q 1 1 1 1 1 1
/m/06nv27 /music/artist/label /m/0181hw 2 1 1 1 0 1
/m/01pfr3 /music/artist/label /m/0fb0v 2 1 1 1 0 1
/m/01wx756 /music/artist/label /m/025t8bv 4 1 1 1 0 1
/m/01w5gg6 /music/artist/label /m/01w40h 2 1 1 1 0 1
/m/01f2q5 /music/artist/label /m/0fb0v 16 11 0 0 0 0
/m/0kxbc /music/artist/label /m/02cjlk 2 1 1 1 0 1
/m/01v0sxx /music/artist/label /m/0fb0v 3 1 1 1 0 1
/m/01vs4ff /music/artist/label /m/017l96 1 1 1 1 1 1
/m/02mslq /music/artist/label /m/01cf93 2 1 1 1 0 1
/m/016jll /music/artist/label /m/017l96 1 1 1 1 1 1
/m/01vw20h /music/artist/label /m/0g768 2 1 1 1 0 1
/m/01vxlbm /music/artist/label /m/0fb0v 5 1 1 1 0 1
/m/01mxnvc /music/artist/label /m/041p3y 3 1 1 1 0 1
/m/02vr7 /music/artist/label /m/01xyqk 4 1 1 1 0 1
/m/01k_yf /music/artist/label /m/01rww3 2 1 1 1 0 1
/m/0qf11 /music/artist/label /m/086k8 5 1 1 1 0 1
/m/0517bc /music/artist/label /m/015_1q 1 1 1 1 1 1
/m/070b4 /music/artist/label /m/01trtc 5 4 1 1 0 0
/m/02p2zq /music/artist/label /m/02zn1b 4 1 1 1 0 1
/m/0259r0 /music/artist/label /m/01cf93 1726 1725 0 0 0 0
/m/016ksk /music/artist/label /m/02p4jf0 1 1 1 1 1 1
/m/01k3qj /music/artist/label /m/011k1h 3 1 1 1 0 1
/m/01x0yrt /music/artist/label /m/06x2ww 2 1 1 1 0 1
/m/01kph_c /music/artist/label /m/01x7jb 4 1 1 1 0 1
/m/01s1zk /music/artist/label /m/05cl8y 2 1 1 1 0 1
/m/018x3 /music/artist/label /m/01clyr 13380 13377 0 0 0 0
/m/02w4fkq /music/artist/label /m/064r9cb 1 1 1 1 1 1
/m/01nn6c /music/artist/label /m/015_1q 1 1 1 1 1 1
/m/0134pk /music/artist/label /m/015_1q 1 1 1 1 1 1
/m/04dqdk /music/artist/label /m/025t8bv 4 1 1 1 0 1
/m/018gkb /music/artist/label /m/0g768 3 2 1 1 0 0
/m/01hw6wq /music/artist/label /m/01jv1z 3 1 1 1 0 1
/m/0134tg /music/artist/label /m/033hn8 1 1 1 1 1 1
/m/01vt9p3 /music/artist/label /m/03rhqg 1 1 1 1 1 1
/m/02cpp /music/artist/label /m/01th4s 4 1 1 1 0 1
/m/0qmny /music/artist/label /m/03rhqg 1 1 1 1 1 1
/m/079kr /music/artist/label /m/01t04r 2 1 1 1 0 1
/m/09qr6 /music/artist/label /m/0n85g 2 1 1 1 0 1
/m/01q3_2 /music/artist/label /m/01w40h 1 1 1 1 1 1
/m/0411q /music/artist/label /m/01xyqk 3 1 1 1 0 1
/m/029ql /music/artist/label /m/015_1q 1 1 1 1 1 1
/m/03yf3z /music/artist/label /m/06x2ww 2 1 1 1 0 1
/m/03f2_rc /music/artist/label /m/015_1q 1 1 1 1 1 1
/m/01j6mff /music/artist/label /m/05b0f7 1129 1126 0 0 0 0
/m/0dtd6 /music/artist/label /m/0229rs 4 1 1 1 0 1
/m/01s560x /music/artist/label /m/033hn8 3 1 1 1 0 1
/m/03t9sp /music/artist/label /m/0n85g 1 1 1 1 1 1
/m/01l1sq /music/artist/label /m/015_1q 1 1 1 1 1 1
/m/0153nq /music/artist/label /m/01t04r 6562 6558 0 0 0 0
/m/0m_31 /music/artist/label /m/041p3y 1 1 1 1 1 1
/m/03f3_p3 /music/artist/label /m/04t061 2 1 1 1 0 1
/m/0232lm /music/artist/label /m/01dtcb 1 1 1 1 1 1
/m/06gcn /music/artist/label /m/01clyr 7 3 1 1 0 0
/m/0x3n /music/artist/label /m/0n85g 1 1 1 1 1 1
/m/01x66d /music/artist/label /m/011k1h 2 1 1 1 0 1
/m/017xm3 /music/artist/label /m/015_1q 3 1 1 1 0 1
/m/0411q /music/artist/label /m/0cv9t5 7122 7118 0 0 0 0
/m/02vgh /music/artist/label /m/033hn8 3 1 1 1 0 1
/m/01ttg5 /music/artist/label /m/02bh8z 12 11 0 0 0 0
/m/01vvycq /music/artist/label /m/01cszh 4 1 1 1 0 1
/m/092ggq /music/artist/label /m/05clg8 1 1 1 1 1 1
/m/02lvtb /music/artist/label /m/015_1q 2 1 1 1 0 1
/m/01wbgdv /music/artist/label /m/02p11jq 2 1 1 1 0 1
/m/01vrnsk /music/artist/label /m/01wdtv 6 1 1 1 0 1
/m/0560w /music/artist/label /m/01t04r 3 1 1 1 0 1
/m/03j1p2n /music/artist/label /m/03qk20 4 1 1 1 0 1
/m/01x66d /music/artist/label /m/01q940 3 1 1 1 0 1
/m/01vw37m /music/artist/label /m/073tm9 1 1 1 1 1 1
/m/01vvyvk /music/artist/label /m/02p11jq 1 1 1 1 1 1
/m/01dhjz /music/artist/label /m/0g768 2 1 1 1 0 1
/m/0478__m /music/artist/label /m/01trtc 1 1 1 1 1 1
/m/01p9hgt /music/artist/label /m/0181hw 3 1 1 1 0 1
/m/01nz1q6 /music/artist/label /m/01clyr 5 4 1 1 0 0
/m/0fsyx /music/artist/label /m/02y21l 3 1 1 1 0 1
/m/01vn0t_ /music/artist/label /m/011k1h 3 1 1 1 0 1
/m/044mfr /music/artist/label /m/01cl0d 1 1 1 1 1 1
/m/015_30 /music/artist/label /m/02p11jq 1 1 1 1 1 1
/m/03xhj6 /music/artist/label /m/086k8 7 1 1 1 0 1
/m/094xh /music/artist/label /m/03rhqg 3 1 1 1 0 1
/m/01hgwkr /music/artist/label /m/01cf93 1 1 1 1 1 1
/m/01vvyd8 /music/artist/label /m/073tm9 1 1 1 1 1 1
/m/015srx /music/artist/label /m/033hn8 2 1 1 1 0 1
/m/016vj5 /music/artist/label /m/01t04r 3 1 1 1 0 1
/m/01m15br /music/artist/label /m/0bfp0l 1 1 1 1 1 1
/m/0kr_t /music/artist/label /m/011k1h 2 1 1 1 0 1
/m/06p03s /music/artist/label /m/0181dw 1 1 1 1 1 1
/m/01vvlyt /music/artist/label /m/05clg8 2 1 1 1 0 1
/m/08w4pm /music/artist/label /m/02p4jf0 5 1 1 1 0 1
/m/017yfz /music/artist/label /m/0181dw 7 5 1 1 0 0
/m/0180w8 /music/artist/label /m/017l96 1 1 1 1 1 1
/m/0394y /music/artist/label /m/0229rs 3 1 1 1 0 1
/m/018n6m /music/artist/label /m/05808s 3 1 1 1 0 1
/m/02pt27 /music/artist/label /m/033hn8 1 1 1 1 1 1
/m/050z2 /music/artist/label /m/02bh8z 2 1 1 1 0 1
/m/05_swj /music/artist/label /m/0181dw 11 8 0 1 0 0
/m/0136p1 /music/artist/label /m/03q58q 4 1 1 1 0 1
/m/027hm_ /music/artist/label /m/033hn8 2 1 1 1 0 1
/m/0c9d9 /music/artist/label /m/033hn8 3 1 1 1 0 1
/m/0560w /music/artist/label /m/017l96 1 1 1 1 1 1
/m/01wg25j /music/artist/label /m/033hn8 6 1 1 1 0 1
/m/016lj_ /music/artist/label /m/023rwm 1 1 1 1 1 1
/m/03fbc /music/artist/label /m/0n85g 4 2 1 1 0 0
/m/01vv7sc /music/artist/label /m/01th4s 2 1 1 1 0 1
/m/0gdh5 /music/artist/label /m/03rhqg 2 1 1 1 0 1
/m/01vs4ff /music/artist/label /m/015_1q 2 1 1 1 0 1
/m/01mxqyk /music/artist/label /m/0g768 2 1 1 1 0 1
/m/02f1c /music/artist/label /m/03rhqg 2 1 1 1 0 1
/m/01shhf /music/artist/label /m/07gqbk 6275 6274 0 0 0 0
/m/01vsxdm /music/artist/label /m/04t53l 2 1 1 1 0 1
/m/0197tq /music/artist/label /m/0mcf4 1 1 1 1 1 1
/m/02qwg /music/artist/label /m/03rhqg 2 1 1 1 0 1
/m/02qwg /music/artist/label /m/01cl2y 7 3 1 1 0 0
/m/07r4c /music/artist/label /m/0229rs 3 1 1 1 0 1
/m/0c7ct /music/artist/label /m/01w56k 2 1 1 1 0 1
/m/01ww_vs /music/artist/label /m/03b8gh 3040 3039 0 0 0 0
/m/03d9d6 /music/artist/label /m/0mzkr 1 1 1 1 1 1
/m/0m_v0 /music/artist/label /m/03rhqg 2 1 1 1 0 1
/m/06mt91 /music/artist/label /m/073tm9 1 1 1 1 1 1
/m/016376 /music/artist/label /m/04gmlt 5 1 1 1 0 1
/m/0130sy /music/artist/label /m/015_1q 2 1 1 1 0 1
/m/025xt8y /music/artist/label /m/01cf93 3 1 1 1 0 1
/m/02qwg /music/artist/label /m/03y5g8 4 1 1 1 0 1
/m/02vr7 /music/artist/label /m/0229rs 5 1 1 1 0 1
/m/021r7r /music/artist/label /m/01cf93 1 1 1 1 1 1
/m/015xp4 /music/artist/label /m/01cf93 1927 1922 0 0 0 0
/m/013pk3 /music/artist/label /m/086k8 1 1 1 1 1 1
/m/0pqp3 /music/artist/label /m/01cszh 2 1 1 1 0 1
/m/0136p1 /music/artist/label /m/033hn8 2 1 1 1 0 1
/m/01vsyg9 /music/artist/label /m/0fb0v 9274 9271 0 0 0 0
/m/0fsyx /music/artist/label /m/03qx_f 3 1 1 1 0 1
/m/02rn_bj /music/artist/label /m/0fb0v 2 1 1 1 0 1
/m/0xsk8 /music/artist/label /m/03rhqg 1 1 1 1 1 1
/m/017mbb /music/artist/label /m/027f3ys 3 1 1 1 0 1
/m/0bsj9 /music/artist/label /m/04fcjt 3 1 1 1 0 1
