/m/01hydr /music/genre/parent_genre /m/0kz10 4 1 1 1 0 1
/m/059kh /music/genre/parent_genre /m/06rqw 12 5 0 1 0 0
/m/01z9l_ /music/genre/parent_genre /m/01g_bs 2 1 1 1 0 1
/m/052smk /music/genre/parent_genre /m/02r6mf 4 3 1 1 0 0
/m/018ysx /music/genre/parent_genre /m/0133_p 5 1 1 1 0 1
/m/01hcvm /music/genre/parent_genre /m/05r6t 2 1 1 1 0 1
/m/01y2mq /music/genre/parent_genre /m/016_v3 6330 6329 0 0 0 0
/m/016_v3 /music/genre/parent_genre /m/0glt670 1 1 1 1 1 1
/m/018ysx /music/genre/parent_genre /m/06j6l 3 1 1 1 0 1
/m/034gxk /music/genre/parent_genre /m/0dl5d 1 1 1 1 1 1
/m/02yw1c /music/genre/parent_genre /m/0296y 3 1 1 1 0 1
/m/08cg36 /music/genre/parent_genre /m/0133_p 1 1 1 1 1 1
/m/01f1p9 /music/genre/parent_genre /m/03lty 1 1 1 1 1 1
/m/02lw8j /music/genre/parent_genre /m/06by7 1 1 1 1 1 1
/m/06jjbp /music/genre/parent_genre /m/08cyft 1 1 1 1 1 1
/m/020ngt /music/genre/parent_genre /m/018ysx 12094 12092 0 0 0 0
/m/0kz10 /music/genre/parent_genre /m/07gxw 2 1 1 1 0 1
/m/0gywn /music/genre/parent_genre /m/0155w 2 1 1 1 0 1
/m/01skxk /music/genre/parent_genre /m/06by7 3 1 1 1 0 1
/m/08z0wx /music/genre/parent_genre /m/0172rj 7739 7736 0 0 0 0
/m/02w6s3 /music/genre/parent_genre /m/012x7b 3 1 1 1 0 1
/m/03339m /music/genre/parent_genre /m/01jwt 5831 5828 0 0 0 0
/m/05tcx0 /music/genre/parent_genre /m/016jny 3 1 1 1 0 1
/m/0g_bh /music/genre/parent_genre /m/0fd3y 3 1 1 1 0 1
/m/0175zz /music/genre/parent_genre /m/01243b 2 1 1 1 0 1
/m/01_sz1 /music/genre/parent_genre /m/05r6t 3 1 1 1 0 1
/m/0175yg /music/genre/parent_genre /m/0155w 1 1 1 1 1 1
/m/0y3_8 /music/genre/parent_genre /m/0mmp3 18 10 0 1 0 0
/m/04b675 /music/genre/parent_genre /m/08z0wx 4 1 1 1 0 1
/m/0fd3y /music/genre/parent_genre /m/07gxw 11 8 0 1 0 0
/m/0m0jc /music/genre/parent_genre /m/03mb9 2 1 1 1 0 1
/m/01_bkd /music/genre/parent_genre /m/04f73rc 5147 5141 0 0 0 0
/m/0dls3 /music/genre/parent_genre /m/016clz 1 1 1 1 1 1
/m/041738 /music/genre/parent_genre /m/06by7 1 1 1 1 1 1
/m/01nd9f /music/genre/parent_genre /m/0jmwg 3 1 1 1 0 1
/m/036jv /music/genre/parent_genre /m/01flzq 3 1 1 1 0 1
/m/0133_p /music/genre/parent_genre /m/06by7 1 1 1 1 1 1
/m/012yc /music/genre/parent_genre /m/016_nr 2 1 1 1 0 1
/m/02l96k /music/genre/parent_genre /m/05w3f 2 1 1 1 0 1
/m/01f9y_ /music/genre/parent_genre /m/0glt670 2 1 1 1 0 1
/m/0jrgr /music/genre/parent_genre /m/016jny 3 1 1 1 0 1
/m/04z1v0 /music/genre/parent_genre /m/016jny 1 1 1 1 1 1
/m/01y3_q /music/genre/parent_genre /m/0hh2s 1 1 1 1 1 1
/m/037n97 /music/genre/parent_genre /m/06j6l 2 1 1 1 0 1
/m/0dls3 /music/genre/parent_genre /m/03lty 2 1 1 1 0 1
/m/02w6s3 /music/genre/parent_genre /m/0dl5d 2 1 1 1 0 1
/m/07d2d /music/genre/parent_genre /m/0m0jc 14176 14173 0 0 0 0
/m/01gbcf /music/genre/parent_genre /m/08jyyk 5 1 1 1 0 1
/m/0k0r0n7 /music/genre/parent_genre /m/0k0r0n7 3 1 1 1 0 1
/m/0190xp /music/genre/parent_genre /m/0dl5d 2 1 1 1 0 1
/m/016ybr /music/genre/parent_genre /m/05bt6j 1 1 1 1 1 1
/m/04n7jdv /music/genre/parent_genre /m/0glt670 2 1 1 1 0 1
/m/01nd9f /music/genre/parent_genre /m/05r6t 2 1 1 1 0 1
/m/0k345 /music/genre/parent_genre /m/01wqlc 1 1 1 1 1 1
/m/01hydr /music/genre/parent_genre /m/0fd3y 5149 5145 0 0 0 0
/m/0gywn /music/genre/parent_genre /m/016cjb 3 1 1 1 0 1
/m/03gt7s /music/genre/parent_genre /m/04f73rc 1 1 1 1 1 1
/m/012x7b /music/genre/parent_genre /m/025tm81 1 1 1 1 1 1
/m/02yy88 /music/genre/parent_genre /m/03lty 1 1 1 1 1 1
/m/01kcty /music/genre/parent_genre /m/03_d0 1 1 1 1 1 1
/m/02b71x /music/genre/parent_genre /m/025sc50 2 1 1 1 0 1
/m/05c6073 /music/genre/parent_genre /m/06by7 1 1 1 1 1 1
/m/05r6t /music/genre/parent_genre /m/09jw2 4 1 1 1 0 1
/m/01738f /music/genre/parent_genre /m/016clz 2 1 1 1 0 1
/m/01f9y_ /music/genre/parent_genre /m/03_d0 1 1 1 1 1 1
/m/016jhr /music/genre/parent_genre /m/0gg8l 4 1 1 1 0 1
/m/05lwjc /music/genre/parent_genre /m/06j6l 2 1 1 1 0 1
/m/03ckfl9 /music/genre/parent_genre /m/0283d 1 1 1 1 1 1
/m/021_z5 /music/genre/parent_genre /m/0gywn 1 1 1 1 1 1
/m/016ybr /music/genre/parent_genre /m/06j6l 4 1 1 1 0 1
/m/0xjl2 /music/genre/parent_genre /m/01_qp_ 3 1 1 1 0 1
/m/01738f /music/genre/parent_genre /m/09nwwf 7 1 1 1 0 1
/m/0dn16 /music/genre/parent_genre /m/06by7 3 1 1 1 0 1
/m/016jhr /music/genre/parent_genre /m/05w3f 2 1 1 1 0 1
/m/01h0kx /music/genre/parent_genre /m/0133_p 4 1 1 1 0 1
/m/0kz10 /music/genre/parent_genre /m/08cyft 3 1 1 1 0 1
/m/0163zw /music/genre/parent_genre /m/0mmp3 2 1 1 1 0 1
/m/016cyt /music/genre/parent_genre /m/06cqb 3 1 1 1 0 1
/m/0621cs /music/genre/parent_genre /m/018ysx 4 1 1 1 0 1
/m/0y2tr /music/genre/parent_genre /m/0xhtw 4 1 1 1 0 1
/m/02fhtq /music/genre/parent_genre /m/02w4v 1 1 1 1 1 1
/m/02yw1c /music/genre/parent_genre /m/0jrv_ 2 1 1 1 0 1
/m/064t9 /music/genre/parent_genre /m/0ggx5q 2 1 1 1 0 1
/m/0283d /music/genre/parent_genre /m/0190yn 6 1 1 1 0 1
/m/088vmr /music/genre/parent_genre /m/011j5x 2 1 1 1 0 1
/m/016ybr /music/genre/parent_genre /m/06by7 2 1 1 1 0 1
/m/01d_s5 /music/genre/parent_genre /m/03mb9 2 1 1 1 0 1
/m/05lwjc /music/genre/parent_genre /m/0glt670 1 1 1 1 1 1
/m/01n5sn /music/genre/parent_genre /m/03_d0 1 1 1 1 1 1
/m/06kcjr /music/genre/parent_genre /m/0glt670 1 1 1 1 1 1
/m/07bbw /music/genre/parent_genre /m/03lty 1 1 1 1 1 1
/m/0bytsc /music/genre/parent_genre /m/0dl5d 13545 13542 0 0 0 0
/m/0gg8l /music/genre/parent_genre /m/050g1v 4 1 1 1 0 1
/m/0g_bh /music/genre/parent_genre /m/0190_q 6 1 1 1 0 1
/m/0jrv_ /music/genre/parent_genre /m/01dqhq 4 1 1 1 0 1
/m/0cx7f /music/genre/parent_genre /m/06by7 1 1 1 1 1 1
/m/016ybr /music/genre/parent_genre /m/02856r 6 1 1 1 0 1
/m/0m0fw /music/genre/parent_genre /m/05r6t 2 1 1 1 0 1
/m/018lg0 /music/genre/parent_genre /m/02yv6b 3 1 1 1 0 1
/m/05y8n7 /music/genre/parent_genre /m/059kh 3369 3366 0 0 0 0
