/m/045zr /music/group_member/instruments_played /m/05r5c 2 1 1 1 0 1
/m/01386_ /music/group_member/instruments_played /m/0g2dz 5 1 1 1 0 1
/m/09hnb /music/group_member/instruments_played /m/0l14j_ 24 18 0 0 0 0
/m/0f0y8 /music/group_member/instruments_played /m/06ncr 1 1 1 1 1 1
/m/017yfz /music/group_member/instruments_played /m/0342h 2 1 1 1 0 1
/m/01s21dg /music/group_member/instruments_played /m/0342h 1 1 1 1 1 1
/m/04mx7s /music/group_member/instruments_played /m/06ncr 7 1 1 1 0 1
/m/01vw87c /music/group_member/instruments_played /m/026t6 1 1 1 1 1 1
/m/01wmgrf /music/group_member/instruments_played /m/0342h 1 1 1 1 1 1
/m/01l7cxq /music/group_member/instruments_played /m/0l14j_ 2 1 1 1 0 1
/m/01vsnff /music/group_member/instruments_played /m/0dwsp 7 1 1 1 0 1
/m/01vrkdt /music/group_member/instruments_played /m/0342h 1 1 1 1 1 1
/m/01z9_x /music/group_member/instruments_played /m/05r5c 4 1 1 1 0 1
/m/0565cz /music/group_member/instruments_played /m/0myk8 6 1 1 1 0 1
/m/01wy61y /music/group_member/instruments_played /m/018vs 9 2 1 1 0 0
/m/01vrncs /music/group_member/instruments_played /m/018vs 6 1 1 1 0 1
/m/01271h /music/group_member/instruments_played /m/06ncr 5 1 1 1 0 1
/m/01wg6y /music/group_member/instruments_played /m/03f5mt 2 1 1 1 0 1
/m/01vrx3g /music/group_member/instruments_played /m/04rzd 5 1 1 1 0 1
/m/01wg3q /music/group_member/instruments_played /m/0342h 2 1 1 1 0 1
/m/0133x7 /music/group_member/instruments_played /m/05r5c 1 1 1 1 1 1
/m/01271h /music/group_member/instruments_played /m/07m2y 6 1 1 1 0 1
/m/04s5_s /music/group_member/instruments_played /m/03gvt 1 1 1 1 1 1
/m/03q2t9 /music/group_member/instruments_played /m/07gql 3 1 1 1 0 1
/m/02b25y /music/group_member/instruments_played /m/03qjg 13 9 0 1 0 0
/m/02j3d4 /music/group_member/instruments_played /m/018j2 1 1 1 1 1 1
/m/04n65n /music/group_member/instruments_played /m/05148p4 2 1 1 1 0 1
/m/01kx_81 /music/group_member/instruments_played /m/03qjg 2 1 1 1 0 1
/m/01vn35l /music/group_member/instruments_played /m/013y1f 3 1 1 1 0 1
/m/01ww_vs /music/group_member/instruments_played /m/0342h 2 1 1 1 0 1
/m/04kjrv /music/group_member/instruments_played /m/01wy6 7 1 1 1 0 1
/m/0jfx1 /music/group_member/instruments_played /m/0342h 1 1 1 1 1 1
/m/0k7pf /music/group_member/instruments_played /m/05148p4 5 2 1 1 0 0
/m/01271h /music/group_member/instruments_played /m/0342h 7 1 1 1 0 1
/m/0qf3p /music/group_member/instruments_played /m/05148p4 2 1 1 1 0 1
/m/01vw87c /music/group_member/instruments_played /m/0342h 2 1 1 1 0 1
/m/05cljf /music/group_member/instruments_played /m/01vdm0 7 1 1 1 0 1
/m/016s_5 /music/group_member/instruments_played /m/0342h 1 1 1 1 1 1
/m/01tp5bj /music/group_member/instruments_played /m/0l14j_ 5 1 1 1 0 1
/m/0407f /music/group_member/instruments_played /m/03qjg 6 1 1 1 0 1
/m/01vw20_ /music/group_member/instruments_played /m/0gkd1 12 1 0 1 0 1
/m/086qd /music/group_member/instruments_played /m/05r5c 2 2 1 1 0 0
/m/01lvcs1 /music/group_member/instruments_played /m/0l14qv 6 1 1 1 0 1
/m/015mrk /music/group_member/instruments_played /m/05r5c 2 1 1 1 0 1
/m/0bkg4 /music/group_member/instruments_played /m/05148p4 9 1 1 1 0 1
/m/01wmjkb /music/group_member/instruments_played /m/02hnl 5 1 1 1 0 1
/m/05cljf /music/group_member/instruments_played /m/02sgy 19 11 0 0 0 0
/m/015x1f /music/group_member/instruments_played /m/05r5c 2 1 1 1 0 1
/m/01wqflx /music/group_member/instruments_played /m/07xzm 13 8 0 1 0 0
/m/0484q /music/group_member/instruments_played /m/02sgy 2 1 1 1 0 1
/m/01gg59 /music/group_member/instruments_played /m/05kms 14786 14776 0 0 0 0
/m/01gg59 /music/group_member/instruments_played /m/03m5k 7 1 1 1 0 1
/m/02y7sr /music/group_member/instruments_played /m/0l14qv 3 1 1 1 0 1
/m/024zq /music/group_member/instruments_played /m/01xqw 2 1 1 1 0 1
/m/01wmjkb /music/group_member/instruments_played /m/06ncr 2511 2499 0 0 0 0
/m/01w60_p /music/group_member/instruments_played /m/0342h 1 1 1 1 1 1
/m/0191h5 /music/group_member/instruments_played /m/0cfdd 3 1 1 1 0 1
/m/0191h5 /music/group_member/instruments_played /m/0342h 1 1 1 1 1 1
/m/0407f /music/group_member/instruments_played /m/03gvt 1 1 1 1 1 1
/m/01jgkj2 /music/group_member/instruments_played /m/05r5c 4 1 1 1 0 1
/m/03bnv /music/group_member/instruments_played /m/03gvt 1 1 1 1 1 1
/m/0dw3l /music/group_member/instruments_played /m/0342h 3 1 1 1 0 1
/m/0l12d /music/group_member/instruments_played /m/0342h 2 1 1 1 0 1
/m/01vrnsk /music/group_member/instruments_played /m/04rzd 8 1 1 1 0 1
/m/020hh3 /music/group_member/instruments_played /m/0342h 3 1 1 1 0 1
/m/04b7xr /music/group_member/instruments_played /m/05148p4 2 1 1 1 0 1
/m/01sb5r /music/group_member/instruments_played /m/0l14md 6 1 1 1 0 1
/m/012ycy /music/group_member/instruments_played /m/05148p4 3 1 1 1 0 1
/m/01wgjj5 /music/group_member/instruments_played /m/018vs 2 1 1 1 0 1
/m/0ftps /music/group_member/instruments_played /m/05r5c 4 1 1 1 0 1
/m/048tgl /music/group_member/instruments_played /m/0342h 4 1 1 1 0 1
/m/0m2l9 /music/group_member/instruments_played /m/018j2 1 1 1 1 1 1
/m/016kjs /music/group_member/instruments_played /m/018vs 4 3 1 1 0 0
/m/0phx4 /music/group_member/instruments_played /m/05148p4 2 1 1 1 0 1
/m/01p95y0 /music/group_member/instruments_played /m/0gkd1 36 24 0 0 0 0
/m/02qwg /music/group_member/instruments_played /m/06w7v 2 1 1 1 0 1
/m/018phr /music/group_member/instruments_played /m/0342h 1 1 1 1 1 1
/m/0837ql /music/group_member/instruments_played /m/05148p4 3 1 1 1 0 1
/m/014v1q /music/group_member/instruments_played /m/018j2 1 1 1 1 1 1
/m/0f6lx /music/group_member/instruments_played /m/06ncr 1 1 1 1 1 1
/m/0fpjd_g /music/group_member/instruments_played /m/06ch55 6 1 1 1 0 1
/m/01vsqvs /music/group_member/instruments_played /m/03q5t 2766 2764 0 0 0 0
/m/018d6l /music/group_member/instruments_played /m/05r5c 5 1 1 1 0 1
/m/0565cz /music/group_member/instruments_played /m/0342h 2 1 1 1 0 1
/m/01gg59 /music/group_member/instruments_played /m/02fsn 7 1 1 1 0 1
/m/015196 /music/group_member/instruments_played /m/05148p4 5 1 1 1 0 1
/m/0bkg4 /music/group_member/instruments_played /m/05r5c 3 1 1 1 0 1
/m/016z1t /music/group_member/instruments_played /m/0342h 2 1 1 1 0 1
/m/016ntp /music/group_member/instruments_played /m/05r5c 7 1 1 1 0 1
/m/03f0fnk /music/group_member/instruments_played /m/018vs 3 1 1 1 0 1
/m/01vvydl /music/group_member/instruments_played /m/0l14qv 1 1 1 1 1 1
/m/02fn5r /music/group_member/instruments_played /m/02sgy 3 1 1 1 0 1
/m/01wy61y /music/group_member/instruments_played /m/03qjg 4 1 1 1 0 1
/m/01t8399 /music/group_member/instruments_played /m/018vs 3 1 1 1 0 1
/m/0259r0 /music/group_member/instruments_played /m/04rzd 3 1 1 1 0 1
/m/03_f0 /music/group_member/instruments_played /m/013y1f 2 2 1 1 0 0
/m/016s_5 /music/group_member/instruments_played /m/03qjg 3 1 1 1 0 1
/m/016ntp /music/group_member/instruments_played /m/03qjg 5 1 1 1 0 1
/m/01wp8w7 /music/group_member/instruments_played /m/03qlv7 8 1 1 1 0 1
/m/094xh /music/group_member/instruments_played /m/0l14qv 5 1 1 1 0 1
/m/01wx756 /music/group_member/instruments_played /m/0342h 1 1 1 1 1 1
/m/0144l1 /music/group_member/instruments_played /m/02hnl 5 1 1 1 0 1
/m/019389 /music/group_member/instruments_played /m/0gkd1 5 1 1 1 0 1
/m/0ddkf /music/group_member/instruments_played /m/0l14md 1 1 1 1 1 1
/m/01gg59 /music/group_member/instruments_played /m/07gql 7 1 1 1 0 1
/m/01p0vf /music/group_member/instruments_played /m/05r5c 6 1 1 1 0 1
/m/0135xb /music/group_member/instruments_played /m/03qjg 4 1 1 1 0 1
/m/03193l /music/group_member/instruments_played /m/04rzd 6 2 1 1 0 0
/m/01x66d /music/group_member/instruments_played /m/05148p4 4 1 1 1 0 1
/m/02fybl /music/group_member/instruments_played /m/0342h 1 1 1 1 1 1
/m/01vsnff /music/group_member/instruments_played /m/05148p4 4 1 1 1 0 1
/m/063t3j /music/group_member/instruments_played /m/05r5c 2 1 1 1 0 1
/m/01sxd1 /music/group_member/instruments_played /m/05r5c 2 2 1 1 0 0
/m/02rgz4 /music/group_member/instruments_played /m/05r5c 1 1 1 1 1 1
/m/01mxnvc /music/group_member/instruments_played /m/01xqw 2 1 1 1 0 1
/m/01yndb /music/group_member/instruments_played /m/018j2 1 1 1 1 1 1
/m/01vrt_c /music/group_member/instruments_played /m/0342h 1 1 1 1 1 1
/m/095x_ /music/group_member/instruments_played /m/026t6 9 3 1 1 0 0
/m/01sb5r /music/group_member/instruments_played /m/06w7v 14 1 0 1 0 1
/m/0ftqr /music/group_member/instruments_played /m/013y1f 8957 8955 0 0 0 0
/m/01w9wwg /music/group_member/instruments_played /m/05148p4 1 1 1 1 1 1
/m/05y7hc /music/group_member/instruments_played /m/07y_7 1 1 1 1 1 1
/m/03j24kf /music/group_member/instruments_played /m/026t6 4 1 1 1 0 1
/m/06s7rd /music/group_member/instruments_played /m/05r5c 1 1 1 1 1 1
/m/03h502k /music/group_member/instruments_played /m/0342h 2 1 1 1 0 1
/m/01vwbts /music/group_member/instruments_played /m/0342h 1 1 1 1 1 1
/m/032nl2 /music/group_member/instruments_played /m/05r5c 2 1 1 1 0 1
/m/02b25y /music/group_member/instruments_played /m/05148p4 2 1 1 1 0 1
/m/03f1zhf /music/group_member/instruments_played /m/0342h 3 1 1 1 0 1
/m/0ftps /music/group_member/instruments_played /m/05148p4 5 1 1 1 0 1
/m/01n8gr /music/group_member/instruments_played /m/03qjg 2 1 1 1 0 1
/m/01wvxw1 /music/group_member/instruments_played /m/06w7v 7 1 1 1 0 1
/m/02pzc4 /music/group_member/instruments_played /m/02hnl 2 1 1 1 0 1
/m/01nrz4 /music/group_member/instruments_played /m/0342h 1 1 1 1 1 1
/m/01vn0t_ /music/group_member/instruments_played /m/05148p4 4 1 1 1 0 1
/m/023322 /music/group_member/instruments_played /m/02hnl 3 1 1 1 0 1
/m/05cljf /music/group_member/instruments_played /m/01dnws 514 505 0 0 0 0
/m/02pbrn /music/group_member/instruments_played /m/05r5c 1 1 1 1 1 1
/m/050z2 /music/group_member/instruments_played /m/05148p4 4 1 1 1 0 1
/m/01vv7sc /music/group_member/instruments_played /m/018vs 3 1 1 1 0 1
/m/01vtg4q /music/group_member/instruments_played /m/0342h 1 1 1 1 1 1
/m/01jfnvd /music/group_member/instruments_played /m/026t6 1 1 1 1 1 1
/m/01wt4wc /music/group_member/instruments_played /m/018vs 3 1 1 1 0 1
/m/0cm03 /music/group_member/instruments_played /m/0192l 66 66 0 0 0 0
/m/02vr7 /music/group_member/instruments_played /m/0xzly 10 1 1 1 0 1
/m/02vr7 /music/group_member/instruments_played /m/0342h 1 1 1 1 1 1
/m/0gdh5 /music/group_member/instruments_played /m/0l14j_ 4 1 1 1 0 1
/m/016j2t /music/group_member/instruments_played /m/0342h 2 1 1 1 0 1
/m/03h_fqv /music/group_member/instruments_played /m/0342h 3 1 1 1 0 1
/m/01386_ /music/group_member/instruments_played /m/05r5c 3 1 1 1 0 1
/m/01r0t_j /music/group_member/instruments_played /m/01qzyz 5 1 1 1 0 1
/m/02rn_bj /music/group_member/instruments_played /m/042v_gx 8 2 1 1 0 0
/m/01k47c /music/group_member/instruments_played /m/013y1f 6 2 1 1 0 0
/m/0gkg6 /music/group_member/instruments_played /m/05r5c 2 1 1 1 0 1
/m/01sb5r /music/group_member/instruments_played /m/028tv0 16 1 0 1 0 1
/m/0fpj4lx /music/group_member/instruments_played /m/018vs 2 1 1 1 0 1
/m/07zft /music/group_member/instruments_played /m/026t6 3 1 1 1 0 1
/m/01vvydl /music/group_member/instruments_played /m/0cfdd 3 1 1 1 0 1
/m/04vrxh /music/group_member/instruments_played /m/0342h 1 1 1 1 1 1
/m/02y7sr /music/group_member/instruments_played /m/0342h 5 1 1 1 0 1
/m/0h6sv /music/group_member/instruments_played /m/07_l6 1 1 1 1 1 1
/m/012z8_ /music/group_member/instruments_played /m/0l14qv 2 1 1 1 0 1
/m/01pny5 /music/group_member/instruments_played /m/0342h 1 1 1 1 1 1
/m/04n32 /music/group_member/instruments_played /m/07gql 4 3 1 1 0 0
/m/01tv3x2 /music/group_member/instruments_played /m/02hnl 8 3 1 1 0 0
/m/0czkbt /music/group_member/instruments_played /m/0342h 1 1 1 1 1 1
/m/01ydzx /music/group_member/instruments_played /m/018vs 2 1 1 1 0 1
/m/01dhjz /music/group_member/instruments_played /m/06ch55 3 1 1 1 0 1
/m/0dw3l /music/group_member/instruments_played /m/04rzd 5 1 1 1 0 1
/m/01k47c /music/group_member/instruments_played /m/05148p4 2 1 1 1 0 1
/m/0xsk8 /music/group_member/instruments_played /m/018vs 1 1 1 1 1 1
/m/0326tc /music/group_member/instruments_played /m/03ndd 3 1 1 1 0 1
/m/09g0h /music/group_member/instruments_played /m/026t6 1 1 1 1 1 1
/m/01wmjkb /music/group_member/instruments_played /m/03qjg 6 1 1 1 0 1
/m/01wmjkb /music/group_member/instruments_played /m/0342h 11 1 0 1 0 1
/m/04s5_s /music/group_member/instruments_played /m/018vs 5 2 1 1 0 0
/m/016qtt /music/group_member/instruments_played /m/0342h 1 1 1 1 1 1
/m/0147jt /music/group_member/instruments_played /m/05r5c 2 1 1 1 0 1
/m/0ftps /music/group_member/instruments_played /m/0l14qv 2 1 1 1 0 1
/m/02vr7 /music/group_member/instruments_played /m/04rzd 8 1 1 1 0 1
/m/0l12d /music/group_member/instruments_played /m/0l14qv 1 1 1 1 1 1
/m/01vsksr /music/group_member/instruments_played /m/05r5c 4 1 1 1 0 1
/m/032t2z /music/group_member/instruments_played /m/06ncr 8 1 1 1 0 1
/m/0fhxv /music/group_member/instruments_played /m/0342h 2 1 1 1 0 1
/m/0pz91 /music/group_member/instruments_played /m/0342h 1 1 1 1 1 1
/m/01vsy7t /music/group_member/instruments_played /m/06ncr 3 1 1 1 0 1
/m/01vvycq /music/group_member/instruments_played /m/03f5mt 11 1 0 1 0 1
/m/03t852 /music/group_member/instruments_played /m/0342h 2 1 1 1 0 1
/m/025xt8y /music/group_member/instruments_played /m/02hnl 4 1 1 1 0 1
/m/01w3lzq /music/group_member/instruments_played /m/05r5c 2 1 1 1 0 1
/m/01wqpnm /music/group_member/instruments_played /m/018vs 1 1 1 1 1 1
/m/01wj18h /music/group_member/instruments_played /m/0l14md 2 1 1 1 0 1
/m/0pj9t /music/group_member/instruments_played /m/03qjg 3 1 1 1 0 1
/m/018gkb /music/group_member/instruments_played /m/0l14j_ 20 10 0 1 0 0
/m/01w7nww /music/group_member/instruments_played /m/05148p4 2 1 1 1 0 1
/m/0fhxv /music/group_member/instruments_played /m/05kms 7 1 1 1 0 1
/m/0132k4 /music/group_member/instruments_played /m/02fsn 3 1 1 1 0 1
/m/04s5_s /music/group_member/instruments_played /m/048j4l 3 1 1 1 0 1
/m/01vsnff /music/group_member/instruments_played /m/018vs 3 1 1 1 0 1
/m/0k60 /music/group_member/instruments_played /m/0cfdd 3 1 1 1 0 1
/m/02j3d4 /music/group_member/instruments_played /m/04rzd 4 1 1 1 0 1
/m/0407f /music/group_member/instruments_played /m/0l14md 3 1 1 1 0 1
/m/0g7k2g /music/group_member/instruments_played /m/05r5c 1 1 1 1 1 1
/m/0c9d9 /music/group_member/instruments_played /m/05148p4 3 1 1 1 0 1
/m/011lvx /music/group_member/instruments_played /m/07y_7 2 1 1 1 0 1
/m/01vsyjy /music/group_member/instruments_played /m/05148p4 2 1 1 1 0 1
/m/0130sy /music/group_member/instruments_played /m/0342h 2 1 1 1 0 1
/m/016ntp /music/group_member/instruments_played /m/018vs 4 1 1 1 0 1
/m/01mxnvc /music/group_member/instruments_played /m/05r5c 3 1 1 1 0 1
/m/07zft /music/group_member/instruments_played /m/05148p4 6 1 1 1 0 1
/m/024dw0 /music/group_member/instruments_played /m/026t6 1 1 1 1 1 1
/m/016qtt /music/group_member/instruments_played /m/042v_gx 4 1 1 1 0 1
/m/04mn81 /music/group_member/instruments_played /m/0342h 2 1 1 1 0 1
/m/02bc74 /music/group_member/instruments_played /m/02hnl 2 1 1 1 0 1
/m/09qr6 /music/group_member/instruments_played /m/026t6 16 10 0 1 0 0
/m/0kxbc /music/group_member/instruments_played /m/06ncr 7 1 1 1 0 1
/m/016j2t /music/group_member/instruments_played /m/03qjg 5 1 1 1 0 1
/m/09hnb /music/group_member/instruments_played /m/06ch55 5 1 1 1 0 1
/m/023slg /music/group_member/instruments_played /m/018vs 2 1 1 1 0 1
/m/01271h /music/group_member/instruments_played /m/018vs 8 1 1 1 0 1
/m/01h5f8 /music/group_member/instruments_played /m/01hww_ 3 1 1 1 0 1
/m/0ftqr /music/group_member/instruments_played /m/05r5c 2 1 1 1 0 1
/m/0phx4 /music/group_member/instruments_played /m/07y_7 8 1 1 1 0 1
/m/01wcp_g /music/group_member/instruments_played /m/05r5c 1 1 1 1 1 1
/m/01dhjz /music/group_member/instruments_played /m/03t22m 2 1 1 1 0 1
/m/01wj18h /music/group_member/instruments_played /m/02hnl 6 3 1 1 0 0
/m/018gkb /music/group_member/instruments_played /m/018vs 6 1 1 1 0 1
/m/0lzkm /music/group_member/instruments_played /m/0l14qv 3 1 1 1 0 1
/m/0jbyg /music/group_member/instruments_played /m/05r5c 2 1 1 1 0 1
/m/0137g1 /music/group_member/instruments_played /m/03qjg 12 4 0 1 0 0
/m/01v_pj6 /music/group_member/instruments_played /m/02hnl 4 1 1 1 0 1
/m/0frsw /music/group_member/instruments_played /m/02sgy 1 1 1 1 1 1
/m/0478__m /music/group_member/instruments_played /m/05r5c 1 1 1 1 1 1
/m/0168cl /music/group_member/instruments_played /m/07c6l 3 1 1 1 0 1
/m/07z542 /music/group_member/instruments_played /m/06ncr 2 1 1 1 0 1
/m/09r8l /music/group_member/instruments_played /m/018vs 3 1 1 1 0 1
/m/03j24kf /music/group_member/instruments_played /m/0342h 1 1 1 1 1 1
/m/02jg92 /music/group_member/instruments_played /m/05r5c 2 1 1 1 0 1
/m/048tgl /music/group_member/instruments_played /m/018vs 6 1 1 1 0 1
/m/01817f /music/group_member/instruments_played /m/05r5c 2 1 1 1 0 1
/m/01w923 /music/group_member/instruments_played /m/07y_7 8598 8594 0 0 0 0
/m/03h_fk5 /music/group_member/instruments_played /m/05r5c 2 1 1 1 0 1
/m/01wbz9 /music/group_member/instruments_played /m/02hnl 4 1 1 1 0 1
/m/032t2z /music/group_member/instruments_played /m/01xqw 5553 5540 0 0 0 0
/m/02l_7y /music/group_member/instruments_played /m/06w7v 9429 9427 0 0 0 0
/m/01pbs9w /music/group_member/instruments_played /m/05r5c 2 1 1 1 0 1
/m/03f3_p3 /music/group_member/instruments_played /m/05r5c 1 1 1 1 1 1
/m/016s0m /music/group_member/instruments_played /m/01dnws 5 1 1 1 0 1
/m/016ntp /music/group_member/instruments_played /m/07y_7 6 1 1 1 0 1
/m/01tp5bj /music/group_member/instruments_played /m/07y_7 4 1 1 1 0 1
/m/0j1yf /music/group_member/instruments_played /m/03f5mt 3 1 1 1 0 1
/m/01d4cb /music/group_member/instruments_played /m/06w7v 3 1 1 1 0 1
/m/0565cz /music/group_member/instruments_played /m/02fsn 6 1 1 1 0 1
/m/03h502k /music/group_member/instruments_played /m/02hnl 4 1 1 1 0 1
/m/0167v4 /music/group_member/instruments_played /m/03qjg 6 1 1 1 0 1
/m/0k1bs /music/group_member/instruments_played /m/05r5c 4 1 1 1 0 1
/m/0b_j2 /music/group_member/instruments_played /m/0342h 2 1 1 1 0 1
/m/01kph_c /music/group_member/instruments_played /m/05148p4 3 1 1 1 0 1
/m/01k23t /music/group_member/instruments_played /m/0mkg 5 1 1 1 0 1
