/m/05148p4 /music/instrument/instrumentalists /m/01x66d 96 14 0 0 0 0
/m/03qjg /music/instrument/instrumentalists /m/01mr2g6 35 1 0 1 0 1
/m/07xzm /music/instrument/instrumentalists /m/02vr7 5 1 1 1 0 1
/m/05r5c /music/instrument/instrumentalists /m/028qdb 112 15 0 0 0 0
/m/02hnl /music/instrument/instrumentalists /m/0137g1 15 1 0 1 0 1
/m/02hnl /music/instrument/instrumentalists /m/01vng3b 3 1 1 1 0 1
/m/0l14j_ /music/instrument/instrumentalists /m/07z542 7 1 1 1 0 1
/m/07_l6 /music/instrument/instrumentalists /m/016wvy 6 1 1 1 0 1
/m/014zz1 /music/instrument/instrumentalists /m/01t8399 1 1 1 1 1 1
/m/0342h /music/instrument/instrumentalists /m/01hgwkr 155 6 0 1 0 0
/m/0342h /music/instrument/instrumentalists /m/01y_rz 163 6 0 1 0 0
/m/0342h /music/instrument/instrumentalists /m/01693z 161 6 0 1 0 0
/m/02hnl /music/instrument/instrumentalists /m/01gf5h 11 1 0 1 0 1
/m/02hnl /music/instrument/instrumentalists /m/012z8_ 25 1 0 1 0 1
/m/018vs /music/instrument/instrumentalists /m/0285c 89 13 0 0 0 0
/m/0l14md /music/instrument/instrumentalists /m/01vtg4q 21 1 0 1 0 1
/m/0342h /music/instrument/instrumentalists /m/019389 86 5 0 1 0 0
/m/0342h /music/instrument/instrumentalists /m/01wqpnm 79 5 0 1 0 0
/m/0342h /music/instrument/instrumentalists /m/01vrnsk 84 5 0 1 0 0
/m/0342h /music/instrument/instrumentalists /m/0133x7 156 6 0 1 0 0
/m/02bxd /music/instrument/instrumentalists /m/01y_rz 1 1 1 1 1 1
/m/03qjg /music/instrument/instrumentalists /m/0gcs9 16 1 0 1 0 1
/m/07brj /music/instrument/instrumentalists /m/01dw_f 4 1 1 1 0 1
/m/07_l6 /music/instrument/instrumentalists /m/0k4gf 5 1 1 1 0 1
/m/0342h /music/instrument/instrumentalists /m/01l47f5 95 5 0 1 0 0
/m/05148p4 /music/instrument/instrumentalists /m/02vr7 43 1 0 1 0 1
/m/05148p4 /music/instrument/instrumentalists /m/01lvcs1 52 1 0 1 0 1
/m/01vdm0 /music/instrument/instrumentalists /m/0ftqr 8 1 1 1 0 1
/m/02hnl /music/instrument/instrumentalists /m/0fq117k 7 1 1 1 0 1
/m/03gvt /music/instrument/instrumentalists /m/0163r3 14 1 0 1 0 1
/m/018vs /music/instrument/instrumentalists /m/01w5gg6 53 1 0 1 0 1
/m/07_l6 /music/instrument/instrumentalists /m/02cx90 1 1 1 1 1 1
/m/06ncr /music/instrument/instrumentalists /m/015x1f 14 1 0 1 0 1
/m/03t22m /music/instrument/instrumentalists /m/07z542 2 1 1 1 0 1
/m/05r5c /music/instrument/instrumentalists /m/01nkxvx 182 72 0 0 0 0
/m/05r5c /music/instrument/instrumentalists /m/0h6sv 80 1 0 1 0 1
/m/02hnl /music/instrument/instrumentalists /m/0285c 1 1 1 1 1 1
/m/026t6 /music/instrument/instrumentalists /m/03xl77 21 1 0 1 0 1
/m/01v1d8 /music/instrument/instrumentalists /m/02bgmr 4 1 1 1 0 1
/m/05148p4 /music/instrument/instrumentalists /m/01wzlxj 33 1 0 1 0 1
/m/05r5c /music/instrument/instrumentalists /m/026spg 48 1 0 1 0 1
/m/02hnl /music/instrument/instrumentalists /m/0zjpz 12 1 0 1 0 1
/m/0342h /music/instrument/instrumentalists /m/05qw5 186 6 0 1 0 0
/m/0342h /music/instrument/instrumentalists /m/01wg3q 227 25 0 0 0 0
/m/0342h /music/instrument/instrumentalists /m/027hm_ 180 6 0 1 0 0
/m/0342h /music/instrument/instrumentalists /m/01j4ls 76 3 0 1 0 0
/m/0l14qv /music/instrument/instrumentalists /m/01tv3x2 28 1 0 1 0 1
/m/02hnl /music/instrument/instrumentalists /m/01vn35l 16 1 0 1 0 1
/m/018vs /music/instrument/instrumentalists /m/01wdqrx 54 1 0 1 0 1
/m/0l14md /music/instrument/instrumentalists /m/01k_0fp 27 1 0 1 0 1
/m/0342h /music/instrument/instrumentalists /m/01wvxw1 135 6 0 1 0 0
/m/0342h /music/instrument/instrumentalists /m/01wy61y 166 6 0 1 0 0
/m/0342h /music/instrument/instrumentalists /m/025ldg 163 6 0 1 0 0
/m/03qjg /music/instrument/instrumentalists /m/01vsyg9 5 1 1 1 0 1
/m/05r5c /music/instrument/instrumentalists /m/01w9wwg 43 1 0 1 0 1
/m/07gql /music/instrument/instrumentalists /m/06w2sn5 7 1 1 1 0 1
/m/0l14j_ /music/instrument/instrumentalists /m/01k23t 5 1 1 1 0 1
/m/013y1f /music/instrument/instrumentalists /m/01lvcs1 18 1 0 1 0 1
/m/018vs /music/instrument/instrumentalists /m/01wy61y 191 101 0 0 0 0
/m/0342h /music/instrument/instrumentalists /m/0bdxs5 164 6 0 1 0 0
/m/0342h /music/instrument/instrumentalists /m/0jsg0m 148 6 0 1 0 0
/m/0342h /music/instrument/instrumentalists /m/01wmjkb 51 2 0 1 0 0
/m/0342h /music/instrument/instrumentalists /m/01p95y0 105 6 0 1 0 0
/m/05148p4 /music/instrument/instrumentalists /m/012z8_ 40 1 0 1 0 1
/m/0l14qv /music/instrument/instrumentalists /m/017g21 25 1 0 1 0 1
/m/03q5t /music/instrument/instrumentalists /m/01vsqvs 8811 8807 0 0 0 0
/m/05r5c /music/instrument/instrumentalists /m/016ntp 169 62 0 0 0 0
/m/04rzd /music/instrument/instrumentalists /m/05cljf 23 1 0 1 0 1
/m/026t6 /music/instrument/instrumentalists /m/01vvycq 22 1 0 1 0 1
/m/0342h /music/instrument/instrumentalists /m/01nhkxp 151 6 0 1 0 0
/m/0342h /music/instrument/instrumentalists /m/0274ck 169 6 0 1 0 0
/m/0mkg /music/instrument/instrumentalists /m/018pj3 5 1 1 1 0 1
/m/02fsn /music/instrument/instrumentalists /m/0lbj1 5 1 1 1 0 1
/m/03qjg /music/instrument/instrumentalists /m/0137g1 65 20 0 0 0 0
/m/05r5c /music/instrument/instrumentalists /m/01w60_p 34 1 0 1 0 1
/m/05r5c /music/instrument/instrumentalists /m/0lzkm 55 1 0 1 0 1
/m/04rzd /music/instrument/instrumentalists /m/03f5spx 21 1 0 1 0 1
/m/018j2 /music/instrument/instrumentalists /m/02qx5h 5377 5355 0 0 0 0
/m/06w7v /music/instrument/instrumentalists /m/02l_7y 12439 12429 0 0 0 0
/m/0342h /music/instrument/instrumentalists /m/04kjrv 118 6 0 1 0 0
/m/01hww_ /music/instrument/instrumentalists /m/01p95y0 1 1 1 1 1 1
/m/05148p4 /music/instrument/instrumentalists /m/01xzb6 19 1 0 1 0 1
/m/07xzm /music/instrument/instrumentalists /m/01wp8w7 5 1 1 1 0 1
/m/07gql /music/instrument/instrumentalists /m/04n32 9 2 1 1 0 0
/m/026t6 /music/instrument/instrumentalists /m/09qr6 198 146 0 0 0 0
/m/018j2 /music/instrument/instrumentalists /m/04m2zj 13 1 0 1 0 1
/m/02sgy /music/instrument/instrumentalists /m/0161c2 12 1 0 1 0 1
/m/0342h /music/instrument/instrumentalists /m/01wdcxk 114 6 0 1 0 0
/m/0342h /music/instrument/instrumentalists /m/0pgjm 238 29 0 0 0 0
/m/0342h /music/instrument/instrumentalists /m/015196 103 6 0 1 0 0
/m/02fsn /music/instrument/instrumentalists /m/024zq 2 1 1 1 0 1
/m/05148p4 /music/instrument/instrumentalists /m/057xn_m 45 1 0 1 0 1
/m/05r5c /music/instrument/instrumentalists /m/0fpjd_g 57 1 0 1 0 1
/m/01xqw /music/instrument/instrumentalists /m/01vsyjy 4 1 1 1 0 1
/m/026t6 /music/instrument/instrumentalists /m/0161c2 39 1 0 1 0 1
/m/018j2 /music/instrument/instrumentalists /m/02fn5r 1 1 1 1 1 1
/m/01wy6 /music/instrument/instrumentalists /m/0146pg 3 1 1 1 0 1
/m/018vs /music/instrument/instrumentalists /m/02whj 32 1 0 1 0 1
/m/0342h /music/instrument/instrumentalists /m/013423 167 6 0 1 0 0
/m/0342h /music/instrument/instrumentalists /m/017g21 140 6 0 1 0 0
/m/05148p4 /music/instrument/instrumentalists /m/015196 156 67 0 0 0 0
/m/0l14qv /music/instrument/instrumentalists /m/0jn5l 29 1 0 1 0 1
/m/0l14qv /music/instrument/instrumentalists /m/01mr2g6 31 1 0 1 0 1
/m/05r5c /music/instrument/instrumentalists /m/0b_j2 24 1 0 1 0 1
/m/042v_gx /music/instrument/instrumentalists /m/03gr7w 4 1 1 1 0 1
/m/02hnl /music/instrument/instrumentalists /m/01wzlxj 32 1 0 1 0 1
/m/07gql /music/instrument/instrumentalists /m/01m3x5p 2 1 1 1 0 1
/m/013y1f /music/instrument/instrumentalists /m/053y0s 2 1 1 1 0 1
/m/013y1f /music/instrument/instrumentalists /m/0b_j2 8 1 1 1 0 1
/m/07_l6 /music/instrument/instrumentalists /m/03_f0 4 1 1 1 0 1
/m/048j4l /music/instrument/instrumentalists /m/0kzy0 1 1 1 1 1 1
/m/0342h /music/instrument/instrumentalists /m/03bnv 32 2 0 1 0 0
/m/0342h /music/instrument/instrumentalists /m/01vrt_c 553 328 0 0 0 0
/m/0cfdd /music/instrument/instrumentalists /m/01vw_dv 2 1 1 1 0 1
/m/05148p4 /music/instrument/instrumentalists /m/024qwq 65 1 0 1 0 1
/m/0gkd1 /music/instrument/instrumentalists /m/01p95y0 49 41 0 0 0 0
/m/05r5c /music/instrument/instrumentalists /m/03f0fnk 45 1 0 1 0 1
/m/05r5c /music/instrument/instrumentalists /m/086qd 580 457 0 0 0 0
/m/05r5c /music/instrument/instrumentalists /m/0p7h7 55 1 0 1 0 1
/m/05r5c /music/instrument/instrumentalists /m/01ydzx 50 1 0 1 0 1
/m/05r5c /music/instrument/instrumentalists /m/0132k4 212 101 0 0 0 0
/m/026t6 /music/instrument/instrumentalists /m/01wd9lv 31 1 0 1 0 1
/m/013y1f /music/instrument/instrumentalists /m/01k47c 29 10 0 1 0 0
/m/02k84w /music/instrument/instrumentalists /m/082brv 5 1 1 1 0 1
/m/07y_7 /music/instrument/instrumentalists /m/043d4 6 1 1 1 0 1
/m/018vs /music/instrument/instrumentalists /m/03bnv 3 1 1 1 0 1
/m/018vs /music/instrument/instrumentalists /m/018x3 102 20 0 0 0 0
/m/0l14md /music/instrument/instrumentalists /m/01p95y0 55 16 0 0 0 0
/m/02k856 /music/instrument/instrumentalists /m/0565cz 2 1 1 1 0 1
/m/05148p4 /music/instrument/instrumentalists /m/0lbj1 29 1 0 1 0 1
/m/05148p4 /music/instrument/instrumentalists /m/01z9_x 47 1 0 1 0 1
/m/042v_gx /music/instrument/instrumentalists /m/03xnq9_ 6 1 1 1 0 1
/m/06w7v /music/instrument/instrumentalists /m/02pt27 9 1 1 1 0 1
/m/018vs /music/instrument/instrumentalists /m/027dpx 58 1 0 1 0 1
/m/018vs /music/instrument/instrumentalists /m/01271h 82 8 0 1 0 0
/m/0342h /music/instrument/instrumentalists /m/050z2 100 6 0 1 0 0
/m/05148p4 /music/instrument/instrumentalists /m/028qdb 102 19 0 0 0 0
/m/03qjg /music/instrument/instrumentalists /m/02b25y 143 96 0 0 0 0
/m/02pprs /music/instrument/instrumentalists /m/0f0y8 1 1 1 1 1 1
/m/05r5c /music/instrument/instrumentalists /m/02_t2t 56 1 0 1 0 1
/m/02hnl /music/instrument/instrumentalists /m/018gkb 18 1 0 1 0 1
/m/0l14md /music/instrument/instrumentalists /m/02s2wq 19 1 0 1 0 1
/m/0342h /music/instrument/instrumentalists /m/016z1t 201 10 0 1 0 0
/m/018j2 /music/instrument/instrumentalists /m/01l7qw 19 1 0 1 0 1
/m/018vs /music/instrument/instrumentalists /m/03j24kf 4 1 1 1 0 1
/m/018vs /music/instrument/instrumentalists /m/0g824 37 1 0 1 0 1
/m/0l14md /music/instrument/instrumentalists /m/0pkyh 25 1 0 1 0 1
/m/0342h /music/instrument/instrumentalists /m/019g40 308 90 0 0 0 0
/m/06ch55 /music/instrument/instrumentalists /m/01p7b6b 3 1 1 1 0 1
/m/05148p4 /music/instrument/instrumentalists /m/01vvydl 55 1 0 1 0 1
/m/05148p4 /music/instrument/instrumentalists /m/017f4y 32 1 0 1 0 1
/m/05148p4 /music/instrument/instrumentalists /m/07_3qd 61 1 0 1 0 1
/m/0l14qv /music/instrument/instrumentalists /m/0135xb 164 126 0 0 0 0
/m/07xzm /music/instrument/instrumentalists /m/01wqflx 9 4 1 1 0 0
/m/018vs /music/instrument/instrumentalists /m/01tv3x2 47 1 0 1 0 1
/m/0jtg0 /music/instrument/instrumentalists /m/0137g1 3 1 1 1 0 1
/m/0342h /music/instrument/instrumentalists /m/016h4r 98 6 0 1 0 0
/m/03q5t /music/instrument/instrumentalists /m/01vsy3q 2 1 1 1 0 1
/m/07xzm /music/instrument/instrumentalists /m/03qmj9 5 1 1 1 0 1
/m/05r5c /music/instrument/instrumentalists /m/02p2zq 55 1 0 1 0 1
/m/01xqw /music/instrument/instrumentalists /m/032t2z 1748 1740 0 0 0 0
/m/026t6 /music/instrument/instrumentalists /m/01v3s2_ 49 1 0 1 0 1
/m/013y1f /music/instrument/instrumentalists /m/01p95y0 12 1 0 1 0 1
/m/06w7v /music/instrument/instrumentalists /m/04kjrv 9 1 1 1 0 1
/m/02sgy /music/instrument/instrumentalists /m/01vsy3q 3 1 1 1 0 1
/m/01s0ps /music/instrument/instrumentalists /m/09hnb 1 1 1 1 1 1
/m/07xzm /music/instrument/instrumentalists /m/0259r0 3 1 1 1 0 1
/m/05r5c /music/instrument/instrumentalists /m/01s7ns 69 1 0 1 0 1
/m/01xqw /music/instrument/instrumentalists /m/01t110 5 1 1 1 0 1
/m/02w3w /music/instrument/instrumentalists /m/02cx90 1 1 1 1 1 1
/m/03qlv7 /music/instrument/instrumentalists /m/01ky2h 4 1 1 1 0 1
/m/018vs /music/instrument/instrumentalists /m/01wf86y 61 1 0 1 0 1
/m/0342h /music/instrument/instrumentalists /m/01mxnvc 145 6 0 1 0 0
/m/0gghm /music/instrument/instrumentalists /m/016s_5 5 1 1 1 0 1
/m/05148p4 /music/instrument/instrumentalists /m/02p2zq 38 1 0 1 0 1
/m/05148p4 /music/instrument/instrumentalists /m/024dw0 48 1 0 1 0 1
/m/05r5c /music/instrument/instrumentalists /m/0ftps 99 5 0 1 0 0
/m/05r5c /music/instrument/instrumentalists /m/01rwcgb 75 1 0 1 0 1
/m/05r5c /music/instrument/instrumentalists /m/01p0w_ 43 1 0 1 0 1
/m/02hnl /music/instrument/instrumentalists /m/01nn6c 25 1 0 1 0 1
/m/026t6 /music/instrument/instrumentalists /m/03c7ln 28 1 0 1 0 1
/m/0342h /music/instrument/instrumentalists /m/02jg92 164 6 0 1 0 0
/m/0342h /music/instrument/instrumentalists /m/0417z2 190 6 0 1 0 0
/m/05r5c /music/instrument/instrumentalists /m/0kvjrw 77 1 0 1 0 1
/m/05r5c /music/instrument/instrumentalists /m/01z9_x 105 11 0 0 0 0
/m/05r5c /music/instrument/instrumentalists /m/01l4g5 64 1 0 1 0 1
/m/026t6 /music/instrument/instrumentalists /m/095x_ 125 74 0 0 0 0
/m/018vs /music/instrument/instrumentalists /m/04vrxh 49 1 0 1 0 1
/m/018vs /music/instrument/instrumentalists /m/01vsyjy 1 1 1 1 1 1
/m/0bxl5 /music/instrument/instrumentalists /m/07r4c 1 1 1 1 1 1
/m/0342h /music/instrument/instrumentalists /m/01wwvc5 34 2 0 1 0 0
/m/05148p4 /music/instrument/instrumentalists /m/0ftps 83 6 0 1 0 0
/m/05148p4 /music/instrument/instrumentalists /m/0232lm 272 175 0 0 0 0
/m/03qjg /music/instrument/instrumentalists /m/01vvycq 24 1 0 1 0 1
/m/05r5c /music/instrument/instrumentalists /m/01jgkj2 151 46 0 0 0 0
/m/05r5c /music/instrument/instrumentalists /m/03ryks 59 1 0 1 0 1
/m/05r5c /music/instrument/instrumentalists /m/05y7hc 75 1 0 1 0 1
/m/02hnl /music/instrument/instrumentalists /m/01mxnvc 16 1 0 1 0 1
/m/02hnl /music/instrument/instrumentalists /m/01s1zk 258 212 0 0 0 0
/m/026t6 /music/instrument/instrumentalists /m/015x1f 38 1 0 1 0 1
/m/0jtg0 /music/instrument/instrumentalists /m/05cljf 5 1 1 1 0 1
/m/02k856 /music/instrument/instrumentalists /m/02l_7y 4 1 1 1 0 1
/m/0342h /music/instrument/instrumentalists /m/02vcp0 108 6 0 1 0 0
/m/06ch55 /music/instrument/instrumentalists /m/04zwjd 3 1 1 1 0 1
/m/03qjg /music/instrument/instrumentalists /m/036px 39 1 0 1 0 1
/m/02hnl /music/instrument/instrumentalists /m/01xzb6 15 1 0 1 0 1
/m/02hnl /music/instrument/instrumentalists /m/03f1zhf 14 1 0 1 0 1
/m/028tv0 /music/instrument/instrumentalists /m/01sb5r 6 6 1 1 0 0
/m/05kms /music/instrument/instrumentalists /m/04mky3 1 1 1 1 1 1
/m/0l14md /music/instrument/instrumentalists /m/015882 24 1 0 1 0 1
/m/02k856 /music/instrument/instrumentalists /m/082brv 1 1 1 1 1 1
/m/0342h /music/instrument/instrumentalists /m/0dw3l 121 6 0 1 0 0
/m/0342h /music/instrument/instrumentalists /m/0140t7 65 2 0 1 0 0
/m/0342h /music/instrument/instrumentalists /m/02fybl 228 25 0 0 0 0
/m/02sgy /music/instrument/instrumentalists /m/02fn5r 13 1 0 1 0 1
/m/02sgy /music/instrument/instrumentalists /m/05cljf 109 95 0 0 0 0
/m/0jtg0 /music/instrument/instrumentalists /m/0pj8m 1 1 1 1 1 1
/m/0dwr4 /music/instrument/instrumentalists /m/01p0vf 2 1 1 1 0 1
/m/05148p4 /music/instrument/instrumentalists /m/07g2v 55 1 0 1 0 1
/m/05148p4 /music/instrument/instrumentalists /m/0bkg4 76 2 0 1 0 0
/m/0l14qv /music/instrument/instrumentalists /m/01ww_vs 14 1 0 1 0 1
/m/05r5c /music/instrument/instrumentalists /m/06tp4h 73 1 0 1 0 1
/m/04rzd /music/instrument/instrumentalists /m/01lmj3q 2 1 1 1 0 1
/m/01v1d8 /music/instrument/instrumentalists /m/0k60 4 1 1 1 0 1
/m/018vs /music/instrument/instrumentalists /m/06rgq 38 1 0 1 0 1
/m/0l14md /music/instrument/instrumentalists /m/03qmj9 34 1 0 1 0 1
/m/07xzm /music/instrument/instrumentalists /m/01vsyjy 5 1 1 1 0 1
/m/02hnl /music/instrument/instrumentalists /m/01mr2g6 29 1 0 1 0 1
/m/02hnl /music/instrument/instrumentalists /m/02mx98 28 1 0 1 0 1
/m/026t6 /music/instrument/instrumentalists /m/03f5spx 25 1 0 1 0 1
/m/018j2 /music/instrument/instrumentalists /m/03c7ln 3 1 1 1 0 1
/m/03gvt /music/instrument/instrumentalists /m/032t2z 10 1 1 1 0 1
/m/018vs /music/instrument/instrumentalists /m/02y7sr 22 1 0 1 0 1
/m/06ncr /music/instrument/instrumentalists /m/0132k4 13 1 0 1 0 1
/m/0342h /music/instrument/instrumentalists /m/0f_y9 179 6 0 1 0 0
/m/04rzd /music/instrument/instrumentalists /m/03193l 29 3 0 1 0 0
/m/04rzd /music/instrument/instrumentalists /m/01wmjkb 21 1 0 1 0 1
/m/02hnl /music/instrument/instrumentalists /m/01wdqrx 21 1 0 1 0 1
/m/01xqw /music/instrument/instrumentalists /m/04f7c55 5 1 1 1 0 1
/m/02fsn /music/instrument/instrumentalists /m/0dw3l 9 1 1 1 0 1
/m/03qjg /music/instrument/instrumentalists /m/01tw31 31 1 0 1 0 1
/m/04rzd /music/instrument/instrumentalists /m/01vsnff 17 1 0 1 0 1
/m/06ncr /music/instrument/instrumentalists /m/02b25y 14 1 0 1 0 1
/m/0342h /music/instrument/instrumentalists /m/03j1p2n 170 6 0 1 0 0
/m/0342h /music/instrument/instrumentalists /m/01vng3b 128 6 0 1 0 0
/m/0342h /music/instrument/instrumentalists /m/0k1bs 147 6 0 1 0 0
/m/05148p4 /music/instrument/instrumentalists /m/01l47f5 58 1 0 1 0 1
/m/04rzd /music/instrument/instrumentalists /m/01vn35l 16 1 0 1 0 1
/m/02hnl /music/instrument/instrumentalists /m/01v_pj6 87 45 0 0 0 0
/m/02hnl /music/instrument/instrumentalists /m/01nqfh_ 31 1 0 1 0 1
/m/02hnl /music/instrument/instrumentalists /m/017f4y 15 1 0 1 0 1
/m/013y1f /music/instrument/instrumentalists /m/0k4gf 16 1 0 1 0 1
/m/0342h /music/instrument/instrumentalists /m/016jfw 217 22 0 0 0 0
/m/0mkg /music/instrument/instrumentalists /m/03f7m4h 4232 4225 0 0 0 0
