/m/0151b0 /music/performance_role/track_performances./music/track_contribution/role /m/03q5t 16 1 0 1 0 1
/m/0151b0 /music/performance_role/track_performances./music/track_contribution/role /m/02sgy 5 1 1 1 0 1
/m/07m2y /music/performance_role/track_performances./music/track_contribution/role /m/0mkg 9 1 1 1 0 1
/m/03qjg /music/performance_role/track_performances./music/track_contribution/role /m/01qzyz 24 1 0 1 0 1
/m/0bmnm /music/performance_role/track_performances./music/track_contribution/role /m/03qjg 10 1 1 1 0 1
/m/023r2x /music/performance_role/track_performances./music/track_contribution/role /m/0342h 7 1 1 1 0 1
/m/02hnl /music/performance_role/track_performances./music/track_contribution/role /m/02fsn 18 1 0 1 0 1
/m/013y1f /music/performance_role/track_performances./music/track_contribution/role /m/0680x0 40 1 0 1 0 1
/m/0l1589 /music/performance_role/track_performances./music/track_contribution/role /m/05r5c 9 1 1 1 0 1
/m/0l1589 /music/performance_role/track_performances./music/track_contribution/role /m/018j2 17 1 0 1 0 1
/m/02k84w /music/performance_role/track_performances./music/track_contribution/role /m/018vs 22 3 0 1 0 0
/m/01v1d8 /music/performance_role/track_performances./music/track_contribution/role /m/01vnt4 30 1 0 1 0 1
/m/02sgy /music/performance_role/track_performances./music/track_contribution/role /m/01qzyz 84 9 0 1 0 0
/m/01qbl /music/performance_role/track_performances./music/track_contribution/role /m/02qjv 13 1 0 1 0 1
/m/01qbl /music/performance_role/track_performances./music/track_contribution/role /m/02sgy 6 1 1 1 0 1
/m/0l14md /music/performance_role/track_performances./music/track_contribution/role /m/07gql 75 21 0 0 0 0
/m/05842k /music/performance_role/track_performances./music/track_contribution/role /m/01399x 36 1 0 1 0 1
/m/0bxl5 /music/performance_role/track_performances./music/track_contribution/role /m/01679d 15 1 0 1 0 1
/m/01qzyz /music/performance_role/track_performances./music/track_contribution/role /m/01vdm0 12 1 0 1 0 1
/m/021bmf /music/performance_role/track_performances./music/track_contribution/role /m/0l14j_ 7 1 1 1 0 1
/m/0dwtp /music/performance_role/track_performances./music/track_contribution/role /m/0dwsp 20 1 0 1 0 1
/m/02bxd /music/performance_role/track_performances./music/track_contribution/role /m/0859_ 8 1 1 1 0 1
/m/0680x0 /music/performance_role/track_performances./music/track_contribution/role /m/0dwtp 9 1 1 1 0 1
/m/0gkd1 /music/performance_role/track_performances./music/track_contribution/role /m/03bx0bm 3 1 1 1 0 1
/m/0l14qv /music/performance_role/track_performances./music/track_contribution/role /m/018vs 7 1 1 1 0 1
/m/01vdm0 /music/performance_role/track_performances./music/track_contribution/role /m/07kc_ 48 2 0 1 0 0
/m/01xqw /music/performance_role/track_performances./music/track_contribution/role /m/0myk8 20 1 0 1 0 1
/m/0l14j_ /music/performance_role/track_performances./music/track_contribution/role /m/07gql 19 1 0 1 0 1
/m/07y_7 /music/performance_role/track_performances./music/track_contribution/role /m/042v_gx 8 1 1 1 0 1
/m/050rj /music/performance_role/track_performances./music/track_contribution/role /m/07y_7 16 4 0 1 0 0
/m/0l14md /music/performance_role/track_performances./music/track_contribution/role /m/018j2 24 1 0 1 0 1
/m/01s0ps /music/performance_role/track_performances./music/track_contribution/role /m/02sgy 10 1 1 1 0 1
/m/06ncr /music/performance_role/track_performances./music/track_contribution/role /m/05kms 71 31 0 0 0 0
/m/06w87 /music/performance_role/track_performances./music/track_contribution/role /m/05842k 11 1 0 1 0 1
/m/0319l /music/performance_role/track_performances./music/track_contribution/role /m/0gkd1 19 1 0 1 0 1
/m/07kc_ /music/performance_role/track_performances./music/track_contribution/role /m/018vs 4 1 1 1 0 1
/m/0l14qv /music/performance_role/track_performances./music/track_contribution/role /m/01wy6 31 1 0 1 0 1
/m/051hrr /music/performance_role/track_performances./music/track_contribution/role /m/01v1d8 8 1 1 1 0 1
/m/02pprs /music/performance_role/track_performances./music/track_contribution/role /m/0214km 23 1 0 1 0 1
/m/01vdm0 /music/performance_role/track_performances./music/track_contribution/role /m/0dwvl 56 2 0 1 0 0
/m/01vdm0 /music/performance_role/track_performances./music/track_contribution/role /m/0bxl5 11 1 0 1 0 1
/m/0myk8 /music/performance_role/track_performances./music/track_contribution/role /m/042v_gx 22 9 0 1 0 0
/m/0bm02 /music/performance_role/track_performances./music/track_contribution/role /m/02dlh2 19 6 0 1 0 0
/m/02sgy /music/performance_role/track_performances./music/track_contribution/role /m/02w3w 54 4 0 1 0 0
/m/05842k /music/performance_role/track_performances./music/track_contribution/role /m/07xzm 22 1 0 1 0 1
/m/05842k /music/performance_role/track_performances./music/track_contribution/role /m/042v_gx 10 1 1 1 0 1
/m/01s0ps /music/performance_role/track_performances./music/track_contribution/role /m/06w7v 21 1 0 1 0 1
/m/04q7r /music/performance_role/track_performances./music/track_contribution/role /m/01rhl 10 1 1 1 0 1
/m/06ncr /music/performance_role/track_performances./music/track_contribution/role /m/0l14j_ 2 1 1 1 0 1
/m/0342h /music/performance_role/track_performances./music/track_contribution/role /m/025cbm 75 5 0 1 0 0
/m/0dwr4 /music/performance_role/track_performances./music/track_contribution/role /m/0l14qv 6 1 1 1 0 1
/m/0dwr4 /music/performance_role/track_performances./music/track_contribution/role /m/018vs 5 1 1 1 0 1
/m/0mkg /music/performance_role/track_performances./music/track_contribution/role /m/01s0ps 16 1 0 1 0 1
/m/01vj9c /music/performance_role/track_performances./music/track_contribution/role /m/03q5t 58 5 0 1 0 0
/m/0680x0 /music/performance_role/track_performances./music/track_contribution/role /m/018j2 10 1 1 1 0 1
/m/026g73 /music/performance_role/track_performances./music/track_contribution/role /m/0l14j_ 12 1 0 1 0 1
/m/03qjg /music/performance_role/track_performances./music/track_contribution/role /m/01wy6 23 1 0 1 0 1
/m/0859_ /music/performance_role/track_performances./music/track_contribution/role /m/0g2ff 11 1 0 1 0 1
/m/0mbct /music/performance_role/track_performances./music/track_contribution/role /m/014zz1 18 1 0 1 0 1
/m/042v_gx /music/performance_role/track_performances./music/track_contribution/role /m/05148p4 5 1 1 1 0 1
/m/06w7v /music/performance_role/track_performances./music/track_contribution/role /m/05r5c 3 1 1 1 0 1
/m/07brj /music/performance_role/track_performances./music/track_contribution/role /m/0l14qv 7 1 1 1 0 1
/m/06ncr /music/performance_role/track_performances./music/track_contribution/role /m/07c6l 21 1 0 1 0 1
/m/0342h /music/performance_role/track_performances./music/track_contribution/role /m/02dlh2 58 3 0 1 0 0
/m/01vj9c /music/performance_role/track_performances./music/track_contribution/role /m/03t22m 67 5 0 1 0 0
/m/0xzly /music/performance_role/track_performances./music/track_contribution/role /m/0dwt5 12 1 0 1 0 1
/m/0l14qv /music/performance_role/track_performances./music/track_contribution/role /m/020w2 92 21 0 0 0 0
/m/0l14qv /music/performance_role/track_performances./music/track_contribution/role /m/03qlv7 73 6 0 1 0 0
/m/02w4b /music/performance_role/track_performances./music/track_contribution/role /m/02hnl 4 1 1 1 0 1
/m/07xzm /music/performance_role/track_performances./music/track_contribution/role /m/06w7v 13 1 0 1 0 1
/m/05r5c /music/performance_role/track_performances./music/track_contribution/role /m/07brj 14 2 0 1 0 0
/m/04rzd /music/performance_role/track_performances./music/track_contribution/role /m/0l15bq 24 1 0 1 0 1
/m/01xqw /music/performance_role/track_performances./music/track_contribution/role /m/0680x0 19 1 0 1 0 1
/m/03gvt /music/performance_role/track_performances./music/track_contribution/role /m/0979zs 31 1 0 1 0 1
/m/01v1d8 /music/performance_role/track_performances./music/track_contribution/role /m/0cfdd 20 1 0 1 0 1
/m/03qlv7 /music/performance_role/track_performances./music/track_contribution/role /m/01vj9c 12 1 0 1 0 1
/m/07y_7 /music/performance_role/track_performances./music/track_contribution/role /m/050rj 55 15 0 0 0 0
/m/07y_7 /music/performance_role/track_performances./music/track_contribution/role /m/014zz1 31 1 0 1 0 1
/m/02g9p4 /music/performance_role/track_performances./music/track_contribution/role /m/0342h 1 1 1 1 1 1
/m/0dq630k /music/performance_role/track_performances./music/track_contribution/role /m/018j2 5 1 1 1 0 1
/m/0dq630k /music/performance_role/track_performances./music/track_contribution/role /m/02k856 27 11 0 0 0 0
/m/02sgy /music/performance_role/track_performances./music/track_contribution/role /m/011_6p 61 4 0 1 0 0
/m/0dwt5 /music/performance_role/track_performances./music/track_contribution/role /m/05ljv7 31 1 0 1 0 1
/m/05842k /music/performance_role/track_performances./music/track_contribution/role /m/0dq630k 36 1 0 1 0 1
/m/07brj /music/performance_role/track_performances./music/track_contribution/role /m/0239kh 27 1 0 1 0 1
/m/01s0ps /music/performance_role/track_performances./music/track_contribution/role /m/018vs 4 1 1 1 0 1
/m/07c6l /music/performance_role/track_performances./music/track_contribution/role /m/03qlv7 15 1 0 1 0 1
/m/0gghm /music/performance_role/track_performances./music/track_contribution/role /m/01rhl 20 1 0 1 0 1
/m/03qjg /music/performance_role/track_performances./music/track_contribution/role /m/0bxl5 15 1 0 1 0 1
/m/05r5c /music/performance_role/track_performances./music/track_contribution/role /m/01679d 60 4 0 1 0 0
/m/042v_gx /music/performance_role/track_performances./music/track_contribution/role /m/01rhl 41 1 0 1 0 1
/m/02k84w /music/performance_role/track_performances./music/track_contribution/role /m/02sgy 1 1 1 1 1 1
/m/0g2dz /music/performance_role/track_performances./music/track_contribution/role /m/0l14md 6 1 1 1 0 1
/m/0l14md /music/performance_role/track_performances./music/track_contribution/role /m/01v1d8 21 1 0 1 0 1
/m/05842k /music/performance_role/track_performances./music/track_contribution/role /m/02fsn 21 1 0 1 0 1
/m/0214km /music/performance_role/track_performances./music/track_contribution/role /m/03qlv7 2 1 1 1 0 1
/m/07c6l /music/performance_role/track_performances./music/track_contribution/role /m/0214km 24 1 0 1 0 1
/m/0dwtp /music/performance_role/track_performances./music/track_contribution/role /m/0dwt5 16 1 0 1 0 1
/m/01vj9c /music/performance_role/track_performances./music/track_contribution/role /m/01dnws 30 3 0 1 0 0
/m/0319l /music/performance_role/track_performances./music/track_contribution/role /m/02sgy 12 1 0 1 0 1
/m/0dwsp /music/performance_role/track_performances./music/track_contribution/role /m/026t6 36 4 0 1 0 0
/m/07m2y /music/performance_role/track_performances./music/track_contribution/role /m/01vj9c 13 1 0 1 0 1
/m/02qjv /music/performance_role/track_performances./music/track_contribution/role /m/02sgy 6 1 1 1 0 1
/m/02hnl /music/performance_role/track_performances./music/track_contribution/role /m/018j2 16 1 0 1 0 1
/m/01p970 /music/performance_role/track_performances./music/track_contribution/role /m/07_l6 15 1 0 1 0 1
/m/013y1f /music/performance_role/track_performances./music/track_contribution/role /m/02fsn 28 1 0 1 0 1
/m/0395lw /music/performance_role/track_performances./music/track_contribution/role /m/0l15bq 17 1 0 1 0 1
/m/01vnt4 /music/performance_role/track_performances./music/track_contribution/role /m/07brj 10 1 1 1 0 1
/m/0dwt5 /music/performance_role/track_performances./music/track_contribution/role /m/01qbl 23 1 0 1 0 1
/m/0dwt5 /music/performance_role/track_performances./music/track_contribution/role /m/050rj 31 1 0 1 0 1
/m/07brj /music/performance_role/track_performances./music/track_contribution/role /m/025cbm 45 1 0 1 0 1
/m/0342h /music/performance_role/track_performances./music/track_contribution/role /m/0979zs 76 5 0 1 0 0
/m/0342h /music/performance_role/track_performances./music/track_contribution/role /m/0g2ff 92 8 0 1 0 0
/m/01w4c9 /music/performance_role/track_performances./music/track_contribution/role /m/05842k 38 20 0 0 0 0
/m/0dwtp /music/performance_role/track_performances./music/track_contribution/role /m/03qjg 9 1 1 1 0 1
/m/02bxd /music/performance_role/track_performances./music/track_contribution/role /m/07_l6 13 1 0 1 0 1
/m/0680x0 /music/performance_role/track_performances./music/track_contribution/role /m/01kcd 7 1 1 1 0 1
/m/026g73 /music/performance_role/track_performances./music/track_contribution/role /m/0l14qv 7 1 1 1 0 1
/m/03qjg /music/performance_role/track_performances./music/track_contribution/role /m/01679d 39 1 0 1 0 1
/m/0l15bq /music/performance_role/track_performances./music/track_contribution/role /m/0gkd1 14 1 0 1 0 1
/m/05r5c /music/performance_role/track_performances./music/track_contribution/role /m/01wy6 55 4 0 1 0 0
/m/01vdm0 /music/performance_role/track_performances./music/track_contribution/role /m/0979zs 67 2 0 1 0 0
/m/01xqw /music/performance_role/track_performances./music/track_contribution/role /m/05148p4 3 1 1 1 0 1
/m/0l14j_ /music/performance_role/track_performances./music/track_contribution/role /m/07y_7 14 1 0 1 0 1
/m/013y1f /music/performance_role/track_performances./music/track_contribution/role /m/016622 72 16 0 0 0 0
/m/0bm02 /music/performance_role/track_performances./music/track_contribution/role /m/013y1f 8 1 1 1 0 1
/m/016622 /music/performance_role/track_performances./music/track_contribution/role /m/013y1f 28 10 0 1 0 0
/m/0g2dz /music/performance_role/track_performances./music/track_contribution/role /m/0395lw 7 1 1 1 0 1
/m/0395lw /music/performance_role/track_performances./music/track_contribution/role /m/0xzly 55 5 0 1 0 0
/m/05842k /music/performance_role/track_performances./music/track_contribution/role /m/02g9p4 33 1 0 1 0 1
/m/07brj /music/performance_role/track_performances./music/track_contribution/role /m/01rhl 38 1 0 1 0 1
/m/07_l6 /music/performance_role/track_performances./music/track_contribution/role /m/0mkg 15 1 0 1 0 1
/m/01bns_ /music/performance_role/track_performances./music/track_contribution/role /m/05842k 16 1 0 1 0 1
/m/06ncr /music/performance_role/track_performances./music/track_contribution/role /m/0l14qv 52 14 0 0 0 0
/m/01vj9c /music/performance_role/track_performances./music/track_contribution/role /m/02pprs 59 5 0 1 0 0
/m/0319l /music/performance_role/track_performances./music/track_contribution/role /m/0680x0 20 1 0 1 0 1
/m/0dwsp /music/performance_role/track_performances./music/track_contribution/role /m/0l14md 31 1 0 1 0 1
/m/0gkd1 /music/performance_role/track_performances./music/track_contribution/role /m/0dwt5 18 1 0 1 0 1
/m/0l15bq /music/performance_role/track_performances./music/track_contribution/role /m/01rhl 31 1 0 1 0 1
/m/0859_ /music/performance_role/track_performances./music/track_contribution/role /m/01vdm0 9 1 1 1 0 1
/m/07gql /music/performance_role/track_performances./music/track_contribution/role /m/06ncr 4 1 1 1 0 1
/m/0979zs /music/performance_role/track_performances./music/track_contribution/role /m/03m5k 7 1 1 1 0 1
/m/026t6 /music/performance_role/track_performances./music/track_contribution/role /m/07kc_ 41 1 0 1 0 1
/m/01rhl /music/performance_role/track_performances./music/track_contribution/role /m/05842k 30 8 0 1 0 0
/m/0dq630k /music/performance_role/track_performances./music/track_contribution/role /m/05148p4 16 1 0 1 0 1
/m/07brj /music/performance_role/track_performances./music/track_contribution/role /m/01679d 30 1 0 1 0 1
/m/014zz1 /music/performance_role/track_performances./music/track_contribution/role /m/0l14md 3 1 1 1 0 1
/m/03ndd /music/performance_role/track_performances./music/track_contribution/role /m/0dwsp 12 1 0 1 0 1
/m/01hww_ /music/performance_role/track_performances./music/track_contribution/role /m/042v_gx 7 1 1 1 0 1
/m/0319l /music/performance_role/track_performances./music/track_contribution/role /m/018vs 1 1 1 1 1 1
/m/02qjv /music/performance_role/track_performances./music/track_contribution/role /m/0l14qv 3 1 1 1 0 1
/m/01679d /music/performance_role/track_performances./music/track_contribution/role /m/03q5t 31 9 0 1 0 0
/m/042v_gx /music/performance_role/track_performances./music/track_contribution/role /m/03q5t 76 14 0 0 0 0
/m/042v_gx /music/performance_role/track_performances./music/track_contribution/role /m/0myk8 95 32 0 0 0 0
/m/04rzd /music/performance_role/track_performances./music/track_contribution/role /m/01dnws 23 1 0 1 0 1
/m/03qmg1 /music/performance_role/track_performances./music/track_contribution/role /m/05842k 13 1 0 1 0 1
/m/01vdm0 /music/performance_role/track_performances./music/track_contribution/role /m/0dwtp 72 2 0 1 0 0
/m/01wy6 /music/performance_role/track_performances./music/track_contribution/role /m/01vj9c 11 1 0 1 0 1
/m/01v1d8 /music/performance_role/track_performances./music/track_contribution/role /m/01vj9c 14 1 0 1 0 1
/m/021bmf /music/performance_role/track_performances./music/track_contribution/role /m/0bmnm 8 1 1 1 0 1
/m/0342h /music/performance_role/track_performances./music/track_contribution/role /m/0dwtp 18 1 0 1 0 1
/m/0dwtp /music/performance_role/track_performances./music/track_contribution/role /m/01679d 44 7 0 1 0 0
/m/0gghm /music/performance_role/track_performances./music/track_contribution/role /m/06w7v 17 1 0 1 0 1
/m/0gghm /music/performance_role/track_performances./music/track_contribution/role /m/02k856 10 1 1 1 0 1
/m/0mkg /music/performance_role/track_performances./music/track_contribution/role /m/0g2dz 14 1 0 1 0 1
/m/02w4b /music/performance_role/track_performances./music/track_contribution/role /m/020w2 14 1 0 1 0 1
/m/02pprs /music/performance_role/track_performances./music/track_contribution/role /m/01vdm0 16 1 0 1 0 1
/m/05r5c /music/performance_role/track_performances./music/track_contribution/role /m/01kcd 63 4 0 1 0 0
/m/01vdm0 /music/performance_role/track_performances./music/track_contribution/role /m/01hww_ 52 2 0 1 0 0
/m/023r2x /music/performance_role/track_performances./music/track_contribution/role /m/03qmg1 33 13 0 0 0 0
/m/02g9p4 /music/performance_role/track_performances./music/track_contribution/role /m/03gvt 12 1 0 1 0 1
/m/0680x0 /music/performance_role/track_performances./music/track_contribution/role /m/03gvt 23 4 0 1 0 0
/m/0dwsp /music/performance_role/track_performances./music/track_contribution/role /m/0395lw 5 1 1 1 0 1
/m/02dlh2 /music/performance_role/track_performances./music/track_contribution/role /m/0bm02 45 18 0 0 0 0
/m/0gkd1 /music/performance_role/track_performances./music/track_contribution/role /m/02fsn 23 1 0 1 0 1
/m/0l14qv /music/performance_role/track_performances./music/track_contribution/role /m/011k_j 24 1 0 1 0 1
/m/0l14qv /music/performance_role/track_performances./music/track_contribution/role /m/01679d 37 1 0 1 0 1
/m/02w4b /music/performance_role/track_performances./music/track_contribution/role /m/018vs 2 1 1 1 0 1
/m/07xzm /music/performance_role/track_performances./music/track_contribution/role /m/03qjg 9 1 1 1 0 1
/m/0192l /music/performance_role/track_performances./music/track_contribution/role /m/0g2dz 10 1 1 1 0 1
/m/018j2 /music/performance_role/track_performances./music/track_contribution/role /m/03q5t 26 1 0 1 0 1
/m/0l1589 /music/performance_role/track_performances./music/track_contribution/role /m/01s0ps 10 1 1 1 0 1
/m/03qlv7 /music/performance_role/track_performances./music/track_contribution/role /m/0l14qv 37 5 0 1 0 0
/m/01vnt4 /music/performance_role/track_performances./music/track_contribution/role /m/011k_j 4 1 1 1 0 1
/m/05842k /music/performance_role/track_performances./music/track_contribution/role /m/0gkd1 10 1 1 1 0 1
/m/07c6l /music/performance_role/track_performances./music/track_contribution/role /m/03t22m 16 1 0 1 0 1
/m/0xzly /music/performance_role/track_performances./music/track_contribution/role /m/0gghm 17 1 0 1 0 1
/m/0l14qv /music/performance_role/track_performances./music/track_contribution/role /m/03t22m 43 1 0 1 0 1
/m/02w4b /music/performance_role/track_performances./music/track_contribution/role /m/07m2y 16 1 0 1 0 1
/m/03q5t /music/performance_role/track_performances./music/track_contribution/role /m/025cbm 34 11 0 0 0 0
/m/02pprs /music/performance_role/track_performances./music/track_contribution/role /m/0l15f_ 18 1 0 1 0 1
/m/07gql /music/performance_role/track_performances./music/track_contribution/role /m/0l14md 27 12 0 0 0 0
/m/0l14j_ /music/performance_role/track_performances./music/track_contribution/role /m/02bxd 83 37 0 0 0 0
/m/03gvt /music/performance_role/track_performances./music/track_contribution/role /m/02qjv 61 19 0 0 0 0
/m/03gvt /music/performance_role/track_performances./music/track_contribution/role /m/04rzd 49 11 0 0 0 0
/m/03gvt /music/performance_role/track_performances./music/track_contribution/role /m/01v1d8 20 1 0 1 0 1
/m/05842k /music/performance_role/track_performances./music/track_contribution/role /m/05r5c 4 1 1 1 0 1
/m/05842k /music/performance_role/track_performances./music/track_contribution/role /m/02bxd 37 1 0 1 0 1
/m/01v8y9 /music/performance_role/track_performances./music/track_contribution/role /m/0l14qv 4 1 1 1 0 1
/m/0bxl5 /music/performance_role/track_performances./music/track_contribution/role /m/07c6l 32 1 0 1 0 1
/m/01qzyz /music/performance_role/track_performances./music/track_contribution/role /m/0l15bq 13 1 0 1 0 1
/m/03m5k /music/performance_role/track_performances./music/track_contribution/role /m/013y1f 5 1 1 1 0 1
/m/0dwtp /music/performance_role/track_performances./music/track_contribution/role /m/01rhl 29 1 0 1 0 1
/m/0680x0 /music/performance_role/track_performances./music/track_contribution/role /m/05r5c 1 1 1 1 1 1
/m/0xzly /music/performance_role/track_performances./music/track_contribution/role /m/01w4dy 17 1 0 1 0 1
/m/02w4b /music/performance_role/track_performances./music/track_contribution/role /m/02pprs 12 1 0 1 0 1
/m/07xzm /music/performance_role/track_performances./music/track_contribution/role /m/0l15bq 19 1 0 1 0 1
/m/02pprs /music/performance_role/track_performances./music/track_contribution/role /m/02sgy 32 7 0 1 0 0
/m/05r5c /music/performance_role/track_performances./music/track_contribution/role /m/0mbct 60 4 0 1 0 0
/m/05r5c /music/performance_role/track_performances./music/track_contribution/role /m/02k84w 26 2 0 1 0 0
/m/06rvn /music/performance_role/track_performances./music/track_contribution/role /m/011k_j 5 1 1 1 0 1
/m/07y_7 /music/performance_role/track_performances./music/track_contribution/role /m/02qjv 28 1 0 1 0 1
/m/018vs /music/performance_role/track_performances./music/track_contribution/role /m/0l1589 60 4 0 1 0 0
/m/0l14md /music/performance_role/track_performances./music/track_contribution/role /m/0859_ 56 7 0 1 0 0
/m/05842k /music/performance_role/track_performances./music/track_contribution/role /m/07y_7 14 1 0 1 0 1
/m/05842k /music/performance_role/track_performances./music/track_contribution/role /m/01v8y9 36 1 0 1 0 1
/m/01kcd /music/performance_role/track_performances./music/track_contribution/role /m/01vdm0 5 1 1 1 0 1
/m/01399x /music/performance_role/track_performances./music/track_contribution/role /m/0gkd1 4 1 1 1 0 1
/m/07_l6 /music/performance_role/track_performances./music/track_contribution/role /m/042v_gx 9 1 1 1 0 1
/m/07_l6 /music/performance_role/track_performances./music/track_contribution/role /m/0bxl5 8 1 1 1 0 1
/m/014zz1 /music/performance_role/track_performances./music/track_contribution/role /m/0cfdd 9 1 1 1 0 1
/m/03m5k /music/performance_role/track_performances./music/track_contribution/role /m/07brj 10 1 1 1 0 1
/m/0dwr4 /music/performance_role/track_performances./music/track_contribution/role /m/05148p4 4 1 1 1 0 1
/m/02fsn /music/performance_role/track_performances./music/track_contribution/role /m/02w3w 15 1 0 1 0 1
/m/011k_j /music/performance_role/track_performances./music/track_contribution/role /m/01qbl 6 1 1 1 0 1
/m/0l14qv /music/performance_role/track_performances./music/track_contribution/role /m/01dnws 42 1 0 1 0 1
/m/0l15bq /music/performance_role/track_performances./music/track_contribution/role /m/01w4c9 80 38 0 0 0 0
/m/07xzm /music/performance_role/track_performances./music/track_contribution/role /m/013y1f 11 1 0 1 0 1
/m/0dwvl /music/performance_role/track_performances./music/track_contribution/role /m/03gvt 11 1 0 1 0 1
/m/02hnl /music/performance_role/track_performances./music/track_contribution/role /m/0dwsp 11 1 0 1 0 1
/m/0l1589 /music/performance_role/track_performances./music/track_contribution/role /m/042v_gx 7 1 1 1 0 1
/m/07y_7 /music/performance_role/track_performances./music/track_contribution/role /m/0680x0 28 1 0 1 0 1
/m/0dq630k /music/performance_role/track_performances./music/track_contribution/role /m/0319l 13 1 0 1 0 1
/m/0395lw /music/performance_role/track_performances./music/track_contribution/role /m/03qjg 15 1 0 1 0 1
/m/02sgy /music/performance_role/track_performances./music/track_contribution/role /m/0xzly 89 12 0 0 0 0
/m/05kms /music/performance_role/track_performances./music/track_contribution/role /m/06ncr 32 22 0 0 0 0
/m/0dwt5 /music/performance_role/track_performances./music/track_contribution/role /m/0l1589 47 7 0 1 0 0
/m/05842k /music/performance_role/track_performances./music/track_contribution/role /m/05ljv7 58 2 0 1 0 0
/m/01w4c9 /music/performance_role/track_performances./music/track_contribution/role /m/0l15bq 56 36 0 0 0 0
/m/0gghm /music/performance_role/track_performances./music/track_contribution/role /m/02k84w 4 1 1 1 0 1
/m/01vj9c /music/performance_role/track_performances./music/track_contribution/role /m/0l1589 32 3 0 1 0 0
/m/0680x0 /music/performance_role/track_performances./music/track_contribution/role /m/01v1d8 9 1 1 1 0 1
/m/02fsn /music/performance_role/track_performances./music/track_contribution/role /m/0gghm 9 1 1 1 0 1
/m/05148p4 /music/performance_role/track_performances./music/track_contribution/role /m/0bmnm 75 27 0 0 0 0
/m/05148p4 /music/performance_role/track_performances./music/track_contribution/role /m/01v1d8 10 1 1 1 0 1
/m/03qjg /music/performance_role/track_performances./music/track_contribution/role /m/05ljv7 38 1 0 1 0 1
/m/02qjv /music/performance_role/track_performances./music/track_contribution/role /m/03gvt 44 10 0 1 0 0
/m/0dwvl /music/performance_role/track_performances./music/track_contribution/role /m/01rhl 27 1 0 1 0 1
/m/04rzd /music/performance_role/track_performances./music/track_contribution/role /m/03gvt 50 2 0 1 0 0
/m/026t6 /music/performance_role/track_performances./music/track_contribution/role /m/06w7v 30 1 0 1 0 1
/m/0l14j_ /music/performance_role/track_performances./music/track_contribution/role /m/0395lw 12 1 0 1 0 1
/m/0l14j_ /music/performance_role/track_performances./music/track_contribution/role /m/01bns_ 34 1 0 1 0 1
/m/03gvt /music/performance_role/track_performances./music/track_contribution/role /m/0dwtp 16 1 0 1 0 1
/m/02w3w /music/performance_role/track_performances./music/track_contribution/role /m/07_l6 9 1 1 1 0 1
/m/03qlv7 /music/performance_role/track_performances./music/track_contribution/role /m/01vnt4 28 1 0 1 0 1
/m/02sgy /music/performance_role/track_performances./music/track_contribution/role /m/01679d 74 9 0 1 0 0
/m/018vs /music/performance_role/track_performances./music/track_contribution/role /m/051hrr 69 4 0 1 0 0
/m/01s0ps /music/performance_role/track_performances./music/track_contribution/role /m/026t6 46 10 0 1 0 0
/m/021bmf /music/performance_role/track_performances./music/track_contribution/role /m/01qzyz 19 1 0 1 0 1
/m/01w4dy /music/performance_role/track_performances./music/track_contribution/role /m/0l14j_ 10 1 1 1 0 1
/m/0l14qv /music/performance_role/track_performances./music/track_contribution/role /m/021bmf 41 1 0 1 0 1
/m/02qjv /music/performance_role/track_performances./music/track_contribution/role /m/01wy6 21 1 0 1 0 1
/m/0192l /music/performance_role/track_performances./music/track_contribution/role /m/01bns_ 62 49 0 0 0 0
/m/07gql /music/performance_role/track_performances./music/track_contribution/role /m/0l15bq 14 1 0 1 0 1
/m/01xqw /music/performance_role/track_performances./music/track_contribution/role /m/0l14qv 25 2 0 1 0 0
/m/01wy6 /music/performance_role/track_performances./music/track_contribution/role /m/042v_gx 38 4 0 1 0 0
/m/01wy6 /music/performance_role/track_performances./music/track_contribution/role /m/01xqw 16 1 0 1 0 1
/m/0395lw /music/performance_role/track_performances./music/track_contribution/role /m/018j2 23 1 0 1 0 1
/m/0395lw /music/performance_role/track_performances./music/track_contribution/role /m/06rvn 24 1 0 1 0 1
/m/018vs /music/performance_role/track_performances./music/track_contribution/role /m/011_6p 55 4 0 1 0 0
/m/02fsn /music/performance_role/track_performances./music/track_contribution/role /m/07_l6 12 1 0 1 0 1
/m/03qjg /music/performance_role/track_performances./music/track_contribution/role /m/042v_gx 5 1 1 1 0 1
/m/03q5t /music/performance_role/track_performances./music/track_contribution/role /m/02hnl 6 1 1 1 0 1
/m/05r5c /music/performance_role/track_performances./music/track_contribution/role /m/01xqw 20 2 0 1 0 0
/m/04rzd /music/performance_role/track_performances./music/track_contribution/role /m/01679d 31 1 0 1 0 1
/m/01vdm0 /music/performance_role/track_performances./music/track_contribution/role /m/02bxd 59 2 0 1 0 0
/m/02hnl /music/performance_role/track_performances./music/track_contribution/role /m/0cfdd 25 1 0 1 0 1
/m/026t6 /music/performance_role/track_performances./music/track_contribution/role /m/06ncr 22 1 0 1 0 1
/m/018j2 /music/performance_role/track_performances./music/track_contribution/role /m/0bxl5 17 1 0 1 0 1
/m/013y1f /music/performance_role/track_performances./music/track_contribution/role /m/018j2 18 1 0 1 0 1
/m/06rvn /music/performance_role/track_performances./music/track_contribution/role /m/01qbl 13 1 0 1 0 1
/m/0l1589 /music/performance_role/track_performances./music/track_contribution/role /m/01vdm0 14 1 0 1 0 1
/m/0l1589 /music/performance_role/track_performances./music/track_contribution/role /m/01v1d8 13 1 0 1 0 1
/m/01c3q /music/performance_role/track_performances./music/track_contribution/role /m/05kms 3 1 1 1 0 1
/m/0l14md /music/performance_role/track_performances./music/track_contribution/role /m/02g9p4 40 1 0 1 0 1
/m/0bxl5 /music/performance_role/track_performances./music/track_contribution/role /m/01p970 27 1 0 1 0 1
/m/03ndd /music/performance_role/track_performances./music/track_contribution/role /m/05842k 33 17 0 0 0 0
/m/0cfdd /music/performance_role/track_performances./music/track_contribution/role /m/011k_j 11 1 0 1 0 1
/m/05148p4 /music/performance_role/track_performances./music/track_contribution/role /m/018j2 44 4 0 1 0 0
/m/0gkd1 /music/performance_role/track_performances./music/track_contribution/role /m/01qzyz 20 1 0 1 0 1
/m/0xzly /music/performance_role/track_performances./music/track_contribution/role /m/026g73 9 1 1 1 0 1
/m/0l14qv /music/performance_role/track_performances./music/track_contribution/role /m/0dwvl 38 1 0 1 0 1
/m/05ljv7 /music/performance_role/track_performances./music/track_contribution/role /m/05842k 28 11 0 0 0 0
/m/0dwvl /music/performance_role/track_performances./music/track_contribution/role /m/0dwtp 9 1 1 1 0 1
/m/04rzd /music/performance_role/track_performances./music/track_contribution/role /m/02qjv 25 1 0 1 0 1
/m/023r2x /music/performance_role/track_performances./music/track_contribution/role /m/026t6 11 1 0 1 0 1
/m/0239kh /music/performance_role/track_performances./music/track_contribution/role /m/01vnt4 14 1 0 1 0 1
/m/0l14md /music/performance_role/track_performances./music/track_contribution/role /m/0mbct 22 1 0 1 0 1
/m/0l14md /music/performance_role/track_performances./music/track_contribution/role /m/03gvt 13 1 0 1 0 1
/m/011_6p /music/performance_role/track_performances./music/track_contribution/role /m/0l14qv 3 1 1 1 0 1
/m/0342h /music/performance_role/track_performances./music/track_contribution/role /m/01679d 63 3 0 1 0 0
/m/0342h /music/performance_role/track_performances./music/track_contribution/role /m/01v8y9 98 10 0 1 0 0
/m/0mkg /music/performance_role/track_performances./music/track_contribution/role /m/01hww_ 9 1 1 1 0 1
/m/01vj9c /music/performance_role/track_performances./music/track_contribution/role /m/01w4dy 69 5 0 1 0 0
/m/01vj9c /music/performance_role/track_performances./music/track_contribution/role /m/0jtg0 22 2 0 1 0 0
/m/0dwsp /music/performance_role/track_performances./music/track_contribution/role /m/01vdm0 50 15 0 0 0 0
/m/02pprs /music/performance_role/track_performances./music/track_contribution/role /m/018vs 6 1 1 1 0 1
/m/0l14j_ /music/performance_role/track_performances./music/track_contribution/role /m/01vdm0 48 10 0 1 0 0
/m/06w7v /music/performance_role/track_performances./music/track_contribution/role /m/03qjg 7 1 1 1 0 1
/m/02sgy /music/performance_role/track_performances./music/track_contribution/role /m/0myk8 81 9 0 1 0 0
/m/018vs /music/performance_role/track_performances./music/track_contribution/role /m/0bmnm 32 2 0 1 0 0
/m/0dwt5 /music/performance_role/track_performances./music/track_contribution/role /m/05r5c 5 1 1 1 0 1
/m/0342h /music/performance_role/track_performances./music/track_contribution/role /m/02sgy 2 1 1 1 0 1
/m/01vj9c /music/performance_role/track_performances./music/track_contribution/role /m/07xzm 24 2 0 1 0 0
/m/0cfdd /music/performance_role/track_performances./music/track_contribution/role /m/0l1589 25 3 0 1 0 0
/m/0859_ /music/performance_role/track_performances./music/track_contribution/role /m/0bmnm 5 1 1 1 0 1
/m/042v_gx /music/performance_role/track_performances./music/track_contribution/role /m/0dwr4 25 1 0 1 0 1
/m/05ljv7 /music/performance_role/track_performances./music/track_contribution/role /m/0l14qv 1 1 1 1 1 1
/m/01vdm0 /music/performance_role/track_performances./music/track_contribution/role /m/02w4b 61 2 0 1 0 0
/m/018j2 /music/performance_role/track_performances./music/track_contribution/role /m/05148p4 38 1 0 1 0 1
/m/02w3w /music/performance_role/track_performances./music/track_contribution/role /m/042v_gx 5 1 1 1 0 1
/m/07y_7 /music/performance_role/track_performances./music/track_contribution/role /m/01wy6 27 1 0 1 0 1
/m/07y_7 /music/performance_role/track_performances./music/track_contribution/role /m/01vj9c 11 1 0 1 0 1
/m/0dq630k /music/performance_role/track_performances./music/track_contribution/role /m/05r5c 2 1 1 1 0 1
/m/018vs /music/performance_role/track_performances./music/track_contribution/role /m/03qjg 43 3 0 1 0 0
/m/0dwt5 /music/performance_role/track_performances./music/track_contribution/role /m/0342h 3 1 1 1 0 1
/m/05842k /music/performance_role/track_performances./music/track_contribution/role /m/0680x0 33 1 0 1 0 1
/m/0342h /music/performance_role/track_performances./music/track_contribution/role /m/01xqw 19 1 0 1 0 1
/m/0dwr4 /music/performance_role/track_performances./music/track_contribution/role /m/03gvt 12 1 0 1 0 1
/m/0gghm /music/performance_role/track_performances./music/track_contribution/role /m/0gkd1 13 1 0 1 0 1
/m/02fsn /music/performance_role/track_performances./music/track_contribution/role /m/0l14qv 4 1 1 1 0 1
/m/05148p4 /music/performance_role/track_performances./music/track_contribution/role /m/02k856 21 1 0 1 0 1
/m/011k_j /music/performance_role/track_performances./music/track_contribution/role /m/0680x0 15 1 0 1 0 1
/m/03q5t /music/performance_role/track_performances./music/track_contribution/role /m/01vnt4 90 65 0 0 0 0
/m/02pprs /music/performance_role/track_performances./music/track_contribution/role /m/013y1f 12 1 0 1 0 1
/m/0l14v3 /music/performance_role/track_performances./music/track_contribution/role /m/02bxd 5 1 1 1 0 1
/m/085jw /music/performance_role/track_performances./music/track_contribution/role /m/01kcd 2 1 1 1 0 1
/m/026t6 /music/performance_role/track_performances./music/track_contribution/role /m/01s0ps 71 4 0 1 0 0
/m/0l14j_ /music/performance_role/track_performances./music/track_contribution/role /m/01qbl 25 1 0 1 0 1
/m/06rvn /music/performance_role/track_performances./music/track_contribution/role /m/0cfdd 18 1 0 1 0 1
/m/0d8lm /music/performance_role/track_performances./music/track_contribution/role /m/0l14qv 5 4 1 1 0 0
/m/02sgy /music/performance_role/track_performances./music/track_contribution/role /m/0gkd1 11 2 0 1 0 0
/m/05842k /music/performance_role/track_performances./music/track_contribution/role /m/0gghm 27 1 0 1 0 1
/m/07brj /music/performance_role/track_performances./music/track_contribution/role /m/02dlh2 8 1 1 1 0 1
/m/01qzyz /music/performance_role/track_performances./music/track_contribution/role /m/018vs 3 1 1 1 0 1
/m/0mkg /music/performance_role/track_performances./music/track_contribution/role /m/0gkd1 20 1 0 1 0 1
/m/0mkg /music/performance_role/track_performances./music/track_contribution/role /m/07xzm 21 1 0 1 0 1
/m/02bxd /music/performance_role/track_performances./music/track_contribution/role /m/01v8y9 9 1 1 1 0 1
/m/01hww_ /music/performance_role/track_performances./music/track_contribution/role /m/04rzd 6 1 1 1 0 1
/m/02fsn /music/performance_role/track_performances./music/track_contribution/role /m/02k84w 23 1 0 1 0 1
/m/0l14qv /music/performance_role/track_performances./music/track_contribution/role /m/05r5c 3 1 1 1 0 1
/m/03q5t /music/performance_role/track_performances./music/track_contribution/role /m/07_l6 16 1 0 1 0 1
/m/05r5c /music/performance_role/track_performances./music/track_contribution/role /m/0214km 80 7 0 1 0 0
/m/04rzd /music/performance_role/track_performances./music/track_contribution/role /m/02sgy 2 1 1 1 0 1
/m/028tv0 /music/performance_role/track_performances./music/track_contribution/role /m/013y1f 13 12 0 0 0 0
/m/0l1589 /music/performance_role/track_performances./music/track_contribution/role /m/02sgy 8 1 1 1 0 1
/m/07y_7 /music/performance_role/track_performances./music/track_contribution/role /m/0myk8 33 1 0 1 0 1
/m/018vs /music/performance_role/track_performances./music/track_contribution/role /m/0dwtp 21 2 0 1 0 0
/m/04q7r /music/performance_role/track_performances./music/track_contribution/role /m/02w3w 15 1 0 1 0 1
/m/0dwtp /music/performance_role/track_performances./music/track_contribution/role /m/011k_j 16 1 0 1 0 1
/m/0mkg /music/performance_role/track_performances./music/track_contribution/role /m/01679d 18 1 0 1 0 1
/m/01w4dy /music/performance_role/track_performances./music/track_contribution/role /m/0l14qv 7 1 1 1 0 1
/m/05148p4 /music/performance_role/track_performances./music/track_contribution/role /m/03qlv7 25 1 0 1 0 1
/m/0l14qv /music/performance_role/track_performances./music/track_contribution/role /m/026t6 6 1 1 1 0 1
/m/01679d /music/performance_role/track_performances./music/track_contribution/role /m/07m2y 14 1 0 1 0 1
/m/04rzd /music/performance_role/track_performances./music/track_contribution/role /m/07m2y 42 1 0 1 0 1
/m/02hnl /music/performance_role/track_performances./music/track_contribution/role /m/05148p4 4 1 1 1 0 1
/m/0l1589 /music/performance_role/track_performances./music/track_contribution/role /m/05148p4 1 1 1 1 1 1
/m/06w7v /music/performance_role/track_performances./music/track_contribution/role /m/02k84w 7 1 1 1 0 1
/m/018vs /music/performance_role/track_performances./music/track_contribution/role /m/04q7r 36 2 0 1 0 0
/m/0l14md /music/performance_role/track_performances./music/track_contribution/role /m/0dwsp 73 20 0 0 0 0
/m/0l14md /music/performance_role/track_performances./music/track_contribution/role /m/026t6 4 1 1 1 0 1
/m/05842k /music/performance_role/track_performances./music/track_contribution/role /m/0395lw 14 1 0 1 0 1
/m/07brj /music/performance_role/track_performances./music/track_contribution/role /m/0l15bq 15 1 0 1 0 1
/m/0214km /music/performance_role/track_performances./music/track_contribution/role /m/05r5c 18 2 0 1 0 0
/m/03m5k /music/performance_role/track_performances./music/track_contribution/role /m/05842k 19 1 0 1 0 1
/m/06w87 /music/performance_role/track_performances./music/track_contribution/role /m/02sgy 3 1 1 1 0 1
/m/0342h /music/performance_role/track_performances./music/track_contribution/role /m/01hww_ 58 3 0 1 0 0
/m/0dwr4 /music/performance_role/track_performances./music/track_contribution/role /m/0dwsp 10 1 1 1 0 1
/m/02bxd /music/performance_role/track_performances./music/track_contribution/role /m/023r2x 14 1 0 1 0 1
/m/01vj9c /music/performance_role/track_performances./music/track_contribution/role /m/051hrr 70 5 0 1 0 0
/m/01vj9c /music/performance_role/track_performances./music/track_contribution/role /m/018j2 50 5 0 1 0 0
/m/01vj9c /music/performance_role/track_performances./music/track_contribution/role /m/03gvt 52 5 0 1 0 0
/m/02dlh2 /music/performance_role/track_performances./music/track_contribution/role /m/05r5c 4 1 1 1 0 1
/m/0859_ /music/performance_role/track_performances./music/track_contribution/role /m/0l14md 14 2 0 1 0 0
/m/04rzd /music/performance_role/track_performances./music/track_contribution/role /m/011k_j 52 3 0 1 0 0
/m/01vdm0 /music/performance_role/track_performances./music/track_contribution/role /m/02qjv 43 2 0 1 0 0
/m/026t6 /music/performance_role/track_performances./music/track_contribution/role /m/0dwsp 70 4 0 1 0 0
/m/013y1f /music/performance_role/track_performances./music/track_contribution/role /m/0gkd1 7 1 1 1 0 1
/m/01rhl /music/performance_role/track_performances./music/track_contribution/role /m/05r5c 2 1 1 1 0 1
/m/03qlv7 /music/performance_role/track_performances./music/track_contribution/role /m/0jtg0 24 1 0 1 0 1
/m/0g2dz /music/performance_role/track_performances./music/track_contribution/role /m/042v_gx 7 1 1 1 0 1
/m/05kms /music/performance_role/track_performances./music/track_contribution/role /m/07y_7 5 1 1 1 0 1
/m/01qbl /music/performance_role/track_performances./music/track_contribution/role /m/03gvt 10 1 1 1 0 1
/m/0jtg0 /music/performance_role/track_performances./music/track_contribution/role /m/042v_gx 6 1 1 1 0 1
/m/0151b0 /music/performance_role/track_performances./music/track_contribution/role /m/05r5c 6 1 1 1 0 1
/m/03t22m /music/performance_role/track_performances./music/track_contribution/role /m/07brj 8 1 1 1 0 1
/m/03qjg /music/performance_role/track_performances./music/track_contribution/role /m/05r5c 48 5 0 1 0 0
/m/026t6 /music/performance_role/track_performances./music/track_contribution/role /m/018vs 63 1 0 1 0 1
/m/026t6 /music/performance_role/track_performances./music/track_contribution/role /m/01qbl 20 1 0 1 0 1
/m/01wy6 /music/performance_role/track_performances./music/track_contribution/role /m/0l15f_ 21 1 0 1 0 1
/m/01rhl /music/performance_role/track_performances./music/track_contribution/role /m/0dwt5 12 1 0 1 0 1
/m/0l1589 /music/performance_role/track_performances./music/track_contribution/role /m/0l14md 2 1 1 1 0 1
/m/07y_7 /music/performance_role/track_performances./music/track_contribution/role /m/03qjg 17 1 0 1 0 1
/m/01qbl /music/performance_role/track_performances./music/track_contribution/role /m/07brj 8 1 1 1 0 1
/m/01s0ps /music/performance_role/track_performances./music/track_contribution/role /m/0bxl5 13 1 0 1 0 1
/m/03ndd /music/performance_role/track_performances./music/track_contribution/role /m/01hww_ 26 11 0 0 0 0
/m/03ndd /music/performance_role/track_performances./music/track_contribution/role /m/0dwt5 44 27 0 0 0 0
/m/07c6l /music/performance_role/track_performances./music/track_contribution/role /m/0l14j_ 8 1 1 1 0 1
/m/0342h /music/performance_role/track_performances./music/track_contribution/role /m/0dq630k 85 8 0 1 0 0
/m/0342h /music/performance_role/track_performances./music/track_contribution/role /m/011_6p 87 8 0 1 0 0
/m/0mkg /music/performance_role/track_performances./music/track_contribution/role /m/01wy6 24 1 0 1 0 1
/m/07m2y /music/performance_role/track_performances./music/track_contribution/role /m/05r5c 15 2 0 1 0 0
/m/0gkd1 /music/performance_role/track_performances./music/track_contribution/role /m/0dwr4 22 1 0 1 0 1
/m/01679d /music/performance_role/track_performances./music/track_contribution/role /m/0979zs 71 45 0 0 0 0
/m/0dwvl /music/performance_role/track_performances./music/track_contribution/role /m/05842k 25 1 0 1 0 1
/m/0l1589 /music/performance_role/track_performances./music/track_contribution/role /m/0dwt5 34 13 0 0 0 0
/m/07y_7 /music/performance_role/track_performances./music/track_contribution/role /m/018vs 4 1 1 1 0 1
/m/0dq630k /music/performance_role/track_performances./music/track_contribution/role /m/02qjv 8 1 1 1 0 1
/m/0239kh /music/performance_role/track_performances./music/track_contribution/role /m/07c6l 18 1 0 1 0 1
/m/0l14md /music/performance_role/track_performances./music/track_contribution/role /m/01vdm0 26 1 0 1 0 1
/m/07brj /music/performance_role/track_performances./music/track_contribution/role /m/011_6p 41 1 0 1 0 1
/m/0342h /music/performance_role/track_performances./music/track_contribution/role /m/01qbl 31 1 0 1 0 1
/m/0cfdd /music/performance_role/track_performances./music/track_contribution/role /m/01w4dy 18 1 0 1 0 1
/m/05r5c /music/performance_role/track_performances./music/track_contribution/role /m/03m5k 51 4 0 1 0 0
/m/042v_gx /music/performance_role/track_performances./music/track_contribution/role /m/011_6p 45 1 0 1 0 1
/m/042v_gx /music/performance_role/track_performances./music/track_contribution/role /m/07brj 17 1 0 1 0 1
/m/03qmg1 /music/performance_role/track_performances./music/track_contribution/role /m/07gql 9 1 1 1 0 1
/m/01vdm0 /music/performance_role/track_performances./music/track_contribution/role /m/06w7v 44 2 0 1 0 0
/m/01vdm0 /music/performance_role/track_performances./music/track_contribution/role /m/01w4c9 47 2 0 1 0 0
/m/0979zs /music/performance_role/track_performances./music/track_contribution/role /m/0395lw 4 1 1 1 0 1
/m/013y1f /music/performance_role/track_performances./music/track_contribution/role /m/0g2dz 14 1 0 1 0 1
/m/02k84w /music/performance_role/track_performances./music/track_contribution/role /m/0l15bq 18 1 0 1 0 1
/m/07y_7 /music/performance_role/track_performances./music/track_contribution/role /m/07_l6 15 1 0 1 0 1
/m/0g2dz /music/performance_role/track_performances./music/track_contribution/role /m/03qjg 9 1 1 1 0 1
/m/0395lw /music/performance_role/track_performances./music/track_contribution/role /m/016622 13 1 0 1 0 1
/m/01dnws /music/performance_role/track_performances./music/track_contribution/role /m/0mkg 12 1 0 1 0 1
/m/0dwt5 /music/performance_role/track_performances./music/track_contribution/role /m/0bxl5 13 1 0 1 0 1
/m/05842k /music/performance_role/track_performances./music/track_contribution/role /m/0l1589 29 1 0 1 0 1
/m/0bxl5 /music/performance_role/track_performances./music/track_contribution/role /m/02fsn 47 7 0 1 0 0
/m/0342h /music/performance_role/track_performances./music/track_contribution/role /m/05ljv7 79 6 0 1 0 0
/m/01hww_ /music/performance_role/track_performances./music/track_contribution/role /m/03m5k 11 1 0 1 0 1
/m/02dlh2 /music/performance_role/track_performances./music/track_contribution/role /m/05842k 20 1 0 1 0 1
/m/0gkd1 /music/performance_role/track_performances./music/track_contribution/role /m/03q5t 17 1 0 1 0 1
/m/07kc_ /music/performance_role/track_performances./music/track_contribution/role /m/01v1d8 44 28 0 0 0 0
/m/02w4b /music/performance_role/track_performances./music/track_contribution/role /m/01p970 13 1 0 1 0 1
/m/0l15bq /music/performance_role/track_performances./music/track_contribution/role /m/07c6l 30 1 0 1 0 1
/m/02pprs /music/performance_role/track_performances./music/track_contribution/role /m/03t22m 3 1 1 1 0 1
/m/05r5c /music/performance_role/track_performances./music/track_contribution/role /m/03qjg 81 7 0 1 0 0
/m/042v_gx /music/performance_role/track_performances./music/track_contribution/role /m/01dnws 27 1 0 1 0 1
/m/0dwvl /music/performance_role/track_performances./music/track_contribution/role /m/04rzd 9 1 1 1 0 1
/m/03qmg1 /music/performance_role/track_performances./music/track_contribution/role /m/06ncr 17 1 0 1 0 1
/m/07gql /music/performance_role/track_performances./music/track_contribution/role /m/023r2x 84 67 0 0 0 0
/m/026t6 /music/performance_role/track_performances./music/track_contribution/role /m/07brj 14 1 0 1 0 1
/m/01rhl /music/performance_role/track_performances./music/track_contribution/role /m/05148p4 2 1 1 1 0 1
/m/01v1d8 /music/performance_role/track_performances./music/track_contribution/role /m/01dnws 26 1 0 1 0 1
/m/05842k /music/performance_role/track_performances./music/track_contribution/role /m/0xzly 31 1 0 1 0 1
/m/05842k /music/performance_role/track_performances./music/track_contribution/role /m/07_l6 34 1 0 1 0 1
/m/01s0ps /music/performance_role/track_performances./music/track_contribution/role /m/06ncr 15 1 0 1 0 1
/m/01qzyz /music/performance_role/track_performances./music/track_contribution/role /m/0dq630k 15 1 0 1 0 1
/m/03_vpw /music/performance_role/track_performances./music/track_contribution/role /m/018vs 1 1 1 1 1 1
/m/03m5k /music/performance_role/track_performances./music/track_contribution/role /m/026t6 5 1 1 1 0 1
/m/0dwtp /music/performance_role/track_performances./music/track_contribution/role /m/01v1d8 21 1 0 1 0 1
/m/0gghm /music/performance_role/track_performances./music/track_contribution/role /m/018vs 24 3 0 1 0 0
/m/0gkd1 /music/performance_role/track_performances./music/track_contribution/role /m/02hnl 11 1 0 1 0 1
/m/0l15bq /music/performance_role/track_performances./music/track_contribution/role /m/05842k 26 1 0 1 0 1
/m/05r5c /music/performance_role/track_performances./music/track_contribution/role /m/01399x 64 4 0 1 0 0
/m/05ljv7 /music/performance_role/track_performances./music/track_contribution/role /m/02sgy 6 1 1 1 0 1
/m/0dwvl /music/performance_role/track_performances./music/track_contribution/role /m/0dwt5 15 1 0 1 0 1
/m/03qmg1 /music/performance_role/track_performances./music/track_contribution/role /m/023r2x 23 4 0 1 0 0
/m/01vdm0 /music/performance_role/track_performances./music/track_contribution/role /m/0l14j_ 70 2 0 1 0 0
/m/026t6 /music/performance_role/track_performances./music/track_contribution/role /m/0g33q 60 1 0 1 0 1
/m/03qlv7 /music/performance_role/track_performances./music/track_contribution/role /m/0cfdd 26 1 0 1 0 1
/m/01dnws /music/performance_role/track_performances./music/track_contribution/role /m/05148p4 1 1 1 1 1 1
/m/06ncr /music/performance_role/track_performances./music/track_contribution/role /m/016622 27 1 0 1 0 1
/m/06ncr /music/performance_role/track_performances./music/track_contribution/role /m/0dwr4 27 1 0 1 0 1
/m/0dwr4 /music/performance_role/track_performances./music/track_contribution/role /m/02dlh2 8 1 1 1 0 1
/m/0gghm /music/performance_role/track_performances./music/track_contribution/role /m/0214km 21 1 0 1 0 1
