/m/0jhn7 /olympics/olympic_games/athletes./olympics/olympic_athlete_affiliation/country /m/09c7w0 1 1 1 1 1 1
/m/06sks6 /olympics/olympic_games/athletes./olympics/olympic_athlete_affiliation/country /m/06t8v 88 1 0 1 0 1
/m/0lv1x /olympics/olympic_games/athletes./olympics/olympic_athlete_affiliation/country /m/059j2 2 1 1 1 0 1
/m/06sks6 /olympics/olympic_games/athletes./olympics/olympic_athlete_affiliation/country /m/015fr 47 1 0 1 0 1
/m/06sks6 /olympics/olympic_games/athletes./olympics/olympic_athlete_affiliation/country /m/016wzw 57 1 0 1 0 1
/m/0l6ny /olympics/olympic_games/athletes./olympics/olympic_athlete_affiliation/country /m/0f8l9c 3 1 1 1 0 1
/m/0kbvv /olympics/olympic_games/athletes./olympics/olympic_athlete_affiliation/country /m/0165b 57 9 0 1 0 0
/m/018wrk /olympics/olympic_games/athletes./olympics/olympic_athlete_affiliation/country /m/03rjj 4 1 1 1 0 1
/m/0kbws /olympics/olympic_games/athletes./olympics/olympic_athlete_affiliation/country /m/0ctw_b 47 7 0 1 0 0
/m/0swff /olympics/olympic_games/athletes./olympics/olympic_athlete_affiliation/country /m/03rjj 4 1 1 1 0 1
/m/0l6vl /olympics/olympic_games/athletes./olympics/olympic_athlete_affiliation/country /m/06c1y 16 3 0 1 0 0
/m/0kbvv /olympics/olympic_games/athletes./olympics/olympic_athlete_affiliation/country /m/03rk0 50 9 0 1 0 0
/m/0kbvv /olympics/olympic_games/athletes./olympics/olympic_athlete_affiliation/country /m/07t21 41 5 0 1 0 0
/m/0kbws /olympics/olympic_games/athletes./olympics/olympic_athlete_affiliation/country /m/03rk0 59 11 0 0 0 0
/m/0kbvv /olympics/olympic_games/athletes./olympics/olympic_athlete_affiliation/country /m/06qd3 17 1 0 1 0 1
/m/0kbvv /olympics/olympic_games/athletes./olympics/olympic_athlete_affiliation/country /m/0345h 34 3 0 1 0 0
/m/0l6mp /olympics/olympic_games/athletes./olympics/olympic_athlete_affiliation/country /m/05vz3zq 14 1 0 1 0 1
/m/018ctl /olympics/olympic_games/athletes./olympics/olympic_athlete_affiliation/country /m/0k6nt 12 1 0 1 0 1
/m/06sks6 /olympics/olympic_games/athletes./olympics/olympic_athlete_affiliation/country /m/03_3d 25 1 0 1 0 1
/m/018ljb /olympics/olympic_games/athletes./olympics/olympic_athlete_affiliation/country /m/09c7w0 1 1 1 1 1 1
/m/0kbws /olympics/olympic_games/athletes./olympics/olympic_athlete_affiliation/country /m/03_3d 32 3 0 1 0 0
/m/06sks6 /olympics/olympic_games/athletes./olympics/olympic_athlete_affiliation/country /m/05sb1 117 5 0 1 0 0
/m/0jdk_ /olympics/olympic_games/athletes./olympics/olympic_athlete_affiliation/country /m/015fr 37 12 0 0 0 0
/m/0lbbj /olympics/olympic_games/athletes./olympics/olympic_athlete_affiliation/country /m/05vz3zq 7 1 1 1 0 1
/m/0kbws /olympics/olympic_games/athletes./olympics/olympic_athlete_affiliation/country /m/0161c 77 11 0 0 0 0
/m/0swbd /olympics/olympic_games/athletes./olympics/olympic_athlete_affiliation/country /m/03rk0 61 31 0 0 0 0
/m/06sks6 /olympics/olympic_games/athletes./olympics/olympic_athlete_affiliation/country /m/07dvs 149 9 0 1 0 0
/m/06sks6 /olympics/olympic_games/athletes./olympics/olympic_athlete_affiliation/country /m/06sff 129 7 0 1 0 0
/m/09n48 /olympics/olympic_games/athletes./olympics/olympic_athlete_affiliation/country /m/06npd 36 4 0 1 0 0
/m/0swbd /olympics/olympic_games/athletes./olympics/olympic_athlete_affiliation/country /m/059j2 27 4 0 1 0 0
/m/0kbvv /olympics/olympic_games/athletes./olympics/olympic_athlete_affiliation/country /m/0hg5 56 9 0 1 0 0
/m/06sks6 /olympics/olympic_games/athletes./olympics/olympic_athlete_affiliation/country /m/05l8y 156 9 0 1 0 0
/m/06sks6 /olympics/olympic_games/athletes./olympics/olympic_athlete_affiliation/country /m/02khs 186 13 0 0 0 0
/m/06sks6 /olympics/olympic_games/athletes./olympics/olympic_athlete_affiliation/country /m/027rn 132 8 0 1 0 0
/m/0l6mp /olympics/olympic_games/athletes./olympics/olympic_athlete_affiliation/country /m/0f8l9c 5 1 1 1 0 1
/m/0124ld /olympics/olympic_games/athletes./olympics/olympic_athlete_affiliation/country /m/05b4w 3 1 1 1 0 1
/m/0kbvb /olympics/olympic_games/athletes./olympics/olympic_athlete_affiliation/country /m/035qy 11 1 0 1 0 1
/m/01f1jf /olympics/olympic_games/athletes./olympics/olympic_athlete_affiliation/country /m/07ssc 1 1 1 1 1 1
/m/0swbd /olympics/olympic_games/athletes./olympics/olympic_athlete_affiliation/country /m/0f8l9c 17 2 0 1 0 0
/m/018ctl /olympics/olympic_games/athletes./olympics/olympic_athlete_affiliation/country /m/02vzc 9 1 1 1 0 1
/m/018ctl /olympics/olympic_games/athletes./olympics/olympic_athlete_affiliation/country /m/04g5k 30 2 0 1 0 0
/m/018ctl /olympics/olympic_games/athletes./olympics/olympic_athlete_affiliation/country /m/0345h 17 2 0 1 0 0
/m/0kbws /olympics/olympic_games/athletes./olympics/olympic_athlete_affiliation/country /m/0154j 46 7 0 1 0 0
/m/0kbvv /olympics/olympic_games/athletes./olympics/olympic_athlete_affiliation/country /m/0d0kn 51 9 0 1 0 0
/m/06sks6 /olympics/olympic_games/athletes./olympics/olympic_athlete_affiliation/country /m/034m8 183 13 0 0 0 0
/m/0kbvb /olympics/olympic_games/athletes./olympics/olympic_athlete_affiliation/country /m/0d0vqn 54 7 0 1 0 0
/m/0kbws /olympics/olympic_games/athletes./olympics/olympic_athlete_affiliation/country /m/07t21 61 11 0 0 0 0
/m/0blg2 /olympics/olympic_games/athletes./olympics/olympic_athlete_affiliation/country /m/03gj2 26 16 0 0 0 0
/m/0l6m5 /olympics/olympic_games/athletes./olympics/olympic_athlete_affiliation/country /m/09c7w0 9 1 1 1 0 1
/m/018ctl /olympics/olympic_games/athletes./olympics/olympic_athlete_affiliation/country /m/077qn 29 2 0 1 0 0
/m/0jhn7 /olympics/olympic_games/athletes./olympics/olympic_athlete_affiliation/country /m/01pj7 18 1 0 1 0 1
/m/06sks6 /olympics/olympic_games/athletes./olympics/olympic_athlete_affiliation/country /m/0d05q4 165 12 0 0 0 0
/m/09n48 /olympics/olympic_games/athletes./olympics/olympic_athlete_affiliation/country /m/03h64 51 11 0 0 0 0
/m/0kbws /olympics/olympic_games/athletes./olympics/olympic_athlete_affiliation/country /m/05v10 78 11 0 0 0 0
/m/06sks6 /olympics/olympic_games/athletes./olympics/olympic_athlete_affiliation/country /m/04g5k 121 7 0 1 0 0
/m/0l6mp /olympics/olympic_games/athletes./olympics/olympic_athlete_affiliation/country /m/0d060g 8 1 1 1 0 1
/m/0kbvb /olympics/olympic_games/athletes./olympics/olympic_athlete_affiliation/country /m/0chghy 5 1 1 1 0 1
/m/0kbvb /olympics/olympic_games/athletes./olympics/olympic_athlete_affiliation/country /m/0345h 48 3 0 1 0 0
/m/0lbd9 /olympics/olympic_games/athletes./olympics/olympic_athlete_affiliation/country /m/03f2w 8 1 1 1 0 1
/m/0lgxj /olympics/olympic_games/athletes./olympics/olympic_athlete_affiliation/country /m/0chghy 4 1 1 1 0 1
/m/09n48 /olympics/olympic_games/athletes./olympics/olympic_athlete_affiliation/country /m/01pj7 34 3 0 1 0 0
/m/0kbws /olympics/olympic_games/athletes./olympics/olympic_athlete_affiliation/country /m/05qhw 42 6 0 1 0 0
/m/09x3r /olympics/olympic_games/athletes./olympics/olympic_athlete_affiliation/country /m/02jx1 6 1 1 1 0 1
/m/0c_tl /olympics/olympic_games/athletes./olympics/olympic_athlete_affiliation/country /m/0345h 1 1 1 1 1 1
/m/06sks6 /olympics/olympic_games/athletes./olympics/olympic_athlete_affiliation/country /m/0166b 128 7 0 1 0 0
/m/06sks6 /olympics/olympic_games/athletes./olympics/olympic_athlete_affiliation/country /m/02lx0 193 13 0 0 0 0
/m/06sks6 /olympics/olympic_games/athletes./olympics/olympic_athlete_affiliation/country /m/07fsv 185 13 0 0 0 0
/m/0l6mp /olympics/olympic_games/athletes./olympics/olympic_athlete_affiliation/country /m/087vz 13 1 0 1 0 1
/m/0lgxj /olympics/olympic_games/athletes./olympics/olympic_athlete_affiliation/country /m/0d0vqn 9 1 1 1 0 1
/m/0kbvb /olympics/olympic_games/athletes./olympics/olympic_athlete_affiliation/country /m/06mzp 20 1 0 1 0 1
/m/0sxrz /olympics/olympic_games/athletes./olympics/olympic_athlete_affiliation/country /m/0chghy 6 1 1 1 0 1
/m/0lbd9 /olympics/olympic_games/athletes./olympics/olympic_athlete_affiliation/country /m/03rjj 4 1 1 1 0 1
/m/0kbws /olympics/olympic_games/athletes./olympics/olympic_athlete_affiliation/country /m/0jdx 81 11 0 0 0 0
/m/0jhn7 /olympics/olympic_games/athletes./olympics/olympic_athlete_affiliation/country /m/059j2 6 1 1 1 0 1
/m/0kbws /olympics/olympic_games/athletes./olympics/olympic_athlete_affiliation/country /m/027rn 117 33 0 0 0 0
/m/06sks6 /olympics/olympic_games/athletes./olympics/olympic_athlete_affiliation/country /m/01p8s 150 9 0 1 0 0
/m/0l6m5 /olympics/olympic_games/athletes./olympics/olympic_athlete_affiliation/country /m/03spz 57 38 0 0 0 0
/m/0kbws /olympics/olympic_games/athletes./olympics/olympic_athlete_affiliation/country /m/06mzp 48 7 0 1 0 0
/m/0lgxj /olympics/olympic_games/athletes./olympics/olympic_athlete_affiliation/country /m/0345h 11 1 0 1 0 1
/m/06sks6 /olympics/olympic_games/athletes./olympics/olympic_athlete_affiliation/country /m/01n6c 205 18 0 0 0 0
/m/0lgxj /olympics/olympic_games/athletes./olympics/olympic_athlete_affiliation/country /m/059j2 10 1 1 1 0 1
/m/06sks6 /olympics/olympic_games/athletes./olympics/olympic_athlete_affiliation/country /m/03h2c 153 9 0 1 0 0
/m/06sks6 /olympics/olympic_games/athletes./olympics/olympic_athlete_affiliation/country /m/03_r3 103 3 0 1 0 0
/m/09n48 /olympics/olympic_games/athletes./olympics/olympic_athlete_affiliation/country /m/0d05w3 27 2 0 1 0 0
/m/06sks6 /olympics/olympic_games/athletes./olympics/olympic_athlete_affiliation/country /m/0hdx8 194 13 0 0 0 0
/m/0l998 /olympics/olympic_games/athletes./olympics/olympic_athlete_affiliation/country /m/0154j 4 1 1 1 0 1
/m/0l98s /olympics/olympic_games/athletes./olympics/olympic_athlete_affiliation/country /m/059j2 7 1 1 1 0 1
/m/06sks6 /olympics/olympic_games/athletes./olympics/olympic_athlete_affiliation/country /m/0d0vqn 77 1 0 1 0 1
/m/06sks6 /olympics/olympic_games/athletes./olympics/olympic_athlete_affiliation/country /m/0h8d 209 18 0 0 0 0
/m/06sks6 /olympics/olympic_games/athletes./olympics/olympic_athlete_affiliation/country /m/04vs9 151 9 0 1 0 0
/m/018ctl /olympics/olympic_games/athletes./olympics/olympic_athlete_affiliation/country /m/06srk 43 2 0 1 0 0
/m/0kbws /olympics/olympic_games/athletes./olympics/olympic_athlete_affiliation/country /m/03rjj 18 1 0 1 0 1
/m/018ctl /olympics/olympic_games/athletes./olympics/olympic_athlete_affiliation/country /m/03rjj 47 2 0 1 0 0
/m/06sks6 /olympics/olympic_games/athletes./olympics/olympic_athlete_affiliation/country /m/06m_5 170 12 0 0 0 0
/m/018ctl /olympics/olympic_games/athletes./olympics/olympic_athlete_affiliation/country /m/06mzp 20 2 0 1 0 0
