/m/02lpp7 /olympics/olympic_medal/medal_winners./olympics/olympic_medal_honor/country /m/01ls2 104 15 0 0 0 0
/m/02lq5w /olympics/olympic_medal/medal_winners./olympics/olympic_medal_honor/country /m/088vb 105 9 0 1 0 0
/m/02lq67 /olympics/olympic_medal/medal_winners./olympics/olympic_medal_honor/country /m/077qn 91 5 0 1 0 0
/m/02lpp7 /olympics/olympic_medal/medal_winners./olympics/olympic_medal_honor/country /m/02vzc 47 2 0 1 0 0
/m/02lq67 /olympics/olympic_medal/medal_winners./olympics/olympic_medal_honor/country /m/05cgv 115 14 0 0 0 0
/m/02lq67 /olympics/olympic_medal/medal_winners./olympics/olympic_medal_honor/country /m/0d0kn 82 2 0 1 0 0
/m/02lpp7 /olympics/olympic_medal/medal_winners./olympics/olympic_medal_honor/country /m/03_r3 88 10 0 1 0 0
/m/02lq5w /olympics/olympic_medal/medal_winners./olympics/olympic_medal_honor/country /m/01p8s 113 13 0 0 0 0
/m/02lq5w /olympics/olympic_medal/medal_winners./olympics/olympic_medal_honor/country /m/05qhw 76 2 0 1 0 0
/m/02lq5w /olympics/olympic_medal/medal_winners./olympics/olympic_medal_honor/country /m/07tp2 99 9 0 1 0 0
/m/02lq67 /olympics/olympic_medal/medal_winners./olympics/olympic_medal_honor/country /m/01znc_ 96 5 0 1 0 0
/m/02lq67 /olympics/olympic_medal/medal_winners./olympics/olympic_medal_honor/country /m/0697s 122 15 0 0 0 0
/m/02lpp7 /olympics/olympic_medal/medal_winners./olympics/olympic_medal_honor/country /m/05b4w 65 2 0 1 0 0
/m/02lq5w /olympics/olympic_medal/medal_winners./olympics/olympic_medal_honor/country /m/03rjj 65 2 0 1 0 0
/m/02lpp7 /olympics/olympic_medal/medal_winners./olympics/olympic_medal_honor/country /m/03gj2 51 2 0 1 0 0
/m/02lq5w /olympics/olympic_medal/medal_winners./olympics/olympic_medal_honor/country /m/06bnz 78 3 0 1 0 0
/m/02lq67 /olympics/olympic_medal/medal_winners./olympics/olympic_medal_honor/country /m/06t8v 87 3 0 1 0 0
/m/02lq67 /olympics/olympic_medal/medal_winners./olympics/olympic_medal_honor/country /m/06npd 98 5 0 1 0 0
/m/02lpp7 /olympics/olympic_medal/medal_winners./olympics/olympic_medal_honor/country /m/07f1x 103 15 0 0 0 0
/m/02lq5w /olympics/olympic_medal/medal_winners./olympics/olympic_medal_honor/country /m/04j53 70 2 0 1 0 0
/m/02lq67 /olympics/olympic_medal/medal_winners./olympics/olympic_medal_honor/country /m/07dvs 121 15 0 0 0 0
/m/02lpp7 /olympics/olympic_medal/medal_winners./olympics/olympic_medal_honor/country /m/016wzw 86 10 0 1 0 0
/m/02lq5w /olympics/olympic_medal/medal_winners./olympics/olympic_medal_honor/country /m/01mk6 98 9 0 1 0 0
/m/02lq67 /olympics/olympic_medal/medal_winners./olympics/olympic_medal_honor/country /m/088vb 123 15 0 0 0 0
/m/02lpp7 /olympics/olympic_medal/medal_winners./olympics/olympic_medal_honor/country /m/015fr 61 2 0 1 0 0
/m/02lq5w /olympics/olympic_medal/medal_winners./olympics/olympic_medal_honor/country /m/0d0kn 80 3 0 1 0 0
/m/02lq67 /olympics/olympic_medal/medal_winners./olympics/olympic_medal_honor/country /m/05v8c 97 5 0 1 0 0
/m/02lq67 /olympics/olympic_medal/medal_winners./olympics/olympic_medal_honor/country /m/059j2 61 1 0 1 0 1
/m/02lpp7 /olympics/olympic_medal/medal_winners./olympics/olympic_medal_honor/country /m/077qn 70 2 0 1 0 0
/m/02lq5w /olympics/olympic_medal/medal_winners./olympics/olympic_medal_honor/country /m/03spz 63 2 0 1 0 0
/m/02lq67 /olympics/olympic_medal/medal_winners./olympics/olympic_medal_honor/country /m/04w8f 75 1 0 1 0 1
/m/02lq67 /olympics/olympic_medal/medal_winners./olympics/olympic_medal_honor/country /m/09c7w0 60 1 0 1 0 1
/m/02lq5w /olympics/olympic_medal/medal_winners./olympics/olympic_medal_honor/country /m/0154j 67 2 0 1 0 0
/m/02lpp7 /olympics/olympic_medal/medal_winners./olympics/olympic_medal_honor/country /m/0f8l9c 55 2 0 1 0 0
/m/02lpp7 /olympics/olympic_medal/medal_winners./olympics/olympic_medal_honor/country /m/04j53 84 9 0 1 0 0
/m/02lq5w /olympics/olympic_medal/medal_winners./olympics/olympic_medal_honor/country /m/05cgv 104 9 0 1 0 0
/m/02lq5w /olympics/olympic_medal/medal_winners./olympics/olympic_medal_honor/country /m/0d05w3 71 2 0 1 0 0
/m/02lq5w /olympics/olympic_medal/medal_winners./olympics/olympic_medal_honor/country /m/03ryn 110 13 0 0 0 0
