/m/01sgl /olympics/olympic_sport/athletes./olympics/olympic_athlete_affiliation/olympics /m/0nbjq 18 1 0 1 0 1
/m/07jjt /olympics/olympic_sport/athletes./olympics/olympic_athlete_affiliation/olympics /m/0kbws 9 1 1 1 0 1
/m/09_9n /olympics/olympic_sport/athletes./olympics/olympic_athlete_affiliation/olympics /m/09n48 4 1 1 1 0 1
/m/07jjt /olympics/olympic_sport/athletes./olympics/olympic_athlete_affiliation/olympics /m/0kbvb 10 1 1 1 0 1
/m/0crlz /olympics/olympic_sport/athletes./olympics/olympic_athlete_affiliation/olympics /m/06sks6 6 1 1 1 0 1
/m/03tmr /olympics/olympic_sport/athletes./olympics/olympic_athlete_affiliation/olympics /m/0swbd 4 1 1 1 0 1
/m/06z6r /olympics/olympic_sport/athletes./olympics/olympic_athlete_affiliation/olympics /m/0kbvb 11 1 0 1 0 1
/m/02bkg /olympics/olympic_sport/athletes./olympics/olympic_athlete_affiliation/olympics /m/0lbd9 10 1 1 1 0 1
/m/01hp22 /olympics/olympic_sport/athletes./olympics/olympic_athlete_affiliation/olympics /m/0jdk_ 7 1 1 1 0 1
/m/01gqfm /olympics/olympic_sport/athletes./olympics/olympic_athlete_affiliation/olympics /m/0jhn7 5 1 1 1 0 1
/m/02bkg /olympics/olympic_sport/athletes./olympics/olympic_athlete_affiliation/olympics /m/0l6m5 13 1 0 1 0 1
/m/019tzd /olympics/olympic_sport/athletes./olympics/olympic_athlete_affiliation/olympics /m/0jdk_ 3 1 1 1 0 1
/m/0bynt /olympics/olympic_sport/athletes./olympics/olympic_athlete_affiliation/olympics /m/018qb4 21 1 0 1 0 1
/m/07jbh /olympics/olympic_sport/athletes./olympics/olympic_athlete_affiliation/olympics /m/0jhn7 5 1 1 1 0 1
/m/071t0 /olympics/olympic_sport/athletes./olympics/olympic_athlete_affiliation/olympics /m/0blg2 7 1 1 1 0 1
/m/01gqfm /olympics/olympic_sport/athletes./olympics/olympic_athlete_affiliation/olympics /m/0kbvb 4 1 1 1 0 1
/m/02y8z /olympics/olympic_sport/athletes./olympics/olympic_athlete_affiliation/olympics /m/018qb4 9 1 1 1 0 1
/m/01sgl /olympics/olympic_sport/athletes./olympics/olympic_athlete_affiliation/olympics /m/0l6m5 14 1 0 1 0 1
/m/02vx4 /olympics/olympic_sport/athletes./olympics/olympic_athlete_affiliation/olympics /m/0jhn7 11 1 0 1 0 1
/m/01dys /olympics/olympic_sport/athletes./olympics/olympic_athlete_affiliation/olympics /m/0swff 5 1 1 1 0 1
/m/03hr1p /olympics/olympic_sport/athletes./olympics/olympic_athlete_affiliation/olympics /m/0l98s 12 1 0 1 0 1
/m/0bynt /olympics/olympic_sport/athletes./olympics/olympic_athlete_affiliation/olympics /m/0ldqf 13 1 0 1 0 1
/m/09_94 /olympics/olympic_sport/athletes./olympics/olympic_athlete_affiliation/olympics /m/018ctl 2 1 1 1 0 1
/m/01gqfm /olympics/olympic_sport/athletes./olympics/olympic_athlete_affiliation/olympics /m/06sks6 3 1 1 1 0 1
/m/02bkg /olympics/olympic_sport/athletes./olympics/olympic_athlete_affiliation/olympics /m/0lgxj 11 1 0 1 0 1
/m/0crlz /olympics/olympic_sport/athletes./olympics/olympic_athlete_affiliation/olympics /m/018wrk 12 2 0 1 0 0
/m/0d1t3 /olympics/olympic_sport/athletes./olympics/olympic_athlete_affiliation/olympics /m/0kbws 4 1 1 1 0 1
/m/0486tv /olympics/olympic_sport/athletes./olympics/olympic_athlete_affiliation/olympics /m/0kbws 4 1 1 1 0 1
/m/071t0 /olympics/olympic_sport/athletes./olympics/olympic_athlete_affiliation/olympics /m/0jdk_ 4 1 1 1 0 1
/m/018w8 /olympics/olympic_sport/athletes./olympics/olympic_athlete_affiliation/olympics /m/0lgxj 20 9 0 1 0 0
/m/071t0 /olympics/olympic_sport/athletes./olympics/olympic_athlete_affiliation/olympics /m/0l6mp 11 4 0 1 0 0
/m/09_94 /olympics/olympic_sport/athletes./olympics/olympic_athlete_affiliation/olympics /m/0swff 3 1 1 1 0 1
/m/09w1n /olympics/olympic_sport/athletes./olympics/olympic_athlete_affiliation/olympics /m/019n8z 11 3 0 1 0 0
/m/02vx4 /olympics/olympic_sport/athletes./olympics/olympic_athlete_affiliation/olympics /m/06sks6 5 1 1 1 0 1
/m/06z6r /olympics/olympic_sport/athletes./olympics/olympic_athlete_affiliation/olympics /m/0l6ny 12 1 0 1 0 1
/m/07bs0 /olympics/olympic_sport/athletes./olympics/olympic_athlete_affiliation/olympics /m/06sks6 3 1 1 1 0 1
