/m/04w58 /olympics/olympic_participating_country/athletes./olympics/olympic_athlete_affiliation/sport /m/09w1n 3 1 1 1 0 1
/m/0h7x /olympics/olympic_participating_country/athletes./olympics/olympic_athlete_affiliation/sport /m/09_bl 24 2 0 1 0 0
/m/04wgh /olympics/olympic_participating_country/athletes./olympics/olympic_athlete_affiliation/sport /m/07gyv 22 8 0 1 0 0
/m/07t_x /olympics/olympic_participating_country/athletes./olympics/olympic_athlete_affiliation/sport /m/0bynt 14 1 0 1 0 1
/m/07ssc /olympics/olympic_participating_country/athletes./olympics/olympic_athlete_affiliation/sport /m/02y74 34 1 0 1 0 1
/m/01c4pv /olympics/olympic_participating_country/athletes./olympics/olympic_athlete_affiliation/sport /m/03_8r 3 1 1 1 0 1
/m/0d060g /olympics/olympic_participating_country/athletes./olympics/olympic_athlete_affiliation/sport /m/064vjs 18 1 0 1 0 1
/m/06npd /olympics/olympic_participating_country/athletes./olympics/olympic_athlete_affiliation/sport /m/03_8r 3 1 1 1 0 1
/m/03_3d /olympics/olympic_participating_country/athletes./olympics/olympic_athlete_affiliation/sport /m/019w9j 42 5 0 1 0 0
/m/05cgv /olympics/olympic_participating_country/athletes./olympics/olympic_athlete_affiliation/sport /m/07jbh 2 1 1 1 0 1
/m/05qhw /olympics/olympic_participating_country/athletes./olympics/olympic_athlete_affiliation/sport /m/0bynt 10 1 1 1 0 1
/m/016wzw /olympics/olympic_participating_country/athletes./olympics/olympic_athlete_affiliation/sport /m/03fyrh 13 1 0 1 0 1
/m/0chghy /olympics/olympic_participating_country/athletes./olympics/olympic_athlete_affiliation/sport /m/01z27 22 1 0 1 0 1
/m/01p8s /olympics/olympic_participating_country/athletes./olympics/olympic_athlete_affiliation/sport /m/03_8r 5 1 1 1 0 1
/m/04vjh /olympics/olympic_participating_country/athletes./olympics/olympic_athlete_affiliation/sport /m/071t0 5 4 1 1 0 0
/m/0d060g /olympics/olympic_participating_country/athletes./olympics/olympic_athlete_affiliation/sport /m/01cgz 43 1 0 1 0 1
/m/059j2 /olympics/olympic_participating_country/athletes./olympics/olympic_athlete_affiliation/sport /m/06wrt 13 2 0 1 0 0
/m/03rk0 /olympics/olympic_participating_country/athletes./olympics/olympic_athlete_affiliation/sport /m/09f6b 13 1 0 1 0 1
/m/05c74 /olympics/olympic_participating_country/athletes./olympics/olympic_athlete_affiliation/sport /m/03fyrh 6 2 1 1 0 0
/m/0h7x /olympics/olympic_participating_country/athletes./olympics/olympic_athlete_affiliation/sport /m/06wrt 15 2 0 1 0 0
/m/0chghy /olympics/olympic_participating_country/athletes./olympics/olympic_athlete_affiliation/sport /m/09qgm 30 1 0 1 0 1
/m/07ssc /olympics/olympic_participating_country/athletes./olympics/olympic_athlete_affiliation/sport /m/03krj 29 1 0 1 0 1
/m/05r4w /olympics/olympic_participating_country/athletes./olympics/olympic_athlete_affiliation/sport /m/03hr1p 10 2 1 1 0 0
/m/05v8c /olympics/olympic_participating_country/athletes./olympics/olympic_athlete_affiliation/sport /m/071t0 3 1 1 1 0 1
/m/0d060g /olympics/olympic_participating_country/athletes./olympics/olympic_athlete_affiliation/sport /m/01yfj 38 1 0 1 0 1
/m/087vz /olympics/olympic_participating_country/athletes./olympics/olympic_athlete_affiliation/sport /m/018w8 4 4 1 1 0 0
/m/05b4w /olympics/olympic_participating_country/athletes./olympics/olympic_athlete_affiliation/sport /m/0d1t3 39 13 0 0 0 0
/m/07ww5 /olympics/olympic_participating_country/athletes./olympics/olympic_athlete_affiliation/sport /m/06wrt 2 1 1 1 0 1
/m/02vzc /olympics/olympic_participating_country/athletes./olympics/olympic_athlete_affiliation/sport /m/0bynt 8 1 1 1 0 1
/m/0jgd /olympics/olympic_participating_country/athletes./olympics/olympic_athlete_affiliation/sport /m/01lb14 8 1 1 1 0 1
/m/0f8l9c /olympics/olympic_participating_country/athletes./olympics/olympic_athlete_affiliation/sport /m/03hr1p 13 1 0 1 0 1
/m/01nln /olympics/olympic_participating_country/athletes./olympics/olympic_athlete_affiliation/sport /m/07jbh 9 3 1 1 0 0
/m/0d0vqn /olympics/olympic_participating_country/athletes./olympics/olympic_athlete_affiliation/sport /m/0bynt 8 1 1 1 0 1
/m/09c7w0 /olympics/olympic_participating_country/athletes./olympics/olympic_athlete_affiliation/sport /m/03tmr 37 2 0 1 0 0
/m/06srk /olympics/olympic_participating_country/athletes./olympics/olympic_athlete_affiliation/sport /m/0486tv 3 1 1 1 0 1
/m/07f1x /olympics/olympic_participating_country/athletes./olympics/olympic_athlete_affiliation/sport /m/0d1tm 16 1 0 1 0 1
/m/03spz /olympics/olympic_participating_country/athletes./olympics/olympic_athlete_affiliation/sport /m/06z6r 4 1 1 1 0 1
/m/0b90_r /olympics/olympic_participating_country/athletes./olympics/olympic_athlete_affiliation/sport /m/01sgl 13 1 0 1 0 1
/m/04w4s /olympics/olympic_participating_country/athletes./olympics/olympic_athlete_affiliation/sport /m/03_8r 4 1 1 1 0 1
/m/05qhw /olympics/olympic_participating_country/athletes./olympics/olympic_athlete_affiliation/sport /m/03krj 41 5 0 1 0 0
/m/06c1y /olympics/olympic_participating_country/athletes./olympics/olympic_athlete_affiliation/sport /m/02vx4 18 1 0 1 0 1
/m/082fr /olympics/olympic_participating_country/athletes./olympics/olympic_athlete_affiliation/sport /m/06z6r 3 2 1 1 0 0
/m/07t_x /olympics/olympic_participating_country/athletes./olympics/olympic_athlete_affiliation/sport /m/02y8z 11 1 0 1 0 1
/m/0hzlz /olympics/olympic_participating_country/athletes./olympics/olympic_athlete_affiliation/sport /m/06z6r 9 1 1 1 0 1
/m/0d060g /olympics/olympic_participating_country/athletes./olympics/olympic_athlete_affiliation/sport /m/02y8z 22 1 0 1 0 1
/m/0jhd /olympics/olympic_participating_country/athletes./olympics/olympic_athlete_affiliation/sport /m/02_5h 41 26 0 0 0 0
/m/06t8v /olympics/olympic_participating_country/athletes./olympics/olympic_athlete_affiliation/sport /m/03hr1p 10 1 1 1 0 1
/m/06c1y /olympics/olympic_participating_country/athletes./olympics/olympic_athlete_affiliation/sport /m/02_5h 25 1 0 1 0 1
/m/01699 /olympics/olympic_participating_country/athletes./olympics/olympic_athlete_affiliation/sport /m/01cgz 1 1 1 1 1 1
/m/04xn_ /olympics/olympic_participating_country/athletes./olympics/olympic_athlete_affiliation/sport /m/0bynt 6 1 1 1 0 1
/m/06qd3 /olympics/olympic_participating_country/athletes./olympics/olympic_athlete_affiliation/sport /m/0dwxr 14 1 0 1 0 1
/m/0b90_r /olympics/olympic_participating_country/athletes./olympics/olympic_athlete_affiliation/sport /m/0bynt 9 1 1 1 0 1
/m/0d05q4 /olympics/olympic_participating_country/athletes./olympics/olympic_athlete_affiliation/sport /m/06f41 7 1 1 1 0 1
/m/09c7w0 /olympics/olympic_participating_country/athletes./olympics/olympic_athlete_affiliation/sport /m/0486tv 12 1 0 1 0 1
/m/0jhd /olympics/olympic_participating_country/athletes./olympics/olympic_athlete_affiliation/sport /m/07gyv 8 1 1 1 0 1
/m/01mjq /olympics/olympic_participating_country/athletes./olympics/olympic_athlete_affiliation/sport /m/0194d 9 1 1 1 0 1
/m/0d04z6 /olympics/olympic_participating_country/athletes./olympics/olympic_athlete_affiliation/sport /m/0486tv 6 1 1 1 0 1
/m/0165v /olympics/olympic_participating_country/athletes./olympics/olympic_athlete_affiliation/sport /m/03rbzn 7 2 1 1 0 0
/m/06mkj /olympics/olympic_participating_country/athletes./olympics/olympic_athlete_affiliation/sport /m/01hp22 13 1 0 1 0 1
/m/04tr1 /olympics/olympic_participating_country/athletes./olympics/olympic_athlete_affiliation/sport /m/0bynt 2 1 1 1 0 1
/m/047lj /olympics/olympic_participating_country/athletes./olympics/olympic_athlete_affiliation/sport /m/071t0 2 1 1 1 0 1
/m/06t8v /olympics/olympic_participating_country/athletes./olympics/olympic_athlete_affiliation/sport /m/02_5h 20 1 0 1 0 1
/m/06f32 /olympics/olympic_participating_country/athletes./olympics/olympic_athlete_affiliation/sport /m/02y8z 24 7 0 1 0 0
/m/0jgx /olympics/olympic_participating_country/athletes./olympics/olympic_athlete_affiliation/sport /m/07gyv 16 5 0 1 0 0
/m/03_3d /olympics/olympic_participating_country/athletes./olympics/olympic_athlete_affiliation/sport /m/018jz 33 1 0 1 0 1
/m/05b4w /olympics/olympic_participating_country/athletes./olympics/olympic_athlete_affiliation/sport /m/03rbzn 17 2 0 1 0 0
/m/01nqj /olympics/olympic_participating_country/athletes./olympics/olympic_athlete_affiliation/sport /m/03_8r 5 2 1 1 0 0
/m/0h7x /olympics/olympic_participating_country/athletes./olympics/olympic_athlete_affiliation/sport /m/035d1m 20 2 0 1 0 0
/m/01z215 /olympics/olympic_participating_country/athletes./olympics/olympic_athlete_affiliation/sport /m/071t0 2 1 1 1 0 1
/m/04g5k /olympics/olympic_participating_country/athletes./olympics/olympic_athlete_affiliation/sport /m/03_8r 3 1 1 1 0 1
/m/02k8k /olympics/olympic_participating_country/athletes./olympics/olympic_athlete_affiliation/sport /m/0bynt 5 1 1 1 0 1
/m/0d0vqn /olympics/olympic_participating_country/athletes./olympics/olympic_athlete_affiliation/sport /m/06f41 5 1 1 1 0 1
/m/02k54 /olympics/olympic_participating_country/athletes./olympics/olympic_athlete_affiliation/sport /m/0bynt 14 2 0 1 0 0
/m/01p1v /olympics/olympic_participating_country/athletes./olympics/olympic_athlete_affiliation/sport /m/01sgl 10 1 1 1 0 1
/m/05b7q /olympics/olympic_participating_country/athletes./olympics/olympic_athlete_affiliation/sport /m/07jbh 15 6 0 1 0 0
/m/0h7x /olympics/olympic_participating_country/athletes./olympics/olympic_athlete_affiliation/sport /m/0d1t3 26 2 0 1 0 0
/m/03spz /olympics/olympic_participating_country/athletes./olympics/olympic_athlete_affiliation/sport /m/07bs0 10 2 1 1 0 0
/m/06mkj /olympics/olympic_participating_country/athletes./olympics/olympic_athlete_affiliation/sport /m/03krj 30 1 0 1 0 1
/m/0chghy /olympics/olympic_participating_country/athletes./olympics/olympic_athlete_affiliation/sport /m/0crlz 30 1 0 1 0 1
/m/0chghy /olympics/olympic_participating_country/athletes./olympics/olympic_athlete_affiliation/sport /m/02bkg 31 1 0 1 0 1
/m/0f8l9c /olympics/olympic_participating_country/athletes./olympics/olympic_athlete_affiliation/sport /m/096f8 39 5 0 1 0 0
/m/02k54 /olympics/olympic_participating_country/athletes./olympics/olympic_athlete_affiliation/sport /m/064vjs 26 5 0 1 0 0
/m/03rjj /olympics/olympic_participating_country/athletes./olympics/olympic_athlete_affiliation/sport /m/09wz9 28 1 0 1 0 1
/m/0163v /olympics/olympic_participating_country/athletes./olympics/olympic_athlete_affiliation/sport /m/01dys 22 1 0 1 0 1
/m/07ylj /olympics/olympic_participating_country/athletes./olympics/olympic_athlete_affiliation/sport /m/01cgz 21 1 0 1 0 1
/m/01p1v /olympics/olympic_participating_country/athletes./olympics/olympic_athlete_affiliation/sport /m/07gyv 26 3 0 1 0 0
/m/0345h /olympics/olympic_participating_country/athletes./olympics/olympic_athlete_affiliation/sport /m/0d1t3 41 1 0 1 0 1
/m/01pj7 /olympics/olympic_participating_country/athletes./olympics/olympic_athlete_affiliation/sport /m/0crlz 21 1 0 1 0 1
/m/05b4w /olympics/olympic_participating_country/athletes./olympics/olympic_athlete_affiliation/sport /m/03fyrh 32 8 0 1 0 0
/m/02k54 /olympics/olympic_participating_country/athletes./olympics/olympic_athlete_affiliation/sport /m/01cgz 3 1 1 1 0 1
/m/06mzp /olympics/olympic_participating_country/athletes./olympics/olympic_athlete_affiliation/sport /m/096f8 26 1 0 1 0 1
/m/059j2 /olympics/olympic_participating_country/athletes./olympics/olympic_athlete_affiliation/sport /m/02y8z 15 2 0 1 0 0
/m/03_3d /olympics/olympic_participating_country/athletes./olympics/olympic_athlete_affiliation/sport /m/02bkg 26 1 0 1 0 1
/m/0h7x /olympics/olympic_participating_country/athletes./olympics/olympic_athlete_affiliation/sport /m/09f6b 23 2 0 1 0 0
/m/07t_x /olympics/olympic_participating_country/athletes./olympics/olympic_athlete_affiliation/sport /m/07bs0 22 8 0 1 0 0
/m/02k8k /olympics/olympic_participating_country/athletes./olympics/olympic_athlete_affiliation/sport /m/0w0d 6 1 1 1 0 1
/m/0k6nt /olympics/olympic_participating_country/athletes./olympics/olympic_athlete_affiliation/sport /m/02bkg 33 12 0 0 0 0
/m/04w58 /olympics/olympic_participating_country/athletes./olympics/olympic_athlete_affiliation/sport /m/07rlg 5 1 1 1 0 1
/m/03rj0 /olympics/olympic_participating_country/athletes./olympics/olympic_athlete_affiliation/sport /m/09w1n 12 5 0 1 0 0
/m/0d05w3 /olympics/olympic_participating_country/athletes./olympics/olympic_athlete_affiliation/sport /m/03tmr 33 1 0 1 0 1
/m/0hzlz /olympics/olympic_participating_country/athletes./olympics/olympic_athlete_affiliation/sport /m/071t0 4 1 1 1 0 1
/m/07ssc /olympics/olympic_participating_country/athletes./olympics/olympic_athlete_affiliation/sport /m/0d1tm 27 1 0 1 0 1
/m/05r4w /olympics/olympic_participating_country/athletes./olympics/olympic_athlete_affiliation/sport /m/07gyv 14 2 0 1 0 0
/m/0jgx /olympics/olympic_participating_country/athletes./olympics/olympic_athlete_affiliation/sport /m/0bynt 9 1 1 1 0 1
/m/01n8qg /olympics/olympic_participating_country/athletes./olympics/olympic_athlete_affiliation/sport /m/0bynt 1 1 1 1 1 1
/m/05b4w /olympics/olympic_participating_country/athletes./olympics/olympic_athlete_affiliation/sport /m/09qgm 22 2 0 1 0 0
/m/04g5k /olympics/olympic_participating_country/athletes./olympics/olympic_athlete_affiliation/sport /m/01hp22 9 2 1 1 0 0
/m/07ssc /olympics/olympic_participating_country/athletes./olympics/olympic_athlete_affiliation/sport /m/01cgz 7 1 1 1 0 1
/m/02k54 /olympics/olympic_participating_country/athletes./olympics/olympic_athlete_affiliation/sport /m/07gyv 13 2 0 1 0 0
/m/0j4b /olympics/olympic_participating_country/athletes./olympics/olympic_athlete_affiliation/sport /m/064vjs 5 1 1 1 0 1
/m/07f5x /olympics/olympic_participating_country/athletes./olympics/olympic_athlete_affiliation/sport /m/035d1m 6 1 1 1 0 1
/m/03gj2 /olympics/olympic_participating_country/athletes./olympics/olympic_athlete_affiliation/sport /m/0bynt 10 2 1 1 0 0
/m/059j2 /olympics/olympic_participating_country/athletes./olympics/olympic_athlete_affiliation/sport /m/07rlg 17 2 0 1 0 0
/m/0154j /olympics/olympic_participating_country/athletes./olympics/olympic_athlete_affiliation/sport /m/06wrt 12 2 0 1 0 0
/m/06bnz /olympics/olympic_participating_country/athletes./olympics/olympic_athlete_affiliation/sport /m/01gqfm 37 1 0 1 0 1
/m/05bmq /olympics/olympic_participating_country/athletes./olympics/olympic_athlete_affiliation/sport /m/03fyrh 19 13 0 0 0 0
/m/0d060g /olympics/olympic_participating_country/athletes./olympics/olympic_athlete_affiliation/sport /m/07gyv 17 1 0 1 0 1
/m/059j2 /olympics/olympic_participating_country/athletes./olympics/olympic_athlete_affiliation/sport /m/0w0d 14 2 0 1 0 0
/m/06t8v /olympics/olympic_participating_country/athletes./olympics/olympic_athlete_affiliation/sport /m/03fyrh 16 1 0 1 0 1
/m/06npd /olympics/olympic_participating_country/athletes./olympics/olympic_athlete_affiliation/sport /m/07rlg 16 2 0 1 0 0
/m/05qhw /olympics/olympic_participating_country/athletes./olympics/olympic_athlete_affiliation/sport /m/02_5h 29 1 0 1 0 1
/m/07t21 /olympics/olympic_participating_country/athletes./olympics/olympic_athlete_affiliation/sport /m/071t0 10 2 1 1 0 0
/m/0h7x /olympics/olympic_participating_country/athletes./olympics/olympic_athlete_affiliation/sport /m/07bs0 17 2 0 1 0 0
/m/07fj_ /olympics/olympic_participating_country/athletes./olympics/olympic_athlete_affiliation/sport /m/0bynt 7 1 1 1 0 1
/m/0f8l9c /olympics/olympic_participating_country/athletes./olympics/olympic_athlete_affiliation/sport /m/0dwxr 11 1 0 1 0 1
/m/0hzlz /olympics/olympic_participating_country/athletes./olympics/olympic_athlete_affiliation/sport /m/064vjs 14 1 0 1 0 1
/m/0j1z8 /olympics/olympic_participating_country/athletes./olympics/olympic_athlete_affiliation/sport /m/06z6r 8 2 1 1 0 0
/m/035dk /olympics/olympic_participating_country/athletes./olympics/olympic_athlete_affiliation/sport /m/02vx4 5 2 1 1 0 0
/m/07ylj /olympics/olympic_participating_country/athletes./olympics/olympic_athlete_affiliation/sport /m/01lb14 5 1 1 1 0 1
/m/0345h /olympics/olympic_participating_country/athletes./olympics/olympic_athlete_affiliation/sport /m/03rbzn 25 1 0 1 0 1
/m/09c7w0 /olympics/olympic_participating_country/athletes./olympics/olympic_athlete_affiliation/sport /m/09_9n 36 2 0 1 0 0
/m/0jhd /olympics/olympic_participating_country/athletes./olympics/olympic_athlete_affiliation/sport /m/03fyrh 22 8 0 1 0 0
/m/0162b /olympics/olympic_participating_country/athletes./olympics/olympic_athlete_affiliation/sport /m/071t0 3 1 1 1 0 1
/m/04w58 /olympics/olympic_participating_country/athletes./olympics/olympic_athlete_affiliation/sport /m/06wrt 4 1 1 1 0 1
/m/082fr /olympics/olympic_participating_country/athletes./olympics/olympic_athlete_affiliation/sport /m/01sgl 2 2 1 1 0 0
/m/04gqr /olympics/olympic_participating_country/athletes./olympics/olympic_athlete_affiliation/sport /m/07gyv 10 5 1 1 0 0
/m/0163v /olympics/olympic_participating_country/athletes./olympics/olympic_athlete_affiliation/sport /m/06zgc 25 1 0 1 0 1
/m/06c1y /olympics/olympic_participating_country/athletes./olympics/olympic_athlete_affiliation/sport /m/03hr1p 10 1 1 1 0 1
/m/0jdx /olympics/olympic_participating_country/athletes./olympics/olympic_athlete_affiliation/sport /m/03fyrh 19 14 0 0 0 0
/m/06qd3 /olympics/olympic_participating_country/athletes./olympics/olympic_athlete_affiliation/sport /m/03hr1p 12 1 0 1 0 1
/m/03rjj /olympics/olympic_participating_country/athletes./olympics/olympic_athlete_affiliation/sport /m/01hp22 32 1 0 1 0 1
/m/03676 /olympics/olympic_participating_country/athletes./olympics/olympic_athlete_affiliation/sport /m/03_8r 1 1 1 1 1 1
/m/01rhrd /olympics/olympic_participating_country/athletes./olympics/olympic_athlete_affiliation/sport /m/09w1n 7 6 1 1 0 0
/m/05qhw /olympics/olympic_participating_country/athletes./olympics/olympic_athlete_affiliation/sport /m/07jbh 7 1 1 1 0 1
/m/0k6nt /olympics/olympic_participating_country/athletes./olympics/olympic_athlete_affiliation/sport /m/06wrt 12 2 0 1 0 0
/m/05b4w /olympics/olympic_participating_country/athletes./olympics/olympic_athlete_affiliation/sport /m/0w0d 16 2 0 1 0 0
/m/07t21 /olympics/olympic_participating_country/athletes./olympics/olympic_athlete_affiliation/sport /m/064vjs 16 2 0 1 0 0
/m/07t21 /olympics/olympic_participating_country/athletes./olympics/olympic_athlete_affiliation/sport /m/01z27 24 2 0 1 0 0
/m/0h7x /olympics/olympic_participating_country/athletes./olympics/olympic_athlete_affiliation/sport /m/06zgc 25 2 0 1 0 0
/m/03spz /olympics/olympic_participating_country/athletes./olympics/olympic_athlete_affiliation/sport /m/071t0 2 1 1 1 0 1
/m/06mkj /olympics/olympic_participating_country/athletes./olympics/olympic_athlete_affiliation/sport /m/0w0d 20 1 0 1 0 1
/m/0chghy /olympics/olympic_participating_country/athletes./olympics/olympic_athlete_affiliation/sport /m/06z6r 7 1 1 1 0 1
/m/0f8l9c /olympics/olympic_participating_country/athletes./olympics/olympic_athlete_affiliation/sport /m/06wrt 16 1 0 1 0 1
/m/07t_x /olympics/olympic_participating_country/athletes./olympics/olympic_athlete_affiliation/sport /m/019w9j 13 1 0 1 0 1
/m/04hvw /olympics/olympic_participating_country/athletes./olympics/olympic_athlete_affiliation/sport /m/07gyv 3 1 1 1 0 1
/m/035qy /olympics/olympic_participating_country/athletes./olympics/olympic_athlete_affiliation/sport /m/07jbh 7 1 1 1 0 1
/m/01699 /olympics/olympic_participating_country/athletes./olympics/olympic_athlete_affiliation/sport /m/03_8r 2 1 1 1 0 1
/m/04wgh /olympics/olympic_participating_country/athletes./olympics/olympic_athlete_affiliation/sport /m/01cgz 3 1 1 1 0 1
/m/0jgd /olympics/olympic_participating_country/athletes./olympics/olympic_athlete_affiliation/sport /m/06wrt 19 1 0 1 0 1
/m/0d0vqn /olympics/olympic_participating_country/athletes./olympics/olympic_athlete_affiliation/sport /m/0d1tm 40 9 0 1 0 0
/m/04vs9 /olympics/olympic_participating_country/athletes./olympics/olympic_athlete_affiliation/sport /m/01gqfm 4 1 1 1 0 1
/m/047lj /olympics/olympic_participating_country/athletes./olympics/olympic_athlete_affiliation/sport /m/07bs0 21 3 0 1 0 0
/m/01p1v /olympics/olympic_participating_country/athletes./olympics/olympic_athlete_affiliation/sport /m/03_8r 5 1 1 1 0 1
/m/0d060g /olympics/olympic_participating_country/athletes./olympics/olympic_athlete_affiliation/sport /m/03fyrh 24 1 0 1 0 1
/m/09c7w0 /olympics/olympic_participating_country/athletes./olympics/olympic_athlete_affiliation/sport /m/018jz 35 2 0 1 0 0
/m/01pj7 /olympics/olympic_participating_country/athletes./olympics/olympic_athlete_affiliation/sport /m/071t0 2 1 1 1 0 1
/m/01mjq /olympics/olympic_participating_country/athletes./olympics/olympic_athlete_affiliation/sport /m/01hp22 12 1 0 1 0 1
/m/03676 /olympics/olympic_participating_country/athletes./olympics/olympic_athlete_affiliation/sport /m/0bynt 3 1 1 1 0 1
/m/05qhw /olympics/olympic_participating_country/athletes./olympics/olympic_athlete_affiliation/sport /m/03hr1p 12 1 0 1 0 1
/m/03shp /olympics/olympic_participating_country/athletes./olympics/olympic_athlete_affiliation/sport /m/035d1m 27 9 0 1 0 0
/m/04g61 /olympics/olympic_participating_country/athletes./olympics/olympic_athlete_affiliation/sport /m/071t0 3 2 1 1 0 0
/m/06mkj /olympics/olympic_participating_country/athletes./olympics/olympic_athlete_affiliation/sport /m/02y8z 36 1 0 1 0 1
/m/09pmkv /olympics/olympic_participating_country/athletes./olympics/olympic_athlete_affiliation/sport /m/0bynt 7 3 1 1 0 0
/m/04wgh /olympics/olympic_participating_country/athletes./olympics/olympic_athlete_affiliation/sport /m/06z6r 10 1 1 1 0 1
/m/07ssc /olympics/olympic_participating_country/athletes./olympics/olympic_athlete_affiliation/sport /m/071t0 5 1 1 1 0 1
/m/01xbgx /olympics/olympic_participating_country/athletes./olympics/olympic_athlete_affiliation/sport /m/01cgz 9 5 1 1 0 0
/m/06qd3 /olympics/olympic_participating_country/athletes./olympics/olympic_athlete_affiliation/sport /m/02_5h 22 2 0 1 0 0
/m/03rjj /olympics/olympic_participating_country/athletes./olympics/olympic_athlete_affiliation/sport /m/03hr1p 13 1 0 1 0 1
/m/0154j /olympics/olympic_participating_country/athletes./olympics/olympic_athlete_affiliation/sport /m/07rlg 16 2 0 1 0 0
/m/01znc_ /olympics/olympic_participating_country/athletes./olympics/olympic_athlete_affiliation/sport /m/07gyv 11 2 0 1 0 0
/m/05qhw /olympics/olympic_participating_country/athletes./olympics/olympic_athlete_affiliation/sport /m/019tzd 18 1 0 1 0 1
/m/015fr /olympics/olympic_participating_country/athletes./olympics/olympic_athlete_affiliation/sport /m/096f8 30 2 0 1 0 0
/m/03shp /olympics/olympic_participating_country/athletes./olympics/olympic_athlete_affiliation/sport /m/06z6r 7 1 1 1 0 1
/m/0hzlz /olympics/olympic_participating_country/athletes./olympics/olympic_athlete_affiliation/sport /m/0194d 24 3 0 1 0 0
/m/06bnz /olympics/olympic_participating_country/athletes./olympics/olympic_athlete_affiliation/sport /m/07bs0 22 1 0 1 0 1
/m/0fv4v /olympics/olympic_participating_country/athletes./olympics/olympic_athlete_affiliation/sport /m/0486tv 1 1 1 1 1 1
/m/03rt9 /olympics/olympic_participating_country/athletes./olympics/olympic_athlete_affiliation/sport /m/06z6r 6 1 1 1 0 1
/m/0161c /olympics/olympic_participating_country/athletes./olympics/olympic_athlete_affiliation/sport /m/01lb14 2 1 1 1 0 1
/m/03spz /olympics/olympic_participating_country/athletes./olympics/olympic_athlete_affiliation/sport /m/01hp22 16 3 0 1 0 0
/m/06mkj /olympics/olympic_participating_country/athletes./olympics/olympic_athlete_affiliation/sport /m/02vx4 18 1 0 1 0 1
/m/0chghy /olympics/olympic_participating_country/athletes./olympics/olympic_athlete_affiliation/sport /m/019w9j 41 2 0 1 0 0
/m/0chghy /olympics/olympic_participating_country/athletes./olympics/olympic_athlete_affiliation/sport /m/09wz9 29 1 0 1 0 1
/m/056vv /olympics/olympic_participating_country/athletes./olympics/olympic_athlete_affiliation/sport /m/03fyrh 10 1 1 1 0 1
/m/0f8l9c /olympics/olympic_participating_country/athletes./olympics/olympic_athlete_affiliation/sport /m/01yfj 42 7 0 1 0 0
/m/06bnz /olympics/olympic_participating_country/athletes./olympics/olympic_athlete_affiliation/sport /m/03rbzn 23 1 0 1 0 1
/m/03rjj /olympics/olympic_participating_country/athletes./olympics/olympic_athlete_affiliation/sport /m/0bynt 8 1 1 1 0 1
/m/0d060g /olympics/olympic_participating_country/athletes./olympics/olympic_athlete_affiliation/sport /m/02vx4 29 1 0 1 0 1
/m/0k6nt /olympics/olympic_participating_country/athletes./olympics/olympic_athlete_affiliation/sport /m/03krj 19 2 0 1 0 0
/m/03shp /olympics/olympic_participating_country/athletes./olympics/olympic_athlete_affiliation/sport /m/0486tv 21 4 0 1 0 0
/m/0jgd /olympics/olympic_participating_country/athletes./olympics/olympic_athlete_affiliation/sport /m/07jjt 24 1 0 1 0 1
/m/04g5k /olympics/olympic_participating_country/athletes./olympics/olympic_athlete_affiliation/sport /m/03rbzn 14 2 0 1 0 0
/m/047lj /olympics/olympic_participating_country/athletes./olympics/olympic_athlete_affiliation/sport /m/06z6r 16 3 0 1 0 0
/m/0ctw_b /olympics/olympic_participating_country/athletes./olympics/olympic_athlete_affiliation/sport /m/01cgz 6 1 1 1 0 1
/m/05c74 /olympics/olympic_participating_country/athletes./olympics/olympic_athlete_affiliation/sport /m/01cgz 11 5 0 1 0 0
/m/04w4s /olympics/olympic_participating_country/athletes./olympics/olympic_athlete_affiliation/sport /m/06f41 3 1 1 1 0 1
/m/04hqz /olympics/olympic_participating_country/athletes./olympics/olympic_athlete_affiliation/sport /m/06z6r 7 1 1 1 0 1
/m/05qhw /olympics/olympic_participating_country/athletes./olympics/olympic_athlete_affiliation/sport /m/02vx4 26 1 0 1 0 1
/m/0f8l9c /olympics/olympic_participating_country/athletes./olympics/olympic_athlete_affiliation/sport /m/018w8 35 2 0 1 0 0
/m/03rjj /olympics/olympic_participating_country/athletes./olympics/olympic_athlete_affiliation/sport /m/0dwxr 14 1 0 1 0 1
/m/0jgx /olympics/olympic_participating_country/athletes./olympics/olympic_athlete_affiliation/sport /m/03_8r 5 1 1 1 0 1
/m/03_3d /olympics/olympic_participating_country/athletes./olympics/olympic_athlete_affiliation/sport /m/09_bl 26 1 0 1 0 1
/m/05qhw /olympics/olympic_participating_country/athletes./olympics/olympic_athlete_affiliation/sport /m/09qgm 29 1 0 1 0 1
/m/0l3h /olympics/olympic_participating_country/athletes./olympics/olympic_athlete_affiliation/sport /m/0bynt 2 1 1 1 0 1
/m/06mkj /olympics/olympic_participating_country/athletes./olympics/olympic_athlete_affiliation/sport /m/02y74 33 1 0 1 0 1
/m/06dfg /olympics/olympic_participating_country/athletes./olympics/olympic_athlete_affiliation/sport /m/06z6r 4 1 1 1 0 1
/m/0jgd /olympics/olympic_participating_country/athletes./olympics/olympic_athlete_affiliation/sport /m/03rbzn 36 3 0 1 0 0
/m/03h64 /olympics/olympic_participating_country/athletes./olympics/olympic_athlete_affiliation/sport /m/01hp22 8 2 1 1 0 0
/m/05v8c /olympics/olympic_participating_country/athletes./olympics/olympic_athlete_affiliation/sport /m/06z6r 6 2 1 1 0 0
/m/0jgx /olympics/olympic_participating_country/athletes./olympics/olympic_athlete_affiliation/sport /m/064vjs 10 1 1 1 0 1
/m/01ls2 /olympics/olympic_participating_country/athletes./olympics/olympic_athlete_affiliation/sport /m/06wrt 13 2 0 1 0 0
/m/06mzp /olympics/olympic_participating_country/athletes./olympics/olympic_athlete_affiliation/sport /m/01z27 19 1 0 1 0 1
/m/0b90_r /olympics/olympic_participating_country/athletes./olympics/olympic_athlete_affiliation/sport /m/0486tv 12 1 0 1 0 1
/m/03rjj /olympics/olympic_participating_country/athletes./olympics/olympic_athlete_affiliation/sport /m/07bs0 21 1 0 1 0 1
/m/0fv4v /olympics/olympic_participating_country/athletes./olympics/olympic_athlete_affiliation/sport /m/03_8r 2 1 1 1 0 1
/m/01pj7 /olympics/olympic_participating_country/athletes./olympics/olympic_athlete_affiliation/sport /m/0bynt 6 1 1 1 0 1
/m/0166b /olympics/olympic_participating_country/athletes./olympics/olympic_athlete_affiliation/sport /m/03_8r 6 1 1 1 0 1
/m/04gzd /olympics/olympic_participating_country/athletes./olympics/olympic_athlete_affiliation/sport /m/018w8 35 16 0 0 0 0
/m/05r4w /olympics/olympic_participating_country/athletes./olympics/olympic_athlete_affiliation/sport /m/0194d 9 2 1 1 0 0
/m/06bnz /olympics/olympic_participating_country/athletes./olympics/olympic_athlete_affiliation/sport /m/03fyrh 21 1 0 1 0 1
/m/06t2t /olympics/olympic_participating_country/athletes./olympics/olympic_athlete_affiliation/sport /m/02y8z 11 2 0 1 0 0
/m/0345h /olympics/olympic_participating_country/athletes./olympics/olympic_athlete_affiliation/sport /m/02y8z 22 1 0 1 0 1
/m/09c7w0 /olympics/olympic_participating_country/athletes./olympics/olympic_athlete_affiliation/sport /m/0w0d 25 2 0 1 0 0
/m/09c7w0 /olympics/olympic_participating_country/athletes./olympics/olympic_athlete_affiliation/sport /m/02y74 39 2 0 1 0 0
/m/07bxhl /olympics/olympic_participating_country/athletes./olympics/olympic_athlete_affiliation/sport /m/0w0d 13 10 0 1 0 0
/m/0jgd /olympics/olympic_participating_country/athletes./olympics/olympic_athlete_affiliation/sport /m/07bs0 34 3 0 1 0 0
/m/035qy /olympics/olympic_participating_country/athletes./olympics/olympic_athlete_affiliation/sport /m/03hr1p 10 1 1 1 0 1
/m/015qh /olympics/olympic_participating_country/athletes./olympics/olympic_athlete_affiliation/sport /m/0bynt 12 2 0 1 0 0
/m/09c7w0 /olympics/olympic_participating_country/athletes./olympics/olympic_athlete_affiliation/sport /m/01lb14 13 1 0 1 0 1
/m/059j2 /olympics/olympic_participating_country/athletes./olympics/olympic_athlete_affiliation/sport /m/0d1t3 22 2 0 1 0 0
/m/015fr /olympics/olympic_participating_country/athletes./olympics/olympic_athlete_affiliation/sport /m/03krj 29 2 0 1 0 0
/m/06mkj /olympics/olympic_participating_country/athletes./olympics/olympic_athlete_affiliation/sport /m/0152n0 32 1 0 1 0 1
/m/0chghy /olympics/olympic_participating_country/athletes./olympics/olympic_athlete_affiliation/sport /m/07bs0 19 1 0 1 0 1
/m/04g5k /olympics/olympic_participating_country/athletes./olympics/olympic_athlete_affiliation/sport /m/01lb14 4 1 1 1 0 1
/m/077qn /olympics/olympic_participating_country/athletes./olympics/olympic_athlete_affiliation/sport /m/01cgz 20 1 0 1 0 1
/m/07t_x /olympics/olympic_participating_country/athletes./olympics/olympic_athlete_affiliation/sport /m/02_5h 36 21 0 0 0 0
/m/06bnz /olympics/olympic_participating_country/athletes./olympics/olympic_athlete_affiliation/sport /m/01sgl 12 1 0 1 0 1
/m/0163v /olympics/olympic_participating_country/athletes./olympics/olympic_athlete_affiliation/sport /m/07jbh 6 1 1 1 0 1
/m/0345_ /olympics/olympic_participating_country/athletes./olympics/olympic_athlete_affiliation/sport /m/03rbzn 9 2 1 1 0 0
