/m/08q1tg /people/cause_of_death/people /m/0lcx 1 1 1 1 1 1
/m/0gk4g /people/cause_of_death/people /m/01zlh5 12 1 0 1 0 1
/m/04p3w /people/cause_of_death/people /m/0d6d2 1 1 1 1 1 1
/m/0gk4g /people/cause_of_death/people /m/0flddp 11 1 0 1 0 1
/m/02knxx /people/cause_of_death/people /m/03s9b 1 1 1 1 1 1
/m/0gk4g /people/cause_of_death/people /m/0cyhq 13 1 0 1 0 1
/m/025hl8 /people/cause_of_death/people /m/01934k 1 1 1 1 1 1
/m/02k6hp /people/cause_of_death/people /m/01v5h 3649 3645 0 0 0 0
/m/0lcdk /people/cause_of_death/people /m/0168dy 1 1 1 1 1 1
/m/0gk4g /people/cause_of_death/people /m/01hmk9 6 1 1 1 0 1
/m/0gk4g /people/cause_of_death/people /m/015wc0 11 1 0 1 0 1
/m/0j8hd /people/cause_of_death/people /m/02kmx6 1 1 1 1 1 1
/m/0qcr0 /people/cause_of_death/people /m/06nsb9 14 1 0 1 0 1
/m/04psf /people/cause_of_death/people /m/01gw8b 1 1 1 1 1 1
/m/02k6hp /people/cause_of_death/people /m/0c5vh 3 1 1 1 0 1
/m/01tf_6 /people/cause_of_death/people /m/0p9gg 1939 1937 0 0 0 0
/m/0gk4g /people/cause_of_death/people /m/01hdht 11 1 0 1 0 1
/m/03m3vr6 /people/cause_of_death/people /m/0lrh 6821 6820 0 0 0 0
/m/01tf_6 /people/cause_of_death/people /m/0g10g 2 1 1 1 0 1
/m/074m2 /people/cause_of_death/people /m/0c73g 1 1 1 1 1 1
/m/01k9gb /people/cause_of_death/people /m/03n6r 2 1 1 1 0 1
/m/0gk4g /people/cause_of_death/people /m/0pqzh 12 1 0 1 0 1
/m/0gk4g /people/cause_of_death/people /m/01lcxbb 18 1 0 1 0 1
/m/02y0js /people/cause_of_death/people /m/05qzv 6521 6514 0 0 0 0
/m/0dq9p /people/cause_of_death/people /m/0gthm 6 1 1 1 0 1
/m/0gk4g /people/cause_of_death/people /m/014z8v 262 242 0 0 0 0
/m/0m32h /people/cause_of_death/people /m/076689 1 1 1 1 1 1
/m/02y0js /people/cause_of_death/people /m/02_01w 1214 1208 0 0 0 0
/m/03tp4 /people/cause_of_death/people /m/08959 1 1 1 1 1 1
/m/0gg4h /people/cause_of_death/people /m/0hwqg 1227 1226 0 0 0 0
/m/0m32h /people/cause_of_death/people /m/01r_t_ 1 1 1 1 1 1
/m/0gg4h /people/cause_of_death/people /m/03cprft 10525 10522 0 0 0 0
/m/02k6hp /people/cause_of_death/people /m/021r6w 3 1 1 1 0 1
/m/0dq9p /people/cause_of_death/people /m/09cdxn 5119 5108 0 0 0 0
/m/01tf_6 /people/cause_of_death/people /m/04bgy 2 1 1 1 0 1
/m/0gk4g /people/cause_of_death/people /m/029h45 67 48 0 0 0 0
/m/0gk4g /people/cause_of_death/people /m/026m0 11 1 0 1 0 1
/m/01_qc_ /people/cause_of_death/people /m/018swb 13686 13682 0 0 0 0
/m/0dq9p /people/cause_of_death/people /m/01zwy 11 1 0 1 0 1
/m/097ns /people/cause_of_death/people /m/014g91 11988 11986 0 0 0 0
/m/0gk4g /people/cause_of_death/people /m/02lkcc 12 1 0 1 0 1
/m/0qcr0 /people/cause_of_death/people /m/02xyl 10 1 1 1 0 1
/m/0qcr0 /people/cause_of_death/people /m/02drd3 145 131 0 0 0 0
/m/02knxx /people/cause_of_death/people /m/012c6x 1 1 1 1 1 1
/m/04psf /people/cause_of_death/people /m/0f14q 1 1 1 1 1 1
/m/0gk4g /people/cause_of_death/people /m/016ynj 11 1 0 1 0 1
/m/034qg /people/cause_of_death/people /m/07_m2 2 1 1 1 0 1
/m/08g5q7 /people/cause_of_death/people /m/019l3m 1 1 1 1 1 1
/m/0hk18 /people/cause_of_death/people /m/02f6s3 2 1 1 1 0 1
/m/04p3w /people/cause_of_death/people /m/012dtf 1 1 1 1 1 1
/m/04p3w /people/cause_of_death/people /m/03zyvw 2 1 1 1 0 1
/m/02y0js /people/cause_of_death/people /m/02w670 5 1 1 1 0 1
/m/02y0js /people/cause_of_death/people /m/0p50v 4 1 1 1 0 1
/m/08g5q7 /people/cause_of_death/people /m/08849 1 1 1 1 1 1
/m/0dq9p /people/cause_of_death/people /m/0bvzp 8 1 1 1 0 1
/m/0c58k /people/cause_of_death/people /m/04093 2 1 1 1 0 1
/m/02y0js /people/cause_of_death/people /m/01jrs46 4 1 1 1 0 1
/m/0dcsx /people/cause_of_death/people /m/01dkpb 2 1 1 1 0 1
/m/012hw /people/cause_of_death/people /m/016hvl 11454 11449 0 0 0 0
/m/08q1tg /people/cause_of_death/people /m/024y6w 1 1 1 1 1 1
/m/02psvcf /people/cause_of_death/people /m/0202p_ 1 1 1 1 1 1
/m/0d19y2 /people/cause_of_death/people /m/01vn0t_ 1 1 1 1 1 1
/m/0qcr0 /people/cause_of_death/people /m/02wb6d 61 47 0 0 0 0
/m/01ddth /people/cause_of_death/people /m/01k47c 1 1 1 1 1 1
/m/01ddth /people/cause_of_death/people /m/044qx 1 1 1 1 1 1
/m/0jdk0 /people/cause_of_death/people /m/010xjr 1 1 1 1 1 1
/m/0c58k /people/cause_of_death/people /m/01kkx2 2 1 1 1 0 1
/m/0gk4g /people/cause_of_death/people /m/03s2y9 8 1 1 1 0 1
/m/0j8hd /people/cause_of_death/people /m/018qpb 1 1 1 1 1 1
/m/0dcsx /people/cause_of_death/people /m/06z4wj 2 1 1 1 0 1
/m/0g02vk /people/cause_of_death/people /m/063472 1 1 1 1 1 1
/m/04p3w /people/cause_of_death/people /m/09p06 1 1 1 1 1 1
/m/0gk4g /people/cause_of_death/people /m/01h4rj 13 1 0 1 0 1
/m/02y0js /people/cause_of_death/people /m/015np0 5 1 1 1 0 1
/m/0qcr0 /people/cause_of_death/people /m/02x8mt 14 1 0 1 0 1
/m/0dq9p /people/cause_of_death/people /m/06dl_ 75 64 0 0 0 0
/m/024c2 /people/cause_of_death/people /m/042f1 1 1 1 1 1 1
/m/07jwr /people/cause_of_death/people /m/02n9k 6334 6330 0 0 0 0
/m/0gk4g /people/cause_of_death/people /m/01pny5 14 1 0 1 0 1
/m/09969 /people/cause_of_death/people /m/03f4k 1 1 1 1 1 1
/m/0d19y2 /people/cause_of_death/people /m/01w1ywm 2 1 1 1 0 1
/m/01_qc_ /people/cause_of_death/people /m/02xyl 3 1 1 1 0 1
/m/01_qc_ /people/cause_of_death/people /m/04264n 3 1 1 1 0 1
/m/019dmc /people/cause_of_death/people /m/02x02kb 1 1 1 1 1 1
/m/012hw /people/cause_of_death/people /m/0177g 4 1 1 1 0 1
/m/01k9gb /people/cause_of_death/people /m/03swmf 1 1 1 1 1 1
/m/02y0js /people/cause_of_death/people /m/01p7b6b 5 1 1 1 0 1
/m/0qcr0 /people/cause_of_death/people /m/01zwy 12 1 0 1 0 1
/m/019dmc /people/cause_of_death/people /m/03hfxx 14496 14494 0 0 0 0
/m/0m32h /people/cause_of_death/people /m/0dh73w 1 1 1 1 1 1
/m/034qg /people/cause_of_death/people /m/083p7 2 1 1 1 0 1
/m/01l2m3 /people/cause_of_death/people /m/09h_q 11264 11257 0 0 0 0
/m/024c2 /people/cause_of_death/people /m/039n1 1 1 1 1 1 1
/m/07jq_ /people/cause_of_death/people /m/02bvt 1 1 1 1 1 1
/m/01k9gb /people/cause_of_death/people /m/041b4j 2 1 1 1 0 1
/m/0dq9p /people/cause_of_death/people /m/014zn0 6 1 1 1 0 1
/m/0gk4g /people/cause_of_death/people /m/0knjh 6 1 1 1 0 1
/m/01psyx /people/cause_of_death/people /m/015d3h 1 1 1 1 1 1
