/m/0d7wh /people/ethnicity/languages_spoken /m/083tk 5 3 1 1 0 0
/m/0d2by /people/ethnicity/languages_spoken /m/03115z 6 3 1 1 0 0
/m/01336l /people/ethnicity/languages_spoken /m/02hwhyv 8209 8205 0 0 0 0
/m/013xrm /people/ethnicity/languages_spoken /m/04306rv 6 6 1 1 0 0
/m/03bkbh /people/ethnicity/languages_spoken /m/0h407 990 988 0 0 0 0
/m/078ds /people/ethnicity/languages_spoken /m/02002f 6501 6501 0 0 0 0
/m/0222qb /people/ethnicity/languages_spoken /m/02bjrlw 5 5 1 1 0 0
/m/0dryh9k /people/ethnicity/languages_spoken /m/02h40lc 4 2 1 1 0 0
/m/018s6c /people/ethnicity/languages_spoken /m/06b_j 2 1 1 1 0 1
/m/013b6_ /people/ethnicity/languages_spoken /m/03hkp 3 1 1 1 0 1
/m/02sch9 /people/ethnicity/languages_spoken /m/03k50 2 1 1 1 0 1
/m/07hwkr /people/ethnicity/languages_spoken /m/0jzc 11498 11479 0 0 0 0
/m/02gx2x /people/ethnicity/languages_spoken /m/097kp 11394 11392 0 0 0 0
/m/078vc /people/ethnicity/languages_spoken /m/071fb 10854 10848 0 0 0 0
/m/0fqp6zk /people/ethnicity/languages_spoken /m/01c7y 0 0 0 0
/m/06gbnc /people/ethnicity/languages_spoken /m/02h40lc 2 2 1 1 0 0
/m/033qxt /people/ethnicity/languages_spoken /m/0jzc 5512 5510 0 0 0 0
/m/022fdt /people/ethnicity/languages_spoken /m/032f6 14045 14042 0 0 0 0
/m/04l_pt /people/ethnicity/languages_spoken /m/0653m 2 1 1 1 0 1
/m/03295l /people/ethnicity/languages_spoken /m/07qv_ 4 2 1 1 0 0
/m/02vsw1 /people/ethnicity/languages_spoken /m/0t_2 2 1 1 1 0 1
/m/07hwkr /people/ethnicity/languages_spoken /m/05qqm 18 6 0 1 0 0
/m/022fdt /people/ethnicity/languages_spoken /m/02h40lc 3 2 1 1 0 0
/m/09vc4s /people/ethnicity/languages_spoken /m/0t_2 1 1 1 1 1 1
/m/0g96wd /people/ethnicity/languages_spoken /m/02h40lc 1 1 1 1 1 1
/m/078ds /people/ethnicity/languages_spoken /m/07c9s 11720 11719 0 0 0 0
/m/04gfy7 /people/ethnicity/languages_spoken /m/02hxcvy 4 1 1 1 0 1
/m/07hwkr /people/ethnicity/languages_spoken /m/06x8y 8587 8571 0 0 0 0
/m/059_w /people/ethnicity/languages_spoken /m/0t_2 4 1 1 1 0 1
