/m/04ztj /people/marriage_union_type/unions_of_this_type./people/marriage/location_of_ceremony /m/04hqz 345 145 0 0 0 0
/m/04ztj /people/marriage_union_type/unions_of_this_type./people/marriage/location_of_ceremony /m/0f04v 120 22 0 0 0 0
/m/04ztj /people/marriage_union_type/unions_of_this_type./people/marriage/location_of_ceremony /m/0ng8v 1129 862 0 0 0 0
/m/04ztj /people/marriage_union_type/unions_of_this_type./people/marriage/location_of_ceremony /m/0jpy_ 662 417 0 0 0 0
/m/04ztj /people/marriage_union_type/unions_of_this_type./people/marriage/location_of_ceremony /m/0nm9h 1256 984 0 0 0 0
/m/04ztj /people/marriage_union_type/unions_of_this_type./people/marriage/location_of_ceremony /m/0fq8f 199 59 0 0 0 0
/m/04ztj /people/marriage_union_type/unions_of_this_type./people/marriage/location_of_ceremony /m/0b_yz 211 61 0 0 0 0
/m/04ztj /people/marriage_union_type/unions_of_this_type./people/marriage/location_of_ceremony /m/01x73 82 9 0 1 0 0
/m/04ztj /people/marriage_union_type/unions_of_this_type./people/marriage/location_of_ceremony /m/0typ5 1251 979 0 0 0 0
/m/04ztj /people/marriage_union_type/unions_of_this_type./people/marriage/location_of_ceremony /m/0cv3w 140 28 0 0 0 0
/m/04ztj /people/marriage_union_type/unions_of_this_type./people/marriage/location_of_ceremony /m/059_c 439 220 0 0 0 0
/m/04ztj /people/marriage_union_type/unions_of_this_type./people/marriage/location_of_ceremony /m/0tz41 792 540 0 0 0 0
/m/04ztj /people/marriage_union_type/unions_of_this_type./people/marriage/location_of_ceremony /m/0843m 867 609 0 0 0 0
/m/04ztj /people/marriage_union_type/unions_of_this_type./people/marriage/location_of_ceremony /m/0n3g 209 61 0 0 0 0
/m/04ztj /people/marriage_union_type/unions_of_this_type./people/marriage/location_of_ceremony /m/06t2t 108 21 0 0 0 0
/m/04ztj /people/marriage_union_type/unions_of_this_type./people/marriage/location_of_ceremony /m/05ywg 129 23 0 0 0 0
/m/04ztj /people/marriage_union_type/unions_of_this_type./people/marriage/location_of_ceremony /m/0kc40 941 682 0 0 0 0
/m/04ztj /people/marriage_union_type/unions_of_this_type./people/marriage/location_of_ceremony /m/0l35f 259 84 0 0 0 0
/m/04ztj /people/marriage_union_type/unions_of_this_type./people/marriage/location_of_ceremony /m/0dhd5 1373 1101 0 0 0 0
/m/04ztj /people/marriage_union_type/unions_of_this_type./people/marriage/location_of_ceremony /m/0dr31 700 455 0 0 0 0
/m/04ztj /people/marriage_union_type/unions_of_this_type./people/marriage/location_of_ceremony /m/0177z 131 23 0 0 0 0
/m/04ztj /people/marriage_union_type/unions_of_this_type./people/marriage/location_of_ceremony /m/0zz6w 1261 989 0 0 0 0
/m/04ztj /people/marriage_union_type/unions_of_this_type./people/marriage/location_of_ceremony /m/0fcyj 1365 1093 0 0 0 0
/m/04ztj /people/marriage_union_type/unions_of_this_type./people/marriage/location_of_ceremony /m/05bkf 588 352 0 0 0 0
/m/04ztj /people/marriage_union_type/unions_of_this_type./people/marriage/location_of_ceremony /m/0f1sm 195 58 0 0 0 0
/m/04ztj /people/marriage_union_type/unions_of_this_type./people/marriage/location_of_ceremony /m/0dqyw 379 168 0 0 0 0
/m/04ztj /people/marriage_union_type/unions_of_this_type./people/marriage/location_of_ceremony /m/0rd6b 213 61 0 0 0 0
/m/04ztj /people/marriage_union_type/unions_of_this_type./people/marriage/location_of_ceremony /m/01ly5m 356 151 0 0 0 0
/m/04ztj /people/marriage_union_type/unions_of_this_type./people/marriage/location_of_ceremony /m/02hvkf 846 589 0 0 0 0
/m/04ztj /people/marriage_union_type/unions_of_this_type./people/marriage/location_of_ceremony /m/04n3l 458 235 0 0 0 0
/m/04ztj /people/marriage_union_type/unions_of_this_type./people/marriage/location_of_ceremony /m/0jhz_ 1079 814 0 0 0 0
/m/04ztj /people/marriage_union_type/unions_of_this_type./people/marriage/location_of_ceremony /m/019fv4 699 454 0 0 0 0
/m/04ztj /people/marriage_union_type/unions_of_this_type./people/marriage/location_of_ceremony /m/04jt2 843 586 0 0 0 0
/m/04ztj /people/marriage_union_type/unions_of_this_type./people/marriage/location_of_ceremony /m/0fhnf 702 457 0 0 0 0
/m/04ztj /people/marriage_union_type/unions_of_this_type./people/marriage/location_of_ceremony /m/0d1y7 218 62 0 0 0 0
/m/04ztj /people/marriage_union_type/unions_of_this_type./people/marriage/location_of_ceremony /m/021lkq 1231 959 0 0 0 0
/m/04ztj /people/marriage_union_type/unions_of_this_type./people/marriage/location_of_ceremony /m/0dfcn 1290 1018 0 0 0 0
/m/04ztj /people/marriage_union_type/unions_of_this_type./people/marriage/location_of_ceremony /m/03khn 130 23 0 0 0 0
/m/04ztj /people/marriage_union_type/unions_of_this_type./people/marriage/location_of_ceremony /m/02wt0 466 243 0 0 0 0
/m/04ztj /people/marriage_union_type/unions_of_this_type./people/marriage/location_of_ceremony /m/0dzt9 171 43 0 0 0 0
/m/04ztj /people/marriage_union_type/unions_of_this_type./people/marriage/location_of_ceremony /m/068p2 174 45 0 0 0 0
/m/04ztj /people/marriage_union_type/unions_of_this_type./people/marriage/location_of_ceremony /m/03gh4 86 9 0 1 0 0
/m/04ztj /people/marriage_union_type/unions_of_this_type./people/marriage/location_of_ceremony /m/0rj0z 228 62 0 0 0 0
/m/04ztj /people/marriage_union_type/unions_of_this_type./people/marriage/location_of_ceremony /m/05jbn 123 23 0 0 0 0
/m/04ztj /people/marriage_union_type/unions_of_this_type./people/marriage/location_of_ceremony /m/05k7sb 305 121 0 0 0 0
/m/04ztj /people/marriage_union_type/unions_of_this_type./people/marriage/location_of_ceremony /m/061k5 764 514 0 0 0 0
/m/04ztj /people/marriage_union_type/unions_of_this_type./people/marriage/location_of_ceremony /m/0qx1w 1213 941 0 0 0 0
/m/04ztj /people/marriage_union_type/unions_of_this_type./people/marriage/location_of_ceremony /m/0gv10 214 61 0 0 0 0
/m/04ztj /people/marriage_union_type/unions_of_this_type./people/marriage/location_of_ceremony /m/0qr8z 216 62 0 0 0 0
/m/04ztj /people/marriage_union_type/unions_of_this_type./people/marriage/location_of_ceremony /m/0cy41 702 457 0 0 0 0
/m/04ztj /people/marriage_union_type/unions_of_this_type./people/marriage/location_of_ceremony /m/0yyh 214 61 0 0 0 0
/m/04ztj /people/marriage_union_type/unions_of_this_type./people/marriage/location_of_ceremony /m/0cpyv 460 237 0 0 0 0
/m/04ztj /people/marriage_union_type/unions_of_this_type./people/marriage/location_of_ceremony /m/09949m 471 246 0 0 0 0
