/m/06sy4c /people/person/gender /m/05zppz 1 1 1 1 1 1
/m/01v90t /people/person/gender /m/05zppz 1 1 1 1 1 1
/m/023s8 /people/person/gender /m/02zsn 2 2 1 1 0 0
/m/07m69t /people/person/gender /m/05zppz 1 1 1 1 1 1
/m/042xh /people/person/gender /m/02zsn 2 2 1 1 0 0
/m/016z68 /people/person/gender /m/05zppz 1 1 1 1 1 1
/m/0k57l /people/person/gender /m/05zppz 1 1 1 1 1 1
/m/0fhxv /people/person/gender /m/05zppz 1 1 1 1 1 1
/m/015pxr /people/person/gender /m/05zppz 1 1 1 1 1 1
/m/03cxqp5 /people/person/gender /m/05zppz 1 1 1 1 1 1
/m/0dky9n /people/person/gender /m/05zppz 1 1 1 1 1 1
/m/07h1tr /people/person/gender /m/05zppz 1 1 1 1 1 1
/m/031zkw /people/person/gender /m/05zppz 1 1 1 1 1 1
/m/01qdjm /people/person/gender /m/05zppz 1 1 1 1 1 1
/m/0g69lg /people/person/gender /m/05zppz 1 1 1 1 1 1
/m/0191h5 /people/person/gender /m/05zppz 1 1 1 1 1 1
/m/03gkn5 /people/person/gender /m/05zppz 1 1 1 1 1 1
/m/033p3_ /people/person/gender /m/02zsn 1 1 1 1 1 1
/m/03d63lb /people/person/gender /m/05zppz 1 1 1 1 1 1
/m/0kxbc /people/person/gender /m/05zppz 1 1 1 1 1 1
/m/0gct_ /people/person/gender /m/05zppz 1 1 1 1 1 1
/m/03wjb7 /people/person/gender /m/05zppz 1 1 1 1 1 1
/m/01nkxvx /people/person/gender /m/02zsn 2 2 1 1 0 0
/m/01csrl /people/person/gender /m/02zsn 2 2 1 1 0 0
/m/02x08c /people/person/gender /m/05zppz 1 1 1 1 1 1
/m/044qx /people/person/gender /m/05zppz 1 1 1 1 1 1
/m/047jhq /people/person/gender /m/02zsn 2 2 1 1 0 0
/m/01l2fn /people/person/gender /m/02zsn 1 1 1 1 1 1
/m/029pnn /people/person/gender /m/05zppz 1 1 1 1 1 1
/m/0241jw /people/person/gender /m/05zppz 1 1 1 1 1 1
/m/02s2wq /people/person/gender /m/05zppz 1 1 1 1 1 1
/m/022_lg /people/person/gender /m/05zppz 1 1 1 1 1 1
/m/01vs8ng /people/person/gender /m/02zsn 2 2 1 1 0 0
/m/01dzz7 /people/person/gender /m/05zppz 1 1 1 1 1 1
/m/0cj2t3 /people/person/gender /m/02zsn 2 2 1 1 0 0
/m/02n9k /people/person/gender /m/02zsn 2 2 1 1 0 0
/m/02yy8 /people/person/gender /m/05zppz 1 1 1 1 1 1
/m/070c93 /people/person/gender /m/02zsn 2 2 1 1 0 0
/m/0cj2nl /people/person/gender /m/05zppz 1 1 1 1 1 1
/m/0cbkc /people/person/gender /m/02zsn 1 1 1 1 1 1
/m/02r3cn /people/person/gender /m/05zppz 1 1 1 1 1 1
/m/02hhtj /people/person/gender /m/05zppz 1 1 1 1 1 1
/m/02gvwz /people/person/gender /m/05zppz 1 1 1 1 1 1
/m/015076 /people/person/gender /m/05zppz 1 1 1 1 1 1
/m/045931 /people/person/gender /m/05zppz 1 1 1 1 1 1
/m/01trhmt /people/person/gender /m/05zppz 1 1 1 1 1 1
/m/09gffmz /people/person/gender /m/05zppz 1 1 1 1 1 1
/m/0164w8 /people/person/gender /m/05zppz 1 1 1 1 1 1
/m/03q45x /people/person/gender /m/02zsn 2 2 1 1 0 0
/m/0cymln /people/person/gender /m/05zppz 1 1 1 1 1 1
/m/04wp63 /people/person/gender /m/05zppz 1 1 1 1 1 1
/m/07s8r0 /people/person/gender /m/02zsn 1 1 1 1 1 1
/m/01rzxl /people/person/gender /m/05zppz 1 1 1 1 1 1
/m/02bgmr /people/person/gender /m/05zppz 1 1 1 1 1 1
/m/0ck91 /people/person/gender /m/02zsn 1 1 1 1 1 1
/m/0205dx /people/person/gender /m/05zppz 1 1 1 1 1 1
/m/02z4b_8 /people/person/gender /m/02zsn 2 2 1 1 0 0
/m/028r4y /people/person/gender /m/05zppz 1 1 1 1 1 1
/m/016khd /people/person/gender /m/05zppz 1 1 1 1 1 1
/m/0633p0 /people/person/gender /m/02zsn 1 1 1 1 1 1
/m/0mdyn /people/person/gender /m/05zppz 1 1 1 1 1 1
/m/0fn5bx /people/person/gender /m/02zsn 2 2 1 1 0 0
/m/0k8y7 /people/person/gender /m/02zsn 1 1 1 1 1 1
/m/03qhyn8 /people/person/gender /m/05zppz 1 1 1 1 1 1
/m/07cjqy /people/person/gender /m/05zppz 1 1 1 1 1 1
/m/05_pkf /people/person/gender /m/05zppz 1 1 1 1 1 1
/m/089kpp /people/person/gender /m/05zppz 1 1 1 1 1 1
/m/064nh4k /people/person/gender /m/02zsn 2 2 1 1 0 0
/m/062dn7 /people/person/gender /m/05zppz 1 1 1 1 1 1
/m/06yj20 /people/person/gender /m/02zsn 1 1 1 1 1 1
/m/01c59k /people/person/gender /m/05zppz 1 1 1 1 1 1
/m/07fvf1 /people/person/gender /m/05zppz 1 1 1 1 1 1
/m/02q42j_ /people/person/gender /m/05zppz 1 1 1 1 1 1
/m/06sn8m /people/person/gender /m/05zppz 1 1 1 1 1 1
/m/067sqt /people/person/gender /m/02zsn 2 2 1 1 0 0
/m/050z2 /people/person/gender /m/05zppz 1 1 1 1 1 1
/m/01fxfk /people/person/gender /m/05zppz 1 1 1 1 1 1
/m/05zdk2 /people/person/gender /m/02zsn 2 2 1 1 0 0
/m/01q4qv /people/person/gender /m/05zppz 1 1 1 1 1 1
/m/084x96 /people/person/gender /m/05zppz 1 1 1 1 1 1
/m/040nwr /people/person/gender /m/02zsn 2 2 1 1 0 0
/m/026f__m /people/person/gender /m/05zppz 1 1 1 1 1 1
/m/01bczm /people/person/gender /m/05zppz 1 1 1 1 1 1
/m/04kj2v /people/person/gender /m/05zppz 1 1 1 1 1 1
/m/03fbb6 /people/person/gender /m/05zppz 1 1 1 1 1 1
/m/0jf1b /people/person/gender /m/05zppz 1 1 1 1 1 1
/m/0c7xjb /people/person/gender /m/02zsn 1 1 1 1 1 1
/m/02k76g /people/person/gender /m/05zppz 1 1 1 1 1 1
/m/01x53m /people/person/gender /m/05zppz 1 1 1 1 1 1
/m/04r68 /people/person/gender /m/02zsn 2 2 1 1 0 0
/m/043hg /people/person/gender /m/05zppz 1 1 1 1 1 1
/m/01kwld /people/person/gender /m/05zppz 1 1 1 1 1 1
/m/0210hf /people/person/gender /m/05zppz 1 1 1 1 1 1
/m/0534nr /people/person/gender /m/05zppz 1 1 1 1 1 1
/m/01kp_1t /people/person/gender /m/02zsn 2 2 1 1 0 0
/m/08jfkw /people/person/gender /m/05zppz 1 1 1 1 1 1
/m/01nqfh_ /people/person/gender /m/05zppz 1 1 1 1 1 1
/m/0784v1 /people/person/gender /m/05zppz 1 1 1 1 1 1
/m/01vzxld /people/person/gender /m/02zsn 1 1 1 1 1 1
/m/0dszr0 /people/person/gender /m/02zsn 2 2 1 1 0 0
/m/071jrc /people/person/gender /m/05zppz 1 1 1 1 1 1
/m/01dvtx /people/person/gender /m/05zppz 1 1 1 1 1 1
/m/0cfywh /people/person/gender /m/05zppz 1 1 1 1 1 1
/m/01w9k25 /people/person/gender /m/05zppz 1 1 1 1 1 1
/m/015882 /people/person/gender /m/02zsn 1 1 1 1 1 1
/m/02xb2bt /people/person/gender /m/05zppz 1 1 1 1 1 1
/m/045g4l /people/person/gender /m/05zppz 1 1 1 1 1 1
/m/06gn7r /people/person/gender /m/05zppz 1 1 1 1 1 1
/m/03xk1_ /people/person/gender /m/05zppz 1 1 1 1 1 1
/m/0b_dh /people/person/gender /m/05zppz 1 1 1 1 1 1
/m/01520h /people/person/gender /m/05zppz 1 1 1 1 1 1
/m/0qdwr /people/person/gender /m/05zppz 1 1 1 1 1 1
/m/05218gr /people/person/gender /m/05zppz 1 1 1 1 1 1
/m/03z_g7 /people/person/gender /m/05zppz 1 1 1 1 1 1
/m/025_ql1 /people/person/gender /m/05zppz 1 1 1 1 1 1
/m/03xp8d5 /people/person/gender /m/05zppz 1 1 1 1 1 1
/m/01npcy7 /people/person/gender /m/05zppz 1 1 1 1 1 1
/m/01tnbn /people/person/gender /m/02zsn 1 1 1 1 1 1
/m/05qsxy /people/person/gender /m/05zppz 1 1 1 1 1 1
/m/040_9 /people/person/gender /m/05zppz 1 1 1 1 1 1
/m/078g3l /people/person/gender /m/05zppz 1 1 1 1 1 1
/m/01w9mnm /people/person/gender /m/05zppz 1 1 1 1 1 1
/m/0l5yl /people/person/gender /m/05zppz 1 1 1 1 1 1
/m/06f5j /people/person/gender /m/05zppz 1 1 1 1 1 1
/m/02j8nx /people/person/gender /m/05zppz 1 1 1 1 1 1
/m/01ydzx /people/person/gender /m/05zppz 1 1 1 1 1 1
/m/0420y /people/person/gender /m/05zppz 1 1 1 1 1 1
/m/05m63c /people/person/gender /m/02zsn 2 2 1 1 0 0
/m/01g5kv /people/person/gender /m/02zsn 2 2 1 1 0 0
/m/04pf4r /people/person/gender /m/05zppz 1 1 1 1 1 1
/m/09jd9 /people/person/gender /m/02zsn 2 2 1 1 0 0
/m/0bq4j6 /people/person/gender /m/05zppz 1 1 1 1 1 1
/m/01kwh5j /people/person/gender /m/02zsn 2 2 1 1 0 0
/m/024y6w /people/person/gender /m/02zsn 2 2 1 1 0 0
/m/0d608 /people/person/gender /m/05zppz 1 1 1 1 1 1
/m/034rd /people/person/gender /m/05zppz 1 1 1 1 1 1
/m/01wbgdv /people/person/gender /m/02zsn 2 2 1 1 0 0
/m/012g92 /people/person/gender /m/02zsn 1 1 1 1 1 1
/m/032t2z /people/person/gender /m/05zppz 1 1 1 1 1 1
/m/0m66w /people/person/gender /m/02zsn 2 2 1 1 0 0
/m/09fqd3 /people/person/gender /m/05zppz 1 1 1 1 1 1
/m/02vntj /people/person/gender /m/02zsn 1 1 1 1 1 1
/m/09jrf /people/person/gender /m/05zppz 1 1 1 1 1 1
/m/043kzcr /people/person/gender /m/02zsn 1 1 1 1 1 1
/m/04_jsg /people/person/gender /m/05zppz 1 1 1 1 1 1
/m/01zfmm /people/person/gender /m/05zppz 1 1 1 1 1 1
/m/0c3kw /people/person/gender /m/05zppz 1 1 1 1 1 1
/m/0443c /people/person/gender /m/05zppz 1 1 1 1 1 1
/m/048_p /people/person/gender /m/05zppz 1 1 1 1 1 1
/m/030pr /people/person/gender /m/05zppz 1 1 1 1 1 1
/m/03rwng /people/person/gender /m/02zsn 1 1 1 1 1 1
/m/031x_3 /people/person/gender /m/02zsn 2 2 1 1 0 0
/m/0n839 /people/person/gender /m/05zppz 1 1 1 1 1 1
/m/08jbxf /people/person/gender /m/05zppz 1 1 1 1 1 1
/m/0blt6 /people/person/gender /m/05zppz 1 1 1 1 1 1
/m/06s27s /people/person/gender /m/05zppz 0 0 0 0
/m/06y9bd /people/person/gender /m/02zsn 2 2 1 1 0 0
/m/01k31p /people/person/gender /m/05zppz 1 1 1 1 1 1
/m/039x1k /people/person/gender /m/02zsn 1 1 1 1 1 1
/m/0157m /people/person/gender /m/05zppz 1 1 1 1 1 1
/m/06jrhz /people/person/gender /m/05zppz 1 1 1 1 1 1
/m/07h1h5 /people/person/gender /m/05zppz 1 1 1 1 1 1
/m/044mvs /people/person/gender /m/05zppz 1 1 1 1 1 1
/m/074qgb /people/person/gender /m/05zppz 1 1 1 1 1 1
/m/03fwln /people/person/gender /m/02zsn 2 2 1 1 0 0
/m/0hskw /people/person/gender /m/05zppz 1 1 1 1 1 1
/m/01cwkq /people/person/gender /m/02zsn 2 2 1 1 0 0
/m/03_wvl /people/person/gender /m/05zppz 1 1 1 1 1 1
/m/067xw /people/person/gender /m/05zppz 1 1 1 1 1 1
/m/045bs6 /people/person/gender /m/05zppz 1 1 1 1 1 1
/m/02m30v /people/person/gender /m/02zsn 2 2 1 1 0 0
/m/0gl88b /people/person/gender /m/02zsn 2 2 1 1 0 0
/m/0l56b /people/person/gender /m/05zppz 1 1 1 1 1 1
/m/06w58f /people/person/gender /m/05zppz 1 1 1 1 1 1
/m/01vn0t_ /people/person/gender /m/05zppz 1 1 1 1 1 1
/m/0988cp /people/person/gender /m/05zppz 1 1 1 1 1 1
/m/07_m2 /people/person/gender /m/05zppz 1 1 1 1 1 1
/m/051z6rz /people/person/gender /m/05zppz 1 1 1 1 1 1
/m/07lwsz /people/person/gender /m/05zppz 1 1 1 1 1 1
/m/0gyx4 /people/person/gender /m/05zppz 1 1 1 1 1 1
/m/015010 /people/person/gender /m/02zsn 1 1 1 1 1 1
/m/04_1nk /people/person/gender /m/05zppz 1 1 1 1 1 1
/m/026y23w /people/person/gender /m/05zppz 1 1 1 1 1 1
/m/01qqtr /people/person/gender /m/02zsn 1 1 1 1 1 1
/m/0bl60p /people/person/gender /m/05zppz 1 1 1 1 1 1
/m/0bqch /people/person/gender /m/05zppz 1 1 1 1 1 1
/m/01vvydl /people/person/gender /m/05zppz 1 1 1 1 1 1
/m/03z0l6 /people/person/gender /m/05zppz 1 1 1 1 1 1
/m/05myd2 /people/person/gender /m/05zppz 1 1 1 1 1 1
/m/0pksh /people/person/gender /m/05zppz 1 1 1 1 1 1
/m/020ffd /people/person/gender /m/02zsn 2 2 1 1 0 0
/m/02zfg3 /people/person/gender /m/05zppz 1 1 1 1 1 1
/m/01mqz0 /people/person/gender /m/02zsn 1 1 1 1 1 1
/m/025vldk /people/person/gender /m/02zsn 2 2 1 1 0 0
/m/01xv77 /people/person/gender /m/02zsn 2 2 1 1 0 0
/m/01c65z /people/person/gender /m/05zppz 1 1 1 1 1 1
/m/027l0b /people/person/gender /m/05zppz 1 1 1 1 1 1
/m/02jxsq /people/person/gender /m/05zppz 1 1 1 1 1 1
/m/03hh89 /people/person/gender /m/02zsn 2 2 1 1 0 0
/m/0qdyf /people/person/gender /m/05zppz 1 1 1 1 1 1
/m/0c8hct /people/person/gender /m/05zppz 1 1 1 1 1 1
/m/01wz01 /people/person/gender /m/05zppz 1 1 1 1 1 1
/m/07q68q /people/person/gender /m/05zppz 1 1 1 1 1 1
/m/01hkck /people/person/gender /m/02zsn 1 1 1 1 1 1
/m/01gw4f /people/person/gender /m/02zsn 1 1 1 1 1 1
/m/014g9y /people/person/gender /m/02zsn 2 2 1 1 0 0
/m/01qklj /people/person/gender /m/05zppz 1 1 1 1 1 1
/m/033w9g /people/person/gender /m/05zppz 1 1 1 1 1 1
/m/02778yp /people/person/gender /m/02zsn 2 2 1 1 0 0
/m/0lbj1 /people/person/gender /m/05zppz 1 1 1 1 1 1
/m/0bvzp /people/person/gender /m/05zppz 1 1 1 1 1 1
/m/030dx5 /people/person/gender /m/05zppz 1 1 1 1 1 1
/m/03mz9r /people/person/gender /m/05zppz 1 1 1 1 1 1
/m/02pb53 /people/person/gender /m/05zppz 1 1 1 1 1 1
/m/04kwbt /people/person/gender /m/05zppz 1 1 1 1 1 1
/m/01nbq4 /people/person/gender /m/05zppz 1 1 1 1 1 1
/m/06t8b /people/person/gender /m/05zppz 1 1 1 1 1 1
/m/01f9zw /people/person/gender /m/05zppz 1 1 1 1 1 1
/m/087z12 /people/person/gender /m/05zppz 1 1 1 1 1 1
/m/02j4sk /people/person/gender /m/05zppz 1 1 1 1 1 1
/m/0835q /people/person/gender /m/05zppz 1 1 1 1 1 1
/m/013t9y /people/person/gender /m/05zppz 1 1 1 1 1 1
/m/04j5fx /people/person/gender /m/05zppz 1 1 1 1 1 1
/m/02hy9p /people/person/gender /m/05zppz 1 1 1 1 1 1
/m/017b2p /people/person/gender /m/02zsn 2 2 1 1 0 0
/m/03q5dr /people/person/gender /m/02zsn 2 2 1 1 0 0
/m/06wvfq /people/person/gender /m/02zsn 2 2 1 1 0 0
/m/060pl5 /people/person/gender /m/05zppz 1 1 1 1 1 1
/m/027z0pl /people/person/gender /m/05zppz 1 1 1 1 1 1
/m/0130sy /people/person/gender /m/05zppz 1 1 1 1 1 1
/m/01w923 /people/person/gender /m/05zppz 1 1 1 1 1 1
/m/0147jt /people/person/gender /m/05zppz 1 1 1 1 1 1
/m/023nlj /people/person/gender /m/05zppz 1 1 1 1 1 1
/m/03gt0c5 /people/person/gender /m/02zsn 2 2 1 1 0 0
/m/09xvf7 /people/person/gender /m/05zppz 1 1 1 1 1 1
/m/01yb09 /people/person/gender /m/05zppz 1 1 1 1 1 1
/m/01xllf /people/person/gender /m/05zppz 1 1 1 1 1 1
/m/0q1lp /people/person/gender /m/05zppz 1 1 1 1 1 1
/m/01wgfp6 /people/person/gender /m/05zppz 1 1 1 1 1 1
/m/0cj2k3 /people/person/gender /m/05zppz 1 1 1 1 1 1
/m/01nwwl /people/person/gender /m/05zppz 1 1 1 1 1 1
/m/0gbwp /people/person/gender /m/02zsn 1 1 1 1 1 1
/m/048hf /people/person/gender /m/05zppz 1 1 1 1 1 1
/m/01x6jd /people/person/gender /m/02zsn 2 2 1 1 0 0
/m/012x4t /people/person/gender /m/05zppz 1 1 1 1 1 1
/m/01m15br /people/person/gender /m/05zppz 1 1 1 1 1 1
/m/01zmpg /people/person/gender /m/05zppz 1 1 1 1 1 1
/m/014g22 /people/person/gender /m/02zsn 1 1 1 1 1 1
/m/01p7b6b /people/person/gender /m/05zppz 1 1 1 1 1 1
/m/034bs /people/person/gender /m/05zppz 1 1 1 1 1 1
/m/023tp8 /people/person/gender /m/02zsn 2 2 1 1 0 0
/m/01j5x6 /people/person/gender /m/05zppz 1 1 1 1 1 1
/m/07jmnh /people/person/gender /m/05zppz 1 1 1 1 1 1
/m/0bdt8 /people/person/gender /m/02zsn 1 1 1 1 1 1
/m/01tsbmv /people/person/gender /m/05zppz 1 1 1 1 1 1
/m/01l3j /people/person/gender /m/05zppz 1 1 1 1 1 1
/m/06w38l /people/person/gender /m/05zppz 1 1 1 1 1 1
/m/02c4s /people/person/gender /m/05zppz 1 1 1 1 1 1
/m/023l9y /people/person/gender /m/05zppz 1 1 1 1 1 1
/m/04z_x4v /people/person/gender /m/05zppz 1 1 1 1 1 1
/m/0cj2w /people/person/gender /m/05zppz 1 1 1 1 1 1
/m/01qn8k /people/person/gender /m/02zsn 2 2 1 1 0 0
/m/018y81 /people/person/gender /m/05zppz 1 1 1 1 1 1
/m/033hqf /people/person/gender /m/05zppz 1 1 1 1 1 1
/m/051m56 /people/person/gender /m/05zppz 1 1 1 1 1 1
/m/03q43g /people/person/gender /m/05zppz 1 1 1 1 1 1
/m/04w1j9 /people/person/gender /m/05zppz 1 1 1 1 1 1
/m/0ccqd7 /people/person/gender /m/05zppz 1 1 1 1 1 1
/m/01713c /people/person/gender /m/05zppz 1 1 1 1 1 1
/m/03q3sy /people/person/gender /m/05zppz 1 1 1 1 1 1
/m/02mjf2 /people/person/gender /m/05zppz 1 1 1 1 1 1
/m/040db /people/person/gender /m/05zppz 1 1 1 1 1 1
/m/033071 /people/person/gender /m/05zppz 1 1 1 1 1 1
/m/078mgh /people/person/gender /m/05zppz 1 1 1 1 1 1
/m/076psv /people/person/gender /m/05zppz 1 1 1 1 1 1
/m/01vrx3g /people/person/gender /m/05zppz 1 1 1 1 1 1
/m/06lgq8 /people/person/gender /m/05zppz 1 1 1 1 1 1
/m/06t61y /people/person/gender /m/02zsn 1 1 1 1 1 1
/m/0p_r5 /people/person/gender /m/05zppz 1 1 1 1 1 1
/m/0clvcx /people/person/gender /m/02zsn 1 1 1 1 1 1
/m/05vzql /people/person/gender /m/02zsn 2 2 1 1 0 0
/m/04cy8rb /people/person/gender /m/05zppz 1 1 1 1 1 1
/m/01vyv9 /people/person/gender /m/05zppz 1 1 1 1 1 1
/m/03flwk /people/person/gender /m/05zppz 1 1 1 1 1 1
/m/0w6w /people/person/gender /m/05zppz 1 1 1 1 1 1
/m/02d6n_ /people/person/gender /m/05zppz 1 1 1 1 1 1
/m/0308kx /people/person/gender /m/05zppz 1 1 1 1 1 1
/m/0bt4r4 /people/person/gender /m/05zppz 1 1 1 1 1 1
/m/0466k4 /people/person/gender /m/05zppz 1 1 1 1 1 1
/m/0bxy67 /people/person/gender /m/05zppz 1 1 1 1 1 1
/m/01h8f /people/person/gender /m/05zppz 1 1 1 1 1 1
/m/07hbxm /people/person/gender /m/02zsn 2 2 1 1 0 0
/m/0154d7 /people/person/gender /m/05zppz 1 1 1 1 1 1
/m/0l9k1 /people/person/gender /m/05zppz 1 1 1 1 1 1
/m/013sg6 /people/person/gender /m/05zppz 1 1 1 1 1 1
/m/0gx_p /people/person/gender /m/02zsn 1 1 1 1 1 1
/m/01lct6 /people/person/gender /m/05zppz 1 1 1 1 1 1
/m/0cw67g /people/person/gender /m/05zppz 1 1 1 1 1 1
/m/019l3m /people/person/gender /m/02zsn 1 1 1 1 1 1
/m/020hyj /people/person/gender /m/05zppz 1 1 1 1 1 1
/m/05p92jn /people/person/gender /m/02zsn 2 2 1 1 0 0
/m/01w_10 /people/person/gender /m/02zsn 2 2 1 1 0 0
/m/05b49tt /people/person/gender /m/05zppz 1 1 1 1 1 1
/m/06yrj6 /people/person/gender /m/05zppz 1 1 1 1 1 1
/m/034x61 /people/person/gender /m/05zppz 1 1 1 1 1 1
/m/02wrhj /people/person/gender /m/05zppz 1 1 1 1 1 1
/m/09myny /people/person/gender /m/05zppz 1 1 1 1 1 1
/m/02vtnf /people/person/gender /m/05zppz 1 1 1 1 1 1
/m/012vct /people/person/gender /m/05zppz 1 1 1 1 1 1
/m/079dy /people/person/gender /m/05zppz 1 1 1 1 1 1
/m/057bc6m /people/person/gender /m/05zppz 1 1 1 1 1 1
/m/02yplc /people/person/gender /m/02zsn 2 2 1 1 0 0
/m/01vzz1c /people/person/gender /m/05zppz 1 1 1 1 1 1
/m/02zfdp /people/person/gender /m/05zppz 1 1 1 1 1 1
/m/01h2_6 /people/person/gender /m/05zppz 1 1 1 1 1 1
/m/02js_6 /people/person/gender /m/05zppz 1 1 1 1 1 1
/m/02dth1 /people/person/gender /m/05zppz 1 1 1 1 1 1
/m/01wj5hp /people/person/gender /m/05zppz 1 1 1 1 1 1
/m/049fgvm /people/person/gender /m/05zppz 1 1 1 1 1 1
/m/0241wg /people/person/gender /m/02zsn 2 2 1 1 0 0
/m/03qncl3 /people/person/gender /m/05zppz 1 1 1 1 1 1
/m/032md /people/person/gender /m/05zppz 1 1 1 1 1 1
/m/030x48 /people/person/gender /m/02zsn 2 2 1 1 0 0
/m/016ywr /people/person/gender /m/05zppz 1 1 1 1 1 1
/m/01vh3r /people/person/gender /m/05zppz 1 1 1 1 1 1
/m/044zvm /people/person/gender /m/02zsn 2 2 1 1 0 0
/m/0276g40 /people/person/gender /m/05zppz 1 1 1 1 1 1
/m/03xb2w /people/person/gender /m/05zppz 1 1 1 1 1 1
/m/06b_0 /people/person/gender /m/05zppz 1 1 1 1 1 1
/m/028qdb /people/person/gender /m/05zppz 1 1 1 1 1 1
/m/0146pg /people/person/gender /m/05zppz 1 1 1 1 1 1
/m/01d_h /people/person/gender /m/05zppz 1 1 1 1 1 1
/m/0277470 /people/person/gender /m/05zppz 1 1 1 1 1 1
/m/058s57 /people/person/gender /m/02zsn 2 2 1 1 0 0
/m/022g44 /people/person/gender /m/05zppz 1 1 1 1 1 1
/m/09cdxn /people/person/gender /m/05zppz 1 1 1 1 1 1
/m/0ll3 /people/person/gender /m/05zppz 0 0 0 0
/m/03c9pqt /people/person/gender /m/05zppz 1 1 1 1 1 1
/m/05jcn8 /people/person/gender /m/05zppz 1 1 1 1 1 1
/m/063tn /people/person/gender /m/05zppz 1 1 1 1 1 1
/m/01wg3q /people/person/gender /m/05zppz 1 1 1 1 1 1
/m/03975z /people/person/gender /m/05zppz 1 1 1 1 1 1
/m/0f1vrl /people/person/gender /m/05zppz 1 1 1 1 1 1
/m/08b8vd /people/person/gender /m/02zsn 2 2 1 1 0 0
/m/01xsc9 /people/person/gender /m/05zppz 1 1 1 1 1 1
/m/051wwp /people/person/gender /m/05zppz 1 1 1 1 1 1
/m/0b80__ /people/person/gender /m/05zppz 1 1 1 1 1 1
/m/05nzw6 /people/person/gender /m/05zppz 1 1 1 1 1 1
/m/01pbxb /people/person/gender /m/05zppz 1 1 1 1 1 1
/m/02k6rq /people/person/gender /m/05zppz 1 1 1 1 1 1
/m/01k5t_3 /people/person/gender /m/05zppz 1 1 1 1 1 1
/m/094tsh6 /people/person/gender /m/05zppz 1 1 1 1 1 1
/m/05fg2 /people/person/gender /m/05zppz 1 1 1 1 1 1
/m/01vyp_ /people/person/gender /m/05zppz 1 1 1 1 1 1
/m/09fqtq /people/person/gender /m/05zppz 1 1 1 1 1 1
/m/0738b8 /people/person/gender /m/05zppz 1 1 1 1 1 1
/m/01r4hry /people/person/gender /m/05zppz 1 1 1 1 1 1
/m/0dbc1s /people/person/gender /m/05zppz 1 1 1 1 1 1
/m/04cr6qv /people/person/gender /m/05zppz 1 1 1 1 1 1
/m/01vsykc /people/person/gender /m/05zppz 1 1 1 1 1 1
/m/0k29f /people/person/gender /m/05zppz 1 1 1 1 1 1
/m/01l4g5 /people/person/gender /m/02zsn 2 2 1 1 0 0
/m/07qy0b /people/person/gender /m/05zppz 1 1 1 1 1 1
/m/01pj3h /people/person/gender /m/05zppz 1 1 1 1 1 1
/m/02w5q6 /people/person/gender /m/05zppz 1 1 1 1 1 1
/m/04bdqk /people/person/gender /m/02zsn 1 1 1 1 1 1
/m/069z_5 /people/person/gender /m/05zppz 1 1 1 1 1 1
/m/01_k0d /people/person/gender /m/05zppz 1 1 1 1 1 1
/m/0d02km /people/person/gender /m/05zppz 1 1 1 1 1 1
/m/03csqj4 /people/person/gender /m/05zppz 1 1 1 1 1 1
/m/023v4_ /people/person/gender /m/02zsn 2 2 1 1 0 0
/m/01vsy9_ /people/person/gender /m/05zppz 1 1 1 1 1 1
/m/0gnbw /people/person/gender /m/05zppz 1 1 1 1 1 1
/m/01m42d0 /people/person/gender /m/05zppz 1 1 1 1 1 1
/m/030s5g /people/person/gender /m/05zppz 1 1 1 1 1 1
/m/0170s4 /people/person/gender /m/05zppz 1 1 1 1 1 1
/m/04bs3j /people/person/gender /m/02zsn 1 1 1 1 1 1
/m/0h1q6 /people/person/gender /m/05zppz 1 1 1 1 1 1
/m/01t6b4 /people/person/gender /m/05zppz 1 1 1 1 1 1
/m/041_y /people/person/gender /m/05zppz 1 1 1 1 1 1
/m/01kgg9 /people/person/gender /m/02zsn 1 1 1 1 1 1
/m/06msq2 /people/person/gender /m/05zppz 1 1 1 1 1 1
/m/01nms7 /people/person/gender /m/02zsn 1 1 1 1 1 1
/m/024jwt /people/person/gender /m/05zppz 1 1 1 1 1 1
/m/0347xl /people/person/gender /m/02zsn 1 1 1 1 1 1
/m/02404v /people/person/gender /m/05zppz 1 1 1 1 1 1
/m/04dyqk /people/person/gender /m/05zppz 1 1 1 1 1 1
/m/019gz /people/person/gender /m/05zppz 1 1 1 1 1 1
/m/026yqrr /people/person/gender /m/05zppz 1 1 1 1 1 1
/m/07vfqj /people/person/gender /m/05zppz 1 1 1 1 1 1
/m/06d6y /people/person/gender /m/05zppz 1 1 1 1 1 1
/m/0f7hc /people/person/gender /m/05zppz 1 1 1 1 1 1
/m/01g257 /people/person/gender /m/02zsn 1 1 1 1 1 1
/m/01w02sy /people/person/gender /m/02zsn 2 2 1 1 0 0
/m/02qggqc /people/person/gender /m/05zppz 1 1 1 1 1 1
/m/0863x_ /people/person/gender /m/05zppz 1 1 1 1 1 1
/m/026c0p /people/person/gender /m/05zppz 1 1 1 1 1 1
/m/08wq0g /people/person/gender /m/05zppz 1 1 1 1 1 1
/m/03zqc1 /people/person/gender /m/02zsn 1 1 1 1 1 1
/m/02y_2y /people/person/gender /m/05zppz 1 1 1 1 1 1
/m/015f7 /people/person/gender /m/02zsn 1 1 1 1 1 1
/m/01900g /people/person/gender /m/05zppz 1 1 1 1 1 1
/m/03f0fnk /people/person/gender /m/05zppz 1 1 1 1 1 1
/m/01fwf1 /people/person/gender /m/02zsn 1 1 1 1 1 1
/m/09qc1 /people/person/gender /m/05zppz 1 1 1 1 1 1
/m/02bfxb /people/person/gender /m/02zsn 2 2 1 1 0 0
/m/0c3ns /people/person/gender /m/05zppz 1 1 1 1 1 1
/m/0154qm /people/person/gender /m/02zsn 1 1 1 1 1 1
/m/06151l /people/person/gender /m/05zppz 1 1 1 1 1 1
/m/0fx02 /people/person/gender /m/05zppz 1 1 1 1 1 1
/m/04y79_n /people/person/gender /m/05zppz 1 1 1 1 1 1
/m/016srn /people/person/gender /m/05zppz 1 1 1 1 1 1
/m/01r4bps /people/person/gender /m/02zsn 1 1 1 1 1 1
/m/043q6n_ /people/person/gender /m/05zppz 1 1 1 1 1 1
/m/0lzb8 /people/person/gender /m/05zppz 1 1 1 1 1 1
/m/0cc63l /people/person/gender /m/05zppz 1 1 1 1 1 1
/m/0bkf72 /people/person/gender /m/05zppz 1 1 1 1 1 1
/m/01q415 /people/person/gender /m/05zppz 1 1 1 1 1 1
/m/06j8wx /people/person/gender /m/05zppz 1 1 1 1 1 1
/m/033jj1 /people/person/gender /m/05zppz 1 1 1 1 1 1
/m/042fk /people/person/gender /m/05zppz 1 1 1 1 1 1
/m/01m7f5r /people/person/gender /m/05zppz 1 1 1 1 1 1
/m/0drc1 /people/person/gender /m/05zppz 1 1 1 1 1 1
/m/021yzs /people/person/gender /m/05zppz 1 1 1 1 1 1
/m/05b4rcb /people/person/gender /m/05zppz 1 1 1 1 1 1
/m/02vqpx8 /people/person/gender /m/05zppz 1 1 1 1 1 1
/m/07h5d /people/person/gender /m/05zppz 1 1 1 1 1 1
/m/05slvm /people/person/gender /m/02zsn 1 1 1 1 1 1
/m/04fyhv /people/person/gender /m/05zppz 1 1 1 1 1 1
/m/0bkg4 /people/person/gender /m/05zppz 1 1 1 1 1 1
/m/0pyg6 /people/person/gender /m/02zsn 1 1 1 1 1 1
/m/04r7p /people/person/gender /m/02zsn 1 1 1 1 1 1
/m/0kr7k /people/person/gender /m/05zppz 1 1 1 1 1 1
/m/01y9xg /people/person/gender /m/02zsn 2 2 1 1 0 0
/m/0c921 /people/person/gender /m/05zppz 1 1 1 1 1 1
/m/0gthm /people/person/gender /m/05zppz 1 1 1 1 1 1
