/m/021yzs /people/person/ethnicity /m/02w7gg 1 1 1 1 1 1
/m/0bqytm /people/person/ethnicity /m/013xrm 1 1 1 1 1 1
/m/015grj /people/person/ethnicity /m/048z7l 2 1 1 1 0 1
/m/05jjl /people/person/ethnicity /m/048z7l 1 1 1 1 1 1
/m/02m501 /people/person/ethnicity /m/033tf_ 1 1 1 1 1 1
/m/07h1q /people/person/ethnicity /m/041rx 2 1 1 1 0 1
/m/0hfml /people/person/ethnicity /m/065b6q 3 1 1 1 0 1
/m/02wgln /people/person/ethnicity /m/02w7gg 1 1 1 1 1 1
/m/01w272y /people/person/ethnicity /m/0x67 1 1 1 1 1 1
/m/01gv_f /people/person/ethnicity /m/065b6q 1 1 1 1 1 1
/m/015gy7 /people/person/ethnicity /m/041rx 1 1 1 1 1 1
/m/01m65sp /people/person/ethnicity /m/02w7gg 1 1 1 1 1 1
/m/01vv6xv /people/person/ethnicity /m/07hwkr 1 1 1 1 1 1
/m/04g9sq /people/person/ethnicity /m/0x67 1 1 1 1 1 1
/m/03gm48 /people/person/ethnicity /m/0x67 1 1 1 1 1 1
/m/04t2l2 /people/person/ethnicity /m/02ctzb 1 1 1 1 1 1
/m/016fjj /people/person/ethnicity /m/01qhm_ 2 1 1 1 0 1
/m/0dhrqx /people/person/ethnicity /m/041rx 1 1 1 1 1 1
/m/09fb5 /people/person/ethnicity /m/03bkbh 11032 11029 0 0 0 0
/m/0k1bs /people/person/ethnicity /m/03bkbh 1 1 1 1 1 1
/m/04smkr /people/person/ethnicity /m/03bkbh 1461 1459 0 0 0 0
/m/02lfcm /people/person/ethnicity /m/0xnvg 1 1 1 1 1 1
/m/029ghl /people/person/ethnicity /m/06v41q 12960 12958 0 0 0 0
/m/03f1zdw /people/person/ethnicity /m/0d7wh 1 1 1 1 1 1
/m/0hwqz /people/person/ethnicity /m/0g5y6 1 1 1 1 1 1
/m/0lgm5 /people/person/ethnicity /m/0x67 1 1 1 1 1 1
/m/01l2fn /people/person/ethnicity /m/02w7gg 1 1 1 1 1 1
/m/02184q /people/person/ethnicity /m/03bkbh 2 1 1 1 0 1
/m/04328m /people/person/ethnicity /m/0dryh9k 1 1 1 1 1 1
/m/09py7 /people/person/ethnicity /m/0g6ff 1 1 1 1 1 1
/m/01_xtx /people/person/ethnicity /m/03bkbh 10089 10088 0 0 0 0
/m/01f6zc /people/person/ethnicity /m/02w7gg 1 1 1 1 1 1
/m/03rqww /people/person/ethnicity /m/06v41q 1 1 1 1 1 1
/m/014x77 /people/person/ethnicity /m/0g5y6 3 1 1 1 0 1
/m/0bx0lc /people/person/ethnicity /m/02ctzb 1 1 1 1 1 1
/m/0dn3n /people/person/ethnicity /m/07hwkr 1 1 1 1 1 1
/m/04fzk /people/person/ethnicity /m/065b6q 2 1 1 1 0 1
/m/017l4 /people/person/ethnicity /m/06mvq 1 1 1 1 1 1
/m/044zvm /people/person/ethnicity /m/038723 11908 11908 0 0 0 0
/m/01qgry /people/person/ethnicity /m/0x67 1 1 1 1 1 1
/m/046zh /people/person/ethnicity /m/065b6q 5 1 1 1 0 1
/m/01f9zw /people/person/ethnicity /m/0x67 1 1 1 1 1 1
/m/02cllz /people/person/ethnicity /m/02w7gg 1 1 1 1 1 1
/m/015x1f /people/person/ethnicity /m/0x67 1 1 1 1 1 1
/m/02pjvc /people/person/ethnicity /m/0xnvg 1 1 1 1 1 1
/m/015rmq /people/person/ethnicity /m/0g5y6 2 1 1 1 0 1
/m/01q4qv /people/person/ethnicity /m/0bkbz 1 1 1 1 1 1
/m/017lqp /people/person/ethnicity /m/02w7gg 1 1 1 1 1 1
/m/01pnn3 /people/person/ethnicity /m/02w7gg 1 1 1 1 1 1
/m/0277c3 /people/person/ethnicity /m/0x67 1 1 1 1 1 1
/m/01wk51 /people/person/ethnicity /m/041rx 1 1 1 1 1 1
/m/0473q /people/person/ethnicity /m/02w7gg 1 1 1 1 1 1
/m/016kjs /people/person/ethnicity /m/0x67 1 1 1 1 1 1
/m/019f9z /people/person/ethnicity /m/0x67 1 1 1 1 1 1
/m/033w9g /people/person/ethnicity /m/033tf_ 1 1 1 1 1 1
/m/0k269 /people/person/ethnicity /m/03lmx1 1 1 1 1 1 1
/m/0hnp7 /people/person/ethnicity /m/07bch9 1 1 1 1 1 1
/m/04gr35 /people/person/ethnicity /m/07hwkr 1 1 1 1 1 1
/m/05p92jn /people/person/ethnicity /m/0222qb 2 1 1 1 0 1
/m/06lvlf /people/person/ethnicity /m/033tf_ 2 1 1 1 0 1
/m/02lt8 /people/person/ethnicity /m/07bch9 1 1 1 1 1 1
/m/01vwllw /people/person/ethnicity /m/033tf_ 2 1 1 1 0 1
/m/0276g40 /people/person/ethnicity /m/03kbr 2 1 1 1 0 1
/m/0q1lp /people/person/ethnicity /m/048z7l 2 1 1 1 0 1
/m/01fwj8 /people/person/ethnicity /m/03ts0c 3 1 1 1 0 1
/m/03f2_rc /people/person/ethnicity /m/048z7l 2939 2939 0 0 0 0
/m/02l840 /people/person/ethnicity /m/0x67 1 1 1 1 1 1
/m/0p_pd /people/person/ethnicity /m/033tf_ 1 1 1 1 1 1
/m/03j149k /people/person/ethnicity /m/0x67 1 1 1 1 1 1
/m/01l1b90 /people/person/ethnicity /m/0x67 1 1 1 1 1 1
/m/05hj_k /people/person/ethnicity /m/07hwkr 11169 11169 0 0 0 0
/m/03q5dr /people/person/ethnicity /m/09vc4s 1 1 1 1 1 1
/m/016z2j /people/person/ethnicity /m/09kr66 6597 6593 0 0 0 0
/m/06fc0b /people/person/ethnicity /m/059_w 3 1 1 1 0 1
/m/027l0b /people/person/ethnicity /m/048z7l 2 1 1 1 0 1
/m/044pqn /people/person/ethnicity /m/0dryh9k 1 1 1 1 1 1
/m/04z0g /people/person/ethnicity /m/013b6_ 3 1 1 1 0 1
/m/02cpb7 /people/person/ethnicity /m/02w7gg 1 1 1 1 1 1
/m/01fx2g /people/person/ethnicity /m/063k3h 1 1 1 1 1 1
/m/03y2kr /people/person/ethnicity /m/041rx 1 1 1 1 1 1
/m/018qpb /people/person/ethnicity /m/033tf_ 1 1 1 1 1 1
/m/0161sp /people/person/ethnicity /m/041rx 1 1 1 1 1 1
/m/02_01w /people/person/ethnicity /m/07bch9 1 1 1 1 1 1
/m/07bty /people/person/ethnicity /m/07mqps 1 1 1 1 1 1
/m/0443c /people/person/ethnicity /m/0x67 1 1 1 1 1 1
/m/029k55 /people/person/ethnicity /m/025rpb0 1 1 1 1 1 1
/m/03pmzt /people/person/ethnicity /m/0x67 1 1 1 1 1 1
/m/03cvv4 /people/person/ethnicity /m/0x67 3 3 1 1 0 0
/m/0b7t3p /people/person/ethnicity /m/02ctzb 1 1 1 1 1 1
/m/01jz6x /people/person/ethnicity /m/041rx 1 1 1 1 1 1
/m/05l0j5 /people/person/ethnicity /m/02ctzb 3193 3192 0 0 0 0
/m/015lhm /people/person/ethnicity /m/0dbxy 2 1 1 1 0 1
/m/0227tr /people/person/ethnicity /m/0g8_vp 4 1 1 1 0 1
/m/01xcr4 /people/person/ethnicity /m/041rx 1 1 1 1 1 1
/m/0klh7 /people/person/ethnicity /m/048z7l 1 1 1 1 1 1
/m/07r1h /people/person/ethnicity /m/033tf_ 2 1 1 1 0 1
/m/013_vh /people/person/ethnicity /m/02w7gg 2 1 1 1 0 1
/m/049dyj /people/person/ethnicity /m/07hwkr 1 1 1 1 1 1
/m/0mbhr /people/person/ethnicity /m/0g96wd 2 1 1 1 0 1
/m/08d6bd /people/person/ethnicity /m/0dryh9k 1 1 1 1 1 1
/m/01cspq /people/person/ethnicity /m/041rx 1 1 1 1 1 1
/m/046_v /people/person/ethnicity /m/041rx 1 1 1 1 1 1
/m/036qs_ /people/person/ethnicity /m/0x67 1 1 1 1 1 1
/m/034ks /people/person/ethnicity /m/0222qb 1 1 1 1 1 1
/m/017_pb /people/person/ethnicity /m/0x67 1 1 1 1 1 1
/m/01svq8 /people/person/ethnicity /m/03lmx1 5831 5831 0 0 0 0
/m/01f5q5 /people/person/ethnicity /m/033tf_ 1 1 1 1 1 1
/m/01gbn6 /people/person/ethnicity /m/01qhm_ 1 1 1 1 1 1
/m/030wkp /people/person/ethnicity /m/0x67 2 2 1 1 0 0
/m/016khd /people/person/ethnicity /m/02ctzb 1204 1204 0 0 0 0
/m/02mjmr /people/person/ethnicity /m/033tf_ 2 1 1 1 0 1
/m/01zlh5 /people/person/ethnicity /m/07hwkr 1 1 1 1 1 1
/m/02hfp_ /people/person/ethnicity /m/02w7gg 1 1 1 1 1 1
/m/02t901 /people/person/ethnicity /m/065b6q 1 1 1 1 1 1
/m/0408np /people/person/ethnicity /m/02vsw1 1 1 1 1 1 1
/m/03gt0c5 /people/person/ethnicity /m/02w7gg 1 1 1 1 1 1
/m/02f8lw /people/person/ethnicity /m/048z7l 1 1 1 1 1 1
/m/045n3p /people/person/ethnicity /m/0dryh9k 1 1 1 1 1 1
/m/0pz7h /people/person/ethnicity /m/07bch9 1 1 1 1 1 1
/m/01rw116 /people/person/ethnicity /m/0x67 1 1 1 1 1 1
/m/015q43 /people/person/ethnicity /m/0d7wh 1 1 1 1 1 1
/m/042fk /people/person/ethnicity /m/063k3h 1 1 1 1 1 1
/m/0gv5c /people/person/ethnicity /m/041rx 1 1 1 1 1 1
/m/023v4_ /people/person/ethnicity /m/041rx 1 1 1 1 1 1
/m/01mqc_ /people/person/ethnicity /m/033tf_ 2 1 1 1 0 1
/m/0d06m5 /people/person/ethnicity /m/07bch9 2030 2029 0 0 0 0
/m/025j1t /people/person/ethnicity /m/06gbnc 1 1 1 1 1 1
/m/03yk8z /people/person/ethnicity /m/09vc4s 6948 6948 0 0 0 0
/m/01wskg /people/person/ethnicity /m/02w7gg 1 1 1 1 1 1
/m/0pcc0 /people/person/ethnicity /m/09kr66 1 1 1 1 1 1
/m/05_zc7 /people/person/ethnicity /m/0dryh9k 1 1 1 1 1 1
/m/067xw /people/person/ethnicity /m/041rx 1 1 1 1 1 1
/m/015t7v /people/person/ethnicity /m/02w7gg 1 1 1 1 1 1
/m/02y9ln /people/person/ethnicity /m/01xhh5 1 1 1 1 1 1
/m/01xyt7 /people/person/ethnicity /m/07hwkr 1 1 1 1 1 1
/m/01r93l /people/person/ethnicity /m/02w7gg 1 1 1 1 1 1
/m/02hh8j /people/person/ethnicity /m/041rx 1 1 1 1 1 1
/m/0dpqk /people/person/ethnicity /m/02w7gg 1 1 1 1 1 1
/m/03zz8b /people/person/ethnicity /m/01qhm_ 1 1 1 1 1 1
/m/0l9k1 /people/person/ethnicity /m/041rx 2 1 1 1 0 1
/m/04ls53 /people/person/ethnicity /m/0xnvg 5179 5179 0 0 0 0
/m/01y665 /people/person/ethnicity /m/041rx 1 1 1 1 1 1
/m/01b0k1 /people/person/ethnicity /m/041rx 1 1 1 1 1 1
/m/01x9_8 /people/person/ethnicity /m/0xnvg 1 1 1 1 1 1
/m/0jmj /people/person/ethnicity /m/033tf_ 1 1 1 1 1 1
/m/04cdxc /people/person/ethnicity /m/01rv7x 1 1 1 1 1 1
/m/04t2l2 /people/person/ethnicity /m/0xnvg 2 1 1 1 0 1
/m/0gs7x /people/person/ethnicity /m/041rx 2 1 1 1 0 1
/m/0jrg /people/person/ethnicity /m/0bkbz 1 1 1 1 1 1
/m/0lrh /people/person/ethnicity /m/013b6_ 2 1 1 1 0 1
/m/02j490 /people/person/ethnicity /m/0xnvg 1 1 1 1 1 1
/m/03dn9v /people/person/ethnicity /m/0g8_vp 1 1 1 1 1 1
/m/042v2 /people/person/ethnicity /m/07hwkr 1 1 1 1 1 1
/m/0197tq /people/person/ethnicity /m/04gfy7 2 1 1 1 0 1
/m/010p3 /people/person/ethnicity /m/0xnvg 1 1 1 1 1 1
/m/03bnv /people/person/ethnicity /m/02g7sp 1 1 1 1 1 1
/m/06b_0 /people/person/ethnicity /m/041rx 1 1 1 1 1 1
/m/0mb0 /people/person/ethnicity /m/07hwkr 1 1 1 1 1 1
/m/02qsjt /people/person/ethnicity /m/0x67 1 1 1 1 1 1
/m/0mbw0 /people/person/ethnicity /m/01336l 3645 3644 0 0 0 0
/m/01cj6y /people/person/ethnicity /m/041rx 2 2 1 1 0 0
/m/01vvyc_ /people/person/ethnicity /m/0x67 1 1 1 1 1 1
/m/04vzv4 /people/person/ethnicity /m/02ctzb 1 1 1 1 1 1
/m/04hcw /people/person/ethnicity /m/041rx 1 1 1 1 1 1
/m/01v3s2_ /people/person/ethnicity /m/019kn7 2 1 1 1 0 1
/m/02756j /people/person/ethnicity /m/0dryh9k 1 1 1 1 1 1
/m/0prfz /people/person/ethnicity /m/041rx 1 1 1 1 1 1
/m/059_gf /people/person/ethnicity /m/0x67 1 1 1 1 1 1
/m/01m4yn /people/person/ethnicity /m/06v41q 1 1 1 1 1 1
/m/016z2j /people/person/ethnicity /m/033tf_ 4 1 1 1 0 1
/m/08z39v /people/person/ethnicity /m/0d7wh 5147 5147 0 0 0 0
/m/04cmrt /people/person/ethnicity /m/02sch9 1 1 1 1 1 1
/m/0qdwr /people/person/ethnicity /m/041rx 2 1 1 1 0 1
/m/0j6cj /people/person/ethnicity /m/0xnvg 1 1 1 1 1 1
/m/07c37 /people/person/ethnicity /m/02w7gg 14105 14105 0 0 0 0
/m/0hpz8 /people/person/ethnicity /m/0d7wh 1 1 1 1 1 1
/m/0272kv /people/person/ethnicity /m/0222qb 1 1 1 1 1 1
/m/02y0yt /people/person/ethnicity /m/041rx 1 1 1 1 1 1
/m/03bw6 /people/person/ethnicity /m/0g5y6 1 1 1 1 1 1
/m/01pj5q /people/person/ethnicity /m/0xnvg 1 1 1 1 1 1
/m/06b_0 /people/person/ethnicity /m/03ts0c 2 1 1 1 0 1
/m/04bs3j /people/person/ethnicity /m/022dp5 3 1 1 1 0 1
/m/02gyl0 /people/person/ethnicity /m/041rx 1 1 1 1 1 1
/m/0c01c /people/person/ethnicity /m/033tf_ 1 1 1 1 1 1
/m/030g9z /people/person/ethnicity /m/0x67 1 1 1 1 1 1
/m/01h1b /people/person/ethnicity /m/041rx 1 1 1 1 1 1
/m/081t6 /people/person/ethnicity /m/02ctzb 10023 10022 0 0 0 0
/m/0132k4 /people/person/ethnicity /m/03bkbh 1 1 1 1 1 1
/m/08s0m7 /people/person/ethnicity /m/0dryh9k 9005 9005 0 0 0 0
/m/0863x_ /people/person/ethnicity /m/041rx 1 1 1 1 1 1
/m/05p5nc /people/person/ethnicity /m/033tf_ 1 1 1 1 1 1
/m/024_vw /people/person/ethnicity /m/0x67 1 1 1 1 1 1
/m/02c4s /people/person/ethnicity /m/02g7sp 1 1 1 1 1 1
/m/0gs1_ /people/person/ethnicity /m/063k3h 2 1 1 1 0 1
/m/02vntj /people/person/ethnicity /m/02ctzb 1 1 1 1 1 1
/m/03d_zl4 /people/person/ethnicity /m/0g8_vp 11395 11395 0 0 0 0
/m/01c8v0 /people/person/ethnicity /m/041rx 1 1 1 1 1 1
/m/08x5c_ /people/person/ethnicity /m/0cn68 1 1 1 1 1 1
/m/03zyvw /people/person/ethnicity /m/03ts0c 2 1 1 1 0 1
/m/01zp33 /people/person/ethnicity /m/0dryh9k 1 1 1 1 1 1
/m/048s0r /people/person/ethnicity /m/0x67 1 1 1 1 1 1
/m/0bdxs5 /people/person/ethnicity /m/063k3h 2 1 1 1 0 1
/m/05mvd62 /people/person/ethnicity /m/02w7gg 1 1 1 1 1 1
/m/01w8sf /people/person/ethnicity /m/02w7gg 1 1 1 1 1 1
/m/0qf3p /people/person/ethnicity /m/02w7gg 1 1 1 1 1 1
/m/0b_7k /people/person/ethnicity /m/041rx 1 1 1 1 1 1
/m/0889x /people/person/ethnicity /m/06mvq 1 1 1 1 1 1
/m/02pq9yv /people/person/ethnicity /m/0d7wh 1 1 1 1 1 1
/m/015v3r /people/person/ethnicity /m/07hwkr 1 1 1 1 1 1
/m/02dth1 /people/person/ethnicity /m/033tf_ 1 1 1 1 1 1
/m/05np4c /people/person/ethnicity /m/033tf_ 1 1 1 1 1 1
/m/0cm89v /people/person/ethnicity /m/033tf_ 1 1 1 1 1 1
/m/049sb /people/person/ethnicity /m/0x67 1 1 1 1 1 1
/m/01twdk /people/person/ethnicity /m/0xnvg 3 1 1 1 0 1
/m/01ksr1 /people/person/ethnicity /m/07hwkr 2 1 1 1 0 1
/m/01bcq /people/person/ethnicity /m/07hwkr 2 1 1 1 0 1
/m/05yvfd /people/person/ethnicity /m/0dryh9k 7211 7210 0 0 0 0
/m/0ff3y /people/person/ethnicity /m/041rx 1 1 1 1 1 1
/m/0gpprt /people/person/ethnicity /m/07hwkr 6 6 1 1 0 0
/m/0dt1cm /people/person/ethnicity /m/0x67 1 1 1 1 1 1
/m/0gt_k /people/person/ethnicity /m/041rx 1 1 1 1 1 1
/m/0f2c8g /people/person/ethnicity /m/0dryh9k 1 1 1 1 1 1
/m/02lt8 /people/person/ethnicity /m/063k3h 2 1 1 1 0 1
/m/01fwpt /people/person/ethnicity /m/033tf_ 1 1 1 1 1 1
/m/02f2dn /people/person/ethnicity /m/0d7wh 1 1 1 1 1 1
/m/095nx /people/person/ethnicity /m/0x67 1 1 1 1 1 1
/m/02lm0t /people/person/ethnicity /m/0x67 1 1 1 1 1 1
/m/02v60l /people/person/ethnicity /m/041rx 1 1 1 1 1 1
/m/0q9zc /people/person/ethnicity /m/013b6_ 9352 9351 0 0 0 0
/m/0q9zc /people/person/ethnicity /m/041rx 1 1 1 1 1 1
/m/02lymt /people/person/ethnicity /m/0x67 1 1 1 1 1 1
/m/02qy3py /people/person/ethnicity /m/04mvp8 1 1 1 1 1 1
/m/03xds /people/person/ethnicity /m/0d2by 1 1 1 1 1 1
/m/0418ft /people/person/ethnicity /m/0x67 1 1 1 1 1 1
/m/07t3x8 /people/person/ethnicity /m/0dryh9k 1 1 1 1 1 1
/m/021r7r /people/person/ethnicity /m/022dp5 1 1 1 1 1 1
/m/081hvm /people/person/ethnicity /m/0dryh9k 1 1 1 1 1 1
