/m/036jp8 /people/person/places_lived./people/place_lived/location /m/0fpzwf 1 1 1 1 1 1
/m/0738b8 /people/person/places_lived./people/place_lived/location /m/02xry 4628 4625 0 0 0 0
/m/07jrjb /people/person/places_lived./people/place_lived/location /m/02_286 1 1 1 1 1 1
/m/0c00lh /people/person/places_lived./people/place_lived/location /m/052p7 1 1 1 1 1 1
/m/013w7j /people/person/places_lived./people/place_lived/location /m/04n3l 6113 6111 0 0 0 0
/m/01sl1q /people/person/places_lived./people/place_lived/location /m/027rn 1671 1671 0 0 0 0
/m/03k545 /people/person/places_lived./people/place_lived/location /m/04jpl 1 1 1 1 1 1
/m/02wb6yq /people/person/places_lived./people/place_lived/location /m/07b_l 2397 2396 0 0 0 0
/m/04hpck /people/person/places_lived./people/place_lived/location /m/01tlmw 1952 1952 0 0 0 0
/m/0fhxv /people/person/places_lived./people/place_lived/location /m/0bdg5 6627 6626 0 0 0 0
/m/016z2j /people/person/places_lived./people/place_lived/location /m/02_286 3 1 1 1 0 1
/m/04bdxl /people/person/places_lived./people/place_lived/location /m/030qb3t 2 2 1 1 0 0
/m/02m7r /people/person/places_lived./people/place_lived/location /m/07ssc 2 2 1 1 0 0
/m/0mdyn /people/person/places_lived./people/place_lived/location /m/0281y0 2685 2685 0 0 0 0
/m/02vy5j /people/person/places_lived./people/place_lived/location /m/0f2v0 4136 4135 0 0 0 0
/m/01k56k /people/person/places_lived./people/place_lived/location /m/0cr3d 1 1 1 1 1 1
/m/01nr63 /people/person/places_lived./people/place_lived/location /m/05k7sb 12265 12265 0 0 0 0
/m/047cqr /people/person/places_lived./people/place_lived/location /m/01sn3 1 1 1 1 1 1
/m/021sv1 /people/person/places_lived./people/place_lived/location /m/02hrh0_ 1 1 1 1 1 1
/m/03x16f /people/person/places_lived./people/place_lived/location /m/01m7mv 4 2 1 1 0 0
/m/046zh /people/person/places_lived./people/place_lived/location /m/0r0m6 709 707 0 0 0 0
/m/01ps2h8 /people/person/places_lived./people/place_lived/location /m/02jx1 11379 11374 0 0 0 0
/m/01sb5r /people/person/places_lived./people/place_lived/location /m/0xmp9 6858 6855 0 0 0 0
/m/0n6f8 /people/person/places_lived./people/place_lived/location /m/05jbn 2410 2410 0 0 0 0
/m/01z5tr /people/person/places_lived./people/place_lived/location /m/0cr3d 1 1 1 1 1 1
/m/01rr9f /people/person/places_lived./people/place_lived/location /m/0lphb 2 1 1 1 0 1
/m/04xfb /people/person/places_lived./people/place_lived/location /m/0hzlz 11534 11532 0 0 0 0
/m/02nb2s /people/person/places_lived./people/place_lived/location /m/0f2r6 12782 12781 0 0 0 0
/m/0144l1 /people/person/places_lived./people/place_lived/location /m/0n95v 1 1 1 1 1 1
/m/025vry /people/person/places_lived./people/place_lived/location /m/0fs_s 2 2 1 1 0 0
/m/01r6jt2 /people/person/places_lived./people/place_lived/location /m/04jpl 1 1 1 1 1 1
/m/0g2mbn /people/person/places_lived./people/place_lived/location /m/04vmp 1 1 1 1 1 1
/m/0239zv /people/person/places_lived./people/place_lived/location /m/04vmp 632 632 0 0 0 0
/m/0m0hw /people/person/places_lived./people/place_lived/location /m/0167q3 1 1 1 1 1 1
/m/041_y /people/person/places_lived./people/place_lived/location /m/0cc56 1 1 1 1 1 1
/m/04shbh /people/person/places_lived./people/place_lived/location /m/01423b 1 1 1 1 1 1
/m/0h7pj /people/person/places_lived./people/place_lived/location /m/0r0m6 1820 1818 0 0 0 0
/m/09btt1 /people/person/places_lived./people/place_lived/location /m/0mnzd 4715 4714 0 0 0 0
/m/053y4h /people/person/places_lived./people/place_lived/location /m/013kcv 1 1 1 1 1 1
/m/084m3 /people/person/places_lived./people/place_lived/location /m/052p7 4 4 1 1 0 0
/m/01xwv7 /people/person/places_lived./people/place_lived/location /m/0rh6k 1 1 1 1 1 1
/m/04qt29 /people/person/places_lived./people/place_lived/location /m/02_286 4 2 1 1 0 0
/m/0379s /people/person/places_lived./people/place_lived/location /m/0d33k 1 1 1 1 1 1
/m/029cpw /people/person/places_lived./people/place_lived/location /m/019fh 1 1 1 1 1 1
/m/0gd9k /people/person/places_lived./people/place_lived/location /m/0xqf3 5939 5939 0 0 0 0
/m/01tw31 /people/person/places_lived./people/place_lived/location /m/0clz7 14044 14042 0 0 0 0
/m/02n9k /people/person/places_lived./people/place_lived/location /m/02_286 2 1 1 1 0 1
/m/016tbr /people/person/places_lived./people/place_lived/location /m/02_286 4 3 1 1 0 0
/m/03f4xvm /people/person/places_lived./people/place_lived/location /m/0cr3d 1 1 1 1 1 1
/m/01mxqyk /people/person/places_lived./people/place_lived/location /m/02dtg 1 1 1 1 1 1
/m/03h8_g /people/person/places_lived./people/place_lived/location /m/07tp2 9656 9652 0 0 0 0
/m/05fyss /people/person/places_lived./people/place_lived/location /m/05k7sb 5 4 1 1 0 0
/m/033rq /people/person/places_lived./people/place_lived/location /m/015m08 1652 1652 0 0 0 0
/m/01vttb9 /people/person/places_lived./people/place_lived/location /m/01sn3 3700 3700 0 0 0 0
/m/0cv72h /people/person/places_lived./people/place_lived/location /m/04tgp 6 4 1 1 0 0
/m/04954 /people/person/places_lived./people/place_lived/location /m/059rby 2489 2488 0 0 0 0
/m/0417z2 /people/person/places_lived./people/place_lived/location /m/06_kh 1 1 1 1 1 1
/m/02xc1w4 /people/person/places_lived./people/place_lived/location /m/05tbn 7683 7683 0 0 0 0
/m/039g82 /people/person/places_lived./people/place_lived/location /m/030qb3t 4 3 1 1 0 0
/m/0gd_s /people/person/places_lived./people/place_lived/location /m/059rby 10153 10153 0 0 0 0
/m/0136p1 /people/person/places_lived./people/place_lived/location /m/01cx_ 1 1 1 1 1 1
/m/07r4c /people/person/places_lived./people/place_lived/location /m/0rh6k 2801 2797 0 0 0 0
/m/022769 /people/person/places_lived./people/place_lived/location /m/0c4kv 3 1 1 1 0 1
/m/0p8jf /people/person/places_lived./people/place_lived/location /m/0cy8v 13787 13786 0 0 0 0
/m/061y4q /people/person/places_lived./people/place_lived/location /m/018jcq 1715 1715 0 0 0 0
/m/0x3n /people/person/places_lived./people/place_lived/location /m/0cr3d 2 1 1 1 0 1
/m/016ynj /people/person/places_lived./people/place_lived/location /m/06y57 1709 1709 0 0 0 0
/m/04cbtrw /people/person/places_lived./people/place_lived/location /m/04vmp 1 1 1 1 1 1
/m/04cf09 /people/person/places_lived./people/place_lived/location /m/02jx1 5146 5144 0 0 0 0
/m/02tq2r /people/person/places_lived./people/place_lived/location /m/0fn2g 8294 8293 0 0 0 0
/m/02lk95 /people/person/places_lived./people/place_lived/location /m/0ggh3 8298 8298 0 0 0 0
/m/01vsy95 /people/person/places_lived./people/place_lived/location /m/01cx_ 2986 2986 0 0 0 0
/m/016h4r /people/person/places_lived./people/place_lived/location /m/0r5y9 13855 13853 0 0 0 0
/m/04954 /people/person/places_lived./people/place_lived/location /m/0dclg 1 1 1 1 1 1
/m/01gvr1 /people/person/places_lived./people/place_lived/location /m/02_286 4 3 1 1 0 0
/m/0c9c0 /people/person/places_lived./people/place_lived/location /m/01b8w_ 2 1 1 1 0 1
/m/02mjf2 /people/person/places_lived./people/place_lived/location /m/0vzm 4 3 1 1 0 0
/m/04__f /people/person/places_lived./people/place_lived/location /m/0psxp 5202 5200 0 0 0 0
/m/0zcbl /people/person/places_lived./people/place_lived/location /m/0d9jr 2429 2428 0 0 0 0
/m/01pkhw /people/person/places_lived./people/place_lived/location /m/04lh6 13708 13705 0 0 0 0
/m/016ypb /people/person/places_lived./people/place_lived/location /m/0d6yv 8642 8640 0 0 0 0
/m/048tgl /people/person/places_lived./people/place_lived/location /m/02xry 14735 14735 0 0 0 0
/m/03xp8d5 /people/person/places_lived./people/place_lived/location /m/0cr3d 1 1 1 1 1 1
/m/02js9p /people/person/places_lived./people/place_lived/location /m/0h778 2 1 1 1 0 1
/m/033jkj /people/person/places_lived./people/place_lived/location /m/0fvzg 11681 11678 0 0 0 0
/m/05lnk0 /people/person/places_lived./people/place_lived/location /m/0ccvx 1 1 1 1 1 1
/m/01gz9n /people/person/places_lived./people/place_lived/location /m/06yxd 8780 8780 0 0 0 0
/m/081jbk /people/person/places_lived./people/place_lived/location /m/0f2w0 8939 8938 0 0 0 0
/m/01w60_p /people/person/places_lived./people/place_lived/location /m/0c_m3 2154 2154 0 0 0 0
/m/03hhd3 /people/person/places_lived./people/place_lived/location /m/030qb3t 4 2 1 1 0 0
/m/02tqkf /people/person/places_lived./people/place_lived/location /m/0xrzh 1 1 1 1 1 1
/m/07cjqy /people/person/places_lived./people/place_lived/location /m/0cc56 3591 3590 0 0 0 0
/m/049dyj /people/person/places_lived./people/place_lived/location /m/06wxw 2 1 1 1 0 1
/m/02sdx /people/person/places_lived./people/place_lived/location /m/03rjj 6 5 1 1 0 0
/m/01x4r3 /people/person/places_lived./people/place_lived/location /m/0bxc4 3 1 1 1 0 1
/m/0gn30 /people/person/places_lived./people/place_lived/location /m/02_286 2 1 1 1 0 1
/m/03jldb /people/person/places_lived./people/place_lived/location /m/01n7q 7527 7526 0 0 0 0
/m/06hmd /people/person/places_lived./people/place_lived/location /m/07b_l 3835 3835 0 0 0 0
/m/019gz /people/person/places_lived./people/place_lived/location /m/04jpl 1 1 1 1 1 1
/m/01r42_g /people/person/places_lived./people/place_lived/location /m/04n3l 11393 11392 0 0 0 0
/m/02pzck /people/person/places_lived./people/place_lived/location /m/0dclg 6289 6289 0 0 0 0
/m/04ch23 /people/person/places_lived./people/place_lived/location /m/049lr 5824 5824 0 0 0 0
/m/0jcx /people/person/places_lived./people/place_lived/location /m/0d6nx 13099 13096 0 0 0 0
/m/04bd8y /people/person/places_lived./people/place_lived/location /m/0bxbr 10048 10048 0 0 0 0
/m/025_nbr /people/person/places_lived./people/place_lived/location /m/030qb3t 5 3 1 1 0 0
/m/05j12n /people/person/places_lived./people/place_lived/location /m/0fk98 10968 10968 0 0 0 0
/m/0bz60q /people/person/places_lived./people/place_lived/location /m/0cr3d 1 1 1 1 1 1
/m/0jbp0 /people/person/places_lived./people/place_lived/location /m/0134bf 8328 8328 0 0 0 0
/m/01n44c /people/person/places_lived./people/place_lived/location /m/0cr3d 1 1 1 1 1 1
/m/015rkw /people/person/places_lived./people/place_lived/location /m/01xd9 11629 11628 0 0 0 0
/m/07f0tw /people/person/places_lived./people/place_lived/location /m/04vmp 8030 8030 0 0 0 0
/m/02mpb /people/person/places_lived./people/place_lived/location /m/0s5cg 11840 11840 0 0 0 0
/m/01520h /people/person/places_lived./people/place_lived/location /m/0cr3d 2 1 1 1 0 1
/m/02h3tp /people/person/places_lived./people/place_lived/location /m/02_286 4 2 1 1 0 0
/m/0bgrsl /people/person/places_lived./people/place_lived/location /m/05tbn 14370 14370 0 0 0 0
/m/0lfbm /people/person/places_lived./people/place_lived/location /m/04jpl 2 2 1 1 0 0
/m/02wwwv5 /people/person/places_lived./people/place_lived/location /m/05fkf 2 2 1 1 0 0
/m/0c6qh /people/person/places_lived./people/place_lived/location /m/0gx1l 6242 6237 0 0 0 0
/m/0c73z /people/person/places_lived./people/place_lived/location /m/0fhp9 1 1 1 1 1 1
/m/06y0xx /people/person/places_lived./people/place_lived/location /m/0cr3d 1 1 1 1 1 1
/m/05vk_d /people/person/places_lived./people/place_lived/location /m/030qb3t 3 3 1 1 0 0
/m/01w1kyf /people/person/places_lived./people/place_lived/location /m/0mpbx 2125 2124 0 0 0 0
/m/01wxyx1 /people/person/places_lived./people/place_lived/location /m/01xd9 1346 1346 0 0 0 0
/m/01kwld /people/person/places_lived./people/place_lived/location /m/0156q 1 1 1 1 1 1
/m/049fgvm /people/person/places_lived./people/place_lived/location /m/04sqj 4095 4092 0 0 0 0
/m/0c4y8 /people/person/places_lived./people/place_lived/location /m/0f2tj 5208 5207 0 0 0 0
/m/05zbm4 /people/person/places_lived./people/place_lived/location /m/030qb3t 1 1 1 1 1 1
/m/03f6fl0 /people/person/places_lived./people/place_lived/location /m/0xmp9 13363 13360 0 0 0 0
/m/0bz5v2 /people/person/places_lived./people/place_lived/location /m/04lh6 7217 7215 0 0 0 0
/m/087yty /people/person/places_lived./people/place_lived/location /m/02_286 1 1 1 1 1 1
/m/03f1d47 /people/person/places_lived./people/place_lived/location /m/0z1vw 1 1 1 1 1 1
/m/01j5sd /people/person/places_lived./people/place_lived/location /m/0cr3d 11645 11643 0 0 0 0
/m/01s7z0 /people/person/places_lived./people/place_lived/location /m/0c5v2 14729 14727 0 0 0 0
/m/0frmb1 /people/person/places_lived./people/place_lived/location /m/04ykg 2099 2099 0 0 0 0
/m/014635 /people/person/places_lived./people/place_lived/location /m/0f1sm 3483 3481 0 0 0 0
/m/014x77 /people/person/places_lived./people/place_lived/location /m/02jx1 2749 2749 0 0 0 0
/m/0glmv /people/person/places_lived./people/place_lived/location /m/0s5cg 2 1 1 1 0 1
/m/044mrh /people/person/places_lived./people/place_lived/location /m/0hv7l 1 1 1 1 1 1
/m/06nsb9 /people/person/places_lived./people/place_lived/location /m/0824r 10511 10510 0 0 0 0
/m/01v3vp /people/person/places_lived./people/place_lived/location /m/0sf9_ 2 1 1 1 0 1
/m/01wbsdz /people/person/places_lived./people/place_lived/location /m/013yq 11660 11659 0 0 0 0
/m/05d1y /people/person/places_lived./people/place_lived/location /m/05qtj 8156 8150 0 0 0 0
/m/015xp4 /people/person/places_lived./people/place_lived/location /m/0d6lp 8766 8765 0 0 0 0
/m/01b0k1 /people/person/places_lived./people/place_lived/location /m/04jpl 1 1 1 1 1 1
/m/03t852 /people/person/places_lived./people/place_lived/location /m/01_d4 1 1 1 1 1 1
/m/01x_d8 /people/person/places_lived./people/place_lived/location /m/0jpy_ 1 1 1 1 1 1
/m/0g2lq /people/person/places_lived./people/place_lived/location /m/0r00l 5286 5285 0 0 0 0
/m/020jqv /people/person/places_lived./people/place_lived/location /m/0chrx 1 1 1 1 1 1
/m/08qxx9 /people/person/places_lived./people/place_lived/location /m/0cm5m 1 1 1 1 1 1
/m/01pcrw /people/person/places_lived./people/place_lived/location /m/04jpl 1 1 1 1 1 1
/m/0pz04 /people/person/places_lived./people/place_lived/location /m/06pvr 10028 10027 0 0 0 0
/m/0333wf /people/person/places_lived./people/place_lived/location /m/030qb3t 4 3 1 1 0 0
/m/01rzxl /people/person/places_lived./people/place_lived/location /m/01ktz1 2 1 1 1 0 1
/m/0h7dd /people/person/places_lived./people/place_lived/location /m/0zdfp 14148 14146 0 0 0 0
/m/028rk /people/person/places_lived./people/place_lived/location /m/05tbn 4754 4754 0 0 0 0
/m/01j5ts /people/person/places_lived./people/place_lived/location /m/07_fl 8524 8523 0 0 0 0
/m/0mb0 /people/person/places_lived./people/place_lived/location /m/04ly1 425 425 0 0 0 0
/m/02fybl /people/person/places_lived./people/place_lived/location /m/030qb3t 2 1 1 1 0 1
/m/091n7z /people/person/places_lived./people/place_lived/location /m/04tgp 3226 3226 0 0 0 0
/m/01zmpg /people/person/places_lived./people/place_lived/location /m/03b12 2 2 1 1 0 0
/m/06hgym /people/person/places_lived./people/place_lived/location /m/030qb3t 2 2 1 1 0 0
/m/016dsy /people/person/places_lived./people/place_lived/location /m/059rby 14155 14153 0 0 0 0
/m/0gt3p /people/person/places_lived./people/place_lived/location /m/0gjcy 6928 6928 0 0 0 0
/m/0h005 /people/person/places_lived./people/place_lived/location /m/0fpzwf 1 1 1 1 1 1
/m/01k7d9 /people/person/places_lived./people/place_lived/location /m/0k049 2 2 1 1 0 0
/m/07cn2c /people/person/places_lived./people/place_lived/location /m/052p7 2 2 1 1 0 0
/m/06nns1 /people/person/places_lived./people/place_lived/location /m/059rby 4349 4347 0 0 0 0
/m/09b0xs /people/person/places_lived./people/place_lived/location /m/0h6l4 618 618 0 0 0 0
/m/018p4y /people/person/places_lived./people/place_lived/location /m/01qs54 3294 3293 0 0 0 0
/m/01nkxvx /people/person/places_lived./people/place_lived/location /m/0pswc 5194 5194 0 0 0 0
/m/02lm0t /people/person/places_lived./people/place_lived/location /m/01cx_ 1 1 1 1 1 1
/m/04kwbt /people/person/places_lived./people/place_lived/location /m/02_286 1 1 1 1 1 1
/m/040j2_ /people/person/places_lived./people/place_lived/location /m/013yq 7 7 1 1 0 0
/m/02jt1k /people/person/places_lived./people/place_lived/location /m/0lhql 1371 1370 0 0 0 0
/m/0252fh /people/person/places_lived./people/place_lived/location /m/02_286 5 2 1 1 0 0
/m/01rh0w /people/person/places_lived./people/place_lived/location /m/030qb3t 2 1 1 1 0 1
/m/03kcyd /people/person/places_lived./people/place_lived/location /m/0r3wm 1 1 1 1 1 1
/m/0hqly /people/person/places_lived./people/place_lived/location /m/0r2dp 1485 1484 0 0 0 0
/m/01lqf49 /people/person/places_lived./people/place_lived/location /m/071vr 1 1 1 1 1 1
/m/01yznp /people/person/places_lived./people/place_lived/location /m/0cv3w 10000 10000 0 0 0 0
/m/0cbgl /people/person/places_lived./people/place_lived/location /m/0r02m 4 4 1 1 0 0
/m/01t265 /people/person/places_lived./people/place_lived/location /m/01mb87 1 1 1 1 1 1
/m/01v3s2_ /people/person/places_lived./people/place_lived/location /m/02_286 2 2 1 1 0 0
/m/0cqcgj /people/person/places_lived./people/place_lived/location /m/0fk98 1 1 1 1 1 1
/m/01dhjz /people/person/places_lived./people/place_lived/location /m/0_3cs 1 1 1 1 1 1
/m/045bs6 /people/person/places_lived./people/place_lived/location /m/05ksh 1 1 1 1 1 1
/m/048hf /people/person/places_lived./people/place_lived/location /m/0kf9p 1 1 1 1 1 1
/m/029m83 /people/person/places_lived./people/place_lived/location /m/0sq2v 8104 8102 0 0 0 0
/m/03ds3 /people/person/places_lived./people/place_lived/location /m/0r0m6 11110 11109 0 0 0 0
/m/01pqy_ /people/person/places_lived./people/place_lived/location /m/0d05q4 10932 10931 0 0 0 0
/m/07f3xb /people/person/places_lived./people/place_lived/location /m/0nq_b 1 1 1 1 1 1
/m/01cwcr /people/person/places_lived./people/place_lived/location /m/02_286 2 2 1 1 0 0
/m/030g9z /people/person/places_lived./people/place_lived/location /m/02_286 1 1 1 1 1 1
/m/01fwj8 /people/person/places_lived./people/place_lived/location /m/0162v 4432 4432 0 0 0 0
/m/0d3k14 /people/person/places_lived./people/place_lived/location /m/01cx_ 2 1 1 1 0 1
/m/02wmbg /people/person/places_lived./people/place_lived/location /m/049lr 12387 12385 0 0 0 0
/m/01wgjj5 /people/person/places_lived./people/place_lived/location /m/04jpl 2 2 1 1 0 0
/m/038g2x /people/person/places_lived./people/place_lived/location /m/0r00l 1 1 1 1 1 1
/m/016h4r /people/person/places_lived./people/place_lived/location /m/05jbn 14276 14274 0 0 0 0
/m/01xwqn /people/person/places_lived./people/place_lived/location /m/030qb3t 2 1 1 1 0 1
/m/01w02sy /people/person/places_lived./people/place_lived/location /m/02mf7 6617 6612 0 0 0 0
/m/0ckm4x /people/person/places_lived./people/place_lived/location /m/013d7t 1 1 1 1 1 1
/m/03fqv5 /people/person/places_lived./people/place_lived/location /m/01531 13170 13170 0 0 0 0
/m/012t1 /people/person/places_lived./people/place_lived/location /m/0cr3d 1 1 1 1 1 1
/m/0hqcy /people/person/places_lived./people/place_lived/location /m/068p2 1 1 1 1 1 1
/m/03m8lq /people/person/places_lived./people/place_lived/location /m/0k049 2186 2184 0 0 0 0
/m/0d__g /people/person/places_lived./people/place_lived/location /m/01sn3 1 1 1 1 1 1
/m/01rgr /people/person/places_lived./people/place_lived/location /m/0dprg 9267 9266 0 0 0 0
/m/0hwbd /people/person/places_lived./people/place_lived/location /m/059rby 6807 6807 0 0 0 0
/m/03kxdw /people/person/places_lived./people/place_lived/location /m/071cn 1 1 1 1 1 1
/m/01cv3n /people/person/places_lived./people/place_lived/location /m/030qb3t 3 3 1 1 0 0
/m/01d8yn /people/person/places_lived./people/place_lived/location /m/02_286 2 2 1 1 0 0
/m/01tzm9 /people/person/places_lived./people/place_lived/location /m/059rby 6730 6729 0 0 0 0
/m/05y5fw /people/person/places_lived./people/place_lived/location /m/02_286 1 1 1 1 1 1
/m/04bs3j /people/person/places_lived./people/place_lived/location /m/0xhj2 1 1 1 1 1 1
/m/0gs1_ /people/person/places_lived./people/place_lived/location /m/030qb3t 4 2 1 1 0 0
/m/04wx2v /people/person/places_lived./people/place_lived/location /m/0cc56 1 1 1 1 1 1
/m/02gnlz /people/person/places_lived./people/place_lived/location /m/04ych 1 1 1 1 1 1
/m/0b25vg /people/person/places_lived./people/place_lived/location /m/0prxp 3 1 1 1 0 1
/m/0171cm /people/person/places_lived./people/place_lived/location /m/04p3c 1 1 1 1 1 1
/m/01k165 /people/person/places_lived./people/place_lived/location /m/01r32 3 2 1 1 0 0
/m/0sw62 /people/person/places_lived./people/place_lived/location /m/029cr 8909 8908 0 0 0 0
/m/01h910 /people/person/places_lived./people/place_lived/location /m/0ccvx 1 1 1 1 1 1
/m/0627sn /people/person/places_lived./people/place_lived/location /m/04jpl 4 4 1 1 0 0
/m/06688p /people/person/places_lived./people/place_lived/location /m/0s9b_ 3369 3367 0 0 0 0
/m/01nhkxp /people/person/places_lived./people/place_lived/location /m/0mzvm 1 1 1 1 1 1
/m/05v954 /people/person/places_lived./people/place_lived/location /m/0rh6k 1 1 1 1 1 1
/m/0f6_dy /people/person/places_lived./people/place_lived/location /m/050ks 1713 1713 0 0 0 0
/m/01dhmw /people/person/places_lived./people/place_lived/location /m/05mph 3 2 1 1 0 0
/m/013knm /people/person/places_lived./people/place_lived/location /m/0ck6r 1 1 1 1 1 1
/m/09h_q /people/person/places_lived./people/place_lived/location /m/06pr6 5 3 1 1 0 0
/m/0bymv /people/person/places_lived./people/place_lived/location /m/0vmt 1 1 1 1 1 1
/m/01wbg84 /people/person/places_lived./people/place_lived/location /m/0cc56 13798 13797 0 0 0 0
/m/01_p6t /people/person/places_lived./people/place_lived/location /m/06y57 4235 4235 0 0 0 0
/m/07w21 /people/person/places_lived./people/place_lived/location /m/01jr6 1 1 1 1 1 1
/m/081nh /people/person/places_lived./people/place_lived/location /m/0f8l9c 9693 9691 0 0 0 0
/m/03wdsbz /people/person/places_lived./people/place_lived/location /m/0cr3d 1 1 1 1 1 1
/m/01wt4wc /people/person/places_lived./people/place_lived/location /m/03s0w 3 2 1 1 0 0
/m/01kym3 /people/person/places_lived./people/place_lived/location /m/07dfk 1 1 1 1 1 1
/m/05pq9 /people/person/places_lived./people/place_lived/location /m/02_286 1 1 1 1 1 1
/m/06vsbt /people/person/places_lived./people/place_lived/location /m/030qb3t 5 4 1 1 0 0
/m/0mfj2 /people/person/places_lived./people/place_lived/location /m/0h7h6 1796 1796 0 0 0 0
/m/048_p /people/person/places_lived./people/place_lived/location /m/02hyt 8316 8314 0 0 0 0
/m/02l5rm /people/person/places_lived./people/place_lived/location /m/02_286 1 1 1 1 1 1
/m/0bqsy /people/person/places_lived./people/place_lived/location /m/07ypt 1 1 1 1 1 1
/m/011zd3 /people/person/places_lived./people/place_lived/location /m/0ccvx 1 1 1 1 1 1
/m/01vvyvk /people/person/places_lived./people/place_lived/location /m/0n6dc 6343 6342 0 0 0 0
/m/03gr7w /people/person/places_lived./people/place_lived/location /m/0r0m6 14325 14324 0 0 0 0
/m/0232lm /people/person/places_lived./people/place_lived/location /m/059rby 7595 7593 0 0 0 0
/m/02cvp8 /people/person/places_lived./people/place_lived/location /m/0cr3d 1 1 1 1 1 1
/m/0b_4z /people/person/places_lived./people/place_lived/location /m/0c_m3 1 1 1 1 1 1
/m/01ksr1 /people/person/places_lived./people/place_lived/location /m/030qb3t 2 2 1 1 0 0
/m/01jgpsh /people/person/places_lived./people/place_lived/location /m/030qb3t 4 4 1 1 0 0
/m/0993r /people/person/places_lived./people/place_lived/location /m/0s9b_ 12725 12724 0 0 0 0
/m/0l15n /people/person/places_lived./people/place_lived/location /m/0s5cg 1 1 1 1 1 1
/m/01304j /people/person/places_lived./people/place_lived/location /m/0d6lp 3 3 1 1 0 0
/m/03h_yfh /people/person/places_lived./people/place_lived/location /m/0fttg 1 1 1 1 1 1
/m/0dbbz /people/person/places_lived./people/place_lived/location /m/061k5 1 1 1 1 1 1
/m/0bwx3 /people/person/places_lived./people/place_lived/location /m/0t_07 1 1 1 1 1 1
/m/011xjd /people/person/places_lived./people/place_lived/location /m/0fvzg 1 1 1 1 1 1
/m/0bwgc_ /people/person/places_lived./people/place_lived/location /m/0345h 12858 12858 0 0 0 0
/m/0841zn /people/person/places_lived./people/place_lived/location /m/0nlh7 1 1 1 1 1 1
/m/01g969 /people/person/places_lived./people/place_lived/location /m/080h2 4845 4845 0 0 0 0
/m/0g2mbn /people/person/places_lived./people/place_lived/location /m/020d8d 10558 10555 0 0 0 0
/m/0137n0 /people/person/places_lived./people/place_lived/location /m/0vzm 2 1 1 1 0 1
/m/01mskc3 /people/person/places_lived./people/place_lived/location /m/02xry 5537 5534 0 0 0 0
/m/02bkdn /people/person/places_lived./people/place_lived/location /m/029cr 5201 5201 0 0 0 0
/m/02cj_f /people/person/places_lived./people/place_lived/location /m/06pr6 4193 4193 0 0 0 0
/m/07k2p6 /people/person/places_lived./people/place_lived/location /m/0dclg 1 1 1 1 1 1
/m/03m8lq /people/person/places_lived./people/place_lived/location /m/0cc56 3 2 1 1 0 0
/m/03_f0 /people/person/places_lived./people/place_lived/location /m/04kf4 1 1 1 1 1 1
/m/0h0yt /people/person/places_lived./people/place_lived/location /m/09ctj 5230 5228 0 0 0 0
/m/044mvs /people/person/places_lived./people/place_lived/location /m/04ly1 10125 10122 0 0 0 0
/m/0cqt90 /people/person/places_lived./people/place_lived/location /m/0cc56 11872 11868 0 0 0 0
/m/01kmd4 /people/person/places_lived./people/place_lived/location /m/030qb3t 3 1 1 1 0 1
/m/06mn7 /people/person/places_lived./people/place_lived/location /m/01531 13691 13689 0 0 0 0
/m/02hblj /people/person/places_lived./people/place_lived/location /m/07bcn 13120 13120 0 0 0 0
/m/0jmj /people/person/places_lived./people/place_lived/location /m/01531 2 1 1 1 0 1
/m/08gwzt /people/person/places_lived./people/place_lived/location /m/0fqxw 7738 7738 0 0 0 0
/m/0fqjhm /people/person/places_lived./people/place_lived/location /m/094jv 3 1 1 1 0 1
/m/0h326 /people/person/places_lived./people/place_lived/location /m/0156q 494 493 0 0 0 0
/m/02lfl4 /people/person/places_lived./people/place_lived/location /m/0cr3d 1 1 1 1 1 1
/m/01sb5r /people/person/places_lived./people/place_lived/location /m/02_286 8 6 1 1 0 0
/m/02rsz0 /people/person/places_lived./people/place_lived/location /m/01d8wq 6 6 1 1 0 0
/m/04zkj5 /people/person/places_lived./people/place_lived/location /m/02_286 3 2 1 1 0 0
/m/07f8wg /people/person/places_lived./people/place_lived/location /m/09bjv 1 1 1 1 1 1
/m/049tjg /people/person/places_lived./people/place_lived/location /m/0jpy_ 1 1 1 1 1 1
/m/023n39 /people/person/places_lived./people/place_lived/location /m/030qb3t 2 1 1 1 0 1
/m/01wd02c /people/person/places_lived./people/place_lived/location /m/01l63 1 1 1 1 1 1
/m/07r_dg /people/person/places_lived./people/place_lived/location /m/02_286 1 1 1 1 1 1
/m/09wj5 /people/person/places_lived./people/place_lived/location /m/030qb3t 3 2 1 1 0 0
/m/046rfv /people/person/places_lived./people/place_lived/location /m/0c8tk 1 1 1 1 1 1
/m/02lymt /people/person/places_lived./people/place_lived/location /m/0ply0 3 1 1 1 0 1
/m/01x4sb /people/person/places_lived./people/place_lived/location /m/0psxp 2 1 1 1 0 1
/m/01nm3s /people/person/places_lived./people/place_lived/location /m/02_286 2 2 1 1 0 0
/m/01ycfv /people/person/places_lived./people/place_lived/location /m/02_286 1 1 1 1 1 1
/m/01q7cb_ /people/person/places_lived./people/place_lived/location /m/0ggh3 1 1 1 1 1 1
/m/0683n /people/person/places_lived./people/place_lived/location /m/0hptm 1 1 1 1 1 1
/m/01vw37m /people/person/places_lived./people/place_lived/location /m/0s5cg 11839 11837 0 0 0 0
/m/0m2wm /people/person/places_lived./people/place_lived/location /m/09ksp 11121 11120 0 0 0 0
/m/03x400 /people/person/places_lived./people/place_lived/location /m/0cr3d 10314 10314 0 0 0 0
/m/04xfb /people/person/places_lived./people/place_lived/location /m/03rk0 12463 12461 0 0 0 0
/m/01qqtr /people/person/places_lived./people/place_lived/location /m/030qb3t 2 2 1 1 0 0
/m/0693l /people/person/places_lived./people/place_lived/location /m/0_vn7 2 1 1 1 0 1
/m/0g7k2g /people/person/places_lived./people/place_lived/location /m/02h6_6p 11830 11826 0 0 0 0
/m/09pl3s /people/person/places_lived./people/place_lived/location /m/07b_l 8737 8735 0 0 0 0
/m/01zkxv /people/person/places_lived./people/place_lived/location /m/04p3c 1 1 1 1 1 1
/m/0c0tzp /people/person/places_lived./people/place_lived/location /m/0mzww 1 1 1 1 1 1
/m/0brddh /people/person/places_lived./people/place_lived/location /m/0byh8j 3 3 1 1 0 0
/m/0993r /people/person/places_lived./people/place_lived/location /m/0r540 1026 1026 0 0 0 0
/m/01v9724 /people/person/places_lived./people/place_lived/location /m/04jpl 1 1 1 1 1 1
/m/0hvb2 /people/person/places_lived./people/place_lived/location /m/029cr 2 1 1 1 0 1
/m/01w5jwb /people/person/places_lived./people/place_lived/location /m/013yq 1 1 1 1 1 1
/m/0d810y /people/person/places_lived./people/place_lived/location /m/04ly1 5854 5854 0 0 0 0
/m/012z8_ /people/person/places_lived./people/place_lived/location /m/0rh6k 1 1 1 1 1 1
/m/023kzp /people/person/places_lived./people/place_lived/location /m/0d0x8 7375 7371 0 0 0 0
/m/049dyj /people/person/places_lived./people/place_lived/location /m/0167q3 13337 13334 0 0 0 0
/m/09n70c /people/person/places_lived./people/place_lived/location /m/010nlt 12860 12859 0 0 0 0
/m/01trhmt /people/person/places_lived./people/place_lived/location /m/013yq 6584 6583 0 0 0 0
/m/0m68w /people/person/places_lived./people/place_lived/location /m/030qb3t 5 3 1 1 0 0
/m/07g2b /people/person/places_lived./people/place_lived/location /m/06wxw 1 1 1 1 1 1
/m/0c_md_ /people/person/places_lived./people/place_lived/location /m/0v9qg 4536 4535 0 0 0 0
/m/02t_y3 /people/person/places_lived./people/place_lived/location /m/030qb3t 3 2 1 1 0 0
/m/025t9b /people/person/places_lived./people/place_lived/location /m/04jpl 2 1 1 1 0 1
/m/0137n0 /people/person/places_lived./people/place_lived/location /m/0vbk 5010 5008 0 0 0 0
/m/01g42 /people/person/places_lived./people/place_lived/location /m/02_286 2 2 1 1 0 0
/m/01jz6d /people/person/places_lived./people/place_lived/location /m/0f2v0 3 1 1 1 0 1
/m/0282x /people/person/places_lived./people/place_lived/location /m/04jpl 1 1 1 1 1 1
/m/07myb2 /people/person/places_lived./people/place_lived/location /m/01531 1 1 1 1 1 1
/m/08d6bd /people/person/places_lived./people/place_lived/location /m/09f07 11462 11460 0 0 0 0
/m/020l9r /people/person/places_lived./people/place_lived/location /m/0_vn7 1 1 1 1 1 1
/m/07f7jp /people/person/places_lived./people/place_lived/location /m/0c_m3 1 1 1 1 1 1
/m/02zft0 /people/person/places_lived./people/place_lived/location /m/0cr3d 1 1 1 1 1 1
/m/01z9_x /people/person/places_lived./people/place_lived/location /m/030qb3t 3 2 1 1 0 0
/m/06yj20 /people/person/places_lived./people/place_lived/location /m/02_286 4 4 1 1 0 0
/m/0m66w /people/person/places_lived./people/place_lived/location /m/01snm 1535 1532 0 0 0 0
/m/0210f1 /people/person/places_lived./people/place_lived/location /m/02cl1 1 1 1 1 1 1
/m/025_ql1 /people/person/places_lived./people/place_lived/location /m/01r32 1 1 1 1 1 1
/m/02zrv7 /people/person/places_lived./people/place_lived/location /m/0gkgp 6781 6780 0 0 0 0
/m/01vrncs /people/person/places_lived./people/place_lived/location /m/0fpzwf 7 4 1 1 0 0
/m/0mbs8 /people/person/places_lived./people/place_lived/location /m/02_286 1 1 1 1 1 1
/m/01yf85 /people/person/places_lived./people/place_lived/location /m/0wq36 11859 11858 0 0 0 0
/m/01hmb_ /people/person/places_lived./people/place_lived/location /m/02_286 1 1 1 1 1 1
/m/0935jw /people/person/places_lived./people/place_lived/location /m/04jpl 1 1 1 1 1 1
/m/0bg539 /people/person/places_lived./people/place_lived/location /m/0853g 3 3 1 1 0 0
/m/0350l7 /people/person/places_lived./people/place_lived/location /m/017j4q 1 1 1 1 1 1
/m/01vrx3g /people/person/places_lived./people/place_lived/location /m/0vbk 3437 3437 0 0 0 0
/m/01wgx4 /people/person/places_lived./people/place_lived/location /m/0hyxv 1 1 1 1 1 1
/m/02wr2r /people/person/places_lived./people/place_lived/location /m/04rrd 5605 5603 0 0 0 0
/m/02p7_k /people/person/places_lived./people/place_lived/location /m/07b_l 8675 8675 0 0 0 0
/m/01tdnyh /people/person/places_lived./people/place_lived/location /m/02jx1 5 5 1 1 0 0
/m/024bbl /people/person/places_lived./people/place_lived/location /m/0cc56 9185 9185 0 0 0 0
/m/04bs3j /people/person/places_lived./people/place_lived/location /m/03dm7 9196 9195 0 0 0 0
/m/01r93l /people/person/places_lived./people/place_lived/location /m/01llj3 1 1 1 1 1 1
/m/025t9b /people/person/places_lived./people/place_lived/location /m/04lh6 1 1 1 1 1 1
/m/03f1r6t /people/person/places_lived./people/place_lived/location /m/02_286 2 1 1 1 0 1
/m/01gq0b /people/person/places_lived./people/place_lived/location /m/0cc56 467 467 0 0 0 0
/m/015c2f /people/person/places_lived./people/place_lived/location /m/02_286 1 1 1 1 1 1
/m/07zhd7 /people/person/places_lived./people/place_lived/location /m/019fh 14520 14519 0 0 0 0
/m/078jt5 /people/person/places_lived./people/place_lived/location /m/013m_x 1 1 1 1 1 1
/m/01wqflx /people/person/places_lived./people/place_lived/location /m/0psxp 1 1 1 1 1 1
/m/02624g /people/person/places_lived./people/place_lived/location /m/0xr0t 1 1 1 1 1 1
/m/032wdd /people/person/places_lived./people/place_lived/location /m/0f2wj 10515 10513 0 0 0 0
/m/04fhn_ /people/person/places_lived./people/place_lived/location /m/0sngf 8052 8051 0 0 0 0
/m/0438pz /people/person/places_lived./people/place_lived/location /m/02_286 1 1 1 1 1 1
/m/01ycbq /people/person/places_lived./people/place_lived/location /m/052p7 8366 8365 0 0 0 0
/m/06w6_ /people/person/places_lived./people/place_lived/location /m/02_286 1 1 1 1 1 1
/m/0bkmf /people/person/places_lived./people/place_lived/location /m/0z20d 2001 2001 0 0 0 0
/m/0kft /people/person/places_lived./people/place_lived/location /m/07dfk 7972 7972 0 0 0 0
/m/0b7gxq /people/person/places_lived./people/place_lived/location /m/01n4w 1 1 1 1 1 1
/m/053y4h /people/person/places_lived./people/place_lived/location /m/030qb3t 2 1 1 1 0 1
/m/04vlh5 /people/person/places_lived./people/place_lived/location /m/02_286 1 1 1 1 1 1
/m/02z3zp /people/person/places_lived./people/place_lived/location /m/0fr0t 4 3 1 1 0 0
/m/01pw2f1 /people/person/places_lived./people/place_lived/location /m/0cr3d 1 1 1 1 1 1
/m/01v80y /people/person/places_lived./people/place_lived/location /m/094jv 1 1 1 1 1 1
/m/01w61th /people/person/places_lived./people/place_lived/location /m/0f2v0 1204 1202 0 0 0 0
/m/05dbf /people/person/places_lived./people/place_lived/location /m/030qb3t 4 2 1 1 0 0
/m/04vq3h /people/person/places_lived./people/place_lived/location /m/01cx_ 11299 11299 0 0 0 0
/m/0c3p7 /people/person/places_lived./people/place_lived/location /m/0rd6b 2 1 1 1 0 1
/m/01l_yg /people/person/places_lived./people/place_lived/location /m/02_286 3 2 1 1 0 0
/m/0jsw9l /people/person/places_lived./people/place_lived/location /m/0xr0t 1 1 1 1 1 1
/m/04r68 /people/person/places_lived./people/place_lived/location /m/01smm 1 1 1 1 1 1
/m/04vcdj /people/person/places_lived./people/place_lived/location /m/0f2s6 3511 3510 0 0 0 0
/m/01vrx35 /people/person/places_lived./people/place_lived/location /m/0h7h6 1 1 1 1 1 1
/m/07csf4 /people/person/places_lived./people/place_lived/location /m/0cr3d 1 1 1 1 1 1
/m/01mxnvc /people/person/places_lived./people/place_lived/location /m/0k33p 2 2 1 1 0 0
/m/031v3p /people/person/places_lived./people/place_lived/location /m/0h7h6 1 1 1 1 1 1
/m/023zsh /people/person/places_lived./people/place_lived/location /m/030qb3t 3 3 1 1 0 0
/m/05whq_9 /people/person/places_lived./people/place_lived/location /m/02h6_6p 1 1 1 1 1 1
/m/01z9_x /people/person/places_lived./people/place_lived/location /m/0f2tj 1 1 1 1 1 1
/m/0149xx /people/person/places_lived./people/place_lived/location /m/01gf5 1 1 1 1 1 1
/m/02knnd /people/person/places_lived./people/place_lived/location /m/0fvzg 4493 4492 0 0 0 0
/m/0c6qh /people/person/places_lived./people/place_lived/location /m/05mph 11634 11629 0 0 0 0
/m/01vs_v8 /people/person/places_lived./people/place_lived/location /m/0v1xg 3 1 1 1 0 1
/m/012ycy /people/person/places_lived./people/place_lived/location /m/0rh6k 1 1 1 1 1 1
/m/01vt5c_ /people/person/places_lived./people/place_lived/location /m/0c8tk 4708 4707 0 0 0 0
/m/01whg97 /people/person/places_lived./people/place_lived/location /m/0vfs8 2 1 1 1 0 1
/m/098n_m /people/person/places_lived./people/place_lived/location /m/02frhbc 14350 14350 0 0 0 0
/m/0c1pj /people/person/places_lived./people/place_lived/location /m/06y57 12194 12194 0 0 0 0
/m/02mjmr /people/person/places_lived./people/place_lived/location /m/02hrh0_ 3 1 1 1 0 1
/m/05hrq4 /people/person/places_lived./people/place_lived/location /m/02_286 1 1 1 1 1 1
/m/03_hd /people/person/places_lived./people/place_lived/location /m/04jpl 1 1 1 1 1 1
/m/09nhvw /people/person/places_lived./people/place_lived/location /m/030qb3t 3 1 1 1 0 1
/m/028pzq /people/person/places_lived./people/place_lived/location /m/06c62 1 1 1 1 1 1
/m/01nm3s /people/person/places_lived./people/place_lived/location /m/027l4q 4403 4402 0 0 0 0
/m/01wyy_ /people/person/places_lived./people/place_lived/location /m/06wxw 1 1 1 1 1 1
/m/011s9r /people/person/places_lived./people/place_lived/location /m/01sn3 5 4 1 1 0 0
/m/014z8v /people/person/places_lived./people/place_lived/location /m/01n7q 8865 8863 0 0 0 0
/m/07t2k /people/person/places_lived./people/place_lived/location /m/05kkh 5319 5318 0 0 0 0
/m/022p06 /people/person/places_lived./people/place_lived/location /m/02_286 5 5 1 1 0 0
/m/028mc6 /people/person/places_lived./people/place_lived/location /m/013kcv 1 1 1 1 1 1
/m/06hmd /people/person/places_lived./people/place_lived/location /m/013m_x 2052 2051 0 0 0 0
/m/0277c3 /people/person/places_lived./people/place_lived/location /m/0156q 1 1 1 1 1 1
/m/0bq2g /people/person/places_lived./people/place_lived/location /m/04jpl 7 4 1 1 0 0
/m/03hbzj /people/person/places_lived./people/place_lived/location /m/02_286 1 1 1 1 1 1
/m/06pwf6 /people/person/places_lived./people/place_lived/location /m/09c6w 12954 12954 0 0 0 0
/m/017xm3 /people/person/places_lived./people/place_lived/location /m/081yw 4456 4456 0 0 0 0
/m/0djc3s /people/person/places_lived./people/place_lived/location /m/0cvw9 1 1 1 1 1 1
/m/0f276 /people/person/places_lived./people/place_lived/location /m/080h2 9485 9484 0 0 0 0
/m/030wkp /people/person/places_lived./people/place_lived/location /m/013yq 2 1 1 1 0 1
/m/05cv8 /people/person/places_lived./people/place_lived/location /m/04rrd 6688 6688 0 0 0 0
/m/063t3j /people/person/places_lived./people/place_lived/location /m/02jx1 5831 5831 0 0 0 0
/m/0h1nt /people/person/places_lived./people/place_lived/location /m/0mp3l 10874 10873 0 0 0 0
/m/0dq9wx /people/person/places_lived./people/place_lived/location /m/0d6lp 10800 10798 0 0 0 0
/m/09yhzs /people/person/places_lived./people/place_lived/location /m/030qb3t 3 1 1 1 0 1
/m/07hgkd /people/person/places_lived./people/place_lived/location /m/019fh 1 1 1 1 1 1
/m/03x31g /people/person/places_lived./people/place_lived/location /m/04vmp 10830 10829 0 0 0 0
/m/01kws3 /people/person/places_lived./people/place_lived/location /m/0cr3d 2 1 1 1 0 1
/m/01kkx2 /people/person/places_lived./people/place_lived/location /m/0cc56 1 1 1 1 1 1
/m/018p4y /people/person/places_lived./people/place_lived/location /m/03gh4 10028 10026 0 0 0 0
/m/0lgm5 /people/person/places_lived./people/place_lived/location /m/0cc56 1468 1467 0 0 0 0
/m/02lfp4 /people/person/places_lived./people/place_lived/location /m/04jpl 1 1 1 1 1 1
/m/018_lb /people/person/places_lived./people/place_lived/location /m/0d04z6 13025 13022 0 0 0 0
/m/01pcq3 /people/person/places_lived./people/place_lived/location /m/0pmq2 2 1 1 1 0 1
/m/0137n0 /people/person/places_lived./people/place_lived/location /m/05jbn 11081 11078 0 0 0 0
/m/045gzq /people/person/places_lived./people/place_lived/location /m/0rh6k 1 1 1 1 1 1
/m/01vzx45 /people/person/places_lived./people/place_lived/location /m/0r03f 1 1 1 1 1 1
/m/01c7qd /people/person/places_lived./people/place_lived/location /m/02_286 2 2 1 1 0 0
/m/0c2ry /people/person/places_lived./people/place_lived/location /m/02_n7 1 1 1 1 1 1
/m/0k2mxq /people/person/places_lived./people/place_lived/location /m/01sn3 1 1 1 1 1 1
/m/0jpdn /people/person/places_lived./people/place_lived/location /m/030qb3t 3 2 1 1 0 0
/m/044mvs /people/person/places_lived./people/place_lived/location /m/0947l 10291 10288 0 0 0 0
/m/01p45_v /people/person/places_lived./people/place_lived/location /m/0f2rq 4183 4182 0 0 0 0
/m/03n69x /people/person/places_lived./people/place_lived/location /m/013yq 3 2 1 1 0 0
/m/04gycf /people/person/places_lived./people/place_lived/location /m/0ply0 3 2 1 1 0 0
/m/016ypb /people/person/places_lived./people/place_lived/location /m/0j4q1 13458 13455 0 0 0 0
/m/01lwx /people/person/places_lived./people/place_lived/location /m/0235n9 1 1 1 1 1 1
/m/0cfz_z /people/person/places_lived./people/place_lived/location /m/0cw4l 8 8 1 1 0 0
/m/02bn75 /people/person/places_lived./people/place_lived/location /m/01zmqw 7604 7604 0 0 0 0
/m/0mb5x /people/person/places_lived./people/place_lived/location /m/04jpl 3 3 1 1 0 0
/m/03m8lq /people/person/places_lived./people/place_lived/location /m/02_286 1 1 1 1 1 1
/m/04t969 /people/person/places_lived./people/place_lived/location /m/0824r 7638 7637 0 0 0 0
/m/018y2s /people/person/places_lived./people/place_lived/location /m/07z1m 226 224 0 0 0 0
/m/06x4l_ /people/person/places_lived./people/place_lived/location /m/0fpzwf 1 1 1 1 1 1
/m/03zg2x /people/person/places_lived./people/place_lived/location /m/0xkq4 1 1 1 1 1 1
/m/05mkhs /people/person/places_lived./people/place_lived/location /m/0f25y 225 224 0 0 0 0
/m/04snp2 /people/person/places_lived./people/place_lived/location /m/01x73 8302 8302 0 0 0 0
/m/04xhwn /people/person/places_lived./people/place_lived/location /m/0r00l 1647 1647 0 0 0 0
/m/01pkhw /people/person/places_lived./people/place_lived/location /m/01_5bb 6467 6464 0 0 0 0
/m/0163kf /people/person/places_lived./people/place_lived/location /m/013yq 1 1 1 1 1 1
/m/081lh /people/person/places_lived./people/place_lived/location /m/0cr3d 10995 10994 0 0 0 0
/m/018gkb /people/person/places_lived./people/place_lived/location /m/0tgcy 1 1 1 1 1 1
/m/02_hj4 /people/person/places_lived./people/place_lived/location /m/0cc56 3 1 1 1 0 1
/m/087_wh /people/person/places_lived./people/place_lived/location /m/04vmp 3 3 1 1 0 0
/m/0chsq /people/person/places_lived./people/place_lived/location /m/030qb3t 2 1 1 1 0 1
/m/0n6f8 /people/person/places_lived./people/place_lived/location /m/0bp_7 909 909 0 0 0 0
/m/0k1bs /people/person/places_lived./people/place_lived/location /m/0d6lp 2 1 1 1 0 1
/m/01gvxv /people/person/places_lived./people/place_lived/location /m/0824r 6 4 1 1 0 0
