/m/0879xc /soccer/football_player/current_team./soccer/football_roster_position/team /m/01s_d4 7 1 1 1 0 1
/m/05_6_y /soccer/football_player/current_team./soccer/football_roster_position/team /m/0272vm 3 1 1 1 0 1
/m/0djvzd /soccer/football_player/current_team./soccer/football_roster_position/team /m/02b16p 1 1 1 1 1 1
/m/071h5c /soccer/football_player/current_team./soccer/football_roster_position/team /m/0lmm3 3 1 1 1 0 1
/m/07h1h5 /soccer/football_player/current_team./soccer/football_roster_position/team /m/02b13y 4 1 1 1 0 1
/m/0135nb /soccer/football_player/current_team./soccer/football_roster_position/team /m/027pwl 3 1 1 1 0 1
/m/0fp_xp /soccer/football_player/current_team./soccer/football_roster_position/team /m/0284h6 7 1 1 1 0 1
/m/03jg5t /soccer/football_player/current_team./soccer/football_roster_position/team /m/02b168 1 1 1 1 1 1
/m/0g9zjp /soccer/football_player/current_team./soccer/football_roster_position/team /m/02b185 7 1 1 1 0 1
/m/0d3mlc /soccer/football_player/current_team./soccer/football_roster_position/team /m/05r_x5 4 1 1 1 0 1
/m/0784v1 /soccer/football_player/current_team./soccer/football_roster_position/team /m/02b1jf 1 1 1 1 1 1
/m/080dyk /soccer/football_player/current_team./soccer/football_roster_position/team /m/01wx_y 6 1 1 1 0 1
/m/0gtgp6 /soccer/football_player/current_team./soccer/football_roster_position/team /m/0fvly 6 1 1 1 0 1
/m/0g3b2z /soccer/football_player/current_team./soccer/football_roster_position/team /m/02qhlm 4 1 1 1 0 1
/m/05_6_y /soccer/football_player/current_team./soccer/football_roster_position/team /m/01kwhf 1 1 1 1 1 1
/m/09lhln /soccer/football_player/current_team./soccer/football_roster_position/team /m/02b0zt 5 1 1 1 0 1
/m/0f1pyf /soccer/football_player/current_team./soccer/football_roster_position/team /m/01cwm1 4 1 1 1 0 1
/m/02zbjhq /soccer/football_player/current_team./soccer/football_roster_position/team /m/02b190 6 1 1 1 0 1
/m/0879xc /soccer/football_player/current_team./soccer/football_roster_position/team /m/01kj5h 5 1 1 1 0 1
/m/08jbxf /soccer/football_player/current_team./soccer/football_roster_position/team /m/0ctwqs 2 1 1 1 0 1
/m/09r1j5 /soccer/football_player/current_team./soccer/football_roster_position/team /m/043t1s 5 1 1 1 0 1
/m/05_6_y /soccer/football_player/current_team./soccer/football_roster_position/team /m/02b15h 1 1 1 1 1 1
/m/0841zn /soccer/football_player/current_team./soccer/football_roster_position/team /m/035tjy 2 1 1 1 0 1
/m/0g7vxv /soccer/football_player/current_team./soccer/football_roster_position/team /m/01kckd 7 1 1 1 0 1
/m/08jbxf /soccer/football_player/current_team./soccer/football_roster_position/team /m/02q3n9c 2 1 1 1 0 1
/m/0d9v9q /soccer/football_player/current_team./soccer/football_roster_position/team /m/02b185 2 1 1 1 0 1
/m/0d3f83 /soccer/football_player/current_team./soccer/football_roster_position/team /m/0lmm3 4 1 1 1 0 1
/m/0f1pyf /soccer/football_player/current_team./soccer/football_roster_position/team /m/02b17f 2 1 1 1 0 1
/m/0ct_yc /soccer/football_player/current_team./soccer/football_roster_position/team /m/01kckd 2 1 1 1 0 1
/m/02y0dd /soccer/football_player/current_team./soccer/football_roster_position/team /m/03x6m 7 1 1 1 0 1
/m/026kmvf /soccer/football_player/current_team./soccer/football_roster_position/team /m/01352_ 1 1 1 1 1 1
/m/0d1swh /soccer/football_player/current_team./soccer/football_roster_position/team /m/01cwq9 8 1 1 1 0 1
/m/0fv6dr /soccer/football_player/current_team./soccer/football_roster_position/team /m/01kc4s 5 1 1 1 0 1
/m/0g7vxv /soccer/football_player/current_team./soccer/football_roster_position/team /m/093xh0 2 1 1 1 0 1
/m/05s_c38 /soccer/football_player/current_team./soccer/football_roster_position/team /m/0199gx 4 1 1 1 0 1
/m/04bsx1 /soccer/football_player/current_team./soccer/football_roster_position/team /m/0bl8l 7 1 1 1 0 1
/m/0g7vxv /soccer/football_player/current_team./soccer/football_roster_position/team /m/02b1mc 7 1 1 1 0 1
/m/07nv3_ /soccer/football_player/current_team./soccer/football_roster_position/team /m/0c9cp0 5 1 1 1 0 1
/m/0bn9sc /soccer/football_player/current_team./soccer/football_roster_position/team /m/02279c 6 1 1 1 0 1
/m/0bhtzw /soccer/football_player/current_team./soccer/football_roster_position/team /m/02b0yk 1 1 1 1 1 1
/m/026kmvf /soccer/football_player/current_team./soccer/football_roster_position/team /m/011v3 5 1 1 1 0 1
/m/0d3f83 /soccer/football_player/current_team./soccer/football_roster_position/team /m/01z1r 3 1 1 1 0 1
/m/0dv1hh /soccer/football_player/current_team./soccer/football_roster_position/team /m/02b2np 6 1 1 1 0 1
/m/0c11mj /soccer/football_player/current_team./soccer/football_roster_position/team /m/047g98 3 1 1 1 0 1
/m/0487c3 /soccer/football_player/current_team./soccer/football_roster_position/team /m/01fwqn 7 1 1 1 0 1
/m/09l9tq /soccer/football_player/current_team./soccer/football_roster_position/team /m/01rl_3 7 1 1 1 0 1
/m/0bw7ly /soccer/football_player/current_team./soccer/football_roster_position/team /m/01j_jh 7 1 1 1 0 1
/m/05s_c38 /soccer/football_player/current_team./soccer/football_roster_position/team /m/01dtl 5 1 1 1 0 1
/m/0bn9sc /soccer/football_player/current_team./soccer/football_roster_position/team /m/01kj5h 5 1 1 1 0 1
/m/02zbjhq /soccer/football_player/current_team./soccer/football_roster_position/team /m/0425c5 2 1 1 1 0 1
/m/0djvzd /soccer/football_player/current_team./soccer/football_roster_position/team /m/02279c 5 1 1 1 0 1
/m/0c11mj /soccer/football_player/current_team./soccer/football_roster_position/team /m/03x6m 4 1 1 1 0 1
/m/071h5c /soccer/football_player/current_team./soccer/football_roster_position/team /m/0199gx 6 1 1 1 0 1
/m/0487c3 /soccer/football_player/current_team./soccer/football_roster_position/team /m/01dtl 3 1 1 1 0 1
/m/0fp_xp /soccer/football_player/current_team./soccer/football_roster_position/team /m/02s2ys 7 1 1 1 0 1
/m/0c11mj /soccer/football_player/current_team./soccer/football_roster_position/team /m/05511w 1 1 1 1 1 1
