/m/04mrgz /soccer/football_team/current_roster./soccer/football_roster_position/position /m/0dgrmp 1 1 1 1 1 1
/m/044p4_ /soccer/football_team/current_roster./soccer/football_roster_position/position /m/02_j1w 4 1 1 1 0 1
/m/03j7cf /soccer/football_team/current_roster./soccer/football_roster_position/position /m/02_j1w 3 1 1 1 0 1
/m/02qhlm /soccer/football_team/current_roster./soccer/football_roster_position/position /m/02sdk9v 2 1 1 1 0 1
/m/05hyzx /soccer/football_team/current_roster./soccer/football_roster_position/position /m/02_j1w 3 1 1 1 0 1
/m/05nsfc /soccer/football_team/current_roster./soccer/football_roster_position/position /m/02_j1w 4 1 1 1 0 1
/m/03gbty /soccer/football_team/current_roster./soccer/football_roster_position/position /m/02sdk9v 2 1 1 1 0 1
/m/03mq33 /soccer/football_team/current_roster./soccer/football_roster_position/position /m/02_j1w 3 1 1 1 0 1
/m/043t1s /soccer/football_team/current_roster./soccer/football_roster_position/position /m/02_j1w 4 1 1 1 0 1
/m/04d817 /soccer/football_team/current_roster./soccer/football_roster_position/position /m/02_j1w 4 1 1 1 0 1
/m/025rpyx /soccer/football_team/current_roster./soccer/football_roster_position/position /m/02sdk9v 3 1 1 1 0 1
/m/03mp37 /soccer/football_team/current_roster./soccer/football_roster_position/position /m/02sdk9v 2 1 1 1 0 1
/m/01wx_y /soccer/football_team/current_roster./soccer/football_roster_position/position /m/02_j1w 3 1 1 1 0 1
/m/04kn29 /soccer/football_team/current_roster./soccer/football_roster_position/position /m/02nzb8 1 1 1 1 1 1
/m/0cxbth /soccer/football_team/current_roster./soccer/football_roster_position/position /m/02_j1w 4 1 1 1 0 1
/m/03fn16 /soccer/football_team/current_roster./soccer/football_roster_position/position /m/0dgrmp 1 1 1 1 1 1
/m/03j79x /soccer/football_team/current_roster./soccer/football_roster_position/position /m/02_j1w 4 1 1 1 0 1
/m/0hcm7 /soccer/football_team/current_roster./soccer/football_roster_position/position /m/02nzb8 2 1 1 1 0 1
/m/045346 /soccer/football_team/current_roster./soccer/football_roster_position/position /m/02nzb8 2 1 1 1 0 1
/m/03zbg0 /soccer/football_team/current_roster./soccer/football_roster_position/position /m/0dgrmp 1 1 1 1 1 1
/m/01_1kk /soccer/football_team/current_roster./soccer/football_roster_position/position /m/02sdk9v 4 1 1 1 0 1
/m/019lxm /soccer/football_team/current_roster./soccer/football_roster_position/position /m/02_j1w 4 1 1 1 0 1
/m/02b14q /soccer/football_team/current_roster./soccer/football_roster_position/position /m/0dgrmp 1 1 1 1 1 1
/m/01kkg5 /soccer/football_team/current_roster./soccer/football_roster_position/position /m/02_j1w 3 1 1 1 0 1
/m/04j689 /soccer/football_team/current_roster./soccer/football_roster_position/position /m/02sdk9v 3 1 1 1 0 1
/m/04999m /soccer/football_team/current_roster./soccer/football_roster_position/position /m/02_j1w 3 1 1 1 0 1
/m/06ylv0 /soccer/football_team/current_roster./soccer/football_roster_position/position /m/02sdk9v 4 1 1 1 0 1
/m/0fm6m8 /soccer/football_team/current_roster./soccer/football_roster_position/position /m/02_j1w 3 1 1 1 0 1
/m/044l47 /soccer/football_team/current_roster./soccer/football_roster_position/position /m/0dgrmp 1 1 1 1 1 1
/m/08lfyn /soccer/football_team/current_roster./soccer/football_roster_position/position /m/02nzb8 1 1 1 1 1 1
/m/03j6_5 /soccer/football_team/current_roster./soccer/football_roster_position/position /m/02nzb8 2 1 1 1 0 1
/m/01kj5h /soccer/football_team/current_roster./soccer/football_roster_position/position /m/0dgrmp 3 1 1 1 0 1
/m/01hwgt /soccer/football_team/current_roster./soccer/football_roster_position/position /m/02nzb8 2 1 1 1 0 1
/m/0882r_ /soccer/football_team/current_roster./soccer/football_roster_position/position /m/02nzb8 2 1 1 1 0 1
/m/01xn7x1 /soccer/football_team/current_roster./soccer/football_roster_position/position /m/02_j1w 4 1 1 1 0 1
/m/03zm00 /soccer/football_team/current_roster./soccer/football_roster_position/position /m/0dgrmp 1 1 1 1 1 1
/m/04ngn /soccer/football_team/current_roster./soccer/football_roster_position/position /m/02sdk9v 3 1 1 1 0 1
/m/0415zv /soccer/football_team/current_roster./soccer/football_roster_position/position /m/02nzb8 2 1 1 1 0 1
/m/0gfw56 /soccer/football_team/current_roster./soccer/football_roster_position/position /m/02sdk9v 3 1 1 1 0 1
/m/0lmm3 /soccer/football_team/current_roster./soccer/football_roster_position/position /m/0dgrmp 3 1 1 1 0 1
/m/06zpgb2 /soccer/football_team/current_roster./soccer/football_roster_position/position /m/02nzb8 2 1 1 1 0 1
/m/077jpc /soccer/football_team/current_roster./soccer/football_roster_position/position /m/02_j1w 3 1 1 1 0 1
/m/02s6tk /soccer/football_team/current_roster./soccer/football_roster_position/position /m/02nzb8 1 1 1 1 1 1
/m/04994l /soccer/football_team/current_roster./soccer/football_roster_position/position /m/02sdk9v 3 1 1 1 0 1
/m/01kc4s /soccer/football_team/current_roster./soccer/football_roster_position/position /m/02sdk9v 3 1 1 1 0 1
/m/06rk8r /soccer/football_team/current_roster./soccer/football_roster_position/position /m/0dgrmp 1 1 1 1 1 1
/m/049d_ /soccer/football_team/current_roster./soccer/football_roster_position/position /m/02_j1w 3 1 1 1 0 1
/m/09kzxt /soccer/football_team/current_roster./soccer/football_roster_position/position /m/0dgrmp 4 1 1 1 0 1
/m/043y95 /soccer/football_team/current_roster./soccer/football_roster_position/position /m/02sdk9v 3 1 1 1 0 1
/m/02b1zs /soccer/football_team/current_roster./soccer/football_roster_position/position /m/02nzb8 1 1 1 1 1 1
/m/04jbyg /soccer/football_team/current_roster./soccer/football_roster_position/position /m/02sdk9v 2 1 1 1 0 1
/m/0ghd6l /soccer/football_team/current_roster./soccer/football_roster_position/position /m/02nzb8 4 1 1 1 0 1
/m/049912 /soccer/football_team/current_roster./soccer/football_roster_position/position /m/02nzb8 2 1 1 1 0 1
/m/01yxbw /soccer/football_team/current_roster./soccer/football_roster_position/position /m/02nzb8 1 1 1 1 1 1
/m/027024 /soccer/football_team/current_roster./soccer/football_roster_position/position /m/0dgrmp 1 1 1 1 1 1
/m/03yfh3 /soccer/football_team/current_roster./soccer/football_roster_position/position /m/02_j1w 3 1 1 1 0 1
/m/0d0bsj /soccer/football_team/current_roster./soccer/football_roster_position/position /m/02_j1w 4 1 1 1 0 1
/m/098r1q /soccer/football_team/current_roster./soccer/football_roster_position/position /m/02sdk9v 2 1 1 1 0 1
/m/05nsfc /soccer/football_team/current_roster./soccer/football_roster_position/position /m/0dgrmp 1 1 1 1 1 1
/m/02wwr5n /soccer/football_team/current_roster./soccer/football_roster_position/position /m/02_j1w 2 1 1 1 0 1
/m/02b1hb /soccer/football_team/current_roster./soccer/football_roster_position/position /m/02nzb8 2 1 1 1 0 1
/m/01xn7x1 /soccer/football_team/current_roster./soccer/football_roster_position/position /m/02sdk9v 2 1 1 1 0 1
/m/02rxrh /soccer/football_team/current_roster./soccer/football_roster_position/position /m/02_j1w 4 1 1 1 0 1
/m/01j48s /soccer/football_team/current_roster./soccer/football_roster_position/position /m/0dgrmp 1 1 1 1 1 1
/m/01w_d6 /soccer/football_team/current_roster./soccer/football_roster_position/position /m/02sdk9v 4 1 1 1 0 1
/m/09xb4h /soccer/football_team/current_roster./soccer/football_roster_position/position /m/02sdk9v 3 1 1 1 0 1
/m/023zd7 /soccer/football_team/current_roster./soccer/football_roster_position/position /m/02sdk9v 3 1 1 1 0 1
/m/0356gk /soccer/football_team/current_roster./soccer/football_roster_position/position /m/02nzb8 1 1 1 1 1 1
/m/04kn29 /soccer/football_team/current_roster./soccer/football_roster_position/position /m/02_j1w 3 1 1 1 0 1
/m/0404yzp /soccer/football_team/current_roster./soccer/football_roster_position/position /m/0dgrmp 1 1 1 1 1 1
/m/04wqsm /soccer/football_team/current_roster./soccer/football_roster_position/position /m/02sdk9v 4 1 1 1 0 1
/m/039_ym /soccer/football_team/current_roster./soccer/football_roster_position/position /m/0dgrmp 2 1 1 1 0 1
/m/051hhz /soccer/football_team/current_roster./soccer/football_roster_position/position /m/0dgrmp 1 1 1 1 1 1
/m/059nf5 /soccer/football_team/current_roster./soccer/football_roster_position/position /m/0dgrmp 1 1 1 1 1 1
/m/03mqj_ /soccer/football_team/current_roster./soccer/football_roster_position/position /m/02nzb8 2 1 1 1 0 1
/m/0dwz3t /soccer/football_team/current_roster./soccer/football_roster_position/position /m/02_j1w 4 1 1 1 0 1
/m/06z9f8 /soccer/football_team/current_roster./soccer/football_roster_position/position /m/0dgrmp 1 1 1 1 1 1
/m/02279c /soccer/football_team/current_roster./soccer/football_roster_position/position /m/02_j1w 4 1 1 1 0 1
/m/071rlr /soccer/football_team/current_roster./soccer/football_roster_position/position /m/02sdk9v 3 1 1 1 0 1
/m/02b190 /soccer/football_team/current_roster./soccer/football_roster_position/position /m/02_j1w 4 1 1 1 0 1
/m/03fhj1 /soccer/football_team/current_roster./soccer/football_roster_position/position /m/02sdk9v 2 1 1 1 0 1
/m/03b04g /soccer/football_team/current_roster./soccer/football_roster_position/position /m/02sdk9v 2 1 1 1 0 1
/m/044crp /soccer/football_team/current_roster./soccer/football_roster_position/position /m/02_j1w 3 1 1 1 0 1
/m/02pp1 /soccer/football_team/current_roster./soccer/football_roster_position/position /m/02sdk9v 4 1 1 1 0 1
/m/09bkc6 /soccer/football_team/current_roster./soccer/football_roster_position/position /m/02nzb8 2 1 1 1 0 1
/m/03h0k1 /soccer/football_team/current_roster./soccer/football_roster_position/position /m/02sdk9v 4 1 1 1 0 1
/m/05169r /soccer/football_team/current_roster./soccer/football_roster_position/position /m/02_j1w 4 1 1 1 0 1
/m/048xg8 /soccer/football_team/current_roster./soccer/football_roster_position/position /m/02sdk9v 3 1 1 1 0 1
/m/0b256b /soccer/football_team/current_roster./soccer/football_roster_position/position /m/0dgrmp 1 1 1 1 1 1
/m/03_qrp /soccer/football_team/current_roster./soccer/football_roster_position/position /m/02_j1w 1 1 1 1 1 1
/m/02s9vc /soccer/football_team/current_roster./soccer/football_roster_position/position /m/02nzb8 2 1 1 1 0 1
/m/0xbm /soccer/football_team/current_roster./soccer/football_roster_position/position /m/0dgrmp 1 1 1 1 1 1
/m/017znw /soccer/football_team/current_roster./soccer/football_roster_position/position /m/02nzb8 2 1 1 1 0 1
/m/03z0dt /soccer/football_team/current_roster./soccer/football_roster_position/position /m/02sdk9v 3 1 1 1 0 1
/m/042rlf /soccer/football_team/current_roster./soccer/football_roster_position/position /m/02_j1w 3 1 1 1 0 1
/m/05f8c2 /soccer/football_team/current_roster./soccer/football_roster_position/position /m/02nzb8 2 1 1 1 0 1
/m/015_z1 /soccer/football_team/current_roster./soccer/football_roster_position/position /m/02_j1w 4 1 1 1 0 1
/m/01_jky /soccer/football_team/current_roster./soccer/football_roster_position/position /m/02_j1w 3 1 1 1 0 1
/m/0266sb_ /soccer/football_team/current_roster./soccer/football_roster_position/position /m/02nzb8 2 1 1 1 0 1
/m/0d0bsj /soccer/football_team/current_roster./soccer/football_roster_position/position /m/02nzb8 2 1 1 1 0 1
/m/02rh_0 /soccer/football_team/current_roster./soccer/football_roster_position/position /m/02sdk9v 3 1 1 1 0 1
/m/0906w9 /soccer/football_team/current_roster./soccer/football_roster_position/position /m/02_j1w 3 1 1 1 0 1
/m/01dtl /soccer/football_team/current_roster./soccer/football_roster_position/position /m/02_j1w 4 1 1 1 0 1
/m/04hzfz /soccer/football_team/current_roster./soccer/football_roster_position/position /m/02nzb8 2 1 1 1 0 1
/m/06cmd2 /soccer/football_team/current_roster./soccer/football_roster_position/position /m/02_j1w 2 1 1 1 0 1
/m/059nf5 /soccer/football_team/current_roster./soccer/football_roster_position/position /m/02_j1w 4 1 1 1 0 1
/m/01r5xw /soccer/football_team/current_roster./soccer/football_roster_position/position /m/02sdk9v 4 1 1 1 0 1
/m/033g0y /soccer/football_team/current_roster./soccer/football_roster_position/position /m/02_j1w 4 1 1 1 0 1
/m/03h0k1 /soccer/football_team/current_roster./soccer/football_roster_position/position /m/02nzb8 2 1 1 1 0 1
/m/0c02jh8 /soccer/football_team/current_roster./soccer/football_roster_position/position /m/02_j1w 3 1 1 1 0 1
/m/02b1cn /soccer/football_team/current_roster./soccer/football_roster_position/position /m/02_j1w 4 1 1 1 0 1
/m/01_8n9 /soccer/football_team/current_roster./soccer/football_roster_position/position /m/02nzb8 2 1 1 1 0 1
/m/0266sb_ /soccer/football_team/current_roster./soccer/football_roster_position/position /m/0dgrmp 1 1 1 1 1 1
/m/03mp4f /soccer/football_team/current_roster./soccer/football_roster_position/position /m/0dgrmp 1 1 1 1 1 1
/m/01wx_y /soccer/football_team/current_roster./soccer/football_roster_position/position /m/02nzb8 4 1 1 1 0 1
/m/02b168 /soccer/football_team/current_roster./soccer/football_roster_position/position /m/02_j1w 4 1 1 1 0 1
/m/05p8bf9 /soccer/football_team/current_roster./soccer/football_roster_position/position /m/02nzb8 2 1 1 1 0 1
/m/09hldj /soccer/football_team/current_roster./soccer/football_roster_position/position /m/0dgrmp 1 1 1 1 1 1
/m/0bl8l /soccer/football_team/current_roster./soccer/football_roster_position/position /m/02_j1w 3 1 1 1 0 1
/m/045xx /soccer/football_team/current_roster./soccer/football_roster_position/position /m/02nzb8 2 1 1 1 0 1
/m/045xx /soccer/football_team/current_roster./soccer/football_roster_position/position /m/02_j1w 3 1 1 1 0 1
/m/01r5xw /soccer/football_team/current_roster./soccer/football_roster_position/position /m/0dgrmp 1 1 1 1 1 1
/m/02b1d0 /soccer/football_team/current_roster./soccer/football_roster_position/position /m/02sdk9v 3 1 1 1 0 1
/m/06lc85 /soccer/football_team/current_roster./soccer/football_roster_position/position /m/02nzb8 2 1 1 1 0 1
/m/0b_ljy /soccer/football_team/current_roster./soccer/football_roster_position/position /m/0dgrmp 1 1 1 1 1 1
/m/01whvs /soccer/football_team/current_roster./soccer/football_roster_position/position /m/02nzb8 2 1 1 1 0 1
/m/085v7 /soccer/football_team/current_roster./soccer/football_roster_position/position /m/02nzb8 3 1 1 1 0 1
/m/02q3n9c /soccer/football_team/current_roster./soccer/football_roster_position/position /m/0dgrmp 2 1 1 1 0 1
/m/0c9cp0 /soccer/football_team/current_roster./soccer/football_roster_position/position /m/02nzb8 2 1 1 1 0 1
/m/0568qz /soccer/football_team/current_roster./soccer/football_roster_position/position /m/02nzb8 1 1 1 1 1 1
/m/0449sw /soccer/football_team/current_roster./soccer/football_roster_position/position /m/02_j1w 4 1 1 1 0 1
/m/0329r5 /soccer/football_team/current_roster./soccer/football_roster_position/position /m/02nzb8 2 1 1 1 0 1
/m/03mg5f /soccer/football_team/current_roster./soccer/football_roster_position/position /m/02nzb8 2 1 1 1 0 1
/m/049912 /soccer/football_team/current_roster./soccer/football_roster_position/position /m/02sdk9v 3 1 1 1 0 1
/m/07c404 /soccer/football_team/current_roster./soccer/football_roster_position/position /m/02_j1w 3 1 1 1 0 1
/m/0409n0 /soccer/football_team/current_roster./soccer/football_roster_position/position /m/02_j1w 3 1 1 1 0 1
/m/06l22 /soccer/football_team/current_roster./soccer/football_roster_position/position /m/02nzb8 2 1 1 1 0 1
/m/044p4_ /soccer/football_team/current_roster./soccer/football_roster_position/position /m/02nzb8 2 1 1 1 0 1
/m/04j6dg /soccer/football_team/current_roster./soccer/football_roster_position/position /m/0dgrmp 1 1 1 1 1 1
/m/0212mp /soccer/football_team/current_roster./soccer/football_roster_position/position /m/02sdk9v 2 1 1 1 0 1
/m/03lygq /soccer/football_team/current_roster./soccer/football_roster_position/position /m/02nzb8 2 1 1 1 0 1
/m/044crp /soccer/football_team/current_roster./soccer/football_roster_position/position /m/02nzb8 2 1 1 1 0 1
/m/07q9q2 /soccer/football_team/current_roster./soccer/football_roster_position/position /m/02nzb8 1 1 1 1 1 1
/m/0520y3 /soccer/football_team/current_roster./soccer/football_roster_position/position /m/02nzb8 2 1 1 1 0 1
/m/01dtl /soccer/football_team/current_roster./soccer/football_roster_position/position /m/0dgrmp 3 1 1 1 0 1
/m/082wbh /soccer/football_team/current_roster./soccer/football_roster_position/position /m/02_j1w 3 1 1 1 0 1
/m/05hywl /soccer/football_team/current_roster./soccer/football_roster_position/position /m/0dgrmp 1 1 1 1 1 1
/m/03mqj_ /soccer/football_team/current_roster./soccer/football_roster_position/position /m/0dgrmp 1 1 1 1 1 1
/m/03j755 /soccer/football_team/current_roster./soccer/football_roster_position/position /m/02nzb8 2 1 1 1 0 1
/m/02b10w /soccer/football_team/current_roster./soccer/football_roster_position/position /m/02_j1w 2 1 1 1 0 1
/m/02b1ng /soccer/football_team/current_roster./soccer/football_roster_position/position /m/02sdk9v 2 1 1 1 0 1
/m/029n80 /soccer/football_team/current_roster./soccer/football_roster_position/position /m/02nzb8 1 1 1 1 1 1
/m/093g7v /soccer/football_team/current_roster./soccer/football_roster_position/position /m/02_j1w 4 1 1 1 0 1
/m/05glrg /soccer/football_team/current_roster./soccer/football_roster_position/position /m/0dgrmp 1 1 1 1 1 1
/m/03w7kx /soccer/football_team/current_roster./soccer/football_roster_position/position /m/02_j1w 3 1 1 1 0 1
/m/03cwqpm /soccer/football_team/current_roster./soccer/football_roster_position/position /m/02nzb8 2 1 1 1 0 1
/m/04112r /soccer/football_team/current_roster./soccer/football_roster_position/position /m/02sdk9v 3 1 1 1 0 1
/m/0266bd5 /soccer/football_team/current_roster./soccer/football_roster_position/position /m/02nzb8 2 1 1 1 0 1
/m/048_lz /soccer/football_team/current_roster./soccer/football_roster_position/position /m/0dgrmp 1 1 1 1 1 1
/m/06jd89 /soccer/football_team/current_roster./soccer/football_roster_position/position /m/02_j1w 3 1 1 1 0 1
/m/06lckm /soccer/football_team/current_roster./soccer/football_roster_position/position /m/02sdk9v 4 1 1 1 0 1
/m/03ff65 /soccer/football_team/current_roster./soccer/football_roster_position/position /m/02nzb8 2 1 1 1 0 1
/m/051n13 /soccer/football_team/current_roster./soccer/football_roster_position/position /m/02_j1w 4 1 1 1 0 1
/m/045346 /soccer/football_team/current_roster./soccer/football_roster_position/position /m/02_j1w 4 1 1 1 0 1
/m/0fjcgg /soccer/football_team/current_roster./soccer/football_roster_position/position /m/02sdk9v 3 1 1 1 0 1
/m/01njml /soccer/football_team/current_roster./soccer/football_roster_position/position /m/02_j1w 4 1 1 1 0 1
/m/03lb76 /soccer/football_team/current_roster./soccer/football_roster_position/position /m/02nzb8 1 1 1 1 1 1
/m/05tfn1 /soccer/football_team/current_roster./soccer/football_roster_position/position /m/02sdk9v 4 1 1 1 0 1
/m/017_1x /soccer/football_team/current_roster./soccer/football_roster_position/position /m/02sdk9v 2 1 1 1 0 1
/m/04bjff /soccer/football_team/current_roster./soccer/football_roster_position/position /m/0dgrmp 1 1 1 1 1 1
/m/016gp5 /soccer/football_team/current_roster./soccer/football_roster_position/position /m/02_j1w 4 1 1 1 0 1
/m/06cmd2 /soccer/football_team/current_roster./soccer/football_roster_position/position /m/02nzb8 1 1 1 1 1 1
/m/0329qp /soccer/football_team/current_roster./soccer/football_roster_position/position /m/02nzb8 1 1 1 1 1 1
/m/09stq9 /soccer/football_team/current_roster./soccer/football_roster_position/position /m/02_j1w 4 1 1 1 0 1
/m/077jpc /soccer/football_team/current_roster./soccer/football_roster_position/position /m/02nzb8 2 1 1 1 0 1
/m/0329nn /soccer/football_team/current_roster./soccer/football_roster_position/position /m/02sdk9v 3 1 1 1 0 1
/m/0196bp /soccer/football_team/current_roster./soccer/football_roster_position/position /m/02nzb8 2 1 1 1 0 1
/m/0690ct /soccer/football_team/current_roster./soccer/football_roster_position/position /m/02_j1w 4 1 1 1 0 1
/m/037ts6 /soccer/football_team/current_roster./soccer/football_roster_position/position /m/0dgrmp 1 1 1 1 1 1
/m/07sqbl /soccer/football_team/current_roster./soccer/football_roster_position/position /m/02nzb8 2 1 1 1 0 1
/m/090q4n /soccer/football_team/current_roster./soccer/football_roster_position/position /m/02sdk9v 2 1 1 1 0 1
/m/044lbv /soccer/football_team/current_roster./soccer/football_roster_position/position /m/02_j1w 4 1 1 1 0 1
/m/08lmt7 /soccer/football_team/current_roster./soccer/football_roster_position/position /m/02_j1w 2 1 1 1 0 1
/m/03zj_3 /soccer/football_team/current_roster./soccer/football_roster_position/position /m/02nzb8 2 1 1 1 0 1
/m/03zkr8 /soccer/football_team/current_roster./soccer/football_roster_position/position /m/02nzb8 2 1 1 1 0 1
/m/0gfnqh /soccer/football_team/current_roster./soccer/football_roster_position/position /m/02nzb8 4 1 1 1 0 1
/m/080_y /soccer/football_team/current_roster./soccer/football_roster_position/position /m/0dgrmp 1 1 1 1 1 1
/m/03ytp3 /soccer/football_team/current_roster./soccer/football_roster_position/position /m/02_j1w 4 1 1 1 0 1
/m/0g701n /soccer/football_team/current_roster./soccer/football_roster_position/position /m/02nzb8 2 1 1 1 0 1
/m/02k9k9 /soccer/football_team/current_roster./soccer/football_roster_position/position /m/02_j1w 4 1 1 1 0 1
/m/0ksy_ /soccer/football_team/current_roster./soccer/football_roster_position/position /m/02nzb8 2 1 1 1 0 1
/m/040whs /soccer/football_team/current_roster./soccer/football_roster_position/position /m/02nzb8 4 1 1 1 0 1
/m/02qjb_ /soccer/football_team/current_roster./soccer/football_roster_position/position /m/02_j1w 2 1 1 1 0 1
/m/06zdt7 /soccer/football_team/current_roster./soccer/football_roster_position/position /m/0dgrmp 1 1 1 1 1 1
/m/0690dn /soccer/football_team/current_roster./soccer/football_roster_position/position /m/02_j1w 4 1 1 1 0 1
/m/01fcmh /soccer/football_team/current_roster./soccer/football_roster_position/position /m/0dgrmp 1 1 1 1 1 1
/m/03lb76 /soccer/football_team/current_roster./soccer/football_roster_position/position /m/02sdk9v 2 1 1 1 0 1
/m/0c5wln /soccer/football_team/current_roster./soccer/football_roster_position/position /m/02sdk9v 3 1 1 1 0 1
/m/0hvjr /soccer/football_team/current_roster./soccer/football_roster_position/position /m/02sdk9v 4 1 1 1 0 1
/m/042rlf /soccer/football_team/current_roster./soccer/football_roster_position/position /m/0dgrmp 1 1 1 1 1 1
/m/06rk8r /soccer/football_team/current_roster./soccer/football_roster_position/position /m/02sdk9v 4 1 1 1 0 1
/m/02k9k9 /soccer/football_team/current_roster./soccer/football_roster_position/position /m/02sdk9v 3 1 1 1 0 1
/m/0425gc /soccer/football_team/current_roster./soccer/football_roster_position/position /m/02nzb8 2 1 1 1 0 1
/m/07r78j /soccer/football_team/current_roster./soccer/football_roster_position/position /m/02sdk9v 2 1 1 1 0 1
/m/0y9j /soccer/football_team/current_roster./soccer/football_roster_position/position /m/02sdk9v 4 1 1 1 0 1
/m/093g7v /soccer/football_team/current_roster./soccer/football_roster_position/position /m/02nzb8 2 1 1 1 0 1
/m/02b0_6 /soccer/football_team/current_roster./soccer/football_roster_position/position /m/02nzb8 3 1 1 1 0 1
/m/0bs31sl /soccer/football_team/current_roster./soccer/football_roster_position/position /m/02sdk9v 3 1 1 1 0 1
/m/0515zg /soccer/football_team/current_roster./soccer/football_roster_position/position /m/02nzb8 3 1 1 1 0 1
/m/080_y /soccer/football_team/current_roster./soccer/football_roster_position/position /m/03f0fp 4 1 1 1 0 1
/m/0520y3 /soccer/football_team/current_roster./soccer/football_roster_position/position /m/02_j1w 4 1 1 1 0 1
/m/05hywl /soccer/football_team/current_roster./soccer/football_roster_position/position /m/02nzb8 2 1 1 1 0 1
/m/07s5fz /soccer/football_team/current_roster./soccer/football_roster_position/position /m/02nzb8 2 1 1 1 0 1
/m/0bxjpy /soccer/football_team/current_roster./soccer/football_roster_position/position /m/02nzb8 2 1 1 1 0 1
/m/03078l /soccer/football_team/current_roster./soccer/football_roster_position/position /m/0dgrmp 1 1 1 1 1 1
/m/02_lt /soccer/football_team/current_roster./soccer/football_roster_position/position /m/02sdk9v 1 1 1 1 1 1
/m/044lbv /soccer/football_team/current_roster./soccer/football_roster_position/position /m/02sdk9v 3 1 1 1 0 1
/m/04n1hqz /soccer/football_team/current_roster./soccer/football_roster_position/position /m/02nzb8 2 1 1 1 0 1
/m/01njml /soccer/football_team/current_roster./soccer/football_roster_position/position /m/02sdk9v 1 1 1 1 1 1
/m/02b15x /soccer/football_team/current_roster./soccer/football_roster_position/position /m/02sdk9v 3 1 1 1 0 1
/m/037css /soccer/football_team/current_roster./soccer/football_roster_position/position /m/02nzb8 2 1 1 1 0 1
/m/03j722 /soccer/football_team/current_roster./soccer/football_roster_position/position /m/0dgrmp 1 1 1 1 1 1
/m/0kqbh /soccer/football_team/current_roster./soccer/football_roster_position/position /m/0dgrmp 1 1 1 1 1 1
/m/03cwqpm /soccer/football_team/current_roster./soccer/football_roster_position/position /m/02sdk9v 3 1 1 1 0 1
/m/04ltf /soccer/football_team/current_roster./soccer/football_roster_position/position /m/0dgrmp 1 1 1 1 1 1
/m/0425yz /soccer/football_team/current_roster./soccer/football_roster_position/position /m/02nzb8 2 1 1 1 0 1
/m/0346qt /soccer/football_team/current_roster./soccer/football_roster_position/position /m/02sdk9v 3 1 1 1 0 1
/m/056zdj /soccer/football_team/current_roster./soccer/football_roster_position/position /m/02_j1w 3 1 1 1 0 1
/m/033nzk /soccer/football_team/current_roster./soccer/football_roster_position/position /m/02sdk9v 1 1 1 1 1 1
/m/0177gl /soccer/football_team/current_roster./soccer/football_roster_position/position /m/02_j1w 3 1 1 1 0 1
/m/03z2rz /soccer/football_team/current_roster./soccer/football_roster_position/position /m/0dgrmp 2 1 1 1 0 1
/m/0bg4f9 /soccer/football_team/current_roster./soccer/football_roster_position/position /m/02sdk9v 3 1 1 1 0 1
/m/03fhjz /soccer/football_team/current_roster./soccer/football_roster_position/position /m/02nzb8 2 1 1 1 0 1
/m/029q3k /soccer/football_team/current_roster./soccer/football_roster_position/position /m/02nzb8 2 1 1 1 0 1
/m/0425yz /soccer/football_team/current_roster./soccer/football_roster_position/position /m/0dgrmp 1 1 1 1 1 1
/m/01xbp7 /soccer/football_team/current_roster./soccer/football_roster_position/position /m/02_j1w 3 1 1 1 0 1
/m/06pqy_ /soccer/football_team/current_roster./soccer/football_roster_position/position /m/02sdk9v 2 1 1 1 0 1
/m/04czcb /soccer/football_team/current_roster./soccer/football_roster_position/position /m/02sdk9v 4 1 1 1 0 1
/m/02b0y3 /soccer/football_team/current_roster./soccer/football_roster_position/position /m/0dgrmp 1 1 1 1 1 1
/m/0303jw /soccer/football_team/current_roster./soccer/football_roster_position/position /m/0dgrmp 2 1 1 1 0 1
/m/021mkg /soccer/football_team/current_roster./soccer/football_roster_position/position /m/02nzb8 2 1 1 1 0 1
/m/032jlh /soccer/football_team/current_roster./soccer/football_roster_position/position /m/0dgrmp 4 1 1 1 0 1
/m/05cwnc /soccer/football_team/current_roster./soccer/football_roster_position/position /m/02nzb8 1 1 1 1 1 1
/m/05p8bf9 /soccer/football_team/current_roster./soccer/football_roster_position/position /m/02_j1w 4 1 1 1 0 1
/m/056xx8 /soccer/football_team/current_roster./soccer/football_roster_position/position /m/02_j1w 4 1 1 1 0 1
/m/04kny3 /soccer/football_team/current_roster./soccer/football_roster_position/position /m/02sdk9v 2 1 1 1 0 1
/m/03x746 /soccer/football_team/current_roster./soccer/football_roster_position/position /m/02sdk9v 4 1 1 1 0 1
/m/033g54 /soccer/football_team/current_roster./soccer/football_roster_position/position /m/02sdk9v 3 1 1 1 0 1
/m/046fz5 /soccer/football_team/current_roster./soccer/football_roster_position/position /m/02sdk9v 3 1 1 1 0 1
/m/02029f /soccer/football_team/current_roster./soccer/football_roster_position/position /m/0dgrmp 1 1 1 1 1 1
/m/03z8bw /soccer/football_team/current_roster./soccer/football_roster_position/position /m/02_j1w 3 1 1 1 0 1
/m/09c04n /soccer/football_team/current_roster./soccer/football_roster_position/position /m/02nzb8 1 1 1 1 1 1
/m/05169r /soccer/football_team/current_roster./soccer/football_roster_position/position /m/02sdk9v 3 1 1 1 0 1
/m/03yvln /soccer/football_team/current_roster./soccer/football_roster_position/position /m/02_j1w 4 1 1 1 0 1
/m/0d8_wz /soccer/football_team/current_roster./soccer/football_roster_position/position /m/02_j1w 3 1 1 1 0 1
/m/071rlr /soccer/football_team/current_roster./soccer/football_roster_position/position /m/02_j1w 4 1 1 1 0 1
/m/070tng /soccer/football_team/current_roster./soccer/football_roster_position/position /m/02nzb8 2 1 1 1 0 1
/m/046f25 /soccer/football_team/current_roster./soccer/football_roster_position/position /m/02_j1w 4 1 1 1 0 1
/m/01xn7x1 /soccer/football_team/current_roster./soccer/football_roster_position/position /m/0dgrmp 3 1 1 1 0 1
/m/043t1s /soccer/football_team/current_roster./soccer/football_roster_position/position /m/02sdk9v 3 1 1 1 0 1
/m/03fnmd /soccer/football_team/current_roster./soccer/football_roster_position/position /m/02sdk9v 4 1 1 1 0 1
/m/0kwv2 /soccer/football_team/current_roster./soccer/football_roster_position/position /m/02sdk9v 3 1 1 1 0 1
/m/049bp4 /soccer/football_team/current_roster./soccer/football_roster_position/position /m/02_j1w 4 1 1 1 0 1
/m/05jx2d /soccer/football_team/current_roster./soccer/football_roster_position/position /m/0dgrmp 1 1 1 1 1 1
/m/0ctwqs /soccer/football_team/current_roster./soccer/football_roster_position/position /m/02nzb8 2 1 1 1 0 1
/m/09tc_y /soccer/football_team/current_roster./soccer/football_roster_position/position /m/02nzb8 1 1 1 1 1 1
