/m/015_z1 /soccer/football_team/current_roster./sports/sports_team_roster/player /m/0g7vxv 7 1 1 1 0 1
/m/02b15x /soccer/football_team/current_roster./sports/sports_team_roster/player /m/071h5c 2 1 1 1 0 1
/m/02b17t /soccer/football_team/current_roster./sports/sports_team_roster/player /m/0b7l1f 2 1 1 1 0 1
/m/045xx /soccer/football_team/current_roster./sports/sports_team_roster/player /m/09j028 1 1 1 1 1 1
/m/02029f /soccer/football_team/current_roster./sports/sports_team_roster/player /m/0gtgp6 3 1 1 1 0 1
/m/04ngn /soccer/football_team/current_roster./sports/sports_team_roster/player /m/080dyk 2 1 1 1 0 1
/m/04knvh /soccer/football_team/current_roster./sports/sports_team_roster/player /m/0gtgp6 1 1 1 1 1 1
/m/01cwm1 /soccer/football_team/current_roster./sports/sports_team_roster/player /m/071h5c 6 1 1 1 0 1
/m/014nzp /soccer/football_team/current_roster./sports/sports_team_roster/player /m/04bsx1 2 1 1 1 0 1
/m/04mp75 /soccer/football_team/current_roster./sports/sports_team_roster/player /m/09r1j5 1 1 1 1 1 1
/m/0fvly /soccer/football_team/current_roster./sports/sports_team_roster/player /m/09m465 4 1 1 1 0 1
/m/02b1k5 /soccer/football_team/current_roster./sports/sports_team_roster/player /m/0bw7ly 3 1 1 1 0 1
/m/039_ym /soccer/football_team/current_roster./sports/sports_team_roster/player /m/0dhrqx 1 1 1 1 1 1
/m/02q1hz /soccer/football_team/current_roster./sports/sports_team_roster/player /m/07h1h5 2 1 1 1 0 1
/m/019m9h /soccer/football_team/current_roster./sports/sports_team_roster/player /m/026kmvf 1 1 1 1 1 1
/m/049f88 /soccer/football_team/current_roster./sports/sports_team_roster/player /m/08b0cj 1 1 1 1 1 1
/m/02b0_6 /soccer/football_team/current_roster./sports/sports_team_roster/player /m/09lhln 3 1 1 1 0 1
/m/02b13y /soccer/football_team/current_roster./sports/sports_team_roster/player /m/05_6_y 1 1 1 1 1 1
/m/02b1yn /soccer/football_team/current_roster./sports/sports_team_roster/player /m/0gtgp6 1 1 1 1 1 1
/m/02qfyk /soccer/football_team/current_roster./sports/sports_team_roster/player /m/0b7l1f 1 1 1 1 1 1
/m/02pp1 /soccer/football_team/current_roster./sports/sports_team_roster/player /m/06sy4c 2 1 1 1 0 1
/m/02gys2 /soccer/football_team/current_roster./sports/sports_team_roster/player /m/0fw2d3 2 1 1 1 0 1
/m/046f25 /soccer/football_team/current_roster./sports/sports_team_roster/player /m/0487c3 3 1 1 1 0 1
/m/093g7v /soccer/football_team/current_roster./sports/sports_team_roster/player /m/026n047 1 1 1 1 1 1
/m/04gkp3 /soccer/football_team/current_roster./sports/sports_team_roster/player /m/0bw7ly 4 1 1 1 0 1
/m/01634x /soccer/football_team/current_roster./sports/sports_team_roster/player /m/09l9tq 3 1 1 1 0 1
/m/029q3k /soccer/football_team/current_roster./sports/sports_team_roster/player /m/0bw7ly 3 1 1 1 0 1
/m/025czw /soccer/football_team/current_roster./sports/sports_team_roster/player /m/06sy4c 3 1 1 1 0 1
/m/027ffq /soccer/football_team/current_roster./sports/sports_team_roster/player /m/0d9v9q 3 1 1 1 0 1
/m/02b2np /soccer/football_team/current_roster./sports/sports_team_roster/player /m/0fv6dr 7 1 1 1 0 1
/m/027ffq /soccer/football_team/current_roster./sports/sports_team_roster/player /m/0457w0 5 1 1 1 0 1
/m/0dwz3t /soccer/football_team/current_roster./sports/sports_team_roster/player /m/054kmq 5 1 1 1 0 1
/m/02_lt /soccer/football_team/current_roster./sports/sports_team_roster/player /m/05_6_y 4 1 1 1 0 1
/m/01453 /soccer/football_team/current_roster./sports/sports_team_roster/player /m/09j028 2 1 1 1 0 1
/m/0cgwt8 /soccer/football_team/current_roster./sports/sports_team_roster/player /m/03yf5g 1 1 1 1 1 1
/m/05cws2 /soccer/football_team/current_roster./sports/sports_team_roster/player /m/05c4fys 1 1 1 1 1 1
/m/0284gc /soccer/football_team/current_roster./sports/sports_team_roster/player /m/02rnns 2 1 1 1 0 1
/m/02b1ng /soccer/football_team/current_roster./sports/sports_team_roster/player /m/0bw7ly 2 1 1 1 0 1
/m/04vn_k /soccer/football_team/current_roster./sports/sports_team_roster/player /m/07nvmx 2 1 1 1 0 1
/m/0jv5x /soccer/football_team/current_roster./sports/sports_team_roster/player /m/0d3f83 2 1 1 1 0 1
/m/0182r9 /soccer/football_team/current_roster./sports/sports_team_roster/player /m/0d1swh 2 1 1 1 0 1
/m/014nzp /soccer/football_team/current_roster./sports/sports_team_roster/player /m/0bhtzw 1 1 1 1 1 1
/m/0mmd6 /soccer/football_team/current_roster./sports/sports_team_roster/player /m/0879xc 2 1 1 1 0 1
/m/02b1lm /soccer/football_team/current_roster./sports/sports_team_roster/player /m/0bhtzw 1 1 1 1 1 1
/m/025czw /soccer/football_team/current_roster./sports/sports_team_roster/player /m/0g9zjp 1 1 1 1 1 1
/m/02s2ys /soccer/football_team/current_roster./sports/sports_team_roster/player /m/04bsx1 4 1 1 1 0 1
/m/02qhlm /soccer/football_team/current_roster./sports/sports_team_roster/player /m/0487c3 4 1 1 1 0 1
/m/03m6zs /soccer/football_team/current_roster./sports/sports_team_roster/player /m/02v_4xv 1 1 1 1 1 1
/m/027ffq /soccer/football_team/current_roster./sports/sports_team_roster/player /m/02d9k 4 1 1 1 0 1
/m/01kj5h /soccer/football_team/current_roster./sports/sports_team_roster/player /m/0d3f83 2 1 1 1 0 1
/m/06l22 /soccer/football_team/current_roster./sports/sports_team_roster/player /m/0hhqw 3 1 1 1 0 1
/m/01634x /soccer/football_team/current_roster./sports/sports_team_roster/player /m/07h1h5 2 1 1 1 0 1
/m/01dtl /soccer/football_team/current_roster./sports/sports_team_roster/player /m/09lhln 7 1 1 1 0 1
/m/03d0d7 /soccer/football_team/current_roster./sports/sports_team_roster/player /m/0879xc 1 1 1 1 1 1
/m/03b04g /soccer/football_team/current_roster./sports/sports_team_roster/player /m/0c11mj 2 1 1 1 0 1
/m/02vr30 /soccer/football_team/current_roster./sports/sports_team_roster/player /m/07nvmx 1 1 1 1 1 1
/m/0c9cp0 /soccer/football_team/current_roster./sports/sports_team_roster/player /m/07nv3_ 1 1 1 1 1 1
