/m/02vx4 /sports/sport/teams /m/023zd7 141 9 0 1 0 0
/m/02vx4 /sports/sport/teams /m/03w7kx 123 9 0 1 0 0
/m/0jm_ /sports/sport/teams /m/05l71 35 5 0 1 0 0
/m/09xp_ /sports/sport/teams /m/023fxp 4 1 1 1 0 1
/m/02vx4 /sports/sport/teams /m/01x4wq 62 3 0 1 0 0
/m/02vx4 /sports/sport/teams /m/01rly6 89 7 0 1 0 0
/m/02vx4 /sports/sport/teams /m/019m5j 143 9 0 1 0 0
/m/02vx4 /sports/sport/teams /m/01_gv 65 3 0 1 0 0
/m/02vx4 /sports/sport/teams /m/016gp5 131 9 0 1 0 0
/m/02vx4 /sports/sport/teams /m/03x726 144 9 0 1 0 0
/m/09xp_ /sports/sport/teams /m/098knd 4 1 1 1 0 1
/m/02vx4 /sports/sport/teams /m/01cwm1 90 7 0 1 0 0
/m/018jz /sports/sport/teams /m/07l4z 23 1 0 1 0 1
/m/02vx4 /sports/sport/teams /m/03b04g 121 9 0 1 0 0
/m/02vx4 /sports/sport/teams /m/04knvh 141 9 0 1 0 0
/m/02vx4 /sports/sport/teams /m/05jx17 145 9 0 1 0 0
/m/02vx4 /sports/sport/teams /m/03078l 145 9 0 1 0 0
/m/02vx4 /sports/sport/teams /m/035s37 110 9 0 1 0 0
/m/02vx4 /sports/sport/teams /m/0329t7 55 3 0 1 0 0
/m/09xp_ /sports/sport/teams /m/024nj1 5 1 1 1 0 1
/m/02vx4 /sports/sport/teams /m/03ys48 49 3 0 1 0 0
/m/018w8 /sports/sport/teams /m/0jmfv 31 1 0 1 0 1
/m/02vx4 /sports/sport/teams /m/03dj48 104 8 0 1 0 0
/m/0jm_ /sports/sport/teams /m/0ws7 30 4 0 1 0 0
/m/018jz /sports/sport/teams /m/02gtm4 41 4 0 1 0 0
/m/02vx4 /sports/sport/teams /m/031zm1 146 9 0 1 0 0
/m/02vx4 /sports/sport/teams /m/049f05 123 9 0 1 0 0
/m/018w8 /sports/sport/teams /m/0jm6n 15 1 0 1 0 1
/m/02vx4 /sports/sport/teams /m/03z2rz 58 3 0 1 0 0
/m/02vx4 /sports/sport/teams /m/035qgm 107 9 0 1 0 0
/m/03tmr /sports/sport/teams /m/0c1gj5 15 1 0 1 0 1
/m/03tmr /sports/sport/teams /m/02hqt6 25 4 0 1 0 0
/m/0jm_ /sports/sport/teams /m/05g49 26 4 0 1 0 0
/m/0jm_ /sports/sport/teams /m/01ct6 40 5 0 1 0 0
/m/02vx4 /sports/sport/teams /m/02_lt 117 9 0 1 0 0
/m/039yzs /sports/sport/teams /m/04088s0 17 2 0 1 0 0
/m/02vx4 /sports/sport/teams /m/03jb2n 127 9 0 1 0 0
/m/018jz /sports/sport/teams /m/01v3x8 40 4 0 1 0 0
/m/02vx4 /sports/sport/teams /m/02vpvk 143 9 0 1 0 0
/m/02vx4 /sports/sport/teams /m/01rlz4 118 9 0 1 0 0
/m/02vx4 /sports/sport/teams /m/0cxbth 254 89 0 0 0 0
/m/018jz /sports/sport/teams /m/051vz 29 3 0 1 0 0
/m/039yzs /sports/sport/teams /m/02q4ntp 14 2 0 1 0 0
/m/02vx4 /sports/sport/teams /m/02nt75 142 9 0 1 0 0
/m/02vx4 /sports/sport/teams /m/01jdxj 131 9 0 1 0 0
/m/02vx4 /sports/sport/teams /m/0177gl 192 39 0 0 0 0
/m/02vx4 /sports/sport/teams /m/05hc96 146 9 0 1 0 0
/m/02vx4 /sports/sport/teams /m/01xn5th 143 9 0 1 0 0
