/m/04vn5 /sports/sports_team/roster./american_football/football_historical_roster_position/position_s /m/02g_6j 9 1 1 1 0 1
/m/0ws7 /sports/sports_team/roster./american_football/football_historical_roster_position/position_s /m/02g_6j 9 1 1 1 0 1
/m/04ls81 /sports/sports_team/roster./american_football/football_historical_roster_position/position_s /m/02g_7z 7 1 1 1 0 1
/m/01c_d /sports/sports_team/roster./american_football/football_historical_roster_position/position_s /m/047g8h 11 1 0 1 0 1
/m/025v26c /sports/sports_team/roster./american_football/football_historical_roster_position/position_s /m/06b1q 10 3 1 1 0 0
/m/051q5 /sports/sports_team/roster./american_football/football_historical_roster_position/position_s /m/01_9c1 10 1 1 1 0 1
/m/01y3c /sports/sports_team/roster./american_football/football_historical_roster_position/position_s /m/047g8h 11 1 0 1 0 1
/m/0fbq2n /sports/sports_team/roster./american_football/football_historical_roster_position/position_s /m/05b3ts 6 2 1 1 0 0
/m/025_64l /sports/sports_team/roster./american_football/football_historical_roster_position/position_s /m/02g_6x 5 2 1 1 0 0
/m/05g3b /sports/sports_team/roster./american_football/football_historical_roster_position/position_s /m/02g_6j 8 1 1 1 0 1
/m/0fsb_6 /sports/sports_team/roster./american_football/football_historical_roster_position/position_s /m/01snvb 15 1 0 1 0 1
/m/01y3c /sports/sports_team/roster./american_football/football_historical_roster_position/position_s /m/023wyl 10 1 1 1 0 1
/m/026cmdc /sports/sports_team/roster./american_football/football_historical_roster_position/position_s /m/01r3hr 2 1 1 1 0 1
/m/043tz8m /sports/sports_team/roster./american_football/football_historical_roster_position/position_s /m/01snvb 8 2 1 1 0 0
/m/02896 /sports/sports_team/roster./american_football/football_historical_roster_position/position_s /m/02g_6x 10 1 1 1 0 1
/m/0fgg8c /sports/sports_team/roster./american_football/football_historical_roster_position/position_s /m/06b1q 8 2 1 1 0 0
/m/05tfm /sports/sports_team/roster./american_football/football_historical_roster_position/position_s /m/02vkdwz 16 1 0 1 0 1
/m/05tfm /sports/sports_team/roster./american_football/football_historical_roster_position/position_s /m/06b1q 14 1 0 1 0 1
/m/02vklm3 /sports/sports_team/roster./american_football/football_historical_roster_position/position_s /m/02g_6j 2 1 1 1 0 1
/m/03lsq /sports/sports_team/roster./american_football/football_historical_roster_position/position_s /m/05zm34 12 1 0 1 0 1
/m/0ws7 /sports/sports_team/roster./american_football/football_historical_roster_position/position_s /m/05b3ts 12 1 0 1 0 1
/m/0289q /sports/sports_team/roster./american_football/football_historical_roster_position/position_s /m/02g_6x 12 1 0 1 0 1
/m/03bxpt0 /sports/sports_team/roster./american_football/football_historical_roster_position/position_s /m/02g_6x 3 1 1 1 0 1
/m/025v1sx /sports/sports_team/roster./american_football/football_historical_roster_position/position_s /m/02g_6x 3 1 1 1 0 1
/m/0wsr /sports/sports_team/roster./american_football/football_historical_roster_position/position_s /m/02qpbqj 13 1 0 1 0 1
/m/02896 /sports/sports_team/roster./american_football/football_historical_roster_position/position_s /m/023wyl 12 1 0 1 0 1
/m/01y3v /sports/sports_team/roster./american_football/football_historical_roster_position/position_s /m/06b1q 11 1 0 1 0 1
/m/084l5 /sports/sports_team/roster./american_football/football_historical_roster_position/position_s /m/06b1q 9 1 1 1 0 1
/m/02wvf2s /sports/sports_team/roster./american_football/football_historical_roster_position/position_s /m/01r3hr 1 1 1 1 1 1
/m/03b3j /sports/sports_team/roster./american_football/football_historical_roster_position/position_s /m/02vkdwz 15 1 0 1 0 1
/m/0ws7 /sports/sports_team/roster./american_football/football_historical_roster_position/position_s /m/023wyl 11 1 0 1 0 1
/m/026bt_h /sports/sports_team/roster./american_football/football_historical_roster_position/position_s /m/01_9c1 7 2 1 1 0 0
/m/04n7ps6 /sports/sports_team/roster./american_football/football_historical_roster_position/position_s /m/01_9c1 3 1 1 1 0 1
/m/03wnh /sports/sports_team/roster./american_football/football_historical_roster_position/position_s /m/0b13yt 7 1 1 1 0 1
/m/01y3c /sports/sports_team/roster./american_football/football_historical_roster_position/position_s /m/02g_6j 8 1 1 1 0 1
/m/0ft5vs /sports/sports_team/roster./american_football/football_historical_roster_position/position_s /m/02g_6x 5 1 1 1 0 1
/m/0ws7 /sports/sports_team/roster./american_football/football_historical_roster_position/position_s /m/02g_7z 10 1 1 1 0 1
/m/06x76 /sports/sports_team/roster./american_football/football_historical_roster_position/position_s /m/05b3ts 13 1 0 1 0 1
/m/02896 /sports/sports_team/roster./american_football/football_historical_roster_position/position_s /m/06b1q 11 1 0 1 0 1
/m/01y3v /sports/sports_team/roster./american_football/football_historical_roster_position/position_s /m/0b13yt 10 1 1 1 0 1
/m/03ttn0 /sports/sports_team/roster./american_football/football_historical_roster_position/position_s /m/02vkdwz 8 3 1 1 0 0
/m/057xkj_ /sports/sports_team/roster./american_football/football_historical_roster_position/position_s /m/02g_7z 4 2 1 1 0 0
/m/03hfx6c /sports/sports_team/roster./american_football/football_historical_roster_position/position_s /m/02vkdwz 4 1 1 1 0 1
/m/01ct6 /sports/sports_team/roster./american_football/football_historical_roster_position/position_s /m/047g8h 10 2 1 1 0 0
/m/03wnh /sports/sports_team/roster./american_football/football_historical_roster_position/position_s /m/01_9c1 9 1 1 1 0 1
/m/01xvb /sports/sports_team/roster./american_football/football_historical_roster_position/position_s /m/02g_6j 6 1 1 1 0 1
/m/07l2m /sports/sports_team/roster./american_football/football_historical_roster_position/position_s /m/05b3ts 12 1 0 1 0 1
/m/05gg4 /sports/sports_team/roster./american_football/football_historical_roster_position/position_s /m/01r3hr 12 1 0 1 0 1
/m/01y3c /sports/sports_team/roster./american_football/football_historical_roster_position/position_s /m/05b3ts 9 1 1 1 0 1
/m/06x76 /sports/sports_team/roster./american_football/football_historical_roster_position/position_s /m/023wyl 12 1 0 1 0 1
/m/03hfxkn /sports/sports_team/roster./american_football/football_historical_roster_position/position_s /m/01r3hr 2 1 1 1 0 1
/m/07k53y /sports/sports_team/roster./american_football/football_historical_roster_position/position_s /m/02g_6x 7 1 1 1 0 1
/m/03wnh /sports/sports_team/roster./american_football/football_historical_roster_position/position_s /m/02g_7z 6 1 1 1 0 1
/m/04czgbh /sports/sports_team/roster./american_football/football_historical_roster_position/position_s /m/06b1q 2 1 1 1 0 1
/m/05g3v /sports/sports_team/roster./american_football/football_historical_roster_position/position_s /m/047g8h 9 1 1 1 0 1
/m/03b3j /sports/sports_team/roster./american_football/football_historical_roster_position/position_s /m/01r3hr 14 1 0 1 0 1
/m/01xvb /sports/sports_team/roster./american_football/football_historical_roster_position/position_s /m/05b3ts 12 1 0 1 0 1
/m/01y49 /sports/sports_team/roster./american_football/football_historical_roster_position/position_s /m/02g_7z 10 1 1 1 0 1
/m/051q5 /sports/sports_team/roster./american_football/football_historical_roster_position/position_s /m/02qpbqj 9 1 1 1 0 1
/m/0487_ /sports/sports_team/roster./american_football/football_historical_roster_position/position_s /m/023wyl 10 1 1 1 0 1
/m/0fjzsy /sports/sports_team/roster./american_football/football_historical_roster_position/position_s /m/02vkdwz 8 1 1 1 0 1
/m/07l2m /sports/sports_team/roster./american_football/football_historical_roster_position/position_s /m/02qpbqj 10 1 1 1 0 1
/m/07kbp5 /sports/sports_team/roster./american_football/football_historical_roster_position/position_s /m/047g8h 9 1 1 1 0 1
/m/0ft5vs /sports/sports_team/roster./american_football/football_historical_roster_position/position_s /m/05b3ts 8 1 1 1 0 1
/m/07k53y /sports/sports_team/roster./american_football/football_historical_roster_position/position_s /m/02g_7z 6 1 1 1 0 1
/m/04czgbh /sports/sports_team/roster./american_football/football_historical_roster_position/position_s /m/02g_7z 3 1 1 1 0 1
/m/02wvfxz /sports/sports_team/roster./american_football/football_historical_roster_position/position_s /m/05b3ts 4 1 1 1 0 1
/m/03wnh /sports/sports_team/roster./american_football/football_historical_roster_position/position_s /m/04nfpk 2 1 1 1 0 1
/m/070xg /sports/sports_team/roster./american_football/football_historical_roster_position/position_s /m/02g_7z 7 1 1 1 0 1
/m/01y49 /sports/sports_team/roster./american_football/football_historical_roster_position/position_s /m/02qpbqj 11 1 0 1 0 1
/m/051q5 /sports/sports_team/roster./american_football/football_historical_roster_position/position_s /m/04nfpk 8 1 1 1 0 1
/m/025_64l /sports/sports_team/roster./american_football/football_historical_roster_position/position_s /m/06b1q 6 2 1 1 0 0
/m/07k53y /sports/sports_team/roster./american_football/football_historical_roster_position/position_s /m/01_9c1 8 1 1 1 0 1
/m/057xkj_ /sports/sports_team/roster./american_football/football_historical_roster_position/position_s /m/02g_6x 5 2 1 1 0 0
/m/03lsq /sports/sports_team/roster./american_football/football_historical_roster_position/position_s /m/0bgv8y 14 1 0 1 0 1
/m/01y3v /sports/sports_team/roster./american_football/football_historical_roster_position/position_s /m/01r3hr 9 1 1 1 0 1
/m/05tg3 /sports/sports_team/roster./american_football/football_historical_roster_position/position_s /m/02g_6j 5 1 1 1 0 1
/m/070xg /sports/sports_team/roster./american_football/football_historical_roster_position/position_s /m/023wyl 9 1 1 1 0 1
/m/05tfm /sports/sports_team/roster./american_football/football_historical_roster_position/position_s /m/03h42s4 15 1 0 1 0 1
/m/043vc /sports/sports_team/roster./american_football/football_historical_roster_position/position_s /m/06b1q 11 1 0 1 0 1
/m/02896 /sports/sports_team/roster./american_football/football_historical_roster_position/position_s /m/047g8h 13 1 0 1 0 1
/m/02663p2 /sports/sports_team/roster./american_football/football_historical_roster_position/position_s /m/01r3hr 5 2 1 1 0 0
/m/06rpd /sports/sports_team/roster./american_football/football_historical_roster_position/position_s /m/02g_6x 11 1 0 1 0 1
/m/057xlyq /sports/sports_team/roster./american_football/football_historical_roster_position/position_s /m/023wyl 7 2 1 1 0 0
