/m/02h8p8 /sports/sports_team/roster./baseball/baseball_roster_position/position /m/02wszf 2 1 1 1 0 1
/m/07147 /sports/sports_team/roster./baseball/baseball_roster_position/position /m/028c_8 3 1 1 1 0 1
/m/02h8p8 /sports/sports_team/roster./baseball/baseball_roster_position/position /m/028c_8 1 1 1 1 1 1
/m/01d5z /sports/sports_team/roster./baseball/baseball_roster_position/position /m/01yvvn 5 1 1 1 0 1
/m/05m_8 /sports/sports_team/roster./baseball/baseball_roster_position/position /m/02wszf 6 1 1 1 0 1
/m/05g76 /sports/sports_team/roster./baseball/baseball_roster_position/position /m/01z9v6 6 1 1 1 0 1
/m/01ypc /sports/sports_team/roster./baseball/baseball_roster_position/position /m/01sdzg 9 1 1 1 0 1
/m/0x2p /sports/sports_team/roster./baseball/baseball_roster_position/position /m/02rsl1 8 1 1 1 0 1
/m/07l8f /sports/sports_team/roster./baseball/baseball_roster_position/position /m/02wszf 4 1 1 1 0 1
/m/0512p /sports/sports_team/roster./baseball/baseball_roster_position/position /m/02dwn9 5 1 1 1 0 1
/m/01ync /sports/sports_team/roster./baseball/baseball_roster_position/position /m/01z9v6 3 1 1 1 0 1
/m/06wpc /sports/sports_team/roster./baseball/baseball_roster_position/position /m/01z9v6 5 1 1 1 0 1
/m/049n7 /sports/sports_team/roster./baseball/baseball_roster_position/position /m/049k4w 7 1 1 1 0 1
/m/07l8x /sports/sports_team/roster./baseball/baseball_roster_position/position /m/017drs 10 1 1 1 0 1
/m/03m1n /sports/sports_team/roster./baseball/baseball_roster_position/position /m/028c_8 2 1 1 1 0 1
/m/06wpc /sports/sports_team/roster./baseball/baseball_roster_position/position /m/02dwpf 6 1 1 1 0 1
/m/01d6g /sports/sports_team/roster./baseball/baseball_roster_position/position /m/01sdzg 6 1 1 1 0 1
/m/04c9bn /sports/sports_team/roster./baseball/baseball_roster_position/position /m/02wszf 2 1 1 1 0 1
/m/01ypc /sports/sports_team/roster./baseball/baseball_roster_position/position /m/02lyr4 6 1 1 1 0 1
/m/04b5l3 /sports/sports_team/roster./baseball/baseball_roster_position/position /m/02lyr4 3 1 1 1 0 1
