/m/02vklm3 /sports/sports_team/roster./american_football/football_roster_position/position /m/02qpbqj 11 1 0 1 0 1
/m/026lg0s /sports/sports_team/roster./american_football/football_roster_position/position /m/023wyl 5 1 1 1 0 1
/m/057xlyq /sports/sports_team/roster./american_football/football_roster_position/position /m/02g_6x 6 1 1 1 0 1
/m/02wvfxl /sports/sports_team/roster./american_football/football_roster_position/position /m/02qpbqj 11 1 0 1 0 1
/m/026lg0s /sports/sports_team/roster./american_football/football_roster_position/position /m/08ns5s 4 1 1 1 0 1
/m/026cmdc /sports/sports_team/roster./american_football/football_roster_position/position /m/023wyl 10 1 1 1 0 1
/m/02px_23 /sports/sports_team/roster./american_football/football_roster_position/position /m/047g8h 2 1 1 1 0 1
/m/03wnh /sports/sports_team/roster./american_football/football_roster_position/position /m/02qpbqj 12 1 0 1 0 1
/m/06x76 /sports/sports_team/roster./american_football/football_roster_position/position /m/05zm34 11 1 0 1 0 1
/m/043tz8m /sports/sports_team/roster./american_football/football_roster_position/position /m/06b1q 11 1 0 1 0 1
/m/086hg9 /sports/sports_team/roster./american_football/football_roster_position/position /m/02g_7z 5 1 1 1 0 1
/m/026lg0s /sports/sports_team/roster./american_football/football_roster_position/position /m/02g_6x 8 1 1 1 0 1
/m/02px_23 /sports/sports_team/roster./american_football/football_roster_position/position /m/02vkdwz 13 2 0 1 0 0
/m/057xkj_ /sports/sports_team/roster./american_football/football_roster_position/position /m/01_9c1 4 1 1 1 0 1
/m/051q5 /sports/sports_team/roster./american_football/football_roster_position/position /m/01_9c1 10 1 1 1 0 1
/m/0ws7 /sports/sports_team/roster./american_football/football_roster_position/position /m/01r3hr 10 1 1 1 0 1
/m/01y49 /sports/sports_team/roster./american_football/football_roster_position/position /m/08ns5s 10 1 1 1 0 1
/m/0289q /sports/sports_team/roster./american_football/football_roster_position/position /m/04nfpk 8 1 1 1 0 1
/m/06rpd /sports/sports_team/roster./american_football/football_roster_position/position /m/06b1q 12 1 0 1 0 1
/m/025v26c /sports/sports_team/roster./american_football/football_roster_position/position /m/04nfpk 4 1 1 1 0 1
/m/05gg4 /sports/sports_team/roster./american_football/football_roster_position/position /m/05zm34 9 1 1 1 0 1
/m/0fgg8c /sports/sports_team/roster./american_football/football_roster_position/position /m/08ns5s 3 1 1 1 0 1
/m/02pd1q9 /sports/sports_team/roster./american_football/football_roster_position/position /m/02qpbqj 11 1 0 1 0 1
/m/02pd1q9 /sports/sports_team/roster./american_football/football_roster_position/position /m/02g_6x 8 1 1 1 0 1
/m/026cmdc /sports/sports_team/roster./american_football/football_roster_position/position /m/05b3ts 7 1 1 1 0 1
/m/04vn5 /sports/sports_team/roster./american_football/football_roster_position/position /m/05zm34 10 1 1 1 0 1
/m/0g0z58 /sports/sports_team/roster./american_football/football_roster_position/position /m/01r3hr 9 2 1 1 0 0
/m/07kbp5 /sports/sports_team/roster./american_football/football_roster_position/position /m/05b3ts 9 1 1 1 0 1
/m/084l5 /sports/sports_team/roster./american_football/football_roster_position/position /m/02g_6x 8 1 1 1 0 1
/m/0fbtm7 /sports/sports_team/roster./american_football/football_roster_position/position /m/02g_6j 1 1 1 1 1 1
/m/057xlyq /sports/sports_team/roster./american_football/football_roster_position/position /m/04nfpk 7 1 1 1 0 1
/m/02wvfxl /sports/sports_team/roster./american_football/football_roster_position/position /m/04nfpk 7 1 1 1 0 1
/m/06x76 /sports/sports_team/roster./american_football/football_roster_position/position /m/05b3ts 10 1 1 1 0 1
/m/0ftf0f /sports/sports_team/roster./american_football/football_roster_position/position /m/08ns5s 4 1 1 1 0 1
/m/03gqb0k /sports/sports_team/roster./american_football/football_roster_position/position /m/047g8h 2 1 1 1 0 1
/m/07kbp5 /sports/sports_team/roster./american_football/football_roster_position/position /m/02g_7z 6 1 1 1 0 1
/m/01y3v /sports/sports_team/roster./american_football/football_roster_position/position /m/04nfpk 9 1 1 1 0 1
/m/01y49 /sports/sports_team/roster./american_football/football_roster_position/position /m/047g8h 9 1 1 1 0 1
/m/02c_4 /sports/sports_team/roster./american_football/football_roster_position/position /m/023wyl 8 1 1 1 0 1
/m/05tg3 /sports/sports_team/roster./american_football/football_roster_position/position /m/05zm34 12 1 0 1 0 1
/m/01y3c /sports/sports_team/roster./american_football/football_roster_position/position /m/06b1q 11 1 0 1 0 1
/m/070xg /sports/sports_team/roster./american_football/football_roster_position/position /m/01r3hr 8 1 1 1 0 1
/m/03915c /sports/sports_team/roster./american_football/football_roster_position/position /m/02g_6x 5 4 1 1 0 0
/m/03b3j /sports/sports_team/roster./american_football/football_roster_position/position /m/06b1q 11 1 0 1 0 1
/m/06rny /sports/sports_team/roster./american_football/football_roster_position/position /m/08ns5s 10 1 1 1 0 1
/m/05tfm /sports/sports_team/roster./american_football/football_roster_position/position /m/01r3hr 11 1 0 1 0 1
/m/07kbp5 /sports/sports_team/roster./american_football/football_roster_position/position /m/02qpbqj 13 1 0 1 0 1
/m/02px_23 /sports/sports_team/roster./american_football/football_roster_position/position /m/02g_6j 1 1 1 1 1 1
/m/01xvb /sports/sports_team/roster./american_football/football_roster_position/position /m/01_9c1 8 1 1 1 0 1
/m/07l24 /sports/sports_team/roster./american_football/football_roster_position/position /m/04nfpk 10 1 1 1 0 1
/m/02wvfxl /sports/sports_team/roster./american_football/football_roster_position/position /m/02g_7z 5 1 1 1 0 1
/m/02vklm3 /sports/sports_team/roster./american_football/football_roster_position/position /m/02g_6x 7 1 1 1 0 1
/m/051q5 /sports/sports_team/roster./american_football/football_roster_position/position /m/06b1q 11 1 0 1 0 1
/m/026bt_h /sports/sports_team/roster./american_football/football_roster_position/position /m/01r3hr 10 2 1 1 0 0
/m/05gg4 /sports/sports_team/roster./american_football/football_roster_position/position /m/02g_7z 8 1 1 1 0 1
/m/02px_23 /sports/sports_team/roster./american_football/football_roster_position/position /m/02qpbqj 12 2 0 1 0 0
/m/0fht9f /sports/sports_team/roster./american_football/football_roster_position/position /m/02qpbqj 12 2 0 1 0 0
/m/07l2m /sports/sports_team/roster./american_football/football_roster_position/position /m/05zm34 10 2 1 1 0 0
/m/01y3v /sports/sports_team/roster./american_football/football_roster_position/position /m/06b1q 10 1 1 1 0 1
/m/026lg0s /sports/sports_team/roster./american_football/football_roster_position/position /m/01r3hr 12 1 0 1 0 1
/m/057xkj_ /sports/sports_team/roster./american_football/football_roster_position/position /m/047g8h 2 1 1 1 0 1
/m/07kbp5 /sports/sports_team/roster./american_football/football_roster_position/position /m/02vkdwz 14 1 0 1 0 1
/m/026bt_h /sports/sports_team/roster./american_football/football_roster_position/position /m/02g_6j 3 1 1 1 0 1
/m/025v26c /sports/sports_team/roster./american_football/football_roster_position/position /m/023wyl 12 2 0 1 0 0
/m/0289q /sports/sports_team/roster./american_football/football_roster_position/position /m/05zm34 10 1 1 1 0 1
/m/070xg /sports/sports_team/roster./american_football/football_roster_position/position /m/05zm34 9 1 1 1 0 1
/m/05g3b /sports/sports_team/roster./american_football/football_roster_position/position /m/02g_7z 7 1 1 1 0 1
/m/05g49 /sports/sports_team/roster./american_football/football_roster_position/position /m/02g_6x 9 1 1 1 0 1
/m/02896 /sports/sports_team/roster./american_football/football_roster_position/position /m/05b3ts 13 1 0 1 0 1
/m/01c_d /sports/sports_team/roster./american_football/football_roster_position/position /m/023wyl 11 1 0 1 0 1
/m/05l71 /sports/sports_team/roster./american_football/football_roster_position/position /m/05zm34 10 1 1 1 0 1
