/m/07kbp5 /sports/sports_team/roster./sports/sports_team_roster/position /m/02vkdwz 12 1 0 1 0 1
/m/02b13y /sports/sports_team/roster./sports/sports_team_roster/position /m/02sdk9v 4 1 1 1 0 1
/m/02pzy52 /sports/sports_team/roster./sports/sports_team_roster/position /m/0355dz 1 1 1 1 1 1
/m/01xbp7 /sports/sports_team/roster./sports/sports_team_roster/position /m/02sdk9v 4 1 1 1 0 1
/m/03mck3c /sports/sports_team/roster./sports/sports_team_roster/position /m/0dgrmp 2 1 1 1 0 1
/m/0498yf /sports/sports_team/roster./sports/sports_team_roster/position /m/02nzb8 2 1 1 1 0 1
/m/02ptzz0 /sports/sports_team/roster./sports/sports_team_roster/position /m/02_ssl 1 1 1 1 1 1
/m/0284h6 /sports/sports_team/roster./sports/sports_team_roster/position /m/02sdk9v 1 1 1 1 1 1
/m/02b1ng /sports/sports_team/roster./sports/sports_team_roster/position /m/02_j1w 1 1 1 1 1 1
/m/05g3v /sports/sports_team/roster./sports/sports_team_roster/position /m/08ns5s 11 1 0 1 0 1
/m/04b5l3 /sports/sports_team/roster./sports/sports_team_roster/position /m/01z9v6 3 1 1 1 0 1
/m/01xn5th /sports/sports_team/roster./sports/sports_team_roster/position /m/0dgrmp 3 1 1 1 0 1
/m/0jmh7 /sports/sports_team/roster./sports/sports_team_roster/position /m/03558l 2 1 1 1 0 1
/m/021f30 /sports/sports_team/roster./sports/sports_team_roster/position /m/028c_8 1 1 1 1 1 1
/m/0cxbth /sports/sports_team/roster./sports/sports_team_roster/position /m/02sdk9v 4 1 1 1 0 1
/m/0747k8 /sports/sports_team/roster./sports/sports_team_roster/position /m/02_j1w 1 1 1 1 1 1
/m/0bs31sl /sports/sports_team/roster./sports/sports_team_roster/position /m/02_j1w 2 1 1 1 0 1
/m/043vc /sports/sports_team/roster./sports/sports_team_roster/position /m/0b13yt 13 1 0 1 0 1
/m/0487_ /sports/sports_team/roster./sports/sports_team_roster/position /m/06b1q 14 2 0 1 0 0
/m/02vklm3 /sports/sports_team/roster./sports/sports_team_roster/position /m/02qpbqj 11 1 0 1 0 1
/m/04jnd7 /sports/sports_team/roster./sports/sports_team_roster/position /m/02nzb8 2 1 1 1 0 1
/m/01k6zy /sports/sports_team/roster./sports/sports_team_roster/position /m/02g_6j 2 2 1 1 0 0
/m/02c_4 /sports/sports_team/roster./sports/sports_team_roster/position /m/01r3hr 2 1 1 1 0 1
/m/04knh6 /sports/sports_team/roster./sports/sports_team_roster/position /m/0dgrmp 1 1 1 1 1 1
/m/02pyyld /sports/sports_team/roster./sports/sports_team_roster/position /m/01pv51 3 1 1 1 0 1
/m/0y9j /sports/sports_team/roster./sports/sports_team_roster/position /m/02nzb8 3 1 1 1 0 1
/m/07l8x /sports/sports_team/roster./sports/sports_team_roster/position /m/02sg4b 3 1 1 1 0 1
/m/041xyk /sports/sports_team/roster./sports/sports_team_roster/position /m/02_j1w 1 1 1 1 1 1
/m/05d8_h /sports/sports_team/roster./sports/sports_team_roster/position /m/02nzb8 4 1 1 1 0 1
/m/026lg0s /sports/sports_team/roster./sports/sports_team_roster/position /m/02qpbqj 12 1 0 1 0 1
/m/03wnh /sports/sports_team/roster./sports/sports_team_roster/position /m/06b1q 9 1 1 1 0 1
/m/0cxbth /sports/sports_team/roster./sports/sports_team_roster/position /m/0dgrmp 1 1 1 1 1 1
/m/0b6p3qf /sports/sports_team/roster./sports/sports_team_roster/position /m/02qvl7 4 1 1 1 0 1
/m/02b1k5 /sports/sports_team/roster./sports/sports_team_roster/position /m/0dgrmp 1 1 1 1 1 1
/m/07kbp5 /sports/sports_team/roster./sports/sports_team_roster/position /m/05zm34 4 1 1 1 0 1
/m/0cg2cj /sports/sports_team/roster./sports/sports_team_roster/position /m/02_j1w 1 1 1 1 1 1
/m/04hzfz /sports/sports_team/roster./sports/sports_team_roster/position /m/02sdk9v 2 1 1 1 0 1
/m/06pqy_ /sports/sports_team/roster./sports/sports_team_roster/position /m/02sdk9v 1 1 1 1 1 1
/m/01y49 /sports/sports_team/roster./sports/sports_team_roster/position /m/0b13yt 10 1 1 1 0 1
/m/0223bl /sports/sports_team/roster./sports/sports_team_roster/position /m/0dgrmp 3 1 1 1 0 1
/m/01_jky /sports/sports_team/roster./sports/sports_team_roster/position /m/02nzb8 3 1 1 1 0 1
/m/0bwjj /sports/sports_team/roster./sports/sports_team_roster/position /m/01pv51 4 1 1 1 0 1
/m/0586wl /sports/sports_team/roster./sports/sports_team_roster/position /m/02sdk9v 3 1 1 1 0 1
/m/01ypc /sports/sports_team/roster./sports/sports_team_roster/position /m/02wszf 4 1 1 1 0 1
/m/070xg /sports/sports_team/roster./sports/sports_team_roster/position /m/01r3hr 11 1 0 1 0 1
/m/0cgwt8 /sports/sports_team/roster./sports/sports_team_roster/position /m/02sdk9v 1 1 1 1 1 1
/m/03j6_5 /sports/sports_team/roster./sports/sports_team_roster/position /m/03f0fp 5 1 1 1 0 1
/m/0212mp /sports/sports_team/roster./sports/sports_team_roster/position /m/0dgrmp 3 1 1 1 0 1
/m/04l57x /sports/sports_team/roster./sports/sports_team_roster/position /m/02qvdc 3 1 1 1 0 1
/m/05g49 /sports/sports_team/roster./sports/sports_team_roster/position /m/047g8h 13 1 0 1 0 1
/m/03ym73 /sports/sports_team/roster./sports/sports_team_roster/position /m/02sdk9v 4 1 1 1 0 1
/m/02b1b5 /sports/sports_team/roster./sports/sports_team_roster/position /m/02nzb8 3 1 1 1 0 1
/m/0ws7 /sports/sports_team/roster./sports/sports_team_roster/position /m/05b3ts 12 1 0 1 0 1
/m/04g4w9 /sports/sports_team/roster./sports/sports_team_roster/position /m/02_j1w 1 1 1 1 1 1
/m/0fjzsy /sports/sports_team/roster./sports/sports_team_roster/position /m/023wyl 12 2 0 1 0 0
/m/03x726 /sports/sports_team/roster./sports/sports_team_roster/position /m/02_j1w 1 1 1 1 1 1
/m/06ylv0 /sports/sports_team/roster./sports/sports_team_roster/position /m/02nzb8 3 1 1 1 0 1
/m/04czcb /sports/sports_team/roster./sports/sports_team_roster/position /m/02sdk9v 4 1 1 1 0 1
/m/03x6m /sports/sports_team/roster./sports/sports_team_roster/position /m/0dgrmp 2 1 1 1 0 1
/m/01kwhf /sports/sports_team/roster./sports/sports_team_roster/position /m/0dgrmp 3 1 1 1 0 1
/m/03lpp_ /sports/sports_team/roster./sports/sports_team_roster/position /m/02wszf 1 1 1 1 1 1
/m/0hqzm6r /sports/sports_team/roster./sports/sports_team_roster/position /m/02nzb8 3 1 1 1 0 1
/m/01wx_y /sports/sports_team/roster./sports/sports_team_roster/position /m/02nzb8 2 1 1 1 0 1
/m/09stq9 /sports/sports_team/roster./sports/sports_team_roster/position /m/0dgrmp 2 1 1 1 0 1
/m/033kqb /sports/sports_team/roster./sports/sports_team_roster/position /m/02sdk9v 2 1 1 1 0 1
/m/049n7 /sports/sports_team/roster./sports/sports_team_roster/position /m/02sg4b 3 1 1 1 0 1
/m/0gxkm /sports/sports_team/roster./sports/sports_team_roster/position /m/02sdk9v 4 1 1 1 0 1
/m/0512p /sports/sports_team/roster./sports/sports_team_roster/position /m/02dwpf 1 1 1 1 1 1
/m/03lpp_ /sports/sports_team/roster./sports/sports_team_roster/position /m/02sddg 1 1 1 1 1 1
/m/07k53y /sports/sports_team/roster./sports/sports_team_roster/position /m/02g_6j 8 1 1 1 0 1
/m/06q02g /sports/sports_team/roster./sports/sports_team_roster/position /m/02sdk9v 3 1 1 1 0 1
/m/0289q /sports/sports_team/roster./sports/sports_team_roster/position /m/04nfpk 16 1 0 1 0 1
/m/07kcvl /sports/sports_team/roster./sports/sports_team_roster/position /m/0bgv4g 12 1 0 1 0 1
/m/01ypc /sports/sports_team/roster./sports/sports_team_roster/position /m/028c_8 5 1 1 1 0 1
/m/0j8cb /sports/sports_team/roster./sports/sports_team_roster/position /m/02qvl7 3 1 1 1 0 1
/m/03l7tr /sports/sports_team/roster./sports/sports_team_roster/position /m/02_j1w 1 1 1 1 1 1
/m/03fnmd /sports/sports_team/roster./sports/sports_team_roster/position /m/02nzb8 3 1 1 1 0 1
/m/0j2pg /sports/sports_team/roster./sports/sports_team_roster/position /m/02sdk9v 1 1 1 1 1 1
/m/01ct6 /sports/sports_team/roster./sports/sports_team_roster/position /m/02qpbqj 12 2 0 1 0 0
/m/0g7s1n /sports/sports_team/roster./sports/sports_team_roster/position /m/02nzb8 3 1 1 1 0 1
/m/02q3n9c /sports/sports_team/roster./sports/sports_team_roster/position /m/0dgrmp 2 1 1 1 0 1
/m/025_64l /sports/sports_team/roster./sports/sports_team_roster/position /m/02g_7z 4 1 1 1 0 1
/m/025_64l /sports/sports_team/roster./sports/sports_team_roster/position /m/02vkdwz 12 1 0 1 0 1
/m/03mq33 /sports/sports_team/roster./sports/sports_team_roster/position /m/0dgrmp 1 1 1 1 1 1
/m/05z01 /sports/sports_team/roster./sports/sports_team_roster/position /m/0dgrmp 2 1 1 1 0 1
/m/02b153 /sports/sports_team/roster./sports/sports_team_roster/position /m/02nzb8 4 1 1 1 0 1
/m/03n5v /sports/sports_team/roster./sports/sports_team_roster/position /m/02sdk9v 3 1 1 1 0 1
/m/044l47 /sports/sports_team/roster./sports/sports_team_roster/position /m/0dgrmp 3 1 1 1 0 1
/m/01w_d6 /sports/sports_team/roster./sports/sports_team_roster/position /m/02sdk9v 4 1 1 1 0 1
/m/09hyvp /sports/sports_team/roster./sports/sports_team_roster/position /m/02_j1w 1 1 1 1 1 1
/m/049912 /sports/sports_team/roster./sports/sports_team_roster/position /m/0dgrmp 1 1 1 1 1 1
/m/03hfx6c /sports/sports_team/roster./sports/sports_team_roster/position /m/04nfpk 2 2 1 1 0 0
/m/03x6rj /sports/sports_team/roster./sports/sports_team_roster/position /m/02sdk9v 2 1 1 1 0 1
/m/051q5 /sports/sports_team/roster./sports/sports_team_roster/position /m/02g_7z 12 1 0 1 0 1
/m/0jmdb /sports/sports_team/roster./sports/sports_team_roster/position /m/02_ssl 5 1 1 1 0 1
/m/03zb6t /sports/sports_team/roster./sports/sports_team_roster/position /m/02nzb8 2 1 1 1 0 1
/m/04ls81 /sports/sports_team/roster./sports/sports_team_roster/position /m/05fyy5 13 1 0 1 0 1
/m/0mmd6 /sports/sports_team/roster./sports/sports_team_roster/position /m/0dgrmp 1 1 1 1 1 1
/m/03zj_3 /sports/sports_team/roster./sports/sports_team_roster/position /m/02nzb8 2 1 1 1 0 1
/m/07c2wt /sports/sports_team/roster./sports/sports_team_roster/position /m/02nzb8 3 1 1 1 0 1
/m/01d5z /sports/sports_team/roster./sports/sports_team_roster/position /m/02lyr4 3 1 1 1 0 1
/m/0j13b /sports/sports_team/roster./sports/sports_team_roster/position /m/02_j1w 2 1 1 1 0 1
/m/05m_8 /sports/sports_team/roster./sports/sports_team_roster/position /m/01z9v6 1 1 1 1 1 1
/m/032yps /sports/sports_team/roster./sports/sports_team_roster/position /m/02qvl7 2 1 1 1 0 1
/m/01kkg5 /sports/sports_team/roster./sports/sports_team_roster/position /m/02_j1w 1 1 1 1 1 1
/m/051hhz /sports/sports_team/roster./sports/sports_team_roster/position /m/02nzb8 4 1 1 1 0 1
/m/082237 /sports/sports_team/roster./sports/sports_team_roster/position /m/02sdk9v 4 1 1 1 0 1
/m/0dy6c9 /sports/sports_team/roster./sports/sports_team_roster/position /m/02_j1w 2 1 1 1 0 1
/m/03x6w8 /sports/sports_team/roster./sports/sports_team_roster/position /m/0dgrmp 2 1 1 1 0 1
/m/03ylxn /sports/sports_team/roster./sports/sports_team_roster/position /m/02_j1w 3 1 1 1 0 1
/m/0d9qmn /sports/sports_team/roster./sports/sports_team_roster/position /m/02sdk9v 4 1 1 1 0 1
/m/084l5 /sports/sports_team/roster./sports/sports_team_roster/position /m/02g_7z 6 1 1 1 0 1
/m/09cl0w /sports/sports_team/roster./sports/sports_team_roster/position /m/02nzb8 3 1 1 1 0 1
/m/0jmcv /sports/sports_team/roster./sports/sports_team_roster/position /m/02sf_r 3 1 1 1 0 1
/m/02fp3 /sports/sports_team/roster./sports/sports_team_roster/position /m/02qvdc 3 1 1 1 0 1
/m/03zbg0 /sports/sports_team/roster./sports/sports_team_roster/position /m/02nzb8 2 1 1 1 0 1
/m/03fn34 /sports/sports_team/roster./sports/sports_team_roster/position /m/0dgrmp 1 1 1 1 1 1
/m/05d8_h /sports/sports_team/roster./sports/sports_team_roster/position /m/02sdk9v 3 1 1 1 0 1
/m/03b04g /sports/sports_team/roster./sports/sports_team_roster/position /m/0dgrmp 3 1 1 1 0 1
/m/014nzp /sports/sports_team/roster./sports/sports_team_roster/position /m/02sdk9v 4 1 1 1 0 1
/m/03j722 /sports/sports_team/roster./sports/sports_team_roster/position /m/0dgrmp 1 1 1 1 1 1
/m/0713r /sports/sports_team/roster./sports/sports_team_roster/position /m/02s7tr 8 2 1 1 0 0
/m/0jm6n /sports/sports_team/roster./sports/sports_team_roster/position /m/01pv51 4 1 1 1 0 1
/m/02h8p8 /sports/sports_team/roster./sports/sports_team_roster/position /m/028c_8 2 1 1 1 0 1
/m/0jnng /sports/sports_team/roster./sports/sports_team_roster/position /m/02qvdc 2 1 1 1 0 1
/m/0wsr /sports/sports_team/roster./sports/sports_team_roster/position /m/023wyl 12 1 0 1 0 1
/m/03fnmd /sports/sports_team/roster./sports/sports_team_roster/position /m/02sdk9v 4 1 1 1 0 1
/m/01xbp7 /sports/sports_team/roster./sports/sports_team_roster/position /m/02nzb8 3 1 1 1 0 1
/m/03j755 /sports/sports_team/roster./sports/sports_team_roster/position /m/02sdk9v 4 1 1 1 0 1
/m/08vk_r /sports/sports_team/roster./sports/sports_team_roster/position /m/02nzb8 2 1 1 1 0 1
/m/03tc5p /sports/sports_team/roster./sports/sports_team_roster/position /m/0dgrmp 3 1 1 1 0 1
/m/0ftf0f /sports/sports_team/roster./sports/sports_team_roster/position /m/047g8h 14 1 0 1 0 1
/m/0c41y70 /sports/sports_team/roster./sports/sports_team_roster/position /m/02qvzf 1 1 1 1 1 1
/m/026ldz7 /sports/sports_team/roster./sports/sports_team_roster/position /m/02g_6j 8 1 1 1 0 1
/m/03mp37 /sports/sports_team/roster./sports/sports_team_roster/position /m/02nzb8 4 1 1 1 0 1
/m/0d2psv /sports/sports_team/roster./sports/sports_team_roster/position /m/02sdk9v 4 1 1 1 0 1
/m/04255q /sports/sports_team/roster./sports/sports_team_roster/position /m/02_j1w 2 1 1 1 0 1
/m/04g4w9 /sports/sports_team/roster./sports/sports_team_roster/position /m/02nzb8 3 1 1 1 0 1
/m/09yg6l /sports/sports_team/roster./sports/sports_team_roster/position /m/02nzb8 3 1 1 1 0 1
/m/05dkbr /sports/sports_team/roster./sports/sports_team_roster/position /m/02sdk9v 3 1 1 1 0 1
/m/03lygq /sports/sports_team/roster./sports/sports_team_roster/position /m/02sdk9v 4 1 1 1 0 1
/m/049n2l /sports/sports_team/roster./sports/sports_team_roster/position /m/02_j1w 1 1 1 1 1 1
/m/0dkb83 /sports/sports_team/roster./sports/sports_team_roster/position /m/0dgrmp 3 1 1 1 0 1
/m/03_44z /sports/sports_team/roster./sports/sports_team_roster/position /m/02_j1w 3 1 1 1 0 1
/m/01d6g /sports/sports_team/roster./sports/sports_team_roster/position /m/02lyr4 4 1 1 1 0 1
/m/0f5hyg /sports/sports_team/roster./sports/sports_team_roster/position /m/0dgrmp 3 1 1 1 0 1
/m/0jmk7 /sports/sports_team/roster./sports/sports_team_roster/position /m/0ctt4z 4 1 1 1 0 1
/m/02b19t /sports/sports_team/roster./sports/sports_team_roster/position /m/0dgrmp 2 1 1 1 0 1
/m/05jx5r /sports/sports_team/roster./sports/sports_team_roster/position /m/02_j1w 2 1 1 1 0 1
/m/071rlr /sports/sports_team/roster./sports/sports_team_roster/position /m/0dgrmp 1 1 1 1 1 1
/m/03gr14 /sports/sports_team/roster./sports/sports_team_roster/position /m/02nzb8 2 1 1 1 0 1
/m/02qfyk /sports/sports_team/roster./sports/sports_team_roster/position /m/02_j1w 1 1 1 1 1 1
/m/075q_ /sports/sports_team/roster./sports/sports_team_roster/position /m/02_j1w 2 1 1 1 0 1
/m/02_t6d /sports/sports_team/roster./sports/sports_team_roster/position /m/02_j1w 1 1 1 1 1 1
/m/05dkbr /sports/sports_team/roster./sports/sports_team_roster/position /m/02nzb8 3 1 1 1 0 1
/m/027pwl /sports/sports_team/roster./sports/sports_team_roster/position /m/02sdk9v 3 1 1 1 0 1
/m/0fm6m8 /sports/sports_team/roster./sports/sports_team_roster/position /m/02sdk9v 4 1 1 1 0 1
/m/0747k8 /sports/sports_team/roster./sports/sports_team_roster/position /m/02sdk9v 3 1 1 1 0 1
/m/043vc /sports/sports_team/roster./sports/sports_team_roster/position /m/02qpbqj 14 1 0 1 0 1
/m/043vc /sports/sports_team/roster./sports/sports_team_roster/position /m/02g_6x 11 1 0 1 0 1
/m/04112r /sports/sports_team/roster./sports/sports_team_roster/position /m/0dgrmp 3 1 1 1 0 1
/m/0jmk7 /sports/sports_team/roster./sports/sports_team_roster/position /m/02sf_r 5 1 1 1 0 1
/m/02px_23 /sports/sports_team/roster./sports/sports_team_roster/position /m/02g_7z 6 1 1 1 0 1
/m/04hzfz /sports/sports_team/roster./sports/sports_team_roster/position /m/02nzb8 4 2 1 1 0 0
/m/033g0y /sports/sports_team/roster./sports/sports_team_roster/position /m/02sdk9v 4 1 1 1 0 1
/m/041n28 /sports/sports_team/roster./sports/sports_team_roster/position /m/02nzb8 4 1 1 1 0 1
/m/06z9f8 /sports/sports_team/roster./sports/sports_team_roster/position /m/02sdk9v 4 1 1 1 0 1
/m/02b149 /sports/sports_team/roster./sports/sports_team_roster/position /m/0dgrmp 1 1 1 1 1 1
/m/0266sb_ /sports/sports_team/roster./sports/sports_team_roster/position /m/02_j1w 2 1 1 1 0 1
/m/01lpwh /sports/sports_team/roster./sports/sports_team_roster/position /m/02qpbqj 6 4 1 1 0 0
/m/04ls81 /sports/sports_team/roster./sports/sports_team_roster/position /m/02qpbqj 11 1 0 1 0 1
/m/0jmh7 /sports/sports_team/roster./sports/sports_team_roster/position /m/0ctt4z 3 1 1 1 0 1
/m/0hn2q /sports/sports_team/roster./sports/sports_team_roster/position /m/02qvdc 3 1 1 1 0 1
/m/0425_d /sports/sports_team/roster./sports/sports_team_roster/position /m/02nzb8 2 1 1 1 0 1
/m/0425gc /sports/sports_team/roster./sports/sports_team_roster/position /m/02sdk9v 1 1 1 1 1 1
/m/0425gc /sports/sports_team/roster./sports/sports_team_roster/position /m/02_j1w 3 1 1 1 0 1
/m/02bh_v /sports/sports_team/roster./sports/sports_team_roster/position /m/02sdk9v 1 1 1 1 1 1
/m/03mck3c /sports/sports_team/roster./sports/sports_team_roster/position /m/02nzb8 3 1 1 1 0 1
/m/04x8cp /sports/sports_team/roster./sports/sports_team_roster/position /m/02nzb8 3 1 1 1 0 1
/m/06h4y9 /sports/sports_team/roster./sports/sports_team_roster/position /m/02nzb8 4 1 1 1 0 1
/m/03b3j /sports/sports_team/roster./sports/sports_team_roster/position /m/0b13yt 15 1 0 1 0 1
/m/0jnr_ /sports/sports_team/roster./sports/sports_team_roster/position /m/02qvl7 4 1 1 1 0 1
/m/02b1cn /sports/sports_team/roster./sports/sports_team_roster/position /m/02nzb8 3 1 1 1 0 1
/m/049d_ /sports/sports_team/roster./sports/sports_team_roster/position /m/02sdk9v 4 1 1 1 0 1
/m/0ws7 /sports/sports_team/roster./sports/sports_team_roster/position /m/01_9c1 11 1 0 1 0 1
/m/0x2p /sports/sports_team/roster./sports/sports_team_roster/position /m/02dwn9 4 1 1 1 0 1
/m/01slcv /sports/sports_team/roster./sports/sports_team_roster/position /m/02sdk9v 4 1 1 1 0 1
/m/02b17f /sports/sports_team/roster./sports/sports_team_roster/position /m/02nzb8 2 1 1 1 0 1
/m/052zgp /sports/sports_team/roster./sports/sports_team_roster/position /m/02sdk9v 3 1 1 1 0 1
/m/02pp1 /sports/sports_team/roster./sports/sports_team_roster/position /m/02nzb8 1 1 1 1 1 1
/m/025v26c /sports/sports_team/roster./sports/sports_team_roster/position /m/02g_6x 1 1 1 1 1 1
/m/07kcvl /sports/sports_team/roster./sports/sports_team_roster/position /m/04nfpk 4 1 1 1 0 1
/m/0fw9vx /sports/sports_team/roster./sports/sports_team_roster/position /m/02sf_r 4 1 1 1 0 1
/m/02w64f /sports/sports_team/roster./sports/sports_team_roster/position /m/0dgrmp 4 1 1 1 0 1
/m/02jgm0 /sports/sports_team/roster./sports/sports_team_roster/position /m/02_j1w 1 1 1 1 1 1
/m/0199gx /sports/sports_team/roster./sports/sports_team_roster/position /m/0dgrmp 1 1 1 1 1 1
/m/02b19f /sports/sports_team/roster./sports/sports_team_roster/position /m/02nzb8 4 2 1 1 0 0
/m/03gqb0k /sports/sports_team/roster./sports/sports_team_roster/position /m/05b3ts 12 1 0 1 0 1
/m/086hg9 /sports/sports_team/roster./sports/sports_team_roster/position /m/023wyl 7 1 1 1 0 1
/m/01njml /sports/sports_team/roster./sports/sports_team_roster/position /m/02sdk9v 1 1 1 1 1 1
/m/0jm4v /sports/sports_team/roster./sports/sports_team_roster/position /m/0355dz 1 1 1 1 1 1
/m/01_1kk /sports/sports_team/roster./sports/sports_team_roster/position /m/0dgrmp 3 1 1 1 0 1
/m/0bjkk9 /sports/sports_team/roster./sports/sports_team_roster/position /m/047g8h 10 1 1 1 0 1
/m/01b8d6 /sports/sports_team/roster./sports/sports_team_roster/position /m/02nzb8 3 1 1 1 0 1
/m/0wsr /sports/sports_team/roster./sports/sports_team_roster/position /m/02qpbqj 14 1 0 1 0 1
/m/02px_23 /sports/sports_team/roster./sports/sports_team_roster/position /m/02g_6x 2 1 1 1 0 1
/m/051hhz /sports/sports_team/roster./sports/sports_team_roster/position /m/02_j1w 1 1 1 1 1 1
/m/02c_4 /sports/sports_team/roster./sports/sports_team_roster/position /m/023wyl 9 1 1 1 0 1
/m/06lckm /sports/sports_team/roster./sports/sports_team_roster/position /m/02sdk9v 3 1 1 1 0 1
/m/06lckm /sports/sports_team/roster./sports/sports_team_roster/position /m/0dgrmp 1 1 1 1 1 1
/m/03b3j /sports/sports_team/roster./sports/sports_team_roster/position /m/02vkdwz 14 1 0 1 0 1
/m/07b8m1 /sports/sports_team/roster./sports/sports_team_roster/position /m/0dgrmp 1 1 1 1 1 1
/m/0ft5vs /sports/sports_team/roster./sports/sports_team_roster/position /m/02g_7z 5 1 1 1 0 1
/m/021mkg /sports/sports_team/roster./sports/sports_team_roster/position /m/02_j1w 2 1 1 1 0 1
/m/04mjl /sports/sports_team/roster./sports/sports_team_roster/position /m/01z9v6 4 1 1 1 0 1
/m/05ls3r /sports/sports_team/roster./sports/sports_team_roster/position /m/02sdk9v 3 3 1 1 0 0
/m/0266shh /sports/sports_team/roster./sports/sports_team_roster/position /m/02_j1w 1 1 1 1 1 1
/m/057xkj_ /sports/sports_team/roster./sports/sports_team_roster/position /m/06b1q 8 2 1 1 0 0
/m/033g54 /sports/sports_team/roster./sports/sports_team_roster/position /m/02_j1w 1 1 1 1 1 1
/m/019ltg /sports/sports_team/roster./sports/sports_team_roster/position /m/02sdk9v 4 1 1 1 0 1
/m/0177gl /sports/sports_team/roster./sports/sports_team_roster/position /m/0dgrmp 1 1 1 1 1 1
/m/07vk9f /sports/sports_team/roster./sports/sports_team_roster/position /m/02sdk9v 3 1 1 1 0 1
/m/03b3j /sports/sports_team/roster./sports/sports_team_roster/position /m/01_9c1 12 1 0 1 0 1
/m/05ns4g /sports/sports_team/roster./sports/sports_team_roster/position /m/02_j1w 1 1 1 1 1 1
/m/0j47s /sports/sports_team/roster./sports/sports_team_roster/position /m/0dgrmp 3 1 1 1 0 1
/m/042l8n /sports/sports_team/roster./sports/sports_team_roster/position /m/02sdk9v 3 1 1 1 0 1
/m/0dy68h /sports/sports_team/roster./sports/sports_team_roster/position /m/02sdk9v 4 1 1 1 0 1
/m/059nf5 /sports/sports_team/roster./sports/sports_team_roster/position /m/0dgrmp 3 1 1 1 0 1
/m/02b15h /sports/sports_team/roster./sports/sports_team_roster/position /m/02nzb8 3 1 1 1 0 1
/m/05169r /sports/sports_team/roster./sports/sports_team_roster/position /m/0dgrmp 2 1 1 1 0 1
/m/0b256b /sports/sports_team/roster./sports/sports_team_roster/position /m/0dgrmp 2 1 1 1 0 1
/m/01gjlw /sports/sports_team/roster./sports/sports_team_roster/position /m/02_j1w 3 1 1 1 0 1
/m/01l3wr /sports/sports_team/roster./sports/sports_team_roster/position /m/02_j1w 2 1 1 1 0 1
/m/0329qp /sports/sports_team/roster./sports/sports_team_roster/position /m/02nzb8 3 1 1 1 0 1
/m/025_64l /sports/sports_team/roster./sports/sports_team_roster/position /m/047g8h 11 1 0 1 0 1
/m/02pd1q9 /sports/sports_team/roster./sports/sports_team_roster/position /m/0bgv8y 13 1 0 1 0 1
/m/0122wc /sports/sports_team/roster./sports/sports_team_roster/position /m/0dgrmp 4 1 1 1 0 1
/m/040whs /sports/sports_team/roster./sports/sports_team_roster/position /m/02sdk9v 1 1 1 1 1 1
/m/01slcv /sports/sports_team/roster./sports/sports_team_roster/position /m/02_j1w 1 1 1 1 1 1
/m/02b168 /sports/sports_team/roster./sports/sports_team_roster/position /m/02sdk9v 3 1 1 1 0 1
/m/056xx8 /sports/sports_team/roster./sports/sports_team_roster/position /m/0dgrmp 2 1 1 1 0 1
/m/0f1kwr /sports/sports_team/roster./sports/sports_team_roster/position /m/02sdk9v 2 1 1 1 0 1
/m/03fnnn /sports/sports_team/roster./sports/sports_team_roster/position /m/02_j1w 2 1 1 1 0 1
/m/0jnrk /sports/sports_team/roster./sports/sports_team_roster/position /m/02qvgy 2 1 1 1 0 1
/m/0jm2v /sports/sports_team/roster./sports/sports_team_roster/position /m/0ctt4z 6 1 1 1 0 1
/m/09c8bc /sports/sports_team/roster./sports/sports_team_roster/position /m/02sdk9v 3 1 1 1 0 1
/m/013xh7 /sports/sports_team/roster./sports/sports_team_roster/position /m/02sdk9v 1 1 1 1 1 1
/m/04n8xs /sports/sports_team/roster./sports/sports_team_roster/position /m/02nzb8 2 1 1 1 0 1
/m/03j6_5 /sports/sports_team/roster./sports/sports_team_roster/position /m/0dgrmp 4 1 1 1 0 1
/m/0f83g2 /sports/sports_team/roster./sports/sports_team_roster/position /m/02sdk9v 4 1 1 1 0 1
/m/03qrh9 /sports/sports_team/roster./sports/sports_team_roster/position /m/01z9v6 2 1 1 1 0 1
/m/0jm3v /sports/sports_team/roster./sports/sports_team_roster/position /m/03558l 2 1 1 1 0 1
/m/04b8pv /sports/sports_team/roster./sports/sports_team_roster/position /m/0dgrmp 3 1 1 1 0 1
/m/05p8bf9 /sports/sports_team/roster./sports/sports_team_roster/position /m/02_j1w 1 1 1 1 1 1
/m/04n7ps6 /sports/sports_team/roster./sports/sports_team_roster/position /m/01_9c1 4 2 1 1 0 0
/m/03_qrp /sports/sports_team/roster./sports/sports_team_roster/position /m/02nzb8 3 1 1 1 0 1
/m/04_cdd /sports/sports_team/roster./sports/sports_team_roster/position /m/02_j1w 2 1 1 1 0 1
/m/01slc /sports/sports_team/roster./sports/sports_team_roster/position /m/02s7tr 6 1 1 1 0 1
/m/0289q /sports/sports_team/roster./sports/sports_team_roster/position /m/05zm34 15 1 0 1 0 1
/m/01xvb /sports/sports_team/roster./sports/sports_team_roster/position /m/047g8h 12 1 0 1 0 1
/m/01y3c /sports/sports_team/roster./sports/sports_team_roster/position /m/04nfpk 12 1 0 1 0 1
/m/0br0vs /sports/sports_team/roster./sports/sports_team_roster/position /m/02nzb8 3 1 1 1 0 1
/m/057xkj_ /sports/sports_team/roster./sports/sports_team_roster/position /m/02g_7z 5 1 1 1 0 1
/m/0gfw56 /sports/sports_team/roster./sports/sports_team_roster/position /m/0dgrmp 1 1 1 1 1 1
/m/039_ym /sports/sports_team/roster./sports/sports_team_roster/position /m/02sdk9v 4 1 1 1 0 1
/m/05xvj /sports/sports_team/roster./sports/sports_team_roster/position /m/02lyr4 3 1 1 1 0 1
/m/03lsq /sports/sports_team/roster./sports/sports_team_roster/position /m/04nfpk 13 1 0 1 0 1
/m/01ct6 /sports/sports_team/roster./sports/sports_team_roster/position /m/06b1q 10 2 1 1 0 0
/m/03y_f8 /sports/sports_team/roster./sports/sports_team_roster/position /m/02nzb8 1 1 1 1 1 1
/m/01z1r /sports/sports_team/roster./sports/sports_team_roster/position /m/02_j1w 2 1 1 1 0 1
/m/0ws7 /sports/sports_team/roster./sports/sports_team_roster/position /m/05zm34 10 1 1 1 0 1
/m/03zmc7 /sports/sports_team/roster./sports/sports_team_roster/position /m/02_j1w 1 1 1 1 1 1
/m/04l5f2 /sports/sports_team/roster./sports/sports_team_roster/position /m/02qvzf 1 1 1 1 1 1
/m/01l0__ /sports/sports_team/roster./sports/sports_team_roster/position /m/02sdk9v 1 1 1 1 1 1
/m/026lg0s /sports/sports_team/roster./sports/sports_team_roster/position /m/06b1q 9 1 1 1 0 1
/m/019m9h /sports/sports_team/roster./sports/sports_team_roster/position /m/02sdk9v 4 1 1 1 0 1
/m/04999m /sports/sports_team/roster./sports/sports_team_roster/position /m/02nzb8 4 1 1 1 0 1
/m/04h5_c /sports/sports_team/roster./sports/sports_team_roster/position /m/02sdk9v 4 1 1 1 0 1
/m/03g52k /sports/sports_team/roster./sports/sports_team_roster/position /m/02sdk9v 4 1 1 1 0 1
/m/06rv5t /sports/sports_team/roster./sports/sports_team_roster/position /m/02nzb8 3 1 1 1 0 1
/m/07kcvl /sports/sports_team/roster./sports/sports_team_roster/position /m/023wyl 3 1 1 1 0 1
/m/0frm7n /sports/sports_team/roster./sports/sports_team_roster/position /m/02g_6j 6 2 1 1 0 0
/m/01ypc /sports/sports_team/roster./sports/sports_team_roster/position /m/02dwpf 5 1 1 1 0 1
/m/02b0yz /sports/sports_team/roster./sports/sports_team_roster/position /m/02_j1w 2 1 1 1 0 1
/m/0fsb_6 /sports/sports_team/roster./sports/sports_team_roster/position /m/08ns5s 3 1 1 1 0 1
/m/02qjb_ /sports/sports_team/roster./sports/sports_team_roster/position /m/02_j1w 2 1 1 1 0 1
/m/0786vq /sports/sports_team/roster./sports/sports_team_roster/position /m/02_j1w 2 1 1 1 0 1
/m/07sqhm /sports/sports_team/roster./sports/sports_team_roster/position /m/0dgrmp 1 1 1 1 1 1
/m/0138mv /sports/sports_team/roster./sports/sports_team_roster/position /m/02nzb8 2 1 1 1 0 1
/m/0kq9l /sports/sports_team/roster./sports/sports_team_roster/position /m/02nzb8 3 1 1 1 0 1
/m/07_q87 /sports/sports_team/roster./sports/sports_team_roster/position /m/02_j1w 1 1 1 1 1 1
/m/03mqj_ /sports/sports_team/roster./sports/sports_team_roster/position /m/02sdk9v 4 1 1 1 0 1
/m/04h4zx /sports/sports_team/roster./sports/sports_team_roster/position /m/02nzb8 3 1 1 1 0 1
/m/0jm7n /sports/sports_team/roster./sports/sports_team_roster/position /m/01pv51 3 1 1 1 0 1
/m/0jm4b /sports/sports_team/roster./sports/sports_team_roster/position /m/02_ssl 1 1 1 1 1 1
/m/01rlz4 /sports/sports_team/roster./sports/sports_team_roster/position /m/02sdk9v 4 1 1 1 0 1
/m/067zx9 /sports/sports_team/roster./sports/sports_team_roster/position /m/02sdk9v 3 1 1 1 0 1
/m/02_cq0 /sports/sports_team/roster./sports/sports_team_roster/position /m/02sdk9v 3 1 1 1 0 1
/m/03_r_5 /sports/sports_team/roster./sports/sports_team_roster/position /m/02nzb8 2 1 1 1 0 1
/m/08lg0g /sports/sports_team/roster./sports/sports_team_roster/position /m/02_j1w 1 1 1 1 1 1
/m/08pgl8 /sports/sports_team/roster./sports/sports_team_roster/position /m/02_j1w 1 1 1 1 1 1
/m/033g54 /sports/sports_team/roster./sports/sports_team_roster/position /m/0dgrmp 3 1 1 1 0 1
/m/09nzn6 /sports/sports_team/roster./sports/sports_team_roster/position /m/02_j1w 1 1 1 1 1 1
/m/02plv57 /sports/sports_team/roster./sports/sports_team_roster/position /m/02sf_r 2 1 1 1 0 1
/m/02b10g /sports/sports_team/roster./sports/sports_team_roster/position /m/02sdk9v 3 1 1 1 0 1
/m/05f8c2 /sports/sports_team/roster./sports/sports_team_roster/position /m/02sdk9v 3 1 1 1 0 1
/m/0jm4b /sports/sports_team/roster./sports/sports_team_roster/position /m/01pv51 5 1 1 1 0 1
/m/05jx17 /sports/sports_team/roster./sports/sports_team_roster/position /m/02sdk9v 4 1 1 1 0 1
/m/0303jw /sports/sports_team/roster./sports/sports_team_roster/position /m/02sdk9v 4 1 1 1 0 1
/m/02gjt4 /sports/sports_team/roster./sports/sports_team_roster/position /m/02_j1w 2 1 1 1 0 1
/m/05g3v /sports/sports_team/roster./sports/sports_team_roster/position /m/01r3hr 10 1 1 1 0 1
/m/0g0z58 /sports/sports_team/roster./sports/sports_team_roster/position /m/04nfpk 5 1 1 1 0 1
/m/0g0z58 /sports/sports_team/roster./sports/sports_team_roster/position /m/01_9c1 9 1 1 1 0 1
/m/04wmvz /sports/sports_team/roster./sports/sports_team_roster/position /m/01z9v6 1 1 1 1 1 1
/m/03_9x6 /sports/sports_team/roster./sports/sports_team_roster/position /m/02sdk9v 4 1 1 1 0 1
/m/0fm6m8 /sports/sports_team/roster./sports/sports_team_roster/position /m/02nzb8 3 1 1 1 0 1
/m/02b0_6 /sports/sports_team/roster./sports/sports_team_roster/position /m/02_j1w 1 1 1 1 1 1
/m/0cnk2q /sports/sports_team/roster./sports/sports_team_roster/position /m/02sdk9v 3 1 1 1 0 1
/m/02py8_w /sports/sports_team/roster./sports/sports_team_roster/position /m/03558l 3 1 1 1 0 1
/m/047g6m /sports/sports_team/roster./sports/sports_team_roster/position /m/02nzb8 3 1 1 1 0 1
/m/0gfp09 /sports/sports_team/roster./sports/sports_team_roster/position /m/02_j1w 2 1 1 1 0 1
/m/0jm9w /sports/sports_team/roster./sports/sports_team_roster/position /m/02_ssl 4 1 1 1 0 1
/m/08vq2y /sports/sports_team/roster./sports/sports_team_roster/position /m/02nzb8 4 1 1 1 0 1
/m/05g3v /sports/sports_team/roster./sports/sports_team_roster/position /m/05b3ts 13 1 0 1 0 1
/m/04n1hqz /sports/sports_team/roster./sports/sports_team_roster/position /m/0dgrmp 1 1 1 1 1 1
/m/03d0d7 /sports/sports_team/roster./sports/sports_team_roster/position /m/02_j1w 2 1 1 1 0 1
/m/05g3b /sports/sports_team/roster./sports/sports_team_roster/position /m/0b13yt 15 1 0 1 0 1
/m/04ls81 /sports/sports_team/roster./sports/sports_team_roster/position /m/02vkdwz 12 1 0 1 0 1
/m/04mpbk /sports/sports_team/roster./sports/sports_team_roster/position /m/0dgrmp 1 1 1 1 1 1
/m/0c5wln /sports/sports_team/roster./sports/sports_team_roster/position /m/02nzb8 4 1 1 1 0 1
/m/07c2wt /sports/sports_team/roster./sports/sports_team_roster/position /m/0dgrmp 2 1 1 1 0 1
/m/05tfm /sports/sports_team/roster./sports/sports_team_roster/position /m/023wyl 13 1 0 1 0 1
/m/05tfm /sports/sports_team/roster./sports/sports_team_roster/position /m/047g8h 14 1 0 1 0 1
/m/05m_8 /sports/sports_team/roster./sports/sports_team_roster/position /m/02dwn9 6 1 1 1 0 1
/m/02r2qt7 /sports/sports_team/roster./sports/sports_team_roster/position /m/0619m3 4 1 1 1 0 1
/m/01kj5h /sports/sports_team/roster./sports/sports_team_roster/position /m/02_j1w 2 1 1 1 0 1
/m/07l24 /sports/sports_team/roster./sports/sports_team_roster/position /m/06b1q 12 1 0 1 0 1
/m/05g49 /sports/sports_team/roster./sports/sports_team_roster/position /m/01_9c1 14 1 0 1 0 1
/m/01hznh /sports/sports_team/roster./sports/sports_team_roster/position /m/02nzb8 4 1 1 1 0 1
/m/06cmd2 /sports/sports_team/roster./sports/sports_team_roster/position /m/02_j1w 1 1 1 1 1 1
/m/07147 /sports/sports_team/roster./sports/sports_team_roster/position /m/028c_8 2 1 1 1 0 1
/m/0jm9w /sports/sports_team/roster./sports/sports_team_roster/position /m/03558l 1 1 1 1 1 1
/m/03x6w8 /sports/sports_team/roster./sports/sports_team_roster/position /m/02_j1w 1 1 1 1 1 1
/m/03078l /sports/sports_team/roster./sports/sports_team_roster/position /m/02sdk9v 4 1 1 1 0 1
/m/090q8l /sports/sports_team/roster./sports/sports_team_roster/position /m/02_j1w 3 1 1 1 0 1
/m/06x68 /sports/sports_team/roster./sports/sports_team_roster/position /m/028c_8 1 1 1 1 1 1
/m/05nmg_ /sports/sports_team/roster./sports/sports_team_roster/position /m/02_j1w 2 1 1 1 0 1
/m/07k53y /sports/sports_team/roster./sports/sports_team_roster/position /m/023wyl 6 1 1 1 0 1
/m/01xmxj /sports/sports_team/roster./sports/sports_team_roster/position /m/02nzb8 4 1 1 1 0 1
/m/0jm4v /sports/sports_team/roster./sports/sports_team_roster/position /m/02sf_r 1 1 1 1 1 1
/m/02wvf2s /sports/sports_team/roster./sports/sports_team_roster/position /m/023wyl 3 1 1 1 0 1
/m/01kkg5 /sports/sports_team/roster./sports/sports_team_roster/position /m/02sdk9v 4 1 1 1 0 1
/m/02vr30 /sports/sports_team/roster./sports/sports_team_roster/position /m/02sdk9v 4 1 1 1 0 1
/m/01y49 /sports/sports_team/roster./sports/sports_team_roster/position /m/06b1q 9 1 1 1 0 1
/m/01gjlw /sports/sports_team/roster./sports/sports_team_roster/position /m/0dgrmp 2 1 1 1 0 1
/m/07sqbl /sports/sports_team/roster./sports/sports_team_roster/position /m/0dgrmp 3 1 1 1 0 1
/m/0hn6d /sports/sports_team/roster./sports/sports_team_roster/position /m/02qvl7 3 1 1 1 0 1
/m/0713r /sports/sports_team/roster./sports/sports_team_roster/position /m/028c_8 3 1 1 1 0 1
/m/01xn57g /sports/sports_team/roster./sports/sports_team_roster/position /m/02nzb8 3 1 1 1 0 1
/m/0jml5 /sports/sports_team/roster./sports/sports_team_roster/position /m/0355dz 2 1 1 1 0 1
/m/03c0t9 /sports/sports_team/roster./sports/sports_team_roster/position /m/02nzb8 2 1 1 1 0 1
/m/0cgwt8 /sports/sports_team/roster./sports/sports_team_roster/position /m/02nzb8 3 1 1 1 0 1
/m/02vpvk /sports/sports_team/roster./sports/sports_team_roster/position /m/02sdk9v 4 1 1 1 0 1
/m/06zpgb2 /sports/sports_team/roster./sports/sports_team_roster/position /m/0dgrmp 3 1 1 1 0 1
/m/0hmtk /sports/sports_team/roster./sports/sports_team_roster/position /m/02qvl7 3 1 1 1 0 1
/m/02b10g /sports/sports_team/roster./sports/sports_team_roster/position /m/0dgrmp 1 1 1 1 1 1
/m/03z2rz /sports/sports_team/roster./sports/sports_team_roster/position /m/02nzb8 3 1 1 1 0 1
/m/024tsn /sports/sports_team/roster./sports/sports_team_roster/position /m/02_j1w 1 1 1 1 1 1
/m/0j6tr /sports/sports_team/roster./sports/sports_team_roster/position /m/02qvzf 1 1 1 1 1 1
/m/0g701n /sports/sports_team/roster./sports/sports_team_roster/position /m/0dgrmp 3 1 1 1 0 1
/m/06khkb /sports/sports_team/roster./sports/sports_team_roster/position /m/0dgrmp 1 1 1 1 1 1
/m/02b1b5 /sports/sports_team/roster./sports/sports_team_roster/position /m/02sdk9v 4 1 1 1 0 1
/m/0jmcv /sports/sports_team/roster./sports/sports_team_roster/position /m/01pv51 1 1 1 1 1 1
/m/0fzs6w /sports/sports_team/roster./sports/sports_team_roster/position /m/02nzb8 2 1 1 1 0 1
/m/02pd1tf /sports/sports_team/roster./sports/sports_team_roster/position /m/05b3ts 5 2 1 1 0 0
/m/035qgm /sports/sports_team/roster./sports/sports_team_roster/position /m/02_j1w 3 1 1 1 0 1
/m/049n7 /sports/sports_team/roster./sports/sports_team_roster/position /m/01sdzg 1 1 1 1 1 1
/m/03j79x /sports/sports_team/roster./sports/sports_team_roster/position /m/0dgrmp 1 1 1 1 1 1
/m/06x76 /sports/sports_team/roster./sports/sports_team_roster/position /m/08ns5s 14 1 0 1 0 1
/m/02c_4 /sports/sports_team/roster./sports/sports_team_roster/position /m/02g_6j 7 1 1 1 0 1
/m/06vlk0 /sports/sports_team/roster./sports/sports_team_roster/position /m/0dgrmp 2 1 1 1 0 1
/m/0d8_wz /sports/sports_team/roster./sports/sports_team_roster/position /m/02sdk9v 4 1 1 1 0 1
/m/0fjcgg /sports/sports_team/roster./sports/sports_team_roster/position /m/0dgrmp 1 1 1 1 1 1
/m/051q5 /sports/sports_team/roster./sports/sports_team_roster/position /m/023wyl 11 1 0 1 0 1
/m/06rny /sports/sports_team/roster./sports/sports_team_roster/position /m/047g8h 11 1 0 1 0 1
/m/0gd70t /sports/sports_team/roster./sports/sports_team_roster/position /m/02_j1w 2 1 1 1 0 1
/m/043t1s /sports/sports_team/roster./sports/sports_team_roster/position /m/02_j1w 3 1 1 1 0 1
/m/07l2m /sports/sports_team/roster./sports/sports_team_roster/position /m/04nfpk 11 1 0 1 0 1
/m/07sqhm /sports/sports_team/roster./sports/sports_team_roster/position /m/02_j1w 2 1 1 1 0 1
/m/04mp8x /sports/sports_team/roster./sports/sports_team_roster/position /m/02_j1w 3 1 1 1 0 1
/m/03mck3c /sports/sports_team/roster./sports/sports_team_roster/position /m/02sdk9v 4 1 1 1 0 1
/m/03h0k1 /sports/sports_team/roster./sports/sports_team_roster/position /m/02nzb8 2 1 1 1 0 1
/m/05169r /sports/sports_team/roster./sports/sports_team_roster/position /m/02sdk9v 3 1 1 1 0 1
/m/0329qp /sports/sports_team/roster./sports/sports_team_roster/position /m/0dgrmp 2 1 1 1 0 1
/m/05nsfc /sports/sports_team/roster./sports/sports_team_roster/position /m/02nzb8 4 1 1 1 0 1
/m/084l5 /sports/sports_team/roster./sports/sports_team_roster/position /m/01_9c1 10 1 1 1 0 1
/m/09kzxt /sports/sports_team/roster./sports/sports_team_roster/position /m/02nzb8 2 1 1 1 0 1
/m/01l0__ /sports/sports_team/roster./sports/sports_team_roster/position /m/0dgrmp 2 1 1 1 0 1
/m/04h5_c /sports/sports_team/roster./sports/sports_team_roster/position /m/02nzb8 2 1 1 1 0 1
/m/02qjb_ /sports/sports_team/roster./sports/sports_team_roster/position /m/02nzb8 4 1 1 1 0 1
/m/06vv_6 /sports/sports_team/roster./sports/sports_team_roster/position /m/02sdk9v 3 1 1 1 0 1
/m/0wsr /sports/sports_team/roster./sports/sports_team_roster/position /m/06b1q 13 1 0 1 0 1
/m/04j6dg /sports/sports_team/roster./sports/sports_team_roster/position /m/02nzb8 3 1 1 1 0 1
/m/058dm9 /sports/sports_team/roster./sports/sports_team_roster/position /m/02sdk9v 3 1 1 1 0 1
/m/06lkg8 /sports/sports_team/roster./sports/sports_team_roster/position /m/02sdk9v 2 1 1 1 0 1
/m/06yszk /sports/sports_team/roster./sports/sports_team_roster/position /m/02sdk9v 3 1 1 1 0 1
/m/03hfxkn /sports/sports_team/roster./sports/sports_team_roster/position /m/02g_6x 2 1 1 1 0 1
/m/05g3v /sports/sports_team/roster./sports/sports_team_roster/position /m/023wyl 12 1 0 1 0 1
/m/0gd70t /sports/sports_team/roster./sports/sports_team_roster/position /m/02sdk9v 3 1 1 1 0 1
/m/07k53y /sports/sports_team/roster./sports/sports_team_roster/position /m/06b1q 9 1 1 1 0 1
/m/04zxrt /sports/sports_team/roster./sports/sports_team_roster/position /m/02nzb8 2 1 1 1 0 1
/m/0fjzsy /sports/sports_team/roster./sports/sports_team_roster/position /m/02g_6x 2 1 1 1 0 1
/m/04gkp3 /sports/sports_team/roster./sports/sports_team_roster/position /m/02sdk9v 4 1 1 1 0 1
/m/04mp75 /sports/sports_team/roster./sports/sports_team_roster/position /m/02sdk9v 4 1 1 1 0 1
/m/030ykh /sports/sports_team/roster./sports/sports_team_roster/position /m/02qvgy 1 1 1 1 1 1
/m/0713r /sports/sports_team/roster./sports/sports_team_roster/position /m/02sddg 1 1 1 1 1 1
/m/0bjkk9 /sports/sports_team/roster./sports/sports_team_roster/position /m/02g_6j 8 1 1 1 0 1
/m/0bk17k /sports/sports_team/roster./sports/sports_team_roster/position /m/02sdk9v 2 1 1 1 0 1
/m/017_1x /sports/sports_team/roster./sports/sports_team_roster/position /m/02_j1w 1 1 1 1 1 1
/m/0199gx /sports/sports_team/roster./sports/sports_team_roster/position /m/02_j1w 4 1 1 1 0 1
/m/04hzfz /sports/sports_team/roster./sports/sports_team_roster/position /m/02_j1w 1 1 1 1 1 1
/m/0gy9d4 /sports/sports_team/roster./sports/sports_team_roster/position /m/02nzb8 3 1 1 1 0 1
/m/0ftf0f /sports/sports_team/roster./sports/sports_team_roster/position /m/02g_7z 6 1 1 1 0 1
/m/0f83g2 /sports/sports_team/roster./sports/sports_team_roster/position /m/02_j1w 2 1 1 1 0 1
/m/0jm4b /sports/sports_team/roster./sports/sports_team_roster/position /m/0355dz 2 1 1 1 0 1
/m/02pd1q9 /sports/sports_team/roster./sports/sports_team_roster/position /m/04nfpk 7 1 1 1 0 1
/m/0425kh /sports/sports_team/roster./sports/sports_team_roster/position /m/02nzb8 3 1 1 1 0 1
/m/01wx_y /sports/sports_team/roster./sports/sports_team_roster/position /m/02sdk9v 4 1 1 1 0 1
/m/0jnr3 /sports/sports_team/roster./sports/sports_team_roster/position /m/02qvl7 3 1 1 1 0 1
/m/093xh0 /sports/sports_team/roster./sports/sports_team_roster/position /m/02nzb8 2 1 1 1 0 1
/m/02b1mr /sports/sports_team/roster./sports/sports_team_roster/position /m/0dgrmp 4 2 1 1 0 0
/m/04cxw5b /sports/sports_team/roster./sports/sports_team_roster/position /m/0355dz 1 1 1 1 1 1
/m/0fbtm7 /sports/sports_team/roster./sports/sports_team_roster/position /m/023wyl 7 1 1 1 0 1
/m/04zw9hs /sports/sports_team/roster./sports/sports_team_roster/position /m/02sdk9v 4 1 1 1 0 1
/m/01y3c /sports/sports_team/roster./sports/sports_team_roster/position /m/08ns5s 11 1 0 1 0 1
/m/01rlzn /sports/sports_team/roster./sports/sports_team_roster/position /m/0dgrmp 4 1 1 1 0 1
/m/07kbp5 /sports/sports_team/roster./sports/sports_team_roster/position /m/04nfpk 6 1 1 1 0 1
/m/03yl2t /sports/sports_team/roster./sports/sports_team_roster/position /m/02sdk9v 3 1 1 1 0 1
/m/013xh7 /sports/sports_team/roster./sports/sports_team_roster/position /m/02_j1w 3 1 1 1 0 1
/m/0kq9l /sports/sports_team/roster./sports/sports_team_roster/position /m/0dgrmp 1 1 1 1 1 1
/m/03fmw_ /sports/sports_team/roster./sports/sports_team_roster/position /m/02sdk9v 3 1 1 1 0 1
/m/050fh /sports/sports_team/roster./sports/sports_team_roster/position /m/02_j1w 3 1 1 1 0 1
/m/02c_4 /sports/sports_team/roster./sports/sports_team_roster/position /m/01_9c1 9 1 1 1 0 1
/m/02s6tk /sports/sports_team/roster./sports/sports_team_roster/position /m/02_j1w 1 1 1 1 1 1
/m/0hvjr /sports/sports_team/roster./sports/sports_team_roster/position /m/0dgrmp 3 1 1 1 0 1
/m/05c5xx9 /sports/sports_team/roster./sports/sports_team_roster/position /m/01r3hr 1 1 1 1 1 1
/m/01lpwh /sports/sports_team/roster./sports/sports_team_roster/position /m/02g_6j 8 4 1 1 0 0
/m/057xlyq /sports/sports_team/roster./sports/sports_team_roster/position /m/023wyl 7 1 1 1 0 1
/m/04mjl /sports/sports_team/roster./sports/sports_team_roster/position /m/028c_8 3 1 1 1 0 1
/m/01p0mx /sports/sports_team/roster./sports/sports_team_roster/position /m/02sdk9v 3 1 1 1 0 1
/m/05l71 /sports/sports_team/roster./sports/sports_team_roster/position /m/01r3hr 2 1 1 1 0 1
/m/0425yz /sports/sports_team/roster./sports/sports_team_roster/position /m/02nzb8 3 1 1 1 0 1
/m/04991x /sports/sports_team/roster./sports/sports_team_roster/position /m/02_j1w 2 1 1 1 0 1
