/m/0dr1c2 /tv/tv_program/regular_cast./tv/regular_tv_appearance/actor /m/04f62k 2 1 1 1 0 1
/m/02q5bx2 /tv/tv_program/regular_cast./tv/regular_tv_appearance/actor /m/03rl84 1 1 1 1 1 1
/m/04sskp /tv/tv_program/regular_cast./tv/regular_tv_appearance/actor /m/0htlr 2 1 1 1 0 1
/m/03kq98 /tv/tv_program/regular_cast./tv/regular_tv_appearance/actor /m/02nfhx 2 1 1 1 0 1
/m/01f39b /tv/tv_program/regular_cast./tv/regular_tv_appearance/actor /m/01v90t 1 1 1 1 1 1
/m/03y3bp7 /tv/tv_program/regular_cast./tv/regular_tv_appearance/actor /m/06cddt 4584 4581 0 0 0 0
/m/0jq2r /tv/tv_program/regular_cast./tv/regular_tv_appearance/actor /m/041c4 13226 13226 0 0 0 0
/m/0bbm7r /tv/tv_program/regular_cast./tv/regular_tv_appearance/actor /m/02tc5y 12 10 0 1 0 0
/m/02pqs8l /tv/tv_program/regular_cast./tv/regular_tv_appearance/actor /m/01pcq3 1 1 1 1 1 1
/m/090s_0 /tv/tv_program/regular_cast./tv/regular_tv_appearance/actor /m/01xsc9 2 1 1 1 0 1
/m/0kfpm /tv/tv_program/regular_cast./tv/regular_tv_appearance/actor /m/02tkzn 1 1 1 1 1 1
/m/03ln8b /tv/tv_program/regular_cast./tv/regular_tv_appearance/actor /m/05dxl5 11 1 0 1 0 1
/m/02zv4b /tv/tv_program/regular_cast./tv/regular_tv_appearance/actor /m/04shbh 2 1 1 1 0 1
/m/02_1ky /tv/tv_program/regular_cast./tv/regular_tv_appearance/actor /m/04yqlk 1 1 1 1 1 1
/m/0cwrr /tv/tv_program/regular_cast./tv/regular_tv_appearance/actor /m/03b78r 5 1 1 1 0 1
/m/03ln8b /tv/tv_program/regular_cast./tv/regular_tv_appearance/actor /m/05lb30 5 1 1 1 0 1
/m/0b6m5fy /tv/tv_program/regular_cast./tv/regular_tv_appearance/actor /m/02kxwk 1 1 1 1 1 1
/m/01fx1l /tv/tv_program/regular_cast./tv/regular_tv_appearance/actor /m/03v0vd 2 1 1 1 0 1
/m/02rzdcp /tv/tv_program/regular_cast./tv/regular_tv_appearance/actor /m/06vsbt 9 4 1 1 0 0
/m/01p4wv /tv/tv_program/regular_cast./tv/regular_tv_appearance/actor /m/02hhtj 1 1 1 1 1 1
/m/07ng9k /tv/tv_program/regular_cast./tv/regular_tv_appearance/actor /m/01qvtwm 1 1 1 1 1 1
/m/0fkwzs /tv/tv_program/regular_cast./tv/regular_tv_appearance/actor /m/01c65z 2 1 1 1 0 1
/m/0fkwzs /tv/tv_program/regular_cast./tv/regular_tv_appearance/actor /m/06tp4h 1020 1018 0 0 0 0
/m/0180mw /tv/tv_program/regular_cast./tv/regular_tv_appearance/actor /m/0210hf 6 1 1 1 0 1
/m/01h1bf /tv/tv_program/regular_cast./tv/regular_tv_appearance/actor /m/03ldxq 3 1 1 1 0 1
/m/02rzdcp /tv/tv_program/regular_cast./tv/regular_tv_appearance/actor /m/09btt1 4 1 1 1 0 1
/m/024hbv /tv/tv_program/regular_cast./tv/regular_tv_appearance/actor /m/0807ml 2 1 1 1 0 1
/m/050kh5 /tv/tv_program/regular_cast./tv/regular_tv_appearance/actor /m/0147dk 1 1 1 1 1 1
/m/03wh49y /tv/tv_program/regular_cast./tv/regular_tv_appearance/actor /m/07rzf 2 1 1 1 0 1
/m/027tbrc /tv/tv_program/regular_cast./tv/regular_tv_appearance/actor /m/0k525 2 1 1 1 0 1
/m/06xkst /tv/tv_program/regular_cast./tv/regular_tv_appearance/actor /m/0f8grf 2 1 1 1 0 1
/m/0hz55 /tv/tv_program/regular_cast./tv/regular_tv_appearance/actor /m/01yhvv 5 1 1 1 0 1
/m/039fgy /tv/tv_program/regular_cast./tv/regular_tv_appearance/actor /m/06j8q_ 1 1 1 1 1 1
/m/08jgk1 /tv/tv_program/regular_cast./tv/regular_tv_appearance/actor /m/08wq0g 6 1 1 1 0 1
/m/06cs95 /tv/tv_program/regular_cast./tv/regular_tv_appearance/actor /m/02__ww 1 1 1 1 1 1
/m/02r2j8 /tv/tv_program/regular_cast./tv/regular_tv_appearance/actor /m/016khd 14352 14351 0 0 0 0
/m/04mx8h4 /tv/tv_program/regular_cast./tv/regular_tv_appearance/actor /m/022s1m 2 1 1 1 0 1
/m/03ln8b /tv/tv_program/regular_cast./tv/regular_tv_appearance/actor /m/02lg3y 19 1 0 1 0 1
/m/0d7vtk /tv/tv_program/regular_cast./tv/regular_tv_appearance/actor /m/0d02km 2 1 1 1 0 1
/m/019nnl /tv/tv_program/regular_cast./tv/regular_tv_appearance/actor /m/0gz5hs 4 1 1 1 0 1
/m/05nlzq /tv/tv_program/regular_cast./tv/regular_tv_appearance/actor /m/0745k7 1 1 1 1 1 1
/m/0l76z /tv/tv_program/regular_cast./tv/regular_tv_appearance/actor /m/015c2f 3 1 1 1 0 1
/m/034fl9 /tv/tv_program/regular_cast./tv/regular_tv_appearance/actor /m/02sh8y 2 1 1 1 0 1
/m/026bfsh /tv/tv_program/regular_cast./tv/regular_tv_appearance/actor /m/0j1yf 21 8 0 1 0 0
/m/017f3m /tv/tv_program/regular_cast./tv/regular_tv_appearance/actor /m/02lfcm 5 1 1 1 0 1
/m/019nnl /tv/tv_program/regular_cast./tv/regular_tv_appearance/actor /m/0f87jy 10 4 1 1 0 0
/m/0gvsh7l /tv/tv_program/regular_cast./tv/regular_tv_appearance/actor /m/01nvmd_ 7 4 1 1 0 0
/m/027pfb2 /tv/tv_program/regular_cast./tv/regular_tv_appearance/actor /m/0410cp 1 1 1 1 1 1
/m/026bfsh /tv/tv_program/regular_cast./tv/regular_tv_appearance/actor /m/095nx 13 1 0 1 0 1
/m/01cvtf /tv/tv_program/regular_cast./tv/regular_tv_appearance/actor /m/02r_d4 1 1 1 1 1 1
/m/01rf57 /tv/tv_program/regular_cast./tv/regular_tv_appearance/actor /m/01y665 1 1 1 1 1 1
/m/050kh5 /tv/tv_program/regular_cast./tv/regular_tv_appearance/actor /m/040nwr 1 1 1 1 1 1
/m/02zv4b /tv/tv_program/regular_cast./tv/regular_tv_appearance/actor /m/05szp 4 1 1 1 0 1
/m/015ppk /tv/tv_program/regular_cast./tv/regular_tv_appearance/actor /m/0347xl 2 1 1 1 0 1
/m/09g_31 /tv/tv_program/regular_cast./tv/regular_tv_appearance/actor /m/0ccqd7 13971 13970 0 0 0 0
/m/019g8j /tv/tv_program/regular_cast./tv/regular_tv_appearance/actor /m/01tpl1p 218 217 0 0 0 0
/m/03k99c /tv/tv_program/regular_cast./tv/regular_tv_appearance/actor /m/019803 1 1 1 1 1 1
/m/0n2bh /tv/tv_program/regular_cast./tv/regular_tv_appearance/actor /m/0mz73 5 1 1 1 0 1
/m/01s81 /tv/tv_program/regular_cast./tv/regular_tv_appearance/actor /m/04cl1 8 5 1 1 0 0
/m/027tbrc /tv/tv_program/regular_cast./tv/regular_tv_appearance/actor /m/0h0jz 2 1 1 1 0 1
/m/05f7w84 /tv/tv_program/regular_cast./tv/regular_tv_appearance/actor /m/02gf_l 2465 2462 0 0 0 0
/m/03nymk /tv/tv_program/regular_cast./tv/regular_tv_appearance/actor /m/0jbp0 2 1 1 1 0 1
/m/024rwx /tv/tv_program/regular_cast./tv/regular_tv_appearance/actor /m/031296 4 1 1 1 0 1
/m/0pc_l /tv/tv_program/regular_cast./tv/regular_tv_appearance/actor /m/02zfdp 2 1 1 1 0 1
/m/027pfb2 /tv/tv_program/regular_cast./tv/regular_tv_appearance/actor /m/02gvwz 1 1 1 1 1 1
/m/03cf9ly /tv/tv_program/regular_cast./tv/regular_tv_appearance/actor /m/03_6y 2 1 1 1 0 1
/m/026bfsh /tv/tv_program/regular_cast./tv/regular_tv_appearance/actor /m/01nz1q6 2060 2046 0 0 0 0
/m/0ctzf1 /tv/tv_program/regular_cast./tv/regular_tv_appearance/actor /m/0935jw 8 4 1 1 0 0
/m/05f7w84 /tv/tv_program/regular_cast./tv/regular_tv_appearance/actor /m/024my5 12343 12338 0 0 0 0
/m/039c26 /tv/tv_program/regular_cast./tv/regular_tv_appearance/actor /m/02bfmn 3 1 1 1 0 1
/m/03y317 /tv/tv_program/regular_cast./tv/regular_tv_appearance/actor /m/04vcdj 1 1 1 1 1 1
/m/0k0q73t /tv/tv_program/regular_cast./tv/regular_tv_appearance/actor /m/013v5j 2 1 1 1 0 1
/m/06cs95 /tv/tv_program/regular_cast./tv/regular_tv_appearance/actor /m/02zhkz 1 1 1 1 1 1
/m/0n2bh /tv/tv_program/regular_cast./tv/regular_tv_appearance/actor /m/01npcy7 3 1 1 1 0 1
/m/01f39b /tv/tv_program/regular_cast./tv/regular_tv_appearance/actor /m/02wr6r 8302 8300 0 0 0 0
/m/02qr46y /tv/tv_program/regular_cast./tv/regular_tv_appearance/actor /m/03p9hl 1 1 1 1 1 1
/m/015w8_ /tv/tv_program/regular_cast./tv/regular_tv_appearance/actor /m/02wrhj 1 1 1 1 1 1
/m/039c26 /tv/tv_program/regular_cast./tv/regular_tv_appearance/actor /m/05w1vf 6 1 1 1 0 1
/m/02czd5 /tv/tv_program/regular_cast./tv/regular_tv_appearance/actor /m/0c4f4 3 1 1 1 0 1
/m/05pbsry /tv/tv_program/regular_cast./tv/regular_tv_appearance/actor /m/0bz5v2 1 1 1 1 1 1
/m/0cskb /tv/tv_program/regular_cast./tv/regular_tv_appearance/actor /m/0c01c 2 1 1 1 0 1
/m/0l76z /tv/tv_program/regular_cast./tv/regular_tv_appearance/actor /m/0m66w 10 6 1 1 0 0
/m/0jwl2 /tv/tv_program/regular_cast./tv/regular_tv_appearance/actor /m/083wr9 1 1 1 1 1 1
/m/06zsk51 /tv/tv_program/regular_cast./tv/regular_tv_appearance/actor /m/015c4g 1 1 1 1 1 1
/m/025x1t /tv/tv_program/regular_cast./tv/regular_tv_appearance/actor /m/04mlh8 13910 13908 0 0 0 0
/m/045qmr /tv/tv_program/regular_cast./tv/regular_tv_appearance/actor /m/04j5fx 1 1 1 1 1 1
/m/02pqs8l /tv/tv_program/regular_cast./tv/regular_tv_appearance/actor /m/03_vx9 6 1 1 1 0 1
/m/02rzdcp /tv/tv_program/regular_cast./tv/regular_tv_appearance/actor /m/08pth9 1 1 1 1 1 1
/m/02_1q9 /tv/tv_program/regular_cast./tv/regular_tv_appearance/actor /m/026_w57 4 1 1 1 0 1
/m/0jwl2 /tv/tv_program/regular_cast./tv/regular_tv_appearance/actor /m/02_p5w 8916 8914 0 0 0 0
/m/04sskp /tv/tv_program/regular_cast./tv/regular_tv_appearance/actor /m/06mnbn 2945 2942 0 0 0 0
/m/016zfm /tv/tv_program/regular_cast./tv/regular_tv_appearance/actor /m/01p47r 2 1 1 1 0 1
/m/043qqt5 /tv/tv_program/regular_cast./tv/regular_tv_appearance/actor /m/06b4wb 1 1 1 1 1 1
/m/019g8j /tv/tv_program/regular_cast./tv/regular_tv_appearance/actor /m/01mmslz 1 1 1 1 1 1
/m/0g60z /tv/tv_program/regular_cast./tv/regular_tv_appearance/actor /m/05l4yg 6 1 1 1 0 1
/m/034vds /tv/tv_program/regular_cast./tv/regular_tv_appearance/actor /m/01r7pq 1 1 1 1 1 1
/m/05nlzq /tv/tv_program/regular_cast./tv/regular_tv_appearance/actor /m/0sw6y 1 1 1 1 1 1
/m/0ddd0gc /tv/tv_program/regular_cast./tv/regular_tv_appearance/actor /m/01w1kyf 7383 7373 0 0 0 0
/m/02rcwq0 /tv/tv_program/regular_cast./tv/regular_tv_appearance/actor /m/016khd 3 1 1 1 0 1
/m/030cx /tv/tv_program/regular_cast./tv/regular_tv_appearance/actor /m/01rr9f 7 2 1 1 0 0
/m/0vjr /tv/tv_program/regular_cast./tv/regular_tv_appearance/actor /m/042ly5 8 1 1 1 0 1
/m/02kk_c /tv/tv_program/regular_cast./tv/regular_tv_appearance/actor /m/042z_g 1 1 1 1 1 1
/m/04x4gj /tv/tv_program/regular_cast./tv/regular_tv_appearance/actor /m/0h7pj 1 1 1 1 1 1
/m/03ffcz /tv/tv_program/regular_cast./tv/regular_tv_appearance/actor /m/0dgskx 1 1 1 1 1 1
/m/0hz55 /tv/tv_program/regular_cast./tv/regular_tv_appearance/actor /m/030xr_ 6 1 1 1 0 1
/m/03cf9ly /tv/tv_program/regular_cast./tv/regular_tv_appearance/actor /m/02fgm7 1 1 1 1 1 1
/m/02gjrc /tv/tv_program/regular_cast./tv/regular_tv_appearance/actor /m/02lq10 1 1 1 1 1 1
/m/050kh5 /tv/tv_program/regular_cast./tv/regular_tv_appearance/actor /m/02756j 1 1 1 1 1 1
/m/03nt59 /tv/tv_program/regular_cast./tv/regular_tv_appearance/actor /m/0mj1l 1 1 1 1 1 1
/m/0b005 /tv/tv_program/regular_cast./tv/regular_tv_appearance/actor /m/01mvth 4 1 1 1 0 1
/m/01ft14 /tv/tv_program/regular_cast./tv/regular_tv_appearance/actor /m/04pz5c 8 6 1 1 0 0
/m/04p5cr /tv/tv_program/regular_cast./tv/regular_tv_appearance/actor /m/06nns1 2 1 1 1 0 1
/m/070ltt /tv/tv_program/regular_cast./tv/regular_tv_appearance/actor /m/02t_99 3 1 1 1 0 1
/m/0dl6fv /tv/tv_program/regular_cast./tv/regular_tv_appearance/actor /m/03ym1 2 1 1 1 0 1
/m/01s81 /tv/tv_program/regular_cast./tv/regular_tv_appearance/actor /m/01ft2l 2 1 1 1 0 1
/m/06cs95 /tv/tv_program/regular_cast./tv/regular_tv_appearance/actor /m/03lmzl 1 1 1 1 1 1
/m/026bfsh /tv/tv_program/regular_cast./tv/regular_tv_appearance/actor /m/01wd9lv 2 1 1 1 0 1
/m/0ctzf1 /tv/tv_program/regular_cast./tv/regular_tv_appearance/actor /m/029cpw 2 1 1 1 0 1
/m/02_1kl /tv/tv_program/regular_cast./tv/regular_tv_appearance/actor /m/030hbp 1 1 1 1 1 1
/m/0h63q6t /tv/tv_program/regular_cast./tv/regular_tv_appearance/actor /m/01pnn3 11003 11001 0 0 0 0
/m/02rzdcp /tv/tv_program/regular_cast./tv/regular_tv_appearance/actor /m/09r9dp 8 4 1 1 0 0
/m/09v38qj /tv/tv_program/regular_cast./tv/regular_tv_appearance/actor /m/029q_y 1 1 1 1 1 1
/m/07vqnc /tv/tv_program/regular_cast./tv/regular_tv_appearance/actor /m/03wy70 1 1 1 1 1 1
/m/0dr1c2 /tv/tv_program/regular_cast./tv/regular_tv_appearance/actor /m/0f8grf 13518 13516 0 0 0 0
/m/03ln8b /tv/tv_program/regular_cast./tv/regular_tv_appearance/actor /m/03w4sh 17 1 0 1 0 1
/m/0524b41 /tv/tv_program/regular_cast./tv/regular_tv_appearance/actor /m/0g8st4 4 1 1 1 0 1
/m/026bfsh /tv/tv_program/regular_cast./tv/regular_tv_appearance/actor /m/03mp9s 13 1 0 1 0 1
/m/04sskp /tv/tv_program/regular_cast./tv/regular_tv_appearance/actor /m/01ckhj 2 1 1 1 0 1
/m/04sskp /tv/tv_program/regular_cast./tv/regular_tv_appearance/actor /m/0f6_x 2 1 1 1 0 1
/m/01f39b /tv/tv_program/regular_cast./tv/regular_tv_appearance/actor /m/01y8cr 1 1 1 1 1 1
/m/02pqs8l /tv/tv_program/regular_cast./tv/regular_tv_appearance/actor /m/01541z 5 1 1 1 0 1
/m/01hn_t /tv/tv_program/regular_cast./tv/regular_tv_appearance/actor /m/018ygt 1 1 1 1 1 1
/m/07g9f /tv/tv_program/regular_cast./tv/regular_tv_appearance/actor /m/03d_w3h 4 1 1 1 0 1
/m/02hct1 /tv/tv_program/regular_cast./tv/regular_tv_appearance/actor /m/03q3sy 4 1 1 1 0 1
/m/0vhm /tv/tv_program/regular_cast./tv/regular_tv_appearance/actor /m/02gf_l 1 1 1 1 1 1
/m/0cskb /tv/tv_program/regular_cast./tv/regular_tv_appearance/actor /m/01f9mq 1 1 1 1 1 1
/m/01p4wv /tv/tv_program/regular_cast./tv/regular_tv_appearance/actor /m/01twmp 10041 10039 0 0 0 0
/m/0vjr /tv/tv_program/regular_cast./tv/regular_tv_appearance/actor /m/011zd3 3 1 1 1 0 1
/m/07vqnc /tv/tv_program/regular_cast./tv/regular_tv_appearance/actor /m/01x0sy 3 1 1 1 0 1
/m/0180mw /tv/tv_program/regular_cast./tv/regular_tv_appearance/actor /m/0350l7 16 7 0 1 0 0
/m/09fc83 /tv/tv_program/regular_cast./tv/regular_tv_appearance/actor /m/0jt90f5 1 1 1 1 1 1
/m/051kd /tv/tv_program/regular_cast./tv/regular_tv_appearance/actor /m/0dt645q 1 1 1 1 1 1
/m/08jgk1 /tv/tv_program/regular_cast./tv/regular_tv_appearance/actor /m/0cnl80 9 1 1 1 0 1
/m/07c72 /tv/tv_program/regular_cast./tv/regular_tv_appearance/actor /m/0glmv 2 1 1 1 0 1
/m/04mx8h4 /tv/tv_program/regular_cast./tv/regular_tv_appearance/actor /m/01tszq 6686 6683 0 0 0 0
/m/0fpxp /tv/tv_program/regular_cast./tv/regular_tv_appearance/actor /m/01nczg 1 1 1 1 1 1
/m/0cskb /tv/tv_program/regular_cast./tv/regular_tv_appearance/actor /m/01g5kv 5 1 1 1 0 1
/m/02md2d /tv/tv_program/regular_cast./tv/regular_tv_appearance/actor /m/03n52j 1 1 1 1 1 1
/m/099pks /tv/tv_program/regular_cast./tv/regular_tv_appearance/actor /m/0168dy 2 1 1 1 0 1
/m/05lfwd /tv/tv_program/regular_cast./tv/regular_tv_appearance/actor /m/095b70 5 1 1 1 0 1
/m/02hct1 /tv/tv_program/regular_cast./tv/regular_tv_appearance/actor /m/01l9p 7 1 1 1 0 1
