00779360 _derivationally_related_form 15274695 0 0 0 0
07359599 _derivationally_related_form 00555447 1 1 1 1 1 1
13286099 _derivationally_related_form 02234988 1 1 1 1 1 1
06178812 _derivationally_related_form 10256080 1 1 1 1 1 1
01257145 _derivationally_related_form 07488875 1 1 1 1 1 1
02156546 _derivationally_related_form 07335716 1 1 1 1 1 1
04903813 _derivationally_related_form 01763829 1 1 1 1 1 1
07861421 _derivationally_related_form 01577513 1 1 1 1 1 1
00474017 _derivationally_related_form 07357679 1 1 1 1 1 1
00964569 _derivationally_related_form 01118449 1 1 1 1 1 1
01322854 _derivationally_related_form 00223983 1 1 1 1 1 1
01716882 _derivationally_related_form 07007945 1 1 1 1 1 1
01695976 _derivationally_related_form 04681797 0 0 0 0
06693198 _derivationally_related_form 00860620 1 1 1 1 1 1
01057034 _derivationally_related_form 01253379 1 1 1 1 1 1
00802946 _derivationally_related_form 01141841 1 1 1 1 1 1
00974367 _derivationally_related_form 09795124 1 1 1 1 1 1
01687569 _derivationally_related_form 05844105 1 1 1 1 1 1
02001858 _derivationally_related_form 00319939 1 1 1 1 1 1
05673908 _derivationally_related_form 01978003 1 1 1 1 1 1
06083243 _derivationally_related_form 10806222 1 1 1 1 1 1
00353992 _derivationally_related_form 00493703 0 0 0 0
02641035 _derivationally_related_form 01062817 1 1 1 1 1 1
08541288 _derivationally_related_form 00195342 1 1 1 1 1 1
01463963 _derivationally_related_form 05075602 1 1 1 1 1 1
01170243 _derivationally_related_form 14447908 1 1 1 1 1 1
06389753 _derivationally_related_form 01745377 1 1 1 1 1 1
00626428 _derivationally_related_form 10508710 1 1 1 1 1 1
02081178 _derivationally_related_form 08617963 1 1 1 1 1 1
13902048 _derivationally_related_form 01742244 1 1 1 1 1 1
07334490 _derivationally_related_form 00478830 1 1 1 1 1 1
10564660 _derivationally_related_form 06403969 1 1 1 1 1 1
01511706 _derivationally_related_form 00104249 1 1 1 1 1 1
01215851 _derivationally_related_form 03068181 1 1 1 1 1 1
00645493 _derivationally_related_form 04784142 1 1 1 1 1 1
00459114 _derivationally_related_form 07891726 1 1 1 1 1 1
00966869 _derivationally_related_form 02344568 1 1 1 1 1 1
05090441 _derivationally_related_form 00434077 1 1 1 1 1 1
02761834 _derivationally_related_form 01042725 1 1 1 1 1 1
00425278 _derivationally_related_form 01803003 1 1 1 1 1 1
09917593 _derivationally_related_form 15147097 1 1 1 1 1 1
04821802 _derivationally_related_form 00103696 1 1 1 1 1 1
01977080 _derivationally_related_form 10019406 1 1 1 1 1 1
13306870 _derivationally_related_form 02321046 1 1 1 1 1 1
00369864 _derivationally_related_form 05015463 0 0 0 0
04667406 _derivationally_related_form 01484083 1 1 1 1 1 1
04671394 _derivationally_related_form 00724861 1 1 1 1 1 1
01466543 _derivationally_related_form 00262249 0 0 0 0
01296462 _derivationally_related_form 00379422 1 1 1 1 1 1
01336587 _derivationally_related_form 05645597 1 1 1 1 1 1
06115701 _derivationally_related_form 10127689 1 1 1 1 1 1
00686890 _derivationally_related_form 01010118 1 1 1 1 1 1
02761685 _derivationally_related_form 00378479 0 0 0 0
05941210 _derivationally_related_form 00701040 1 1 1 1 1 1
00946755 _derivationally_related_form 06807198 1 1 1 1 1 1
06151693 _derivationally_related_form 10620758 1 1 1 1 1 1
00939818 _derivationally_related_form 01707925 1 1 1 1 1 1
01740969 _derivationally_related_form 00918383 1 1 1 1 1 1
00591115 _derivationally_related_form 05805475 1 1 1 1 1 1
13954253 _derivationally_related_form 00043765 0 0 0 0
01346003 _derivationally_related_form 03848348 1 1 1 1 1 1
10682038 _derivationally_related_form 01916634 1 1 1 1 1 1
04956110 _derivationally_related_form 00565592 1 1 1 1 1 1
05301908 _derivationally_related_form 00941990 1 1 1 1 1 1
02621901 _derivationally_related_form 05008746 1 1 1 1 1 1
08969291 _derivationally_related_form 03024420 1 1 1 1 1 1
02625016 _derivationally_related_form 00050693 1 1 1 1 1 1
02426799 _derivationally_related_form 13944914 1 1 1 1 1 1
04657876 _derivationally_related_form 01076793 1 1 1 1 1 1
02150948 _derivationally_related_form 10576071 1 1 1 1 1 1
00900070 _derivationally_related_form 00836236 1 1 1 1 1 1
01239064 _derivationally_related_form 02677567 1 1 1 1 1 1
10214637 _derivationally_related_form 01632411 1 1 1 1 1 1
13800801 _derivationally_related_form 00171127 1 1 1 1 1 1
00265386 _derivationally_related_form 00260622 1 1 1 1 1 1
02390470 _derivationally_related_form 10363913 1 1 1 1 1 1
00024649 _derivationally_related_form 03395745 1 1 1 1 1 1
09891470 _derivationally_related_form 02951358 1 1 1 1 1 1
09851165 _derivationally_related_form 02669081 1 1 1 1 1 1
14498096 _derivationally_related_form 01269379 1 1 1 1 1 1
03650173 _derivationally_related_form 01262113 1 1 1 1 1 1
02621395 _derivationally_related_form 07092356 1 1 1 1 1 1
00960734 _derivationally_related_form 13845239 1 1 1 1 1 1
13481883 _derivationally_related_form 02762806 1 1 1 1 1 1
00633864 _derivationally_related_form 00785962 1 1 1 1 1 1
03673767 _derivationally_related_form 01270784 1 1 1 1 1 1
02400760 _derivationally_related_form 10760340 1 1 1 1 1 1
00212173 _derivationally_related_form 04683600 1 1 1 1 1 1
02726715 _derivationally_related_form 14365356 1 1 1 1 1 1
07409592 _derivationally_related_form 02685665 1 1 1 1 1 1
13478525 _derivationally_related_form 00229280 1 1 1 1 1 1
02767308 _derivationally_related_form 01253060 1 1 1 1 1 1
00347652 _derivationally_related_form 01898592 1 1 1 1 1 1
00471711 _derivationally_related_form 00223720 1 1 1 1 1 1
01353405 _derivationally_related_form 14705718 1 1 1 1 1 1
00493703 _derivationally_related_form 00353992 0 0 0 0
01012712 _derivationally_related_form 00739662 0 0 0 0
00588888 _derivationally_related_form 05805475 1 1 1 1 1 1
00704388 _derivationally_related_form 05784242 1 1 1 1 1 1
06756831 _derivationally_related_form 00835506 1 1 1 1 1 1
13583724 _derivationally_related_form 02468793 1 1 1 1 1 1
00755500 _derivationally_related_form 00838524 1 1 1 1 1 1
01811736 _derivationally_related_form 07528807 1 1 1 1 1 1
01461328 _derivationally_related_form 00378985 1 1 1 1 1 1
10216403 _derivationally_related_form 02593354 1 1 1 1 1 1
13463656 _derivationally_related_form 00569318 1 1 1 1 1 1
02093390 _derivationally_related_form 07439284 1 1 1 1 1 1
10387196 _derivationally_related_form 04091839 1 1 1 1 1 1
00238720 _derivationally_related_form 13443787 1 1 1 1 1 1
01745722 _derivationally_related_form 04004767 1 1 1 1 1 1
01828405 _derivationally_related_form 07486922 1 1 1 1 1 1
05035961 _derivationally_related_form 00559102 1 1 1 1 1 1
02427726 _derivationally_related_form 10381214 1 1 1 1 1 1
01835103 _derivationally_related_form 09355850 1 1 1 1 1 1
01028748 _derivationally_related_form 10344774 1 1 1 1 1 1
00141806 _derivationally_related_form 00920336 1 1 1 1 1 1
10351874 _derivationally_related_form 00761713 1 1 1 1 1 1
01255057 _derivationally_related_form 00691050 1 1 1 1 1 1
00147862 _derivationally_related_form 01284908 1 1 1 1 1 1
10227985 _derivationally_related_form 06161718 1 1 1 1 1 1
02462580 _derivationally_related_form 10760340 1 1 1 1 1 1
07237758 _derivationally_related_form 00842538 1 1 1 1 1 1
06890846 _derivationally_related_form 02141973 1 1 1 1 1 1
03472232 _derivationally_related_form 00099721 1 1 1 1 1 1
00608808 _derivationally_related_form 05833840 1 1 1 1 1 1
13907415 _derivationally_related_form 01280014 1 1 1 1 1 1
01637166 _derivationally_related_form 05786372 1 1 1 1 1 1
00815686 _derivationally_related_form 06746005 1 1 1 1 1 1
00824292 _derivationally_related_form 06713187 1 1 1 1 1 1
00562935 _derivationally_related_form 02557638 1 1 1 1 1 1
06568978 _derivationally_related_form 01747717 1 1 1 1 1 1
13107891 _derivationally_related_form 00329495 1 1 1 1 1 1
06252138 _derivationally_related_form 01070102 1 1 1 1 1 1
00872886 _derivationally_related_form 09774167 1 1 1 1 1 1
02512053 _derivationally_related_form 01140794 1 1 1 1 1 1
00774056 _derivationally_related_form 09896826 1 1 1 1 1 1
00262249 _derivationally_related_form 01466543 0 0 0 0
00462092 _derivationally_related_form 00089027 1 1 1 1 1 1
01366718 _derivationally_related_form 07527352 1 1 1 1 1 1
01705257 _derivationally_related_form 07258664 1 1 1 1 1 1
00657016 _derivationally_related_form 01051801 1 1 1 1 1 1
03588414 _derivationally_related_form 00946105 1 1 1 1 1 1
02447793 _derivationally_related_form 01139830 1 1 1 1 1 1
00632236 _derivationally_related_form 05893356 1 1 1 1 1 1
02202928 _derivationally_related_form 00818466 1 1 1 1 1 1
02645007 _derivationally_related_form 00033615 1 1 1 1 1 1
09629752 _derivationally_related_form 01845720 1 1 1 1 1 1
07083441 _derivationally_related_form 00863579 1 1 1 1 1 1
10034614 _derivationally_related_form 01170052 1 1 1 1 1 1
01179707 _derivationally_related_form 02543181 1 1 1 1 1 1
01012712 _derivationally_related_form 00657260 1 1 1 1 1 1
00291873 _derivationally_related_form 08646188 1 1 1 1 1 1
00223720 _derivationally_related_form 01327301 1 1 1 1 1 1
01654271 _derivationally_related_form 00768921 1 1 1 1 1 1
00306314 _derivationally_related_form 05623181 0 0 0 0
00090253 _derivationally_related_form 10511069 1 1 1 1 1 1
01650610 _derivationally_related_form 00235435 1 1 1 1 1 1
11502102 _derivationally_related_form 00216216 0 0 0 0
01632103 _derivationally_related_form 05891572 1 1 1 1 1 1
02113430 _derivationally_related_form 00907340 1 1 1 1 1 1
00353469 _derivationally_related_form 00267855 1 1 1 1 1 1
02140781 _derivationally_related_form 00229260 1 1 1 1 1 1
00725274 _derivationally_related_form 07298154 1 1 1 1 1 1
00521562 _derivationally_related_form 01711445 1 1 1 1 1 1
01074650 _derivationally_related_form 04654337 1 1 1 1 1 1
02566528 _derivationally_related_form 00068901 0 0 0 0
00331082 _derivationally_related_form 03724417 1 1 1 1 1 1
08244062 _derivationally_related_form 10120085 1 1 1 1 1 1
00917772 _derivationally_related_form 10102506 1 1 1 1 1 1
01754105 _derivationally_related_form 00113113 1 1 1 1 1 1
02951170 _derivationally_related_form 01422172 1 1 1 1 1 1
00621734 _derivationally_related_form 05685030 1 1 1 1 1 1
09980090 _derivationally_related_form 07049713 1 1 1 1 1 1
02092309 _derivationally_related_form 07460104 1 1 1 1 1 1
02037090 _derivationally_related_form 09437454 1 1 1 1 1 1
09797113 _derivationally_related_form 02565491 1 1 1 1 1 1
10599806 _derivationally_related_form 01731031 1 1 1 1 1 1
01800422 _derivationally_related_form 00271263 1 1 1 1 1 1
01358328 _derivationally_related_form 08253450 1 1 1 1 1 1
02662979 _derivationally_related_form 01203676 1 1 1 1 1 1
06135915 _derivationally_related_form 03002351 1 1 1 1 1 1
01500082 _derivationally_related_form 02818832 1 1 1 1 1 1
01822724 _derivationally_related_form 13811900 1 1 1 1 1 1
01708676 _derivationally_related_form 00428270 1 1 1 1 1 1
01747945 _derivationally_related_form 06678302 1 1 1 1 1 1
06062076 _derivationally_related_form 09919297 1 1 1 1 1 1
01015244 _derivationally_related_form 05823932 1 1 1 1 1 1
09999532 _derivationally_related_form 02253766 1 1 1 1 1 1
00652346 _derivationally_related_form 05763412 1 1 1 1 1 1
13423615 _derivationally_related_form 01254013 1 1 1 1 1 1
00883226 _derivationally_related_form 10274318 1 1 1 1 1 1
00771961 _derivationally_related_form 07246582 1 1 1 1 1 1
02023992 _derivationally_related_form 03386011 1 1 1 1 1 1
06350127 _derivationally_related_form 10654015 1 1 1 1 1 1
02465693 _derivationally_related_form 02120451 1 1 1 1 1 1
14598079 _derivationally_related_form 01539633 1 1 1 1 1 1
02753255 _derivationally_related_form 00331102 0 0 0 0
01292885 _derivationally_related_form 04613158 1 1 1 1 1 1
07185325 _derivationally_related_form 00753428 1 1 1 1 1 1
02690708 _derivationally_related_form 08624196 1 1 1 1 1 1
00395333 _derivationally_related_form 02350175 1 1 1 1 1 1
01831308 _derivationally_related_form 05685030 1 1 1 1 1 1
13566535 _derivationally_related_form 00376106 1 1 1 1 1 1
02457058 _derivationally_related_form 00044900 1 1 1 1 1 1
00264776 _derivationally_related_form 04860586 1 1 1 1 1 1
07485475 _derivationally_related_form 01188485 1 1 1 1 1 1
10379620 _derivationally_related_form 01081152 1 1 1 1 1 1
10771270 _derivationally_related_form 01041415 1 1 1 1 1 1
01400044 _derivationally_related_form 00125629 1 1 1 1 1 1
02154508 _derivationally_related_form 06767035 1 1 1 1 1 1
00650353 _derivationally_related_form 10012815 1 1 1 1 1 1
02647497 _derivationally_related_form 05393023 1 1 1 1 1 1
02038357 _derivationally_related_form 05068080 1 1 1 1 1 1
01194483 _derivationally_related_form 04663763 1 1 1 1 1 1
00635794 _derivationally_related_form 00575365 1 1 1 1 1 1
01134781 _derivationally_related_form 00122954 1 1 1 1 1 1
00241038 _derivationally_related_form 07313004 1 1 1 1 1 1
00921072 _derivationally_related_form 05919034 1 1 1 1 1 1
00369194 _derivationally_related_form 08303504 1 1 1 1 1 1
01305361 _derivationally_related_form 08640111 0 0 0 0
01020005 _derivationally_related_form 06765044 1 1 1 1 1 1
01950798 _derivationally_related_form 01105259 1 1 1 1 1 1
01209678 _derivationally_related_form 05566504 1 1 1 1 1 1
02579447 _derivationally_related_form 10419047 1 1 1 1 1 1
07039056 _derivationally_related_form 01707495 1 1 1 1 1 1
08101410 _derivationally_related_form 01429455 1 1 1 1 1 1
02016523 _derivationally_related_form 07370125 1 1 1 1 1 1
09760913 _derivationally_related_form 01728355 1 1 1 1 1 1
14302261 _derivationally_related_form 02616627 1 1 1 1 1 1
11683989 _derivationally_related_form 01500873 1 1 1 1 1 1
01217043 _derivationally_related_form 03421117 1 1 1 1 1 1
07211752 _derivationally_related_form 00066025 1 1 1 1 1 1
00043765 _derivationally_related_form 02603699 1 1 1 1 1 1
03075191 _derivationally_related_form 06974127 1 1 1 1 1 1
01374465 _derivationally_related_form 09397607 1 1 1 1 1 1
00455529 _derivationally_related_form 00252430 1 1 1 1 1 1
09614047 _derivationally_related_form 00264776 1 1 1 1 1 1
00417643 _derivationally_related_form 01424948 1 1 1 1 1 1
10060352 _derivationally_related_form 00796886 1 1 1 1 1 1
00574996 _derivationally_related_form 07416107 1 1 1 1 1 1
00040962 _derivationally_related_form 02724417 1 1 1 1 1 1
07086518 _derivationally_related_form 01880113 1 1 1 1 1 1
04217882 _derivationally_related_form 01498319 1 1 1 1 1 1
02428487 _derivationally_related_form 00053913 1 1 1 1 1 1
00236581 _derivationally_related_form 02007417 1 1 1 1 1 1
04987620 _derivationally_related_form 00982293 1 1 1 1 1 1
10435988 _derivationally_related_form 01507143 1 1 1 1 1 1
13412321 _derivationally_related_form 01001857 1 1 1 1 1 1
07311115 _derivationally_related_form 01835496 1 1 1 1 1 1
02932891 _derivationally_related_form 01844653 1 1 1 1 1 1
00553362 _derivationally_related_form 01103836 1 1 1 1 1 1
00475647 _derivationally_related_form 00252430 1 1 1 1 1 1
00067274 _derivationally_related_form 09860940 1 1 1 1 1 1
00514396 _derivationally_related_form 01387786 1 1 1 1 1 1
00369138 _derivationally_related_form 02028994 1 1 1 1 1 1
07443010 _derivationally_related_form 01521124 1 1 1 1 1 1
02329883 _derivationally_related_form 04322026 1 1 1 1 1 1
02046755 _derivationally_related_form 00343249 1 1 1 1 1 1
00931847 _derivationally_related_form 01644746 1 1 1 1 1 1
07184735 _derivationally_related_form 00774056 1 1 1 1 1 1
02120140 _derivationally_related_form 14361664 1 1 1 1 1 1
04695176 _derivationally_related_form 00286605 1 1 1 1 1 1
00339085 _derivationally_related_form 00358089 1 1 1 1 1 1
02646757 _derivationally_related_form 13253751 1 1 1 1 1 1
06213688 _derivationally_related_form 09755398 1 1 1 1 1 1
01521367 _derivationally_related_form 10016954 1 1 1 1 1 1
07270179 _derivationally_related_form 00508032 1 1 1 1 1 1
03002351 _derivationally_related_form 13523661 1 1 1 1 1 1
01342124 _derivationally_related_form 03829563 1 1 1 1 1 1
10728998 _derivationally_related_form 02530167 1 1 1 1 1 1
00606370 _derivationally_related_form 01658762 1 1 1 1 1 1
07233996 _derivationally_related_form 00865958 1 1 1 1 1 1
09615807 _derivationally_related_form 00710005 1 1 1 1 1 1
05697976 _derivationally_related_form 00688377 1 1 1 1 1 1
14780267 _derivationally_related_form 00237877 1 1 1 1 1 1
00618451 _derivationally_related_form 04743024 1 1 1 1 1 1
06917083 _derivationally_related_form 03108623 1 1 1 1 1 1
00692143 _derivationally_related_form 07500414 1 1 1 1 1 1
02298160 _derivationally_related_form 08424951 1 1 1 1 1 1
01867295 _derivationally_related_form 01627355 1 1 1 1 1 1
00369399 _derivationally_related_form 01387786 1 1 1 1 1 1
01542207 _derivationally_related_form 10587378 1 1 1 1 1 1
00734927 _derivationally_related_form 15159583 1 1 1 1 1 1
08414807 _derivationally_related_form 00625963 1 1 1 1 1 1
09877587 _derivationally_related_form 02326355 1 1 1 1 1 1
01190277 _derivationally_related_form 09782167 1 1 1 1 1 1
01024190 _derivationally_related_form 06763681 1 1 1 1 1 1
07350401 _derivationally_related_form 01892608 1 1 1 1 1 1
06888345 _derivationally_related_form 02139883 1 1 1 1 1 1
00417001 _derivationally_related_form 03118539 1 1 1 1 1 1
01232298 _derivationally_related_form 07538395 1 1 1 1 1 1
00229026 _derivationally_related_form 14836960 1 1 1 1 1 1
00073343 _derivationally_related_form 13473097 1 1 1 1 1 1
01551871 _derivationally_related_form 00937656 1 1 1 1 1 1
00667747 _derivationally_related_form 10510546 1 1 1 1 1 1
00390735 _derivationally_related_form 01700326 0 0 0 0
04072193 _derivationally_related_form 00299341 1 1 1 1 1 1
00661091 _derivationally_related_form 10707233 1 1 1 1 1 1
14526182 _derivationally_related_form 02134350 1 1 1 1 1 1
10014939 _derivationally_related_form 02443049 1 1 1 1 1 1
02052675 _derivationally_related_form 15287830 1 1 1 1 1 1
02568884 _derivationally_related_form 10626194 1 1 1 1 1 1
00543410 _derivationally_related_form 13464820 1 1 1 1 1 1
01702154 _derivationally_related_form 09784564 1 1 1 1 1 1
05623181 _derivationally_related_form 00306314 0 0 0 0
01679669 _derivationally_related_form 07672421 1 1 1 1 1 1
04955160 _derivationally_related_form 01245637 1 1 1 1 1 1
00559102 _derivationally_related_form 10056103 1 1 1 1 1 1
07400361 _derivationally_related_form 02188587 1 1 1 1 1 1
01560984 _derivationally_related_form 07313814 1 1 1 1 1 1
00793271 _derivationally_related_form 08479615 1 1 1 1 1 1
07289588 _derivationally_related_form 00925490 1 1 1 1 1 1
00853195 _derivationally_related_form 07215568 1 1 1 1 1 1
06877742 _derivationally_related_form 00034758 1 1 1 1 1 1
00582145 _derivationally_related_form 04631700 1 1 1 1 1 1
14526764 _derivationally_related_form 02363358 1 1 1 1 1 1
00947857 _derivationally_related_form 00634586 0 0 0 0
00687295 _derivationally_related_form 09779124 1 1 1 1 1 1
00849788 _derivationally_related_form 06780069 1 1 1 1 1 1
01380122 _derivationally_related_form 00367976 1 1 1 1 1 1
10466198 _derivationally_related_form 00901103 1 1 1 1 1 1
07154330 _derivationally_related_form 02937108 1 1 1 1 1 1
02566528 _derivationally_related_form 09633969 1 1 1 1 1 1
00277811 _derivationally_related_form 00216216 1 1 1 1 1 1
03051540 _derivationally_related_form 00052374 1 1 1 1 1 1
01530431 _derivationally_related_form 05582859 1 1 1 1 1 1
01672168 _derivationally_related_form 04568713 1 1 1 1 1 1
03040974 _derivationally_related_form 01392380 1 1 1 1 1 1
01193099 _derivationally_related_form 00759186 1 1 1 1 1 1
07411350 _derivationally_related_form 02033295 1 1 1 1 1 1
01424456 _derivationally_related_form 05553486 1 1 1 1 1 1
00076072 _derivationally_related_form 02527651 1 1 1 1 1 1
01534609 _derivationally_related_form 00278221 1 1 1 1 1 1
03579355 _derivationally_related_form 01675963 1 1 1 1 1 1
00389238 _derivationally_related_form 05001867 1 1 1 1 1 1
02409941 _derivationally_related_form 06520944 1 1 1 1 1 1
02025550 _derivationally_related_form 00827782 0 0 0 0
01292727 _derivationally_related_form 09334396 1 1 1 1 1 1
00751887 _derivationally_related_form 08190292 1 1 1 1 1 1
00511817 _derivationally_related_form 02418421 1 1 1 1 1 1
02140033 _derivationally_related_form 00522145 1 1 1 1 1 1
00334935 _derivationally_related_form 01499265 1 1 1 1 1 1
11511765 _derivationally_related_form 00835903 1 1 1 1 1 1
02395406 _derivationally_related_form 02395694 1 1 1 1 1 1
00935940 _derivationally_related_form 01643464 1 1 1 1 1 1
01225562 _derivationally_related_form 00011551 1 1 1 1 1 1
02119874 _derivationally_related_form 14180327 0 0 0 0
02950154 _derivationally_related_form 07115914 1 1 1 1 1 1
07388987 _derivationally_related_form 01247804 1 1 1 1 1 1
01522276 _derivationally_related_form 07441619 0 0 0 0
06732710 _derivationally_related_form 01015244 1 1 1 1 1 1
10315561 _derivationally_related_form 13655262 1 1 1 1 1 1
01140315 _derivationally_related_form 07797641 1 1 1 1 1 1
01528821 _derivationally_related_form 13496286 1 1 1 1 1 1
08365855 _derivationally_related_form 00409281 1 1 1 1 1 1
05294606 _derivationally_related_form 00027268 1 1 1 1 1 1
10319580 _derivationally_related_form 07255998 1 1 1 1 1 1
14627820 _derivationally_related_form 01338113 1 1 1 1 1 1
10634316 _derivationally_related_form 00633443 1 1 1 1 1 1
01569181 _derivationally_related_form 00225593 1 1 1 1 1 1
00773432 _derivationally_related_form 07183151 1 1 1 1 1 1
01097500 _derivationally_related_form 15293590 1 1 1 1 1 1
10299700 _derivationally_related_form 00855674 1 1 1 1 1 1
03082807 _derivationally_related_form 01387786 1 1 1 1 1 1
10754449 _derivationally_related_form 02566528 0 0 0 0
01218766 _derivationally_related_form 01778017 1 1 1 1 1 1
03118539 _derivationally_related_form 02666691 1 1 1 1 1 1
03044934 _derivationally_related_form 01456463 1 1 1 1 1 1
00904690 _derivationally_related_form 06740644 1 1 1 1 1 1
00276987 _derivationally_related_form 00493259 1 1 1 1 1 1
07976936 _derivationally_related_form 02490430 1 1 1 1 1 1
00202236 _derivationally_related_form 06756407 1 1 1 1 1 1
00836236 _derivationally_related_form 10685853 1 1 1 1 1 1
04768657 _derivationally_related_form 00404642 1 1 1 1 1 1
00058519 _derivationally_related_form 02015598 1 1 1 1 1 1
01866192 _derivationally_related_form 04101497 1 1 1 1 1 1
10434725 _derivationally_related_form 01645421 0 0 0 0
09437369 _derivationally_related_form 01558883 1 1 1 1 1 1
00645552 _derivationally_related_form 00152727 1 1 1 1 1 1
00835506 _derivationally_related_form 10256537 0 0 0 0
02497586 _derivationally_related_form 03044083 1 1 1 1 1 1
02996904 _derivationally_related_form 06372095 1 1 1 1 1 1
00062582 _derivationally_related_form 02758960 1 1 1 1 1 1
01507402 _derivationally_related_form 04831031 1 1 1 1 1 1
03075191 _derivationally_related_form 09714429 1 1 1 1 1 1
01602318 _derivationally_related_form 14002279 1 1 1 1 1 1
01972976 _derivationally_related_form 07344233 1 1 1 1 1 1
00796976 _derivationally_related_form 10616379 1 1 1 1 1 1
04975340 _derivationally_related_form 00574735 1 1 1 1 1 1
01128193 _derivationally_related_form 04014297 1 1 1 1 1 1
00660102 _derivationally_related_form 14429985 1 1 1 1 1 1
00854000 _derivationally_related_form 01426153 1 1 1 1 1 1
07805254 _derivationally_related_form 01593937 1 1 1 1 1 1
00187526 _derivationally_related_form 03573282 1 1 1 1 1 1
00611802 _derivationally_related_form 05761918 1 1 1 1 1 1
10271216 _derivationally_related_form 02151966 1 1 1 1 1 1
07048000 _derivationally_related_form 01729431 1 1 1 1 1 1
00095971 _derivationally_related_form 00265386 1 1 1 1 1 1
10634990 _derivationally_related_form 00020926 0 0 0 0
00927430 _derivationally_related_form 10673451 1 1 1 1 1 1
01336587 _derivationally_related_form 10667187 1 1 1 1 1 1
05044387 _derivationally_related_form 02112546 1 1 1 1 1 1
14046202 _derivationally_related_form 00059019 1 1 1 1 1 1
00463234 _derivationally_related_form 01079604 1 1 1 1 1 1
00775156 _derivationally_related_form 01170962 1 1 1 1 1 1
06095022 _derivationally_related_form 09818343 1 1 1 1 1 1
01154175 _derivationally_related_form 00130347 1 1 1 1 1 1
00754873 _derivationally_related_form 04665813 1 1 1 1 1 1
01049685 _derivationally_related_form 02147109 1 1 1 1 1 1
14425103 _derivationally_related_form 09605289 1 1 1 1 1 1
10373801 _derivationally_related_form 02607909 1 1 1 1 1 1
00302861 _derivationally_related_form 01713348 1 1 1 1 1 1
00403466 _derivationally_related_form 01549905 1 1 1 1 1 1
00751779 _derivationally_related_form 00835506 1 1 1 1 1 1
14064644 _derivationally_related_form 01190277 1 1 1 1 1 1
00383952 _derivationally_related_form 00520357 1 1 1 1 1 1
07432973 _derivationally_related_form 02047650 1 1 1 1 1 1
00528339 _derivationally_related_form 07419792 1 1 1 1 1 1
10293332 _derivationally_related_form 01919391 1 1 1 1 1 1
14062725 _derivationally_related_form 00273445 1 1 1 1 1 1
00483801 _derivationally_related_form 03080309 1 1 1 1 1 1
02416751 _derivationally_related_form 09935793 1 1 1 1 1 1
00514069 _derivationally_related_form 05934278 1 1 1 1 1 1
00152018 _derivationally_related_form 00652346 1 1 1 1 1 1
00486018 _derivationally_related_form 00211593 1 1 1 1 1 1
02449340 _derivationally_related_form 13935227 1 1 1 1 1 1
13973059 _derivationally_related_form 09791816 1 1 1 1 1 1
09840050 _derivationally_related_form 01719921 1 1 1 1 1 1
00285889 _derivationally_related_form 01919711 1 1 1 1 1 1
02739254 _derivationally_related_form 13845239 1 1 1 1 1 1
10066732 _derivationally_related_form 00672277 1 1 1 1 1 1
02782815 _derivationally_related_form 10456138 1 1 1 1 1 1
10468750 _derivationally_related_form 02443609 1 1 1 1 1 1
01835496 _derivationally_related_form 02994448 1 1 1 1 1 1
02051270 _derivationally_related_form 07342495 1 1 1 1 1 1
10724699 _derivationally_related_form 01855155 1 1 1 1 1 1
05088324 _derivationally_related_form 01378556 1 1 1 1 1 1
00324384 _derivationally_related_form 01983264 1 1 1 1 1 1
01721556 _derivationally_related_form 10201535 1 1 1 1 1 1
09804230 _derivationally_related_form 00522068 1 1 1 1 1 1
05763412 _derivationally_related_form 00618878 0 0 0 0
01573515 _derivationally_related_form 14295248 1 1 1 1 1 1
02357693 _derivationally_related_form 04682462 1 1 1 1 1 1
02133435 _derivationally_related_form 04679738 1 1 1 1 1 1
00040325 _derivationally_related_form 14006945 1 1 1 1 1 1
01507006 _derivationally_related_form 13501941 1 1 1 1 1 1
04945057 _derivationally_related_form 01826378 1 1 1 1 1 1
00803325 _derivationally_related_form 01141593 1 1 1 1 1 1
00757544 _derivationally_related_form 07254594 1 1 1 1 1 1
01711445 _derivationally_related_form 07007171 1 1 1 1 1 1
13985818 _derivationally_related_form 00193130 1 1 1 1 1 1
00617413 _derivationally_related_form 01225783 0 0 0 0
07478874 _derivationally_related_form 00434919 1 1 1 1 1 1
01906823 _derivationally_related_form 05003090 1 1 1 1 1 1
01043820 _derivationally_related_form 01778017 1 1 1 1 1 1
00877559 _derivationally_related_form 07143624 1 1 1 1 1 1
06203758 _derivationally_related_form 10502950 1 1 1 1 1 1
07007945 _derivationally_related_form 00988287 1 1 1 1 1 1
01198307 _derivationally_related_form 02581900 1 1 1 1 1 1
01066775 _derivationally_related_form 01254685 1 1 1 1 1 1
07520612 _derivationally_related_form 01779165 1 1 1 1 1 1
02414710 _derivationally_related_form 09815790 1 1 1 1 1 1
00044353 _derivationally_related_form 05792010 1 1 1 1 1 1
02704349 _derivationally_related_form 03735637 1 1 1 1 1 1
01945381 _derivationally_related_form 00315390 1 1 1 1 1 1
02102484 _derivationally_related_form 02106006 1 1 1 1 1 1
02553697 _derivationally_related_form 01146039 1 1 1 1 1 1
01454810 _derivationally_related_form 01105909 1 1 1 1 1 1
06780309 _derivationally_related_form 01743313 1 1 1 1 1 1
00404642 _derivationally_related_form 01136519 1 1 1 1 1 1
06470073 _derivationally_related_form 02896789 1 1 1 1 1 1
10670310 _derivationally_related_form 02308741 1 1 1 1 1 1
13999206 _derivationally_related_form 02495817 1 1 1 1 1 1
00853649 _derivationally_related_form 01428011 1 1 1 1 1 1
02603699 _derivationally_related_form 13954253 1 1 1 1 1 1
00334996 _derivationally_related_form 00708017 1 1 1 1 1 1
14477667 _derivationally_related_form 02558172 1 1 1 1 1 1
01913532 _derivationally_related_form 13534274 1 1 1 1 1 1
05646218 _derivationally_related_form 00440286 1 1 1 1 1 1
01116968 _derivationally_related_form 02302817 1 1 1 1 1 1
02396716 _derivationally_related_form 00163779 1 1 1 1 1 1
09773245 _derivationally_related_form 02583545 1 1 1 1 1 1
01259458 _derivationally_related_form 09222051 1 1 1 1 1 1
01432474 _derivationally_related_form 05301908 1 1 1 1 1 1
03722007 _derivationally_related_form 00508032 1 1 1 1 1 1
00633443 _derivationally_related_form 10706812 1 1 1 1 1 1
01801600 _derivationally_related_form 04779649 1 1 1 1 1 1
02231661 _derivationally_related_form 00033020 1 1 1 1 1 1
02431320 _derivationally_related_form 07331400 1 1 1 1 1 1
14541852 _derivationally_related_form 02545272 1 1 1 1 1 1
00573671 _derivationally_related_form 14724025 1 1 1 1 1 1
02172888 _derivationally_related_form 05720248 1 1 1 1 1 1
02681518 _derivationally_related_form 02748927 1 1 1 1 1 1
01176079 _derivationally_related_form 07650792 1 1 1 1 1 1
00630380 _derivationally_related_form 05835162 1 1 1 1 1 1
02128873 _derivationally_related_form 10633450 1 1 1 1 1 1
09819291 _derivationally_related_form 06097775 1 1 1 1 1 1
05651971 _derivationally_related_form 02108665 1 1 1 1 1 1
06797169 _derivationally_related_form 00772640 1 1 1 1 1 1
02575082 _derivationally_related_form 00752431 1 1 1 1 1 1
01931768 _derivationally_related_form 00815173 1 1 1 1 1 1
00272391 _derivationally_related_form 05677504 1 1 1 1 1 1
00592535 _derivationally_related_form 10104209 1 1 1 1 1 1
01577093 _derivationally_related_form 00277811 1 1 1 1 1 1
08161068 _derivationally_related_form 02400760 1 1 1 1 1 1
03186399 _derivationally_related_form 01693453 1 1 1 1 1 1
00439343 _derivationally_related_form 05058140 1 1 1 1 1 1
14439447 _derivationally_related_form 02547225 1 1 1 1 1 1
02485631 _derivationally_related_form 03491724 1 1 1 1 1 1
00724492 _derivationally_related_form 05982915 1 1 1 1 1 1
03509025 _derivationally_related_form 02333358 0 0 0 0
14986004 _derivationally_related_form 00287560 1 1 1 1 1 1
00026385 _derivationally_related_form 13549488 1 1 1 1 1 1
00900726 _derivationally_related_form 01688771 1 1 1 1 1 1
10734963 _derivationally_related_form 03612965 1 1 1 1 1 1
00838043 _derivationally_related_form 10201535 1 1 1 1 1 1
06183899 _derivationally_related_form 10705615 1 1 1 1 1 1
02698944 _derivationally_related_form 07108123 1 1 1 1 1 1
07939159 _derivationally_related_form 02066304 1 1 1 1 1 1
09758643 _derivationally_related_form 02516594 1 1 1 1 1 1
00030010 _derivationally_related_form 07128060 1 1 1 1 1 1
00326619 _derivationally_related_form 00246940 1 1 1 1 1 1
02234087 _derivationally_related_form 09784707 1 1 1 1 1 1
02041678 _derivationally_related_form 01060198 1 1 1 1 1 1
00192836 _derivationally_related_form 10056103 1 1 1 1 1 1
06880664 _derivationally_related_form 00135285 1 1 1 1 1 1
00897746 _derivationally_related_form 10207831 1 1 1 1 1 1
01467370 _derivationally_related_form 08565701 1 1 1 1 1 1
09425607 _derivationally_related_form 01513838 1 1 1 1 1 1
01031256 _derivationally_related_form 00318186 1 1 1 1 1 1
00305846 _derivationally_related_form 07116304 1 1 1 1 1 1
00222135 _derivationally_related_form 00264529 1 1 1 1 1 1
13124654 _derivationally_related_form 02652590 1 1 1 1 1 1
01277974 _derivationally_related_form 03376279 1 1 1 1 1 1
04634540 _derivationally_related_form 00857923 1 1 1 1 1 1
00358431 _derivationally_related_form 09488259 1 1 1 1 1 1
01813668 _derivationally_related_form 07527817 1 1 1 1 1 1
10644179 _derivationally_related_form 01230350 1 1 1 1 1 1
00120202 _derivationally_related_form 01965156 1 1 1 1 1 1
00559919 _derivationally_related_form 04992570 1 1 1 1 1 1
00162632 _derivationally_related_form 01021420 1 1 1 1 1 1
10488016 _derivationally_related_form 06055946 1 1 1 1 1 1
13456071 _derivationally_related_form 00573247 1 1 1 1 1 1
00378479 _derivationally_related_form 02761685 0 0 0 0
10089615 _derivationally_related_form 02527431 1 1 1 1 1 1
01315581 _derivationally_related_form 02533075 1 1 1 1 1 1
00593669 _derivationally_related_form 05781145 1 1 1 1 1 1
01072780 _derivationally_related_form 01182293 1 1 1 1 1 1
00614057 _derivationally_related_form 10007109 1 1 1 1 1 1
00296178 _derivationally_related_form 00999787 1 1 1 1 1 1
00812580 _derivationally_related_form 09997404 1 1 1 1 1 1
06822198 _derivationally_related_form 00983333 1 1 1 1 1 1
06688522 _derivationally_related_form 02356567 1 1 1 1 1 1
09911849 _derivationally_related_form 04878646 1 1 1 1 1 1
00367685 _derivationally_related_form 00146856 1 1 1 1 1 1
01126051 _derivationally_related_form 07298154 1 1 1 1 1 1
02434238 _derivationally_related_form 08008335 1 1 1 1 1 1
01454636 _derivationally_related_form 04495843 1 1 1 1 1 1
09282724 _derivationally_related_form 00511855 1 1 1 1 1 1
00673710 _derivationally_related_form 00176618 1 1 1 1 1 1
00392950 _derivationally_related_form 01351170 1 1 1 1 1 1
01743217 _derivationally_related_form 10413834 1 1 1 1 1 1
01745536 _derivationally_related_form 00652659 1 1 1 1 1 1
15015501 _derivationally_related_form 00504901 1 1 1 1 1 1
00883226 _derivationally_related_form 07229530 0 0 0 0
01023820 _derivationally_related_form 02372605 1 1 1 1 1 1
04119892 _derivationally_related_form 02362798 1 1 1 1 1 1
01487311 _derivationally_related_form 02924023 1 1 1 1 1 1
00827379 _derivationally_related_form 01271189 1 1 1 1 1 1
09934921 _derivationally_related_form 13384557 1 1 1 1 1 1
02249018 _derivationally_related_form 06356515 0 0 0 0
00535844 _derivationally_related_form 07829412 1 1 1 1 1 1
10084295 _derivationally_related_form 15147330 1 1 1 1 1 1
00366691 _derivationally_related_form 04975340 1 1 1 1 1 1
07398097 _derivationally_related_form 02186506 1 1 1 1 1 1
02547225 _derivationally_related_form 14440137 1 1 1 1 1 1
02129709 _derivationally_related_form 05656537 1 1 1 1 1 1
09767197 _derivationally_related_form 01095899 1 1 1 1 1 1
07118002 _derivationally_related_form 00951206 1 1 1 1 1 1
13949576 _derivationally_related_form 02099774 1 1 1 1 1 1
14947807 _derivationally_related_form 00523436 1 1 1 1 1 1
10268629 _derivationally_related_form 08375526 1 1 1 1 1 1
00607405 _derivationally_related_form 05996646 1 1 1 1 1 1
05075602 _derivationally_related_form 02333689 1 1 1 1 1 1
10433164 _derivationally_related_form 01941093 1 1 1 1 1 1
10384214 _derivationally_related_form 06073494 1 1 1 1 1 1
01485158 _derivationally_related_form 01103788 1 1 1 1 1 1
01109863 _derivationally_related_form 00959992 1 1 1 1 1 1
00834198 _derivationally_related_form 01642924 1 1 1 1 1 1
10502950 _derivationally_related_form 01155044 1 1 1 1 1 1
06503224 _derivationally_related_form 00277399 1 1 1 1 1 1
09790482 _derivationally_related_form 00644583 1 1 1 1 1 1
03066658 _derivationally_related_form 10978098 1 1 1 1 1 1
02196690 _derivationally_related_form 07828987 1 1 1 1 1 1
07974025 _derivationally_related_form 00739662 1 1 1 1 1 1
00085626 _derivationally_related_form 03673594 1 1 1 1 1 1
00527367 _derivationally_related_form 01159964 1 1 1 1 1 1
00650353 _derivationally_related_form 04748836 1 1 1 1 1 1
00252019 _derivationally_related_form 13489037 1 1 1 1 1 1
07193184 _derivationally_related_form 00788184 1 1 1 1 1 1
00514871 _derivationally_related_form 00248063 1 1 1 1 1 1
07298154 _derivationally_related_form 02596493 1 1 1 1 1 1
02038791 _derivationally_related_form 05068080 1 1 1 1 1 1
01394464 _derivationally_related_form 00358290 1 1 1 1 1 1
03009269 _derivationally_related_form 01949817 0 0 0 0
13812607 _derivationally_related_form 10236304 1 1 1 1 1 1
00138599 _derivationally_related_form 01431879 1 1 1 1 1 1
08000304 _derivationally_related_form 02727039 1 1 1 1 1 1
08419163 _derivationally_related_form 02210855 1 1 1 1 1 1
09797113 _derivationally_related_form 00720808 1 1 1 1 1 1
01662771 _derivationally_related_form 03779621 1 1 1 1 1 1
10299700 _derivationally_related_form 01430633 1 1 1 1 1 1
00331102 _derivationally_related_form 02753255 0 0 0 0
00785962 _derivationally_related_form 10207831 1 1 1 1 1 1
01680836 _derivationally_related_form 06102476 1 1 1 1 1 1
02504131 _derivationally_related_form 00123170 1 1 1 1 1 1
00382493 _derivationally_related_form 07416441 1 1 1 1 1 1
01086103 _derivationally_related_form 10542888 1 1 1 1 1 1
01955127 _derivationally_related_form 00061290 1 1 1 1 1 1
00768778 _derivationally_related_form 00159899 1 1 1 1 1 1
10661563 _derivationally_related_form 06249177 1 1 1 1 1 1
03536348 _derivationally_related_form 01661804 1 1 1 1 1 1
01921204 _derivationally_related_form 00291965 1 1 1 1 1 1
02072673 _derivationally_related_form 04055180 1 1 1 1 1 1
14547369 _derivationally_related_form 01017738 1 1 1 1 1 1
01323338 _derivationally_related_form 15032376 1 1 1 1 1 1
07110615 _derivationally_related_form 10599806 1 1 1 1 1 1
00318816 _derivationally_related_form 03281935 1 1 1 1 1 1
01012712 _derivationally_related_form 00483801 1 1 1 1 1 1
03649909 _derivationally_related_form 01319562 1 1 1 1 1 1
09977520 _derivationally_related_form 00974786 1 1 1 1 1 1
09993252 _derivationally_related_form 01997862 1 1 1 1 1 1
07519773 _derivationally_related_form 01782650 1 1 1 1 1 1
02642634 _derivationally_related_form 01767661 1 1 1 1 1 1
00699626 _derivationally_related_form 06511874 1 1 1 1 1 1
01521367 _derivationally_related_form 07443010 1 1 1 1 1 1
01118081 _derivationally_related_form 00788821 1 1 1 1 1 1
00065070 _derivationally_related_form 14324274 1 1 1 1 1 1
07335414 _derivationally_related_form 00388635 1 1 1 1 1 1
00996969 _derivationally_related_form 00489837 1 1 1 1 1 1
01728840 _derivationally_related_form 03565402 1 1 1 1 1 1
02589576 _derivationally_related_form 09906538 1 1 1 1 1 1
00720565 _derivationally_related_form 02382087 1 1 1 1 1 1
02686952 _derivationally_related_form 13913427 1 1 1 1 1 1
00201407 _derivationally_related_form 00751145 1 1 1 1 1 1
09761403 _derivationally_related_form 00618734 1 1 1 1 1 1
02711835 _derivationally_related_form 03390983 0 0 0 0
01237872 _derivationally_related_form 00405236 1 1 1 1 1 1
00842692 _derivationally_related_form 02765692 1 1 1 1 1 1
00217700 _derivationally_related_form 07364115 1 1 1 1 1 1
00443670 _derivationally_related_form 09260466 1 1 1 1 1 1
05826469 _derivationally_related_form 00667942 1 1 1 1 1 1
05802547 _derivationally_related_form 00642644 1 1 1 1 1 1
02844728 _derivationally_related_form 03089348 1 1 1 1 1 1
00824066 _derivationally_related_form 06711855 1 1 1 1 1 1
10033082 _derivationally_related_form 00047945 1 1 1 1 1 1
02585489 _derivationally_related_form 10379758 1 1 1 1 1 1
07409475 _derivationally_related_form 01892104 1 1 1 1 1 1
05780104 _derivationally_related_form 00692329 1 1 1 1 1 1
05059830 _derivationally_related_form 02369633 1 1 1 1 1 1
00591622 _derivationally_related_form 09984298 1 1 1 1 1 1
01176931 _derivationally_related_form 10349243 0 0 0 0
07170753 _derivationally_related_form 00623151 1 1 1 1 1 1
02760658 _derivationally_related_form 00181476 1 1 1 1 1 1
02397637 _derivationally_related_form 00373544 1 1 1 1 1 1
01973125 _derivationally_related_form 03693973 1 1 1 1 1 1
07143137 _derivationally_related_form 00876665 1 1 1 1 1 1
02771320 _derivationally_related_form 14215331 1 1 1 1 1 1
02310895 _derivationally_related_form 05074057 0 0 0 0
00259643 _derivationally_related_form 02672540 1 1 1 1 1 1
00159880 _derivationally_related_form 05751794 0 0 0 0
14687513 _derivationally_related_form 00291873 1 1 1 1 1 1
02044278 _derivationally_related_form 00295172 1 1 1 1 1 1
01504699 _derivationally_related_form 00622266 1 1 1 1 1 1
13573181 _derivationally_related_form 00379774 1 1 1 1 1 1
00614999 _derivationally_related_form 00074624 1 1 1 1 1 1
01110274 _derivationally_related_form 02244956 1 1 1 1 1 1
00539936 _derivationally_related_form 14485249 1 1 1 1 1 1
06714976 _derivationally_related_form 02457825 1 1 1 1 1 1
10254761 _derivationally_related_form 06072476 1 1 1 1 1 1
05891572 _derivationally_related_form 00708376 1 1 1 1 1 1
02527431 _derivationally_related_form 05906554 1 1 1 1 1 1
03879116 _derivationally_related_form 02749768 1 1 1 1 1 1
04730580 _derivationally_related_form 02345272 1 1 1 1 1 1
10633450 _derivationally_related_form 02130524 1 1 1 1 1 1
00452512 _derivationally_related_form 03338009 1 1 1 1 1 1
00683280 _derivationally_related_form 05941423 1 1 1 1 1 1
15274695 _derivationally_related_form 00779360 0 0 0 0
01158872 _derivationally_related_form 00949134 1 1 1 1 1 1
00654625 _derivationally_related_form 08239808 1 1 1 1 1 1
01658188 _derivationally_related_form 00923995 1 1 1 1 1 1
06139764 _derivationally_related_form 09608520 1 1 1 1 1 1
09884666 _derivationally_related_form 01720491 1 1 1 1 1 1
13841213 _derivationally_related_form 01945550 1 1 1 1 1 1
00809465 _derivationally_related_form 10389398 1 1 1 1 1 1
01689379 _derivationally_related_form 00900726 1 1 1 1 1 1
00477941 _derivationally_related_form 01263018 1 1 1 1 1 1
04906712 _derivationally_related_form 00790086 0 0 0 0
03089121 _derivationally_related_form 02475078 1 1 1 1 1 1
00751567 _derivationally_related_form 07169848 1 1 1 1 1 1
00976365 _derivationally_related_form 07248507 1 1 1 1 1 1
05685879 _derivationally_related_form 01462928 1 1 1 1 1 1
01892104 _derivationally_related_form 05020981 1 1 1 1 1 1
00770437 _derivationally_related_form 00159177 1 1 1 1 1 1
03047941 _derivationally_related_form 02724126 1 1 1 1 1 1
07134850 _derivationally_related_form 01038666 1 1 1 1 1 1
05399034 _derivationally_related_form 00194170 1 1 1 1 1 1
00109081 _derivationally_related_form 01870275 1 1 1 1 1 1
00154689 _derivationally_related_form 02481231 1 1 1 1 1 1
04016240 _derivationally_related_form 01321002 1 1 1 1 1 1
01775164 _derivationally_related_form 09849598 1 1 1 1 1 1
00049197 _derivationally_related_form 03051540 1 1 1 1 1 1
10584318 _derivationally_related_form 01329239 1 1 1 1 1 1
07560903 _derivationally_related_form 10012484 0 0 0 0
05659365 _derivationally_related_form 02673134 1 1 1 1 1 1
01670172 _derivationally_related_form 03354903 1 1 1 1 1 1
05060476 _derivationally_related_form 01143279 1 1 1 1 1 1
07362075 _derivationally_related_form 02680814 1 1 1 1 1 1
03101667 _derivationally_related_form 05002822 1 1 1 1 1 1
03804744 _derivationally_related_form 01357831 1 1 1 1 1 1
00698855 _derivationally_related_form 07177924 1 1 1 1 1 1
00084371 _derivationally_related_form 02346724 1 1 1 1 1 1
07185870 _derivationally_related_form 01824339 1 1 1 1 1 1
09626589 _derivationally_related_form 02118933 1 1 1 1 1 1
04648207 _derivationally_related_form 02120458 1 1 1 1 1 1
14049552 _derivationally_related_form 00164816 1 1 1 1 1 1
00836236 _derivationally_related_form 06806469 1 1 1 1 1 1
05695232 _derivationally_related_form 00783042 1 1 1 1 1 1
01052450 _derivationally_related_form 01528821 1 1 1 1 1 1
02595662 _derivationally_related_form 10521470 1 1 1 1 1 1
00954422 _derivationally_related_form 06805297 1 1 1 1 1 1
10468750 _derivationally_related_form 15266265 1 1 1 1 1 1
00785690 _derivationally_related_form 00881441 1 1 1 1 1 1
09615807 _derivationally_related_form 06125041 1 1 1 1 1 1
05747582 _derivationally_related_form 00682592 1 1 1 1 1 1
00095377 _derivationally_related_form 07719437 1 1 1 1 1 1
01939174 _derivationally_related_form 00447073 1 1 1 1 1 1
00642098 _derivationally_related_form 00784533 1 1 1 1 1 1
01925694 _derivationally_related_form 00297404 1 1 1 1 1 1
01217043 _derivationally_related_form 03525454 1 1 1 1 1 1
01565472 _derivationally_related_form 00966384 1 1 1 1 1 1
01720980 _derivationally_related_form 10648696 1 1 1 1 1 1
10339966 _derivationally_related_form 05636048 1 1 1 1 1 1
02148788 _derivationally_related_form 06879180 1 1 1 1 1 1
00891216 _derivationally_related_form 08070465 1 1 1 1 1 1
00189565 _derivationally_related_form 00949841 1 1 1 1 1 1
04096848 _derivationally_related_form 01127075 1 1 1 1 1 1
10658304 _derivationally_related_form 02323059 1 1 1 1 1 1
07401726 _derivationally_related_form 01879251 1 1 1 1 1 1
00399393 _derivationally_related_form 02433549 0 0 0 0
10678472 _derivationally_related_form 00462092 1 1 1 1 1 1
08062623 _derivationally_related_form 00967625 0 0 0 0
05034225 _derivationally_related_form 01824244 1 1 1 1 1 1
04749991 _derivationally_related_form 00802946 1 1 1 1 1 1
09929298 _derivationally_related_form 01921964 1 1 1 1 1 1
10007109 _derivationally_related_form 00841986 1 1 1 1 1 1
02058994 _derivationally_related_form 05058140 1 1 1 1 1 1
10785333 _derivationally_related_form 01766952 1 1 1 1 1 1
00956131 _derivationally_related_form 04839154 1 1 1 1 1 1
01045419 _derivationally_related_form 10776339 1 1 1 1 1 1
00719705 _derivationally_related_form 02420789 1 1 1 1 1 1
01069809 _derivationally_related_form 07185325 1 1 1 1 1 1
00617413 _derivationally_related_form 01225997 1 1 1 1 1 1
00999817 _derivationally_related_form 04716210 1 1 1 1 1 1
00374534 _derivationally_related_form 00382109 1 1 1 1 1 1
13282161 _derivationally_related_form 02284951 1 1 1 1 1 1
09991867 _derivationally_related_form 01226600 1 1 1 1 1 1
02378623 _derivationally_related_form 09773245 1 1 1 1 1 1
00776988 _derivationally_related_form 09503282 1 1 1 1 1 1
00788766 _derivationally_related_form 02531199 1 1 1 1 1 1
00357023 _derivationally_related_form 01456771 1 1 1 1 1 1
01987160 _derivationally_related_form 08621598 1 1 1 1 1 1
04635482 _derivationally_related_form 00808191 1 1 1 1 1 1
01642437 _derivationally_related_form 00240184 1 1 1 1 1 1
14486767 _derivationally_related_form 00475183 1 1 1 1 1 1
01257173 _derivationally_related_form 05283498 1 1 1 1 1 1
00947077 _derivationally_related_form 15268857 1 1 1 1 1 1
00915605 _derivationally_related_form 07121361 0 0 0 0
02618877 _derivationally_related_form 13534608 1 1 1 1 1 1
00206302 _derivationally_related_form 00795863 1 1 1 1 1 1
06733227 _derivationally_related_form 01017001 1 1 1 1 1 1
07507912 _derivationally_related_form 00621734 1 1 1 1 1 1
09949946 _derivationally_related_form 06677974 0 0 0 0
13914608 _derivationally_related_form 01256867 1 1 1 1 1 1
02124748 _derivationally_related_form 05658603 1 1 1 1 1 1
00116619 _derivationally_related_form 00931040 1 1 1 1 1 1
00161225 _derivationally_related_form 01093085 1 1 1 1 1 1
00735832 _derivationally_related_form 02292535 1 1 1 1 1 1
02406916 _derivationally_related_form 00795720 1 1 1 1 1 1
07367548 _derivationally_related_form 00334186 1 1 1 1 1 1
00634906 _derivationally_related_form 00153809 0 0 0 0
10040789 _derivationally_related_form 03260293 1 1 1 1 1 1
01653442 _derivationally_related_form 00923444 0 0 0 0
00744506 _derivationally_related_form 04769049 1 1 1 1 1 1
01056411 _derivationally_related_form 01862918 1 1 1 1 1 1
00181434 _derivationally_related_form 12036368 1 1 1 1 1 1
02855793 _derivationally_related_form 01423929 0 0 0 0
00172732 _derivationally_related_form 01150200 1 1 1 1 1 1
02055975 _derivationally_related_form 15282696 1 1 1 1 1 1
07475364 _derivationally_related_form 09999795 1 1 1 1 1 1
09606009 _derivationally_related_form 02545272 1 1 1 1 1 1
10483530 _derivationally_related_form 00926702 0 0 0 0
15168790 _derivationally_related_form 02649706 1 1 1 1 1 1
00094312 _derivationally_related_form 01896031 1 1 1 1 1 1
05697363 _derivationally_related_form 00336831 1 1 1 1 1 1
00588780 _derivationally_related_form 09787534 1 1 1 1 1 1
02560767 _derivationally_related_form 11410625 1 1 1 1 1 1
00065070 _derivationally_related_form 14322699 1 1 1 1 1 1
10365984 _derivationally_related_form 02478059 1 1 1 1 1 1
06793231 _derivationally_related_form 01498319 1 1 1 1 1 1
01448100 _derivationally_related_form 10492202 1 1 1 1 1 1
01174742 _derivationally_related_form 00841091 1 1 1 1 1 1
02561332 _derivationally_related_form 00413239 1 1 1 1 1 1
02349212 _derivationally_related_form 08324514 1 1 1 1 1 1
00926702 _derivationally_related_form 10483530 0 0 0 0
01875295 _derivationally_related_form 00348008 1 1 1 1 1 1
04838727 _derivationally_related_form 00011551 1 1 1 1 1 1
09767197 _derivationally_related_form 02561995 1 1 1 1 1 1
07334490 _derivationally_related_form 01621219 1 1 1 1 1 1
01763813 _derivationally_related_form 02452885 1 1 1 1 1 1
00291873 _derivationally_related_form 05018542 1 1 1 1 1 1
13809920 _derivationally_related_form 00956250 1 1 1 1 1 1
00358089 _derivationally_related_form 01389329 1 1 1 1 1 1
01417451 _derivationally_related_form 00182406 1 1 1 1 1 1
10498046 _derivationally_related_form 01889129 1 1 1 1 1 1
00211108 _derivationally_related_form 14536831 1 1 1 1 1 1
04432662 _derivationally_related_form 01331689 1 1 1 1 1 1
05088324 _derivationally_related_form 01380122 1 1 1 1 1 1
02642814 _derivationally_related_form 01066881 1 1 1 1 1 1
00275088 _derivationally_related_form 11524662 1 1 1 1 1 1
01628449 _derivationally_related_form 00240184 1 1 1 1 1 1
06403969 _derivationally_related_form 09889170 1 1 1 1 1 1
00294190 _derivationally_related_form 01901447 1 1 1 1 1 1
08182379 _derivationally_related_form 02028722 1 1 1 1 1 1
01759326 _derivationally_related_form 09184975 1 1 1 1 1 1
02724417 _derivationally_related_form 00031921 1 1 1 1 1 1
00008435 _derivationally_related_form 06878934 1 1 1 1 1 1
10210648 _derivationally_related_form 01753596 1 1 1 1 1 1
05785508 _derivationally_related_form 02164825 1 1 1 1 1 1
02321757 _derivationally_related_form 10707804 1 1 1 1 1 1
01577093 _derivationally_related_form 07364434 1 1 1 1 1 1
01020005 _derivationally_related_form 06763273 1 1 1 1 1 1
00634472 _derivationally_related_form 09178999 1 1 1 1 1 1
00540235 _derivationally_related_form 00367768 1 1 1 1 1 1
00882961 _derivationally_related_form 02124748 1 1 1 1 1 1
00764902 _derivationally_related_form 13971561 1 1 1 1 1 1
01774426 _derivationally_related_form 07503430 1 1 1 1 1 1
06721949 _derivationally_related_form 01040707 1 1 1 1 1 1
01706129 _derivationally_related_form 09809925 1 1 1 1 1 1
11447851 _derivationally_related_form 01874875 1 1 1 1 1 1
01068380 _derivationally_related_form 10003283 1 1 1 1 1 1
00998399 _derivationally_related_form 03924069 1 1 1 1 1 1
10485440 _derivationally_related_form 00748155 1 1 1 1 1 1
05823054 _derivationally_related_form 00896803 1 1 1 1 1 1
02748927 _derivationally_related_form 03169390 1 1 1 1 1 1
06798750 _derivationally_related_form 01275762 1 1 1 1 1 1
01371756 _derivationally_related_form 00136329 1 1 1 1 1 1
02878222 _derivationally_related_form 01951276 1 1 1 1 1 1
02621901 _derivationally_related_form 13431722 1 1 1 1 1 1
01819147 _derivationally_related_form 07542675 1 1 1 1 1 1
02579447 _derivationally_related_form 00272713 1 1 1 1 1 1
03975232 _derivationally_related_form 01152670 1 1 1 1 1 1
06674542 _derivationally_related_form 00970732 1 1 1 1 1 1
02540670 _derivationally_related_form 10582154 1 1 1 1 1 1
04863358 _derivationally_related_form 01743909 1 1 1 1 1 1
02494356 _derivationally_related_form 00328327 1 1 1 1 1 1
00495998 _derivationally_related_form 10785333 1 1 1 1 1 1
07546125 _derivationally_related_form 01463965 1 1 1 1 1 1
07334490 _derivationally_related_form 01656458 1 1 1 1 1 1
01775535 _derivationally_related_form 05813229 1 1 1 1 1 1
09994943 _derivationally_related_form 00358431 1 1 1 1 1 1
02333225 _derivationally_related_form 00841628 1 1 1 1 1 1
05015463 _derivationally_related_form 00369864 0 0 0 0
00115803 _derivationally_related_form 01566916 0 0 0 0
01868258 _derivationally_related_form 00348571 0 0 0 0
02067689 _derivationally_related_form 07405893 1 1 1 1 1 1
04590746 _derivationally_related_form 01392237 1 1 1 1 1 1
07384898 _derivationally_related_form 01053771 1 1 1 1 1 1
00118523 _derivationally_related_form 15133621 1 1 1 1 1 1
03705379 _derivationally_related_form 00399788 1 1 1 1 1 1
10012484 _derivationally_related_form 07560903 0 0 0 0
00236592 _derivationally_related_form 00808182 1 1 1 1 1 1
01015104 _derivationally_related_form 10760763 1 1 1 1 1 1
13365698 _derivationally_related_form 02215506 1 1 1 1 1 1
03767459 _derivationally_related_form 01695459 1 1 1 1 1 1
04618070 _derivationally_related_form 00618878 1 1 1 1 1 1
02394662 _derivationally_related_form 10005721 1 1 1 1 1 1
09252970 _derivationally_related_form 02025009 1 1 1 1 1 1
09930876 _derivationally_related_form 02566227 1 1 1 1 1 1
03181501 _derivationally_related_form 01351601 1 1 1 1 1 1
02194913 _derivationally_related_form 07503260 1 1 1 1 1 1
00893955 _derivationally_related_form 00100044 1 1 1 1 1 1
08558155 _derivationally_related_form 10231515 1 1 1 1 1 1
00383390 _derivationally_related_form 01579813 1 1 1 1 1 1
00645771 _derivationally_related_form 00152727 1 1 1 1 1 1
13903387 _derivationally_related_form 02710673 1 1 1 1 1 1
10325243 _derivationally_related_form 00475819 1 1 1 1 1 1
06677974 _derivationally_related_form 09949946 0 0 0 0
00396029 _derivationally_related_form 00451648 1 1 1 1 1 1
00112628 _derivationally_related_form 05783940 1 1 1 1 1 1
00180413 _derivationally_related_form 02236124 1 1 1 1 1 1
10122300 _derivationally_related_form 01316619 1 1 1 1 1 1
13259917 _derivationally_related_form 01100145 1 1 1 1 1 1
06630017 _derivationally_related_form 00897241 1 1 1 1 1 1
00981944 _derivationally_related_form 07125958 1 1 1 1 1 1
11418460 _derivationally_related_form 01468097 1 1 1 1 1 1
10401639 _derivationally_related_form 02294179 1 1 1 1 1 1
00281101 _derivationally_related_form 00274707 1 1 1 1 1 1
04935528 _derivationally_related_form 01220885 1 1 1 1 1 1
00955601 _derivationally_related_form 06742173 1 1 1 1 1 1
10648237 _derivationally_related_form 02394662 1 1 1 1 1 1
04754440 _derivationally_related_form 00684480 1 1 1 1 1 1
04913839 _derivationally_related_form 02457233 1 1 1 1 1 1
00234423 _derivationally_related_form 02535896 1 1 1 1 1 1
05773049 _derivationally_related_form 00772640 1 1 1 1 1 1
02713218 _derivationally_related_form 05578442 1 1 1 1 1 1
05921868 _derivationally_related_form 00692718 1 1 1 1 1 1
03065516 _derivationally_related_form 05971394 1 1 1 1 1 1
02950826 _derivationally_related_form 09811852 1 1 1 1 1 1
01121948 _derivationally_related_form 10038929 1 1 1 1 1 1
09179776 _derivationally_related_form 00770437 1 1 1 1 1 1
03029133 _derivationally_related_form 10851599 1 1 1 1 1 1
00103875 _derivationally_related_form 14290534 1 1 1 1 1 1
02866578 _derivationally_related_form 01131902 1 1 1 1 1 1
00168217 _derivationally_related_form 00364787 1 1 1 1 1 1
00457327 _derivationally_related_form 00380994 1 1 1 1 1 1
04700642 _derivationally_related_form 01265989 1 1 1 1 1 1
00181258 _derivationally_related_form 11683556 1 1 1 1 1 1
00260648 _derivationally_related_form 04083468 1 1 1 1 1 1
07491981 _derivationally_related_form 01820302 1 1 1 1 1 1
01621127 _derivationally_related_form 01053221 1 1 1 1 1 1
02600255 _derivationally_related_form 08223263 1 1 1 1 1 1
00084107 _derivationally_related_form 00698609 1 1 1 1 1 1
13506587 _derivationally_related_form 02071837 0 0 0 0
00968211 _derivationally_related_form 10483138 1 1 1 1 1 1
00201407 _derivationally_related_form 01068184 1 1 1 1 1 1
00411312 _derivationally_related_form 08111783 1 1 1 1 1 1
03731695 _derivationally_related_form 01232272 1 1 1 1 1 1
00344174 _derivationally_related_form 13512036 1 1 1 1 1 1
02774630 _derivationally_related_form 01454246 1 1 1 1 1 1
01637982 _derivationally_related_form 00043195 1 1 1 1 1 1
06680002 _derivationally_related_form 10266486 0 0 0 0
01778017 _derivationally_related_form 05924519 1 1 1 1 1 1
02371811 _derivationally_related_form 00621627 1 1 1 1 1 1
00431117 _derivationally_related_form 00357906 1 1 1 1 1 1
10629020 _derivationally_related_form 01501347 1 1 1 1 1 1
10235549 _derivationally_related_form 13928388 1 1 1 1 1 1
14545045 _derivationally_related_form 03054551 1 1 1 1 1 1
03800933 _derivationally_related_form 01707925 1 1 1 1 1 1
01185304 _derivationally_related_form 07575076 1 1 1 1 1 1
00181258 _derivationally_related_form 00394803 1 1 1 1 1 1
04211528 _derivationally_related_form 02449340 1 1 1 1 1 1
07555647 _derivationally_related_form 00857923 1 1 1 1 1 1
00201058 _derivationally_related_form 00550546 0 0 0 0
13925550 _derivationally_related_form 00461493 1 1 1 1 1 1
07229530 _derivationally_related_form 00883226 0 0 0 0
01917244 _derivationally_related_form 14549937 1 1 1 1 1 1
10421956 _derivationally_related_form 00101609 1 1 1 1 1 1
01344293 _derivationally_related_form 10737431 1 1 1 1 1 1
05249636 _derivationally_related_form 02358034 1 1 1 1 1 1
07985223 _derivationally_related_form 01292885 1 1 1 1 1 1
03473966 _derivationally_related_form 00049102 0 0 0 0
10555679 _derivationally_related_form 01761706 1 1 1 1 1 1
04561548 _derivationally_related_form 01375637 1 1 1 1 1 1
02164531 _derivationally_related_form 06877381 1 1 1 1 1 1
00381680 _derivationally_related_form 02622234 1 1 1 1 1 1
01069190 _derivationally_related_form 00145218 1 1 1 1 1 1
02631238 _derivationally_related_form 01639369 1 1 1 1 1 1
00156101 _derivationally_related_form 02373785 1 1 1 1 1 1
02483564 _derivationally_related_form 13737480 1 1 1 1 1 1
08101410 _derivationally_related_form 02329578 1 1 1 1 1 1
08308497 _derivationally_related_form 00876665 1 1 1 1 1 1
00493703 _derivationally_related_form 00805524 1 1 1 1 1 1
01512465 _derivationally_related_form 00105164 1 1 1 1 1 1
09748889 _derivationally_related_form 03068473 1 1 1 1 1 1
01230965 _derivationally_related_form 02486932 1 1 1 1 1 1
02526934 _derivationally_related_form 15291199 1 1 1 1 1 1
00960961 _derivationally_related_form 06420781 1 1 1 1 1 1
01066542 _derivationally_related_form 02466134 1 1 1 1 1 1
14915622 _derivationally_related_form 01208400 1 1 1 1 1 1
05769833 _derivationally_related_form 00930368 1 1 1 1 1 1
01523656 _derivationally_related_form 01543731 1 1 1 1 1 1
00373766 _derivationally_related_form 14289590 1 1 1 1 1 1
00363260 _derivationally_related_form 00156601 1 1 1 1 1 1
00229934 _derivationally_related_form 00478217 1 1 1 1 1 1
09999135 _derivationally_related_form 00847870 1 1 1 1 1 1
07363346 _derivationally_related_form 01970826 1 1 1 1 1 1
00007328 _derivationally_related_form 10803193 1 1 1 1 1 1
01189427 _derivationally_related_form 01069980 0 0 0 0
02348568 _derivationally_related_form 00240184 1 1 1 1 1 1
05667613 _derivationally_related_form 00981083 1 1 1 1 1 1
00093327 _derivationally_related_form 00068617 1 1 1 1 1 1
03450516 _derivationally_related_form 00106592 1 1 1 1 1 1
01708113 _derivationally_related_form 09809925 1 1 1 1 1 1
13743605 _derivationally_related_form 01465218 1 1 1 1 1 1
00203342 _derivationally_related_form 00685683 1 1 1 1 1 1
04871720 _derivationally_related_form 00763901 1 1 1 1 1 1
01628197 _derivationally_related_form 03433877 1 1 1 1 1 1
05148699 _derivationally_related_form 02495922 1 1 1 1 1 1
10017422 _derivationally_related_form 01955127 1 1 1 1 1 1
07358060 _derivationally_related_form 00477665 1 1 1 1 1 1
04955160 _derivationally_related_form 01246095 1 1 1 1 1 1
07441619 _derivationally_related_form 01522276 0 0 0 0
10524413 _derivationally_related_form 00717358 1 1 1 1 1 1
02409412 _derivationally_related_form 10054657 1 1 1 1 1 1
05010062 _derivationally_related_form 00006336 1 1 1 1 1 1
01825237 _derivationally_related_form 04945057 1 1 1 1 1 1
10363913 _derivationally_related_form 00345761 1 1 1 1 1 1
02544348 _derivationally_related_form 00802962 1 1 1 1 1 1
01665081 _derivationally_related_form 07695965 1 1 1 1 1 1
07201804 _derivationally_related_form 00987071 1 1 1 1 1 1
01075164 _derivationally_related_form 00235435 1 1 1 1 1 1
07518468 _derivationally_related_form 00202934 1 1 1 1 1 1
00351963 _derivationally_related_form 07291312 1 1 1 1 1 1
01100145 _derivationally_related_form 07354731 1 1 1 1 1 1
09873348 _derivationally_related_form 00774344 1 1 1 1 1 1
00376715 _derivationally_related_form 01573515 1 1 1 1 1 1
00594836 _derivationally_related_form 09931640 1 1 1 1 1 1
14042423 _derivationally_related_form 01569181 1 1 1 1 1 1
00925372 _derivationally_related_form 07525555 1 1 1 1 1 1
09505418 _derivationally_related_form 00693401 0 0 0 0
13945102 _derivationally_related_form 01096497 1 1 1 1 1 1
02915055 _derivationally_related_form 05407119 1 1 1 1 1 1
10213652 _derivationally_related_form 02591736 1 1 1 1 1 1
01130455 _derivationally_related_form 07159791 1 1 1 1 1 1
02587239 _derivationally_related_form 10735298 1 1 1 1 1 1
01721556 _derivationally_related_form 07014029 1 1 1 1 1 1
03925226 _derivationally_related_form 02838592 1 1 1 1 1 1
06071934 _derivationally_related_form 01567888 1 1 1 1 1 1
02622234 _derivationally_related_form 14419164 1 1 1 1 1 1
02616713 _derivationally_related_form 10681194 1 1 1 1 1 1
10526096 _derivationally_related_form 02491383 1 1 1 1 1 1
00207761 _derivationally_related_form 02499312 1 1 1 1 1 1
01233156 _derivationally_related_form 02487573 1 1 1 1 1 1
07412310 _derivationally_related_form 02763609 1 1 1 1 1 1
14641397 _derivationally_related_form 00520881 1 1 1 1 1 1
05638606 _derivationally_related_form 10294953 1 1 1 1 1 1
13441812 _derivationally_related_form 00060185 1 1 1 1 1 1
01052853 _derivationally_related_form 01494310 1 1 1 1 1 1
01581070 _derivationally_related_form 02957586 1 1 1 1 1 1
01244178 _derivationally_related_form 04367480 1 1 1 1 1 1
00559102 _derivationally_related_form 01046984 1 1 1 1 1 1
01209220 _derivationally_related_form 02549392 1 1 1 1 1 1
01732713 _derivationally_related_form 03495258 1 1 1 1 1 1
03428805 _derivationally_related_form 01330822 1 1 1 1 1 1
02531625 _derivationally_related_form 05799212 0 0 0 0
07557434 _derivationally_related_form 01180351 1 1 1 1 1 1
00546192 _derivationally_related_form 15109745 1 1 1 1 1 1
06721949 _derivationally_related_form 00941990 1 1 1 1 1 1
06961557 _derivationally_related_form 03130073 1 1 1 1 1 1
02259829 _derivationally_related_form 13253751 1 1 1 1 1 1
00555447 _derivationally_related_form 00196084 1 1 1 1 1 1
10150940 _derivationally_related_form 02384940 1 1 1 1 1 1
00812149 _derivationally_related_form 00203753 1 1 1 1 1 1
00594580 _derivationally_related_form 10259527 1 1 1 1 1 1
01551871 _derivationally_related_form 10566072 1 1 1 1 1 1
00860620 _derivationally_related_form 01218932 1 1 1 1 1 1
04159058 _derivationally_related_form 01356582 1 1 1 1 1 1
02830157 _derivationally_related_form 02035919 1 1 1 1 1 1
03008207 _derivationally_related_form 14855724 1 1 1 1 1 1
02463141 _derivationally_related_form 00183505 1 1 1 1 1 1
02080577 _derivationally_related_form 01183573 1 1 1 1 1 1
02170427 _derivationally_related_form 05853636 1 1 1 1 1 1
00806314 _derivationally_related_form 10670668 1 1 1 1 1 1
00661213 _derivationally_related_form 13855627 1 1 1 1 1 1
00837293 _derivationally_related_form 00007328 1 1 1 1 1 1
06218459 _derivationally_related_form 10619176 1 1 1 1 1 1
00068333 _derivationally_related_form 00204585 1 1 1 1 1 1
02137538 _derivationally_related_form 07487695 1 1 1 1 1 1
02887209 _derivationally_related_form 01219706 1 1 1 1 1 1
14712036 _derivationally_related_form 00265094 1 1 1 1 1 1
00733454 _derivationally_related_form 05951566 1 1 1 1 1 1
10553805 _derivationally_related_form 02551602 1 1 1 1 1 1
01435380 _derivationally_related_form 01142519 1 1 1 1 1 1
