pca confidence count
/m/02py7pj /award/award_category/winners./award/award_honor/award_winner /m/0bw6y 0 0 0 0
/m/02f77y /award/award_category/winners./award/award_honor/award_winner /m/01vrt_c 0 0 0 0
/m/0bdwft /award/award_category/winners./award/award_honor/award_winner /m/019l68 0 0 0 0
/m/027c924 /award/award_category/winners./award/award_honor/award_winner /m/04sry 1 1 0 0
/m/09d28z /award/award_category/winners./award/award_honor/award_winner /m/0gs1_ 1 1 0 0
/m/02kgb7 /award/award_category/winners./award/award_honor/award_winner /m/04wqr 0 0 0 0
/m/0bs0bh /award/award_category/winners./award/award_honor/award_winner /m/015rhv 0 0 0 0
/m/0m7yy /award/award_category/winners./award/award_honor/award_winner /m/087c7 0 0 0 0
/m/0cqhk0 /award/award_category/winners./award/award_honor/award_winner /m/0404wqb 1 1 1 1
/m/02wkmx /award/award_category/winners./award/award_honor/award_winner /m/0kft 0 0 0 0
/m/01c427 /award/award_category/winners./award/award_honor/award_winner /m/02h9_l 0 0 0 0
/m/047xyn /award/award_category/winners./award/award_honor/award_winner /m/02y49 0 0 0 0
/m/02y_rq5 /award/award_category/winners./award/award_honor/award_winner /m/0n6f8 1 1 0 0
/m/02y_rq5 /award/award_category/winners./award/award_honor/award_winner /m/04r7p 1 1 0 0
/m/03tcnt /award/award_category/winners./award/award_honor/award_winner /m/023p29 1 1 0 0
/m/05h5nb8 /award/award_category/winners./award/award_honor/award_winner /m/02fcs2 0 0 0 0
/m/02qkk9_ /award/award_category/winners./award/award_honor/award_winner /m/0g476 0 0 0 0
/m/05f4m9q /award/award_category/winners./award/award_honor/award_winner /m/02rk45 1 1 0 0
/m/02wkmx /award/award_category/winners./award/award_honor/award_winner /m/02vyw 1 1 0 0
/m/03rbj2 /award/award_category/winners./award/award_honor/award_winner /m/03t8v3 0 0 0 0
/m/027b9ly /award/award_category/winners./award/award_honor/award_winner /m/0js9s 0 0 0 0
/m/04fgkf_ /award/award_category/winners./award/award_honor/award_winner /m/0grwj 0 0 0 0
/m/027986c /award/award_category/winners./award/award_honor/award_winner /m/0bwh6 1 1 0 0
/m/03nc9d /award/award_category/winners./award/award_honor/award_winner /m/026spg 1 1 0 0
/m/026m9w /award/award_category/winners./award/award_honor/award_winner /m/0x3b7 1 1 0 0
/m/026m9w /award/award_category/winners./award/award_honor/award_winner /m/01h5f8 0 0 0 0
/m/09v8db5 /award/award_category/winners./award/award_honor/award_winner /m/065d1h 1 1 1 1
/m/01d38g /award/award_category/winners./award/award_honor/award_winner /m/015bwt 0 0 0 0
/m/01l29r /award/award_category/winners./award/award_honor/award_winner /m/026g4l_ 1 1 0 0
/m/02pqp12 /award/award_category/winners./award/award_honor/award_winner /m/013tcv 1 1 0 0
/m/04dn09n /award/award_category/winners./award/award_honor/award_winner /m/02vyw 1 1 0 0
/m/027c924 /award/award_category/winners./award/award_honor/award_winner /m/01_vfy 0 0 0 0
/m/07t_l23 /award/award_category/winners./award/award_honor/award_winner /m/03p9hl 0 0 0 0
/m/01c4_6 /award/award_category/winners./award/award_honor/award_winner /m/0137g1 0 0 0 0
/m/02qkk9_ /award/award_category/winners./award/award_honor/award_winner /m/0drc1 1 1 0 0
/m/027c95y /award/award_category/winners./award/award_honor/award_winner /m/046qq 1 1 0 0
/m/0gs9p /award/award_category/winners./award/award_honor/award_winner /m/06pj8 0 0 0 0
/m/01by1l /award/award_category/winners./award/award_honor/award_winner /m/0g10g 0 0 0 0
/m/03x3wf /award/award_category/winners./award/award_honor/award_winner /m/01vsy9_ 0 0 0 0
/m/02h3d1 /award/award_category/winners./award/award_honor/award_winner /m/0pkgt 0 0 0 0
/m/03nqnk3 /award/award_category/winners./award/award_honor/award_winner /m/0c12h 0 0 0 0
/m/099tbz /award/award_category/winners./award/award_honor/award_winner /m/07m9cm 1 1 0 1
/m/0cqh46 /award/award_category/winners./award/award_honor/award_winner /m/016ywr 1 1 0 0
/m/02py7pj /award/award_category/winners./award/award_honor/award_winner /m/0j582 0 0 0 0
/m/02wkmx /award/award_category/winners./award/award_honor/award_winner /m/0gv40 0 0 0 0
/m/03qbnj /award/award_category/winners./award/award_honor/award_winner /m/0478__m 1 1 0 0
/m/054ky1 /award/award_category/winners./award/award_honor/award_winner /m/0gyx4 1 1 0 0
/m/0d085 /award/award_category/winners./award/award_honor/award_winner /m/0hnjt 0 0 0 0
/m/0m7yy /award/award_category/winners./award/award_honor/award_winner /m/031rq5 1 1 0 0
/m/0bsjcw /award/award_category/winners./award/award_honor/award_winner /m/039x1k 0 0 0 0
/m/027c95y /award/award_category/winners./award/award_honor/award_winner /m/015np0 1 1 0 0
/m/02wkmx /award/award_category/winners./award/award_honor/award_winner /m/01g1lp 0 0 0 0
/m/05qck /award/award_category/winners./award/award_honor/award_winner /m/01m4kpp 0 0 0 0
/m/024dzn /award/award_category/winners./award/award_honor/award_winner /m/02fgpf 1 1 0 0
/m/02x4wb /award/award_category/winners./award/award_honor/award_winner /m/0c9l1 0 0 0 0
/m/0ddd9 /award/award_category/winners./award/award_honor/award_winner /m/073v6 1 1 0 0
/m/05zrvfd /award/award_category/winners./award/award_honor/award_winner /m/049g_xj 1 1 0 0
/m/05kjlr /award/award_category/winners./award/award_honor/award_winner /m/05fg2 0 0 0 0
/m/02g2wv /award/award_category/winners./award/award_honor/award_winner /m/01mt1fy 0 0 0 0
/m/0gr0m /award/award_category/winners./award/award_honor/award_winner /m/07xr3w 1 1 1 1
/m/0m7yy /award/award_category/winners./award/award_honor/award_winner /m/01l87db 0 0 0 0
/m/05qck /award/award_category/winners./award/award_honor/award_winner /m/034ls 0 0 0 0
/m/01c427 /award/award_category/winners./award/award_honor/award_winner /m/07c0j 0 0 0 0
/m/02nhxf /award/award_category/winners./award/award_honor/award_winner /m/02jqjm 0 0 0 0
/m/03qbnj /award/award_category/winners./award/award_honor/award_winner /m/04vrxh 1 1 0 0
/m/06196 /award/award_category/winners./award/award_honor/award_winner /m/06hgj 0 0 0 0
/m/02z13jg /award/award_category/winners./award/award_honor/award_winner /m/03jj93 0 0 0 0
/m/01by1l /award/award_category/winners./award/award_honor/award_winner /m/02r4qs 1 1 0 0
/m/027b9ly /award/award_category/winners./award/award_honor/award_winner /m/06pj8 0 0 0 0
/m/01bgqh /award/award_category/winners./award/award_honor/award_winner /m/01kd57 1 1 0 0
/m/09d28z /award/award_category/winners./award/award_honor/award_winner /m/081lh 1 1 0 0
/m/0cqhk0 /award/award_category/winners./award/award_honor/award_winner /m/07sgfsl 1 1 1 1
/m/068gn /award/award_category/winners./award/award_honor/award_winner /m/021sv1 0 0 0 0
/m/031b3h /award/award_category/winners./award/award_honor/award_winner /m/016732 1 1 0 0
/m/01cw7s /award/award_category/winners./award/award_honor/award_winner /m/01w7nww 0 0 0 0
/m/0cqgl9 /award/award_category/winners./award/award_honor/award_winner /m/0h32q 0 0 0 0
/m/0gqy2 /award/award_category/winners./award/award_honor/award_winner /m/02_fj 1 1 0 0
/m/01ckrr /award/award_category/winners./award/award_honor/award_winner /m/07sbk 0 0 0 0
/m/018wng /award/award_category/winners./award/award_honor/award_winner /m/09p0q 0 0 0 0
/m/05pcn59 /award/award_category/winners./award/award_honor/award_winner /m/03n08b 1 1 0 0
/m/09qrn4 /award/award_category/winners./award/award_honor/award_winner /m/0338g8 0 0 0 0
/m/057xs89 /award/award_category/winners./award/award_honor/award_winner /m/0j5q3 0 0 0 0
/m/02f6ym /award/award_category/winners./award/award_honor/award_winner /m/0dl567 0 0 0 0
/m/02g3gj /award/award_category/winners./award/award_honor/award_winner /m/03j1p2n 1 1 0 0
/m/054ks3 /award/award_category/winners./award/award_honor/award_winner /m/012x4t 0 1 0 0
/m/02py7pj /award/award_category/winners./award/award_honor/award_winner /m/0k9j_ 1 1 0 0
/m/027c95y /award/award_category/winners./award/award_honor/award_winner /m/0h0jz 0 0 0 0
/m/025m8l /award/award_category/winners./award/award_honor/award_winner /m/0178rl 1 1 0 0
/m/02w9sd7 /award/award_category/winners./award/award_honor/award_winner /m/01cj6y 1 1 0 0
/m/09cm54 /award/award_category/winners./award/award_honor/award_winner /m/0170pk 0 1 0 0
/m/01ckrr /award/award_category/winners./award/award_honor/award_winner /m/0frsw 0 0 0 0
/m/027b9j5 /award/award_category/winners./award/award_honor/award_winner /m/0b_dy 0 0 0 0
/m/05f3q /award/award_category/winners./award/award_honor/award_winner /m/07t65 0 0 0 0
/m/0dt39 /award/award_category/winners./award/award_honor/award_winner /m/06crk 0 0 0 0
/m/02z1nbg /award/award_category/winners./award/award_honor/award_winner /m/0chw_ 0 0 0 0
/m/04kxsb /award/award_category/winners./award/award_honor/award_winner /m/016xh5 1 1 0 0
/m/099tbz /award/award_category/winners./award/award_honor/award_winner /m/0336mc 1 1 0 0
/m/02wypbh /award/award_category/winners./award/award_honor/award_winner /m/03s9b 0 0 0 0
/m/01by1l /award/award_category/winners./award/award_honor/award_winner /m/01kd57 1 1 0 0
/m/027cyf7 /award/award_category/winners./award/award_honor/award_winner /m/09fb5 0 1 0 0
/m/02qvyrt /award/award_category/winners./award/award_honor/award_winner /m/01gg59 1 1 0 0
/m/05b1610 /award/award_category/winners./award/award_honor/award_winner /m/058frd 1 1 0 0
/m/02x4wr9 /award/award_category/winners./award/award_honor/award_winner /m/06t8b 1 1 0 0
/m/02w_6xj /award/award_category/winners./award/award_honor/award_winner /m/02pv_d 0 0 0 0
/m/01by1l /award/award_category/winners./award/award_honor/award_winner /m/0k7pf 1 1 0 0
/m/0gqwc /award/award_category/winners./award/award_honor/award_winner /m/04rfq 0 0 0 0
/m/09sb52 /award/award_category/winners./award/award_honor/award_winner /m/07rhpg 1 1 0 0
/m/04ljl_l /award/award_category/winners./award/award_honor/award_winner /m/0jrqq 1 1 0 0
/m/02f73b /award/award_category/winners./award/award_honor/award_winner /m/016t0h 0 0 0 0
/m/099tbz /award/award_category/winners./award/award_honor/award_winner /m/02tr7d 1 1 0 0
/m/054ky1 /award/award_category/winners./award/award_honor/award_winner /m/01t9qj_ 0 0 0 0
/m/0ddd9 /award/award_category/winners./award/award_honor/award_winner /m/02kz_ 1 1 0 0
/m/0789r6 /award/award_category/winners./award/award_honor/award_winner /m/01ts_3 1 1 0 0
/m/02f5qb /award/award_category/winners./award/award_honor/award_winner /m/046p9 0 0 0 0
/m/020qjg /award/award_category/winners./award/award_honor/award_winner /m/0jcx 1 1 1 1
/m/02r0d0 /award/award_category/winners./award/award_honor/award_winner /m/098sx 0 0 0 0
/m/05f3q /award/award_category/winners./award/award_honor/award_winner /m/08849 1 1 1 1
/m/0bfvd4 /award/award_category/winners./award/award_honor/award_winner /m/03xkps 0 0 0 0
/m/099tbz /award/award_category/winners./award/award_honor/award_winner /m/026r8q 1 1 0 0
/m/0ck27z /award/award_category/winners./award/award_honor/award_winner /m/044lyq 1 1 0 0
/m/02py7pj /award/award_category/winners./award/award_honor/award_winner /m/0kftt 1 1 0 0
/m/01cw7s /award/award_category/winners./award/award_honor/award_winner /m/02h9_l 0 0 0 0
/m/02z13jg /award/award_category/winners./award/award_honor/award_winner /m/01qscs 0 1 0 0
/m/027986c /award/award_category/winners./award/award_honor/award_winner /m/016kb7 1 1 0 0
/m/09cm54 /award/award_category/winners./award/award_honor/award_winner /m/014zcr 0 0 0 0
/m/0m7yy /award/award_category/winners./award/award_honor/award_winner /m/02630g 0 0 0 0
/m/02qkk9_ /award/award_category/winners./award/award_honor/award_winner /m/0l6qt 1 1 0 0
/m/05qck /award/award_category/winners./award/award_honor/award_winner /m/0d3k14 1 1 1 1
/m/02f75t /award/award_category/winners./award/award_honor/award_winner /m/0147dk 0 1 0 0
/m/01bgqh /award/award_category/winners./award/award_honor/award_winner /m/01vttb9 0 0 0 0
/m/03tcnt /award/award_category/winners./award/award_honor/award_winner /m/018x3 1 1 0 0
/m/099tbz /award/award_category/winners./award/award_honor/award_winner /m/016ypb 1 1 0 0
/m/0d085 /award/award_category/winners./award/award_honor/award_winner /m/01_6dw 0 0 0 0
/m/024fz9 /award/award_category/winners./award/award_honor/award_winner /m/06m61 1 1 0 0
/m/0c_dx /award/award_category/winners./award/award_honor/award_winner /m/0bv7t 0 0 0 0
/m/027c95y /award/award_category/winners./award/award_honor/award_winner /m/01385g 0 0 0 0
/m/0gqwc /award/award_category/winners./award/award_honor/award_winner /m/0g476 1 1 0 0
/m/09qj50 /award/award_category/winners./award/award_honor/award_winner /m/025mb_ 1 1 0 0
/m/01bb1c /award/award_category/winners./award/award_honor/award_winner /m/07zl1 0 0 0 0
/m/0gqy2 /award/award_category/winners./award/award_honor/award_winner /m/016fjj 1 1 0 0
/m/02664f /award/award_category/winners./award/award_honor/award_winner /m/03hpr 1 1 0 0
/m/0m7yy /award/award_category/winners./award/award_honor/award_winner /m/0hm0k 1 1 1 1
/m/0m7yy /award/award_category/winners./award/award_honor/award_winner /m/017dpj 1 1 0 0
/m/05f3q /award/award_category/winners./award/award_honor/award_winner /m/02jxk 0 0 0 0
/m/03ncb2 /award/award_category/winners./award/award_honor/award_winner /m/02qtywd 1 1 0 0
/m/018wdw /award/award_category/winners./award/award_honor/award_winner /m/04ktcgn 1 1 0 0
/m/024_dt /award/award_category/winners./award/award_honor/award_winner /m/0h6sv 0 0 0 0
/m/0gq9h /award/award_category/winners./award/award_honor/award_winner /m/0cjdk 0 0 0 0
/m/02qkk9_ /award/award_category/winners./award/award_honor/award_winner /m/0g10g 0 0 0 0
/m/027dtxw /award/award_category/winners./award/award_honor/award_winner /m/02cllz 1 1 0 0
/m/0gs9p /award/award_category/winners./award/award_honor/award_winner /m/0dbbz 1 1 0 0
/m/06zrp44 /award/award_category/winners./award/award_honor/award_winner /m/07bty 0 0 0 0
/m/05p09zm /award/award_category/winners./award/award_honor/award_winner /m/04zqmj 1 1 0 0
/m/02ddq4 /award/award_category/winners./award/award_honor/award_winner /m/02cx90 1 1 0 0
/m/09cm54 /award/award_category/winners./award/award_honor/award_winner /m/0p_47 0 0 0 0
/m/09cm54 /award/award_category/winners./award/award_honor/award_winner /m/03f1zdw 0 0 0 0
/m/0bdw6t /award/award_category/winners./award/award_honor/award_winner /m/014zfs 0 0 0 0
/m/07jqvw /award/award_category/winners./award/award_honor/award_winner /m/06hgj 0 0 0 0
/m/02z13jg /award/award_category/winners./award/award_honor/award_winner /m/02tv80 1 1 0 0
/m/02681xs /award/award_category/winners./award/award_honor/award_winner /m/03x82v 1 1 0 0
/m/0j6j8 /award/award_category/winners./award/award_honor/award_winner /m/05jm7 1 1 0 0
/m/0m7yy /award/award_category/winners./award/award_honor/award_winner /m/01j53q 1 1 1 1
/m/0m7yy /award/award_category/winners./award/award_honor/award_winner /m/01nzs7 1 1 1 1
/m/04kxsb /award/award_category/winners./award/award_honor/award_winner /m/0gyy0 1 1 0 0
/m/0gs9p /award/award_category/winners./award/award_honor/award_winner /m/01j2xj 0 0 0 0
/m/05kjlr /award/award_category/winners./award/award_honor/award_winner /m/0d__g 1 1 1 1
/m/05qck /award/award_category/winners./award/award_honor/award_winner /m/051cc 0 0 0 0
/m/027571b /award/award_category/winners./award/award_honor/award_winner /m/0h0wc 1 1 0 0
/m/03x3wf /award/award_category/winners./award/award_honor/award_winner /m/0127gn 1 1 0 0
/m/0f4x7 /award/award_category/winners./award/award_honor/award_winner /m/015qt5 0 0 0 0
/m/0gqyl /award/award_category/winners./award/award_honor/award_winner /m/039x1k 1 1 0 0
/m/02z13jg /award/award_category/winners./award/award_honor/award_winner /m/01f873 1 1 0 0
/m/03hl6lc /award/award_category/winners./award/award_honor/award_winner /m/081lh 1 1 0 0
/m/05qck /award/award_category/winners./award/award_honor/award_winner /m/0ph2w 1 1 0 0
/m/027b9ly /award/award_category/winners./award/award_honor/award_winner /m/01ts_3 0 0 0 0
/m/0bfvw2 /award/award_category/winners./award/award_honor/award_winner /m/030hbp 1 1 0 0
/m/02qvyrt /award/award_category/winners./award/award_honor/award_winner /m/0146pg 1 1 0 0
/m/099tbz /award/award_category/winners./award/award_honor/award_winner /m/0294fd 1 1 0 0
/m/027b9k6 /award/award_category/winners./award/award_honor/award_winner /m/01jmv8 1 1 0 0
/m/05zvj3m /award/award_category/winners./award/award_honor/award_winner /m/0pz91 1 1 0 1
/m/02f5qb /award/award_category/winners./award/award_honor/award_winner /m/015f7 1 1 0 0
/m/0bqsk5 /award/award_category/winners./award/award_honor/award_winner /m/043hg 0 0 0 0
/m/03hl6lc /award/award_category/winners./award/award_honor/award_winner /m/07h07 1 1 0 0
/m/02xcb6n /award/award_category/winners./award/award_honor/award_winner /m/0cp9f9 1 1 0 1
/m/099tbz /award/award_category/winners./award/award_honor/award_winner /m/048s0r 1 1 0 1
/m/054ky1 /award/award_category/winners./award/award_honor/award_winner /m/06pj8 0 0 0 0
/m/0265wl /award/award_category/winners./award/award_honor/award_winner /m/05x8n 0 0 0 0
/m/023vrq /award/award_category/winners./award/award_honor/award_winner /m/01vsgrn 1 1 0 0
/m/09sdmz /award/award_category/winners./award/award_honor/award_winner /m/026rm_y 1 1 0 0
/m/027b9k6 /award/award_category/winners./award/award_honor/award_winner /m/01p7yb 1 1 0 0
/m/0468g4r /award/award_category/winners./award/award_honor/award_winner /m/076_74 1 1 0 0
/m/05pcn59 /award/award_category/winners./award/award_honor/award_winner /m/02jtjz 0 0 0 0
/m/02y_j8g /award/award_category/winners./award/award_honor/award_winner /m/0psss 1 1 0 0
/m/0m7yy /award/award_category/winners./award/award_honor/award_winner /m/014hdb 1 1 0 0
/m/02wkmx /award/award_category/winners./award/award_honor/award_winner /m/01q4qv 0 0 0 0
/m/099jhq /award/award_category/winners./award/award_honor/award_winner /m/017149 1 1 0 0
/m/0gqwc /award/award_category/winners./award/award_honor/award_winner /m/01gvyp 1 1 0 0
/m/027cyf7 /award/award_category/winners./award/award_honor/award_winner /m/02qgqt 1 1 0 0
/m/06196 /award/award_category/winners./award/award_honor/award_winner /m/0h25 0 0 0 0
/m/02z13jg /award/award_category/winners./award/award_honor/award_winner /m/01tsbmv 0 0 0 0
/m/02x201b /award/award_category/winners./award/award_honor/award_winner /m/01vvycq 0 0 0 0
/m/02py7pj /award/award_category/winners./award/award_honor/award_winner /m/02_fj 0 0 0 0
/m/027c95y /award/award_category/winners./award/award_honor/award_winner /m/06dv3 1 1 0 0
/m/099ck7 /award/award_category/winners./award/award_honor/award_winner /m/0flw6 1 1 0 0
/m/01by1l /award/award_category/winners./award/award_honor/award_winner /m/0pkyh 1 1 0 0
/m/02f6xy /award/award_category/winners./award/award_honor/award_winner /m/02vr7 0 0 0 0
/m/01bgqh /award/award_category/winners./award/award_honor/award_winner /m/09mq4m 1 1 0 0
/m/02wwsh8 /award/award_category/winners./award/award_honor/award_winner /m/049l7 0 0 0 0
/m/027c924 /award/award_category/winners./award/award_honor/award_winner /m/0184jw 1 1 0 0
/m/01cw7s /award/award_category/winners./award/award_honor/award_winner /m/026spg 0 0 0 0
/m/057xs89 /award/award_category/winners./award/award_honor/award_winner /m/048lv 0 0 0 0
/m/0fdtd7 /award/award_category/winners./award/award_honor/award_winner /m/02lf0c 1 1 0 0
/m/0bs0bh /award/award_category/winners./award/award_honor/award_winner /m/016zp5 0 0 0 0
/m/0d085 /award/award_category/winners./award/award_honor/award_winner /m/06z4wj 1 1 0 0
std confidence count
/m/02py7pj /award/award_category/winners./award/award_honor/award_winner /m/0bw6y 0 0 0 0
/m/02f77y /award/award_category/winners./award/award_honor/award_winner /m/01vrt_c 0 0 0 0
/m/0bdwft /award/award_category/winners./award/award_honor/award_winner /m/019l68 0 0 0 0
/m/027c924 /award/award_category/winners./award/award_honor/award_winner /m/04sry 1 1 0 0
/m/09d28z /award/award_category/winners./award/award_honor/award_winner /m/0gs1_ 1 1 0 0
/m/02kgb7 /award/award_category/winners./award/award_honor/award_winner /m/04wqr 0 0 0 0
/m/0bs0bh /award/award_category/winners./award/award_honor/award_winner /m/015rhv 0 0 0 0
/m/0m7yy /award/award_category/winners./award/award_honor/award_winner /m/087c7 0 0 0 0
/m/0cqhk0 /award/award_category/winners./award/award_honor/award_winner /m/0404wqb 1 1 1 1
/m/02wkmx /award/award_category/winners./award/award_honor/award_winner /m/0kft 0 0 0 0
/m/01c427 /award/award_category/winners./award/award_honor/award_winner /m/02h9_l 0 0 0 0
/m/047xyn /award/award_category/winners./award/award_honor/award_winner /m/02y49 0 0 0 0
/m/02y_rq5 /award/award_category/winners./award/award_honor/award_winner /m/0n6f8 1 1 0 0
/m/02y_rq5 /award/award_category/winners./award/award_honor/award_winner /m/04r7p 1 1 0 0
/m/03tcnt /award/award_category/winners./award/award_honor/award_winner /m/023p29 1 1 0 0
/m/05h5nb8 /award/award_category/winners./award/award_honor/award_winner /m/02fcs2 0 0 0 0
/m/02qkk9_ /award/award_category/winners./award/award_honor/award_winner /m/0g476 0 0 0 0
/m/05f4m9q /award/award_category/winners./award/award_honor/award_winner /m/02rk45 1 1 0 0
/m/02wkmx /award/award_category/winners./award/award_honor/award_winner /m/02vyw 1 1 0 0
/m/03rbj2 /award/award_category/winners./award/award_honor/award_winner /m/03t8v3 0 0 0 0
/m/027b9ly /award/award_category/winners./award/award_honor/award_winner /m/0js9s 0 0 0 0
/m/04fgkf_ /award/award_category/winners./award/award_honor/award_winner /m/0grwj 0 0 0 0
/m/027986c /award/award_category/winners./award/award_honor/award_winner /m/0bwh6 1 1 0 0
/m/03nc9d /award/award_category/winners./award/award_honor/award_winner /m/026spg 1 1 0 0
/m/026m9w /award/award_category/winners./award/award_honor/award_winner /m/0x3b7 1 1 0 0
/m/026m9w /award/award_category/winners./award/award_honor/award_winner /m/01h5f8 0 0 0 0
/m/09v8db5 /award/award_category/winners./award/award_honor/award_winner /m/065d1h 1 1 1 1
/m/01d38g /award/award_category/winners./award/award_honor/award_winner /m/015bwt 0 0 0 0
/m/01l29r /award/award_category/winners./award/award_honor/award_winner /m/026g4l_ 1 1 0 0
/m/02pqp12 /award/award_category/winners./award/award_honor/award_winner /m/013tcv 1 1 0 0
/m/04dn09n /award/award_category/winners./award/award_honor/award_winner /m/02vyw 1 1 0 0
/m/027c924 /award/award_category/winners./award/award_honor/award_winner /m/01_vfy 0 0 0 0
/m/07t_l23 /award/award_category/winners./award/award_honor/award_winner /m/03p9hl 0 0 0 0
/m/01c4_6 /award/award_category/winners./award/award_honor/award_winner /m/0137g1 0 0 0 0
/m/02qkk9_ /award/award_category/winners./award/award_honor/award_winner /m/0drc1 1 1 0 0
/m/027c95y /award/award_category/winners./award/award_honor/award_winner /m/046qq 1 1 0 0
/m/0gs9p /award/award_category/winners./award/award_honor/award_winner /m/06pj8 0 0 0 0
/m/01by1l /award/award_category/winners./award/award_honor/award_winner /m/0g10g 0 0 0 0
/m/03x3wf /award/award_category/winners./award/award_honor/award_winner /m/01vsy9_ 0 0 0 0
/m/02h3d1 /award/award_category/winners./award/award_honor/award_winner /m/0pkgt 0 0 0 0
/m/03nqnk3 /award/award_category/winners./award/award_honor/award_winner /m/0c12h 0 0 0 0
/m/099tbz /award/award_category/winners./award/award_honor/award_winner /m/07m9cm 1 1 0 1
/m/0cqh46 /award/award_category/winners./award/award_honor/award_winner /m/016ywr 1 1 0 0
/m/02py7pj /award/award_category/winners./award/award_honor/award_winner /m/0j582 0 0 0 0
/m/02wkmx /award/award_category/winners./award/award_honor/award_winner /m/0gv40 0 0 0 0
/m/03qbnj /award/award_category/winners./award/award_honor/award_winner /m/0478__m 1 1 0 0
/m/054ky1 /award/award_category/winners./award/award_honor/award_winner /m/0gyx4 0 1 0 0
/m/0d085 /award/award_category/winners./award/award_honor/award_winner /m/0hnjt 0 0 0 0
/m/0m7yy /award/award_category/winners./award/award_honor/award_winner /m/031rq5 1 1 0 1
/m/0bsjcw /award/award_category/winners./award/award_honor/award_winner /m/039x1k 0 0 0 0
/m/027c95y /award/award_category/winners./award/award_honor/award_winner /m/015np0 1 1 0 0
/m/02wkmx /award/award_category/winners./award/award_honor/award_winner /m/01g1lp 0 0 0 0
/m/05qck /award/award_category/winners./award/award_honor/award_winner /m/01m4kpp 0 0 0 0
/m/024dzn /award/award_category/winners./award/award_honor/award_winner /m/02fgpf 1 1 0 0
/m/02x4wb /award/award_category/winners./award/award_honor/award_winner /m/0c9l1 0 0 0 0
/m/0ddd9 /award/award_category/winners./award/award_honor/award_winner /m/073v6 1 1 0 0
/m/05zrvfd /award/award_category/winners./award/award_honor/award_winner /m/049g_xj 1 1 0 0
/m/05kjlr /award/award_category/winners./award/award_honor/award_winner /m/05fg2 0 0 0 0
/m/02g2wv /award/award_category/winners./award/award_honor/award_winner /m/01mt1fy 0 0 0 0
/m/0gr0m /award/award_category/winners./award/award_honor/award_winner /m/07xr3w 1 1 1 1
/m/0m7yy /award/award_category/winners./award/award_honor/award_winner /m/01l87db 0 0 0 0
/m/05qck /award/award_category/winners./award/award_honor/award_winner /m/034ls 0 0 0 0
/m/01c427 /award/award_category/winners./award/award_honor/award_winner /m/07c0j 0 0 0 0
/m/02nhxf /award/award_category/winners./award/award_honor/award_winner /m/02jqjm 0 0 0 0
/m/03qbnj /award/award_category/winners./award/award_honor/award_winner /m/04vrxh 1 1 0 0
/m/06196 /award/award_category/winners./award/award_honor/award_winner /m/06hgj 0 0 0 0
/m/02z13jg /award/award_category/winners./award/award_honor/award_winner /m/03jj93 0 0 0 0
/m/01by1l /award/award_category/winners./award/award_honor/award_winner /m/02r4qs 1 1 0 0
/m/027b9ly /award/award_category/winners./award/award_honor/award_winner /m/06pj8 0 0 0 0
/m/01bgqh /award/award_category/winners./award/award_honor/award_winner /m/01kd57 1 1 0 0
/m/09d28z /award/award_category/winners./award/award_honor/award_winner /m/081lh 1 1 0 0
/m/0cqhk0 /award/award_category/winners./award/award_honor/award_winner /m/07sgfsl 1 1 1 1
/m/068gn /award/award_category/winners./award/award_honor/award_winner /m/021sv1 0 0 0 0
/m/031b3h /award/award_category/winners./award/award_honor/award_winner /m/016732 1 1 0 0
/m/01cw7s /award/award_category/winners./award/award_honor/award_winner /m/01w7nww 0 0 0 0
/m/0cqgl9 /award/award_category/winners./award/award_honor/award_winner /m/0h32q 0 0 0 0
/m/0gqy2 /award/award_category/winners./award/award_honor/award_winner /m/02_fj 1 1 0 0
/m/01ckrr /award/award_category/winners./award/award_honor/award_winner /m/07sbk 0 0 0 0
/m/018wng /award/award_category/winners./award/award_honor/award_winner /m/09p0q 0 0 0 0
/m/05pcn59 /award/award_category/winners./award/award_honor/award_winner /m/03n08b 1 1 0 0
/m/09qrn4 /award/award_category/winners./award/award_honor/award_winner /m/0338g8 0 0 0 0
/m/057xs89 /award/award_category/winners./award/award_honor/award_winner /m/0j5q3 0 0 0 0
/m/02f6ym /award/award_category/winners./award/award_honor/award_winner /m/0dl567 0 0 0 0
/m/02g3gj /award/award_category/winners./award/award_honor/award_winner /m/03j1p2n 1 1 0 0
/m/054ks3 /award/award_category/winners./award/award_honor/award_winner /m/012x4t 0 1 0 0
/m/02py7pj /award/award_category/winners./award/award_honor/award_winner /m/0k9j_ 1 1 0 0
/m/027c95y /award/award_category/winners./award/award_honor/award_winner /m/0h0jz 0 0 0 0
/m/025m8l /award/award_category/winners./award/award_honor/award_winner /m/0178rl 1 1 0 0
/m/02w9sd7 /award/award_category/winners./award/award_honor/award_winner /m/01cj6y 1 1 0 0
/m/09cm54 /award/award_category/winners./award/award_honor/award_winner /m/0170pk 0 1 0 0
/m/01ckrr /award/award_category/winners./award/award_honor/award_winner /m/0frsw 0 0 0 0
/m/027b9j5 /award/award_category/winners./award/award_honor/award_winner /m/0b_dy 0 0 0 0
/m/05f3q /award/award_category/winners./award/award_honor/award_winner /m/07t65 0 0 0 0
/m/0dt39 /award/award_category/winners./award/award_honor/award_winner /m/06crk 0 0 0 0
/m/02z1nbg /award/award_category/winners./award/award_honor/award_winner /m/0chw_ 0 0 0 0
/m/04kxsb /award/award_category/winners./award/award_honor/award_winner /m/016xh5 1 1 0 0
/m/099tbz /award/award_category/winners./award/award_honor/award_winner /m/0336mc 1 1 0 0
/m/02wypbh /award/award_category/winners./award/award_honor/award_winner /m/03s9b 0 0 0 0
/m/01by1l /award/award_category/winners./award/award_honor/award_winner /m/01kd57 1 1 0 0
/m/027cyf7 /award/award_category/winners./award/award_honor/award_winner /m/09fb5 1 1 0 0
/m/02qvyrt /award/award_category/winners./award/award_honor/award_winner /m/01gg59 1 1 0 0
/m/05b1610 /award/award_category/winners./award/award_honor/award_winner /m/058frd 1 1 0 0
/m/02x4wr9 /award/award_category/winners./award/award_honor/award_winner /m/06t8b 1 1 0 0
/m/02w_6xj /award/award_category/winners./award/award_honor/award_winner /m/02pv_d 0 0 0 0
/m/01by1l /award/award_category/winners./award/award_honor/award_winner /m/0k7pf 1 1 0 0
/m/0gqwc /award/award_category/winners./award/award_honor/award_winner /m/04rfq 0 0 0 0
/m/09sb52 /award/award_category/winners./award/award_honor/award_winner /m/07rhpg 1 1 0 0
/m/04ljl_l /award/award_category/winners./award/award_honor/award_winner /m/0jrqq 1 1 0 0
/m/02f73b /award/award_category/winners./award/award_honor/award_winner /m/016t0h 0 0 0 0
/m/099tbz /award/award_category/winners./award/award_honor/award_winner /m/02tr7d 1 1 0 0
/m/054ky1 /award/award_category/winners./award/award_honor/award_winner /m/01t9qj_ 0 0 0 0
/m/0ddd9 /award/award_category/winners./award/award_honor/award_winner /m/02kz_ 1 1 0 0
/m/0789r6 /award/award_category/winners./award/award_honor/award_winner /m/01ts_3 1 1 0 0
/m/02f5qb /award/award_category/winners./award/award_honor/award_winner /m/046p9 0 0 0 0
/m/020qjg /award/award_category/winners./award/award_honor/award_winner /m/0jcx 1 1 1 1
/m/02r0d0 /award/award_category/winners./award/award_honor/award_winner /m/098sx 0 0 0 0
/m/05f3q /award/award_category/winners./award/award_honor/award_winner /m/08849 1 1 1 1
/m/0bfvd4 /award/award_category/winners./award/award_honor/award_winner /m/03xkps 0 0 0 0
/m/099tbz /award/award_category/winners./award/award_honor/award_winner /m/026r8q 1 1 0 0
/m/0ck27z /award/award_category/winners./award/award_honor/award_winner /m/044lyq 1 1 0 0
/m/02py7pj /award/award_category/winners./award/award_honor/award_winner /m/0kftt 1 1 0 0
/m/01cw7s /award/award_category/winners./award/award_honor/award_winner /m/02h9_l 0 0 0 0
/m/02z13jg /award/award_category/winners./award/award_honor/award_winner /m/01qscs 0 1 0 0
/m/027986c /award/award_category/winners./award/award_honor/award_winner /m/016kb7 1 1 0 0
/m/09cm54 /award/award_category/winners./award/award_honor/award_winner /m/014zcr 0 1 0 0
/m/0m7yy /award/award_category/winners./award/award_honor/award_winner /m/02630g 0 0 0 0
/m/02qkk9_ /award/award_category/winners./award/award_honor/award_winner /m/0l6qt 1 1 0 0
/m/05qck /award/award_category/winners./award/award_honor/award_winner /m/0d3k14 1 1 1 1
/m/02f75t /award/award_category/winners./award/award_honor/award_winner /m/0147dk 0 1 0 0
/m/01bgqh /award/award_category/winners./award/award_honor/award_winner /m/01vttb9 0 0 0 0
/m/03tcnt /award/award_category/winners./award/award_honor/award_winner /m/018x3 1 1 0 0
/m/099tbz /award/award_category/winners./award/award_honor/award_winner /m/016ypb 1 1 0 0
/m/0d085 /award/award_category/winners./award/award_honor/award_winner /m/01_6dw 0 0 0 0
/m/024fz9 /award/award_category/winners./award/award_honor/award_winner /m/06m61 1 1 0 0
/m/0c_dx /award/award_category/winners./award/award_honor/award_winner /m/0bv7t 0 0 0 0
/m/027c95y /award/award_category/winners./award/award_honor/award_winner /m/01385g 0 0 0 0
/m/0gqwc /award/award_category/winners./award/award_honor/award_winner /m/0g476 1 1 0 0
/m/09qj50 /award/award_category/winners./award/award_honor/award_winner /m/025mb_ 1 1 0 0
/m/01bb1c /award/award_category/winners./award/award_honor/award_winner /m/07zl1 0 0 0 0
/m/0gqy2 /award/award_category/winners./award/award_honor/award_winner /m/016fjj 1 1 0 0
/m/02664f /award/award_category/winners./award/award_honor/award_winner /m/03hpr 1 1 0 0
/m/0m7yy /award/award_category/winners./award/award_honor/award_winner /m/0hm0k 1 1 1 1
/m/0m7yy /award/award_category/winners./award/award_honor/award_winner /m/017dpj 1 1 0 0
/m/05f3q /award/award_category/winners./award/award_honor/award_winner /m/02jxk 0 0 0 0
/m/03ncb2 /award/award_category/winners./award/award_honor/award_winner /m/02qtywd 1 1 0 0
/m/018wdw /award/award_category/winners./award/award_honor/award_winner /m/04ktcgn 1 1 0 0
/m/024_dt /award/award_category/winners./award/award_honor/award_winner /m/0h6sv 0 0 0 0
/m/0gq9h /award/award_category/winners./award/award_honor/award_winner /m/0cjdk 0 0 0 0
/m/02qkk9_ /award/award_category/winners./award/award_honor/award_winner /m/0g10g 0 0 0 0
/m/027dtxw /award/award_category/winners./award/award_honor/award_winner /m/02cllz 1 1 0 0
/m/0gs9p /award/award_category/winners./award/award_honor/award_winner /m/0dbbz 1 1 0 0
/m/06zrp44 /award/award_category/winners./award/award_honor/award_winner /m/07bty 0 0 0 0
/m/05p09zm /award/award_category/winners./award/award_honor/award_winner /m/04zqmj 1 1 0 0
/m/02ddq4 /award/award_category/winners./award/award_honor/award_winner /m/02cx90 1 1 0 0
/m/09cm54 /award/award_category/winners./award/award_honor/award_winner /m/0p_47 0 0 0 0
/m/09cm54 /award/award_category/winners./award/award_honor/award_winner /m/03f1zdw 0 0 0 0
/m/0bdw6t /award/award_category/winners./award/award_honor/award_winner /m/014zfs 0 0 0 0
/m/07jqvw /award/award_category/winners./award/award_honor/award_winner /m/06hgj 0 0 0 0
/m/02z13jg /award/award_category/winners./award/award_honor/award_winner /m/02tv80 1 1 0 0
/m/02681xs /award/award_category/winners./award/award_honor/award_winner /m/03x82v 1 1 0 0
/m/0j6j8 /award/award_category/winners./award/award_honor/award_winner /m/05jm7 1 1 0 0
/m/0m7yy /award/award_category/winners./award/award_honor/award_winner /m/01j53q 1 1 1 1
/m/0m7yy /award/award_category/winners./award/award_honor/award_winner /m/01nzs7 1 1 1 1
/m/04kxsb /award/award_category/winners./award/award_honor/award_winner /m/0gyy0 1 1 0 0
/m/0gs9p /award/award_category/winners./award/award_honor/award_winner /m/01j2xj 0 0 0 0
/m/05kjlr /award/award_category/winners./award/award_honor/award_winner /m/0d__g 1 1 1 1
/m/05qck /award/award_category/winners./award/award_honor/award_winner /m/051cc 0 0 0 0
/m/027571b /award/award_category/winners./award/award_honor/award_winner /m/0h0wc 1 1 0 0
/m/03x3wf /award/award_category/winners./award/award_honor/award_winner /m/0127gn 1 1 0 0
/m/0f4x7 /award/award_category/winners./award/award_honor/award_winner /m/015qt5 0 0 0 0
/m/0gqyl /award/award_category/winners./award/award_honor/award_winner /m/039x1k 1 1 0 0
/m/02z13jg /award/award_category/winners./award/award_honor/award_winner /m/01f873 1 1 0 0
/m/03hl6lc /award/award_category/winners./award/award_honor/award_winner /m/081lh 1 1 0 0
/m/05qck /award/award_category/winners./award/award_honor/award_winner /m/0ph2w 1 1 0 0
/m/027b9ly /award/award_category/winners./award/award_honor/award_winner /m/01ts_3 0 0 0 0
/m/0bfvw2 /award/award_category/winners./award/award_honor/award_winner /m/030hbp 1 1 0 0
/m/02qvyrt /award/award_category/winners./award/award_honor/award_winner /m/0146pg 1 1 0 0
/m/099tbz /award/award_category/winners./award/award_honor/award_winner /m/0294fd 1 1 0 0
/m/027b9k6 /award/award_category/winners./award/award_honor/award_winner /m/01jmv8 1 1 0 0
/m/05zvj3m /award/award_category/winners./award/award_honor/award_winner /m/0pz91 1 1 0 1
/m/02f5qb /award/award_category/winners./award/award_honor/award_winner /m/015f7 1 1 0 0
/m/0bqsk5 /award/award_category/winners./award/award_honor/award_winner /m/043hg 0 0 0 0
/m/03hl6lc /award/award_category/winners./award/award_honor/award_winner /m/07h07 1 1 0 0
/m/02xcb6n /award/award_category/winners./award/award_honor/award_winner /m/0cp9f9 1 1 0 1
/m/099tbz /award/award_category/winners./award/award_honor/award_winner /m/048s0r 1 1 0 1
/m/054ky1 /award/award_category/winners./award/award_honor/award_winner /m/06pj8 0 0 0 0
/m/0265wl /award/award_category/winners./award/award_honor/award_winner /m/05x8n 0 0 0 0
/m/023vrq /award/award_category/winners./award/award_honor/award_winner /m/01vsgrn 1 1 0 0
/m/09sdmz /award/award_category/winners./award/award_honor/award_winner /m/026rm_y 1 1 0 0
/m/027b9k6 /award/award_category/winners./award/award_honor/award_winner /m/01p7yb 1 1 0 0
/m/0468g4r /award/award_category/winners./award/award_honor/award_winner /m/076_74 1 1 0 0
/m/05pcn59 /award/award_category/winners./award/award_honor/award_winner /m/02jtjz 0 0 0 0
/m/02y_j8g /award/award_category/winners./award/award_honor/award_winner /m/0psss 1 1 0 0
/m/0m7yy /award/award_category/winners./award/award_honor/award_winner /m/014hdb 1 1 0 0
/m/02wkmx /award/award_category/winners./award/award_honor/award_winner /m/01q4qv 0 0 0 0
/m/099jhq /award/award_category/winners./award/award_honor/award_winner /m/017149 1 1 0 0
/m/0gqwc /award/award_category/winners./award/award_honor/award_winner /m/01gvyp 1 1 0 0
/m/027cyf7 /award/award_category/winners./award/award_honor/award_winner /m/02qgqt 1 1 0 0
/m/06196 /award/award_category/winners./award/award_honor/award_winner /m/0h25 0 0 0 0
/m/02z13jg /award/award_category/winners./award/award_honor/award_winner /m/01tsbmv 0 0 0 0
/m/02x201b /award/award_category/winners./award/award_honor/award_winner /m/01vvycq 0 0 0 0
/m/02py7pj /award/award_category/winners./award/award_honor/award_winner /m/02_fj 0 0 0 0
/m/027c95y /award/award_category/winners./award/award_honor/award_winner /m/06dv3 1 1 0 0
/m/099ck7 /award/award_category/winners./award/award_honor/award_winner /m/0flw6 1 1 0 0
/m/01by1l /award/award_category/winners./award/award_honor/award_winner /m/0pkyh 1 1 0 0
/m/02f6xy /award/award_category/winners./award/award_honor/award_winner /m/02vr7 0 0 0 0
/m/01bgqh /award/award_category/winners./award/award_honor/award_winner /m/09mq4m 1 1 0 0
/m/02wwsh8 /award/award_category/winners./award/award_honor/award_winner /m/049l7 0 0 0 0
/m/027c924 /award/award_category/winners./award/award_honor/award_winner /m/0184jw 1 1 0 0
/m/01cw7s /award/award_category/winners./award/award_honor/award_winner /m/026spg 0 0 0 0
/m/057xs89 /award/award_category/winners./award/award_honor/award_winner /m/048lv 0 0 0 0
/m/0fdtd7 /award/award_category/winners./award/award_honor/award_winner /m/02lf0c 1 1 0 0
/m/0bs0bh /award/award_category/winners./award/award_honor/award_winner /m/016zp5 0 0 0 0
/m/0d085 /award/award_category/winners./award/award_honor/award_winner /m/06z4wj 1 1 0 0
pca confidence sum
/m/02py7pj /award/award_category/winners./award/award_honor/award_winner /m/0bw6y 0 0 0 0
/m/02f77y /award/award_category/winners./award/award_honor/award_winner /m/01vrt_c 0 0 0 0
/m/0bdwft /award/award_category/winners./award/award_honor/award_winner /m/019l68 0 0 0 0
/m/027c924 /award/award_category/winners./award/award_honor/award_winner /m/04sry 0 1 0 0
/m/09d28z /award/award_category/winners./award/award_honor/award_winner /m/0gs1_ 1 1 0 0
/m/02kgb7 /award/award_category/winners./award/award_honor/award_winner /m/04wqr 0 0 0 0
/m/0bs0bh /award/award_category/winners./award/award_honor/award_winner /m/015rhv 0 0 0 0
/m/0m7yy /award/award_category/winners./award/award_honor/award_winner /m/087c7 0 0 0 0
/m/0cqhk0 /award/award_category/winners./award/award_honor/award_winner /m/0404wqb 1 1 1 1
/m/02wkmx /award/award_category/winners./award/award_honor/award_winner /m/0kft 0 0 0 0
/m/01c427 /award/award_category/winners./award/award_honor/award_winner /m/02h9_l 0 0 0 0
/m/047xyn /award/award_category/winners./award/award_honor/award_winner /m/02y49 0 0 0 0
/m/02y_rq5 /award/award_category/winners./award/award_honor/award_winner /m/0n6f8 1 1 0 0
/m/02y_rq5 /award/award_category/winners./award/award_honor/award_winner /m/04r7p 1 1 0 0
/m/03tcnt /award/award_category/winners./award/award_honor/award_winner /m/023p29 1 1 0 0
/m/05h5nb8 /award/award_category/winners./award/award_honor/award_winner /m/02fcs2 0 0 0 0
/m/02qkk9_ /award/award_category/winners./award/award_honor/award_winner /m/0g476 0 0 0 0
/m/05f4m9q /award/award_category/winners./award/award_honor/award_winner /m/02rk45 1 1 0 0
/m/02wkmx /award/award_category/winners./award/award_honor/award_winner /m/02vyw 0 1 0 0
/m/03rbj2 /award/award_category/winners./award/award_honor/award_winner /m/03t8v3 0 0 0 0
/m/027b9ly /award/award_category/winners./award/award_honor/award_winner /m/0js9s 0 0 0 0
/m/04fgkf_ /award/award_category/winners./award/award_honor/award_winner /m/0grwj 0 0 0 0
/m/027986c /award/award_category/winners./award/award_honor/award_winner /m/0bwh6 1 1 0 1
/m/03nc9d /award/award_category/winners./award/award_honor/award_winner /m/026spg 1 1 0 0
/m/026m9w /award/award_category/winners./award/award_honor/award_winner /m/0x3b7 1 1 0 0
/m/026m9w /award/award_category/winners./award/award_honor/award_winner /m/01h5f8 0 0 0 0
/m/09v8db5 /award/award_category/winners./award/award_honor/award_winner /m/065d1h 1 1 1 1
/m/01d38g /award/award_category/winners./award/award_honor/award_winner /m/015bwt 0 0 0 0
/m/01l29r /award/award_category/winners./award/award_honor/award_winner /m/026g4l_ 1 1 0 1
/m/02pqp12 /award/award_category/winners./award/award_honor/award_winner /m/013tcv 1 1 0 0
/m/04dn09n /award/award_category/winners./award/award_honor/award_winner /m/02vyw 0 1 0 0
/m/027c924 /award/award_category/winners./award/award_honor/award_winner /m/01_vfy 0 0 0 0
/m/07t_l23 /award/award_category/winners./award/award_honor/award_winner /m/03p9hl 0 0 0 0
/m/01c4_6 /award/award_category/winners./award/award_honor/award_winner /m/0137g1 0 0 0 0
/m/02qkk9_ /award/award_category/winners./award/award_honor/award_winner /m/0drc1 1 1 0 0
/m/027c95y /award/award_category/winners./award/award_honor/award_winner /m/046qq 1 1 0 0
/m/0gs9p /award/award_category/winners./award/award_honor/award_winner /m/06pj8 0 1 0 0
/m/01by1l /award/award_category/winners./award/award_honor/award_winner /m/0g10g 0 0 0 0
/m/03x3wf /award/award_category/winners./award/award_honor/award_winner /m/01vsy9_ 0 0 0 0
/m/02h3d1 /award/award_category/winners./award/award_honor/award_winner /m/0pkgt 0 0 0 0
/m/03nqnk3 /award/award_category/winners./award/award_honor/award_winner /m/0c12h 0 0 0 0
/m/099tbz /award/award_category/winners./award/award_honor/award_winner /m/07m9cm 1 1 0 1
/m/0cqh46 /award/award_category/winners./award/award_honor/award_winner /m/016ywr 1 1 0 0
/m/02py7pj /award/award_category/winners./award/award_honor/award_winner /m/0j582 0 0 0 0
/m/02wkmx /award/award_category/winners./award/award_honor/award_winner /m/0gv40 0 0 0 0
/m/03qbnj /award/award_category/winners./award/award_honor/award_winner /m/0478__m 1 1 0 0
/m/054ky1 /award/award_category/winners./award/award_honor/award_winner /m/0gyx4 0 0 0 0
/m/0d085 /award/award_category/winners./award/award_honor/award_winner /m/0hnjt 0 0 0 0
/m/0m7yy /award/award_category/winners./award/award_honor/award_winner /m/031rq5 1 1 0 0
/m/0bsjcw /award/award_category/winners./award/award_honor/award_winner /m/039x1k 0 0 0 0
/m/027c95y /award/award_category/winners./award/award_honor/award_winner /m/015np0 1 1 0 0
/m/02wkmx /award/award_category/winners./award/award_honor/award_winner /m/01g1lp 0 0 0 0
/m/05qck /award/award_category/winners./award/award_honor/award_winner /m/01m4kpp 0 0 0 0
/m/024dzn /award/award_category/winners./award/award_honor/award_winner /m/02fgpf 1 1 0 0
/m/02x4wb /award/award_category/winners./award/award_honor/award_winner /m/0c9l1 0 0 0 0
/m/0ddd9 /award/award_category/winners./award/award_honor/award_winner /m/073v6 1 1 0 0
/m/05zrvfd /award/award_category/winners./award/award_honor/award_winner /m/049g_xj 1 1 0 0
/m/05kjlr /award/award_category/winners./award/award_honor/award_winner /m/05fg2 0 0 0 0
/m/02g2wv /award/award_category/winners./award/award_honor/award_winner /m/01mt1fy 0 0 0 0
/m/0gr0m /award/award_category/winners./award/award_honor/award_winner /m/07xr3w 1 1 1 1
/m/0m7yy /award/award_category/winners./award/award_honor/award_winner /m/01l87db 0 0 0 0
/m/05qck /award/award_category/winners./award/award_honor/award_winner /m/034ls 0 0 0 0
/m/01c427 /award/award_category/winners./award/award_honor/award_winner /m/07c0j 0 0 0 0
/m/02nhxf /award/award_category/winners./award/award_honor/award_winner /m/02jqjm 0 0 0 0
/m/03qbnj /award/award_category/winners./award/award_honor/award_winner /m/04vrxh 1 1 0 0
/m/06196 /award/award_category/winners./award/award_honor/award_winner /m/06hgj 0 0 0 0
/m/02z13jg /award/award_category/winners./award/award_honor/award_winner /m/03jj93 0 0 0 0
/m/01by1l /award/award_category/winners./award/award_honor/award_winner /m/02r4qs 0 1 0 0
/m/027b9ly /award/award_category/winners./award/award_honor/award_winner /m/06pj8 0 0 0 0
/m/01bgqh /award/award_category/winners./award/award_honor/award_winner /m/01kd57 1 1 0 0
/m/09d28z /award/award_category/winners./award/award_honor/award_winner /m/081lh 1 1 0 1
/m/0cqhk0 /award/award_category/winners./award/award_honor/award_winner /m/07sgfsl 1 1 1 1
/m/068gn /award/award_category/winners./award/award_honor/award_winner /m/021sv1 0 0 0 0
/m/031b3h /award/award_category/winners./award/award_honor/award_winner /m/016732 0 1 0 0
/m/01cw7s /award/award_category/winners./award/award_honor/award_winner /m/01w7nww 0 0 0 0
/m/0cqgl9 /award/award_category/winners./award/award_honor/award_winner /m/0h32q 0 0 0 0
/m/0gqy2 /award/award_category/winners./award/award_honor/award_winner /m/02_fj 1 1 0 0
/m/01ckrr /award/award_category/winners./award/award_honor/award_winner /m/07sbk 0 0 0 0
/m/018wng /award/award_category/winners./award/award_honor/award_winner /m/09p0q 0 0 0 0
/m/05pcn59 /award/award_category/winners./award/award_honor/award_winner /m/03n08b 1 1 1 1
/m/09qrn4 /award/award_category/winners./award/award_honor/award_winner /m/0338g8 0 0 0 0
/m/057xs89 /award/award_category/winners./award/award_honor/award_winner /m/0j5q3 0 0 0 0
/m/02f6ym /award/award_category/winners./award/award_honor/award_winner /m/0dl567 0 0 0 0
/m/02g3gj /award/award_category/winners./award/award_honor/award_winner /m/03j1p2n 1 1 0 0
/m/054ks3 /award/award_category/winners./award/award_honor/award_winner /m/012x4t 0 1 0 0
/m/02py7pj /award/award_category/winners./award/award_honor/award_winner /m/0k9j_ 0 0 0 0
/m/027c95y /award/award_category/winners./award/award_honor/award_winner /m/0h0jz 0 0 0 0
/m/025m8l /award/award_category/winners./award/award_honor/award_winner /m/0178rl 0 1 0 0
/m/02w9sd7 /award/award_category/winners./award/award_honor/award_winner /m/01cj6y 1 1 0 0
/m/09cm54 /award/award_category/winners./award/award_honor/award_winner /m/0170pk 0 1 0 0
/m/01ckrr /award/award_category/winners./award/award_honor/award_winner /m/0frsw 0 0 0 0
/m/027b9j5 /award/award_category/winners./award/award_honor/award_winner /m/0b_dy 0 0 0 0
/m/05f3q /award/award_category/winners./award/award_honor/award_winner /m/07t65 0 0 0 0
/m/0dt39 /award/award_category/winners./award/award_honor/award_winner /m/06crk 0 0 0 0
/m/02z1nbg /award/award_category/winners./award/award_honor/award_winner /m/0chw_ 0 0 0 0
/m/04kxsb /award/award_category/winners./award/award_honor/award_winner /m/016xh5 1 1 0 0
/m/099tbz /award/award_category/winners./award/award_honor/award_winner /m/0336mc 1 1 0 1
/m/02wypbh /award/award_category/winners./award/award_honor/award_winner /m/03s9b 0 0 0 0
/m/01by1l /award/award_category/winners./award/award_honor/award_winner /m/01kd57 1 1 0 0
/m/027cyf7 /award/award_category/winners./award/award_honor/award_winner /m/09fb5 1 1 0 0
/m/02qvyrt /award/award_category/winners./award/award_honor/award_winner /m/01gg59 1 1 0 0
/m/05b1610 /award/award_category/winners./award/award_honor/award_winner /m/058frd 1 1 0 0
/m/02x4wr9 /award/award_category/winners./award/award_honor/award_winner /m/06t8b 1 1 0 0
/m/02w_6xj /award/award_category/winners./award/award_honor/award_winner /m/02pv_d 0 0 0 0
/m/01by1l /award/award_category/winners./award/award_honor/award_winner /m/0k7pf 1 1 0 0
/m/0gqwc /award/award_category/winners./award/award_honor/award_winner /m/04rfq 0 0 0 0
/m/09sb52 /award/award_category/winners./award/award_honor/award_winner /m/07rhpg 1 1 1 1
/m/04ljl_l /award/award_category/winners./award/award_honor/award_winner /m/0jrqq 1 1 0 0
/m/02f73b /award/award_category/winners./award/award_honor/award_winner /m/016t0h 0 0 0 0
/m/099tbz /award/award_category/winners./award/award_honor/award_winner /m/02tr7d 1 1 0 0
/m/054ky1 /award/award_category/winners./award/award_honor/award_winner /m/01t9qj_ 0 0 0 0
/m/0ddd9 /award/award_category/winners./award/award_honor/award_winner /m/02kz_ 1 1 0 0
/m/0789r6 /award/award_category/winners./award/award_honor/award_winner /m/01ts_3 1 1 0 0
/m/02f5qb /award/award_category/winners./award/award_honor/award_winner /m/046p9 0 0 0 0
/m/020qjg /award/award_category/winners./award/award_honor/award_winner /m/0jcx 1 1 1 1
/m/02r0d0 /award/award_category/winners./award/award_honor/award_winner /m/098sx 0 0 0 0
/m/05f3q /award/award_category/winners./award/award_honor/award_winner /m/08849 1 1 1 1
/m/0bfvd4 /award/award_category/winners./award/award_honor/award_winner /m/03xkps 0 0 0 0
/m/099tbz /award/award_category/winners./award/award_honor/award_winner /m/026r8q 1 1 0 1
/m/0ck27z /award/award_category/winners./award/award_honor/award_winner /m/044lyq 1 1 1 1
/m/02py7pj /award/award_category/winners./award/award_honor/award_winner /m/0kftt 1 1 0 0
/m/01cw7s /award/award_category/winners./award/award_honor/award_winner /m/02h9_l 0 0 0 0
/m/02z13jg /award/award_category/winners./award/award_honor/award_winner /m/01qscs 0 1 0 0
/m/027986c /award/award_category/winners./award/award_honor/award_winner /m/016kb7 1 1 0 0
/m/09cm54 /award/award_category/winners./award/award_honor/award_winner /m/014zcr 0 1 0 0
/m/0m7yy /award/award_category/winners./award/award_honor/award_winner /m/02630g 0 0 0 0
/m/02qkk9_ /award/award_category/winners./award/award_honor/award_winner /m/0l6qt 1 1 0 0
/m/05qck /award/award_category/winners./award/award_honor/award_winner /m/0d3k14 1 1 1 1
/m/02f75t /award/award_category/winners./award/award_honor/award_winner /m/0147dk 0 0 0 0
/m/01bgqh /award/award_category/winners./award/award_honor/award_winner /m/01vttb9 0 0 0 0
/m/03tcnt /award/award_category/winners./award/award_honor/award_winner /m/018x3 1 1 0 0
/m/099tbz /award/award_category/winners./award/award_honor/award_winner /m/016ypb 1 1 0 1
/m/0d085 /award/award_category/winners./award/award_honor/award_winner /m/01_6dw 0 0 0 0
/m/024fz9 /award/award_category/winners./award/award_honor/award_winner /m/06m61 1 1 0 0
/m/0c_dx /award/award_category/winners./award/award_honor/award_winner /m/0bv7t 0 0 0 0
/m/027c95y /award/award_category/winners./award/award_honor/award_winner /m/01385g 0 0 0 0
/m/0gqwc /award/award_category/winners./award/award_honor/award_winner /m/0g476 1 1 0 1
/m/09qj50 /award/award_category/winners./award/award_honor/award_winner /m/025mb_ 1 1 0 0
/m/01bb1c /award/award_category/winners./award/award_honor/award_winner /m/07zl1 0 0 0 0
/m/0gqy2 /award/award_category/winners./award/award_honor/award_winner /m/016fjj 1 1 0 0
/m/02664f /award/award_category/winners./award/award_honor/award_winner /m/03hpr 1 1 0 0
/m/0m7yy /award/award_category/winners./award/award_honor/award_winner /m/0hm0k 1 1 1 1
/m/0m7yy /award/award_category/winners./award/award_honor/award_winner /m/017dpj 1 1 0 0
/m/05f3q /award/award_category/winners./award/award_honor/award_winner /m/02jxk 0 0 0 0
/m/03ncb2 /award/award_category/winners./award/award_honor/award_winner /m/02qtywd 0 0 0 0
/m/018wdw /award/award_category/winners./award/award_honor/award_winner /m/04ktcgn 1 1 0 0
/m/024_dt /award/award_category/winners./award/award_honor/award_winner /m/0h6sv 0 0 0 0
/m/0gq9h /award/award_category/winners./award/award_honor/award_winner /m/0cjdk 0 0 0 0
/m/02qkk9_ /award/award_category/winners./award/award_honor/award_winner /m/0g10g 0 0 0 0
/m/027dtxw /award/award_category/winners./award/award_honor/award_winner /m/02cllz 1 1 0 0
/m/0gs9p /award/award_category/winners./award/award_honor/award_winner /m/0dbbz 1 1 0 0
/m/06zrp44 /award/award_category/winners./award/award_honor/award_winner /m/07bty 0 0 0 0
/m/05p09zm /award/award_category/winners./award/award_honor/award_winner /m/04zqmj 1 1 0 0
/m/02ddq4 /award/award_category/winners./award/award_honor/award_winner /m/02cx90 1 1 0 0
/m/09cm54 /award/award_category/winners./award/award_honor/award_winner /m/0p_47 0 0 0 0
/m/09cm54 /award/award_category/winners./award/award_honor/award_winner /m/03f1zdw 0 0 0 0
/m/0bdw6t /award/award_category/winners./award/award_honor/award_winner /m/014zfs 0 0 0 0
/m/07jqvw /award/award_category/winners./award/award_honor/award_winner /m/06hgj 0 0 0 0
/m/02z13jg /award/award_category/winners./award/award_honor/award_winner /m/02tv80 1 1 0 0
/m/02681xs /award/award_category/winners./award/award_honor/award_winner /m/03x82v 1 1 0 0
/m/0j6j8 /award/award_category/winners./award/award_honor/award_winner /m/05jm7 1 1 0 0
/m/0m7yy /award/award_category/winners./award/award_honor/award_winner /m/01j53q 1 1 1 1
/m/0m7yy /award/award_category/winners./award/award_honor/award_winner /m/01nzs7 1 1 1 1
/m/04kxsb /award/award_category/winners./award/award_honor/award_winner /m/0gyy0 1 1 0 0
/m/0gs9p /award/award_category/winners./award/award_honor/award_winner /m/01j2xj 0 0 0 0
/m/05kjlr /award/award_category/winners./award/award_honor/award_winner /m/0d__g 1 1 1 1
/m/05qck /award/award_category/winners./award/award_honor/award_winner /m/051cc 0 0 0 0
/m/027571b /award/award_category/winners./award/award_honor/award_winner /m/0h0wc 1 1 0 0
/m/03x3wf /award/award_category/winners./award/award_honor/award_winner /m/0127gn 1 1 0 0
/m/0f4x7 /award/award_category/winners./award/award_honor/award_winner /m/015qt5 0 0 0 0
/m/0gqyl /award/award_category/winners./award/award_honor/award_winner /m/039x1k 1 1 0 0
/m/02z13jg /award/award_category/winners./award/award_honor/award_winner /m/01f873 1 1 0 0
/m/03hl6lc /award/award_category/winners./award/award_honor/award_winner /m/081lh 1 1 0 0
/m/05qck /award/award_category/winners./award/award_honor/award_winner /m/0ph2w 1 1 0 0
/m/027b9ly /award/award_category/winners./award/award_honor/award_winner /m/01ts_3 0 0 0 0
/m/0bfvw2 /award/award_category/winners./award/award_honor/award_winner /m/030hbp 1 1 0 0
/m/02qvyrt /award/award_category/winners./award/award_honor/award_winner /m/0146pg 1 1 0 0
/m/099tbz /award/award_category/winners./award/award_honor/award_winner /m/0294fd 1 1 0 0
/m/027b9k6 /award/award_category/winners./award/award_honor/award_winner /m/01jmv8 1 1 0 0
/m/05zvj3m /award/award_category/winners./award/award_honor/award_winner /m/0pz91 1 1 0 0
/m/02f5qb /award/award_category/winners./award/award_honor/award_winner /m/015f7 0 0 0 0
/m/0bqsk5 /award/award_category/winners./award/award_honor/award_winner /m/043hg 0 0 0 0
/m/03hl6lc /award/award_category/winners./award/award_honor/award_winner /m/07h07 1 1 0 0
/m/02xcb6n /award/award_category/winners./award/award_honor/award_winner /m/0cp9f9 1 1 0 1
/m/099tbz /award/award_category/winners./award/award_honor/award_winner /m/048s0r 1 1 0 0
/m/054ky1 /award/award_category/winners./award/award_honor/award_winner /m/06pj8 0 0 0 0
/m/0265wl /award/award_category/winners./award/award_honor/award_winner /m/05x8n 0 0 0 0
/m/023vrq /award/award_category/winners./award/award_honor/award_winner /m/01vsgrn 1 1 0 0
/m/09sdmz /award/award_category/winners./award/award_honor/award_winner /m/026rm_y 0 1 0 0
/m/027b9k6 /award/award_category/winners./award/award_honor/award_winner /m/01p7yb 0 1 0 0
/m/0468g4r /award/award_category/winners./award/award_honor/award_winner /m/076_74 0 0 0 0
/m/05pcn59 /award/award_category/winners./award/award_honor/award_winner /m/02jtjz 0 0 0 0
/m/02y_j8g /award/award_category/winners./award/award_honor/award_winner /m/0psss 1 1 0 0
/m/0m7yy /award/award_category/winners./award/award_honor/award_winner /m/014hdb 1 1 0 0
/m/02wkmx /award/award_category/winners./award/award_honor/award_winner /m/01q4qv 0 0 0 0
/m/099jhq /award/award_category/winners./award/award_honor/award_winner /m/017149 1 1 0 0
/m/0gqwc /award/award_category/winners./award/award_honor/award_winner /m/01gvyp 1 1 0 0
/m/027cyf7 /award/award_category/winners./award/award_honor/award_winner /m/02qgqt 0 1 0 0
/m/06196 /award/award_category/winners./award/award_honor/award_winner /m/0h25 0 0 0 0
/m/02z13jg /award/award_category/winners./award/award_honor/award_winner /m/01tsbmv 0 0 0 0
/m/02x201b /award/award_category/winners./award/award_honor/award_winner /m/01vvycq 0 0 0 0
/m/02py7pj /award/award_category/winners./award/award_honor/award_winner /m/02_fj 0 0 0 0
/m/027c95y /award/award_category/winners./award/award_honor/award_winner /m/06dv3 0 0 0 0
/m/099ck7 /award/award_category/winners./award/award_honor/award_winner /m/0flw6 1 1 0 0
/m/01by1l /award/award_category/winners./award/award_honor/award_winner /m/0pkyh 1 1 0 0
/m/02f6xy /award/award_category/winners./award/award_honor/award_winner /m/02vr7 0 0 0 0
/m/01bgqh /award/award_category/winners./award/award_honor/award_winner /m/09mq4m 1 1 0 0
/m/02wwsh8 /award/award_category/winners./award/award_honor/award_winner /m/049l7 0 0 0 0
/m/027c924 /award/award_category/winners./award/award_honor/award_winner /m/0184jw 1 1 0 0
/m/01cw7s /award/award_category/winners./award/award_honor/award_winner /m/026spg 0 0 0 0
/m/057xs89 /award/award_category/winners./award/award_honor/award_winner /m/048lv 0 0 0 0
/m/0fdtd7 /award/award_category/winners./award/award_honor/award_winner /m/02lf0c 1 1 1 1
/m/0bs0bh /award/award_category/winners./award/award_honor/award_winner /m/016zp5 0 0 0 0
/m/0d085 /award/award_category/winners./award/award_honor/award_winner /m/06z4wj 1 1 0 0
std confidence sum
/m/02py7pj /award/award_category/winners./award/award_honor/award_winner /m/0bw6y 0 0 0 0
/m/02f77y /award/award_category/winners./award/award_honor/award_winner /m/01vrt_c 0 0 0 0
/m/0bdwft /award/award_category/winners./award/award_honor/award_winner /m/019l68 0 0 0 0
/m/027c924 /award/award_category/winners./award/award_honor/award_winner /m/04sry 0 1 0 0
/m/09d28z /award/award_category/winners./award/award_honor/award_winner /m/0gs1_ 1 1 0 0
/m/02kgb7 /award/award_category/winners./award/award_honor/award_winner /m/04wqr 0 0 0 0
/m/0bs0bh /award/award_category/winners./award/award_honor/award_winner /m/015rhv 0 0 0 0
/m/0m7yy /award/award_category/winners./award/award_honor/award_winner /m/087c7 0 0 0 0
/m/0cqhk0 /award/award_category/winners./award/award_honor/award_winner /m/0404wqb 1 1 1 1
/m/02wkmx /award/award_category/winners./award/award_honor/award_winner /m/0kft 0 0 0 0
/m/01c427 /award/award_category/winners./award/award_honor/award_winner /m/02h9_l 0 0 0 0
/m/047xyn /award/award_category/winners./award/award_honor/award_winner /m/02y49 0 0 0 0
/m/02y_rq5 /award/award_category/winners./award/award_honor/award_winner /m/0n6f8 1 1 0 1
/m/02y_rq5 /award/award_category/winners./award/award_honor/award_winner /m/04r7p 1 1 0 0
/m/03tcnt /award/award_category/winners./award/award_honor/award_winner /m/023p29 1 1 0 0
/m/05h5nb8 /award/award_category/winners./award/award_honor/award_winner /m/02fcs2 0 0 0 0
/m/02qkk9_ /award/award_category/winners./award/award_honor/award_winner /m/0g476 0 0 0 0
/m/05f4m9q /award/award_category/winners./award/award_honor/award_winner /m/02rk45 1 1 0 0
/m/02wkmx /award/award_category/winners./award/award_honor/award_winner /m/02vyw 1 1 0 0
/m/03rbj2 /award/award_category/winners./award/award_honor/award_winner /m/03t8v3 0 0 0 0
/m/027b9ly /award/award_category/winners./award/award_honor/award_winner /m/0js9s 0 0 0 0
/m/04fgkf_ /award/award_category/winners./award/award_honor/award_winner /m/0grwj 0 0 0 0
/m/027986c /award/award_category/winners./award/award_honor/award_winner /m/0bwh6 1 1 0 1
/m/03nc9d /award/award_category/winners./award/award_honor/award_winner /m/026spg 0 1 0 0
/m/026m9w /award/award_category/winners./award/award_honor/award_winner /m/0x3b7 1 1 0 0
/m/026m9w /award/award_category/winners./award/award_honor/award_winner /m/01h5f8 0 0 0 0
/m/09v8db5 /award/award_category/winners./award/award_honor/award_winner /m/065d1h 1 1 1 1
/m/01d38g /award/award_category/winners./award/award_honor/award_winner /m/015bwt 0 0 0 0
/m/01l29r /award/award_category/winners./award/award_honor/award_winner /m/026g4l_ 1 1 0 0
/m/02pqp12 /award/award_category/winners./award/award_honor/award_winner /m/013tcv 1 1 0 0
/m/04dn09n /award/award_category/winners./award/award_honor/award_winner /m/02vyw 0 1 0 0
/m/027c924 /award/award_category/winners./award/award_honor/award_winner /m/01_vfy 0 0 0 0
/m/07t_l23 /award/award_category/winners./award/award_honor/award_winner /m/03p9hl 0 0 0 0
/m/01c4_6 /award/award_category/winners./award/award_honor/award_winner /m/0137g1 0 0 0 0
/m/02qkk9_ /award/award_category/winners./award/award_honor/award_winner /m/0drc1 1 1 0 0
/m/027c95y /award/award_category/winners./award/award_honor/award_winner /m/046qq 1 1 0 0
/m/0gs9p /award/award_category/winners./award/award_honor/award_winner /m/06pj8 0 1 0 0
/m/01by1l /award/award_category/winners./award/award_honor/award_winner /m/0g10g 0 0 0 0
/m/03x3wf /award/award_category/winners./award/award_honor/award_winner /m/01vsy9_ 0 0 0 0
/m/02h3d1 /award/award_category/winners./award/award_honor/award_winner /m/0pkgt 0 0 0 0
/m/03nqnk3 /award/award_category/winners./award/award_honor/award_winner /m/0c12h 0 0 0 0
/m/099tbz /award/award_category/winners./award/award_honor/award_winner /m/07m9cm 1 1 0 1
/m/0cqh46 /award/award_category/winners./award/award_honor/award_winner /m/016ywr 1 1 0 0
/m/02py7pj /award/award_category/winners./award/award_honor/award_winner /m/0j582 0 0 0 0
/m/02wkmx /award/award_category/winners./award/award_honor/award_winner /m/0gv40 0 0 0 0
/m/03qbnj /award/award_category/winners./award/award_honor/award_winner /m/0478__m 1 1 0 0
/m/054ky1 /award/award_category/winners./award/award_honor/award_winner /m/0gyx4 0 0 0 0
/m/0d085 /award/award_category/winners./award/award_honor/award_winner /m/0hnjt 0 0 0 0
/m/0m7yy /award/award_category/winners./award/award_honor/award_winner /m/031rq5 1 1 0 0
/m/0bsjcw /award/award_category/winners./award/award_honor/award_winner /m/039x1k 0 0 0 0
/m/027c95y /award/award_category/winners./award/award_honor/award_winner /m/015np0 1 1 0 0
/m/02wkmx /award/award_category/winners./award/award_honor/award_winner /m/01g1lp 0 0 0 0
/m/05qck /award/award_category/winners./award/award_honor/award_winner /m/01m4kpp 0 0 0 0
/m/024dzn /award/award_category/winners./award/award_honor/award_winner /m/02fgpf 1 1 0 0
/m/02x4wb /award/award_category/winners./award/award_honor/award_winner /m/0c9l1 0 0 0 0
/m/0ddd9 /award/award_category/winners./award/award_honor/award_winner /m/073v6 1 1 0 0
/m/05zrvfd /award/award_category/winners./award/award_honor/award_winner /m/049g_xj 1 1 0 0
/m/05kjlr /award/award_category/winners./award/award_honor/award_winner /m/05fg2 0 0 0 0
/m/02g2wv /award/award_category/winners./award/award_honor/award_winner /m/01mt1fy 0 0 0 0
/m/0gr0m /award/award_category/winners./award/award_honor/award_winner /m/07xr3w 1 1 1 1
/m/0m7yy /award/award_category/winners./award/award_honor/award_winner /m/01l87db 0 0 0 0
/m/05qck /award/award_category/winners./award/award_honor/award_winner /m/034ls 0 0 0 0
/m/01c427 /award/award_category/winners./award/award_honor/award_winner /m/07c0j 0 0 0 0
/m/02nhxf /award/award_category/winners./award/award_honor/award_winner /m/02jqjm 0 0 0 0
/m/03qbnj /award/award_category/winners./award/award_honor/award_winner /m/04vrxh 1 1 0 0
/m/06196 /award/award_category/winners./award/award_honor/award_winner /m/06hgj 0 0 0 0
/m/02z13jg /award/award_category/winners./award/award_honor/award_winner /m/03jj93 0 0 0 0
/m/01by1l /award/award_category/winners./award/award_honor/award_winner /m/02r4qs 0 0 0 0
/m/027b9ly /award/award_category/winners./award/award_honor/award_winner /m/06pj8 0 0 0 0
/m/01bgqh /award/award_category/winners./award/award_honor/award_winner /m/01kd57 1 1 0 0
/m/09d28z /award/award_category/winners./award/award_honor/award_winner /m/081lh 1 1 0 1
/m/0cqhk0 /award/award_category/winners./award/award_honor/award_winner /m/07sgfsl 1 1 1 1
/m/068gn /award/award_category/winners./award/award_honor/award_winner /m/021sv1 0 0 0 0
/m/031b3h /award/award_category/winners./award/award_honor/award_winner /m/016732 0 1 0 0
/m/01cw7s /award/award_category/winners./award/award_honor/award_winner /m/01w7nww 0 0 0 0
/m/0cqgl9 /award/award_category/winners./award/award_honor/award_winner /m/0h32q 0 0 0 0
/m/0gqy2 /award/award_category/winners./award/award_honor/award_winner /m/02_fj 1 1 0 0
/m/01ckrr /award/award_category/winners./award/award_honor/award_winner /m/07sbk 0 0 0 0
/m/018wng /award/award_category/winners./award/award_honor/award_winner /m/09p0q 0 0 0 0
/m/05pcn59 /award/award_category/winners./award/award_honor/award_winner /m/03n08b 1 1 1 1
/m/09qrn4 /award/award_category/winners./award/award_honor/award_winner /m/0338g8 0 0 0 0
/m/057xs89 /award/award_category/winners./award/award_honor/award_winner /m/0j5q3 0 0 0 0
/m/02f6ym /award/award_category/winners./award/award_honor/award_winner /m/0dl567 0 0 0 0
/m/02g3gj /award/award_category/winners./award/award_honor/award_winner /m/03j1p2n 1 1 0 0
/m/054ks3 /award/award_category/winners./award/award_honor/award_winner /m/012x4t 0 1 0 0
/m/02py7pj /award/award_category/winners./award/award_honor/award_winner /m/0k9j_ 0 0 0 0
/m/027c95y /award/award_category/winners./award/award_honor/award_winner /m/0h0jz 0 0 0 0
/m/025m8l /award/award_category/winners./award/award_honor/award_winner /m/0178rl 0 1 0 0
/m/02w9sd7 /award/award_category/winners./award/award_honor/award_winner /m/01cj6y 1 1 0 0
/m/09cm54 /award/award_category/winners./award/award_honor/award_winner /m/0170pk 0 1 0 0
/m/01ckrr /award/award_category/winners./award/award_honor/award_winner /m/0frsw 0 0 0 0
/m/027b9j5 /award/award_category/winners./award/award_honor/award_winner /m/0b_dy 0 0 0 0
/m/05f3q /award/award_category/winners./award/award_honor/award_winner /m/07t65 0 0 0 0
/m/0dt39 /award/award_category/winners./award/award_honor/award_winner /m/06crk 0 0 0 0
/m/02z1nbg /award/award_category/winners./award/award_honor/award_winner /m/0chw_ 0 0 0 0
/m/04kxsb /award/award_category/winners./award/award_honor/award_winner /m/016xh5 1 1 0 0
/m/099tbz /award/award_category/winners./award/award_honor/award_winner /m/0336mc 1 1 0 1
/m/02wypbh /award/award_category/winners./award/award_honor/award_winner /m/03s9b 0 0 0 0
/m/01by1l /award/award_category/winners./award/award_honor/award_winner /m/01kd57 1 1 0 0
/m/027cyf7 /award/award_category/winners./award/award_honor/award_winner /m/09fb5 1 1 0 1
/m/02qvyrt /award/award_category/winners./award/award_honor/award_winner /m/01gg59 1 1 0 0
/m/05b1610 /award/award_category/winners./award/award_honor/award_winner /m/058frd 1 1 0 0
/m/02x4wr9 /award/award_category/winners./award/award_honor/award_winner /m/06t8b 1 1 0 0
/m/02w_6xj /award/award_category/winners./award/award_honor/award_winner /m/02pv_d 0 0 0 0
/m/01by1l /award/award_category/winners./award/award_honor/award_winner /m/0k7pf 1 1 0 0
/m/0gqwc /award/award_category/winners./award/award_honor/award_winner /m/04rfq 0 0 0 0
/m/09sb52 /award/award_category/winners./award/award_honor/award_winner /m/07rhpg 1 1 1 1
/m/04ljl_l /award/award_category/winners./award/award_honor/award_winner /m/0jrqq 1 1 0 0
/m/02f73b /award/award_category/winners./award/award_honor/award_winner /m/016t0h 0 0 0 0
/m/099tbz /award/award_category/winners./award/award_honor/award_winner /m/02tr7d 1 1 0 0
/m/054ky1 /award/award_category/winners./award/award_honor/award_winner /m/01t9qj_ 0 0 0 0
/m/0ddd9 /award/award_category/winners./award/award_honor/award_winner /m/02kz_ 1 1 0 0
/m/0789r6 /award/award_category/winners./award/award_honor/award_winner /m/01ts_3 1 1 0 0
/m/02f5qb /award/award_category/winners./award/award_honor/award_winner /m/046p9 0 0 0 0
/m/020qjg /award/award_category/winners./award/award_honor/award_winner /m/0jcx 1 1 1 1
/m/02r0d0 /award/award_category/winners./award/award_honor/award_winner /m/098sx 0 0 0 0
/m/05f3q /award/award_category/winners./award/award_honor/award_winner /m/08849 1 1 1 1
/m/0bfvd4 /award/award_category/winners./award/award_honor/award_winner /m/03xkps 0 0 0 0
/m/099tbz /award/award_category/winners./award/award_honor/award_winner /m/026r8q 1 1 0 0
/m/0ck27z /award/award_category/winners./award/award_honor/award_winner /m/044lyq 1 1 1 1
/m/02py7pj /award/award_category/winners./award/award_honor/award_winner /m/0kftt 1 1 0 0
/m/01cw7s /award/award_category/winners./award/award_honor/award_winner /m/02h9_l 0 0 0 0
/m/02z13jg /award/award_category/winners./award/award_honor/award_winner /m/01qscs 0 1 0 0
/m/027986c /award/award_category/winners./award/award_honor/award_winner /m/016kb7 1 1 0 0
/m/09cm54 /award/award_category/winners./award/award_honor/award_winner /m/014zcr 0 1 0 0
/m/0m7yy /award/award_category/winners./award/award_honor/award_winner /m/02630g 0 0 0 0
/m/02qkk9_ /award/award_category/winners./award/award_honor/award_winner /m/0l6qt 1 1 0 0
/m/05qck /award/award_category/winners./award/award_honor/award_winner /m/0d3k14 1 1 1 1
/m/02f75t /award/award_category/winners./award/award_honor/award_winner /m/0147dk 0 0 0 0
/m/01bgqh /award/award_category/winners./award/award_honor/award_winner /m/01vttb9 0 0 0 0
/m/03tcnt /award/award_category/winners./award/award_honor/award_winner /m/018x3 1 1 0 0
/m/099tbz /award/award_category/winners./award/award_honor/award_winner /m/016ypb 1 1 0 1
/m/0d085 /award/award_category/winners./award/award_honor/award_winner /m/01_6dw 0 0 0 0
/m/024fz9 /award/award_category/winners./award/award_honor/award_winner /m/06m61 1 1 0 0
/m/0c_dx /award/award_category/winners./award/award_honor/award_winner /m/0bv7t 0 0 0 0
/m/027c95y /award/award_category/winners./award/award_honor/award_winner /m/01385g 0 0 0 0
/m/0gqwc /award/award_category/winners./award/award_honor/award_winner /m/0g476 1 1 0 0
/m/09qj50 /award/award_category/winners./award/award_honor/award_winner /m/025mb_ 1 1 0 0
/m/01bb1c /award/award_category/winners./award/award_honor/award_winner /m/07zl1 0 0 0 0
/m/0gqy2 /award/award_category/winners./award/award_honor/award_winner /m/016fjj 1 1 0 0
/m/02664f /award/award_category/winners./award/award_honor/award_winner /m/03hpr 1 1 0 0
/m/0m7yy /award/award_category/winners./award/award_honor/award_winner /m/0hm0k 1 1 1 1
/m/0m7yy /award/award_category/winners./award/award_honor/award_winner /m/017dpj 1 1 0 0
/m/05f3q /award/award_category/winners./award/award_honor/award_winner /m/02jxk 0 0 0 0
/m/03ncb2 /award/award_category/winners./award/award_honor/award_winner /m/02qtywd 0 0 0 0
/m/018wdw /award/award_category/winners./award/award_honor/award_winner /m/04ktcgn 1 1 0 0
/m/024_dt /award/award_category/winners./award/award_honor/award_winner /m/0h6sv 0 0 0 0
/m/0gq9h /award/award_category/winners./award/award_honor/award_winner /m/0cjdk 0 0 0 0
/m/02qkk9_ /award/award_category/winners./award/award_honor/award_winner /m/0g10g 0 0 0 0
/m/027dtxw /award/award_category/winners./award/award_honor/award_winner /m/02cllz 1 1 0 0
/m/0gs9p /award/award_category/winners./award/award_honor/award_winner /m/0dbbz 1 1 0 0
/m/06zrp44 /award/award_category/winners./award/award_honor/award_winner /m/07bty 0 0 0 0
/m/05p09zm /award/award_category/winners./award/award_honor/award_winner /m/04zqmj 1 1 0 0
/m/02ddq4 /award/award_category/winners./award/award_honor/award_winner /m/02cx90 1 1 0 0
/m/09cm54 /award/award_category/winners./award/award_honor/award_winner /m/0p_47 0 0 0 0
/m/09cm54 /award/award_category/winners./award/award_honor/award_winner /m/03f1zdw 0 0 0 0
/m/0bdw6t /award/award_category/winners./award/award_honor/award_winner /m/014zfs 0 0 0 0
/m/07jqvw /award/award_category/winners./award/award_honor/award_winner /m/06hgj 0 0 0 0
/m/02z13jg /award/award_category/winners./award/award_honor/award_winner /m/02tv80 1 1 0 0
/m/02681xs /award/award_category/winners./award/award_honor/award_winner /m/03x82v 1 1 0 0
/m/0j6j8 /award/award_category/winners./award/award_honor/award_winner /m/05jm7 1 1 0 0
/m/0m7yy /award/award_category/winners./award/award_honor/award_winner /m/01j53q 1 1 1 1
/m/0m7yy /award/award_category/winners./award/award_honor/award_winner /m/01nzs7 1 1 1 1
/m/04kxsb /award/award_category/winners./award/award_honor/award_winner /m/0gyy0 1 1 0 0
/m/0gs9p /award/award_category/winners./award/award_honor/award_winner /m/01j2xj 0 0 0 0
/m/05kjlr /award/award_category/winners./award/award_honor/award_winner /m/0d__g 1 1 1 1
/m/05qck /award/award_category/winners./award/award_honor/award_winner /m/051cc 0 0 0 0
/m/027571b /award/award_category/winners./award/award_honor/award_winner /m/0h0wc 1 1 0 0
/m/03x3wf /award/award_category/winners./award/award_honor/award_winner /m/0127gn 1 1 0 0
/m/0f4x7 /award/award_category/winners./award/award_honor/award_winner /m/015qt5 0 0 0 0
/m/0gqyl /award/award_category/winners./award/award_honor/award_winner /m/039x1k 1 1 0 0
/m/02z13jg /award/award_category/winners./award/award_honor/award_winner /m/01f873 1 1 0 0
/m/03hl6lc /award/award_category/winners./award/award_honor/award_winner /m/081lh 1 1 0 1
/m/05qck /award/award_category/winners./award/award_honor/award_winner /m/0ph2w 1 1 0 0
/m/027b9ly /award/award_category/winners./award/award_honor/award_winner /m/01ts_3 0 0 0 0
/m/0bfvw2 /award/award_category/winners./award/award_honor/award_winner /m/030hbp 1 1 0 0
/m/02qvyrt /award/award_category/winners./award/award_honor/award_winner /m/0146pg 1 1 0 0
/m/099tbz /award/award_category/winners./award/award_honor/award_winner /m/0294fd 1 1 0 0
/m/027b9k6 /award/award_category/winners./award/award_honor/award_winner /m/01jmv8 1 1 0 0
/m/05zvj3m /award/award_category/winners./award/award_honor/award_winner /m/0pz91 0 1 0 0
/m/02f5qb /award/award_category/winners./award/award_honor/award_winner /m/015f7 0 0 0 0
/m/0bqsk5 /award/award_category/winners./award/award_honor/award_winner /m/043hg 0 0 0 0
/m/03hl6lc /award/award_category/winners./award/award_honor/award_winner /m/07h07 1 1 0 0
/m/02xcb6n /award/award_category/winners./award/award_honor/award_winner /m/0cp9f9 1 1 0 1
/m/099tbz /award/award_category/winners./award/award_honor/award_winner /m/048s0r 1 1 0 1
/m/054ky1 /award/award_category/winners./award/award_honor/award_winner /m/06pj8 0 0 0 0
/m/0265wl /award/award_category/winners./award/award_honor/award_winner /m/05x8n 0 0 0 0
/m/023vrq /award/award_category/winners./award/award_honor/award_winner /m/01vsgrn 1 1 0 0
/m/09sdmz /award/award_category/winners./award/award_honor/award_winner /m/026rm_y 0 1 0 0
/m/027b9k6 /award/award_category/winners./award/award_honor/award_winner /m/01p7yb 1 1 0 0
/m/0468g4r /award/award_category/winners./award/award_honor/award_winner /m/076_74 0 0 0 0
/m/05pcn59 /award/award_category/winners./award/award_honor/award_winner /m/02jtjz 0 0 0 0
/m/02y_j8g /award/award_category/winners./award/award_honor/award_winner /m/0psss 1 1 0 0
/m/0m7yy /award/award_category/winners./award/award_honor/award_winner /m/014hdb 1 1 0 0
/m/02wkmx /award/award_category/winners./award/award_honor/award_winner /m/01q4qv 0 0 0 0
/m/099jhq /award/award_category/winners./award/award_honor/award_winner /m/017149 1 1 0 0
/m/0gqwc /award/award_category/winners./award/award_honor/award_winner /m/01gvyp 1 1 0 0
/m/027cyf7 /award/award_category/winners./award/award_honor/award_winner /m/02qgqt 1 1 0 0
/m/06196 /award/award_category/winners./award/award_honor/award_winner /m/0h25 0 0 0 0
/m/02z13jg /award/award_category/winners./award/award_honor/award_winner /m/01tsbmv 0 0 0 0
/m/02x201b /award/award_category/winners./award/award_honor/award_winner /m/01vvycq 0 0 0 0
/m/02py7pj /award/award_category/winners./award/award_honor/award_winner /m/02_fj 0 0 0 0
/m/027c95y /award/award_category/winners./award/award_honor/award_winner /m/06dv3 0 0 0 0
/m/099ck7 /award/award_category/winners./award/award_honor/award_winner /m/0flw6 1 1 0 0
/m/01by1l /award/award_category/winners./award/award_honor/award_winner /m/0pkyh 1 1 0 0
/m/02f6xy /award/award_category/winners./award/award_honor/award_winner /m/02vr7 0 0 0 0
/m/01bgqh /award/award_category/winners./award/award_honor/award_winner /m/09mq4m 1 1 0 0
/m/02wwsh8 /award/award_category/winners./award/award_honor/award_winner /m/049l7 0 0 0 0
/m/027c924 /award/award_category/winners./award/award_honor/award_winner /m/0184jw 1 1 0 0
/m/01cw7s /award/award_category/winners./award/award_honor/award_winner /m/026spg 0 0 0 0
/m/057xs89 /award/award_category/winners./award/award_honor/award_winner /m/048lv 0 0 0 0
/m/0fdtd7 /award/award_category/winners./award/award_honor/award_winner /m/02lf0c 1 1 0 0
/m/0bs0bh /award/award_category/winners./award/award_honor/award_winner /m/016zp5 0 0 0 0
/m/0d085 /award/award_category/winners./award/award_honor/award_winner /m/06z4wj 1 1 0 0
