pca confidence count
/m/04lc0h /base/biblioness/bibs_location/country /m/0ctw_b 0 0 0 0
/m/027l4q /base/biblioness/bibs_location/country /m/09c7w0 0 0 0 0
/m/0vrmb /base/biblioness/bibs_location/country /m/09c7w0 0 0 0 0
/m/0ny57 /base/biblioness/bibs_location/country /m/09c7w0 0 0 0 0
/m/0nbzp /base/biblioness/bibs_location/country /m/09c7w0 0 0 0 0
/m/0ygbf /base/biblioness/bibs_location/country /m/09c7w0 0 0 0 0
/m/01mc11 /base/biblioness/bibs_location/country /m/09c7w0 0 0 0 0
/m/0rydq /base/biblioness/bibs_location/country /m/09c7w0 0 0 0 0
/m/079yb /base/biblioness/bibs_location/country /m/03rjj 0 0 0 0
/m/0fkbh /base/biblioness/bibs_location/country /m/03rk0 0 0 0 0
/m/0xnt5 /base/biblioness/bibs_location/country /m/05sb1 1 1 0 0
/m/0k6bt /base/biblioness/bibs_location/country /m/0f8l9c 0 0 0 0
/m/09snz /base/biblioness/bibs_location/country /m/09c7w0 0 0 0 0
/m/01sv6k /base/biblioness/bibs_location/country /m/03rk0 0 0 0 0
std confidence count
/m/04lc0h /base/biblioness/bibs_location/country /m/0ctw_b 1 1 0 0
/m/027l4q /base/biblioness/bibs_location/country /m/09c7w0 0 0 0 0
/m/0vrmb /base/biblioness/bibs_location/country /m/09c7w0 0 0 0 0
/m/0ny57 /base/biblioness/bibs_location/country /m/09c7w0 0 0 0 0
/m/0nbzp /base/biblioness/bibs_location/country /m/09c7w0 0 0 0 0
/m/0ygbf /base/biblioness/bibs_location/country /m/09c7w0 0 0 0 0
/m/01mc11 /base/biblioness/bibs_location/country /m/09c7w0 0 0 0 0
/m/0rydq /base/biblioness/bibs_location/country /m/09c7w0 0 0 0 0
/m/079yb /base/biblioness/bibs_location/country /m/03rjj 0 0 0 0
/m/0fkbh /base/biblioness/bibs_location/country /m/03rk0 0 1 0 0
/m/0xnt5 /base/biblioness/bibs_location/country /m/05sb1 1 1 0 0
/m/0k6bt /base/biblioness/bibs_location/country /m/0f8l9c 0 0 0 0
/m/09snz /base/biblioness/bibs_location/country /m/09c7w0 0 0 0 0
/m/01sv6k /base/biblioness/bibs_location/country /m/03rk0 0 0 0 0
pca confidence sum
/m/04lc0h /base/biblioness/bibs_location/country /m/0ctw_b 0 0 0 0
/m/027l4q /base/biblioness/bibs_location/country /m/09c7w0 0 0 0 0
/m/0vrmb /base/biblioness/bibs_location/country /m/09c7w0 0 0 0 0
/m/0ny57 /base/biblioness/bibs_location/country /m/09c7w0 0 0 0 0
/m/0nbzp /base/biblioness/bibs_location/country /m/09c7w0 0 0 0 0
/m/0ygbf /base/biblioness/bibs_location/country /m/09c7w0 0 0 0 0
/m/01mc11 /base/biblioness/bibs_location/country /m/09c7w0 0 0 0 0
/m/0rydq /base/biblioness/bibs_location/country /m/09c7w0 0 0 0 0
/m/079yb /base/biblioness/bibs_location/country /m/03rjj 0 0 0 0
/m/0fkbh /base/biblioness/bibs_location/country /m/03rk0 0 0 0 0
/m/0xnt5 /base/biblioness/bibs_location/country /m/05sb1 1 1 0 0
/m/0k6bt /base/biblioness/bibs_location/country /m/0f8l9c 0 0 0 0
/m/09snz /base/biblioness/bibs_location/country /m/09c7w0 0 0 0 0
/m/01sv6k /base/biblioness/bibs_location/country /m/03rk0 0 0 0 0
std confidence sum
/m/04lc0h /base/biblioness/bibs_location/country /m/0ctw_b 1 1 0 0
/m/027l4q /base/biblioness/bibs_location/country /m/09c7w0 0 0 0 0
/m/0vrmb /base/biblioness/bibs_location/country /m/09c7w0 0 0 0 0
/m/0ny57 /base/biblioness/bibs_location/country /m/09c7w0 0 0 0 0
/m/0nbzp /base/biblioness/bibs_location/country /m/09c7w0 0 0 0 0
/m/0ygbf /base/biblioness/bibs_location/country /m/09c7w0 0 0 0 0
/m/01mc11 /base/biblioness/bibs_location/country /m/09c7w0 0 0 0 0
/m/0rydq /base/biblioness/bibs_location/country /m/09c7w0 0 0 0 0
/m/079yb /base/biblioness/bibs_location/country /m/03rjj 0 0 0 0
/m/0fkbh /base/biblioness/bibs_location/country /m/03rk0 0 0 0 0
/m/0xnt5 /base/biblioness/bibs_location/country /m/05sb1 1 1 0 0
/m/0k6bt /base/biblioness/bibs_location/country /m/0f8l9c 0 0 0 0
/m/09snz /base/biblioness/bibs_location/country /m/09c7w0 0 0 0 0
/m/01sv6k /base/biblioness/bibs_location/country /m/03rk0 0 0 0 0
