pca confidence count
/m/059g4 /base/locations/continents/countries_within /m/06ryl 1 1 1 1
/m/02j9z /base/locations/continents/countries_within /m/03rt9 1 1 1 1
/m/02j9z /base/locations/continents/countries_within /m/06mkj 1 1 1 1
/m/02j9z /base/locations/continents/countries_within /m/03rjj 1 1 1 1
/m/02j9z /base/locations/continents/countries_within /m/07ssc 1 1 1 1
std confidence count
/m/059g4 /base/locations/continents/countries_within /m/06ryl 1 1 1 1
/m/02j9z /base/locations/continents/countries_within /m/03rt9 1 1 1 1
/m/02j9z /base/locations/continents/countries_within /m/06mkj 1 1 1 1
/m/02j9z /base/locations/continents/countries_within /m/03rjj 1 1 1 1
/m/02j9z /base/locations/continents/countries_within /m/07ssc 1 1 1 1
pca confidence sum
/m/059g4 /base/locations/continents/countries_within /m/06ryl 1 1 1 1
/m/02j9z /base/locations/continents/countries_within /m/03rt9 1 1 1 1
/m/02j9z /base/locations/continents/countries_within /m/06mkj 1 1 1 1
/m/02j9z /base/locations/continents/countries_within /m/03rjj 1 1 1 1
/m/02j9z /base/locations/continents/countries_within /m/07ssc 1 1 1 1
std confidence sum
/m/059g4 /base/locations/continents/countries_within /m/06ryl 1 1 0 0
/m/02j9z /base/locations/continents/countries_within /m/03rt9 1 1 1 1
/m/02j9z /base/locations/continents/countries_within /m/06mkj 1 1 1 1
/m/02j9z /base/locations/continents/countries_within /m/03rjj 1 1 1 1
/m/02j9z /base/locations/continents/countries_within /m/07ssc 1 1 1 1
