pca confidence count
/m/03bx2lk /film/film/music /m/08c9b0 0 0 0 0
/m/02wwmhc /film/film/music /m/0fpjyd 0 0 0 0
/m/09rsjpv /film/film/music /m/01m3b1t 0 0 0 0
/m/03t95n /film/film/music /m/01mkn_d 0 0 0 0
/m/0g83dv /film/film/music /m/012ljv 0 0 0 0
/m/052_mn /film/film/music /m/01mz9lt 0 0 0 0
/m/07p62k /film/film/music /m/01mkn_d 0 0 0 0
/m/016y_f /film/film/music /m/015wc0 0 0 0 0
/m/0c9k8 /film/film/music /m/02ryx0 0 0 0 0
/m/02x8fs /film/film/music /m/05_pkf 0 0 0 0
/m/0bq6ntw /film/film/music /m/01nqfh_ 0 0 0 0
/m/04v89z /film/film/music /m/020fgy 0 0 0 0
/m/09hy79 /film/film/music /m/018x3 0 0 0 0
/m/03mr85 /film/film/music /m/02wb6d 0 0 0 0
/m/01q2nx /film/film/music /m/02cyfz 0 0 0 0
/m/026zlh9 /film/film/music /m/012ky3 0 0 0 0
/m/01jft4 /film/film/music /m/01mkn_d 0 0 0 0
/m/043t8t /film/film/music /m/0jn5l 0 0 0 0
/m/02vjp3 /film/film/music /m/01m7f5r 0 0 0 0
/m/01d2v1 /film/film/music /m/01l1rw 0 0 0 0
/m/0d90m /film/film/music /m/01ycfv 0 0 0 0
/m/0j_t1 /film/film/music /m/01wmcbg 0 0 0 0
/m/056xkh /film/film/music /m/06fxnf 0 0 0 0
/m/05dmmc /film/film/music /m/03zrp 0 0 0 0
/m/0fdv3 /film/film/music /m/0146pg 0 0 0 0
/m/08ct6 /film/film/music /m/0hr3g 1 1 1 1
/m/04s1zr /film/film/music /m/0fpjyd 0 0 0 0
/m/0kvbl6 /film/film/music /m/02jxmr 1 1 0 0
/m/01jc6q /film/film/music /m/01c7p_ 0 0 0 0
/m/06__m6 /film/film/music /m/07v4dm 0 0 0 0
/m/035_2h /film/film/music /m/02bh9 0 0 0 0
/m/04180vy /film/film/music /m/02jxmr 0 0 0 0
/m/02gqm3 /film/film/music /m/012ky3 0 0 0 0
/m/0jvt9 /film/film/music /m/02sj1x 0 0 0 0
/m/025twgf /film/film/music /m/01cbt3 1 1 0 0
/m/01jr4j /film/film/music /m/020fgy 0 0 0 0
/m/03cvvlg /film/film/music /m/01tc9r 0 0 0 0
/m/0jjy0 /film/film/music /m/02jxmr 0 0 0 0
/m/048rn /film/film/music /m/01pr6q7 0 0 0 0
/m/08mg_b /film/film/music /m/02jxmr 1 1 0 0
/m/072r5v /film/film/music /m/02cyfz 0 0 0 0
/m/01hr1 /film/film/music /m/07j8kh 1 1 1 1
/m/0340hj /film/film/music /m/0fpjyd 0 0 0 0
/m/025n07 /film/film/music /m/05_pkf 0 0 0 0
/m/0symg /film/film/music /m/0m2l9 0 0 0 0
/m/015gm8 /film/film/music /m/01l1rw 0 0 0 0
/m/0cbn7c /film/film/music /m/07zhd7 0 0 0 0
/m/0456zg /film/film/music /m/03kwtb 0 0 0 0
/m/01b195 /film/film/music /m/01l1rw 0 0 0 0
/m/0gkz3nz /film/film/music /m/0h6sv 0 0 0 0
/m/050gkf /film/film/music /m/01x6v6 0 0 0 0
/m/02d478 /film/film/music /m/09swkk 1 1 1 1
/m/0372j5 /film/film/music /m/095x_ 0 0 0 0
/m/0dscrwf /film/film/music /m/01l79yc 0 0 0 0
/m/084qpk /film/film/music /m/089kpp 0 0 0 0
/m/035s95 /film/film/music /m/06fxnf 0 0 0 0
/m/02q56mk /film/film/music /m/0fpjyd 0 0 0 0
/m/092vkg /film/film/music /m/01m5m5b 1 1 0 0
/m/07sgdw /film/film/music /m/01l1rw 0 0 0 0
/m/01qbg5 /film/film/music /m/01m3b1t 0 0 0 0
/m/07vfy4 /film/film/music /m/01gg59 0 0 0 0
/m/0fphgb /film/film/music /m/03975z 0 0 0 0
/m/03ynwqj /film/film/music /m/0gv07g 0 0 0 0
/m/0d87hc /film/film/music /m/07qy0b 1 1 1 1
/m/0d99k_ /film/film/music /m/07qy0b 0 0 0 0
/m/02z3r8t /film/film/music /m/0jn5l 0 0 0 0
/m/0d_2fb /film/film/music /m/02jxmr 0 0 0 0
/m/05qbckf /film/film/music /m/01mkn_d 0 0 0 0
/m/031f_m /film/film/music /m/0ftqr 0 0 0 0
/m/03qnc6q /film/film/music /m/0csdzz 0 0 0 0
/m/043tvp3 /film/film/music /m/02bh9 0 0 0 0
/m/087wc7n /film/film/music /m/06fxnf 0 0 0 0
/m/0kvgtf /film/film/music /m/01hgwkr 0 0 0 0
/m/0gfzfj /film/film/music /m/05_swj 0 0 0 0
/m/03mh_tp /film/film/music /m/01m5m5b 0 0 0 0
/m/07kh6f3 /film/film/music /m/04pf4r 0 0 0 0
/m/060v34 /film/film/music /m/0bs1yy 0 0 0 0
/m/05k4my /film/film/music /m/02jxmr 0 0 0 0
/m/0yx1m /film/film/music /m/01l9v7n 0 0 0 0
/m/0ds2n /film/film/music /m/02g1jh 0 0 0 0
/m/014bpd /film/film/music /m/01l1rw 0 0 0 0
/m/03h3x5 /film/film/music /m/01l9v7n 0 0 0 0
/m/0b85mm /film/film/music /m/012201 0 0 0 0
/m/0fsw_7 /film/film/music /m/01cbt3 1 1 0 0
/m/0pk1p /film/film/music /m/01ycfv 0 0 0 0
/m/0cq7tx /film/film/music /m/05pq9 0 0 0 0
/m/016ky6 /film/film/music /m/01tc9r 0 0 0 0
/m/0g9yrw /film/film/music /m/01cbt3 0 0 0 0
/m/06tpmy /film/film/music /m/01nc3rh 0 0 0 0
/m/0ptdz /film/film/music /m/02bh9 0 0 0 0
/m/087vnr5 /film/film/music /m/04bpm6 0 0 0 0
/m/018js4 /film/film/music /m/019x62 0 0 0 0
std confidence count
/m/03bx2lk /film/film/music /m/08c9b0 0 0 0 0
/m/02wwmhc /film/film/music /m/0fpjyd 0 0 0 0
/m/09rsjpv /film/film/music /m/01m3b1t 0 0 0 0
/m/03t95n /film/film/music /m/01mkn_d 0 0 0 0
/m/0g83dv /film/film/music /m/012ljv 0 0 0 0
/m/052_mn /film/film/music /m/01mz9lt 0 0 0 0
/m/07p62k /film/film/music /m/01mkn_d 0 0 0 0
/m/016y_f /film/film/music /m/015wc0 0 0 0 0
/m/0c9k8 /film/film/music /m/02ryx0 0 0 0 0
/m/02x8fs /film/film/music /m/05_pkf 0 0 0 0
/m/0bq6ntw /film/film/music /m/01nqfh_ 0 0 0 0
/m/04v89z /film/film/music /m/020fgy 0 0 0 0
/m/09hy79 /film/film/music /m/018x3 0 0 0 0
/m/03mr85 /film/film/music /m/02wb6d 0 0 0 0
/m/01q2nx /film/film/music /m/02cyfz 0 0 0 0
/m/026zlh9 /film/film/music /m/012ky3 0 0 0 0
/m/01jft4 /film/film/music /m/01mkn_d 0 0 0 0
/m/043t8t /film/film/music /m/0jn5l 0 0 0 0
/m/02vjp3 /film/film/music /m/01m7f5r 0 0 0 0
/m/01d2v1 /film/film/music /m/01l1rw 0 0 0 0
/m/0d90m /film/film/music /m/01ycfv 0 0 0 0
/m/0j_t1 /film/film/music /m/01wmcbg 0 0 0 0
/m/056xkh /film/film/music /m/06fxnf 0 0 0 0
/m/05dmmc /film/film/music /m/03zrp 0 0 0 0
/m/0fdv3 /film/film/music /m/0146pg 0 0 0 0
/m/08ct6 /film/film/music /m/0hr3g 1 1 1 1
/m/04s1zr /film/film/music /m/0fpjyd 0 0 0 0
/m/0kvbl6 /film/film/music /m/02jxmr 1 1 0 0
/m/01jc6q /film/film/music /m/01c7p_ 0 0 0 0
/m/06__m6 /film/film/music /m/07v4dm 0 0 0 0
/m/035_2h /film/film/music /m/02bh9 0 0 0 0
/m/04180vy /film/film/music /m/02jxmr 0 0 0 0
/m/02gqm3 /film/film/music /m/012ky3 0 0 0 0
/m/0jvt9 /film/film/music /m/02sj1x 0 0 0 0
/m/025twgf /film/film/music /m/01cbt3 1 1 0 0
/m/01jr4j /film/film/music /m/020fgy 0 0 0 0
/m/03cvvlg /film/film/music /m/01tc9r 0 0 0 0
/m/0jjy0 /film/film/music /m/02jxmr 0 0 0 0
/m/048rn /film/film/music /m/01pr6q7 0 0 0 0
/m/08mg_b /film/film/music /m/02jxmr 1 1 0 0
/m/072r5v /film/film/music /m/02cyfz 0 0 0 0
/m/01hr1 /film/film/music /m/07j8kh 1 1 0 0
/m/0340hj /film/film/music /m/0fpjyd 0 0 0 0
/m/025n07 /film/film/music /m/05_pkf 0 0 0 0
/m/0symg /film/film/music /m/0m2l9 0 0 0 0
/m/015gm8 /film/film/music /m/01l1rw 0 0 0 0
/m/0cbn7c /film/film/music /m/07zhd7 0 0 0 0
/m/0456zg /film/film/music /m/03kwtb 0 0 0 0
/m/01b195 /film/film/music /m/01l1rw 0 0 0 0
/m/0gkz3nz /film/film/music /m/0h6sv 0 0 0 0
/m/050gkf /film/film/music /m/01x6v6 0 0 0 0
/m/02d478 /film/film/music /m/09swkk 1 1 1 1
/m/0372j5 /film/film/music /m/095x_ 0 0 0 0
/m/0dscrwf /film/film/music /m/01l79yc 0 0 0 0
/m/084qpk /film/film/music /m/089kpp 0 0 0 0
/m/035s95 /film/film/music /m/06fxnf 0 0 0 0
/m/02q56mk /film/film/music /m/0fpjyd 0 0 0 0
/m/092vkg /film/film/music /m/01m5m5b 1 1 0 0
/m/07sgdw /film/film/music /m/01l1rw 0 0 0 0
/m/01qbg5 /film/film/music /m/01m3b1t 0 0 0 0
/m/07vfy4 /film/film/music /m/01gg59 0 0 0 0
/m/0fphgb /film/film/music /m/03975z 0 0 0 0
/m/03ynwqj /film/film/music /m/0gv07g 0 0 0 0
/m/0d87hc /film/film/music /m/07qy0b 1 1 0 0
/m/0d99k_ /film/film/music /m/07qy0b 0 0 0 0
/m/02z3r8t /film/film/music /m/0jn5l 0 0 0 0
/m/0d_2fb /film/film/music /m/02jxmr 0 0 0 0
/m/05qbckf /film/film/music /m/01mkn_d 0 0 0 0
/m/031f_m /film/film/music /m/0ftqr 0 0 0 0
/m/03qnc6q /film/film/music /m/0csdzz 0 0 0 0
/m/043tvp3 /film/film/music /m/02bh9 0 0 0 0
/m/087wc7n /film/film/music /m/06fxnf 0 0 0 0
/m/0kvgtf /film/film/music /m/01hgwkr 0 0 0 0
/m/0gfzfj /film/film/music /m/05_swj 0 0 0 0
/m/03mh_tp /film/film/music /m/01m5m5b 0 0 0 0
/m/07kh6f3 /film/film/music /m/04pf4r 0 0 0 0
/m/060v34 /film/film/music /m/0bs1yy 0 0 0 0
/m/05k4my /film/film/music /m/02jxmr 0 0 0 0
/m/0yx1m /film/film/music /m/01l9v7n 0 0 0 0
/m/0ds2n /film/film/music /m/02g1jh 0 0 0 0
/m/014bpd /film/film/music /m/01l1rw 0 0 0 0
/m/03h3x5 /film/film/music /m/01l9v7n 0 0 0 0
/m/0b85mm /film/film/music /m/012201 0 0 0 0
/m/0fsw_7 /film/film/music /m/01cbt3 1 1 0 0
/m/0pk1p /film/film/music /m/01ycfv 0 0 0 0
/m/0cq7tx /film/film/music /m/05pq9 0 0 0 0
/m/016ky6 /film/film/music /m/01tc9r 0 0 0 0
/m/0g9yrw /film/film/music /m/01cbt3 0 0 0 0
/m/06tpmy /film/film/music /m/01nc3rh 0 0 0 0
/m/0ptdz /film/film/music /m/02bh9 0 0 0 0
/m/087vnr5 /film/film/music /m/04bpm6 0 0 0 0
/m/018js4 /film/film/music /m/019x62 0 0 0 0
pca confidence sum
/m/03bx2lk /film/film/music /m/08c9b0 0 0 0 0
/m/02wwmhc /film/film/music /m/0fpjyd 0 0 0 0
/m/09rsjpv /film/film/music /m/01m3b1t 0 0 0 0
/m/03t95n /film/film/music /m/01mkn_d 0 0 0 0
/m/0g83dv /film/film/music /m/012ljv 0 0 0 0
/m/052_mn /film/film/music /m/01mz9lt 0 0 0 0
/m/07p62k /film/film/music /m/01mkn_d 0 0 0 0
/m/016y_f /film/film/music /m/015wc0 0 0 0 0
/m/0c9k8 /film/film/music /m/02ryx0 0 0 0 0
/m/02x8fs /film/film/music /m/05_pkf 0 0 0 0
/m/0bq6ntw /film/film/music /m/01nqfh_ 0 0 0 0
/m/04v89z /film/film/music /m/020fgy 0 0 0 0
/m/09hy79 /film/film/music /m/018x3 0 0 0 0
/m/03mr85 /film/film/music /m/02wb6d 0 0 0 0
/m/01q2nx /film/film/music /m/02cyfz 0 0 0 0
/m/026zlh9 /film/film/music /m/012ky3 0 0 0 0
/m/01jft4 /film/film/music /m/01mkn_d 0 0 0 0
/m/043t8t /film/film/music /m/0jn5l 0 0 0 0
/m/02vjp3 /film/film/music /m/01m7f5r 0 0 0 0
/m/01d2v1 /film/film/music /m/01l1rw 0 0 0 0
/m/0d90m /film/film/music /m/01ycfv 0 0 0 0
/m/0j_t1 /film/film/music /m/01wmcbg 0 0 0 0
/m/056xkh /film/film/music /m/06fxnf 0 0 0 0
/m/05dmmc /film/film/music /m/03zrp 0 0 0 0
/m/0fdv3 /film/film/music /m/0146pg 0 1 0 0
/m/08ct6 /film/film/music /m/0hr3g 1 1 1 1
/m/04s1zr /film/film/music /m/0fpjyd 0 0 0 0
/m/0kvbl6 /film/film/music /m/02jxmr 1 1 0 0
/m/01jc6q /film/film/music /m/01c7p_ 0 0 0 0
/m/06__m6 /film/film/music /m/07v4dm 0 0 0 0
/m/035_2h /film/film/music /m/02bh9 0 0 0 0
/m/04180vy /film/film/music /m/02jxmr 0 0 0 0
/m/02gqm3 /film/film/music /m/012ky3 0 0 0 0
/m/0jvt9 /film/film/music /m/02sj1x 0 0 0 0
/m/025twgf /film/film/music /m/01cbt3 1 1 0 0
/m/01jr4j /film/film/music /m/020fgy 0 0 0 0
/m/03cvvlg /film/film/music /m/01tc9r 0 0 0 0
/m/0jjy0 /film/film/music /m/02jxmr 0 0 0 0
/m/048rn /film/film/music /m/01pr6q7 0 0 0 0
/m/08mg_b /film/film/music /m/02jxmr 1 1 0 0
/m/072r5v /film/film/music /m/02cyfz 0 0 0 0
/m/01hr1 /film/film/music /m/07j8kh 1 1 1 1
/m/0340hj /film/film/music /m/0fpjyd 0 0 0 0
/m/025n07 /film/film/music /m/05_pkf 0 0 0 0
/m/0symg /film/film/music /m/0m2l9 0 0 0 0
/m/015gm8 /film/film/music /m/01l1rw 0 0 0 0
/m/0cbn7c /film/film/music /m/07zhd7 0 0 0 0
/m/0456zg /film/film/music /m/03kwtb 0 0 0 0
/m/01b195 /film/film/music /m/01l1rw 0 0 0 0
/m/0gkz3nz /film/film/music /m/0h6sv 0 0 0 0
/m/050gkf /film/film/music /m/01x6v6 0 0 0 0
/m/02d478 /film/film/music /m/09swkk 1 1 1 1
/m/0372j5 /film/film/music /m/095x_ 0 0 0 0
/m/0dscrwf /film/film/music /m/01l79yc 0 0 0 0
/m/084qpk /film/film/music /m/089kpp 0 0 0 0
/m/035s95 /film/film/music /m/06fxnf 0 0 0 0
/m/02q56mk /film/film/music /m/0fpjyd 0 0 0 0
/m/092vkg /film/film/music /m/01m5m5b 1 1 0 0
/m/07sgdw /film/film/music /m/01l1rw 0 0 0 0
/m/01qbg5 /film/film/music /m/01m3b1t 0 0 0 0
/m/07vfy4 /film/film/music /m/01gg59 0 0 0 0
/m/0fphgb /film/film/music /m/03975z 0 0 0 0
/m/03ynwqj /film/film/music /m/0gv07g 0 0 0 0
/m/0d87hc /film/film/music /m/07qy0b 1 1 0 0
/m/0d99k_ /film/film/music /m/07qy0b 0 0 0 0
/m/02z3r8t /film/film/music /m/0jn5l 0 0 0 0
/m/0d_2fb /film/film/music /m/02jxmr 0 0 0 0
/m/05qbckf /film/film/music /m/01mkn_d 0 0 0 0
/m/031f_m /film/film/music /m/0ftqr 0 0 0 0
/m/03qnc6q /film/film/music /m/0csdzz 0 0 0 0
/m/043tvp3 /film/film/music /m/02bh9 0 0 0 0
/m/087wc7n /film/film/music /m/06fxnf 0 0 0 0
/m/0kvgtf /film/film/music /m/01hgwkr 0 0 0 0
/m/0gfzfj /film/film/music /m/05_swj 0 0 0 0
/m/03mh_tp /film/film/music /m/01m5m5b 0 0 0 0
/m/07kh6f3 /film/film/music /m/04pf4r 0 0 0 0
/m/060v34 /film/film/music /m/0bs1yy 0 0 0 0
/m/05k4my /film/film/music /m/02jxmr 0 0 0 0
/m/0yx1m /film/film/music /m/01l9v7n 0 0 0 0
/m/0ds2n /film/film/music /m/02g1jh 0 0 0 0
/m/014bpd /film/film/music /m/01l1rw 0 0 0 0
/m/03h3x5 /film/film/music /m/01l9v7n 0 0 0 0
/m/0b85mm /film/film/music /m/012201 0 0 0 0
/m/0fsw_7 /film/film/music /m/01cbt3 1 1 0 0
/m/0pk1p /film/film/music /m/01ycfv 0 0 0 0
/m/0cq7tx /film/film/music /m/05pq9 0 0 0 0
/m/016ky6 /film/film/music /m/01tc9r 0 0 0 0
/m/0g9yrw /film/film/music /m/01cbt3 0 0 0 0
/m/06tpmy /film/film/music /m/01nc3rh 0 0 0 0
/m/0ptdz /film/film/music /m/02bh9 0 0 0 0
/m/087vnr5 /film/film/music /m/04bpm6 0 0 0 0
/m/018js4 /film/film/music /m/019x62 0 0 0 0
std confidence sum
/m/03bx2lk /film/film/music /m/08c9b0 0 0 0 0
/m/02wwmhc /film/film/music /m/0fpjyd 0 0 0 0
/m/09rsjpv /film/film/music /m/01m3b1t 0 0 0 0
/m/03t95n /film/film/music /m/01mkn_d 0 0 0 0
/m/0g83dv /film/film/music /m/012ljv 0 0 0 0
/m/052_mn /film/film/music /m/01mz9lt 0 0 0 0
/m/07p62k /film/film/music /m/01mkn_d 0 0 0 0
/m/016y_f /film/film/music /m/015wc0 0 0 0 0
/m/0c9k8 /film/film/music /m/02ryx0 0 0 0 0
/m/02x8fs /film/film/music /m/05_pkf 0 0 0 0
/m/0bq6ntw /film/film/music /m/01nqfh_ 0 0 0 0
/m/04v89z /film/film/music /m/020fgy 0 0 0 0
/m/09hy79 /film/film/music /m/018x3 0 0 0 0
/m/03mr85 /film/film/music /m/02wb6d 0 0 0 0
/m/01q2nx /film/film/music /m/02cyfz 0 0 0 0
/m/026zlh9 /film/film/music /m/012ky3 0 0 0 0
/m/01jft4 /film/film/music /m/01mkn_d 0 0 0 0
/m/043t8t /film/film/music /m/0jn5l 0 0 0 0
/m/02vjp3 /film/film/music /m/01m7f5r 0 0 0 0
/m/01d2v1 /film/film/music /m/01l1rw 0 0 0 0
/m/0d90m /film/film/music /m/01ycfv 0 0 0 0
/m/0j_t1 /film/film/music /m/01wmcbg 0 0 0 0
/m/056xkh /film/film/music /m/06fxnf 0 0 0 0
/m/05dmmc /film/film/music /m/03zrp 0 0 0 0
/m/0fdv3 /film/film/music /m/0146pg 0 1 0 0
/m/08ct6 /film/film/music /m/0hr3g 1 1 1 1
/m/04s1zr /film/film/music /m/0fpjyd 0 0 0 0
/m/0kvbl6 /film/film/music /m/02jxmr 1 1 0 0
/m/01jc6q /film/film/music /m/01c7p_ 0 0 0 0
/m/06__m6 /film/film/music /m/07v4dm 0 0 0 0
/m/035_2h /film/film/music /m/02bh9 0 0 0 0
/m/04180vy /film/film/music /m/02jxmr 0 0 0 0
/m/02gqm3 /film/film/music /m/012ky3 0 0 0 0
/m/0jvt9 /film/film/music /m/02sj1x 0 0 0 0
/m/025twgf /film/film/music /m/01cbt3 1 1 0 0
/m/01jr4j /film/film/music /m/020fgy 0 0 0 0
/m/03cvvlg /film/film/music /m/01tc9r 0 0 0 0
/m/0jjy0 /film/film/music /m/02jxmr 0 0 0 0
/m/048rn /film/film/music /m/01pr6q7 0 0 0 0
/m/08mg_b /film/film/music /m/02jxmr 1 1 0 0
/m/072r5v /film/film/music /m/02cyfz 0 0 0 0
/m/01hr1 /film/film/music /m/07j8kh 1 1 0 0
/m/0340hj /film/film/music /m/0fpjyd 0 0 0 0
/m/025n07 /film/film/music /m/05_pkf 0 0 0 0
/m/0symg /film/film/music /m/0m2l9 0 0 0 0
/m/015gm8 /film/film/music /m/01l1rw 0 0 0 0
/m/0cbn7c /film/film/music /m/07zhd7 0 0 0 0
/m/0456zg /film/film/music /m/03kwtb 0 0 0 0
/m/01b195 /film/film/music /m/01l1rw 0 0 0 0
/m/0gkz3nz /film/film/music /m/0h6sv 0 0 0 0
/m/050gkf /film/film/music /m/01x6v6 0 0 0 0
/m/02d478 /film/film/music /m/09swkk 1 1 1 1
/m/0372j5 /film/film/music /m/095x_ 0 0 0 0
/m/0dscrwf /film/film/music /m/01l79yc 0 0 0 0
/m/084qpk /film/film/music /m/089kpp 0 0 0 0
/m/035s95 /film/film/music /m/06fxnf 0 0 0 0
/m/02q56mk /film/film/music /m/0fpjyd 0 0 0 0
/m/092vkg /film/film/music /m/01m5m5b 1 1 0 0
/m/07sgdw /film/film/music /m/01l1rw 0 0 0 0
/m/01qbg5 /film/film/music /m/01m3b1t 0 0 0 0
/m/07vfy4 /film/film/music /m/01gg59 0 0 0 0
/m/0fphgb /film/film/music /m/03975z 0 0 0 0
/m/03ynwqj /film/film/music /m/0gv07g 0 0 0 0
/m/0d87hc /film/film/music /m/07qy0b 1 1 0 0
/m/0d99k_ /film/film/music /m/07qy0b 0 0 0 0
/m/02z3r8t /film/film/music /m/0jn5l 0 0 0 0
/m/0d_2fb /film/film/music /m/02jxmr 0 0 0 0
/m/05qbckf /film/film/music /m/01mkn_d 0 0 0 0
/m/031f_m /film/film/music /m/0ftqr 0 0 0 0
/m/03qnc6q /film/film/music /m/0csdzz 0 0 0 0
/m/043tvp3 /film/film/music /m/02bh9 0 0 0 0
/m/087wc7n /film/film/music /m/06fxnf 0 0 0 0
/m/0kvgtf /film/film/music /m/01hgwkr 0 0 0 0
/m/0gfzfj /film/film/music /m/05_swj 0 0 0 0
/m/03mh_tp /film/film/music /m/01m5m5b 0 0 0 0
/m/07kh6f3 /film/film/music /m/04pf4r 0 0 0 0
/m/060v34 /film/film/music /m/0bs1yy 0 0 0 0
/m/05k4my /film/film/music /m/02jxmr 0 0 0 0
/m/0yx1m /film/film/music /m/01l9v7n 0 0 0 0
/m/0ds2n /film/film/music /m/02g1jh 0 0 0 0
/m/014bpd /film/film/music /m/01l1rw 0 0 0 0
/m/03h3x5 /film/film/music /m/01l9v7n 0 0 0 0
/m/0b85mm /film/film/music /m/012201 0 0 0 0
/m/0fsw_7 /film/film/music /m/01cbt3 1 1 0 0
/m/0pk1p /film/film/music /m/01ycfv 0 0 0 0
/m/0cq7tx /film/film/music /m/05pq9 0 0 0 0
/m/016ky6 /film/film/music /m/01tc9r 0 0 0 0
/m/0g9yrw /film/film/music /m/01cbt3 0 0 0 0
/m/06tpmy /film/film/music /m/01nc3rh 0 0 0 0
/m/0ptdz /film/film/music /m/02bh9 0 0 0 0
/m/087vnr5 /film/film/music /m/04bpm6 0 0 0 0
/m/018js4 /film/film/music /m/019x62 0 0 0 0
