pca confidence count
/m/0b7l4x /film/film/production_companies /m/03sb38 0 0 0 0
/m/02c7k4 /film/film/production_companies /m/01795t 0 1 0 0
/m/0djkrp /film/film/production_companies /m/025jfl 0 0 0 0
/m/0dtfn /film/film/production_companies /m/0kx4m 1 1 1 1
/m/023gxx /film/film/production_companies /m/09b3v 1 1 0 0
/m/0btpm6 /film/film/production_companies /m/02hvd 1 1 0 0
/m/03whyr /film/film/production_companies /m/09b3v 1 1 0 0
/m/02vqsll /film/film/production_companies /m/03sb38 0 0 0 0
/m/02d003 /film/film/production_companies /m/06rq1k 0 1 0 0
/m/03clwtw /film/film/production_companies /m/0c41qv 0 1 0 0
/m/023g6w /film/film/production_companies /m/02slt7 0 0 0 0
/m/014_x2 /film/film/production_companies /m/0c41qv 1 1 0 0
/m/0_7w6 /film/film/production_companies /m/04rcl7 1 1 0 0
/m/02fqxm /film/film/production_companies /m/03sb38 0 0 0 0
/m/0cmf0m0 /film/film/production_companies /m/056ws9 1 1 0 1
/m/024l2y /film/film/production_companies /m/03xsby 0 0 0 0
/m/01l_pn /film/film/production_companies /m/03rwz3 0 0 0 0
/m/07gghl /film/film/production_companies /m/046b0s 1 1 1 1
/m/065dc4 /film/film/production_companies /m/08wjc1 0 0 0 0
/m/08nvyr /film/film/production_companies /m/04f525m 0 0 0 0
/m/07gp9 /film/film/production_companies /m/02slt7 0 0 0 0
/m/0cd2vh9 /film/film/production_companies /m/0c_j5d 0 0 0 0
/m/05z_kps /film/film/production_companies /m/05mgj0 0 0 0 0
/m/02r1c18 /film/film/production_companies /m/03sb38 1 1 0 0
/m/048yqf /film/film/production_companies /m/0c_j5d 1 1 1 1
/m/0cc5mcj /film/film/production_companies /m/04cygb3 0 0 0 0
/m/01gwk3 /film/film/production_companies /m/086k8 0 0 0 0
/m/09sr0 /film/film/production_companies /m/03sb38 1 1 0 0
/m/09v3jyg /film/film/production_companies /m/04rcl7 1 1 0 0
/m/02725hs /film/film/production_companies /m/03sb38 1 1 0 0
/m/085wqm /film/film/production_companies /m/016tw3 0 0 0 0
/m/03hp2y1 /film/film/production_companies /m/03sb38 1 1 0 0
/m/065dc4 /film/film/production_companies /m/04rtpt 1 1 0 1
/m/047gpsd /film/film/production_companies /m/054lpb6 0 0 0 0
/m/02fqrf /film/film/production_companies /m/02hvd 1 1 0 0
/m/01y9jr /film/film/production_companies /m/017s11 0 0 0 0
/m/0gcrg /film/film/production_companies /m/0g1rw 0 0 0 0
/m/01zfzb /film/film/production_companies /m/031rq5 0 0 0 0
/m/01j8wk /film/film/production_companies /m/046b0s 0 0 0 0
/m/01s7w3 /film/film/production_companies /m/030_1_ 0 0 0 0
/m/053tj7 /film/film/production_companies /m/08wjc1 0 0 0 0
/m/06fcqw /film/film/production_companies /m/04rcl7 1 1 0 0
/m/07cz2 /film/film/production_companies /m/05h4t7 1 1 0 0
/m/0cz_ym /film/film/production_companies /m/04rtpt 1 1 0 1
/m/06ztvyx /film/film/production_companies /m/056ws9 1 1 0 1
/m/0d90m /film/film/production_companies /m/0c_j5d 1 1 0 0
/m/05t0_2v /film/film/production_companies /m/054lpb6 0 0 0 0
/m/09sh8k /film/film/production_companies /m/027jw0c 0 0 0 0
/m/0gyy53 /film/film/production_companies /m/054lpb6 0 0 0 0
/m/09jcj6 /film/film/production_companies /m/05nn2c 1 1 0 0
/m/01_1pv /film/film/production_companies /m/04rcl7 1 1 0 0
/m/07kh6f3 /film/film/production_companies /m/01gb54 0 0 0 0
/m/09bw4_ /film/film/production_companies /m/0c41qv 1 1 0 1
/m/037cr1 /film/film/production_companies /m/025hwq 0 0 0 0
/m/0d87hc /film/film/production_companies /m/016tw3 1 1 0 0
/m/03ntbmw /film/film/production_companies /m/059x3p 1 1 0 1
/m/02d003 /film/film/production_companies /m/025hwq 0 0 0 0
/m/02pxmgz /film/film/production_companies /m/05rrtf 1 1 0 0
/m/047vp1n /film/film/production_companies /m/032j_n 0 1 0 0
/m/0b73_1d /film/film/production_companies /m/030_1_ 0 0 0 0
/m/05_5_22 /film/film/production_companies /m/05rrtf 0 0 0 0
/m/02tgz4 /film/film/production_companies /m/06rq1k 1 1 0 0
/m/01cz7r /film/film/production_companies /m/02j_j0 1 1 0 1
/m/01ffx4 /film/film/production_companies /m/01w92 0 0 0 0
/m/0ccck7 /film/film/production_companies /m/016tw3 0 0 0 0
/m/0qm8b /film/film/production_companies /m/025hwq 0 0 0 0
/m/08984j /film/film/production_companies /m/025hwq 0 0 0 0
/m/03h3x5 /film/film/production_companies /m/03yxwq 0 0 0 0
/m/03wjm2 /film/film/production_companies /m/05rrtf 1 1 0 0
/m/03tbg6 /film/film/production_companies /m/046b0s 0 1 0 0
/m/0btbyn /film/film/production_companies /m/054lpb6 0 0 0 0
/m/05h43ls /film/film/production_companies /m/03jvmp 0 0 0 0
/m/0gzy02 /film/film/production_companies /m/017s11 0 0 0 0
/m/03cd0x /film/film/production_companies /m/046b0s 0 1 0 0
/m/011yd2 /film/film/production_companies /m/04rtpt 1 1 0 1
/m/02704ff /film/film/production_companies /m/054lpb6 0 0 0 0
/m/0f40w /film/film/production_companies /m/05qd_ 0 0 0 0
/m/07p62k /film/film/production_companies /m/017s11 0 0 0 0
/m/01bb9r /film/film/production_companies /m/046b0s 0 1 0 0
/m/0gl3hr /film/film/production_companies /m/0g1rw 0 0 0 0
/m/09rx7tx /film/film/production_companies /m/04rqd 1 1 1 1
/m/076tq0z /film/film/production_companies /m/054lpb6 0 0 0 0
/m/03z20c /film/film/production_companies /m/06rq1k 1 1 0 0
/m/02wgbb /film/film/production_companies /m/030_1_ 1 1 0 1
std confidence count
/m/0b7l4x /film/film/production_companies /m/03sb38 0 0 0 0
/m/02c7k4 /film/film/production_companies /m/01795t 0 1 0 0
/m/0djkrp /film/film/production_companies /m/025jfl 0 0 0 0
/m/0dtfn /film/film/production_companies /m/0kx4m 1 1 1 1
/m/023gxx /film/film/production_companies /m/09b3v 1 1 0 0
/m/0btpm6 /film/film/production_companies /m/02hvd 1 1 0 0
/m/03whyr /film/film/production_companies /m/09b3v 1 1 0 0
/m/02vqsll /film/film/production_companies /m/03sb38 0 0 0 0
/m/02d003 /film/film/production_companies /m/06rq1k 0 1 0 0
/m/03clwtw /film/film/production_companies /m/0c41qv 0 1 0 0
/m/023g6w /film/film/production_companies /m/02slt7 0 0 0 0
/m/014_x2 /film/film/production_companies /m/0c41qv 1 1 0 0
/m/0_7w6 /film/film/production_companies /m/04rcl7 1 1 0 0
/m/02fqxm /film/film/production_companies /m/03sb38 0 0 0 0
/m/0cmf0m0 /film/film/production_companies /m/056ws9 1 1 0 1
/m/024l2y /film/film/production_companies /m/03xsby 0 0 0 0
/m/01l_pn /film/film/production_companies /m/03rwz3 0 0 0 0
/m/07gghl /film/film/production_companies /m/046b0s 1 1 1 1
/m/065dc4 /film/film/production_companies /m/08wjc1 0 0 0 0
/m/08nvyr /film/film/production_companies /m/04f525m 0 0 0 0
/m/07gp9 /film/film/production_companies /m/02slt7 0 0 0 0
/m/0cd2vh9 /film/film/production_companies /m/0c_j5d 0 0 0 0
/m/05z_kps /film/film/production_companies /m/05mgj0 0 0 0 0
/m/02r1c18 /film/film/production_companies /m/03sb38 1 1 0 0
/m/048yqf /film/film/production_companies /m/0c_j5d 1 1 1 1
/m/0cc5mcj /film/film/production_companies /m/04cygb3 0 0 0 0
/m/01gwk3 /film/film/production_companies /m/086k8 0 0 0 0
/m/09sr0 /film/film/production_companies /m/03sb38 1 1 0 0
/m/09v3jyg /film/film/production_companies /m/04rcl7 1 1 0 0
/m/02725hs /film/film/production_companies /m/03sb38 1 1 0 0
/m/085wqm /film/film/production_companies /m/016tw3 0 0 0 0
/m/03hp2y1 /film/film/production_companies /m/03sb38 1 1 0 0
/m/065dc4 /film/film/production_companies /m/04rtpt 1 1 0 1
/m/047gpsd /film/film/production_companies /m/054lpb6 0 0 0 0
/m/02fqrf /film/film/production_companies /m/02hvd 1 1 0 0
/m/01y9jr /film/film/production_companies /m/017s11 0 0 0 0
/m/0gcrg /film/film/production_companies /m/0g1rw 0 0 0 0
/m/01zfzb /film/film/production_companies /m/031rq5 0 0 0 0
/m/01j8wk /film/film/production_companies /m/046b0s 0 0 0 0
/m/01s7w3 /film/film/production_companies /m/030_1_ 0 0 0 0
/m/053tj7 /film/film/production_companies /m/08wjc1 0 0 0 0
/m/06fcqw /film/film/production_companies /m/04rcl7 1 1 0 0
/m/07cz2 /film/film/production_companies /m/05h4t7 1 1 0 0
/m/0cz_ym /film/film/production_companies /m/04rtpt 1 1 0 1
/m/06ztvyx /film/film/production_companies /m/056ws9 1 1 0 1
/m/0d90m /film/film/production_companies /m/0c_j5d 1 1 0 0
/m/05t0_2v /film/film/production_companies /m/054lpb6 0 0 0 0
/m/09sh8k /film/film/production_companies /m/027jw0c 0 0 0 0
/m/0gyy53 /film/film/production_companies /m/054lpb6 0 0 0 0
/m/09jcj6 /film/film/production_companies /m/05nn2c 1 1 0 0
/m/01_1pv /film/film/production_companies /m/04rcl7 1 1 0 0
/m/07kh6f3 /film/film/production_companies /m/01gb54 0 0 0 0
/m/09bw4_ /film/film/production_companies /m/0c41qv 1 1 0 1
/m/037cr1 /film/film/production_companies /m/025hwq 0 0 0 0
/m/0d87hc /film/film/production_companies /m/016tw3 1 1 0 0
/m/03ntbmw /film/film/production_companies /m/059x3p 1 1 0 1
/m/02d003 /film/film/production_companies /m/025hwq 0 0 0 0
/m/02pxmgz /film/film/production_companies /m/05rrtf 1 1 0 0
/m/047vp1n /film/film/production_companies /m/032j_n 0 1 0 0
/m/0b73_1d /film/film/production_companies /m/030_1_ 0 0 0 0
/m/05_5_22 /film/film/production_companies /m/05rrtf 0 0 0 0
/m/02tgz4 /film/film/production_companies /m/06rq1k 1 1 0 0
/m/01cz7r /film/film/production_companies /m/02j_j0 1 1 0 1
/m/01ffx4 /film/film/production_companies /m/01w92 0 0 0 0
/m/0ccck7 /film/film/production_companies /m/016tw3 0 0 0 0
/m/0qm8b /film/film/production_companies /m/025hwq 0 0 0 0
/m/08984j /film/film/production_companies /m/025hwq 0 0 0 0
/m/03h3x5 /film/film/production_companies /m/03yxwq 0 0 0 0
/m/03wjm2 /film/film/production_companies /m/05rrtf 1 1 0 0
/m/03tbg6 /film/film/production_companies /m/046b0s 0 1 0 0
/m/0btbyn /film/film/production_companies /m/054lpb6 0 0 0 0
/m/05h43ls /film/film/production_companies /m/03jvmp 0 0 0 0
/m/0gzy02 /film/film/production_companies /m/017s11 0 0 0 0
/m/03cd0x /film/film/production_companies /m/046b0s 0 1 0 0
/m/011yd2 /film/film/production_companies /m/04rtpt 1 1 0 1
/m/02704ff /film/film/production_companies /m/054lpb6 0 0 0 0
/m/0f40w /film/film/production_companies /m/05qd_ 0 0 0 0
/m/07p62k /film/film/production_companies /m/017s11 0 0 0 0
/m/01bb9r /film/film/production_companies /m/046b0s 0 1 0 0
/m/0gl3hr /film/film/production_companies /m/0g1rw 0 0 0 0
/m/09rx7tx /film/film/production_companies /m/04rqd 1 1 1 1
/m/076tq0z /film/film/production_companies /m/054lpb6 0 0 0 0
/m/03z20c /film/film/production_companies /m/06rq1k 1 1 0 0
/m/02wgbb /film/film/production_companies /m/030_1_ 1 1 0 1
pca confidence sum
/m/0b7l4x /film/film/production_companies /m/03sb38 0 0 0 0
/m/02c7k4 /film/film/production_companies /m/01795t 0 0 0 0
/m/0djkrp /film/film/production_companies /m/025jfl 0 0 0 0
/m/0dtfn /film/film/production_companies /m/0kx4m 1 1 0 1
/m/023gxx /film/film/production_companies /m/09b3v 1 1 0 0
/m/0btpm6 /film/film/production_companies /m/02hvd 1 1 0 0
/m/03whyr /film/film/production_companies /m/09b3v 1 1 0 0
/m/02vqsll /film/film/production_companies /m/03sb38 0 0 0 0
/m/02d003 /film/film/production_companies /m/06rq1k 0 1 0 0
/m/03clwtw /film/film/production_companies /m/0c41qv 0 1 0 0
/m/023g6w /film/film/production_companies /m/02slt7 0 0 0 0
/m/014_x2 /film/film/production_companies /m/0c41qv 0 1 0 0
/m/0_7w6 /film/film/production_companies /m/04rcl7 0 1 0 0
/m/02fqxm /film/film/production_companies /m/03sb38 0 0 0 0
/m/0cmf0m0 /film/film/production_companies /m/056ws9 0 0 0 0
/m/024l2y /film/film/production_companies /m/03xsby 0 0 0 0
/m/01l_pn /film/film/production_companies /m/03rwz3 0 0 0 0
/m/07gghl /film/film/production_companies /m/046b0s 1 1 0 1
/m/065dc4 /film/film/production_companies /m/08wjc1 0 0 0 0
/m/08nvyr /film/film/production_companies /m/04f525m 0 0 0 0
/m/07gp9 /film/film/production_companies /m/02slt7 0 0 0 0
/m/0cd2vh9 /film/film/production_companies /m/0c_j5d 0 0 0 0
/m/05z_kps /film/film/production_companies /m/05mgj0 0 0 0 0
/m/02r1c18 /film/film/production_companies /m/03sb38 0 0 0 0
/m/048yqf /film/film/production_companies /m/0c_j5d 1 1 1 1
/m/0cc5mcj /film/film/production_companies /m/04cygb3 0 0 0 0
/m/01gwk3 /film/film/production_companies /m/086k8 0 0 0 0
/m/09sr0 /film/film/production_companies /m/03sb38 0 0 0 0
/m/09v3jyg /film/film/production_companies /m/04rcl7 0 1 0 0
/m/02725hs /film/film/production_companies /m/03sb38 0 0 0 0
/m/085wqm /film/film/production_companies /m/016tw3 0 0 0 0
/m/03hp2y1 /film/film/production_companies /m/03sb38 0 0 0 0
/m/065dc4 /film/film/production_companies /m/04rtpt 1 1 0 1
/m/047gpsd /film/film/production_companies /m/054lpb6 0 0 0 0
/m/02fqrf /film/film/production_companies /m/02hvd 1 1 0 0
/m/01y9jr /film/film/production_companies /m/017s11 0 0 0 0
/m/0gcrg /film/film/production_companies /m/0g1rw 0 0 0 0
/m/01zfzb /film/film/production_companies /m/031rq5 0 0 0 0
/m/01j8wk /film/film/production_companies /m/046b0s 0 0 0 0
/m/01s7w3 /film/film/production_companies /m/030_1_ 0 0 0 0
/m/053tj7 /film/film/production_companies /m/08wjc1 0 0 0 0
/m/06fcqw /film/film/production_companies /m/04rcl7 0 1 0 0
/m/07cz2 /film/film/production_companies /m/05h4t7 1 1 0 0
/m/0cz_ym /film/film/production_companies /m/04rtpt 1 1 0 0
/m/06ztvyx /film/film/production_companies /m/056ws9 0 0 0 0
/m/0d90m /film/film/production_companies /m/0c_j5d 1 1 0 0
/m/05t0_2v /film/film/production_companies /m/054lpb6 0 0 0 0
/m/09sh8k /film/film/production_companies /m/027jw0c 0 0 0 0
/m/0gyy53 /film/film/production_companies /m/054lpb6 0 0 0 0
/m/09jcj6 /film/film/production_companies /m/05nn2c 1 1 0 0
/m/01_1pv /film/film/production_companies /m/04rcl7 0 1 0 0
/m/07kh6f3 /film/film/production_companies /m/01gb54 0 0 0 0
/m/09bw4_ /film/film/production_companies /m/0c41qv 1 1 0 0
/m/037cr1 /film/film/production_companies /m/025hwq 0 0 0 0
/m/0d87hc /film/film/production_companies /m/016tw3 0 0 0 0
/m/03ntbmw /film/film/production_companies /m/059x3p 1 1 0 1
/m/02d003 /film/film/production_companies /m/025hwq 0 0 0 0
/m/02pxmgz /film/film/production_companies /m/05rrtf 0 1 0 0
/m/047vp1n /film/film/production_companies /m/032j_n 0 1 0 0
/m/0b73_1d /film/film/production_companies /m/030_1_ 0 0 0 0
/m/05_5_22 /film/film/production_companies /m/05rrtf 0 0 0 0
/m/02tgz4 /film/film/production_companies /m/06rq1k 1 1 0 0
/m/01cz7r /film/film/production_companies /m/02j_j0 0 1 0 1
/m/01ffx4 /film/film/production_companies /m/01w92 0 0 0 0
/m/0ccck7 /film/film/production_companies /m/016tw3 0 0 0 0
/m/0qm8b /film/film/production_companies /m/025hwq 0 0 0 0
/m/08984j /film/film/production_companies /m/025hwq 0 0 0 0
/m/03h3x5 /film/film/production_companies /m/03yxwq 0 0 0 0
/m/03wjm2 /film/film/production_companies /m/05rrtf 0 1 0 0
/m/03tbg6 /film/film/production_companies /m/046b0s 0 0 0 0
/m/0btbyn /film/film/production_companies /m/054lpb6 0 0 0 0
/m/05h43ls /film/film/production_companies /m/03jvmp 0 0 0 0
/m/0gzy02 /film/film/production_companies /m/017s11 0 0 0 0
/m/03cd0x /film/film/production_companies /m/046b0s 0 0 0 0
/m/011yd2 /film/film/production_companies /m/04rtpt 1 1 0 1
/m/02704ff /film/film/production_companies /m/054lpb6 0 0 0 0
/m/0f40w /film/film/production_companies /m/05qd_ 0 0 0 0
/m/07p62k /film/film/production_companies /m/017s11 0 0 0 0
/m/01bb9r /film/film/production_companies /m/046b0s 0 0 0 0
/m/0gl3hr /film/film/production_companies /m/0g1rw 0 0 0 0
/m/09rx7tx /film/film/production_companies /m/04rqd 1 1 1 1
/m/076tq0z /film/film/production_companies /m/054lpb6 0 0 0 0
/m/03z20c /film/film/production_companies /m/06rq1k 0 1 0 0
/m/02wgbb /film/film/production_companies /m/030_1_ 0 0 0 0
std confidence sum
/m/0b7l4x /film/film/production_companies /m/03sb38 0 0 0 0
/m/02c7k4 /film/film/production_companies /m/01795t 0 0 0 0
/m/0djkrp /film/film/production_companies /m/025jfl 0 0 0 0
/m/0dtfn /film/film/production_companies /m/0kx4m 1 1 0 1
/m/023gxx /film/film/production_companies /m/09b3v 1 1 0 0
/m/0btpm6 /film/film/production_companies /m/02hvd 1 1 0 0
/m/03whyr /film/film/production_companies /m/09b3v 1 1 0 0
/m/02vqsll /film/film/production_companies /m/03sb38 0 0 0 0
/m/02d003 /film/film/production_companies /m/06rq1k 0 1 0 0
/m/03clwtw /film/film/production_companies /m/0c41qv 0 1 0 0
/m/023g6w /film/film/production_companies /m/02slt7 0 0 0 0
/m/014_x2 /film/film/production_companies /m/0c41qv 1 1 0 0
/m/0_7w6 /film/film/production_companies /m/04rcl7 0 1 0 0
/m/02fqxm /film/film/production_companies /m/03sb38 0 0 0 0
/m/0cmf0m0 /film/film/production_companies /m/056ws9 0 0 0 0
/m/024l2y /film/film/production_companies /m/03xsby 0 0 0 0
/m/01l_pn /film/film/production_companies /m/03rwz3 0 0 0 0
/m/07gghl /film/film/production_companies /m/046b0s 1 1 0 1
/m/065dc4 /film/film/production_companies /m/08wjc1 0 0 0 0
/m/08nvyr /film/film/production_companies /m/04f525m 0 0 0 0
/m/07gp9 /film/film/production_companies /m/02slt7 0 0 0 0
/m/0cd2vh9 /film/film/production_companies /m/0c_j5d 0 0 0 0
/m/05z_kps /film/film/production_companies /m/05mgj0 0 0 0 0
/m/02r1c18 /film/film/production_companies /m/03sb38 0 0 0 0
/m/048yqf /film/film/production_companies /m/0c_j5d 1 1 1 1
/m/0cc5mcj /film/film/production_companies /m/04cygb3 0 0 0 0
/m/01gwk3 /film/film/production_companies /m/086k8 0 0 0 0
/m/09sr0 /film/film/production_companies /m/03sb38 0 0 0 0
/m/09v3jyg /film/film/production_companies /m/04rcl7 0 1 0 0
/m/02725hs /film/film/production_companies /m/03sb38 0 0 0 0
/m/085wqm /film/film/production_companies /m/016tw3 0 0 0 0
/m/03hp2y1 /film/film/production_companies /m/03sb38 0 0 0 0
/m/065dc4 /film/film/production_companies /m/04rtpt 1 1 0 1
/m/047gpsd /film/film/production_companies /m/054lpb6 0 0 0 0
/m/02fqrf /film/film/production_companies /m/02hvd 1 1 0 0
/m/01y9jr /film/film/production_companies /m/017s11 0 0 0 0
/m/0gcrg /film/film/production_companies /m/0g1rw 0 0 0 0
/m/01zfzb /film/film/production_companies /m/031rq5 0 0 0 0
/m/01j8wk /film/film/production_companies /m/046b0s 0 0 0 0
/m/01s7w3 /film/film/production_companies /m/030_1_ 0 0 0 0
/m/053tj7 /film/film/production_companies /m/08wjc1 0 0 0 0
/m/06fcqw /film/film/production_companies /m/04rcl7 0 1 0 0
/m/07cz2 /film/film/production_companies /m/05h4t7 1 1 0 0
/m/0cz_ym /film/film/production_companies /m/04rtpt 1 1 0 0
/m/06ztvyx /film/film/production_companies /m/056ws9 0 0 0 0
/m/0d90m /film/film/production_companies /m/0c_j5d 1 1 0 0
/m/05t0_2v /film/film/production_companies /m/054lpb6 0 0 0 0
/m/09sh8k /film/film/production_companies /m/027jw0c 0 0 0 0
/m/0gyy53 /film/film/production_companies /m/054lpb6 0 0 0 0
/m/09jcj6 /film/film/production_companies /m/05nn2c 1 1 0 0
/m/01_1pv /film/film/production_companies /m/04rcl7 0 1 0 0
/m/07kh6f3 /film/film/production_companies /m/01gb54 0 0 0 0
/m/09bw4_ /film/film/production_companies /m/0c41qv 1 1 0 1
/m/037cr1 /film/film/production_companies /m/025hwq 0 0 0 0
/m/0d87hc /film/film/production_companies /m/016tw3 0 0 0 0
/m/03ntbmw /film/film/production_companies /m/059x3p 1 1 0 1
/m/02d003 /film/film/production_companies /m/025hwq 0 0 0 0
/m/02pxmgz /film/film/production_companies /m/05rrtf 0 1 0 0
/m/047vp1n /film/film/production_companies /m/032j_n 0 1 0 0
/m/0b73_1d /film/film/production_companies /m/030_1_ 0 0 0 0
/m/05_5_22 /film/film/production_companies /m/05rrtf 0 0 0 0
/m/02tgz4 /film/film/production_companies /m/06rq1k 1 1 0 0
/m/01cz7r /film/film/production_companies /m/02j_j0 0 1 0 1
/m/01ffx4 /film/film/production_companies /m/01w92 0 0 0 0
/m/0ccck7 /film/film/production_companies /m/016tw3 0 0 0 0
/m/0qm8b /film/film/production_companies /m/025hwq 0 0 0 0
/m/08984j /film/film/production_companies /m/025hwq 0 0 0 0
/m/03h3x5 /film/film/production_companies /m/03yxwq 0 0 0 0
/m/03wjm2 /film/film/production_companies /m/05rrtf 0 1 0 0
/m/03tbg6 /film/film/production_companies /m/046b0s 0 0 0 0
/m/0btbyn /film/film/production_companies /m/054lpb6 0 0 0 0
/m/05h43ls /film/film/production_companies /m/03jvmp 0 0 0 0
/m/0gzy02 /film/film/production_companies /m/017s11 0 0 0 0
/m/03cd0x /film/film/production_companies /m/046b0s 0 0 0 0
/m/011yd2 /film/film/production_companies /m/04rtpt 1 1 0 1
/m/02704ff /film/film/production_companies /m/054lpb6 0 0 0 0
/m/0f40w /film/film/production_companies /m/05qd_ 0 0 0 0
/m/07p62k /film/film/production_companies /m/017s11 0 0 0 0
/m/01bb9r /film/film/production_companies /m/046b0s 0 0 0 0
/m/0gl3hr /film/film/production_companies /m/0g1rw 0 0 0 0
/m/09rx7tx /film/film/production_companies /m/04rqd 1 1 1 1
/m/076tq0z /film/film/production_companies /m/054lpb6 0 0 0 0
/m/03z20c /film/film/production_companies /m/06rq1k 0 1 0 0
/m/02wgbb /film/film/production_companies /m/030_1_ 0 0 0 0
