pca confidence count
/m/0ptxj /film/film/written_by /m/06kbb6 0 0 0 0
/m/02kfzz /film/film/written_by /m/085pr 0 0 0 0
/m/0jwmp /film/film/written_by /m/07h07 0 0 0 0
/m/0bbgvp /film/film/written_by /m/0gv5c 0 0 0 0
/m/014kq6 /film/film/written_by /m/0fx02 1 1 0 0
/m/0d_wms /film/film/written_by /m/011s9r 1 1 0 0
/m/0cy__l /film/film/written_by /m/084w8 0 0 0 0
/m/015bpl /film/film/written_by /m/03ft8 0 0 0 0
/m/07jqjx /film/film/written_by /m/053ksp 0 0 0 0
/m/0pd64 /film/film/written_by /m/03g62 0 0 0 0
/m/02vrgnr /film/film/written_by /m/03y9ccy 0 0 0 0
/m/0435vm /film/film/written_by /m/09pl3s 0 0 0 0
/m/032xky /film/film/written_by /m/06z9yh 0 0 0 0
/m/059lwy /film/film/written_by /m/06kbb6 0 0 0 0
/m/01f7gh /film/film/written_by /m/01vz80y 0 0 0 0
/m/0j_tw /film/film/written_by /m/01pjr7 0 0 0 0
/m/09d38d /film/film/written_by /m/06n9lt 0 0 0 0
/m/06ybb1 /film/film/written_by /m/04wp2p 0 0 0 0
/m/02k1pr /film/film/written_by /m/06kbb6 0 0 0 0
/m/01lbcqx /film/film/written_by /m/0ff3y 0 0 0 0
/m/05qm9f /film/film/written_by /m/06kbb6 0 0 0 0
/m/01jw67 /film/film/written_by /m/02l5rm 0 0 0 0
/m/0bh8x1y /film/film/written_by /m/05183k 0 0 0 0
/m/02qkwl /film/film/written_by /m/06dkzt 0 0 0 0
/m/09zf_q /film/film/written_by /m/05183k 0 0 0 0
/m/084qpk /film/film/written_by /m/01wg982 0 0 0 0
std confidence count
/m/0ptxj /film/film/written_by /m/06kbb6 0 0 0 0
/m/02kfzz /film/film/written_by /m/085pr 0 0 0 0
/m/0jwmp /film/film/written_by /m/07h07 0 0 0 0
/m/0bbgvp /film/film/written_by /m/0gv5c 0 0 0 0
/m/014kq6 /film/film/written_by /m/0fx02 1 1 0 0
/m/0d_wms /film/film/written_by /m/011s9r 1 1 0 0
/m/0cy__l /film/film/written_by /m/084w8 0 0 0 0
/m/015bpl /film/film/written_by /m/03ft8 0 0 0 0
/m/07jqjx /film/film/written_by /m/053ksp 0 0 0 0
/m/0pd64 /film/film/written_by /m/03g62 0 0 0 0
/m/02vrgnr /film/film/written_by /m/03y9ccy 0 0 0 0
/m/0435vm /film/film/written_by /m/09pl3s 0 0 0 0
/m/032xky /film/film/written_by /m/06z9yh 0 0 0 0
/m/059lwy /film/film/written_by /m/06kbb6 0 0 0 0
/m/01f7gh /film/film/written_by /m/01vz80y 0 0 0 0
/m/0j_tw /film/film/written_by /m/01pjr7 0 0 0 0
/m/09d38d /film/film/written_by /m/06n9lt 0 0 0 0
/m/06ybb1 /film/film/written_by /m/04wp2p 0 0 0 0
/m/02k1pr /film/film/written_by /m/06kbb6 0 0 0 0
/m/01lbcqx /film/film/written_by /m/0ff3y 0 0 0 0
/m/05qm9f /film/film/written_by /m/06kbb6 0 0 0 0
/m/01jw67 /film/film/written_by /m/02l5rm 0 0 0 0
/m/0bh8x1y /film/film/written_by /m/05183k 0 0 0 0
/m/02qkwl /film/film/written_by /m/06dkzt 0 0 0 0
/m/09zf_q /film/film/written_by /m/05183k 0 0 0 0
/m/084qpk /film/film/written_by /m/01wg982 0 0 0 0
pca confidence sum
/m/0ptxj /film/film/written_by /m/06kbb6 0 0 0 0
/m/02kfzz /film/film/written_by /m/085pr 0 0 0 0
/m/0jwmp /film/film/written_by /m/07h07 0 0 0 0
/m/0bbgvp /film/film/written_by /m/0gv5c 0 0 0 0
/m/014kq6 /film/film/written_by /m/0fx02 0 1 0 0
/m/0d_wms /film/film/written_by /m/011s9r 1 1 0 0
/m/0cy__l /film/film/written_by /m/084w8 0 0 0 0
/m/015bpl /film/film/written_by /m/03ft8 0 0 0 0
/m/07jqjx /film/film/written_by /m/053ksp 0 0 0 0
/m/0pd64 /film/film/written_by /m/03g62 0 0 0 0
/m/02vrgnr /film/film/written_by /m/03y9ccy 0 0 0 0
/m/0435vm /film/film/written_by /m/09pl3s 0 0 0 0
/m/032xky /film/film/written_by /m/06z9yh 0 0 0 0
/m/059lwy /film/film/written_by /m/06kbb6 0 0 0 0
/m/01f7gh /film/film/written_by /m/01vz80y 0 0 0 0
/m/0j_tw /film/film/written_by /m/01pjr7 0 0 0 0
/m/09d38d /film/film/written_by /m/06n9lt 0 0 0 0
/m/06ybb1 /film/film/written_by /m/04wp2p 0 0 0 0
/m/02k1pr /film/film/written_by /m/06kbb6 0 0 0 0
/m/01lbcqx /film/film/written_by /m/0ff3y 0 0 0 0
/m/05qm9f /film/film/written_by /m/06kbb6 0 0 0 0
/m/01jw67 /film/film/written_by /m/02l5rm 0 0 0 0
/m/0bh8x1y /film/film/written_by /m/05183k 0 0 0 0
/m/02qkwl /film/film/written_by /m/06dkzt 0 0 0 0
/m/09zf_q /film/film/written_by /m/05183k 0 0 0 0
/m/084qpk /film/film/written_by /m/01wg982 0 0 0 0
std confidence sum
/m/0ptxj /film/film/written_by /m/06kbb6 0 0 0 0
/m/02kfzz /film/film/written_by /m/085pr 0 0 0 0
/m/0jwmp /film/film/written_by /m/07h07 0 0 0 0
/m/0bbgvp /film/film/written_by /m/0gv5c 0 0 0 0
/m/014kq6 /film/film/written_by /m/0fx02 1 1 0 0
/m/0d_wms /film/film/written_by /m/011s9r 1 1 0 0
/m/0cy__l /film/film/written_by /m/084w8 0 0 0 0
/m/015bpl /film/film/written_by /m/03ft8 0 0 0 0
/m/07jqjx /film/film/written_by /m/053ksp 0 0 0 0
/m/0pd64 /film/film/written_by /m/03g62 0 0 0 0
/m/02vrgnr /film/film/written_by /m/03y9ccy 0 0 0 0
/m/0435vm /film/film/written_by /m/09pl3s 0 0 0 0
/m/032xky /film/film/written_by /m/06z9yh 0 0 0 0
/m/059lwy /film/film/written_by /m/06kbb6 0 0 0 0
/m/01f7gh /film/film/written_by /m/01vz80y 0 0 0 0
/m/0j_tw /film/film/written_by /m/01pjr7 0 0 0 0
/m/09d38d /film/film/written_by /m/06n9lt 0 0 0 0
/m/06ybb1 /film/film/written_by /m/04wp2p 0 0 0 0
/m/02k1pr /film/film/written_by /m/06kbb6 0 0 0 0
/m/01lbcqx /film/film/written_by /m/0ff3y 0 0 0 0
/m/05qm9f /film/film/written_by /m/06kbb6 0 0 0 0
/m/01jw67 /film/film/written_by /m/02l5rm 0 0 0 0
/m/0bh8x1y /film/film/written_by /m/05183k 0 0 0 0
/m/02qkwl /film/film/written_by /m/06dkzt 0 0 0 0
/m/09zf_q /film/film/written_by /m/05183k 0 0 0 0
/m/084qpk /film/film/written_by /m/01wg982 0 0 0 0
