pca confidence count
/m/0jnng /ice_hockey/hockey_team/current_roster./sports/sports_team_roster/position /m/02qvl7 0 1 0 0
/m/0j2zj /ice_hockey/hockey_team/current_roster./sports/sports_team_roster/position /m/02qvdc 0 0 0 0
/m/0jnr_ /ice_hockey/hockey_team/current_roster./sports/sports_team_roster/position /m/02qvzf 0 0 0 0
/m/04l5b4 /ice_hockey/hockey_team/current_roster./sports/sports_team_roster/position /m/02qvzf 0 1 0 0
std confidence count
/m/0jnng /ice_hockey/hockey_team/current_roster./sports/sports_team_roster/position /m/02qvl7 0 1 0 0
/m/0j2zj /ice_hockey/hockey_team/current_roster./sports/sports_team_roster/position /m/02qvdc 0 1 0 0
/m/0jnr_ /ice_hockey/hockey_team/current_roster./sports/sports_team_roster/position /m/02qvzf 0 1 0 0
/m/04l5b4 /ice_hockey/hockey_team/current_roster./sports/sports_team_roster/position /m/02qvzf 1 1 0 0
pca confidence sum
/m/0jnng /ice_hockey/hockey_team/current_roster./sports/sports_team_roster/position /m/02qvl7 0 0 0 0
/m/0j2zj /ice_hockey/hockey_team/current_roster./sports/sports_team_roster/position /m/02qvdc 0 1 0 0
/m/0jnr_ /ice_hockey/hockey_team/current_roster./sports/sports_team_roster/position /m/02qvzf 0 1 0 0
/m/04l5b4 /ice_hockey/hockey_team/current_roster./sports/sports_team_roster/position /m/02qvzf 0 1 0 0
std confidence sum
/m/0jnng /ice_hockey/hockey_team/current_roster./sports/sports_team_roster/position /m/02qvl7 0 1 0 0
/m/0j2zj /ice_hockey/hockey_team/current_roster./sports/sports_team_roster/position /m/02qvdc 0 1 0 0
/m/0jnr_ /ice_hockey/hockey_team/current_roster./sports/sports_team_roster/position /m/02qvzf 0 1 0 0
/m/04l5b4 /ice_hockey/hockey_team/current_roster./sports/sports_team_roster/position /m/02qvzf 0 1 0 0
