pca confidence count
/m/03gqgt3 /military/military_conflict/combatants./military/military_combatant_group/combatants /m/0d060g 1 1 0 0
/m/0gjw_ /military/military_conflict/combatants./military/military_combatant_group/combatants /m/0d060g 1 1 0 0
/m/03gqgt3 /military/military_conflict/combatants./military/military_combatant_group/combatants /m/09c7w0 1 1 0 1
/m/081pw /military/military_conflict/combatants./military/military_combatant_group/combatants /m/0154j 1 1 0 1
/m/02kxg_ /military/military_conflict/combatants./military/military_combatant_group/combatants /m/02vzc 0 0 0 0
/m/0d06vc /military/military_conflict/combatants./military/military_combatant_group/combatants /m/03_3d 1 1 0 0
/m/0845v /military/military_conflict/combatants./military/military_combatant_group/combatants /m/017v_ 1 1 1 1
/m/01cpp0 /military/military_conflict/combatants./military/military_combatant_group/combatants /m/0k6nt 0 0 0 0
/m/0cbvg /military/military_conflict/combatants./military/military_combatant_group/combatants /m/0285m87 0 0 0 0
/m/0k4y6 /military/military_conflict/combatants./military/military_combatant_group/combatants /m/05r4w 0 0 0 0
/m/03gqgt3 /military/military_conflict/combatants./military/military_combatant_group/combatants /m/01znc_ 1 1 0 1
/m/03gqgt3 /military/military_conflict/combatants./military/military_combatant_group/combatants /m/06npd 1 1 0 1
/m/0flry /military/military_conflict/combatants./military/military_combatant_group/combatants /m/01d8l 0 0 0 0
/m/018vbf /military/military_conflict/combatants./military/military_combatant_group/combatants /m/03spz 1 1 0 0
/m/081pw /military/military_conflict/combatants./military/military_combatant_group/combatants /m/02psqkz 1 1 1 1
/m/03gqgt3 /military/military_conflict/combatants./military/military_combatant_group/combatants /m/0k6nt 1 1 1 1
/m/01h6pn /military/military_conflict/combatants./military/military_combatant_group/combatants /m/04g61 1 1 0 0
/m/06k75 /military/military_conflict/combatants./military/military_combatant_group/combatants /m/06f32 0 0 0 0
/m/025rzfc /military/military_conflict/combatants./military/military_combatant_group/combatants /m/02psqkz 1 1 0 1
/m/02kxg_ /military/military_conflict/combatants./military/military_combatant_group/combatants /m/05vz3zq 0 0 0 0
/m/0flry /military/military_conflict/combatants./military/military_combatant_group/combatants /m/0d0vqn 0 0 0 0
/m/0bqtx /military/military_conflict/combatants./military/military_combatant_group/combatants /m/0bq0p9 0 0 0 0
/m/048n7 /military/military_conflict/combatants./military/military_combatant_group/combatants /m/0ctw_b 1 1 0 0
/m/081pw /military/military_conflict/combatants./military/military_combatant_group/combatants /m/0f8l9c 1 1 0 0
/m/02h2z_ /military/military_conflict/combatants./military/military_combatant_group/combatants /m/06v9sf 1 1 0 0
/m/03gqgt3 /military/military_conflict/combatants./military/military_combatant_group/combatants /m/05b4w 1 1 0 1
/m/03w6sj /military/military_conflict/combatants./military/military_combatant_group/combatants /m/088q1s 0 0 0 0
/m/07j9n /military/military_conflict/combatants./military/military_combatant_group/combatants /m/05kyr 1 1 1 1
/m/03gqgt3 /military/military_conflict/combatants./military/military_combatant_group/combatants /m/03m6j 0 0 0 0
/m/0jnh /military/military_conflict/combatants./military/military_combatant_group/combatants /m/04bbb8 0 0 0 0
/m/0845v /military/military_conflict/combatants./military/military_combatant_group/combatants /m/06mkj 0 0 0 0
/m/05nqz /military/military_conflict/combatants./military/military_combatant_group/combatants /m/02psqkz 0 1 0 0
/m/048n7 /military/military_conflict/combatants./military/military_combatant_group/combatants /m/07t65 1 1 0 0
/m/0727h /military/military_conflict/combatants./military/military_combatant_group/combatants /m/0bk25 0 0 0 0
std confidence count
/m/03gqgt3 /military/military_conflict/combatants./military/military_combatant_group/combatants /m/0d060g 1 1 0 0
/m/0gjw_ /military/military_conflict/combatants./military/military_combatant_group/combatants /m/0d060g 1 1 0 1
/m/03gqgt3 /military/military_conflict/combatants./military/military_combatant_group/combatants /m/09c7w0 1 1 0 1
/m/081pw /military/military_conflict/combatants./military/military_combatant_group/combatants /m/0154j 1 1 0 1
/m/02kxg_ /military/military_conflict/combatants./military/military_combatant_group/combatants /m/02vzc 0 0 0 0
/m/0d06vc /military/military_conflict/combatants./military/military_combatant_group/combatants /m/03_3d 1 1 0 0
/m/0845v /military/military_conflict/combatants./military/military_combatant_group/combatants /m/017v_ 1 1 1 1
/m/01cpp0 /military/military_conflict/combatants./military/military_combatant_group/combatants /m/0k6nt 0 0 0 0
/m/0cbvg /military/military_conflict/combatants./military/military_combatant_group/combatants /m/0285m87 0 0 0 0
/m/0k4y6 /military/military_conflict/combatants./military/military_combatant_group/combatants /m/05r4w 0 0 0 0
/m/03gqgt3 /military/military_conflict/combatants./military/military_combatant_group/combatants /m/01znc_ 1 1 0 1
/m/03gqgt3 /military/military_conflict/combatants./military/military_combatant_group/combatants /m/06npd 1 1 0 1
/m/0flry /military/military_conflict/combatants./military/military_combatant_group/combatants /m/01d8l 0 0 0 0
/m/018vbf /military/military_conflict/combatants./military/military_combatant_group/combatants /m/03spz 1 1 0 0
/m/081pw /military/military_conflict/combatants./military/military_combatant_group/combatants /m/02psqkz 1 1 1 1
/m/03gqgt3 /military/military_conflict/combatants./military/military_combatant_group/combatants /m/0k6nt 1 1 0 0
/m/01h6pn /military/military_conflict/combatants./military/military_combatant_group/combatants /m/04g61 1 1 0 0
/m/06k75 /military/military_conflict/combatants./military/military_combatant_group/combatants /m/06f32 0 0 0 0
/m/025rzfc /military/military_conflict/combatants./military/military_combatant_group/combatants /m/02psqkz 1 1 0 1
/m/02kxg_ /military/military_conflict/combatants./military/military_combatant_group/combatants /m/05vz3zq 0 0 0 0
/m/0flry /military/military_conflict/combatants./military/military_combatant_group/combatants /m/0d0vqn 0 0 0 0
/m/0bqtx /military/military_conflict/combatants./military/military_combatant_group/combatants /m/0bq0p9 0 0 0 0
/m/048n7 /military/military_conflict/combatants./military/military_combatant_group/combatants /m/0ctw_b 1 1 0 0
/m/081pw /military/military_conflict/combatants./military/military_combatant_group/combatants /m/0f8l9c 1 1 0 0
/m/02h2z_ /military/military_conflict/combatants./military/military_combatant_group/combatants /m/06v9sf 1 1 0 0
/m/03gqgt3 /military/military_conflict/combatants./military/military_combatant_group/combatants /m/05b4w 1 1 0 1
/m/03w6sj /military/military_conflict/combatants./military/military_combatant_group/combatants /m/088q1s 0 0 0 0
/m/07j9n /military/military_conflict/combatants./military/military_combatant_group/combatants /m/05kyr 1 1 1 1
/m/03gqgt3 /military/military_conflict/combatants./military/military_combatant_group/combatants /m/03m6j 0 0 0 0
/m/0jnh /military/military_conflict/combatants./military/military_combatant_group/combatants /m/04bbb8 0 0 0 0
/m/0845v /military/military_conflict/combatants./military/military_combatant_group/combatants /m/06mkj 0 0 0 0
/m/05nqz /military/military_conflict/combatants./military/military_combatant_group/combatants /m/02psqkz 0 1 0 0
/m/048n7 /military/military_conflict/combatants./military/military_combatant_group/combatants /m/07t65 1 1 0 0
/m/0727h /military/military_conflict/combatants./military/military_combatant_group/combatants /m/0bk25 0 0 0 0
pca confidence sum
/m/03gqgt3 /military/military_conflict/combatants./military/military_combatant_group/combatants /m/0d060g 1 1 0 1
/m/0gjw_ /military/military_conflict/combatants./military/military_combatant_group/combatants /m/0d060g 0 1 0 0
/m/03gqgt3 /military/military_conflict/combatants./military/military_combatant_group/combatants /m/09c7w0 1 1 0 1
/m/081pw /military/military_conflict/combatants./military/military_combatant_group/combatants /m/0154j 1 1 0 1
/m/02kxg_ /military/military_conflict/combatants./military/military_combatant_group/combatants /m/02vzc 0 0 0 0
/m/0d06vc /military/military_conflict/combatants./military/military_combatant_group/combatants /m/03_3d 1 1 0 0
/m/0845v /military/military_conflict/combatants./military/military_combatant_group/combatants /m/017v_ 1 1 1 1
/m/01cpp0 /military/military_conflict/combatants./military/military_combatant_group/combatants /m/0k6nt 1 1 0 0
/m/0cbvg /military/military_conflict/combatants./military/military_combatant_group/combatants /m/0285m87 0 0 0 0
/m/0k4y6 /military/military_conflict/combatants./military/military_combatant_group/combatants /m/05r4w 0 0 0 0
/m/03gqgt3 /military/military_conflict/combatants./military/military_combatant_group/combatants /m/01znc_ 1 1 1 1
/m/03gqgt3 /military/military_conflict/combatants./military/military_combatant_group/combatants /m/06npd 1 1 0 1
/m/0flry /military/military_conflict/combatants./military/military_combatant_group/combatants /m/01d8l 0 1 0 0
/m/018vbf /military/military_conflict/combatants./military/military_combatant_group/combatants /m/03spz 0 0 0 0
/m/081pw /military/military_conflict/combatants./military/military_combatant_group/combatants /m/02psqkz 1 1 1 1
/m/03gqgt3 /military/military_conflict/combatants./military/military_combatant_group/combatants /m/0k6nt 1 1 1 1
/m/01h6pn /military/military_conflict/combatants./military/military_combatant_group/combatants /m/04g61 1 1 0 0
/m/06k75 /military/military_conflict/combatants./military/military_combatant_group/combatants /m/06f32 0 0 0 0
/m/025rzfc /military/military_conflict/combatants./military/military_combatant_group/combatants /m/02psqkz 1 1 0 0
/m/02kxg_ /military/military_conflict/combatants./military/military_combatant_group/combatants /m/05vz3zq 0 0 0 0
/m/0flry /military/military_conflict/combatants./military/military_combatant_group/combatants /m/0d0vqn 0 0 0 0
/m/0bqtx /military/military_conflict/combatants./military/military_combatant_group/combatants /m/0bq0p9 0 0 0 0
/m/048n7 /military/military_conflict/combatants./military/military_combatant_group/combatants /m/0ctw_b 1 1 0 1
/m/081pw /military/military_conflict/combatants./military/military_combatant_group/combatants /m/0f8l9c 1 1 1 1
/m/02h2z_ /military/military_conflict/combatants./military/military_combatant_group/combatants /m/06v9sf 1 1 0 0
/m/03gqgt3 /military/military_conflict/combatants./military/military_combatant_group/combatants /m/05b4w 1 1 0 1
/m/03w6sj /military/military_conflict/combatants./military/military_combatant_group/combatants /m/088q1s 0 0 0 0
/m/07j9n /military/military_conflict/combatants./military/military_combatant_group/combatants /m/05kyr 1 1 0 0
/m/03gqgt3 /military/military_conflict/combatants./military/military_combatant_group/combatants /m/03m6j 0 0 0 0
/m/0jnh /military/military_conflict/combatants./military/military_combatant_group/combatants /m/04bbb8 0 0 0 0
/m/0845v /military/military_conflict/combatants./military/military_combatant_group/combatants /m/06mkj 0 0 0 0
/m/05nqz /military/military_conflict/combatants./military/military_combatant_group/combatants /m/02psqkz 0 1 0 0
/m/048n7 /military/military_conflict/combatants./military/military_combatant_group/combatants /m/07t65 1 1 0 0
/m/0727h /military/military_conflict/combatants./military/military_combatant_group/combatants /m/0bk25 0 0 0 0
std confidence sum
/m/03gqgt3 /military/military_conflict/combatants./military/military_combatant_group/combatants /m/0d060g 1 1 0 1
/m/0gjw_ /military/military_conflict/combatants./military/military_combatant_group/combatants /m/0d060g 0 1 0 0
/m/03gqgt3 /military/military_conflict/combatants./military/military_combatant_group/combatants /m/09c7w0 1 1 0 1
/m/081pw /military/military_conflict/combatants./military/military_combatant_group/combatants /m/0154j 1 1 1 1
/m/02kxg_ /military/military_conflict/combatants./military/military_combatant_group/combatants /m/02vzc 0 0 0 0
/m/0d06vc /military/military_conflict/combatants./military/military_combatant_group/combatants /m/03_3d 1 1 0 0
/m/0845v /military/military_conflict/combatants./military/military_combatant_group/combatants /m/017v_ 1 1 1 1
/m/01cpp0 /military/military_conflict/combatants./military/military_combatant_group/combatants /m/0k6nt 1 1 0 0
/m/0cbvg /military/military_conflict/combatants./military/military_combatant_group/combatants /m/0285m87 0 0 0 0
/m/0k4y6 /military/military_conflict/combatants./military/military_combatant_group/combatants /m/05r4w 0 0 0 0
/m/03gqgt3 /military/military_conflict/combatants./military/military_combatant_group/combatants /m/01znc_ 1 1 1 1
/m/03gqgt3 /military/military_conflict/combatants./military/military_combatant_group/combatants /m/06npd 1 1 0 1
/m/0flry /military/military_conflict/combatants./military/military_combatant_group/combatants /m/01d8l 0 1 0 0
/m/018vbf /military/military_conflict/combatants./military/military_combatant_group/combatants /m/03spz 0 0 0 0
/m/081pw /military/military_conflict/combatants./military/military_combatant_group/combatants /m/02psqkz 1 1 1 1
/m/03gqgt3 /military/military_conflict/combatants./military/military_combatant_group/combatants /m/0k6nt 1 1 1 1
/m/01h6pn /military/military_conflict/combatants./military/military_combatant_group/combatants /m/04g61 1 1 0 0
/m/06k75 /military/military_conflict/combatants./military/military_combatant_group/combatants /m/06f32 0 1 0 0
/m/025rzfc /military/military_conflict/combatants./military/military_combatant_group/combatants /m/02psqkz 1 1 0 0
/m/02kxg_ /military/military_conflict/combatants./military/military_combatant_group/combatants /m/05vz3zq 0 0 0 0
/m/0flry /military/military_conflict/combatants./military/military_combatant_group/combatants /m/0d0vqn 0 0 0 0
/m/0bqtx /military/military_conflict/combatants./military/military_combatant_group/combatants /m/0bq0p9 0 0 0 0
/m/048n7 /military/military_conflict/combatants./military/military_combatant_group/combatants /m/0ctw_b 1 1 0 1
/m/081pw /military/military_conflict/combatants./military/military_combatant_group/combatants /m/0f8l9c 1 1 1 1
/m/02h2z_ /military/military_conflict/combatants./military/military_combatant_group/combatants /m/06v9sf 1 1 0 0
/m/03gqgt3 /military/military_conflict/combatants./military/military_combatant_group/combatants /m/05b4w 1 1 0 1
/m/03w6sj /military/military_conflict/combatants./military/military_combatant_group/combatants /m/088q1s 0 0 0 0
/m/07j9n /military/military_conflict/combatants./military/military_combatant_group/combatants /m/05kyr 1 1 0 0
/m/03gqgt3 /military/military_conflict/combatants./military/military_combatant_group/combatants /m/03m6j 0 0 0 0
/m/0jnh /military/military_conflict/combatants./military/military_combatant_group/combatants /m/04bbb8 0 0 0 0
/m/0845v /military/military_conflict/combatants./military/military_combatant_group/combatants /m/06mkj 0 0 0 0
/m/05nqz /military/military_conflict/combatants./military/military_combatant_group/combatants /m/02psqkz 0 1 0 0
/m/048n7 /military/military_conflict/combatants./military/military_combatant_group/combatants /m/07t65 1 1 0 0
/m/0727h /military/military_conflict/combatants./military/military_combatant_group/combatants /m/0bk25 0 0 0 0
