pca confidence count
/m/0kbws /olympics/olympic_games/participating_countries /m/027jk 1 1 1 1
/m/0kbws /olympics/olympic_games/participating_countries /m/04vjh 1 1 1 1
/m/09x3r /olympics/olympic_games/participating_countries /m/06f32 1 1 0 1
/m/09n48 /olympics/olympic_games/participating_countries /m/02wt0 1 1 0 0
/m/015l4k /olympics/olympic_games/participating_countries /m/07ssc 0 1 0 0
/m/09n48 /olympics/olympic_games/participating_countries /m/03spz 1 1 0 0
/m/0c_tl /olympics/olympic_games/participating_countries /m/0d0vqn 1 1 0 0
/m/0kbws /olympics/olympic_games/participating_countries /m/05bmq 1 1 1 1
/m/0lgxj /olympics/olympic_games/participating_countries /m/05v8c 1 1 0 1
/m/018ctl /olympics/olympic_games/participating_countries /m/03spz 1 1 0 1
/m/09n48 /olympics/olympic_games/participating_countries /m/0168t 1 1 0 0
/m/0lgxj /olympics/olympic_games/participating_countries /m/0160w 1 1 0 0
/m/09n48 /olympics/olympic_games/participating_countries /m/0ctw_b 1 1 0 1
/m/0sx8l /olympics/olympic_games/participating_countries /m/05vz3zq 1 1 0 0
/m/0kbws /olympics/olympic_games/participating_countries /m/04hvw 1 1 1 1
/m/0lgxj /olympics/olympic_games/participating_countries /m/06m_5 1 1 0 0
/m/0sx8l /olympics/olympic_games/participating_countries /m/06c1y 1 1 0 0
/m/0kbws /olympics/olympic_games/participating_countries /m/09lxtg 1 1 1 1
/m/09n48 /olympics/olympic_games/participating_countries /m/07f1x 1 1 0 0
/m/0blfl /olympics/olympic_games/participating_countries /m/06qd3 1 1 0 0
/m/09n48 /olympics/olympic_games/participating_countries /m/0jt3tjf 1 1 0 0
/m/0kbws /olympics/olympic_games/participating_countries /m/056vv 1 1 1 1
/m/018ctl /olympics/olympic_games/participating_countries /m/03rk0 1 1 0 1
std confidence count
/m/0kbws /olympics/olympic_games/participating_countries /m/027jk 1 1 1 1
/m/0kbws /olympics/olympic_games/participating_countries /m/04vjh 1 1 1 1
/m/09x3r /olympics/olympic_games/participating_countries /m/06f32 1 1 0 1
/m/09n48 /olympics/olympic_games/participating_countries /m/02wt0 1 1 0 0
/m/015l4k /olympics/olympic_games/participating_countries /m/07ssc 0 1 0 0
/m/09n48 /olympics/olympic_games/participating_countries /m/03spz 1 1 0 0
/m/0c_tl /olympics/olympic_games/participating_countries /m/0d0vqn 1 1 0 0
/m/0kbws /olympics/olympic_games/participating_countries /m/05bmq 1 1 1 1
/m/0lgxj /olympics/olympic_games/participating_countries /m/05v8c 1 1 0 1
/m/018ctl /olympics/olympic_games/participating_countries /m/03spz 1 1 0 1
/m/09n48 /olympics/olympic_games/participating_countries /m/0168t 1 1 0 0
/m/0lgxj /olympics/olympic_games/participating_countries /m/0160w 1 1 0 0
/m/09n48 /olympics/olympic_games/participating_countries /m/0ctw_b 1 1 0 1
/m/0sx8l /olympics/olympic_games/participating_countries /m/05vz3zq 1 1 0 0
/m/0kbws /olympics/olympic_games/participating_countries /m/04hvw 1 1 1 1
/m/0lgxj /olympics/olympic_games/participating_countries /m/06m_5 1 1 0 0
/m/0sx8l /olympics/olympic_games/participating_countries /m/06c1y 1 1 0 0
/m/0kbws /olympics/olympic_games/participating_countries /m/09lxtg 1 1 1 1
/m/09n48 /olympics/olympic_games/participating_countries /m/07f1x 1 1 0 0
/m/0blfl /olympics/olympic_games/participating_countries /m/06qd3 1 1 0 0
/m/09n48 /olympics/olympic_games/participating_countries /m/0jt3tjf 1 1 0 0
/m/0kbws /olympics/olympic_games/participating_countries /m/056vv 1 1 1 1
/m/018ctl /olympics/olympic_games/participating_countries /m/03rk0 1 1 0 1
pca confidence sum
/m/0kbws /olympics/olympic_games/participating_countries /m/027jk 1 1 1 1
/m/0kbws /olympics/olympic_games/participating_countries /m/04vjh 1 1 1 1
/m/09x3r /olympics/olympic_games/participating_countries /m/06f32 1 1 0 1
/m/09n48 /olympics/olympic_games/participating_countries /m/02wt0 1 1 0 0
/m/015l4k /olympics/olympic_games/participating_countries /m/07ssc 0 1 0 0
/m/09n48 /olympics/olympic_games/participating_countries /m/03spz 1 1 0 0
/m/0c_tl /olympics/olympic_games/participating_countries /m/0d0vqn 1 1 0 0
/m/0kbws /olympics/olympic_games/participating_countries /m/05bmq 1 1 1 1
/m/0lgxj /olympics/olympic_games/participating_countries /m/05v8c 1 1 0 0
/m/018ctl /olympics/olympic_games/participating_countries /m/03spz 1 1 1 1
/m/09n48 /olympics/olympic_games/participating_countries /m/0168t 1 1 0 0
/m/0lgxj /olympics/olympic_games/participating_countries /m/0160w 1 1 0 0
/m/09n48 /olympics/olympic_games/participating_countries /m/0ctw_b 1 1 0 1
/m/0sx8l /olympics/olympic_games/participating_countries /m/05vz3zq 1 1 0 0
/m/0kbws /olympics/olympic_games/participating_countries /m/04hvw 1 1 1 1
/m/0lgxj /olympics/olympic_games/participating_countries /m/06m_5 1 1 0 0
/m/0sx8l /olympics/olympic_games/participating_countries /m/06c1y 1 1 0 0
/m/0kbws /olympics/olympic_games/participating_countries /m/09lxtg 1 1 1 1
/m/09n48 /olympics/olympic_games/participating_countries /m/07f1x 1 1 0 0
/m/0blfl /olympics/olympic_games/participating_countries /m/06qd3 1 1 0 0
/m/09n48 /olympics/olympic_games/participating_countries /m/0jt3tjf 1 1 0 0
/m/0kbws /olympics/olympic_games/participating_countries /m/056vv 1 1 1 1
/m/018ctl /olympics/olympic_games/participating_countries /m/03rk0 1 1 0 0
std confidence sum
/m/0kbws /olympics/olympic_games/participating_countries /m/027jk 1 1 1 1
/m/0kbws /olympics/olympic_games/participating_countries /m/04vjh 1 1 1 1
/m/09x3r /olympics/olympic_games/participating_countries /m/06f32 1 1 0 1
/m/09n48 /olympics/olympic_games/participating_countries /m/02wt0 1 1 0 0
/m/015l4k /olympics/olympic_games/participating_countries /m/07ssc 0 1 0 0
/m/09n48 /olympics/olympic_games/participating_countries /m/03spz 1 1 0 0
/m/0c_tl /olympics/olympic_games/participating_countries /m/0d0vqn 1 1 0 0
/m/0kbws /olympics/olympic_games/participating_countries /m/05bmq 1 1 1 1
/m/0lgxj /olympics/olympic_games/participating_countries /m/05v8c 1 1 0 0
/m/018ctl /olympics/olympic_games/participating_countries /m/03spz 1 1 1 1
/m/09n48 /olympics/olympic_games/participating_countries /m/0168t 1 1 0 0
/m/0lgxj /olympics/olympic_games/participating_countries /m/0160w 1 1 0 0
/m/09n48 /olympics/olympic_games/participating_countries /m/0ctw_b 1 1 0 1
/m/0sx8l /olympics/olympic_games/participating_countries /m/05vz3zq 1 1 0 0
/m/0kbws /olympics/olympic_games/participating_countries /m/04hvw 1 1 1 1
/m/0lgxj /olympics/olympic_games/participating_countries /m/06m_5 1 1 0 0
/m/0sx8l /olympics/olympic_games/participating_countries /m/06c1y 1 1 0 0
/m/0kbws /olympics/olympic_games/participating_countries /m/09lxtg 1 1 1 1
/m/09n48 /olympics/olympic_games/participating_countries /m/07f1x 1 1 0 0
/m/0blfl /olympics/olympic_games/participating_countries /m/06qd3 1 1 0 0
/m/09n48 /olympics/olympic_games/participating_countries /m/0jt3tjf 1 1 0 0
/m/0kbws /olympics/olympic_games/participating_countries /m/056vv 1 1 1 1
/m/018ctl /olympics/olympic_games/participating_countries /m/03rk0 1 1 0 0
