pca confidence count
/m/02m97n /organization/organization/headquarters./location/mailing_address/citytown /m/09bkv 0 0 0 0
/m/0fb0v /organization/organization/headquarters./location/mailing_address/citytown /m/02_286 0 0 0 0
/m/0797c7 /organization/organization/headquarters./location/mailing_address/citytown /m/0cv3w 0 0 0 0
/m/018_q8 /organization/organization/headquarters./location/mailing_address/citytown /m/0h7h6 0 0 0 0
/m/0kctd /organization/organization/headquarters./location/mailing_address/citytown /m/02_286 0 0 0 0
/m/01w92 /organization/organization/headquarters./location/mailing_address/citytown /m/09bkv 0 0 0 0
/m/02dj3 /organization/organization/headquarters./location/mailing_address/citytown /m/0cdw6 0 0 0 0
/m/01trxd /organization/organization/headquarters./location/mailing_address/citytown /m/0156q 0 0 0 0
/m/01m_zd /organization/organization/headquarters./location/mailing_address/citytown /m/02cft 0 0 0 0
/m/02dqdp /organization/organization/headquarters./location/mailing_address/citytown /m/01zqy6t 0 0 0 0
/m/03yxwq /organization/organization/headquarters./location/mailing_address/citytown /m/0r00l 0 1 0 0
/m/06p8m /organization/organization/headquarters./location/mailing_address/citytown /m/0d6lp 0 0 0 0
/m/0kc6x /organization/organization/headquarters./location/mailing_address/citytown /m/0d6lp 0 0 0 0
/m/01tzfz /organization/organization/headquarters./location/mailing_address/citytown /m/0m0bj 0 0 0 0
/m/0hkqn /organization/organization/headquarters./location/mailing_address/citytown /m/0bxbr 0 0 0 0
/m/026036 /organization/organization/headquarters./location/mailing_address/citytown /m/02_286 0 0 0 0
/m/046b0s /organization/organization/headquarters./location/mailing_address/citytown /m/0chgzm 0 0 0 0
/m/02mdty /organization/organization/headquarters./location/mailing_address/citytown /m/0cc56 0 0 0 0
/m/07w3r /organization/organization/headquarters./location/mailing_address/citytown /m/013kcv 0 0 0 0
/m/012lzr /organization/organization/headquarters./location/mailing_address/citytown /m/06y57 1 1 0 0
/m/02bb47 /organization/organization/headquarters./location/mailing_address/citytown /m/01zqy6t 0 0 0 0
/m/0kz2w /organization/organization/headquarters./location/mailing_address/citytown /m/0hz35 0 0 0 0
/m/01k3s2 /organization/organization/headquarters./location/mailing_address/citytown /m/0nlh7 1 1 0 0
/m/04d5v9 /organization/organization/headquarters./location/mailing_address/citytown /m/02_286 0 0 0 0
/m/0kc9f /organization/organization/headquarters./location/mailing_address/citytown /m/0r00l 0 1 0 0
/m/03_c8p /organization/organization/headquarters./location/mailing_address/citytown /m/04jpl 0 0 0 0
/m/01n6r0 /organization/organization/headquarters./location/mailing_address/citytown /m/02mf7 0 0 0 0
/m/09xwz /organization/organization/headquarters./location/mailing_address/citytown /m/0k049 0 0 0 0
/m/0l8sx /organization/organization/headquarters./location/mailing_address/citytown /m/02_286 0 1 0 0
/m/015g1w /organization/organization/headquarters./location/mailing_address/citytown /m/04jpl 0 0 0 0
/m/086h6p /organization/organization/headquarters./location/mailing_address/citytown /m/04lh6 0 0 0 0
/m/027mdh /organization/organization/headquarters./location/mailing_address/citytown /m/0d6lp 0 0 0 0
/m/01d34b /organization/organization/headquarters./location/mailing_address/citytown /m/02_286 0 0 0 0
/m/02m97n /organization/organization/headquarters./location/mailing_address/citytown /m/04jpl 0 0 0 0
/m/06nfl /organization/organization/headquarters./location/mailing_address/citytown /m/0d6lp 0 0 0 0
/m/06nvzg /organization/organization/headquarters./location/mailing_address/citytown /m/02_286 0 0 0 0
/m/01v3rb /organization/organization/headquarters./location/mailing_address/citytown /m/0f04v 0 0 0 0
/m/02qdyj /organization/organization/headquarters./location/mailing_address/citytown /m/096gm 0 0 0 0
/m/01xk7r /organization/organization/headquarters./location/mailing_address/citytown /m/0d6lp 0 0 0 0
/m/01rz1 /organization/organization/headquarters./location/mailing_address/citytown /m/09b83 0 0 0 0
/m/05d6kv /organization/organization/headquarters./location/mailing_address/citytown /m/02_286 0 0 0 0
/m/06p8m /organization/organization/headquarters./location/mailing_address/citytown /m/06y57 0 0 0 0
/m/01nds /organization/organization/headquarters./location/mailing_address/citytown /m/0hsqf 0 0 0 0
/m/01tpvt /organization/organization/headquarters./location/mailing_address/citytown /m/08966 0 0 0 0
/m/05bnq8 /organization/organization/headquarters./location/mailing_address/citytown /m/01qh7 0 0 0 0
/m/06p8m /organization/organization/headquarters./location/mailing_address/citytown /m/07dfk 0 0 0 0
/m/06v99d /organization/organization/headquarters./location/mailing_address/citytown /m/01pt5w 0 0 0 0
/m/01tlrp /organization/organization/headquarters./location/mailing_address/citytown /m/07dfk 0 0 0 0
/m/07y2s /organization/organization/headquarters./location/mailing_address/citytown /m/01_d4 0 0 0 0
/m/04mwxk3 /organization/organization/headquarters./location/mailing_address/citytown /m/05qtj 0 0 0 0
/m/05zl0 /organization/organization/headquarters./location/mailing_address/citytown /m/0ljsz 0 0 0 0
/m/07tlg /organization/organization/headquarters./location/mailing_address/citytown /m/0978r 0 1 0 0
/m/0hhjk /organization/organization/headquarters./location/mailing_address/citytown /m/02_286 0 1 0 0
/m/01hx2t /organization/organization/headquarters./location/mailing_address/citytown /m/0d234 0 0 0 0
/m/01xl5 /organization/organization/headquarters./location/mailing_address/citytown /m/0tbql 0 0 0 0
std confidence count
/m/02m97n /organization/organization/headquarters./location/mailing_address/citytown /m/09bkv 0 0 0 0
/m/0fb0v /organization/organization/headquarters./location/mailing_address/citytown /m/02_286 0 0 0 0
/m/0797c7 /organization/organization/headquarters./location/mailing_address/citytown /m/0cv3w 0 0 0 0
/m/018_q8 /organization/organization/headquarters./location/mailing_address/citytown /m/0h7h6 0 0 0 0
/m/0kctd /organization/organization/headquarters./location/mailing_address/citytown /m/02_286 0 0 0 0
/m/01w92 /organization/organization/headquarters./location/mailing_address/citytown /m/09bkv 0 0 0 0
/m/02dj3 /organization/organization/headquarters./location/mailing_address/citytown /m/0cdw6 0 0 0 0
/m/01trxd /organization/organization/headquarters./location/mailing_address/citytown /m/0156q 0 0 0 0
/m/01m_zd /organization/organization/headquarters./location/mailing_address/citytown /m/02cft 0 0 0 0
/m/02dqdp /organization/organization/headquarters./location/mailing_address/citytown /m/01zqy6t 0 0 0 0
/m/03yxwq /organization/organization/headquarters./location/mailing_address/citytown /m/0r00l 0 1 0 0
/m/06p8m /organization/organization/headquarters./location/mailing_address/citytown /m/0d6lp 0 0 0 0
/m/0kc6x /organization/organization/headquarters./location/mailing_address/citytown /m/0d6lp 0 0 0 0
/m/01tzfz /organization/organization/headquarters./location/mailing_address/citytown /m/0m0bj 0 0 0 0
/m/0hkqn /organization/organization/headquarters./location/mailing_address/citytown /m/0bxbr 0 0 0 0
/m/026036 /organization/organization/headquarters./location/mailing_address/citytown /m/02_286 0 0 0 0
/m/046b0s /organization/organization/headquarters./location/mailing_address/citytown /m/0chgzm 0 0 0 0
/m/02mdty /organization/organization/headquarters./location/mailing_address/citytown /m/0cc56 0 0 0 0
/m/07w3r /organization/organization/headquarters./location/mailing_address/citytown /m/013kcv 0 0 0 0
/m/012lzr /organization/organization/headquarters./location/mailing_address/citytown /m/06y57 1 1 0 0
/m/02bb47 /organization/organization/headquarters./location/mailing_address/citytown /m/01zqy6t 0 0 0 0
/m/0kz2w /organization/organization/headquarters./location/mailing_address/citytown /m/0hz35 0 0 0 0
/m/01k3s2 /organization/organization/headquarters./location/mailing_address/citytown /m/0nlh7 1 1 1 1
/m/04d5v9 /organization/organization/headquarters./location/mailing_address/citytown /m/02_286 0 0 0 0
/m/0kc9f /organization/organization/headquarters./location/mailing_address/citytown /m/0r00l 0 1 0 0
/m/03_c8p /organization/organization/headquarters./location/mailing_address/citytown /m/04jpl 0 0 0 0
/m/01n6r0 /organization/organization/headquarters./location/mailing_address/citytown /m/02mf7 0 0 0 0
/m/09xwz /organization/organization/headquarters./location/mailing_address/citytown /m/0k049 0 0 0 0
/m/0l8sx /organization/organization/headquarters./location/mailing_address/citytown /m/02_286 0 1 0 0
/m/015g1w /organization/organization/headquarters./location/mailing_address/citytown /m/04jpl 0 0 0 0
/m/086h6p /organization/organization/headquarters./location/mailing_address/citytown /m/04lh6 0 0 0 0
/m/027mdh /organization/organization/headquarters./location/mailing_address/citytown /m/0d6lp 0 0 0 0
/m/01d34b /organization/organization/headquarters./location/mailing_address/citytown /m/02_286 0 0 0 0
/m/02m97n /organization/organization/headquarters./location/mailing_address/citytown /m/04jpl 0 0 0 0
/m/06nfl /organization/organization/headquarters./location/mailing_address/citytown /m/0d6lp 0 0 0 0
/m/06nvzg /organization/organization/headquarters./location/mailing_address/citytown /m/02_286 0 0 0 0
/m/01v3rb /organization/organization/headquarters./location/mailing_address/citytown /m/0f04v 0 0 0 0
/m/02qdyj /organization/organization/headquarters./location/mailing_address/citytown /m/096gm 0 0 0 0
/m/01xk7r /organization/organization/headquarters./location/mailing_address/citytown /m/0d6lp 0 0 0 0
/m/01rz1 /organization/organization/headquarters./location/mailing_address/citytown /m/09b83 0 0 0 0
/m/05d6kv /organization/organization/headquarters./location/mailing_address/citytown /m/02_286 0 0 0 0
/m/06p8m /organization/organization/headquarters./location/mailing_address/citytown /m/06y57 0 0 0 0
/m/01nds /organization/organization/headquarters./location/mailing_address/citytown /m/0hsqf 0 0 0 0
/m/01tpvt /organization/organization/headquarters./location/mailing_address/citytown /m/08966 0 0 0 0
/m/05bnq8 /organization/organization/headquarters./location/mailing_address/citytown /m/01qh7 0 0 0 0
/m/06p8m /organization/organization/headquarters./location/mailing_address/citytown /m/07dfk 0 1 0 0
/m/06v99d /organization/organization/headquarters./location/mailing_address/citytown /m/01pt5w 0 0 0 0
/m/01tlrp /organization/organization/headquarters./location/mailing_address/citytown /m/07dfk 0 1 0 0
/m/07y2s /organization/organization/headquarters./location/mailing_address/citytown /m/01_d4 0 0 0 0
/m/04mwxk3 /organization/organization/headquarters./location/mailing_address/citytown /m/05qtj 0 1 0 0
/m/05zl0 /organization/organization/headquarters./location/mailing_address/citytown /m/0ljsz 0 0 0 0
/m/07tlg /organization/organization/headquarters./location/mailing_address/citytown /m/0978r 0 1 0 0
/m/0hhjk /organization/organization/headquarters./location/mailing_address/citytown /m/02_286 0 1 0 0
/m/01hx2t /organization/organization/headquarters./location/mailing_address/citytown /m/0d234 0 0 0 0
/m/01xl5 /organization/organization/headquarters./location/mailing_address/citytown /m/0tbql 0 0 0 0
pca confidence sum
/m/02m97n /organization/organization/headquarters./location/mailing_address/citytown /m/09bkv 0 0 0 0
/m/0fb0v /organization/organization/headquarters./location/mailing_address/citytown /m/02_286 0 0 0 0
/m/0797c7 /organization/organization/headquarters./location/mailing_address/citytown /m/0cv3w 0 0 0 0
/m/018_q8 /organization/organization/headquarters./location/mailing_address/citytown /m/0h7h6 0 0 0 0
/m/0kctd /organization/organization/headquarters./location/mailing_address/citytown /m/02_286 0 0 0 0
/m/01w92 /organization/organization/headquarters./location/mailing_address/citytown /m/09bkv 0 0 0 0
/m/02dj3 /organization/organization/headquarters./location/mailing_address/citytown /m/0cdw6 0 0 0 0
/m/01trxd /organization/organization/headquarters./location/mailing_address/citytown /m/0156q 0 0 0 0
/m/01m_zd /organization/organization/headquarters./location/mailing_address/citytown /m/02cft 0 0 0 0
/m/02dqdp /organization/organization/headquarters./location/mailing_address/citytown /m/01zqy6t 0 0 0 0
/m/03yxwq /organization/organization/headquarters./location/mailing_address/citytown /m/0r00l 0 0 0 0
/m/06p8m /organization/organization/headquarters./location/mailing_address/citytown /m/0d6lp 0 0 0 0
/m/0kc6x /organization/organization/headquarters./location/mailing_address/citytown /m/0d6lp 0 0 0 0
/m/01tzfz /organization/organization/headquarters./location/mailing_address/citytown /m/0m0bj 0 0 0 0
/m/0hkqn /organization/organization/headquarters./location/mailing_address/citytown /m/0bxbr 0 0 0 0
/m/026036 /organization/organization/headquarters./location/mailing_address/citytown /m/02_286 0 0 0 0
/m/046b0s /organization/organization/headquarters./location/mailing_address/citytown /m/0chgzm 0 0 0 0
/m/02mdty /organization/organization/headquarters./location/mailing_address/citytown /m/0cc56 0 0 0 0
/m/07w3r /organization/organization/headquarters./location/mailing_address/citytown /m/013kcv 0 0 0 0
/m/012lzr /organization/organization/headquarters./location/mailing_address/citytown /m/06y57 1 1 0 0
/m/02bb47 /organization/organization/headquarters./location/mailing_address/citytown /m/01zqy6t 0 0 0 0
/m/0kz2w /organization/organization/headquarters./location/mailing_address/citytown /m/0hz35 0 0 0 0
/m/01k3s2 /organization/organization/headquarters./location/mailing_address/citytown /m/0nlh7 1 1 1 1
/m/04d5v9 /organization/organization/headquarters./location/mailing_address/citytown /m/02_286 0 0 0 0
/m/0kc9f /organization/organization/headquarters./location/mailing_address/citytown /m/0r00l 0 0 0 0
/m/03_c8p /organization/organization/headquarters./location/mailing_address/citytown /m/04jpl 0 0 0 0
/m/01n6r0 /organization/organization/headquarters./location/mailing_address/citytown /m/02mf7 0 0 0 0
/m/09xwz /organization/organization/headquarters./location/mailing_address/citytown /m/0k049 0 0 0 0
/m/0l8sx /organization/organization/headquarters./location/mailing_address/citytown /m/02_286 0 0 0 0
/m/015g1w /organization/organization/headquarters./location/mailing_address/citytown /m/04jpl 0 0 0 0
/m/086h6p /organization/organization/headquarters./location/mailing_address/citytown /m/04lh6 0 0 0 0
/m/027mdh /organization/organization/headquarters./location/mailing_address/citytown /m/0d6lp 0 0 0 0
/m/01d34b /organization/organization/headquarters./location/mailing_address/citytown /m/02_286 0 0 0 0
/m/02m97n /organization/organization/headquarters./location/mailing_address/citytown /m/04jpl 0 0 0 0
/m/06nfl /organization/organization/headquarters./location/mailing_address/citytown /m/0d6lp 0 0 0 0
/m/06nvzg /organization/organization/headquarters./location/mailing_address/citytown /m/02_286 0 0 0 0
/m/01v3rb /organization/organization/headquarters./location/mailing_address/citytown /m/0f04v 0 0 0 0
/m/02qdyj /organization/organization/headquarters./location/mailing_address/citytown /m/096gm 0 0 0 0
/m/01xk7r /organization/organization/headquarters./location/mailing_address/citytown /m/0d6lp 0 0 0 0
/m/01rz1 /organization/organization/headquarters./location/mailing_address/citytown /m/09b83 0 0 0 0
/m/05d6kv /organization/organization/headquarters./location/mailing_address/citytown /m/02_286 0 0 0 0
/m/06p8m /organization/organization/headquarters./location/mailing_address/citytown /m/06y57 0 0 0 0
/m/01nds /organization/organization/headquarters./location/mailing_address/citytown /m/0hsqf 0 0 0 0
/m/01tpvt /organization/organization/headquarters./location/mailing_address/citytown /m/08966 0 0 0 0
/m/05bnq8 /organization/organization/headquarters./location/mailing_address/citytown /m/01qh7 0 0 0 0
/m/06p8m /organization/organization/headquarters./location/mailing_address/citytown /m/07dfk 0 0 0 0
/m/06v99d /organization/organization/headquarters./location/mailing_address/citytown /m/01pt5w 0 0 0 0
/m/01tlrp /organization/organization/headquarters./location/mailing_address/citytown /m/07dfk 0 0 0 0
/m/07y2s /organization/organization/headquarters./location/mailing_address/citytown /m/01_d4 0 0 0 0
/m/04mwxk3 /organization/organization/headquarters./location/mailing_address/citytown /m/05qtj 0 0 0 0
/m/05zl0 /organization/organization/headquarters./location/mailing_address/citytown /m/0ljsz 0 0 0 0
/m/07tlg /organization/organization/headquarters./location/mailing_address/citytown /m/0978r 0 1 0 0
/m/0hhjk /organization/organization/headquarters./location/mailing_address/citytown /m/02_286 0 0 0 0
/m/01hx2t /organization/organization/headquarters./location/mailing_address/citytown /m/0d234 0 0 0 0
/m/01xl5 /organization/organization/headquarters./location/mailing_address/citytown /m/0tbql 0 0 0 0
std confidence sum
/m/02m97n /organization/organization/headquarters./location/mailing_address/citytown /m/09bkv 0 0 0 0
/m/0fb0v /organization/organization/headquarters./location/mailing_address/citytown /m/02_286 0 0 0 0
/m/0797c7 /organization/organization/headquarters./location/mailing_address/citytown /m/0cv3w 0 0 0 0
/m/018_q8 /organization/organization/headquarters./location/mailing_address/citytown /m/0h7h6 0 0 0 0
/m/0kctd /organization/organization/headquarters./location/mailing_address/citytown /m/02_286 0 0 0 0
/m/01w92 /organization/organization/headquarters./location/mailing_address/citytown /m/09bkv 0 0 0 0
/m/02dj3 /organization/organization/headquarters./location/mailing_address/citytown /m/0cdw6 0 0 0 0
/m/01trxd /organization/organization/headquarters./location/mailing_address/citytown /m/0156q 0 0 0 0
/m/01m_zd /organization/organization/headquarters./location/mailing_address/citytown /m/02cft 0 0 0 0
/m/02dqdp /organization/organization/headquarters./location/mailing_address/citytown /m/01zqy6t 0 0 0 0
/m/03yxwq /organization/organization/headquarters./location/mailing_address/citytown /m/0r00l 0 1 0 0
/m/06p8m /organization/organization/headquarters./location/mailing_address/citytown /m/0d6lp 0 0 0 0
/m/0kc6x /organization/organization/headquarters./location/mailing_address/citytown /m/0d6lp 0 0 0 0
/m/01tzfz /organization/organization/headquarters./location/mailing_address/citytown /m/0m0bj 0 0 0 0
/m/0hkqn /organization/organization/headquarters./location/mailing_address/citytown /m/0bxbr 0 0 0 0
/m/026036 /organization/organization/headquarters./location/mailing_address/citytown /m/02_286 0 0 0 0
/m/046b0s /organization/organization/headquarters./location/mailing_address/citytown /m/0chgzm 0 0 0 0
/m/02mdty /organization/organization/headquarters./location/mailing_address/citytown /m/0cc56 0 0 0 0
/m/07w3r /organization/organization/headquarters./location/mailing_address/citytown /m/013kcv 0 0 0 0
/m/012lzr /organization/organization/headquarters./location/mailing_address/citytown /m/06y57 1 1 0 0
/m/02bb47 /organization/organization/headquarters./location/mailing_address/citytown /m/01zqy6t 0 0 0 0
/m/0kz2w /organization/organization/headquarters./location/mailing_address/citytown /m/0hz35 0 0 0 0
/m/01k3s2 /organization/organization/headquarters./location/mailing_address/citytown /m/0nlh7 1 1 1 1
/m/04d5v9 /organization/organization/headquarters./location/mailing_address/citytown /m/02_286 0 0 0 0
/m/0kc9f /organization/organization/headquarters./location/mailing_address/citytown /m/0r00l 0 1 0 0
/m/03_c8p /organization/organization/headquarters./location/mailing_address/citytown /m/04jpl 0 0 0 0
/m/01n6r0 /organization/organization/headquarters./location/mailing_address/citytown /m/02mf7 0 0 0 0
/m/09xwz /organization/organization/headquarters./location/mailing_address/citytown /m/0k049 0 0 0 0
/m/0l8sx /organization/organization/headquarters./location/mailing_address/citytown /m/02_286 0 0 0 0
/m/015g1w /organization/organization/headquarters./location/mailing_address/citytown /m/04jpl 0 0 0 0
/m/086h6p /organization/organization/headquarters./location/mailing_address/citytown /m/04lh6 0 0 0 0
/m/027mdh /organization/organization/headquarters./location/mailing_address/citytown /m/0d6lp 0 0 0 0
/m/01d34b /organization/organization/headquarters./location/mailing_address/citytown /m/02_286 0 0 0 0
/m/02m97n /organization/organization/headquarters./location/mailing_address/citytown /m/04jpl 0 0 0 0
/m/06nfl /organization/organization/headquarters./location/mailing_address/citytown /m/0d6lp 0 0 0 0
/m/06nvzg /organization/organization/headquarters./location/mailing_address/citytown /m/02_286 0 0 0 0
/m/01v3rb /organization/organization/headquarters./location/mailing_address/citytown /m/0f04v 0 0 0 0
/m/02qdyj /organization/organization/headquarters./location/mailing_address/citytown /m/096gm 0 0 0 0
/m/01xk7r /organization/organization/headquarters./location/mailing_address/citytown /m/0d6lp 0 0 0 0
/m/01rz1 /organization/organization/headquarters./location/mailing_address/citytown /m/09b83 0 0 0 0
/m/05d6kv /organization/organization/headquarters./location/mailing_address/citytown /m/02_286 0 0 0 0
/m/06p8m /organization/organization/headquarters./location/mailing_address/citytown /m/06y57 0 0 0 0
/m/01nds /organization/organization/headquarters./location/mailing_address/citytown /m/0hsqf 0 0 0 0
/m/01tpvt /organization/organization/headquarters./location/mailing_address/citytown /m/08966 0 0 0 0
/m/05bnq8 /organization/organization/headquarters./location/mailing_address/citytown /m/01qh7 0 0 0 0
/m/06p8m /organization/organization/headquarters./location/mailing_address/citytown /m/07dfk 0 0 0 0
/m/06v99d /organization/organization/headquarters./location/mailing_address/citytown /m/01pt5w 0 0 0 0
/m/01tlrp /organization/organization/headquarters./location/mailing_address/citytown /m/07dfk 0 0 0 0
/m/07y2s /organization/organization/headquarters./location/mailing_address/citytown /m/01_d4 0 0 0 0
/m/04mwxk3 /organization/organization/headquarters./location/mailing_address/citytown /m/05qtj 0 1 0 0
/m/05zl0 /organization/organization/headquarters./location/mailing_address/citytown /m/0ljsz 0 0 0 0
/m/07tlg /organization/organization/headquarters./location/mailing_address/citytown /m/0978r 0 1 0 0
/m/0hhjk /organization/organization/headquarters./location/mailing_address/citytown /m/02_286 0 0 0 0
/m/01hx2t /organization/organization/headquarters./location/mailing_address/citytown /m/0d234 0 0 0 0
/m/01xl5 /organization/organization/headquarters./location/mailing_address/citytown /m/0tbql 0 0 0 0
