pca confidence count
/m/0d4jl /people/person/employment_history./business/employment_tenure/company /m/01j_x 0 0 0 0
/m/0sx5w /people/person/employment_history./business/employment_tenure/company /m/01ym8l 0 0 0 0
/m/0hfml /people/person/employment_history./business/employment_tenure/company /m/05f4p 0 0 0 0
/m/0p_47 /people/person/employment_history./business/employment_tenure/company /m/02fzs 0 0 0 0
/m/06pj8 /people/person/employment_history./business/employment_tenure/company /m/016tw3 1 1 0 0
/m/0hnlx /people/person/employment_history./business/employment_tenure/company /m/065y4w7 0 0 0 0
/m/0kn3g /people/person/employment_history./business/employment_tenure/company /m/0345gh 0 0 0 0
/m/0pz04 /people/person/employment_history./business/employment_tenure/company /m/06rq1k 0 0 0 0
/m/0b78hw /people/person/employment_history./business/employment_tenure/company /m/0194_r 0 0 0 0
/m/046_v /people/person/employment_history./business/employment_tenure/company /m/058j2 0 0 0 0
/m/06y3r /people/person/employment_history./business/employment_tenure/company /m/0kk9v 1 1 0 0
/m/016h4r /people/person/employment_history./business/employment_tenure/company /m/07wh1 0 0 0 0
/m/06g4_ /people/person/employment_history./business/employment_tenure/company /m/02zd460 0 0 0 0
/m/076_74 /people/person/employment_history./business/employment_tenure/company /m/01w5m 0 0 0 0
/m/01n1gc /people/person/employment_history./business/employment_tenure/company /m/07vhb 0 0 0 0
/m/04z0g /people/person/employment_history./business/employment_tenure/company /m/025v3k 0 0 0 0
/m/054fvj /people/person/employment_history./business/employment_tenure/company /m/0cjdk 0 0 0 0
/m/01fyzy /people/person/employment_history./business/employment_tenure/company /m/06rq1k 1 1 1 1
/m/099p5 /people/person/employment_history./business/employment_tenure/company /m/06pwq 0 0 0 0
/m/0frmb1 /people/person/employment_history./business/employment_tenure/company /m/05gnf 0 0 0 0
/m/0nk72 /people/person/employment_history./business/employment_tenure/company /m/02zd460 0 0 0 0
/m/04xm_ /people/person/employment_history./business/employment_tenure/company /m/0dy04 0 0 0 0
/m/03gkn5 /people/person/employment_history./business/employment_tenure/company /m/03ksy 0 0 0 0
/m/01fs_4 /people/person/employment_history./business/employment_tenure/company /m/01skqzw 0 0 0 0
std confidence count
/m/0d4jl /people/person/employment_history./business/employment_tenure/company /m/01j_x 0 0 0 0
/m/0sx5w /people/person/employment_history./business/employment_tenure/company /m/01ym8l 0 0 0 0
/m/0hfml /people/person/employment_history./business/employment_tenure/company /m/05f4p 0 0 0 0
/m/0p_47 /people/person/employment_history./business/employment_tenure/company /m/02fzs 0 0 0 0
/m/06pj8 /people/person/employment_history./business/employment_tenure/company /m/016tw3 1 1 0 0
/m/0hnlx /people/person/employment_history./business/employment_tenure/company /m/065y4w7 0 0 0 0
/m/0kn3g /people/person/employment_history./business/employment_tenure/company /m/0345gh 0 0 0 0
/m/0pz04 /people/person/employment_history./business/employment_tenure/company /m/06rq1k 0 0 0 0
/m/0b78hw /people/person/employment_history./business/employment_tenure/company /m/0194_r 0 0 0 0
/m/046_v /people/person/employment_history./business/employment_tenure/company /m/058j2 0 0 0 0
/m/06y3r /people/person/employment_history./business/employment_tenure/company /m/0kk9v 1 1 0 0
/m/016h4r /people/person/employment_history./business/employment_tenure/company /m/07wh1 0 0 0 0
/m/06g4_ /people/person/employment_history./business/employment_tenure/company /m/02zd460 0 0 0 0
/m/076_74 /people/person/employment_history./business/employment_tenure/company /m/01w5m 0 0 0 0
/m/01n1gc /people/person/employment_history./business/employment_tenure/company /m/07vhb 0 0 0 0
/m/04z0g /people/person/employment_history./business/employment_tenure/company /m/025v3k 0 0 0 0
/m/054fvj /people/person/employment_history./business/employment_tenure/company /m/0cjdk 0 0 0 0
/m/01fyzy /people/person/employment_history./business/employment_tenure/company /m/06rq1k 1 1 1 1
/m/099p5 /people/person/employment_history./business/employment_tenure/company /m/06pwq 0 0 0 0
/m/0frmb1 /people/person/employment_history./business/employment_tenure/company /m/05gnf 0 0 0 0
/m/0nk72 /people/person/employment_history./business/employment_tenure/company /m/02zd460 0 0 0 0
/m/04xm_ /people/person/employment_history./business/employment_tenure/company /m/0dy04 0 0 0 0
/m/03gkn5 /people/person/employment_history./business/employment_tenure/company /m/03ksy 0 0 0 0
/m/01fs_4 /people/person/employment_history./business/employment_tenure/company /m/01skqzw 0 0 0 0
pca confidence sum
/m/0d4jl /people/person/employment_history./business/employment_tenure/company /m/01j_x 0 0 0 0
/m/0sx5w /people/person/employment_history./business/employment_tenure/company /m/01ym8l 0 0 0 0
/m/0hfml /people/person/employment_history./business/employment_tenure/company /m/05f4p 0 0 0 0
/m/0p_47 /people/person/employment_history./business/employment_tenure/company /m/02fzs 0 0 0 0
/m/06pj8 /people/person/employment_history./business/employment_tenure/company /m/016tw3 0 0 0 0
/m/0hnlx /people/person/employment_history./business/employment_tenure/company /m/065y4w7 0 0 0 0
/m/0kn3g /people/person/employment_history./business/employment_tenure/company /m/0345gh 0 0 0 0
/m/0pz04 /people/person/employment_history./business/employment_tenure/company /m/06rq1k 0 0 0 0
/m/0b78hw /people/person/employment_history./business/employment_tenure/company /m/0194_r 0 0 0 0
/m/046_v /people/person/employment_history./business/employment_tenure/company /m/058j2 0 0 0 0
/m/06y3r /people/person/employment_history./business/employment_tenure/company /m/0kk9v 1 1 0 0
/m/016h4r /people/person/employment_history./business/employment_tenure/company /m/07wh1 0 0 0 0
/m/06g4_ /people/person/employment_history./business/employment_tenure/company /m/02zd460 0 0 0 0
/m/076_74 /people/person/employment_history./business/employment_tenure/company /m/01w5m 0 0 0 0
/m/01n1gc /people/person/employment_history./business/employment_tenure/company /m/07vhb 0 0 0 0
/m/04z0g /people/person/employment_history./business/employment_tenure/company /m/025v3k 0 0 0 0
/m/054fvj /people/person/employment_history./business/employment_tenure/company /m/0cjdk 0 0 0 0
/m/01fyzy /people/person/employment_history./business/employment_tenure/company /m/06rq1k 1 1 0 1
/m/099p5 /people/person/employment_history./business/employment_tenure/company /m/06pwq 0 0 0 0
/m/0frmb1 /people/person/employment_history./business/employment_tenure/company /m/05gnf 0 0 0 0
/m/0nk72 /people/person/employment_history./business/employment_tenure/company /m/02zd460 0 0 0 0
/m/04xm_ /people/person/employment_history./business/employment_tenure/company /m/0dy04 0 0 0 0
/m/03gkn5 /people/person/employment_history./business/employment_tenure/company /m/03ksy 0 0 0 0
/m/01fs_4 /people/person/employment_history./business/employment_tenure/company /m/01skqzw 0 0 0 0
std confidence sum
/m/0d4jl /people/person/employment_history./business/employment_tenure/company /m/01j_x 0 0 0 0
/m/0sx5w /people/person/employment_history./business/employment_tenure/company /m/01ym8l 0 0 0 0
/m/0hfml /people/person/employment_history./business/employment_tenure/company /m/05f4p 0 0 0 0
/m/0p_47 /people/person/employment_history./business/employment_tenure/company /m/02fzs 0 0 0 0
/m/06pj8 /people/person/employment_history./business/employment_tenure/company /m/016tw3 1 1 0 0
/m/0hnlx /people/person/employment_history./business/employment_tenure/company /m/065y4w7 0 0 0 0
/m/0kn3g /people/person/employment_history./business/employment_tenure/company /m/0345gh 0 0 0 0
/m/0pz04 /people/person/employment_history./business/employment_tenure/company /m/06rq1k 0 0 0 0
/m/0b78hw /people/person/employment_history./business/employment_tenure/company /m/0194_r 0 0 0 0
/m/046_v /people/person/employment_history./business/employment_tenure/company /m/058j2 0 0 0 0
/m/06y3r /people/person/employment_history./business/employment_tenure/company /m/0kk9v 1 1 0 0
/m/016h4r /people/person/employment_history./business/employment_tenure/company /m/07wh1 0 0 0 0
/m/06g4_ /people/person/employment_history./business/employment_tenure/company /m/02zd460 0 0 0 0
/m/076_74 /people/person/employment_history./business/employment_tenure/company /m/01w5m 0 0 0 0
/m/01n1gc /people/person/employment_history./business/employment_tenure/company /m/07vhb 0 0 0 0
/m/04z0g /people/person/employment_history./business/employment_tenure/company /m/025v3k 0 0 0 0
/m/054fvj /people/person/employment_history./business/employment_tenure/company /m/0cjdk 0 0 0 0
/m/01fyzy /people/person/employment_history./business/employment_tenure/company /m/06rq1k 1 1 0 1
/m/099p5 /people/person/employment_history./business/employment_tenure/company /m/06pwq 0 0 0 0
/m/0frmb1 /people/person/employment_history./business/employment_tenure/company /m/05gnf 0 0 0 0
/m/0nk72 /people/person/employment_history./business/employment_tenure/company /m/02zd460 0 0 0 0
/m/04xm_ /people/person/employment_history./business/employment_tenure/company /m/0dy04 0 0 0 0
/m/03gkn5 /people/person/employment_history./business/employment_tenure/company /m/03ksy 0 0 0 0
/m/01fs_4 /people/person/employment_history./business/employment_tenure/company /m/01skqzw 0 0 0 0
