pca confidence count
/m/069d68 /people/person/sibling_s./people/sibling_relationship/sibling /m/069d71 0 0 0 0
/m/069d71 /people/person/sibling_s./people/sibling_relationship/sibling /m/069d68 0 0 0 0
/m/02_l96 /people/person/sibling_s./people/sibling_relationship/sibling /m/02tf1y 1 1 0 0
/m/015076 /people/person/sibling_s./people/sibling_relationship/sibling /m/018db8 0 0 0 0
/m/023tp8 /people/person/sibling_s./people/sibling_relationship/sibling /m/02v60l 1 1 0 0
/m/02v60l /people/person/sibling_s./people/sibling_relationship/sibling /m/023tp8 1 1 0 1
/m/02cvp8 /people/person/sibling_s./people/sibling_relationship/sibling /m/030dx5 1 1 0 0
std confidence count
/m/069d68 /people/person/sibling_s./people/sibling_relationship/sibling /m/069d71 0 0 0 0
/m/069d71 /people/person/sibling_s./people/sibling_relationship/sibling /m/069d68 0 0 0 0
/m/02_l96 /people/person/sibling_s./people/sibling_relationship/sibling /m/02tf1y 1 1 0 0
/m/015076 /people/person/sibling_s./people/sibling_relationship/sibling /m/018db8 0 0 0 0
/m/023tp8 /people/person/sibling_s./people/sibling_relationship/sibling /m/02v60l 1 1 0 0
/m/02v60l /people/person/sibling_s./people/sibling_relationship/sibling /m/023tp8 1 1 1 1
/m/02cvp8 /people/person/sibling_s./people/sibling_relationship/sibling /m/030dx5 1 1 1 1
pca confidence sum
/m/069d68 /people/person/sibling_s./people/sibling_relationship/sibling /m/069d71 0 0 0 0
/m/069d71 /people/person/sibling_s./people/sibling_relationship/sibling /m/069d68 0 0 0 0
/m/02_l96 /people/person/sibling_s./people/sibling_relationship/sibling /m/02tf1y 1 1 0 0
/m/015076 /people/person/sibling_s./people/sibling_relationship/sibling /m/018db8 0 0 0 0
/m/023tp8 /people/person/sibling_s./people/sibling_relationship/sibling /m/02v60l 1 1 0 0
/m/02v60l /people/person/sibling_s./people/sibling_relationship/sibling /m/023tp8 1 1 1 1
/m/02cvp8 /people/person/sibling_s./people/sibling_relationship/sibling /m/030dx5 1 1 1 1
std confidence sum
/m/069d68 /people/person/sibling_s./people/sibling_relationship/sibling /m/069d71 0 0 0 0
/m/069d71 /people/person/sibling_s./people/sibling_relationship/sibling /m/069d68 0 0 0 0
/m/02_l96 /people/person/sibling_s./people/sibling_relationship/sibling /m/02tf1y 1 1 0 0
/m/015076 /people/person/sibling_s./people/sibling_relationship/sibling /m/018db8 0 0 0 0
/m/023tp8 /people/person/sibling_s./people/sibling_relationship/sibling /m/02v60l 1 1 0 0
/m/02v60l /people/person/sibling_s./people/sibling_relationship/sibling /m/023tp8 1 1 1 1
/m/02cvp8 /people/person/sibling_s./people/sibling_relationship/sibling /m/030dx5 1 1 1 1
