pca confidence count
/m/07h1h5 /sports/pro_athlete/teams./sports/sports_team_roster/team /m/029q3k 0 0 0 0
/m/0hcs3 /sports/pro_athlete/teams./sports/sports_team_roster/team /m/04mjl 1 1 1 1
/m/03lh3v /sports/pro_athlete/teams./sports/sports_team_roster/team /m/0jmbv 0 0 0 0
/m/06s27s /sports/pro_athlete/teams./sports/sports_team_roster/team /m/04913k 0 0 0 0
/m/0fw2d3 /sports/pro_athlete/teams./sports/sports_team_roster/team /m/05169r 0 0 0 0
/m/0cymln /sports/pro_athlete/teams./sports/sports_team_roster/team /m/02ptzz0 0 0 0 0
/m/040j2_ /sports/pro_athlete/teams./sports/sports_team_roster/team /m/02d02 0 0 0 0
/m/0d3mlc /sports/pro_athlete/teams./sports/sports_team_roster/team /m/01l0__ 1 1 1 1
/m/02_nkp /sports/pro_athlete/teams./sports/sports_team_roster/team /m/0jmjr 0 0 0 0
/m/02y8bn /sports/pro_athlete/teams./sports/sports_team_roster/team /m/06x6s 0 0 0 0
/m/071pf2 /sports/pro_athlete/teams./sports/sports_team_roster/team /m/0j46b 0 0 0 0
/m/04bsx1 /sports/pro_athlete/teams./sports/sports_team_roster/team /m/0bl8l 0 0 0 0
/m/019y64 /sports/pro_athlete/teams./sports/sports_team_roster/team /m/01y3v 0 0 0 0
/m/0d9v9q /sports/pro_athlete/teams./sports/sports_team_roster/team /m/02b15h 0 0 0 0
/m/0cv72h /sports/pro_athlete/teams./sports/sports_team_roster/team /m/0wsr 0 0 0 0
/m/01x2_q /sports/pro_athlete/teams./sports/sports_team_roster/team /m/0j86l 0 0 0 0
std confidence count
/m/07h1h5 /sports/pro_athlete/teams./sports/sports_team_roster/team /m/029q3k 0 0 0 0
/m/0hcs3 /sports/pro_athlete/teams./sports/sports_team_roster/team /m/04mjl 1 1 1 1
/m/03lh3v /sports/pro_athlete/teams./sports/sports_team_roster/team /m/0jmbv 0 0 0 0
/m/06s27s /sports/pro_athlete/teams./sports/sports_team_roster/team /m/04913k 0 0 0 0
/m/0fw2d3 /sports/pro_athlete/teams./sports/sports_team_roster/team /m/05169r 0 0 0 0
/m/0cymln /sports/pro_athlete/teams./sports/sports_team_roster/team /m/02ptzz0 0 0 0 0
/m/040j2_ /sports/pro_athlete/teams./sports/sports_team_roster/team /m/02d02 0 0 0 0
/m/0d3mlc /sports/pro_athlete/teams./sports/sports_team_roster/team /m/01l0__ 1 1 1 1
/m/02_nkp /sports/pro_athlete/teams./sports/sports_team_roster/team /m/0jmjr 0 0 0 0
/m/02y8bn /sports/pro_athlete/teams./sports/sports_team_roster/team /m/06x6s 0 0 0 0
/m/071pf2 /sports/pro_athlete/teams./sports/sports_team_roster/team /m/0j46b 0 0 0 0
/m/04bsx1 /sports/pro_athlete/teams./sports/sports_team_roster/team /m/0bl8l 0 0 0 0
/m/019y64 /sports/pro_athlete/teams./sports/sports_team_roster/team /m/01y3v 0 0 0 0
/m/0d9v9q /sports/pro_athlete/teams./sports/sports_team_roster/team /m/02b15h 0 0 0 0
/m/0cv72h /sports/pro_athlete/teams./sports/sports_team_roster/team /m/0wsr 0 0 0 0
/m/01x2_q /sports/pro_athlete/teams./sports/sports_team_roster/team /m/0j86l 0 0 0 0
pca confidence sum
/m/07h1h5 /sports/pro_athlete/teams./sports/sports_team_roster/team /m/029q3k 0 0 0 0
/m/0hcs3 /sports/pro_athlete/teams./sports/sports_team_roster/team /m/04mjl 1 1 1 1
/m/03lh3v /sports/pro_athlete/teams./sports/sports_team_roster/team /m/0jmbv 0 0 0 0
/m/06s27s /sports/pro_athlete/teams./sports/sports_team_roster/team /m/04913k 0 0 0 0
/m/0fw2d3 /sports/pro_athlete/teams./sports/sports_team_roster/team /m/05169r 0 0 0 0
/m/0cymln /sports/pro_athlete/teams./sports/sports_team_roster/team /m/02ptzz0 0 0 0 0
/m/040j2_ /sports/pro_athlete/teams./sports/sports_team_roster/team /m/02d02 0 0 0 0
/m/0d3mlc /sports/pro_athlete/teams./sports/sports_team_roster/team /m/01l0__ 1 1 1 1
/m/02_nkp /sports/pro_athlete/teams./sports/sports_team_roster/team /m/0jmjr 0 0 0 0
/m/02y8bn /sports/pro_athlete/teams./sports/sports_team_roster/team /m/06x6s 0 0 0 0
/m/071pf2 /sports/pro_athlete/teams./sports/sports_team_roster/team /m/0j46b 0 0 0 0
/m/04bsx1 /sports/pro_athlete/teams./sports/sports_team_roster/team /m/0bl8l 0 0 0 0
/m/019y64 /sports/pro_athlete/teams./sports/sports_team_roster/team /m/01y3v 0 0 0 0
/m/0d9v9q /sports/pro_athlete/teams./sports/sports_team_roster/team /m/02b15h 0 0 0 0
/m/0cv72h /sports/pro_athlete/teams./sports/sports_team_roster/team /m/0wsr 0 0 0 0
/m/01x2_q /sports/pro_athlete/teams./sports/sports_team_roster/team /m/0j86l 0 0 0 0
std confidence sum
/m/07h1h5 /sports/pro_athlete/teams./sports/sports_team_roster/team /m/029q3k 0 0 0 0
/m/0hcs3 /sports/pro_athlete/teams./sports/sports_team_roster/team /m/04mjl 1 1 1 1
/m/03lh3v /sports/pro_athlete/teams./sports/sports_team_roster/team /m/0jmbv 0 0 0 0
/m/06s27s /sports/pro_athlete/teams./sports/sports_team_roster/team /m/04913k 0 0 0 0
/m/0fw2d3 /sports/pro_athlete/teams./sports/sports_team_roster/team /m/05169r 0 0 0 0
/m/0cymln /sports/pro_athlete/teams./sports/sports_team_roster/team /m/02ptzz0 0 0 0 0
/m/040j2_ /sports/pro_athlete/teams./sports/sports_team_roster/team /m/02d02 0 0 0 0
/m/0d3mlc /sports/pro_athlete/teams./sports/sports_team_roster/team /m/01l0__ 1 1 1 1
/m/02_nkp /sports/pro_athlete/teams./sports/sports_team_roster/team /m/0jmjr 0 0 0 0
/m/02y8bn /sports/pro_athlete/teams./sports/sports_team_roster/team /m/06x6s 0 0 0 0
/m/071pf2 /sports/pro_athlete/teams./sports/sports_team_roster/team /m/0j46b 0 0 0 0
/m/04bsx1 /sports/pro_athlete/teams./sports/sports_team_roster/team /m/0bl8l 0 0 0 0
/m/019y64 /sports/pro_athlete/teams./sports/sports_team_roster/team /m/01y3v 0 0 0 0
/m/0d9v9q /sports/pro_athlete/teams./sports/sports_team_roster/team /m/02b15h 0 0 0 0
/m/0cv72h /sports/pro_athlete/teams./sports/sports_team_roster/team /m/0wsr 0 0 0 0
/m/01x2_q /sports/pro_athlete/teams./sports/sports_team_roster/team /m/0j86l 0 0 0 0
