pca confidence count
/m/07jrjb /tv/tv_producer/programs_produced./tv/tv_producer_term/producer_type /m/0ckd1 0 0 0 0
/m/05gp3x /tv/tv_producer/programs_produced./tv/tv_producer_term/producer_type /m/0ckd1 0 0 0 0
/m/066yfh /tv/tv_producer/programs_produced./tv/tv_producer_term/producer_type /m/0ckd1 0 0 0 0
/m/01j851 /tv/tv_producer/programs_produced./tv/tv_producer_term/producer_type /m/0ckd1 0 0 0 0
/m/02q4mt /tv/tv_producer/programs_produced./tv/tv_producer_term/producer_type /m/0ckd1 0 0 0 0
/m/03cs_z7 /tv/tv_producer/programs_produced./tv/tv_producer_term/producer_type /m/0ckd1 0 0 0 0
/m/0crx5w /tv/tv_producer/programs_produced./tv/tv_producer_term/producer_type /m/0ckd1 0 1 0 0
/m/06msq2 /tv/tv_producer/programs_produced./tv/tv_producer_term/producer_type /m/0ckd1 0 0 0 0
/m/01ynzf /tv/tv_producer/programs_produced./tv/tv_producer_term/producer_type /m/0ckd1 0 0 0 0
/m/02wk_43 /tv/tv_producer/programs_produced./tv/tv_producer_term/producer_type /m/0ckd1 0 1 0 0
/m/0fz27v /tv/tv_producer/programs_produced./tv/tv_producer_term/producer_type /m/0ckd1 0 0 0 0
/m/08q3s0 /tv/tv_producer/programs_produced./tv/tv_producer_term/producer_type /m/0ckd1 0 1 0 0
/m/05bnx3j /tv/tv_producer/programs_produced./tv/tv_producer_term/producer_type /m/0ckd1 0 0 0 0
/m/01qbjg /tv/tv_producer/programs_produced./tv/tv_producer_term/producer_type /m/0ckd1 0 0 0 0
/m/07b3r9 /tv/tv_producer/programs_produced./tv/tv_producer_term/producer_type /m/0ckd1 0 0 0 0
/m/0133sq /tv/tv_producer/programs_produced./tv/tv_producer_term/producer_type /m/0ckd1 0 0 0 0
/m/01_x6d /tv/tv_producer/programs_produced./tv/tv_producer_term/producer_type /m/0ckd1 0 0 0 0
/m/02b9g4 /tv/tv_producer/programs_produced./tv/tv_producer_term/producer_type /m/0ckd1 0 0 0 0
/m/06q8hf /tv/tv_producer/programs_produced./tv/tv_producer_term/producer_type /m/0ckd1 0 0 0 0
/m/02ndbd /tv/tv_producer/programs_produced./tv/tv_producer_term/producer_type /m/0ckd1 0 0 0 0
/m/0f87jy /tv/tv_producer/programs_produced./tv/tv_producer_term/producer_type /m/0ckd1 0 0 0 0
/m/04j_gs /tv/tv_producer/programs_produced./tv/tv_producer_term/producer_type /m/0ckd1 0 0 0 0
std confidence count
/m/07jrjb /tv/tv_producer/programs_produced./tv/tv_producer_term/producer_type /m/0ckd1 0 0 0 0
/m/05gp3x /tv/tv_producer/programs_produced./tv/tv_producer_term/producer_type /m/0ckd1 0 1 0 0
/m/066yfh /tv/tv_producer/programs_produced./tv/tv_producer_term/producer_type /m/0ckd1 0 0 0 0
/m/01j851 /tv/tv_producer/programs_produced./tv/tv_producer_term/producer_type /m/0ckd1 0 0 0 0
/m/02q4mt /tv/tv_producer/programs_produced./tv/tv_producer_term/producer_type /m/0ckd1 0 0 0 0
/m/03cs_z7 /tv/tv_producer/programs_produced./tv/tv_producer_term/producer_type /m/0ckd1 0 1 0 0
/m/0crx5w /tv/tv_producer/programs_produced./tv/tv_producer_term/producer_type /m/0ckd1 0 0 0 0
/m/06msq2 /tv/tv_producer/programs_produced./tv/tv_producer_term/producer_type /m/0ckd1 0 0 0 0
/m/01ynzf /tv/tv_producer/programs_produced./tv/tv_producer_term/producer_type /m/0ckd1 0 0 0 0
/m/02wk_43 /tv/tv_producer/programs_produced./tv/tv_producer_term/producer_type /m/0ckd1 0 1 0 1
/m/0fz27v /tv/tv_producer/programs_produced./tv/tv_producer_term/producer_type /m/0ckd1 0 0 0 0
/m/08q3s0 /tv/tv_producer/programs_produced./tv/tv_producer_term/producer_type /m/0ckd1 0 1 0 0
/m/05bnx3j /tv/tv_producer/programs_produced./tv/tv_producer_term/producer_type /m/0ckd1 0 0 0 0
/m/01qbjg /tv/tv_producer/programs_produced./tv/tv_producer_term/producer_type /m/0ckd1 0 0 0 0
/m/07b3r9 /tv/tv_producer/programs_produced./tv/tv_producer_term/producer_type /m/0ckd1 0 0 0 0
/m/0133sq /tv/tv_producer/programs_produced./tv/tv_producer_term/producer_type /m/0ckd1 0 0 0 0
/m/01_x6d /tv/tv_producer/programs_produced./tv/tv_producer_term/producer_type /m/0ckd1 0 0 0 0
/m/02b9g4 /tv/tv_producer/programs_produced./tv/tv_producer_term/producer_type /m/0ckd1 0 0 0 0
/m/06q8hf /tv/tv_producer/programs_produced./tv/tv_producer_term/producer_type /m/0ckd1 0 0 0 0
/m/02ndbd /tv/tv_producer/programs_produced./tv/tv_producer_term/producer_type /m/0ckd1 0 0 0 0
/m/0f87jy /tv/tv_producer/programs_produced./tv/tv_producer_term/producer_type /m/0ckd1 0 0 0 0
/m/04j_gs /tv/tv_producer/programs_produced./tv/tv_producer_term/producer_type /m/0ckd1 0 0 0 0
pca confidence sum
/m/07jrjb /tv/tv_producer/programs_produced./tv/tv_producer_term/producer_type /m/0ckd1 0 0 0 0
/m/05gp3x /tv/tv_producer/programs_produced./tv/tv_producer_term/producer_type /m/0ckd1 0 0 0 0
/m/066yfh /tv/tv_producer/programs_produced./tv/tv_producer_term/producer_type /m/0ckd1 0 0 0 0
/m/01j851 /tv/tv_producer/programs_produced./tv/tv_producer_term/producer_type /m/0ckd1 0 0 0 0
/m/02q4mt /tv/tv_producer/programs_produced./tv/tv_producer_term/producer_type /m/0ckd1 0 0 0 0
/m/03cs_z7 /tv/tv_producer/programs_produced./tv/tv_producer_term/producer_type /m/0ckd1 0 0 0 0
/m/0crx5w /tv/tv_producer/programs_produced./tv/tv_producer_term/producer_type /m/0ckd1 0 1 0 0
/m/06msq2 /tv/tv_producer/programs_produced./tv/tv_producer_term/producer_type /m/0ckd1 0 0 0 0
/m/01ynzf /tv/tv_producer/programs_produced./tv/tv_producer_term/producer_type /m/0ckd1 0 0 0 0
/m/02wk_43 /tv/tv_producer/programs_produced./tv/tv_producer_term/producer_type /m/0ckd1 0 1 0 0
/m/0fz27v /tv/tv_producer/programs_produced./tv/tv_producer_term/producer_type /m/0ckd1 0 0 0 0
/m/08q3s0 /tv/tv_producer/programs_produced./tv/tv_producer_term/producer_type /m/0ckd1 0 1 0 0
/m/05bnx3j /tv/tv_producer/programs_produced./tv/tv_producer_term/producer_type /m/0ckd1 0 0 0 0
/m/01qbjg /tv/tv_producer/programs_produced./tv/tv_producer_term/producer_type /m/0ckd1 0 0 0 0
/m/07b3r9 /tv/tv_producer/programs_produced./tv/tv_producer_term/producer_type /m/0ckd1 0 0 0 0
/m/0133sq /tv/tv_producer/programs_produced./tv/tv_producer_term/producer_type /m/0ckd1 0 0 0 0
/m/01_x6d /tv/tv_producer/programs_produced./tv/tv_producer_term/producer_type /m/0ckd1 0 0 0 0
/m/02b9g4 /tv/tv_producer/programs_produced./tv/tv_producer_term/producer_type /m/0ckd1 0 0 0 0
/m/06q8hf /tv/tv_producer/programs_produced./tv/tv_producer_term/producer_type /m/0ckd1 0 0 0 0
/m/02ndbd /tv/tv_producer/programs_produced./tv/tv_producer_term/producer_type /m/0ckd1 0 0 0 0
/m/0f87jy /tv/tv_producer/programs_produced./tv/tv_producer_term/producer_type /m/0ckd1 0 0 0 0
/m/04j_gs /tv/tv_producer/programs_produced./tv/tv_producer_term/producer_type /m/0ckd1 0 0 0 0
std confidence sum
/m/07jrjb /tv/tv_producer/programs_produced./tv/tv_producer_term/producer_type /m/0ckd1 0 0 0 0
/m/05gp3x /tv/tv_producer/programs_produced./tv/tv_producer_term/producer_type /m/0ckd1 0 0 0 0
/m/066yfh /tv/tv_producer/programs_produced./tv/tv_producer_term/producer_type /m/0ckd1 0 0 0 0
/m/01j851 /tv/tv_producer/programs_produced./tv/tv_producer_term/producer_type /m/0ckd1 0 0 0 0
/m/02q4mt /tv/tv_producer/programs_produced./tv/tv_producer_term/producer_type /m/0ckd1 0 0 0 0
/m/03cs_z7 /tv/tv_producer/programs_produced./tv/tv_producer_term/producer_type /m/0ckd1 0 0 0 0
/m/0crx5w /tv/tv_producer/programs_produced./tv/tv_producer_term/producer_type /m/0ckd1 0 1 0 0
/m/06msq2 /tv/tv_producer/programs_produced./tv/tv_producer_term/producer_type /m/0ckd1 0 0 0 0
/m/01ynzf /tv/tv_producer/programs_produced./tv/tv_producer_term/producer_type /m/0ckd1 0 0 0 0
/m/02wk_43 /tv/tv_producer/programs_produced./tv/tv_producer_term/producer_type /m/0ckd1 0 1 0 0
/m/0fz27v /tv/tv_producer/programs_produced./tv/tv_producer_term/producer_type /m/0ckd1 0 0 0 0
/m/08q3s0 /tv/tv_producer/programs_produced./tv/tv_producer_term/producer_type /m/0ckd1 1 1 0 1
/m/05bnx3j /tv/tv_producer/programs_produced./tv/tv_producer_term/producer_type /m/0ckd1 0 0 0 0
/m/01qbjg /tv/tv_producer/programs_produced./tv/tv_producer_term/producer_type /m/0ckd1 0 0 0 0
/m/07b3r9 /tv/tv_producer/programs_produced./tv/tv_producer_term/producer_type /m/0ckd1 0 0 0 0
/m/0133sq /tv/tv_producer/programs_produced./tv/tv_producer_term/producer_type /m/0ckd1 0 0 0 0
/m/01_x6d /tv/tv_producer/programs_produced./tv/tv_producer_term/producer_type /m/0ckd1 0 0 0 0
/m/02b9g4 /tv/tv_producer/programs_produced./tv/tv_producer_term/producer_type /m/0ckd1 0 0 0 0
/m/06q8hf /tv/tv_producer/programs_produced./tv/tv_producer_term/producer_type /m/0ckd1 0 0 0 0
/m/02ndbd /tv/tv_producer/programs_produced./tv/tv_producer_term/producer_type /m/0ckd1 0 0 0 0
/m/0f87jy /tv/tv_producer/programs_produced./tv/tv_producer_term/producer_type /m/0ckd1 0 0 0 0
/m/04j_gs /tv/tv_producer/programs_produced./tv/tv_producer_term/producer_type /m/0ckd1 0 0 0 0
