pca confidence count
/m/0dr1c2 /tv/tv_program/regular_cast./tv/regular_tv_appearance/actor /m/04f62k 0 0 0 0
/m/04sskp /tv/tv_program/regular_cast./tv/regular_tv_appearance/actor /m/0htlr 0 0 0 0
/m/03y3bp7 /tv/tv_program/regular_cast./tv/regular_tv_appearance/actor /m/06cddt 0 0 0 0
/m/0jq2r /tv/tv_program/regular_cast./tv/regular_tv_appearance/actor /m/041c4 0 0 0 0
/m/090s_0 /tv/tv_program/regular_cast./tv/regular_tv_appearance/actor /m/01xsc9 1 1 1 1
/m/02zv4b /tv/tv_program/regular_cast./tv/regular_tv_appearance/actor /m/04shbh 1 1 0 0
/m/02_1ky /tv/tv_program/regular_cast./tv/regular_tv_appearance/actor /m/04yqlk 0 0 0 0
/m/01p4wv /tv/tv_program/regular_cast./tv/regular_tv_appearance/actor /m/02hhtj 1 1 1 1
/m/0fkwzs /tv/tv_program/regular_cast./tv/regular_tv_appearance/actor /m/01c65z 0 0 0 0
/m/0fkwzs /tv/tv_program/regular_cast./tv/regular_tv_appearance/actor /m/06tp4h 0 0 0 0
/m/024hbv /tv/tv_program/regular_cast./tv/regular_tv_appearance/actor /m/0807ml 0 0 0 0
/m/050kh5 /tv/tv_program/regular_cast./tv/regular_tv_appearance/actor /m/0147dk 0 0 0 0
/m/027tbrc /tv/tv_program/regular_cast./tv/regular_tv_appearance/actor /m/0k525 0 0 0 0
/m/06xkst /tv/tv_program/regular_cast./tv/regular_tv_appearance/actor /m/0f8grf 0 0 0 0
/m/0hz55 /tv/tv_program/regular_cast./tv/regular_tv_appearance/actor /m/01yhvv 1 1 1 1
/m/06cs95 /tv/tv_program/regular_cast./tv/regular_tv_appearance/actor /m/02__ww 0 0 0 0
/m/02r2j8 /tv/tv_program/regular_cast./tv/regular_tv_appearance/actor /m/016khd 0 0 0 0
/m/04mx8h4 /tv/tv_program/regular_cast./tv/regular_tv_appearance/actor /m/022s1m 0 0 0 0
/m/03ln8b /tv/tv_program/regular_cast./tv/regular_tv_appearance/actor /m/02lg3y 0 0 0 0
/m/0d7vtk /tv/tv_program/regular_cast./tv/regular_tv_appearance/actor /m/0d02km 1 1 0 0
/m/019nnl /tv/tv_program/regular_cast./tv/regular_tv_appearance/actor /m/0gz5hs 0 0 0 0
/m/05nlzq /tv/tv_program/regular_cast./tv/regular_tv_appearance/actor /m/0745k7 0 0 0 0
/m/034fl9 /tv/tv_program/regular_cast./tv/regular_tv_appearance/actor /m/02sh8y 0 0 0 0
/m/026bfsh /tv/tv_program/regular_cast./tv/regular_tv_appearance/actor /m/0j1yf 1 1 0 0
/m/017f3m /tv/tv_program/regular_cast./tv/regular_tv_appearance/actor /m/02lfcm 0 0 0 0
/m/026bfsh /tv/tv_program/regular_cast./tv/regular_tv_appearance/actor /m/095nx 0 0 0 0
/m/01cvtf /tv/tv_program/regular_cast./tv/regular_tv_appearance/actor /m/02r_d4 0 0 0 0
/m/050kh5 /tv/tv_program/regular_cast./tv/regular_tv_appearance/actor /m/040nwr 0 0 0 0
/m/02zv4b /tv/tv_program/regular_cast./tv/regular_tv_appearance/actor /m/05szp 0 0 0 0
/m/09g_31 /tv/tv_program/regular_cast./tv/regular_tv_appearance/actor /m/0ccqd7 0 0 0 0
/m/019g8j /tv/tv_program/regular_cast./tv/regular_tv_appearance/actor /m/01tpl1p 0 0 0 0
/m/03k99c /tv/tv_program/regular_cast./tv/regular_tv_appearance/actor /m/019803 0 0 0 0
/m/0n2bh /tv/tv_program/regular_cast./tv/regular_tv_appearance/actor /m/0mz73 0 0 0 0
/m/027tbrc /tv/tv_program/regular_cast./tv/regular_tv_appearance/actor /m/0h0jz 0 0 0 0
/m/05f7w84 /tv/tv_program/regular_cast./tv/regular_tv_appearance/actor /m/02gf_l 0 0 0 0
/m/03nymk /tv/tv_program/regular_cast./tv/regular_tv_appearance/actor /m/0jbp0 0 0 0 0
/m/024rwx /tv/tv_program/regular_cast./tv/regular_tv_appearance/actor /m/031296 0 0 0 0
/m/0pc_l /tv/tv_program/regular_cast./tv/regular_tv_appearance/actor /m/02zfdp 0 0 0 0
/m/027pfb2 /tv/tv_program/regular_cast./tv/regular_tv_appearance/actor /m/02gvwz 0 0 0 0
/m/03cf9ly /tv/tv_program/regular_cast./tv/regular_tv_appearance/actor /m/03_6y 0 0 0 0
/m/026bfsh /tv/tv_program/regular_cast./tv/regular_tv_appearance/actor /m/01nz1q6 0 0 0 0
/m/0ctzf1 /tv/tv_program/regular_cast./tv/regular_tv_appearance/actor /m/0935jw 0 0 0 0
/m/05f7w84 /tv/tv_program/regular_cast./tv/regular_tv_appearance/actor /m/024my5 0 0 0 0
/m/03y317 /tv/tv_program/regular_cast./tv/regular_tv_appearance/actor /m/04vcdj 0 0 0 0
/m/0k0q73t /tv/tv_program/regular_cast./tv/regular_tv_appearance/actor /m/013v5j 1 1 0 0
/m/06cs95 /tv/tv_program/regular_cast./tv/regular_tv_appearance/actor /m/02zhkz 0 0 0 0
/m/0n2bh /tv/tv_program/regular_cast./tv/regular_tv_appearance/actor /m/01npcy7 1 1 1 1
/m/015w8_ /tv/tv_program/regular_cast./tv/regular_tv_appearance/actor /m/02wrhj 0 0 0 0
/m/039c26 /tv/tv_program/regular_cast./tv/regular_tv_appearance/actor /m/05w1vf 0 0 0 0
/m/05pbsry /tv/tv_program/regular_cast./tv/regular_tv_appearance/actor /m/0bz5v2 0 0 0 0
/m/0jwl2 /tv/tv_program/regular_cast./tv/regular_tv_appearance/actor /m/083wr9 0 0 0 0
/m/025x1t /tv/tv_program/regular_cast./tv/regular_tv_appearance/actor /m/04mlh8 0 0 0 0
/m/045qmr /tv/tv_program/regular_cast./tv/regular_tv_appearance/actor /m/04j5fx 0 0 0 0
/m/02pqs8l /tv/tv_program/regular_cast./tv/regular_tv_appearance/actor /m/03_vx9 0 0 0 0
/m/02_1q9 /tv/tv_program/regular_cast./tv/regular_tv_appearance/actor /m/026_w57 0 0 0 0
/m/0jwl2 /tv/tv_program/regular_cast./tv/regular_tv_appearance/actor /m/02_p5w 0 0 0 0
/m/016zfm /tv/tv_program/regular_cast./tv/regular_tv_appearance/actor /m/01p47r 0 0 0 0
/m/043qqt5 /tv/tv_program/regular_cast./tv/regular_tv_appearance/actor /m/06b4wb 0 0 0 0
/m/019g8j /tv/tv_program/regular_cast./tv/regular_tv_appearance/actor /m/01mmslz 0 0 0 0
/m/0g60z /tv/tv_program/regular_cast./tv/regular_tv_appearance/actor /m/05l4yg 1 1 1 1
/m/034vds /tv/tv_program/regular_cast./tv/regular_tv_appearance/actor /m/01r7pq 0 0 0 0
/m/05nlzq /tv/tv_program/regular_cast./tv/regular_tv_appearance/actor /m/0sw6y 0 0 0 0
/m/0ddd0gc /tv/tv_program/regular_cast./tv/regular_tv_appearance/actor /m/01w1kyf 0 0 0 0
/m/0vjr /tv/tv_program/regular_cast./tv/regular_tv_appearance/actor /m/042ly5 0 0 0 0
/m/02kk_c /tv/tv_program/regular_cast./tv/regular_tv_appearance/actor /m/042z_g 0 0 0 0
/m/04x4gj /tv/tv_program/regular_cast./tv/regular_tv_appearance/actor /m/0h7pj 0 0 0 0
/m/03ffcz /tv/tv_program/regular_cast./tv/regular_tv_appearance/actor /m/0dgskx 1 1 0 0
/m/0hz55 /tv/tv_program/regular_cast./tv/regular_tv_appearance/actor /m/030xr_ 0 0 0 0
/m/02gjrc /tv/tv_program/regular_cast./tv/regular_tv_appearance/actor /m/02lq10 0 0 0 0
/m/050kh5 /tv/tv_program/regular_cast./tv/regular_tv_appearance/actor /m/02756j 0 0 0 0
/m/070ltt /tv/tv_program/regular_cast./tv/regular_tv_appearance/actor /m/02t_99 0 0 0 0
/m/06cs95 /tv/tv_program/regular_cast./tv/regular_tv_appearance/actor /m/03lmzl 0 0 0 0
/m/026bfsh /tv/tv_program/regular_cast./tv/regular_tv_appearance/actor /m/01wd9lv 1 1 0 0
/m/0ctzf1 /tv/tv_program/regular_cast./tv/regular_tv_appearance/actor /m/029cpw 0 0 0 0
/m/02_1kl /tv/tv_program/regular_cast./tv/regular_tv_appearance/actor /m/030hbp 0 0 0 0
/m/09v38qj /tv/tv_program/regular_cast./tv/regular_tv_appearance/actor /m/029q_y 0 0 0 0
/m/07vqnc /tv/tv_program/regular_cast./tv/regular_tv_appearance/actor /m/03wy70 0 0 0 0
/m/0524b41 /tv/tv_program/regular_cast./tv/regular_tv_appearance/actor /m/0g8st4 0 0 0 0
/m/026bfsh /tv/tv_program/regular_cast./tv/regular_tv_appearance/actor /m/03mp9s 0 0 0 0
/m/01f39b /tv/tv_program/regular_cast./tv/regular_tv_appearance/actor /m/01y8cr 0 0 0 0
/m/01hn_t /tv/tv_program/regular_cast./tv/regular_tv_appearance/actor /m/018ygt 0 0 0 0
/m/07g9f /tv/tv_program/regular_cast./tv/regular_tv_appearance/actor /m/03d_w3h 1 1 0 0
/m/0vhm /tv/tv_program/regular_cast./tv/regular_tv_appearance/actor /m/02gf_l 0 0 0 0
/m/01p4wv /tv/tv_program/regular_cast./tv/regular_tv_appearance/actor /m/01twmp 0 0 0 0
/m/07vqnc /tv/tv_program/regular_cast./tv/regular_tv_appearance/actor /m/01x0sy 0 0 0 0
/m/051kd /tv/tv_program/regular_cast./tv/regular_tv_appearance/actor /m/0dt645q 0 0 0 0
/m/04mx8h4 /tv/tv_program/regular_cast./tv/regular_tv_appearance/actor /m/01tszq 0 0 0 0
/m/0fpxp /tv/tv_program/regular_cast./tv/regular_tv_appearance/actor /m/01nczg 0 0 0 0
/m/0cskb /tv/tv_program/regular_cast./tv/regular_tv_appearance/actor /m/01g5kv 0 0 0 0
/m/099pks /tv/tv_program/regular_cast./tv/regular_tv_appearance/actor /m/0168dy 0 0 0 0
/m/02hct1 /tv/tv_program/regular_cast./tv/regular_tv_appearance/actor /m/01l9p 0 0 0 0
std confidence count
/m/0dr1c2 /tv/tv_program/regular_cast./tv/regular_tv_appearance/actor /m/04f62k 0 0 0 0
/m/04sskp /tv/tv_program/regular_cast./tv/regular_tv_appearance/actor /m/0htlr 0 0 0 0
/m/03y3bp7 /tv/tv_program/regular_cast./tv/regular_tv_appearance/actor /m/06cddt 0 0 0 0
/m/0jq2r /tv/tv_program/regular_cast./tv/regular_tv_appearance/actor /m/041c4 0 0 0 0
/m/090s_0 /tv/tv_program/regular_cast./tv/regular_tv_appearance/actor /m/01xsc9 1 1 1 1
/m/02zv4b /tv/tv_program/regular_cast./tv/regular_tv_appearance/actor /m/04shbh 1 1 0 0
/m/02_1ky /tv/tv_program/regular_cast./tv/regular_tv_appearance/actor /m/04yqlk 0 0 0 0
/m/01p4wv /tv/tv_program/regular_cast./tv/regular_tv_appearance/actor /m/02hhtj 1 1 1 1
/m/0fkwzs /tv/tv_program/regular_cast./tv/regular_tv_appearance/actor /m/01c65z 0 0 0 0
/m/0fkwzs /tv/tv_program/regular_cast./tv/regular_tv_appearance/actor /m/06tp4h 0 0 0 0
/m/024hbv /tv/tv_program/regular_cast./tv/regular_tv_appearance/actor /m/0807ml 0 0 0 0
/m/050kh5 /tv/tv_program/regular_cast./tv/regular_tv_appearance/actor /m/0147dk 0 0 0 0
/m/027tbrc /tv/tv_program/regular_cast./tv/regular_tv_appearance/actor /m/0k525 0 0 0 0
/m/06xkst /tv/tv_program/regular_cast./tv/regular_tv_appearance/actor /m/0f8grf 0 0 0 0
/m/0hz55 /tv/tv_program/regular_cast./tv/regular_tv_appearance/actor /m/01yhvv 1 1 0 0
/m/06cs95 /tv/tv_program/regular_cast./tv/regular_tv_appearance/actor /m/02__ww 0 0 0 0
/m/02r2j8 /tv/tv_program/regular_cast./tv/regular_tv_appearance/actor /m/016khd 0 0 0 0
/m/04mx8h4 /tv/tv_program/regular_cast./tv/regular_tv_appearance/actor /m/022s1m 0 0 0 0
/m/03ln8b /tv/tv_program/regular_cast./tv/regular_tv_appearance/actor /m/02lg3y 0 0 0 0
/m/0d7vtk /tv/tv_program/regular_cast./tv/regular_tv_appearance/actor /m/0d02km 1 1 0 0
/m/019nnl /tv/tv_program/regular_cast./tv/regular_tv_appearance/actor /m/0gz5hs 0 0 0 0
/m/05nlzq /tv/tv_program/regular_cast./tv/regular_tv_appearance/actor /m/0745k7 0 0 0 0
/m/034fl9 /tv/tv_program/regular_cast./tv/regular_tv_appearance/actor /m/02sh8y 0 0 0 0
/m/026bfsh /tv/tv_program/regular_cast./tv/regular_tv_appearance/actor /m/0j1yf 1 1 0 0
/m/017f3m /tv/tv_program/regular_cast./tv/regular_tv_appearance/actor /m/02lfcm 0 0 0 0
/m/026bfsh /tv/tv_program/regular_cast./tv/regular_tv_appearance/actor /m/095nx 0 0 0 0
/m/01cvtf /tv/tv_program/regular_cast./tv/regular_tv_appearance/actor /m/02r_d4 0 0 0 0
/m/050kh5 /tv/tv_program/regular_cast./tv/regular_tv_appearance/actor /m/040nwr 0 0 0 0
/m/02zv4b /tv/tv_program/regular_cast./tv/regular_tv_appearance/actor /m/05szp 0 0 0 0
/m/09g_31 /tv/tv_program/regular_cast./tv/regular_tv_appearance/actor /m/0ccqd7 0 0 0 0
/m/019g8j /tv/tv_program/regular_cast./tv/regular_tv_appearance/actor /m/01tpl1p 0 0 0 0
/m/03k99c /tv/tv_program/regular_cast./tv/regular_tv_appearance/actor /m/019803 0 0 0 0
/m/0n2bh /tv/tv_program/regular_cast./tv/regular_tv_appearance/actor /m/0mz73 0 0 0 0
/m/027tbrc /tv/tv_program/regular_cast./tv/regular_tv_appearance/actor /m/0h0jz 0 0 0 0
/m/05f7w84 /tv/tv_program/regular_cast./tv/regular_tv_appearance/actor /m/02gf_l 0 0 0 0
/m/03nymk /tv/tv_program/regular_cast./tv/regular_tv_appearance/actor /m/0jbp0 0 0 0 0
/m/024rwx /tv/tv_program/regular_cast./tv/regular_tv_appearance/actor /m/031296 0 0 0 0
/m/0pc_l /tv/tv_program/regular_cast./tv/regular_tv_appearance/actor /m/02zfdp 0 0 0 0
/m/027pfb2 /tv/tv_program/regular_cast./tv/regular_tv_appearance/actor /m/02gvwz 0 0 0 0
/m/03cf9ly /tv/tv_program/regular_cast./tv/regular_tv_appearance/actor /m/03_6y 0 0 0 0
/m/026bfsh /tv/tv_program/regular_cast./tv/regular_tv_appearance/actor /m/01nz1q6 0 0 0 0
/m/0ctzf1 /tv/tv_program/regular_cast./tv/regular_tv_appearance/actor /m/0935jw 0 0 0 0
/m/05f7w84 /tv/tv_program/regular_cast./tv/regular_tv_appearance/actor /m/024my5 0 0 0 0
/m/03y317 /tv/tv_program/regular_cast./tv/regular_tv_appearance/actor /m/04vcdj 0 0 0 0
/m/0k0q73t /tv/tv_program/regular_cast./tv/regular_tv_appearance/actor /m/013v5j 1 1 0 0
/m/06cs95 /tv/tv_program/regular_cast./tv/regular_tv_appearance/actor /m/02zhkz 0 0 0 0
/m/0n2bh /tv/tv_program/regular_cast./tv/regular_tv_appearance/actor /m/01npcy7 1 1 1 1
/m/015w8_ /tv/tv_program/regular_cast./tv/regular_tv_appearance/actor /m/02wrhj 0 0 0 0
/m/039c26 /tv/tv_program/regular_cast./tv/regular_tv_appearance/actor /m/05w1vf 0 0 0 0
/m/05pbsry /tv/tv_program/regular_cast./tv/regular_tv_appearance/actor /m/0bz5v2 0 0 0 0
/m/0jwl2 /tv/tv_program/regular_cast./tv/regular_tv_appearance/actor /m/083wr9 0 0 0 0
/m/025x1t /tv/tv_program/regular_cast./tv/regular_tv_appearance/actor /m/04mlh8 0 0 0 0
/m/045qmr /tv/tv_program/regular_cast./tv/regular_tv_appearance/actor /m/04j5fx 0 0 0 0
/m/02pqs8l /tv/tv_program/regular_cast./tv/regular_tv_appearance/actor /m/03_vx9 0 0 0 0
/m/02_1q9 /tv/tv_program/regular_cast./tv/regular_tv_appearance/actor /m/026_w57 0 0 0 0
/m/0jwl2 /tv/tv_program/regular_cast./tv/regular_tv_appearance/actor /m/02_p5w 0 0 0 0
/m/016zfm /tv/tv_program/regular_cast./tv/regular_tv_appearance/actor /m/01p47r 0 0 0 0
/m/043qqt5 /tv/tv_program/regular_cast./tv/regular_tv_appearance/actor /m/06b4wb 0 0 0 0
/m/019g8j /tv/tv_program/regular_cast./tv/regular_tv_appearance/actor /m/01mmslz 0 0 0 0
/m/0g60z /tv/tv_program/regular_cast./tv/regular_tv_appearance/actor /m/05l4yg 1 1 1 1
/m/034vds /tv/tv_program/regular_cast./tv/regular_tv_appearance/actor /m/01r7pq 0 0 0 0
/m/05nlzq /tv/tv_program/regular_cast./tv/regular_tv_appearance/actor /m/0sw6y 0 0 0 0
/m/0ddd0gc /tv/tv_program/regular_cast./tv/regular_tv_appearance/actor /m/01w1kyf 0 0 0 0
/m/0vjr /tv/tv_program/regular_cast./tv/regular_tv_appearance/actor /m/042ly5 0 0 0 0
/m/02kk_c /tv/tv_program/regular_cast./tv/regular_tv_appearance/actor /m/042z_g 0 0 0 0
/m/04x4gj /tv/tv_program/regular_cast./tv/regular_tv_appearance/actor /m/0h7pj 0 0 0 0
/m/03ffcz /tv/tv_program/regular_cast./tv/regular_tv_appearance/actor /m/0dgskx 1 1 0 0
/m/0hz55 /tv/tv_program/regular_cast./tv/regular_tv_appearance/actor /m/030xr_ 0 0 0 0
/m/02gjrc /tv/tv_program/regular_cast./tv/regular_tv_appearance/actor /m/02lq10 0 0 0 0
/m/050kh5 /tv/tv_program/regular_cast./tv/regular_tv_appearance/actor /m/02756j 0 0 0 0
/m/070ltt /tv/tv_program/regular_cast./tv/regular_tv_appearance/actor /m/02t_99 0 0 0 0
/m/06cs95 /tv/tv_program/regular_cast./tv/regular_tv_appearance/actor /m/03lmzl 0 0 0 0
/m/026bfsh /tv/tv_program/regular_cast./tv/regular_tv_appearance/actor /m/01wd9lv 1 1 0 0
/m/0ctzf1 /tv/tv_program/regular_cast./tv/regular_tv_appearance/actor /m/029cpw 0 0 0 0
/m/02_1kl /tv/tv_program/regular_cast./tv/regular_tv_appearance/actor /m/030hbp 0 0 0 0
/m/09v38qj /tv/tv_program/regular_cast./tv/regular_tv_appearance/actor /m/029q_y 0 0 0 0
/m/07vqnc /tv/tv_program/regular_cast./tv/regular_tv_appearance/actor /m/03wy70 0 0 0 0
/m/0524b41 /tv/tv_program/regular_cast./tv/regular_tv_appearance/actor /m/0g8st4 0 0 0 0
/m/026bfsh /tv/tv_program/regular_cast./tv/regular_tv_appearance/actor /m/03mp9s 0 0 0 0
/m/01f39b /tv/tv_program/regular_cast./tv/regular_tv_appearance/actor /m/01y8cr 0 0 0 0
/m/01hn_t /tv/tv_program/regular_cast./tv/regular_tv_appearance/actor /m/018ygt 0 0 0 0
/m/07g9f /tv/tv_program/regular_cast./tv/regular_tv_appearance/actor /m/03d_w3h 1 1 0 0
/m/0vhm /tv/tv_program/regular_cast./tv/regular_tv_appearance/actor /m/02gf_l 0 0 0 0
/m/01p4wv /tv/tv_program/regular_cast./tv/regular_tv_appearance/actor /m/01twmp 0 0 0 0
/m/07vqnc /tv/tv_program/regular_cast./tv/regular_tv_appearance/actor /m/01x0sy 0 0 0 0
/m/051kd /tv/tv_program/regular_cast./tv/regular_tv_appearance/actor /m/0dt645q 0 0 0 0
/m/04mx8h4 /tv/tv_program/regular_cast./tv/regular_tv_appearance/actor /m/01tszq 0 0 0 0
/m/0fpxp /tv/tv_program/regular_cast./tv/regular_tv_appearance/actor /m/01nczg 0 0 0 0
/m/0cskb /tv/tv_program/regular_cast./tv/regular_tv_appearance/actor /m/01g5kv 0 0 0 0
/m/099pks /tv/tv_program/regular_cast./tv/regular_tv_appearance/actor /m/0168dy 0 0 0 0
/m/02hct1 /tv/tv_program/regular_cast./tv/regular_tv_appearance/actor /m/01l9p 0 0 0 0
pca confidence sum
/m/0dr1c2 /tv/tv_program/regular_cast./tv/regular_tv_appearance/actor /m/04f62k 0 0 0 0
/m/04sskp /tv/tv_program/regular_cast./tv/regular_tv_appearance/actor /m/0htlr 0 0 0 0
/m/03y3bp7 /tv/tv_program/regular_cast./tv/regular_tv_appearance/actor /m/06cddt 0 0 0 0
/m/0jq2r /tv/tv_program/regular_cast./tv/regular_tv_appearance/actor /m/041c4 0 0 0 0
/m/090s_0 /tv/tv_program/regular_cast./tv/regular_tv_appearance/actor /m/01xsc9 1 1 1 1
/m/02zv4b /tv/tv_program/regular_cast./tv/regular_tv_appearance/actor /m/04shbh 1 1 0 0
/m/02_1ky /tv/tv_program/regular_cast./tv/regular_tv_appearance/actor /m/04yqlk 0 0 0 0
/m/01p4wv /tv/tv_program/regular_cast./tv/regular_tv_appearance/actor /m/02hhtj 1 1 1 1
/m/0fkwzs /tv/tv_program/regular_cast./tv/regular_tv_appearance/actor /m/01c65z 0 0 0 0
/m/0fkwzs /tv/tv_program/regular_cast./tv/regular_tv_appearance/actor /m/06tp4h 0 0 0 0
/m/024hbv /tv/tv_program/regular_cast./tv/regular_tv_appearance/actor /m/0807ml 0 0 0 0
/m/050kh5 /tv/tv_program/regular_cast./tv/regular_tv_appearance/actor /m/0147dk 0 0 0 0
/m/027tbrc /tv/tv_program/regular_cast./tv/regular_tv_appearance/actor /m/0k525 0 0 0 0
/m/06xkst /tv/tv_program/regular_cast./tv/regular_tv_appearance/actor /m/0f8grf 0 0 0 0
/m/0hz55 /tv/tv_program/regular_cast./tv/regular_tv_appearance/actor /m/01yhvv 1 1 1 1
/m/06cs95 /tv/tv_program/regular_cast./tv/regular_tv_appearance/actor /m/02__ww 0 0 0 0
/m/02r2j8 /tv/tv_program/regular_cast./tv/regular_tv_appearance/actor /m/016khd 0 0 0 0
/m/04mx8h4 /tv/tv_program/regular_cast./tv/regular_tv_appearance/actor /m/022s1m 0 0 0 0
/m/03ln8b /tv/tv_program/regular_cast./tv/regular_tv_appearance/actor /m/02lg3y 0 0 0 0
/m/0d7vtk /tv/tv_program/regular_cast./tv/regular_tv_appearance/actor /m/0d02km 1 1 0 0
/m/019nnl /tv/tv_program/regular_cast./tv/regular_tv_appearance/actor /m/0gz5hs 0 0 0 0
/m/05nlzq /tv/tv_program/regular_cast./tv/regular_tv_appearance/actor /m/0745k7 0 0 0 0
/m/034fl9 /tv/tv_program/regular_cast./tv/regular_tv_appearance/actor /m/02sh8y 0 0 0 0
/m/026bfsh /tv/tv_program/regular_cast./tv/regular_tv_appearance/actor /m/0j1yf 1 1 0 0
/m/017f3m /tv/tv_program/regular_cast./tv/regular_tv_appearance/actor /m/02lfcm 0 0 0 0
/m/026bfsh /tv/tv_program/regular_cast./tv/regular_tv_appearance/actor /m/095nx 0 0 0 0
/m/01cvtf /tv/tv_program/regular_cast./tv/regular_tv_appearance/actor /m/02r_d4 0 0 0 0
/m/050kh5 /tv/tv_program/regular_cast./tv/regular_tv_appearance/actor /m/040nwr 0 0 0 0
/m/02zv4b /tv/tv_program/regular_cast./tv/regular_tv_appearance/actor /m/05szp 0 0 0 0
/m/09g_31 /tv/tv_program/regular_cast./tv/regular_tv_appearance/actor /m/0ccqd7 0 0 0 0
/m/019g8j /tv/tv_program/regular_cast./tv/regular_tv_appearance/actor /m/01tpl1p 0 0 0 0
/m/03k99c /tv/tv_program/regular_cast./tv/regular_tv_appearance/actor /m/019803 0 0 0 0
/m/0n2bh /tv/tv_program/regular_cast./tv/regular_tv_appearance/actor /m/0mz73 0 0 0 0
/m/027tbrc /tv/tv_program/regular_cast./tv/regular_tv_appearance/actor /m/0h0jz 0 0 0 0
/m/05f7w84 /tv/tv_program/regular_cast./tv/regular_tv_appearance/actor /m/02gf_l 0 0 0 0
/m/03nymk /tv/tv_program/regular_cast./tv/regular_tv_appearance/actor /m/0jbp0 0 0 0 0
/m/024rwx /tv/tv_program/regular_cast./tv/regular_tv_appearance/actor /m/031296 0 0 0 0
/m/0pc_l /tv/tv_program/regular_cast./tv/regular_tv_appearance/actor /m/02zfdp 0 0 0 0
/m/027pfb2 /tv/tv_program/regular_cast./tv/regular_tv_appearance/actor /m/02gvwz 0 0 0 0
/m/03cf9ly /tv/tv_program/regular_cast./tv/regular_tv_appearance/actor /m/03_6y 0 0 0 0
/m/026bfsh /tv/tv_program/regular_cast./tv/regular_tv_appearance/actor /m/01nz1q6 0 0 0 0
/m/0ctzf1 /tv/tv_program/regular_cast./tv/regular_tv_appearance/actor /m/0935jw 0 0 0 0
/m/05f7w84 /tv/tv_program/regular_cast./tv/regular_tv_appearance/actor /m/024my5 0 0 0 0
/m/03y317 /tv/tv_program/regular_cast./tv/regular_tv_appearance/actor /m/04vcdj 0 0 0 0
/m/0k0q73t /tv/tv_program/regular_cast./tv/regular_tv_appearance/actor /m/013v5j 1 1 0 0
/m/06cs95 /tv/tv_program/regular_cast./tv/regular_tv_appearance/actor /m/02zhkz 0 0 0 0
/m/0n2bh /tv/tv_program/regular_cast./tv/regular_tv_appearance/actor /m/01npcy7 1 1 1 1
/m/015w8_ /tv/tv_program/regular_cast./tv/regular_tv_appearance/actor /m/02wrhj 0 0 0 0
/m/039c26 /tv/tv_program/regular_cast./tv/regular_tv_appearance/actor /m/05w1vf 0 0 0 0
/m/05pbsry /tv/tv_program/regular_cast./tv/regular_tv_appearance/actor /m/0bz5v2 0 0 0 0
/m/0jwl2 /tv/tv_program/regular_cast./tv/regular_tv_appearance/actor /m/083wr9 0 0 0 0
/m/025x1t /tv/tv_program/regular_cast./tv/regular_tv_appearance/actor /m/04mlh8 0 0 0 0
/m/045qmr /tv/tv_program/regular_cast./tv/regular_tv_appearance/actor /m/04j5fx 0 0 0 0
/m/02pqs8l /tv/tv_program/regular_cast./tv/regular_tv_appearance/actor /m/03_vx9 0 0 0 0
/m/02_1q9 /tv/tv_program/regular_cast./tv/regular_tv_appearance/actor /m/026_w57 0 0 0 0
/m/0jwl2 /tv/tv_program/regular_cast./tv/regular_tv_appearance/actor /m/02_p5w 0 0 0 0
/m/016zfm /tv/tv_program/regular_cast./tv/regular_tv_appearance/actor /m/01p47r 0 0 0 0
/m/043qqt5 /tv/tv_program/regular_cast./tv/regular_tv_appearance/actor /m/06b4wb 0 0 0 0
/m/019g8j /tv/tv_program/regular_cast./tv/regular_tv_appearance/actor /m/01mmslz 0 0 0 0
/m/0g60z /tv/tv_program/regular_cast./tv/regular_tv_appearance/actor /m/05l4yg 1 1 1 1
/m/034vds /tv/tv_program/regular_cast./tv/regular_tv_appearance/actor /m/01r7pq 0 0 0 0
/m/05nlzq /tv/tv_program/regular_cast./tv/regular_tv_appearance/actor /m/0sw6y 0 0 0 0
/m/0ddd0gc /tv/tv_program/regular_cast./tv/regular_tv_appearance/actor /m/01w1kyf 0 0 0 0
/m/0vjr /tv/tv_program/regular_cast./tv/regular_tv_appearance/actor /m/042ly5 0 0 0 0
/m/02kk_c /tv/tv_program/regular_cast./tv/regular_tv_appearance/actor /m/042z_g 0 0 0 0
/m/04x4gj /tv/tv_program/regular_cast./tv/regular_tv_appearance/actor /m/0h7pj 0 0 0 0
/m/03ffcz /tv/tv_program/regular_cast./tv/regular_tv_appearance/actor /m/0dgskx 1 1 0 0
/m/0hz55 /tv/tv_program/regular_cast./tv/regular_tv_appearance/actor /m/030xr_ 0 0 0 0
/m/02gjrc /tv/tv_program/regular_cast./tv/regular_tv_appearance/actor /m/02lq10 0 0 0 0
/m/050kh5 /tv/tv_program/regular_cast./tv/regular_tv_appearance/actor /m/02756j 0 0 0 0
/m/070ltt /tv/tv_program/regular_cast./tv/regular_tv_appearance/actor /m/02t_99 0 0 0 0
/m/06cs95 /tv/tv_program/regular_cast./tv/regular_tv_appearance/actor /m/03lmzl 0 0 0 0
/m/026bfsh /tv/tv_program/regular_cast./tv/regular_tv_appearance/actor /m/01wd9lv 1 1 0 0
/m/0ctzf1 /tv/tv_program/regular_cast./tv/regular_tv_appearance/actor /m/029cpw 0 0 0 0
/m/02_1kl /tv/tv_program/regular_cast./tv/regular_tv_appearance/actor /m/030hbp 0 0 0 0
/m/09v38qj /tv/tv_program/regular_cast./tv/regular_tv_appearance/actor /m/029q_y 0 0 0 0
/m/07vqnc /tv/tv_program/regular_cast./tv/regular_tv_appearance/actor /m/03wy70 0 0 0 0
/m/0524b41 /tv/tv_program/regular_cast./tv/regular_tv_appearance/actor /m/0g8st4 0 0 0 0
/m/026bfsh /tv/tv_program/regular_cast./tv/regular_tv_appearance/actor /m/03mp9s 0 0 0 0
/m/01f39b /tv/tv_program/regular_cast./tv/regular_tv_appearance/actor /m/01y8cr 0 0 0 0
/m/01hn_t /tv/tv_program/regular_cast./tv/regular_tv_appearance/actor /m/018ygt 0 0 0 0
/m/07g9f /tv/tv_program/regular_cast./tv/regular_tv_appearance/actor /m/03d_w3h 1 1 1 1
/m/0vhm /tv/tv_program/regular_cast./tv/regular_tv_appearance/actor /m/02gf_l 0 0 0 0
/m/01p4wv /tv/tv_program/regular_cast./tv/regular_tv_appearance/actor /m/01twmp 0 0 0 0
/m/07vqnc /tv/tv_program/regular_cast./tv/regular_tv_appearance/actor /m/01x0sy 0 0 0 0
/m/051kd /tv/tv_program/regular_cast./tv/regular_tv_appearance/actor /m/0dt645q 0 0 0 0
/m/04mx8h4 /tv/tv_program/regular_cast./tv/regular_tv_appearance/actor /m/01tszq 0 0 0 0
/m/0fpxp /tv/tv_program/regular_cast./tv/regular_tv_appearance/actor /m/01nczg 0 0 0 0
/m/0cskb /tv/tv_program/regular_cast./tv/regular_tv_appearance/actor /m/01g5kv 0 0 0 0
/m/099pks /tv/tv_program/regular_cast./tv/regular_tv_appearance/actor /m/0168dy 0 0 0 0
/m/02hct1 /tv/tv_program/regular_cast./tv/regular_tv_appearance/actor /m/01l9p 0 0 0 0
std confidence sum
/m/0dr1c2 /tv/tv_program/regular_cast./tv/regular_tv_appearance/actor /m/04f62k 0 0 0 0
/m/04sskp /tv/tv_program/regular_cast./tv/regular_tv_appearance/actor /m/0htlr 0 0 0 0
/m/03y3bp7 /tv/tv_program/regular_cast./tv/regular_tv_appearance/actor /m/06cddt 0 0 0 0
/m/0jq2r /tv/tv_program/regular_cast./tv/regular_tv_appearance/actor /m/041c4 0 0 0 0
/m/090s_0 /tv/tv_program/regular_cast./tv/regular_tv_appearance/actor /m/01xsc9 1 1 1 1
/m/02zv4b /tv/tv_program/regular_cast./tv/regular_tv_appearance/actor /m/04shbh 1 1 0 0
/m/02_1ky /tv/tv_program/regular_cast./tv/regular_tv_appearance/actor /m/04yqlk 0 0 0 0
/m/01p4wv /tv/tv_program/regular_cast./tv/regular_tv_appearance/actor /m/02hhtj 1 1 1 1
/m/0fkwzs /tv/tv_program/regular_cast./tv/regular_tv_appearance/actor /m/01c65z 0 0 0 0
/m/0fkwzs /tv/tv_program/regular_cast./tv/regular_tv_appearance/actor /m/06tp4h 0 0 0 0
/m/024hbv /tv/tv_program/regular_cast./tv/regular_tv_appearance/actor /m/0807ml 0 0 0 0
/m/050kh5 /tv/tv_program/regular_cast./tv/regular_tv_appearance/actor /m/0147dk 0 0 0 0
/m/027tbrc /tv/tv_program/regular_cast./tv/regular_tv_appearance/actor /m/0k525 0 0 0 0
/m/06xkst /tv/tv_program/regular_cast./tv/regular_tv_appearance/actor /m/0f8grf 0 0 0 0
/m/0hz55 /tv/tv_program/regular_cast./tv/regular_tv_appearance/actor /m/01yhvv 1 1 0 0
/m/06cs95 /tv/tv_program/regular_cast./tv/regular_tv_appearance/actor /m/02__ww 0 0 0 0
/m/02r2j8 /tv/tv_program/regular_cast./tv/regular_tv_appearance/actor /m/016khd 0 0 0 0
/m/04mx8h4 /tv/tv_program/regular_cast./tv/regular_tv_appearance/actor /m/022s1m 0 0 0 0
/m/03ln8b /tv/tv_program/regular_cast./tv/regular_tv_appearance/actor /m/02lg3y 0 0 0 0
/m/0d7vtk /tv/tv_program/regular_cast./tv/regular_tv_appearance/actor /m/0d02km 1 1 0 0
/m/019nnl /tv/tv_program/regular_cast./tv/regular_tv_appearance/actor /m/0gz5hs 0 0 0 0
/m/05nlzq /tv/tv_program/regular_cast./tv/regular_tv_appearance/actor /m/0745k7 0 0 0 0
/m/034fl9 /tv/tv_program/regular_cast./tv/regular_tv_appearance/actor /m/02sh8y 0 0 0 0
/m/026bfsh /tv/tv_program/regular_cast./tv/regular_tv_appearance/actor /m/0j1yf 1 1 0 0
/m/017f3m /tv/tv_program/regular_cast./tv/regular_tv_appearance/actor /m/02lfcm 0 0 0 0
/m/026bfsh /tv/tv_program/regular_cast./tv/regular_tv_appearance/actor /m/095nx 0 0 0 0
/m/01cvtf /tv/tv_program/regular_cast./tv/regular_tv_appearance/actor /m/02r_d4 0 0 0 0
/m/050kh5 /tv/tv_program/regular_cast./tv/regular_tv_appearance/actor /m/040nwr 0 0 0 0
/m/02zv4b /tv/tv_program/regular_cast./tv/regular_tv_appearance/actor /m/05szp 0 0 0 0
/m/09g_31 /tv/tv_program/regular_cast./tv/regular_tv_appearance/actor /m/0ccqd7 0 0 0 0
/m/019g8j /tv/tv_program/regular_cast./tv/regular_tv_appearance/actor /m/01tpl1p 0 0 0 0
/m/03k99c /tv/tv_program/regular_cast./tv/regular_tv_appearance/actor /m/019803 0 0 0 0
/m/0n2bh /tv/tv_program/regular_cast./tv/regular_tv_appearance/actor /m/0mz73 0 0 0 0
/m/027tbrc /tv/tv_program/regular_cast./tv/regular_tv_appearance/actor /m/0h0jz 0 0 0 0
/m/05f7w84 /tv/tv_program/regular_cast./tv/regular_tv_appearance/actor /m/02gf_l 0 0 0 0
/m/03nymk /tv/tv_program/regular_cast./tv/regular_tv_appearance/actor /m/0jbp0 0 0 0 0
/m/024rwx /tv/tv_program/regular_cast./tv/regular_tv_appearance/actor /m/031296 0 0 0 0
/m/0pc_l /tv/tv_program/regular_cast./tv/regular_tv_appearance/actor /m/02zfdp 0 0 0 0
/m/027pfb2 /tv/tv_program/regular_cast./tv/regular_tv_appearance/actor /m/02gvwz 0 0 0 0
/m/03cf9ly /tv/tv_program/regular_cast./tv/regular_tv_appearance/actor /m/03_6y 0 0 0 0
/m/026bfsh /tv/tv_program/regular_cast./tv/regular_tv_appearance/actor /m/01nz1q6 0 0 0 0
/m/0ctzf1 /tv/tv_program/regular_cast./tv/regular_tv_appearance/actor /m/0935jw 0 0 0 0
/m/05f7w84 /tv/tv_program/regular_cast./tv/regular_tv_appearance/actor /m/024my5 0 0 0 0
/m/03y317 /tv/tv_program/regular_cast./tv/regular_tv_appearance/actor /m/04vcdj 0 0 0 0
/m/0k0q73t /tv/tv_program/regular_cast./tv/regular_tv_appearance/actor /m/013v5j 1 1 0 0
/m/06cs95 /tv/tv_program/regular_cast./tv/regular_tv_appearance/actor /m/02zhkz 0 0 0 0
/m/0n2bh /tv/tv_program/regular_cast./tv/regular_tv_appearance/actor /m/01npcy7 1 1 1 1
/m/015w8_ /tv/tv_program/regular_cast./tv/regular_tv_appearance/actor /m/02wrhj 0 0 0 0
/m/039c26 /tv/tv_program/regular_cast./tv/regular_tv_appearance/actor /m/05w1vf 0 0 0 0
/m/05pbsry /tv/tv_program/regular_cast./tv/regular_tv_appearance/actor /m/0bz5v2 0 0 0 0
/m/0jwl2 /tv/tv_program/regular_cast./tv/regular_tv_appearance/actor /m/083wr9 0 0 0 0
/m/025x1t /tv/tv_program/regular_cast./tv/regular_tv_appearance/actor /m/04mlh8 0 0 0 0
/m/045qmr /tv/tv_program/regular_cast./tv/regular_tv_appearance/actor /m/04j5fx 0 0 0 0
/m/02pqs8l /tv/tv_program/regular_cast./tv/regular_tv_appearance/actor /m/03_vx9 0 0 0 0
/m/02_1q9 /tv/tv_program/regular_cast./tv/regular_tv_appearance/actor /m/026_w57 0 0 0 0
/m/0jwl2 /tv/tv_program/regular_cast./tv/regular_tv_appearance/actor /m/02_p5w 0 0 0 0
/m/016zfm /tv/tv_program/regular_cast./tv/regular_tv_appearance/actor /m/01p47r 0 0 0 0
/m/043qqt5 /tv/tv_program/regular_cast./tv/regular_tv_appearance/actor /m/06b4wb 0 0 0 0
/m/019g8j /tv/tv_program/regular_cast./tv/regular_tv_appearance/actor /m/01mmslz 0 0 0 0
/m/0g60z /tv/tv_program/regular_cast./tv/regular_tv_appearance/actor /m/05l4yg 1 1 1 1
/m/034vds /tv/tv_program/regular_cast./tv/regular_tv_appearance/actor /m/01r7pq 0 0 0 0
/m/05nlzq /tv/tv_program/regular_cast./tv/regular_tv_appearance/actor /m/0sw6y 0 0 0 0
/m/0ddd0gc /tv/tv_program/regular_cast./tv/regular_tv_appearance/actor /m/01w1kyf 0 0 0 0
/m/0vjr /tv/tv_program/regular_cast./tv/regular_tv_appearance/actor /m/042ly5 0 0 0 0
/m/02kk_c /tv/tv_program/regular_cast./tv/regular_tv_appearance/actor /m/042z_g 0 0 0 0
/m/04x4gj /tv/tv_program/regular_cast./tv/regular_tv_appearance/actor /m/0h7pj 0 0 0 0
/m/03ffcz /tv/tv_program/regular_cast./tv/regular_tv_appearance/actor /m/0dgskx 1 1 0 0
/m/0hz55 /tv/tv_program/regular_cast./tv/regular_tv_appearance/actor /m/030xr_ 0 0 0 0
/m/02gjrc /tv/tv_program/regular_cast./tv/regular_tv_appearance/actor /m/02lq10 0 0 0 0
/m/050kh5 /tv/tv_program/regular_cast./tv/regular_tv_appearance/actor /m/02756j 0 0 0 0
/m/070ltt /tv/tv_program/regular_cast./tv/regular_tv_appearance/actor /m/02t_99 0 0 0 0
/m/06cs95 /tv/tv_program/regular_cast./tv/regular_tv_appearance/actor /m/03lmzl 0 0 0 0
/m/026bfsh /tv/tv_program/regular_cast./tv/regular_tv_appearance/actor /m/01wd9lv 1 1 1 1
/m/0ctzf1 /tv/tv_program/regular_cast./tv/regular_tv_appearance/actor /m/029cpw 0 0 0 0
/m/02_1kl /tv/tv_program/regular_cast./tv/regular_tv_appearance/actor /m/030hbp 0 0 0 0
/m/09v38qj /tv/tv_program/regular_cast./tv/regular_tv_appearance/actor /m/029q_y 0 0 0 0
/m/07vqnc /tv/tv_program/regular_cast./tv/regular_tv_appearance/actor /m/03wy70 0 0 0 0
/m/0524b41 /tv/tv_program/regular_cast./tv/regular_tv_appearance/actor /m/0g8st4 0 0 0 0
/m/026bfsh /tv/tv_program/regular_cast./tv/regular_tv_appearance/actor /m/03mp9s 0 0 0 0
/m/01f39b /tv/tv_program/regular_cast./tv/regular_tv_appearance/actor /m/01y8cr 0 0 0 0
/m/01hn_t /tv/tv_program/regular_cast./tv/regular_tv_appearance/actor /m/018ygt 0 0 0 0
/m/07g9f /tv/tv_program/regular_cast./tv/regular_tv_appearance/actor /m/03d_w3h 1 1 1 1
/m/0vhm /tv/tv_program/regular_cast./tv/regular_tv_appearance/actor /m/02gf_l 0 0 0 0
/m/01p4wv /tv/tv_program/regular_cast./tv/regular_tv_appearance/actor /m/01twmp 0 0 0 0
/m/07vqnc /tv/tv_program/regular_cast./tv/regular_tv_appearance/actor /m/01x0sy 0 0 0 0
/m/051kd /tv/tv_program/regular_cast./tv/regular_tv_appearance/actor /m/0dt645q 0 0 0 0
/m/04mx8h4 /tv/tv_program/regular_cast./tv/regular_tv_appearance/actor /m/01tszq 0 0 0 0
/m/0fpxp /tv/tv_program/regular_cast./tv/regular_tv_appearance/actor /m/01nczg 0 0 0 0
/m/0cskb /tv/tv_program/regular_cast./tv/regular_tv_appearance/actor /m/01g5kv 0 0 0 0
/m/099pks /tv/tv_program/regular_cast./tv/regular_tv_appearance/actor /m/0168dy 0 0 0 0
/m/02hct1 /tv/tv_program/regular_cast./tv/regular_tv_appearance/actor /m/01l9p 0 0 0 0
