pca confidence count
/m/0brkwj /tv/tv_writer/tv_programs./tv/tv_program_writer_relationship/tv_program /m/0cskb 0 0 0 0
/m/0821j /tv/tv_writer/tv_programs./tv/tv_program_writer_relationship/tv_program /m/07g9f 0 0 0 0
/m/01svq8 /tv/tv_writer/tv_programs./tv/tv_program_writer_relationship/tv_program /m/039cq4 0 0 0 0
/m/021bk /tv/tv_writer/tv_programs./tv/tv_program_writer_relationship/tv_program /m/039cq4 0 0 0 0
/m/0693l /tv/tv_writer/tv_programs./tv/tv_program_writer_relationship/tv_program /m/01kt_j 0 0 0 0
/m/026n9h3 /tv/tv_writer/tv_programs./tv/tv_program_writer_relationship/tv_program /m/02_1kl 0 0 0 0
/m/0bqs56 /tv/tv_writer/tv_programs./tv/tv_program_writer_relationship/tv_program /m/039cq4 0 0 0 0
/m/06jnvs /tv/tv_writer/tv_programs./tv/tv_program_writer_relationship/tv_program /m/039cq4 0 0 0 0
/m/067xw /tv/tv_writer/tv_programs./tv/tv_program_writer_relationship/tv_program /m/01j95 0 0 0 0
std confidence count
/m/0brkwj /tv/tv_writer/tv_programs./tv/tv_program_writer_relationship/tv_program /m/0cskb 1 1 0 0
/m/0821j /tv/tv_writer/tv_programs./tv/tv_program_writer_relationship/tv_program /m/07g9f 0 0 0 0
/m/01svq8 /tv/tv_writer/tv_programs./tv/tv_program_writer_relationship/tv_program /m/039cq4 0 0 0 0
/m/021bk /tv/tv_writer/tv_programs./tv/tv_program_writer_relationship/tv_program /m/039cq4 0 0 0 0
/m/0693l /tv/tv_writer/tv_programs./tv/tv_program_writer_relationship/tv_program /m/01kt_j 0 0 0 0
/m/026n9h3 /tv/tv_writer/tv_programs./tv/tv_program_writer_relationship/tv_program /m/02_1kl 0 0 0 0
/m/0bqs56 /tv/tv_writer/tv_programs./tv/tv_program_writer_relationship/tv_program /m/039cq4 0 0 0 0
/m/06jnvs /tv/tv_writer/tv_programs./tv/tv_program_writer_relationship/tv_program /m/039cq4 0 0 0 0
/m/067xw /tv/tv_writer/tv_programs./tv/tv_program_writer_relationship/tv_program /m/01j95 0 0 0 0
pca confidence sum
/m/0brkwj /tv/tv_writer/tv_programs./tv/tv_program_writer_relationship/tv_program /m/0cskb 1 1 0 0
/m/0821j /tv/tv_writer/tv_programs./tv/tv_program_writer_relationship/tv_program /m/07g9f 0 0 0 0
/m/01svq8 /tv/tv_writer/tv_programs./tv/tv_program_writer_relationship/tv_program /m/039cq4 0 0 0 0
/m/021bk /tv/tv_writer/tv_programs./tv/tv_program_writer_relationship/tv_program /m/039cq4 0 0 0 0
/m/0693l /tv/tv_writer/tv_programs./tv/tv_program_writer_relationship/tv_program /m/01kt_j 0 0 0 0
/m/026n9h3 /tv/tv_writer/tv_programs./tv/tv_program_writer_relationship/tv_program /m/02_1kl 0 0 0 0
/m/0bqs56 /tv/tv_writer/tv_programs./tv/tv_program_writer_relationship/tv_program /m/039cq4 0 0 0 0
/m/06jnvs /tv/tv_writer/tv_programs./tv/tv_program_writer_relationship/tv_program /m/039cq4 0 0 0 0
/m/067xw /tv/tv_writer/tv_programs./tv/tv_program_writer_relationship/tv_program /m/01j95 0 0 0 0
std confidence sum
/m/0brkwj /tv/tv_writer/tv_programs./tv/tv_program_writer_relationship/tv_program /m/0cskb 1 1 0 0
/m/0821j /tv/tv_writer/tv_programs./tv/tv_program_writer_relationship/tv_program /m/07g9f 0 0 0 0
/m/01svq8 /tv/tv_writer/tv_programs./tv/tv_program_writer_relationship/tv_program /m/039cq4 0 0 0 0
/m/021bk /tv/tv_writer/tv_programs./tv/tv_program_writer_relationship/tv_program /m/039cq4 0 0 0 0
/m/0693l /tv/tv_writer/tv_programs./tv/tv_program_writer_relationship/tv_program /m/01kt_j 0 0 0 0
/m/026n9h3 /tv/tv_writer/tv_programs./tv/tv_program_writer_relationship/tv_program /m/02_1kl 0 0 0 0
/m/0bqs56 /tv/tv_writer/tv_programs./tv/tv_program_writer_relationship/tv_program /m/039cq4 0 0 0 0
/m/06jnvs /tv/tv_writer/tv_programs./tv/tv_program_writer_relationship/tv_program /m/039cq4 0 0 0 0
/m/067xw /tv/tv_writer/tv_programs./tv/tv_program_writer_relationship/tv_program /m/01j95 0 0 0 0
