pca confidence count
/m/0l6vl /user/jg/default_domain/olympic_games/sports /m/06f41 0 1 0 0
/m/0ldqf /user/jg/default_domain/olympic_games/sports /m/06wrt 0 1 0 0
/m/0blg2 /user/jg/default_domain/olympic_games/sports /m/018w8 0 1 0 0
/m/0lk8j /user/jg/default_domain/olympic_games/sports /m/01cgz 0 1 0 0
/m/0lbd9 /user/jg/default_domain/olympic_games/sports /m/071t0 0 1 0 0
/m/0lbd9 /user/jg/default_domain/olympic_games/sports /m/0d1t3 0 1 0 0
/m/0kbvb /user/jg/default_domain/olympic_games/sports /m/07jjt 1 1 0 0
/m/0l6mp /user/jg/default_domain/olympic_games/sports /m/03hr1p 0 1 0 0
/m/018wrk /user/jg/default_domain/olympic_games/sports /m/06z6r 0 1 0 0
/m/0ldqf /user/jg/default_domain/olympic_games/sports /m/06z6r 0 1 0 0
/m/0jkvj /user/jg/default_domain/olympic_games/sports /m/03fyrh 0 1 0 0
std confidence count
/m/0l6vl /user/jg/default_domain/olympic_games/sports /m/06f41 0 1 0 0
/m/0ldqf /user/jg/default_domain/olympic_games/sports /m/06wrt 0 1 0 0
/m/0blg2 /user/jg/default_domain/olympic_games/sports /m/018w8 0 1 0 0
/m/0lk8j /user/jg/default_domain/olympic_games/sports /m/01cgz 0 1 0 0
/m/0lbd9 /user/jg/default_domain/olympic_games/sports /m/071t0 0 1 0 0
/m/0lbd9 /user/jg/default_domain/olympic_games/sports /m/0d1t3 0 1 0 0
/m/0kbvb /user/jg/default_domain/olympic_games/sports /m/07jjt 0 1 0 0
/m/0l6mp /user/jg/default_domain/olympic_games/sports /m/03hr1p 0 1 0 0
/m/018wrk /user/jg/default_domain/olympic_games/sports /m/06z6r 0 1 0 0
/m/0ldqf /user/jg/default_domain/olympic_games/sports /m/06z6r 0 1 0 0
/m/0jkvj /user/jg/default_domain/olympic_games/sports /m/03fyrh 0 1 0 0
pca confidence sum
/m/0l6vl /user/jg/default_domain/olympic_games/sports /m/06f41 1 1 0 0
/m/0ldqf /user/jg/default_domain/olympic_games/sports /m/06wrt 0 1 0 0
/m/0blg2 /user/jg/default_domain/olympic_games/sports /m/018w8 0 1 0 0
/m/0lk8j /user/jg/default_domain/olympic_games/sports /m/01cgz 0 1 0 0
/m/0lbd9 /user/jg/default_domain/olympic_games/sports /m/071t0 0 1 0 0
/m/0lbd9 /user/jg/default_domain/olympic_games/sports /m/0d1t3 0 1 0 0
/m/0kbvb /user/jg/default_domain/olympic_games/sports /m/07jjt 1 1 0 1
/m/0l6mp /user/jg/default_domain/olympic_games/sports /m/03hr1p 1 1 0 0
/m/018wrk /user/jg/default_domain/olympic_games/sports /m/06z6r 0 1 0 0
/m/0ldqf /user/jg/default_domain/olympic_games/sports /m/06z6r 0 1 0 0
/m/0jkvj /user/jg/default_domain/olympic_games/sports /m/03fyrh 0 1 0 0
std confidence sum
/m/0l6vl /user/jg/default_domain/olympic_games/sports /m/06f41 1 1 0 0
/m/0ldqf /user/jg/default_domain/olympic_games/sports /m/06wrt 0 1 0 0
/m/0blg2 /user/jg/default_domain/olympic_games/sports /m/018w8 0 1 0 0
/m/0lk8j /user/jg/default_domain/olympic_games/sports /m/01cgz 0 1 0 0
/m/0lbd9 /user/jg/default_domain/olympic_games/sports /m/071t0 0 1 0 0
/m/0lbd9 /user/jg/default_domain/olympic_games/sports /m/0d1t3 0 1 0 0
/m/0kbvb /user/jg/default_domain/olympic_games/sports /m/07jjt 1 1 0 1
/m/0l6mp /user/jg/default_domain/olympic_games/sports /m/03hr1p 1 1 0 0
/m/018wrk /user/jg/default_domain/olympic_games/sports /m/06z6r 0 1 0 0
/m/0ldqf /user/jg/default_domain/olympic_games/sports /m/06z6r 0 1 0 0
/m/0jkvj /user/jg/default_domain/olympic_games/sports /m/03fyrh 0 1 0 0
