pca confidence count
/m/0f721s /tv/tv_producer/programs_produced./tv/tv_producer_term/program /m/07zhjj 0 0 0 0
/m/02f9wb /tv/tv_producer/programs_produced./tv/tv_producer_term/program /m/0d66j2 0 0 0 0
/m/03ktjq /tv/tv_producer/programs_produced./tv/tv_producer_term/program /m/0l76z 0 0 0 0
/m/02tn0_ /tv/tv_producer/programs_produced./tv/tv_producer_term/program /m/0l76z 0 0 0 0
std confidence count
/m/0f721s /tv/tv_producer/programs_produced./tv/tv_producer_term/program /m/07zhjj 0 0 0 0
/m/02f9wb /tv/tv_producer/programs_produced./tv/tv_producer_term/program /m/0d66j2 0 0 0 0
/m/03ktjq /tv/tv_producer/programs_produced./tv/tv_producer_term/program /m/0l76z 0 0 0 0
/m/02tn0_ /tv/tv_producer/programs_produced./tv/tv_producer_term/program /m/0l76z 1 1 0 0
pca confidence sum
/m/0f721s /tv/tv_producer/programs_produced./tv/tv_producer_term/program /m/07zhjj 0 0 0 0
/m/02f9wb /tv/tv_producer/programs_produced./tv/tv_producer_term/program /m/0d66j2 0 0 0 0
/m/03ktjq /tv/tv_producer/programs_produced./tv/tv_producer_term/program /m/0l76z 0 0 0 0
/m/02tn0_ /tv/tv_producer/programs_produced./tv/tv_producer_term/program /m/0l76z 0 1 0 0
std confidence sum
/m/0f721s /tv/tv_producer/programs_produced./tv/tv_producer_term/program /m/07zhjj 0 0 0 0
/m/02f9wb /tv/tv_producer/programs_produced./tv/tv_producer_term/program /m/0d66j2 0 0 0 0
/m/03ktjq /tv/tv_producer/programs_produced./tv/tv_producer_term/program /m/0l76z 0 0 0 0
/m/02tn0_ /tv/tv_producer/programs_produced./tv/tv_producer_term/program /m/0l76z 1 1 0 0
