/m/02c_4 /american_football/football_team/current_roster./american_football/football_roster_position/position /m/06b1q 32 1 0 1 0 1
/m/02896 /american_football/football_team/current_roster./american_football/football_roster_position/position /m/023wyl 19 1 0 1 0 1
/m/0487_ /american_football/football_team/current_roster./american_football/football_roster_position/position /m/01_9c1 12 3 0 1 0 0
/m/05l71 /american_football/football_team/current_roster./american_football/football_roster_position/position /m/02g_6x 46 5 0 1 0 0
/m/0wsr /american_football/football_team/current_roster./american_football/football_roster_position/position /m/01r3hr 17 1 0 1 0 1
/m/03gqb0k /american_football/football_team/current_roster./american_football/football_roster_position/position /m/047g8h 51 4 0 1 0 0
/m/026bt_h /american_football/football_team/current_roster./american_football/football_roster_position/position /m/01_9c1 37 4 0 1 0 0
/m/02pd1q9 /american_football/football_team/current_roster./american_football/football_roster_position/position /m/05zm34 54 4 0 1 0 0
/m/01y49 /american_football/football_team/current_roster./american_football/football_roster_position/position /m/02g_6j 43 1 0 1 0 1
/m/051q5 /american_football/football_team/current_roster./american_football/football_roster_position/position /m/023wyl 29 1 0 1 0 1
/m/06rny /american_football/football_team/current_roster./american_football/football_roster_position/position /m/023wyl 28 1 0 1 0 1
/m/0ftf0f /american_football/football_team/current_roster./american_football/football_roster_position/position /m/02g_7z 33 3 0 1 0 0
/m/026cmdc /american_football/football_team/current_roster./american_football/football_roster_position/position /m/02g_6x 37 1 0 1 0 1
/m/02vklm3 /american_football/football_team/current_roster./american_football/football_roster_position/position /m/02g_6j 48 1 0 1 0 1
/m/01y3v /american_football/football_team/current_roster./american_football/football_roster_position/position /m/05zm34 36 4 0 1 0 0
/m/0fsb_6 /american_football/football_team/current_roster./american_football/football_roster_position/position /m/02g_7z 16 1 0 1 0 1
/m/07kbp5 /american_football/football_team/current_roster./american_football/football_roster_position/position /m/04nfpk 34 4 0 1 0 0
/m/02vklm3 /american_football/football_team/current_roster./american_football/football_roster_position/position /m/02qpbqj 49 8 0 1 0 0
/m/0bs09lb /american_football/football_team/current_roster./american_football/football_roster_position/position /m/06b1q 26 1 0 1 0 1
/m/04ls81 /american_football/football_team/current_roster./american_football/football_roster_position/position /m/01r3hr 28 3 0 1 0 0
/m/057xlyq /american_football/football_team/current_roster./american_football/football_roster_position/position /m/06b1q 43 1 0 1 0 1
/m/05l71 /american_football/football_team/current_roster./american_football/football_roster_position/position /m/01r3hr 52 3 0 1 0 0
/m/01y49 /american_football/football_team/current_roster./american_football/football_roster_position/position /m/05zm34 19 1 0 1 0 1
/m/03gqb0k /american_football/football_team/current_roster./american_football/football_roster_position/position /m/05zm34 44 4 0 1 0 0
/m/01y3v /american_football/football_team/current_roster./american_football/football_roster_position/position /m/08ns5s 44 2 0 1 0 0
/m/02pd1q9 /american_football/football_team/current_roster./american_football/football_roster_position/position /m/05b3ts 43 4 0 1 0 0
/m/0fsb_6 /american_football/football_team/current_roster./american_football/football_roster_position/position /m/02g_6j 25 1 0 1 0 1
/m/043tz8m /american_football/football_team/current_roster./american_football/football_roster_position/position /m/05zm34 56 4 0 1 0 0
/m/026ldz7 /american_football/football_team/current_roster./american_football/football_roster_position/position /m/02g_7z 48 3 0 1 0 0
/m/02pd1q9 /american_football/football_team/current_roster./american_football/football_roster_position/position /m/01_9c1 36 4 0 1 0 0
/m/01y3c /american_football/football_team/current_roster./american_football/football_roster_position/position /m/047g8h 21 1 0 1 0 1
/m/03915c /american_football/football_team/current_roster./american_football/football_roster_position/position /m/02g_6x 60 7 0 1 0 0
/m/02c_4 /american_football/football_team/current_roster./american_football/football_roster_position/position /m/02g_7z 32 3 0 1 0 0
/m/0ws7 /american_football/football_team/current_roster./american_football/football_roster_position/position /m/05b3ts 36 3 0 1 0 0
/m/025_64l /american_football/football_team/current_roster./american_football/football_roster_position/position /m/02vkdwz 5 1 1 1 0 1
/m/03wnh /american_football/football_team/current_roster./american_football/football_roster_position/position /m/047g8h 28 2 0 1 0 0
/m/01lpx8 /american_football/football_team/current_roster./american_football/football_roster_position/position /m/06b1q 66 7 0 1 0 0
/m/043vc /american_football/football_team/current_roster./american_football/football_roster_position/position /m/04nfpk 26 1 0 1 0 1
/m/025_64l /american_football/football_team/current_roster./american_football/football_roster_position/position /m/02g_6x 57 5 0 1 0 0
/m/0289q /american_football/football_team/current_roster./american_football/football_roster_position/position /m/05b3ts 15 1 0 1 0 1
/m/02px_23 /american_football/football_team/current_roster./american_football/football_roster_position/position /m/047g8h 42 4 0 1 0 0
/m/0fsb_6 /american_football/football_team/current_roster./american_football/football_roster_position/position /m/04nfpk 31 4 0 1 0 0
/m/02wvfxl /american_football/football_team/current_roster./american_football/football_roster_position/position /m/02g_6j 42 1 0 1 0 1
/m/07kbp5 /american_football/football_team/current_roster./american_football/football_roster_position/position /m/02vkdwz 3 1 1 1 0 1
/m/05l71 /american_football/football_team/current_roster./american_football/football_roster_position/position /m/047g8h 20 1 0 1 0 1
/m/01c_d /american_football/football_team/current_roster./american_football/football_roster_position/position /m/02g_6j 44 1 0 1 0 1
/m/05g3v /american_football/football_team/current_roster./american_football/football_roster_position/position /m/02g_6x 26 1 0 1 0 1
/m/01lpwh /american_football/football_team/current_roster./american_football/football_roster_position/position /m/0bgv8y 1 1 1 1 1 1
/m/04ls81 /american_football/football_team/current_roster./american_football/football_roster_position/position /m/02vkdwz 2 1 1 1 0 1
/m/07kbp5 /american_football/football_team/current_roster./american_football/football_roster_position/position /m/08ns5s 29 2 0 1 0 0
/m/0ftf0f /american_football/football_team/current_roster./american_football/football_roster_position/position /m/08ns5s 28 2 0 1 0 0
/m/07kbp5 /american_football/football_team/current_roster./american_football/football_roster_position/position /m/01_9c1 38 4 0 1 0 0
/m/02896 /american_football/football_team/current_roster./american_football/football_roster_position/position /m/04nfpk 23 1 0 1 0 1
/m/0ftf0f /american_football/football_team/current_roster./american_football/football_roster_position/position /m/05zm34 29 3 0 1 0 0
/m/043vc /american_football/football_team/current_roster./american_football/football_roster_position/position /m/02g_6x 31 1 0 1 0 1
/m/07kbp5 /american_football/football_team/current_roster./american_football/football_roster_position/position /m/02qpbqj 45 8 0 1 0 0
/m/0ftf0f /american_football/football_team/current_roster./american_football/football_roster_position/position /m/01snvb 2 1 1 1 0 1
/m/06x76 /american_football/football_team/current_roster./american_football/football_roster_position/position /m/06b1q 23 1 0 1 0 1
/m/05g3v /american_football/football_team/current_roster./american_football/football_roster_position/position /m/02qpbqj 26 4 0 1 0 0
/m/057xkj_ /american_football/football_team/current_roster./american_football/football_roster_position/position /m/02g_6x 56 5 0 1 0 0
/m/05gg4 /american_football/football_team/current_roster./american_football/football_roster_position/position /m/04nfpk 15 1 0 1 0 1
/m/05g3b /american_football/football_team/current_roster./american_football/football_roster_position/position /m/02g_7z 25 3 0 1 0 0
