/m/09qwmm /award/award_category/winners./award/award_honor/award_winner /m/0794g 7 1 1 1 0 1
/m/03t5n3 /award/award_category/winners./award/award_honor/award_winner /m/01ws9n6 1 1 1 1 1 1
/m/02py7pj /award/award_category/winners./award/award_honor/award_winner /m/0bw6y 2 1 1 1 0 1
/m/01by1l /award/award_category/winners./award/award_honor/award_winner /m/0gdh5 4 1 1 1 0 1
/m/01by1l /award/award_category/winners./award/award_honor/award_winner /m/033s6 1 1 1 1 1 1
/m/02f77y /award/award_category/winners./award/award_honor/award_winner /m/01vrt_c 3 1 1 1 0 1
/m/0gqwc /award/award_category/winners./award/award_honor/award_winner /m/0h1nt 3 1 1 1 0 1
/m/03tk6z /award/award_category/winners./award/award_honor/award_winner /m/0qf11 1 1 1 1 1 1
/m/0bdwft /award/award_category/winners./award/award_honor/award_winner /m/019l68 4 3 1 1 0 0
/m/02h3d1 /award/award_category/winners./award/award_honor/award_winner /m/024yxd 2 1 1 1 0 1
/m/0gs96 /award/award_category/winners./award/award_honor/award_winner /m/0gl88b 1 1 1 1 1 1
/m/01cw51 /award/award_category/winners./award/award_honor/award_winner /m/01k_mc 3 1 1 1 0 1
/m/02x4wb /award/award_category/winners./award/award_honor/award_winner /m/01czx 1 1 1 1 1 1
/m/027c924 /award/award_category/winners./award/award_honor/award_winner /m/04sry 7 1 1 1 0 1
/m/0fc9js /award/award_category/winners./award/award_honor/award_winner /m/0p_2r 2 1 1 1 0 1
/m/0ck27z /award/award_category/winners./award/award_honor/award_winner /m/02qflgv 1 1 1 1 1 1
/m/0ck27z /award/award_category/winners./award/award_honor/award_winner /m/0bd2n4 1 1 1 1 1 1
/m/0gq9h /award/award_category/winners./award/award_honor/award_winner /m/0k9ctht 1 1 1 1 1 1
/m/03qbh5 /award/award_category/winners./award/award_honor/award_winner /m/07s3vqk 1 1 1 1 1 1
/m/09d28z /award/award_category/winners./award/award_honor/award_winner /m/0gs1_ 4 1 1 1 0 1
/m/0fbvqf /award/award_category/winners./award/award_honor/award_winner /m/0335fp 2 1 1 1 0 1
/m/02kgb7 /award/award_category/winners./award/award_honor/award_winner /m/04wqr 11277 11277 0 0 0 0
/m/0bs0bh /award/award_category/winners./award/award_honor/award_winner /m/015rhv 2 1 1 1 0 1
/m/0m7yy /award/award_category/winners./award/award_honor/award_winner /m/087c7 1 1 1 1 1 1
/m/01c99j /award/award_category/winners./award/award_honor/award_winner /m/01vt9p3 2 1 1 1 0 1
/m/0cqhk0 /award/award_category/winners./award/award_honor/award_winner /m/0404wqb 1 1 1 1 1 1
/m/0gs9p /award/award_category/winners./award/award_honor/award_winner /m/04sry 11 1 0 1 0 1
/m/02wkmx /award/award_category/winners./award/award_honor/award_winner /m/0kft 4 1 1 1 0 1
/m/01by1l /award/award_category/winners./award/award_honor/award_winner /m/06x4l_ 1 1 1 1 1 1
/m/01c427 /award/award_category/winners./award/award_honor/award_winner /m/02h9_l 2 1 1 1 0 1
/m/01c427 /award/award_category/winners./award/award_honor/award_winner /m/026spg 3 1 1 1 0 1
/m/0bdwft /award/award_category/winners./award/award_honor/award_winner /m/0h0wc 1 1 1 1 1 1
/m/02x17c2 /award/award_category/winners./award/award_honor/award_winner /m/01gf5h 1 1 1 1 1 1
/m/047xyn /award/award_category/winners./award/award_honor/award_winner /m/02y49 3 1 1 1 0 1
/m/09sb52 /award/award_category/winners./award/award_honor/award_winner /m/0svqs 1 1 1 1 1 1
/m/09sb52 /award/award_category/winners./award/award_honor/award_winner /m/0154qm 1 1 1 1 1 1
/m/09sb52 /award/award_category/winners./award/award_honor/award_winner /m/0kjgl 1 1 1 1 1 1
/m/09sb52 /award/award_category/winners./award/award_honor/award_winner /m/028r4y 1 1 1 1 1 1
/m/02gm9n /award/award_category/winners./award/award_honor/award_winner /m/0407f 2 1 1 1 0 1
/m/0gqyl /award/award_category/winners./award/award_honor/award_winner /m/04znsy 3 1 1 1 0 1
/m/02y_rq5 /award/award_category/winners./award/award_honor/award_winner /m/0n6f8 7 2 1 1 0 0
/m/02y_rq5 /award/award_category/winners./award/award_honor/award_winner /m/04r7p 1 1 1 1 1 1
/m/03nqnk3 /award/award_category/winners./award/award_honor/award_winner /m/06mn7 2 1 1 1 0 1
/m/02flpq /award/award_category/winners./award/award_honor/award_winner /m/01kp_1t 1 1 1 1 1 1
/m/0bp_b2 /award/award_category/winners./award/award_honor/award_winner /m/015qq1 1 1 1 1 1 1
/m/03tcnt /award/award_category/winners./award/award_honor/award_winner /m/023p29 5 1 1 1 0 1
/m/02qvyrt /award/award_category/winners./award/award_honor/award_winner /m/02z81h 1 1 1 1 1 1
/m/02x4x18 /award/award_category/winners./award/award_honor/award_winner /m/01p7yb 2 1 1 1 0 1
/m/01lk0l /award/award_category/winners./award/award_honor/award_winner /m/03m9c8 1 1 1 1 1 1
/m/0265wl /award/award_category/winners./award/award_honor/award_winner /m/02y49 1 1 1 1 1 1
/m/05h5nb8 /award/award_category/winners./award/award_honor/award_winner /m/02fcs2 2 1 1 1 0 1
/m/02qkk9_ /award/award_category/winners./award/award_honor/award_winner /m/0g476 5 1 1 1 0 1
/m/0bb57s /award/award_category/winners./award/award_honor/award_winner /m/031sg0 1 1 1 1 1 1
/m/05f4m9q /award/award_category/winners./award/award_honor/award_winner /m/02rk45 3 1 1 1 0 1
/m/02wkmx /award/award_category/winners./award/award_honor/award_winner /m/02vyw 5 1 1 1 0 1
/m/02z0dfh /award/award_category/winners./award/award_honor/award_winner /m/014g22 3 1 1 1 0 1
/m/03rbj2 /award/award_category/winners./award/award_honor/award_winner /m/03t8v3 1 1 1 1 1 1
/m/03tk6z /award/award_category/winners./award/award_honor/award_winner /m/02qlg7s 4 1 1 1 0 1
/m/027b9ly /award/award_category/winners./award/award_honor/award_winner /m/0js9s 11 1 0 1 0 1
/m/02x17c2 /award/award_category/winners./award/award_honor/award_winner /m/0c3p7 7 3 1 1 0 0
/m/04fgkf_ /award/award_category/winners./award/award_honor/award_winner /m/0grwj 2 1 1 1 0 1
/m/02x1dht /award/award_category/winners./award/award_honor/award_winner /m/01_f_5 7 1 1 1 0 1
/m/0cqhmg /award/award_category/winners./award/award_honor/award_winner /m/01dw4q 2 1 1 1 0 1
/m/0fbtbt /award/award_category/winners./award/award_honor/award_winner /m/01d8yn 1 1 1 1 1 1
/m/0fbtbt /award/award_category/winners./award/award_honor/award_winner /m/056wb 1 1 1 1 1 1
/m/031b3h /award/award_category/winners./award/award_honor/award_winner /m/01f2q5 1 1 1 1 1 1
/m/040njc /award/award_category/winners./award/award_honor/award_winner /m/0b_dh 2 1 1 1 0 1
/m/0drtkx /award/award_category/winners./award/award_honor/award_winner /m/06pj8 16 1 0 1 0 1
/m/027986c /award/award_category/winners./award/award_honor/award_winner /m/0bwh6 6 1 1 1 0 1
/m/03nc9d /award/award_category/winners./award/award_honor/award_winner /m/026spg 4 1 1 1 0 1
/m/03qbh5 /award/award_category/winners./award/award_honor/award_winner /m/01vsykc 1 1 1 1 1 1
/m/03t5b6 /award/award_category/winners./award/award_honor/award_winner /m/01wgfp6 1 1 1 1 1 1
/m/026m9w /award/award_category/winners./award/award_honor/award_winner /m/0x3b7 2 1 1 1 0 1
/m/026m9w /award/award_category/winners./award/award_honor/award_winner /m/01h5f8 2 1 1 1 0 1
/m/04kxsb /award/award_category/winners./award/award_honor/award_winner /m/02y_2y 1 1 1 1 1 1
/m/02f72n /award/award_category/winners./award/award_honor/award_winner /m/07r1_ 2 1 1 1 0 1
/m/05zr6wv /award/award_category/winners./award/award_honor/award_winner /m/011zd3 3 1 1 1 0 1
/m/027dtxw /award/award_category/winners./award/award_honor/award_winner /m/02bfmn 2 2 1 1 0 0
/m/0cqh46 /award/award_category/winners./award/award_honor/award_winner /m/0127m7 10 1 1 1 0 1
/m/09v8db5 /award/award_category/winners./award/award_honor/award_winner /m/065d1h 1 1 1 1 1 1
/m/01d38g /award/award_category/winners./award/award_honor/award_winner /m/015bwt 2 1 1 1 0 1
/m/05f4m9q /award/award_category/winners./award/award_honor/award_winner /m/084m3 5 1 1 1 0 1
/m/01l29r /award/award_category/winners./award/award_honor/award_winner /m/026g4l_ 1 1 1 1 1 1
/m/02pqp12 /award/award_category/winners./award/award_honor/award_winner /m/013tcv 2 1 1 1 0 1
/m/0gr51 /award/award_category/winners./award/award_honor/award_winner /m/05mcjs 2 1 1 1 0 1
/m/02581q /award/award_category/winners./award/award_honor/award_winner /m/03xgm3 2 1 1 1 0 1
/m/03rbj2 /award/award_category/winners./award/award_honor/award_winner /m/0cvbb9q 1 1 1 1 1 1
/m/0gqwc /award/award_category/winners./award/award_honor/award_winner /m/0bmh4 1 1 1 1 1 1
/m/0262zm /award/award_category/winners./award/award_honor/award_winner /m/0jt86 2 1 1 1 0 1
/m/027cyf7 /award/award_category/winners./award/award_honor/award_winner /m/01r93l 1 1 1 1 1 1
/m/0f4x7 /award/award_category/winners./award/award_honor/award_winner /m/0l786 1 1 1 1 1 1
/m/099vwn /award/award_category/winners./award/award_honor/award_winner /m/01vvpjj 2 1 1 1 0 1
/m/0gqz2 /award/award_category/winners./award/award_honor/award_winner /m/012x4t 8 1 1 1 0 1
/m/0gqyl /award/award_category/winners./award/award_honor/award_winner /m/0hsn_ 1 1 1 1 1 1
/m/03qgjwc /award/award_category/winners./award/award_honor/award_winner /m/04znsy 1 1 1 1 1 1
/m/04dn09n /award/award_category/winners./award/award_honor/award_winner /m/02vyw 7 1 1 1 0 1
/m/027c924 /award/award_category/winners./award/award_honor/award_winner /m/01_vfy 2 1 1 1 0 1
/m/02f73b /award/award_category/winners./award/award_honor/award_winner /m/0478__m 3 1 1 1 0 1
/m/02x4x18 /award/award_category/winners./award/award_honor/award_winner /m/01cyjx 2 2 1 1 0 0
/m/0gq9h /award/award_category/winners./award/award_honor/award_winner /m/05ldnp 1 1 1 1 1 1
/m/025m8y /award/award_category/winners./award/award_honor/award_winner /m/020fgy 3 1 1 1 0 1
/m/02g3gj /award/award_category/winners./award/award_honor/award_winner /m/03f5spx 1 1 1 1 1 1
/m/07t_l23 /award/award_category/winners./award/award_honor/award_winner /m/03p9hl 1 1 1 1 1 1
/m/01c4_6 /award/award_category/winners./award/award_honor/award_winner /m/0137g1 2 1 1 1 0 1
/m/02qkk9_ /award/award_category/winners./award/award_honor/award_winner /m/0drc1 4 1 1 1 0 1
/m/01c99j /award/award_category/winners./award/award_honor/award_winner /m/01hgwkr 2 1 1 1 0 1
/m/0l8z1 /award/award_category/winners./award/award_honor/award_winner /m/0150t6 2 1 1 1 0 1
/m/027c95y /award/award_category/winners./award/award_honor/award_winner /m/046qq 3 1 1 1 0 1
/m/0gs9p /award/award_category/winners./award/award_honor/award_winner /m/06pj8 20 4 0 1 0 0
/m/02pqp12 /award/award_category/winners./award/award_honor/award_winner /m/01t07j 1 1 1 1 1 1
/m/03r8v_ /award/award_category/winners./award/award_honor/award_winner /m/06kl0k 1 1 1 1 1 1
/m/01by1l /award/award_category/winners./award/award_honor/award_winner /m/0g10g 2 1 1 1 0 1
/m/0gqwc /award/award_category/winners./award/award_honor/award_winner /m/0c4f4 1 1 1 1 1 1
/m/03x3wf /award/award_category/winners./award/award_honor/award_winner /m/01vsy9_ 5 1 1 1 0 1
/m/02h3d1 /award/award_category/winners./award/award_honor/award_winner /m/0pkgt 2 1 1 1 0 1
/m/0gqmvn /award/award_category/winners./award/award_honor/award_winner /m/02b9g4 1 1 1 1 1 1
/m/024dzn /award/award_category/winners./award/award_honor/award_winner /m/01mv_n 1 1 1 1 1 1
/m/03nqnk3 /award/award_category/winners./award/award_honor/award_winner /m/0c12h 1 1 1 1 1 1
/m/01c9d1 /award/award_category/winners./award/award_honor/award_winner /m/01mskc3 3 2 1 1 0 0
/m/099tbz /award/award_category/winners./award/award_honor/award_winner /m/07m9cm 7 6 1 1 0 0
/m/09qv_s /award/award_category/winners./award/award_honor/award_winner /m/0sz28 1 1 1 1 1 1
/m/07z2lx /award/award_category/winners./award/award_honor/award_winner /m/0bxtg 8 1 1 1 0 1
/m/054krc /award/award_category/winners./award/award_honor/award_winner /m/0csdzz 2 1 1 1 0 1
/m/054ky1 /award/award_category/winners./award/award_honor/award_winner /m/0byfz 7 1 1 1 0 1
/m/094qd5 /award/award_category/winners./award/award_honor/award_winner /m/0chw_ 6 1 1 1 0 1
/m/0cjyzs /award/award_category/winners./award/award_honor/award_winner /m/06w58f 1 1 1 1 1 1
/m/05x2s /award/award_category/winners./award/award_honor/award_winner /m/0821j 2 1 1 1 0 1
/m/0gr4k /award/award_category/winners./award/award_honor/award_winner /m/0171lb 2 1 1 1 0 1
/m/01l78d /award/award_category/winners./award/award_honor/award_winner /m/07h07 1 1 1 1 1 1
/m/0cqhk0 /award/award_category/winners./award/award_honor/award_winner /m/0308kx 1 1 1 1 1 1
/m/0cqhk0 /award/award_category/winners./award/award_honor/award_winner /m/01pcz9 1 1 1 1 1 1
/m/0l8z1 /award/award_category/winners./award/award_honor/award_winner /m/020fgy 1 1 1 1 1 1
/m/0cqh46 /award/award_category/winners./award/award_honor/award_winner /m/016ywr 2 1 1 1 0 1
/m/0fq9zdv /award/award_category/winners./award/award_honor/award_winner /m/049l7 3 1 1 1 0 1
/m/03t5n3 /award/award_category/winners./award/award_honor/award_winner /m/01vsgrn 3 1 1 1 0 1
/m/02py7pj /award/award_category/winners./award/award_honor/award_winner /m/0j582 1 1 1 1 1 1
/m/02wkmx /award/award_category/winners./award/award_honor/award_winner /m/0gv40 4 1 1 1 0 1
/m/02x17s4 /award/award_category/winners./award/award_honor/award_winner /m/02mt4k 2 1 1 1 0 1
/m/07cbcy /award/award_category/winners./award/award_honor/award_winner /m/09b6zr 2 1 1 1 0 1
/m/02ddqh /award/award_category/winners./award/award_honor/award_winner /m/03qmj9 1 1 1 1 1 1
/m/03t5kl /award/award_category/winners./award/award_honor/award_winner /m/01trhmt 1 1 1 1 1 1
/m/027cyf7 /award/award_category/winners./award/award_honor/award_winner /m/07csf4 1 1 1 1 1 1
/m/0gq_d /award/award_category/winners./award/award_honor/award_winner /m/0h005 1 1 1 1 1 1
/m/03qbnj /award/award_category/winners./award/award_honor/award_winner /m/0478__m 1 1 1 1 1 1
/m/0fbtbt /award/award_category/winners./award/award_honor/award_winner /m/09hd16 1 1 1 1 1 1
/m/0fq9zdn /award/award_category/winners./award/award_honor/award_winner /m/0lpjn 5 1 1 1 0 1
/m/09qv_s /award/award_category/winners./award/award_honor/award_winner /m/048lv 5 1 1 1 0 1
/m/02x4x18 /award/award_category/winners./award/award_honor/award_winner /m/0mz73 4 1 1 1 0 1
/m/0gr42 /award/award_category/winners./award/award_honor/award_winner /m/05qd_ 6 1 1 1 0 1
/m/03qbh5 /award/award_category/winners./award/award_honor/award_winner /m/01vrt_c 1 1 1 1 1 1
/m/054ky1 /award/award_category/winners./award/award_honor/award_winner /m/0gyx4 2 1 1 1 0 1
/m/0g9wd99 /award/award_category/winners./award/award_honor/award_winner /m/07lp1 1 1 1 1 1 1
/m/0d085 /award/award_category/winners./award/award_honor/award_winner /m/0hnjt 3 1 1 1 0 1
/m/02gdjb /award/award_category/winners./award/award_honor/award_winner /m/0mjn2 1 1 1 1 1 1
/m/02ppm4q /award/award_category/winners./award/award_honor/award_winner /m/0bdt8 1 1 1 1 1 1
/m/02hgm4 /award/award_category/winners./award/award_honor/award_winner /m/05pdbs 2 1 1 1 0 1
/m/0m7yy /award/award_category/winners./award/award_honor/award_winner /m/031rq5 2 1 1 1 0 1
/m/0bsjcw /award/award_category/winners./award/award_honor/award_winner /m/039x1k 5 1 1 1 0 1
/m/027b9k6 /award/award_category/winners./award/award_honor/award_winner /m/0dvld 4 1 1 1 0 1
/m/027c95y /award/award_category/winners./award/award_honor/award_winner /m/015np0 1 1 1 1 1 1
/m/09lvl1 /award/award_category/winners./award/award_honor/award_winner /m/01nvmd_ 3 2 1 1 0 0
/m/02wkmx /award/award_category/winners./award/award_honor/award_winner /m/01g1lp 4 1 1 1 0 1
/m/0gq_v /award/award_category/winners./award/award_honor/award_winner /m/0fqjks 1 1 1 1 1 1
/m/05qck /award/award_category/winners./award/award_honor/award_winner /m/01m4kpp 2 1 1 1 0 1
/m/09sb52 /award/award_category/winners./award/award_honor/award_winner /m/02s2ft 1 1 1 1 1 1
/m/0789_m /award/award_category/winners./award/award_honor/award_winner /m/0h1_w 2 1 1 1 0 1
/m/024dzn /award/award_category/winners./award/award_honor/award_winner /m/02fgpf 7 1 1 1 0 1
/m/03r8tl /award/award_category/winners./award/award_honor/award_winner /m/087z12 1 1 1 1 1 1
/m/03nqnk3 /award/award_category/winners./award/award_honor/award_winner /m/01tzm9 1 1 1 1 1 1
/m/02x4wb /award/award_category/winners./award/award_honor/award_winner /m/0c9l1 3 1 1 1 0 1
/m/01d38t /award/award_category/winners./award/award_honor/award_winner /m/01vsyg9 1 1 1 1 1 1
/m/037vqt /award/award_category/winners./award/award_honor/award_winner /m/03cvfg 2 1 1 1 0 1
/m/02f6ym /award/award_category/winners./award/award_honor/award_winner /m/01svw8n 2 1 1 1 0 1
/m/02rdyk7 /award/award_category/winners./award/award_honor/award_winner /m/09qc1 2 1 1 1 0 1
/m/0g9wd99 /award/award_category/winners./award/award_honor/award_winner /m/0n6kf 4 2 1 1 0 0
/m/02681vq /award/award_category/winners./award/award_honor/award_winner /m/03c602 2 1 1 1 0 1
/m/0ddd9 /award/award_category/winners./award/award_honor/award_winner /m/073v6 2 1 1 1 0 1
/m/05zrvfd /award/award_category/winners./award/award_honor/award_winner /m/049g_xj 4 3 1 1 0 0
/m/02x73k6 /award/award_category/winners./award/award_honor/award_winner /m/02mjf2 1 1 1 1 1 1
/m/01f7d /award/award_category/winners./award/award_honor/award_winner /m/0gd5z 2 1 1 1 0 1
/m/05f4m9q /award/award_category/winners./award/award_honor/award_winner /m/0gn30 2 1 1 1 0 1
/m/05kjlr /award/award_category/winners./award/award_honor/award_winner /m/05fg2 1 1 1 1 1 1
/m/04686_j /award/award_category/winners./award/award_honor/award_winner /m/05x8n 1 1 1 1 1 1
/m/09sb52 /award/award_category/winners./award/award_honor/award_winner /m/0dgskx 1 1 1 1 1 1
/m/03qbnj /award/award_category/winners./award/award_honor/award_winner /m/025ldg 3 1 1 1 0 1
/m/04ljl_l /award/award_category/winners./award/award_honor/award_winner /m/04m064 2 1 1 1 0 1
/m/02f716 /award/award_category/winners./award/award_honor/award_winner /m/0ycfj 1 1 1 1 1 1
/m/03r8tl /award/award_category/winners./award/award_honor/award_winner /m/0tj9 2 1 1 1 0 1
/m/05p09zm /award/award_category/winners./award/award_honor/award_winner /m/01pgzn_ 3 1 1 1 0 1
/m/02g2wv /award/award_category/winners./award/award_honor/award_winner /m/01mt1fy 1 1 1 1 1 1
/m/02z13jg /award/award_category/winners./award/award_honor/award_winner /m/01kwsg 4 1 1 1 0 1
/m/02f71y /award/award_category/winners./award/award_honor/award_winner /m/0478__m 7 1 1 1 0 1
/m/0gr0m /award/award_category/winners./award/award_honor/award_winner /m/07xr3w 1 1 1 1 1 1
/m/0m7yy /award/award_category/winners./award/award_honor/award_winner /m/01l87db 0 0 0 0
/m/02681vq /award/award_category/winners./award/award_honor/award_winner /m/05crg7 4 1 1 1 0 1
/m/01f7d /award/award_category/winners./award/award_honor/award_winner /m/01x53m 1 1 1 1 1 1
/m/0gs9p /award/award_category/winners./award/award_honor/award_winner /m/05tjm3 1 1 1 1 1 1
/m/0bdw6t /award/award_category/winners./award/award_honor/award_winner /m/05fnl9 2 1 1 1 0 1
/m/05qck /award/award_category/winners./award/award_honor/award_winner /m/034ls 9407 9407 0 0 0 0
/m/02z0dfh /award/award_category/winners./award/award_honor/award_winner /m/0hsn_ 2 1 1 1 0 1
/m/01c427 /award/award_category/winners./award/award_honor/award_winner /m/07c0j 5 1 1 1 0 1
/m/02581q /award/award_category/winners./award/award_honor/award_winner /m/07z542 1 1 1 1 1 1
/m/025m8l /award/award_category/winners./award/award_honor/award_winner /m/028k57 1 1 1 1 1 1
/m/02nhxf /award/award_category/winners./award/award_honor/award_winner /m/02jqjm 2 1 1 1 0 1
/m/03qbnj /award/award_category/winners./award/award_honor/award_winner /m/04vrxh 1 1 1 1 1 1
/m/06196 /award/award_category/winners./award/award_honor/award_winner /m/06hgj 1 1 1 1 1 1
/m/02z13jg /award/award_category/winners./award/award_honor/award_winner /m/03jj93 1 1 1 1 1 1
/m/0cqgl9 /award/award_category/winners./award/award_honor/award_winner /m/01jmv8 4 1 1 1 0 1
/m/02wypbh /award/award_category/winners./award/award_honor/award_winner /m/041jlr 3 1 1 1 0 1
/m/0ck27z /award/award_category/winners./award/award_honor/award_winner /m/027n4zv 1 1 1 1 1 1
/m/02f6ym /award/award_category/winners./award/award_honor/award_winner /m/047sxrj 2 1 1 1 0 1
/m/02rdyk7 /award/award_category/winners./award/award_honor/award_winner /m/027zz 2 1 1 1 0 1
/m/03t5b6 /award/award_category/winners./award/award_honor/award_winner /m/0147dk 3 1 1 1 0 1
/m/0bs0bh /award/award_category/winners./award/award_honor/award_winner /m/01yk13 3 1 1 1 0 1
/m/02gdjb /award/award_category/winners./award/award_honor/award_winner /m/01vttb9 11 2 0 1 0 0
/m/02ppm4q /award/award_category/winners./award/award_honor/award_winner /m/027f7dj 2 1 1 1 0 1
/m/02f5qb /award/award_category/winners./award/award_honor/award_winner /m/0178kd 1 1 1 1 1 1
/m/01by1l /award/award_category/winners./award/award_honor/award_winner /m/02r4qs 4 1 1 1 0 1
/m/02f75t /award/award_category/winners./award/award_honor/award_winner /m/0126y2 1 1 1 1 1 1
/m/0gr51 /award/award_category/winners./award/award_honor/award_winner /m/0499lc 2 1 1 1 0 1
/m/0gr51 /award/award_category/winners./award/award_honor/award_winner /m/023w9s 1 1 1 1 1 1
/m/027b9ly /award/award_category/winners./award/award_honor/award_winner /m/06pj8 12 1 0 1 0 1
/m/0f4x7 /award/award_category/winners./award/award_honor/award_winner /m/0h1_w 1 1 1 1 1 1
/m/01bgqh /award/award_category/winners./award/award_honor/award_winner /m/02qlg7s 2 1 1 1 0 1
/m/01bgqh /award/award_category/winners./award/award_honor/award_winner /m/01kd57 3 1 1 1 0 1
/m/02f73p /award/award_category/winners./award/award_honor/award_winner /m/01j4ls 1 1 1 1 1 1
/m/0cqgl9 /award/award_category/winners./award/award_honor/award_winner /m/01kb2j 2 1 1 1 0 1
/m/02x4sn8 /award/award_category/winners./award/award_honor/award_winner /m/01g1lp 2 1 1 1 0 1
/m/09d28z /award/award_category/winners./award/award_honor/award_winner /m/081lh 13 3 0 1 0 0
/m/01lk0l /award/award_category/winners./award/award_honor/award_winner /m/0fvf9q 2 1 1 1 0 1
/m/0cqhk0 /award/award_category/winners./award/award_honor/award_winner /m/07sgfsl 1 1 1 1 1 1
/m/09qv3c /award/award_category/winners./award/award_honor/award_winner /m/05bpg3 2 2 1 1 0 0
/m/02wkmx /award/award_category/winners./award/award_honor/award_winner /m/04k25 1 1 1 1 1 1
/m/03c7tr1 /award/award_category/winners./award/award_honor/award_winner /m/017m2y 1 1 1 1 1 1
/m/068gn /award/award_category/winners./award/award_honor/award_winner /m/021sv1 1 1 1 1 1 1
/m/02z0dfh /award/award_category/winners./award/award_honor/award_winner /m/01j5ts 1 1 1 1 1 1
/m/03t5kl /award/award_category/winners./award/award_honor/award_winner /m/01vx5w7 2 1 1 1 0 1
/m/09sb52 /award/award_category/winners./award/award_honor/award_winner /m/015rkw 1 1 1 1 1 1
/m/01bgqh /award/award_category/winners./award/award_honor/award_winner /m/01cwhp 2 1 1 1 0 1
/m/01bgqh /award/award_category/winners./award/award_honor/award_winner /m/02z4b_8 8 1 1 1 0 1
/m/0bfvw2 /award/award_category/winners./award/award_honor/award_winner /m/02g9z1 1 1 1 1 1 1
/m/0bfvw2 /award/award_category/winners./award/award_honor/award_winner /m/01gvxv 1 1 1 1 1 1
/m/031b3h /award/award_category/winners./award/award_honor/award_winner /m/016732 3 1 1 1 0 1
/m/01cw7s /award/award_category/winners./award/award_honor/award_winner /m/01w7nww 4 1 1 1 0 1
/m/0cqgl9 /award/award_category/winners./award/award_honor/award_winner /m/0h32q 5 1 1 1 0 1
/m/0ck27z /award/award_category/winners./award/award_honor/award_winner /m/0k2mxq 1 1 1 1 1 1
/m/01cky2 /award/award_category/winners./award/award_honor/award_winner /m/01wgfp6 3 2 1 1 0 0
/m/0gqy2 /award/award_category/winners./award/award_honor/award_winner /m/02_fj 1 1 1 1 1 1
/m/01ckrr /award/award_category/winners./award/award_honor/award_winner /m/07sbk 2 1 1 1 0 1
/m/03c7tr1 /award/award_category/winners./award/award_honor/award_winner /m/029ghl 1 1 1 1 1 1
/m/018wng /award/award_category/winners./award/award_honor/award_winner /m/09p0q 1 1 1 1 1 1
/m/0gq_d /award/award_category/winners./award/award_honor/award_winner /m/04jspq 2 1 1 1 0 1
/m/05pcn59 /award/award_category/winners./award/award_honor/award_winner /m/03n08b 1 1 1 1 1 1
/m/09sb52 /award/award_category/winners./award/award_honor/award_winner /m/01_njt 1 1 1 1 1 1
/m/026fn29 /award/award_category/winners./award/award_honor/award_winner /m/0lrh 1 1 1 1 1 1
/m/0gqz2 /award/award_category/winners./award/award_honor/award_winner /m/03n0pv 2 1 1 1 0 1
/m/024dzn /award/award_category/winners./award/award_honor/award_winner /m/014zfs 1 1 1 1 1 1
/m/09qrn4 /award/award_category/winners./award/award_honor/award_winner /m/0338g8 1 1 1 1 1 1
/m/0fbtbt /award/award_category/winners./award/award_honor/award_winner /m/03cbtlj 1 1 1 1 1 1
/m/02g2wv /award/award_category/winners./award/award_honor/award_winner /m/0147dk 2 1 1 1 0 1
/m/02f6yz /award/award_category/winners./award/award_honor/award_winner /m/0kr_t 6 1 1 1 0 1
/m/02f764 /award/award_category/winners./award/award_honor/award_winner /m/01vvyvk 5 1 1 1 0 1
/m/057xs89 /award/award_category/winners./award/award_honor/award_winner /m/0j5q3 2 1 1 1 0 1
/m/0ck27z /award/award_category/winners./award/award_honor/award_winner /m/0263tn1 1 1 1 1 1 1
/m/05p1dby /award/award_category/winners./award/award_honor/award_winner /m/04f525m 1 1 1 1 1 1
/m/02q1tc5 /award/award_category/winners./award/award_honor/award_winner /m/0646qh 1 1 1 1 1 1
/m/02f6ym /award/award_category/winners./award/award_honor/award_winner /m/0dl567 2 1 1 1 0 1
/m/02g3gj /award/award_category/winners./award/award_honor/award_winner /m/03j1p2n 2 1 1 1 0 1
/m/02f72_ /award/award_category/winners./award/award_honor/award_winner /m/0b1zz 1 1 1 1 1 1
/m/054ks3 /award/award_category/winners./award/award_honor/award_winner /m/012x4t 12 3 0 1 0 0
/m/0cjyzs /award/award_category/winners./award/award_honor/award_winner /m/02773nt 1 1 1 1 1 1
/m/0cjyzs /award/award_category/winners./award/award_honor/award_winner /m/03fg0r 2 1 1 1 0 1
/m/01ckrr /award/award_category/winners./award/award_honor/award_winner /m/01kh2m1 1 1 1 1 1 1
/m/02x73k6 /award/award_category/winners./award/award_honor/award_winner /m/016ggh 4 1 1 1 0 1
/m/024_fw /award/award_category/winners./award/award_honor/award_winner /m/0hl3d 1 1 1 1 1 1
/m/02py7pj /award/award_category/winners./award/award_honor/award_winner /m/0k9j_ 19 16 0 0 0 0
/m/027c95y /award/award_category/winners./award/award_honor/award_winner /m/0h0jz 3 1 1 1 0 1
/m/02grdc /award/award_category/winners./award/award_honor/award_winner /m/0d06m5 1 1 1 1 1 1
/m/04fgzb0 /award/award_category/winners./award/award_honor/award_winner /m/01zlh5 1 1 1 1 1 1
/m/04fgzb0 /award/award_category/winners./award/award_honor/award_winner /m/01n1gc 1 1 1 1 1 1
/m/02n9nmz /award/award_category/winners./award/award_honor/award_winner /m/02pv_d 5 1 1 1 0 1
/m/02f5qb /award/award_category/winners./award/award_honor/award_winner /m/0dvqq 7 2 1 1 0 0
/m/099jhq /award/award_category/winners./award/award_honor/award_winner /m/0237fw 3 1 1 1 0 1
/m/025m8l /award/award_category/winners./award/award_honor/award_winner /m/0178rl 7 4 1 1 0 0
/m/09sb52 /award/award_category/winners./award/award_honor/award_winner /m/028knk 1 1 1 1 1 1
/m/024dzn /award/award_category/winners./award/award_honor/award_winner /m/01vb403 1 1 1 1 1 1
/m/02w9sd7 /award/award_category/winners./award/award_honor/award_winner /m/01cj6y 2 1 1 1 0 1
/m/01dpdh /award/award_category/winners./award/award_honor/award_winner /m/016z1t 2 1 1 1 0 1
/m/01cky2 /award/award_category/winners./award/award_honor/award_winner /m/0770cd 2 2 1 1 0 0
/m/09cm54 /award/award_category/winners./award/award_honor/award_winner /m/0170pk 6 1 1 1 0 1
/m/02f71y /award/award_category/winners./award/award_honor/award_winner /m/07ss8_ 1 1 1 1 1 1
/m/0265wl /award/award_category/winners./award/award_honor/award_winner /m/0klw 3 1 1 1 0 1
/m/0gr4k /award/award_category/winners./award/award_honor/award_winner /m/03cdg 2 1 1 1 0 1
/m/02f79n /award/award_category/winners./award/award_honor/award_winner /m/0x3n 1 1 1 1 1 1
/m/01ckrr /award/award_category/winners./award/award_honor/award_winner /m/0frsw 3 1 1 1 0 1
/m/02hgm4 /award/award_category/winners./award/award_honor/award_winner /m/01m3x5p 3 1 1 1 0 1
/m/027b9j5 /award/award_category/winners./award/award_honor/award_winner /m/0b_dy 6 1 1 1 0 1
/m/02grdc /award/award_category/winners./award/award_honor/award_winner /m/0gpmp 1 1 1 1 1 1
/m/09qv3c /award/award_category/winners./award/award_honor/award_winner /m/02g5h5 2 1 1 1 0 1
/m/02wkmx /award/award_category/winners./award/award_honor/award_winner /m/049l7 1 1 1 1 1 1
/m/02z0dfh /award/award_category/winners./award/award_honor/award_winner /m/01jmv8 2 1 1 1 0 1
/m/05f3q /award/award_category/winners./award/award_honor/award_winner /m/07t65 1 1 1 1 1 1
/m/09sb52 /award/award_category/winners./award/award_honor/award_winner /m/017149 4 1 1 1 0 1
/m/09sb52 /award/award_category/winners./award/award_honor/award_winner /m/0f4dx2 1 1 1 1 1 1
/m/0gkr9q /award/award_category/winners./award/award_honor/award_winner /m/04sry 5 1 1 1 0 1
/m/0789_m /award/award_category/winners./award/award_honor/award_winner /m/0170pk 12 2 0 1 0 0
/m/0dt39 /award/award_category/winners./award/award_honor/award_winner /m/06crk 1 1 1 1 1 1
/m/0bfvd4 /award/award_category/winners./award/award_honor/award_winner /m/02xs5v 1 1 1 1 1 1
/m/02z1nbg /award/award_category/winners./award/award_honor/award_winner /m/0chw_ 5 1 1 1 0 1
/m/02sp_v /award/award_category/winners./award/award_honor/award_winner /m/0lbj1 1 1 1 1 1 1
/m/03tcnt /award/award_category/winners./award/award_honor/award_winner /m/0gdh5 4 1 1 1 0 1
/m/09qj50 /award/award_category/winners./award/award_honor/award_winner /m/0pz7h 4 1 1 1 0 1
/m/01cky2 /award/award_category/winners./award/award_honor/award_winner /m/01w7nww 1 1 1 1 1 1
/m/01yz0x /award/award_category/winners./award/award_honor/award_winner /m/06bng 3 1 1 1 0 1
/m/026mfs /award/award_category/winners./award/award_honor/award_winner /m/01wmgrf 1 1 1 1 1 1
/m/04kxsb /award/award_category/winners./award/award_honor/award_winner /m/016xh5 1 1 1 1 1 1
/m/02x17c2 /award/award_category/winners./award/award_honor/award_winner /m/0178rl 2 1 1 1 0 1
/m/0cc8l6d /award/award_category/winners./award/award_honor/award_winner /m/062cg6 1 1 1 1 1 1
/m/07bdd_ /award/award_category/winners./award/award_honor/award_winner /m/027z0pl 1 1 1 1 1 1
/m/0bfvd4 /award/award_category/winners./award/award_honor/award_winner /m/016ywr 1 1 1 1 1 1
/m/0gqz2 /award/award_category/winners./award/award_honor/award_winner /m/024yxd 1 1 1 1 1 1
/m/04ljl_l /award/award_category/winners./award/award_honor/award_winner /m/01nr63 1 1 1 1 1 1
/m/09td7p /award/award_category/winners./award/award_honor/award_winner /m/04wx2v 2 1 1 1 0 1
/m/02x4wb /award/award_category/winners./award/award_honor/award_winner /m/04rcr 2 1 1 1 0 1
/m/02ddq4 /award/award_category/winners./award/award_honor/award_winner /m/01x15dc 5 1 1 1 0 1
/m/099tbz /award/award_category/winners./award/award_honor/award_winner /m/0336mc 8 7 1 1 0 0
/m/02wypbh /award/award_category/winners./award/award_honor/award_winner /m/03s9b 5 1 1 1 0 1
/m/0ck27z /award/award_category/winners./award/award_honor/award_winner /m/03_l8m 1 1 1 1 1 1
/m/02q1tc5 /award/award_category/winners./award/award_honor/award_winner /m/03ckxdg 1 1 1 1 1 1
/m/02x4sn8 /award/award_category/winners./award/award_honor/award_winner /m/01_f_5 2 1 1 1 0 1
/m/054krc /award/award_category/winners./award/award_honor/award_winner /m/01pr6q7 1 1 1 1 1 1
/m/054ks3 /award/award_category/winners./award/award_honor/award_winner /m/01vttb9 2 1 1 1 0 1
/m/0gr0m /award/award_category/winners./award/award_honor/award_winner /m/070bjw 1 1 1 1 1 1
/m/0gr4k /award/award_category/winners./award/award_honor/award_winner /m/0dbbz 3 1 1 1 0 1
/m/05zr6wv /award/award_category/winners./award/award_honor/award_winner /m/0205dx 1 1 1 1 1 1
/m/0cqhk0 /award/award_category/winners./award/award_honor/award_winner /m/0783m_ 1 1 1 1 1 1
/m/0bsjcw /award/award_category/winners./award/award_honor/award_winner /m/02z1yj 1 1 1 1 1 1
/m/01ck6h /award/award_category/winners./award/award_honor/award_winner /m/02qwg 3 1 1 1 0 1
/m/02wkmx /award/award_category/winners./award/award_honor/award_winner /m/033rq 1 1 1 1 1 1
/m/01by1l /award/award_category/winners./award/award_honor/award_winner /m/01kd57 1 1 1 1 1 1
/m/027cyf7 /award/award_category/winners./award/award_honor/award_winner /m/09fb5 6 1 1 1 0 1
/m/05pcn59 /award/award_category/winners./award/award_honor/award_winner /m/02js6_ 1 1 1 1 1 1
/m/02nhxf /award/award_category/winners./award/award_honor/award_winner /m/02_jkc 5 1 1 1 0 1
/m/09sb52 /award/award_category/winners./award/award_honor/award_winner /m/0bxtg 9 1 1 1 0 1
/m/01bgqh /award/award_category/winners./award/award_honor/award_winner /m/0b_j2 2 1 1 1 0 1
/m/0gs96 /award/award_category/winners./award/award_honor/award_winner /m/0dck27 1 1 1 1 1 1
/m/02w9sd7 /award/award_category/winners./award/award_honor/award_winner /m/02y_2y 1 1 1 1 1 1
/m/02w9sd7 /award/award_category/winners./award/award_honor/award_winner /m/015qt5 3 2 1 1 0 0
/m/01cw7s /award/award_category/winners./award/award_honor/award_winner /m/012vd6 2 1 1 1 0 1
/m/02qvyrt /award/award_category/winners./award/award_honor/award_winner /m/01gg59 8 3 1 1 0 0
/m/05b1610 /award/award_category/winners./award/award_honor/award_winner /m/058frd 2 1 1 1 0 1
/m/02x4wr9 /award/award_category/winners./award/award_honor/award_winner /m/06t8b 8 4 1 1 0 0
/m/02w_6xj /award/award_category/winners./award/award_honor/award_winner /m/02pv_d 7 1 1 1 0 1
/m/0gqy2 /award/award_category/winners./award/award_honor/award_winner /m/0b_fw 1 1 1 1 1 1
/m/01ckcd /award/award_category/winners./award/award_honor/award_winner /m/0kr_t 4 1 1 1 0 1
/m/0cqhk0 /award/award_category/winners./award/award_honor/award_winner /m/016tbr 1 1 1 1 1 1
/m/01by1l /award/award_category/winners./award/award_honor/award_winner /m/02_jkc 1 1 1 1 1 1
/m/01by1l /award/award_category/winners./award/award_honor/award_winner /m/0k7pf 2 1 1 1 0 1
/m/026rsl9 /award/award_category/winners./award/award_honor/award_winner /m/03x82v 1 1 1 1 1 1
/m/0gqwc /award/award_category/winners./award/award_honor/award_winner /m/04rfq 1 1 1 1 1 1
/m/09sb52 /award/award_category/winners./award/award_honor/award_winner /m/07rhpg 2 2 1 1 0 0
/m/02nbqh /award/award_category/winners./award/award_honor/award_winner /m/02pbrn 2 1 1 1 0 1
/m/0bdwqv /award/award_category/winners./award/award_honor/award_winner /m/015gsv 1 1 1 1 1 1
/m/04ljl_l /award/award_category/winners./award/award_honor/award_winner /m/0jrqq 1 1 1 1 1 1
/m/02y_rq5 /award/award_category/winners./award/award_honor/award_winner /m/0159h6 7 2 1 1 0 0
/m/01d38t /award/award_category/winners./award/award_honor/award_winner /m/0d193h 2 1 1 1 0 1
/m/02f6yz /award/award_category/winners./award/award_honor/award_winner /m/0dw4g 5 1 1 1 0 1
/m/02f73b /award/award_category/winners./award/award_honor/award_winner /m/016t0h 2 1 1 1 0 1
/m/099tbz /award/award_category/winners./award/award_honor/award_winner /m/02tr7d 3 1 1 1 0 1
/m/08_vwq /award/award_category/winners./award/award_honor/award_winner /m/01gbb4 4 3 1 1 0 0
/m/0gq9h /award/award_category/winners./award/award_honor/award_winner /m/03xp8d5 2 1 1 1 0 1
/m/01yz0x /award/award_category/winners./award/award_honor/award_winner /m/05cv8 4 1 1 1 0 1
/m/0b6k___ /award/award_category/winners./award/award_honor/award_winner /m/05b1062 1 1 1 1 1 1
/m/054ky1 /award/award_category/winners./award/award_honor/award_winner /m/01t9qj_ 1 1 1 1 1 1
/m/0fbvqf /award/award_category/winners./award/award_honor/award_winner /m/03pp73 3 1 1 1 0 1
/m/0gr0m /award/award_category/winners./award/award_honor/award_winner /m/07mb57 1 1 1 1 1 1
/m/0ddd9 /award/award_category/winners./award/award_honor/award_winner /m/02kz_ 1 1 1 1 1 1
/m/0789r6 /award/award_category/winners./award/award_honor/award_winner /m/01ts_3 3 1 1 1 0 1
/m/0gs9p /award/award_category/winners./award/award_honor/award_winner /m/01p87y 5 1 1 1 0 1
/m/02f5qb /award/award_category/winners./award/award_honor/award_winner /m/046p9 2 1 1 1 0 1
/m/04686_j /award/award_category/winners./award/award_honor/award_winner /m/07d3x 5 3 1 1 0 0
/m/020qjg /award/award_category/winners./award/award_honor/award_winner /m/0jcx 2 1 1 1 0 1
/m/09v4bym /award/award_category/winners./award/award_honor/award_winner /m/069_0y 1 1 1 1 1 1
/m/02r0d0 /award/award_category/winners./award/award_honor/award_winner /m/098sx 3 1 1 1 0 1
/m/05f3q /award/award_category/winners./award/award_honor/award_winner /m/08849 1 1 1 1 1 1
/m/09sb52 /award/award_category/winners./award/award_honor/award_winner /m/0b_dy 1 1 1 1 1 1
/m/02x8n1n /award/award_category/winners./award/award_honor/award_winner /m/0341n5 3 1 1 1 0 1
/m/05ztrmj /award/award_category/winners./award/award_honor/award_winner /m/038rzr 1 1 1 1 1 1
/m/02f777 /award/award_category/winners./award/award_honor/award_winner /m/01vzx45 2 1 1 1 0 1
/m/0bfvd4 /award/award_category/winners./award/award_honor/award_winner /m/03xkps 5 3 1 1 0 0
/m/01bgqh /award/award_category/winners./award/award_honor/award_winner /m/01vsykc 2 1 1 1 0 1
/m/024dzn /award/award_category/winners./award/award_honor/award_winner /m/0kftt 2 1 1 1 0 1
/m/09qrn4 /award/award_category/winners./award/award_honor/award_winner /m/025h4z 1 1 1 1 1 1
/m/0bfvw2 /award/award_category/winners./award/award_honor/award_winner /m/0hsn_ 8 2 1 1 0 0
/m/05p09zm /award/award_category/winners./award/award_honor/award_winner /m/01_xtx 4 3 1 1 0 0
/m/05p09zm /award/award_category/winners./award/award_honor/award_winner /m/0f502 7 1 1 1 0 1
/m/099tbz /award/award_category/winners./award/award_honor/award_winner /m/026r8q 4 1 1 1 0 1
/m/0ck27z /award/award_category/winners./award/award_honor/award_winner /m/044lyq 1 1 1 1 1 1
/m/03t5b6 /award/award_category/winners./award/award_honor/award_winner /m/01vvyd8 1 1 1 1 1 1
/m/027dtxw /award/award_category/winners./award/award_honor/award_winner /m/0byfz 3 1 1 1 0 1
/m/02py7pj /award/award_category/winners./award/award_honor/award_winner /m/0kftt 12 9 0 1 0 0
/m/03hkv_r /award/award_category/winners./award/award_honor/award_winner /m/0p_47 4 1 1 1 0 1
/m/099jhq /award/award_category/winners./award/award_honor/award_winner /m/0z4s 14 4 0 1 0 0
/m/02z0dfh /award/award_category/winners./award/award_honor/award_winner /m/013zs9 1 1 1 1 1 1
/m/0c4z8 /award/award_category/winners./award/award_honor/award_winner /m/03j24kf 7 2 1 1 0 0
/m/0lyb_ /award/award_category/winners./award/award_honor/award_winner /m/01m3x5p 4 1 1 1 0 1
/m/09sb52 /award/award_category/winners./award/award_honor/award_winner /m/01sp81 1 1 1 1 1 1
/m/09sb52 /award/award_category/winners./award/award_honor/award_winner /m/03yk8z 1 1 1 1 1 1
/m/02nbqh /award/award_category/winners./award/award_honor/award_winner /m/01l7cxq 2 1 1 1 0 1
/m/07h0cl /award/award_category/winners./award/award_honor/award_winner /m/01ypsj 2 1 1 1 0 1
/m/0gqyl /award/award_category/winners./award/award_honor/award_winner /m/06g4l 2 1 1 1 0 1
/m/0fbtbt /award/award_category/winners./award/award_honor/award_winner /m/0d1mp3 1 1 1 1 1 1
/m/01cw7s /award/award_category/winners./award/award_honor/award_winner /m/02h9_l 2 1 1 1 0 1
/m/03tcnt /award/award_category/winners./award/award_honor/award_winner /m/02r4qs 3 1 1 1 0 1
/m/02z13jg /award/award_category/winners./award/award_honor/award_winner /m/01qscs 6 1 1 1 0 1
/m/02581c /award/award_category/winners./award/award_honor/award_winner /m/0hl3d 2 1 1 1 0 1
/m/027986c /award/award_category/winners./award/award_honor/award_winner /m/016kb7 2 1 1 1 0 1
/m/01cky2 /award/award_category/winners./award/award_honor/award_winner /m/01k_mc 1 1 1 1 1 1
/m/09cm54 /award/award_category/winners./award/award_honor/award_winner /m/014zcr 6 1 1 1 0 1
/m/026mff /award/award_category/winners./award/award_honor/award_winner /m/06m61 3 1 1 1 0 1
/m/094qd5 /award/award_category/winners./award/award_honor/award_winner /m/0154qm 5 1 1 1 0 1
/m/0m7yy /award/award_category/winners./award/award_honor/award_winner /m/02630g 1 1 1 1 1 1
/m/01ckcd /award/award_category/winners./award/award_honor/award_winner /m/0mjn2 1 1 1 1 1 1
/m/02qkk9_ /award/award_category/winners./award/award_honor/award_winner /m/0l6qt 1 1 1 1 1 1
/m/0ddd9 /award/award_category/winners./award/award_honor/award_winner /m/03cdg 1 1 1 1 1 1
/m/02x73k6 /award/award_category/winners./award/award_honor/award_winner /m/01qscs 7 1 1 1 0 1
/m/02x73k6 /award/award_category/winners./award/award_honor/award_winner /m/04yyhw 1 1 1 1 1 1
/m/01l78d /award/award_category/winners./award/award_honor/award_winner /m/016dp0 2 1 1 1 0 1
/m/0cqhk0 /award/award_category/winners./award/award_honor/award_winner /m/0cnl80 1 1 1 1 1 1
/m/0cqh46 /award/award_category/winners./award/award_honor/award_winner /m/0jrny 1 1 1 1 1 1
/m/01ck6h /award/award_category/winners./award/award_honor/award_winner /m/0fq117k 1 1 1 1 1 1
/m/05zvj3m /award/award_category/winners./award/award_honor/award_winner /m/0dzf_ 3 1 1 1 0 1
/m/03hkv_r /award/award_category/winners./award/award_honor/award_winner /m/02h761 2 1 1 1 0 1
/m/03hl6lc /award/award_category/winners./award/award_honor/award_winner /m/0136g9 1 1 1 1 1 1
/m/05qck /award/award_category/winners./award/award_honor/award_winner /m/0d3k14 1 1 1 1 1 1
/m/02f75t /award/award_category/winners./award/award_honor/award_winner /m/0147dk 4 1 1 1 0 1
/m/0bfvd4 /award/award_category/winners./award/award_honor/award_winner /m/0428bc 1 1 1 1 1 1
/m/01bgqh /award/award_category/winners./award/award_honor/award_winner /m/01vttb9 6 1 1 1 0 1
/m/0fhpv4 /award/award_category/winners./award/award_honor/award_winner /m/012ljv 3 1 1 1 0 1
/m/04ljl_l /award/award_category/winners./award/award_honor/award_winner /m/0f7hc 1 1 1 1 1 1
/m/02y_rq5 /award/award_category/winners./award/award_honor/award_winner /m/02l4pj 5 2 1 1 0 0
/m/0bfvw2 /award/award_category/winners./award/award_honor/award_winner /m/01fx5l 1 1 1 1 1 1
/m/01cw7s /award/award_category/winners./award/award_honor/award_winner /m/019f9z 1 1 1 1 1 1
/m/03tcnt /award/award_category/winners./award/award_honor/award_winner /m/018x3 3 1 1 1 0 1
/m/099tbz /award/award_category/winners./award/award_honor/award_winner /m/016ypb 2 1 1 1 0 1
/m/05b1610 /award/award_category/winners./award/award_honor/award_winner /m/0237jb 2 1 1 1 0 1
/m/02x4wr9 /award/award_category/winners./award/award_honor/award_winner /m/06m6z6 1 1 1 1 1 1
/m/0bs0bh /award/award_category/winners./award/award_honor/award_winner /m/01vlj1g 1 1 1 1 1 1
/m/0gr0m /award/award_category/winners./award/award_honor/award_winner /m/06lhbl 1 1 1 1 1 1
/m/0d085 /award/award_category/winners./award/award_honor/award_winner /m/01_6dw 10217 10214 0 0 0 0
/m/02f72n /award/award_category/winners./award/award_honor/award_winner /m/018n6m 4 1 1 1 0 1
/m/01c99j /award/award_category/winners./award/award_honor/award_winner /m/013423 5 2 1 1 0 0
/m/024fz9 /award/award_category/winners./award/award_honor/award_winner /m/06m61 5 1 1 1 0 1
/m/05zr6wv /award/award_category/winners./award/award_honor/award_winner /m/0c0k1 2 1 1 1 0 1
/m/0c_dx /award/award_category/winners./award/award_honor/award_winner /m/0bv7t 2 1 1 1 0 1
/m/01d38g /award/award_category/winners./award/award_honor/award_winner /m/016ppr 2 1 1 1 0 1
/m/027c95y /award/award_category/winners./award/award_honor/award_winner /m/01385g 1 1 1 1 1 1
/m/01by1l /award/award_category/winners./award/award_honor/award_winner /m/016vqk 3 1 1 1 0 1
/m/0gvx_ /award/award_category/winners./award/award_honor/award_winner /m/016tt2 3 1 1 1 0 1
/m/03rbj2 /award/award_category/winners./award/award_honor/award_winner /m/044ptm 1 1 1 1 1 1
/m/0gqwc /award/award_category/winners./award/award_honor/award_winner /m/0g476 2 1 1 1 0 1
/m/02x8n1n /award/award_category/winners./award/award_honor/award_winner /m/01tnxc 2 1 1 1 0 1
/m/02y_rq5 /award/award_category/winners./award/award_honor/award_winner /m/0gx_p 1 1 1 1 1 1
/m/01cw51 /award/award_category/winners./award/award_honor/award_winner /m/0flpy 1 1 1 1 1 1
/m/07kjk7c /award/award_category/winners./award/award_honor/award_winner /m/02vqpx8 1 1 1 1 1 1
/m/09qj50 /award/award_category/winners./award/award_honor/award_winner /m/01fs_4 1 1 1 1 1 1
/m/09qj50 /award/award_category/winners./award/award_honor/award_winner /m/025mb_ 1 1 1 1 1 1
/m/05p1dby /award/award_category/winners./award/award_honor/award_winner /m/02fcs2 1 1 1 1 1 1
/m/05b1610 /award/award_category/winners./award/award_honor/award_winner /m/0f7hc 3 1 1 1 0 1
/m/054krc /award/award_category/winners./award/award_honor/award_winner /m/01cbt3 1 1 1 1 1 1
/m/01bb1c /award/award_category/winners./award/award_honor/award_winner /m/07zl1 3 1 1 1 0 1
/m/02f6ym /award/award_category/winners./award/award_honor/award_winner /m/0478__m 2 1 1 1 0 1
/m/0gqy2 /award/award_category/winners./award/award_honor/award_winner /m/016fjj 1 1 1 1 1 1
/m/02664f /award/award_category/winners./award/award_honor/award_winner /m/03hpr 2 1 1 1 0 1
/m/094qd5 /award/award_category/winners./award/award_honor/award_winner /m/01jmv8 3 1 1 1 0 1
/m/0m7yy /award/award_category/winners./award/award_honor/award_winner /m/0hm0k 1 1 1 1 1 1
/m/0m7yy /award/award_category/winners./award/award_honor/award_winner /m/017dpj 2 1 1 1 0 1
/m/027b9j5 /award/award_category/winners./award/award_honor/award_winner /m/02m501 4 1 1 1 0 1
/m/040vk98 /award/award_category/winners./award/award_honor/award_winner /m/05cv8 2 1 1 1 0 1
/m/0cqhk0 /award/award_category/winners./award/award_honor/award_winner /m/023s8 1 1 1 1 1 1
/m/0bb57s /award/award_category/winners./award/award_honor/award_winner /m/0h32q 4 1 1 1 0 1
/m/0gq_v /award/award_category/winners./award/award_honor/award_winner /m/0d5wn3 1 1 1 1 1 1
/m/02n9nmz /award/award_category/winners./award/award_honor/award_winner /m/02hfp_ 2 1 1 1 0 1
/m/02x17s4 /award/award_category/winners./award/award_honor/award_winner /m/042v2 2 1 1 1 0 1
/m/07cbcy /award/award_category/winners./award/award_honor/award_winner /m/017yxq 1 1 1 1 1 1
/m/099ck7 /award/award_category/winners./award/award_honor/award_winner /m/01wmxfs 2 1 1 1 0 1
/m/0gqwc /award/award_category/winners./award/award_honor/award_winner /m/01hkhq 1 1 1 1 1 1
/m/0gqwc /award/award_category/winners./award/award_honor/award_winner /m/0794g 3 1 1 1 0 1
/m/0gqwc /award/award_category/winners./award/award_honor/award_winner /m/01dvms 1 1 1 1 1 1
/m/027b9ly /award/award_category/winners./award/award_honor/award_winner /m/0c3ns 2 1 1 1 0 1
/m/02qyp19 /award/award_category/winners./award/award_honor/award_winner /m/01vb6z 3 1 1 1 0 1
/m/0f4x7 /award/award_category/winners./award/award_honor/award_winner /m/02y_2y 1 1 1 1 1 1
/m/05f3q /award/award_category/winners./award/award_honor/award_winner /m/02jxk 1 1 1 1 1 1
/m/09sb52 /award/award_category/winners./award/award_honor/award_winner /m/065jlv 1 1 1 1 1 1
/m/09sb52 /award/award_category/winners./award/award_honor/award_winner /m/0294fd 1 1 1 1 1 1
/m/0262yt /award/award_category/winners./award/award_honor/award_winner /m/09dt7 4 1 1 1 0 1
/m/03ncb2 /award/award_category/winners./award/award_honor/award_winner /m/02qtywd 14 11 0 0 0 0
/m/018wdw /award/award_category/winners./award/award_honor/award_winner /m/04ktcgn 2 1 1 1 0 1
/m/024_dt /award/award_category/winners./award/award_honor/award_winner /m/0h6sv 3 1 1 1 0 1
/m/0gq9h /award/award_category/winners./award/award_honor/award_winner /m/0cjdk 2 1 1 1 0 1
/m/02rdyk7 /award/award_category/winners./award/award_honor/award_winner /m/026fd 1 1 1 1 1 1
/m/04kxsb /award/award_category/winners./award/award_honor/award_winner /m/02m501 1 1 1 1 1 1
/m/056jm_ /award/award_category/winners./award/award_honor/award_winner /m/0478__m 3 1 1 1 0 1
/m/02qkk9_ /award/award_category/winners./award/award_honor/award_winner /m/0g10g 2 1 1 1 0 1
/m/02f72n /award/award_category/winners./award/award_honor/award_winner /m/0gr69 4 2 1 1 0 0
/m/05zr6wv /award/award_category/winners./award/award_honor/award_winner /m/02dlfh 3 2 1 1 0 0
/m/027dtxw /award/award_category/winners./award/award_honor/award_winner /m/02cllz 1 1 1 1 1 1
/m/0gs9p /award/award_category/winners./award/award_honor/award_winner /m/0dbbz 2 1 1 1 0 1
/m/0gq_v /award/award_category/winners./award/award_honor/award_winner /m/0520r2x 1 1 1 1 1 1
/m/02g3v6 /award/award_category/winners./award/award_honor/award_winner /m/06w33f8 1 1 1 1 1 1
/m/06zrp44 /award/award_category/winners./award/award_honor/award_winner /m/07bty 12418 12416 0 0 0 0
/m/027cyf7 /award/award_category/winners./award/award_honor/award_winner /m/03v3xp 4 1 1 1 0 1
/m/0bdwft /award/award_category/winners./award/award_honor/award_winner /m/0lfbm 3 1 1 1 0 1
/m/05p09zm /award/award_category/winners./award/award_honor/award_winner /m/04zqmj 1 1 1 1 1 1
/m/02ddq4 /award/award_category/winners./award/award_honor/award_winner /m/02cx90 6 2 1 1 0 0
/m/040njc /award/award_category/winners./award/award_honor/award_winner /m/0dbbz 1 1 1 1 1 1
/m/040njc /award/award_category/winners./award/award_honor/award_winner /m/03tf_h 1 1 1 1 1 1
/m/025mb9 /award/award_category/winners./award/award_honor/award_winner /m/01l7cxq 1 1 1 1 1 1
/m/0ck27z /award/award_category/winners./award/award_honor/award_winner /m/014zcr 1 1 1 1 1 1
/m/05p1dby /award/award_category/winners./award/award_honor/award_winner /m/03rwz3 1 1 1 1 1 1
/m/05p1dby /award/award_category/winners./award/award_honor/award_winner /m/04flrx 1 1 1 1 1 1
/m/02681xs /award/award_category/winners./award/award_honor/award_winner /m/020hyj 3 1 1 1 0 1
/m/03m79j_ /award/award_category/winners./award/award_honor/award_winner /m/09z1lg 2 1 1 1 0 1
/m/02v1m7 /award/award_category/winners./award/award_honor/award_winner /m/0gbwp 5 1 1 1 0 1
/m/09cm54 /award/award_category/winners./award/award_honor/award_winner /m/0p_47 5 1 1 1 0 1
/m/09cm54 /award/award_category/winners./award/award_honor/award_winner /m/03f1zdw 6 1 1 1 0 1
/m/02hgm4 /award/award_category/winners./award/award_honor/award_winner /m/0fpjd_g 4 1 1 1 0 1
/m/01d38g /award/award_category/winners./award/award_honor/award_winner /m/01vvycq 12 6 0 1 0 0
/m/0gq_v /award/award_category/winners./award/award_honor/award_winner /m/058z1hb 1 1 1 1 1 1
/m/0gq_v /award/award_category/winners./award/award_honor/award_winner /m/053j4w4 1 1 1 1 1 1
/m/0bdw6t /award/award_category/winners./award/award_honor/award_winner /m/014zfs 9 3 1 1 0 0
/m/02tzwd /award/award_category/winners./award/award_honor/award_winner /m/098sx 2 1 1 1 0 1
/m/03tk6z /award/award_category/winners./award/award_honor/award_winner /m/045zr 4 1 1 1 0 1
/m/025m98 /award/award_category/winners./award/award_honor/award_winner /m/02bh9 1 1 1 1 1 1
/m/07jqvw /award/award_category/winners./award/award_honor/award_winner /m/06hgj 10102 10101 0 0 0 0
/m/0248jb /award/award_category/winners./award/award_honor/award_winner /m/02qwg 8 1 1 1 0 1
/m/0bdwqv /award/award_category/winners./award/award_honor/award_winner /m/02bj6k 1 1 1 1 1 1
/m/0bp_b2 /award/award_category/winners./award/award_honor/award_winner /m/02tkzn 3 1 1 1 0 1
/m/02z13jg /award/award_category/winners./award/award_honor/award_winner /m/02tv80 2 1 1 1 0 1
/m/0c422z4 /award/award_category/winners./award/award_honor/award_winner /m/06w2sn5 1 1 1 1 1 1
/m/02681xs /award/award_category/winners./award/award_honor/award_winner /m/03x82v 4 1 1 1 0 1
/m/024vjd /award/award_category/winners./award/award_honor/award_winner /m/03_0p 2 1 1 1 0 1
/m/03qbh5 /award/award_category/winners./award/award_honor/award_winner /m/01w60_p 2 1 1 1 0 1
/m/025m8y /award/award_category/winners./award/award_honor/award_winner /m/03bnv 2 1 1 1 0 1
/m/054ky1 /award/award_category/winners./award/award_honor/award_winner /m/0h1m9 4 2 1 1 0 0
/m/0j6j8 /award/award_category/winners./award/award_honor/award_winner /m/05jm7 2 1 1 1 0 1
/m/05q8pss /award/award_category/winners./award/award_honor/award_winner /m/015f7 1 1 1 1 1 1
/m/0m7yy /award/award_category/winners./award/award_honor/award_winner /m/01j53q 1 1 1 1 1 1
/m/0m7yy /award/award_category/winners./award/award_honor/award_winner /m/01nzs7 1 1 1 1 1 1
/m/04kxsb /award/award_category/winners./award/award_honor/award_winner /m/0gyy0 5 2 1 1 0 0
/m/0bm70b /award/award_category/winners./award/award_honor/award_winner /m/02645b 2 1 1 1 0 1
/m/0gs9p /award/award_category/winners./award/award_honor/award_winner /m/01j2xj 2 1 1 1 0 1
/m/05kjlr /award/award_category/winners./award/award_honor/award_winner /m/0d__g 1 1 1 1 1 1
/m/0bdx29 /award/award_category/winners./award/award_honor/award_winner /m/02bkdn 4 1 1 1 0 1
/m/05qck /award/award_category/winners./award/award_honor/award_winner /m/051cc 2 1 1 1 0 1
/m/027571b /award/award_category/winners./award/award_honor/award_winner /m/0h0wc 6 1 1 1 0 1
/m/03x3wf /award/award_category/winners./award/award_honor/award_winner /m/0127gn 3 1 1 1 0 1
/m/025m8l /award/award_category/winners./award/award_honor/award_winner /m/0dl567 1 1 1 1 1 1
/m/0f4x7 /award/award_category/winners./award/award_honor/award_winner /m/015qt5 1 1 1 1 1 1
/m/0gqyl /award/award_category/winners./award/award_honor/award_winner /m/039x1k 1 1 1 1 1 1
/m/03qgjwc /award/award_category/winners./award/award_honor/award_winner /m/050zr4 3 1 1 1 0 1
/m/0bfvw2 /award/award_category/winners./award/award_honor/award_winner /m/0739z6 2 1 1 1 0 1
/m/05p09zm /award/award_category/winners./award/award_honor/award_winner /m/07r1h 2 1 1 1 0 1
/m/02z13jg /award/award_category/winners./award/award_honor/award_winner /m/01f873 2 1 1 1 0 1
/m/099tbz /award/award_category/winners./award/award_honor/award_winner /m/0686zv 1 1 1 1 1 1
/m/099tbz /award/award_category/winners./award/award_honor/award_winner /m/01wgcvn 1 1 1 1 1 1
/m/09v92_x /award/award_category/winners./award/award_honor/award_winner /m/0342vg 2 1 1 1 0 1
/m/04njml /award/award_category/winners./award/award_honor/award_winner /m/02fgpf 3 1 1 1 0 1
/m/0265wl /award/award_category/winners./award/award_honor/award_winner /m/0c3kw 4 1 1 1 0 1
/m/024fz9 /award/award_category/winners./award/award_honor/award_winner /m/0dqcm 6 1 1 1 0 1
/m/0cqh46 /award/award_category/winners./award/award_honor/award_winner /m/01gbn6 4 1 1 1 0 1
/m/01l29r /award/award_category/winners./award/award_honor/award_winner /m/0fb1q 3 1 1 1 0 1
/m/01l29r /award/award_category/winners./award/award_honor/award_winner /m/01vrlr4 4 1 1 1 0 1
/m/02n9nmz /award/award_category/winners./award/award_honor/award_winner /m/02mt4k 4 1 1 1 0 1
/m/0k611 /award/award_category/winners./award/award_honor/award_winner /m/0bn3jg 1 1 1 1 1 1
/m/03hl6lc /award/award_category/winners./award/award_honor/award_winner /m/081lh 8 1 1 1 0 1
/m/05qck /award/award_category/winners./award/award_honor/award_winner /m/0ph2w 2 1 1 1 0 1
/m/02z0dfh /award/award_category/winners./award/award_honor/award_winner /m/043kzcr 5 2 1 1 0 0
/m/027cyf7 /award/award_category/winners./award/award_honor/award_winner /m/046zh 2 1 1 1 0 1
/m/027b9ly /award/award_category/winners./award/award_honor/award_winner /m/01ts_3 4 1 1 1 0 1
/m/09sb52 /award/award_category/winners./award/award_honor/award_winner /m/03vgp7 1 1 1 1 1 1
/m/01bgqh /award/award_category/winners./award/award_honor/award_winner /m/03g5jw 5 4 1 1 0 0
/m/024030 /award/award_category/winners./award/award_honor/award_winner /m/0674cw 1 1 1 1 1 1
/m/0bfvw2 /award/award_category/winners./award/award_honor/award_winner /m/030hbp 1 1 1 1 1 1
/m/05b4l5x /award/award_category/winners./award/award_honor/award_winner /m/01yf85 1 1 1 1 1 1
/m/03tcnt /award/award_category/winners./award/award_honor/award_winner /m/016s_5 1 1 1 1 1 1
/m/02qvyrt /award/award_category/winners./award/award_honor/award_winner /m/0146pg 2 1 1 1 0 1
/m/099tbz /award/award_category/winners./award/award_honor/award_winner /m/0294fd 2 1 1 1 0 1
/m/0ck27z /award/award_category/winners./award/award_honor/award_winner /m/09btt1 1 1 1 1 1 1
/m/027986c /award/award_category/winners./award/award_honor/award_winner /m/0p_47 4 1 1 1 0 1
/m/02x4wr9 /award/award_category/winners./award/award_honor/award_winner /m/05cgy8 3 1 1 1 0 1
/m/02f6ym /award/award_category/winners./award/award_honor/award_winner /m/0gbwp 4 1 1 1 0 1
/m/0257wh /award/award_category/winners./award/award_honor/award_winner /m/016k62 2 1 1 1 0 1
/m/02gdjb /award/award_category/winners./award/award_honor/award_winner /m/02qwg 1 1 1 1 1 1
/m/0dgshf6 /award/award_category/winners./award/award_honor/award_winner /m/01ypsj 1 1 1 1 1 1
/m/0cqhk0 /award/award_category/winners./award/award_honor/award_winner /m/07k51gd 1 1 1 1 1 1
/m/027b9k6 /award/award_category/winners./award/award_honor/award_winner /m/01jmv8 5 1 1 1 0 1
/m/05zvj3m /award/award_category/winners./award/award_honor/award_winner /m/0pz91 8 1 1 1 0 1
/m/02f5qb /award/award_category/winners./award/award_honor/award_winner /m/015f7 3 1 1 1 0 1
/m/0bqsk5 /award/award_category/winners./award/award_honor/award_winner /m/043hg 1 1 1 1 1 1
/m/03hl6lc /award/award_category/winners./award/award_honor/award_winner /m/07h07 2 1 1 1 0 1
/m/02pqp12 /award/award_category/winners./award/award_honor/award_winner /m/0qf43 1 1 1 1 1 1
/m/01by1l /award/award_category/winners./award/award_honor/award_winner /m/0jbyg 1 1 1 1 1 1
/m/01c92g /award/award_category/winners./award/award_honor/award_winner /m/0259r0 2 1 1 1 0 1
/m/0gs96 /award/award_category/winners./award/award_honor/award_winner /m/04vzv4 1 1 1 1 1 1
/m/02xcb6n /award/award_category/winners./award/award_honor/award_winner /m/0cp9f9 2 1 1 1 0 1
/m/05p09zm /award/award_category/winners./award/award_honor/award_winner /m/0bj9k 8 1 1 1 0 1
/m/0fc9js /award/award_category/winners./award/award_honor/award_winner /m/01l1ls 2 1 1 1 0 1
/m/099tbz /award/award_category/winners./award/award_honor/award_winner /m/048s0r 2 1 1 1 0 1
/m/02q1tc5 /award/award_category/winners./award/award_honor/award_winner /m/026dg51 1 1 1 1 1 1
/m/01cky2 /award/award_category/winners./award/award_honor/award_winner /m/01w7nwm 2 1 1 1 0 1
/m/04njml /award/award_category/winners./award/award_honor/award_winner /m/01vrz41 4 1 1 1 0 1
/m/054ky1 /award/award_category/winners./award/award_honor/award_winner /m/06pj8 5 1 1 1 0 1
/m/0265wl /award/award_category/winners./award/award_honor/award_winner /m/05x8n 2 1 1 1 0 1
/m/023vrq /award/award_category/winners./award/award_honor/award_winner /m/01vsgrn 2 1 1 1 0 1
/m/02f79n /award/award_category/winners./award/award_honor/award_winner /m/01j4ls 1 1 1 1 1 1
/m/02x73k6 /award/award_category/winners./award/award_honor/award_winner /m/039bp 7 1 1 1 0 1
/m/09sdmz /award/award_category/winners./award/award_honor/award_winner /m/026rm_y 9 2 1 1 0 0
/m/01l78d /award/award_category/winners./award/award_honor/award_winner /m/0b7xl8 1 1 1 1 1 1
/m/027b9k6 /award/award_category/winners./award/award_honor/award_winner /m/01p7yb 6 1 1 1 0 1
/m/02ddqh /award/award_category/winners./award/award_honor/award_winner /m/0m_v0 4 1 1 1 0 1
/m/02662b /award/award_category/winners./award/award_honor/award_winner /m/09dt7 3 1 1 1 0 1
/m/01c427 /award/award_category/winners./award/award_honor/award_winner /m/01wcp_g 3 1 1 1 0 1
/m/03t5kl /award/award_category/winners./award/award_honor/award_winner /m/016pns 4 2 1 1 0 0
/m/0gr51 /award/award_category/winners./award/award_honor/award_winner /m/01fxfk 3 1 1 1 0 1
/m/0468g4r /award/award_category/winners./award/award_honor/award_winner /m/076_74 18 16 0 0 0 0
/m/0f4x7 /award/award_category/winners./award/award_honor/award_winner /m/0byfz 2 1 1 1 0 1
/m/05pcn59 /award/award_category/winners./award/award_honor/award_winner /m/02jtjz 1 1 1 1 1 1
/m/02y_j8g /award/award_category/winners./award/award_honor/award_winner /m/0psss 1 1 1 1 1 1
/m/0262yt /award/award_category/winners./award/award_honor/award_winner /m/0c3kw 1 1 1 1 1 1
/m/040njc /award/award_category/winners./award/award_honor/award_winner /m/02hfp_ 5 1 1 1 0 1
/m/0ck27z /award/award_category/winners./award/award_honor/award_winner /m/03x22w 1 1 1 1 1 1
/m/054ky1 /award/award_category/winners./award/award_honor/award_winner /m/036jb 1 1 1 1 1 1
/m/02w7fs /award/award_category/winners./award/award_honor/award_winner /m/09swkk 1 1 1 1 1 1
/m/0m7yy /award/award_category/winners./award/award_honor/award_winner /m/014hdb 9 6 1 1 0 0
/m/01ckcd /award/award_category/winners./award/award_honor/award_winner /m/0dw4g 4 1 1 1 0 1
/m/0f_nbyh /award/award_category/winners./award/award_honor/award_winner /m/02kxbwx 10 1 1 1 0 1
/m/0f_nbyh /award/award_category/winners./award/award_honor/award_winner /m/076_74 2 1 1 1 0 1
/m/09qwmm /award/award_category/winners./award/award_honor/award_winner /m/01vwllw 1 1 1 1 1 1
/m/0bb57s /award/award_category/winners./award/award_honor/award_winner /m/030hbp 2 1 1 1 0 1
/m/02wkmx /award/award_category/winners./award/award_honor/award_winner /m/01q4qv 2 1 1 1 0 1
/m/099jhq /award/award_category/winners./award/award_honor/award_winner /m/017149 3 1 1 1 0 1
/m/0gr51 /award/award_category/winners./award/award_honor/award_winner /m/01ts_3 5 1 1 1 0 1
/m/02f6xy /award/award_category/winners./award/award_honor/award_winner /m/0fhxv 5 1 1 1 0 1
/m/0gqwc /award/award_category/winners./award/award_honor/award_winner /m/01gvyp 2 1 1 1 0 1
/m/027cyf7 /award/award_category/winners./award/award_honor/award_winner /m/02qgqt 5 1 1 1 0 1
/m/04ljl_l /award/award_category/winners./award/award_honor/award_winner /m/0gn30 5 1 1 1 0 1
/m/06196 /award/award_category/winners./award/award_honor/award_winner /m/0h25 14179 14179 0 0 0 0
/m/02z13jg /award/award_category/winners./award/award_honor/award_winner /m/01tsbmv 2 1 1 1 0 1
/m/02f705 /award/award_category/winners./award/award_honor/award_winner /m/01cblr 1 1 1 1 1 1
/m/02q1tc5 /award/award_category/winners./award/award_honor/award_winner /m/070m12 1 1 1 1 1 1
/m/03ccq3s /award/award_category/winners./award/award_honor/award_winner /m/06jnvs 1 1 1 1 1 1
/m/025m8y /award/award_category/winners./award/award_honor/award_winner /m/01tc9r 4 1 1 1 0 1
/m/02f6ym /award/award_category/winners./award/award_honor/award_winner /m/01vwyqp 7 3 1 1 0 0
/m/0cjyzs /award/award_category/winners./award/award_honor/award_winner /m/02778qt 1 1 1 1 1 1
/m/026mfs /award/award_category/winners./award/award_honor/award_winner /m/0pkyh 1 1 1 1 1 1
/m/05q8pss /award/award_category/winners./award/award_honor/award_winner /m/03kwtb 3 1 1 1 0 1
/m/02x201b /award/award_category/winners./award/award_honor/award_winner /m/01vvycq 14 7 0 1 0 0
/m/0262x6 /award/award_category/winners./award/award_honor/award_winner /m/09dt7 2 1 1 1 0 1
/m/02py7pj /award/award_category/winners./award/award_honor/award_winner /m/02_fj 4 1 1 1 0 1
/m/027c95y /award/award_category/winners./award/award_honor/award_winner /m/06dv3 6 1 1 1 0 1
/m/09qv3c /award/award_category/winners./award/award_honor/award_winner /m/096lf_ 2 1 1 1 0 1
/m/03hkv_r /award/award_category/winners./award/award_honor/award_winner /m/02kxbwx 5 1 1 1 0 1
/m/099ck7 /award/award_category/winners./award/award_honor/award_winner /m/0flw6 9 5 1 1 0 0
/m/01by1l /award/award_category/winners./award/award_honor/award_winner /m/03cd1q 3 1 1 1 0 1
/m/01by1l /award/award_category/winners./award/award_honor/award_winner /m/0pkyh 3 1 1 1 0 1
/m/01by1l /award/award_category/winners./award/award_honor/award_winner /m/023p29 1 1 1 1 1 1
/m/02f6xy /award/award_category/winners./award/award_honor/award_winner /m/02vr7 6 5 1 1 0 0
/m/05pcn59 /award/award_category/winners./award/award_honor/award_winner /m/03m6_z 1 1 1 1 1 1
/m/02nhxf /award/award_category/winners./award/award_honor/award_winner /m/012x4t 7 1 1 1 0 1
/m/09sb52 /award/award_category/winners./award/award_honor/award_winner /m/0m31m 1 1 1 1 1 1
/m/01bgqh /award/award_category/winners./award/award_honor/award_winner /m/09mq4m 4 1 1 1 0 1
/m/01bgqh /award/award_category/winners./award/award_honor/award_winner /m/0892sx 2 1 1 1 0 1
/m/02wwsh8 /award/award_category/winners./award/award_honor/award_winner /m/049l7 4 1 1 1 0 1
/m/027c924 /award/award_category/winners./award/award_honor/award_winner /m/0184jw 4 1 1 1 0 1
/m/01cw7s /award/award_category/winners./award/award_honor/award_winner /m/026spg 5 1 1 1 0 1
/m/057xs89 /award/award_category/winners./award/award_honor/award_winner /m/048lv 12 4 0 1 0 0
/m/05p1dby /award/award_category/winners./award/award_honor/award_winner /m/01g1lp 1 1 1 1 1 1
/m/02q1tc5 /award/award_category/winners./award/award_honor/award_winner /m/026dcvf 1 1 1 1 1 1
/m/05b1610 /award/award_category/winners./award/award_honor/award_winner /m/017yxq 3 1 1 1 0 1
/m/0fdtd7 /award/award_category/winners./award/award_honor/award_winner /m/02lf0c 1 1 1 1 1 1
/m/02g3gj /award/award_category/winners./award/award_honor/award_winner /m/01vs_v8 3 1 1 1 0 1
/m/02f72_ /award/award_category/winners./award/award_honor/award_winner /m/0478__m 10 3 1 1 0 0
/m/0bs0bh /award/award_category/winners./award/award_honor/award_winner /m/016zp5 4 1 1 1 0 1
/m/0d085 /award/award_category/winners./award/award_honor/award_winner /m/06z4wj 2 1 1 1 0 1
