/m/019vhk /award/award_nominated_work/award_nominations./award/award_nomination/award_nominee /m/01tc9r 5 1 1 1 0 1
/m/0416y94 /award/award_nominated_work/award_nominations./award/award_nomination/award_nominee /m/0h0wc 4 1 1 1 0 1
/m/0hz55 /award/award_nominated_work/award_nominations./award/award_nomination/award_nominee /m/0cjdk 9 5 1 1 0 0
/m/02qm_f /award/award_nominated_work/award_nominations./award/award_nomination/award_nominee /m/0338g8 1 1 1 1 1 1
/m/06t6dz /award/award_nominated_work/award_nominations./award/award_nomination/award_nominee /m/05qd_ 21 1 0 1 0 1
/m/0qmjd /award/award_nominated_work/award_nominations./award/award_nomination/award_nominee /m/02b29 2 1 1 1 0 1
/m/05f4vxd /award/award_nominated_work/award_nominations./award/award_nomination/award_nominee /m/032q8q 1 1 1 1 1 1
/m/03n785 /award/award_nominated_work/award_nominations./award/award_nomination/award_nominee /m/05nn4k 5 3 1 1 0 0
/m/0b005 /award/award_nominated_work/award_nominations./award/award_nomination/award_nominee /m/0534nr 1 1 1 1 1 1
/m/033f8n /award/award_nominated_work/award_nominations./award/award_nomination/award_nominee /m/0187y5 5 1 1 1 0 1
/m/02x2jl_ /award/award_nominated_work/award_nominations./award/award_nomination/award_nominee /m/06dv3 4 1 1 1 0 1
/m/072kp /award/award_nominated_work/award_nominations./award/award_nomination/award_nominee /m/0dbc1s 2 1 1 1 0 1
/m/07024 /award/award_nominated_work/award_nominations./award/award_nomination/award_nominee /m/0169dl 5 1 1 1 0 1
/m/0jym0 /award/award_nominated_work/award_nominations./award/award_nomination/award_nominee /m/0b_4z 1 1 1 1 1 1
/m/01jrbv /award/award_nominated_work/award_nominations./award/award_nomination/award_nominee /m/0hskw 5 1 1 1 0 1
/m/0bkq7 /award/award_nominated_work/award_nominations./award/award_nomination/award_nominee /m/0bs8d 4 1 1 1 0 1
/m/0yyn5 /award/award_nominated_work/award_nominations./award/award_nomination/award_nominee /m/01fwpt 6 4 1 1 0 0
/m/0pv3x /award/award_nominated_work/award_nominations./award/award_nomination/award_nominee /m/0fbx6 2 1 1 1 0 1
/m/01g03q /award/award_nominated_work/award_nominations./award/award_nomination/award_nominee /m/0382m4 1 1 1 1 1 1
/m/07l450 /award/award_nominated_work/award_nominations./award/award_nomination/award_nominee /m/02y_2y 4 1 1 1 0 1
/m/01xdxy /award/award_nominated_work/award_nominations./award/award_nomination/award_nominee /m/05_k56 3 1 1 1 0 1
/m/0pb33 /award/award_nominated_work/award_nominations./award/award_nomination/award_nominee /m/0794g 1 1 1 1 1 1
/m/01fx4k /award/award_nominated_work/award_nominations./award/award_nomination/award_nominee /m/03h4mp 3 1 1 1 0 1
/m/0ccck7 /award/award_nominated_work/award_nominations./award/award_nomination/award_nominee /m/0dh73w 3 1 1 1 0 1
/m/0kfpm /award/award_nominated_work/award_nominations./award/award_nomination/award_nominee /m/03xp8d5 5 1 1 1 0 1
/m/0ch26b_ /award/award_nominated_work/award_nominations./award/award_nomination/award_nominee /m/0bytkq 1 1 1 1 1 1
/m/0cz_ym /award/award_nominated_work/award_nominations./award/award_nomination/award_nominee /m/06dv3 6 1 1 1 0 1
/m/02dr9j /award/award_nominated_work/award_nominations./award/award_nomination/award_nominee /m/05bm4sm 2 1 1 1 0 1
/m/051zy_b /award/award_nominated_work/award_nominations./award/award_nomination/award_nominee /m/09gffmz 3 1 1 1 0 1
/m/039c26 /award/award_nominated_work/award_nominations./award/award_nomination/award_nominee /m/0f6_dy 1 1 1 1 1 1
/m/020fcn /award/award_nominated_work/award_nominations./award/award_nomination/award_nominee /m/0c3ns 1 1 1 1 1 1
/m/05f4vxd /award/award_nominated_work/award_nominations./award/award_nomination/award_nominee /m/0347db 2 1 1 1 0 1
/m/05rfst /award/award_nominated_work/award_nominations./award/award_nomination/award_nominee /m/017149 3 1 1 1 0 1
/m/025n07 /award/award_nominated_work/award_nominations./award/award_nomination/award_nominee /m/025hwq 11 10 0 1 0 0
/m/02tgz4 /award/award_nominated_work/award_nominations./award/award_nomination/award_nominee /m/024rgt 4 1 1 1 0 1
/m/0bt3j9 /award/award_nominated_work/award_nominations./award/award_nomination/award_nominee /m/0gx_p 1 1 1 1 1 1
/m/0yzbg /award/award_nominated_work/award_nominations./award/award_nomination/award_nominee /m/0c3ns 5 1 1 1 0 1
/m/03b1l8 /award/award_nominated_work/award_nominations./award/award_nomination/award_nominee /m/0gx_p 2 1 1 1 0 1
/m/072kp /award/award_nominated_work/award_nominations./award/award_nomination/award_nominee /m/01jz6x 2 1 1 1 0 1
/m/0jwmp /award/award_nominated_work/award_nominations./award/award_nomination/award_nominee /m/07h5d 2 1 1 1 0 1
/m/072zl1 /award/award_nominated_work/award_nominations./award/award_nomination/award_nominee /m/0b13g7 4 1 1 1 0 1
/m/0dr_4 /award/award_nominated_work/award_nominations./award/award_nomination/award_nominee /m/017khj 2 1 1 1 0 1
/m/017gm7 /award/award_nominated_work/award_nominations./award/award_nomination/award_nominee /m/05bm4sm 5 1 1 1 0 1
/m/0kfpm /award/award_nominated_work/award_nominations./award/award_nomination/award_nominee /m/02tkzn 2 1 1 1 0 1
/m/0557yqh /award/award_nominated_work/award_nominations./award/award_nomination/award_nominee /m/0bczgm 2 1 1 1 0 1
/m/02mpyh /award/award_nominated_work/award_nominations./award/award_nomination/award_nominee /m/012ljv 2 1 1 1 0 1
/m/02krdz /award/award_nominated_work/award_nominations./award/award_nomination/award_nominee /m/026c1 5 1 1 1 0 1
/m/02rrfzf /award/award_nominated_work/award_nominations./award/award_nomination/award_nominee /m/01mkn_d 1 1 1 1 1 1
/m/01flv_ /award/award_nominated_work/award_nominations./award/award_nomination/award_nominee /m/016fjj 2 1 1 1 0 1
/m/0bhwhj /award/award_nominated_work/award_nominations./award/award_nomination/award_nominee /m/054_mz 4 1 1 1 0 1
/m/0ndwt2w /award/award_nominated_work/award_nominations./award/award_nomination/award_nominee /m/04ktcgn 9 1 1 1 0 1
/m/0gyh2wm /award/award_nominated_work/award_nominations./award/award_nomination/award_nominee /m/0p_pd 6 1 1 1 0 1
/m/0n1s0 /award/award_nominated_work/award_nominations./award/award_nomination/award_nominee /m/06cgy 12 1 0 1 0 1
/m/0gxsh4 /award/award_nominated_work/award_nominations./award/award_nomination/award_nominee /m/035wq7 1 1 1 1 1 1
/m/0bcndz /award/award_nominated_work/award_nominations./award/award_nomination/award_nominee /m/0g_92 1 1 1 1 1 1
/m/094g2z /award/award_nominated_work/award_nominations./award/award_nomination/award_nominee /m/0p_47 5 2 1 1 0 0
/m/02hct1 /award/award_nominated_work/award_nominations./award/award_nomination/award_nominee /m/01pcz9 2 1 1 1 0 1
/m/0cqr0q /award/award_nominated_work/award_nominations./award/award_nomination/award_nominee /m/01wy5m 4 1 1 1 0 1
/m/02lk60 /award/award_nominated_work/award_nominations./award/award_nomination/award_nominee /m/0436kgz 3 1 1 1 0 1
/m/020bv3 /award/award_nominated_work/award_nominations./award/award_nomination/award_nominee /m/02fz3w 1 1 1 1 1 1
/m/0hv4t /award/award_nominated_work/award_nominations./award/award_nomination/award_nominee /m/09fb5 3 1 1 1 0 1
/m/03177r /award/award_nominated_work/award_nominations./award/award_nomination/award_nominee /m/01r2c7 8 5 1 1 0 0
/m/011wtv /award/award_nominated_work/award_nominations./award/award_nomination/award_nominee /m/027rwmr 6 1 1 1 0 1
/m/01srq2 /award/award_nominated_work/award_nominations./award/award_nomination/award_nominee /m/01tc9r 14 6 0 1 0 0
/m/07l50_1 /award/award_nominated_work/award_nominations./award/award_nomination/award_nominee /m/03f1zdw 3 1 1 1 0 1
/m/0fhzwl /award/award_nominated_work/award_nominations./award/award_nomination/award_nominee /m/0382m4 2 1 1 1 0 1
/m/016kz1 /award/award_nominated_work/award_nominations./award/award_nomination/award_nominee /m/019x62 4 1 1 1 0 1
/m/034xyf /award/award_nominated_work/award_nominations./award/award_nomination/award_nominee /m/0kftt 4 1 1 1 0 1
/m/03bdkd /award/award_nominated_work/award_nominations./award/award_nomination/award_nominee /m/0cb77r 3 1 1 1 0 1
/m/02_1kl /award/award_nominated_work/award_nominations./award/award_nomination/award_nominee /m/026n9h3 3 1 1 1 0 1
/m/0jz71 /award/award_nominated_work/award_nominations./award/award_nomination/award_nominee /m/012dr7 1 1 1 1 1 1
/m/03z20c /award/award_nominated_work/award_nominations./award/award_nomination/award_nominee /m/024rgt 4 1 1 1 0 1
/m/0q9jk /award/award_nominated_work/award_nominations./award/award_nomination/award_nominee /m/02qlkc3 3 1 1 1 0 1
/m/02vqsll /award/award_nominated_work/award_nominations./award/award_nomination/award_nominee /m/0ksrf8 2 1 1 1 0 1
/m/0277j40 /award/award_nominated_work/award_nominations./award/award_nomination/award_nominee /m/0f502 8 1 1 1 0 1
/m/0fphf3v /award/award_nominated_work/award_nominations./award/award_nomination/award_nominee /m/086k8 22 1 0 1 0 1
/m/087pfc /award/award_nominated_work/award_nominations./award/award_nomination/award_nominee /m/01pk8v 1 1 1 1 1 1
/m/039cq4 /award/award_nominated_work/award_nominations./award/award_nomination/award_nominee /m/0p_jc 1 1 1 1 1 1
/m/02b6n9 /award/award_nominated_work/award_nominations./award/award_nomination/award_nominee /m/01yb09 1 1 1 1 1 1
/m/0c0yh4 /award/award_nominated_work/award_nominations./award/award_nomination/award_nominee /m/07fq1y 2 1 1 1 0 1
/m/0gxsh4 /award/award_nominated_work/award_nominations./award/award_nomination/award_nominee /m/02vx4c2 4 1 1 1 0 1
/m/05v38p /award/award_nominated_work/award_nominations./award/award_nomination/award_nominee /m/012q4n 1 1 1 1 1 1
/m/01jrbv /award/award_nominated_work/award_nominations./award/award_nomination/award_nominee /m/01nxzv 1 1 1 1 1 1
/m/0bbm7r /award/award_nominated_work/award_nominations./award/award_nomination/award_nominee /m/01hkhq 1 1 1 1 1 1
/m/0yyn5 /award/award_nominated_work/award_nominations./award/award_nomination/award_nominee /m/0hskw 5 1 1 1 0 1
/m/09sr0 /award/award_nominated_work/award_nominations./award/award_nomination/award_nominee /m/021yc7p 6 2 1 1 0 0
/m/0mcl0 /award/award_nominated_work/award_nominations./award/award_nomination/award_nominee /m/01cbt3 3 1 1 1 0 1
/m/0hwpz /award/award_nominated_work/award_nominations./award/award_nomination/award_nominee /m/029pnn 1 1 1 1 1 1
/m/0fpmrm3 /award/award_nominated_work/award_nominations./award/award_nomination/award_nominee /m/043kzcr 2 1 1 1 0 1
/m/01z452 /award/award_nominated_work/award_nominations./award/award_nomination/award_nominee /m/092kgw 1 1 1 1 1 1
/m/0bm2x /award/award_nominated_work/award_nominations./award/award_nomination/award_nominee /m/0f0p0 1 1 1 1 1 1
/m/011wtv /award/award_nominated_work/award_nominations./award/award_nomination/award_nominee /m/0146pg 5 1 1 1 0 1
/m/08g_jw /award/award_nominated_work/award_nominations./award/award_nomination/award_nominee /m/0kvsb 2 1 1 1 0 1
/m/0272_vz /award/award_nominated_work/award_nominations./award/award_nomination/award_nominee /m/018p4y 2 1 1 1 0 1
/m/033dbw /award/award_nominated_work/award_nominations./award/award_nomination/award_nominee /m/0f3zsq 1 1 1 1 1 1
/m/0h3xztt /award/award_nominated_work/award_nominations./award/award_nomination/award_nominee /m/02ply6j 2 1 1 1 0 1
/m/01kf5lf /award/award_nominated_work/award_nominations./award/award_nomination/award_nominee /m/04kj2v 8 1 1 1 0 1
/m/01flv_ /award/award_nominated_work/award_nominations./award/award_nomination/award_nominee /m/06pj8 21 1 0 1 0 1
/m/05cvgl /award/award_nominated_work/award_nominations./award/award_nomination/award_nominee /m/0hskw 4 1 1 1 0 1
/m/0gkz3nz /award/award_nominated_work/award_nominations./award/award_nomination/award_nominee /m/051wwp 5 1 1 1 0 1
/m/01jrbb /award/award_nominated_work/award_nominations./award/award_nomination/award_nominee /m/01gbbz 1 1 1 1 1 1
/m/01mszz /award/award_nominated_work/award_nominations./award/award_nomination/award_nominee /m/032dg7 2 1 1 1 0 1
/m/02ndy4 /award/award_nominated_work/award_nominations./award/award_nomination/award_nominee /m/0c1j_ 2 1 1 1 0 1
/m/0ds3t5x /award/award_nominated_work/award_nominations./award/award_nomination/award_nominee /m/09yhzs 1 1 1 1 1 1
/m/04qw17 /award/award_nominated_work/award_nominations./award/award_nomination/award_nominee /m/024rgt 8 1 1 1 0 1
/m/016fyc /award/award_nominated_work/award_nominations./award/award_nomination/award_nominee /m/0bs1yy 2 1 1 1 0 1
/m/011ywj /award/award_nominated_work/award_nominations./award/award_nomination/award_nominee /m/02l4rh 3 1 1 1 0 1
/m/01hr1 /award/award_nominated_work/award_nominations./award/award_nomination/award_nominee /m/0d_84 3 1 1 1 0 1
/m/02fwfb /award/award_nominated_work/award_nominations./award/award_nomination/award_nominee /m/01fkv0 1 1 1 1 1 1
/m/08jgk1 /award/award_nominated_work/award_nominations./award/award_nomination/award_nominee /m/043js 4 1 1 1 0 1
/m/0kv9d3 /award/award_nominated_work/award_nominations./award/award_nomination/award_nominee /m/01515w 3 1 1 1 0 1
/m/02rv_dz /award/award_nominated_work/award_nominations./award/award_nomination/award_nominee /m/017r13 3 1 1 1 0 1
/m/06y_n /award/award_nominated_work/award_nominations./award/award_nomination/award_nominee /m/0gz5hs 2 1 1 1 0 1
/m/07g9f /award/award_nominated_work/award_nominations./award/award_nomination/award_nominee /m/025y9fn 3 1 1 1 0 1
/m/02czd5 /award/award_nominated_work/award_nominations./award/award_nomination/award_nominee /m/016tb7 3 1 1 1 0 1
/m/05sy0cv /award/award_nominated_work/award_nominations./award/award_nomination/award_nominee /m/02lq10 1 1 1 1 1 1
/m/0m313 /award/award_nominated_work/award_nominations./award/award_nomination/award_nominee /m/0jz9f 4 2 1 1 0 0
/m/0dnw1 /award/award_nominated_work/award_nominations./award/award_nomination/award_nominee /m/0dqcm 5 1 1 1 0 1
/m/0gls4q_ /award/award_nominated_work/award_nominations./award/award_nomination/award_nominee /m/01ft14 1 1 1 1 1 1
/m/0g60z /award/award_nominated_work/award_nominations./award/award_nomination/award_nominee /m/022yb4 4 1 1 1 0 1
/m/07l4zhn /award/award_nominated_work/award_nominations./award/award_nomination/award_nominee /m/024rdh 4 1 1 1 0 1
/m/039cq4 /award/award_nominated_work/award_nominations./award/award_nomination/award_nominee /m/02778pf 2 1 1 1 0 1
/m/0315rp /award/award_nominated_work/award_nominations./award/award_nomination/award_nominee /m/027rwmr 4 1 1 1 0 1
/m/0sxmx /award/award_nominated_work/award_nominations./award/award_nomination/award_nominee /m/05kfs 8 1 1 1 0 1
/m/03xf_m /award/award_nominated_work/award_nominations./award/award_nomination/award_nominee /m/07myb2 1 1 1 1 1 1
/m/01f7jt /award/award_nominated_work/award_nominations./award/award_nomination/award_nominee /m/03h26tm 1 1 1 1 1 1
/m/03t79f /award/award_nominated_work/award_nominations./award/award_nomination/award_nominee /m/016dmx 3 1 1 1 0 1
/m/01g03q /award/award_nominated_work/award_nominations./award/award_nomination/award_nominee /m/06mfvc 1 1 1 1 1 1
/m/02scbv /award/award_nominated_work/award_nominations./award/award_nomination/award_nominee /m/023361 1 1 1 1 1 1
/m/017gm7 /award/award_nominated_work/award_nominations./award/award_nomination/award_nominee /m/015t7v 3 1 1 1 0 1
/m/0h3mh3q /award/award_nominated_work/award_nominations./award/award_nomination/award_nominee /m/09v6gc9 2 1 1 1 0 1
/m/02c638 /award/award_nominated_work/award_nominations./award/award_nomination/award_nominee /m/014gf8 3 1 1 1 0 1
/m/08jgk1 /award/award_nominated_work/award_nominations./award/award_nomination/award_nominee /m/048wrb 1 1 1 1 1 1
/m/09sh8k /award/award_nominated_work/award_nominations./award/award_nomination/award_nominee /m/0f276 3 1 1 1 0 1
/m/01fwzk /award/award_nominated_work/award_nominations./award/award_nomination/award_nominee /m/0584j4n 3 1 1 1 0 1
/m/02cbhg /award/award_nominated_work/award_nominations./award/award_nomination/award_nominee /m/012ljv 3 1 1 1 0 1
/m/07yvsn /award/award_nominated_work/award_nominations./award/award_nomination/award_nominee /m/01_f_5 1 1 1 1 1 1
/m/03cvvlg /award/award_nominated_work/award_nominations./award/award_nomination/award_nominee /m/0b25vg 2 1 1 1 0 1
/m/0f4k49 /award/award_nominated_work/award_nominations./award/award_nomination/award_nominee /m/03jvmp 21 10 0 1 0 0
/m/0vjr /award/award_nominated_work/award_nominations./award/award_nomination/award_nominee /m/01nzz8 1 1 1 1 1 1
/m/01ft14 /award/award_nominated_work/award_nominations./award/award_nomination/award_nominee /m/03ywyk 1 1 1 1 1 1
/m/09ps01 /award/award_nominated_work/award_nominations./award/award_nomination/award_nominee /m/016ks_ 3 1 1 1 0 1
/m/03176f /award/award_nominated_work/award_nominations./award/award_nomination/award_nominee /m/013_vh 4 1 1 1 0 1
/m/01c22t /award/award_nominated_work/award_nominations./award/award_nomination/award_nominee /m/0c94fn 6 1 1 1 0 1
/m/0k4p0 /award/award_nominated_work/award_nominations./award/award_nomination/award_nominee /m/0bl2g 9 1 1 1 0 1
/m/039cq4 /award/award_nominated_work/award_nominations./award/award_nomination/award_nominee /m/091yn0 1 1 1 1 1 1
/m/07qg8v /award/award_nominated_work/award_nominations./award/award_nomination/award_nominee /m/0cbkc 1 1 1 1 1 1
/m/09q5w2 /award/award_nominated_work/award_nominations./award/award_nomination/award_nominee /m/0bn3jg 3 1 1 1 0 1
/m/014gjp /award/award_nominated_work/award_nominations./award/award_nomination/award_nominee /m/012c6x 1 1 1 1 1 1
/m/02qr46y /award/award_nominated_work/award_nominations./award/award_nomination/award_nominee /m/016ggh 5 1 1 1 0 1
/m/01lv85 /award/award_nominated_work/award_nominations./award/award_nomination/award_nominee /m/02kxwk 7515 7509 0 0 0 0
/m/03m4mj /award/award_nominated_work/award_nominations./award/award_nomination/award_nominee /m/081lh 12 1 0 1 0 1
/m/01hqhm /award/award_nominated_work/award_nominations./award/award_nomination/award_nominee /m/04t7ts 2 1 1 1 0 1
/m/01f85k /award/award_nominated_work/award_nominations./award/award_nomination/award_nominee /m/02404v 3 1 1 1 0 1
/m/01cz7r /award/award_nominated_work/award_nominations./award/award_nomination/award_nominee /m/03m6pk 1 1 1 1 1 1
/m/043n0v_ /award/award_nominated_work/award_nominations./award/award_nomination/award_nominee /m/054k_8 1 1 1 1 1 1
/m/064ndc /award/award_nominated_work/award_nominations./award/award_nomination/award_nominee /m/017149 5 1 1 1 0 1
/m/08zrbl /award/award_nominated_work/award_nominations./award/award_nomination/award_nominee /m/0fsm8c 2 1 1 1 0 1
/m/01719t /award/award_nominated_work/award_nominations./award/award_nomination/award_nominee /m/036qs_ 2 1 1 1 0 1
/m/01q_y0 /award/award_nominated_work/award_nominations./award/award_nomination/award_nominee /m/01z5tr 1 1 1 1 1 1
/m/01jc6q /award/award_nominated_work/award_nominations./award/award_nomination/award_nominee /m/02t__l 1 1 1 1 1 1
/m/0p9tm /award/award_nominated_work/award_nominations./award/award_nomination/award_nominee /m/0gs1_ 3 1 1 1 0 1
/m/03f7nt /award/award_nominated_work/award_nominations./award/award_nomination/award_nominee /m/07r1h 5 1 1 1 0 1
/m/0dmn0x /award/award_nominated_work/award_nominations./award/award_nomination/award_nominee /m/012ljv 4 1 1 1 0 1
/m/02cbhg /award/award_nominated_work/award_nominations./award/award_nomination/award_nominee /m/02hfp_ 3 1 1 1 0 1
/m/0170k0 /award/award_nominated_work/award_nominations./award/award_nomination/award_nominee /m/0dbpyd 3 1 1 1 0 1
/m/0h3k3f /award/award_nominated_work/award_nominations./award/award_nomination/award_nominee /m/0c4qzm 1 1 1 1 1 1
/m/0bcp9b /award/award_nominated_work/award_nominations./award/award_nomination/award_nominee /m/02w0dc0 3 1 1 1 0 1
/m/05zwrg0 /award/award_nominated_work/award_nominations./award/award_nomination/award_nominee /m/0bwgc_ 1 1 1 1 1 1
/m/05zlld0 /award/award_nominated_work/award_nominations./award/award_nomination/award_nominee /m/04qmr 1 1 1 1 1 1
/m/02vqsll /award/award_nominated_work/award_nominations./award/award_nomination/award_nominee /m/02xv8m 2 1 1 1 0 1
/m/03d34x8 /award/award_nominated_work/award_nominations./award/award_nomination/award_nominee /m/0807ml 1 1 1 1 1 1
/m/02h2vv /award/award_nominated_work/award_nominations./award/award_nomination/award_nominee /m/01tj34 1 1 1 1 1 1
/m/011yd2 /award/award_nominated_work/award_nominations./award/award_nomination/award_nominee /m/02ldv0 1 1 1 1 1 1
/m/02rx2m5 /award/award_nominated_work/award_nominations./award/award_nomination/award_nominee /m/04bdxl 6 1 1 1 0 1
/m/05lfwd /award/award_nominated_work/award_nominations./award/award_nomination/award_nominee /m/069nzr 3 1 1 1 0 1
/m/026y3cf /award/award_nominated_work/award_nominations./award/award_nomination/award_nominee /m/015qq1 3 2 1 1 0 0
/m/0djkrp /award/award_nominated_work/award_nominations./award/award_nomination/award_nominee /m/05sq84 1 1 1 1 1 1
/m/04tqtl /award/award_nominated_work/award_nominations./award/award_nomination/award_nominee /m/06cv1 1 1 1 1 1 1
/m/015ppk /award/award_nominated_work/award_nominations./award/award_nomination/award_nominee /m/02vqpx8 3 2 1 1 0 0
/m/0hv4t /award/award_nominated_work/award_nominations./award/award_nomination/award_nominee /m/0hwbd 4 1 1 1 0 1
/m/02qkq0 /award/award_nominated_work/award_nominations./award/award_nomination/award_nominee /m/030znt 2 1 1 1 0 1
/m/0hz55 /award/award_nominated_work/award_nominations./award/award_nomination/award_nominee /m/02g9z1 1 1 1 1 1 1
/m/0cq7tx /award/award_nominated_work/award_nominations./award/award_nomination/award_nominee /m/0c6g29 4 1 1 1 0 1
/m/0888c3 /award/award_nominated_work/award_nominations./award/award_nomination/award_nominee /m/021bk 2 1 1 1 0 1
/m/0888c3 /award/award_nominated_work/award_nominations./award/award_nomination/award_nominee /m/03qd_ 2 1 1 1 0 1
/m/0140g4 /award/award_nominated_work/award_nominations./award/award_nomination/award_nominee /m/017jv5 32 26 0 0 0 0
/m/01ft14 /award/award_nominated_work/award_nominations./award/award_nomination/award_nominee /m/0fxky3 2 1 1 1 0 1
/m/0gkz3nz /award/award_nominated_work/award_nominations./award/award_nomination/award_nominee /m/0csdzz 6 1 1 1 0 1
/m/0g60z /award/award_nominated_work/award_nominations./award/award_nomination/award_nominee /m/04yqlk 6 4 1 1 0 0
/m/01pgp6 /award/award_nominated_work/award_nominations./award/award_nomination/award_nominee /m/0mdqp 5 1 1 1 0 1
/m/048vhl /award/award_nominated_work/award_nominations./award/award_nomination/award_nominee /m/0151w_ 5 1 1 1 0 1
/m/04vr_f /award/award_nominated_work/award_nominations./award/award_nomination/award_nominee /m/0gy6z9 1 1 1 1 1 1
/m/01sxly /award/award_nominated_work/award_nominations./award/award_nomination/award_nominee /m/041c4 4 1 1 1 0 1
/m/0sxgv /award/award_nominated_work/award_nominations./award/award_nomination/award_nominee /m/04t38b 6 1 1 1 0 1
/m/01f7gh /award/award_nominated_work/award_nominations./award/award_nomination/award_nominee /m/086sj 1 1 1 1 1 1
/m/0bxxzb /award/award_nominated_work/award_nominations./award/award_nomination/award_nominee /m/0f7hc 10 1 1 1 0 1
/m/074w86 /award/award_nominated_work/award_nominations./award/award_nomination/award_nominee /m/017s11 2 1 1 1 0 1
/m/04jpg2p /award/award_nominated_work/award_nominations./award/award_nomination/award_nominee /m/03mfqm 3 1 1 1 0 1
/m/0_b9f /award/award_nominated_work/award_nominations./award/award_nomination/award_nominee /m/0klh7 2 1 1 1 0 1
/m/04v8h1 /award/award_nominated_work/award_nominations./award/award_nomination/award_nominee /m/025cn2 2 1 1 1 0 1
/m/0qm98 /award/award_nominated_work/award_nominations./award/award_nomination/award_nominee /m/025h4z 3 1 1 1 0 1
/m/039fgy /award/award_nominated_work/award_nominations./award/award_nomination/award_nominee /m/05strv 2 1 1 1 0 1
/m/0ds35l9 /award/award_nominated_work/award_nominations./award/award_nomination/award_nominee /m/09r9dp 1 1 1 1 1 1
/m/0cz_ym /award/award_nominated_work/award_nominations./award/award_nomination/award_nominee /m/04mg6l 1 1 1 1 1 1
/m/0404j37 /award/award_nominated_work/award_nominations./award/award_nomination/award_nominee /m/0b6yp2 2 1 1 1 0 1
/m/0j6b5 /award/award_nominated_work/award_nominations./award/award_nomination/award_nominee /m/0534v 3 1 1 1 0 1
/m/07g9f /award/award_nominated_work/award_nominations./award/award_nomination/award_nominee /m/04h68j 1 1 1 1 1 1
/m/017180 /award/award_nominated_work/award_nominations./award/award_nomination/award_nominee /m/02dth1 3 1 1 1 0 1
/m/09xbpt /award/award_nominated_work/award_nominations./award/award_nomination/award_nominee /m/0c6qh 1 1 1 1 1 1
/m/047tsx3 /award/award_nominated_work/award_nominations./award/award_nomination/award_nominee /m/016kkx 1 1 1 1 1 1
/m/0gj50 /award/award_nominated_work/award_nominations./award/award_nomination/award_nominee /m/04wx2v 2 1 1 1 0 1
/m/08j7lh /award/award_nominated_work/award_nominations./award/award_nomination/award_nominee /m/0342vg 2 1 1 1 0 1
/m/0d68qy /award/award_nominated_work/award_nominations./award/award_nomination/award_nominee /m/02773nt 1 1 1 1 1 1
/m/0dcz8_ /award/award_nominated_work/award_nominations./award/award_nomination/award_nominee /m/03hhd3 3 2 1 1 0 0
/m/06sfk6 /award/award_nominated_work/award_nominations./award/award_nomination/award_nominee /m/0pmhf 5 1 1 1 0 1
/m/095zlp /award/award_nominated_work/award_nominations./award/award_nomination/award_nominee /m/05dbf 2 1 1 1 0 1
/m/0bx0l /award/award_nominated_work/award_nominations./award/award_nomination/award_nominee /m/027pdrh 1 1 1 1 1 1
/m/01qvz8 /award/award_nominated_work/award_nominations./award/award_nomination/award_nominee /m/0bj9k 7 1 1 1 0 1
/m/0pv3x /award/award_nominated_work/award_nominations./award/award_nomination/award_nominee /m/01f7dd 10 6 1 1 0 0
/m/0dp7wt /award/award_nominated_work/award_nominations./award/award_nomination/award_nominee /m/024rgt 3 1 1 1 0 1
/m/0dr_4 /award/award_nominated_work/award_nominations./award/award_nomination/award_nominee /m/01s7zw 3 1 1 1 0 1
/m/0df92l /award/award_nominated_work/award_nominations./award/award_nomination/award_nominee /m/0m9v7 1 1 1 1 1 1
/m/0828jw /award/award_nominated_work/award_nominations./award/award_nomination/award_nominee /m/09hd16 1 1 1 1 1 1
/m/0cf08 /award/award_nominated_work/award_nominations./award/award_nomination/award_nominee /m/0829rj 1 1 1 1 1 1
/m/02nczh /award/award_nominated_work/award_nominations./award/award_nomination/award_nominee /m/0mz73 2 1 1 1 0 1
/m/0l76z /award/award_nominated_work/award_nominations./award/award_nomination/award_nominee /m/03mdt 1 1 1 1 1 1
/m/017d93 /award/award_nominated_work/award_nominations./award/award_nomination/award_nominee /m/0184jw 3 1 1 1 0 1
/m/0hvvf /award/award_nominated_work/award_nominations./award/award_nomination/award_nominee /m/039bp 2 1 1 1 0 1
/m/01bl7g /award/award_nominated_work/award_nominations./award/award_nomination/award_nominee /m/01q_ph 6 1 1 1 0 1
/m/0330r /award/award_nominated_work/award_nominations./award/award_nomination/award_nominee /m/0d4fqn 1 1 1 1 1 1
/m/034b6k /award/award_nominated_work/award_nominations./award/award_nomination/award_nominee /m/0436kgz 1 1 1 1 1 1
/m/02rcwq0 /award/award_nominated_work/award_nominations./award/award_nomination/award_nominee /m/011_3s 2 1 1 1 0 1
/m/01vksx /award/award_nominated_work/award_nominations./award/award_nomination/award_nominee /m/09wj5 2 1 1 1 0 1
/m/059rc /award/award_nominated_work/award_nominations./award/award_nomination/award_nominee /m/05kfs 4 1 1 1 0 1
/m/04t6fk /award/award_nominated_work/award_nominations./award/award_nomination/award_nominee /m/08t7nz 1 1 1 1 1 1
/m/03lvwp /award/award_nominated_work/award_nominations./award/award_nomination/award_nominee /m/08664q 1 1 1 1 1 1
/m/02q5g1z /award/award_nominated_work/award_nominations./award/award_nomination/award_nominee /m/0dvmd 9 1 1 1 0 1
/m/0431v3 /award/award_nominated_work/award_nominations./award/award_nomination/award_nominee /m/0kctd 2 1 1 1 0 1
/m/04j13sx /award/award_nominated_work/award_nominations./award/award_nomination/award_nominee /m/02mxw0 1 1 1 1 1 1
/m/03ln8b /award/award_nominated_work/award_nominations./award/award_nomination/award_nominee /m/0443y3 1 1 1 1 1 1
/m/01718w /award/award_nominated_work/award_nominations./award/award_nomination/award_nominee /m/0pmhf 7 1 1 1 0 1
/m/03d34x8 /award/award_nominated_work/award_nominations./award/award_nomination/award_nominee /m/02m92h 1 1 1 1 1 1
/m/017gl1 /award/award_nominated_work/award_nominations./award/award_nomination/award_nominee /m/04ktcgn 1 1 1 1 1 1
/m/01jzyf /award/award_nominated_work/award_nominations./award/award_nomination/award_nominee /m/02kxbwx 3 1 1 1 0 1
/m/0fpxp /award/award_nominated_work/award_nominations./award/award_nomination/award_nominee /m/0fb1q 6 2 1 1 0 0
/m/09m6kg /award/award_nominated_work/award_nominations./award/award_nomination/award_nominee /m/04bdzg 1 1 1 1 1 1
/m/01xdxy /award/award_nominated_work/award_nominations./award/award_nomination/award_nominee /m/01fwpt 1 1 1 1 1 1
/m/0dr_4 /award/award_nominated_work/award_nominations./award/award_nomination/award_nominee /m/03q5dr 1 1 1 1 1 1
/m/0828jw /award/award_nominated_work/award_nominations./award/award_nomination/award_nominee /m/01xndd 1 1 1 1 1 1
/m/0vhm /award/award_nominated_work/award_nominations./award/award_nomination/award_nominee /m/06pj8 11 1 0 1 0 1
/m/01242_ /award/award_nominated_work/award_nominations./award/award_nomination/award_nominee /m/01l7qw 1 1 1 1 1 1
/m/0ch26b_ /award/award_nominated_work/award_nominations./award/award_nomination/award_nominee /m/02pq9yv 5 1 1 1 0 1
/m/0cf08 /award/award_nominated_work/award_nominations./award/award_nomination/award_nominee /m/01xcqc 1 1 1 1 1 1
/m/035bcl /award/award_nominated_work/award_nominations./award/award_nomination/award_nominee /m/01x72k 1 1 1 1 1 1
/m/0pd57 /award/award_nominated_work/award_nominations./award/award_nomination/award_nominee /m/018417 1 1 1 1 1 1
/m/0284b56 /award/award_nominated_work/award_nominations./award/award_nomination/award_nominee /m/015v3r 1 1 1 1 1 1
/m/0fpkhkz /award/award_nominated_work/award_nominations./award/award_nomination/award_nominee /m/04k25 1 1 1 1 1 1
/m/0cc7hmk /award/award_nominated_work/award_nominations./award/award_nomination/award_nominee /m/01chc7 1 1 1 1 1 1
/m/03cffvv /award/award_nominated_work/award_nominations./award/award_nomination/award_nominee /m/011_3s 4 1 1 1 0 1
/m/0168ls /award/award_nominated_work/award_nominations./award/award_nomination/award_nominee /m/02bn75 1 1 1 1 1 1
/m/0524b41 /award/award_nominated_work/award_nominations./award/award_nomination/award_nominee /m/02gvwz 4 2 1 1 0 0
/m/0m2kd /award/award_nominated_work/award_nominations./award/award_nomination/award_nominee /m/06jz0 5 2 1 1 0 0
/m/0p3_y /award/award_nominated_work/award_nominations./award/award_nomination/award_nominee /m/09pjnd 14745 14739 0 0 0 0
/m/01fx1l /award/award_nominated_work/award_nominations./award/award_nomination/award_nominee /m/02g5h5 2 1 1 1 0 1
/m/04vr_f /award/award_nominated_work/award_nominations./award/award_nomination/award_nominee /m/0c6qh 10 1 1 1 0 1
/m/0qmhk /award/award_nominated_work/award_nominations./award/award_nomination/award_nominee /m/040z9 1 1 1 1 1 1
/m/01sxly /award/award_nominated_work/award_nominations./award/award_nomination/award_nominee /m/0hwqz 2 1 1 1 0 1
/m/0gcpc /award/award_nominated_work/award_nominations./award/award_nomination/award_nominee /m/0k9ctht 7 5 1 1 0 0
/m/0d68qy /award/award_nominated_work/award_nominations./award/award_nomination/award_nominee /m/0gkydb 1 1 1 1 1 1
/m/01g03q /award/award_nominated_work/award_nominations./award/award_nomination/award_nominee /m/07ncs0 10 9 1 1 0 0
/m/0glbqt /award/award_nominated_work/award_nominations./award/award_nomination/award_nominee /m/020fgy 1 1 1 1 1 1
/m/0sxlb /award/award_nominated_work/award_nominations./award/award_nomination/award_nominee /m/01j5ts 1 1 1 1 1 1
/m/06qwh /award/award_nominated_work/award_nominations./award/award_nomination/award_nominee /m/0f13b 1 1 1 1 1 1
/m/08jgk1 /award/award_nominated_work/award_nominations./award/award_nomination/award_nominee /m/072bb1 1 1 1 1 1 1
/m/01b_lz /award/award_nominated_work/award_nominations./award/award_nomination/award_nominee /m/0739z6 2 1 1 1 0 1
/m/06ztvyx /award/award_nominated_work/award_nominations./award/award_nomination/award_nominee /m/06qgjh 1 1 1 1 1 1
/m/07nt8p /award/award_nominated_work/award_nominations./award/award_nomination/award_nominee /m/06449 2 1 1 1 0 1
/m/047wh1 /award/award_nominated_work/award_nominations./award/award_nomination/award_nominee /m/0cw67g 6 1 1 1 0 1
/m/02cbhg /award/award_nominated_work/award_nominations./award/award_nomination/award_nominee /m/02lp3c 4 1 1 1 0 1
/m/0gyv0b4 /award/award_nominated_work/award_nominations./award/award_nomination/award_nominee /m/02p5hf 1 1 1 1 1 1
/m/025x1t /award/award_nominated_work/award_nominations./award/award_nomination/award_nominee /m/06pj8 7 1 1 1 0 1
/m/03tps5 /award/award_nominated_work/award_nominations./award/award_nomination/award_nominee /m/0bl2g 2 1 1 1 0 1
/m/0233bn /award/award_nominated_work/award_nominations./award/award_nomination/award_nominee /m/01f873 2 1 1 1 0 1
/m/03ln8b /award/award_nominated_work/award_nominations./award/award_nomination/award_nominee /m/048hf 1 1 1 1 1 1
/m/0kv238 /award/award_nominated_work/award_nominations./award/award_nomination/award_nominee /m/0cw67g 4 1 1 1 0 1
/m/034hzj /award/award_nominated_work/award_nominations./award/award_nomination/award_nominee /m/03975z 5 3 1 1 0 0
/m/0cmc26r /award/award_nominated_work/award_nominations./award/award_nomination/award_nominee /m/01ps2h8 1 1 1 1 1 1
/m/02vnmc9 /award/award_nominated_work/award_nominations./award/award_nomination/award_nominee /m/0gv40 5 1 1 1 0 1
/m/027fwmt /award/award_nominated_work/award_nominations./award/award_nomination/award_nominee /m/01wd9lv 2 1 1 1 0 1
/m/06yykb /award/award_nominated_work/award_nominations./award/award_nomination/award_nominee /m/01vvb4m 5 1 1 1 0 1
/m/05mrf_p /award/award_nominated_work/award_nominations./award/award_nomination/award_nominee /m/06b_0 7 1 1 1 0 1
/m/07cyl /award/award_nominated_work/award_nominations./award/award_nomination/award_nominee /m/04353 2 1 1 1 0 1
/m/0320fn /award/award_nominated_work/award_nominations./award/award_nomination/award_nominee /m/01kb2j 9 1 1 1 0 1
/m/07nxnw /award/award_nominated_work/award_nominations./award/award_nomination/award_nominee /m/05qd_ 19 1 0 1 0 1
/m/02fqrf /award/award_nominated_work/award_nominations./award/award_nomination/award_nominee /m/01wy5m 3 1 1 1 0 1
/m/0194zl /award/award_nominated_work/award_nominations./award/award_nomination/award_nominee /m/0fvf9q 5 1 1 1 0 1
/m/0dx8gj /award/award_nominated_work/award_nominations./award/award_nomination/award_nominee /m/076_74 1 1 1 1 1 1
/m/01f8gz /award/award_nominated_work/award_nominations./award/award_nomination/award_nominee /m/02404v 7 3 1 1 0 0
/m/09tqkv2 /award/award_nominated_work/award_nominations./award/award_nomination/award_nominee /m/08wjf4 2 1 1 1 0 1
/m/015qsq /award/award_nominated_work/award_nominations./award/award_nomination/award_nominee /m/01_vfy 3 1 1 1 0 1
/m/03459x /award/award_nominated_work/award_nominations./award/award_nomination/award_nominee /m/043zg 2 1 1 1 0 1
/m/05sy2k_ /award/award_nominated_work/award_nominations./award/award_nomination/award_nominee /m/044mvs 6 5 1 1 0 0
/m/01h1bf /award/award_nominated_work/award_nominations./award/award_nomination/award_nominee /m/020ffd 1 1 1 1 1 1
/m/093dqjy /award/award_nominated_work/award_nominations./award/award_nomination/award_nominee /m/0f4dx2 1 1 1 1 1 1
/m/020bv3 /award/award_nominated_work/award_nominations./award/award_nomination/award_nominee /m/0993r 2 1 1 1 0 1
/m/0vhm /award/award_nominated_work/award_nominations./award/award_nomination/award_nominee /m/09b0xs 3 1 1 1 0 1
/m/0h0wd9 /award/award_nominated_work/award_nominations./award/award_nomination/award_nominee /m/07djnx 3 1 1 1 0 1
/m/0gy7bj4 /award/award_nominated_work/award_nominations./award/award_nomination/award_nominee /m/02q42j_ 6 1 1 1 0 1
/m/0yyg4 /award/award_nominated_work/award_nominations./award/award_nomination/award_nominee /m/01ycck 3 1 1 1 0 1
/m/05c5z8j /award/award_nominated_work/award_nominations./award/award_nomination/award_nominee /m/01wd3l 1 1 1 1 1 1
/m/0ddd0gc /award/award_nominated_work/award_nominations./award/award_nomination/award_nominee /m/0l6px 1 1 1 1 1 1
/m/0k4fz /award/award_nominated_work/award_nominations./award/award_nomination/award_nominee /m/071jv5 2 1 1 1 0 1
/m/08phg9 /award/award_nominated_work/award_nominations./award/award_nomination/award_nominee /m/09pl3s 1 1 1 1 1 1
/m/02ll45 /award/award_nominated_work/award_nominations./award/award_nomination/award_nominee /m/0p50v 4 1 1 1 0 1
/m/026n4h6 /award/award_nominated_work/award_nominations./award/award_nomination/award_nominee /m/030_1m 1 1 1 1 1 1
/m/046488 /award/award_nominated_work/award_nominations./award/award_nomination/award_nominee /m/018db8 13 8 0 1 0 0
/m/04jwly /award/award_nominated_work/award_nominations./award/award_nomination/award_nominee /m/04wf_b 1 1 1 1 1 1
/m/0dfw0 /award/award_nominated_work/award_nominations./award/award_nomination/award_nominee /m/016tt2 17 1 0 1 0 1
/m/0h1x5f /award/award_nominated_work/award_nominations./award/award_nomination/award_nominee /m/092kgw 3 1 1 1 0 1
/m/0dl9_4 /award/award_nominated_work/award_nominations./award/award_nomination/award_nominee /m/01ps2h8 1 1 1 1 1 1
/m/031hcx /award/award_nominated_work/award_nominations./award/award_nomination/award_nominee /m/0d5wn3 6 1 1 1 0 1
/m/017gl1 /award/award_nominated_work/award_nominations./award/award_nomination/award_nominee /m/03ym1 5 1 1 1 0 1
/m/015ppk /award/award_nominated_work/award_nominations./award/award_nomination/award_nominee /m/022yb4 1 1 1 1 1 1
/m/0sxmx /award/award_nominated_work/award_nominations./award/award_nomination/award_nominee /m/01f7dd 2 1 1 1 0 1
/m/015pnb /award/award_nominated_work/award_nominations./award/award_nomination/award_nominee /m/01kkx2 1 1 1 1 1 1
/m/095zlp /award/award_nominated_work/award_nominations./award/award_nomination/award_nominee /m/0525b 1 1 1 1 1 1
/m/05dmmc /award/award_nominated_work/award_nominations./award/award_nomination/award_nominee /m/076lxv 4 1 1 1 0 1
/m/0fg04 /award/award_nominated_work/award_nominations./award/award_nomination/award_nominee /m/03m49ly 1 1 1 1 1 1
/m/0828jw /award/award_nominated_work/award_nominations./award/award_nomination/award_nominee /m/031ydm 1 1 1 1 1 1
/m/0b3n61 /award/award_nominated_work/award_nominations./award/award_nomination/award_nominee /m/0mdqp 11 1 0 1 0 1
/m/046f3p /award/award_nominated_work/award_nominations./award/award_nomination/award_nominee /m/03x400 2 1 1 1 0 1
/m/01kff7 /award/award_nominated_work/award_nominations./award/award_nomination/award_nominee /m/012x4t 1 1 1 1 1 1
/m/03prz_ /award/award_nominated_work/award_nominations./award/award_nomination/award_nominee /m/02f2dn 5 1 1 1 0 1
/m/0jqp3 /award/award_nominated_work/award_nominations./award/award_nomination/award_nominee /m/02fn5 3 1 1 1 0 1
/m/02q7fl9 /award/award_nominated_work/award_nominations./award/award_nomination/award_nominee /m/0159h6 6 1 1 1 0 1
/m/06ztvyx /award/award_nominated_work/award_nominations./award/award_nomination/award_nominee /m/01gb54 10 1 1 1 0 1
/m/0cs134 /award/award_nominated_work/award_nominations./award/award_nomination/award_nominee /m/06x58 1 1 1 1 1 1
/m/0k4kk /award/award_nominated_work/award_nominations./award/award_nomination/award_nominee /m/05683cn 2 1 1 1 0 1
/m/01gvpz /award/award_nominated_work/award_nominations./award/award_nomination/award_nominee /m/01wrcxr 1 1 1 1 1 1
/m/02vxq9m /award/award_nominated_work/award_nominations./award/award_nomination/award_nominee /m/0lpjn 8 1 1 1 0 1
/m/02p76f9 /award/award_nominated_work/award_nominations./award/award_nomination/award_nominee /m/03r1pr 6 1 1 1 0 1
/m/07f_t4 /award/award_nominated_work/award_nominations./award/award_nomination/award_nominee /m/06mnbn 2 1 1 1 0 1
/m/05tgks /award/award_nominated_work/award_nominations./award/award_nomination/award_nominee /m/043zg 4 1 1 1 0 1
/m/0y_9q /award/award_nominated_work/award_nominations./award/award_nomination/award_nominee /m/0z05l 3 2 1 1 0 0
/m/0gm2_0 /award/award_nominated_work/award_nominations./award/award_nomination/award_nominee /m/0372kf 7 2 1 1 0 0
/m/016tvq /award/award_nominated_work/award_nominations./award/award_nomination/award_nominee /m/01bmlb 7198 7196 0 0 0 0
/m/02kk_c /award/award_nominated_work/award_nominations./award/award_nomination/award_nominee /m/03mdt 12 1 0 1 0 1
/m/02vqsll /award/award_nominated_work/award_nominations./award/award_nomination/award_nominee /m/04wp3s 3 1 1 1 0 1
/m/0cc7hmk /award/award_nominated_work/award_nominations./award/award_nomination/award_nominee /m/09dv0sz 1 1 1 1 1 1
/m/011yth /award/award_nominated_work/award_nominations./award/award_nomination/award_nominee /m/01ycbq 2 1 1 1 0 1
/m/07vn_9 /award/award_nominated_work/award_nominations./award/award_nomination/award_nominee /m/02xs5v 9 6 1 1 0 0
/m/02r1c18 /award/award_nominated_work/award_nominations./award/award_nomination/award_nominee /m/08wr3kg 1 1 1 1 1 1
/m/014l6_ /award/award_nominated_work/award_nominations./award/award_nomination/award_nominee /m/04pqqb 7 4 1 1 0 0
/m/03cmsqb /award/award_nominated_work/award_nominations./award/award_nomination/award_nominee /m/016tt2 7 1 1 1 0 1
/m/03cmsqb /award/award_nominated_work/award_nominations./award/award_nomination/award_nominee /m/0794g 3 1 1 1 0 1
/m/0ch3qr1 /award/award_nominated_work/award_nominations./award/award_nomination/award_nominee /m/02r251z 1 1 1 1 1 1
/m/0df92l /award/award_nominated_work/award_nominations./award/award_nomination/award_nominee /m/014hdb 1 1 1 1 1 1
/m/01k5y0 /award/award_nominated_work/award_nominations./award/award_nomination/award_nominee /m/096hm 1 1 1 1 1 1
/m/0pk1p /award/award_nominated_work/award_nominations./award/award_nomination/award_nominee /m/01sp81 2 1 1 1 0 1
/m/0gmgwnv /award/award_nominated_work/award_nominations./award/award_nomination/award_nominee /m/05183k 5 1 1 1 0 1
/m/0kfv9 /award/award_nominated_work/award_nominations./award/award_nomination/award_nominee /m/05m9f9 3 1 1 1 0 1
/m/026lgs /award/award_nominated_work/award_nominations./award/award_nomination/award_nominee /m/035kl6 3 2 1 1 0 0
/m/017gm7 /award/award_nominated_work/award_nominations./award/award_nomination/award_nominee /m/0js9s 1 1 1 1 1 1
/m/02c638 /award/award_nominated_work/award_nominations./award/award_nomination/award_nominee /m/020_95 13 4 0 1 0 0
/m/04wddl /award/award_nominated_work/award_nominations./award/award_nomination/award_nominee /m/02cqbx 4 1 1 1 0 1
/m/0ywrc /award/award_nominated_work/award_nominations./award/award_nomination/award_nominee /m/0l12d 1 1 1 1 1 1
/m/06z8s_ /award/award_nominated_work/award_nominations./award/award_nomination/award_nominee /m/06t8b 2 1 1 1 0 1
/m/0k_9j /award/award_nominated_work/award_nominations./award/award_nomination/award_nominee /m/06p0s1 4 1 1 1 0 1
/m/01bn3l /award/award_nominated_work/award_nominations./award/award_nomination/award_nominee /m/0c1j_ 1 1 1 1 1 1
/m/02qjv1p /award/award_nominated_work/award_nominations./award/award_nomination/award_nominee /m/02xc1w4 2 1 1 1 0 1
/m/02cbhg /award/award_nominated_work/award_nominations./award/award_nomination/award_nominee /m/0bytkq 6 1 1 1 0 1
/m/02czd5 /award/award_nominated_work/award_nominations./award/award_nomination/award_nominee /m/06hhrs 2 1 1 1 0 1
/m/05hjnw /award/award_nominated_work/award_nominations./award/award_nomination/award_nominee /m/02pjvc 1 1 1 1 1 1
/m/02q5g1z /award/award_nominated_work/award_nominations./award/award_nomination/award_nominee /m/0cjsxp 3 1 1 1 0 1
/m/02jxrw /award/award_nominated_work/award_nominations./award/award_nomination/award_nominee /m/07j8kh 1 1 1 1 1 1
/m/05mrf_p /award/award_nominated_work/award_nominations./award/award_nomination/award_nominee /m/0csdzz 2 1 1 1 0 1
/m/04dsnp /award/award_nominated_work/award_nominations./award/award_nomination/award_nominee /m/0jw67 3 1 1 1 0 1
/m/0277j40 /award/award_nominated_work/award_nominations./award/award_nomination/award_nominee /m/029_l 2 1 1 1 0 1
/m/03kx49 /award/award_nominated_work/award_nominations./award/award_nomination/award_nominee /m/020jqv 2 1 1 1 0 1
/m/02h2vv /award/award_nominated_work/award_nominations./award/award_nomination/award_nominee /m/01dw9z 2 1 1 1 0 1
/m/0d87hc /award/award_nominated_work/award_nominations./award/award_nomination/award_nominee /m/0cw67g 2 1 1 1 0 1
/m/026zlh9 /award/award_nominated_work/award_nominations./award/award_nomination/award_nominee /m/01xsbh 2 1 1 1 0 1
/m/06fpsx /award/award_nominated_work/award_nominations./award/award_nomination/award_nominee /m/05txrz 3 1 1 1 0 1
/m/040b5k /award/award_nominated_work/award_nominations./award/award_nomination/award_nominee /m/024rdh 4 1 1 1 0 1
/m/02c6d /award/award_nominated_work/award_nominations./award/award_nomination/award_nominee /m/0gnbw 5 1 1 1 0 1
/m/095zlp /award/award_nominated_work/award_nominations./award/award_nomination/award_nominee /m/0jz9f 7 2 1 1 0 0
/m/02hct1 /award/award_nominated_work/award_nominations./award/award_nomination/award_nominee /m/02r_d4 1 1 1 1 1 1
/m/01rnly /award/award_nominated_work/award_nominations./award/award_nomination/award_nominee /m/03wd5tk 5 1 1 1 0 1
/m/0280061 /award/award_nominated_work/award_nominations./award/award_nomination/award_nominee /m/08w7vj 2 1 1 1 0 1
/m/01k7b0 /award/award_nominated_work/award_nominations./award/award_nomination/award_nominee /m/019l68 2 1 1 1 0 1
/m/0kfv9 /award/award_nominated_work/award_nominations./award/award_nomination/award_nominee /m/02lgj6 1 1 1 1 1 1
/m/01b66t /award/award_nominated_work/award_nominations./award/award_nomination/award_nominee /m/026n998 2 1 1 1 0 1
/m/01b66t /award/award_nominated_work/award_nominations./award/award_nomination/award_nominee /m/03cl8lb 2 1 1 1 0 1
/m/0dtfn /award/award_nominated_work/award_nominations./award/award_nomination/award_nominee /m/09dvgb8 1 1 1 1 1 1
/m/0yyg4 /award/award_nominated_work/award_nominations./award/award_nomination/award_nominee /m/01p7yb 5 1 1 1 0 1
/m/0661ql3 /award/award_nominated_work/award_nominations./award/award_nomination/award_nominee /m/0184dt 4 1 1 1 0 1
/m/0k4fz /award/award_nominated_work/award_nominations./award/award_nomination/award_nominee /m/07h1tr 1 1 1 1 1 1
/m/0k4kk /award/award_nominated_work/award_nominations./award/award_nomination/award_nominee /m/07h1tr 3 1 1 1 0 1
/m/07s846j /award/award_nominated_work/award_nominations./award/award_nomination/award_nominee /m/04q5zw 2 1 1 1 0 1
/m/0h95927 /award/award_nominated_work/award_nominations./award/award_nomination/award_nominee /m/02jtjz 2 1 1 1 0 1
/m/027r9t /award/award_nominated_work/award_nominations./award/award_nomination/award_nominee /m/01g23m 2 1 1 1 0 1
/m/08bytj /award/award_nominated_work/award_nominations./award/award_nomination/award_nominee /m/03jvmp 8 1 1 1 0 1
/m/07cdz /award/award_nominated_work/award_nominations./award/award_nomination/award_nominee /m/0bl2g 1 1 1 1 1 1
/m/0cbl95 /award/award_nominated_work/award_nominations./award/award_nomination/award_nominee /m/016tw3 6 1 1 1 0 1
/m/05mrf_p /award/award_nominated_work/award_nominations./award/award_nomination/award_nominee /m/04f525m 3 1 1 1 0 1
/m/02wgbb /award/award_nominated_work/award_nominations./award/award_nomination/award_nominee /m/0dx_q 2 1 1 1 0 1
/m/05k4my /award/award_nominated_work/award_nominations./award/award_nomination/award_nominee /m/0jrqq 3 1 1 1 0 1
/m/08mg_b /award/award_nominated_work/award_nominations./award/award_nomination/award_nominee /m/047q2wc 1 1 1 1 1 1
/m/05lfwd /award/award_nominated_work/award_nominations./award/award_nomination/award_nominee /m/06czyr 1 1 1 1 1 1
/m/0ds11z /award/award_nominated_work/award_nominations./award/award_nomination/award_nominee /m/05183k 1 1 1 1 1 1
/m/0yx1m /award/award_nominated_work/award_nominations./award/award_nomination/award_nominee /m/0bqytm 2 1 1 1 0 1
/m/01g03q /award/award_nominated_work/award_nominations./award/award_nomination/award_nominee /m/02nwxc 1 1 1 1 1 1
/m/016z9n /award/award_nominated_work/award_nominations./award/award_nomination/award_nominee /m/0146pg 17 1 0 1 0 1
/m/0dr_4 /award/award_nominated_work/award_nominations./award/award_nomination/award_nominee /m/05qd_ 14 1 0 1 0 1
/m/027qgy /award/award_nominated_work/award_nominations./award/award_nomination/award_nominee /m/0415svh 5 1 1 1 0 1
/m/0kfv9 /award/award_nominated_work/award_nominations./award/award_nomination/award_nominee /m/01l1sq 1 1 1 1 1 1
/m/0kfv9 /award/award_nominated_work/award_nominations./award/award_nomination/award_nominee /m/02lfns 1 1 1 1 1 1
/m/075wx7_ /award/award_nominated_work/award_nominations./award/award_nomination/award_nominee /m/07ldhs 2 1 1 1 0 1
/m/01z452 /award/award_nominated_work/award_nominations./award/award_nomination/award_nominee /m/01hrqc 1 1 1 1 1 1
/m/03177r /award/award_nominated_work/award_nominations./award/award_nomination/award_nominee /m/0146pg 24 6 0 1 0 0
/m/08jgk1 /award/award_nominated_work/award_nominations./award/award_nomination/award_nominee /m/083chw 2 1 1 1 0 1
/m/0pc62 /award/award_nominated_work/award_nominations./award/award_nomination/award_nominee /m/01795t 33 27 0 0 0 0
/m/09cr8 /award/award_nominated_work/award_nominations./award/award_nomination/award_nominee /m/0kjgl 2 1 1 1 0 1
/m/02v5_g /award/award_nominated_work/award_nominations./award/award_nomination/award_nominee /m/0l8v5 2 1 1 1 0 1
/m/039c26 /award/award_nominated_work/award_nominations./award/award_nomination/award_nominee /m/05th8t 1 1 1 1 1 1
/m/08bytj /award/award_nominated_work/award_nominations./award/award_nomination/award_nominee /m/0415svh 4 1 1 1 0 1
/m/02ryz24 /award/award_nominated_work/award_nominations./award/award_nomination/award_nominee /m/016z2j 7 1 1 1 0 1
/m/03cvvlg /award/award_nominated_work/award_nominations./award/award_nomination/award_nominee /m/0h0wc 7 1 1 1 0 1
/m/02mt51 /award/award_nominated_work/award_nominations./award/award_nomination/award_nominee /m/02mt4k 1 1 1 1 1 1
/m/0gys2jp /award/award_nominated_work/award_nominations./award/award_nomination/award_nominee /m/014hdb 2 1 1 1 0 1
/m/01y9r2 /award/award_nominated_work/award_nominations./award/award_nomination/award_nominee /m/01r93l 4 1 1 1 0 1
/m/03ln8b /award/award_nominated_work/award_nominations./award/award_nomination/award_nominee /m/038g2x 1 1 1 1 1 1
/m/0jdgr /award/award_nominated_work/award_nominations./award/award_nomination/award_nominee /m/0284n42 4 1 1 1 0 1
/m/03hj5lq /award/award_nominated_work/award_nominations./award/award_nomination/award_nominee /m/02m501 1 1 1 1 1 1
/m/02tgz4 /award/award_nominated_work/award_nominations./award/award_nomination/award_nominee /m/086sj 1 1 1 1 1 1
/m/0sxns /award/award_nominated_work/award_nominations./award/award_nomination/award_nominee /m/01cpqk 1 1 1 1 1 1
/m/01pgp6 /award/award_nominated_work/award_nominations./award/award_nomination/award_nominee /m/0pgm3 1 1 1 1 1 1
/m/03nt59 /award/award_nominated_work/award_nominations./award/award_nomination/award_nominee /m/025y9fn 7805 7801 0 0 0 0
/m/04vr_f /award/award_nominated_work/award_nominations./award/award_nomination/award_nominee /m/06pj8 17 1 0 1 0 1
/m/012jfb /award/award_nominated_work/award_nominations./award/award_nomination/award_nominee /m/017jv5 6 1 1 1 0 1
/m/0sxgv /award/award_nominated_work/award_nominations./award/award_nomination/award_nominee /m/016yzz 1 1 1 1 1 1
/m/02py4c8 /award/award_nominated_work/award_nominations./award/award_nomination/award_nominee /m/0hskw 1 1 1 1 1 1
/m/0dr_4 /award/award_nominated_work/award_nominations./award/award_nomination/award_nominee /m/0dvmd 3 1 1 1 0 1
/m/0gy0n /award/award_nominated_work/award_nominations./award/award_nomination/award_nominee /m/01xcfy 1 1 1 1 1 1
/m/0kfv9 /award/award_nominated_work/award_nominations./award/award_nomination/award_nominee /m/01dy7j 2 1 1 1 0 1
/m/043mk4y /award/award_nominated_work/award_nominations./award/award_nomination/award_nominee /m/03jvmp 62 51 0 0 0 0
/m/06t2t2 /award/award_nominated_work/award_nominations./award/award_nomination/award_nominee /m/02qfhb 1 1 1 1 1 1
/m/017d93 /award/award_nominated_work/award_nominations./award/award_nomination/award_nominee /m/0168dy 3 2 1 1 0 0
/m/011yg9 /award/award_nominated_work/award_nominations./award/award_nomination/award_nominee /m/0dvld 2 1 1 1 0 1
/m/084302 /award/award_nominated_work/award_nominations./award/award_nomination/award_nominee /m/0gnbw 2 1 1 1 0 1
/m/02_1q9 /award/award_nominated_work/award_nominations./award/award_nomination/award_nominee /m/026n3rs 3 1 1 1 0 1
/m/04gp58p /award/award_nominated_work/award_nominations./award/award_nomination/award_nominee /m/02vntj 2 1 1 1 0 1
/m/02vxq9m /award/award_nominated_work/award_nominations./award/award_nomination/award_nominee /m/01713c 2 1 1 1 0 1
/m/0m313 /award/award_nominated_work/award_nominations./award/award_nomination/award_nominee /m/0151w_ 9 1 1 1 0 1
/m/0ddt_ /award/award_nominated_work/award_nominations./award/award_nomination/award_nominee /m/06rnl9 6 1 1 1 0 1
/m/0gkz3nz /award/award_nominated_work/award_nominations./award/award_nomination/award_nominee /m/02ld6x 6 1 1 1 0 1
/m/0286gm1 /award/award_nominated_work/award_nominations./award/award_nomination/award_nominee /m/03wd5tk 1 1 1 1 1 1
/m/0jswp /award/award_nominated_work/award_nominations./award/award_nomination/award_nominee /m/0p51w 3 1 1 1 0 1
/m/041td_ /award/award_nominated_work/award_nominations./award/award_nomination/award_nominee /m/071ynp 1 1 1 1 1 1
/m/07nnp_ /award/award_nominated_work/award_nominations./award/award_nomination/award_nominee /m/04bdqk 1 1 1 1 1 1
/m/0h7t36 /award/award_nominated_work/award_nominations./award/award_nomination/award_nominee /m/04bdxl 5 1 1 1 0 1
/m/0ds11z /award/award_nominated_work/award_nominations./award/award_nomination/award_nominee /m/0kszw 10065 10060 0 0 0 0
/m/01pj_5 /award/award_nominated_work/award_nominations./award/award_nomination/award_nominee /m/01pk3z 1 1 1 1 1 1
/m/0bx0l /award/award_nominated_work/award_nominations./award/award_nomination/award_nominee /m/0b_fw 1 1 1 1 1 1
/m/04jpg2p /award/award_nominated_work/award_nominations./award/award_nomination/award_nominee /m/0jfx1 4 1 1 1 0 1
/m/0bt4g /award/award_nominated_work/award_nominations./award/award_nomination/award_nominee /m/03h26tm 4 1 1 1 0 1
/m/01b66t /award/award_nominated_work/award_nominations./award/award_nomination/award_nominee /m/02g87m 3 1 1 1 0 1
/m/0pc62 /award/award_nominated_work/award_nominations./award/award_nomination/award_nominee /m/02qzjj 3 1 1 1 0 1
/m/0p9lw /award/award_nominated_work/award_nominations./award/award_nomination/award_nominee /m/0gd9k 2 1 1 1 0 1
/m/09gq0x5 /award/award_nominated_work/award_nominations./award/award_nomination/award_nominee /m/0csdzz 4 1 1 1 0 1
/m/06bd5j /award/award_nominated_work/award_nominations./award/award_nomination/award_nominee /m/017s11 13 1 0 1 0 1
/m/077q8x /award/award_nominated_work/award_nominations./award/award_nomination/award_nominee /m/0bwh6 6 1 1 1 0 1
/m/0jvt9 /award/award_nominated_work/award_nominations./award/award_nomination/award_nominee /m/09cdxn 1 1 1 1 1 1
/m/05p9_ql /award/award_nominated_work/award_nominations./award/award_nomination/award_nominee /m/07ncs0 1 1 1 1 1 1
/m/07k8rt4 /award/award_nominated_work/award_nominations./award/award_nomination/award_nominee /m/02nfjp 2 1 1 1 0 1
/m/03lvwp /award/award_nominated_work/award_nominations./award/award_nomination/award_nominee /m/03lvyj 1 1 1 1 1 1
/m/02prw4h /award/award_nominated_work/award_nominations./award/award_nomination/award_nominee /m/05yh_t 1 1 1 1 1 1
/m/0m313 /award/award_nominated_work/award_nominations./award/award_nomination/award_nominee /m/0m31m 1 1 1 1 1 1
/m/0c0zq /award/award_nominated_work/award_nominations./award/award_nomination/award_nominee /m/01x6v6 2 1 1 1 0 1
/m/0gzlb9 /award/award_nominated_work/award_nominations./award/award_nomination/award_nominee /m/01pqy_ 1 1 1 1 1 1
/m/050gkf /award/award_nominated_work/award_nominations./award/award_nomination/award_nominee /m/0zcbl 2 1 1 1 0 1
/m/0yxf4 /award/award_nominated_work/award_nominations./award/award_nomination/award_nominee /m/02vkvcz 2 1 1 1 0 1
/m/02pqs8l /award/award_nominated_work/award_nominations./award/award_nomination/award_nominee /m/06w2yp9 1 1 1 1 1 1
/m/0dr3sl /award/award_nominated_work/award_nominations./award/award_nomination/award_nominee /m/0bksh 5 1 1 1 0 1
/m/0kfpm /award/award_nominated_work/award_nominations./award/award_nomination/award_nominee /m/02qlkc3 1 1 1 1 1 1
/m/0hr41p6 /award/award_nominated_work/award_nominations./award/award_nomination/award_nominee /m/05ty4m 1 1 1 1 1 1
/m/0kcn7 /award/award_nominated_work/award_nominations./award/award_nomination/award_nominee /m/01vb403 2 1 1 1 0 1
/m/02yvct /award/award_nominated_work/award_nominations./award/award_nomination/award_nominee /m/021yc7p 9 2 1 1 0 0
/m/026p4q7 /award/award_nominated_work/award_nominations./award/award_nomination/award_nominee /m/0509bl 7 4 1 1 0 0
/m/051zy_b /award/award_nominated_work/award_nominations./award/award_nomination/award_nominee /m/0284n42 4 1 1 1 0 1
/m/08s6mr /award/award_nominated_work/award_nominations./award/award_nomination/award_nominee /m/02ld6x 1 1 1 1 1 1
/m/0cc846d /award/award_nominated_work/award_nominations./award/award_nomination/award_nominee /m/058s44 3 2 1 1 0 0
/m/0330r /award/award_nominated_work/award_nominations./award/award_nomination/award_nominee /m/0170s4 4 1 1 1 0 1
/m/01qb559 /award/award_nominated_work/award_nominations./award/award_nomination/award_nominee /m/01wbg84 4 1 1 1 0 1
/m/07bx6 /award/award_nominated_work/award_nominations./award/award_nomination/award_nominee /m/0284n42 3 1 1 1 0 1
/m/0296vv /award/award_nominated_work/award_nominations./award/award_nomination/award_nominee /m/0n6f8 2 1 1 1 0 1
/m/0bbgly /award/award_nominated_work/award_nominations./award/award_nomination/award_nominee /m/016z1c 1 1 1 1 1 1
/m/01lsl /award/award_nominated_work/award_nominations./award/award_nomination/award_nominee /m/0523v5y 3 1 1 1 0 1
/m/02k_4g /award/award_nominated_work/award_nominations./award/award_nomination/award_nominee /m/015qyf 2 1 1 1 0 1
/m/01flv_ /award/award_nominated_work/award_nominations./award/award_nomination/award_nominee /m/0146pg 6 1 1 1 0 1
/m/0bhwhj /award/award_nominated_work/award_nominations./award/award_nomination/award_nominee /m/0lgsq 1 1 1 1 1 1
/m/05q_dw /award/award_nominated_work/award_nominations./award/award_nomination/award_nominee /m/057176 1 1 1 1 1 1
/m/0180mw /award/award_nominated_work/award_nominations./award/award_nomination/award_nominee /m/03c6vl 2 1 1 1 0 1
/m/05lfwd /award/award_nominated_work/award_nominations./award/award_nomination/award_nominee /m/04pp9s 1 1 1 1 1 1
/m/027m5wv /award/award_nominated_work/award_nominations./award/award_nomination/award_nominee /m/0lpjn 11 1 0 1 0 1
/m/0fh694 /award/award_nominated_work/award_nominations./award/award_nomination/award_nominee /m/02jxmr 1 1 1 1 1 1
/m/0blpg /award/award_nominated_work/award_nominations./award/award_nomination/award_nominee /m/0grrq8 4 1 1 1 0 1
/m/0gt1k /award/award_nominated_work/award_nominations./award/award_nomination/award_nominee /m/0c921 5 1 1 1 0 1
/m/095zlp /award/award_nominated_work/award_nominations./award/award_nomination/award_nominee /m/0fvf9q 6 1 1 1 0 1
/m/04jm_hq /award/award_nominated_work/award_nominations./award/award_nomination/award_nominee /m/02d42t 3 1 1 1 0 1
/m/0k419 /award/award_nominated_work/award_nominations./award/award_nomination/award_nominee /m/05683cn 5 3 1 1 0 0
/m/0cn_b8 /award/award_nominated_work/award_nominations./award/award_nomination/award_nominee /m/0dbc1s 5 2 1 1 0 0
/m/0h0wd9 /award/award_nominated_work/award_nominations./award/award_nomination/award_nominee /m/036jb 4 1 1 1 0 1
/m/061681 /award/award_nominated_work/award_nominations./award/award_nomination/award_nominee /m/0169dl 6 1 1 1 0 1
/m/0407yfx /award/award_nominated_work/award_nominations./award/award_nomination/award_nominee /m/0kk9v 7 1 1 1 0 1
/m/01qb5d /award/award_nominated_work/award_nominations./award/award_nomination/award_nominee /m/01pcq3 4 1 1 1 0 1
/m/0_9l_ /award/award_nominated_work/award_nominations./award/award_nomination/award_nominee /m/04ld94 3 1 1 1 0 1
/m/0qf2t /award/award_nominated_work/award_nominations./award/award_nomination/award_nominee /m/0jz9f 7 2 1 1 0 0
/m/02dr9j /award/award_nominated_work/award_nominations./award/award_nomination/award_nominee /m/02jxmr 4 1 1 1 0 1
/m/0hvvf /award/award_nominated_work/award_nominations./award/award_nomination/award_nominee /m/0gyx4 5 1 1 1 0 1
/m/0yxm1 /award/award_nominated_work/award_nominations./award/award_nomination/award_nominee /m/01vvb4m 7 1 1 1 0 1
/m/0dqcs3 /award/award_nominated_work/award_nominations./award/award_nomination/award_nominee /m/086k8 23 1 0 1 0 1
/m/034b6k /award/award_nominated_work/award_nominations./award/award_nomination/award_nominee /m/013knm 5 1 1 1 0 1
/m/0464pz /award/award_nominated_work/award_nominations./award/award_nomination/award_nominee /m/03mdt 3 1 1 1 0 1
/m/049xgc /award/award_nominated_work/award_nominations./award/award_nomination/award_nominee /m/04y8r 2 1 1 1 0 1
/m/05_5_22 /award/award_nominated_work/award_nominations./award/award_nomination/award_nominee /m/06crng 1 1 1 1 1 1
/m/02czd5 /award/award_nominated_work/award_nominations./award/award_nomination/award_nominee /m/05gnf 4 1 1 1 0 1
/m/02qzh2 /award/award_nominated_work/award_nominations./award/award_nomination/award_nominee /m/0151w_ 6 1 1 1 0 1
/m/0n0bp /award/award_nominated_work/award_nominations./award/award_nomination/award_nominee /m/01n9d9 2 1 1 1 0 1
/m/0123qq /award/award_nominated_work/award_nominations./award/award_nomination/award_nominee /m/01vq3nl 1 1 1 1 1 1
/m/0dt8xq /award/award_nominated_work/award_nominations./award/award_nomination/award_nominee /m/01zfmm 8 6 1 1 0 0
/m/0872p_c /award/award_nominated_work/award_nominations./award/award_nomination/award_nominee /m/05qd_ 17 1 0 1 0 1
/m/0dpl44 /award/award_nominated_work/award_nominations./award/award_nomination/award_nominee /m/0436kgz 2 1 1 1 0 1
/m/0pv2t /award/award_nominated_work/award_nominations./award/award_nomination/award_nominee /m/02kv5k 3 1 1 1 0 1
/m/0phrl /award/award_nominated_work/award_nominations./award/award_nomination/award_nominee /m/026b7bz 1 1 1 1 1 1
/m/03kxj2 /award/award_nominated_work/award_nominations./award/award_nomination/award_nominee /m/04kj2v 7 1 1 1 0 1
/m/0168ls /award/award_nominated_work/award_nominations./award/award_nomination/award_nominee /m/0byfz 4 1 1 1 0 1
/m/0sxkh /award/award_nominated_work/award_nominations./award/award_nomination/award_nominee /m/016khd 2 1 1 1 0 1
/m/0dx8gj /award/award_nominated_work/award_nominations./award/award_nomination/award_nominee /m/0h1p 2 1 1 1 0 1
/m/0kvf3b /award/award_nominated_work/award_nominations./award/award_nomination/award_nominee /m/02qx1m2 3 1 1 1 0 1
/m/01p3ty /award/award_nominated_work/award_nominations./award/award_nomination/award_nominee /m/01k6nm 1 1 1 1 1 1
/m/09tkzy /award/award_nominated_work/award_nominations./award/award_nomination/award_nominee /m/016xk5 2 1 1 1 0 1
/m/027qgy /award/award_nominated_work/award_nominations./award/award_nomination/award_nominee /m/044zvm 1 1 1 1 1 1
/m/0cf08 /award/award_nominated_work/award_nominations./award/award_nomination/award_nominee /m/01gw4f 4 1 1 1 0 1
/m/0qm98 /award/award_nominated_work/award_nominations./award/award_nomination/award_nominee /m/0ywqc 1 1 1 1 1 1
/m/082scv /award/award_nominated_work/award_nominations./award/award_nomination/award_nominee /m/029ghl 1 1 1 1 1 1
/m/01b7h8 /award/award_nominated_work/award_nominations./award/award_nomination/award_nominee /m/0b4rf3 1 1 1 1 1 1
/m/02q8ms8 /award/award_nominated_work/award_nominations./award/award_nomination/award_nominee /m/035rnz 4 1 1 1 0 1
/m/0ctb4g /award/award_nominated_work/award_nominations./award/award_nomination/award_nominee /m/01l2fn 1 1 1 1 1 1
/m/01hv3t /award/award_nominated_work/award_nominations./award/award_nomination/award_nominee /m/051z6rz 3 1 1 1 0 1
/m/0pv54 /award/award_nominated_work/award_nominations./award/award_nomination/award_nominee /m/0h5g_ 9 6 1 1 0 0
/m/06g60w /award/award_nominated_work/award_nominations./award/award_nomination/award_nominee /m/06x77g 1 1 1 1 1 1
/m/049xgc /award/award_nominated_work/award_nominations./award/award_nomination/award_nominee /m/016zp5 4 1 1 1 0 1
/m/05fm6m /award/award_nominated_work/award_nominations./award/award_nomination/award_nominee /m/04fcx7 1 1 1 1 1 1
/m/07cdz /award/award_nominated_work/award_nominations./award/award_nomination/award_nominee /m/01dbk6 2 1 1 1 0 1
/m/0cq7kw /award/award_nominated_work/award_nominations./award/award_nomination/award_nominee /m/012wg 2 1 1 1 0 1
/m/0fjyzt /award/award_nominated_work/award_nominations./award/award_nomination/award_nominee /m/0gnbw 1 1 1 1 1 1
/m/0b005 /award/award_nominated_work/award_nominations./award/award_nomination/award_nominee /m/01w1ywm 1 1 1 1 1 1
/m/03rg2b /award/award_nominated_work/award_nominations./award/award_nomination/award_nominee /m/01dvms 1 1 1 1 1 1
/m/072kp /award/award_nominated_work/award_nominations./award/award_nomination/award_nominee /m/09gffmz 1 1 1 1 1 1
/m/03ynwqj /award/award_nominated_work/award_nominations./award/award_nomination/award_nominee /m/06pcz0 13963 13963 0 0 0 0
/m/01h72l /award/award_nominated_work/award_nominations./award/award_nomination/award_nominee /m/03fykz 1 1 1 1 1 1
/m/0gndh /award/award_nominated_work/award_nominations./award/award_nomination/award_nominee /m/071jv5 4 1 1 1 0 1
/m/017jd9 /award/award_nominated_work/award_nominations./award/award_nomination/award_nominee /m/01846t 1 1 1 1 1 1
/m/0g22z /award/award_nominated_work/award_nominations./award/award_nomination/award_nominee /m/01xv77 3 2 1 1 0 0
/m/015ppk /award/award_nominated_work/award_nominations./award/award_nomination/award_nominee /m/07qcbw 1 1 1 1 1 1
/m/02q_ncg /award/award_nominated_work/award_nominations./award/award_nomination/award_nominee /m/0c12h 3 1 1 1 0 1
/m/02rzdcp /award/award_nominated_work/award_nominations./award/award_nomination/award_nominee /m/0d810y 1 1 1 1 1 1
/m/014kkm /award/award_nominated_work/award_nominations./award/award_nomination/award_nominee /m/0fx0j2 1 1 1 1 1 1
/m/0bnzd /award/award_nominated_work/award_nominations./award/award_nomination/award_nominee /m/01g257 3 1 1 1 0 1
/m/07phbc /award/award_nominated_work/award_nominations./award/award_nomination/award_nominee /m/03rwz3 3 1 1 1 0 1
/m/0209xj /award/award_nominated_work/award_nominations./award/award_nomination/award_nominee /m/01_f_5 4 1 1 1 0 1
/m/0209xj /award/award_nominated_work/award_nominations./award/award_nomination/award_nominee /m/024rbz 6 2 1 1 0 0
/m/02q87z6 /award/award_nominated_work/award_nominations./award/award_nomination/award_nominee /m/0jrqq 4 1 1 1 0 1
/m/0l76z /award/award_nominated_work/award_nominations./award/award_nomination/award_nominee /m/07ym6ss 1 1 1 1 1 1
/m/06_wqk4 /award/award_nominated_work/award_nominations./award/award_nomination/award_nominee /m/01p4vl 1 1 1 1 1 1
/m/02md2d /award/award_nominated_work/award_nominations./award/award_nomination/award_nominee /m/04mx__ 1 1 1 1 1 1
/m/0k20s /award/award_nominated_work/award_nominations./award/award_nomination/award_nominee /m/01q4qv 2 1 1 1 0 1
/m/02rcwq0 /award/award_nominated_work/award_nominations./award/award_nomination/award_nominee /m/016khd 4 1 1 1 0 1
/m/04zl8 /award/award_nominated_work/award_nominations./award/award_nomination/award_nominee /m/0dn44 1 1 1 1 1 1
/m/02pjc1h /award/award_nominated_work/award_nominations./award/award_nomination/award_nominee /m/040rjq 2 1 1 1 0 1
/m/02bqvs /award/award_nominated_work/award_nominations./award/award_nomination/award_nominee /m/04psyp 1 1 1 1 1 1
/m/0260bz /award/award_nominated_work/award_nominations./award/award_nomination/award_nominee /m/016dmx 1 1 1 1 1 1
/m/0gmcwlb /award/award_nominated_work/award_nominations./award/award_nomination/award_nominee /m/061dn_ 5 2 1 1 0 0
/m/09d38d /award/award_nominated_work/award_nominations./award/award_nomination/award_nominee /m/0c0tzp 6 1 1 1 0 1
/m/04jplwp /award/award_nominated_work/award_nominations./award/award_nomination/award_nominee /m/01qq_lp 1 1 1 1 1 1
/m/0k5g9 /award/award_nominated_work/award_nominations./award/award_nomination/award_nominee /m/0dh73w 5 1 1 1 0 1
/m/049mql /award/award_nominated_work/award_nominations./award/award_nomination/award_nominee /m/086k8 11 1 0 1 0 1
/m/017gl1 /award/award_nominated_work/award_nominations./award/award_nomination/award_nominee /m/016zp5 3 1 1 1 0 1
/m/0ds3t5x /award/award_nominated_work/award_nominations./award/award_nomination/award_nominee /m/01r2c7 2 1 1 1 0 1
/m/09m6kg /award/award_nominated_work/award_nominations./award/award_nomination/award_nominee /m/06dkzt 1 1 1 1 1 1
/m/011ywj /award/award_nominated_work/award_nominations./award/award_nomination/award_nominee /m/0h0yt 1 1 1 1 1 1
/m/020bv3 /award/award_nominated_work/award_nominations./award/award_nomination/award_nominee /m/01qrbf 1 1 1 1 1 1
/m/0ddjy /award/award_nominated_work/award_nominations./award/award_nomination/award_nominee /m/0bbxx9b 7 2 1 1 0 0
/m/0gy0n /award/award_nominated_work/award_nominations./award/award_nomination/award_nominee /m/0150t6 13 1 0 1 0 1
/m/0_92w /award/award_nominated_work/award_nominations./award/award_nomination/award_nominee /m/039bp 2 1 1 1 0 1
/m/02vrgnr /award/award_nominated_work/award_nominations./award/award_nomination/award_nominee /m/0147dk 1 1 1 1 1 1
/m/03pc89 /award/award_nominated_work/award_nominations./award/award_nomination/award_nominee /m/0ywqc 1 1 1 1 1 1
/m/0gvvm6l /award/award_nominated_work/award_nominations./award/award_nomination/award_nominee /m/012g92 2 1 1 1 0 1
/m/0cq7tx /award/award_nominated_work/award_nominations./award/award_nomination/award_nominee /m/04z_x4v 3 1 1 1 0 1
/m/09cr8 /award/award_nominated_work/award_nominations./award/award_nomination/award_nominee /m/0b_dy 1 1 1 1 1 1
/m/06z8s_ /award/award_nominated_work/award_nominations./award/award_nomination/award_nominee /m/02p65p 7 1 1 1 0 1
/m/026p4q7 /award/award_nominated_work/award_nominations./award/award_nomination/award_nominee /m/02q_cc 11 1 0 1 0 1
/m/026p4q7 /award/award_nominated_work/award_nominations./award/award_nomination/award_nominee /m/030_3z 8 1 1 1 0 1
/m/0gc_c_ /award/award_nominated_work/award_nominations./award/award_nomination/award_nominee /m/091yn0 2 1 1 1 0 1
/m/01rp13 /award/award_nominated_work/award_nominations./award/award_nomination/award_nominee /m/01fs_4 13478 13477 0 0 0 0
/m/011yn5 /award/award_nominated_work/award_nominations./award/award_nomination/award_nominee /m/014v6f 3 1 1 1 0 1
/m/030cx /award/award_nominated_work/award_nominations./award/award_nomination/award_nominee /m/016tbr 1 1 1 1 1 1
/m/0f42nz /award/award_nominated_work/award_nominations./award/award_nomination/award_nominee /m/01zh29 4 1 1 1 0 1
/m/04j13sx /award/award_nominated_work/award_nominations./award/award_nomination/award_nominee /m/012v9y 2 1 1 1 0 1
/m/01hq1 /award/award_nominated_work/award_nominations./award/award_nomination/award_nominee /m/051z6rz 2 1 1 1 0 1
/m/02lxrv /award/award_nominated_work/award_nominations./award/award_nomination/award_nominee /m/0jfx1 7 1 1 1 0 1
/m/0c00zd0 /award/award_nominated_work/award_nominations./award/award_nomination/award_nominee /m/046zh 3 1 1 1 0 1
/m/01br2w /award/award_nominated_work/award_nominations./award/award_nomination/award_nominee /m/0c1pj 1 1 1 1 1 1
/m/0ds2n /award/award_nominated_work/award_nominations./award/award_nomination/award_nominee /m/0147dk 4 1 1 1 0 1
/m/0jsf6 /award/award_nominated_work/award_nominations./award/award_nomination/award_nominee /m/0kb3n 1 1 1 1 1 1
/m/01cmp9 /award/award_nominated_work/award_nominations./award/award_nomination/award_nominee /m/01wgcvn 3 1 1 1 0 1
/m/0bcndz /award/award_nominated_work/award_nominations./award/award_nomination/award_nominee /m/06l6nj 4 1 1 1 0 1
/m/0d68qy /award/award_nominated_work/award_nominations./award/award_nomination/award_nominee /m/01tnbn 8 8 1 1 0 0
/m/02hct1 /award/award_nominated_work/award_nominations./award/award_nomination/award_nominee /m/04wvhz 1 1 1 1 1 1
/m/011ywj /award/award_nominated_work/award_nominations./award/award_nomination/award_nominee /m/015gw6 1 1 1 1 1 1
/m/05h43ls /award/award_nominated_work/award_nominations./award/award_nomination/award_nominee /m/0m66w 1 1 1 1 1 1
/m/0hz55 /award/award_nominated_work/award_nominations./award/award_nomination/award_nominee /m/09_99w 2 1 1 1 0 1
/m/0ktpx /award/award_nominated_work/award_nominations./award/award_nomination/award_nominee /m/05_2h8 1 1 1 1 1 1
/m/034qzw /award/award_nominated_work/award_nominations./award/award_nomination/award_nominee /m/018grr 2 1 1 1 0 1
/m/0b6f8pf /award/award_nominated_work/award_nominations./award/award_nomination/award_nominee /m/0pz91 4 1 1 1 0 1
/m/049xgc /award/award_nominated_work/award_nominations./award/award_nomination/award_nominee /m/0bytkq 1 1 1 1 1 1
/m/02_1q9 /award/award_nominated_work/award_nominations./award/award_nomination/award_nominee /m/026dcvf 7 1 1 1 0 1
/m/02_nsc /award/award_nominated_work/award_nominations./award/award_nomination/award_nominee /m/094tsh6 3 1 1 1 0 1
/m/02rb84n /award/award_nominated_work/award_nominations./award/award_nomination/award_nominee /m/0146pg 17 1 0 1 0 1
/m/0f4yh /award/award_nominated_work/award_nominations./award/award_nomination/award_nominee /m/06p0s1 1 1 1 1 1 1
/m/07sp4l /award/award_nominated_work/award_nominations./award/award_nomination/award_nominee /m/0187y5 4 1 1 1 0 1
/m/0b6tzs /award/award_nominated_work/award_nominations./award/award_nomination/award_nominee /m/02kxbx3 4 1 1 1 0 1
/m/017z49 /award/award_nominated_work/award_nominations./award/award_nomination/award_nominee /m/01kj0p 2 1 1 1 0 1
/m/03lv4x /award/award_nominated_work/award_nominations./award/award_nomination/award_nominee /m/02r5w9 2 1 1 1 0 1
/m/04vvh9 /award/award_nominated_work/award_nominations./award/award_nomination/award_nominee /m/09p06 1 1 1 1 1 1
/m/02qpt1w /award/award_nominated_work/award_nominations./award/award_nomination/award_nominee /m/0ksrf8 3 1 1 1 0 1
/m/0bdjd /award/award_nominated_work/award_nominations./award/award_nomination/award_nominee /m/02jxkw 7 5 1 1 0 0
/m/0524b41 /award/award_nominated_work/award_nominations./award/award_nomination/award_nominee /m/059t6d 1 1 1 1 1 1
/m/0bcndz /award/award_nominated_work/award_nominations./award/award_nomination/award_nominee /m/05v1sb 3 1 1 1 0 1
/m/01j67j /award/award_nominated_work/award_nominations./award/award_nomination/award_nominee /m/04yqlk 2 1 1 1 0 1
/m/02py4c8 /award/award_nominated_work/award_nominations./award/award_nomination/award_nominee /m/0h0wc 6 1 1 1 0 1
/m/01dc0c /award/award_nominated_work/award_nominations./award/award_nomination/award_nominee /m/0c6qh 8 1 1 1 0 1
/m/02825kb /award/award_nominated_work/award_nominations./award/award_nomination/award_nominee /m/04qt29 1 1 1 1 1 1
/m/0_b9f /award/award_nominated_work/award_nominations./award/award_nomination/award_nominee /m/01kp66 2 1 1 1 0 1
/m/03ctqqf /award/award_nominated_work/award_nominations./award/award_nomination/award_nominee /m/03jvmp 10 1 1 1 0 1
/m/02rb607 /award/award_nominated_work/award_nominations./award/award_nomination/award_nominee /m/041jlr 1 1 1 1 1 1
/m/01b65l /award/award_nominated_work/award_nominations./award/award_nomination/award_nominee /m/08w6v_ 1 1 1 1 1 1
/m/06z8s_ /award/award_nominated_work/award_nominations./award/award_nomination/award_nominee /m/0169dl 7 1 1 1 0 1
/m/01hqk /award/award_nominated_work/award_nominations./award/award_nomination/award_nominee /m/0j5q3 1 1 1 1 1 1
/m/07cw4 /award/award_nominated_work/award_nominations./award/award_nomination/award_nominee /m/0b9l3x 1 1 1 1 1 1
/m/0bpx1k /award/award_nominated_work/award_nominations./award/award_nomination/award_nominee /m/034bgm 1 1 1 1 1 1
/m/01sbv9 /award/award_nominated_work/award_nominations./award/award_nomination/award_nominee /m/0mdqp 11 1 0 1 0 1
/m/039c26 /award/award_nominated_work/award_nominations./award/award_nomination/award_nominee /m/05wqr1 2 1 1 1 0 1
/m/02ylg6 /award/award_nominated_work/award_nominations./award/award_nomination/award_nominee /m/026670 3 1 1 1 0 1
/m/02wwmhc /award/award_nominated_work/award_nominations./award/award_nomination/award_nominee /m/0jfx1 6 1 1 1 0 1
/m/08y2fn /award/award_nominated_work/award_nominations./award/award_nomination/award_nominee /m/05xbx 2 2 1 1 0 0
/m/03tps5 /award/award_nominated_work/award_nominations./award/award_nomination/award_nominee /m/016szr 2 1 1 1 0 1
/m/0456zg /award/award_nominated_work/award_nominations./award/award_nomination/award_nominee /m/01kx_81 1 1 1 1 1 1
/m/0m_q0 /award/award_nominated_work/award_nominations./award/award_nomination/award_nominee /m/02645b 1 1 1 1 1 1
/m/0571m /award/award_nominated_work/award_nominations./award/award_nomination/award_nominee /m/01xcfy 5 1 1 1 0 1
/m/01633c /award/award_nominated_work/award_nominations./award/award_nomination/award_nominee /m/01gbn6 4 1 1 1 0 1
/m/027s39y /award/award_nominated_work/award_nominations./award/award_nomination/award_nominee /m/01x6v6 8 3 1 1 0 0
/m/07w8fz /award/award_nominated_work/award_nominations./award/award_nomination/award_nominee /m/03pmty 2 1 1 1 0 1
/m/0dq626 /award/award_nominated_work/award_nominations./award/award_nomination/award_nominee /m/04w391 8 3 1 1 0 0
/m/050f0s /award/award_nominated_work/award_nominations./award/award_nomination/award_nominee /m/04s04 1 1 1 1 1 1
/m/089j8p /award/award_nominated_work/award_nominations./award/award_nomination/award_nominee /m/0lpjn 10 1 1 1 0 1
/m/095zlp /award/award_nominated_work/award_nominations./award/award_nomination/award_nominee /m/017149 16 10 0 1 0 0
/m/0glnm /award/award_nominated_work/award_nominations./award/award_nomination/award_nominee /m/01pr6q7 3 1 1 1 0 1
/m/016z9n /award/award_nominated_work/award_nominations./award/award_nomination/award_nominee /m/042z_g 1 1 1 1 1 1
/m/0jqd3 /award/award_nominated_work/award_nominations./award/award_nomination/award_nominee /m/03gyh_z 1 1 1 1 1 1
/m/05h43ls /award/award_nominated_work/award_nominations./award/award_nomination/award_nominee /m/01p85y 2 1 1 1 0 1
/m/061681 /award/award_nominated_work/award_nominations./award/award_nomination/award_nominee /m/030_3z 4 1 1 1 0 1
/m/0kvgxk /award/award_nominated_work/award_nominations./award/award_nomination/award_nominee /m/02jsgf 3 1 1 1 0 1
/m/0j80w /award/award_nominated_work/award_nominations./award/award_nomination/award_nominee /m/01pp3p 2 1 1 1 0 1
/m/034qzw /award/award_nominated_work/award_nominations./award/award_nomination/award_nominee /m/059j1m 1 1 1 1 1 1
/m/09cr8 /award/award_nominated_work/award_nominations./award/award_nomination/award_nominee /m/01tfck 1 1 1 1 1 1
/m/0k4f3 /award/award_nominated_work/award_nominations./award/award_nomination/award_nominee /m/0c921 3 1 1 1 0 1
/m/05dy7p /award/award_nominated_work/award_nominations./award/award_nomination/award_nominee /m/04sry 10 1 1 1 0 1
/m/049xgc /award/award_nominated_work/award_nominations./award/award_nomination/award_nominee /m/05183k 10 5 1 1 0 0
/m/03hkch7 /award/award_nominated_work/award_nominations./award/award_nomination/award_nominee /m/058frd 1 1 1 1 1 1
/m/0p9rz /award/award_nominated_work/award_nominations./award/award_nomination/award_nominee /m/076lxv 6 1 1 1 0 1
/m/030cx /award/award_nominated_work/award_nominations./award/award_nomination/award_nominee /m/016tb7 2 1 1 1 0 1
/m/027ct7c /award/award_nominated_work/award_nominations./award/award_nomination/award_nominee /m/0146pg 17 1 0 1 0 1
/m/0vjr /award/award_nominated_work/award_nominations./award/award_nomination/award_nominee /m/01my4f 5 1 1 1 0 1
/m/033f8n /award/award_nominated_work/award_nominations./award/award_nomination/award_nominee /m/03n08b 7 4 1 1 0 0
/m/0286gm1 /award/award_nominated_work/award_nominations./award/award_nomination/award_nominee /m/0c0tzp 3 1 1 1 0 1
/m/06q8qh /award/award_nominated_work/award_nominations./award/award_nomination/award_nominee /m/02k21g 3 1 1 1 0 1
/m/09p0ct /award/award_nominated_work/award_nominations./award/award_nomination/award_nominee /m/07vc_9 1 1 1 1 1 1
/m/02qpt1w /award/award_nominated_work/award_nominations./award/award_nomination/award_nominee /m/061dn_ 1 1 1 1 1 1
/m/059lwy /award/award_nominated_work/award_nominations./award/award_nomination/award_nominee /m/0gn30 20 1 0 1 0 1
/m/0p7qm /award/award_nominated_work/award_nominations./award/award_nomination/award_nominee /m/01tj34 3 1 1 1 0 1
/m/05lfwd /award/award_nominated_work/award_nominations./award/award_nomination/award_nominee /m/02wb6yq 1 1 1 1 1 1
/m/05lfwd /award/award_nominated_work/award_nominations./award/award_nomination/award_nominee /m/095b70 1 1 1 1 1 1
/m/01jrbv /award/award_nominated_work/award_nominations./award/award_nomination/award_nominee /m/02__7n 1 1 1 1 1 1
/m/0jsf6 /award/award_nominated_work/award_nominations./award/award_nomination/award_nominee /m/012201 1 1 1 1 1 1
/m/09dv8h /award/award_nominated_work/award_nominations./award/award_nomination/award_nominee /m/0kc9f 1 1 1 1 1 1
/m/04jm_hq /award/award_nominated_work/award_nominations./award/award_nomination/award_nominee /m/0170s4 2 1 1 1 0 1
/m/047d21r /award/award_nominated_work/award_nominations./award/award_nomination/award_nominee /m/01wy5m 5 1 1 1 0 1
/m/050r1z /award/award_nominated_work/award_nominations./award/award_nomination/award_nominee /m/09bxq9 1 1 1 1 1 1
/m/0dp7wt /award/award_nominated_work/award_nominations./award/award_nomination/award_nominee /m/045cq 2 1 1 1 0 1
/m/091z_p /award/award_nominated_work/award_nominations./award/award_nomination/award_nominee /m/063b4k 2 1 1 1 0 1
/m/080dwhx /award/award_nominated_work/award_nominations./award/award_nomination/award_nominee /m/0fx0mw 1 1 1 1 1 1
/m/08jgk1 /award/award_nominated_work/award_nominations./award/award_nomination/award_nominee /m/0cj2k3 1 1 1 1 1 1
/m/09gq0x5 /award/award_nominated_work/award_nominations./award/award_nomination/award_nominee /m/03f1zdw 1 1 1 1 1 1
/m/01771z /award/award_nominated_work/award_nominations./award/award_nomination/award_nominee /m/03xmy1 2 1 1 1 0 1
/m/0b76t12 /award/award_nominated_work/award_nominations./award/award_nomination/award_nominee /m/0ksrf8 1 1 1 1 1 1
/m/02ht1k /award/award_nominated_work/award_nominations./award/award_nomination/award_nominee /m/028d4v 1 1 1 1 1 1
/m/0dgst_d /award/award_nominated_work/award_nominations./award/award_nomination/award_nominee /m/0prjs 5 1 1 1 0 1
/m/0sxfd /award/award_nominated_work/award_nominations./award/award_nomination/award_nominee /m/01w1kyf 1 1 1 1 1 1
/m/049xgc /award/award_nominated_work/award_nominations./award/award_nomination/award_nominee /m/0jmj 5 1 1 1 0 1
/m/09p7fh /award/award_nominated_work/award_nominations./award/award_nomination/award_nominee /m/016ywr 7 1 1 1 0 1
/m/0123qq /award/award_nominated_work/award_nominations./award/award_nomination/award_nominee /m/01507p 2 1 1 1 0 1
/m/0291ck /award/award_nominated_work/award_nominations./award/award_nomination/award_nominee /m/02l3_5 4 1 1 1 0 1
/m/0jswp /award/award_nominated_work/award_nominations./award/award_nomination/award_nominee /m/06kxk2 1 1 1 1 1 1
/m/0btbyn /award/award_nominated_work/award_nominations./award/award_nomination/award_nominee /m/01wy5m 7 1 1 1 0 1
/m/07024 /award/award_nominated_work/award_nominations./award/award_nomination/award_nominee /m/04wg38 1 1 1 1 1 1
/m/016y_f /award/award_nominated_work/award_nominations./award/award_nomination/award_nominee /m/02g0mx 1 1 1 1 1 1
/m/029jt9 /award/award_nominated_work/award_nominations./award/award_nomination/award_nominee /m/071jv5 1 1 1 1 1 1
/m/0sxgv /award/award_nominated_work/award_nominations./award/award_nomination/award_nominee /m/053j4w4 3 1 1 1 0 1
/m/0bs5vty /award/award_nominated_work/award_nominations./award/award_nomination/award_nominee /m/01cj6y 3 1 1 1 0 1
/m/0ckrnn /award/award_nominated_work/award_nominations./award/award_nomination/award_nominee /m/016gkf 3 1 1 1 0 1
/m/0cwy47 /award/award_nominated_work/award_nominations./award/award_nomination/award_nominee /m/0579tg2 2 1 1 1 0 1
/m/02r1ysd /award/award_nominated_work/award_nominations./award/award_nomination/award_nominee /m/01qg7c 2 1 1 1 0 1
/m/080dwhx /award/award_nominated_work/award_nominations./award/award_nomination/award_nominee /m/02l6dy 1 1 1 1 1 1
/m/0cq86w /award/award_nominated_work/award_nominations./award/award_nomination/award_nominee /m/05km8z 1 1 1 1 1 1
/m/017gm7 /award/award_nominated_work/award_nominations./award/award_nomination/award_nominee /m/016ypb 2 1 1 1 0 1
/m/0kfpm /award/award_nominated_work/award_nominations./award/award_nomination/award_nominee /m/057hz 1 1 1 1 1 1
/m/04n52p6 /award/award_nominated_work/award_nominations./award/award_nomination/award_nominee /m/016z2j 1 1 1 1 1 1
/m/04wddl /award/award_nominated_work/award_nominations./award/award_nomination/award_nominee /m/0dqcm 3 1 1 1 0 1
/m/04x4nv /award/award_nominated_work/award_nominations./award/award_nomination/award_nominee /m/02tv80 2 1 1 1 0 1
/m/092vkg /award/award_nominated_work/award_nominations./award/award_nomination/award_nominee /m/051wwp 3 1 1 1 0 1
/m/0pc62 /award/award_nominated_work/award_nominations./award/award_nomination/award_nominee /m/01t6b4 4 2 1 1 0 0
/m/039c26 /award/award_nominated_work/award_nominations./award/award_nomination/award_nominee /m/05cqhl 1 1 1 1 1 1
/m/0f4m2z /award/award_nominated_work/award_nominations./award/award_nomination/award_nominee /m/06mr6 4 1 1 1 0 1
/m/027r9t /award/award_nominated_work/award_nominations./award/award_nomination/award_nominee /m/02qgqt 16 4 0 1 0 0
/m/01hvv0 /award/award_nominated_work/award_nominations./award/award_nomination/award_nominee /m/03yf4d 1 1 1 1 1 1
/m/0cq7kw /award/award_nominated_work/award_nominations./award/award_nomination/award_nominee /m/0dqcm 2 1 1 1 0 1
/m/060v34 /award/award_nominated_work/award_nominations./award/award_nomination/award_nominee /m/046b0s 2 1 1 1 0 1
/m/0y_9q /award/award_nominated_work/award_nominations./award/award_nomination/award_nominee /m/01cbt3 2 1 1 1 0 1
/m/0dnw1 /award/award_nominated_work/award_nominations./award/award_nomination/award_nominee /m/07h1tr 4 1 1 1 0 1
/m/03fts /award/award_nominated_work/award_nominations./award/award_nomination/award_nominee /m/07qy0b 2 1 1 1 0 1
/m/06fcqw /award/award_nominated_work/award_nominations./award/award_nomination/award_nominee /m/04jspq 5 1 1 1 0 1
/m/02rx2m5 /award/award_nominated_work/award_nominations./award/award_nomination/award_nominee /m/022411 1 1 1 1 1 1
/m/014gjp /award/award_nominated_work/award_nominations./award/award_nomination/award_nominee /m/098n5 3 1 1 1 0 1
/m/09q23x /award/award_nominated_work/award_nominations./award/award_nomination/award_nominee /m/02qgqt 6 1 1 1 0 1
/m/02r1c18 /award/award_nominated_work/award_nominations./award/award_nomination/award_nominee /m/07s8hms 2 1 1 1 0 1
/m/0g3zrd /award/award_nominated_work/award_nominations./award/award_nomination/award_nominee /m/07j8kh 2 1 1 1 0 1
/m/04954r /award/award_nominated_work/award_nominations./award/award_nomination/award_nominee /m/04kj2v 8 1 1 1 0 1
/m/02lk60 /award/award_nominated_work/award_nominations./award/award_nomination/award_nominee /m/0f7hc 11 1 0 1 0 1
