/m/06_wqk4 /award/award_nominated_work/award_nominations./award/award_nomination/nominated_for /m/02q7yfq 4 2 1 1 0 0
/m/0ddjy /award/award_nominated_work/award_nominations./award/award_nomination/nominated_for /m/0dfw0 5 2 1 1 0 0
/m/01kf3_9 /award/award_nominated_work/award_nominations./award/award_nomination/nominated_for /m/0g5pv3 1 1 1 1 1 1
/m/03cfjg /award/award_nominated_work/award_nominations./award/award_nomination/nominated_for /m/01p9hgt 3 1 1 1 0 1
/m/0164qt /award/award_nominated_work/award_nominations./award/award_nomination/nominated_for /m/0g5pvv 10 2 1 1 0 0
/m/04tc1g /award/award_nominated_work/award_nominations./award/award_nomination/nominated_for /m/0kv2hv 1 1 1 1 1 1
/m/0jwvf /award/award_nominated_work/award_nominations./award/award_nomination/nominated_for /m/0k5g9 4 1 1 1 0 1
/m/06_wqk4 /award/award_nominated_work/award_nominations./award/award_nomination/nominated_for /m/07kdkfj 8811 8811 0 0 0 0
/m/0q9sg /award/award_nominated_work/award_nominations./award/award_nomination/nominated_for /m/06c0ns 6 1 1 1 0 1
/m/0bcndz /award/award_nominated_work/award_nominations./award/award_nomination/nominated_for /m/02q_4ph 1 1 1 1 1 1
/m/027rpym /award/award_nominated_work/award_nominations./award/award_nomination/nominated_for /m/0bcndz 4 2 1 1 0 0
/m/044g_k /award/award_nominated_work/award_nominations./award/award_nomination/nominated_for /m/0d_wms 4 1 1 1 0 1
/m/05dptj /award/award_nominated_work/award_nominations./award/award_nomination/nominated_for /m/01hqhm 1 1 1 1 1 1
/m/0x25q /award/award_nominated_work/award_nominations./award/award_nomination/nominated_for /m/07cz2 2 1 1 1 0 1
/m/01flv_ /award/award_nominated_work/award_nominations./award/award_nomination/nominated_for /m/031778 3 1 1 1 0 1
/m/0164qt /award/award_nominated_work/award_nominations./award/award_nomination/nominated_for /m/0fztbq 7 1 1 1 0 1
/m/01771z /award/award_nominated_work/award_nominations./award/award_nomination/nominated_for /m/02scbv 7 1 1 1 0 1
/m/04fzfj /award/award_nominated_work/award_nominations./award/award_nomination/nominated_for /m/0ds33 2 1 1 1 0 1
/m/05k2xy /award/award_nominated_work/award_nominations./award/award_nomination/nominated_for /m/06fpsx 1 1 1 1 1 1
/m/026f__m /award/award_nominated_work/award_nominations./award/award_nomination/nominated_for /m/0kv2hv 2 1 1 1 0 1
/m/0dfw0 /award/award_nominated_work/award_nominations./award/award_nomination/nominated_for /m/0f3m1 2 1 1 1 0 1
/m/0164qt /award/award_nominated_work/award_nominations./award/award_nomination/nominated_for /m/0fsw_7 8 2 1 1 0 0
/m/02nt3d /award/award_nominated_work/award_nominations./award/award_nomination/nominated_for /m/034qrh 1 1 1 1 1 1
/m/0f2sx4 /award/award_nominated_work/award_nominations./award/award_nomination/nominated_for /m/074w86 3 2 1 1 0 0
/m/08mg_b /award/award_nominated_work/award_nominations./award/award_nomination/nominated_for /m/0kvbl6 5 2 1 1 0 0
/m/0g5pv3 /award/award_nominated_work/award_nominations./award/award_nomination/nominated_for /m/0164qt 11 2 0 1 0 0
/m/014kq6 /award/award_nominated_work/award_nominations./award/award_nomination/nominated_for /m/0fztbq 6 1 1 1 0 1
/m/014kq6 /award/award_nominated_work/award_nominations./award/award_nomination/nominated_for /m/02qrv7 6 2 1 1 0 0
/m/06c0ns /award/award_nominated_work/award_nominations./award/award_nomination/nominated_for /m/02scbv 4 1 1 1 0 1
/m/0g5pv3 /award/award_nominated_work/award_nominations./award/award_nomination/nominated_for /m/025twgt 3 1 1 1 0 1
/m/09y6pb /award/award_nominated_work/award_nominations./award/award_nomination/nominated_for /m/014kq6 16 4 0 1 0 0
/m/0cwfgz /award/award_nominated_work/award_nominations./award/award_nomination/nominated_for /m/0q9sg 6 1 1 1 0 1
/m/0jsf6 /award/award_nominated_work/award_nominations./award/award_nomination/nominated_for /m/0ptx_ 1 1 1 1 1 1
/m/01jr4j /award/award_nominated_work/award_nominations./award/award_nomination/nominated_for /m/075cph 8 1 1 1 0 1
/m/0fsw_7 /award/award_nominated_work/award_nominations./award/award_nomination/nominated_for /m/02qrv7 11 2 0 1 0 0
/m/05m_jsg /award/award_nominated_work/award_nominations./award/award_nomination/nominated_for /m/0bs5f0b 1 1 1 1 1 1
/m/0dp7wt /award/award_nominated_work/award_nominations./award/award_nomination/nominated_for /m/02kfzz 1 1 1 1 1 1
/m/0fdv3 /award/award_nominated_work/award_nominations./award/award_nomination/nominated_for /m/0dfw0 2 1 1 1 0 1
/m/0k0rf /award/award_nominated_work/award_nominations./award/award_nomination/nominated_for /m/0jwvf 7 2 1 1 0 0
/m/0bmhvpr /award/award_nominated_work/award_nominations./award/award_nomination/nominated_for /m/0gg5qcw 8 8 1 1 0 0
/m/0422v0 /award/award_nominated_work/award_nominations./award/award_nomination/nominated_for /m/0170th 1 1 1 1 1 1
/m/0p9tm /award/award_nominated_work/award_nominations./award/award_nomination/nominated_for /m/0qmjd 2 1 1 1 0 1
/m/025twgt /award/award_nominated_work/award_nominations./award/award_nomination/nominated_for /m/014kq6 12 1 0 1 0 1
/m/0pd64 /award/award_nominated_work/award_nominations./award/award_nomination/nominated_for /m/02k1pr 1 1 1 1 1 1
/m/05css_ /award/award_nominated_work/award_nominations./award/award_nomination/nominated_for /m/0k5g9 7 1 1 1 0 1
/m/031hcx /award/award_nominated_work/award_nominations./award/award_nomination/nominated_for /m/03hxsv 1 1 1 1 1 1
/m/04cbbz /award/award_nominated_work/award_nominations./award/award_nomination/nominated_for /m/0cwfgz 5 1 1 1 0 1
/m/03176f /award/award_nominated_work/award_nominations./award/award_nomination/nominated_for /m/011xg5 1 1 1 1 1 1
/m/012kyx /award/award_nominated_work/award_nominations./award/award_nomination/nominated_for /m/023g6w 1 1 1 1 1 1
/m/0gg5qcw /award/award_nominated_work/award_nominations./award/award_nomination/nominated_for /m/0bmhvpr 1 1 1 1 1 1
/m/033f8n /award/award_nominated_work/award_nominations./award/award_nomination/nominated_for /m/095z4q 1 1 1 1 1 1
/m/01kf4tt /award/award_nominated_work/award_nominations./award/award_nomination/nominated_for /m/0fztbq 1 1 1 1 1 1
/m/014kq6 /award/award_nominated_work/award_nominations./award/award_nomination/nominated_for /m/09y6pb 3 2 1 1 0 0
/m/05pxnmb /award/award_nominated_work/award_nominations./award/award_nomination/nominated_for /m/07gghl 3 1 1 1 0 1
/m/01qvz8 /award/award_nominated_work/award_nominations./award/award_nomination/nominated_for /m/048vhl 5 3 1 1 0 0
/m/042fgh /award/award_nominated_work/award_nominations./award/award_nomination/nominated_for /m/024mxd 2 1 1 1 0 1
/m/02qzh2 /award/award_nominated_work/award_nominations./award/award_nomination/nominated_for /m/01qvz8 1 1 1 1 1 1
/m/011ypx /award/award_nominated_work/award_nominations./award/award_nomination/nominated_for /m/01b195 1 1 1 1 1 1
/m/0k0rf /award/award_nominated_work/award_nominations./award/award_nomination/nominated_for /m/05z7c 9 2 1 1 0 0
/m/0f3m1 /award/award_nominated_work/award_nominations./award/award_nomination/nominated_for /m/0ddjy 2 1 1 1 0 1
/m/0c0nhgv /award/award_nominated_work/award_nominations./award/award_nomination/nominated_for /m/03qnc6q 2 1 1 1 0 1
/m/01kf3_9 /award/award_nominated_work/award_nominations./award/award_nomination/nominated_for /m/0164qt 12 2 0 1 0 0
/m/0k0rf /award/award_nominated_work/award_nominations./award/award_nomination/nominated_for /m/01jr4j 6 2 1 1 0 0
/m/05cj_j /award/award_nominated_work/award_nominations./award/award_nomination/nominated_for /m/02jr6k 2 1 1 1 0 1
/m/08984j /award/award_nominated_work/award_nominations./award/award_nomination/nominated_for /m/0cf08 2 1 1 1 0 1
/m/0p9tm /award/award_nominated_work/award_nominations./award/award_nomination/nominated_for /m/0ptxj 5 2 1 1 0 0
/m/01_mdl /award/award_nominated_work/award_nominations./award/award_nomination/nominated_for /m/044g_k 1 1 1 1 1 1
/m/03176f /award/award_nominated_work/award_nominations./award/award_nomination/nominated_for /m/031hcx 3 1 1 1 0 1
/m/08mg_b /award/award_nominated_work/award_nominations./award/award_nomination/nominated_for /m/01msrb 4 1 1 1 0 1
/m/0872p_c /award/award_nominated_work/award_nominations./award/award_nomination/nominated_for /m/07kb7vh 1 1 1 1 1 1
/m/02r_pp /award/award_nominated_work/award_nominations./award/award_nomination/nominated_for /m/05z7c 5 1 1 1 0 1
/m/05zlld0 /award/award_nominated_work/award_nominations./award/award_nomination/nominated_for /m/09wnnb 1 1 1 1 1 1
/m/0fsw_7 /award/award_nominated_work/award_nominations./award/award_nomination/nominated_for /m/0g5pvv 11 2 0 1 0 0
/m/05z7c /award/award_nominated_work/award_nominations./award/award_nomination/nominated_for /m/0k0rf 6 1 1 1 0 1
/m/01s9vc /award/award_nominated_work/award_nominations./award/award_nomination/nominated_for /m/02jr6k 2 1 1 1 0 1
/m/0g5pvv /award/award_nominated_work/award_nominations./award/award_nomination/nominated_for /m/02n72k 12 1 0 1 0 1
/m/0258dh /award/award_nominated_work/award_nominations./award/award_nomination/nominated_for /m/01msrb 3 1 1 1 0 1
/m/092vkg /award/award_nominated_work/award_nominations./award/award_nomination/nominated_for /m/05k2xy 1 1 1 1 1 1
/m/031786 /award/award_nominated_work/award_nominations./award/award_nomination/nominated_for /m/03177r 2 1 1 1 0 1
/m/02qmsr /award/award_nominated_work/award_nominations./award/award_nomination/nominated_for /m/017180 2 1 1 1 0 1
/m/014kq6 /award/award_nominated_work/award_nominations./award/award_nomination/nominated_for /m/025twgt 12 2 0 1 0 0
/m/0y_yw /award/award_nominated_work/award_nominations./award/award_nomination/nominated_for /m/0ddt_ 5 1 1 1 0 1
/m/0g5pvv /award/award_nominated_work/award_nominations./award/award_nomination/nominated_for /m/0g5pv3 8 1 1 1 0 1
/m/0ptxj /award/award_nominated_work/award_nominations./award/award_nomination/nominated_for /m/0p9tm 4 2 1 1 0 0
/m/02sg5v /award/award_nominated_work/award_nominations./award/award_nomination/nominated_for /m/01kf4tt 8 2 1 1 0 0
/m/01kf3_9 /award/award_nominated_work/award_nominations./award/award_nomination/nominated_for /m/014kq6 6 1 1 1 0 1
/m/01kv4mb /award/award_nominated_work/award_nominations./award/award_nomination/nominated_for /m/0p_47 2 1 1 1 0 1
/m/0cf08 /award/award_nominated_work/award_nominations./award/award_nomination/nominated_for /m/0q9sg 8 1 1 1 0 1
/m/01771z /award/award_nominated_work/award_nominations./award/award_nomination/nominated_for /m/0q9sg 3 1 1 1 0 1
/m/0g5pv3 /award/award_nominated_work/award_nominations./award/award_nomination/nominated_for /m/0fztbq 2 1 1 1 0 1
/m/09g8vhw /award/award_nominated_work/award_nominations./award/award_nomination/nominated_for /m/02q7yfq 1 1 1 1 1 1
/m/02n72k /award/award_nominated_work/award_nominations./award/award_nomination/nominated_for /m/014kq6 8 1 1 1 0 1
/m/02q7yfq /award/award_nominated_work/award_nominations./award/award_nomination/nominated_for /m/06_wqk4 7 4 1 1 0 0
/m/01b195 /award/award_nominated_work/award_nominations./award/award_nomination/nominated_for /m/07024 2 1 1 1 0 1
