/m/017149 /award/award_winner/awards_won./award/award_honor/honored_for /m/0gmblvq 3 1 1 1 0 1
/m/0b82vw /award/award_winner/awards_won./award/award_honor/honored_for /m/019kyn 1 1 1 1 1 1
/m/04y8r /award/award_winner/awards_won./award/award_honor/honored_for /m/03f7nt 2 1 1 1 0 1
/m/04wp63 /award/award_winner/awards_won./award/award_honor/honored_for /m/0f4yh 3 1 1 1 0 1
/m/06t74h /award/award_winner/awards_won./award/award_honor/honored_for /m/05sy_5 2 1 1 1 0 1
/m/03_bcg /award/award_winner/awards_won./award/award_honor/honored_for /m/026fs38 3 1 1 1 0 1
/m/0h0wc /award/award_winner/awards_won./award/award_honor/honored_for /m/01chpn 3 1 1 1 0 1
/m/0171cm /award/award_winner/awards_won./award/award_honor/honored_for /m/0bnzd 4 1 1 1 0 1
/m/0146pg /award/award_winner/awards_won./award/award_honor/honored_for /m/011wtv 1 1 1 1 1 1
/m/02ch1w /award/award_winner/awards_won./award/award_honor/honored_for /m/05sy0cv 10819 10813 0 0 0 0
/m/01s0l0 /award/award_winner/awards_won./award/award_honor/honored_for /m/030z4z 3 1 1 1 0 1
/m/04qvl7 /award/award_winner/awards_won./award/award_honor/honored_for /m/05dy7p 1 1 1 1 1 1
/m/0127m7 /award/award_winner/awards_won./award/award_honor/honored_for /m/01msrb 1 1 1 1 1 1
/m/0bdt8 /award/award_winner/awards_won./award/award_honor/honored_for /m/0c_j9x 2 1 1 1 0 1
/m/0jgwf /award/award_winner/awards_won./award/award_honor/honored_for /m/09p3_s 1 1 1 1 1 1
/m/05_k56 /award/award_winner/awards_won./award/award_honor/honored_for /m/01xdxy 3 1 1 1 0 1
/m/0kvqv /award/award_winner/awards_won./award/award_honor/honored_for /m/0294zg 3 1 1 1 0 1
/m/06mn7 /award/award_winner/awards_won./award/award_honor/honored_for /m/0333t 1 1 1 1 1 1
/m/04bcb1 /award/award_winner/awards_won./award/award_honor/honored_for /m/0g60z 5 1 1 1 0 1
/m/0f4vbz /award/award_winner/awards_won./award/award_honor/honored_for /m/02qr69m 1 1 1 1 1 1
/m/01j2xj /award/award_winner/awards_won./award/award_honor/honored_for /m/02vxq9m 6 1 1 1 0 1
/m/01ycbq /award/award_winner/awards_won./award/award_honor/honored_for /m/027r7k 2 1 1 1 0 1
/m/043kzcr /award/award_winner/awards_won./award/award_honor/honored_for /m/0ds3t5x 2 1 1 1 0 1
/m/03n0pv /award/award_winner/awards_won./award/award_honor/honored_for /m/0kcn7 4 3 1 1 0 0
/m/016xk5 /award/award_winner/awards_won./award/award_honor/honored_for /m/0m313 7 1 1 1 0 1
/m/0h5f5n /award/award_winner/awards_won./award/award_honor/honored_for /m/0g9lm2 8 2 1 1 0 0
/m/063lqs /award/award_winner/awards_won./award/award_honor/honored_for /m/01b64v 3 1 1 1 0 1
/m/044zvm /award/award_winner/awards_won./award/award_honor/honored_for /m/02kk_c 5 1 1 1 0 1
/m/02h0f3 /award/award_winner/awards_won./award/award_honor/honored_for /m/014gjp 5 1 1 1 0 1
/m/076_74 /award/award_winner/awards_won./award/award_honor/honored_for /m/05hjnw 3 1 1 1 0 1
/m/09rp4r_ /award/award_winner/awards_won./award/award_honor/honored_for /m/0jzw 5 1 1 1 0 1
/m/0js9s /award/award_winner/awards_won./award/award_honor/honored_for /m/02rb84n 2 1 1 1 0 1
/m/0c00lh /award/award_winner/awards_won./award/award_honor/honored_for /m/06_x996 2 1 1 1 0 1
/m/01d0fp /award/award_winner/awards_won./award/award_honor/honored_for /m/011yqc 1 1 1 1 1 1
/m/01vsy9_ /award/award_winner/awards_won./award/award_honor/honored_for /m/0h3k3f 5 4 1 1 0 0
/m/01p87y /award/award_winner/awards_won./award/award_honor/honored_for /m/0bl1_ 1 1 1 1 1 1
/m/04fyhv /award/award_winner/awards_won./award/award_honor/honored_for /m/06bd5j 1 1 1 1 1 1
/m/039bp /award/award_winner/awards_won./award/award_honor/honored_for /m/0hvvf 4 1 1 1 0 1
/m/06vqdf /award/award_winner/awards_won./award/award_honor/honored_for /m/06r1k 2 1 1 1 0 1
/m/012201 /award/award_winner/awards_won./award/award_honor/honored_for /m/0jsf6 5 1 1 1 0 1
/m/02qfhb /award/award_winner/awards_won./award/award_honor/honored_for /m/024lt6 2 1 1 1 0 1
/m/03_fk9 /award/award_winner/awards_won./award/award_honor/honored_for /m/0c9k8 1 1 1 1 1 1
/m/05cqhl /award/award_winner/awards_won./award/award_honor/honored_for /m/015ppk 1 1 1 1 1 1
/m/01qscs /award/award_winner/awards_won./award/award_honor/honored_for /m/09cr8 7 1 1 1 0 1
/m/07s6prs /award/award_winner/awards_won./award/award_honor/honored_for /m/05f4vxd 4 1 1 1 0 1
/m/03mfqm /award/award_winner/awards_won./award/award_honor/honored_for /m/01cmp9 7 1 1 1 0 1
/m/0cp9f9 /award/award_winner/awards_won./award/award_honor/honored_for /m/0kfv9 1 1 1 1 1 1
/m/02bvt /award/award_winner/awards_won./award/award_honor/honored_for /m/01s81 4 1 1 1 0 1
/m/04y79_n /award/award_winner/awards_won./award/award_honor/honored_for /m/02pqs8l 1 1 1 1 1 1
/m/05lb65 /award/award_winner/awards_won./award/award_honor/honored_for /m/03ln8b 4 1 1 1 0 1
/m/081lh /award/award_winner/awards_won./award/award_honor/honored_for /m/0sxns 1 1 1 1 1 1
/m/0fsm8c /award/award_winner/awards_won./award/award_honor/honored_for /m/0h1x5f 3 1 1 1 0 1
/m/03lpbx /award/award_winner/awards_won./award/award_honor/honored_for /m/0vhm 22 18 0 0 0 0
/m/015wnl /award/award_winner/awards_won./award/award_honor/honored_for /m/0p_sc 3 1 1 1 0 1
/m/01rrd4 /award/award_winner/awards_won./award/award_honor/honored_for /m/030cx 9 1 1 1 0 1
/m/0794g /award/award_winner/awards_won./award/award_honor/honored_for /m/05sy_5 3 1 1 1 0 1
/m/0gkydb /award/award_winner/awards_won./award/award_honor/honored_for /m/0d68qy 14 1 0 1 0 1
/m/095p3z /award/award_winner/awards_won./award/award_honor/honored_for /m/0bx0l 5 1 1 1 0 1
/m/0j582 /award/award_winner/awards_won./award/award_honor/honored_for /m/0168ls 4 1 1 1 0 1
/m/03bnv /award/award_winner/awards_won./award/award_honor/honored_for /m/02rjv2w 1 1 1 1 1 1
/m/01mkn_d /award/award_winner/awards_won./award/award_honor/honored_for /m/03t95n 1 1 1 1 1 1
/m/057bc6m /award/award_winner/awards_won./award/award_honor/honored_for /m/0k4fz 4 1 1 1 0 1
/m/04g3p5 /award/award_winner/awards_won./award/award_honor/honored_for /m/039fgy 1 1 1 1 1 1
/m/04g3p5 /award/award_winner/awards_won./award/award_honor/honored_for /m/02__34 1 1 1 1 1 1
/m/09fb5 /award/award_winner/awards_won./award/award_honor/honored_for /m/01h18v 3 1 1 1 0 1
/m/04smkr /award/award_winner/awards_won./award/award_honor/honored_for /m/09cr8 3 1 1 1 0 1
/m/0h53p1 /award/award_winner/awards_won./award/award_honor/honored_for /m/0828jw 5 1 1 1 0 1
/m/06hhrs /award/award_winner/awards_won./award/award_honor/honored_for /m/02r1c18 5 1 1 1 0 1
/m/03wh8kl /award/award_winner/awards_won./award/award_honor/honored_for /m/0330r 1 1 1 1 1 1
/m/08h79x /award/award_winner/awards_won./award/award_honor/honored_for /m/0h6r5 4 1 1 1 0 1
/m/01g1lp /award/award_winner/awards_won./award/award_honor/honored_for /m/0c9t0y 1 1 1 1 1 1
/m/0f5xn /award/award_winner/awards_won./award/award_honor/honored_for /m/0234j5 1 1 1 1 1 1
/m/04jspq /award/award_winner/awards_won./award/award_honor/honored_for /m/01xdxy 2 1 1 1 0 1
/m/02lhm2 /award/award_winner/awards_won./award/award_honor/honored_for /m/03wj4r8 1 1 1 1 1 1
/m/0404wqb /award/award_winner/awards_won./award/award_honor/honored_for /m/05zr0xl 9 2 1 1 0 0
/m/0cm0pc /award/award_winner/awards_won./award/award_honor/honored_for /m/06y_n 3 1 1 1 0 1
/m/01438g /award/award_winner/awards_won./award/award_honor/honored_for /m/0djlxb 3 1 1 1 0 1
/m/01vs_v8 /award/award_winner/awards_won./award/award_honor/honored_for /m/02pg45 3 3 1 1 0 0
/m/01dw4q /award/award_winner/awards_won./award/award_honor/honored_for /m/03ln8b 8 1 1 1 0 1
/m/0h0wc /award/award_winner/awards_won./award/award_honor/honored_for /m/0bcp9b 2 2 1 1 0 0
/m/06nz46 /award/award_winner/awards_won./award/award_honor/honored_for /m/0bx0l 1 1 1 1 1 1
/m/03n08b /award/award_winner/awards_won./award/award_honor/honored_for /m/07pd_j 7 1 1 1 0 1
/m/02fx3c /award/award_winner/awards_won./award/award_honor/honored_for /m/0gvsh7l 2 1 1 1 0 1
/m/06h7l7 /award/award_winner/awards_won./award/award_honor/honored_for /m/0cwrr 1 1 1 1 1 1
/m/06mn7 /award/award_winner/awards_won./award/award_honor/honored_for /m/02qcr 2 1 1 1 0 1
/m/01gb54 /award/award_winner/awards_won./award/award_honor/honored_for /m/0cn_b8 1 1 1 1 1 1
/m/05gnf /award/award_winner/awards_won./award/award_honor/honored_for /m/045r_9 2 1 1 1 0 1
/m/050023 /award/award_winner/awards_won./award/award_honor/honored_for /m/01b66t 5 1 1 1 0 1
/m/0c94fn /award/award_winner/awards_won./award/award_honor/honored_for /m/0dr_4 5 1 1 1 0 1
/m/0p9qb /award/award_winner/awards_won./award/award_honor/honored_for /m/0cq7kw 2 1 1 1 0 1
/m/025st2z /award/award_winner/awards_won./award/award_honor/honored_for /m/01b65l 1 1 1 1 1 1
/m/0gn30 /award/award_winner/awards_won./award/award_honor/honored_for /m/0cf08 1 1 1 1 1 1
/m/028lc8 /award/award_winner/awards_won./award/award_honor/honored_for /m/0jym0 2 1 1 1 0 1
/m/01cj6y /award/award_winner/awards_won./award/award_honor/honored_for /m/03wj4r8 1 1 1 1 1 1
/m/0cw67g /award/award_winner/awards_won./award/award_honor/honored_for /m/0d87hc 2 1 1 1 0 1
/m/02g5h5 /award/award_winner/awards_won./award/award_honor/honored_for /m/0vjr 2 1 1 1 0 1
/m/02k4b2 /award/award_winner/awards_won./award/award_honor/honored_for /m/02xtxw 2 1 1 1 0 1
/m/0170qf /award/award_winner/awards_won./award/award_honor/honored_for /m/0c0yh4 4 1 1 1 0 1
/m/0m6x4 /award/award_winner/awards_won./award/award_honor/honored_for /m/0jsqk 5 2 1 1 0 0
/m/0693l /award/award_winner/awards_won./award/award_honor/honored_for /m/02yvct 3 1 1 1 0 1
/m/02fcs2 /award/award_winner/awards_won./award/award_honor/honored_for /m/08mg_b 1 1 1 1 1 1
/m/02kxbx3 /award/award_winner/awards_won./award/award_honor/honored_for /m/01jzyf 2 1 1 1 0 1
/m/01zh29 /award/award_winner/awards_won./award/award_honor/honored_for /m/02tcgh 1 1 1 1 1 1
/m/01fyzy /award/award_winner/awards_won./award/award_honor/honored_for /m/074w86 1 1 1 1 1 1
/m/019l68 /award/award_winner/awards_won./award/award_honor/honored_for /m/02k1pr 1 1 1 1 1 1
/m/02tkzn /award/award_winner/awards_won./award/award_honor/honored_for /m/0kfpm 2 1 1 1 0 1
/m/0bwh6 /award/award_winner/awards_won./award/award_honor/honored_for /m/04q01mn 1 1 1 1 1 1
/m/06bzwt /award/award_winner/awards_won./award/award_honor/honored_for /m/0404j37 4 1 1 1 0 1
/m/032v0v /award/award_winner/awards_won./award/award_honor/honored_for /m/04fzfj 2 1 1 1 0 1
/m/0h0jz /award/award_winner/awards_won./award/award_honor/honored_for /m/0ywrc 6 1 1 1 0 1
/m/04bd8y /award/award_winner/awards_won./award/award_honor/honored_for /m/0g60z 5 1 1 1 0 1
/m/024n3z /award/award_winner/awards_won./award/award_honor/honored_for /m/017jd9 11 1 0 1 0 1
/m/015pkc /award/award_winner/awards_won./award/award_honor/honored_for /m/012s1d 1 1 1 1 1 1
/m/0zcbl /award/award_winner/awards_won./award/award_honor/honored_for /m/03cv_gy 6 2 1 1 0 0
/m/03_2y /award/award_winner/awards_won./award/award_honor/honored_for /m/02b61v 3 1 1 1 0 1
/m/05ccxr /award/award_winner/awards_won./award/award_honor/honored_for /m/09p7fh 1 1 1 1 1 1
/m/03_wvl /award/award_winner/awards_won./award/award_honor/honored_for /m/0828jw 9 1 1 1 0 1
/m/03cxsvl /award/award_winner/awards_won./award/award_honor/honored_for /m/05f4vxd 2 1 1 1 0 1
/m/026670 /award/award_winner/awards_won./award/award_honor/honored_for /m/02rcdc2 2 1 1 1 0 1
/m/0jlv5 /award/award_winner/awards_won./award/award_honor/honored_for /m/01f8f7 5 1 1 1 0 1
/m/015f7 /award/award_winner/awards_won./award/award_honor/honored_for /m/02v570 4 1 1 1 0 1
/m/043js /award/award_winner/awards_won./award/award_honor/honored_for /m/0221zw 2 1 1 1 0 1
/m/085pr /award/award_winner/awards_won./award/award_honor/honored_for /m/0p9tm 3 1 1 1 0 1
/m/0bl2g /award/award_winner/awards_won./award/award_honor/honored_for /m/0yx_w 2 1 1 1 0 1
/m/0g10g /award/award_winner/awards_won./award/award_honor/honored_for /m/09d38d 2 1 1 1 0 1
/m/01tc9r /award/award_winner/awards_won./award/award_honor/honored_for /m/0cmc26r 1 1 1 1 1 1
/m/01nms7 /award/award_winner/awards_won./award/award_honor/honored_for /m/026lgs 5 1 1 1 0 1
/m/027l0b /award/award_winner/awards_won./award/award_honor/honored_for /m/01q_y0 7 2 1 1 0 0
/m/0c00lh /award/award_winner/awards_won./award/award_honor/honored_for /m/06__m6 1 1 1 1 1 1
/m/0lpjn /award/award_winner/awards_won./award/award_honor/honored_for /m/04jplwp 8 3 1 1 0 0
/m/02tkzn /award/award_winner/awards_won./award/award_honor/honored_for /m/03_8kz 4 1 1 1 0 1
/m/01_p6t /award/award_winner/awards_won./award/award_honor/honored_for /m/0h1x5f 2 1 1 1 0 1
/m/02g0rb /award/award_winner/awards_won./award/award_honor/honored_for /m/02rq8k8 2 1 1 1 0 1
/m/0bsb4j /award/award_winner/awards_won./award/award_honor/honored_for /m/07w8fz 3 1 1 1 0 1
/m/0bs8d /award/award_winner/awards_won./award/award_honor/honored_for /m/0hv81 1 1 1 1 1 1
/m/04f62k /award/award_winner/awards_won./award/award_honor/honored_for /m/0gxr1c 1 1 1 1 1 1
/m/09thp87 /award/award_winner/awards_won./award/award_honor/honored_for /m/05p09dd 1 1 1 1 1 1
/m/0gyx4 /award/award_winner/awards_won./award/award_honor/honored_for /m/0hvvf 2 1 1 1 0 1
/m/0h32q /award/award_winner/awards_won./award/award_honor/honored_for /m/015qqg 2 1 1 1 0 1
/m/0b13g7 /award/award_winner/awards_won./award/award_honor/honored_for /m/0ctb4g 3 1 1 1 0 1
/m/0dzf_ /award/award_winner/awards_won./award/award_honor/honored_for /m/0y_hb 2 1 1 1 0 1
/m/032dg7 /award/award_winner/awards_won./award/award_honor/honored_for /m/07nnp_ 1 1 1 1 1 1
/m/055c8 /award/award_winner/awards_won./award/award_honor/honored_for /m/0yyts 2 1 1 1 0 1
/m/0150t6 /award/award_winner/awards_won./award/award_honor/honored_for /m/02b61v 1 1 1 1 1 1
/m/04wvhz /award/award_winner/awards_won./award/award_honor/honored_for /m/011yd2 5 1 1 1 0 1
/m/03mdt /award/award_winner/awards_won./award/award_honor/honored_for /m/0bbm7r 3 1 1 1 0 1
/m/05kfs /award/award_winner/awards_won./award/award_honor/honored_for /m/0sxmx 2 1 1 1 0 1
/m/03fqv5 /award/award_winner/awards_won./award/award_honor/honored_for /m/0b4lkx 1 1 1 1 1 1
/m/06cgy /award/award_winner/awards_won./award/award_honor/honored_for /m/0y_hb 1 1 1 1 1 1
/m/0c408_ /award/award_winner/awards_won./award/award_honor/honored_for /m/0cwrr 4 1 1 1 0 1
/m/08vr94 /award/award_winner/awards_won./award/award_honor/honored_for /m/0ds35l9 1 1 1 1 1 1
/m/026n6cs /award/award_winner/awards_won./award/award_honor/honored_for /m/01y6dz 4 1 1 1 0 1
/m/043js /award/award_winner/awards_won./award/award_honor/honored_for /m/02k_4g 2 1 1 1 0 1
/m/04pz5c /award/award_winner/awards_won./award/award_honor/honored_for /m/01ft14 2 1 1 1 0 1
/m/0dvld /award/award_winner/awards_won./award/award_honor/honored_for /m/03cw411 2 2 1 1 0 0
/m/0417z2 /award/award_winner/awards_won./award/award_honor/honored_for /m/01qb559 3 1 1 1 0 1
/m/01wd9vs /award/award_winner/awards_won./award/award_honor/honored_for /m/043n1r5 3 1 1 1 0 1
/m/05drr9 /award/award_winner/awards_won./award/award_honor/honored_for /m/039cq4 7 1 1 1 0 1
/m/058frd /award/award_winner/awards_won./award/award_honor/honored_for /m/0c0zq 2 1 1 1 0 1
/m/027zz /award/award_winner/awards_won./award/award_honor/honored_for /m/026p4q7 2 1 1 1 0 1
/m/06t8b /award/award_winner/awards_won./award/award_honor/honored_for /m/09cr8 1 1 1 1 1 1
/m/0184jc /award/award_winner/awards_won./award/award_honor/honored_for /m/09gq0x5 2 1 1 1 0 1
/m/01gz9n /award/award_winner/awards_won./award/award_honor/honored_for /m/05dmmc 3 1 1 1 0 1
/m/07lwsz /award/award_winner/awards_won./award/award_honor/honored_for /m/0hz55 1 1 1 1 1 1
/m/04znsy /award/award_winner/awards_won./award/award_honor/honored_for /m/05c46y6 1 1 1 1 1 1
/m/01gq0b /award/award_winner/awards_won./award/award_honor/honored_for /m/0b76kw1 1 1 1 1 1 1
/m/03v1w7 /award/award_winner/awards_won./award/award_honor/honored_for /m/0ds11z 6 2 1 1 0 0
/m/0p_2r /award/award_winner/awards_won./award/award_honor/honored_for /m/0d68qy 6 1 1 1 0 1
/m/0301bq /award/award_winner/awards_won./award/award_honor/honored_for /m/05pt0l 1 1 1 1 1 1
/m/01xv77 /award/award_winner/awards_won./award/award_honor/honored_for /m/0gyv0b4 3 2 1 1 0 0
/m/05lb87 /award/award_winner/awards_won./award/award_honor/honored_for /m/03ln8b 7 1 1 1 0 1
/m/02kxbwx /award/award_winner/awards_won./award/award_honor/honored_for /m/01vfqh 4 1 1 1 0 1
/m/05m7zg /award/award_winner/awards_won./award/award_honor/honored_for /m/02906 4 1 1 1 0 1
/m/02wk_43 /award/award_winner/awards_won./award/award_honor/honored_for /m/05zr0xl 2 1 1 1 0 1
/m/048s0r /award/award_winner/awards_won./award/award_honor/honored_for /m/01cmp9 3 1 1 1 0 1
/m/03fqv5 /award/award_winner/awards_won./award/award_honor/honored_for /m/0ccck7 3 1 1 1 0 1
/m/0d5wn3 /award/award_winner/awards_won./award/award_honor/honored_for /m/031786 1 1 1 1 1 1
/m/01fkv0 /award/award_winner/awards_won./award/award_honor/honored_for /m/02fwfb 1 1 1 1 1 1
/m/05wqr1 /award/award_winner/awards_won./award/award_honor/honored_for /m/02pqs8l 1 1 1 1 1 1
/m/08cn_n /award/award_winner/awards_won./award/award_honor/honored_for /m/04969y 1 1 1 1 1 1
/m/028knk /award/award_winner/awards_won./award/award_honor/honored_for /m/03b1sb 2 1 1 1 0 1
/m/03thw4 /award/award_winner/awards_won./award/award_honor/honored_for /m/0bcndz 3 1 1 1 0 1
/m/02s5v5 /award/award_winner/awards_won./award/award_honor/honored_for /m/0cw3yd 2 1 1 1 0 1
/m/042xrr /award/award_winner/awards_won./award/award_honor/honored_for /m/04vr_f 2 1 1 1 0 1
/m/01vvb4m /award/award_winner/awards_won./award/award_honor/honored_for /m/04ghz4m 1 1 1 1 1 1
/m/01pcz9 /award/award_winner/awards_won./award/award_honor/honored_for /m/02hct1 4 1 1 1 0 1
/m/02qlkc3 /award/award_winner/awards_won./award/award_honor/honored_for /m/0q9jk 2 1 1 1 0 1
/m/0m68w /award/award_winner/awards_won./award/award_honor/honored_for /m/02fttd 1 1 1 1 1 1
/m/05mvd62 /award/award_winner/awards_won./award/award_honor/honored_for /m/047csmy 4 1 1 1 0 1
/m/06t61y /award/award_winner/awards_won./award/award_honor/honored_for /m/011ywj 3 1 1 1 0 1
/m/06cgy /award/award_winner/awards_won./award/award_honor/honored_for /m/03s5lz 2 1 1 1 0 1
/m/0d05fv /award/award_winner/awards_won./award/award_honor/honored_for /m/0bhwhj 1 1 1 1 1 1
/m/01f873 /award/award_winner/awards_won./award/award_honor/honored_for /m/0198b6 4 3 1 1 0 0
/m/0pz91 /award/award_winner/awards_won./award/award_honor/honored_for /m/0640m69 1 1 1 1 1 1
/m/03nk3t /award/award_winner/awards_won./award/award_honor/honored_for /m/02yy9r 1 1 1 1 1 1
/m/01j7pt /award/award_winner/awards_won./award/award_honor/honored_for /m/06y_n 4 1 1 1 0 1
/m/01b9z4 /award/award_winner/awards_won./award/award_honor/honored_for /m/0kfv9 9 1 1 1 0 1
/m/05_2h8 /award/award_winner/awards_won./award/award_honor/honored_for /m/0bl06 1 1 1 1 1 1
/m/062ftr /award/award_winner/awards_won./award/award_honor/honored_for /m/08jgk1 18 1 0 1 0 1
/m/0277470 /award/award_winner/awards_won./award/award_honor/honored_for /m/0d68qy 12 1 0 1 0 1
/m/0jz9f /award/award_winner/awards_won./award/award_honor/honored_for /m/03c_cxn 1 1 1 1 1 1
/m/0b_dy /award/award_winner/awards_won./award/award_honor/honored_for /m/05z43v 2 1 1 1 0 1
/m/0dlglj /award/award_winner/awards_won./award/award_honor/honored_for /m/09cr8 8 1 1 1 0 1
/m/05vsxz /award/award_winner/awards_won./award/award_honor/honored_for /m/02yy9r 2 1 1 1 0 1
/m/020fgy /award/award_winner/awards_won./award/award_honor/honored_for /m/0bx0l 2 1 1 1 0 1
/m/0m_v0 /award/award_winner/awards_won./award/award_honor/honored_for /m/02cbhg 3 1 1 1 0 1
/m/016tw3 /award/award_winner/awards_won./award/award_honor/honored_for /m/0c9t0y 3 1 1 1 0 1
/m/01gg59 /award/award_winner/awards_won./award/award_honor/honored_for /m/03hmt9b 2 1 1 1 0 1
/m/039bp /award/award_winner/awards_won./award/award_honor/honored_for /m/0pd64 4 3 1 1 0 0
/m/01jpmpv /award/award_winner/awards_won./award/award_honor/honored_for /m/0gzy02 1 1 1 1 1 1
/m/0cg9f /award/award_winner/awards_won./award/award_honor/honored_for /m/0286gm1 3 1 1 1 0 1
/m/098n_m /award/award_winner/awards_won./award/award_honor/honored_for /m/0bnzd 1 1 1 1 1 1
/m/02114t /award/award_winner/awards_won./award/award_honor/honored_for /m/01n30p 2 1 1 1 0 1
/m/014zcr /award/award_winner/awards_won./award/award_honor/honored_for /m/07w8fz 2 1 1 1 0 1
/m/014zcr /award/award_winner/awards_won./award/award_honor/honored_for /m/0bmhvpr 6 3 1 1 0 0
/m/0d0xs5 /award/award_winner/awards_won./award/award_honor/honored_for /m/07j8r 2 1 1 1 0 1
/m/0b_dy /award/award_winner/awards_won./award/award_honor/honored_for /m/0p4v_ 1 1 1 1 1 1
/m/027y151 /award/award_winner/awards_won./award/award_honor/honored_for /m/08720 1 1 1 1 1 1
/m/06l9n8 /award/award_winner/awards_won./award/award_honor/honored_for /m/02prw4h 2 1 1 1 0 1
/m/0p_pd /award/award_winner/awards_won./award/award_honor/honored_for /m/024lt6 1 1 1 1 1 1
/m/06w6_ /award/award_winner/awards_won./award/award_honor/honored_for /m/0gj50 10 1 1 1 0 1
/m/02lfp4 /award/award_winner/awards_won./award/award_honor/honored_for /m/0jqn5 4 1 1 1 0 1
/m/01xcr4 /award/award_winner/awards_won./award/award_honor/honored_for /m/0304nh 3 1 1 1 0 1
/m/0bsb4j /award/award_winner/awards_won./award/award_honor/honored_for /m/0gg5qcw 2 1 1 1 0 1
/m/02tn0_ /award/award_winner/awards_won./award/award_honor/honored_for /m/04kzqz 1 1 1 1 1 1
/m/01phtd /award/award_winner/awards_won./award/award_honor/honored_for /m/04t9c0 2 2 1 1 0 0
/m/0cw67g /award/award_winner/awards_won./award/award_honor/honored_for /m/016dj8 6 3 1 1 0 0
/m/01vvb4m /award/award_winner/awards_won./award/award_honor/honored_for /m/07bx6 2 1 1 1 0 1
/m/0dvmd /award/award_winner/awards_won./award/award_honor/honored_for /m/03cp4cn 1 1 1 1 1 1
/m/0kk9v /award/award_winner/awards_won./award/award_honor/honored_for /m/027s39y 1 1 1 1 1 1
/m/0bksh /award/award_winner/awards_won./award/award_honor/honored_for /m/01y9jr 2 1 1 1 0 1
/m/05dbf /award/award_winner/awards_won./award/award_honor/honored_for /m/02qcr 1 1 1 1 1 1
/m/01h1b /award/award_winner/awards_won./award/award_honor/honored_for /m/03s5lz 1 1 1 1 1 1
/m/065ydwb /award/award_winner/awards_won./award/award_honor/honored_for /m/02pqs8l 2 1 1 1 0 1
/m/09v6tz /award/award_winner/awards_won./award/award_honor/honored_for /m/0bdjd 3 1 1 1 0 1
/m/01_x6d /award/award_winner/awards_won./award/award_honor/honored_for /m/06y_n 6 1 1 1 0 1
/m/026fd /award/award_winner/awards_won./award/award_honor/honored_for /m/03f7xg 2 1 1 1 0 1
/m/02lkcc /award/award_winner/awards_won./award/award_honor/honored_for /m/03s9kp 2 1 1 1 0 1
/m/05bnx3j /award/award_winner/awards_won./award/award_honor/honored_for /m/0ddd0gc 5 1 1 1 0 1
/m/0988cp /award/award_winner/awards_won./award/award_honor/honored_for /m/0q9jk 8 2 1 1 0 0
/m/01fh9 /award/award_winner/awards_won./award/award_honor/honored_for /m/0344gc 1 1 1 1 1 1
/m/01pfkw /award/award_winner/awards_won./award/award_honor/honored_for /m/03l6q0 1 1 1 1 1 1
/m/0bytkq /award/award_winner/awards_won./award/award_honor/honored_for /m/07z6xs 1 1 1 1 1 1
/m/06j0md /award/award_winner/awards_won./award/award_honor/honored_for /m/01s81 2 1 1 1 0 1
/m/012ljv /award/award_winner/awards_won./award/award_honor/honored_for /m/014_x2 1 1 1 1 1 1
/m/02b29 /award/award_winner/awards_won./award/award_honor/honored_for /m/024hbv 10188 10186 0 0 0 0
/m/0c9c0 /award/award_winner/awards_won./award/award_honor/honored_for /m/08952r 3 2 1 1 0 0
/m/03h3vtz /award/award_winner/awards_won./award/award_honor/honored_for /m/05f4vxd 14 1 0 1 0 1
/m/017s11 /award/award_winner/awards_won./award/award_honor/honored_for /m/06bd5j 4 1 1 1 0 1
/m/0237fw /award/award_winner/awards_won./award/award_honor/honored_for /m/05n6sq 1 1 1 1 1 1
/m/058vfp4 /award/award_winner/awards_won./award/award_honor/honored_for /m/05sbv3 3 1 1 1 0 1
/m/02vqpx8 /award/award_winner/awards_won./award/award_honor/honored_for /m/0464pz 3 1 1 1 0 1
/m/04b19t /award/award_winner/awards_won./award/award_honor/honored_for /m/01p3ty 3 1 1 1 0 1
/m/0bl2g /award/award_winner/awards_won./award/award_honor/honored_for /m/0p_th 2 1 1 1 0 1
/m/0h32q /award/award_winner/awards_won./award/award_honor/honored_for /m/0bh8x1y 1 1 1 1 1 1
/m/03v1w7 /award/award_winner/awards_won./award/award_honor/honored_for /m/047wh1 2 1 1 1 0 1
/m/02rk45 /award/award_winner/awards_won./award/award_honor/honored_for /m/0p_rk 2 1 1 1 0 1
/m/01xsbh /award/award_winner/awards_won./award/award_honor/honored_for /m/0m9p3 1 1 1 1 1 1
/m/0127m7 /award/award_winner/awards_won./award/award_honor/honored_for /m/0258dh 1 1 1 1 1 1
/m/08qvhv /award/award_winner/awards_won./award/award_honor/honored_for /m/014gjp 2 1 1 1 0 1
/m/0sz28 /award/award_winner/awards_won./award/award_honor/honored_for /m/03hkch7 2 1 1 1 0 1
/m/03n_7k /award/award_winner/awards_won./award/award_honor/honored_for /m/05sxzwc 1 1 1 1 1 1
/m/037q1z /award/award_winner/awards_won./award/award_honor/honored_for /m/0p4v_ 3 1 1 1 0 1
/m/09fb5 /award/award_winner/awards_won./award/award_honor/honored_for /m/0sxfd 6 3 1 1 0 0
/m/01ts_3 /award/award_winner/awards_won./award/award_honor/honored_for /m/07j8r 1 1 1 1 1 1
/m/06pk8 /award/award_winner/awards_won./award/award_honor/honored_for /m/01bb9r 2 1 1 1 0 1
/m/048wrb /award/award_winner/awards_won./award/award_honor/honored_for /m/08jgk1 5 1 1 1 0 1
/m/02qlkc3 /award/award_winner/awards_won./award/award_honor/honored_for /m/0kfpm 4 1 1 1 0 1
/m/03ckvj9 /award/award_winner/awards_won./award/award_honor/honored_for /m/0358x_ 3 1 1 1 0 1
/m/025hwq /award/award_winner/awards_won./award/award_honor/honored_for /m/01qvz8 2 1 1 1 0 1
/m/02fgpf /award/award_winner/awards_won./award/award_honor/honored_for /m/0_7w6 1 1 1 1 1 1
/m/0jfx1 /award/award_winner/awards_won./award/award_honor/honored_for /m/0ds11z 3 1 1 1 0 1
/m/04t2l2 /award/award_winner/awards_won./award/award_honor/honored_for /m/06fpsx 1 1 1 1 1 1
/m/081lh /award/award_winner/awards_won./award/award_honor/honored_for /m/02qpt1w 1 1 1 1 1 1
/m/0806vbn /award/award_winner/awards_won./award/award_honor/honored_for /m/05f4vxd 7 1 1 1 0 1
/m/07fvf1 /award/award_winner/awards_won./award/award_honor/honored_for /m/01bv8b 5 1 1 1 0 1
/m/09dv0sz /award/award_winner/awards_won./award/award_honor/honored_for /m/0cc7hmk 7 1 1 1 0 1
/m/0bxtg /award/award_winner/awards_won./award/award_honor/honored_for /m/02ndy4 1 1 1 1 1 1
/m/0136g9 /award/award_winner/awards_won./award/award_honor/honored_for /m/02_kd 1 1 1 1 1 1
/m/0fx0j2 /award/award_winner/awards_won./award/award_honor/honored_for /m/014kkm 7 3 1 1 0 0
/m/0dzf_ /award/award_winner/awards_won./award/award_honor/honored_for /m/01jrbv 1 1 1 1 1 1
/m/01x_d8 /award/award_winner/awards_won./award/award_honor/honored_for /m/0c0zq 8 1 1 1 0 1
/m/0hwqz /award/award_winner/awards_won./award/award_honor/honored_for /m/0hwpz 2 1 1 1 0 1
/m/048hf /award/award_winner/awards_won./award/award_honor/honored_for /m/07gbf 2 1 1 1 0 1
/m/01nxzv /award/award_winner/awards_won./award/award_honor/honored_for /m/01jrbv 3 1 1 1 0 1
/m/09pl3s /award/award_winner/awards_won./award/award_honor/honored_for /m/047csmy 3 1 1 1 0 1
/m/01xcfy /award/award_winner/awards_won./award/award_honor/honored_for /m/02d478 3 1 1 1 0 1
/m/06dv3 /award/award_winner/awards_won./award/award_honor/honored_for /m/09m6kg 2 1 1 1 0 1
/m/0ksrf8 /award/award_winner/awards_won./award/award_honor/honored_for /m/0b76t12 3 1 1 1 0 1
/m/01gq0b /award/award_winner/awards_won./award/award_honor/honored_for /m/01cssf 2 1 1 1 0 1
/m/0cj8x /award/award_winner/awards_won./award/award_honor/honored_for /m/03hj3b3 1 1 1 1 1 1
/m/0150t6 /award/award_winner/awards_won./award/award_honor/honored_for /m/09146g 3 1 1 1 0 1
/m/0lpjn /award/award_winner/awards_won./award/award_honor/honored_for /m/021y7yw 1 1 1 1 1 1
/m/02pqgt8 /award/award_winner/awards_won./award/award_honor/honored_for /m/043t8t 1 1 1 1 1 1
/m/05gnf /award/award_winner/awards_won./award/award_honor/honored_for /m/016tvq 3 1 1 1 0 1
/m/0fvf9q /award/award_winner/awards_won./award/award_honor/honored_for /m/07s846j 5 1 1 1 0 1
/m/0m_v0 /award/award_winner/awards_won./award/award_honor/honored_for /m/08nhfc1 2 1 1 1 0 1
/m/02yxwd /award/award_winner/awards_won./award/award_honor/honored_for /m/08c4yn 1 1 1 1 1 1
/m/03ldxq /award/award_winner/awards_won./award/award_honor/honored_for /m/01h1bf 2 1 1 1 0 1
/m/0456xp /award/award_winner/awards_won./award/award_honor/honored_for /m/03qcfvw 1 1 1 1 1 1
/m/02f1c /award/award_winner/awards_won./award/award_honor/honored_for /m/06ybb1 1 1 1 1 1 1
/m/0794g /award/award_winner/awards_won./award/award_honor/honored_for /m/05zy3sc 1 1 1 1 1 1
/m/02dh86 /award/award_winner/awards_won./award/award_honor/honored_for /m/0275kr 1 1 1 1 1 1
/m/02js_6 /award/award_winner/awards_won./award/award_honor/honored_for /m/0124k9 2 1 1 1 0 1
/m/0h7pj /award/award_winner/awards_won./award/award_honor/honored_for /m/06sfk6 1 1 1 1 1 1
/m/019x62 /award/award_winner/awards_won./award/award_honor/honored_for /m/016kz1 1 1 1 1 1 1
/m/056wb /award/award_winner/awards_won./award/award_honor/honored_for /m/0180mw 9 1 1 1 0 1
/m/02vyw /award/award_winner/awards_won./award/award_honor/honored_for /m/07g1sm 1 1 1 1 1 1
/m/02jxmr /award/award_winner/awards_won./award/award_honor/honored_for /m/09q23x 1 1 1 1 1 1
/m/0f4vbz /award/award_winner/awards_won./award/award_honor/honored_for /m/07nxvj 4 1 1 1 0 1
/m/02s2ft /award/award_winner/awards_won./award/award_honor/honored_for /m/07kh6f3 6 1 1 1 0 1
/m/0306bt /award/award_winner/awards_won./award/award_honor/honored_for /m/02k_4g 10 1 1 1 0 1
/m/01j5ts /award/award_winner/awards_won./award/award_honor/honored_for /m/03b1sb 4 2 1 1 0 0
/m/06mmb /award/award_winner/awards_won./award/award_honor/honored_for /m/07pd_j 1 1 1 1 1 1
/m/02t_w8 /award/award_winner/awards_won./award/award_honor/honored_for /m/01zfzb 2 1 1 1 0 1
/m/03m8lq /award/award_winner/awards_won./award/award_honor/honored_for /m/0b76t12 4 1 1 1 0 1
/m/01541z /award/award_winner/awards_won./award/award_honor/honored_for /m/02pqs8l 3 1 1 1 0 1
/m/0h0wc /award/award_winner/awards_won./award/award_honor/honored_for /m/09p7fh 2 1 1 1 0 1
/m/0c1pj /award/award_winner/awards_won./award/award_honor/honored_for /m/01br2w 1 1 1 1 1 1
/m/09dvgb8 /award/award_winner/awards_won./award/award_honor/honored_for /m/0dtfn 5 1 1 1 0 1
/m/02k4gv /award/award_winner/awards_won./award/award_honor/honored_for /m/0828jw 9 1 1 1 0 1
/m/017s11 /award/award_winner/awards_won./award/award_honor/honored_for /m/0c5dd 1 1 1 1 1 1
/m/01_xtx /award/award_winner/awards_won./award/award_honor/honored_for /m/03cmsqb 2 1 1 1 0 1
/m/06cgy /award/award_winner/awards_won./award/award_honor/honored_for /m/0h6r5 3 1 1 1 0 1
/m/0kjgl /award/award_winner/awards_won./award/award_honor/honored_for /m/02q56mk 2 1 1 1 0 1
/m/076lxv /award/award_winner/awards_won./award/award_honor/honored_for /m/070fnm 2 1 1 1 0 1
/m/060j8b /award/award_winner/awards_won./award/award_honor/honored_for /m/08jgk1 11 1 0 1 0 1
/m/015f7 /award/award_winner/awards_won./award/award_honor/honored_for /m/048qrd 1 1 1 1 1 1
/m/0pz91 /award/award_winner/awards_won./award/award_honor/honored_for /m/0bshwmp 1 1 1 1 1 1
/m/0klh7 /award/award_winner/awards_won./award/award_honor/honored_for /m/0_b9f 4 1 1 1 0 1
/m/0klh7 /award/award_winner/awards_won./award/award_honor/honored_for /m/0_816 1 1 1 1 1 1
/m/0kb3n /award/award_winner/awards_won./award/award_honor/honored_for /m/0jsf6 3 1 1 1 0 1
/m/039x1k /award/award_winner/awards_won./award/award_honor/honored_for /m/0c9k8 4 1 1 1 0 1
/m/01wf86y /award/award_winner/awards_won./award/award_honor/honored_for /m/02czd5 4 1 1 1 0 1
/m/014zcr /award/award_winner/awards_won./award/award_honor/honored_for /m/029k4p 1 1 1 1 1 1
/m/0d_84 /award/award_winner/awards_won./award/award_honor/honored_for /m/063_j5 1 1 1 1 1 1
/m/02bkdn /award/award_winner/awards_won./award/award_honor/honored_for /m/0g60z 5 1 1 1 0 1
/m/0794g /award/award_winner/awards_won./award/award_honor/honored_for /m/03cmsqb 1 1 1 1 1 1
/m/01cbt3 /award/award_winner/awards_won./award/award_honor/honored_for /m/0cq86w 2 1 1 1 0 1
/m/0h0jz /award/award_winner/awards_won./award/award_honor/honored_for /m/026fs38 2 1 1 1 0 1
/m/012rng /award/award_winner/awards_won./award/award_honor/honored_for /m/0267wwv 1 1 1 1 1 1
/m/05qg6g /award/award_winner/awards_won./award/award_honor/honored_for /m/08phg9 2 1 1 1 0 1
/m/014zcr /award/award_winner/awards_won./award/award_honor/honored_for /m/01bb9r 2 1 1 1 0 1
/m/04sry /award/award_winner/awards_won./award/award_honor/honored_for /m/03b1sb 1 1 1 1 1 1
/m/079hvk /award/award_winner/awards_won./award/award_honor/honored_for /m/05qm9f 1 1 1 1 1 1
/m/0m31m /award/award_winner/awards_won./award/award_honor/honored_for /m/0m313 4 1 1 1 0 1
/m/0154qm /award/award_winner/awards_won./award/award_honor/honored_for /m/011yr9 5 2 1 1 0 0
/m/052hl /award/award_winner/awards_won./award/award_honor/honored_for /m/02czd5 2 1 1 1 0 1
/m/03m6_z /award/award_winner/awards_won./award/award_honor/honored_for /m/0g4vmj8 3 2 1 1 0 0
/m/017c87 /award/award_winner/awards_won./award/award_honor/honored_for /m/07k2mq 3 1 1 1 0 1
/m/01kj0p /award/award_winner/awards_won./award/award_honor/honored_for /m/017z49 2 1 1 1 0 1
/m/01nrgq /award/award_winner/awards_won./award/award_honor/honored_for /m/0kfpm 3 1 1 1 0 1
/m/018ygt /award/award_winner/awards_won./award/award_honor/honored_for /m/07nxvj 2 1 1 1 0 1
/m/0169dl /award/award_winner/awards_won./award/award_honor/honored_for /m/01b195 1 1 1 1 1 1
/m/01hkhq /award/award_winner/awards_won./award/award_honor/honored_for /m/0g9lm2 4 1 1 1 0 1
/m/09v6gc9 /award/award_winner/awards_won./award/award_honor/honored_for /m/05f4vxd 3 1 1 1 0 1
/m/05hj0n /award/award_winner/awards_won./award/award_honor/honored_for /m/011yd2 1 1 1 1 1 1
/m/05ty4m /award/award_winner/awards_won./award/award_honor/honored_for /m/0hr41p6 1 1 1 1 1 1
/m/01j5ws /award/award_winner/awards_won./award/award_honor/honored_for /m/01qxc7 1 1 1 1 1 1
/m/09fb5 /award/award_winner/awards_won./award/award_honor/honored_for /m/0hv4t 4 1 1 1 0 1
/m/0479b /award/award_winner/awards_won./award/award_honor/honored_for /m/0pb33 2 1 1 1 0 1
/m/07s95_l /award/award_winner/awards_won./award/award_honor/honored_for /m/02rzdcp 4 1 1 1 0 1
/m/01nwwl /award/award_winner/awards_won./award/award_honor/honored_for /m/011yxg 7 1 1 1 0 1
/m/02jxmr /award/award_winner/awards_won./award/award_honor/honored_for /m/03f7nt 1 1 1 1 1 1
/m/019_1h /award/award_winner/awards_won./award/award_honor/honored_for /m/0bx0l 8 1 1 1 0 1
/m/06nns1 /award/award_winner/awards_won./award/award_honor/honored_for /m/04p5cr 8 6 1 1 0 0
/m/0415svh /award/award_winner/awards_won./award/award_honor/honored_for /m/0gmblvq 1 1 1 1 1 1
/m/0pmhf /award/award_winner/awards_won./award/award_honor/honored_for /m/0170_p 1 1 1 1 1 1
/m/0jfx1 /award/award_winner/awards_won./award/award_honor/honored_for /m/01vksx 1 1 1 1 1 1
/m/0147dk /award/award_winner/awards_won./award/award_honor/honored_for /m/01xbxn 3 3 1 1 0 0
/m/0147dk /award/award_winner/awards_won./award/award_honor/honored_for /m/06rhz7 1 1 1 1 1 1
/m/04cy8rb /award/award_winner/awards_won./award/award_honor/honored_for /m/0dr_4 15 3 0 1 0 0
/m/01j5ts /award/award_winner/awards_won./award/award_honor/honored_for /m/0dqytn 3 1 1 1 0 1
/m/0dvld /award/award_winner/awards_won./award/award_honor/honored_for /m/011yg9 3 1 1 1 0 1
/m/033rq /award/award_winner/awards_won./award/award_honor/honored_for /m/02psgq 1 1 1 1 1 1
/m/0flddp /award/award_winner/awards_won./award/award_honor/honored_for /m/0m_h6 3 1 1 1 0 1
/m/0c921 /award/award_winner/awards_won./award/award_honor/honored_for /m/0k4f3 1 1 1 1 1 1
/m/01kp66 /award/award_winner/awards_won./award/award_honor/honored_for /m/02d49z 1 1 1 1 1 1
/m/0dvmd /award/award_winner/awards_won./award/award_honor/honored_for /m/049xgc 9 3 1 1 0 0
/m/015gy7 /award/award_winner/awards_won./award/award_honor/honored_for /m/0jzw 6 1 1 1 0 1
/m/0c94fn /award/award_winner/awards_won./award/award_honor/honored_for /m/07gp9 2 1 1 1 0 1
/m/05wjnt /award/award_winner/awards_won./award/award_honor/honored_for /m/04f52jw 3 1 1 1 0 1
/m/0bj9k /award/award_winner/awards_won./award/award_honor/honored_for /m/02py4c8 7 2 1 1 0 0
/m/03_vx9 /award/award_winner/awards_won./award/award_honor/honored_for /m/02d49z 2 1 1 1 0 1
/m/02_hj4 /award/award_winner/awards_won./award/award_honor/honored_for /m/03nsm5x 2 1 1 1 0 1
/m/01t6b4 /award/award_winner/awards_won./award/award_honor/honored_for /m/07s8z_l 1 1 1 1 1 1
/m/019f2f /award/award_winner/awards_won./award/award_honor/honored_for /m/01gvts 2 1 1 1 0 1
/m/06g4l /award/award_winner/awards_won./award/award_honor/honored_for /m/02ptczs 2 1 1 1 0 1
/m/0184dt /award/award_winner/awards_won./award/award_honor/honored_for /m/084302 1 1 1 1 1 1
