/m/0fg04 /award/award_winning_work/awards_won./award/award_honor/award /m/02x2gy0 1 1 1 1 1 1
/m/0209xj /award/award_winning_work/awards_won./award/award_honor/award /m/02w9sd7 9 1 1 1 0 1
/m/0ywrc /award/award_winning_work/awards_won./award/award_honor/award /m/02r0csl 20 10 0 1 0 0
/m/0bbgly /award/award_winning_work/awards_won./award/award_honor/award /m/0gq9h 66 28 0 0 0 0
/m/07cyl /award/award_winning_work/awards_won./award/award_honor/award /m/0gq9h 25 1 0 1 0 1
/m/0b76kw1 /award/award_winning_work/awards_won./award/award_honor/award /m/0bfvd4 3 1 1 1 0 1
/m/0p_th /award/award_winning_work/awards_won./award/award_honor/award /m/0gq9h 27 1 0 1 0 1
/m/02_kd /award/award_winning_work/awards_won./award/award_honor/award /m/02pqp12 18 1 0 1 0 1
/m/0gj50 /award/award_winning_work/awards_won./award/award_honor/award /m/02p_04b 1 1 1 1 1 1
/m/0ds3t5x /award/award_winning_work/awards_won./award/award_honor/award /m/027cyf7 6 1 1 1 0 1
/m/0gvsh7l /award/award_winning_work/awards_won./award/award_honor/award /m/0bdw6t 7 1 1 1 0 1
/m/01f8gz /award/award_winning_work/awards_won./award/award_honor/award /m/09v51c2 10 5 1 1 0 0
/m/05dmmc /award/award_winning_work/awards_won./award/award_honor/award /m/0gq9h 19 1 0 1 0 1
/m/0_b9f /award/award_winning_work/awards_won./award/award_honor/award /m/09cn0c 6 1 1 1 0 1
/m/0yzvw /award/award_winning_work/awards_won./award/award_honor/award /m/0gqyl 13 1 0 1 0 1
/m/0330r /award/award_winning_work/awards_won./award/award_honor/award /m/0m7yy 14 1 0 1 0 1
/m/016kz1 /award/award_winning_work/awards_won./award/award_honor/award /m/054krc 11 1 0 1 0 1
/m/0fpv_3_ /award/award_winning_work/awards_won./award/award_honor/award /m/0gr42 17 1 0 1 0 1
/m/02jxrw /award/award_winning_work/awards_won./award/award_honor/award /m/02x2gy0 6 1 1 1 0 1
/m/0209hj /award/award_winning_work/awards_won./award/award_honor/award /m/027986c 12 1 0 1 0 1
/m/07cyl /award/award_winning_work/awards_won./award/award_honor/award /m/0gr4k 20 1 0 1 0 1
/m/05dl1s /award/award_winning_work/awards_won./award/award_honor/award /m/0274v0r 3 1 1 1 0 1
/m/023ny6 /award/award_winning_work/awards_won./award/award_honor/award /m/027gs1_ 13 1 0 1 0 1
/m/01z452 /award/award_winning_work/awards_won./award/award_honor/award /m/02qyp19 7 1 1 1 0 1
/m/011yg9 /award/award_winning_work/awards_won./award/award_honor/award /m/099c8n 1 1 1 1 1 1
/m/02_06s /award/award_winning_work/awards_won./award/award_honor/award /m/09cn0c 3 1 1 1 0 1
/m/02rn00y /award/award_winning_work/awards_won./award/award_honor/award /m/09tqxt 6 1 1 1 0 1
/m/07cyl /award/award_winning_work/awards_won./award/award_honor/award /m/03hkv_r 11 1 0 1 0 1
/m/011yrp /award/award_winning_work/awards_won./award/award_honor/award /m/0l8z1 18 1 0 1 0 1
/m/03y0pn /award/award_winning_work/awards_won./award/award_honor/award /m/02hsq3m 10 1 1 1 0 1
/m/0dr_4 /award/award_winning_work/awards_won./award/award_honor/award /m/02qt02v 23 8 0 1 0 0
/m/0glbqt /award/award_winning_work/awards_won./award/award_honor/award /m/054krc 4 1 1 1 0 1
/m/0sxlb /award/award_winning_work/awards_won./award/award_honor/award /m/09d28z 7 1 1 1 0 1
/m/0dtfn /award/award_winning_work/awards_won./award/award_honor/award /m/0262s1 4 1 1 1 0 1
/m/02rq8k8 /award/award_winning_work/awards_won./award/award_honor/award /m/05f4m9q 13 1 0 1 0 1
/m/02_1q9 /award/award_winning_work/awards_won./award/award_honor/award /m/02pzz3p 2 1 1 1 0 1
/m/01vksx /award/award_winning_work/awards_won./award/award_honor/award /m/09qv_s 5 1 1 1 0 1
/m/04q827 /award/award_winning_work/awards_won./award/award_honor/award /m/019f4v 15 1 0 1 0 1
/m/0ddj0x /award/award_winning_work/awards_won./award/award_honor/award /m/02qyntr 11 1 0 1 0 1
/m/02zk08 /award/award_winning_work/awards_won./award/award_honor/award /m/02x201b 3 1 1 1 0 1
/m/0j_t1 /award/award_winning_work/awards_won./award/award_honor/award /m/02rdxsh 2 1 1 1 0 1
/m/0djlxb /award/award_winning_work/awards_won./award/award_honor/award /m/03qgjwc 1 1 1 1 1 1
/m/02_kd /award/award_winning_work/awards_won./award/award_honor/award /m/03hl6lc 23 9 0 1 0 0
/m/04vr_f /award/award_winning_work/awards_won./award/award_honor/award /m/027c924 11 1 0 1 0 1
/m/09z2b7 /award/award_winning_work/awards_won./award/award_honor/award /m/02r0csl 6 1 1 1 0 1
/m/02wk7b /award/award_winning_work/awards_won./award/award_honor/award /m/02y_j8g 3 1 1 1 0 1
/m/0dr_4 /award/award_winning_work/awards_won./award/award_honor/award /m/0gq9h 30 1 0 1 0 1
/m/04b2qn /award/award_winning_work/awards_won./award/award_honor/award /m/0gr4k 4 1 1 1 0 1
/m/0bs4r /award/award_winning_work/awards_won./award/award_honor/award /m/0gs9p 36 4 0 1 0 0
/m/04j4tx /award/award_winning_work/awards_won./award/award_honor/award /m/04kxsb 31 15 0 0 0 0
/m/0p4v_ /award/award_winning_work/awards_won./award/award_honor/award /m/0gr4k 7 1 1 1 0 1
/m/0y_9q /award/award_winning_work/awards_won./award/award_honor/award /m/019f4v 4 1 1 1 0 1
/m/04j13sx /award/award_winning_work/awards_won./award/award_honor/award /m/04kxsb 4 1 1 1 0 1
/m/04v8x9 /award/award_winning_work/awards_won./award/award_honor/award /m/0gs96 21 1 0 1 0 1
/m/06cm5 /award/award_winning_work/awards_won./award/award_honor/award /m/027c95y 22 8 0 1 0 0
/m/0524b41 /award/award_winning_work/awards_won./award/award_honor/award /m/0fbvqf 5 1 1 1 0 1
/m/0_b9f /award/award_winning_work/awards_won./award/award_honor/award /m/02y_rq5 4 1 1 1 0 1
/m/0167bx /award/award_winning_work/awards_won./award/award_honor/award /m/0dt49 1 1 1 1 1 1
/m/0209xj /award/award_winning_work/awards_won./award/award_honor/award /m/03hl6lc 19 8 0 1 0 0
/m/0yxm1 /award/award_winning_work/awards_won./award/award_honor/award /m/03hl6lc 5 1 1 1 0 1
/m/0k20s /award/award_winning_work/awards_won./award/award_honor/award /m/02wwsh8 2 1 1 1 0 1
/m/0266s9 /award/award_winning_work/awards_won./award/award_honor/award /m/09qrn4 5 1 1 1 0 1
/m/03f7xg /award/award_winning_work/awards_won./award/award_honor/award /m/02qwdhq 1 1 1 1 1 1
/m/0cq7kw /award/award_winning_work/awards_won./award/award_honor/award /m/0gq_v 20 1 0 1 0 1
/m/0gxfz /award/award_winning_work/awards_won./award/award_honor/award /m/09cn0c 3 1 1 1 0 1
/m/0yx_w /award/award_winning_work/awards_won./award/award_honor/award /m/0gs9p 34 4 0 1 0 0
/m/01qz5 /award/award_winning_work/awards_won./award/award_honor/award /m/0gq9h 29 1 0 1 0 1
/m/08cfr1 /award/award_winning_work/awards_won./award/award_honor/award /m/02wwsh8 3 1 1 1 0 1
/m/04vr_f /award/award_winning_work/awards_won./award/award_honor/award /m/019f4v 7 1 1 1 0 1
/m/011yhm /award/award_winning_work/awards_won./award/award_honor/award /m/02x4sn8 1 1 1 1 1 1
/m/0llcx /award/award_winning_work/awards_won./award/award_honor/award /m/0k611 17 1 0 1 0 1
/m/03hmt9b /award/award_winning_work/awards_won./award/award_honor/award /m/0l8z1 11 1 0 1 0 1
/m/0661ql3 /award/award_winning_work/awards_won./award/award_honor/award /m/02g3ft 9 1 1 1 0 1
/m/05lfwd /award/award_winning_work/awards_won./award/award_honor/award /m/0cqh6z 3 1 1 1 0 1
/m/0168ls /award/award_winning_work/awards_won./award/award_honor/award /m/0gqy2 27 7 0 1 0 0
/m/01chpn /award/award_winning_work/awards_won./award/award_honor/award /m/02n9nmz 10 1 1 1 0 1
/m/011ysn /award/award_winning_work/awards_won./award/award_honor/award /m/05h5nb8 3 1 1 1 0 1
/m/01qvz8 /award/award_winning_work/awards_won./award/award_honor/award /m/07bdd_ 27 14 0 0 0 0
/m/0ch3qr1 /award/award_winning_work/awards_won./award/award_honor/award /m/05b1610 26 13 0 0 0 0
/m/01fx4k /award/award_winning_work/awards_won./award/award_honor/award /m/02y_rq5 15 4 0 1 0 0
/m/03pc89 /award/award_winning_work/awards_won./award/award_honor/award /m/0gr4k 19 1 0 1 0 1
/m/01b64v /award/award_winning_work/awards_won./award/award_honor/award /m/02py_sj 1 1 1 1 1 1
/m/0m63c /award/award_winning_work/awards_won./award/award_honor/award /m/054krc 7 1 1 1 0 1
/m/077q8x /award/award_winning_work/awards_won./award/award_honor/award /m/019f4v 16 1 0 1 0 1
/m/0dgst_d /award/award_winning_work/awards_won./award/award_honor/award /m/02x4x18 3 1 1 1 0 1
/m/0170th /award/award_winning_work/awards_won./award/award_honor/award /m/05h5nb8 10847 10843 0 0 0 0
/m/03c_cxn /award/award_winning_work/awards_won./award/award_honor/award /m/02rdyk7 10 1 1 1 0 1
/m/03qnc6q /award/award_winning_work/awards_won./award/award_honor/award /m/02z0dfh 4 1 1 1 0 1
/m/0g4pl7z /award/award_winning_work/awards_won./award/award_honor/award /m/02qyntr 25 12 0 0 0 0
/m/0jnwx /award/award_winning_work/awards_won./award/award_honor/award /m/05zvj3m 7 1 1 1 0 1
/m/072kp /award/award_winning_work/awards_won./award/award_honor/award /m/0cqhmg 2 1 1 1 0 1
/m/017gl1 /award/award_winning_work/awards_won./award/award_honor/award /m/040njc 2 1 1 1 0 1
/m/07cz2 /award/award_winning_work/awards_won./award/award_honor/award /m/02g3ft 12 1 0 1 0 1
/m/0b1y_2 /award/award_winning_work/awards_won./award/award_honor/award /m/02ppm4q 3 1 1 1 0 1
/m/09z2b7 /award/award_winning_work/awards_won./award/award_honor/award /m/027571b 1 1 1 1 1 1
/m/0jsf6 /award/award_winning_work/awards_won./award/award_honor/award /m/0gq_v 4 1 1 1 0 1
/m/0pv3x /award/award_winning_work/awards_won./award/award_honor/award /m/02qvyrt 6 1 1 1 0 1
/m/0209xj /award/award_winning_work/awards_won./award/award_honor/award /m/04kxsb 7 1 1 1 0 1
/m/0cq8qq /award/award_winning_work/awards_won./award/award_honor/award /m/0gs9p 35 4 0 1 0 0
/m/0vjr /award/award_winning_work/awards_won./award/award_honor/award /m/0cjyzs 13 1 0 1 0 1
/m/097h2 /award/award_winning_work/awards_won./award/award_honor/award /m/04fgzb0 1 1 1 1 1 1
/m/030z4z /award/award_winning_work/awards_won./award/award_honor/award /m/0b6k___ 1 1 1 1 1 1
/m/04lhc4 /award/award_winning_work/awards_won./award/award_honor/award /m/02rdyk7 2 1 1 1 0 1
/m/09q5w2 /award/award_winning_work/awards_won./award/award_honor/award /m/040njc 19 1 0 1 0 1
/m/0sxmx /award/award_winning_work/awards_won./award/award_honor/award /m/02qt02v 10 1 1 1 0 1
/m/0hmm7 /award/award_winning_work/awards_won./award/award_honor/award /m/02qyntr 1 1 1 1 1 1
/m/011yqc /award/award_winning_work/awards_won./award/award_honor/award /m/09td7p 1 1 1 1 1 1
/m/09r94m /award/award_winning_work/awards_won./award/award_honor/award /m/027b9ly 10 1 1 1 0 1
/m/046488 /award/award_winning_work/awards_won./award/award_honor/award /m/09ly2r6 4 1 1 1 0 1
/m/011ypx /award/award_winning_work/awards_won./award/award_honor/award /m/02x1dht 1 1 1 1 1 1
/m/0dsx3f /award/award_winning_work/awards_won./award/award_honor/award /m/0m7yy 9 1 1 1 0 1
/m/03kq98 /award/award_winning_work/awards_won./award/award_honor/award /m/0m7yy 21 1 0 1 0 1
/m/07xtqq /award/award_winning_work/awards_won./award/award_honor/award /m/040njc 59 36 0 0 0 0
/m/04mzf8 /award/award_winning_work/awards_won./award/award_honor/award /m/0gq9h 78 40 0 0 0 0
/m/0hmr4 /award/award_winning_work/awards_won./award/award_honor/award /m/09cn0c 10 1 1 1 0 1
/m/0k4p0 /award/award_winning_work/awards_won./award/award_honor/award /m/02r0csl 7 1 1 1 0 1
/m/0bdjd /award/award_winning_work/awards_won./award/award_honor/award /m/0gs9p 34 4 0 1 0 0
/m/0421ng /award/award_winning_work/awards_won./award/award_honor/award /m/0gqyl 7 1 1 1 0 1
/m/09sr0 /award/award_winning_work/awards_won./award/award_honor/award /m/0gr0m 4 1 1 1 0 1
/m/0j43swk /award/award_winning_work/awards_won./award/award_honor/award /m/018wdw 6 1 1 1 0 1
/m/0hv4t /award/award_winning_work/awards_won./award/award_honor/award /m/019f4v 6 1 1 1 0 1
/m/0cf08 /award/award_winning_work/awards_won./award/award_honor/award /m/0gq9h 11 1 0 1 0 1
/m/06bd5j /award/award_winning_work/awards_won./award/award_honor/award /m/05b1610 39 25 0 0 0 0
/m/0k4kk /award/award_winning_work/awards_won./award/award_honor/award /m/0gr42 2899 2877 0 0 0 0
/m/0bm2g /award/award_winning_work/awards_won./award/award_honor/award /m/019f4v 39 14 0 0 0 0
/m/0p_sc /award/award_winning_work/awards_won./award/award_honor/award /m/02qyntr 13 1 0 1 0 1
/m/011yr9 /award/award_winning_work/awards_won./award/award_honor/award /m/02x2gy0 2 1 1 1 0 1
/m/09q5w2 /award/award_winning_work/awards_won./award/award_honor/award /m/0gs96 14 1 0 1 0 1
/m/0gpx6 /award/award_winning_work/awards_won./award/award_honor/award /m/0fms83 4 2 1 1 0 0
/m/02p86pb /award/award_winning_work/awards_won./award/award_honor/award /m/0k611 10 1 1 1 0 1
/m/04x4vj /award/award_winning_work/awards_won./award/award_honor/award /m/09sdmz 8 1 1 1 0 1
/m/0bx0l /award/award_winning_work/awards_won./award/award_honor/award /m/0gq9h 24 1 0 1 0 1
/m/07gp9 /award/award_winning_work/awards_won./award/award_honor/award /m/02r22gf 17 5 0 1 0 0
/m/0bnzd /award/award_winning_work/awards_won./award/award_honor/award /m/02x4w6g 15 6 0 1 0 0
/m/0hz55 /award/award_winning_work/awards_won./award/award_honor/award /m/0fbtbt 16 3 0 1 0 0
/m/0fphgb /award/award_winning_work/awards_won./award/award_honor/award /m/07cbcy 7 1 1 1 0 1
/m/0p9tm /award/award_winning_work/awards_won./award/award_honor/award /m/0gr51 15 1 0 1 0 1
/m/06kl78 /award/award_winning_work/awards_won./award/award_honor/award /m/02qrbbx 1 1 1 1 1 1
/m/030cx /award/award_winning_work/awards_won./award/award_honor/award /m/027gs1_ 11 1 0 1 0 1
/m/01c9d /award/award_winning_work/awards_won./award/award_honor/award /m/0gs96 6 1 1 1 0 1
/m/02fqxm /award/award_winning_work/awards_won./award/award_honor/award /m/0641kkh 1 1 1 1 1 1
/m/01gkp1 /award/award_winning_work/awards_won./award/award_honor/award /m/0279c15 1 1 1 1 1 1
/m/09q5w2 /award/award_winning_work/awards_won./award/award_honor/award /m/05ztjjw 5 1 1 1 0 1
/m/07cz2 /award/award_winning_work/awards_won./award/award_honor/award /m/02r22gf 9 1 1 1 0 1
/m/03x7hd /award/award_winning_work/awards_won./award/award_honor/award /m/09tqxt 4 1 1 1 0 1
/m/0dr_4 /award/award_winning_work/awards_won./award/award_honor/award /m/0gr0m 15 1 0 1 0 1
/m/01fx4k /award/award_winning_work/awards_won./award/award_honor/award /m/02z1nbg 5 1 1 1 0 1
/m/04xbq3 /award/award_winning_work/awards_won./award/award_honor/award /m/0m7yy 18 1 0 1 0 1
/m/01n30p /award/award_winning_work/awards_won./award/award_honor/award /m/02x8n1n 3 1 1 1 0 1
/m/020fcn /award/award_winning_work/awards_won./award/award_honor/award /m/02pqp12 15 1 0 1 0 1
/m/06kl78 /award/award_winning_work/awards_won./award/award_honor/award /m/0fdtd7 5 2 1 1 0 0
/m/03f7nt /award/award_winning_work/awards_won./award/award_honor/award /m/027c924 3 1 1 1 0 1
/m/047q2k1 /award/award_winning_work/awards_won./award/award_honor/award /m/03rbj2 1 1 1 1 1 1
/m/0b6tzs /award/award_winning_work/awards_won./award/award_honor/award /m/03hkv_r 1 1 1 1 1 1
/m/0dsx3f /award/award_winning_work/awards_won./award/award_honor/award /m/0bdw6t 4 1 1 1 0 1
/m/0gt14 /award/award_winning_work/awards_won./award/award_honor/award /m/0czp_ 4 1 1 1 0 1
/m/09ps01 /award/award_winning_work/awards_won./award/award_honor/award /m/05zx7xk 2 1 1 1 0 1
/m/03hj5lq /award/award_winning_work/awards_won./award/award_honor/award /m/0279c15 7 2 1 1 0 0
/m/0209hj /award/award_winning_work/awards_won./award/award_honor/award /m/040njc 14 1 0 1 0 1
/m/0bl1_ /award/award_winning_work/awards_won./award/award_honor/award /m/04kxsb 9 1 1 1 0 1
/m/0qmd5 /award/award_winning_work/awards_won./award/award_honor/award /m/040njc 19 1 0 1 0 1
/m/05dmmc /award/award_winning_work/awards_won./award/award_honor/award /m/0gs96 24 2 0 1 0 0
/m/019vhk /award/award_winning_work/awards_won./award/award_honor/award /m/04kxsb 20 4 0 1 0 0
/m/0c3z0 /award/award_winning_work/awards_won./award/award_honor/award /m/0279c15 3 1 1 1 0 1
/m/092vkg /award/award_winning_work/awards_won./award/award_honor/award /m/02x4w6g 2 1 1 1 0 1
/m/02qm_f /award/award_winning_work/awards_won./award/award_honor/award /m/0gqzz 4 1 1 1 0 1
/m/012gk9 /award/award_winning_work/awards_won./award/award_honor/award /m/05f4m9q 26 8 0 1 0 0
/m/02gd6x /award/award_winning_work/awards_won./award/award_honor/award /m/0gqng 2 1 1 1 0 1
/m/05wp1p /award/award_winning_work/awards_won./award/award_honor/award /m/0gqzz 2 1 1 1 0 1
/m/0bl5c /award/award_winning_work/awards_won./award/award_honor/award /m/0gq9h 22 1 0 1 0 1
/m/017180 /award/award_winning_work/awards_won./award/award_honor/award /m/099jhq 1 1 1 1 1 1
/m/02rn00y /award/award_winning_work/awards_won./award/award_honor/award /m/054krc 4 1 1 1 0 1
/m/0p4v_ /award/award_winning_work/awards_won./award/award_honor/award /m/0gs9p 6 1 1 1 0 1
/m/0m123 /award/award_winning_work/awards_won./award/award_honor/award /m/0fbtbt 13 1 0 1 0 1
/m/0bl1_ /award/award_winning_work/awards_won./award/award_honor/award /m/02qyntr 11 1 0 1 0 1
/m/04vr_f /award/award_winning_work/awards_won./award/award_honor/award /m/0gq9h 14 1 0 1 0 1
/m/0qmhk /award/award_winning_work/awards_won./award/award_honor/award /m/02wkmx 10 1 1 1 0 1
/m/026390q /award/award_winning_work/awards_won./award/award_honor/award /m/02z1nbg 2 1 1 1 0 1
/m/06_x996 /award/award_winning_work/awards_won./award/award_honor/award /m/02n9nmz 6 1 1 1 0 1
/m/0sxlb /award/award_winning_work/awards_won./award/award_honor/award /m/0gqyl 9 1 1 1 0 1
/m/02md2d /award/award_winning_work/awards_won./award/award_honor/award /m/0bdx29 5 1 1 1 0 1
/m/04mx8h4 /award/award_winning_work/awards_won./award/award_honor/award /m/0cc8l6d 3 1 1 1 0 1
/m/0gkz15s /award/award_winning_work/awards_won./award/award_honor/award /m/05ztrmj 6 1 1 1 0 1
/m/0y_9q /award/award_winning_work/awards_won./award/award_honor/award /m/0l8z1 11 1 0 1 0 1
/m/0jdgr /award/award_winning_work/awards_won./award/award_honor/award /m/02g3v6 9 1 1 1 0 1
/m/026qnh6 /award/award_winning_work/awards_won./award/award_honor/award /m/02x258x 6 1 1 1 0 1
/m/039cq4 /award/award_winning_work/awards_won./award/award_honor/award /m/027gs1_ 9 1 1 1 0 1
/m/063ykwt /award/award_winning_work/awards_won./award/award_honor/award /m/0cqh6z 7 1 1 1 0 1
/m/014kkm /award/award_winning_work/awards_won./award/award_honor/award /m/0gs96 10 1 1 1 0 1
/m/01p3ty /award/award_winning_work/awards_won./award/award_honor/award /m/0b6jkkg 3 1 1 1 0 1
/m/04nl83 /award/award_winning_work/awards_won./award/award_honor/award /m/0gqng 7 1 1 1 0 1
/m/0d61px /award/award_winning_work/awards_won./award/award_honor/award /m/05p09zm 6 1 1 1 0 1
/m/0yyg4 /award/award_winning_work/awards_won./award/award_honor/award /m/027c95y 6 1 1 1 0 1
/m/02rv_dz /award/award_winning_work/awards_won./award/award_honor/award /m/02x4x18 4 1 1 1 0 1
/m/06_wqk4 /award/award_winning_work/awards_won./award/award_honor/award /m/05b4l5x 4 1 1 1 0 1
/m/0sxfd /award/award_winning_work/awards_won./award/award_honor/award /m/0gr4k 10 1 1 1 0 1
/m/05zr0xl /award/award_winning_work/awards_won./award/award_honor/award /m/0cjyzs 5 1 1 1 0 1
/m/0bl5c /award/award_winning_work/awards_won./award/award_honor/award /m/0gr4k 48 22 0 0 0 0
/m/07cdz /award/award_winning_work/awards_won./award/award_honor/award /m/040njc 15 1 0 1 0 1
/m/0drnwh /award/award_winning_work/awards_won./award/award_honor/award /m/0fhpv4 16 4 0 1 0 0
/m/09p3_s /award/award_winning_work/awards_won./award/award_honor/award /m/09cn0c 2226 2213 0 0 0 0
/m/04lhc4 /award/award_winning_work/awards_won./award/award_honor/award /m/09sdmz 4 1 1 1 0 1
/m/01mszz /award/award_winning_work/awards_won./award/award_honor/award /m/04ljl_l 6 1 1 1 0 1
/m/0gpx6 /award/award_winning_work/awards_won./award/award_honor/award /m/05zvq6g 7 1 1 1 0 1
/m/0bj25 /award/award_winning_work/awards_won./award/award_honor/award /m/0p9sw 18 1 0 1 0 1
/m/01h1bf /award/award_winning_work/awards_won./award/award_honor/award /m/0m7yy 13 1 0 1 0 1
/m/0pb33 /award/award_winning_work/awards_won./award/award_honor/award /m/02qyntr 12 1 0 1 0 1
/m/0_b9f /award/award_winning_work/awards_won./award/award_honor/award /m/02y_j8g 10 6 1 1 0 0
/m/0fg04 /award/award_winning_work/awards_won./award/award_honor/award /m/0gq_v 62 30 0 0 0 0
/m/09cr8 /award/award_winning_work/awards_won./award/award_honor/award /m/0k611 14 1 0 1 0 1
/m/011yg9 /award/award_winning_work/awards_won./award/award_honor/award /m/094qd5 3 1 1 1 0 1
/m/0fpv_3_ /award/award_winning_work/awards_won./award/award_honor/award /m/0gr0m 17 1 0 1 0 1
/m/01flv_ /award/award_winning_work/awards_won./award/award_honor/award /m/0fhpv4 3 1 1 1 0 1
/m/034hzj /award/award_winning_work/awards_won./award/award_honor/award /m/02r22gf 9 1 1 1 0 1
/m/02r858_ /award/award_winning_work/awards_won./award/award_honor/award /m/02qrbbx 1 1 1 1 1 1
/m/06nr2h /award/award_winning_work/awards_won./award/award_honor/award /m/07kjk7c 5 1 1 1 0 1
/m/0300ml /award/award_winning_work/awards_won./award/award_honor/award /m/02xcb6n 7 1 1 1 0 1
/m/09gb_4p /award/award_winning_work/awards_won./award/award_honor/award /m/02x4w6g 1 1 1 1 1 1
/m/011yhm /award/award_winning_work/awards_won./award/award_honor/award /m/099cng 26 12 0 0 0 0
/m/05znbh7 /award/award_winning_work/awards_won./award/award_honor/award /m/09v4bym 2 1 1 1 0 1
/m/0pb33 /award/award_winning_work/awards_won./award/award_honor/award /m/05zr6wv 5 1 1 1 0 1
/m/02nczh /award/award_winning_work/awards_won./award/award_honor/award /m/03qgjwc 7 1 1 1 0 1
/m/01mgw /award/award_winning_work/awards_won./award/award_honor/award /m/09v51c2 3 1 1 1 0 1
/m/02qjv1p /award/award_winning_work/awards_won./award/award_honor/award /m/07z2lx 1 1 1 1 1 1
/m/09p7fh /award/award_winning_work/awards_won./award/award_honor/award /m/094qd5 13 1 0 1 0 1
/m/03b1l8 /award/award_winning_work/awards_won./award/award_honor/award /m/03ybrwc 1 1 1 1 1 1
/m/0dl9_4 /award/award_winning_work/awards_won./award/award_honor/award /m/02qrbbx 1 1 1 1 1 1
/m/04qw17 /award/award_winning_work/awards_won./award/award_honor/award /m/027571b 3 1 1 1 0 1
/m/08vd2q /award/award_winning_work/awards_won./award/award_honor/award /m/02pqp12 31 12 0 0 0 0
/m/0_9wr /award/award_winning_work/awards_won./award/award_honor/award /m/0f4x7 8 1 1 1 0 1
/m/0jsf6 /award/award_winning_work/awards_won./award/award_honor/award /m/04kxsb 2 1 1 1 0 1
/m/011yhm /award/award_winning_work/awards_won./award/award_honor/award /m/099c8n 1 1 1 1 1 1
/m/0dr_4 /award/award_winning_work/awards_won./award/award_honor/award /m/0gr42 10 1 1 1 0 1
/m/017gm7 /award/award_winning_work/awards_won./award/award_honor/award /m/02g3v6 3 1 1 1 0 1
/m/05zy3sc /award/award_winning_work/awards_won./award/award_honor/award /m/099cng 10 1 1 1 0 1
/m/0cf08 /award/award_winning_work/awards_won./award/award_honor/award /m/0k611 16 1 0 1 0 1
/m/05p9_ql /award/award_winning_work/awards_won./award/award_honor/award /m/09qj50 7 1 1 1 0 1
/m/0404j37 /award/award_winning_work/awards_won./award/award_honor/award /m/018wdw 6 1 1 1 0 1
/m/0kxf1 /award/award_winning_work/awards_won./award/award_honor/award /m/04dn09n 18 1 0 1 0 1
/m/01mgw /award/award_winning_work/awards_won./award/award_honor/award /m/0l8z1 18 1 0 1 0 1
/m/0f4yh /award/award_winning_work/awards_won./award/award_honor/award /m/02g3ft 6 1 1 1 0 1
/m/03cvvlg /award/award_winning_work/awards_won./award/award_honor/award /m/027cyf7 5 1 1 1 0 1
/m/01fszq /award/award_winning_work/awards_won./award/award_honor/award /m/09qs08 11 3 0 1 0 0
/m/0gmcwlb /award/award_winning_work/awards_won./award/award_honor/award /m/0f4x7 39 19 0 0 0 0
/m/01c9d /award/award_winning_work/awards_won./award/award_honor/award /m/0gq_v 19 1 0 1 0 1
/m/01qxc7 /award/award_winning_work/awards_won./award/award_honor/award /m/0gqxm 6 1 1 1 0 1
/m/0hfzr /award/award_winning_work/awards_won./award/award_honor/award /m/02rdxsh 2 1 1 1 0 1
/m/0ch3qr1 /award/award_winning_work/awards_won./award/award_honor/award /m/04ljl_l 7 1 1 1 0 1
/m/04b2qn /award/award_winning_work/awards_won./award/award_honor/award /m/09sb52 7 1 1 1 0 1
/m/0c5qvw /award/award_winning_work/awards_won./award/award_honor/award /m/0gq9h 24 1 0 1 0 1
/m/02rq8k8 /award/award_winning_work/awards_won./award/award_honor/award /m/03c7tr1 18 8 0 1 0 0
/m/0sxfd /award/award_winning_work/awards_won./award/award_honor/award /m/0gs9p 7 1 1 1 0 1
/m/02_06s /award/award_winning_work/awards_won./award/award_honor/award /m/02y_rq5 6 1 1 1 0 1
/m/02c7k4 /award/award_winning_work/awards_won./award/award_honor/award /m/02x1z2s 23 11 0 0 0 0
/m/05hjnw /award/award_winning_work/awards_won./award/award_honor/award /m/0l8z1 11 1 0 1 0 1
/m/0gw7p /award/award_winning_work/awards_won./award/award_honor/award /m/0gr51 49 27 0 0 0 0
/m/0g60z /award/award_winning_work/awards_won./award/award_honor/award /m/0bdx29 1 1 1 1 1 1
/m/0j90s /award/award_winning_work/awards_won./award/award_honor/award /m/0gr51 43 21 0 0 0 0
/m/05dmmc /award/award_winning_work/awards_won./award/award_honor/award /m/0gr51 11 1 0 1 0 1
/m/04v8h1 /award/award_winning_work/awards_won./award/award_honor/award /m/054krc 21 8 0 1 0 0
/m/0c9k8 /award/award_winning_work/awards_won./award/award_honor/award /m/019f4v 22 1 0 1 0 1
/m/03q0r1 /award/award_winning_work/awards_won./award/award_honor/award /m/025m8l 1 1 1 1 1 1
/m/07s846j /award/award_winning_work/awards_won./award/award_honor/award /m/03hkv_r 3 1 1 1 0 1
/m/0ktx_ /award/award_winning_work/awards_won./award/award_honor/award /m/0gr4k 50 24 0 0 0 0
/m/01r97z /award/award_winning_work/awards_won./award/award_honor/award /m/07bdd_ 8 1 1 1 0 1
/m/0pd64 /award/award_winning_work/awards_won./award/award_honor/award /m/02qyntr 11 1 0 1 0 1
/m/0yyts /award/award_winning_work/awards_won./award/award_honor/award /m/0gr4k 64 37 0 0 0 0
/m/0h6r5 /award/award_winning_work/awards_won./award/award_honor/award /m/02qyntr 6 1 1 1 0 1
/m/03cwwl /award/award_winning_work/awards_won./award/award_honor/award /m/0fdtd7 3 2 1 1 0 0
/m/0phrl /award/award_winning_work/awards_won./award/award_honor/award /m/027qq9b 5 1 1 1 0 1
/m/0gj50 /award/award_winning_work/awards_won./award/award_honor/award /m/02p_7cr 3 1 1 1 0 1
/m/09fn1w /award/award_winning_work/awards_won./award/award_honor/award /m/0b6k___ 5 1 1 1 0 1
/m/0kb1g /award/award_winning_work/awards_won./award/award_honor/award /m/0f4x7 8 1 1 1 0 1
/m/01xq8v /award/award_winning_work/awards_won./award/award_honor/award /m/018wdw 7 1 1 1 0 1
/m/0vjr /award/award_winning_work/awards_won./award/award_honor/award /m/09qv3c 7 1 1 1 0 1
/m/0pd64 /award/award_winning_work/awards_won./award/award_honor/award /m/019f4v 14 1 0 1 0 1
/m/0sw0q /award/award_winning_work/awards_won./award/award_honor/award /m/09qs08 7 1 1 1 0 1
/m/07024 /award/award_winning_work/awards_won./award/award_honor/award /m/0gs9p 22 1 0 1 0 1
/m/04yc76 /award/award_winning_work/awards_won./award/award_honor/award /m/063y_ky 5 1 1 1 0 1
/m/0ddd0gc /award/award_winning_work/awards_won./award/award_honor/award /m/0bfvw2 6 2 1 1 0 0
/m/0gvvm6l /award/award_winning_work/awards_won./award/award_honor/award /m/0gqng 4 1 1 1 0 1
/m/027m67 /award/award_winning_work/awards_won./award/award_honor/award /m/09v51c2 2 1 1 1 0 1
/m/0ddj0x /award/award_winning_work/awards_won./award/award_honor/award /m/040njc 14 1 0 1 0 1
/m/03rz2b /award/award_winning_work/awards_won./award/award_honor/award /m/0789r6 2 1 1 1 0 1
/m/016mhd /award/award_winning_work/awards_won./award/award_honor/award /m/0fq9zdv 9 5 1 1 0 0
/m/0299hs /award/award_winning_work/awards_won./award/award_honor/award /m/018wdw 9 1 1 1 0 1
/m/0462hhb /award/award_winning_work/awards_won./award/award_honor/award /m/0fq9zdn 4 1 1 1 0 1
/m/0221zw /award/award_winning_work/awards_won./award/award_honor/award /m/02x4x18 10 1 1 1 0 1
/m/0h6r5 /award/award_winning_work/awards_won./award/award_honor/award /m/02rdxsh 9 4 1 1 0 0
/m/0c0zq /award/award_winning_work/awards_won./award/award_honor/award /m/0gs9p 27 1 0 1 0 1
/m/0jyx6 /award/award_winning_work/awards_won./award/award_honor/award /m/02z0dfh 17 3 0 1 0 0
/m/0dzz6g /award/award_winning_work/awards_won./award/award_honor/award /m/09cn0c 17 5 0 1 0 0
/m/04qw17 /award/award_winning_work/awards_won./award/award_honor/award /m/027b9k6 4 1 1 1 0 1
/m/017jd9 /award/award_winning_work/awards_won./award/award_honor/award /m/0gr4k 2 1 1 1 0 1
/m/02ntb8 /award/award_winning_work/awards_won./award/award_honor/award /m/05pcn59 3 1 1 1 0 1
/m/095zlp /award/award_winning_work/awards_won./award/award_honor/award /m/02qvyrt 12 1 0 1 0 1
/m/0kvb6p /award/award_winning_work/awards_won./award/award_honor/award /m/0gq_v 11 1 0 1 0 1
/m/029zqn /award/award_winning_work/awards_won./award/award_honor/award /m/02x1dht 2 1 1 1 0 1
/m/08zrbl /award/award_winning_work/awards_won./award/award_honor/award /m/027b9ly 1 1 1 1 1 1
/m/09gq0x5 /award/award_winning_work/awards_won./award/award_honor/award /m/0gr51 18 1 0 1 0 1
/m/04m1bm /award/award_winning_work/awards_won./award/award_honor/award /m/02qvyrt 9 1 1 1 0 1
/m/042y1c /award/award_winning_work/awards_won./award/award_honor/award /m/0gq_v 16 1 0 1 0 1
/m/0dzlbx /award/award_winning_work/awards_won./award/award_honor/award /m/02g2wv 1 1 1 1 1 1
/m/083shs /award/award_winning_work/awards_won./award/award_honor/award /m/02x17s4 6 1 1 1 0 1
/m/0209hj /award/award_winning_work/awards_won./award/award_honor/award /m/054knh 5 1 1 1 0 1
/m/0h1x5f /award/award_winning_work/awards_won./award/award_honor/award /m/0f_nbyh 4 1 1 1 0 1
/m/0b76kw1 /award/award_winning_work/awards_won./award/award_honor/award /m/0bdwft 4 1 1 1 0 1
/m/09p3_s /award/award_winning_work/awards_won./award/award_honor/award /m/054knh 1 1 1 1 1 1
/m/03b1l8 /award/award_winning_work/awards_won./award/award_honor/award /m/09cn0c 10 1 1 1 0 1
/m/01f8gz /award/award_winning_work/awards_won./award/award_honor/award /m/09v92_x 2 1 1 1 0 1
/m/05b_gq /award/award_winning_work/awards_won./award/award_honor/award /m/05p09zm 14 4 0 1 0 0
/m/07g1sm /award/award_winning_work/awards_won./award/award_honor/award /m/0gr4k 27 4 0 1 0 0
/m/02v570 /award/award_winning_work/awards_won./award/award_honor/award /m/02wkmx 4 1 1 1 0 1
/m/0y_pg /award/award_winning_work/awards_won./award/award_honor/award /m/02ppm4q 7 1 1 1 0 1
/m/02c638 /award/award_winning_work/awards_won./award/award_honor/award /m/0gqy2 2 1 1 1 0 1
/m/04mcw4 /award/award_winning_work/awards_won./award/award_honor/award /m/05p1dby 2 1 1 1 0 1
/m/02q7fl9 /award/award_winning_work/awards_won./award/award_honor/award /m/02n9nmz 7 1 1 1 0 1
/m/0hmm7 /award/award_winning_work/awards_won./award/award_honor/award /m/027c924 11 1 0 1 0 1
/m/06wzvr /award/award_winning_work/awards_won./award/award_honor/award /m/05b1610 39 25 0 0 0 0
/m/0d66j2 /award/award_winning_work/awards_won./award/award_honor/award /m/0cqh6z 4 1 1 1 0 1
/m/02q5g1z /award/award_winning_work/awards_won./award/award_honor/award /m/027b9k6 1 1 1 1 1 1
/m/027ct7c /award/award_winning_work/awards_won./award/award_honor/award /m/0gr0m 28 7 0 1 0 0
/m/0221zw /award/award_winning_work/awards_won./award/award_honor/award /m/02wkmx 4 1 1 1 0 1
/m/0221zw /award/award_winning_work/awards_won./award/award_honor/award /m/03qgjwc 11 4 0 1 0 0
/m/02z44tp /award/award_winning_work/awards_won./award/award_honor/award /m/0bp_b2 5 1 1 1 0 1
/m/0qmfz /award/award_winning_work/awards_won./award/award_honor/award /m/02rdxsh 2 1 1 1 0 1
/m/03nt59 /award/award_winning_work/awards_won./award/award_honor/award /m/09qv3c 13 1 0 1 0 1
/m/06fpsx /award/award_winning_work/awards_won./award/award_honor/award /m/03hj5vf 2 1 1 1 0 1
/m/09gq0x5 /award/award_winning_work/awards_won./award/award_honor/award /m/02ppm4q 5 1 1 1 0 1
/m/02rv_dz /award/award_winning_work/awards_won./award/award_honor/award /m/02x1dht 9 1 1 1 0 1
/m/0kt_4 /award/award_winning_work/awards_won./award/award_honor/award /m/0f4x7 11 1 0 1 0 1
/m/05hjnw /award/award_winning_work/awards_won./award/award_honor/award /m/02w_6xj 12 1 0 1 0 1
/m/03j63k /award/award_winning_work/awards_won./award/award_honor/award /m/0bdw1g 9 1 1 1 0 1
/m/0q9sg /award/award_winning_work/awards_won./award/award_honor/award /m/05f4m9q 2 1 1 1 0 1
/m/0bh8tgs /award/award_winning_work/awards_won./award/award_honor/award /m/05b4l5x 11 1 0 1 0 1
/m/0gvs1kt /award/award_winning_work/awards_won./award/award_honor/award /m/099flj 2 1 1 1 0 1
/m/0gmcwlb /award/award_winning_work/awards_won./award/award_honor/award /m/099c8n 1 1 1 1 1 1
/m/07024 /award/award_winning_work/awards_won./award/award_honor/award /m/02w_6xj 7 1 1 1 0 1
/m/02q52q /award/award_winning_work/awards_won./award/award_honor/award /m/0gqz2 6 1 1 1 0 1
/m/083skw /award/award_winning_work/awards_won./award/award_honor/award /m/0gs9p 24 1 0 1 0 1
/m/01p3ty /award/award_winning_work/awards_won./award/award_honor/award /m/03r8v_ 6 4 1 1 0 0
/m/0jzw /award/award_winning_work/awards_won./award/award_honor/award /m/027dtxw 8 1 1 1 0 1
/m/05hjnw /award/award_winning_work/awards_won./award/award_honor/award /m/0gs9p 20 1 0 1 0 1
/m/05hjnw /award/award_winning_work/awards_won./award/award_honor/award /m/09cm54 23 9 0 1 0 0
/m/0vjr /award/award_winning_work/awards_won./award/award_honor/award /m/0m7yy 12 1 0 1 0 1
/m/0h3k3f /award/award_winning_work/awards_won./award/award_honor/award /m/02z1nbg 7 1 1 1 0 1
/m/0j90s /award/award_winning_work/awards_won./award/award_honor/award /m/0gqwc 16 2 0 1 0 0
/m/09q5w2 /award/award_winning_work/awards_won./award/award_honor/award /m/0p9sw 19 1 0 1 0 1
/m/05p1tzf /award/award_winning_work/awards_won./award/award_honor/award /m/03hj5vf 1 1 1 1 1 1
/m/01qz5 /award/award_winning_work/awards_won./award/award_honor/award /m/040njc 19 1 0 1 0 1
/m/01s81 /award/award_winning_work/awards_won./award/award_honor/award /m/09qrn4 3 1 1 1 0 1
/m/016yxn /award/award_winning_work/awards_won./award/award_honor/award /m/027986c 13 1 0 1 0 1
/m/0qm98 /award/award_winning_work/awards_won./award/award_honor/award /m/0gqy2 9 1 1 1 0 1
/m/02cbg0 /award/award_winning_work/awards_won./award/award_honor/award /m/03qgjwc 3 1 1 1 0 1
/m/02rcwq0 /award/award_winning_work/awards_won./award/award_honor/award /m/0bdw1g 21 10 0 1 0 0
/m/011yph /award/award_winning_work/awards_won./award/award_honor/award /m/05zx7xk 3 1 1 1 0 1
/m/03f7xg /award/award_winning_work/awards_won./award/award_honor/award /m/02qrbbx 4 1 1 1 0 1
/m/0fpv_3_ /award/award_winning_work/awards_won./award/award_honor/award /m/0gs9p 60 23 0 0 0 0
/m/0233bn /award/award_winning_work/awards_won./award/award_honor/award /m/09v92_x 5 1 1 1 0 1
/m/0c0zq /award/award_winning_work/awards_won./award/award_honor/award /m/027b9k6 8 1 1 1 0 1
/m/01vfqh /award/award_winning_work/awards_won./award/award_honor/award /m/027b9k6 6 1 1 1 0 1
/m/03_8kz /award/award_winning_work/awards_won./award/award_honor/award /m/0bdw6t 8 1 1 1 0 1
/m/03r0g9 /award/award_winning_work/awards_won./award/award_honor/award /m/02r22gf 7 1 1 1 0 1
/m/05znxx /award/award_winning_work/awards_won./award/award_honor/award /m/0gqy2 9 1 1 1 0 1
/m/0j43swk /award/award_winning_work/awards_won./award/award_honor/award /m/02x1dht 7 1 1 1 0 1
/m/0cvkv5 /award/award_winning_work/awards_won./award/award_honor/award /m/09ly2r6 1 1 1 1 1 1
/m/026lgs /award/award_winning_work/awards_won./award/award_honor/award /m/02g2yr 4 1 1 1 0 1
/m/0ywrc /award/award_winning_work/awards_won./award/award_honor/award /m/0gr0m 6 1 1 1 0 1
/m/0ywrc /award/award_winning_work/awards_won./award/award_honor/award /m/0gr4k 11 1 0 1 0 1
/m/02_1q9 /award/award_winning_work/awards_won./award/award_honor/award /m/02py_sj 4 1 1 1 0 1
/m/05650n /award/award_winning_work/awards_won./award/award_honor/award /m/0gqzz 9 1 1 1 0 1
/m/09p7fh /award/award_winning_work/awards_won./award/award_honor/award /m/02qvyrt 9 1 1 1 0 1
/m/0bm2g /award/award_winning_work/awards_won./award/award_honor/award /m/0gqyl 13 1 0 1 0 1
/m/07w8fz /award/award_winning_work/awards_won./award/award_honor/award /m/02x1dht 1 1 1 1 1 1
/m/0hmr4 /award/award_winning_work/awards_won./award/award_honor/award /m/094qd5 5 1 1 1 0 1
/m/0qmfz /award/award_winning_work/awards_won./award/award_honor/award /m/02rdyk7 10 1 1 1 0 1
/m/011yrp /award/award_winning_work/awards_won./award/award_honor/award /m/09qv_s 2 1 1 1 0 1
/m/08vd2q /award/award_winning_work/awards_won./award/award_honor/award /m/02qyntr 25 12 0 0 0 0
/m/03y0pn /award/award_winning_work/awards_won./award/award_honor/award /m/0gr42 11 1 0 1 0 1
/m/093l8p /award/award_winning_work/awards_won./award/award_honor/award /m/02z1nbg 2 1 1 1 0 1
/m/01k7b0 /award/award_winning_work/awards_won./award/award_honor/award /m/0gqyl 10 1 1 1 0 1
/m/0llcx /award/award_winning_work/awards_won./award/award_honor/award /m/02qvyrt 9 1 1 1 0 1
/m/0qmfk /award/award_winning_work/awards_won./award/award_honor/award /m/0gs96 51 26 0 0 0 0
/m/039fgy /award/award_winning_work/awards_won./award/award_honor/award /m/0gkts9 5 1 1 1 0 1
/m/08zrbl /award/award_winning_work/awards_won./award/award_honor/award /m/0f4x7 12 1 0 1 0 1
/m/078sj4 /award/award_winning_work/awards_won./award/award_honor/award /m/0gqy2 11 1 0 1 0 1
/m/0404j37 /award/award_winning_work/awards_won./award/award_honor/award /m/02rdxsh 3 1 1 1 0 1
/m/04q827 /award/award_winning_work/awards_won./award/award_honor/award /m/02x17s4 5 1 1 1 0 1
/m/072192 /award/award_winning_work/awards_won./award/award_honor/award /m/0gr0m 16 1 0 1 0 1
/m/07cdz /award/award_winning_work/awards_won./award/award_honor/award /m/02pqp12 13 1 0 1 0 1
/m/0358x_ /award/award_winning_work/awards_won./award/award_honor/award /m/027qq9b 2 1 1 1 0 1
/m/02rn00y /award/award_winning_work/awards_won./award/award_honor/award /m/02qyxs5 1 1 1 1 1 1
/m/03cv_gy /award/award_winning_work/awards_won./award/award_honor/award /m/07kjk7c 4 1 1 1 0 1
/m/0g68zt /award/award_winning_work/awards_won./award/award_honor/award /m/02ppm4q 4 1 1 1 0 1
/m/0k4p0 /award/award_winning_work/awards_won./award/award_honor/award /m/04kxsb 6 1 1 1 0 1
/m/055td_ /award/award_winning_work/awards_won./award/award_honor/award /m/099t8j 4 1 1 1 0 1
/m/015ppk /award/award_winning_work/awards_won./award/award_honor/award /m/0m7yy 10 1 1 1 0 1
/m/0bkq7 /award/award_winning_work/awards_won./award/award_honor/award /m/019f4v 19 1 0 1 0 1
/m/0bkq7 /award/award_winning_work/awards_won./award/award_honor/award /m/0gq9h 18 1 0 1 0 1
/m/03xf_m /award/award_winning_work/awards_won./award/award_honor/award /m/02x1dht 5 1 1 1 0 1
