/m/016tt2 /award/award_nominee/award_nominations./award/award_nomination/nominated_for /m/02pxmgz 1 1 1 1 1 1
/m/04qvl7 /award/award_nominee/award_nominations./award/award_nomination/nominated_for /m/03cw411 2 1 1 1 0 1
/m/01wl38s /award/award_nominee/award_nominations./award/award_nomination/nominated_for /m/07tlfx 2 1 1 1 0 1
/m/0hw1j /award/award_nominee/award_nominations./award/award_nomination/nominated_for /m/0hv4t 2 1 1 1 0 1
/m/0dbpyd /award/award_nominee/award_nominations./award/award_nomination/nominated_for /m/0170k0 4 1 1 1 0 1
/m/02m501 /award/award_nominee/award_nominations./award/award_nomination/nominated_for /m/05qbckf 3 1 1 1 0 1
/m/031rq5 /award/award_nominee/award_nominations./award/award_nomination/nominated_for /m/02stbw 1 1 1 1 1 1
/m/05dppk /award/award_nominee/award_nominations./award/award_nomination/nominated_for /m/0kvgnq 1 1 1 1 1 1
/m/0pkr1 /award/award_nominee/award_nominations./award/award_nomination/nominated_for /m/065ym0c 2 1 1 1 0 1
/m/04cf09 /award/award_nominee/award_nominations./award/award_nomination/nominated_for /m/0l76z 5 1 1 1 0 1
/m/0gx_p /award/award_nominee/award_nominations./award/award_nomination/nominated_for /m/03b1l8 4 1 1 1 0 1
/m/05zjx /award/award_nominee/award_nominations./award/award_nomination/nominated_for /m/02h2vv 5 1 1 1 0 1
/m/03nk3t /award/award_nominee/award_nominations./award/award_nomination/nominated_for /m/0g9lm2 4 1 1 1 0 1
/m/01gf5h /award/award_nominee/award_nominations./award/award_nomination/nominated_for /m/03r0g9 5 1 1 1 0 1
/m/01dw4q /award/award_nominee/award_nominations./award/award_nomination/nominated_for /m/01v1ln 3 1 1 1 0 1
/m/0gyx4 /award/award_nominee/award_nominations./award/award_nomination/nominated_for /m/0_816 1 1 1 1 1 1
/m/01gvyp /award/award_nominee/award_nominations./award/award_nomination/nominated_for /m/030p35 9 1 1 1 0 1
/m/05l4yg /award/award_nominee/award_nominations./award/award_nomination/nominated_for /m/0g60z 20 5 0 1 0 0
/m/014zcr /award/award_nominee/award_nominations./award/award_nomination/nominated_for /m/078sj4 1 1 1 1 1 1
/m/03xkps /award/award_nominee/award_nominations./award/award_nomination/nominated_for /m/0d66j2 6601 6599 0 0 0 0
/m/0mdqp /award/award_nominee/award_nominations./award/award_nomination/nominated_for /m/02ryz24 4 2 1 1 0 0
/m/01l1rw /award/award_nominee/award_nominations./award/award_nomination/nominated_for /m/04jwly 5 1 1 1 0 1
/m/05jcn8 /award/award_nominee/award_nominations./award/award_nomination/nominated_for /m/02rn00y 1 1 1 1 1 1
/m/01fx5l /award/award_nominee/award_nominations./award/award_nomination/nominated_for /m/01b_lz 6 1 1 1 0 1
/m/0b_c7 /award/award_nominee/award_nominations./award/award_nomination/nominated_for /m/0p9rz 2 1 1 1 0 1
/m/017s11 /award/award_nominee/award_nominations./award/award_nomination/nominated_for /m/02ylg6 5 1 1 1 0 1
/m/01hkhq /award/award_nominee/award_nominations./award/award_nomination/nominated_for /m/016z7s 3 1 1 1 0 1
/m/01mkn_d /award/award_nominee/award_nominations./award/award_nomination/nominated_for /m/03t95n 1 1 1 1 1 1
/m/0gy6z9 /award/award_nominee/award_nominations./award/award_nomination/nominated_for /m/040_lv 1 1 1 1 1 1
/m/0gy6z9 /award/award_nominee/award_nominations./award/award_nomination/nominated_for /m/0gj9tn5 2 1 1 1 0 1
/m/03q8ch /award/award_nominee/award_nominations./award/award_nomination/nominated_for /m/0cc5qkt 9 1 1 1 0 1
/m/01t2h2 /award/award_nominee/award_nominations./award/award_nomination/nominated_for /m/02qd04y 3 1 1 1 0 1
/m/07sgfsl /award/award_nominee/award_nominations./award/award_nomination/nominated_for /m/05f4vxd 11 1 0 1 0 1
/m/06pcz0 /award/award_nominee/award_nominations./award/award_nomination/nominated_for /m/03ynwqj 2765 2764 0 0 0 0
/m/0c2tf /award/award_nominee/award_nominations./award/award_nomination/nominated_for /m/0kb1g 2 1 1 1 0 1
/m/03m6_z /award/award_nominee/award_nominations./award/award_nomination/nominated_for /m/0ddf2bm 2 1 1 1 0 1
/m/04ld94 /award/award_nominee/award_nominations./award/award_nomination/nominated_for /m/0_9l_ 5 1 1 1 0 1
/m/024rgt /award/award_nominee/award_nominations./award/award_nomination/nominated_for /m/0fphf3v 1 1 1 1 1 1
/m/0171cm /award/award_nominee/award_nominations./award/award_nomination/nominated_for /m/0bnzd 4 1 1 1 0 1
/m/0d1mp3 /award/award_nominee/award_nominations./award/award_nomination/nominated_for /m/03_8kz 4 1 1 1 0 1
/m/02xwq9 /award/award_nominee/award_nominations./award/award_nomination/nominated_for /m/01b9w3 1 1 1 1 1 1
/m/06rnl9 /award/award_nominee/award_nominations./award/award_nomination/nominated_for /m/07gp9 3 1 1 1 0 1
/m/01tc9r /award/award_nominee/award_nominations./award/award_nomination/nominated_for /m/017jd9 11 1 0 1 0 1
/m/04t7ts /award/award_nominee/award_nominations./award/award_nomination/nominated_for /m/01hqhm 14 3 0 1 0 0
/m/016tt2 /award/award_nominee/award_nominations./award/award_nomination/nominated_for /m/0dr_4 15 1 0 1 0 1
/m/04ktcgn /award/award_nominee/award_nominations./award/award_nomination/nominated_for /m/05nlx4 4 1 1 1 0 1
/m/01qqtr /award/award_nominee/award_nominations./award/award_nomination/nominated_for /m/03vyw8 1 1 1 1 1 1
/m/04yywz /award/award_nominee/award_nominations./award/award_nomination/nominated_for /m/0cf08 4 1 1 1 0 1
/m/0151w_ /award/award_nominee/award_nominations./award/award_nomination/nominated_for /m/0m313 12 1 0 1 0 1
/m/01fx5l /award/award_nominee/award_nominations./award/award_nomination/nominated_for /m/083shs 4 1 1 1 0 1
/m/01pkhw /award/award_nominee/award_nominations./award/award_nomination/nominated_for /m/0g9lm2 5 1 1 1 0 1
/m/01dbk6 /award/award_nominee/award_nominations./award/award_nomination/nominated_for /m/07cdz 5 1 1 1 0 1
/m/02f2dn /award/award_nominee/award_nominations./award/award_nomination/nominated_for /m/0639bg 4 1 1 1 0 1
/m/031296 /award/award_nominee/award_nominations./award/award_nomination/nominated_for /m/0431v3 3 1 1 1 0 1
/m/0237fw /award/award_nominee/award_nominations./award/award_nomination/nominated_for /m/05n6sq 1 1 1 1 1 1
/m/01x6v6 /award/award_nominee/award_nominations./award/award_nomination/nominated_for /m/027s39y 7 1 1 1 0 1
/m/0gn30 /award/award_nominee/award_nominations./award/award_nomination/nominated_for /m/01771z 1 1 1 1 1 1
/m/01nxzv /award/award_nominee/award_nominations./award/award_nomination/nominated_for /m/05zr0xl 11 1 0 1 0 1
/m/01wbg84 /award/award_nominee/award_nominations./award/award_nomination/nominated_for /m/024hbv 4 1 1 1 0 1
/m/06w58f /award/award_nominee/award_nominations./award/award_nomination/nominated_for /m/01s81 12 1 0 1 0 1
/m/05wqr1 /award/award_nominee/award_nominations./award/award_nomination/nominated_for /m/039c26 14 4 0 1 0 0
/m/024bbl /award/award_nominee/award_nominations./award/award_nomination/nominated_for /m/03s9kp 3 1 1 1 0 1
/m/0gr36 /award/award_nominee/award_nominations./award/award_nomination/nominated_for /m/0dtfn 6 1 1 1 0 1
/m/04shbh /award/award_nominee/award_nominations./award/award_nomination/nominated_for /m/02vxq9m 9 3 1 1 0 0
/m/09thp87 /award/award_nominee/award_nominations./award/award_nomination/nominated_for /m/017gl1 7 1 1 1 0 1
/m/04s04 /award/award_nominee/award_nominations./award/award_nomination/nominated_for /m/07c72 6 1 1 1 0 1
/m/03y3dk /award/award_nominee/award_nominations./award/award_nomination/nominated_for /m/0glbqt 10 2 1 1 0 0
/m/0h0yt /award/award_nominee/award_nominations./award/award_nomination/nominated_for /m/011ywj 10 1 1 1 0 1
/m/03jg5t /award/award_nominee/award_nominations./award/award_nomination/nominated_for /m/03lv4x 3 1 1 1 0 1
/m/016tt2 /award/award_nominee/award_nominations./award/award_nomination/nominated_for /m/02krdz 8 5 1 1 0 0
/m/0dzf_ /award/award_nominee/award_nominations./award/award_nomination/nominated_for /m/0jnwx 2 1 1 1 0 1
/m/0b_dy /award/award_nominee/award_nominations./award/award_nomination/nominated_for /m/0hv81 3 1 1 1 0 1
/m/03jvmp /award/award_nominee/award_nominations./award/award_nomination/nominated_for /m/02rlj20 4 1 1 1 0 1
/m/04gmp_z /award/award_nominee/award_nominations./award/award_nomination/nominated_for /m/05sbv3 2 1 1 1 0 1
/m/0150t6 /award/award_nominee/award_nominations./award/award_nomination/nominated_for /m/0m63c 1 1 1 1 1 1
/m/074qgb /award/award_nominee/award_nominations./award/award_nomination/nominated_for /m/019g8j 1 1 1 1 1 1
/m/07yp0f /award/award_nominee/award_nominations./award/award_nomination/nominated_for /m/06_x996 3 1 1 1 0 1
/m/057hz /award/award_nominee/award_nominations./award/award_nomination/nominated_for /m/0kfpm 3 1 1 1 0 1
/m/016ywr /award/award_nominee/award_nominations./award/award_nomination/nominated_for /m/04xg2f 2 1 1 1 0 1
/m/01vwllw /award/award_nominee/award_nominations./award/award_nomination/nominated_for /m/0gwgn1k 5 1 1 1 0 1
/m/01yfm8 /award/award_nominee/award_nominations./award/award_nomination/nominated_for /m/02r858_ 4 1 1 1 0 1
/m/0438pz /award/award_nominee/award_nominations./award/award_nomination/nominated_for /m/01b_lz 4 1 1 1 0 1
/m/02l6dy /award/award_nominee/award_nominations./award/award_nomination/nominated_for /m/0btbyn 3 1 1 1 0 1
/m/0170s4 /award/award_nominee/award_nominations./award/award_nomination/nominated_for /m/0gkz15s 4 1 1 1 0 1
/m/07g7h2 /award/award_nominee/award_nominations./award/award_nomination/nominated_for /m/0h3mh3q 4 1 1 1 0 1
/m/0b80__ /award/award_nominee/award_nominations./award/award_nomination/nominated_for /m/0bm2g 4 1 1 1 0 1
/m/03m6_z /award/award_nominee/award_nominations./award/award_nomination/nominated_for /m/047tsx3 1 1 1 1 1 1
/m/015f7 /award/award_nominee/award_nominations./award/award_nomination/nominated_for /m/02v570 4 1 1 1 0 1
/m/0c6qh /award/award_nominee/award_nominations./award/award_nomination/nominated_for /m/02p76f9 2 1 1 1 0 1
/m/05xbx /award/award_nominee/award_nominations./award/award_nomination/nominated_for /m/03ctqqf 3 1 1 1 0 1
/m/0pgm3 /award/award_nominee/award_nominations./award/award_nomination/nominated_for /m/02ywwy 5 1 1 1 0 1
/m/01t6b4 /award/award_nominee/award_nominations./award/award_nomination/nominated_for /m/0pc62 8 1 1 1 0 1
/m/03thw4 /award/award_nominee/award_nominations./award/award_nomination/nominated_for /m/0cq7tx 3 1 1 1 0 1
/m/05ldnp /award/award_nominee/award_nominations./award/award_nomination/nominated_for /m/0gy0l_ 1 1 1 1 1 1
/m/016z2j /award/award_nominee/award_nominations./award/award_nomination/nominated_for /m/05qbckf 4 1 1 1 0 1
/m/0343h /award/award_nominee/award_nominations./award/award_nomination/nominated_for /m/0ddt_ 1 1 1 1 1 1
/m/025jfl /award/award_nominee/award_nominations./award/award_nomination/nominated_for /m/07l450 1 1 1 1 1 1
/m/0829rj /award/award_nominee/award_nominations./award/award_nomination/nominated_for /m/0140g4 7 1 1 1 0 1
/m/02cllz /award/award_nominee/award_nominations./award/award_nomination/nominated_for /m/09p0ct 5 2 1 1 0 0
/m/01kwld /award/award_nominee/award_nominations./award/award_nomination/nominated_for /m/017jd9 5 1 1 1 0 1
/m/057d89 /award/award_nominee/award_nominations./award/award_nomination/nominated_for /m/0phrl 4 1 1 1 0 1
/m/02vyw /award/award_nominee/award_nominations./award/award_nomination/nominated_for /m/0y_yw 2 1 1 1 0 1
/m/01tj34 /award/award_nominee/award_nominations./award/award_nomination/nominated_for /m/02h2vv 1 1 1 1 1 1
/m/015c4g /award/award_nominee/award_nominations./award/award_nomination/nominated_for /m/08lr6s 4 1 1 1 0 1
/m/09yrh /award/award_nominee/award_nominations./award/award_nomination/nominated_for /m/0ndsl1x 2 1 1 1 0 1
/m/01jfrg /award/award_nominee/award_nominations./award/award_nomination/nominated_for /m/02vzpb 1 1 1 1 1 1
/m/01fyzy /award/award_nominee/award_nominations./award/award_nomination/nominated_for /m/0f2sx4 6 1 1 1 0 1
/m/03kwtb /award/award_nominee/award_nominations./award/award_nomination/nominated_for /m/0456zg 2 1 1 1 0 1
/m/05vsxz /award/award_nominee/award_nominations./award/award_nomination/nominated_for /m/047vnkj 2 1 1 1 0 1
/m/02_2v2 /award/award_nominee/award_nominations./award/award_nomination/nominated_for /m/0gj50 1 1 1 1 1 1
/m/01_f_5 /award/award_nominee/award_nominations./award/award_nomination/nominated_for /m/0209xj 3 1 1 1 0 1
/m/03jldb /award/award_nominee/award_nominations./award/award_nomination/nominated_for /m/07w8fz 4 1 1 1 0 1
/m/06pj8 /award/award_nominee/award_nominations./award/award_nomination/nominated_for /m/0gmgwnv 12 1 0 1 0 1
/m/0q9kd /award/award_nominee/award_nominations./award/award_nomination/nominated_for /m/0296rz 1 1 1 1 1 1
/m/036jb /award/award_nominee/award_nominations./award/award_nomination/nominated_for /m/063hp4 3 1 1 1 0 1
/m/01kgxf /award/award_nominee/award_nominations./award/award_nomination/nominated_for /m/0ct2tf5 2 1 1 1 0 1
/m/0dck27 /award/award_nominee/award_nominations./award/award_nomination/nominated_for /m/029jt9 6 1 1 1 0 1
/m/0gx_p /award/award_nominee/award_nominations./award/award_nomination/nominated_for /m/0k2cb 7 1 1 1 0 1
/m/01x209s /award/award_nominee/award_nominations./award/award_nomination/nominated_for /m/0ccd3x 4 1 1 1 0 1
/m/0cgfb /award/award_nominee/award_nominations./award/award_nomination/nominated_for /m/0bz6sq 2 1 1 1 0 1
/m/0523v5y /award/award_nominee/award_nominations./award/award_nomination/nominated_for /m/01lsl 6 1 1 1 0 1
/m/0b7gr2 /award/award_nominee/award_nominations./award/award_nomination/nominated_for /m/07c72 13 1 0 1 0 1
/m/0146pg /award/award_nominee/award_nominations./award/award_nomination/nominated_for /m/03177r 6 1 1 1 0 1
/m/0136g9 /award/award_nominee/award_nominations./award/award_nomination/nominated_for /m/01b7h8 4 1 1 1 0 1
/m/05qd_ /award/award_nominee/award_nominations./award/award_nomination/nominated_for /m/0gndh 3 1 1 1 0 1
/m/056ws9 /award/award_nominee/award_nominations./award/award_nomination/nominated_for /m/04f52jw 1 1 1 1 1 1
/m/01vvb4m /award/award_nominee/award_nominations./award/award_nomination/nominated_for /m/0dqcs3 1 1 1 1 1 1
/m/0svqs /award/award_nominee/award_nominations./award/award_nomination/nominated_for /m/017gl1 10 1 1 1 0 1
/m/03x400 /award/award_nominee/award_nominations./award/award_nomination/nominated_for /m/02tjl3 2 1 1 1 0 1
/m/02773m2 /award/award_nominee/award_nominations./award/award_nomination/nominated_for /m/0d68qy 17 1 0 1 0 1
/m/058frd /award/award_nominee/award_nominations./award/award_nomination/nominated_for /m/02wgbb 1 1 1 1 1 1
/m/017s11 /award/award_nominee/award_nominations./award/award_nomination/nominated_for /m/0gwgn1k 4 1 1 1 0 1
/m/01dbgw /award/award_nominee/award_nominations./award/award_nomination/nominated_for /m/0ct5zc 3 2 1 1 0 0
/m/03zqc1 /award/award_nominee/award_nominations./award/award_nomination/nominated_for /m/093l8p 1 1 1 1 1 1
/m/020_95 /award/award_nominee/award_nominations./award/award_nomination/nominated_for /m/02rqwhl 2 1 1 1 0 1
/m/0170s4 /award/award_nominee/award_nominations./award/award_nomination/nominated_for /m/0gmblvq 5 1 1 1 0 1
/m/04wp63 /award/award_nominee/award_nominations./award/award_nomination/nominated_for /m/0f4yh 3 1 1 1 0 1
/m/01z7s_ /award/award_nominee/award_nominations./award/award_nomination/nominated_for /m/08r4x3 2 1 1 1 0 1
/m/028k57 /award/award_nominee/award_nominations./award/award_nomination/nominated_for /m/02stbw 2 1 1 1 0 1
/m/01r93l /award/award_nominee/award_nominations./award/award_nomination/nominated_for /m/049xgc 10 1 1 1 0 1
/m/02pv_d /award/award_nominee/award_nominations./award/award_nomination/nominated_for /m/0bmhvpr 1 1 1 1 1 1
/m/0b79gfg /award/award_nominee/award_nominations./award/award_nomination/nominated_for /m/01kt_j 8 1 1 1 0 1
/m/07qy0b /award/award_nominee/award_nominations./award/award_nomination/nominated_for /m/0hvvf 4 2 1 1 0 0
/m/09btt1 /award/award_nominee/award_nominations./award/award_nomination/nominated_for /m/02rzdcp 4 1 1 1 0 1
/m/0c1pj /award/award_nominee/award_nominations./award/award_nomination/nominated_for /m/072r5v 2 1 1 1 0 1
/m/01fwk3 /award/award_nominee/award_nominations./award/award_nomination/nominated_for /m/02ndy4 2 1 1 1 0 1
/m/0dg3jz /award/award_nominee/award_nominations./award/award_nomination/nominated_for /m/0bj25 5 1 1 1 0 1
/m/01trf3 /award/award_nominee/award_nominations./award/award_nomination/nominated_for /m/04sskp 2 1 1 1 0 1
/m/03kbb8 /award/award_nominee/award_nominations./award/award_nomination/nominated_for /m/02q87z6 3 1 1 1 0 1
/m/017s11 /award/award_nominee/award_nominations./award/award_nomination/nominated_for /m/0416y94 4 1 1 1 0 1
/m/03xsby /award/award_nominee/award_nominations./award/award_nomination/nominated_for /m/09p5mwg 1 1 1 1 1 1
/m/0gy6z9 /award/award_nominee/award_nominations./award/award_nomination/nominated_for /m/02pxmgz 2 1 1 1 0 1
/m/04dyqk /award/award_nominee/award_nominations./award/award_nomination/nominated_for /m/027r7k 1 1 1 1 1 1
/m/0kjgl /award/award_nominee/award_nominations./award/award_nomination/nominated_for /m/02q56mk 3 1 1 1 0 1
/m/0k269 /award/award_nominee/award_nominations./award/award_nomination/nominated_for /m/05mrf_p 2 1 1 1 0 1
/m/0bytfv /award/award_nominee/award_nominations./award/award_nomination/nominated_for /m/0272_vz 4 1 1 1 0 1
/m/02vx4c2 /award/award_nominee/award_nominations./award/award_nomination/nominated_for /m/05pbl56 1 1 1 1 1 1
/m/0bczgm /award/award_nominee/award_nominations./award/award_nomination/nominated_for /m/08jgk1 17 1 0 1 0 1
/m/016tw3 /award/award_nominee/award_nominations./award/award_nomination/nominated_for /m/0bh8tgs 1 1 1 1 1 1
/m/02l3_5 /award/award_nominee/award_nominations./award/award_nomination/nominated_for /m/05sy0cv 4 1 1 1 0 1
/m/01wmxfs /award/award_nominee/award_nominations./award/award_nomination/nominated_for /m/01719t 1 1 1 1 1 1
/m/0cm0pc /award/award_nominee/award_nominations./award/award_nomination/nominated_for /m/06y_n 5 1 1 1 0 1
/m/0h5g_ /award/award_nominee/award_nominations./award/award_nomination/nominated_for /m/0pv54 8 5 1 1 0 0
/m/0pksh /award/award_nominee/award_nominations./award/award_nomination/nominated_for /m/065ym0c 1 1 1 1 1 1
/m/046zh /award/award_nominee/award_nominations./award/award_nomination/nominated_for /m/04cj79 4 1 1 1 0 1
/m/01p0vf /award/award_nominee/award_nominations./award/award_nomination/nominated_for /m/0gvt53w 3 1 1 1 0 1
/m/01yhvv /award/award_nominee/award_nominations./award/award_nomination/nominated_for /m/020bv3 3 1 1 1 0 1
/m/025y9fn /award/award_nominee/award_nominations./award/award_nomination/nominated_for /m/0kfv9 19 1 0 1 0 1
/m/05y7hc /award/award_nominee/award_nominations./award/award_nomination/nominated_for /m/03xf_m 3 1 1 1 0 1
/m/0b13g7 /award/award_nominee/award_nominations./award/award_nomination/nominated_for /m/0bpx1k 2 1 1 1 0 1
/m/0f87jy /award/award_nominee/award_nominations./award/award_nomination/nominated_for /m/03y3bp7 2 1 1 1 0 1
/m/014zcr /award/award_nominee/award_nominations./award/award_nomination/nominated_for /m/02jkkv 3 1 1 1 0 1
/m/03r1pr /award/award_nominee/award_nominations./award/award_nomination/nominated_for /m/01s3vk 2 1 1 1 0 1
/m/021yc7p /award/award_nominee/award_nominations./award/award_nomination/nominated_for /m/02qjv1p 6 1 1 1 0 1
/m/026c1 /award/award_nominee/award_nominations./award/award_nomination/nominated_for /m/0jqn5 11 7 0 1 0 0
/m/03mdw3c /award/award_nominee/award_nominations./award/award_nomination/nominated_for /m/01srq2 1 1 1 1 1 1
/m/06czyr /award/award_nominee/award_nominations./award/award_nomination/nominated_for /m/05lfwd 13 1 0 1 0 1
/m/015c4g /award/award_nominee/award_nominations./award/award_nomination/nominated_for /m/07g1sm 6 1 1 1 0 1
/m/033w9g /award/award_nominee/award_nominations./award/award_nomination/nominated_for /m/0828jw 5 1 1 1 0 1
/m/013knm /award/award_nominee/award_nominations./award/award_nomination/nominated_for /m/034b6k 5 1 1 1 0 1
/m/09b0xs /award/award_nominee/award_nominations./award/award_nomination/nominated_for /m/0170k0 3 1 1 1 0 1
/m/0fqy4p /award/award_nominee/award_nominations./award/award_nomination/nominated_for /m/08nvyr 9 1 1 1 0 1
/m/08c9b0 /award/award_nominee/award_nominations./award/award_nomination/nominated_for /m/0prh7 2 1 1 1 0 1
/m/01nxzv /award/award_nominee/award_nominations./award/award_nomination/nominated_for /m/07tw_b 2 1 1 1 0 1
/m/0170vn /award/award_nominee/award_nominations./award/award_nomination/nominated_for /m/0jqp3 1 1 1 1 1 1
/m/01vsn38 /award/award_nominee/award_nominations./award/award_nomination/nominated_for /m/06ztvyx 4 1 1 1 0 1
/m/0237jb /award/award_nominee/award_nominations./award/award_nomination/nominated_for /m/02c638 2 1 1 1 0 1
/m/01_p6t /award/award_nominee/award_nominations./award/award_nomination/nominated_for /m/0h1x5f 3 1 1 1 0 1
/m/0bq2g /award/award_nominee/award_nominations./award/award_nomination/nominated_for /m/02vjp3 2 1 1 1 0 1
/m/0c0tzp /award/award_nominee/award_nominations./award/award_nomination/nominated_for /m/0h0wd9 1 1 1 1 1 1
/m/0f5mdz /award/award_nominee/award_nominations./award/award_nomination/nominated_for /m/01771z 3 1 1 1 0 1
/m/026dg51 /award/award_nominee/award_nominations./award/award_nomination/nominated_for /m/01b66t 6 1 1 1 0 1
/m/07swvb /award/award_nominee/award_nominations./award/award_nomination/nominated_for /m/03nm_fh 1 1 1 1 1 1
/m/01y665 /award/award_nominee/award_nominations./award/award_nomination/nominated_for /m/0dr_4 13 1 0 1 0 1
/m/01vs_v8 /award/award_nominee/award_nominations./award/award_nomination/nominated_for /m/02pg45 1 1 1 1 1 1
/m/0f502 /award/award_nominee/award_nominations./award/award_nomination/nominated_for /m/0277j40 5 1 1 1 0 1
/m/02qfhb /award/award_nominee/award_nominations./award/award_nomination/nominated_for /m/0gkz3nz 2 1 1 1 0 1
/m/0fgg4 /award/award_nominee/award_nominations./award/award_nomination/nominated_for /m/02cbg0 3 1 1 1 0 1
/m/086k8 /award/award_nominee/award_nominations./award/award_nomination/nominated_for /m/0dj0m5 9 6 1 1 0 0
/m/086k8 /award/award_nominee/award_nominations./award/award_nomination/nominated_for /m/04vr_f 1 1 1 1 1 1
/m/0svqs /award/award_nominee/award_nominations./award/award_nomination/nominated_for /m/017jd9 20 1 0 1 0 1
/m/0c4y8 /award/award_nominee/award_nominations./award/award_nomination/nominated_for /m/097zcz 4 1 1 1 0 1
/m/07cjqy /award/award_nominee/award_nominations./award/award_nomination/nominated_for /m/034qrh 3 1 1 1 0 1
/m/01f7dd /award/award_nominee/award_nominations./award/award_nomination/nominated_for /m/0pv3x 13 1 0 1 0 1
/m/01515w /award/award_nominee/award_nominations./award/award_nomination/nominated_for /m/0422v0 1 1 1 1 1 1
/m/05nn4k /award/award_nominee/award_nominations./award/award_nomination/nominated_for /m/0kv2hv 6 1 1 1 0 1
/m/01gb54 /award/award_nominee/award_nominations./award/award_nomination/nominated_for /m/0cn_b8 1 1 1 1 1 1
/m/03xsby /award/award_nominee/award_nominations./award/award_nomination/nominated_for /m/0dtzkt 1 1 1 1 1 1
/m/05bm4sm /award/award_nominee/award_nominations./award/award_nomination/nominated_for /m/08zrbl 5 1 1 1 0 1
/m/0cdf37 /award/award_nominee/award_nominations./award/award_nomination/nominated_for /m/0jzw 10 1 1 1 0 1
/m/05vsxz /award/award_nominee/award_nominations./award/award_nomination/nominated_for /m/02yy9r 3 1 1 1 0 1
/m/0fvf9q /award/award_nominee/award_nominations./award/award_nomination/nominated_for /m/0b6tzs 3 1 1 1 0 1
/m/026rm_y /award/award_nominee/award_nominations./award/award_nomination/nominated_for /m/02yvct 3 1 1 1 0 1
/m/03_80b /award/award_nominee/award_nominations./award/award_nomination/nominated_for /m/05cvgl 4 1 1 1 0 1
/m/02vkvcz /award/award_nominee/award_nominations./award/award_nomination/nominated_for /m/090s_0 3 1 1 1 0 1
/m/08chdb /award/award_nominee/award_nominations./award/award_nomination/nominated_for /m/0gj50 17 1 0 1 0 1
/m/02l4pj /award/award_nominee/award_nominations./award/award_nomination/nominated_for /m/02ylg6 3 1 1 1 0 1
/m/06r_by /award/award_nominee/award_nominations./award/award_nomination/nominated_for /m/016kv6 3 1 1 1 0 1
/m/039bp /award/award_nominee/award_nominations./award/award_nomination/nominated_for /m/02k1pr 1 1 1 1 1 1
/m/0h5g_ /award/award_nominee/award_nominations./award/award_nomination/nominated_for /m/0ddt_ 5 1 1 1 0 1
/m/02_0d2 /award/award_nominee/award_nominations./award/award_nomination/nominated_for /m/0dln8jk 1 1 1 1 1 1
/m/0c0tzp /award/award_nominee/award_nominations./award/award_nomination/nominated_for /m/0cq7kw 3 1 1 1 0 1
/m/0gx_p /award/award_nominee/award_nominations./award/award_nomination/nominated_for /m/01hq1 4 1 1 1 0 1
/m/0dh73w /award/award_nominee/award_nominations./award/award_nomination/nominated_for /m/04q827 5 1 1 1 0 1
/m/099ks0 /award/award_nominee/award_nominations./award/award_nomination/nominated_for /m/01p3ty 4 1 1 1 0 1
/m/037w7r /award/award_nominee/award_nominations./award/award_nomination/nominated_for /m/0j_t1 5 1 1 1 0 1
/m/01vttb9 /award/award_nominee/award_nominations./award/award_nomination/nominated_for /m/01k5y0 1 1 1 1 1 1
/m/01fx2g /award/award_nominee/award_nominations./award/award_nomination/nominated_for /m/04h41v 2 1 1 1 0 1
/m/086k8 /award/award_nominee/award_nominations./award/award_nomination/nominated_for /m/0kvbl6 2 1 1 1 0 1
/m/03hzl42 /award/award_nominee/award_nominations./award/award_nomination/nominated_for /m/011yl_ 3 1 1 1 0 1
/m/02rgz4 /award/award_nominee/award_nominations./award/award_nomination/nominated_for /m/0j6b5 1 1 1 1 1 1
/m/017s11 /award/award_nominee/award_nominations./award/award_nomination/nominated_for /m/0c5qvw 2 1 1 1 0 1
/m/0lx2l /award/award_nominee/award_nominations./award/award_nomination/nominated_for /m/01hv3t 2 1 1 1 0 1
/m/01795t /award/award_nominee/award_nominations./award/award_nomination/nominated_for /m/0pc62 2964 2955 0 0 0 0
/m/01pgzn_ /award/award_nominee/award_nominations./award/award_nomination/nominated_for /m/02xtxw 2 1 1 1 0 1
/m/0c94fn /award/award_nominee/award_nominations./award/award_nomination/nominated_for /m/0hx4y 1 1 1 1 1 1
/m/02kxwk /award/award_nominee/award_nominations./award/award_nomination/nominated_for /m/01lv85 3390 3385 0 0 0 0
/m/03xb2w /award/award_nominee/award_nominations./award/award_nomination/nominated_for /m/0f2sx4 5 1 1 1 0 1
/m/01y64_ /award/award_nominee/award_nominations./award/award_nomination/nominated_for /m/01rf57 3 1 1 1 0 1
/m/0m9v7 /award/award_nominee/award_nominations./award/award_nomination/nominated_for /m/0mb8c 3 1 1 1 0 1
/m/044mrh /award/award_nominee/award_nominations./award/award_nomination/nominated_for /m/0828jw 2 1 1 1 0 1
/m/01ggc9 /award/award_nominee/award_nominations./award/award_nomination/nominated_for /m/0g60z 2 1 1 1 0 1
/m/02lfwp /award/award_nominee/award_nominations./award/award_nomination/nominated_for /m/06k176 2 1 1 1 0 1
/m/024rdh /award/award_nominee/award_nominations./award/award_nomination/nominated_for /m/0cvkv5 1 1 1 1 1 1
/m/018db8 /award/award_nominee/award_nominations./award/award_nomination/nominated_for /m/046488 15 12 0 0 0 0
/m/01yf85 /award/award_nominee/award_nominations./award/award_nomination/nominated_for /m/09sh8k 2 1 1 1 0 1
/m/01r2c7 /award/award_nominee/award_nominations./award/award_nomination/nominated_for /m/03176f 1 1 1 1 1 1
/m/0cj2k3 /award/award_nominee/award_nominations./award/award_nomination/nominated_for /m/08jgk1 26 1 0 1 0 1
/m/06mr6 /award/award_nominee/award_nominations./award/award_nomination/nominated_for /m/0f4m2z 2 1 1 1 0 1
/m/02vyw /award/award_nominee/award_nominations./award/award_nomination/nominated_for /m/0hv8w 2 1 1 1 0 1
/m/092ys_y /award/award_nominee/award_nominations./award/award_nomination/nominated_for /m/0dr_4 7 1 1 1 0 1
/m/05br10 /award/award_nominee/award_nominations./award/award_nomination/nominated_for /m/02kfzz 3 2 1 1 0 0
/m/017s11 /award/award_nominee/award_nominations./award/award_nomination/nominated_for /m/025n07 2 1 1 1 0 1
/m/01vwllw /award/award_nominee/award_nominations./award/award_nomination/nominated_for /m/0gjk1d 2 1 1 1 0 1
/m/05gnf /award/award_nominee/award_nominations./award/award_nomination/nominated_for /m/01b_lz 5 1 1 1 0 1
/m/046mxj /award/award_nominee/award_nominations./award/award_nomination/nominated_for /m/06qv_ 3 1 1 1 0 1
/m/02fgpf /award/award_nominee/award_nominations./award/award_nomination/nominated_for /m/0241y7 2 1 1 1 0 1
/m/0154qm /award/award_nominee/award_nominations./award/award_nomination/nominated_for /m/02mpyh 6 1 1 1 0 1
/m/01fdc0 /award/award_nominee/award_nominations./award/award_nomination/nominated_for /m/0170xl 2 1 1 1 0 1
/m/02624g /award/award_nominee/award_nominations./award/award_nomination/nominated_for /m/04b_jc 4 1 1 1 0 1
/m/08xwck /award/award_nominee/award_nominations./award/award_nomination/nominated_for /m/017f3m 8 1 1 1 0 1
/m/06pj8 /award/award_nominee/award_nominations./award/award_nomination/nominated_for /m/0hfzr 3 1 1 1 0 1
/m/0bbxx9b /award/award_nominee/award_nominations./award/award_nomination/nominated_for /m/0bdjd 8 1 1 1 0 1
/m/0b80__ /award/award_nominee/award_nominations./award/award_nomination/nominated_for /m/034xyf 3 1 1 1 0 1
/m/028knk /award/award_nominee/award_nominations./award/award_nomination/nominated_for /m/09tqkv2 3 1 1 1 0 1
/m/0ft7sr /award/award_nominee/award_nominations./award/award_nomination/nominated_for /m/027fwmt 1 1 1 1 1 1
/m/07r1h /award/award_nominee/award_nominations./award/award_nomination/nominated_for /m/01hqhm 5 1 1 1 0 1
/m/01j7z7 /award/award_nominee/award_nominations./award/award_nomination/nominated_for /m/03f7nt 5 1 1 1 0 1
/m/026g801 /award/award_nominee/award_nominations./award/award_nomination/nominated_for /m/0524b41 3 1 1 1 0 1
/m/030_3z /award/award_nominee/award_nominations./award/award_nomination/nominated_for /m/0f4yh 7 1 1 1 0 1
/m/03n08b /award/award_nominee/award_nominations./award/award_nomination/nominated_for /m/01k0vq 1 1 1 1 1 1
/m/04ktcgn /award/award_nominee/award_nominations./award/award_nomination/nominated_for /m/0dr_4 10 1 1 1 0 1
/m/03mdt /award/award_nominee/award_nominations./award/award_nomination/nominated_for /m/02pqs8l 1 1 1 1 1 1
/m/03gt0c5 /award/award_nominee/award_nominations./award/award_nomination/nominated_for /m/027pfb2 1 1 1 1 1 1
/m/02kxbx3 /award/award_nominee/award_nominations./award/award_nomination/nominated_for /m/07bwr 1 1 1 1 1 1
/m/02kxbx3 /award/award_nominee/award_nominations./award/award_nomination/nominated_for /m/0b6tzs 8 1 1 1 0 1
/m/0f5xn /award/award_nominee/award_nominations./award/award_nomination/nominated_for /m/0234j5 1 1 1 1 1 1
/m/070w7s /award/award_nominee/award_nominations./award/award_nomination/nominated_for /m/01b66t 7 1 1 1 0 1
/m/0806vbn /award/award_nominee/award_nominations./award/award_nomination/nominated_for /m/05f4vxd 7 1 1 1 0 1
/m/03m6_z /award/award_nominee/award_nominations./award/award_nomination/nominated_for /m/0gg5qcw 3 1 1 1 0 1
/m/026n998 /award/award_nominee/award_nominations./award/award_nomination/nominated_for /m/01b66t 10 1 1 1 0 1
/m/0785v8 /award/award_nominee/award_nominations./award/award_nomination/nominated_for /m/0gyfp9c 1 1 1 1 1 1
/m/03mstc /award/award_nominee/award_nominations./award/award_nomination/nominated_for /m/043qqt5 2 1 1 1 0 1
/m/05ldnp /award/award_nominee/award_nominations./award/award_nomination/nominated_for /m/03r0g9 2 1 1 1 0 1
/m/02sh8y /award/award_nominee/award_nominations./award/award_nomination/nominated_for /m/01rp13 3 1 1 1 0 1
/m/02js_6 /award/award_nominee/award_nominations./award/award_nomination/nominated_for /m/016dj8 12 5 0 1 0 0
/m/02ndbd /award/award_nominee/award_nominations./award/award_nomination/nominated_for /m/016zfm 3 1 1 1 0 1
/m/07r1h /award/award_nominee/award_nominations./award/award_nomination/nominated_for /m/02p86pb 3 1 1 1 0 1
/m/01fx2g /award/award_nominee/award_nominations./award/award_nomination/nominated_for /m/0294mx 3 1 1 1 0 1
/m/086k8 /award/award_nominee/award_nominations./award/award_nomination/nominated_for /m/0cpllql 2 1 1 1 0 1
/m/0l8v5 /award/award_nominee/award_nominations./award/award_nomination/nominated_for /m/02v5_g 2 1 1 1 0 1
/m/03xn3s2 /award/award_nominee/award_nominations./award/award_nomination/nominated_for /m/02h2vv 5 1 1 1 0 1
/m/09fqtq /award/award_nominee/award_nominations./award/award_nomination/nominated_for /m/011ywj 10 1 1 1 0 1
/m/015pkc /award/award_nominee/award_nominations./award/award_nomination/nominated_for /m/03h0byn 1 1 1 1 1 1
/m/04sry /award/award_nominee/award_nominations./award/award_nomination/nominated_for /m/049xgc 2 1 1 1 0 1
/m/0265v21 /award/award_nominee/award_nominations./award/award_nomination/nominated_for /m/01b66d 3 1 1 1 0 1
/m/0jbp0 /award/award_nominee/award_nominations./award/award_nomination/nominated_for /m/0127ps 3 1 1 1 0 1
/m/032_jg /award/award_nominee/award_nominations./award/award_nomination/nominated_for /m/0418wg 6 1 1 1 0 1
/m/02wk_43 /award/award_nominee/award_nominations./award/award_nomination/nominated_for /m/05zr0xl 8 1 1 1 0 1
/m/02lf0c /award/award_nominee/award_nominations./award/award_nomination/nominated_for /m/06_x996 4 1 1 1 0 1
/m/05mvd62 /award/award_nominee/award_nominations./award/award_nomination/nominated_for /m/07024 7 1 1 1 0 1
/m/0grrq8 /award/award_nominee/award_nominations./award/award_nomination/nominated_for /m/0421ng 6 1 1 1 0 1
/m/05bm4sm /award/award_nominee/award_nominations./award/award_nomination/nominated_for /m/027s39y 6 1 1 1 0 1
/m/020fgy /award/award_nominee/award_nominations./award/award_nomination/nominated_for /m/0yzbg 2 1 1 1 0 1
/m/01_x6v /award/award_nominee/award_nominations./award/award_nomination/nominated_for /m/01hvjx 1 1 1 1 1 1
/m/02sj1x /award/award_nominee/award_nominations./award/award_nomination/nominated_for /m/0jvt9 3 1 1 1 0 1
/m/02pv_d /award/award_nominee/award_nominations./award/award_nomination/nominated_for /m/01h18v 1 1 1 1 1 1
/m/0bytkq /award/award_nominee/award_nominations./award/award_nomination/nominated_for /m/02p76f9 1 1 1 1 1 1
/m/03g5_y /award/award_nominee/award_nominations./award/award_nomination/nominated_for /m/09sh8k 3 1 1 1 0 1
/m/0146pg /award/award_nominee/award_nominations./award/award_nomination/nominated_for /m/0gmgwnv 11 1 0 1 0 1
/m/0h53p1 /award/award_nominee/award_nominations./award/award_nomination/nominated_for /m/0828jw 13 1 0 1 0 1
/m/0f7hc /award/award_nominee/award_nominations./award/award_nomination/nominated_for /m/0bxxzb 4 1 1 1 0 1
/m/027pdrh /award/award_nominee/award_nominations./award/award_nomination/nominated_for /m/04lhc4 6 1 1 1 0 1
/m/03xpsrx /award/award_nominee/award_nominations./award/award_nomination/nominated_for /m/0l76z 9 1 1 1 0 1
/m/03q3sy /award/award_nominee/award_nominations./award/award_nomination/nominated_for /m/02rv_dz 3 1 1 1 0 1
/m/07zhd7 /award/award_nominee/award_nominations./award/award_nomination/nominated_for /m/027rpym 2 1 1 1 0 1
/m/04flrx /award/award_nominee/award_nominations./award/award_nomination/nominated_for /m/03t79f 1 1 1 1 1 1
/m/08h79x /award/award_nominee/award_nominations./award/award_nomination/nominated_for /m/03cp4cn 9 5 1 1 0 0
/m/01nwwl /award/award_nominee/award_nominations./award/award_nomination/nominated_for /m/011yxg 11 1 0 1 0 1
/m/01fwk3 /award/award_nominee/award_nominations./award/award_nomination/nominated_for /m/026390q 3 1 1 1 0 1
/m/03d_w3h /award/award_nominee/award_nominations./award/award_nomination/nominated_for /m/07g9f 3 1 1 1 0 1
/m/058s44 /award/award_nominee/award_nominations./award/award_nomination/nominated_for /m/057lbk 3 1 1 1 0 1
/m/0b_c7 /award/award_nominee/award_nominations./award/award_nomination/nominated_for /m/01cssf 4 1 1 1 0 1
/m/04sx9_ /award/award_nominee/award_nominations./award/award_nomination/nominated_for /m/09cr8 4 1 1 1 0 1
/m/019pkm /award/award_nominee/award_nominations./award/award_nomination/nominated_for /m/01cvtf 1 1 1 1 1 1
/m/05bm4sm /award/award_nominee/award_nominations./award/award_nomination/nominated_for /m/017gm7 17 1 0 1 0 1
/m/02f2dn /award/award_nominee/award_nominations./award/award_nomination/nominated_for /m/0gkz3nz 4 1 1 1 0 1
/m/0blq0z /award/award_nominee/award_nominations./award/award_nomination/nominated_for /m/07kh6f3 7 4 1 1 0 0
/m/01yfm8 /award/award_nominee/award_nominations./award/award_nomination/nominated_for /m/04xg2f 3 1 1 1 0 1
/m/013tcv /award/award_nominee/award_nominations./award/award_nomination/nominated_for /m/01cssf 1 1 1 1 1 1
/m/03v1jf /award/award_nominee/award_nominations./award/award_nomination/nominated_for /m/02rzdcp 2 1 1 1 0 1
/m/081lh /award/award_nominee/award_nominations./award/award_nomination/nominated_for /m/09jcj6 1 1 1 1 1 1
/m/07h07 /award/award_nominee/award_nominations./award/award_nomination/nominated_for /m/0jwmp 1 1 1 1 1 1
/m/04ls53 /award/award_nominee/award_nominations./award/award_nomination/nominated_for /m/02qm_f 3 1 1 1 0 1
/m/046qq /award/award_nominee/award_nominations./award/award_nomination/nominated_for /m/03459x 3 1 1 1 0 1
/m/03m49ly /award/award_nominee/award_nominations./award/award_nomination/nominated_for /m/07cyl 13 6 0 1 0 0
/m/050t68 /award/award_nominee/award_nominations./award/award_nomination/nominated_for /m/030p35 4 1 1 1 0 1
/m/046zh /award/award_nominee/award_nominations./award/award_nomination/nominated_for /m/07kdkfj 1 1 1 1 1 1
/m/0gs5q /award/award_nominee/award_nominations./award/award_nomination/nominated_for /m/038bh3 1 1 1 1 1 1
/m/07qcbw /award/award_nominee/award_nominations./award/award_nomination/nominated_for /m/0180mw 15 1 0 1 0 1
/m/025vw4t /award/award_nominee/award_nominations./award/award_nomination/nominated_for /m/0gj50 16 1 0 1 0 1
/m/03q43g /award/award_nominee/award_nominations./award/award_nomination/nominated_for /m/02hct1 6 1 1 1 0 1
/m/04yqlk /award/award_nominee/award_nominations./award/award_nomination/nominated_for /m/0g60z 57 41 0 0 0 0
/m/02qgqt /award/award_nominee/award_nominations./award/award_nomination/nominated_for /m/01hqhm 6 1 1 1 0 1
/m/05yh_t /award/award_nominee/award_nominations./award/award_nomination/nominated_for /m/0180mw 18 1 0 1 0 1
/m/042ly5 /award/award_nominee/award_nominations./award/award_nomination/nominated_for /m/0d90m 3 1 1 1 0 1
/m/0f87jy /award/award_nominee/award_nominations./award/award_nomination/nominated_for /m/019nnl 7 1 1 1 0 1
/m/07cjqy /award/award_nominee/award_nominations./award/award_nomination/nominated_for /m/03fts 2 1 1 1 0 1
/m/0q9zc /award/award_nominee/award_nominations./award/award_nomination/nominated_for /m/01ft14 2 1 1 1 0 1
/m/0h96g /award/award_nominee/award_nominations./award/award_nomination/nominated_for /m/067ghz 2 1 1 1 0 1
/m/0g2lq /award/award_nominee/award_nominations./award/award_nomination/nominated_for /m/050gkf 3 1 1 1 0 1
/m/06mn7 /award/award_nominee/award_nominations./award/award_nomination/nominated_for /m/01c9d 2 1 1 1 0 1
/m/02404v /award/award_nominee/award_nominations./award/award_nomination/nominated_for /m/0198b6 1 1 1 1 1 1
/m/01fwpt /award/award_nominee/award_nominations./award/award_nomination/nominated_for /m/01633c 1 1 1 1 1 1
/m/03mfqm /award/award_nominee/award_nominations./award/award_nomination/nominated_for /m/07cyl 5 1 1 1 0 1
/m/0f4vbz /award/award_nominee/award_nominations./award/award_nomination/nominated_for /m/02qr69m 3 1 1 1 0 1
/m/05bm4sm /award/award_nominee/award_nominations./award/award_nomination/nominated_for /m/02c638 8 1 1 1 0 1
/m/03q8ch /award/award_nominee/award_nominations./award/award_nomination/nominated_for /m/0260bz 4 1 1 1 0 1
/m/0151ns /award/award_nominee/award_nominations./award/award_nomination/nominated_for /m/0gtv7pk 1 1 1 1 1 1
/m/0b1f49 /award/award_nominee/award_nominations./award/award_nomination/nominated_for /m/0kfv9 15 1 0 1 0 1
/m/0k269 /award/award_nominee/award_nominations./award/award_nomination/nominated_for /m/0180mw 20 1 0 1 0 1
/m/076lxv /award/award_nominee/award_nominations./award/award_nomination/nominated_for /m/070fnm 3 1 1 1 0 1
/m/0gn30 /award/award_nominee/award_nominations./award/award_nomination/nominated_for /m/0140g4 1 1 1 1 1 1
/m/013tcv /award/award_nominee/award_nominations./award/award_nomination/nominated_for /m/02n9bh 1 1 1 1 1 1
/m/0721cy /award/award_nominee/award_nominations./award/award_nomination/nominated_for /m/01s81 14 1 0 1 0 1
/m/06pj8 /award/award_nominee/award_nominations./award/award_nomination/nominated_for /m/08nvyr 8 1 1 1 0 1
/m/03ym1 /award/award_nominee/award_nominations./award/award_nomination/nominated_for /m/017gl1 18 1 0 1 0 1
/m/04wp63 /award/award_nominee/award_nominations./award/award_nomination/nominated_for /m/027s39y 5 1 1 1 0 1
/m/0c3p7 /award/award_nominee/award_nominations./award/award_nomination/nominated_for /m/0cfhfz 1 1 1 1 1 1
/m/01l_yg /award/award_nominee/award_nominations./award/award_nomination/nominated_for /m/05zr0xl 10 1 1 1 0 1
/m/03pp73 /award/award_nominee/award_nominations./award/award_nomination/nominated_for /m/017f3m 5 1 1 1 0 1
/m/016zp5 /award/award_nominee/award_nominations./award/award_nomination/nominated_for /m/04x4gw 2 1 1 1 0 1
/m/04pqqb /award/award_nominee/award_nominations./award/award_nomination/nominated_for /m/014l6_ 6 2 1 1 0 0
/m/0ksf29 /award/award_nominee/award_nominations./award/award_nomination/nominated_for /m/080dfr7 1 1 1 1 1 1
/m/01pcz9 /award/award_nominee/award_nominations./award/award_nomination/nominated_for /m/02hct1 4 1 1 1 0 1
/m/05b5_tj /award/award_nominee/award_nominations./award/award_nomination/nominated_for /m/04gcyg 2 1 1 1 0 1
/m/02gvwz /award/award_nominee/award_nominations./award/award_nomination/nominated_for /m/0524b41 11 2 0 1 0 0
/m/0150t6 /award/award_nominee/award_nominations./award/award_nomination/nominated_for /m/065dc4 2 1 1 1 0 1
/m/0265vcb /award/award_nominee/award_nominations./award/award_nomination/nominated_for /m/0358x_ 3 1 1 1 0 1
/m/01337_ /award/award_nominee/award_nominations./award/award_nomination/nominated_for /m/0170yd 3 1 1 1 0 1
/m/015q43 /award/award_nominee/award_nominations./award/award_nomination/nominated_for /m/026zlh9 2 1 1 1 0 1
/m/016kkx /award/award_nominee/award_nominations./award/award_nomination/nominated_for /m/047tsx3 4 1 1 1 0 1
/m/06mn7 /award/award_nominee/award_nominations./award/award_nomination/nominated_for /m/08ct6 2 1 1 1 0 1
/m/01x4sb /award/award_nominee/award_nominations./award/award_nomination/nominated_for /m/0ddd0gc 2 1 1 1 0 1
/m/030xr_ /award/award_nominee/award_nominations./award/award_nomination/nominated_for /m/01cmp9 4 1 1 1 0 1
/m/09yrh /award/award_nominee/award_nominations./award/award_nomination/nominated_for /m/0bshwmp 2 1 1 1 0 1
/m/08xz51 /award/award_nominee/award_nominations./award/award_nomination/nominated_for /m/05sy0cv 6 1 1 1 0 1
/m/0h5f5n /award/award_nominee/award_nominations./award/award_nomination/nominated_for /m/07l450 3 1 1 1 0 1
/m/01_xtx /award/award_nominee/award_nominations./award/award_nomination/nominated_for /m/03cmsqb 1 1 1 1 1 1
/m/02jt1k /award/award_nominee/award_nominations./award/award_nomination/nominated_for /m/026lgs 5 1 1 1 0 1
/m/07s8r0 /award/award_nominee/award_nominations./award/award_nomination/nominated_for /m/030p35 3 1 1 1 0 1
/m/0h1p /award/award_nominee/award_nominations./award/award_nomination/nominated_for /m/0fpv_3_ 1 1 1 1 1 1
/m/03gyh_z /award/award_nominee/award_nominations./award/award_nomination/nominated_for /m/027ct7c 4 1 1 1 0 1
/m/016j68 /award/award_nominee/award_nominations./award/award_nomination/nominated_for /m/0f4yh 8 1 1 1 0 1
/m/0404wqb /award/award_nominee/award_nominations./award/award_nomination/nominated_for /m/05zr0xl 4 1 1 1 0 1
/m/02cyfz /award/award_nominee/award_nominations./award/award_nomination/nominated_for /m/034b6k 1 1 1 1 1 1
/m/01fh9 /award/award_nominee/award_nominations./award/award_nomination/nominated_for /m/01jzyf 4 1 1 1 0 1
/m/01jpmpv /award/award_nominee/award_nominations./award/award_nomination/nominated_for /m/0jswp 2 1 1 1 0 1
/m/01zfmm /award/award_nominee/award_nominations./award/award_nomination/nominated_for /m/0dt8xq 3 1 1 1 0 1
/m/0h7pj /award/award_nominee/award_nominations./award/award_nomination/nominated_for /m/07j94 3 1 1 1 0 1
/m/099ks0 /award/award_nominee/award_nominations./award/award_nomination/nominated_for /m/04jwjq 1 1 1 1 1 1
/m/02qjpv5 /award/award_nominee/award_nominations./award/award_nomination/nominated_for /m/0gxsh4 3 1 1 1 0 1
/m/0dzf_ /award/award_nominee/award_nominations./award/award_nomination/nominated_for /m/01b_lz 2 1 1 1 0 1
/m/01vw8mh /award/award_nominee/award_nominations./award/award_nomination/nominated_for /m/01718w 2 1 1 1 0 1
/m/0grmhb /award/award_nominee/award_nominations./award/award_nomination/nominated_for /m/0cwrr 2 1 1 1 0 1
/m/020l9r /award/award_nominee/award_nominations./award/award_nomination/nominated_for /m/05n6sq 2 1 1 1 0 1
/m/04jspq /award/award_nominee/award_nominations./award/award_nomination/nominated_for /m/01c22t 1 1 1 1 1 1
/m/020_95 /award/award_nominee/award_nominations./award/award_nomination/nominated_for /m/02c638 12 2 0 1 0 0
/m/062dn7 /award/award_nominee/award_nominations./award/award_nomination/nominated_for /m/075wx7_ 2 1 1 1 0 1
/m/0721cy /award/award_nominee/award_nominations./award/award_nomination/nominated_for /m/07c72 10 1 1 1 0 1
/m/03wd5tk /award/award_nominee/award_nominations./award/award_nomination/nominated_for /m/035_2h 3 1 1 1 0 1
/m/0bczgm /award/award_nominee/award_nominations./award/award_nomination/nominated_for /m/0557yqh 5 1 1 1 0 1
/m/0btpx /award/award_nominee/award_nominations./award/award_nomination/nominated_for /m/06bd5j 2 1 1 1 0 1
/m/06jzh /award/award_nominee/award_nominations./award/award_nomination/nominated_for /m/0bdjd 7 1 1 1 0 1
/m/01kb2j /award/award_nominee/award_nominations./award/award_nomination/nominated_for /m/01hqhm 4 1 1 1 0 1
/m/05tk7y /award/award_nominee/award_nominations./award/award_nomination/nominated_for /m/07f_t4 11709 11706 0 0 0 0
/m/03swmf /award/award_nominee/award_nominations./award/award_nomination/nominated_for /m/0g60z 13 1 0 1 0 1
/m/016z2j /award/award_nominee/award_nominations./award/award_nomination/nominated_for /m/07w8fz 5 1 1 1 0 1
/m/0h0wc /award/award_nominee/award_nominations./award/award_nomination/nominated_for /m/09p7fh 3 1 1 1 0 1
/m/01l2fn /award/award_nominee/award_nominations./award/award_nomination/nominated_for /m/05zwrg0 1 1 1 1 1 1
/m/0315q3 /award/award_nominee/award_nominations./award/award_nomination/nominated_for /m/02rx2m5 2 1 1 1 0 1
/m/01pj3h /award/award_nominee/award_nominations./award/award_nomination/nominated_for /m/01633c 3 1 1 1 0 1
/m/015grj /award/award_nominee/award_nominations./award/award_nomination/nominated_for /m/0330r 15 1 0 1 0 1
/m/0745k7 /award/award_nominee/award_nominations./award/award_nomination/nominated_for /m/02h2vv 5 1 1 1 0 1
/m/0g69lg /award/award_nominee/award_nominations./award/award_nomination/nominated_for /m/015ppk 8 1 1 1 0 1
/m/06mfvc /award/award_nominee/award_nominations./award/award_nomination/nominated_for /m/04jm_hq 1 1 1 1 1 1
/m/0bz60q /award/award_nominee/award_nominations./award/award_nomination/nominated_for /m/06y_n 6 1 1 1 0 1
/m/02q6cv4 /award/award_nominee/award_nominations./award/award_nomination/nominated_for /m/03nymk 2 1 1 1 0 1
/m/09wj5 /award/award_nominee/award_nominations./award/award_nomination/nominated_for /m/04z4j2 1 1 1 1 1 1
/m/011_3s /award/award_nominee/award_nominations./award/award_nomination/nominated_for /m/0g60z 11 1 0 1 0 1
/m/03mdt /award/award_nominee/award_nominations./award/award_nomination/nominated_for /m/06k176 1 1 1 1 1 1
/m/029m83 /award/award_nominee/award_nominations./award/award_nomination/nominated_for /m/043mk4y 2 1 1 1 0 1
/m/031k24 /award/award_nominee/award_nominations./award/award_nomination/nominated_for /m/07w8fz 3 1 1 1 0 1
/m/026n998 /award/award_nominee/award_nominations./award/award_nomination/nominated_for /m/0gj50 10 1 1 1 0 1
/m/0p_47 /award/award_nominee/award_nominations./award/award_nomination/nominated_for /m/094g2z 3 3 1 1 0 0
/m/0h5g_ /award/award_nominee/award_nominations./award/award_nomination/nominated_for /m/046f3p 2 1 1 1 0 1
/m/0320jz /award/award_nominee/award_nominations./award/award_nomination/nominated_for /m/0900j5 2 1 1 1 0 1
/m/015g_7 /award/award_nominee/award_nominations./award/award_nomination/nominated_for /m/02rjv2w 1 1 1 1 1 1
/m/0gv2r /award/award_nominee/award_nominations./award/award_nomination/nominated_for /m/0cbl95 1 1 1 1 1 1
/m/02qx5h /award/award_nominee/award_nominations./award/award_nomination/nominated_for /m/0286gm1 8 2 1 1 0 0
/m/05qd_ /award/award_nominee/award_nominations./award/award_nomination/nominated_for /m/03vfr_ 1 1 1 1 1 1
/m/0829rj /award/award_nominee/award_nominations./award/award_nomination/nominated_for /m/0q9sg 5 1 1 1 0 1
/m/02qgqt /award/award_nominee/award_nominations./award/award_nomination/nominated_for /m/027r9t 11 1 0 1 0 1
/m/025jbj /award/award_nominee/award_nominations./award/award_nomination/nominated_for /m/05sbv3 5 1 1 1 0 1
/m/01gb54 /award/award_nominee/award_nominations./award/award_nomination/nominated_for /m/0cc5qkt 2 1 1 1 0 1
/m/02kxbx3 /award/award_nominee/award_nominations./award/award_nomination/nominated_for /m/0b73_1d 7 1 1 1 0 1
/m/0gy6z9 /award/award_nominee/award_nominations./award/award_nomination/nominated_for /m/047d21r 2 1 1 1 0 1
/m/0pz04 /award/award_nominee/award_nominations./award/award_nomination/nominated_for /m/0kbwb 1 1 1 1 1 1
/m/0byfz /award/award_nominee/award_nominations./award/award_nomination/nominated_for /m/017kct 2 1 1 1 0 1
/m/0h3mrc /award/award_nominee/award_nominations./award/award_nomination/nominated_for /m/08jgk1 15 1 0 1 0 1
/m/02kv5k /award/award_nominee/award_nominations./award/award_nomination/nominated_for /m/0pv2t 6 2 1 1 0 0
/m/0170s4 /award/award_nominee/award_nominations./award/award_nomination/nominated_for /m/059rc 1 1 1 1 1 1
/m/0m66w /award/award_nominee/award_nominations./award/award_nomination/nominated_for /m/0gjcrrw 1 1 1 1 1 1
/m/0jfx1 /award/award_nominee/award_nominations./award/award_nomination/nominated_for /m/05v38p 3 1 1 1 0 1
/m/02vx4c2 /award/award_nominee/award_nominations./award/award_nomination/nominated_for /m/01hqhm 1 1 1 1 1 1
/m/053j4w4 /award/award_nominee/award_nominations./award/award_nomination/nominated_for /m/0jsf6 2 1 1 1 0 1
/m/04cf09 /award/award_nominee/award_nominations./award/award_nomination/nominated_for /m/017f3m 3 1 1 1 0 1
/m/03thw4 /award/award_nominee/award_nominations./award/award_nomination/nominated_for /m/04wddl 7 1 1 1 0 1
/m/01541z /award/award_nominee/award_nominations./award/award_nomination/nominated_for /m/02pqs8l 8 1 1 1 0 1
/m/0h0wc /award/award_nominee/award_nominations./award/award_nomination/nominated_for /m/0272_vz 2 1 1 1 0 1
/m/023361 /award/award_nominee/award_nominations./award/award_nomination/nominated_for /m/067ghz 1 1 1 1 1 1
/m/023361 /award/award_nominee/award_nominations./award/award_nomination/nominated_for /m/0h21v2 2 1 1 1 0 1
/m/02lf1j /award/award_nominee/award_nominations./award/award_nomination/nominated_for /m/02kk_c 5 1 1 1 0 1
/m/025mb_ /award/award_nominee/award_nominations./award/award_nomination/nominated_for /m/0kfpm 1 1 1 1 1 1
/m/05qd_ /award/award_nominee/award_nominations./award/award_nomination/nominated_for /m/02mpyh 3 1 1 1 0 1
/m/06qn87 /award/award_nominee/award_nominations./award/award_nomination/nominated_for /m/026fs38 1 1 1 1 1 1
/m/0417z2 /award/award_nominee/award_nominations./award/award_nomination/nominated_for /m/01qb559 3 1 1 1 0 1
/m/01vvb4m /award/award_nominee/award_nominations./award/award_nomination/nominated_for /m/04ghz4m 1 1 1 1 1 1
/m/016tt2 /award/award_nominee/award_nominations./award/award_nomination/nominated_for /m/06rmdr 1 1 1 1 1 1
/m/016tt2 /award/award_nominee/award_nominations./award/award_nomination/nominated_for /m/047wh1 1 1 1 1 1 1
/m/02k4b2 /award/award_nominee/award_nominations./award/award_nomination/nominated_for /m/02qlp4 2 1 1 1 0 1
/m/03jvmp /award/award_nominee/award_nominations./award/award_nomination/nominated_for /m/043mk4y 3196 3192 0 0 0 0
/m/023kzp /award/award_nominee/award_nominations./award/award_nomination/nominated_for /m/0180mw 21 1 0 1 0 1
/m/0kr5_ /award/award_nominee/award_nominations./award/award_nomination/nominated_for /m/05j82v 1 1 1 1 1 1
/m/06151l /award/award_nominee/award_nominations./award/award_nomination/nominated_for /m/01g03q 5 1 1 1 0 1
/m/015gjr /award/award_nominee/award_nominations./award/award_nomination/nominated_for /m/02psgq 2 1 1 1 0 1
/m/01n5309 /award/award_nominee/award_nominations./award/award_nomination/nominated_for /m/039cq4 10 1 1 1 0 1
/m/016tw3 /award/award_nominee/award_nominations./award/award_nomination/nominated_for /m/0cbl95 3 1 1 1 0 1
/m/018_lb /award/award_nominee/award_nominations./award/award_nomination/nominated_for /m/0sxlb 2 1 1 1 0 1
/m/0c6qh /award/award_nominee/award_nominations./award/award_nomination/nominated_for /m/0c0nhgv 5 1 1 1 0 1
/m/01y8cr /award/award_nominee/award_nominations./award/award_nomination/nominated_for /m/0bmhn 6 1 1 1 0 1
/m/0tc7 /award/award_nominee/award_nominations./award/award_nomination/nominated_for /m/07gp9 1 1 1 1 1 1
/m/02s5v5 /award/award_nominee/award_nominations./award/award_nomination/nominated_for /m/0cw3yd 1 1 1 1 1 1
/m/0184jc /award/award_nominee/award_nominations./award/award_nomination/nominated_for /m/011yqc 9 1 1 1 0 1
/m/01lw3kh /award/award_nominee/award_nominations./award/award_nomination/nominated_for /m/09d3b7 4 1 1 1 0 1
/m/0184dt /award/award_nominee/award_nominations./award/award_nomination/nominated_for /m/0661ql3 5 1 1 1 0 1
/m/09rp4r_ /award/award_nominee/award_nominations./award/award_nomination/nominated_for /m/07xtqq 5 1 1 1 0 1
/m/0pz7h /award/award_nominee/award_nominations./award/award_nomination/nominated_for /m/0g7pm1 1 1 1 1 1 1
/m/03n08b /award/award_nominee/award_nominations./award/award_nomination/nominated_for /m/033f8n 5 1 1 1 0 1
/m/0dvmd /award/award_nominee/award_nominations./award/award_nomination/nominated_for /m/03cp4cn 2 1 1 1 0 1
/m/03csqj4 /award/award_nominee/award_nominations./award/award_nomination/nominated_for /m/015qqg 8 1 1 1 0 1
/m/06yrj6 /award/award_nominee/award_nominations./award/award_nomination/nominated_for /m/01q_y0 4 1 1 1 0 1
/m/01kwsg /award/award_nominee/award_nominations./award/award_nomination/nominated_for /m/09sr0 6 1 1 1 0 1
/m/025hwq /award/award_nominee/award_nominations./award/award_nomination/nominated_for /m/025n07 9 7 1 1 0 0
/m/04dyqk /award/award_nominee/award_nominations./award/award_nomination/nominated_for /m/06ybb1 4 1 1 1 0 1
/m/01yb09 /award/award_nominee/award_nominations./award/award_nomination/nominated_for /m/01hqhm 8 1 1 1 0 1
/m/014x77 /award/award_nominee/award_nominations./award/award_nomination/nominated_for /m/020y73 2 1 1 1 0 1
/m/0bzyh /award/award_nominee/award_nominations./award/award_nomination/nominated_for /m/0bpbhm 1 1 1 1 1 1
/m/059_gf /award/award_nominee/award_nominations./award/award_nomination/nominated_for /m/03wj4r8 1 1 1 1 1 1
/m/01_p6t /award/award_nominee/award_nominations./award/award_nomination/nominated_for /m/0bpx1k 7 1 1 1 0 1
/m/04pf4r /award/award_nominee/award_nominations./award/award_nomination/nominated_for /m/01_0f7 1 1 1 1 1 1
/m/01j7pt /award/award_nominee/award_nominations./award/award_nomination/nominated_for /m/01j7mr 2 1 1 1 0 1
/m/01f8ld /award/award_nominee/award_nominations./award/award_nomination/nominated_for /m/0j43swk 2 1 1 1 0 1
/m/013_vh /award/award_nominee/award_nominations./award/award_nomination/nominated_for /m/031hcx 1 1 1 1 1 1
/m/01b9ck /award/award_nominee/award_nominations./award/award_nomination/nominated_for /m/03bdkd 4 1 1 1 0 1
/m/01f7j9 /award/award_nominee/award_nominations./award/award_nomination/nominated_for /m/026lgs 2 1 1 1 0 1
/m/09r9dp /award/award_nominee/award_nominations./award/award_nomination/nominated_for /m/0d68qy 22 1 0 1 0 1
/m/01kwsg /award/award_nominee/award_nominations./award/award_nomination/nominated_for /m/016dj8 12 5 0 1 0 0
/m/015t7v /award/award_nominee/award_nominations./award/award_nomination/nominated_for /m/017gm7 21 3 0 1 0 0
/m/02m501 /award/award_nominee/award_nominations./award/award_nomination/nominated_for /m/04tqtl 3 1 1 1 0 1
/m/06449 /award/award_nominee/award_nominations./award/award_nomination/nominated_for /m/021y7yw 2 1 1 1 0 1
/m/02f8lw /award/award_nominee/award_nominations./award/award_nomination/nominated_for /m/08720 3 1 1 1 0 1
/m/0dqcm /award/award_nominee/award_nominations./award/award_nomination/nominated_for /m/0dnw1 7 3 1 1 0 0
/m/03y1mlp /award/award_nominee/award_nominations./award/award_nomination/nominated_for /m/02_kd 5 1 1 1 0 1
/m/019l68 /award/award_nominee/award_nominations./award/award_nomination/nominated_for /m/01k7b0 6 1 1 1 0 1
/m/04kj2v /award/award_nominee/award_nominations./award/award_nomination/nominated_for /m/01c9d 1 1 1 1 1 1
/m/06pj8 /award/award_nominee/award_nominations./award/award_nomination/nominated_for /m/01flv_ 4 1 1 1 0 1
/m/01m5m5b /award/award_nominee/award_nominations./award/award_nomination/nominated_for /m/09gdm7q 1 1 1 1 1 1
/m/031k24 /award/award_nominee/award_nominations./award/award_nomination/nominated_for /m/011yqc 7 1 1 1 0 1
/m/04w391 /award/award_nominee/award_nominations./award/award_nomination/nominated_for /m/08r4x3 5 1 1 1 0 1
/m/016tw3 /award/award_nominee/award_nominations./award/award_nomination/nominated_for /m/076tq0z 3 1 1 1 0 1
/m/04cy8rb /award/award_nominee/award_nominations./award/award_nomination/nominated_for /m/0dr_4 14 1 0 1 0 1
/m/0184jc /award/award_nominee/award_nominations./award/award_nomination/nominated_for /m/017z49 1 1 1 1 1 1
/m/02zfg3 /award/award_nominee/award_nominations./award/award_nomination/nominated_for /m/024hbv 4 1 1 1 0 1
/m/0f7hc /award/award_nominee/award_nominations./award/award_nomination/nominated_for /m/02lk60 2 1 1 1 0 1
/m/0372kf /award/award_nominee/award_nominations./award/award_nomination/nominated_for /m/0372j5 2 1 1 1 0 1
/m/01vb403 /award/award_nominee/award_nominations./award/award_nomination/nominated_for /m/0kcn7 8 2 1 1 0 0
/m/03hzl42 /award/award_nominee/award_nominations./award/award_nomination/nominated_for /m/043t8t 5 1 1 1 0 1
/m/0z05l /award/award_nominee/award_nominations./award/award_nomination/nominated_for /m/0y_9q 6 1 1 1 0 1
/m/04yywz /award/award_nominee/award_nominations./award/award_nomination/nominated_for /m/0q9sg 2 1 1 1 0 1
/m/078mgh /award/award_nominee/award_nominations./award/award_nomination/nominated_for /m/07024 10 1 1 1 0 1
/m/05br10 /award/award_nominee/award_nominations./award/award_nomination/nominated_for /m/012mrr 1 1 1 1 1 1
/m/053xw6 /award/award_nominee/award_nominations./award/award_nomination/nominated_for /m/04f6df0 4 1 1 1 0 1
/m/02404v /award/award_nominee/award_nominations./award/award_nomination/nominated_for /m/01f8gz 5 1 1 1 0 1
/m/01vz80y /award/award_nominee/award_nominations./award/award_nomination/nominated_for /m/0dyb1 2 1 1 1 0 1
/m/05bm4sm /award/award_nominee/award_nominations./award/award_nomination/nominated_for /m/0dgq_kn 7176 7172 0 0 0 0
/m/057bc6m /award/award_nominee/award_nominations./award/award_nomination/nominated_for /m/01wb95 2 1 1 1 0 1
/m/0k269 /award/award_nominee/award_nominations./award/award_nomination/nominated_for /m/07tj4c 1 1 1 1 1 1
/m/01wmcbg /award/award_nominee/award_nominations./award/award_nomination/nominated_for /m/0j_t1 6 1 1 1 0 1
/m/0p51w /award/award_nominee/award_nominations./award/award_nomination/nominated_for /m/0bm2g 1 1 1 1 1 1
/m/02zfdp /award/award_nominee/award_nominations./award/award_nomination/nominated_for /m/09146g 6 1 1 1 0 1
/m/01xcfy /award/award_nominee/award_nominations./award/award_nomination/nominated_for /m/0571m 3 1 1 1 0 1
/m/03hy3g /award/award_nominee/award_nominations./award/award_nomination/nominated_for /m/0_b3d 1 1 1 1 1 1
/m/03q43g /award/award_nominee/award_nominations./award/award_nomination/nominated_for /m/0d68qy 22 1 0 1 0 1
/m/0479b /award/award_nominee/award_nominations./award/award_nomination/nominated_for /m/01dyvs 3 1 1 1 0 1
/m/0h0wc /award/award_nominee/award_nominations./award/award_nomination/nominated_for /m/0mcl0 2 1 1 1 0 1
/m/07s6tbm /award/award_nominee/award_nominations./award/award_nomination/nominated_for /m/0330r 17 1 0 1 0 1
/m/01l2fn /award/award_nominee/award_nominations./award/award_nomination/nominated_for /m/072zl1 1 1 1 1 1 1
/m/0f3zf_ /award/award_nominee/award_nominations./award/award_nomination/nominated_for /m/0295sy 1 1 1 1 1 1
/m/0146pg /award/award_nominee/award_nominations./award/award_nomination/nominated_for /m/012mrr 3 1 1 1 0 1
/m/01ccr8 /award/award_nominee/award_nominations./award/award_nomination/nominated_for /m/0vjr 9 1 1 1 0 1
/m/01ts_3 /award/award_nominee/award_nominations./award/award_nomination/nominated_for /m/03cfkrw 1 1 1 1 1 1
/m/09r9dp /award/award_nominee/award_nominations./award/award_nomination/nominated_for /m/02rzdcp 7 1 1 1 0 1
/m/015gy7 /award/award_nominee/award_nominations./award/award_nomination/nominated_for /m/015whm 2 1 1 1 0 1
/m/0275_pj /award/award_nominee/award_nominations./award/award_nomination/nominated_for /m/0358x_ 4 1 1 1 0 1
/m/04qvl7 /award/award_nominee/award_nominations./award/award_nomination/nominated_for /m/07tlfx 1 1 1 1 1 1
/m/02g9z1 /award/award_nominee/award_nominations./award/award_nomination/nominated_for /m/02cbg0 1 1 1 1 1 1
/m/0pgjm /award/award_nominee/award_nominations./award/award_nomination/nominated_for /m/0pdp8 1 1 1 1 1 1
/m/04f525m /award/award_nominee/award_nominations./award/award_nomination/nominated_for /m/05pdh86 7 4 1 1 0 0
/m/0755wz /award/award_nominee/award_nominations./award/award_nomination/nominated_for /m/05c5z8j 3 1 1 1 0 1
/m/03mfqm /award/award_nominee/award_nominations./award/award_nomination/nominated_for /m/09lxv9 3 1 1 1 0 1
/m/070w7s /award/award_nominee/award_nominations./award/award_nomination/nominated_for /m/0phrl 6 1 1 1 0 1
/m/0488g9 /award/award_nominee/award_nominations./award/award_nomination/nominated_for /m/043qqt5 1 1 1 1 1 1
/m/01z7_f /award/award_nominee/award_nominations./award/award_nomination/nominated_for /m/05c5z8j 1 1 1 1 1 1
/m/01pk8v /award/award_nominee/award_nominations./award/award_nomination/nominated_for /m/0pc62 3 1 1 1 0 1
/m/059j4x /award/award_nominee/award_nominations./award/award_nomination/nominated_for /m/0hz55 5 1 1 1 0 1
/m/0x3n /award/award_nominee/award_nominations./award/award_nomination/nominated_for /m/027x7z5 1 1 1 1 1 1
/m/04w391 /award/award_nominee/award_nominations./award/award_nomination/nominated_for /m/0dq626 1 1 1 1 1 1
/m/01f7v_ /award/award_nominee/award_nominations./award/award_nomination/nominated_for /m/027m67 3 1 1 1 0 1
/m/02mz_6 /award/award_nominee/award_nominations./award/award_nomination/nominated_for /m/05g8pg 1 1 1 1 1 1
/m/05bnx3j /award/award_nominee/award_nominations./award/award_nomination/nominated_for /m/053x8hr 4 1 1 1 0 1
/m/0988cp /award/award_nominee/award_nominations./award/award_nomination/nominated_for /m/0q9jk 8 1 1 1 0 1
/m/0p__8 /award/award_nominee/award_nominations./award/award_nomination/nominated_for /m/02y_lrp 2 1 1 1 0 1
/m/03d_zl4 /award/award_nominee/award_nominations./award/award_nomination/nominated_for /m/039cq4 20 1 0 1 0 1
/m/02_l96 /award/award_nominee/award_nominations./award/award_nomination/nominated_for /m/03qcfvw 7 4 1 1 0 0
/m/0kszw /award/award_nominee/award_nominations./award/award_nomination/nominated_for /m/0ds11z 8347 8340 0 0 0 0
/m/02ch1w /award/award_nominee/award_nominations./award/award_nomination/nominated_for /m/016z9n 4 1 1 1 0 1
/m/0372kf /award/award_nominee/award_nominations./award/award_nomination/nominated_for /m/0gm2_0 7 1 1 1 0 1
/m/02pq9yv /award/award_nominee/award_nominations./award/award_nomination/nominated_for /m/07kh6f3 3 1 1 1 0 1
/m/05qd_ /award/award_nominee/award_nominations./award/award_nomination/nominated_for /m/09y6pb 12 7 0 1 0 0
/m/06sn8m /award/award_nominee/award_nominations./award/award_nomination/nominated_for /m/0kfv9 19 1 0 1 0 1
/m/026v437 /award/award_nominee/award_nominations./award/award_nomination/nominated_for /m/080dwhx 6 1 1 1 0 1
/m/02qgqt /award/award_nominee/award_nominations./award/award_nomination/nominated_for /m/03cvvlg 3 1 1 1 0 1
/m/06fxnf /award/award_nominee/award_nominations./award/award_nomination/nominated_for /m/027j9wd 1 1 1 1 1 1
/m/03jvmp /award/award_nominee/award_nominations./award/award_nomination/nominated_for /m/0f4k49 5 2 1 1 0 0
/m/02tr7d /award/award_nominee/award_nominations./award/award_nomination/nominated_for /m/0b6tzs 4 1 1 1 0 1
/m/05gnf /award/award_nominee/award_nominations./award/award_nomination/nominated_for /m/0330r 19 1 0 1 0 1
/m/01_6dw /award/award_nominee/award_nominations./award/award_nomination/nominated_for /m/072x7s 1 1 1 1 1 1
/m/06cgy /award/award_nominee/award_nominations./award/award_nomination/nominated_for /m/0h6r5 4 1 1 1 0 1
/m/06cgy /award/award_nominee/award_nominations./award/award_nomination/nominated_for /m/016y_f 2 1 1 1 0 1
/m/0sz28 /award/award_nominee/award_nominations./award/award_nomination/nominated_for /m/02rx2m5 5 1 1 1 0 1
/m/03jjzf /award/award_nominee/award_nominations./award/award_nomination/nominated_for /m/0421ng 4 1 1 1 0 1
/m/01x6v6 /award/award_nominee/award_nominations./award/award_nomination/nominated_for /m/04k9y6 2 1 1 1 0 1
/m/0bgrsl /award/award_nominee/award_nominations./award/award_nomination/nominated_for /m/064ndc 2 1 1 1 0 1
/m/014x77 /award/award_nominee/award_nominations./award/award_nomination/nominated_for /m/04hk0w 2 1 1 1 0 1
/m/0bn3jg /award/award_nominee/award_nominations./award/award_nomination/nominated_for /m/0qm8b 1 1 1 1 1 1
/m/09pjnd /award/award_nominee/award_nominations./award/award_nomination/nominated_for /m/0p3_y 1470 1470 0 0 0 0
/m/0c3p7 /award/award_nominee/award_nominations./award/award_nomination/nominated_for /m/01q_y0 8 1 1 1 0 1
/m/0bk1p /award/award_nominee/award_nominations./award/award_nomination/nominated_for /m/0b9rdk 2 1 1 1 0 1
/m/03b78r /award/award_nominee/award_nominations./award/award_nomination/nominated_for /m/0cwrr 6 1 1 1 0 1
/m/0glmv /award/award_nominee/award_nominations./award/award_nomination/nominated_for /m/07c72 3 1 1 1 0 1
/m/02pv_d /award/award_nominee/award_nominations./award/award_nomination/nominated_for /m/04b2qn 1 1 1 1 1 1
/m/02q_cc /award/award_nominee/award_nominations./award/award_nomination/nominated_for /m/025rvx0 4 1 1 1 0 1
/m/04qz6n /award/award_nominee/award_nominations./award/award_nomination/nominated_for /m/0g60z 10 1 1 1 0 1
/m/05m883 /award/award_nominee/award_nominations./award/award_nomination/nominated_for /m/0f2sx4 1 1 1 1 1 1
/m/03v1w7 /award/award_nominee/award_nominations./award/award_nomination/nominated_for /m/04pk1f 4 1 1 1 0 1
/m/05fnl9 /award/award_nominee/award_nominations./award/award_nomination/nominated_for /m/01rp13 1 1 1 1 1 1
/m/086k8 /award/award_nominee/award_nominations./award/award_nomination/nominated_for /m/01s7w3 2 1 1 1 0 1
/m/05v1sb /award/award_nominee/award_nominations./award/award_nomination/nominated_for /m/01k7b0 1 1 1 1 1 1
/m/0633p0 /award/award_nominee/award_nominations./award/award_nomination/nominated_for /m/05p9_ql 2 1 1 1 0 1
/m/02qgyv /award/award_nominee/award_nominations./award/award_nomination/nominated_for /m/01cmp9 4 1 1 1 0 1
/m/01my4f /award/award_nominee/award_nominations./award/award_nomination/nominated_for /m/0vjr 8 1 1 1 0 1
/m/01y0y6 /award/award_nominee/award_nominations./award/award_nomination/nominated_for /m/02czd5 1 1 1 1 1 1
/m/03cs_z7 /award/award_nominee/award_nominations./award/award_nomination/nominated_for /m/07zhjj 4 1 1 1 0 1
/m/0blbxk /award/award_nominee/award_nominations./award/award_nomination/nominated_for /m/030k94 5 1 1 1 0 1
/m/05kfs /award/award_nominee/award_nominations./award/award_nomination/nominated_for /m/09sr0 3 1 1 1 0 1
/m/0c3ns /award/award_nominee/award_nominations./award/award_nomination/nominated_for /m/0yzbg 5 1 1 1 0 1
/m/06cgy /award/award_nominee/award_nominations./award/award_nomination/nominated_for /m/0bpx1k 5 1 1 1 0 1
/m/057bc6m /award/award_nominee/award_nominations./award/award_nomination/nominated_for /m/0k4kk 1 1 1 1 1 1
/m/05m9f9 /award/award_nominee/award_nominations./award/award_nomination/nominated_for /m/0l76z 8 1 1 1 0 1
/m/02_340 /award/award_nominee/award_nominations./award/award_nomination/nominated_for /m/04xbq3 2 1 1 1 0 1
/m/070bjw /award/award_nominee/award_nominations./award/award_nomination/nominated_for /m/0jvt9 7 3 1 1 0 0
/m/081lh /award/award_nominee/award_nominations./award/award_nomination/nominated_for /m/06gjk9 1 1 1 1 1 1
/m/081lh /award/award_nominee/award_nominations./award/award_nomination/nominated_for /m/03m4mj 2 1 1 1 0 1
/m/02bj6k /award/award_nominee/award_nominations./award/award_nomination/nominated_for /m/0180mw 19 1 0 1 0 1
/m/087qxp /award/award_nominee/award_nominations./award/award_nomination/nominated_for /m/0d68qy 18 1 0 1 0 1
/m/01pj3h /award/award_nominee/award_nominations./award/award_nomination/nominated_for /m/0dj0m5 2 1 1 1 0 1
/m/017c87 /award/award_nominee/award_nominations./award/award_nomination/nominated_for /m/09k56b7 1 1 1 1 1 1
/m/095zvfg /award/award_nominee/award_nominations./award/award_nomination/nominated_for /m/07cyl 6 1 1 1 0 1
/m/0c9c0 /award/award_nominee/award_nominations./award/award_nomination/nominated_for /m/08952r 2 1 1 1 0 1
/m/046b0s /award/award_nominee/award_nominations./award/award_nomination/nominated_for /m/033f8n 12055 12050 0 0 0 0
/m/06lvlf /award/award_nominee/award_nominations./award/award_nomination/nominated_for /m/0dscrwf 1 1 1 1 1 1
/m/030pr /award/award_nominee/award_nominations./award/award_nomination/nominated_for /m/0gt14 1 1 1 1 1 1
/m/03q45x /award/award_nominee/award_nominations./award/award_nomination/nominated_for /m/039cq4 8 1 1 1 0 1
/m/01pgzn_ /award/award_nominee/award_nominations./award/award_nomination/nominated_for /m/06y611 1 1 1 1 1 1
/m/034f0d /award/award_nominee/award_nominations./award/award_nomination/nominated_for /m/04fv5b 4 3 1 1 0 0
/m/03q8ch /award/award_nominee/award_nominations./award/award_nomination/nominated_for /m/0f4yh 1 1 1 1 1 1
/m/07j8kh /award/award_nominee/award_nominations./award/award_nomination/nominated_for /m/02p76f9 13 6 0 1 0 0
/m/08cn4_ /award/award_nominee/award_nominations./award/award_nomination/nominated_for /m/0bmhvpr 4 1 1 1 0 1
/m/03wd5tk /award/award_nominee/award_nominations./award/award_nomination/nominated_for /m/0hv4t 6 1 1 1 0 1
/m/04wp2p /award/award_nominee/award_nominations./award/award_nomination/nominated_for /m/06ybb1 3 1 1 1 0 1
/m/024bbl /award/award_nominee/award_nominations./award/award_nomination/nominated_for /m/01g03q 13 1 0 1 0 1
/m/0bq2g /award/award_nominee/award_nominations./award/award_nomination/nominated_for /m/05f4vxd 16 1 0 1 0 1
/m/01xcr4 /award/award_nominee/award_nominations./award/award_nomination/nominated_for /m/01h1bf 11 1 0 1 0 1
/m/02bh9 /award/award_nominee/award_nominations./award/award_nomination/nominated_for /m/016dj8 7 1 1 1 0 1
/m/0pz91 /award/award_nominee/award_nominations./award/award_nomination/nominated_for /m/0bshwmp 1 1 1 1 1 1
/m/02xwgr /award/award_nominee/award_nominations./award/award_nomination/nominated_for /m/0_816 6 1 1 1 0 1
/m/0523v5y /award/award_nominee/award_nominations./award/award_nomination/nominated_for /m/0glnm 1 1 1 1 1 1
/m/015c2f /award/award_nominee/award_nominations./award/award_nomination/nominated_for /m/0l76z 3 1 1 1 0 1
/m/094tsh6 /award/award_nominee/award_nominations./award/award_nomination/nominated_for /m/0drnwh 4 1 1 1 0 1
/m/01yf85 /award/award_nominee/award_nominations./award/award_nomination/nominated_for /m/09g8vhw 1 1 1 1 1 1
/m/0h53p1 /award/award_nominee/award_nominations./award/award_nomination/nominated_for /m/063ykwt 8 1 1 1 0 1
/m/0436kgz /award/award_nominee/award_nominations./award/award_nomination/nominated_for /m/0f4k49 3 1 1 1 0 1
/m/042xrr /award/award_nominee/award_nominations./award/award_nomination/nominated_for /m/06t6dz 4 1 1 1 0 1
/m/05683cn /award/award_nominee/award_nominations./award/award_nomination/nominated_for /m/0k419 8 1 1 1 0 1
/m/02z6l5f /award/award_nominee/award_nominations./award/award_nomination/nominated_for /m/05z43v 2 1 1 1 0 1
/m/025jfl /award/award_nominee/award_nominations./award/award_nomination/nominated_for /m/011yph 1 1 1 1 1 1
/m/025jfl /award/award_nominee/award_nominations./award/award_nomination/nominated_for /m/06__m6 2 1 1 1 0 1
/m/01nwwl /award/award_nominee/award_nominations./award/award_nomination/nominated_for /m/05z43v 5 1 1 1 0 1
/m/03qhyn8 /award/award_nominee/award_nominations./award/award_nomination/nominated_for /m/02754c9 2 1 1 1 0 1
/m/02_n5d /award/award_nominee/award_nominations./award/award_nomination/nominated_for /m/0pv2t 4 1 1 1 0 1
/m/055c8 /award/award_nominee/award_nominations./award/award_nomination/nominated_for /m/04q827 4 1 1 1 0 1
/m/02qlkc3 /award/award_nominee/award_nominations./award/award_nomination/nominated_for /m/0q9jk 11 1 0 1 0 1
/m/016ywr /award/award_nominee/award_nominations./award/award_nomination/nominated_for /m/02ll45 4 1 1 1 0 1
/m/0170pk /award/award_nominee/award_nominations./award/award_nomination/nominated_for /m/01vksx 5 1 1 1 0 1
/m/05gnf /award/award_nominee/award_nominations./award/award_nomination/nominated_for /m/01lv85 3 1 1 1 0 1
/m/05_pkf /award/award_nominee/award_nominations./award/award_nomination/nominated_for /m/050r1z 2 1 1 1 0 1
/m/045c66 /award/award_nominee/award_nominations./award/award_nomination/nominated_for /m/02rlj20 5 1 1 1 0 1
/m/07j8kh /award/award_nominee/award_nominations./award/award_nomination/nominated_for /m/0pv54 2 1 1 1 0 1
/m/03_x5t /award/award_nominee/award_nominations./award/award_nomination/nominated_for /m/024lff 4 1 1 1 0 1
/m/0k_mt /award/award_nominee/award_nominations./award/award_nomination/nominated_for /m/0bs8hvm 1 1 1 1 1 1
/m/0m66w /award/award_nominee/award_nominations./award/award_nomination/nominated_for /m/0l76z 7 1 1 1 0 1
/m/0dqzkv /award/award_nominee/award_nominations./award/award_nomination/nominated_for /m/02q_4ph 1 1 1 1 1 1
/m/05183k /award/award_nominee/award_nominations./award/award_nomination/nominated_for /m/049xgc 17 1 0 1 0 1
/m/01fs_4 /award/award_nominee/award_nominations./award/award_nomination/nominated_for /m/01rp13 8167 8164 0 0 0 0
/m/03wd5tk /award/award_nominee/award_nominations./award/award_nomination/nominated_for /m/01rnly 6 2 1 1 0 0
/m/0h1p /award/award_nominee/award_nominations./award/award_nomination/nominated_for /m/05hjnw 5 1 1 1 0 1
/m/016tw3 /award/award_nominee/award_nominations./award/award_nomination/nominated_for /m/024lff 1 1 1 1 1 1
/m/01g969 /award/award_nominee/award_nominations./award/award_nomination/nominated_for /m/035gnh 2 1 1 1 0 1
/m/039bp /award/award_nominee/award_nominations./award/award_nomination/nominated_for /m/0hmm7 3 1 1 1 0 1
/m/02ld6x /award/award_nominee/award_nominations./award/award_nomination/nominated_for /m/0gkz3nz 6 1 1 1 0 1
/m/0z4s /award/award_nominee/award_nominations./award/award_nomination/nominated_for /m/05j82v 2 1 1 1 0 1
/m/02fn5 /award/award_nominee/award_nominations./award/award_nomination/nominated_for /m/02z9rr 2 1 1 1 0 1
/m/01yhvv /award/award_nominee/award_nominations./award/award_nomination/nominated_for /m/0hz55 3 1 1 1 0 1
/m/01yf85 /award/award_nominee/award_nominations./award/award_nomination/nominated_for /m/057lbk 2 1 1 1 0 1
/m/09l3p /award/award_nominee/award_nominations./award/award_nomination/nominated_for /m/0ddt_ 7 1 1 1 0 1
/m/04g4n /award/award_nominee/award_nominations./award/award_nomination/nominated_for /m/05sbv3 7 1 1 1 0 1
/m/06kxk2 /award/award_nominee/award_nominations./award/award_nomination/nominated_for /m/0bs4r 1 1 1 1 1 1
/m/031rx9 /award/award_nominee/award_nominations./award/award_nomination/nominated_for /m/01m13b 3 1 1 1 0 1
/m/09yrh /award/award_nominee/award_nominations./award/award_nomination/nominated_for /m/030cx 2 1 1 1 0 1
/m/022q4l9 /award/award_nominee/award_nominations./award/award_nomination/nominated_for /m/05f4vxd 15 1 0 1 0 1
/m/0bksh /award/award_nominee/award_nominations./award/award_nomination/nominated_for /m/047gpsd 1 1 1 1 1 1
/m/03q8ch /award/award_nominee/award_nominations./award/award_nomination/nominated_for /m/02mmwk 4 1 1 1 0 1
/m/031rq5 /award/award_nominee/award_nominations./award/award_nomination/nominated_for /m/03rtz1 1 1 1 1 1 1
/m/09b3v /award/award_nominee/award_nominations./award/award_nomination/nominated_for /m/0pc62 6 1 1 1 0 1
/m/0m_v0 /award/award_nominee/award_nominations./award/award_nomination/nominated_for /m/02cbhg 3 1 1 1 0 1
/m/07h5d /award/award_nominee/award_nominations./award/award_nomination/nominated_for /m/016z43 2 1 1 1 0 1
/m/01l_yg /award/award_nominee/award_nominations./award/award_nomination/nominated_for /m/0q9jk 5 1 1 1 0 1
/m/05x2t7 /award/award_nominee/award_nominations./award/award_nomination/nominated_for /m/05dmmc 3 1 1 1 0 1
/m/04rsd2 /award/award_nominee/award_nominations./award/award_nomination/nominated_for /m/020bv3 4 1 1 1 0 1
/m/01zfmm /award/award_nominee/award_nominations./award/award_nomination/nominated_for /m/0gmblvq 1 1 1 1 1 1
/m/0kszw /award/award_nominee/award_nominations./award/award_nomination/nominated_for /m/09gq0x5 6 1 1 1 0 1
/m/0hvb2 /award/award_nominee/award_nominations./award/award_nomination/nominated_for /m/08r4x3 8 2 1 1 0 0
/m/01900g /award/award_nominee/award_nominations./award/award_nomination/nominated_for /m/02gpkt 1 1 1 1 1 1
/m/037w7r /award/award_nominee/award_nominations./award/award_nomination/nominated_for /m/02vr3gz 1 1 1 1 1 1
/m/0cqh57 /award/award_nominee/award_nominations./award/award_nomination/nominated_for /m/01cssf 6 1 1 1 0 1
/m/0159h6 /award/award_nominee/award_nominations./award/award_nomination/nominated_for /m/0qf2t 4 1 1 1 0 1
/m/0fqyzz /award/award_nominee/award_nominations./award/award_nomination/nominated_for /m/04xg2f 3 1 1 1 0 1
/m/05yzt_ /award/award_nominee/award_nominations./award/award_nomination/nominated_for /m/0jzw 5 1 1 1 0 1
/m/03v1xb /award/award_nominee/award_nominations./award/award_nomination/nominated_for /m/051zy_b 5 1 1 1 0 1
/m/01f7j9 /award/award_nominee/award_nominations./award/award_nomination/nominated_for /m/060v34 1 1 1 1 1 1
/m/0c1j_ /award/award_nominee/award_nominations./award/award_nomination/nominated_for /m/0304nh 5 1 1 1 0 1
/m/09bx1k /award/award_nominee/award_nominations./award/award_nomination/nominated_for /m/04vq33 5 1 1 1 0 1
/m/01nwwl /award/award_nominee/award_nominations./award/award_nomination/nominated_for /m/0bh8drv 2 1 1 1 0 1
/m/02665kn /award/award_nominee/award_nominations./award/award_nomination/nominated_for /m/039c26 5 1 1 1 0 1
/m/0170qf /award/award_nominee/award_nominations./award/award_nomination/nominated_for /m/09p0ct 1 1 1 1 1 1
/m/0284n42 /award/award_nominee/award_nominations./award/award_nomination/nominated_for /m/0ds33 5 1 1 1 0 1
/m/0164w8 /award/award_nominee/award_nominations./award/award_nomination/nominated_for /m/0p9tm 2 1 1 1 0 1
/m/0d6d2 /award/award_nominee/award_nominations./award/award_nomination/nominated_for /m/01y9r2 6 1 1 1 0 1
/m/02778qt /award/award_nominee/award_nominations./award/award_nomination/nominated_for /m/0d68qy 17 1 0 1 0 1
/m/013t9y /award/award_nominee/award_nominations./award/award_nomination/nominated_for /m/05650n 1 1 1 1 1 1
/m/03mdt /award/award_nominee/award_nominations./award/award_nomination/nominated_for /m/02kk_c 6 1 1 1 0 1
/m/05kfs /award/award_nominee/award_nominations./award/award_nomination/nominated_for /m/0sxmx 3 1 1 1 0 1
/m/05ty4m /award/award_nominee/award_nominations./award/award_nomination/nominated_for /m/0ds35l9 7 1 1 1 0 1
/m/03h26tm /award/award_nominee/award_nominations./award/award_nomination/nominated_for /m/026lgs 6 1 1 1 0 1
/m/01pk3z /award/award_nominee/award_nominations./award/award_nomination/nominated_for /m/05hjnw 6 1 1 1 0 1
/m/02sj1x /award/award_nominee/award_nominations./award/award_nomination/nominated_for /m/02q_4ph 2 1 1 1 0 1
/m/076lxv /award/award_nominee/award_nominations./award/award_nomination/nominated_for /m/014kkm 2 1 1 1 0 1
/m/0pmhf /award/award_nominee/award_nominations./award/award_nomination/nominated_for /m/01718w 5 1 1 1 0 1
/m/04wp63 /award/award_nominee/award_nominations./award/award_nomination/nominated_for /m/0ddjy 5 1 1 1 0 1
/m/081lh /award/award_nominee/award_nominations./award/award_nomination/nominated_for /m/0hmr4 1 1 1 1 1 1
/m/02l4pj /award/award_nominee/award_nominations./award/award_nomination/nominated_for /m/09tcg4 2 1 1 1 0 1
/m/01rh0w /award/award_nominee/award_nominations./award/award_nomination/nominated_for /m/017gl1 12 1 0 1 0 1
/m/06mmb /award/award_nominee/award_nominations./award/award_nomination/nominated_for /m/020bv3 4 1 1 1 0 1
/m/01gw8b /award/award_nominee/award_nominations./award/award_nomination/nominated_for /m/0ds35l9 6 1 1 1 0 1
/m/07qcbw /award/award_nominee/award_nominations./award/award_nomination/nominated_for /m/01cvtf 5 1 1 1 0 1
/m/018gqj /award/award_nominee/award_nominations./award/award_nomination/nominated_for /m/0p9tm 4 1 1 1 0 1
/m/0cb77r /award/award_nominee/award_nominations./award/award_nomination/nominated_for /m/03bdkd 6 1 1 1 0 1
/m/094wz7q /award/award_nominee/award_nominations./award/award_nomination/nominated_for /m/011yl_ 2 1 1 1 0 1
/m/03v1w7 /award/award_nominee/award_nominations./award/award_nomination/nominated_for /m/0ds11z 6 1 1 1 0 1
/m/05qd_ /award/award_nominee/award_nominations./award/award_nomination/nominated_for /m/06_x996 5 1 1 1 0 1
/m/0fgg4 /award/award_nominee/award_nominations./award/award_nomination/nominated_for /m/09m6kg 3 1 1 1 0 1
/m/06gh0t /award/award_nominee/award_nominations./award/award_nomination/nominated_for /m/0524b41 11 2 0 1 0 0
