/m/013yq /base/petbreeds/city_with_dogs/top_breeds./base/petbreeds/dog_city_relationship/dog_breed /m/0km5c 27 1 0 1 0 1
/m/04f_d /base/petbreeds/city_with_dogs/top_breeds./base/petbreeds/dog_city_relationship/dog_breed /m/0km3f 35 1 0 1 0 1
/m/0f2r6 /base/petbreeds/city_with_dogs/top_breeds./base/petbreeds/dog_city_relationship/dog_breed /m/01t032 34 4 0 1 0 0
/m/0f2v0 /base/petbreeds/city_with_dogs/top_breeds./base/petbreeds/dog_city_relationship/dog_breed /m/0km5c 28 1 0 1 0 1
/m/02dtg /base/petbreeds/city_with_dogs/top_breeds./base/petbreeds/dog_city_relationship/dog_breed /m/01t032 37 4 0 1 0 0
/m/01sn3 /base/petbreeds/city_with_dogs/top_breeds./base/petbreeds/dog_city_relationship/dog_breed /m/01t032 43 5 0 1 0 0
/m/0f2w0 /base/petbreeds/city_with_dogs/top_breeds./base/petbreeds/dog_city_relationship/dog_breed /m/01t032 42 4 0 1 0 0
/m/0cv3w /base/petbreeds/city_with_dogs/top_breeds./base/petbreeds/dog_city_relationship/dog_breed /m/01_gx_ 26 1 0 1 0 1
/m/0chrx /base/petbreeds/city_with_dogs/top_breeds./base/petbreeds/dog_city_relationship/dog_breed /m/0km5c 35 1 0 1 0 1
/m/019fh /base/petbreeds/city_with_dogs/top_breeds./base/petbreeds/dog_city_relationship/dog_breed /m/0km3f 32 1 0 1 0 1
/m/0d35y /base/petbreeds/city_with_dogs/top_breeds./base/petbreeds/dog_city_relationship/dog_breed /m/01t032 41 4 0 1 0 0
/m/0f04v /base/petbreeds/city_with_dogs/top_breeds./base/petbreeds/dog_city_relationship/dog_breed /m/0km3f 33 1 0 1 0 1
/m/0ftxw /base/petbreeds/city_with_dogs/top_breeds./base/petbreeds/dog_city_relationship/dog_breed /m/01_gx_ 28 1 0 1 0 1
/m/07bcn /base/petbreeds/city_with_dogs/top_breeds./base/petbreeds/dog_city_relationship/dog_breed /m/01t032 38 4 0 1 0 0
/m/05jbn /base/petbreeds/city_with_dogs/top_breeds./base/petbreeds/dog_city_relationship/dog_breed /m/01_gx_ 31 1 0 1 0 1
/m/0rh6k /base/petbreeds/city_with_dogs/top_breeds./base/petbreeds/dog_city_relationship/dog_breed /m/01_gx_ 26 1 0 1 0 1
/m/04f_d /base/petbreeds/city_with_dogs/top_breeds./base/petbreeds/dog_city_relationship/dog_breed /m/01k3tq 35 1 0 1 0 1
/m/01sn3 /base/petbreeds/city_with_dogs/top_breeds./base/petbreeds/dog_city_relationship/dog_breed /m/0km3f 36 1 0 1 0 1
/m/02cl1 /base/petbreeds/city_with_dogs/top_breeds./base/petbreeds/dog_city_relationship/dog_breed /m/0km5c 27 1 0 1 0 1
/m/02cl1 /base/petbreeds/city_with_dogs/top_breeds./base/petbreeds/dog_city_relationship/dog_breed /m/01_gx_ 25 1 0 1 0 1
/m/0f2s6 /base/petbreeds/city_with_dogs/top_breeds./base/petbreeds/dog_city_relationship/dog_breed /m/01t032 40 4 0 1 0 0
