/m/0fthdk /base/popstra/celebrity/friendship./base/popstra/friendship/participant /m/07swvb 2 1 1 1 0 1
/m/0227vl /base/popstra/celebrity/friendship./base/popstra/friendship/participant /m/015z4j 3 1 1 1 0 1
/m/06x58 /base/popstra/celebrity/friendship./base/popstra/friendship/participant /m/0btxr 1 1 1 1 1 1
/m/0m66w /base/popstra/celebrity/friendship./base/popstra/friendship/participant /m/026c1 3 1 1 1 0 1
/m/06pj8 /base/popstra/celebrity/friendship./base/popstra/friendship/participant /m/07r1h 5 1 1 1 0 1
/m/0bw87 /base/popstra/celebrity/friendship./base/popstra/friendship/participant /m/01mqz0 1 1 1 1 1 1
/m/02jyhv /base/popstra/celebrity/friendship./base/popstra/friendship/participant /m/0d02km 1 1 1 1 1 1
/m/0f5zj6 /base/popstra/celebrity/friendship./base/popstra/friendship/participant /m/01s0l0 1 1 1 1 1 1
/m/01cwkq /base/popstra/celebrity/friendship./base/popstra/friendship/participant /m/021yw7 1 1 1 1 1 1
/m/0q9kd /base/popstra/celebrity/friendship./base/popstra/friendship/participant /m/09fb5 1 1 1 1 1 1
/m/06wm0z /base/popstra/celebrity/friendship./base/popstra/friendship/participant /m/0dvmd 4 1 1 1 0 1
/m/044mfr /base/popstra/celebrity/friendship./base/popstra/friendship/participant /m/09l3p 9 5 1 1 0 0
/m/043zg /base/popstra/celebrity/friendship./base/popstra/friendship/participant /m/015f7 3 1 1 1 0 1
/m/022q32 /base/popstra/celebrity/friendship./base/popstra/friendship/participant /m/01sl1q 1 1 1 1 1 1
/m/06cv1 /base/popstra/celebrity/friendship./base/popstra/friendship/participant /m/0693l 2 1 1 1 0 1
/m/039crh /base/popstra/celebrity/friendship./base/popstra/friendship/participant /m/029q_y 2 1 1 1 0 1
/m/03lt8g /base/popstra/celebrity/friendship./base/popstra/friendship/participant /m/0443y3 1 1 1 1 1 1
/m/018db8 /base/popstra/celebrity/friendship./base/popstra/friendship/participant /m/0237fw 7 1 1 1 0 1
/m/0bbf1f /base/popstra/celebrity/friendship./base/popstra/friendship/participant /m/01wv9p 1 1 1 1 1 1
/m/01yzhn /base/popstra/celebrity/friendship./base/popstra/friendship/participant /m/0dx_q 1 1 1 1 1 1
/m/084m3 /base/popstra/celebrity/friendship./base/popstra/friendship/participant /m/01j851 1 1 1 1 1 1
/m/0127m7 /base/popstra/celebrity/friendship./base/popstra/friendship/participant /m/0grwj 1 1 1 1 1 1
/m/01pllx /base/popstra/celebrity/friendship./base/popstra/friendship/participant /m/01vvb4m 968 967 0 0 0 0
/m/0bq2g /base/popstra/celebrity/friendship./base/popstra/friendship/participant /m/012x2b 4038 4037 0 0 0 0
/m/0pz91 /base/popstra/celebrity/friendship./base/popstra/friendship/participant /m/026c1 13635 13627 0 0 0 0
/m/019pm_ /base/popstra/celebrity/friendship./base/popstra/friendship/participant /m/01vs_v8 4 1 1 1 0 1
/m/01rr9f /base/popstra/celebrity/friendship./base/popstra/friendship/participant /m/0lbj1 1 1 1 1 1 1
/m/01vw20_ /base/popstra/celebrity/friendship./base/popstra/friendship/participant /m/01vsgrn 3 1 1 1 0 1
/m/0227vl /base/popstra/celebrity/friendship./base/popstra/friendship/participant /m/0478__m 1 1 1 1 1 1
/m/01jb26 /base/popstra/celebrity/friendship./base/popstra/friendship/participant /m/029q_y 2 1 1 1 0 1
/m/01g23m /base/popstra/celebrity/friendship./base/popstra/friendship/participant /m/01rh0w 1 1 1 1 1 1
/m/024dgj /base/popstra/celebrity/friendship./base/popstra/friendship/participant /m/012x2b 1 1 1 1 1 1
/m/0157m /base/popstra/celebrity/friendship./base/popstra/friendship/participant /m/06pj8 4941 4939 0 0 0 0
/m/0c1j_ /base/popstra/celebrity/friendship./base/popstra/friendship/participant /m/01s3kv 1 1 1 1 1 1
/m/0f4vbz /base/popstra/celebrity/friendship./base/popstra/friendship/participant /m/014zcr 10 2 1 1 0 0
/m/0pmhf /base/popstra/celebrity/friendship./base/popstra/friendship/participant /m/0c1pj 1953 1952 0 0 0 0
/m/0jfx1 /base/popstra/celebrity/friendship./base/popstra/friendship/participant /m/01mwsnc 1915 1915 0 0 0 0
/m/0168dy /base/popstra/celebrity/friendship./base/popstra/friendship/participant /m/01vsgrn 2 1 1 1 0 1
/m/028r4y /base/popstra/celebrity/friendship./base/popstra/friendship/participant /m/047hpm 1 1 1 1 1 1
/m/02hhtj /base/popstra/celebrity/friendship./base/popstra/friendship/participant /m/039bpc 2 1 1 1 0 1
/m/0jfx1 /base/popstra/celebrity/friendship./base/popstra/friendship/participant /m/01pcvn 1 1 1 1 1 1
/m/0fby2t /base/popstra/celebrity/friendship./base/popstra/friendship/participant /m/02l840 1 1 1 1 1 1
/m/0bxtg /base/popstra/celebrity/friendship./base/popstra/friendship/participant /m/0gcs9 1 1 1 1 1 1
/m/01vx5w7 /base/popstra/celebrity/friendship./base/popstra/friendship/participant /m/015z4j 3979 3976 0 0 0 0
/m/0151w_ /base/popstra/celebrity/friendship./base/popstra/friendship/participant /m/032_jg 1 1 1 1 1 1
/m/01mwsnc /base/popstra/celebrity/friendship./base/popstra/friendship/participant /m/0jfx1 9240 9235 0 0 0 0
/m/04t2l2 /base/popstra/celebrity/friendship./base/popstra/friendship/participant /m/01j7rd 2 1 1 1 0 1
/m/01fs_4 /base/popstra/celebrity/friendship./base/popstra/friendship/participant /m/0161h5 12369 12368 0 0 0 0
/m/016tbr /base/popstra/celebrity/friendship./base/popstra/friendship/participant /m/01hxs4 1 1 1 1 1 1
/m/07nznf /base/popstra/celebrity/friendship./base/popstra/friendship/participant /m/015v3r 1 1 1 1 1 1
/m/01lz4tf /base/popstra/celebrity/friendship./base/popstra/friendship/participant /m/01ttg5 1 1 1 1 1 1
/m/09l3p /base/popstra/celebrity/friendship./base/popstra/friendship/participant /m/044mfr 2 2 1 1 0 0
/m/078jnn /base/popstra/celebrity/friendship./base/popstra/friendship/participant /m/01rr9f 4 1 1 1 0 1
/m/09yrh /base/popstra/celebrity/friendship./base/popstra/friendship/participant /m/016tbr 1 1 1 1 1 1
/m/04qt29 /base/popstra/celebrity/friendship./base/popstra/friendship/participant /m/04fzk 3 1 1 1 0 1
/m/0693l /base/popstra/celebrity/friendship./base/popstra/friendship/participant /m/06cv1 5 4 1 1 0 0
/m/05dbf /base/popstra/celebrity/friendship./base/popstra/friendship/participant /m/02r6c_ 6669 6669 0 0 0 0
/m/01jfrg /base/popstra/celebrity/friendship./base/popstra/friendship/participant /m/01y665 2 1 1 1 0 1
/m/048lv /base/popstra/celebrity/friendship./base/popstra/friendship/participant /m/01wxyx1 12409 12406 0 0 0 0
/m/01xcfy /base/popstra/celebrity/friendship./base/popstra/friendship/participant /m/03h_9lg 3 1 1 1 0 1
/m/01wk7b7 /base/popstra/celebrity/friendship./base/popstra/friendship/participant /m/01z0rcq 2 1 1 1 0 1
/m/02x_h0 /base/popstra/celebrity/friendship./base/popstra/friendship/participant /m/01vw_dv 1 1 1 1 1 1
/m/066m4g /base/popstra/celebrity/friendship./base/popstra/friendship/participant /m/06s6hs 1 1 1 1 1 1
/m/015f7 /base/popstra/celebrity/friendship./base/popstra/friendship/participant /m/0c7xjb 2 1 1 1 0 1
/m/01wmxfs /base/popstra/celebrity/friendship./base/popstra/friendship/participant /m/01wxyx1 1 1 1 1 1 1
/m/01vsgrn /base/popstra/celebrity/friendship./base/popstra/friendship/participant /m/01vrz41 3598 3597 0 0 0 0
/m/02qfhb /base/popstra/celebrity/friendship./base/popstra/friendship/participant /m/01gq0b 12542 12542 0 0 0 0
/m/04fcx7 /base/popstra/celebrity/friendship./base/popstra/friendship/participant /m/0pz7h 2 1 1 1 0 1
/m/014zcr /base/popstra/celebrity/friendship./base/popstra/friendship/participant /m/0157m 1 1 1 1 1 1
/m/0sx5w /base/popstra/celebrity/friendship./base/popstra/friendship/participant /m/01wk7b7 1 1 1 1 1 1
/m/0mdqp /base/popstra/celebrity/friendship./base/popstra/friendship/participant /m/015p37 1 1 1 1 1 1
/m/02jyhv /base/popstra/celebrity/friendship./base/popstra/friendship/participant /m/07r_dg 1 1 1 1 1 1
/m/0zjpz /base/popstra/celebrity/friendship./base/popstra/friendship/participant /m/01vw87c 1 1 1 1 1 1
/m/0837ql /base/popstra/celebrity/friendship./base/popstra/friendship/participant /m/016kjs 2 1 1 1 0 1
/m/029q_y /base/popstra/celebrity/friendship./base/popstra/friendship/participant /m/03kxp7 1 1 1 1 1 1
/m/01vtj38 /base/popstra/celebrity/friendship./base/popstra/friendship/participant /m/0gx_p 2 1 1 1 0 1
/m/015c2f /base/popstra/celebrity/friendship./base/popstra/friendship/participant /m/01p85y 1 1 1 1 1 1
/m/0c9c0 /base/popstra/celebrity/friendship./base/popstra/friendship/participant /m/0pz91 6 1 1 1 0 1
/m/03y82t6 /base/popstra/celebrity/friendship./base/popstra/friendship/participant /m/01vv126 2 1 1 1 0 1
/m/026c1 /base/popstra/celebrity/friendship./base/popstra/friendship/participant /m/08vr94 2 1 1 1 0 1
/m/07cjqy /base/popstra/celebrity/friendship./base/popstra/friendship/participant /m/0fby2t 7776 7775 0 0 0 0
/m/01vw20_ /base/popstra/celebrity/friendship./base/popstra/friendship/participant /m/016j2t 1 1 1 1 1 1
/m/0d_84 /base/popstra/celebrity/friendship./base/popstra/friendship/participant /m/048lv 1 1 1 1 1 1
/m/0gy6z9 /base/popstra/celebrity/friendship./base/popstra/friendship/participant /m/01l9p 2 1 1 1 0 1
/m/01pcvn /base/popstra/celebrity/friendship./base/popstra/friendship/participant /m/01vrz41 1 1 1 1 1 1
/m/01vrz41 /base/popstra/celebrity/friendship./base/popstra/friendship/participant /m/01vsgrn 5291 5288 0 0 0 0
/m/01s21dg /base/popstra/celebrity/friendship./base/popstra/friendship/participant /m/02v60l 2 1 1 1 0 1
/m/01934k /base/popstra/celebrity/friendship./base/popstra/friendship/participant /m/018qpb 1 1 1 1 1 1
/m/01vrncs /base/popstra/celebrity/friendship./base/popstra/friendship/participant /m/02m501 1 1 1 1 1 1
/m/01wbsdz /base/popstra/celebrity/friendship./base/popstra/friendship/participant /m/019g40 1 1 1 1 1 1
/m/02z1yj /base/popstra/celebrity/friendship./base/popstra/friendship/participant /m/0gx_p 2 1 1 1 0 1
/m/095b70 /base/popstra/celebrity/friendship./base/popstra/friendship/participant /m/012x4t 1 1 1 1 1 1
/m/014zcr /base/popstra/celebrity/friendship./base/popstra/friendship/participant /m/0d06m5 1 1 1 1 1 1
/m/04fzk /base/popstra/celebrity/friendship./base/popstra/friendship/participant /m/024dgj 1 1 1 1 1 1
/m/0mj1l /base/popstra/celebrity/friendship./base/popstra/friendship/participant /m/01vs_v8 4 1 1 1 0 1
/m/0147dk /base/popstra/celebrity/friendship./base/popstra/friendship/participant /m/04xrx 1 1 1 1 1 1
/m/046zh /base/popstra/celebrity/friendship./base/popstra/friendship/participant /m/0pmhf 1 1 1 1 1 1
/m/026c1 /base/popstra/celebrity/friendship./base/popstra/friendship/participant /m/0dvmd 3 1 1 1 0 1
/m/0mdqp /base/popstra/celebrity/friendship./base/popstra/friendship/participant /m/07r1h 5 1 1 1 0 1
/m/013w7j /base/popstra/celebrity/friendship./base/popstra/friendship/participant /m/04xrx 14160 14159 0 0 0 0
/m/09nhvw /base/popstra/celebrity/friendship./base/popstra/friendship/participant /m/09h4b5 1 1 1 1 1 1
/m/0bksh /base/popstra/celebrity/friendship./base/popstra/friendship/participant /m/01p4vl 1 1 1 1 1 1
/m/01f6zc /base/popstra/celebrity/friendship./base/popstra/friendship/participant /m/01rzqj 1 1 1 1 1 1
/m/06pj8 /base/popstra/celebrity/friendship./base/popstra/friendship/participant /m/0157m 11401 11398 0 0 0 0
/m/0320jz /base/popstra/celebrity/friendship./base/popstra/friendship/participant /m/0pz91 3 1 1 1 0 1
/m/02m3sd /base/popstra/celebrity/friendship./base/popstra/friendship/participant /m/0c7xjb 11885 11882 0 0 0 0
/m/0c1j_ /base/popstra/celebrity/friendship./base/popstra/friendship/participant /m/02p21g 1 1 1 1 1 1
/m/04__f /base/popstra/celebrity/friendship./base/popstra/friendship/participant /m/0jfx1 3 1 1 1 0 1
/m/02dlfh /base/popstra/celebrity/friendship./base/popstra/friendship/participant /m/01vw20_ 1 1 1 1 1 1
/m/05bpg3 /base/popstra/celebrity/friendship./base/popstra/friendship/participant /m/0mdqp 2 1 1 1 0 1
/m/017m2y /base/popstra/celebrity/friendship./base/popstra/friendship/participant /m/0993r 2 1 1 1 0 1
/m/02r6c_ /base/popstra/celebrity/friendship./base/popstra/friendship/participant /m/05dbf 6661 6656 0 0 0 0
/m/039bpc /base/popstra/celebrity/friendship./base/popstra/friendship/participant /m/033wx9 1 1 1 1 1 1
/m/01tnbn /base/popstra/celebrity/friendship./base/popstra/friendship/participant /m/0pz7h 2 1 1 1 0 1
/m/033jkj /base/popstra/celebrity/friendship./base/popstra/friendship/participant /m/0c1j_ 1 1 1 1 1 1
/m/07r1h /base/popstra/celebrity/friendship./base/popstra/friendship/participant /m/0f502 1 1 1 1 1 1
/m/0261x8t /base/popstra/celebrity/friendship./base/popstra/friendship/participant /m/01yf85 1 1 1 1 1 1
/m/01skmp /base/popstra/celebrity/friendship./base/popstra/friendship/participant /m/01x6jd 0 0 0 0
/m/06cv1 /base/popstra/celebrity/friendship./base/popstra/friendship/participant /m/06x58 1 1 1 1 1 1
/m/01x6jd /base/popstra/celebrity/friendship./base/popstra/friendship/participant /m/01skmp 10782 10782 0 0 0 0
/m/06s6hs /base/popstra/celebrity/friendship./base/popstra/friendship/participant /m/025b5y 7791 7788 0 0 0 0
/m/06czyr /base/popstra/celebrity/friendship./base/popstra/friendship/participant /m/06s6hs 3 1 1 1 0 1
/m/01trhmt /base/popstra/celebrity/friendship./base/popstra/friendship/participant /m/0cqt90 1 1 1 1 1 1
/m/018qql /base/popstra/celebrity/friendship./base/popstra/friendship/participant /m/044qx 1 1 1 1 1 1
/m/029q_y /base/popstra/celebrity/friendship./base/popstra/friendship/participant /m/0151w_ 4 1 1 1 0 1
/m/0gyx4 /base/popstra/celebrity/friendship./base/popstra/friendship/participant /m/03knl 4516 4513 0 0 0 0
/m/033jj1 /base/popstra/celebrity/friendship./base/popstra/friendship/participant /m/03ywyk 1 1 1 1 1 1
/m/0bbf1f /base/popstra/celebrity/friendship./base/popstra/friendship/participant /m/0147dk 1 1 1 1 1 1
/m/0cqt90 /base/popstra/celebrity/friendship./base/popstra/friendship/participant /m/02bwc7 1 1 1 1 1 1
/m/09889g /base/popstra/celebrity/friendship./base/popstra/friendship/participant /m/01f5q5 2 2 1 1 0 0
/m/01wyy_ /base/popstra/celebrity/friendship./base/popstra/friendship/participant /m/015lhm 1 1 1 1 1 1
/m/02zrv7 /base/popstra/celebrity/friendship./base/popstra/friendship/participant /m/03d_zl4 1 1 1 1 1 1
/m/03lt8g /base/popstra/celebrity/friendship./base/popstra/friendship/participant /m/01rr9f 4 1 1 1 0 1
/m/01wmgrf /base/popstra/celebrity/friendship./base/popstra/friendship/participant /m/02ktrs 0 0 0 0
/m/0bxtg /base/popstra/celebrity/friendship./base/popstra/friendship/participant /m/02v3yy 12573 12571 0 0 0 0
/m/01vw20h /base/popstra/celebrity/friendship./base/popstra/friendship/participant /m/01trhmt 3 1 1 1 0 1
/m/04qmr /base/popstra/celebrity/friendship./base/popstra/friendship/participant /m/01wgxtl 2 1 1 1 0 1
/m/01rr9f /base/popstra/celebrity/friendship./base/popstra/friendship/participant /m/048lv 13420 13418 0 0 0 0
/m/022q32 /base/popstra/celebrity/friendship./base/popstra/friendship/participant /m/01pgzn_ 3 1 1 1 0 1
/m/013knm /base/popstra/celebrity/friendship./base/popstra/friendship/participant /m/03lt8g 3 1 1 1 0 1
/m/0jfx1 /base/popstra/celebrity/friendship./base/popstra/friendship/participant /m/01t6b4 1 1 1 1 1 1
/m/066m4g /base/popstra/celebrity/friendship./base/popstra/friendship/participant /m/01gbbz 1 1 1 1 1 1
/m/0dl567 /base/popstra/celebrity/friendship./base/popstra/friendship/participant /m/0gs6vr 3 1 1 1 0 1
/m/03h8_g /base/popstra/celebrity/friendship./base/popstra/friendship/participant /m/020l9r 1 1 1 1 1 1
/m/026c1 /base/popstra/celebrity/friendship./base/popstra/friendship/participant /m/0bksh 1 1 1 1 1 1
/m/01vwllw /base/popstra/celebrity/friendship./base/popstra/friendship/participant /m/046zh 6 1 1 1 0 1
/m/01pq5j7 /base/popstra/celebrity/friendship./base/popstra/friendship/participant /m/0p3r8 2 1 1 1 0 1
/m/0bqs56 /base/popstra/celebrity/friendship./base/popstra/friendship/participant /m/029_3 2485 2483 0 0 0 0
/m/01vs_v8 /base/popstra/celebrity/friendship./base/popstra/friendship/participant /m/01f492 2 1 1 1 0 1
/m/02k4gv /base/popstra/celebrity/friendship./base/popstra/friendship/participant /m/0kxbc 0 0 0 0
/m/029q_y /base/popstra/celebrity/friendship./base/popstra/friendship/participant /m/01pw2f1 1 1 1 1 1 1
/m/06w2sn5 /base/popstra/celebrity/friendship./base/popstra/friendship/participant /m/0gs6vr 1 1 1 1 1 1
/m/07r1h /base/popstra/celebrity/friendship./base/popstra/friendship/participant /m/029q_y 2 1 1 1 0 1
/m/07r1h /base/popstra/celebrity/friendship./base/popstra/friendship/participant /m/043zg 2 1 1 1 0 1
/m/04205z /base/popstra/celebrity/friendship./base/popstra/friendship/participant /m/02vntj 1 1 1 1 1 1
/m/01wxyx1 /base/popstra/celebrity/friendship./base/popstra/friendship/participant /m/01pcvn 3 1 1 1 0 1
/m/0d02km /base/popstra/celebrity/friendship./base/popstra/friendship/participant /m/0c6g1l 1 1 1 1 1 1
/m/0j1yf /base/popstra/celebrity/friendship./base/popstra/friendship/participant /m/0127s7 2 1 1 1 0 1
/m/09yrh /base/popstra/celebrity/friendship./base/popstra/friendship/participant /m/01rr9f 1 1 1 1 1 1
/m/01j7rd /base/popstra/celebrity/friendship./base/popstra/friendship/participant /m/01xdf5 13999 13998 0 0 0 0
/m/0227vl /base/popstra/celebrity/friendship./base/popstra/friendship/participant /m/02r3cn 2 1 1 1 0 1
/m/01ztgm /base/popstra/celebrity/friendship./base/popstra/friendship/participant /m/01nczg 1 1 1 1 1 1
/m/042ly5 /base/popstra/celebrity/friendship./base/popstra/friendship/participant /m/01rr9f 4 1 1 1 0 1
/m/026c1 /base/popstra/celebrity/friendship./base/popstra/friendship/participant /m/0pz91 10599 10593 0 0 0 0
/m/022q32 /base/popstra/celebrity/friendship./base/popstra/friendship/participant /m/0261x8t 2 1 1 1 0 1
/m/02wb6yq /base/popstra/celebrity/friendship./base/popstra/friendship/participant /m/0gs6vr 2 1 1 1 0 1
/m/01fyzy /base/popstra/celebrity/friendship./base/popstra/friendship/participant /m/02dlfh 3 1 1 1 0 1
/m/05szp /base/popstra/celebrity/friendship./base/popstra/friendship/participant /m/06wm0z 2 1 1 1 0 1
/m/0bl2g /base/popstra/celebrity/friendship./base/popstra/friendship/participant /m/039bp 1 1 1 1 1 1
/m/016xh5 /base/popstra/celebrity/friendship./base/popstra/friendship/participant /m/01pnn3 2 1 1 1 0 1
/m/019pm_ /base/popstra/celebrity/friendship./base/popstra/friendship/participant /m/02f8lw 1052 1052 0 0 0 0
/m/01kwld /base/popstra/celebrity/friendship./base/popstra/friendship/participant /m/01v9l67 1 1 1 1 1 1
/m/018ygt /base/popstra/celebrity/friendship./base/popstra/friendship/participant /m/056rgc 1 1 1 1 1 1
/m/01pllx /base/popstra/celebrity/friendship./base/popstra/friendship/participant /m/08yx9q 2 1 1 1 0 1
/m/0bdxs5 /base/popstra/celebrity/friendship./base/popstra/friendship/participant /m/09h4b5 1 1 1 1 1 1
/m/012x2b /base/popstra/celebrity/friendship./base/popstra/friendship/participant /m/0bq2g 12 11 0 0 0 0
/m/0320jz /base/popstra/celebrity/friendship./base/popstra/friendship/participant /m/058s44 1 1 1 1 1 1
/m/0n6f8 /base/popstra/celebrity/friendship./base/popstra/friendship/participant /m/01jfrg 2 1 1 1 0 1
/m/01pgk0 /base/popstra/celebrity/friendship./base/popstra/friendship/participant /m/029q_y 2 1 1 1 0 1
/m/016_mj /base/popstra/celebrity/friendship./base/popstra/friendship/participant /m/0pz91 2 1 1 1 0 1
/m/013pk3 /base/popstra/celebrity/friendship./base/popstra/friendship/participant /m/0h0yt 1 1 1 1 1 1
/m/0169dl /base/popstra/celebrity/friendship./base/popstra/friendship/participant /m/01s1zk 1 1 1 1 1 1
/m/0jsg0m /base/popstra/celebrity/friendship./base/popstra/friendship/participant /m/017f4y 1 1 1 1 1 1
/m/0333wf /base/popstra/celebrity/friendship./base/popstra/friendship/participant /m/045bs6 1 1 1 1 1 1
/m/015f7 /base/popstra/celebrity/friendship./base/popstra/friendship/participant /m/01pgzn_ 3 1 1 1 0 1
/m/01fxck /base/popstra/celebrity/friendship./base/popstra/friendship/participant /m/01rr9f 4 1 1 1 0 1
/m/01lz4tf /base/popstra/celebrity/friendship./base/popstra/friendship/participant /m/0p3r8 1 1 1 1 1 1
/m/0h7pj /base/popstra/celebrity/friendship./base/popstra/friendship/participant /m/0127m7 1 1 1 1 1 1
/m/01hcj2 /base/popstra/celebrity/friendship./base/popstra/friendship/participant /m/0bksh 597 590 0 0 0 0
/m/014zcr /base/popstra/celebrity/friendship./base/popstra/friendship/participant /m/03pmty 1 1 1 1 1 1
/m/0zjpz /base/popstra/celebrity/friendship./base/popstra/friendship/participant /m/017m2y 2 1 1 1 0 1
/m/0c1pj /base/popstra/celebrity/friendship./base/popstra/friendship/participant /m/0pmhf 11491 11490 0 0 0 0
/m/014zfs /base/popstra/celebrity/friendship./base/popstra/friendship/participant /m/029_3 2 1 1 1 0 1
/m/044qx /base/popstra/celebrity/friendship./base/popstra/friendship/participant /m/0h1m9 1 1 1 1 1 1
/m/0tc7 /base/popstra/celebrity/friendship./base/popstra/friendship/participant /m/01vw87c 1 1 1 1 1 1
/m/01vw20h /base/popstra/celebrity/friendship./base/popstra/friendship/participant /m/01vz0g4 2 1 1 1 0 1
