/m/0d_84 /base/popstra/celebrity/dated./base/popstra/dated/participant /m/01vtj38 3 1 1 1 0 1
/m/086sj /base/popstra/celebrity/dated./base/popstra/dated/participant /m/0168dy 2 1 1 1 0 1
/m/01vs_v8 /base/popstra/celebrity/dated./base/popstra/dated/participant /m/01f492 1 1 1 1 1 1
/m/01mqc_ /base/popstra/celebrity/dated./base/popstra/dated/participant /m/01rr9f 2 1 1 1 0 1
/m/03c5bz /base/popstra/celebrity/dated./base/popstra/dated/participant /m/019n7x 2 1 1 1 0 1
/m/0g824 /base/popstra/celebrity/dated./base/popstra/dated/participant /m/0677ng 1 1 1 1 1 1
/m/01sl1q /base/popstra/celebrity/dated./base/popstra/dated/participant /m/01wxyx1 3 1 1 1 0 1
/m/01pcvn /base/popstra/celebrity/dated./base/popstra/dated/participant /m/01vxxb 1 1 1 1 1 1
/m/01vvycq /base/popstra/celebrity/dated./base/popstra/dated/participant /m/03j0br4 1 1 1 1 1 1
/m/04r7p /base/popstra/celebrity/dated./base/popstra/dated/participant /m/0gyx4 5 1 1 1 0 1
/m/09l3p /base/popstra/celebrity/dated./base/popstra/dated/participant /m/02js6_ 3 1 1 1 0 1
/m/04205z /base/popstra/celebrity/dated./base/popstra/dated/participant /m/060j8b 1 1 1 1 1 1
/m/01wxyx1 /base/popstra/celebrity/dated./base/popstra/dated/participant /m/06x58 1 1 1 1 1 1
/m/01fwf1 /base/popstra/celebrity/dated./base/popstra/dated/participant /m/0gyx4 5 1 1 1 0 1
/m/0bx_q /base/popstra/celebrity/dated./base/popstra/dated/participant /m/09889g 1 1 1 1 1 1
/m/012vct /base/popstra/celebrity/dated./base/popstra/dated/participant /m/01ty7ll 1 1 1 1 1 1
/m/01_p6t /base/popstra/celebrity/dated./base/popstra/dated/participant /m/01hrqc 1 1 1 1 1 1
/m/033tln /base/popstra/celebrity/dated./base/popstra/dated/participant /m/02j9lm 1 1 1 1 1 1
/m/015pvh /base/popstra/celebrity/dated./base/popstra/dated/participant /m/029_3 10608 10607 0 0 0 0
/m/01vvycq /base/popstra/celebrity/dated./base/popstra/dated/participant /m/01d0fp 1 1 1 1 1 1
/m/09l3p /base/popstra/celebrity/dated./base/popstra/dated/participant /m/01713c 1 1 1 1 1 1
/m/0mz73 /base/popstra/celebrity/dated./base/popstra/dated/participant /m/0dvmd 3 1 1 1 0 1
/m/0m0nq /base/popstra/celebrity/dated./base/popstra/dated/participant /m/01ty7ll 1 1 1 1 1 1
/m/06fc0b /base/popstra/celebrity/dated./base/popstra/dated/participant /m/012_53 1 1 1 1 1 1
/m/02hhtj /base/popstra/celebrity/dated./base/popstra/dated/participant /m/033wx9 2 1 1 1 0 1
/m/0bw6y /base/popstra/celebrity/dated./base/popstra/dated/participant /m/0b_fw 1 1 1 1 1 1
/m/0hwqz /base/popstra/celebrity/dated./base/popstra/dated/participant /m/02x2t07 1 1 1 1 1 1
/m/07bsj /base/popstra/celebrity/dated./base/popstra/dated/participant /m/01npcy7 2 1 1 1 0 1
/m/01g0jn /base/popstra/celebrity/dated./base/popstra/dated/participant /m/01yf85 1 1 1 1 1 1
/m/01kgxf /base/popstra/celebrity/dated./base/popstra/dated/participant /m/0993r 3 1 1 1 0 1
/m/015dcj /base/popstra/celebrity/dated./base/popstra/dated/participant /m/033p3_ 1 1 1 1 1 1
/m/043zg /base/popstra/celebrity/dated./base/popstra/dated/participant /m/0151w_ 1 1 1 1 1 1
/m/026c1 /base/popstra/celebrity/dated./base/popstra/dated/participant /m/02zrv7 1 1 1 1 1 1
/m/0137g1 /base/popstra/celebrity/dated./base/popstra/dated/participant /m/086sj 2 1 1 1 0 1
/m/0bdt8 /base/popstra/celebrity/dated./base/popstra/dated/participant /m/0c2tf 7549 7548 0 0 0 0
/m/02fybl /base/popstra/celebrity/dated./base/popstra/dated/participant /m/01pgzn_ 4 1 1 1 0 1
/m/0pz91 /base/popstra/celebrity/dated./base/popstra/dated/participant /m/02g0mx 2 1 1 1 0 1
/m/01n4f8 /base/popstra/celebrity/dated./base/popstra/dated/participant /m/0c3jz 1 1 1 1 1 1
/m/01vw20h /base/popstra/celebrity/dated./base/popstra/dated/participant /m/02_hj4 2 1 1 1 0 1
/m/04fzk /base/popstra/celebrity/dated./base/popstra/dated/participant /m/01kgv4 2 1 1 1 0 1
/m/019n7x /base/popstra/celebrity/dated./base/popstra/dated/participant /m/032wdd 1 1 1 1 1 1
/m/04cr6qv /base/popstra/celebrity/dated./base/popstra/dated/participant /m/0dl567 1 1 1 1 1 1
/m/07b2lv /base/popstra/celebrity/dated./base/popstra/dated/participant /m/01vv6xv 1 1 1 1 1 1
/m/01sbhvd /base/popstra/celebrity/dated./base/popstra/dated/participant /m/049qx 1 1 1 1 1 1
/m/046zh /base/popstra/celebrity/dated./base/popstra/dated/participant /m/03061d 1 1 1 1 1 1
/m/030hbp /base/popstra/celebrity/dated./base/popstra/dated/participant /m/08664q 1 1 1 1 1 1
/m/0gs6vr /base/popstra/celebrity/dated./base/popstra/dated/participant /m/04f7c55 1 1 1 1 1 1
/m/01k8rb /base/popstra/celebrity/dated./base/popstra/dated/participant /m/08yx9q 1 1 1 1 1 1
/m/026c1 /base/popstra/celebrity/dated./base/popstra/dated/participant /m/016vg8 14274 14272 0 0 0 0
/m/01515w /base/popstra/celebrity/dated./base/popstra/dated/participant /m/06x58 2 1 1 1 0 1
/m/06rgq /base/popstra/celebrity/dated./base/popstra/dated/participant /m/01q_ph 1 1 1 1 1 1
/m/01nfys /base/popstra/celebrity/dated./base/popstra/dated/participant /m/01w02sy 1 1 1 1 1 1
/m/0bmh4 /base/popstra/celebrity/dated./base/popstra/dated/participant /m/0gm34 1 1 1 1 1 1
/m/0693l /base/popstra/celebrity/dated./base/popstra/dated/participant /m/02f2dn 1 1 1 1 1 1
/m/02ts3h /base/popstra/celebrity/dated./base/popstra/dated/participant /m/06s7rd 1 1 1 1 1 1
/m/01vs_v8 /base/popstra/celebrity/dated./base/popstra/dated/participant /m/016_mj 1 1 1 1 1 1
/m/01hcj2 /base/popstra/celebrity/dated./base/popstra/dated/participant /m/0c6qh 7 2 1 1 0 0
/m/016h4r /base/popstra/celebrity/dated./base/popstra/dated/participant /m/01817f 2 1 1 1 0 1
/m/0lx2l /base/popstra/celebrity/dated./base/popstra/dated/participant /m/03v1jf 8929 8928 0 0 0 0
/m/01vvycq /base/popstra/celebrity/dated./base/popstra/dated/participant /m/01vzxld 1 1 1 1 1 1
/m/06fc0b /base/popstra/celebrity/dated./base/popstra/dated/participant /m/01pgzn_ 2 1 1 1 0 1
/m/078jnn /base/popstra/celebrity/dated./base/popstra/dated/participant /m/015pkc 4 1 1 1 0 1
/m/02qx69 /base/popstra/celebrity/dated./base/popstra/dated/participant /m/0479b 1 1 1 1 1 1
/m/023w9s /base/popstra/celebrity/dated./base/popstra/dated/participant /m/0c2ry 1 1 1 1 1 1
/m/02ts3h /base/popstra/celebrity/dated./base/popstra/dated/participant /m/01vvyc_ 1 1 1 1 1 1
/m/04fzk /base/popstra/celebrity/dated./base/popstra/dated/participant /m/07cjqy 2 1 1 1 0 1
/m/01p85y /base/popstra/celebrity/dated./base/popstra/dated/participant /m/0h7pj 2 1 1 1 0 1
/m/01j5ws /base/popstra/celebrity/dated./base/popstra/dated/participant /m/0gx_p 1 1 1 1 1 1
/m/02js6_ /base/popstra/celebrity/dated./base/popstra/dated/participant /m/0n6f8 1 1 1 1 1 1
/m/01yf85 /base/popstra/celebrity/dated./base/popstra/dated/participant /m/0gy6z9 1 1 1 1 1 1
/m/06mfvc /base/popstra/celebrity/dated./base/popstra/dated/participant /m/04fzk 13384 13378 0 0 0 0
/m/032w8h /base/popstra/celebrity/dated./base/popstra/dated/participant /m/0j5q3 1 1 1 1 1 1
/m/01pgzn_ /base/popstra/celebrity/dated./base/popstra/dated/participant /m/0dvmd 5 2 1 1 0 0
/m/01gkmx /base/popstra/celebrity/dated./base/popstra/dated/participant /m/01pgk0 1 1 1 1 1 1
/m/0b_4z /base/popstra/celebrity/dated./base/popstra/dated/participant /m/02jq1 1 1 1 1 1 1
/m/030hcs /base/popstra/celebrity/dated./base/popstra/dated/participant /m/030hbp 1 1 1 1 1 1
/m/01dvms /base/popstra/celebrity/dated./base/popstra/dated/participant /m/0c2tf 1 1 1 1 1 1
/m/01vtj38 /base/popstra/celebrity/dated./base/popstra/dated/participant /m/03f1zhf 1 1 1 1 1 1
/m/02mjf2 /base/popstra/celebrity/dated./base/popstra/dated/participant /m/0btxr 1 1 1 1 1 1
/m/0456xp /base/popstra/celebrity/dated./base/popstra/dated/participant /m/01r93l 1 1 1 1 1 1
/m/01gbbz /base/popstra/celebrity/dated./base/popstra/dated/participant /m/01pcz9 1 1 1 1 1 1
/m/0cbkc /base/popstra/celebrity/dated./base/popstra/dated/participant /m/0187y5 1 1 1 1 1 1
/m/023s8 /base/popstra/celebrity/dated./base/popstra/dated/participant /m/01j2xj 2 1 1 1 0 1
/m/02nwxc /base/popstra/celebrity/dated./base/popstra/dated/participant /m/05myd2 1 1 1 1 1 1
/m/0134w7 /base/popstra/celebrity/dated./base/popstra/dated/participant /m/013_vh 1 1 1 1 1 1
/m/01934k /base/popstra/celebrity/dated./base/popstra/dated/participant /m/0f2df 1 1 1 1 1 1
/m/0p_47 /base/popstra/celebrity/dated./base/popstra/dated/participant /m/01pcdn 1 1 1 1 1 1
/m/0hnp7 /base/popstra/celebrity/dated./base/popstra/dated/participant /m/02c7lt 1 1 1 1 1 1
/m/0gx_p /base/popstra/celebrity/dated./base/popstra/dated/participant /m/02_340 1 1 1 1 1 1
/m/0gs6vr /base/popstra/celebrity/dated./base/popstra/dated/participant /m/0dxmyh 1 1 1 1 1 1
/m/01pcrw /base/popstra/celebrity/dated./base/popstra/dated/participant /m/01trhmt 1 1 1 1 1 1
/m/0hz_1 /base/popstra/celebrity/dated./base/popstra/dated/participant /m/0m66w 2 1 1 1 0 1
/m/01jb26 /base/popstra/celebrity/dated./base/popstra/dated/participant /m/026r8q 6824 6820 0 0 0 0
/m/01pw2f1 /base/popstra/celebrity/dated./base/popstra/dated/participant /m/0gy6z9 1 1 1 1 1 1
/m/01_ztw /base/popstra/celebrity/dated./base/popstra/dated/participant /m/0167v4 1 1 1 1 1 1
/m/016vg8 /base/popstra/celebrity/dated./base/popstra/dated/participant /m/0mdyn 1 1 1 1 1 1
/m/05gnf9 /base/popstra/celebrity/dated./base/popstra/dated/participant /m/0btxr 1 1 1 1 1 1
/m/01pcvn /base/popstra/celebrity/dated./base/popstra/dated/participant /m/01j5x6 2 1 1 1 0 1
/m/03h502k /base/popstra/celebrity/dated./base/popstra/dated/participant /m/01m4yn 2 1 1 1 0 1
/m/01n5309 /base/popstra/celebrity/dated./base/popstra/dated/participant /m/02qx69 1 1 1 1 1 1
/m/0436kgz /base/popstra/celebrity/dated./base/popstra/dated/participant /m/0f4vbz 3 1 1 1 0 1
/m/07ldhs /base/popstra/celebrity/dated./base/popstra/dated/participant /m/0bdxs5 1 1 1 1 1 1
/m/02lyx4 /base/popstra/celebrity/dated./base/popstra/dated/participant /m/013qvn 1 1 1 1 1 1
/m/01vwllw /base/popstra/celebrity/dated./base/popstra/dated/participant /m/016fjj 6162 6161 0 0 0 0
/m/03lq43 /base/popstra/celebrity/dated./base/popstra/dated/participant /m/01j5x6 2 1 1 1 0 1
/m/0127s7 /base/popstra/celebrity/dated./base/popstra/dated/participant /m/09qr6 2 1 1 1 0 1
/m/01hkhq /base/popstra/celebrity/dated./base/popstra/dated/participant /m/0h5g_ 1 1 1 1 1 1
/m/017m2y /base/popstra/celebrity/dated./base/popstra/dated/participant /m/037gjc 0 0 0 0
/m/0227vl /base/popstra/celebrity/dated./base/popstra/dated/participant /m/026_dq6 2 1 1 1 0 1
/m/05hdf /base/popstra/celebrity/dated./base/popstra/dated/participant /m/01ggc9 1 1 1 1 1 1
/m/02vntj /base/popstra/celebrity/dated./base/popstra/dated/participant /m/02tc5y 7127 7126 0 0 0 0
/m/04bdqk /base/popstra/celebrity/dated./base/popstra/dated/participant /m/01p47r 2 1 1 1 0 1
/m/063vn /base/popstra/celebrity/dated./base/popstra/dated/participant /m/03f2_rc 1 1 1 1 1 1
/m/04fzk /base/popstra/celebrity/dated./base/popstra/dated/participant /m/06mfvc 9638 9637 0 0 0 0
/m/01q_ph /base/popstra/celebrity/dated./base/popstra/dated/participant /m/01l1hr 1 1 1 1 1 1
/m/01j4ls /base/popstra/celebrity/dated./base/popstra/dated/participant /m/02lnhv 1 1 1 1 1 1
/m/018fmr /base/popstra/celebrity/dated./base/popstra/dated/participant /m/022q4j 1 1 1 1 1 1
/m/014zcr /base/popstra/celebrity/dated./base/popstra/dated/participant /m/01n7qlf 1 1 1 1 1 1
/m/016tbr /base/popstra/celebrity/dated./base/popstra/dated/participant /m/032wdd 2 1 1 1 0 1
/m/01lbp /base/popstra/celebrity/dated./base/popstra/dated/participant /m/025n3p 1 1 1 1 1 1
/m/01mqc_ /base/popstra/celebrity/dated./base/popstra/dated/participant /m/023tp8 1 1 1 1 1 1
/m/05ry0p /base/popstra/celebrity/dated./base/popstra/dated/participant /m/01wy5m 1 1 1 1 1 1
/m/01vvb4m /base/popstra/celebrity/dated./base/popstra/dated/participant /m/01skmp 1 1 1 1 1 1
/m/018ygt /base/popstra/celebrity/dated./base/popstra/dated/participant /m/02f8lw 2 1 1 1 0 1
/m/0btpx /base/popstra/celebrity/dated./base/popstra/dated/participant /m/016sp_ 1 1 1 1 1 1
/m/0169dl /base/popstra/celebrity/dated./base/popstra/dated/participant /m/0dn3n 2 1 1 1 0 1
/m/0f4vbz /base/popstra/celebrity/dated./base/popstra/dated/participant /m/02t__3 2 1 1 1 0 1
/m/0bw87 /base/popstra/celebrity/dated./base/popstra/dated/participant /m/0gmtm 1 1 1 1 1 1
/m/016z2j /base/popstra/celebrity/dated./base/popstra/dated/participant /m/01j851 12682 12681 0 0 0 0
/m/01pgk0 /base/popstra/celebrity/dated./base/popstra/dated/participant /m/02hhtj 5 1 1 1 0 1
/m/02jtjz /base/popstra/celebrity/dated./base/popstra/dated/participant /m/01kgv4 4 1 1 1 0 1
/m/01vs_v8 /base/popstra/celebrity/dated./base/popstra/dated/participant /m/01ztgm 2 1 1 1 0 1
/m/01lbp /base/popstra/celebrity/dated./base/popstra/dated/participant /m/0dvmd 3 1 1 1 0 1
/m/0btyl /base/popstra/celebrity/dated./base/popstra/dated/participant /m/044kwr 1 1 1 1 1 1
/m/06p03s /base/popstra/celebrity/dated./base/popstra/dated/participant /m/01y_px 1 1 1 1 1 1
/m/0lx2l /base/popstra/celebrity/dated./base/popstra/dated/participant /m/02t_99 1 1 1 1 1 1
/m/02p21g /base/popstra/celebrity/dated./base/popstra/dated/participant /m/0693l 1 1 1 1 1 1
/m/033hqf /base/popstra/celebrity/dated./base/popstra/dated/participant /m/01ty7ll 1 1 1 1 1 1
/m/0168dy /base/popstra/celebrity/dated./base/popstra/dated/participant /m/01vsgrn 1 1 1 1 1 1
/m/01p47r /base/popstra/celebrity/dated./base/popstra/dated/participant /m/05r5w 4 1 1 1 0 1
/m/0dvmd /base/popstra/celebrity/dated./base/popstra/dated/participant /m/01pgzn_ 8 4 1 1 0 0
/m/0dn3n /base/popstra/celebrity/dated./base/popstra/dated/participant /m/03c6v3 1 1 1 1 1 1
/m/01jbx1 /base/popstra/celebrity/dated./base/popstra/dated/participant /m/0147dk 1 1 1 1 1 1
/m/02hy9p /base/popstra/celebrity/dated./base/popstra/dated/participant /m/0btyl 1 1 1 1 1 1
/m/049qx /base/popstra/celebrity/dated./base/popstra/dated/participant /m/0161sp 2 1 1 1 0 1
/m/01pqy_ /base/popstra/celebrity/dated./base/popstra/dated/participant /m/014zcr 3 1 1 1 0 1
/m/01pgk0 /base/popstra/celebrity/dated./base/popstra/dated/participant /m/01s21dg 2 1 1 1 0 1
/m/0zjpz /base/popstra/celebrity/dated./base/popstra/dated/participant /m/01vtj38 3 1 1 1 0 1
/m/04fzk /base/popstra/celebrity/dated./base/popstra/dated/participant /m/015pkc 5 1 1 1 0 1
/m/0fb1q /base/popstra/celebrity/dated./base/popstra/dated/participant /m/03mg35 1 1 1 1 1 1
/m/016vg8 /base/popstra/celebrity/dated./base/popstra/dated/participant /m/026c1 10770 10766 0 0 0 0
/m/01hxs4 /base/popstra/celebrity/dated./base/popstra/dated/participant /m/0dn3n 2 1 1 1 0 1
/m/0cbkc /base/popstra/celebrity/dated./base/popstra/dated/participant /m/015gjr 1 1 1 1 1 1
/m/02tc5y /base/popstra/celebrity/dated./base/popstra/dated/participant /m/02vntj 12662 12661 0 0 0 0
/m/07ldhs /base/popstra/celebrity/dated./base/popstra/dated/participant /m/02bwjv 1 1 1 1 1 1
/m/01j5sd /base/popstra/celebrity/dated./base/popstra/dated/participant /m/01pcrw 1 1 1 1 1 1
/m/01d0fp /base/popstra/celebrity/dated./base/popstra/dated/participant /m/06s26c 1 1 1 1 1 1
/m/07q0g5 /base/popstra/celebrity/dated./base/popstra/dated/participant /m/0382m4 1 1 1 1 1 1
/m/01q_ph /base/popstra/celebrity/dated./base/popstra/dated/participant /m/01g23m 1 1 1 1 1 1
/m/0159h6 /base/popstra/celebrity/dated./base/popstra/dated/participant /m/013pk3 1 1 1 1 1 1
/m/01w1kyf /base/popstra/celebrity/dated./base/popstra/dated/participant /m/01syr4 1 1 1 1 1 1
/m/02p68d /base/popstra/celebrity/dated./base/popstra/dated/participant /m/05r5w 4 1 1 1 0 1
/m/01gkmx /base/popstra/celebrity/dated./base/popstra/dated/participant /m/01x72k 1 1 1 1 1 1
/m/0gyx4 /base/popstra/celebrity/dated./base/popstra/dated/participant /m/02g0rb 2 1 1 1 0 1
