/m/01yx7f /base/schemastaging/organization_extra/phone_number./base/schemastaging/phone_sandbox/contact_category /m/03w5xm 100 35 0 0 0 0
/m/0dn_w /base/schemastaging/organization_extra/phone_number./base/schemastaging/phone_sandbox/contact_category /m/03w5xm 154 79 0 0 0 0
/m/07y2s /base/schemastaging/organization_extra/phone_number./base/schemastaging/phone_sandbox/contact_category /m/014dgf 6 1 1 1 0 1
/m/01bvx1 /base/schemastaging/organization_extra/phone_number./base/schemastaging/phone_sandbox/contact_category /m/02zdwq 104 74 0 0 0 0
/m/04fv0k /base/schemastaging/organization_extra/phone_number./base/schemastaging/phone_sandbox/contact_category /m/03w5xm 38 1 0 1 0 1
/m/05b5c /base/schemastaging/organization_extra/phone_number./base/schemastaging/phone_sandbox/contact_category /m/03w5xm 33 1 0 1 0 1
/m/01pq4w /base/schemastaging/organization_extra/phone_number./base/schemastaging/phone_sandbox/contact_category /m/02zdwq 160 128 0 0 0 0
/m/06p8m /base/schemastaging/organization_extra/phone_number./base/schemastaging/phone_sandbox/contact_category /m/03w5xm 74 14 0 0 0 0
/m/05w3y /base/schemastaging/organization_extra/phone_number./base/schemastaging/phone_sandbox/contact_category /m/03w5xm 59 9 0 1 0 0
/m/016tt2 /base/schemastaging/organization_extra/phone_number./base/schemastaging/phone_sandbox/contact_category /m/03w5xm 152 77 0 0 0 0
/m/02lv2v /base/schemastaging/organization_extra/phone_number./base/schemastaging/phone_sandbox/contact_category /m/02zdwq 183 150 0 0 0 0
/m/0bwfn /base/schemastaging/organization_extra/phone_number./base/schemastaging/phone_sandbox/contact_category /m/03w5xm 97 33 0 0 0 0
/m/02slt7 /base/schemastaging/organization_extra/phone_number./base/schemastaging/phone_sandbox/contact_category /m/02zdwq 53 33 0 0 0 0
/m/0168nq /base/schemastaging/organization_extra/phone_number./base/schemastaging/phone_sandbox/contact_category /m/03w5xm 46 4 0 1 0 0
/m/0dmtp /base/schemastaging/organization_extra/phone_number./base/schemastaging/phone_sandbox/contact_category /m/03w5xm 67 12 0 0 0 0
/m/0gy1_ /base/schemastaging/organization_extra/phone_number./base/schemastaging/phone_sandbox/contact_category /m/03w5xm 57 9 0 1 0 0
/m/0hkqn /base/schemastaging/organization_extra/phone_number./base/schemastaging/phone_sandbox/contact_category /m/02zdwq 113 82 0 0 0 0
/m/02vk52z /base/schemastaging/organization_extra/phone_number./base/schemastaging/phone_sandbox/contact_category /m/03w5xm 49 5 0 1 0 0
/m/05w3y /base/schemastaging/organization_extra/phone_number./base/schemastaging/phone_sandbox/contact_category /m/02zdwq 76 50 0 0 0 0
/m/058j2 /base/schemastaging/organization_extra/phone_number./base/schemastaging/phone_sandbox/contact_category /m/03w5xm 130 59 0 0 0 0
