/m/02d02 /baseball/baseball_team/current_roster./baseball/baseball_roster_position/position /m/028c_8 26 1 0 1 0 1
/m/0x2p /baseball/baseball_team/current_roster./baseball/baseball_roster_position/position /m/02dwn9 8 2 1 1 0 0
/m/07l8x /baseball/baseball_team/current_roster./baseball/baseball_roster_position/position /m/02dwn9 9 2 1 1 0 0
/m/0713r /baseball/baseball_team/current_roster./baseball/baseball_roster_position/position /m/01z9v6 29 1 0 1 0 1
/m/04mjl /baseball/baseball_team/current_roster./baseball/baseball_roster_position/position /m/01z9v6 30 1 0 1 0 1
/m/03lpp_ /baseball/baseball_team/current_roster./baseball/baseball_roster_position/position /m/02lyr4 33 3 0 1 0 0
/m/04wmvz /baseball/baseball_team/current_roster./baseball/baseball_roster_position/position /m/028c_8 27 1 0 1 0 1
/m/01yjl /baseball/baseball_team/current_roster./baseball/baseball_roster_position/position /m/02lyr4 21 1 0 1 0 1
/m/061xq /baseball/baseball_team/current_roster./baseball/baseball_roster_position/position /m/028c_8 24 1 0 1 0 1
/m/049n7 /baseball/baseball_team/current_roster./baseball/baseball_roster_position/position /m/02lyr4 19 1 0 1 0 1
/m/01v3x8 /baseball/baseball_team/current_roster./baseball/baseball_roster_position/position /m/01z9v6 37 3 0 1 0 0
/m/01ypc /baseball/baseball_team/current_roster./baseball/baseball_roster_position/position /m/02wszf 30 1 0 1 0 1
/m/02d02 /baseball/baseball_team/current_roster./baseball/baseball_roster_position/position /m/01z9v6 22 1 0 1 0 1
/m/01v3x8 /baseball/baseball_team/current_roster./baseball/baseball_roster_position/position /m/02lyr4 31 3 0 1 0 0
/m/05m_8 /baseball/baseball_team/current_roster./baseball/baseball_roster_position/position /m/028c_8 20 1 0 1 0 1
/m/02h8p8 /baseball/baseball_team/current_roster./baseball/baseball_roster_position/position /m/02lyr4 36 3 0 1 0 0
/m/0x2p /baseball/baseball_team/current_roster./baseball/baseball_roster_position/position /m/02rsl1 5 1 1 1 0 1
/m/01v3x8 /baseball/baseball_team/current_roster./baseball/baseball_roster_position/position /m/028c_8 33 2 0 1 0 0
/m/0713r /baseball/baseball_team/current_roster./baseball/baseball_roster_position/position /m/017drs 2 1 1 1 0 1
/m/0713r /baseball/baseball_team/current_roster./baseball/baseball_roster_position/position /m/02wszf 37 1 0 1 0 1
/m/0713r /baseball/baseball_team/current_roster./baseball/baseball_roster_position/position /m/02dwn9 8 2 1 1 0 0
