/m/02sf_r /basketball/basketball_position/player_roster_position./sports/sports_team_roster/team /m/0jm2v 6 1 1 1 0 1
/m/02sf_r /basketball/basketball_position/player_roster_position./sports/sports_team_roster/team /m/0jm3b 3 1 1 1 0 1
/m/0ctt4z /basketball/basketball_position/player_roster_position./sports/sports_team_roster/team /m/02pqcfz 4 1 1 1 0 1
/m/0ctt4z /basketball/basketball_position/player_roster_position./sports/sports_team_roster/team /m/0jm3v 6 1 1 1 0 1
/m/02_ssl /basketball/basketball_position/player_roster_position./sports/sports_team_roster/team /m/02ptzz0 2 1 1 1 0 1
/m/01pv51 /basketball/basketball_position/player_roster_position./sports/sports_team_roster/team /m/0bwjj 6 1 1 1 0 1
/m/01pv51 /basketball/basketball_position/player_roster_position./sports/sports_team_roster/team /m/0jm64 5 1 1 1 0 1
/m/0ctt4z /basketball/basketball_position/player_roster_position./sports/sports_team_roster/team /m/0jm7n 6 1 1 1 0 1
/m/02_ssl /basketball/basketball_position/player_roster_position./sports/sports_team_roster/team /m/0jmdb 4 1 1 1 0 1
/m/02sf_r /basketball/basketball_position/player_roster_position./sports/sports_team_roster/team /m/0jmj7 6 1 1 1 0 1
/m/02sf_r /basketball/basketball_position/player_roster_position./sports/sports_team_roster/team /m/0jm74 4 1 1 1 0 1
/m/0ctt4z /basketball/basketball_position/player_roster_position./sports/sports_team_roster/team /m/01jvgt 2 1 1 1 0 1
/m/02_ssl /basketball/basketball_position/player_roster_position./sports/sports_team_roster/team /m/0jmbv 4 1 1 1 0 1
/m/03558l /basketball/basketball_position/player_roster_position./sports/sports_team_roster/team /m/0jm8l 5 1 1 1 0 1
/m/03558l /basketball/basketball_position/player_roster_position./sports/sports_team_roster/team /m/02py8_w 3 1 1 1 0 1
/m/03558l /basketball/basketball_position/player_roster_position./sports/sports_team_roster/team /m/0jmfv 4 1 1 1 0 1
/m/02_ssl /basketball/basketball_position/player_roster_position./sports/sports_team_roster/team /m/0jm7n 5 1 1 1 0 1
/m/01pv51 /basketball/basketball_position/player_roster_position./sports/sports_team_roster/team /m/0jm2v 7 1 1 1 0 1
/m/02_ssl /basketball/basketball_position/player_roster_position./sports/sports_team_roster/team /m/01jvgt 1 1 1 1 1 1
/m/0355dz /basketball/basketball_position/player_roster_position./sports/sports_team_roster/team /m/0jm6n 4 1 1 1 0 1
/m/02_ssl /basketball/basketball_position/player_roster_position./sports/sports_team_roster/team /m/0jmmn 5 1 1 1 0 1
/m/0355dz /basketball/basketball_position/player_roster_position./sports/sports_team_roster/team /m/02ptzz0 1 1 1 1 1 1
/m/02_ssl /basketball/basketball_position/player_roster_position./sports/sports_team_roster/team /m/0jmgb 4 1 1 1 0 1
/m/03558l /basketball/basketball_position/player_roster_position./sports/sports_team_roster/team /m/0jmcb 4 1 1 1 0 1
