/m/060ppp /business/business_operation/assets./measurement_unit/dated_money_value/currency /m/09nqf 84 1 0 1 0 1
/m/016w7b /business/business_operation/assets./measurement_unit/dated_money_value/currency /m/09nqf 103 2 0 1 0 0
/m/02m0sc /business/business_operation/assets./measurement_unit/dated_money_value/currency /m/09nqf 101 2 0 1 0 0
/m/030w19 /business/business_operation/assets./measurement_unit/dated_money_value/currency /m/09nqf 109 3 0 1 0 0
/m/06nvzg /business/business_operation/assets./measurement_unit/dated_money_value/currency /m/09nqf 122 5 0 1 0 0
/m/03_fmr /business/business_operation/assets./measurement_unit/dated_money_value/currency /m/09nqf 115 3 0 1 0 0
/m/03fmfs /business/business_operation/assets./measurement_unit/dated_money_value/currency /m/09nqf 133 5 0 1 0 0
/m/03205_ /business/business_operation/assets./measurement_unit/dated_money_value/currency /m/09nqf 98 2 0 1 0 0
/m/03p7gb /business/business_operation/assets./measurement_unit/dated_money_value/currency /m/09nqf 119 4 0 1 0 0
/m/01b7lc /business/business_operation/assets./measurement_unit/dated_money_value/currency /m/09nqf 99 2 0 1 0 0
/m/02qw_v /business/business_operation/assets./measurement_unit/dated_money_value/currency /m/09nqf 105 2 0 1 0 0
/m/0lwkh /business/business_operation/assets./measurement_unit/dated_money_value/currency /m/09nqf 66 1 0 1 0 1
/m/01xk7r /business/business_operation/assets./measurement_unit/dated_money_value/currency /m/09nqf 121 5 0 1 0 0
/m/01dq5z /business/business_operation/assets./measurement_unit/dated_money_value/currency /m/09nqf 100 2 0 1 0 0
/m/02h659 /business/business_operation/assets./measurement_unit/dated_money_value/currency /m/09nqf 94 2 0 1 0 0
/m/02897w /business/business_operation/assets./measurement_unit/dated_money_value/currency /m/09nqf 112 3 0 1 0 0
/m/01hjy5 /business/business_operation/assets./measurement_unit/dated_money_value/currency /m/09nqf 96 2 0 1 0 0
/m/05nrkb /business/business_operation/assets./measurement_unit/dated_money_value/currency /m/09nqf 175 40 0 0 0 0
/m/0k9ts /business/business_operation/assets./measurement_unit/dated_money_value/currency /m/09nqf 64 1 0 1 0 1
/m/01hlwv /business/business_operation/assets./measurement_unit/dated_money_value/currency /m/09nqf 64 1 0 1 0 1
/m/04rwx /business/business_operation/assets./measurement_unit/dated_money_value/currency /m/09nqf 106 2 0 1 0 0
/m/01c333 /business/business_operation/assets./measurement_unit/dated_money_value/currency /m/09nqf 132 5 0 1 0 0
/m/03xsby /business/business_operation/assets./measurement_unit/dated_money_value/currency /m/09nqf 76 1 0 1 0 1
/m/019_6d /business/business_operation/assets./measurement_unit/dated_money_value/currency /m/09nqf 118 4 0 1 0 0
/m/06jk5_ /business/business_operation/assets./measurement_unit/dated_money_value/currency /m/09nqf 131 5 0 1 0 0
/m/01r3kd /business/business_operation/assets./measurement_unit/dated_money_value/currency /m/09nqf 127 5 0 1 0 0
