/m/01tj34 /celebrities/celebrity/sexual_relationships./celebrities/romantic_relationship/celebrity /m/0gyx4 5 1 1 1 0 1
/m/01vs_v8 /celebrities/celebrity/sexual_relationships./celebrities/romantic_relationship/celebrity /m/01ztgm 1 1 1 1 1 1
/m/0gyx4 /celebrities/celebrity/sexual_relationships./celebrities/romantic_relationship/celebrity /m/0h1mt 1 1 1 1 1 1
/m/0bq2g /celebrities/celebrity/sexual_relationships./celebrities/romantic_relationship/celebrity /m/0c6qh 3 1 1 1 0 1
/m/07r1h /celebrities/celebrity/sexual_relationships./celebrities/romantic_relationship/celebrity /m/01vtj38 1 1 1 1 1 1
/m/0gy6z9 /celebrities/celebrity/sexual_relationships./celebrities/romantic_relationship/celebrity /m/086sj 9 1 1 1 0 1
/m/015f7 /celebrities/celebrity/sexual_relationships./celebrities/romantic_relationship/celebrity /m/0j1yf 3 1 1 1 0 1
/m/01w7nwm /celebrities/celebrity/sexual_relationships./celebrities/romantic_relationship/celebrity /m/015z4j 2 1 1 1 0 1
/m/01r93l /celebrities/celebrity/sexual_relationships./celebrities/romantic_relationship/celebrity /m/0456xp 1 1 1 1 1 1
/m/02_01w /celebrities/celebrity/sexual_relationships./celebrities/romantic_relationship/celebrity /m/08b8vd 1 1 1 1 1 1
/m/023s8 /celebrities/celebrity/sexual_relationships./celebrities/romantic_relationship/celebrity /m/0mdqp 1 1 1 1 1 1
/m/01g23m /celebrities/celebrity/sexual_relationships./celebrities/romantic_relationship/celebrity /m/01q_ph 1 1 1 1 1 1
/m/0mdqp /celebrities/celebrity/sexual_relationships./celebrities/romantic_relationship/celebrity /m/015p37 1 1 1 1 1 1
/m/0lx2l /celebrities/celebrity/sexual_relationships./celebrities/romantic_relationship/celebrity /m/02t_99 1 1 1 1 1 1
/m/070yzk /celebrities/celebrity/sexual_relationships./celebrities/romantic_relationship/celebrity /m/09yrh 2 1 1 1 0 1
/m/01tfck /celebrities/celebrity/sexual_relationships./celebrities/romantic_relationship/celebrity /m/046zh 1 1 1 1 1 1
/m/02114t /celebrities/celebrity/sexual_relationships./celebrities/romantic_relationship/celebrity /m/01g0jn 1 1 1 1 1 1
/m/0bdxs5 /celebrities/celebrity/sexual_relationships./celebrities/romantic_relationship/celebrity /m/04f7c55 1 1 1 1 1 1
/m/01vzxmq /celebrities/celebrity/sexual_relationships./celebrities/romantic_relationship/celebrity /m/01_p6t 1 1 1 1 1 1
/m/086sj /celebrities/celebrity/sexual_relationships./celebrities/romantic_relationship/celebrity /m/0jfx1 3 2 1 1 0 0
/m/02114t /celebrities/celebrity/sexual_relationships./celebrities/romantic_relationship/celebrity /m/01kgv4 1 1 1 1 1 1
/m/01gq0b /celebrities/celebrity/sexual_relationships./celebrities/romantic_relationship/celebrity /m/02tc5y 1 1 1 1 1 1
/m/03xmy1 /celebrities/celebrity/sexual_relationships./celebrities/romantic_relationship/celebrity /m/0tc7 1 1 1 1 1 1
