/m/01r4k /education/field_of_study/students_majoring./education/education/institution /m/02pptm 5 1 1 1 0 1
/m/01mkq /education/field_of_study/students_majoring./education/education/institution /m/07wjk 18 1 0 1 0 1
/m/05qfh /education/field_of_study/students_majoring./education/education/institution /m/06bw5 3 1 1 1 0 1
/m/0fdys /education/field_of_study/students_majoring./education/education/institution /m/01k2wn 9 1 1 1 0 1
/m/09s1f /education/field_of_study/students_majoring./education/education/institution /m/02zd2b 2 1 1 1 0 1
/m/03g3w /education/field_of_study/students_majoring./education/education/institution /m/03qdm 3 1 1 1 0 1
/m/0g26h /education/field_of_study/students_majoring./education/education/institution /m/02q253 3 1 1 1 0 1
/m/04rjg /education/field_of_study/students_majoring./education/education/institution /m/01q7q2 9 1 1 1 0 1
/m/04rjg /education/field_of_study/students_majoring./education/education/institution /m/01c333 3 1 1 1 0 1
/m/01lj9 /education/field_of_study/students_majoring./education/education/institution /m/021996 13 1 0 1 0 1
/m/02822 /education/field_of_study/students_majoring./education/education/institution /m/0g8rj 14 1 0 1 0 1
/m/011s0 /education/field_of_study/students_majoring./education/education/institution /m/02yr1q 4 1 1 1 0 1
/m/06ms6 /education/field_of_study/students_majoring./education/education/institution /m/0bx8pn 19 8 0 1 0 0
/m/02lp1 /education/field_of_study/students_majoring./education/education/institution /m/07vfj 12 2 0 1 0 0
/m/01r4k /education/field_of_study/students_majoring./education/education/institution /m/012gyf 2 1 1 1 0 1
/m/036hv /education/field_of_study/students_majoring./education/education/institution /m/0ymbl 2 1 1 1 0 1
/m/05qfh /education/field_of_study/students_majoring./education/education/institution /m/033q4k 1 1 1 1 1 1
/m/03g3w /education/field_of_study/students_majoring./education/education/institution /m/01l8t8 7 1 1 1 0 1
/m/0g26h /education/field_of_study/students_majoring./education/education/institution /m/01qgr3 11 4 0 1 0 0
/m/02stgt /education/field_of_study/students_majoring./education/education/institution /m/01_f90 1 1 1 1 1 1
/m/0w7c /education/field_of_study/students_majoring./education/education/institution /m/033gn8 1 1 1 1 1 1
/m/0l5mz /education/field_of_study/students_majoring./education/education/institution /m/05d9y_ 1 1 1 1 1 1
/m/04gb7 /education/field_of_study/students_majoring./education/education/institution /m/01_qgp 8 1 1 1 0 1
/m/0pf2 /education/field_of_study/students_majoring./education/education/institution /m/02sjgpq 11 1 0 1 0 1
/m/01r4k /education/field_of_study/students_majoring./education/education/institution /m/01jsn5 7 1 1 1 0 1
/m/01mkq /education/field_of_study/students_majoring./education/education/institution /m/02hp70 6 1 1 1 0 1
/m/01bt59 /education/field_of_study/students_majoring./education/education/institution /m/049dk 6 1 1 1 0 1
/m/01zc2w /education/field_of_study/students_majoring./education/education/institution /m/08815 20 1 0 1 0 1
/m/03g3w /education/field_of_study/students_majoring./education/education/institution /m/07tjf 2 1 1 1 0 1
/m/03g3w /education/field_of_study/students_majoring./education/education/institution /m/01w3v 9 1 1 1 0 1
/m/0g26h /education/field_of_study/students_majoring./education/education/institution /m/0k__z 10 1 1 1 0 1
/m/02stgt /education/field_of_study/students_majoring./education/education/institution /m/01_k7f 4 1 1 1 0 1
/m/0l5mz /education/field_of_study/students_majoring./education/education/institution /m/0kw4j 5 1 1 1 0 1
/m/02j62 /education/field_of_study/students_majoring./education/education/institution /m/07tgn 17 1 0 1 0 1
/m/037mh8 /education/field_of_study/students_majoring./education/education/institution /m/0jhjl 2 1 1 1 0 1
/m/05qjt /education/field_of_study/students_majoring./education/education/institution /m/02hrb2 6 6 1 1 0 0
/m/01r4k /education/field_of_study/students_majoring./education/education/institution /m/02ln0f 4 1 1 1 0 1
/m/03nfmq /education/field_of_study/students_majoring./education/education/institution /m/02zd460 26 1 0 1 0 1
/m/02j62 /education/field_of_study/students_majoring./education/education/institution /m/07tg4 13 1 0 1 0 1
/m/01lj9 /education/field_of_study/students_majoring./education/education/institution /m/01q2sk 3 1 1 1 0 1
/m/05qjt /education/field_of_study/students_majoring./education/education/institution /m/09vzz 8 1 1 1 0 1
/m/06ms6 /education/field_of_study/students_majoring./education/education/institution /m/0c5x_ 4 1 1 1 0 1
/m/0g4gr /education/field_of_study/students_majoring./education/education/institution /m/0gl5_ 28 14 0 0 0 0
/m/01mkq /education/field_of_study/students_majoring./education/education/institution /m/0j_sncb 6 1 1 1 0 1
/m/01mkq /education/field_of_study/students_majoring./education/education/institution /m/07w4j 6 1 1 1 0 1
/m/01bt59 /education/field_of_study/students_majoring./education/education/institution /m/01qgr3 7 1 1 1 0 1
/m/05qfh /education/field_of_study/students_majoring./education/education/institution /m/07vhb 14 1 0 1 0 1
/m/0g26h /education/field_of_study/students_majoring./education/education/institution /m/0b1xl 3 1 1 1 0 1
/m/0w7c /education/field_of_study/students_majoring./education/education/institution /m/02fgdx 5 1 1 1 0 1
/m/02j62 /education/field_of_study/students_majoring./education/education/institution /m/01r3y2 9 1 1 1 0 1
/m/041y2 /education/field_of_study/students_majoring./education/education/institution /m/01jsn5 6 1 1 1 0 1
/m/037mh8 /education/field_of_study/students_majoring./education/education/institution /m/01y17m 6 1 1 1 0 1
/m/05qjt /education/field_of_study/students_majoring./education/education/institution /m/01wdj_ 11 4 0 1 0 0
/m/03r8gp /education/field_of_study/students_majoring./education/education/institution /m/02607j 2 1 1 1 0 1
/m/02jhc /education/field_of_study/students_majoring./education/education/institution /m/09vzz 9 1 1 1 0 1
/m/062z7 /education/field_of_study/students_majoring./education/education/institution /m/03tw2s 7 1 1 1 0 1
/m/0_jm /education/field_of_study/students_majoring./education/education/institution /m/078bz 20 9 0 1 0 0
/m/04x_3 /education/field_of_study/students_majoring./education/education/institution /m/07ccs 8 1 1 1 0 1
/m/0g26h /education/field_of_study/students_majoring./education/education/institution /m/04ftdq 7 5 1 1 0 0
/m/04rjg /education/field_of_study/students_majoring./education/education/institution /m/011kn2 3 1 1 1 0 1
/m/04rjg /education/field_of_study/students_majoring./education/education/institution /m/02h30z 2 1 1 1 0 1
/m/02j62 /education/field_of_study/students_majoring./education/education/institution /m/01jssp 14 2 0 1 0 0
/m/05qjt /education/field_of_study/students_majoring./education/education/institution /m/017cy9 12 1 0 1 0 1
/m/02lp1 /education/field_of_study/students_majoring./education/education/institution /m/01xvlc 8 6 1 1 0 0
/m/062z7 /education/field_of_study/students_majoring./education/education/institution /m/07tgn 18 1 0 1 0 1
/m/09s1f /education/field_of_study/students_majoring./education/education/institution /m/07ccs 6 1 1 1 0 1
/m/0193x /education/field_of_study/students_majoring./education/education/institution /m/07vfz 4 1 1 1 0 1
/m/02_7t /education/field_of_study/students_majoring./education/education/institution /m/02y9bj 3 1 1 1 0 1
/m/02jfc /education/field_of_study/students_majoring./education/education/institution /m/03tw2s 8 1 1 1 0 1
/m/02jfc /education/field_of_study/students_majoring./education/education/institution /m/09f2j 28 1 0 1 0 1
/m/04sh3 /education/field_of_study/students_majoring./education/education/institution /m/01qgr3 23 15 0 0 0 0
/m/02h40lc /education/field_of_study/students_majoring./education/education/institution /m/01j_cy 14 1 0 1 0 1
/m/04gb7 /education/field_of_study/students_majoring./education/education/institution /m/015cz0 11 1 0 1 0 1
/m/02lp1 /education/field_of_study/students_majoring./education/education/institution /m/0lyjf 3 1 1 1 0 1
/m/036nz /education/field_of_study/students_majoring./education/education/institution /m/05mv4 11 1 0 1 0 1
/m/05qfh /education/field_of_study/students_majoring./education/education/institution /m/01stzp 7 1 1 1 0 1
/m/06bvp /education/field_of_study/students_majoring./education/education/institution /m/03fgm 7 1 1 1 0 1
/m/040p_q /education/field_of_study/students_majoring./education/education/institution /m/05krk 13 1 0 1 0 1
/m/0l5mz /education/field_of_study/students_majoring./education/education/institution /m/0hsb3 6 1 1 1 0 1
/m/02_7t /education/field_of_study/students_majoring./education/education/institution /m/0k__z 9 1 1 1 0 1
/m/0mkz /education/field_of_study/students_majoring./education/education/institution /m/04rwx 20 1 0 1 0 1
/m/05qjt /education/field_of_study/students_majoring./education/education/institution /m/01g7_r 4 1 1 1 0 1
/m/01tbp /education/field_of_study/students_majoring./education/education/institution /m/0j_sncb 23 6 0 1 0 0
/m/01tbp /education/field_of_study/students_majoring./education/education/institution /m/01w3v 24 5 0 1 0 0
/m/02lp1 /education/field_of_study/students_majoring./education/education/institution /m/03tw2s 7 1 1 1 0 1
/m/06n6p /education/field_of_study/students_majoring./education/education/institution /m/01stzp 8 1 1 1 0 1
/m/01mkq /education/field_of_study/students_majoring./education/education/institution /m/01w5m 11 1 0 1 0 1
/m/04x_3 /education/field_of_study/students_majoring./education/education/institution /m/0g8rj 13 1 0 1 0 1
/m/04x_3 /education/field_of_study/students_majoring./education/education/institution /m/01w5m 15 1 0 1 0 1
/m/03nfmq /education/field_of_study/students_majoring./education/education/institution /m/01w3v 52 30 0 0 0 0
/m/0g26h /education/field_of_study/students_majoring./education/education/institution /m/015q1n 8 1 1 1 0 1
/m/0g26h /education/field_of_study/students_majoring./education/education/institution /m/0225v9 4 1 1 1 0 1
/m/0l5mz /education/field_of_study/students_majoring./education/education/institution /m/02ckl3 2 1 1 1 0 1
/m/02lp1 /education/field_of_study/students_majoring./education/education/institution /m/0lbfv 1 1 1 1 1 1
/m/02lp1 /education/field_of_study/students_majoring./education/education/institution /m/0cwx_ 12 1 0 1 0 1
/m/01r4k /education/field_of_study/students_majoring./education/education/institution /m/0160nk 7 1 1 1 0 1
/m/01mkq /education/field_of_study/students_majoring./education/education/institution /m/07tds 14 1 0 1 0 1
/m/01mkq /education/field_of_study/students_majoring./education/education/institution /m/08qnnv 6 1 1 1 0 1
/m/04x_3 /education/field_of_study/students_majoring./education/education/institution /m/01q0kg 9 1 1 1 0 1
/m/06b_j /education/field_of_study/students_majoring./education/education/institution /m/08qnnv 8 1 1 1 0 1
/m/01lhf /education/field_of_study/students_majoring./education/education/institution /m/026vcc 4 1 1 1 0 1
/m/02j62 /education/field_of_study/students_majoring./education/education/institution /m/02q636 3 1 1 1 0 1
/m/01540 /education/field_of_study/students_majoring./education/education/institution /m/07vfj 9 1 1 1 0 1
/m/01tbp /education/field_of_study/students_majoring./education/education/institution /m/09f2j 26 1 0 1 0 1
/m/01r4k /education/field_of_study/students_majoring./education/education/institution /m/0j_sncb 13 1 0 1 0 1
/m/01mkq /education/field_of_study/students_majoring./education/education/institution /m/0gl5_ 17 5 0 1 0 0
/m/04x_3 /education/field_of_study/students_majoring./education/education/institution /m/01qgr3 6 1 1 1 0 1
/m/02stgt /education/field_of_study/students_majoring./education/education/institution /m/065y4w7 23 1 0 1 0 1
/m/04rjg /education/field_of_study/students_majoring./education/education/institution /m/0gk7z 13 3 0 1 0 0
/m/0l5mz /education/field_of_study/students_majoring./education/education/institution /m/03v6t 14 1 0 1 0 1
/m/02ky346 /education/field_of_study/students_majoring./education/education/institution /m/071_8 1 1 1 1 1 1
/m/02lp1 /education/field_of_study/students_majoring./education/education/institution /m/02rg_4 8 5 1 1 0 0
/m/02lp1 /education/field_of_study/students_majoring./education/education/institution /m/06pwq 10 1 1 1 0 1
/m/062z7 /education/field_of_study/students_majoring./education/education/institution /m/018t8f 1 1 1 1 1 1
/m/07c52 /education/field_of_study/students_majoring./education/education/institution /m/0hd7j 30 23 0 0 0 0
/m/03g3w /education/field_of_study/students_majoring./education/education/institution /m/01swxv 7 1 1 1 0 1
/m/0dc_v /education/field_of_study/students_majoring./education/education/institution /m/02zd460 26 1 0 1 0 1
/m/04rjg /education/field_of_study/students_majoring./education/education/institution /m/07w4j 7 1 1 1 0 1
/m/02j62 /education/field_of_study/students_majoring./education/education/institution /m/02pdhz 3 1 1 1 0 1
/m/01lj9 /education/field_of_study/students_majoring./education/education/institution /m/07wrz 16 1 0 1 0 1
/m/04gb7 /education/field_of_study/students_majoring./education/education/institution /m/01lhdt 7 1 1 1 0 1
/m/02csf /education/field_of_study/students_majoring./education/education/institution /m/02bzh0 3919 3918 0 0 0 0
/m/01zc2w /education/field_of_study/students_majoring./education/education/institution /m/03ksy 31 1 0 1 0 1
/m/0g26h /education/field_of_study/students_majoring./education/education/institution /m/01hx2t 5 1 1 1 0 1
/m/04rjg /education/field_of_study/students_majoring./education/education/institution /m/018m5q 1 1 1 1 1 1
/m/05wkw /education/field_of_study/students_majoring./education/education/institution /m/07szy 23 1 0 1 0 1
/m/02h40lc /education/field_of_study/students_majoring./education/education/institution /m/01jssp 11 1 0 1 0 1
/m/06mnr /education/field_of_study/students_majoring./education/education/institution /m/02fgdx 5 1 1 1 0 1
/m/04rlf /education/field_of_study/students_majoring./education/education/institution /m/08815 21 1 0 1 0 1
/m/0_jm /education/field_of_study/students_majoring./education/education/institution /m/024y8p 1 1 1 1 1 1
/m/02vxn /education/field_of_study/students_majoring./education/education/institution /m/04b_46 1 1 1 1 1 1
/m/04x_3 /education/field_of_study/students_majoring./education/education/institution /m/018sg9 15 13 0 0 0 0
/m/03qsdpk /education/field_of_study/students_majoring./education/education/institution /m/086xm 8 1 1 1 0 1
/m/0w7c /education/field_of_study/students_majoring./education/education/institution /m/06182p 1 1 1 1 1 1
/m/04rjg /education/field_of_study/students_majoring./education/education/institution /m/07tk7 7 1 1 1 0 1
/m/01540 /education/field_of_study/students_majoring./education/education/institution /m/02mzg9 14 9 0 1 0 0
/m/05qjt /education/field_of_study/students_majoring./education/education/institution /m/0g8rj 16 2 0 1 0 0
/m/04sh3 /education/field_of_study/students_majoring./education/education/institution /m/0160nk 5 1 1 1 0 1
/m/0pf2 /education/field_of_study/students_majoring./education/education/institution /m/0bwfn 24 1 0 1 0 1
/m/06ms6 /education/field_of_study/students_majoring./education/education/institution /m/02mzg9 4 1 1 1 0 1
/m/06ms6 /education/field_of_study/students_majoring./education/education/institution /m/07szy 21 1 0 1 0 1
/m/062z7 /education/field_of_study/students_majoring./education/education/institution /m/02607j 1 1 1 1 1 1
/m/062z7 /education/field_of_study/students_majoring./education/education/institution /m/07t90 18 1 0 1 0 1
/m/03qsdpk /education/field_of_study/students_majoring./education/education/institution /m/0217m9 9 1 1 1 0 1
/m/05qfh /education/field_of_study/students_majoring./education/education/institution /m/02y9bj 4 1 1 1 0 1
/m/03g3w /education/field_of_study/students_majoring./education/education/institution /m/0yl_3 2 1 1 1 0 1
/m/02j62 /education/field_of_study/students_majoring./education/education/institution /m/06rkfs 2 1 1 1 0 1
/m/01tbp /education/field_of_study/students_majoring./education/education/institution /m/01jvxb 3 1 1 1 0 1
/m/0pf2 /education/field_of_study/students_majoring./education/education/institution /m/07vjm 11 1 0 1 0 1
/m/04rlf /education/field_of_study/students_majoring./education/education/institution /m/0gk7z 10 1 1 1 0 1
/m/064_8sq /education/field_of_study/students_majoring./education/education/institution /m/0lfgr 10 1 1 1 0 1
/m/01mkq /education/field_of_study/students_majoring./education/education/institution /m/01vg0s 6 1 1 1 0 1
/m/01mkq /education/field_of_study/students_majoring./education/education/institution /m/0jksm 3 1 1 1 0 1
/m/04x_3 /education/field_of_study/students_majoring./education/education/institution /m/015q1n 9 1 1 1 0 1
/m/02mgp /education/field_of_study/students_majoring./education/education/institution /m/025v3k 18 1 0 1 0 1
/m/05qfh /education/field_of_study/students_majoring./education/education/institution /m/052nd 9 1 1 1 0 1
/m/0fdys /education/field_of_study/students_majoring./education/education/institution /m/01tntf 4 1 1 1 0 1
/m/03g3w /education/field_of_study/students_majoring./education/education/institution /m/0lbfv 11 7 0 1 0 0
/m/03g3w /education/field_of_study/students_majoring./education/education/institution /m/0yjf0 5 4 1 1 0 0
/m/02j62 /education/field_of_study/students_majoring./education/education/institution /m/02897w 3 1 1 1 0 1
/m/041y2 /education/field_of_study/students_majoring./education/education/institution /m/01j_9c 6 1 1 1 0 1
/m/09xq9d /education/field_of_study/students_majoring./education/education/institution /m/01_k7f 4 1 1 1 0 1
/m/029g_vk /education/field_of_study/students_majoring./education/education/institution /m/08qnnv 1853 1844 0 0 0 0
/m/05qjt /education/field_of_study/students_majoring./education/education/institution /m/0j_sncb 18 2 0 1 0 0
/m/062z7 /education/field_of_study/students_majoring./education/education/institution /m/01q0kg 8 1 1 1 0 1
/m/01mkq /education/field_of_study/students_majoring./education/education/institution /m/07t90 20 1 0 1 0 1
/m/03g3w /education/field_of_study/students_majoring./education/education/institution /m/05zjtn4 2 1 1 1 0 1
/m/03g3w /education/field_of_study/students_majoring./education/education/institution /m/07t90 21 1 0 1 0 1
/m/0g26h /education/field_of_study/students_majoring./education/education/institution /m/07szy 24 1 0 1 0 1
/m/0dc_v /education/field_of_study/students_majoring./education/education/institution /m/04jhp 5 1 1 1 0 1
/m/05qdh /education/field_of_study/students_majoring./education/education/institution /m/02bzh0 1 1 1 1 1 1
/m/01lj9 /education/field_of_study/students_majoring./education/education/institution /m/0f1nl 9 1 1 1 0 1
/m/05qjt /education/field_of_study/students_majoring./education/education/institution /m/037s9x 1 1 1 1 1 1
/m/01tbp /education/field_of_study/students_majoring./education/education/institution /m/017j69 8 1 1 1 0 1
/m/04gb7 /education/field_of_study/students_majoring./education/education/institution /m/02bbyw 2 1 1 1 0 1
/m/0_jm /education/field_of_study/students_majoring./education/education/institution /m/01vg13 3 1 1 1 0 1
/m/01mkq /education/field_of_study/students_majoring./education/education/institution /m/01bcwk 5 1 1 1 0 1
/m/01mkq /education/field_of_study/students_majoring./education/education/institution /m/013719 3 1 1 1 0 1
/m/04x_3 /education/field_of_study/students_majoring./education/education/institution /m/012mzw 20 4 0 1 0 0
/m/03qsdpk /education/field_of_study/students_majoring./education/education/institution /m/0dzst 13 1 0 1 0 1
/m/03nfmq /education/field_of_study/students_majoring./education/education/institution /m/0lbfv 2 1 1 1 0 1
/m/03g3w /education/field_of_study/students_majoring./education/education/institution /m/03cz83 3 1 1 1 0 1
/m/04g7x /education/field_of_study/students_majoring./education/education/institution /m/065y4w7 23 1 0 1 0 1
/m/04rjg /education/field_of_study/students_majoring./education/education/institution /m/02yxjs 9 1 1 1 0 1
/m/05qjt /education/field_of_study/students_majoring./education/education/institution /m/0gjv_ 10 1 1 1 0 1
/m/02h40lc /education/field_of_study/students_majoring./education/education/institution /m/012fvq 2 1 1 1 0 1
/m/04gb7 /education/field_of_study/students_majoring./education/education/institution /m/09hgk 2 1 1 1 0 1
/m/0g4gr /education/field_of_study/students_majoring./education/education/institution /m/02nvg1 4 1 1 1 0 1
/m/02ky346 /education/field_of_study/students_majoring./education/education/institution /m/0j_sncb 11 1 0 1 0 1
/m/04rlf /education/field_of_study/students_majoring./education/education/institution /m/01dq5z 4 1 1 1 0 1
/m/01r4k /education/field_of_study/students_majoring./education/education/institution /m/01ymvk 2 1 1 1 0 1
/m/036nz /education/field_of_study/students_majoring./education/education/institution /m/02bqy 14 1 0 1 0 1
/m/03g3w /education/field_of_study/students_majoring./education/education/institution /m/0cchk3 3 1 1 1 0 1
/m/02j62 /education/field_of_study/students_majoring./education/education/institution /m/07xpm 6 1 1 1 0 1
/m/0193x /education/field_of_study/students_majoring./education/education/institution /m/03ksy 32 1 0 1 0 1
/m/02_7t /education/field_of_study/students_majoring./education/education/institution /m/0b1xl 11 5 0 1 0 0
/m/05qjt /education/field_of_study/students_majoring./education/education/institution /m/020vx9 3 1 1 1 0 1
/m/01tbp /education/field_of_study/students_majoring./education/education/institution /m/03v6t 13 1 0 1 0 1
/m/062z7 /education/field_of_study/students_majoring./education/education/institution /m/03hpkp 9 6 1 1 0 0
/m/0_jm /education/field_of_study/students_majoring./education/education/institution /m/0trv 26 15 0 0 0 0
/m/01jzxy /education/field_of_study/students_majoring./education/education/institution /m/02qw_v 3 1 1 1 0 1
/m/07c52 /education/field_of_study/students_majoring./education/education/institution /m/0gk7z 9 1 1 1 0 1
/m/0w7c /education/field_of_study/students_majoring./education/education/institution /m/0bwfn 24 1 0 1 0 1
/m/04g51 /education/field_of_study/students_majoring./education/education/institution /m/027kp3 9 1 1 1 0 1
/m/037mh8 /education/field_of_study/students_majoring./education/education/institution /m/01cf5 5 1 1 1 0 1
/m/05qjt /education/field_of_study/students_majoring./education/education/institution /m/02897w 2 1 1 1 0 1
/m/02h40lc /education/field_of_study/students_majoring./education/education/institution /m/01w3v 3 1 1 1 0 1
/m/0jjw /education/field_of_study/students_majoring./education/education/institution /m/02zccd 1324 1323 0 0 0 0
/m/02ky346 /education/field_of_study/students_majoring./education/education/institution /m/01w3v 42 21 0 0 0 0
/m/02lp1 /education/field_of_study/students_majoring./education/education/institution /m/04rwx 17 1 0 1 0 1
/m/02lp1 /education/field_of_study/students_majoring./education/education/institution /m/01hr11 4 1 1 1 0 1
/m/062z7 /education/field_of_study/students_majoring./education/education/institution /m/015fs3 6 1 1 1 0 1
/m/01zc2w /education/field_of_study/students_majoring./education/education/institution /m/07wrz 18 1 0 1 0 1
/m/04x_3 /education/field_of_study/students_majoring./education/education/institution /m/07wm6 3 1 1 1 0 1
/m/03g3w /education/field_of_study/students_majoring./education/education/institution /m/0gdm1 6 1 1 1 0 1
/m/03g3w /education/field_of_study/students_majoring./education/education/institution /m/01dzg0 9 5 1 1 0 0
/m/04rjg /education/field_of_study/students_majoring./education/education/institution /m/0p7tb 4 2 1 1 0 0
/m/02_7t /education/field_of_study/students_majoring./education/education/institution /m/02mp0g 6 1 1 1 0 1
/m/02h40lc /education/field_of_study/students_majoring./education/education/institution /m/01kvrz 7 1 1 1 0 1
/m/06ms6 /education/field_of_study/students_majoring./education/education/institution /m/01p79b 17 13 0 0 0 0
/m/02lp1 /education/field_of_study/students_majoring./education/education/institution /m/0gl5_ 18 5 0 1 0 0
/m/04rlf /education/field_of_study/students_majoring./education/education/institution /m/08qnnv 8 1 1 1 0 1
/m/06n6p /education/field_of_study/students_majoring./education/education/institution /m/0c5x_ 7 1 1 1 0 1
/m/01mkq /education/field_of_study/students_majoring./education/education/institution /m/07w0v 16 1 0 1 0 1
/m/0db86 /education/field_of_study/students_majoring./education/education/institution /m/0cwx_ 14 1 0 1 0 1
/m/03qsdpk /education/field_of_study/students_majoring./education/education/institution /m/01k2wn 10 1 1 1 0 1
/m/01lj9 /education/field_of_study/students_majoring./education/education/institution /m/0217m9 8 1 1 1 0 1
/m/05b6c /education/field_of_study/students_majoring./education/education/institution /m/09f2j 30 1 0 1 0 1
/m/02ky346 /education/field_of_study/students_majoring./education/education/institution /m/027xx3 8 1 1 1 0 1
/m/0h5k /education/field_of_study/students_majoring./education/education/institution /m/07szy 22 1 0 1 0 1
/m/062z7 /education/field_of_study/students_majoring./education/education/institution /m/0g2jl 9 1 1 1 0 1
/m/01mkq /education/field_of_study/students_majoring./education/education/institution /m/01f6ss 2 1 1 1 0 1
/m/01mkq /education/field_of_study/students_majoring./education/education/institution /m/01jq34 8 1 1 1 0 1
/m/03qsdpk /education/field_of_study/students_majoring./education/education/institution /m/01bm_ 19 1 0 1 0 1
/m/0g26h /education/field_of_study/students_majoring./education/education/institution /m/04p_hy 2 2 1 1 0 0
/m/04rjg /education/field_of_study/students_majoring./education/education/institution /m/02dgq2 2 1 1 1 0 1
/m/04rjg /education/field_of_study/students_majoring./education/education/institution /m/0677j 5 1 1 1 0 1
/m/04rjg /education/field_of_study/students_majoring./education/education/institution /m/07wtc 3 1 1 1 0 1
/m/0193x /education/field_of_study/students_majoring./education/education/institution /m/011xy1 5 1 1 1 0 1
/m/01lj9 /education/field_of_study/students_majoring./education/education/institution /m/02f8zw 2 1 1 1 0 1
/m/05qjt /education/field_of_study/students_majoring./education/education/institution /m/014xf6 3 1 1 1 0 1
/m/01tbp /education/field_of_study/students_majoring./education/education/institution /m/01qqv5 5 1 1 1 0 1
/m/02cm61 /education/field_of_study/students_majoring./education/education/institution /m/01ptt7 3 1 1 1 0 1
/m/06ms6 /education/field_of_study/students_majoring./education/education/institution /m/015wy_ 2 1 1 1 0 1
/m/06ms6 /education/field_of_study/students_majoring./education/education/institution /m/0gf14 2 1 1 1 0 1
/m/01r4k /education/field_of_study/students_majoring./education/education/institution /m/07t90 19 1 0 1 0 1
/m/062z7 /education/field_of_study/students_majoring./education/education/institution /m/0bwfn 23 1 0 1 0 1
/m/062z7 /education/field_of_study/students_majoring./education/education/institution /m/07vfj 10 1 1 1 0 1
/m/062z7 /education/field_of_study/students_majoring./education/education/institution /m/0yls9 11 6 0 1 0 0
/m/05qt0 /education/field_of_study/students_majoring./education/education/institution /m/014d4v 10465 10462 0 0 0 0
/m/037mh8 /education/field_of_study/students_majoring./education/education/institution /m/07szy 27 3 0 1 0 0
/m/02lp1 /education/field_of_study/students_majoring./education/education/institution /m/05x_5 14 2 0 1 0 0
/m/01r4k /education/field_of_study/students_majoring./education/education/institution /m/07x4c 4 1 1 1 0 1
/m/0_jm /education/field_of_study/students_majoring./education/education/institution /m/025v3k 15 1 0 1 0 1
/m/03qsdpk /education/field_of_study/students_majoring./education/education/institution /m/07vyf 12 1 0 1 0 1
/m/05qfh /education/field_of_study/students_majoring./education/education/institution /m/01mpwj 15 1 0 1 0 1
/m/03g3w /education/field_of_study/students_majoring./education/education/institution /m/07tds 13 1 0 1 0 1
/m/03g3w /education/field_of_study/students_majoring./education/education/institution /m/0bqxw 13 5 0 1 0 0
/m/0w7c /education/field_of_study/students_majoring./education/education/institution /m/04rkkv 2 1 1 1 0 1
/m/04rjg /education/field_of_study/students_majoring./education/education/institution /m/07xpm 5 1 1 1 0 1
/m/02j62 /education/field_of_study/students_majoring./education/education/institution /m/01vg0s 7 1 1 1 0 1
/m/02j62 /education/field_of_study/students_majoring./education/education/institution /m/018m5q 2 1 1 1 0 1
/m/01lhy /education/field_of_study/students_majoring./education/education/institution /m/07tg4 14 1 0 1 0 1
/m/06ms6 /education/field_of_study/students_majoring./education/education/institution /m/01l8t8 8 1 1 1 0 1
/m/01mkq /education/field_of_study/students_majoring./education/education/institution /m/02dq8f 6 1 1 1 0 1
/m/04x_3 /education/field_of_study/students_majoring./education/education/institution /m/025v3k 17 1 0 1 0 1
/m/04x_3 /education/field_of_study/students_majoring./education/education/institution /m/01bvw5 3 1 1 1 0 1
/m/04x_3 /education/field_of_study/students_majoring./education/education/institution /m/01dbns 4 1 1 1 0 1
/m/03nfmq /education/field_of_study/students_majoring./education/education/institution /m/015g1w 2 1 1 1 0 1
/m/04rjg /education/field_of_study/students_majoring./education/education/institution /m/03hdz8 5 1 1 1 0 1
/m/01lj9 /education/field_of_study/students_majoring./education/education/institution /m/09f2j 27 1 0 1 0 1
/m/02jfc /education/field_of_study/students_majoring./education/education/institution /m/02zd460 25 1 0 1 0 1
/m/05qjt /education/field_of_study/students_majoring./education/education/institution /m/09f2j 32 2 0 1 0 0
/m/04sh3 /education/field_of_study/students_majoring./education/education/institution /m/01jssp 12 1 0 1 0 1
/m/04gb7 /education/field_of_study/students_majoring./education/education/institution /m/035qv8 1 1 1 1 1 1
/m/04_tv /education/field_of_study/students_majoring./education/education/institution /m/06pwq 2 1 1 1 0 1
/m/06ms6 /education/field_of_study/students_majoring./education/education/institution /m/05mv4 10 1 1 1 0 1
/m/0g4gr /education/field_of_study/students_majoring./education/education/institution /m/02mzg9 5 1 1 1 0 1
/m/02ky346 /education/field_of_study/students_majoring./education/education/institution /m/07szy 21 1 0 1 0 1
/m/01400v /education/field_of_study/students_majoring./education/education/institution /m/0f1nl 11 1 0 1 0 1
/m/036hv /education/field_of_study/students_majoring./education/education/institution /m/065y4w7 22 1 0 1 0 1
/m/09s1f /education/field_of_study/students_majoring./education/education/institution /m/01r3y2 7 1 1 1 0 1
/m/0g26h /education/field_of_study/students_majoring./education/education/institution /m/01ky7c 9 1 1 1 0 1
/m/04g7x /education/field_of_study/students_majoring./education/education/institution /m/0dplh 8 1 1 1 0 1
/m/02j62 /education/field_of_study/students_majoring./education/education/institution /m/01w5m 10 1 1 1 0 1
/m/01540 /education/field_of_study/students_majoring./education/education/institution /m/04jhp 8 3 1 1 0 0
/m/041y2 /education/field_of_study/students_majoring./education/education/institution /m/01c57n 20 18 0 0 0 0
/m/037mh8 /education/field_of_study/students_majoring./education/education/institution /m/06bw5 23 18 0 0 0 0
/m/02_7t /education/field_of_study/students_majoring./education/education/institution /m/01n_g9 5 1 1 1 0 1
/m/04sh3 /education/field_of_study/students_majoring./education/education/institution /m/01bm_ 14 1 0 1 0 1
/m/02lp1 /education/field_of_study/students_majoring./education/education/institution /m/01bk1y 9 1 1 1 0 1
/m/0mg1w /education/field_of_study/students_majoring./education/education/institution /m/03ksy 33 1 0 1 0 1
/m/0g26h /education/field_of_study/students_majoring./education/education/institution /m/013807 10 1 1 1 0 1
/m/02stgt /education/field_of_study/students_majoring./education/education/institution /m/01jq0j 4 1 1 1 0 1
/m/04g7x /education/field_of_study/students_majoring./education/education/institution /m/01bm_ 18 1 0 1 0 1
/m/05b6c /education/field_of_study/students_majoring./education/education/institution /m/01hhvg 3 1 1 1 0 1
/m/0g4gr /education/field_of_study/students_majoring./education/education/institution /m/01j_cy 16 1 0 1 0 1
/m/02lp1 /education/field_of_study/students_majoring./education/education/institution /m/0hd7j 7 1 1 1 0 1
/m/02lp1 /education/field_of_study/students_majoring./education/education/institution /m/0k9wp 4 1 1 1 0 1
/m/0h5k /education/field_of_study/students_majoring./education/education/institution /m/07vk2 7 1 1 1 0 1
/m/01mkq /education/field_of_study/students_majoring./education/education/institution /m/01hx2t 6 1 1 1 0 1
/m/04x_3 /education/field_of_study/students_majoring./education/education/institution /m/01dyk8 13 10 0 1 0 0
/m/03qsdpk /education/field_of_study/students_majoring./education/education/institution /m/015wy_ 3 1 1 1 0 1
/m/03nfmq /education/field_of_study/students_majoring./education/education/institution /m/07tds 19 1 0 1 0 1
/m/040p_q /education/field_of_study/students_majoring./education/education/institution /m/09kvv 13 1 0 1 0 1
/m/03_9r /education/field_of_study/students_majoring./education/education/institution /m/01qd_r 13 1 0 1 0 1
/m/04rjg /education/field_of_study/students_majoring./education/education/institution /m/01vc5m 8 3 1 1 0 0
/m/05qjt /education/field_of_study/students_majoring./education/education/institution /m/01r3y2 8 1 1 1 0 1
/m/05qjt /education/field_of_study/students_majoring./education/education/institution /m/01yqqv 5 1 1 1 0 1
/m/02h40lc /education/field_of_study/students_majoring./education/education/institution /m/0187nd 8 1 1 1 0 1
/m/02h40lc /education/field_of_study/students_majoring./education/education/institution /m/02bqy 12 1 0 1 0 1
/m/02ky346 /education/field_of_study/students_majoring./education/education/institution /m/01wdj_ 6 1 1 1 0 1
/m/02ky346 /education/field_of_study/students_majoring./education/education/institution /m/05zl0 18 1 0 1 0 1
/m/062z7 /education/field_of_study/students_majoring./education/education/institution /m/027xx3 11 3 0 1 0 0
/m/01mkq /education/field_of_study/students_majoring./education/education/institution /m/0p5wz 4 1 1 1 0 1
/m/0db86 /education/field_of_study/students_majoring./education/education/institution /m/06pwq 21 1 0 1 0 1
/m/03qsdpk /education/field_of_study/students_majoring./education/education/institution /m/02lv2v 3 1 1 1 0 1
/m/05qfh /education/field_of_study/students_majoring./education/education/institution /m/0k9wp 5 1 1 1 0 1
/m/0fdys /education/field_of_study/students_majoring./education/education/institution /m/0ym17 5 1 1 1 0 1
/m/04g7x /education/field_of_study/students_majoring./education/education/institution /m/01w5m 48 22 0 0 0 0
/m/01lhf /education/field_of_study/students_majoring./education/education/institution /m/01n6r0 8006 7998 0 0 0 0
/m/02j62 /education/field_of_study/students_majoring./education/education/institution /m/065y4w7 21 1 0 1 0 1
