/m/03ctv8m /film/cinematographer/film /m/027fwmt 4 4 1 1 0 0
/m/03ctv8m /film/cinematographer/film /m/0cq86w 1 1 1 1 1 1
/m/05br10 /film/cinematographer/film /m/02qzh2 11390 11390 0 0 0 0
/m/0280mv7 /film/cinematographer/film /m/04180vy 1 1 1 1 1 1
/m/08z39v /film/cinematographer/film /m/0yxm1 1 1 1 1 1 1
/m/03_fk9 /film/cinematographer/film /m/0ywrc 1 1 1 1 1 1
/m/03_fk9 /film/cinematographer/film /m/03wy8t 2 1 1 1 0 1
/m/09bxq9 /film/cinematographer/film /m/02754c9 1 1 1 1 1 1
/m/03ctv8m /film/cinematographer/film /m/027ct7c 1 1 1 1 1 1
/m/0jsw9l /film/cinematographer/film /m/04jwly 1 1 1 1 1 1
/m/05br10 /film/cinematographer/film /m/0946bb 1 1 1 1 1 1
/m/06r_by /film/cinematographer/film /m/0gwjw0c 1 1 1 1 1 1
/m/0f3zf_ /film/cinematographer/film /m/033pf1 1 1 1 1 1 1
/m/08t7nz /film/cinematographer/film /m/0dp7wt 1 1 1 1 1 1
/m/027t8fw /film/cinematographer/film /m/03z106 1 1 1 1 1 1
/m/027t8fw /film/cinematographer/film /m/065z3_x 1 1 1 1 1 1
/m/03cx282 /film/cinematographer/film /m/047wh1 3 3 1 1 0 0
/m/0164w8 /film/cinematographer/film /m/0g_zyp 1 1 1 1 1 1
/m/07djnx /film/cinematographer/film /m/0h0wd9 1 1 1 1 1 1
/m/04qvl7 /film/cinematographer/film /m/03cw411 2 1 1 1 0 1
/m/08mhyd /film/cinematographer/film /m/03176f 1 1 1 1 1 1
/m/06t8b /film/cinematographer/film /m/06z8s_ 1 1 1 1 1 1
/m/0164w8 /film/cinematographer/film /m/0p9tm 10 10 1 1 0 0
/m/0f3zsq /film/cinematographer/film /m/0m491 1 1 1 1 1 1
/m/03cx282 /film/cinematographer/film /m/0dlngsd 1 1 1 1 1 1
/m/08mhyd /film/cinematographer/film /m/01q7h2 1 1 1 1 1 1
/m/079hvk /film/cinematographer/film /m/0p_qr 1 1 1 1 1 1
/m/04qvl7 /film/cinematographer/film /m/0gjk1d 1 1 1 1 1 1
/m/06t8b /film/cinematographer/film /m/0h63gl9 1 1 1 1 1 1
/m/01qg7c /film/cinematographer/film /m/016ky6 1 1 1 1 1 1
/m/03cx282 /film/cinematographer/film /m/023gxx 1 1 1 1 1 1
/m/0854hr /film/cinematographer/film /m/0b4lkx 1 1 1 1 1 1
/m/02vx4c2 /film/cinematographer/film /m/01hqhm 1 1 1 1 1 1
/m/06r_by /film/cinematographer/film /m/0n1s0 1 1 1 1 1 1
/m/0b9l3x /film/cinematographer/film /m/03lrqw 1 1 1 1 1 1
/m/079hvk /film/cinematographer/film /m/0hmm7 1 1 1 1 1 1
/m/02vx4c2 /film/cinematographer/film /m/01qvz8 11 11 0 0 0 0
/m/06r_by /film/cinematographer/film /m/07kdkfj 1 1 1 1 1 1
/m/04qvl7 /film/cinematographer/film /m/0170_p 1 1 1 1 1 1
/m/0dqzkv /film/cinematographer/film /m/0cwy47 1 1 1 1 1 1
/m/0854hr /film/cinematographer/film /m/05jf85 1 1 1 1 1 1
/m/0f3zf_ /film/cinematographer/film /m/011yd2 1 1 1 1 1 1
/m/0dqzkv /film/cinematographer/film /m/02q_4ph 1 1 1 1 1 1
/m/08mhyd /film/cinematographer/film /m/014_x2 1 1 1 1 1 1
/m/027t8fw /film/cinematographer/film /m/032016 1 1 1 1 1 1
