/m/01l3j /film/actor/film./film/performance/special_performance_type /m/01pb34 41 1 0 1 0 1
/m/0sz28 /film/actor/film./film/performance/special_performance_type /m/0147fv 19 1 0 1 0 1
/m/06g4_ /film/actor/film./film/performance/special_performance_type /m/0147fv 102 1 0 1 0 1
/m/03hy3g /film/actor/film./film/performance/special_performance_type /m/0147fv 93 1 0 1 0 1
/m/02t_st /film/actor/film./film/performance/special_performance_type /m/0147fv 90 1 0 1 0 1
/m/03m2fg /film/actor/film./film/performance/special_performance_type /m/0147fv 377 251 0 0 0 0
/m/016gkf /film/actor/film./film/performance/special_performance_type /m/0147fv 81 1 0 1 0 1
/m/016gr2 /film/actor/film./film/performance/special_performance_type /m/0147fv 69 1 0 1 0 1
/m/02vmzp /film/actor/film./film/performance/special_performance_type /m/01pb34 145 91 0 0 0 0
/m/01gkmx /film/actor/film./film/performance/special_performance_type /m/01pb34 288 234 0 0 0 0
/m/01wzs_q /film/actor/film./film/performance/special_performance_type /m/01kyvx 21 1 0 1 0 1
/m/013ybx /film/actor/film./film/performance/special_performance_type /m/09_gdc 7 1 1 1 0 1
/m/01j5sd /film/actor/film./film/performance/special_performance_type /m/01pb34 1046 989 0 0 0 0
/m/06w2sn5 /film/actor/film./film/performance/special_performance_type /m/01pb34 378 324 0 0 0 0
/m/02cpb7 /film/actor/film./film/performance/special_performance_type /m/0147fv 1053 921 0 0 0 0
/m/0139q5 /film/actor/film./film/performance/special_performance_type /m/09_gdc 44 37 0 0 0 0
/m/02p65p /film/actor/film./film/performance/special_performance_type /m/0147fv 17 1 0 1 0 1
/m/02624g /film/actor/film./film/performance/special_performance_type /m/0147fv 89 1 0 1 0 1
/m/01yh3y /film/actor/film./film/performance/special_performance_type /m/0147fv 97 1 0 1 0 1
/m/02p21g /film/actor/film./film/performance/special_performance_type /m/01pb34 22 1 0 1 0 1
/m/0151xv /film/actor/film./film/performance/special_performance_type /m/0147fv 105 1 0 1 0 1
/m/04qp06 /film/actor/film./film/performance/special_performance_type /m/01pb34 34 1 0 1 0 1
/m/0fb7c /film/actor/film./film/performance/special_performance_type /m/0147fv 91 1 0 1 0 1
/m/0154d7 /film/actor/film./film/performance/special_performance_type /m/0147fv 1241 1107 0 0 0 0
/m/01rzqj /film/actor/film./film/performance/special_performance_type /m/0147fv 32 1 0 1 0 1
/m/0bq2g /film/actor/film./film/performance/special_performance_type /m/01pb34 16 1 0 1 0 1
/m/0z4s /film/actor/film./film/performance/special_performance_type /m/0147fv 60 1 0 1 0 1
/m/01g42 /film/actor/film./film/performance/special_performance_type /m/0147fv 261 139 0 0 0 0
/m/038b_x /film/actor/film./film/performance/special_performance_type /m/0147fv 109 1 0 1 0 1
/m/016ks_ /film/actor/film./film/performance/special_performance_type /m/0147fv 71 1 0 1 0 1
/m/01vtg4q /film/actor/film./film/performance/special_performance_type /m/01pb34 28 1 0 1 0 1
/m/0309jm /film/actor/film./film/performance/special_performance_type /m/01pb34 32 1 0 1 0 1
/m/031c2r /film/actor/film./film/performance/special_performance_type /m/0147fv 1243 1109 0 0 0 0
/m/0gthm /film/actor/film./film/performance/special_performance_type /m/01pb34 40 1 0 1 0 1
/m/04bdlg /film/actor/film./film/performance/special_performance_type /m/0147fv 109 1 0 1 0 1
/m/02l3_5 /film/actor/film./film/performance/special_performance_type /m/0147fv 87 1 0 1 0 1
/m/0391jz /film/actor/film./film/performance/special_performance_type /m/01pb34 434 379 0 0 0 0
/m/06n9lt /film/actor/film./film/performance/special_performance_type /m/0147fv 103 1 0 1 0 1
/m/01fyzy /film/actor/film./film/performance/special_performance_type /m/0147fv 97 1 0 1 0 1
/m/04twmk /film/actor/film./film/performance/special_performance_type /m/0147fv 86 1 0 1 0 1
/m/03bggl /film/actor/film./film/performance/special_performance_type /m/0147fv 96 1 0 1 0 1
/m/01q_ph /film/actor/film./film/performance/special_performance_type /m/01pb34 179 125 0 0 0 0
