/m/02bfmn /film/actor/film./film/performance/film /m/04ghz4m 1 1 1 1 1 1
/m/05typm /film/actor/film./film/performance/film /m/0k2cb 2 1 1 1 0 1
/m/017149 /film/actor/film./film/performance/film /m/09m6kg 3 1 1 1 0 1
/m/026c1 /film/actor/film./film/performance/film /m/03s6l2 5 1 1 1 0 1
/m/084m3 /film/actor/film./film/performance/film /m/034qrh 6 1 1 1 0 1
/m/06ltr /film/actor/film./film/performance/film /m/016ywb 2294 2291 0 0 0 0
/m/08k881 /film/actor/film./film/performance/film /m/01qncf 4 1 1 1 0 1
/m/08qvhv /film/actor/film./film/performance/film /m/0h3k3f 2 1 1 1 0 1
/m/09wj5 /film/actor/film./film/performance/film /m/01_0f7 1 1 1 1 1 1
/m/01trf3 /film/actor/film./film/performance/film /m/04sskp 3 1 1 1 0 1
/m/0391jz /film/actor/film./film/performance/film /m/047tsx3 1 1 1 1 1 1
/m/06rq2l /film/actor/film./film/performance/film /m/0ch3qr1 5 1 1 1 0 1
/m/09yhzs /film/actor/film./film/performance/film /m/07_fj54 1 1 1 1 1 1
/m/01kwsg /film/actor/film./film/performance/film /m/05r3qc 3 1 1 1 0 1
/m/01vsy9_ /film/actor/film./film/performance/film /m/0bmpm 5 4 1 1 0 0
/m/021b_ /film/actor/film./film/performance/film /m/03kx49 3 1 1 1 0 1
/m/0gy6z9 /film/actor/film./film/performance/film /m/01bb9r 1 1 1 1 1 1
/m/08hsww /film/actor/film./film/performance/film /m/07x4qr 2 1 1 1 0 1
/m/030znt /film/actor/film./film/performance/film /m/0422v0 7284 7282 0 0 0 0
/m/0227vl /film/actor/film./film/performance/film /m/060v34 1 1 1 1 1 1
/m/01twdk /film/actor/film./film/performance/film /m/05dss7 7048 7046 0 0 0 0
/m/06x58 /film/actor/film./film/performance/film /m/03nqnnk 3 1 1 1 0 1
/m/0164r9 /film/actor/film./film/performance/film /m/01jwxx 13882 13880 0 0 0 0
/m/016kb7 /film/actor/film./film/performance/film /m/0b4lkx 3 1 1 1 0 1
/m/0170s4 /film/actor/film./film/performance/film /m/02d003 3 1 1 1 0 1
/m/0pmhf /film/actor/film./film/performance/film /m/02jxbw 1 1 1 1 1 1
/m/028k57 /film/actor/film./film/performance/film /m/0gtsx8c 4 1 1 1 0 1
/m/046qq /film/actor/film./film/performance/film /m/09wnnb 2 1 1 1 0 1
/m/0184jw /film/actor/film./film/performance/film /m/01chpn 53 46 0 0 0 0
/m/04j_gs /film/actor/film./film/performance/film /m/0gx1bnj 1 1 1 1 1 1
/m/0gx_p /film/actor/film./film/performance/film /m/02tktw 1 1 1 1 1 1
/m/042z_g /film/actor/film./film/performance/film /m/016z9n 4 1 1 1 0 1
/m/01cj6y /film/actor/film./film/performance/film /m/064lsn 3 3 1 1 0 0
/m/01cj6y /film/actor/film./film/performance/film /m/011ysn 8253 8248 0 0 0 0
/m/07rzf /film/actor/film./film/performance/film /m/046f3p 3 1 1 1 0 1
/m/01l2fn /film/actor/film./film/performance/film /m/0gx1bnj 1 1 1 1 1 1
/m/02v406 /film/actor/film./film/performance/film /m/02sg5v 2 1 1 1 0 1
/m/0bxtg /film/actor/film./film/performance/film /m/04hwbq 2 1 1 1 0 1
/m/0392kz /film/actor/film./film/performance/film /m/02vw1w2 3 1 1 1 0 1
/m/03dn9v /film/actor/film./film/performance/film /m/099bhp 1 1 1 1 1 1
/m/02jr26 /film/actor/film./film/performance/film /m/06lpmt 2 1 1 1 0 1
/m/01kj0p /film/actor/film./film/performance/film /m/07cz2 2 1 1 1 0 1
/m/022g44 /film/actor/film./film/performance/film /m/09q5w2 4 1 1 1 0 1
/m/01k8rb /film/actor/film./film/performance/film /m/0kbwb 3 1 1 1 0 1
/m/0738b8 /film/actor/film./film/performance/film /m/02mc5v 2 1 1 1 0 1
/m/015cbq /film/actor/film./film/performance/film /m/05_61y 1 1 1 1 1 1
/m/0mdqp /film/actor/film./film/performance/film /m/01gkp1 8 2 1 1 0 0
/m/04m064 /film/actor/film./film/performance/film /m/08fn5b 1 1 1 1 1 1
/m/044lyq /film/actor/film./film/performance/film /m/0286vp 2 1 1 1 0 1
/m/01w02sy /film/actor/film./film/performance/film /m/0170th 1 1 1 1 1 1
/m/023kzp /film/actor/film./film/performance/film /m/01hqhm 2 1 1 1 0 1
/m/07m77x /film/actor/film./film/performance/film /m/08952r 3 1 1 1 0 1
/m/05bpg3 /film/actor/film./film/performance/film /m/0b7l4x 1 1 1 1 1 1
/m/0mj1l /film/actor/film./film/performance/film /m/01rwyq 3 1 1 1 0 1
/m/0dlglj /film/actor/film./film/performance/film /m/08nvyr 11823 11821 0 0 0 0
/m/01vwllw /film/actor/film./film/performance/film /m/09hy79 2 1 1 1 0 1
/m/070yzk /film/actor/film./film/performance/film /m/01shy7 5 1 1 1 0 1
/m/01_xtx /film/actor/film./film/performance/film /m/05p1tzf 2 1 1 1 0 1
/m/05dbf /film/actor/film./film/performance/film /m/02_nsc 1 1 1 1 1 1
/m/02qx69 /film/actor/film./film/performance/film /m/02stbw 9 1 1 1 0 1
/m/016ypb /film/actor/film./film/performance/film /m/0cc846d 2 1 1 1 0 1
/m/02sjf5 /film/actor/film./film/performance/film /m/032clf 2 1 1 1 0 1
/m/01m42d0 /film/actor/film./film/performance/film /m/0gzy02 1 1 1 1 1 1
/m/01n7qlf /film/actor/film./film/performance/film /m/05650n 1 1 1 1 1 1
/m/0sz28 /film/actor/film./film/performance/film /m/05q54f5 1 1 1 1 1 1
/m/03dpqd /film/actor/film./film/performance/film /m/043n1r5 3 1 1 1 0 1
/m/0byfz /film/actor/film./film/performance/film /m/0m9p3 2 1 1 1 0 1
/m/0gn30 /film/actor/film./film/performance/film /m/07b1gq 1 1 1 1 1 1
/m/02lj6p /film/actor/film./film/performance/film /m/06z8s_ 1 1 1 1 1 1
/m/0mz73 /film/actor/film./film/performance/film /m/07z6xs 1 1 1 1 1 1
/m/09y20 /film/actor/film./film/performance/film /m/0ds11z 2 1 1 1 0 1
/m/025t9b /film/actor/film./film/performance/film /m/04nm0n0 1 1 1 1 1 1
/m/021npv /film/actor/film./film/performance/film /m/04kzqz 1 1 1 1 1 1
/m/05z_p6 /film/actor/film./film/performance/film /m/026p_bs 1 1 1 1 1 1
/m/02wgln /film/actor/film./film/performance/film /m/05pdd86 1 1 1 1 1 1
/m/01vs_v8 /film/actor/film./film/performance/film /m/09y6pb 3 1 1 1 0 1
/m/0pyww /film/actor/film./film/performance/film /m/0sxns 3 1 1 1 0 1
/m/02p65p /film/actor/film./film/performance/film /m/05sy_5 1 1 1 1 1 1
/m/02_j8x /film/actor/film./film/performance/film /m/02qhqz4 1 1 1 1 1 1
/m/0h7pj /film/actor/film./film/performance/film /m/01l_pn 5 1 1 1 0 1
/m/026l37 /film/actor/film./film/performance/film /m/0_816 5 1 1 1 0 1
/m/047hpm /film/actor/film./film/performance/film /m/02z3r8t 3 1 1 1 0 1
/m/06fc0b /film/actor/film./film/performance/film /m/0cbv4g 3 1 1 1 0 1
/m/0ywqc /film/actor/film./film/performance/film /m/02qr3k8 2 1 1 1 0 1
/m/01xsbh /film/actor/film./film/performance/film /m/0209hj 1 1 1 1 1 1
/m/01vvb4m /film/actor/film./film/performance/film /m/02725hs 1 1 1 1 1 1
/m/0c1j_ /film/actor/film./film/performance/film /m/02ndy4 2 1 1 1 0 1
/m/01xcqc /film/actor/film./film/performance/film /m/04sh80 1 1 1 1 1 1
/m/05kwx2 /film/actor/film./film/performance/film /m/031786 4 1 1 1 0 1
/m/032w8h /film/actor/film./film/performance/film /m/035s95 5028 5025 0 0 0 0
/m/0170pk /film/actor/film./film/performance/film /m/04z4j2 2 1 1 1 0 1
/m/016gkf /film/actor/film./film/performance/film /m/0168ls 2 1 1 1 0 1
/m/015c4g /film/actor/film./film/performance/film /m/04x4vj 1 1 1 1 1 1
/m/0126rp /film/actor/film./film/performance/film /m/09xbpt 5 1 1 1 0 1
/m/050zr4 /film/actor/film./film/performance/film /m/04b2qn 3 1 1 1 0 1
/m/050zr4 /film/actor/film./film/performance/film /m/0jdgr 9069 9067 0 0 0 0
/m/0d9kl /film/actor/film./film/performance/film /m/03h3x5 2 1 1 1 0 1
/m/02m501 /film/actor/film./film/performance/film /m/01b195 4 1 1 1 0 1
/m/03vgp7 /film/actor/film./film/performance/film /m/0299hs 1 1 1 1 1 1
/m/07nx9j /film/actor/film./film/performance/film /m/0340hj 4 1 1 1 0 1
/m/039wsf /film/actor/film./film/performance/film /m/0571m 2 1 1 1 0 1
/m/0blq0z /film/actor/film./film/performance/film /m/062zjtt 1 1 1 1 1 1
/m/0p_pd /film/actor/film./film/performance/film /m/024lt6 2 1 1 1 0 1
/m/014z8v /film/actor/film./film/performance/film /m/03l6q0 9098 9095 0 0 0 0
/m/0gn30 /film/actor/film./film/performance/film /m/0cwfgz 1 1 1 1 1 1
/m/0170s4 /film/actor/film./film/performance/film /m/06q8qh 2 1 1 1 0 1
/m/0dh1n_ /film/actor/film./film/performance/film /m/0kb07 1 1 1 1 1 1
/m/02yplc /film/actor/film./film/performance/film /m/07yvsn 1 1 1 1 1 1
/m/0k9j_ /film/actor/film./film/performance/film /m/016y_f 3 1 1 1 0 1
/m/059xvg /film/actor/film./film/performance/film /m/0353tm 1 1 1 1 1 1
/m/051wwp /film/actor/film./film/performance/film /m/09qycb 3322 3318 0 0 0 0
/m/030hcs /film/actor/film./film/performance/film /m/0g3zrd 2 1 1 1 0 1
/m/01xcfy /film/actor/film./film/performance/film /m/0g54xkt 1 1 1 1 1 1
/m/018grr /film/actor/film./film/performance/film /m/02ntb8 6 1 1 1 0 1
/m/01438g /film/actor/film./film/performance/film /m/01rnly 2 1 1 1 0 1
/m/0p__8 /film/actor/film./film/performance/film /m/02qydsh 1 1 1 1 1 1
/m/0p__8 /film/actor/film./film/performance/film /m/0kbwb 1 1 1 1 1 1
/m/019f2f /film/actor/film./film/performance/film /m/01gvts 2 1 1 1 0 1
/m/01kym3 /film/actor/film./film/performance/film /m/026q3s3 1 1 1 1 1 1
/m/03h_9lg /film/actor/film./film/performance/film /m/05650n 12703 12700 0 0 0 0
/m/02t__3 /film/actor/film./film/performance/film /m/07nxvj 4 1 1 1 0 1
/m/0479b /film/actor/film./film/performance/film /m/0k2cb 2 1 1 1 0 1
/m/0hvb2 /film/actor/film./film/performance/film /m/0209hj 2 1 1 1 0 1
/m/01l9p /film/actor/film./film/performance/film /m/057__d 1 1 1 1 1 1
/m/022411 /film/actor/film./film/performance/film /m/047p798 3 1 1 1 0 1
/m/0bbf1f /film/actor/film./film/performance/film /m/06__m6 1 1 1 1 1 1
/m/015p3p /film/actor/film./film/performance/film /m/07q1m 2 1 1 1 0 1
/m/042ly5 /film/actor/film./film/performance/film /m/0bt3j9 5 2 1 1 0 0
/m/02j4sk /film/actor/film./film/performance/film /m/03kxj2 2 1 1 1 0 1
/m/025j1t /film/actor/film./film/performance/film /m/035s95 11228 11222 0 0 0 0
/m/0b_dy /film/actor/film./film/performance/film /m/08sfxj 6859 6858 0 0 0 0
/m/016yzz /film/actor/film./film/performance/film /m/0sxgv 7 6 1 1 0 0
/m/03d_w3h /film/actor/film./film/performance/film /m/0443v1 1 1 1 1 1 1
/m/02dlfh /film/actor/film./film/performance/film /m/0640m69 2 1 1 1 0 1
/m/07m77x /film/actor/film./film/performance/film /m/027j9wd 3 1 1 1 0 1
/m/01mylz /film/actor/film./film/performance/film /m/01dc0c 3 1 1 1 0 1
/m/078mgh /film/actor/film./film/performance/film /m/023g6w 7366 7365 0 0 0 0
/m/0301yj /film/actor/film./film/performance/film /m/03vyw8 3 1 1 1 0 1
/m/01pllx /film/actor/film./film/performance/film /m/07h9gp 2 1 1 1 0 1
/m/01hkhq /film/actor/film./film/performance/film /m/09wnnb 4 1 1 1 0 1
/m/083chw /film/actor/film./film/performance/film /m/02rv_dz 3 1 1 1 0 1
/m/0m32_ /film/actor/film./film/performance/film /m/014nq4 2 1 1 1 0 1
/m/0gnbw /film/actor/film./film/performance/film /m/05nyqk 2 1 1 1 0 1
/m/01y_px /film/actor/film./film/performance/film /m/02qr3k8 2 1 1 1 0 1
/m/06cgy /film/actor/film./film/performance/film /m/07nxvj 2 1 1 1 0 1
/m/01chc7 /film/actor/film./film/performance/film /m/0bc1yhb 6 1 1 1 0 1
/m/07f0tw /film/actor/film./film/performance/film /m/09yxcz 2 1 1 1 0 1
/m/020_95 /film/actor/film./film/performance/film /m/02c638 4 1 1 1 0 1
/m/03dpqd /film/actor/film./film/performance/film /m/05fcbk7 1 1 1 1 1 1
/m/03m6pk /film/actor/film./film/performance/film /m/03ydlnj 1 1 1 1 1 1
/m/07rd7 /film/actor/film./film/performance/film /m/0661m4p 4 1 1 1 0 1
/m/03h2d4 /film/actor/film./film/performance/film /m/09gkx35 1673 1671 0 0 0 0
/m/02y_2y /film/actor/film./film/performance/film /m/0gzlb9 3 1 1 1 0 1
/m/0clvcx /film/actor/film./film/performance/film /m/02wk7b 3 1 1 1 0 1
/m/01wz01 /film/actor/film./film/performance/film /m/08ct6 2 1 1 1 0 1
/m/015t56 /film/actor/film./film/performance/film /m/017jd9 2 1 1 1 0 1
/m/01r93l /film/actor/film./film/performance/film /m/0ch26b_ 8761 8758 0 0 0 0
/m/01r93l /film/actor/film./film/performance/film /m/0g83dv 10120 10117 0 0 0 0
/m/0bkmf /film/actor/film./film/performance/film /m/0c5dd 1 1 1 1 1 1
/m/02js9p /film/actor/film./film/performance/film /m/0c57yj 1 1 1 1 1 1
/m/05nzw6 /film/actor/film./film/performance/film /m/05q54f5 2 1 1 1 0 1
/m/0p__8 /film/actor/film./film/performance/film /m/01k1k4 1 1 1 1 1 1
/m/01s7zw /film/actor/film./film/performance/film /m/02ljhg 2 1 1 1 0 1
/m/015wnl /film/actor/film./film/performance/film /m/0p_sc 1 1 1 1 1 1
/m/03wpmd /film/actor/film./film/performance/film /m/01p3ty 3 1 1 1 0 1
/m/03n52j /film/actor/film./film/performance/film /m/02ht1k 11 1 0 1 0 1
/m/0bl2g /film/actor/film./film/performance/film /m/048xyn 2 1 1 1 0 1
/m/01wy5m /film/actor/film./film/performance/film /m/084302 3 1 1 1 0 1
/m/0c0k1 /film/actor/film./film/performance/film /m/0ddjy 3 1 1 1 0 1
/m/07r1h /film/actor/film./film/performance/film /m/0yx_w 2 1 1 1 0 1
/m/098n_m /film/actor/film./film/performance/film /m/02qcr 2 1 1 1 0 1
/m/09l3p /film/actor/film./film/performance/film /m/03h0byn 2 1 1 1 0 1
/m/0fgg4 /film/actor/film./film/performance/film /m/09m6kg 10 4 1 1 0 0
/m/0525b /film/actor/film./film/performance/film /m/085bd1 1 1 1 1 1 1
/m/04jb97 /film/actor/film./film/performance/film /m/028cg00 2 1 1 1 0 1
/m/01g257 /film/actor/film./film/performance/film /m/0ddf2bm 4 1 1 1 0 1
/m/0hsn_ /film/actor/film./film/performance/film /m/027pfg 3 1 1 1 0 1
/m/0935jw /film/actor/film./film/performance/film /m/0k54q 3 1 1 1 0 1
/m/044rvb /film/actor/film./film/performance/film /m/04s1zr 2 1 1 1 0 1
/m/03_1pg /film/actor/film./film/performance/film /m/0416y94 2 1 1 1 0 1
/m/030h95 /film/actor/film./film/performance/film /m/06lpmt 2 1 1 1 0 1
/m/09xrxq /film/actor/film./film/performance/film /m/0k2cb 2 1 1 1 0 1
/m/0521rl1 /film/actor/film./film/performance/film /m/0d4htf 2 1 1 1 0 1
/m/0121rx /film/actor/film./film/performance/film /m/0283_zv 2 1 1 1 0 1
/m/03h_fqv /film/actor/film./film/performance/film /m/016z43 149 145 0 0 0 0
/m/023v4_ /film/actor/film./film/performance/film /m/01qbg5 3 1 1 1 0 1
/m/059m45 /film/actor/film./film/performance/film /m/0kvgxk 3 1 1 1 0 1
/m/02_p8v /film/actor/film./film/performance/film /m/04jpg2p 5 1 1 1 0 1
/m/02f2dn /film/actor/film./film/performance/film /m/0f40w 2 1 1 1 0 1
/m/02sjf5 /film/actor/film./film/performance/film /m/0_7w6 1 1 1 1 1 1
/m/01fyzy /film/actor/film./film/performance/film /m/02qdrjx 2 1 1 1 0 1
/m/08vr94 /film/actor/film./film/performance/film /m/027j9wd 3 1 1 1 0 1
/m/01_f_5 /film/actor/film./film/performance/film /m/07g1sm 4 1 1 1 0 1
/m/04vq3h /film/actor/film./film/performance/film /m/0296rz 3 1 1 1 0 1
/m/01tfck /film/actor/film./film/performance/film /m/02ny6g 3 1 1 1 0 1
/m/039bp /film/actor/film./film/performance/film /m/0hmm7 1 1 1 1 1 1
/m/048lv /film/actor/film./film/performance/film /m/0c0zq 1 1 1 1 1 1
/m/02_l96 /film/actor/film./film/performance/film /m/02mc5v 3 1 1 1 0 1
/m/02qfhb /film/actor/film./film/performance/film /m/03wjm2 931 930 0 0 0 0
/m/0253b6 /film/actor/film./film/performance/film /m/0kbwb 4 1 1 1 0 1
/m/06hhrs /film/actor/film./film/performance/film /m/0h03fhx 8 1 1 1 0 1
/m/02dth1 /film/actor/film./film/performance/film /m/091rc5 2 1 1 1 0 1
/m/04954 /film/actor/film./film/performance/film /m/0ddf2bm 4 1 1 1 0 1
/m/09byk /film/actor/film./film/performance/film /m/03s6l2 5 1 1 1 0 1
/m/03s2dj /film/actor/film./film/performance/film /m/017z49 7950 7947 0 0 0 0
/m/0738b8 /film/actor/film./film/performance/film /m/02mt51 3 1 1 1 0 1
/m/016yvw /film/actor/film./film/performance/film /m/055td_ 2 1 1 1 0 1
/m/01fwf1 /film/actor/film./film/performance/film /m/01fwzk 2 1 1 1 0 1
/m/012j8z /film/actor/film./film/performance/film /m/0cq8nx 1 1 1 1 1 1
/m/023mdt /film/actor/film./film/performance/film /m/0bm2nq 2 1 1 1 0 1
/m/0gz5hs /film/actor/film./film/performance/film /m/07bxqz 3 1 1 1 0 1
/m/01nrq5 /film/actor/film./film/performance/film /m/02sfnv 9997 9994 0 0 0 0
/m/02mhfy /film/actor/film./film/performance/film /m/01n30p 3 1 1 1 0 1
/m/05cx7x /film/actor/film./film/performance/film /m/08r4x3 3 1 1 1 0 1
/m/02wd48 /film/actor/film./film/performance/film /m/0gwgn1k 3 1 1 1 0 1
/m/0170pk /film/actor/film./film/performance/film /m/05nlx4 3 1 1 1 0 1
/m/023zsh /film/actor/film./film/performance/film /m/0crd8q6 2901 2898 0 0 0 0
/m/018dnt /film/actor/film./film/performance/film /m/035_2h 3 1 1 1 0 1
/m/08pth9 /film/actor/film./film/performance/film /m/04ynx7 2 1 1 1 0 1
/m/02xv8m /film/actor/film./film/performance/film /m/0bv8h2 2 1 1 1 0 1
/m/0693l /film/actor/film./film/performance/film /m/029k4p 1 1 1 1 1 1
/m/05xpms /film/actor/film./film/performance/film /m/0f61tk 1 1 1 1 1 1
/m/02t1dv /film/actor/film./film/performance/film /m/02z9hqn 1 1 1 1 1 1
/m/0gy6z9 /film/actor/film./film/performance/film /m/02qmsr 7694 7691 0 0 0 0
/m/02kxwk /film/actor/film./film/performance/film /m/0b6m5fy 1 1 1 1 1 1
/m/015npr /film/actor/film./film/performance/film /m/09yxcz 1 1 1 1 1 1
/m/01j5ws /film/actor/film./film/performance/film /m/087vnr5 2 1 1 1 0 1
/m/0gn30 /film/actor/film./film/performance/film /m/03phtz 1 1 1 1 1 1
/m/03fbb6 /film/actor/film./film/performance/film /m/0g3zrd 2 1 1 1 0 1
/m/03_2td /film/actor/film./film/performance/film /m/04mcw4 3 1 1 1 0 1
/m/0jfx1 /film/actor/film./film/performance/film /m/06w99h3 1 1 1 1 1 1
/m/02jt1k /film/actor/film./film/performance/film /m/0dll_t2 2 1 1 1 0 1
/m/01vsn38 /film/actor/film./film/performance/film /m/0830vk 2 1 1 1 0 1
/m/01vsn38 /film/actor/film./film/performance/film /m/0gjk1d 2 1 1 1 0 1
/m/01wmxfs /film/actor/film./film/performance/film /m/0fb7sd 1 1 1 1 1 1
/m/0glmv /film/actor/film./film/performance/film /m/06rhz7 2 1 1 1 0 1
/m/02k6rq /film/actor/film./film/performance/film /m/026hh0m 1 1 1 1 1 1
/m/03k7bd /film/actor/film./film/performance/film /m/0g22z 3 1 1 1 0 1
/m/0k525 /film/actor/film./film/performance/film /m/060__7 1 1 1 1 1 1
/m/0k525 /film/actor/film./film/performance/film /m/02gpkt 4 1 1 1 0 1
/m/01wgcvn /film/actor/film./film/performance/film /m/0bm2nq 12233 12231 0 0 0 0
/m/02cj_f /film/actor/film./film/performance/film /m/0bj25 1 1 1 1 1 1
/m/0sw6g /film/actor/film./film/performance/film /m/050f0s 2 1 1 1 0 1
/m/02d45s /film/actor/film./film/performance/film /m/0292qb 3 1 1 1 0 1
/m/02j490 /film/actor/film./film/performance/film /m/07sp4l 3 1 1 1 0 1
/m/06g2d1 /film/actor/film./film/performance/film /m/0dzlbx 5 1 1 1 0 1
/m/01w9wwg /film/actor/film./film/performance/film /m/056xkh 6847 6842 0 0 0 0
/m/07r1h /film/actor/film./film/performance/film /m/03f7nt 6 3 1 1 0 0
/m/01gn36 /film/actor/film./film/performance/film /m/01bn3l 3 1 1 1 0 1
/m/06lht1 /film/actor/film./film/performance/film /m/040_lv 2 1 1 1 0 1
/m/0392kz /film/actor/film./film/performance/film /m/0cks1m 1 1 1 1 1 1
/m/06cl2w /film/actor/film./film/performance/film /m/0j43swk 2 1 1 1 0 1
/m/0js9s /film/actor/film./film/performance/film /m/09hy79 1 1 1 1 1 1
/m/033071 /film/actor/film./film/performance/film /m/0n08r 1 1 1 1 1 1
/m/028d4v /film/actor/film./film/performance/film /m/04g73n 5298 5296 0 0 0 0
/m/0170qf /film/actor/film./film/performance/film /m/02w9k1c 3 1 1 1 0 1
/m/031v3p /film/actor/film./film/performance/film /m/0443v1 4 1 1 1 0 1
/m/0686zv /film/actor/film./film/performance/film /m/07f_t4 3 1 1 1 0 1
/m/0d6d2 /film/actor/film./film/performance/film /m/0p9tm 2 1 1 1 0 1
/m/05mc99 /film/actor/film./film/performance/film /m/01jnc_ 2 1 1 1 0 1
/m/033w9g /film/actor/film./film/performance/film /m/0443v1 5 1 1 1 0 1
/m/016vg8 /film/actor/film./film/performance/film /m/0kvgtf 2 1 1 1 0 1
/m/035rnz /film/actor/film./film/performance/film /m/02q8ms8 1 1 1 1 1 1
/m/04wf_b /film/actor/film./film/performance/film /m/0cc97st 1 1 1 1 1 1
/m/04fhn_ /film/actor/film./film/performance/film /m/0c3zjn7 2 1 1 1 0 1
/m/02kxwk /film/actor/film./film/performance/film /m/02q5g1z 4 1 1 1 0 1
/m/01rnxn /film/actor/film./film/performance/film /m/03t79f 2 1 1 1 0 1
/m/015dqj /film/actor/film./film/performance/film /m/0m9p3 2 1 1 1 0 1
/m/03_x5t /film/actor/film./film/performance/film /m/0bq6ntw 2 1 1 1 0 1
/m/03h2d4 /film/actor/film./film/performance/film /m/09fqgj 2 1 1 1 0 1
/m/0k269 /film/actor/film./film/performance/film /m/0435vm 1 1 1 1 1 1
/m/0k269 /film/actor/film./film/performance/film /m/02s4l6 1 1 1 1 1 1
/m/01vvybv /film/actor/film./film/performance/film /m/06cgf 1 1 1 1 1 1
/m/0333wf /film/actor/film./film/performance/film /m/0g3zrd 4257 4254 0 0 0 0
/m/01h4rj /film/actor/film./film/performance/film /m/04t6fk 1 1 1 1 1 1
/m/02fn5 /film/actor/film./film/performance/film /m/0jqp3 1 1 1 1 1 1
/m/0pgm3 /film/actor/film./film/performance/film /m/03wy8t 5 1 1 1 0 1
/m/02_hj4 /film/actor/film./film/performance/film /m/03nsm5x 2 1 1 1 0 1
/m/01846t /film/actor/film./film/performance/film /m/017gm7 9 1 1 1 0 1
/m/06dv3 /film/actor/film./film/performance/film /m/02q0k7v 2 1 1 1 0 1
/m/057_yx /film/actor/film./film/performance/film /m/016z5x 3 1 1 1 0 1
/m/01n4f8 /film/actor/film./film/performance/film /m/0dtw1x 1 1 1 1 1 1
/m/071ynp /film/actor/film./film/performance/film /m/05vxdh 3 1 1 1 0 1
/m/01zg98 /film/actor/film./film/performance/film /m/01flv_ 3 1 1 1 0 1
/m/025p38 /film/actor/film./film/performance/film /m/04jwjq 2 1 1 1 0 1
/m/06sn8m /film/actor/film./film/performance/film /m/063y9fp 2 1 1 1 0 1
/m/018fwv /film/actor/film./film/performance/film /m/0cmdwwg 3 1 1 1 0 1
/m/02qgqt /film/actor/film./film/performance/film /m/0c0nhgv 3 1 1 1 0 1
/m/04bdxl /film/actor/film./film/performance/film /m/05k2xy 1 1 1 1 1 1
/m/04jb97 /film/actor/film./film/performance/film /m/0gl02yg 3 1 1 1 0 1
/m/02114t /film/actor/film./film/performance/film /m/02qpt1w 1 1 1 1 1 1
/m/01k8rb /film/actor/film./film/performance/film /m/0m491 3 1 1 1 0 1
/m/0flw6 /film/actor/film./film/performance/film /m/05zy2cy 3 1 1 1 0 1
/m/041c4 /film/actor/film./film/performance/film /m/0dc7hc 11347 11345 0 0 0 0
/m/0dvmd /film/actor/film./film/performance/film /m/019vhk 2 1 1 1 0 1
/m/048wrb /film/actor/film./film/performance/film /m/05zpghd 2 1 1 1 0 1
/m/0170qf /film/actor/film./film/performance/film /m/031786 14 5 0 1 0 0
/m/0bz5v2 /film/actor/film./film/performance/film /m/02y_lrp 4 1 1 1 0 1
/m/0mj1l /film/actor/film./film/performance/film /m/0421ng 4 1 1 1 0 1
/m/0lpjn /film/actor/film./film/performance/film /m/0bmfnjs 1 1 1 1 1 1
/m/0bksh /film/actor/film./film/performance/film /m/047gpsd 3 1 1 1 0 1
/m/02m501 /film/actor/film./film/performance/film /m/05nyqk 2 1 1 1 0 1
/m/03qd_ /film/actor/film./film/performance/film /m/0pdp8 3 1 1 1 0 1
/m/05wjnt /film/actor/film./film/performance/film /m/02ryz24 4 1 1 1 0 1
/m/04mg6l /film/actor/film./film/performance/film /m/01r97z 3 1 1 1 0 1
/m/016nff /film/actor/film./film/performance/film /m/031778 4 1 1 1 0 1
/m/01rnxn /film/actor/film./film/performance/film /m/01738w 1 1 1 1 1 1
/m/01twdk /film/actor/film./film/performance/film /m/05qbckf 1 1 1 1 1 1
/m/0k269 /film/actor/film./film/performance/film /m/027pfg 3 1 1 1 0 1
/m/015vql /film/actor/film./film/performance/film /m/0c8qq 2 1 1 1 0 1
/m/05xd_v /film/actor/film./film/performance/film /m/016kv6 1 1 1 1 1 1
/m/01g969 /film/actor/film./film/performance/film /m/084qpk 3 1 1 1 0 1
/m/0bwh6 /film/actor/film./film/performance/film /m/04q827 4 1 1 1 0 1
/m/07m9cm /film/actor/film./film/performance/film /m/0fphf3v 3 1 1 1 0 1
/m/06crng /film/actor/film./film/performance/film /m/02qsqmq 2060 2058 0 0 0 0
/m/01kb2j /film/actor/film./film/performance/film /m/0315rp 3335 3332 0 0 0 0
/m/06qgjh /film/actor/film./film/performance/film /m/06ztvyx 2 1 1 1 0 1
/m/05nzw6 /film/actor/film./film/performance/film /m/0j_tw 1 1 1 1 1 1
/m/02_hj4 /film/actor/film./film/performance/film /m/02tjl3 5905 5902 0 0 0 0
/m/03crmd /film/actor/film./film/performance/film /m/01ffx4 2 1 1 1 0 1
/m/0f7fy /film/actor/film./film/performance/film /m/05_61y 1 1 1 1 1 1
/m/02bkdn /film/actor/film./film/performance/film /m/0bt3j9 1 1 1 1 1 1
/m/0chsq /film/actor/film./film/performance/film /m/0prh7 3 1 1 1 0 1
/m/0205dx /film/actor/film./film/performance/film /m/0llcx 14408 14406 0 0 0 0
/m/02cpb7 /film/actor/film./film/performance/film /m/047vnkj 3 1 1 1 0 1
/m/0f502 /film/actor/film./film/performance/film /m/02_fz3 1 1 1 1 1 1
/m/07r1h /film/actor/film./film/performance/film /m/018js4 1 1 1 1 1 1
/m/01vsnff /film/actor/film./film/performance/film /m/02847m9 2 1 1 1 0 1
/m/014g22 /film/actor/film./film/performance/film /m/016z9n 3 1 1 1 0 1
/m/06lht1 /film/actor/film./film/performance/film /m/01jzyf 2 1 1 1 0 1
/m/03y_46 /film/actor/film./film/performance/film /m/03hxsv 2 1 1 1 0 1
/m/0c6g1l /film/actor/film./film/performance/film /m/076zy_g 1 1 1 1 1 1
/m/014zcr /film/actor/film./film/performance/film /m/02jkkv 2 1 1 1 0 1
/m/0c1pj /film/actor/film./film/performance/film /m/01pv91 1 1 1 1 1 1
/m/03q91d /film/actor/film./film/performance/film /m/0prrm 5 1 1 1 0 1
/m/0b_dy /film/actor/film./film/performance/film /m/05z43v 3 2 1 1 0 0
/m/01x_d8 /film/actor/film./film/performance/film /m/07pd_j 4 1 1 1 0 1
/m/055c8 /film/actor/film./film/performance/film /m/0287477 11272 11270 0 0 0 0
/m/032_jg /film/actor/film./film/performance/film /m/01k0vq 6 1 1 1 0 1
/m/032w8h /film/actor/film./film/performance/film /m/06fpsx 3 1 1 1 0 1
/m/03mp9s /film/actor/film./film/performance/film /m/0djlxb 3654 3649 0 0 0 0
/m/02v0ff /film/actor/film./film/performance/film /m/03mh94 2 1 1 1 0 1
/m/0dq9wx /film/actor/film./film/performance/film /m/026hxwx 2 1 1 1 0 1
/m/01p4r3 /film/actor/film./film/performance/film /m/04x4nv 3 1 1 1 0 1
/m/0bksh /film/actor/film./film/performance/film /m/0f8j13 1 1 1 1 1 1
/m/015t7v /film/actor/film./film/performance/film /m/0gtsxr4 1 1 1 1 1 1
/m/0gy6z9 /film/actor/film./film/performance/film /m/0gj9tn5 2 1 1 1 0 1
/m/07y8l9 /film/actor/film./film/performance/film /m/02vyyl8 2 1 1 1 0 1
/m/01yfm8 /film/actor/film./film/performance/film /m/08gg47 2 1 1 1 0 1
/m/0f13b /film/actor/film./film/performance/film /m/0872p_c 4 1 1 1 0 1
/m/02t_st /film/actor/film./film/performance/film /m/0gbfn9 1 1 1 1 1 1
/m/013zs9 /film/actor/film./film/performance/film /m/050xxm 2 1 1 1 0 1
/m/01wmcbg /film/actor/film./film/performance/film /m/0jqp3 5 1 1 1 0 1
/m/018009 /film/actor/film./film/performance/film /m/01vw8k 2 1 1 1 0 1
/m/0q9kd /film/actor/film./film/performance/film /m/0296rz 1 1 1 1 1 1
/m/0q9kd /film/actor/film./film/performance/film /m/0q9b0 2 1 1 1 0 1
/m/02jsgf /film/actor/film./film/performance/film /m/029zqn 1 1 1 1 1 1
/m/036jb /film/actor/film./film/performance/film /m/063hp4 1 1 1 1 1 1
/m/02js9p /film/actor/film./film/performance/film /m/0y_9q 2 1 1 1 0 1
/m/0g2mbn /film/actor/film./film/performance/film /m/0cc7hmk 5 1 1 1 0 1
/m/0fbx6 /film/actor/film./film/performance/film /m/0kvgnq 3 1 1 1 0 1
/m/0fby2t /film/actor/film./film/performance/film /m/05_5_22 1 1 1 1 1 1
/m/0184jc /film/actor/film./film/performance/film /m/08c4yn 6 2 1 1 0 0
/m/016k6x /film/actor/film./film/performance/film /m/0g9z_32 8011 8008 0 0 0 0
/m/02cbs0 /film/actor/film./film/performance/film /m/03qcfvw 3 1 1 1 0 1
/m/01w5jwb /film/actor/film./film/performance/film /m/0gj96ln 2 1 1 1 0 1
/m/016zp5 /film/actor/film./film/performance/film /m/049xgc 4 1 1 1 0 1
/m/0gthm /film/actor/film./film/performance/film /m/03p2xc 3 1 1 1 0 1
/m/015p3p /film/actor/film./film/performance/film /m/03s9kp 3 1 1 1 0 1
/m/01nfys /film/actor/film./film/performance/film /m/08k40m 8035 8033 0 0 0 0
/m/014zcr /film/actor/film./film/performance/film /m/025s1wg 3 1 1 1 0 1
/m/01k53x /film/actor/film./film/performance/film /m/01k1k4 6 1 1 1 0 1
/m/03x400 /film/actor/film./film/performance/film /m/02tjl3 1 1 1 1 1 1
/m/0c4f4 /film/actor/film./film/performance/film /m/0bby9p5 1 1 1 1 1 1
/m/01zp33 /film/actor/film./film/performance/film /m/030z4z 3 1 1 1 0 1
/m/05zbm4 /film/actor/film./film/performance/film /m/0gm2_0 1 1 1 1 1 1
/m/05zbm4 /film/actor/film./film/performance/film /m/047msdk 1 1 1 1 1 1
/m/06_bq1 /film/actor/film./film/performance/film /m/02z3r8t 9282 9274 0 0 0 0
/m/03mg35 /film/actor/film./film/performance/film /m/01738w 10980 10976 0 0 0 0
/m/058s44 /film/actor/film./film/performance/film /m/057lbk 2 1 1 1 0 1
/m/018ygt /film/actor/film./film/performance/film /m/0yyn5 2 1 1 1 0 1
/m/053xw6 /film/actor/film./film/performance/film /m/031786 5 1 1 1 0 1
/m/030vnj /film/actor/film./film/performance/film /m/01gkp1 3 1 1 1 0 1
/m/040z9 /film/actor/film./film/performance/film /m/09sr0 1 1 1 1 1 1
/m/0336mc /film/actor/film./film/performance/film /m/0bmch_x 1 1 1 1 1 1
/m/0f0kz /film/actor/film./film/performance/film /m/017jd9 11 1 0 1 0 1
/m/036c_0 /film/actor/film./film/performance/film /m/04t6fk 10387 10385 0 0 0 0
/m/0lkr7 /film/actor/film./film/performance/film /m/016y_f 11778 11775 0 0 0 0
/m/01z7_f /film/actor/film./film/performance/film /m/03wbqc4 2 1 1 1 0 1
/m/01jfrg /film/actor/film./film/performance/film /m/0pc62 2 1 1 1 0 1
/m/016nff /film/actor/film./film/performance/film /m/03hxsv 7 2 1 1 0 0
/m/016gr2 /film/actor/film./film/performance/film /m/0dgst_d 2 1 1 1 0 1
/m/01k_r5b /film/actor/film./film/performance/film /m/01jnc_ 2 1 1 1 0 1
/m/02nwxc /film/actor/film./film/performance/film /m/0320fn 3 1 1 1 0 1
/m/04w391 /film/actor/film./film/performance/film /m/04hk0w 2 1 1 1 0 1
/m/024bbl /film/actor/film./film/performance/film /m/03m5y9p 2 1 1 1 0 1
/m/01kb2j /film/actor/film./film/performance/film /m/0djlxb 4 1 1 1 0 1
/m/03j9ml /film/actor/film./film/performance/film /m/050f0s 3 1 1 1 0 1
/m/0k525 /film/actor/film./film/performance/film /m/05q96q6 1474 1472 0 0 0 0
/m/01wy5m /film/actor/film./film/performance/film /m/0g3zrd 2 1 1 1 0 1
/m/06j8wx /film/actor/film./film/performance/film /m/0h2zvzr 1 1 1 1 1 1
/m/016k6x /film/actor/film./film/performance/film /m/0209hj 6 4 1 1 0 0
/m/02p65p /film/actor/film./film/performance/film /m/0hgnl3t 3 1 1 1 0 1
/m/01vhb0 /film/actor/film./film/performance/film /m/087vnr5 2 1 1 1 0 1
/m/02ndbd /film/actor/film./film/performance/film /m/02ndy4 3 1 1 1 0 1
/m/01gw4f /film/actor/film./film/performance/film /m/0cf08 2 1 1 1 0 1
/m/039x1k /film/actor/film./film/performance/film /m/0c9k8 3 1 1 1 0 1
/m/01kj0p /film/actor/film./film/performance/film /m/05v38p 6 3 1 1 0 0
/m/0jrqq /film/actor/film./film/performance/film /m/07j94 1 1 1 1 1 1
/m/015grj /film/actor/film./film/performance/film /m/0h03fhx 3 1 1 1 0 1
/m/03s2dj /film/actor/film./film/performance/film /m/02q5bx2 1 1 1 1 1 1
/m/01nwwl /film/actor/film./film/performance/film /m/034qmv 3 1 1 1 0 1
/m/01nwwl /film/actor/film./film/performance/film /m/04qw17 3 1 1 1 0 1
/m/04sry /film/actor/film./film/performance/film /m/02fttd 1 1 1 1 1 1
/m/01ckhj /film/actor/film./film/performance/film /m/0dscrwf 3 1 1 1 0 1
/m/01wwvt2 /film/actor/film./film/performance/film /m/0c9t0y 2 1 1 1 0 1
/m/01nms7 /film/actor/film./film/performance/film /m/07sc6nw 13973 13972 0 0 0 0
/m/0zcbl /film/actor/film./film/performance/film /m/05k4my 2 1 1 1 0 1
/m/055c8 /film/actor/film./film/performance/film /m/01q2nx 12802 12798 0 0 0 0
/m/01j5sv /film/actor/film./film/performance/film /m/0b85mm 6068 6067 0 0 0 0
/m/010p3 /film/actor/film./film/performance/film /m/0cc97st 1 1 1 1 1 1
/m/018ygt /film/actor/film./film/performance/film /m/04vr_f 1 1 1 1 1 1
/m/03kbb8 /film/actor/film./film/performance/film /m/0cmdwwg 1035 1031 0 0 0 0
/m/04qt29 /film/actor/film./film/performance/film /m/02825kb 2 1 1 1 0 1
/m/035rnz /film/actor/film./film/performance/film /m/09tqkv2 1 1 1 1 1 1
/m/06151l /film/actor/film./film/performance/film /m/084qpk 3 1 1 1 0 1
/m/04wp3s /film/actor/film./film/performance/film /m/05qbckf 7 1 1 1 0 1
/m/044mz_ /film/actor/film./film/performance/film /m/0fr63l 1 1 1 1 1 1
/m/0pmhf /film/actor/film./film/performance/film /m/02d413 2 1 1 1 0 1
/m/02t__l /film/actor/film./film/performance/film /m/01m13b 2 1 1 1 0 1
/m/0n839 /film/actor/film./film/performance/film /m/034qmv 3 1 1 1 0 1
/m/01r93l /film/actor/film./film/performance/film /m/0830vk 1 1 1 1 1 1
/m/0d05fv /film/actor/film./film/performance/film /m/0bhwhj 1 1 1 1 1 1
/m/01kb2j /film/actor/film./film/performance/film /m/07bwr 2 1 1 1 0 1
/m/0456xp /film/actor/film./film/performance/film /m/0456zg 1 1 1 1 1 1
/m/042z_g /film/actor/film./film/performance/film /m/05sxr_ 2 1 1 1 0 1
/m/01cj6y /film/actor/film./film/performance/film /m/03wy8t 5 1 1 1 0 1
/m/043kzcr /film/actor/film./film/performance/film /m/03qnc6q 2 1 1 1 0 1
/m/06wm0z /film/actor/film./film/performance/film /m/047bynf 1 1 1 1 1 1
/m/0bl2g /film/actor/film./film/performance/film /m/04k9y6 1943 1939 0 0 0 0
/m/057_yx /film/actor/film./film/performance/film /m/076zy_g 1 1 1 1 1 1
/m/015qq1 /film/actor/film./film/performance/film /m/037xlx 2 1 1 1 0 1
/m/047jhq /film/actor/film./film/performance/film /m/0f42nz 5 1 1 1 0 1
/m/01gbn6 /film/actor/film./film/performance/film /m/0fzm0g 4468 4467 0 0 0 0
/m/01kgg9 /film/actor/film./film/performance/film /m/01xlqd 3 1 1 1 0 1
/m/0392kz /film/actor/film./film/performance/film /m/02v5xg 1 1 1 1 1 1
/m/02d6n_ /film/actor/film./film/performance/film /m/01xlqd 3 1 1 1 0 1
/m/029ghl /film/actor/film./film/performance/film /m/082scv 1 1 1 1 1 1
/m/05gml8 /film/actor/film./film/performance/film /m/06rmdr 2 1 1 1 0 1
/m/038nv6 /film/actor/film./film/performance/film /m/0ds2n 3 1 1 1 0 1
/m/01wxyx1 /film/actor/film./film/performance/film /m/011wtv 2 1 1 1 0 1
/m/036hf4 /film/actor/film./film/performance/film /m/0421v9q 4 1 1 1 0 1
/m/02gvwz /film/actor/film./film/performance/film /m/0642xf3 1 1 1 1 1 1
/m/0bdt8 /film/actor/film./film/performance/film /m/0ktpx 2 1 1 1 0 1
/m/07fq1y /film/actor/film./film/performance/film /m/0340hj 5 1 1 1 0 1
/m/0h1nt /film/actor/film./film/performance/film /m/0bnzd 1 1 1 1 1 1
/m/01tvz5j /film/actor/film./film/performance/film /m/06__m6 1 1 1 1 1 1
/m/048s0r /film/actor/film./film/performance/film /m/01cmp9 4 1 1 1 0 1
/m/034x61 /film/actor/film./film/performance/film /m/0872p_c 2 1 1 1 0 1
/m/03kxdw /film/actor/film./film/performance/film /m/016017 1 1 1 1 1 1
/m/07nx9j /film/actor/film./film/performance/film /m/046f3p 3 1 1 1 0 1
/m/0blq0z /film/actor/film./film/performance/film /m/05n6sq 3 1 1 1 0 1
/m/015gsv /film/actor/film./film/performance/film /m/0340hj 4 1 1 1 0 1
/m/01rrwf6 /film/actor/film./film/performance/film /m/03h3x5 1 1 1 1 1 1
/m/01p7yb /film/actor/film./film/performance/film /m/0320fn 2564 2561 0 0 0 0
/m/01wbg84 /film/actor/film./film/performance/film /m/04jm_hq 3 1 1 1 0 1
/m/03p9hl /film/actor/film./film/performance/film /m/03phtz 2 1 1 1 0 1
/m/0pkr1 /film/actor/film./film/performance/film /m/034qmv 7178 7174 0 0 0 0
/m/02jsgf /film/actor/film./film/performance/film /m/016z9n 2 1 1 1 0 1
/m/024bbl /film/actor/film./film/performance/film /m/0gmcwlb 1 1 1 1 1 1
/m/032xhg /film/actor/film./film/performance/film /m/03clwtw 1 1 1 1 1 1
/m/0h5g_ /film/actor/film./film/performance/film /m/0bw20 2 1 1 1 0 1
/m/020trj /film/actor/film./film/performance/film /m/013q0p 3 1 1 1 0 1
/m/0bsb4j /film/actor/film./film/performance/film /m/0hwpz 8590 8586 0 0 0 0
/m/0jrny /film/actor/film./film/performance/film /m/024mxd 1 1 1 1 1 1
/m/0315q3 /film/actor/film./film/performance/film /m/0315w4 3 1 1 1 0 1
/m/02_p5w /film/actor/film./film/performance/film /m/0k2sk 3 1 1 1 0 1
/m/01l9p /film/actor/film./film/performance/film /m/06nr2h 1 1 1 1 1 1
/m/05fnl9 /film/actor/film./film/performance/film /m/0g4vmj8 3 1 1 1 0 1
/m/01cpqk /film/actor/film./film/performance/film /m/05jf85 4 2 1 1 0 0
/m/02jr26 /film/actor/film./film/performance/film /m/0gy2y8r 2 1 1 1 0 1
/m/0svqs /film/actor/film./film/performance/film /m/0mbql 6525 6524 0 0 0 0
/m/0dvmd /film/actor/film./film/performance/film /m/049xgc 6 1 1 1 0 1
/m/0c4f4 /film/actor/film./film/performance/film /m/0gyfp9c 3 1 1 1 0 1
/m/016ks_ /film/actor/film./film/performance/film /m/016kv6 3 2 1 1 0 0
/m/063g7l /film/actor/film./film/performance/film /m/053rxgm 5 1 1 1 0 1
/m/03_1pg /film/actor/film./film/performance/film /m/0h1x5f 5 1 1 1 0 1
/m/02661h /film/actor/film./film/performance/film /m/02q7fl9 4 1 1 1 0 1
/m/0g2lq /film/actor/film./film/performance/film /m/09m6kg 9 4 1 1 0 0
/m/013w7j /film/actor/film./film/performance/film /m/0344gc 3 1 1 1 0 1
/m/03cz9_ /film/actor/film./film/performance/film /m/02z5x7l 4 1 1 1 0 1
/m/0154qm /film/actor/film./film/performance/film /m/02mpyh 4 1 1 1 0 1
/m/015rkw /film/actor/film./film/performance/film /m/043t8t 3 1 1 1 0 1
/m/017r13 /film/actor/film./film/performance/film /m/0d61px 2 1 1 1 0 1
/m/04wp3s /film/actor/film./film/performance/film /m/03fts 3 1 1 1 0 1
/m/03gm48 /film/actor/film./film/performance/film /m/05pbl56 2 1 1 1 0 1
/m/01lqnff /film/actor/film./film/performance/film /m/06gb1w 7 1 1 1 0 1
/m/02p21g /film/actor/film./film/performance/film /m/0f4_l 6 1 1 1 0 1
/m/06mnbn /film/actor/film./film/performance/film /m/02qsqmq 2 1 1 1 0 1
/m/02p7_k /film/actor/film./film/performance/film /m/02ljhg 8760 8757 0 0 0 0
/m/028k57 /film/actor/film./film/performance/film /m/01xvjb 3 1 1 1 0 1
/m/046qq /film/actor/film./film/performance/film /m/032sl_ 2 1 1 1 0 1
/m/02lkcc /film/actor/film./film/performance/film /m/08952r 3 1 1 1 0 1
/m/02wgln /film/actor/film./film/performance/film /m/0symg 1 1 1 1 1 1
/m/018yj6 /film/actor/film./film/performance/film /m/02v8kmz 3137 3135 0 0 0 0
/m/02fgm7 /film/actor/film./film/performance/film /m/017jd9 8 1 1 1 0 1
/m/02js_6 /film/actor/film./film/performance/film /m/016017 1 1 1 1 1 1
/m/0kszw /film/actor/film./film/performance/film /m/09gq0x5 7 3 1 1 0 0
/m/0bxtg /film/actor/film./film/performance/film /m/0f4_2k 1 1 1 1 1 1
/m/0f7hc /film/actor/film./film/performance/film /m/026f__m 3 1 1 1 0 1
/m/0372kf /film/actor/film./film/performance/film /m/0sxfd 7893 7889 0 0 0 0
/m/0f2df /film/actor/film./film/performance/film /m/0ckrnn 3 1 1 1 0 1
/m/021vwt /film/actor/film./film/performance/film /m/049xgc 1879 1873 0 0 0 0
/m/014g_s /film/actor/film./film/performance/film /m/087vnr5 2 1 1 1 0 1
/m/01gvr1 /film/actor/film./film/performance/film /m/08l0x2 2 1 1 1 0 1
/m/01vvb4m /film/actor/film./film/performance/film /m/0b2km_ 1 1 1 1 1 1
/m/07d3z7 /film/actor/film./film/performance/film /m/0dsvzh 1 1 1 1 1 1
/m/01rcmg /film/actor/film./film/performance/film /m/033pf1 1 1 1 1 1 1
/m/01r7pq /film/actor/film./film/performance/film /m/02zk08 1 1 1 1 1 1
/m/05l0j5 /film/actor/film./film/performance/film /m/09p35z 14256 14254 0 0 0 0
/m/04zqmj /film/actor/film./film/performance/film /m/0bth54 2 1 1 1 0 1
/m/0g2lq /film/actor/film./film/performance/film /m/0hv8w 2 1 1 1 0 1
/m/086qd /film/actor/film./film/performance/film /m/0258dh 5 3 1 1 0 0
/m/02kxwk /film/actor/film./film/performance/film /m/04w7rn 2 1 1 1 0 1
/m/016ypb /film/actor/film./film/performance/film /m/017gm7 14 1 0 1 0 1
/m/048hf /film/actor/film./film/performance/film /m/0191n 3 1 1 1 0 1
/m/01jfrg /film/actor/film./film/performance/film /m/05zpghd 4 1 1 1 0 1
/m/029m83 /film/actor/film./film/performance/film /m/02qcr 2 1 1 1 0 1
/m/0dqcm /film/actor/film./film/performance/film /m/0dnw1 6 5 1 1 0 0
/m/0p_pd /film/actor/film./film/performance/film /m/02x8fs 3 1 1 1 0 1
/m/0kftt /film/actor/film./film/performance/film /m/0d4htf 2 1 1 1 0 1
/m/029q_y /film/actor/film./film/performance/film /m/02p86pb 3 1 1 1 0 1
/m/04mhxx /film/actor/film./film/performance/film /m/05n6sq 3 1 1 1 0 1
/m/03bdm4 /film/actor/film./film/performance/film /m/0cq8qq 1 1 1 1 1 1
/m/0147dk /film/actor/film./film/performance/film /m/01xbxn 1 1 1 1 1 1
/m/01r93l /film/actor/film./film/performance/film /m/04k9y6 2627 2624 0 0 0 0
/m/03kts /film/actor/film./film/performance/film /m/02qk3fk 1 1 1 1 1 1
/m/025t9b /film/actor/film./film/performance/film /m/0ds33 14914 14906 0 0 0 0
/m/0161h5 /film/actor/film./film/performance/film /m/0_7w6 1 1 1 1 1 1
/m/0kjrx /film/actor/film./film/performance/film /m/0gmd3k7 6432 6430 0 0 0 0
/m/01q_ph /film/actor/film./film/performance/film /m/02ntb8 2 1 1 1 0 1
/m/01cwcr /film/actor/film./film/performance/film /m/01npcx 4 1 1 1 0 1
/m/01vsy7t /film/actor/film./film/performance/film /m/01kjr0 2 1 1 1 0 1
/m/03h_9lg /film/actor/film./film/performance/film /m/06wbm8q 64 63 0 0 0 0
/m/0ksrf8 /film/actor/film./film/performance/film /m/07kh6f3 4 1 1 1 0 1
/m/06j8wx /film/actor/film./film/performance/film /m/08y2fn 1 1 1 1 1 1
/m/02_p5w /film/actor/film./film/performance/film /m/09v3jyg 1 1 1 1 1 1
/m/03kpvp /film/actor/film./film/performance/film /m/02sg5v 3 1 1 1 0 1
/m/0c9c0 /film/actor/film./film/performance/film /m/01sbv9 4 1 1 1 0 1
/m/01nfys /film/actor/film./film/performance/film /m/07yvsn 1 1 1 1 1 1
/m/01kwld /film/actor/film./film/performance/film /m/017gl1 7 1 1 1 0 1
/m/04sry /film/actor/film./film/performance/film /m/06cm5 1 1 1 1 1 1
/m/05zbm4 /film/actor/film./film/performance/film /m/03qcfvw 2639 2635 0 0 0 0
/m/025j1t /film/actor/film./film/performance/film /m/0bxsk 2 1 1 1 0 1
/m/01d_4t /film/actor/film./film/performance/film /m/03h3x5 2 1 1 1 0 1
/m/0fb1q /film/actor/film./film/performance/film /m/085bd1 8626 8623 0 0 0 0
/m/055c8 /film/actor/film./film/performance/film /m/021gzd 1 1 1 1 1 1
/m/09wj5 /film/actor/film./film/performance/film /m/017gm7 6 1 1 1 0 1
/m/045931 /film/actor/film./film/performance/film /m/09p4w8 3 1 1 1 0 1
/m/032w8h /film/actor/film./film/performance/film /m/0bmssv 10 6 1 1 0 0
/m/02661h /film/actor/film./film/performance/film /m/0bscw 1 1 1 1 1 1
/m/0301yj /film/actor/film./film/performance/film /m/03p2xc 3 1 1 1 0 1
/m/0pgjm /film/actor/film./film/performance/film /m/07tw_b 3 1 1 1 0 1
/m/0169dl /film/actor/film./film/performance/film /m/07nxvj 3 1 1 1 0 1
/m/06qgvf /film/actor/film./film/performance/film /m/0cz_ym 2 1 1 1 0 1
/m/02t1dv /film/actor/film./film/performance/film /m/0ckrgs 1 1 1 1 1 1
/m/01swck /film/actor/film./film/performance/film /m/047csmy 4 1 1 1 0 1
/m/0163r3 /film/actor/film./film/performance/film /m/01hvjx 3 1 1 1 0 1
/m/0f13b /film/actor/film./film/performance/film /m/0gc_c_ 3 1 1 1 0 1
/m/08vr94 /film/actor/film./film/performance/film /m/0g7pm1 7332 7329 0 0 0 0
/m/02l4pj /film/actor/film./film/performance/film /m/035s95 2 1 1 1 0 1
/m/0c_gcr /film/actor/film./film/performance/film /m/019vhk 4 1 1 1 0 1
/m/05ml_s /film/actor/film./film/performance/film /m/05t54s 2 1 1 1 0 1
/m/015pxr /film/actor/film./film/performance/film /m/04gv3db 2 1 1 1 0 1
/m/02js6_ /film/actor/film./film/performance/film /m/01zfzb 3613 3610 0 0 0 0
/m/01vw26l /film/actor/film./film/performance/film /m/01bb9r 1 1 1 1 1 1
/m/09fb5 /film/actor/film./film/performance/film /m/0yx1m 1 1 1 1 1 1
/m/0c0k1 /film/actor/film./film/performance/film /m/0dnqr 1 1 1 1 1 1
/m/086nl7 /film/actor/film./film/performance/film /m/02825kb 5377 5371 0 0 0 0
/m/01mqc_ /film/actor/film./film/performance/film /m/04x4nv 3 1 1 1 0 1
/m/078g3l /film/actor/film./film/performance/film /m/016ky6 3 1 1 1 0 1
/m/015qq1 /film/actor/film./film/performance/film /m/08l0x2 2 1 1 1 0 1
/m/0c6g1l /film/actor/film./film/performance/film /m/0b7l4x 1 1 1 1 1 1
/m/09l3p /film/actor/film./film/performance/film /m/062zjtt 7695 7693 0 0 0 0
/m/057176 /film/actor/film./film/performance/film /m/05p1qyh 2 1 1 1 0 1
/m/01nwwl /film/actor/film./film/performance/film /m/04qk12 1 1 1 1 1 1
/m/041c4 /film/actor/film./film/performance/film /m/0164qt 5 1 1 1 0 1
/m/04__f /film/actor/film./film/performance/film /m/0gl3hr 2 1 1 1 0 1
/m/03nkts /film/actor/film./film/performance/film /m/043h78 4844 4843 0 0 0 0
/m/071ywj /film/actor/film./film/performance/film /m/03m5y9p 2 1 1 1 0 1
/m/028d4v /film/actor/film./film/performance/film /m/0b76kw1 5 3 1 1 0 0
/m/0mdqp /film/actor/film./film/performance/film /m/01sbv9 3 1 1 1 0 1
/m/02qw2xb /film/actor/film./film/performance/film /m/0h1fktn 2 1 1 1 0 1
/m/0143wl /film/actor/film./film/performance/film /m/03h3x5 2 1 1 1 0 1
/m/04yyhw /film/actor/film./film/performance/film /m/035_2h 3 1 1 1 0 1
/m/0151w_ /film/actor/film./film/performance/film /m/02j69w 1 1 1 1 1 1
/m/0169dl /film/actor/film./film/performance/film /m/043tz0c 3 2 1 1 0 0
/m/050zr4 /film/actor/film./film/performance/film /m/03t79f 2 1 1 1 0 1
/m/0fthdk /film/actor/film./film/performance/film /m/02mmwk 4 2 1 1 0 0
/m/01chc7 /film/actor/film./film/performance/film /m/076xkps 1 1 1 1 1 1
/m/0151ns /film/actor/film./film/performance/film /m/0crc2cp 1 1 1 1 1 1
/m/085q5 /film/actor/film./film/performance/film /m/07bxqz 3 1 1 1 0 1
/m/085q5 /film/actor/film./film/performance/film /m/0dyb1 3 1 1 1 0 1
/m/019l68 /film/actor/film./film/performance/film /m/072192 5 4 1 1 0 0
/m/05cj4r /film/actor/film./film/performance/film /m/02wyzmv 14689 14688 0 0 0 0
/m/0k269 /film/actor/film./film/performance/film /m/03mh94 2 1 1 1 0 1
/m/02p21g /film/actor/film./film/performance/film /m/02pg45 11454 11450 0 0 0 0
/m/01l1b90 /film/actor/film./film/performance/film /m/0872p_c 6 2 1 1 0 0
/m/01wbg84 /film/actor/film./film/performance/film /m/02hxhz 3 1 1 1 0 1
/m/01ycbq /film/actor/film./film/performance/film /m/076xkps 9377 9376 0 0 0 0
/m/016ynj /film/actor/film./film/performance/film /m/08vd2q 1 1 1 1 1 1
/m/081lh /film/actor/film./film/performance/film /m/04t9c0 1 1 1 1 1 1
/m/02zfdp /film/actor/film./film/performance/film /m/04w7rn 2 1 1 1 0 1
/m/05dtwm /film/actor/film./film/performance/film /m/0b2km_ 1 1 1 1 1 1
/m/02x02kb /film/actor/film./film/performance/film /m/01p3ty 12860 12855 0 0 0 0
/m/039bp /film/actor/film./film/performance/film /m/02k1pr 1 1 1 1 1 1
/m/01xllf /film/actor/film./film/performance/film /m/02rrfzf 8840 8837 0 0 0 0
/m/046zh /film/actor/film./film/performance/film /m/09q23x 2 1 1 1 0 1
/m/0pz91 /film/actor/film./film/performance/film /m/02d003 1 1 1 1 1 1
/m/0k525 /film/actor/film./film/performance/film /m/03cp4cn 2 1 1 1 0 1
/m/05w1vf /film/actor/film./film/performance/film /m/03b1sb 3 1 1 1 0 1
/m/01gbbz /film/actor/film./film/performance/film /m/02_1sj 1 1 1 1 1 1
/m/01dw4q /film/actor/film./film/performance/film /m/02rrfzf 3 1 1 1 0 1
/m/0c0k1 /film/actor/film./film/performance/film /m/0llcx 5 4 1 1 0 0
/m/04shbh /film/actor/film./film/performance/film /m/05ch98 5052 5051 0 0 0 0
/m/03vrv9 /film/actor/film./film/performance/film /m/02ntb8 7 1 1 1 0 1
/m/01gw4f /film/actor/film./film/performance/film /m/07g1sm 5 1 1 1 0 1
/m/0372kf /film/actor/film./film/performance/film /m/04kzqz 1 1 1 1 1 1
/m/05fnl9 /film/actor/film./film/performance/film /m/05c26ss 3 1 1 1 0 1
/m/033jj1 /film/actor/film./film/performance/film /m/03tbg6 2 1 1 1 0 1
/m/016khd /film/actor/film./film/performance/film /m/011xg5 5063 5061 0 0 0 0
/m/022g44 /film/actor/film./film/performance/film /m/019vhk 4 1 1 1 0 1
/m/07ncs0 /film/actor/film./film/performance/film /m/03nm_fh 3 1 1 1 0 1
/m/03hhd3 /film/actor/film./film/performance/film /m/03h3x5 4370 4368 0 0 0 0
/m/0dzf_ /film/actor/film./film/performance/film /m/0bmssv 3 1 1 1 0 1
/m/06ltr /film/actor/film./film/performance/film /m/0b9rdk 5889 5888 0 0 0 0
/m/063g7l /film/actor/film./film/performance/film /m/0gffmn8 4 1 1 1 0 1
/m/01f7dd /film/actor/film./film/performance/film /m/049xgc 5 1 1 1 0 1
/m/0151w_ /film/actor/film./film/performance/film /m/011ypx 2 1 1 1 0 1
/m/01v80y /film/actor/film./film/performance/film /m/0291hr 1 1 1 1 1 1
/m/022qw7 /film/actor/film./film/performance/film /m/09p4w8 3 1 1 1 0 1
/m/015rkw /film/actor/film./film/performance/film /m/07nxvj 9 3 1 1 0 0
/m/06qgvf /film/actor/film./film/performance/film /m/03h_yy 3 1 1 1 0 1
/m/0f5xn /film/actor/film./film/performance/film /m/062zm5h 4 1 1 1 0 1
/m/01kkx2 /film/actor/film./film/performance/film /m/0cwy47 3 1 1 1 0 1
/m/02f2dn /film/actor/film./film/performance/film /m/026p4q7 1 1 1 1 1 1
/m/01dbgw /film/actor/film./film/performance/film /m/0283_zv 2 1 1 1 0 1
/m/0l12d /film/actor/film./film/performance/film /m/0dgpwnk 1 1 1 1 1 1
/m/02h0f3 /film/actor/film./film/performance/film /m/05ypj5 2 1 1 1 0 1
/m/0175wg /film/actor/film./film/performance/film /m/09zf_q 1 1 1 1 1 1
/m/01gkmx /film/actor/film./film/performance/film /m/01z452 2 1 1 1 0 1
/m/02jsgf /film/actor/film./film/performance/film /m/03qnvdl 3 1 1 1 0 1
/m/039bp /film/actor/film./film/performance/film /m/0277j40 3 1 1 1 0 1
/m/0432cd /film/actor/film./film/performance/film /m/03x7hd 2 1 1 1 0 1
/m/034np8 /film/actor/film./film/performance/film /m/0640y35 1 1 1 1 1 1
/m/0klh7 /film/actor/film./film/performance/film /m/033srr 3 1 1 1 0 1
/m/030hbp /film/actor/film./film/performance/film /m/02py4c8 1 1 1 1 1 1
/m/01mqnr /film/actor/film./film/performance/film /m/04x4nv 1 1 1 1 1 1
/m/01mqnr /film/actor/film./film/performance/film /m/02qzmz6 3 1 1 1 0 1
/m/03q43g /film/actor/film./film/performance/film /m/03x7hd 2 1 1 1 0 1
/m/0b25vg /film/actor/film./film/performance/film /m/047d21r 4 1 1 1 0 1
/m/01mqc_ /film/actor/film./film/performance/film /m/035s95 2 1 1 1 0 1
/m/0bxtg /film/actor/film./film/performance/film /m/0c3z0 2 2 1 1 0 0
/m/08x5c_ /film/actor/film./film/performance/film /m/060__7 1 1 1 1 1 1
/m/02d6n_ /film/actor/film./film/performance/film /m/01f8hf 2 1 1 1 0 1
/m/03cglm /film/actor/film./film/performance/film /m/01kff7 3 1 1 1 0 1
/m/02qgqt /film/actor/film./film/performance/film /m/0h7t36 6 1 1 1 0 1
/m/0jrqq /film/actor/film./film/performance/film /m/05k4my 1 1 1 1 1 1
/m/01vvb4m /film/actor/film./film/performance/film /m/05pdd86 2 1 1 1 0 1
/m/09r9dp /film/actor/film./film/performance/film /m/080lkt7 5523 5522 0 0 0 0
/m/07cjqy /film/actor/film./film/performance/film /m/047svrl 4 1 1 1 0 1
/m/03jj93 /film/actor/film./film/performance/film /m/0cc5qkt 1 1 1 1 1 1
/m/053xw6 /film/actor/film./film/performance/film /m/01gc7 1 1 1 1 1 1
/m/0m6x4 /film/actor/film./film/performance/film /m/0kb07 2 1 1 1 0 1
/m/030vnj /film/actor/film./film/performance/film /m/01l_pn 3 1 1 1 0 1
/m/083chw /film/actor/film./film/performance/film /m/047csmy 5673 5664 0 0 0 0
/m/070yzk /film/actor/film./film/performance/film /m/06g77c 2 1 1 1 0 1
/m/03ywyk /film/actor/film./film/performance/film /m/02nt3d 3 1 1 1 0 1
/m/01f6zc /film/actor/film./film/performance/film /m/031hcx 2 1 1 1 0 1
/m/0gd9k /film/actor/film./film/performance/film /m/048vhl 24 18 0 0 0 0
/m/01kt17 /film/actor/film./film/performance/film /m/0cwy47 3 1 1 1 0 1
/m/0p_pd /film/actor/film./film/performance/film /m/0gkz3nz 5 2 1 1 0 0
/m/03m6pk /film/actor/film./film/performance/film /m/03_gz8 3 1 1 1 0 1
/m/031sg0 /film/actor/film./film/performance/film /m/0kvf3b 3 1 1 1 0 1
/m/01ycbq /film/actor/film./film/performance/film /m/01jwxx 1 1 1 1 1 1
/m/03v1jf /film/actor/film./film/performance/film /m/0cd2vh9 4 1 1 1 0 1
/m/015vql /film/actor/film./film/performance/film /m/0286hyp 9369 9367 0 0 0 0
/m/0btpx /film/actor/film./film/performance/film /m/03nqnnk 3 1 1 1 0 1
/m/02r_d4 /film/actor/film./film/performance/film /m/05zpghd 4 1 1 1 0 1
/m/0fsm8c /film/actor/film./film/performance/film /m/08052t3 1 1 1 1 1 1
/m/063b4k /film/actor/film./film/performance/film /m/0cmf0m0 1 1 1 1 1 1
/m/0884fm /film/actor/film./film/performance/film /m/08phg9 1 1 1 1 1 1
/m/06mmb /film/actor/film./film/performance/film /m/020bv3 5 1 1 1 0 1
/m/01jgpsh /film/actor/film./film/performance/film /m/050xxm 2 1 1 1 0 1
/m/0pgm3 /film/actor/film./film/performance/film /m/011x_4 2 1 1 1 0 1
/m/03_wtr /film/actor/film./film/performance/film /m/0j43swk 2 1 1 1 0 1
/m/0c01c /film/actor/film./film/performance/film /m/01k0vq 3 1 1 1 0 1
/m/07swvb /film/actor/film./film/performance/film /m/075wx7_ 1 1 1 1 1 1
/m/02gf_l /film/actor/film./film/performance/film /m/0k54q 1 1 1 1 1 1
/m/0n6f8 /film/actor/film./film/performance/film /m/0296vv 1 1 1 1 1 1
/m/01vtj38 /film/actor/film./film/performance/film /m/07kb7vh 4 1 1 1 0 1
/m/01gq0b /film/actor/film./film/performance/film /m/01gwk3 1 1 1 1 1 1
/m/026l37 /film/actor/film./film/performance/film /m/06_wqk4 13072 13062 0 0 0 0
/m/02z1yj /film/actor/film./film/performance/film /m/09xbpt 6 1 1 1 0 1
/m/02qgqt /film/actor/film./film/performance/film /m/027r9t 4 1 1 1 0 1
/m/0ccqd7 /film/actor/film./film/performance/film /m/0gfzfj 7433 7425 0 0 0 0
/m/03pmzt /film/actor/film./film/performance/film /m/03cmsqb 2 1 1 1 0 1
/m/020x5r /film/actor/film./film/performance/film /m/0g_zyp 3 1 1 1 0 1
/m/0525b /film/actor/film./film/performance/film /m/01pv91 1 1 1 1 1 1
/m/08swgx /film/actor/film./film/performance/film /m/02wgk1 7 1 1 1 0 1
/m/01ft2l /film/actor/film./film/performance/film /m/0c57yj 3816 3815 0 0 0 0
/m/012q4n /film/actor/film./film/performance/film /m/0315rp 3 1 1 1 0 1
/m/0428bc /film/actor/film./film/performance/film /m/03sxd2 4 1 1 1 0 1
/m/016_mj /film/actor/film./film/performance/film /m/05c26ss 1 1 1 1 1 1
/m/044lyq /film/actor/film./film/performance/film /m/02tgz4 3 1 1 1 0 1
/m/049m19 /film/actor/film./film/performance/film /m/047q2k1 3 1 1 1 0 1
/m/055c8 /film/actor/film./film/performance/film /m/07jnt 1 1 1 1 1 1
/m/0j_c /film/actor/film./film/performance/film /m/0jwvf 1 1 1 1 1 1
/m/018ygt /film/actor/film./film/performance/film /m/049xgc 3 1 1 1 0 1
/m/0c35b1 /film/actor/film./film/performance/film /m/0963mq 1 1 1 1 1 1
/m/01k5zk /film/actor/film./film/performance/film /m/0jqn5 1 1 1 1 1 1
/m/03hh89 /film/actor/film./film/performance/film /m/0c3ybss 1 1 1 1 1 1
/m/0bksh /film/actor/film./film/performance/film /m/0cp0ph6 1 1 1 1 1 1
/m/0378zn /film/actor/film./film/performance/film /m/0fy34l 2 1 1 1 0 1
/m/01fwpt /film/actor/film./film/performance/film /m/025rxjq 2 1 1 1 0 1
/m/073749 /film/actor/film./film/performance/film /m/026hxwx 2 1 1 1 0 1
/m/07fpm3 /film/actor/film./film/performance/film /m/0d6_s 3 1 1 1 0 1
/m/01jfrg /film/actor/film./film/performance/film /m/0fb7sd 1 1 1 1 1 1
/m/020_95 /film/actor/film./film/performance/film /m/046f3p 2 1 1 1 0 1
/m/019l68 /film/actor/film./film/performance/film /m/01k7b0 1 1 1 1 1 1
/m/01twdk /film/actor/film./film/performance/film /m/07kb7vh 4 1 1 1 0 1
/m/02lj6p /film/actor/film./film/performance/film /m/03nx8mj 3 1 1 1 0 1
/m/03fbb6 /film/actor/film./film/performance/film /m/02wwmhc 1 1 1 1 1 1
/m/01fkv0 /film/actor/film./film/performance/film /m/026wlxw 10006 10001 0 0 0 0
/m/031k24 /film/actor/film./film/performance/film /m/09gdm7q 2 1 1 1 0 1
/m/0187y5 /film/actor/film./film/performance/film /m/07sp4l 2 1 1 1 0 1
/m/0227tr /film/actor/film./film/performance/film /m/03h3x5 2 1 1 1 0 1
/m/01bcq /film/actor/film./film/performance/film /m/03tps5 3 1 1 1 0 1
/m/0161h5 /film/actor/film./film/performance/film /m/0ckrnn 1 1 1 1 1 1
/m/0161h5 /film/actor/film./film/performance/film /m/029jt9 1 1 1 1 1 1
/m/06z8gn /film/actor/film./film/performance/film /m/023vcd 3 1 1 1 0 1
/m/02mxw0 /film/actor/film./film/performance/film /m/051ys82 2 1 1 1 0 1
/m/01l_yg /film/actor/film./film/performance/film /m/0k2sk 3 1 1 1 0 1
/m/05dbyt /film/actor/film./film/performance/film /m/05_5rjx 7840 7838 0 0 0 0
/m/03pp73 /film/actor/film./film/performance/film /m/02q0v8n 2 1 1 1 0 1
/m/0725ny /film/actor/film./film/performance/film /m/018nnz 3 1 1 1 0 1
/m/04353 /film/actor/film./film/performance/film /m/0pvms 3 1 1 1 0 1
/m/0bw87 /film/actor/film./film/performance/film /m/026gyn_ 1 1 1 1 1 1
/m/01ps2h8 /film/actor/film./film/performance/film /m/017gm7 6 1 1 1 0 1
/m/02t__3 /film/actor/film./film/performance/film /m/046f3p 3 1 1 1 0 1
/m/01mqnr /film/actor/film./film/performance/film /m/04smdd 2 1 1 1 0 1
/m/02p65p /film/actor/film./film/performance/film /m/02b6n9 6 3 1 1 0 0
/m/0315q3 /film/actor/film./film/performance/film /m/0c9t0y 2 1 1 1 0 1
/m/0241jw /film/actor/film./film/performance/film /m/0gs973 1 1 1 1 1 1
/m/01hcj2 /film/actor/film./film/performance/film /m/09lxv9 11041 11036 0 0 0 0
/m/0f7hc /film/actor/film./film/performance/film /m/0b1y_2 2 1 1 1 0 1
/m/02d6n_ /film/actor/film./film/performance/film /m/07gp9 2 1 1 1 0 1
/m/017yxq /film/actor/film./film/performance/film /m/04cppj 1 1 1 1 1 1
/m/0cg9f /film/actor/film./film/performance/film /m/0c8qq 1 1 1 1 1 1
/m/0372kf /film/actor/film./film/performance/film /m/01f69m 7711 7708 0 0 0 0
/m/01cpqk /film/actor/film./film/performance/film /m/07bxqz 1 1 1 1 1 1
/m/0168dy /film/actor/film./film/performance/film /m/04tqtl 4 1 1 1 0 1
/m/03n08b /film/actor/film./film/performance/film /m/0prrm 7088 7082 0 0 0 0
/m/0fgg4 /film/actor/film./film/performance/film /m/0c38gj 2 1 1 1 0 1
/m/01yzhn /film/actor/film./film/performance/film /m/0y_yw 4 1 1 1 0 1
/m/0l_dv /film/actor/film./film/performance/film /m/058kh7 1 1 1 1 1 1
/m/05p92jn /film/actor/film./film/performance/film /m/0bq8tmw 2 1 1 1 0 1
/m/04fzk /film/actor/film./film/performance/film /m/0cp0t91 14476 14474 0 0 0 0
/m/02x7vq /film/actor/film./film/performance/film /m/0h7t36 2 1 1 1 0 1
/m/011_3s /film/actor/film./film/performance/film /m/06q8qh 2 1 1 1 0 1
/m/0170pk /film/actor/film./film/performance/film /m/05pt0l 12665 12663 0 0 0 0
/m/01vh3r /film/actor/film./film/performance/film /m/03nfnx 8 1 1 1 0 1
/m/050zr4 /film/actor/film./film/performance/film /m/06q8qh 2 1 1 1 0 1
/m/050llt /film/actor/film./film/performance/film /m/09fn1w 5 3 1 1 0 0
/m/0fs9jn /film/actor/film./film/performance/film /m/076tw54 1 1 1 1 1 1
/m/04mg6l /film/actor/film./film/performance/film /m/0cz_ym 3 1 1 1 0 1
/m/03x22w /film/actor/film./film/performance/film /m/0g3zrd 7617 7614 0 0 0 0
/m/02_pft /film/actor/film./film/performance/film /m/0jvt9 1 1 1 1 1 1
/m/04v7kt /film/actor/film./film/performance/film /m/062zjtt 1 1 1 1 1 1
/m/0pmhf /film/actor/film./film/performance/film /m/076zy_g 1 1 1 1 1 1
/m/0jfx1 /film/actor/film./film/performance/film /m/04pk1f 1 1 1 1 1 1
/m/016dgz /film/actor/film./film/performance/film /m/0c_j9x 4 1 1 1 0 1
/m/01gkmx /film/actor/film./film/performance/film /m/0421ng 4 1 1 1 0 1
/m/013cr /film/actor/film./film/performance/film /m/04sh80 1 1 1 1 1 1
/m/05myd2 /film/actor/film./film/performance/film /m/0fphgb 2 1 1 1 0 1
/m/01vsn38 /film/actor/film./film/performance/film /m/025rxjq 3 1 1 1 0 1
/m/0147dk /film/actor/film./film/performance/film /m/01kff7 8 5 1 1 0 0
/m/09y20 /film/actor/film./film/performance/film /m/03hxsv 7 2 1 1 0 0
/m/06z8gn /film/actor/film./film/performance/film /m/078sj4 2 1 1 1 0 1
/m/01pcql /film/actor/film./film/performance/film /m/062zm5h 3277 3272 0 0 0 0
/m/037gjc /film/actor/film./film/performance/film /m/0f8j13 1 1 1 1 1 1
/m/01mqh5 /film/actor/film./film/performance/film /m/0dcz8_ 2 1 1 1 0 1
/m/02gf_l /film/actor/film./film/performance/film /m/063zky 1 1 1 1 1 1
/m/01phtd /film/actor/film./film/performance/film /m/03sxd2 4 1 1 1 0 1
/m/01kym3 /film/actor/film./film/performance/film /m/02z9hqn 1 1 1 1 1 1
/m/08wjf4 /film/actor/film./film/performance/film /m/0dzz6g 2 1 1 1 0 1
/m/01vtj38 /film/actor/film./film/performance/film /m/01k60v 1 1 1 1 1 1
/m/01l9p /film/actor/film./film/performance/film /m/0g5qs2k 2 1 1 1 0 1
/m/01l9p /film/actor/film./film/performance/film /m/0992d9 1 1 1 1 1 1
/m/016zp5 /film/actor/film./film/performance/film /m/04ltlj 2 1 1 1 0 1
/m/0dn44 /film/actor/film./film/performance/film /m/04zl8 4 1 1 1 0 1
/m/0cg9f /film/actor/film./film/performance/film /m/0kvb6p 2 1 1 1 0 1
/m/03f1zdw /film/actor/film./film/performance/film /m/020bv3 8 3 1 1 0 0
/m/0372kf /film/actor/film./film/performance/film /m/05jf85 1 1 1 1 1 1
/m/0301bq /film/actor/film./film/performance/film /m/05fcbk7 1 1 1 1 1 1
/m/043zg /film/actor/film./film/performance/film /m/0315w4 1 1 1 1 1 1
/m/059xnf /film/actor/film./film/performance/film /m/02wgbb 3 1 1 1 0 1
/m/03w4sh /film/actor/film./film/performance/film /m/047qxs 1 1 1 1 1 1
/m/01f7dd /film/actor/film./film/performance/film /m/0170yd 2 1 1 1 0 1
/m/07yp0f /film/actor/film./film/performance/film /m/0992d9 629 628 0 0 0 0
/m/06b4wb /film/actor/film./film/performance/film /m/0jnwx 2 1 1 1 0 1
/m/02vr7 /film/actor/film./film/performance/film /m/03hfmm 2 1 1 1 0 1
/m/01pkhw /film/actor/film./film/performance/film /m/01_0f7 3 1 1 1 0 1
/m/01_xtx /film/actor/film./film/performance/film /m/06_wqk4 8 1 1 1 0 1
/m/03qd_ /film/actor/film./film/performance/film /m/01hv3t 4 1 1 1 0 1
/m/01wjrn /film/actor/film./film/performance/film /m/063y9fp 3 1 1 1 0 1
/m/0sz28 /film/actor/film./film/performance/film /m/02d478 1 1 1 1 1 1
/m/0kftt /film/actor/film./film/performance/film /m/02qydsh 4 1 1 1 0 1
/m/01fkv0 /film/actor/film./film/performance/film /m/01_mdl 9 4 1 1 0 0
/m/0dgskx /film/actor/film./film/performance/film /m/016z7s 3 1 1 1 0 1
/m/039bp /film/actor/film./film/performance/film /m/0_92w 3 1 1 1 0 1
/m/02wr6r /film/actor/film./film/performance/film /m/0p_rk 6 4 1 1 0 0
/m/01jb26 /film/actor/film./film/performance/film /m/0prrm 5 1 1 1 0 1
/m/01gw8b /film/actor/film./film/performance/film /m/0ds35l9 7 2 1 1 0 0
/m/030hbp /film/actor/film./film/performance/film /m/03lvwp 2 1 1 1 0 1
/m/01wy5m /film/actor/film./film/performance/film /m/03bxp5 1 1 1 1 1 1
/m/04bd8y /film/actor/film./film/performance/film /m/0315rp 3 1 1 1 0 1
/m/0gqrb /film/actor/film./film/performance/film /m/0k4kk 1 1 1 1 1 1
/m/018db8 /film/actor/film./film/performance/film /m/046488 5128 5126 0 0 0 0
/m/016tb7 /film/actor/film./film/performance/film /m/03s5lz 2 1 1 1 0 1
/m/0h7pj /film/actor/film./film/performance/film /m/0gffmn8 3 1 1 1 0 1
/m/0h7pj /film/actor/film./film/performance/film /m/03rtz1 2 1 1 1 0 1
/m/024n3z /film/actor/film./film/performance/film /m/08phg9 1 1 1 1 1 1
/m/02qfhb /film/actor/film./film/performance/film /m/024lt6 3 1 1 1 0 1
/m/014g22 /film/actor/film./film/performance/film /m/0421v9q 5 1 1 1 0 1
/m/0436kgz /film/actor/film./film/performance/film /m/02lk60 3 1 1 1 0 1
/m/093l8p /film/actor/film./film/performance/film /m/03zqc1 1 1 1 1 1 1
/m/0gpprt /film/actor/film./film/performance/film /m/033fqh 5 1 1 1 0 1
/m/014zcr /film/actor/film./film/performance/film /m/0gg5qcw 1 1 1 1 1 1
/m/01g257 /film/actor/film./film/performance/film /m/0284b56 1 1 1 1 1 1
/m/015pkc /film/actor/film./film/performance/film /m/0f8j13 1 1 1 1 1 1
/m/02qgyv /film/actor/film./film/performance/film /m/01hqhm 3 1 1 1 0 1
/m/05kwx2 /film/actor/film./film/performance/film /m/031hcx 3 1 1 1 0 1
/m/02t_vx /film/actor/film./film/performance/film /m/0170_p 2 1 1 1 0 1
/m/06ltr /film/actor/film./film/performance/film /m/02q8ms8 2 1 1 1 0 1
/m/01nr63 /film/actor/film./film/performance/film /m/05fm6m 3 1 1 1 0 1
/m/0jbp0 /film/actor/film./film/performance/film /m/014lc_ 3 1 1 1 0 1
/m/049g_xj /film/actor/film./film/performance/film /m/047p798 3 1 1 1 0 1
/m/0151w_ /film/actor/film./film/performance/film /m/048vhl 2 1 1 1 0 1
/m/03_wpf /film/actor/film./film/performance/film /m/03mgx6z 1 1 1 1 1 1
/m/0m6x4 /film/actor/film./film/performance/film /m/0gnkb 9802 9800 0 0 0 0
/m/0d_84 /film/actor/film./film/performance/film /m/02y_lrp 4333 4329 0 0 0 0
/m/03hh89 /film/actor/film./film/performance/film /m/07yvsn 1 1 1 1 1 1
/m/0693l /film/actor/film./film/performance/film /m/0gwjw0c 1 1 1 1 1 1
/m/083chw /film/actor/film./film/performance/film /m/027r9t 4 1 1 1 0 1
/m/05dbf /film/actor/film./film/performance/film /m/04jplwp 2 1 1 1 0 1
/m/02tv80 /film/actor/film./film/performance/film /m/0jdgr 2 1 1 1 0 1
/m/07f0tw /film/actor/film./film/performance/film /m/07vfy4 3257 3256 0 0 0 0
/m/01v42g /film/actor/film./film/performance/film /m/01ffx4 2 1 1 1 0 1
/m/016kb7 /film/actor/film./film/performance/film /m/042y1c 5 3 1 1 0 0
/m/03jldb /film/actor/film./film/performance/film /m/0gtsxr4 1 1 1 1 1 1
/m/02nwxc /film/actor/film./film/performance/film /m/03vyw8 3 1 1 1 0 1
/m/014x77 /film/actor/film./film/performance/film /m/02q8ms8 2 1 1 1 0 1
/m/02bj6k /film/actor/film./film/performance/film /m/0416y94 2 1 1 1 0 1
/m/03m6_z /film/actor/film./film/performance/film /m/02x0fs9 1 1 1 1 1 1
/m/0bwh6 /film/actor/film./film/performance/film /m/0dr89x 1 1 1 1 1 1
/m/01rzqj /film/actor/film./film/performance/film /m/09p4w8 6 3 1 1 0 0
/m/074tb5 /film/actor/film./film/performance/film /m/02704ff 3 1 1 1 0 1
/m/033hqf /film/actor/film./film/performance/film /m/0k4f3 2 1 1 1 0 1
/m/0ck91 /film/actor/film./film/performance/film /m/04yc76 9679 9676 0 0 0 0
/m/08jtv5 /film/actor/film./film/performance/film /m/02xbyr 1 1 1 1 1 1
/m/01vswx5 /film/actor/film./film/performance/film /m/0dtzkt 2 1 1 1 0 1
/m/01lbp /film/actor/film./film/performance/film /m/07h9gp 9 6 1 1 0 0
/m/0171cm /film/actor/film./film/performance/film /m/0bnzd 2 1 1 1 0 1
/m/03vrv9 /film/actor/film./film/performance/film /m/029k4p 4 1 1 1 0 1
/m/02184q /film/actor/film./film/performance/film /m/018js4 1 1 1 1 1 1
/m/015vq_ /film/actor/film./film/performance/film /m/02vqhv0 1 1 1 1 1 1
/m/0h0yt /film/actor/film./film/performance/film /m/04jpg2p 5 1 1 1 0 1
/m/015grj /film/actor/film./film/performance/film /m/0bscw 1 1 1 1 1 1
/m/02qgyv /film/actor/film./film/performance/film /m/0cc97st 1 1 1 1 1 1
/m/01qr1_ /film/actor/film./film/performance/film /m/0456zg 1 1 1 1 1 1
/m/02__7n /film/actor/film./film/performance/film /m/01cmp9 1 1 1 1 1 1
/m/04fzk /film/actor/film./film/performance/film /m/03wy8t 5 1 1 1 0 1
/m/0391jz /film/actor/film./film/performance/film /m/02xtxw 2 1 1 1 0 1
/m/0lpjn /film/actor/film./film/performance/film /m/072zl1 2 1 1 1 0 1
/m/09yrh /film/actor/film./film/performance/film /m/02nt3d 2 1 1 1 0 1
/m/01pkhw /film/actor/film./film/performance/film /m/0bs5vty 1 1 1 1 1 1
/m/02m501 /film/actor/film./film/performance/film /m/05qbckf 6 1 1 1 0 1
/m/06cgy /film/actor/film./film/performance/film /m/03tps5 1 1 1 1 1 1
/m/015rkw /film/actor/film./film/performance/film /m/03hxsv 4 1 1 1 0 1
/m/06qgvf /film/actor/film./film/performance/film /m/04tqtl 4 1 1 1 0 1
/m/03cxsvl /film/actor/film./film/performance/film /m/0h1fktn 3 1 1 1 0 1
/m/01pk3z /film/actor/film./film/performance/film /m/0h1cdwq 1 1 1 1 1 1
/m/0kjgl /film/actor/film./film/performance/film /m/02rq8k8 1 1 1 1 1 1
/m/09zmys /film/actor/film./film/performance/film /m/06g77c 1 1 1 1 1 1
/m/0175wg /film/actor/film./film/performance/film /m/0gtv7pk 2 1 1 1 0 1
/m/0kftt /film/actor/film./film/performance/film /m/0kcn7 2 1 1 1 0 1
/m/06w2sn5 /film/actor/film./film/performance/film /m/0661m4p 4 1 1 1 0 1
/m/01pj5q /film/actor/film./film/performance/film /m/028_yv 1 1 1 1 1 1
/m/04w391 /film/actor/film./film/performance/film /m/047csmy 1 1 1 1 1 1
/m/02lkcc /film/actor/film./film/performance/film /m/03s9kp 2 1 1 1 0 1
/m/0c_gcr /film/actor/film./film/performance/film /m/04qw17 2 1 1 1 0 1
/m/06z8gn /film/actor/film./film/performance/film /m/01svry 2 1 1 1 0 1
/m/032xhg /film/actor/film./film/performance/film /m/0g0x9c 2 1 1 1 0 1
/m/01j5ts /film/actor/film./film/performance/film /m/03kxj2 1 1 1 1 1 1
/m/0z4s /film/actor/film./film/performance/film /m/08gg47 1 1 1 1 1 1
/m/0c6qh /film/actor/film./film/performance/film /m/08nvyr 1 1 1 1 1 1
/m/042gr4 /film/actor/film./film/performance/film /m/08fbnx 1 1 1 1 1 1
/m/016z2j /film/actor/film./film/performance/film /m/0320fn 3 1 1 1 0 1
/m/02p65p /film/actor/film./film/performance/film /m/0ptdz 10482 10481 0 0 0 0
/m/01gbn6 /film/actor/film./film/performance/film /m/07phbc 2 1 1 1 0 1
/m/0241jw /film/actor/film./film/performance/film /m/02dr9j 2 1 1 1 0 1
/m/01dw9z /film/actor/film./film/performance/film /m/034qbx 1 1 1 1 1 1
/m/016khd /film/actor/film./film/performance/film /m/0c0yh4 2 1 1 1 0 1
/m/0241wg /film/actor/film./film/performance/film /m/01p3ty 1 1 1 1 1 1
/m/0zcbl /film/actor/film./film/performance/film /m/050gkf 2 1 1 1 0 1
/m/039g82 /film/actor/film./film/performance/film /m/0kbwb 3 1 1 1 0 1
/m/023kzp /film/actor/film./film/performance/film /m/0c9t0y 2 1 1 1 0 1
/m/0170qf /film/actor/film./film/performance/film /m/02pjc1h 2 1 1 1 0 1
/m/0hwbd /film/actor/film./film/performance/film /m/06krf3 1 1 1 1 1 1
/m/02mhfy /film/actor/film./film/performance/film /m/0291ck 3 1 1 1 0 1
/m/016vg8 /film/actor/film./film/performance/film /m/0bwhdbl 3 1 1 1 0 1
/m/0gnbw /film/actor/film./film/performance/film /m/0sxns 6 2 1 1 0 0
/m/0gnbw /film/actor/film./film/performance/film /m/0bpm4yw 2 1 1 1 0 1
/m/086sj /film/actor/film./film/performance/film /m/09k56b7 2 1 1 1 0 1
/m/018p4y /film/actor/film./film/performance/film /m/014kq6 7 1 1 1 0 1
/m/05vsxz /film/actor/film./film/performance/film /m/02yy9r 1 1 1 1 1 1
/m/015wfg /film/actor/film./film/performance/film /m/01b195 11498 11492 0 0 0 0
/m/015wfg /film/actor/film./film/performance/film /m/0jyb4 2157 2154 0 0 0 0
/m/09zmys /film/actor/film./film/performance/film /m/01gvts 7 4 1 1 0 0
/m/0139q5 /film/actor/film./film/performance/film /m/027m67 2 1 1 1 0 1
/m/04gc65 /film/actor/film./film/performance/film /m/07sc6nw 1 1 1 1 1 1
/m/0h7dd /film/actor/film./film/performance/film /m/0gnjh 6 5 1 1 0 0
/m/02l4pj /film/actor/film./film/performance/film /m/011ywj 5 1 1 1 0 1
/m/048lv /film/actor/film./film/performance/film /m/0yyn5 2 1 1 1 0 1
/m/01cwcr /film/actor/film./film/performance/film /m/02rrfzf 1 1 1 1 1 1
/m/0131kb /film/actor/film./film/performance/film /m/01wb95 5809 5808 0 0 0 0
/m/01ps2h8 /film/actor/film./film/performance/film /m/0cp0t91 1 1 1 1 1 1
/m/0jrny /film/actor/film./film/performance/film /m/05cvgl 3 1 1 1 0 1
/m/045gzq /film/actor/film./film/performance/film /m/0sxmx 3 1 1 1 0 1
/m/0fbx6 /film/actor/film./film/performance/film /m/0pv3x 1 1 1 1 1 1
/m/0c0k1 /film/actor/film./film/performance/film /m/02tktw 2016 2015 0 0 0 0
/m/0ly5n /film/actor/film./film/performance/film /m/0htww 3149 3146 0 0 0 0
/m/016z2j /film/actor/film./film/performance/film /m/016z5x 2 1 1 1 0 1
/m/01w9wwg /film/actor/film./film/performance/film /m/08hmch 3 1 1 1 0 1
/m/043hg /film/actor/film./film/performance/film /m/01rwyq 3 1 1 1 0 1
/m/016zp5 /film/actor/film./film/performance/film /m/017jd9 10 1 1 1 0 1
/m/0fpj4lx /film/actor/film./film/performance/film /m/0dzlbx 14229 14222 0 0 0 0
/m/0159h6 /film/actor/film./film/performance/film /m/02q7fl9 6 2 1 1 0 0
/m/02mjf2 /film/actor/film./film/performance/film /m/0260bz 3 1 1 1 0 1
/m/069nzr /film/actor/film./film/performance/film /m/0fb7sd 1 1 1 1 1 1
/m/0svqs /film/actor/film./film/performance/film /m/02v8kmz 2 1 1 1 0 1
/m/01w0yrc /film/actor/film./film/performance/film /m/0241y7 1664 1663 0 0 0 0
/m/015gy7 /film/actor/film./film/performance/film /m/015gm8 4 2 1 1 0 0
/m/0zcbl /film/actor/film./film/performance/film /m/06lpmt 2 1 1 1 0 1
/m/028d4v /film/actor/film./film/performance/film /m/01fmys 2 1 1 1 0 1
/m/028d4v /film/actor/film./film/performance/film /m/028kj0 3913 3911 0 0 0 0
/m/07r_dg /film/actor/film./film/performance/film /m/06w99h3 2 1 1 1 0 1
/m/01p8r8 /film/actor/film./film/performance/film /m/013q0p 1570 1567 0 0 0 0
/m/018ygt /film/actor/film./film/performance/film /m/01qxc7 2 1 1 1 0 1
/m/0blbxk /film/actor/film./film/performance/film /m/0g7pm1 3 1 1 1 0 1
/m/023zsh /film/actor/film./film/performance/film /m/03m5y9p 2 1 1 1 0 1
/m/09yrh /film/actor/film./film/performance/film /m/03mh_tp 1 1 1 1 1 1
/m/02dbn2 /film/actor/film./film/performance/film /m/02pxst 2 1 1 1 0 1
/m/01n1gc /film/actor/film./film/performance/film /m/05567m 3 1 1 1 0 1
/m/0378zn /film/actor/film./film/performance/film /m/02825nf 3 1 1 1 0 1
/m/01pcrw /film/actor/film./film/performance/film /m/01mszz 3 1 1 1 0 1
/m/01kymm /film/actor/film./film/performance/film /m/0dr1c2 1568 1566 0 0 0 0
/m/0292l3 /film/actor/film./film/performance/film /m/0dx8gj 2 1 1 1 0 1
/m/01v42g /film/actor/film./film/performance/film /m/0bz6sq 3 1 1 1 0 1
/m/01pnn3 /film/actor/film./film/performance/film /m/02_1sj 1 1 1 1 1 1
/m/016srn /film/actor/film./film/performance/film /m/01b195 12797 12791 0 0 0 0
/m/031y07 /film/actor/film./film/performance/film /m/0gzy02 9605 9603 0 0 0 0
/m/015t56 /film/actor/film./film/performance/film /m/01q2nx 1 1 1 1 1 1
/m/02bh9 /film/actor/film./film/performance/film /m/0243cq 2 1 1 1 0 1
/m/076689 /film/actor/film./film/performance/film /m/083skw 1 1 1 1 1 1
/m/030hbp /film/actor/film./film/performance/film /m/08sk8l 11642 11640 0 0 0 0
/m/01_rh4 /film/actor/film./film/performance/film /m/015bpl 5 1 1 1 0 1
/m/0sw6g /film/actor/film./film/performance/film /m/01pvxl 3 1 1 1 0 1
/m/0171cm /film/actor/film./film/performance/film /m/02mt51 3 1 1 1 0 1
/m/02lf1j /film/actor/film./film/performance/film /m/0dgrwqr 1 1 1 1 1 1
/m/0mfj2 /film/actor/film./film/performance/film /m/058kh7 2 1 1 1 0 1
/m/05qg6g /film/actor/film./film/performance/film /m/0b6l1st 2 1 1 1 0 1
/m/079vf /film/actor/film./film/performance/film /m/012s1d 1 1 1 1 1 1
/m/0c4f4 /film/actor/film./film/performance/film /m/01s7w3 1 1 1 1 1 1
/m/04__f /film/actor/film./film/performance/film /m/01_mdl 4 1 1 1 0 1
/m/0408np /film/actor/film./film/performance/film /m/011ysn 9427 9423 0 0 0 0
/m/02661h /film/actor/film./film/performance/film /m/016dj8 5 1 1 1 0 1
/m/01fx5l /film/actor/film./film/performance/film /m/0p_th 3 1 1 1 0 1
/m/01fx5l /film/actor/film./film/performance/film /m/0b4lkx 2 1 1 1 0 1
/m/018ygt /film/actor/film./film/performance/film /m/0gj8t_b 1 1 1 1 1 1
/m/01wk7ql /film/actor/film./film/performance/film /m/05c9zr 1 1 1 1 1 1
/m/01d1st /film/actor/film./film/performance/film /m/08r4x3 5 1 1 1 0 1
/m/03pmty /film/actor/film./film/performance/film /m/0h03fhx 4 1 1 1 0 1
/m/032zg9 /film/actor/film./film/performance/film /m/01qb559 4 1 1 1 0 1
/m/0dt645q /film/actor/film./film/performance/film /m/0bh72t 2 1 1 1 0 1
/m/06pcz0 /film/actor/film./film/performance/film /m/0cp0ph6 2 1 1 1 0 1
/m/0jfx1 /film/actor/film./film/performance/film /m/0n_hp 1 1 1 1 1 1
/m/018009 /film/actor/film./film/performance/film /m/01jrbb 2 1 1 1 0 1
/m/0mz73 /film/actor/film./film/performance/film /m/04q827 1 1 1 1 1 1
/m/02yxwd /film/actor/film./film/performance/film /m/08c4yn 1 1 1 1 1 1
/m/0147dk /film/actor/film./film/performance/film /m/057__d 1 1 1 1 1 1
/m/02r_d4 /film/actor/film./film/performance/film /m/098s2w 3 1 1 1 0 1
/m/0fsm8c /film/actor/film./film/performance/film /m/0by1wkq 3 1 1 1 0 1
/m/02mxw0 /film/actor/film./film/performance/film /m/09q23x 4 1 1 1 0 1
/m/018grr /film/actor/film./film/performance/film /m/087vnr5 1 1 1 1 1 1
/m/02lnhv /film/actor/film./film/performance/film /m/0fdv3 6 1 1 1 0 1
/m/03m3nzf /film/actor/film./film/performance/film /m/0fqt1ns 3 1 1 1 0 1
/m/01fh9 /film/actor/film./film/performance/film /m/05fgt1 1 1 1 1 1 1
/m/01fh9 /film/actor/film./film/performance/film /m/01jzyf 1 1 1 1 1 1
/m/02p65p /film/actor/film./film/performance/film /m/0418wg 5 1 1 1 0 1
/m/07r1h /film/actor/film./film/performance/film /m/02mmwk 1 1 1 1 1 1
/m/0315q3 /film/actor/film./film/performance/film /m/056xkh 4 1 1 1 0 1
/m/01l9p /film/actor/film./film/performance/film /m/03m8y5 1 1 1 1 1 1
/m/05bnp0 /film/actor/film./film/performance/film /m/0bvn25 5 1 1 1 0 1
/m/02jm0n /film/actor/film./film/performance/film /m/07tw_b 3229 3224 0 0 0 0
/m/026v437 /film/actor/film./film/performance/film /m/083shs 3 1 1 1 0 1
/m/01c65z /film/actor/film./film/performance/film /m/0gmcwlb 2 1 1 1 0 1
/m/0zcbl /film/actor/film./film/performance/film /m/04t9c0 3 1 1 1 0 1
/m/055c8 /film/actor/film./film/performance/film /m/01jft4 2 1 1 1 0 1
/m/033m23 /film/actor/film./film/performance/film /m/02_qt 1 1 1 1 1 1
/m/0169dl /film/actor/film./film/performance/film /m/078sj4 2 1 1 1 0 1
/m/01hkhq /film/actor/film./film/performance/film /m/05fcbk7 1 1 1 1 1 1
/m/012g92 /film/actor/film./film/performance/film /m/0n08r 1 1 1 1 1 1
/m/073749 /film/actor/film./film/performance/film /m/0888c3 5 1 1 1 0 1
/m/0f4vbz /film/actor/film./film/performance/film /m/07nxvj 6 1 1 1 0 1
/m/01f6zc /film/actor/film./film/performance/film /m/02fqrf 2 1 1 1 0 1
/m/02s2ft /film/actor/film./film/performance/film /m/0gltv 4969 4967 0 0 0 0
/m/06x58 /film/actor/film./film/performance/film /m/0640m69 3 1 1 1 0 1
/m/0gn30 /film/actor/film./film/performance/film /m/02scbv 1 1 1 1 1 1
/m/073w14 /film/actor/film./film/performance/film /m/09gmmt6 1 1 1 1 1 1
/m/01y64_ /film/actor/film./film/performance/film /m/05v38p 2 1 1 1 0 1
/m/03rl84 /film/actor/film./film/performance/film /m/047msdk 2 1 1 1 0 1
/m/0c3p7 /film/actor/film./film/performance/film /m/0yx7h 1 1 1 1 1 1
/m/01kgxf /film/actor/film./film/performance/film /m/047qxs 1 1 1 1 1 1
/m/01xcfy /film/actor/film./film/performance/film /m/02dr9j 4 2 1 1 0 0
/m/04x1_w /film/actor/film./film/performance/film /m/0cc5mcj 1803 1801 0 0 0 0
/m/0jvtp /film/actor/film./film/performance/film /m/0jqd3 2 1 1 1 0 1
/m/03n52j /film/actor/film./film/performance/film /m/0b6m5fy 2 1 1 1 0 1
/m/057_yx /film/actor/film./film/performance/film /m/04fzfj 1 1 1 1 1 1
/m/016z2j /film/actor/film./film/performance/film /m/07w8fz 6 1 1 1 0 1
/m/01kwh5j /film/actor/film./film/performance/film /m/05pyrb 1 1 1 1 1 1
/m/07r1h /film/actor/film./film/performance/film /m/02ryz24 2 1 1 1 0 1
/m/07r1h /film/actor/film./film/performance/film /m/01q7h2 1 1 1 1 1 1
/m/018db8 /film/actor/film./film/performance/film /m/0jjy0 2 1 1 1 0 1
/m/0p9gg /film/actor/film./film/performance/film /m/01lbcqx 10951 10944 0 0 0 0
/m/01cpqk /film/actor/film./film/performance/film /m/04smdd 5 2 1 1 0 0
/m/01fx2g /film/actor/film./film/performance/film /m/0f8j13 1 1 1 1 1 1
/m/0p8r1 /film/actor/film./film/performance/film /m/0f3m1 3502 3497 0 0 0 0
/m/02cllz /film/actor/film./film/performance/film /m/02qhlwd 1 1 1 1 1 1
/m/0c1pj /film/actor/film./film/performance/film /m/04jn6y7 5 4 1 1 0 0
/m/019pm_ /film/actor/film./film/performance/film /m/06lpmt 13460 13457 0 0 0 0
/m/0b1q7c /film/actor/film./film/performance/film /m/0ddcbd5 2 1 1 1 0 1
/m/05kwx2 /film/actor/film./film/performance/film /m/02wk7b 2 1 1 1 0 1
/m/04qsdh /film/actor/film./film/performance/film /m/09fc83 3 1 1 1 0 1
/m/0zcbl /film/actor/film./film/performance/film /m/07nt8p 1 1 1 1 1 1
/m/02t_tp /film/actor/film./film/performance/film /m/0bmhvpr 1 1 1 1 1 1
/m/02t_tp /film/actor/film./film/performance/film /m/0234j5 1 1 1 1 1 1
/m/013pk3 /film/actor/film./film/performance/film /m/0bz6sq 3 1 1 1 0 1
/m/03mg35 /film/actor/film./film/performance/film /m/02vqsll 9 6 1 1 0 0
/m/018swb /film/actor/film./film/performance/film /m/050r1z 2 1 1 1 0 1
/m/02k4gv /film/actor/film./film/performance/film /m/02rrh1w 1 1 1 1 1 1
/m/01wgx4 /film/actor/film./film/performance/film /m/01wb95 1 1 1 1 1 1
/m/0169dl /film/actor/film./film/performance/film /m/03s6l2 4 1 1 1 0 1
/m/01d0fp /film/actor/film./film/performance/film /m/035s95 2 1 1 1 0 1
/m/044zvm /film/actor/film./film/performance/film /m/03nx8mj 3 1 1 1 0 1
/m/0lbj1 /film/actor/film./film/performance/film /m/01dvbd 8527 8525 0 0 0 0
/m/01f6zc /film/actor/film./film/performance/film /m/06ztvyx 4 1 1 1 0 1
/m/030znt /film/actor/film./film/performance/film /m/064ndc 1 1 1 1 1 1
/m/015p37 /film/actor/film./film/performance/film /m/03lrht 3 1 1 1 0 1
/m/0c3jz /film/actor/film./film/performance/film /m/0c0zq 8 4 1 1 0 0
/m/0k_mt /film/actor/film./film/performance/film /m/0bs8hvm 1 1 1 1 1 1
/m/04vq3h /film/actor/film./film/performance/film /m/01r97z 3 1 1 1 0 1
/m/07vc_9 /film/actor/film./film/performance/film /m/08hmch 4 1 1 1 0 1
/m/046qq /film/actor/film./film/performance/film /m/0p_qr 1 1 1 1 1 1
/m/01pg1d /film/actor/film./film/performance/film /m/016y_f 3 1 1 1 0 1
/m/01j5ts /film/actor/film./film/performance/film /m/04smdd 2 1 1 1 0 1
/m/01hbq0 /film/actor/film./film/performance/film /m/042g97 3 1 1 1 0 1
/m/01wy5m /film/actor/film./film/performance/film /m/0fzm0g 1 1 1 1 1 1
/m/0159h6 /film/actor/film./film/performance/film /m/0_b3d 3 1 1 1 0 1
/m/04bdxl /film/actor/film./film/performance/film /m/09txzv 1 1 1 1 1 1
/m/01tcf7 /film/actor/film./film/performance/film /m/0b4lkx 1 1 1 1 1 1
/m/01qscs /film/actor/film./film/performance/film /m/09cr8 14 4 0 1 0 0
/m/019pm_ /film/actor/film./film/performance/film /m/01r97z 1 1 1 1 1 1
/m/012q4n /film/actor/film./film/performance/film /m/011yhm 3 1 1 1 0 1
/m/03hhd3 /film/actor/film./film/performance/film /m/0dc_ms 2 1 1 1 0 1
/m/057176 /film/actor/film./film/performance/film /m/05q_dw 1 1 1 1 1 1
/m/049fgvm /film/actor/film./film/performance/film /m/05zpghd 3 1 1 1 0 1
/m/05zbm4 /film/actor/film./film/performance/film /m/0cmdwwg 5 2 1 1 0 0
/m/0p17j /film/actor/film./film/performance/film /m/02v5_g 3 1 1 1 0 1
/m/01wl38s /film/actor/film./film/performance/film /m/0dtzkt 2 1 1 1 0 1
/m/02tr7d /film/actor/film./film/performance/film /m/0gy7bj4 1 1 1 1 1 1
/m/01r9md /film/actor/film./film/performance/film /m/02qdrjx 3 1 1 1 0 1
/m/011zd3 /film/actor/film./film/performance/film /m/09146g 4 1 1 1 0 1
/m/0356dp /film/actor/film./film/performance/film /m/031778 10 1 1 1 0 1
/m/01kwsg /film/actor/film./film/performance/film /m/0661m4p 3 1 1 1 0 1
/m/02_p8v /film/actor/film./film/performance/film /m/01hp5 2 1 1 1 0 1
/m/013knm /film/actor/film./film/performance/film /m/0322yj 2 1 1 1 0 1
/m/06cgy /film/actor/film./film/performance/film /m/02fttd 3 1 1 1 0 1
/m/015rkw /film/actor/film./film/performance/film /m/031hcx 11 1 0 1 0 1
/m/01nm3s /film/actor/film./film/performance/film /m/01jnc_ 2 1 1 1 0 1
/m/04mlmx /film/actor/film./film/performance/film /m/042fgh 9 3 1 1 0 0
/m/0170s4 /film/actor/film./film/performance/film /m/0c3xw46 2 1 1 1 0 1
/m/03fbb6 /film/actor/film./film/performance/film /m/0pvms 11 7 0 1 0 0
/m/0pmhf /film/actor/film./film/performance/film /m/023gxx 1 1 1 1 1 1
/m/06mnbn /film/actor/film./film/performance/film /m/0ddbjy4 1 1 1 1 1 1
/m/04hpck /film/actor/film./film/performance/film /m/0d99k_ 1 1 1 1 1 1
/m/091yn0 /film/actor/film./film/performance/film /m/0gc_c_ 2 1 1 1 0 1
/m/02zrv7 /film/actor/film./film/performance/film /m/04cppj 2 1 1 1 0 1
/m/03bggl /film/actor/film./film/performance/film /m/01wb95 5614 5613 0 0 0 0
/m/01kb2j /film/actor/film./film/performance/film /m/0ddf2bm 4 1 1 1 0 1
/m/06qgjh /film/actor/film./film/performance/film /m/06c0ns 2 1 1 1 0 1
/m/01nr36 /film/actor/film./film/performance/film /m/0bh8yn3 2 1 1 1 0 1
/m/01cj6y /film/actor/film./film/performance/film /m/08s6mr 4 1 1 1 0 1
/m/0m0hw /film/actor/film./film/performance/film /m/016y_f 3 1 1 1 0 1
/m/03f1r6t /film/actor/film./film/performance/film /m/0ch3qr1 6 1 1 1 0 1
/m/01wy5m /film/actor/film./film/performance/film /m/0djlxb 1 1 1 1 1 1
/m/0h0wc /film/actor/film./film/performance/film /m/0jyx6 2 1 1 1 0 1
/m/06g2d1 /film/actor/film./film/performance/film /m/05sy_5 2 1 1 1 0 1
/m/02cpb7 /film/actor/film./film/performance/film /m/02b61v 3 1 1 1 0 1
/m/0141kz /film/actor/film./film/performance/film /m/0209hj 8187 8183 0 0 0 0
/m/02jm0n /film/actor/film./film/performance/film /m/035gnh 3 1 1 1 0 1
/m/04t969 /film/actor/film./film/performance/film /m/0299hs 1 1 1 1 1 1
/m/0cj8x /film/actor/film./film/performance/film /m/04v89z 1 1 1 1 1 1
/m/01wb8bs /film/actor/film./film/performance/film /m/034qbx 1088 1085 0 0 0 0
/m/0dzf_ /film/actor/film./film/performance/film /m/0jnwx 1 1 1 1 1 1
/m/044lyq /film/actor/film./film/performance/film /m/02qlp4 2 1 1 1 0 1
/m/0170qf /film/actor/film./film/performance/film /m/05p09dd 9982 9979 0 0 0 0
/m/06rq2l /film/actor/film./film/performance/film /m/03z20c 2 1 1 1 0 1
/m/053xw6 /film/actor/film./film/performance/film /m/0g5879y 2 1 1 1 0 1
/m/08w7vj /film/actor/film./film/performance/film /m/0g3zrd 2 1 1 1 0 1
/m/04j5fx /film/actor/film./film/performance/film /m/0dd6bf 2 1 1 1 0 1
/m/03k545 /film/actor/film./film/performance/film /m/03cp4cn 2 1 1 1 0 1
/m/02jtjz /film/actor/film./film/performance/film /m/061681 3 1 1 1 0 1
/m/0bksh /film/actor/film./film/performance/film /m/02qydsh 3 1 1 1 0 1
/m/03l3jy /film/actor/film./film/performance/film /m/01k0vq 5 1 1 1 0 1
/m/013knm /film/actor/film./film/performance/film /m/0418wg 9 1 1 1 0 1
/m/01fwpt /film/actor/film./film/performance/film /m/03h3x5 2 1 1 1 0 1
/m/016ypb /film/actor/film./film/performance/film /m/017gl1 10 1 1 1 0 1
/m/0347xz /film/actor/film./film/performance/film /m/04tz52 1 1 1 1 1 1
/m/05lb65 /film/actor/film./film/performance/film /m/01cycq 7474 7471 0 0 0 0
/m/01t2h2 /film/actor/film./film/performance/film /m/02qd04y 1 1 1 1 1 1
/m/03xb2w /film/actor/film./film/performance/film /m/02ph9tm 3 1 1 1 0 1
/m/01csvq /film/actor/film./film/performance/film /m/0jsf6 10 3 1 1 0 0
/m/016z68 /film/actor/film./film/performance/film /m/07j8r 5 3 1 1 0 0
/m/028lc8 /film/actor/film./film/performance/film /m/0jym0 2 1 1 1 0 1
/m/03m6_z /film/actor/film./film/performance/film /m/0g4vmj8 2 1 1 1 0 1
/m/0g_92 /film/actor/film./film/performance/film /m/01lbcqx 6123 6117 0 0 0 0
/m/05mlqj /film/actor/film./film/performance/film /m/02825nf 8619 8616 0 0 0 0
/m/04twmk /film/actor/film./film/performance/film /m/04sh80 1 1 1 1 1 1
/m/025t9b /film/actor/film./film/performance/film /m/031786 5 1 1 1 0 1
/m/06z8gn /film/actor/film./film/performance/film /m/011ycb 12776 12770 0 0 0 0
/m/03bggl /film/actor/film./film/performance/film /m/0pd57 4 1 1 1 0 1
/m/043js /film/actor/film./film/performance/film /m/070g7 1 1 1 1 1 1
/m/018grr /film/actor/film./film/performance/film /m/034qzw 1 1 1 1 1 1
/m/0z4s /film/actor/film./film/performance/film /m/0kv238 2 1 1 1 0 1
/m/02w29z /film/actor/film./film/performance/film /m/034qrh 5 1 1 1 0 1
/m/05zjx /film/actor/film./film/performance/film /m/0243cq 1 1 1 1 1 1
/m/040696 /film/actor/film./film/performance/film /m/08phg9 1 1 1 1 1 1
/m/01qg7c /film/actor/film./film/performance/film /m/016dj8 4 1 1 1 0 1
/m/02fgm7 /film/actor/film./film/performance/film /m/05qbbfb 2 1 1 1 0 1
/m/01wyzyl /film/actor/film./film/performance/film /m/016kv6 1 1 1 1 1 1
/m/0h7pj /film/actor/film./film/performance/film /m/053rxgm 3 1 1 1 0 1
/m/0h7pj /film/actor/film./film/performance/film /m/0ds33 1 1 1 1 1 1
/m/016zp5 /film/actor/film./film/performance/film /m/016z7s 2 1 1 1 0 1
/m/02ch1w /film/actor/film./film/performance/film /m/0291ck 1 1 1 1 1 1
/m/05fnl9 /film/actor/film./film/performance/film /m/07024 6 1 1 1 0 1
/m/03q3sy /film/actor/film./film/performance/film /m/03cyslc 1 1 1 1 1 1
