/m/0prjs /film/director/film /m/062zjtt 1 1 1 1 1 1
/m/05_k56 /film/director/film /m/01jrbb 1 1 1 1 1 1
/m/0gv40 /film/director/film /m/0bl5c 1 1 1 1 1 1
/m/0kr5_ /film/director/film /m/017kct 1 1 1 1 1 1
/m/07rd7 /film/director/film /m/09g7vfw 1 1 1 1 1 1
/m/06chf /film/director/film /m/02q0k7v 1 1 1 1 1 1
/m/014hdb /film/director/film /m/040b5k 1 1 1 1 1 1
/m/05kfs /film/director/film /m/049mql 1 1 1 1 1 1
/m/022_q8 /film/director/film /m/041td_ 1 1 1 1 1 1
/m/041c4 /film/director/film /m/01sxly 1 1 1 1 1 1
/m/02kxbx3 /film/director/film /m/07bwr 2 1 1 1 0 1
/m/06b_0 /film/director/film /m/0qmfk 1 1 1 1 1 1
/m/02hfp_ /film/director/film /m/0g83dv 1 1 1 1 1 1
/m/02mt4k /film/director/film /m/0h7t36 1 1 1 1 1 1
/m/0162c8 /film/director/film /m/02gpkt 1 1 1 1 1 1
/m/01wg982 /film/director/film /m/084qpk 4 1 1 1 0 1
/m/0b478 /film/director/film /m/0gtx63s 1 1 1 1 1 1
/m/012vby /film/director/film /m/02q52q 1 1 1 1 1 1
/m/02vyw /film/director/film /m/0hmm7 1 1 1 1 1 1
/m/09p06 /film/director/film /m/04tng0 1 1 1 1 1 1
/m/01wg982 /film/director/film /m/09qljs 1 1 1 1 1 1
/m/02fcs2 /film/director/film /m/08mg_b 1 1 1 1 1 1
/m/07rd7 /film/director/film /m/0g56t9t 1 1 1 1 1 1
/m/04g3p5 /film/director/film /m/0c38gj 1 1 1 1 1 1
/m/01zfmm /film/director/film /m/0gmblvq 1 1 1 1 1 1
/m/030vmc /film/director/film /m/0f7hw 1 1 1 1 1 1
/m/0g2lq /film/director/film /m/01hw5kk 1802 1802 0 0 0 0
/m/041jlr /film/director/film /m/0gvvm6l 1 1 1 1 1 1
/m/0c12h /film/director/film /m/02x6dqb 1 1 1 1 1 1
/m/03nk3t /film/director/film /m/025rxjq 431 431 0 0 0 0
/m/06pk8 /film/director/film /m/01z452 5 5 1 1 0 0
/m/012vct /film/director/film /m/0m_mm 1 1 1 1 1 1
/m/0byfz /film/director/film /m/0kt_4 1 1 1 1 1 1
/m/02r6c_ /film/director/film /m/03lvwp 1 1 1 1 1 1
/m/02kxbwx /film/director/film /m/0b6tzs 2 1 1 1 0 1
/m/05_k56 /film/director/film /m/03whyr 1 1 1 1 1 1
/m/0kvqv /film/director/film /m/03qnc6q 1 1 1 1 1 1
/m/05kfs /film/director/film /m/016kv6 1 1 1 1 1 1
/m/05kh_ /film/director/film /m/01lsl 1 1 1 1 1 1
/m/04hw4b /film/director/film /m/048tv9 1 1 1 1 1 1
/m/02tn0_ /film/director/film /m/076zy_g 1 1 1 1 1 1
/m/0h5j77 /film/director/film /m/015g28 2 1 1 1 0 1
/m/02kxbwx /film/director/film /m/05fgt1 2 1 1 1 0 1
/m/072vj /film/director/film /m/02wgk1 1 1 1 1 1 1
/m/04ld94 /film/director/film /m/09tkzy 1 1 1 1 1 1
/m/0343h /film/director/film /m/0dtfn 1 1 1 1 1 1
/m/0362q0 /film/director/film /m/03l6q0 1 1 1 1 1 1
/m/06chf /film/director/film /m/017n9 1 1 1 1 1 1
/m/06chf /film/director/film /m/03q5db 1 1 1 1 1 1
/m/022_lg /film/director/film /m/04gknr 14468 14468 0 0 0 0
/m/013zyw /film/director/film /m/02v63m 1 1 1 1 1 1
/m/01p6xx /film/director/film /m/09p4w8 1 1 1 1 1 1
/m/06jz0 /film/director/film /m/0pdp8 3 3 1 1 0 0
/m/013tcv /film/director/film /m/01cssf 1 1 1 1 1 1
/m/01r2c7 /film/director/film /m/04j14qc 1 1 1 1 1 1
/m/0bwh6 /film/director/film /m/0g54xkt 1 1 1 1 1 1
/m/06pjs /film/director/film /m/03sxd2 1 1 1 1 1 1
/m/0bs8d /film/director/film /m/097zcz 1 1 1 1 1 1
/m/02qzjj /film/director/film /m/0ds33 2 2 1 1 0 0
/m/06pj8 /film/director/film /m/04t6fk 1 1 1 1 1 1
/m/0bwh6 /film/director/film /m/04q01mn 1 1 1 1 1 1
/m/02ld6x /film/director/film /m/043t8t 1 1 1 1 1 1
/m/02lfwp /film/director/film /m/08sfxj 3 3 1 1 0 0
/m/0flddp /film/director/film /m/0kbf1 1 1 1 1 1 1
/m/09p06 /film/director/film /m/03rg2b 1 1 1 1 1 1
/m/0gv40 /film/director/film /m/04v8x9 1 1 1 1 1 1
/m/04k25 /film/director/film /m/01m13b 1 1 1 1 1 1
/m/021lby /film/director/film /m/03lrqw 1 1 1 1 1 1
/m/0g2lq /film/director/film /m/0f4_2k 1 1 1 1 1 1
/m/0f13b /film/director/film /m/0m5s5 1 1 1 1 1 1
/m/06pj8 /film/director/film /m/0hfzr 1 1 1 1 1 1
/m/0171lb /film/director/film /m/0h3k3f 1 1 1 1 1 1
/m/06pj8 /film/director/film /m/011wtv 1 1 1 1 1 1
/m/03_gd /film/director/film /m/0bth54 1 1 1 1 1 1
/m/0362q0 /film/director/film /m/0ckt6 1 1 1 1 1 1
/m/0bwh6 /film/director/film /m/0dr89x 1 1 1 1 1 1
/m/02ld6x /film/director/film /m/0gkz3nz 1 1 1 1 1 1
/m/02lfwp /film/director/film /m/0qm9n 1 1 1 1 1 1
/m/01g1lp /film/director/film /m/03hkch7 1 1 1 1 1 1
/m/02r5w9 /film/director/film /m/0bs5k8r 1 1 1 1 1 1
/m/0bzyh /film/director/film /m/011ywj 3 3 1 1 0 0
/m/096hm /film/director/film /m/01k5y0 1 1 1 1 1 1
/m/032v0v /film/director/film /m/0b76d_m 1 1 1 1 1 1
/m/017c87 /film/director/film /m/03hj5lq 1 1 1 1 1 1
/m/02kxbwx /film/director/film /m/0dnvn3 2 1 1 1 0 1
/m/01twdk /film/director/film /m/0dzlbx 1 1 1 1 1 1
/m/06pj8 /film/director/film /m/04mcw4 1 1 1 1 1 1
/m/05drq5 /film/director/film /m/03ntbmw 9065 9065 0 0 0 0
/m/0bxtg /film/director/film /m/015g28 1 1 1 1 1 1
/m/062ftr /film/director/film /m/0ds35l9 1 1 1 1 1 1
/m/0c921 /film/director/film /m/0b_5d 1 1 1 1 1 1
/m/01vb6z /film/director/film /m/0f40w 1 1 1 1 1 1
/m/02r5w9 /film/director/film /m/03lv4x 1 1 1 1 1 1
/m/01pjr7 /film/director/film /m/03s5lz 1 1 1 1 1 1
/m/081lh /film/director/film /m/0hmr4 1 1 1 1 1 1
/m/036jb /film/director/film /m/0h0wd9 1 1 1 1 1 1
/m/0136g9 /film/director/film /m/03ydlnj 1 1 1 1 1 1
/m/0py5b /film/director/film /m/0m491 1 1 1 1 1 1
/m/01vb6z /film/director/film /m/011ykb 1 1 1 1 1 1
/m/0b455l /film/director/film /m/0gkz15s 1 1 1 1 1 1
/m/045cq /film/director/film /m/0dp7wt 1 1 1 1 1 1
/m/04k25 /film/director/film /m/023g6w 1 1 1 1 1 1
/m/06cv1 /film/director/film /m/029k4p 1 1 1 1 1 1
/m/04ld94 /film/director/film /m/0_9l_ 1 1 1 1 1 1
/m/02pv_d /film/director/film /m/04b2qn 1 1 1 1 1 1
/m/0436kgz /film/director/film /m/0dpl44 1 1 1 1 1 1
