/m/02vz6dn /film/film/distributors./film/film_film_distributor_relationship/distributor /m/03xq0f 16 2 0 1 0 0
/m/09sh8k /film/film/distributors./film/film_film_distributor_relationship/distributor /m/016tt2 6 1 1 1 0 1
/m/04ydr95 /film/film/distributors./film/film_film_distributor_relationship/distributor /m/017s11 403 342 0 0 0 0
/m/02qzmz6 /film/film/distributors./film/film_film_distributor_relationship/distributor /m/05qd_ 60 4 0 1 0 0
/m/07j8r /film/film/distributors./film/film_film_distributor_relationship/distributor /m/01w92 12519 12519 0 0 0 0
/m/02wgk1 /film/film/distributors./film/film_film_distributor_relationship/distributor /m/017s11 16 1 0 1 0 1
/m/0fgrm /film/film/distributors./film/film_film_distributor_relationship/distributor /m/01795t 17 1 0 1 0 1
/m/0bz6sq /film/film/distributors./film/film_film_distributor_relationship/distributor /m/017s11 32 1 0 1 0 1
/m/011wtv /film/film/distributors./film/film_film_distributor_relationship/distributor /m/016tt2 50 3 0 1 0 0
/m/0gzy02 /film/film/distributors./film/film_film_distributor_relationship/distributor /m/0g1rw 57 29 0 0 0 0
/m/02ny6g /film/film/distributors./film/film_film_distributor_relationship/distributor /m/086k8 71 1 0 1 0 1
/m/05ypj5 /film/film/distributors./film/film_film_distributor_relationship/distributor /m/016tw3 20 1 0 1 0 1
/m/05b6rdt /film/film/distributors./film/film_film_distributor_relationship/distributor /m/016tw3 18 1 0 1 0 1
/m/016ky6 /film/film/distributors./film/film_film_distributor_relationship/distributor /m/016tt2 54 3 0 1 0 0
/m/0cc5mcj /film/film/distributors./film/film_film_distributor_relationship/distributor /m/03xq0f 32 4 0 1 0 0
/m/09txzv /film/film/distributors./film/film_film_distributor_relationship/distributor /m/086k8 54 1 0 1 0 1
/m/0blpg /film/film/distributors./film/film_film_distributor_relationship/distributor /m/0jz9f 14 1 0 1 0 1
/m/0cn_b8 /film/film/distributors./film/film_film_distributor_relationship/distributor /m/016tw3 20 1 0 1 0 1
/m/072r5v /film/film/distributors./film/film_film_distributor_relationship/distributor /m/016tt2 149 91 0 0 0 0
/m/02tktw /film/film/distributors./film/film_film_distributor_relationship/distributor /m/01gb54 15 1 0 1 0 1
/m/09v42sf /film/film/distributors./film/film_film_distributor_relationship/distributor /m/05d6q1 14289 14282 0 0 0 0
/m/04gv3db /film/film/distributors./film/film_film_distributor_relationship/distributor /m/03xq0f 40 4 0 1 0 0
/m/0dd6bf /film/film/distributors./film/film_film_distributor_relationship/distributor /m/07k2x 1 1 1 1 1 1
/m/02rrfzf /film/film/distributors./film/film_film_distributor_relationship/distributor /m/0jz9f 5 1 1 1 0 1
/m/01lsl /film/film/distributors./film/film_film_distributor_relationship/distributor /m/0k9ctht 3 1 1 1 0 1
/m/0p3_y /film/film/distributors./film/film_film_distributor_relationship/distributor /m/016tt2 17 1 0 1 0 1
/m/016fyc /film/film/distributors./film/film_film_distributor_relationship/distributor /m/016tw3 33 1 0 1 0 1
/m/0h1v19 /film/film/distributors./film/film_film_distributor_relationship/distributor /m/086k8 9 1 1 1 0 1
/m/05567m /film/film/distributors./film/film_film_distributor_relationship/distributor /m/03xq0f 25 2 0 1 0 0
/m/0p_rk /film/film/distributors./film/film_film_distributor_relationship/distributor /m/05qd_ 51 3 0 1 0 0
/m/0466s8n /film/film/distributors./film/film_film_distributor_relationship/distributor /m/032j_n 10 1 1 1 0 1
/m/0bmch_x /film/film/distributors./film/film_film_distributor_relationship/distributor /m/086k8 55 1 0 1 0 1
/m/01fx6y /film/film/distributors./film/film_film_distributor_relationship/distributor /m/0g1rw 12 1 0 1 0 1
/m/0ccd3x /film/film/distributors./film/film_film_distributor_relationship/distributor /m/017jv5 11 1 0 1 0 1
/m/03hj3b3 /film/film/distributors./film/film_film_distributor_relationship/distributor /m/0g1rw 17 1 0 1 0 1
/m/021y7yw /film/film/distributors./film/film_film_distributor_relationship/distributor /m/025jfl 7 1 1 1 0 1
/m/049xgc /film/film/distributors./film/film_film_distributor_relationship/distributor /m/0jz9f 16 1 0 1 0 1
/m/076zy_g /film/film/distributors./film/film_film_distributor_relationship/distributor /m/016tt2 16 1 0 1 0 1
/m/09gmmt6 /film/film/distributors./film/film_film_distributor_relationship/distributor /m/054lpb6 3815 3812 0 0 0 0
/m/01xvjb /film/film/distributors./film/film_film_distributor_relationship/distributor /m/020h2v 10 1 1 1 0 1
/m/0gtv7pk /film/film/distributors./film/film_film_distributor_relationship/distributor /m/06jntd 4 1 1 1 0 1
/m/01qz5 /film/film/distributors./film/film_film_distributor_relationship/distributor /m/086k8 55 1 0 1 0 1
/m/0cfhfz /film/film/distributors./film/film_film_distributor_relationship/distributor /m/05d6kv 1 1 1 1 1 1
/m/0pd6l /film/film/distributors./film/film_film_distributor_relationship/distributor /m/017s11 38 1 0 1 0 1
/m/03cw411 /film/film/distributors./film/film_film_distributor_relationship/distributor /m/061dn_ 1 1 1 1 1 1
/m/07q1m /film/film/distributors./film/film_film_distributor_relationship/distributor /m/01795t 15 1 0 1 0 1
/m/0258dh /film/film/distributors./film/film_film_distributor_relationship/distributor /m/086k8 28 1 0 1 0 1
/m/012gk9 /film/film/distributors./film/film_film_distributor_relationship/distributor /m/05qd_ 21 1 0 1 0 1
/m/0jzw /film/film/distributors./film/film_film_distributor_relationship/distributor /m/03xsby 9 1 1 1 0 1
/m/0f7hw /film/film/distributors./film/film_film_distributor_relationship/distributor /m/05qd_ 33 1 0 1 0 1
/m/03hp2y1 /film/film/distributors./film/film_film_distributor_relationship/distributor /m/016tw3 28 1 0 1 0 1
/m/06krf3 /film/film/distributors./film/film_film_distributor_relationship/distributor /m/05qd_ 391 329 0 0 0 0
/m/072hx4 /film/film/distributors./film/film_film_distributor_relationship/distributor /m/03xsby 465 454 0 0 0 0
/m/031hcx /film/film/distributors./film/film_film_distributor_relationship/distributor /m/03xq0f 13 2 0 1 0 0
/m/011yth /film/film/distributors./film/film_film_distributor_relationship/distributor /m/020h2v 5 1 1 1 0 1
/m/0gy7bj4 /film/film/distributors./film/film_film_distributor_relationship/distributor /m/024rbz 5 1 1 1 0 1
/m/02x6dqb /film/film/distributors./film/film_film_distributor_relationship/distributor /m/03xq0f 18 2 0 1 0 0
/m/09cxm4 /film/film/distributors./film/film_film_distributor_relationship/distributor /m/086k8 67 1 0 1 0 1
/m/0286vp /film/film/distributors./film/film_film_distributor_relationship/distributor /m/01f_mw 2 1 1 1 0 1
/m/011yn5 /film/film/distributors./film/film_film_distributor_relationship/distributor /m/030_1m 4 1 1 1 0 1
/m/07f_7h /film/film/distributors./film/film_film_distributor_relationship/distributor /m/017s11 20 1 0 1 0 1
/m/02jxrw /film/film/distributors./film/film_film_distributor_relationship/distributor /m/0jz9f 6383 6360 0 0 0 0
/m/0ptdz /film/film/distributors./film/film_film_distributor_relationship/distributor /m/016tw3 24 1 0 1 0 1
/m/0cp0t91 /film/film/distributors./film/film_film_distributor_relationship/distributor /m/024rbz 7424 7414 0 0 0 0
/m/01k7b0 /film/film/distributors./film/film_film_distributor_relationship/distributor /m/016tt2 27 1 0 1 0 1
/m/0g_zyp /film/film/distributors./film/film_film_distributor_relationship/distributor /m/086k8 75 1 0 1 0 1
/m/02qyv3h /film/film/distributors./film/film_film_distributor_relationship/distributor /m/054g1r 8 1 1 1 0 1
/m/048scx /film/film/distributors./film/film_film_distributor_relationship/distributor /m/024rgt 17 1 0 1 0 1
/m/02mc5v /film/film/distributors./film/film_film_distributor_relationship/distributor /m/032j_n 9 1 1 1 0 1
/m/06wbm8q /film/film/distributors./film/film_film_distributor_relationship/distributor /m/05qd_ 366 304 0 0 0 0
/m/03f7xg /film/film/distributors./film/film_film_distributor_relationship/distributor /m/03x_k5m 1 1 1 1 1 1
/m/01shy7 /film/film/distributors./film/film_film_distributor_relationship/distributor /m/05qd_ 56 3 0 1 0 0
/m/070g7 /film/film/distributors./film/film_film_distributor_relationship/distributor /m/03xsby 9 1 1 1 0 1
/m/0ggbhy7 /film/film/distributors./film/film_film_distributor_relationship/distributor /m/024rbz 4 1 1 1 0 1
/m/02fttd /film/film/distributors./film/film_film_distributor_relationship/distributor /m/016tt2 17 1 0 1 0 1
/m/06gjk9 /film/film/distributors./film/film_film_distributor_relationship/distributor /m/01gb54 27 4 0 1 0 0
/m/0bl5c /film/film/distributors./film/film_film_distributor_relationship/distributor /m/0k9ctht 5 1 1 1 0 1
/m/0h1cdwq /film/film/distributors./film/film_film_distributor_relationship/distributor /m/016tt2 4 1 1 1 0 1
/m/0c38gj /film/film/distributors./film/film_film_distributor_relationship/distributor /m/086k8 84 2 0 1 0 0
/m/02pb2bp /film/film/distributors./film/film_film_distributor_relationship/distributor /m/030_1m 9 1 1 1 0 1
/m/0kb07 /film/film/distributors./film/film_film_distributor_relationship/distributor /m/05qd_ 50 2 0 1 0 0
/m/09q23x /film/film/distributors./film/film_film_distributor_relationship/distributor /m/0jz9f 15 1 0 1 0 1
/m/0bj25 /film/film/distributors./film/film_film_distributor_relationship/distributor /m/016tt2 17 1 0 1 0 1
/m/0286gm1 /film/film/distributors./film/film_film_distributor_relationship/distributor /m/086k8 63 1 0 1 0 1
/m/01pgp6 /film/film/distributors./film/film_film_distributor_relationship/distributor /m/016tt2 23 1 0 1 0 1
/m/031hcx /film/film/distributors./film/film_film_distributor_relationship/distributor /m/086k8 34 1 0 1 0 1
/m/026p4q7 /film/film/distributors./film/film_film_distributor_relationship/distributor /m/05qd_ 41 1 0 1 0 1
/m/05_5rjx /film/film/distributors./film/film_film_distributor_relationship/distributor /m/086k8 54 1 0 1 0 1
/m/027r9t /film/film/distributors./film/film_film_distributor_relationship/distributor /m/01gb54 15 1 0 1 0 1
/m/0czyxs /film/film/distributors./film/film_film_distributor_relationship/distributor /m/086k8 51 1 0 1 0 1
/m/0bh8yn3 /film/film/distributors./film/film_film_distributor_relationship/distributor /m/086k8 33 1 0 1 0 1
/m/0372j5 /film/film/distributors./film/film_film_distributor_relationship/distributor /m/03xq0f 13 2 0 1 0 0
/m/0kbf1 /film/film/distributors./film/film_film_distributor_relationship/distributor /m/016tt2 16 1 0 1 0 1
/m/0y_hb /film/film/distributors./film/film_film_distributor_relationship/distributor /m/017s11 31 1 0 1 0 1
/m/02tgz4 /film/film/distributors./film/film_film_distributor_relationship/distributor /m/024rgt 8 1 1 1 0 1
/m/014kq6 /film/film/distributors./film/film_film_distributor_relationship/distributor /m/017s11 30 1 0 1 0 1
/m/0d87hc /film/film/distributors./film/film_film_distributor_relationship/distributor /m/016tw3 62 2 0 1 0 0
/m/03wbqc4 /film/film/distributors./film/film_film_distributor_relationship/distributor /m/0g1rw 28 3 0 1 0 0
/m/0ch26b_ /film/film/distributors./film/film_film_distributor_relationship/distributor /m/04f525m 7 1 1 1 0 1
/m/02ylg6 /film/film/distributors./film/film_film_distributor_relationship/distributor /m/086k8 687 590 0 0 0 0
/m/0crs0b8 /film/film/distributors./film/film_film_distributor_relationship/distributor /m/05d6q1 2 1 1 1 0 1
/m/02rb84n /film/film/distributors./film/film_film_distributor_relationship/distributor /m/03rwz3 6 1 1 1 0 1
/m/0d_wms /film/film/distributors./film/film_film_distributor_relationship/distributor /m/086k8 55 1 0 1 0 1
/m/0cq7kw /film/film/distributors./film/film_film_distributor_relationship/distributor /m/05qd_ 113 55 0 0 0 0
/m/09r94m /film/film/distributors./film/film_film_distributor_relationship/distributor /m/016tw3 18 1 0 1 0 1
/m/053tj7 /film/film/distributors./film/film_film_distributor_relationship/distributor /m/025tlyv 4 1 1 1 0 1
/m/0g68zt /film/film/distributors./film/film_film_distributor_relationship/distributor /m/017jv5 11 1 0 1 0 1
/m/0992d9 /film/film/distributors./film/film_film_distributor_relationship/distributor /m/024rgt 14 1 0 1 0 1
/m/02gpkt /film/film/distributors./film/film_film_distributor_relationship/distributor /m/024rgt 9 1 1 1 0 1
/m/02tqm5 /film/film/distributors./film/film_film_distributor_relationship/distributor /m/086k8 73 1 0 1 0 1
/m/07y9w5 /film/film/distributors./film/film_film_distributor_relationship/distributor /m/03rwz3 4 1 1 1 0 1
/m/011ywj /film/film/distributors./film/film_film_distributor_relationship/distributor /m/024rbz 13733 13719 0 0 0 0
/m/06x43v /film/film/distributors./film/film_film_distributor_relationship/distributor /m/024rgt 3 1 1 1 0 1
/m/0jqn5 /film/film/distributors./film/film_film_distributor_relationship/distributor /m/016tw3 11 1 0 1 0 1
/m/0gmblvq /film/film/distributors./film/film_film_distributor_relationship/distributor /m/03jvmp 2 1 1 1 0 1
/m/030z4z /film/film/distributors./film/film_film_distributor_relationship/distributor /m/099ks0 3 1 1 1 0 1
/m/03l6q0 /film/film/distributors./film/film_film_distributor_relationship/distributor /m/032j_n 3 1 1 1 0 1
/m/04jplwp /film/film/distributors./film/film_film_distributor_relationship/distributor /m/061dn_ 6 1 1 1 0 1
/m/05g8pg /film/film/distributors./film/film_film_distributor_relationship/distributor /m/017s11 34 1 0 1 0 1
/m/0267wwv /film/film/distributors./film/film_film_distributor_relationship/distributor /m/016tw3 26 1 0 1 0 1
/m/02rx2m5 /film/film/distributors./film/film_film_distributor_relationship/distributor /m/0fqy4p 13585 13579 0 0 0 0
/m/059lwy /film/film/distributors./film/film_film_distributor_relationship/distributor /m/086k8 65 1 0 1 0 1
/m/0c3zjn7 /film/film/distributors./film/film_film_distributor_relationship/distributor /m/05qd_ 28 1 0 1 0 1
/m/0g9z_32 /film/film/distributors./film/film_film_distributor_relationship/distributor /m/05qd_ 33 1 0 1 0 1
/m/01k5y0 /film/film/distributors./film/film_film_distributor_relationship/distributor /m/0g1rw 25 2 0 1 0 0
/m/026q3s3 /film/film/distributors./film/film_film_distributor_relationship/distributor /m/07k2x 2 1 1 1 0 1
/m/03nsm5x /film/film/distributors./film/film_film_distributor_relationship/distributor /m/06jntd 6 1 1 1 0 1
/m/0963mq /film/film/distributors./film/film_film_distributor_relationship/distributor /m/03rwz3 8200 8193 0 0 0 0
/m/08r4x3 /film/film/distributors./film/film_film_distributor_relationship/distributor /m/0g1rw 17 1 0 1 0 1
/m/0g7pm1 /film/film/distributors./film/film_film_distributor_relationship/distributor /m/016tt2 21 1 0 1 0 1
/m/0ds35l9 /film/film/distributors./film/film_film_distributor_relationship/distributor /m/016tw3 79 12 0 0 0 0
/m/0gfh84d /film/film/distributors./film/film_film_distributor_relationship/distributor /m/04g2mkf 1 1 1 1 1 1
/m/0g5qs2k /film/film/distributors./film/film_film_distributor_relationship/distributor /m/016tw3 255 186 0 0 0 0
/m/02rrfzf /film/film/distributors./film/film_film_distributor_relationship/distributor /m/032j_n 7 1 1 1 0 1
/m/06nr2h /film/film/distributors./film/film_film_distributor_relationship/distributor /m/03mdt 3 1 1 1 0 1
/m/02qr69m /film/film/distributors./film/film_film_distributor_relationship/distributor /m/016tw3 55 2 0 1 0 0
/m/04dsnp /film/film/distributors./film/film_film_distributor_relationship/distributor /m/03xsby 5 1 1 1 0 1
/m/0c8tkt /film/film/distributors./film/film_film_distributor_relationship/distributor /m/016tw3 6 1 1 1 0 1
/m/0661m4p /film/film/distributors./film/film_film_distributor_relationship/distributor /m/017s11 6 1 1 1 0 1
/m/026p4q7 /film/film/distributors./film/film_film_distributor_relationship/distributor /m/03xq0f 25 2 0 1 0 0
/m/02__34 /film/film/distributors./film/film_film_distributor_relationship/distributor /m/017s11 35 1 0 1 0 1
/m/0jsqk /film/film/distributors./film/film_film_distributor_relationship/distributor /m/016tw3 190 122 0 0 0 0
/m/02rrfzf /film/film/distributors./film/film_film_distributor_relationship/distributor /m/01795t 23 1 0 1 0 1
/m/0fpv_3_ /film/film/distributors./film/film_film_distributor_relationship/distributor /m/016tt2 42 1 0 1 0 1
/m/05nlx4 /film/film/distributors./film/film_film_distributor_relationship/distributor /m/01795t 32 4 0 1 0 0
/m/0571m /film/film/distributors./film/film_film_distributor_relationship/distributor /m/016tw3 32 1 0 1 0 1
/m/01ry_x /film/film/distributors./film/film_film_distributor_relationship/distributor /m/01795t 16 1 0 1 0 1
/m/092vkg /film/film/distributors./film/film_film_distributor_relationship/distributor /m/024rdh 1865 1859 0 0 0 0
/m/084302 /film/film/distributors./film/film_film_distributor_relationship/distributor /m/086k8 58 1 0 1 0 1
/m/0b76d_m /film/film/distributors./film/film_film_distributor_relationship/distributor /m/017s11 15 1 0 1 0 1
/m/07nxvj /film/film/distributors./film/film_film_distributor_relationship/distributor /m/016tw3 30 1 0 1 0 1
/m/0g0x9c /film/film/distributors./film/film_film_distributor_relationship/distributor /m/01795t 23 1 0 1 0 1
/m/02_kd /film/film/distributors./film/film_film_distributor_relationship/distributor /m/016tw3 35 1 0 1 0 1
/m/0564x /film/film/distributors./film/film_film_distributor_relationship/distributor /m/07k2x 2 1 1 1 0 1
/m/01s7w3 /film/film/distributors./film/film_film_distributor_relationship/distributor /m/016tw3 27 1 0 1 0 1
/m/051zy_b /film/film/distributors./film/film_film_distributor_relationship/distributor /m/0338lq 4 1 1 1 0 1
/m/0k_9j /film/film/distributors./film/film_film_distributor_relationship/distributor /m/05qd_ 27 1 0 1 0 1
/m/02hxhz /film/film/distributors./film/film_film_distributor_relationship/distributor /m/017s11 21 1 0 1 0 1
/m/051ys82 /film/film/distributors./film/film_film_distributor_relationship/distributor /m/0fvppk 4 1 1 1 0 1
/m/040rmy /film/film/distributors./film/film_film_distributor_relationship/distributor /m/086k8 160 65 0 0 0 0
/m/0660b9b /film/film/distributors./film/film_film_distributor_relationship/distributor /m/03xq0f 27 2 0 1 0 0
/m/05f4_n0 /film/film/distributors./film/film_film_distributor_relationship/distributor /m/016tw3 26 1 0 1 0 1
/m/016y_f /film/film/distributors./film/film_film_distributor_relationship/distributor /m/016tw3 31 1 0 1 0 1
/m/011yrp /film/film/distributors./film/film_film_distributor_relationship/distributor /m/0jz9f 13 1 0 1 0 1
/m/093l8p /film/film/distributors./film/film_film_distributor_relationship/distributor /m/05d6q1 2 1 1 1 0 1
/m/0dnqr /film/film/distributors./film/film_film_distributor_relationship/distributor /m/05qd_ 27 1 0 1 0 1
/m/01z452 /film/film/distributors./film/film_film_distributor_relationship/distributor /m/016tw3 255 186 0 0 0 0
/m/01gvts /film/film/distributors./film/film_film_distributor_relationship/distributor /m/086k8 75 1 0 1 0 1
/m/03mh_tp /film/film/distributors./film/film_film_distributor_relationship/distributor /m/016tw3 28 1 0 1 0 1
/m/02rrfzf /film/film/distributors./film/film_film_distributor_relationship/distributor /m/017s11 36 1 0 1 0 1
/m/035xwd /film/film/distributors./film/film_film_distributor_relationship/distributor /m/016tw3 34 1 0 1 0 1
/m/0gt14 /film/film/distributors./film/film_film_distributor_relationship/distributor /m/017s11 31 1 0 1 0 1
/m/02qhlwd /film/film/distributors./film/film_film_distributor_relationship/distributor /m/017s11 28 1 0 1 0 1
/m/0bnzd /film/film/distributors./film/film_film_distributor_relationship/distributor /m/0jz9f 7225 7201 0 0 0 0
/m/02vz6dn /film/film/distributors./film/film_film_distributor_relationship/distributor /m/086k8 52 1 0 1 0 1
/m/01qb5d /film/film/distributors./film/film_film_distributor_relationship/distributor /m/03xq0f 18 2 0 1 0 0
/m/09cr8 /film/film/distributors./film/film_film_distributor_relationship/distributor /m/024rbz 4 1 1 1 0 1
/m/01kqq7 /film/film/distributors./film/film_film_distributor_relationship/distributor /m/05f260 3 1 1 1 0 1
/m/0gys2jp /film/film/distributors./film/film_film_distributor_relationship/distributor /m/024rbz 5 1 1 1 0 1
/m/04qw17 /film/film/distributors./film/film_film_distributor_relationship/distributor /m/024rgt 16 1 0 1 0 1
/m/0ptxj /film/film/distributors./film/film_film_distributor_relationship/distributor /m/016tt2 88 31 0 0 0 0
/m/09gdm7q /film/film/distributors./film/film_film_distributor_relationship/distributor /m/03xq0f 19 2 0 1 0 0
/m/02z3r8t /film/film/distributors./film/film_film_distributor_relationship/distributor /m/049ql1 1 1 1 1 1 1
/m/09m6kg /film/film/distributors./film/film_film_distributor_relationship/distributor /m/016tw3 50 2 0 1 0 0
/m/0fdv3 /film/film/distributors./film/film_film_distributor_relationship/distributor /m/016tt2 5 1 1 1 0 1
/m/0bh8drv /film/film/distributors./film/film_film_distributor_relationship/distributor /m/024rbz 2 1 1 1 0 1
/m/033pf1 /film/film/distributors./film/film_film_distributor_relationship/distributor /m/016tw3 40 1 0 1 0 1
/m/02x2jl_ /film/film/distributors./film/film_film_distributor_relationship/distributor /m/030_1m 12 1 0 1 0 1
/m/01b195 /film/film/distributors./film/film_film_distributor_relationship/distributor /m/05qd_ 16 1 0 1 0 1
/m/0gvs1kt /film/film/distributors./film/film_film_distributor_relationship/distributor /m/05qd_ 46 1 0 1 0 1
/m/07jnt /film/film/distributors./film/film_film_distributor_relationship/distributor /m/04mkft 4 1 1 1 0 1
/m/0b60sq /film/film/distributors./film/film_film_distributor_relationship/distributor /m/07k2x 11887 11883 0 0 0 0
/m/02gs6r /film/film/distributors./film/film_film_distributor_relationship/distributor /m/093h7p 3 1 1 1 0 1
/m/0hv81 /film/film/distributors./film/film_film_distributor_relationship/distributor /m/086k8 60 1 0 1 0 1
/m/05v38p /film/film/distributors./film/film_film_distributor_relationship/distributor /m/0jz9f 34 17 0 0 0 0
/m/033srr /film/film/distributors./film/film_film_distributor_relationship/distributor /m/054g1r 4 1 1 1 0 1
/m/017kz7 /film/film/distributors./film/film_film_distributor_relationship/distributor /m/05qd_ 27 1 0 1 0 1
/m/0h14ln /film/film/distributors./film/film_film_distributor_relationship/distributor /m/027jw0c 1 1 1 1 1 1
/m/01fmys /film/film/distributors./film/film_film_distributor_relationship/distributor /m/03xq0f 9 2 1 1 0 0
/m/0_b9f /film/film/distributors./film/film_film_distributor_relationship/distributor /m/0jz9f 15 1 0 1 0 1
/m/034qzw /film/film/distributors./film/film_film_distributor_relationship/distributor /m/03xq0f 27 2 0 1 0 0
/m/02__34 /film/film/distributors./film/film_film_distributor_relationship/distributor /m/030_1m 19 6 0 1 0 0
/m/01sbv9 /film/film/distributors./film/film_film_distributor_relationship/distributor /m/01gb54 4 1 1 1 0 1
/m/01npcx /film/film/distributors./film/film_film_distributor_relationship/distributor /m/0g1rw 13 1 0 1 0 1
/m/03lvwp /film/film/distributors./film/film_film_distributor_relationship/distributor /m/0gfmc_ 4 1 1 1 0 1
/m/08720 /film/film/distributors./film/film_film_distributor_relationship/distributor /m/017jv5 21 6 0 1 0 0
/m/0gyh2wm /film/film/distributors./film/film_film_distributor_relationship/distributor /m/0fvppk 2 1 1 1 0 1
/m/01718w /film/film/distributors./film/film_film_distributor_relationship/distributor /m/086k8 47 1 0 1 0 1
/m/0k4p0 /film/film/distributors./film/film_film_distributor_relationship/distributor /m/017s11 32 1 0 1 0 1
/m/027qgy /film/film/distributors./film/film_film_distributor_relationship/distributor /m/05d6q1 13295 13288 0 0 0 0
/m/09v8clw /film/film/distributors./film/film_film_distributor_relationship/distributor /m/01795t 10 1 1 1 0 1
/m/0gc_c_ /film/film/distributors./film/film_film_distributor_relationship/distributor /m/016tw3 25 1 0 1 0 1
/m/0170yd /film/film/distributors./film/film_film_distributor_relationship/distributor /m/03xsby 15 4 0 1 0 0
/m/0gtvpkw /film/film/distributors./film/film_film_distributor_relationship/distributor /m/0fqy4p 4 1 1 1 0 1
/m/0k0rf /film/film/distributors./film/film_film_distributor_relationship/distributor /m/017jv5 11 1 0 1 0 1
/m/01chpn /film/film/distributors./film/film_film_distributor_relationship/distributor /m/017s11 22 1 0 1 0 1
/m/01chpn /film/film/distributors./film/film_film_distributor_relationship/distributor /m/05s_k6 7 1 1 1 0 1
/m/017jd9 /film/film/distributors./film/film_film_distributor_relationship/distributor /m/024rgt 2 1 1 1 0 1
/m/05q96q6 /film/film/distributors./film/film_film_distributor_relationship/distributor /m/016tw3 21 1 0 1 0 1
/m/0b1y_2 /film/film/distributors./film/film_film_distributor_relationship/distributor /m/05qd_ 42 1 0 1 0 1
/m/04q827 /film/film/distributors./film/film_film_distributor_relationship/distributor /m/024rgt 13035 13008 0 0 0 0
/m/02r858_ /film/film/distributors./film/film_film_distributor_relationship/distributor /m/031rx9 3147 3142 0 0 0 0
/m/05b6rdt /film/film/distributors./film/film_film_distributor_relationship/distributor /m/0g1rw 14 1 0 1 0 1
/m/0473rc /film/film/distributors./film/film_film_distributor_relationship/distributor /m/016tt2 15 1 0 1 0 1
/m/02q0v8n /film/film/distributors./film/film_film_distributor_relationship/distributor /m/05qd_ 23 1 0 1 0 1
/m/0ds3t5x /film/film/distributors./film/film_film_distributor_relationship/distributor /m/054g1r 8 1 1 1 0 1
/m/03hxsv /film/film/distributors./film/film_film_distributor_relationship/distributor /m/086k8 43 1 0 1 0 1
/m/0418wg /film/film/distributors./film/film_film_distributor_relationship/distributor /m/086k8 80 1 0 1 0 1
/m/02pw_n /film/film/distributors./film/film_film_distributor_relationship/distributor /m/0jz9f 11756 11732 0 0 0 0
/m/0n83s /film/film/distributors./film/film_film_distributor_relationship/distributor /m/0g1rw 16 1 0 1 0 1
/m/0gg5qcw /film/film/distributors./film/film_film_distributor_relationship/distributor /m/03rwz3 6 1 1 1 0 1
/m/03bx2lk /film/film/distributors./film/film_film_distributor_relationship/distributor /m/01795t 19 1 0 1 0 1
/m/09gkx35 /film/film/distributors./film/film_film_distributor_relationship/distributor /m/024rdh 4 1 1 1 0 1
/m/0gyv0b4 /film/film/distributors./film/film_film_distributor_relationship/distributor /m/03xq0f 29 2 0 1 0 0
/m/058kh7 /film/film/distributors./film/film_film_distributor_relationship/distributor /m/05qd_ 37 1 0 1 0 1
/m/03hfmm /film/film/distributors./film/film_film_distributor_relationship/distributor /m/0g1rw 12 1 0 1 0 1
/m/017z49 /film/film/distributors./film/film_film_distributor_relationship/distributor /m/09glbnt 1 1 1 1 1 1
/m/05nyqk /film/film/distributors./film/film_film_distributor_relationship/distributor /m/086k8 20 1 0 1 0 1
/m/0299hs /film/film/distributors./film/film_film_distributor_relationship/distributor /m/01f_mw 1 1 1 1 1 1
/m/01hvjx /film/film/distributors./film/film_film_distributor_relationship/distributor /m/05qd_ 25 1 0 1 0 1
/m/04vq33 /film/film/distributors./film/film_film_distributor_relationship/distributor /m/0k9ctht 6 1 1 1 0 1
/m/05c9zr /film/film/distributors./film/film_film_distributor_relationship/distributor /m/016tt2 12 1 0 1 0 1
/m/0fztbq /film/film/distributors./film/film_film_distributor_relationship/distributor /m/017jv5 3 1 1 1 0 1
/m/0dw4b0 /film/film/distributors./film/film_film_distributor_relationship/distributor /m/0g1rw 12 1 0 1 0 1
/m/02jr6k /film/film/distributors./film/film_film_distributor_relationship/distributor /m/016tw3 25 1 0 1 0 1
/m/01dvbd /film/film/distributors./film/film_film_distributor_relationship/distributor /m/054g1r 8 1 1 1 0 1
/m/0dln8jk /film/film/distributors./film/film_film_distributor_relationship/distributor /m/03xq0f 25 2 0 1 0 0
/m/09jcj6 /film/film/distributors./film/film_film_distributor_relationship/distributor /m/024rbz 5 1 1 1 0 1
/m/01pv91 /film/film/distributors./film/film_film_distributor_relationship/distributor /m/05s_k6 7 1 1 1 0 1
/m/0ds2l81 /film/film/distributors./film/film_film_distributor_relationship/distributor /m/016tw3 9 1 1 1 0 1
/m/04t6fk /film/film/distributors./film/film_film_distributor_relationship/distributor /m/017s11 60 4 0 1 0 0
/m/035xwd /film/film/distributors./film/film_film_distributor_relationship/distributor /m/032dg7 4 1 1 1 0 1
/m/080nwsb /film/film/distributors./film/film_film_distributor_relationship/distributor /m/05qd_ 23 1 0 1 0 1
/m/07l4zhn /film/film/distributors./film/film_film_distributor_relationship/distributor /m/024rdh 3 1 1 1 0 1
/m/011yr9 /film/film/distributors./film/film_film_distributor_relationship/distributor /m/0338lq 2 1 1 1 0 1
/m/0m9p3 /film/film/distributors./film/film_film_distributor_relationship/distributor /m/017jv5 11985 11967 0 0 0 0
/m/0b2km_ /film/film/distributors./film/film_film_distributor_relationship/distributor /m/05qd_ 46 1 0 1 0 1
/m/0b76t12 /film/film/distributors./film/film_film_distributor_relationship/distributor /m/024rdh 1632 1627 0 0 0 0
/m/034b6k /film/film/distributors./film/film_film_distributor_relationship/distributor /m/06jntd 6 1 1 1 0 1
/m/064lsn /film/film/distributors./film/film_film_distributor_relationship/distributor /m/024rbz 5 1 1 1 0 1
/m/011yqc /film/film/distributors./film/film_film_distributor_relationship/distributor /m/086k8 1 1 1 1 1 1
/m/046488 /film/film/distributors./film/film_film_distributor_relationship/distributor /m/03xsby 5 1 1 1 0 1
/m/0g4pl7z /film/film/distributors./film/film_film_distributor_relationship/distributor /m/016tw3 21 1 0 1 0 1
/m/034qmv /film/film/distributors./film/film_film_distributor_relationship/distributor /m/01795t 11 1 0 1 0 1
/m/0194zl /film/film/distributors./film/film_film_distributor_relationship/distributor /m/054g1r 8 1 1 1 0 1
/m/040b5k /film/film/distributors./film/film_film_distributor_relationship/distributor /m/024rdh 3 1 1 1 0 1
/m/0bs4r /film/film/distributors./film/film_film_distributor_relationship/distributor /m/017s11 59 4 0 1 0 0
/m/02ljhg /film/film/distributors./film/film_film_distributor_relationship/distributor /m/032dg7 1 1 1 1 1 1
/m/08k40m /film/film/distributors./film/film_film_distributor_relationship/distributor /m/09tlc8 2 1 1 1 0 1
/m/06823p /film/film/distributors./film/film_film_distributor_relationship/distributor /m/024rdh 4 1 1 1 0 1
/m/015x74 /film/film/distributors./film/film_film_distributor_relationship/distributor /m/017s11 36 1 0 1 0 1
/m/0ptx_ /film/film/distributors./film/film_film_distributor_relationship/distributor /m/086k8 54 1 0 1 0 1
/m/0f4vx /film/film/distributors./film/film_film_distributor_relationship/distributor /m/017jv5 11 1 0 1 0 1
/m/02ntb8 /film/film/distributors./film/film_film_distributor_relationship/distributor /m/086k8 87 2 0 1 0 0
/m/014knw /film/film/distributors./film/film_film_distributor_relationship/distributor /m/05qd_ 23 1 0 1 0 1
/m/0mbql /film/film/distributors./film/film_film_distributor_relationship/distributor /m/04mkft 4 1 1 1 0 1
/m/02v570 /film/film/distributors./film/film_film_distributor_relationship/distributor /m/05d6q1 2 1 1 1 0 1
/m/03t79f /film/film/distributors./film/film_film_distributor_relationship/distributor /m/01gb54 16 1 0 1 0 1
/m/06bd5j /film/film/distributors./film/film_film_distributor_relationship/distributor /m/03rwz3 5 1 1 1 0 1
/m/0401sg /film/film/distributors./film/film_film_distributor_relationship/distributor /m/06jntd 5 1 1 1 0 1
/m/0pv54 /film/film/distributors./film/film_film_distributor_relationship/distributor /m/086k8 68 1 0 1 0 1
/m/0gys2jp /film/film/distributors./film/film_film_distributor_relationship/distributor /m/016tw3 28 1 0 1 0 1
/m/0glqh5_ /film/film/distributors./film/film_film_distributor_relationship/distributor /m/016tw3 6 1 1 1 0 1
/m/09146g /film/film/distributors./film/film_film_distributor_relationship/distributor /m/05qd_ 49 2 0 1 0 0
/m/0cp0ph6 /film/film/distributors./film/film_film_distributor_relationship/distributor /m/03xq0f 36 4 0 1 0 0
/m/0sxlb /film/film/distributors./film/film_film_distributor_relationship/distributor /m/016tt2 33 1 0 1 0 1
/m/0ywrc /film/film/distributors./film/film_film_distributor_relationship/distributor /m/017s11 17 1 0 1 0 1
/m/09v8clw /film/film/distributors./film/film_film_distributor_relationship/distributor /m/054g1r 2 1 1 1 0 1
/m/0404j37 /film/film/distributors./film/film_film_distributor_relationship/distributor /m/04f525m 8 1 1 1 0 1
/m/02bqvs /film/film/distributors./film/film_film_distributor_relationship/distributor /m/016tt2 27 1 0 1 0 1
/m/0462hhb /film/film/distributors./film/film_film_distributor_relationship/distributor /m/0283xx2 2 1 1 1 0 1
/m/06gb1w /film/film/distributors./film/film_film_distributor_relationship/distributor /m/05s_k6 5 1 1 1 0 1
/m/05qm9f /film/film/distributors./film/film_film_distributor_relationship/distributor /m/017jv5 11 1 0 1 0 1
/m/09k56b7 /film/film/distributors./film/film_film_distributor_relationship/distributor /m/025jfl 10 1 1 1 0 1
/m/0p_tz /film/film/distributors./film/film_film_distributor_relationship/distributor /m/016tt2 601 539 0 0 0 0
/m/0407yj_ /film/film/distributors./film/film_film_distributor_relationship/distributor /m/01795t 4 1 1 1 0 1
/m/075cph /film/film/distributors./film/film_film_distributor_relationship/distributor /m/016tw3 31 1 0 1 0 1
/m/09zf_q /film/film/distributors./film/film_film_distributor_relationship/distributor /m/086k8 56 1 0 1 0 1
/m/04y9mm8 /film/film/distributors./film/film_film_distributor_relationship/distributor /m/032j_n 18 6 0 1 0 0
