/m/01k5y0 /film/film/edited_by /m/0dky9n 4 1 1 1 0 1
/m/03c_cxn /film/film/edited_by /m/03crcpt 5 1 1 1 0 1
/m/04v8x9 /film/film/edited_by /m/0dky9n 3 1 1 1 0 1
/m/0gd0c7x /film/film/edited_by /m/0bn3jg 10 1 1 1 0 1
/m/08xvpn /film/film/edited_by /m/03q8ch 34 3 0 1 0 0
/m/072x7s /film/film/edited_by /m/03q8ch 15 1 0 1 0 1
/m/02xs6_ /film/film/edited_by /m/0bn3jg 7 1 1 1 0 1
/m/0yx7h /film/film/edited_by /m/03q8ch 22 1 0 1 0 1
/m/05f4_n0 /film/film/edited_by /m/0bn3jg 8 1 1 1 0 1
/m/0pv3x /film/film/edited_by /m/02lp3c 3 1 1 1 0 1
/m/02q7yfq /film/film/edited_by /m/06cv1 8 1 1 1 0 1
/m/06bc59 /film/film/edited_by /m/0bn3jg 11 1 0 1 0 1
/m/01jzyf /film/film/edited_by /m/02kxbwx 7 1 1 1 0 1
/m/0dnvn3 /film/film/edited_by /m/02kxbwx 10 1 1 1 0 1
/m/02w86hz /film/film/edited_by /m/02qfk4j 1 1 1 1 1 1
/m/04pk1f /film/film/edited_by /m/02qggqc 5 1 1 1 0 1
/m/0140g4 /film/film/edited_by /m/0l15n 1 1 1 1 1 1
/m/02rrfzf /film/film/edited_by /m/04cy8rb 14 1 0 1 0 1
/m/0gy4k /film/film/edited_by /m/027rfxc 1 1 1 1 1 1
/m/0gd92 /film/film/edited_by /m/0gd9k 6 1 1 1 0 1
/m/0b73_1d /film/film/edited_by /m/02kxbx3 9 1 1 1 0 1
/m/04lhc4 /film/film/edited_by /m/027pdrh 7 1 1 1 0 1
/m/05c9zr /film/film/edited_by /m/02qggqc 18 1 0 1 0 1
/m/0cc5qkt /film/film/edited_by /m/03q8ch 12 1 0 1 0 1
/m/06g77c /film/film/edited_by /m/026dx 1 1 1 1 1 1
