/m/0cwy47 /film/film/featured_film_locations /m/06c62 1 1 1 1 1 1
/m/011wtv /film/film/featured_film_locations /m/0rh6k 9 1 1 1 0 1
/m/08g_jw /film/film/featured_film_locations /m/0cvw9 1 1 1 1 1 1
/m/0435vm /film/film/featured_film_locations /m/030qb3t 46 1 0 1 0 1
/m/072x7s /film/film/featured_film_locations /m/0345h 4 1 1 1 0 1
/m/027s39y /film/film/featured_film_locations /m/02_286 196 132 0 0 0 0
/m/027pfg /film/film/featured_film_locations /m/0fttg 1 1 1 1 1 1
/m/03shpq /film/film/featured_film_locations /m/02_286 35 1 0 1 0 1
/m/03mnn0 /film/film/featured_film_locations /m/02dtg 2 1 1 1 0 1
/m/072x7s /film/film/featured_film_locations /m/04v3q 1 1 1 1 1 1
/m/02vxq9m /film/film/featured_film_locations /m/04jpl 15 1 0 1 0 1
/m/0bvn25 /film/film/featured_film_locations /m/030qb3t 51 1 0 1 0 1
/m/016ky6 /film/film/featured_film_locations /m/02_286 34 1 0 1 0 1
/m/01dyvs /film/film/featured_film_locations /m/06y57 4 1 1 1 0 1
/m/0gpx6 /film/film/featured_film_locations /m/01f62 1 1 1 1 1 1
/m/01qdmh /film/film/featured_film_locations /m/095w_ 2 1 1 1 0 1
/m/0dln8jk /film/film/featured_film_locations /m/0fn2g 1 1 1 1 1 1
/m/03cw411 /film/film/featured_film_locations /m/0345h 13837 13832 0 0 0 0
/m/02dwj /film/film/featured_film_locations /m/04jpl 14 1 0 1 0 1
/m/03wbqc4 /film/film/featured_film_locations /m/01qcx_ 1 1 1 1 1 1
/m/0dln8jk /film/film/featured_film_locations /m/030qb3t 48 1 0 1 0 1
/m/062zm5h /film/film/featured_film_locations /m/01sn3 2 1 1 1 0 1
/m/0ct2tf5 /film/film/featured_film_locations /m/030qb3t 45 1 0 1 0 1
/m/03hj5lq /film/film/featured_film_locations /m/0xn5b 1 1 1 1 1 1
/m/046f3p /film/film/featured_film_locations /m/027kp3 5393 5392 0 0 0 0
/m/04cj79 /film/film/featured_film_locations /m/04jpl 14 1 0 1 0 1
/m/01kqq7 /film/film/featured_film_locations /m/0f2tj 3 1 1 1 0 1
/m/05_61y /film/film/featured_film_locations /m/01crd5 1 1 1 1 1 1
/m/03tn80 /film/film/featured_film_locations /m/0q_xk 10 7 1 1 0 0
/m/08hmch /film/film/featured_film_locations /m/0dv9v 1 1 1 1 1 1
/m/026hh0m /film/film/featured_film_locations /m/0rh6k 10 1 1 1 0 1
/m/062zm5h /film/film/featured_film_locations /m/0345h 4 1 1 1 0 1
/m/0jqp3 /film/film/featured_film_locations /m/0fsv2 2 1 1 1 0 1
/m/06wzvr /film/film/featured_film_locations /m/02_286 51 1 0 1 0 1
/m/04dsnp /film/film/featured_film_locations /m/05qtj 4 1 1 1 0 1
/m/02ptczs /film/film/featured_film_locations /m/02_286 47 1 0 1 0 1
/m/07cw4 /film/film/featured_film_locations /m/02nd_ 3 1 1 1 0 1
/m/0cbn7c /film/film/featured_film_locations /m/0d6lp 6 1 1 1 0 1
/m/0gjc4d3 /film/film/featured_film_locations /m/01_d4 3 1 1 1 0 1
/m/0571m /film/film/featured_film_locations /m/030qb3t 53 1 0 1 0 1
/m/04yc76 /film/film/featured_film_locations /m/0rh6k 11 1 0 1 0 1
/m/02z9rr /film/film/featured_film_locations /m/05rgl 2 1 1 1 0 1
/m/02vjp3 /film/film/featured_film_locations /m/030qb3t 49 1 0 1 0 1
/m/0m491 /film/film/featured_film_locations /m/0sb1r 1 1 1 1 1 1
/m/02p76f9 /film/film/featured_film_locations /m/0f2tj 15 12 0 0 0 0
/m/0c57yj /film/film/featured_film_locations /m/0l35f 1 1 1 1 1 1
/m/0k5g9 /film/film/featured_film_locations /m/035p3 2 1 1 1 0 1
/m/04vr_f /film/film/featured_film_locations /m/01cx_ 4 1 1 1 0 1
/m/02qhlwd /film/film/featured_film_locations /m/0345h 3 1 1 1 0 1
/m/0pd64 /film/film/featured_film_locations /m/02_286 5 1 1 1 0 1
/m/024l2y /film/film/featured_film_locations /m/030qb3t 47 1 0 1 0 1
/m/06cm5 /film/film/featured_film_locations /m/02_286 27 1 0 1 0 1
/m/02z0f6l /film/film/featured_film_locations /m/0bvqq 1 1 1 1 1 1
/m/0gbtbm /film/film/featured_film_locations /m/03pzf 1 1 1 1 1 1
/m/09gb_4p /film/film/featured_film_locations /m/0f2r6 2 1 1 1 0 1
/m/0h1x5f /film/film/featured_film_locations /m/0qpjt 1 1 1 1 1 1
/m/02fqxm /film/film/featured_film_locations /m/0r1jr 2291 2291 0 0 0 0
/m/0416y94 /film/film/featured_film_locations /m/02_286 19 1 0 1 0 1
/m/04sntd /film/film/featured_film_locations /m/052p7 1 1 1 1 1 1
/m/0bmssv /film/film/featured_film_locations /m/080h2 8 1 1 1 0 1
/m/0d_2fb /film/film/featured_film_locations /m/06q1r 1 1 1 1 1 1
/m/0dqcs3 /film/film/featured_film_locations /m/080h2 10 1 1 1 0 1
/m/0gd92 /film/film/featured_film_locations /m/02_286 32 1 0 1 0 1
/m/026qnh6 /film/film/featured_film_locations /m/02bm8 1 1 1 1 1 1
/m/062zjtt /film/film/featured_film_locations /m/030qb3t 49 1 0 1 0 1
/m/026mfbr /film/film/featured_film_locations /m/0q_xk 3 1 1 1 0 1
/m/0ds11z /film/film/featured_film_locations /m/04jpl 151 127 0 0 0 0
/m/0ckt6 /film/film/featured_film_locations /m/030qb3t 52 1 0 1 0 1
/m/0pc62 /film/film/featured_film_locations /m/03gh4 3 1 1 1 0 1
/m/0jqkh /film/film/featured_film_locations /m/02_286 42 1 0 1 0 1
/m/02vqsll /film/film/featured_film_locations /m/0rh6k 8547 8534 0 0 0 0
/m/047csmy /film/film/featured_film_locations /m/013ksx 1 1 1 1 1 1
/m/0dl9_4 /film/film/featured_film_locations /m/04jpl 18 1 0 1 0 1
/m/075wx7_ /film/film/featured_film_locations /m/0d060g 3 1 1 1 0 1
/m/08720 /film/film/featured_film_locations /m/07t90 1 1 1 1 1 1
/m/083skw /film/film/featured_film_locations /m/0f2tj 3 1 1 1 0 1
/m/03bx2lk /film/film/featured_film_locations /m/030qb3t 42 1 0 1 0 1
/m/0192hw /film/film/featured_film_locations /m/01914 2 1 1 1 0 1
/m/0bl06 /film/film/featured_film_locations /m/0rh6k 3173 3161 0 0 0 0
/m/015bpl /film/film/featured_film_locations /m/0g_wn2 2 1 1 1 0 1
/m/0340hj /film/film/featured_film_locations /m/030qb3t 350 295 0 0 0 0
/m/08fn5b /film/film/featured_film_locations /m/01_d4 2007 2003 0 0 0 0
/m/04t6fk /film/film/featured_film_locations /m/05kj_ 2 1 1 1 0 1
/m/0466s8n /film/film/featured_film_locations /m/05kj_ 2 1 1 1 0 1
/m/02dr9j /film/film/featured_film_locations /m/02_286 662 593 0 0 0 0
/m/05dy7p /film/film/featured_film_locations /m/04wgh 1 1 1 1 1 1
/m/03hj5lq /film/film/featured_film_locations /m/0xszy 1 1 1 1 1 1
/m/0h1x5f /film/film/featured_film_locations /m/0fsv2 2 1 1 1 0 1
/m/04j14qc /film/film/featured_film_locations /m/0f25y 1 1 1 1 1 1
/m/01ffx4 /film/film/featured_film_locations /m/052p7 1 1 1 1 1 1
/m/02fwfb /film/film/featured_film_locations /m/06y57 7 1 1 1 0 1
/m/02ny6g /film/film/featured_film_locations /m/030qb3t 54 1 0 1 0 1
/m/0194zl /film/film/featured_film_locations /m/02jx1 12304 12301 0 0 0 0
/m/02wgk1 /film/film/featured_film_locations /m/02_286 11 1 0 1 0 1
/m/07s3m4g /film/film/featured_film_locations /m/071vr 1 1 1 1 1 1
/m/02q0k7v /film/film/featured_film_locations /m/0rh6k 9 1 1 1 0 1
/m/01k7b0 /film/film/featured_film_locations /m/0k3p 1 1 1 1 1 1
/m/06tpmy /film/film/featured_film_locations /m/02_286 20 1 0 1 0 1
/m/0170th /film/film/featured_film_locations /m/0rh6k 11944 11931 0 0 0 0
/m/0kv238 /film/film/featured_film_locations /m/04jpl 18 1 0 1 0 1
/m/0cc5mcj /film/film/featured_film_locations /m/05fjy 1 1 1 1 1 1
/m/03s5lz /film/film/featured_film_locations /m/02_286 44 1 0 1 0 1
/m/0m2kd /film/film/featured_film_locations /m/05kj_ 2 1 1 1 0 1
/m/03r0g9 /film/film/featured_film_locations /m/07_pf 1 1 1 1 1 1
