/m/0gmgwnv /film/film/estimated_budget./measurement_unit/dated_money_value/currency /m/09nqf 353 14 0 0 0 0
/m/06bd5j /film/film/estimated_budget./measurement_unit/dated_money_value/currency /m/09nqf 405 18 0 0 0 0
/m/0jz71 /film/film/estimated_budget./measurement_unit/dated_money_value/currency /m/09nqf 1491 379 0 0 0 0
/m/04f52jw /film/film/estimated_budget./measurement_unit/dated_money_value/currency /m/09nqf 936 109 0 0 0 0
/m/057lbk /film/film/estimated_budget./measurement_unit/dated_money_value/currency /m/09nqf 508 28 0 0 0 0
/m/04hwbq /film/film/estimated_budget./measurement_unit/dated_money_value/currency /m/09nqf 631 49 0 0 0 0
/m/0gnjh /film/film/estimated_budget./measurement_unit/dated_money_value/currency /m/09nqf 1582 457 0 0 0 0
/m/0kt_4 /film/film/estimated_budget./measurement_unit/dated_money_value/currency /m/01nv4h 5347 5345 0 0 0 0
/m/01cz7r /film/film/estimated_budget./measurement_unit/dated_money_value/currency /m/09nqf 1028 139 0 0 0 0
/m/026lgs /film/film/estimated_budget./measurement_unit/dated_money_value/currency /m/09nqf 553 34 0 0 0 0
/m/04yc76 /film/film/estimated_budget./measurement_unit/dated_money_value/currency /m/09nqf 308 11 0 0 0 0
/m/027ct7c /film/film/estimated_budget./measurement_unit/dated_money_value/currency /m/09nqf 1187 197 0 0 0 0
/m/070g7 /film/film/estimated_budget./measurement_unit/dated_money_value/currency /m/09nqf 1119 166 0 0 0 0
/m/04nnpw /film/film/estimated_budget./measurement_unit/dated_money_value/currency /m/09nqf 1012 136 0 0 0 0
/m/02phtzk /film/film/estimated_budget./measurement_unit/dated_money_value/currency /m/09nqf 1316 260 0 0 0 0
/m/06cm5 /film/film/estimated_budget./measurement_unit/dated_money_value/currency /m/09nqf 940 110 0 0 0 0
/m/02hxhz /film/film/estimated_budget./measurement_unit/dated_money_value/currency /m/09nqf 503 28 0 0 0 0
/m/05q4y12 /film/film/estimated_budget./measurement_unit/dated_money_value/currency /m/09nqf 1007 132 0 0 0 0
/m/011yth /film/film/estimated_budget./measurement_unit/dated_money_value/currency /m/09nqf 891 106 0 0 0 0
/m/08rr3p /film/film/estimated_budget./measurement_unit/dated_money_value/currency /m/09nqf 1109 162 0 0 0 0
/m/0fb7sd /film/film/estimated_budget./measurement_unit/dated_money_value/currency /m/09nqf 1120 167 0 0 0 0
/m/02pw_n /film/film/estimated_budget./measurement_unit/dated_money_value/currency /m/09nqf 1120 167 0 0 0 0
/m/017gm7 /film/film/estimated_budget./measurement_unit/dated_money_value/currency /m/09nqf 443 24 0 0 0 0
/m/01gvts /film/film/estimated_budget./measurement_unit/dated_money_value/currency /m/09nqf 1380 297 0 0 0 0
/m/0f4yh /film/film/estimated_budget./measurement_unit/dated_money_value/currency /m/09nqf 274 11 0 0 0 0
/m/05nyqk /film/film/estimated_budget./measurement_unit/dated_money_value/currency /m/09nqf 1035 142 0 0 0 0
/m/06krf3 /film/film/estimated_budget./measurement_unit/dated_money_value/currency /m/09nqf 81 2 0 1 0 0
/m/0c8tkt /film/film/estimated_budget./measurement_unit/dated_money_value/currency /m/09nqf 1145 176 0 0 0 0
/m/02q56mk /film/film/estimated_budget./measurement_unit/dated_money_value/currency /m/09nqf 452 26 0 0 0 0
/m/05dss7 /film/film/estimated_budget./measurement_unit/dated_money_value/currency /m/09nqf 455 26 0 0 0 0
/m/023p7l /film/film/estimated_budget./measurement_unit/dated_money_value/currency /m/09nqf 766 69 0 0 0 0
/m/07tlfx /film/film/estimated_budget./measurement_unit/dated_money_value/currency /m/09nqf 594 41 0 0 0 0
/m/07k8rt4 /film/film/estimated_budget./measurement_unit/dated_money_value/currency /m/09nqf 458 26 0 0 0 0
/m/02q_4ph /film/film/estimated_budget./measurement_unit/dated_money_value/currency /m/09nqf 1171 189 0 0 0 0
/m/0cf8qb /film/film/estimated_budget./measurement_unit/dated_money_value/currency /m/09nqf 283 11 0 0 0 0
/m/0y_yw /film/film/estimated_budget./measurement_unit/dated_money_value/currency /m/09nqf 252 10 0 1 0 0
/m/072zl1 /film/film/estimated_budget./measurement_unit/dated_money_value/currency /m/09nqf 1501 387 0 0 0 0
/m/02_qt /film/film/estimated_budget./measurement_unit/dated_money_value/currency /m/09nqf 776 72 0 0 0 0
/m/060__7 /film/film/estimated_budget./measurement_unit/dated_money_value/currency /m/09nqf 1041 143 0 0 0 0
/m/02bg55 /film/film/estimated_budget./measurement_unit/dated_money_value/currency /m/09nqf 908 106 0 0 0 0
/m/02wgbb /film/film/estimated_budget./measurement_unit/dated_money_value/currency /m/09nqf 196 8 0 1 0 0
/m/093l8p /film/film/estimated_budget./measurement_unit/dated_money_value/currency /m/09nqf 1438 339 0 0 0 0
/m/01cmp9 /film/film/estimated_budget./measurement_unit/dated_money_value/currency /m/09nqf 663 53 0 0 0 0
/m/0ddjy /film/film/estimated_budget./measurement_unit/dated_money_value/currency /m/09nqf 304 11 0 0 0 0
/m/0d8w2n /film/film/estimated_budget./measurement_unit/dated_money_value/currency /m/09nqf 1344 272 0 0 0 0
/m/05_5_22 /film/film/estimated_budget./measurement_unit/dated_money_value/currency /m/09nqf 620 43 0 0 0 0
/m/04hk0w /film/film/estimated_budget./measurement_unit/dated_money_value/currency /m/09nqf 467 27 0 0 0 0
/m/02ctc6 /film/film/estimated_budget./measurement_unit/dated_money_value/currency /m/09nqf 859 93 0 0 0 0
/m/02w86hz /film/film/estimated_budget./measurement_unit/dated_money_value/currency /m/02gsvk 1 1 1 1 1 1
/m/04q24zv /film/film/estimated_budget./measurement_unit/dated_money_value/currency /m/09nqf 1384 299 0 0 0 0
/m/03phtz /film/film/estimated_budget./measurement_unit/dated_money_value/currency /m/09nqf 330 12 0 0 0 0
/m/0cq8nx /film/film/estimated_budget./measurement_unit/dated_money_value/currency /m/09nqf 737 64 0 0 0 0
/m/047myg9 /film/film/estimated_budget./measurement_unit/dated_money_value/currency /m/09nqf 941 110 0 0 0 0
/m/01xq8v /film/film/estimated_budget./measurement_unit/dated_money_value/currency /m/09nqf 376 15 0 0 0 0
/m/05z_kps /film/film/estimated_budget./measurement_unit/dated_money_value/currency /m/09nqf 1075 153 0 0 0 0
/m/059lwy /film/film/estimated_budget./measurement_unit/dated_money_value/currency /m/09nqf 1174 191 0 0 0 0
/m/01r97z /film/film/estimated_budget./measurement_unit/dated_money_value/currency /m/09nqf 98 2 0 1 0 0
/m/04fjzv /film/film/estimated_budget./measurement_unit/dated_money_value/currency /m/09nqf 1128 172 0 0 0 0
/m/06gb1w /film/film/estimated_budget./measurement_unit/dated_money_value/currency /m/09nqf 510 28 0 0 0 0
/m/04tz52 /film/film/estimated_budget./measurement_unit/dated_money_value/currency /m/09nqf 514 28 0 0 0 0
/m/07gp9 /film/film/estimated_budget./measurement_unit/dated_money_value/currency /m/09nqf 276 11 0 0 0 0
/m/0y_9q /film/film/estimated_budget./measurement_unit/dated_money_value/currency /m/09nqf 204 8 0 1 0 0
/m/011ypx /film/film/estimated_budget./measurement_unit/dated_money_value/currency /m/09nqf 485 27 0 0 0 0
/m/0p_sc /film/film/estimated_budget./measurement_unit/dated_money_value/currency /m/09nqf 1234 216 0 0 0 0
/m/02q52q /film/film/estimated_budget./measurement_unit/dated_money_value/currency /m/09nqf 1342 272 0 0 0 0
/m/02qhqz4 /film/film/estimated_budget./measurement_unit/dated_money_value/currency /m/09nqf 345 13 0 0 0 0
/m/04z257 /film/film/estimated_budget./measurement_unit/dated_money_value/currency /m/09nqf 1140 174 0 0 0 0
/m/062zjtt /film/film/estimated_budget./measurement_unit/dated_money_value/currency /m/09nqf 1101 159 0 0 0 0
/m/080dfr7 /film/film/estimated_budget./measurement_unit/dated_money_value/currency /m/09nqf 619 43 0 0 0 0
/m/01s9vc /film/film/estimated_budget./measurement_unit/dated_money_value/currency /m/09nqf 994 128 0 0 0 0
/m/04q01mn /film/film/estimated_budget./measurement_unit/dated_money_value/currency /m/09nqf 1132 172 0 0 0 0
/m/0hhggmy /film/film/estimated_budget./measurement_unit/dated_money_value/currency /m/09nqf 1420 324 0 0 0 0
/m/01jr4j /film/film/estimated_budget./measurement_unit/dated_money_value/currency /m/09nqf 1221 211 0 0 0 0
/m/03tbg6 /film/film/estimated_budget./measurement_unit/dated_money_value/currency /m/09nqf 144 4 0 1 0 0
/m/065_cjc /film/film/estimated_budget./measurement_unit/dated_money_value/currency /m/09nqf 1306 255 0 0 0 0
/m/07b1gq /film/film/estimated_budget./measurement_unit/dated_money_value/currency /m/09nqf 565 35 0 0 0 0
/m/04pmnt /film/film/estimated_budget./measurement_unit/dated_money_value/currency /m/09nqf 916 106 0 0 0 0
/m/02mt51 /film/film/estimated_budget./measurement_unit/dated_money_value/currency /m/09nqf 1125 170 0 0 0 0
/m/049mql /film/film/estimated_budget./measurement_unit/dated_money_value/currency /m/09nqf 687 56 0 0 0 0
/m/05fcbk7 /film/film/estimated_budget./measurement_unit/dated_money_value/currency /m/09nqf 933 109 0 0 0 0
/m/02qkwl /film/film/estimated_budget./measurement_unit/dated_money_value/currency /m/09nqf 995 128 0 0 0 0
/m/01ln5z /film/film/estimated_budget./measurement_unit/dated_money_value/currency /m/09nqf 552 34 0 0 0 0
/m/064n1pz /film/film/estimated_budget./measurement_unit/dated_money_value/currency /m/09nqf 1195 202 0 0 0 0
/m/021y7yw /film/film/estimated_budget./measurement_unit/dated_money_value/currency /m/09nqf 963 117 0 0 0 0
/m/04zyhx /film/film/estimated_budget./measurement_unit/dated_money_value/currency /m/09nqf 1095 156 0 0 0 0
/m/07xvf /film/film/estimated_budget./measurement_unit/dated_money_value/currency /m/09nqf 536 31 0 0 0 0
/m/0bhwhj /film/film/estimated_budget./measurement_unit/dated_money_value/currency /m/09nqf 1151 179 0 0 0 0
/m/053tj7 /film/film/estimated_budget./measurement_unit/dated_money_value/currency /m/09nqf 257 10 0 1 0 0
/m/0294mx /film/film/estimated_budget./measurement_unit/dated_money_value/currency /m/09nqf 1258 231 0 0 0 0
/m/047vp1n /film/film/estimated_budget./measurement_unit/dated_money_value/currency /m/09nqf 823 83 0 0 0 0
/m/08xvpn /film/film/estimated_budget./measurement_unit/dated_money_value/currency /m/09nqf 373 15 0 0 0 0
/m/0f8j13 /film/film/estimated_budget./measurement_unit/dated_money_value/currency /m/09nqf 1037 142 0 0 0 0
/m/01dvbd /film/film/estimated_budget./measurement_unit/dated_money_value/currency /m/09nqf 1239 218 0 0 0 0
/m/016z9n /film/film/estimated_budget./measurement_unit/dated_money_value/currency /m/09nqf 1092 156 0 0 0 0
/m/06znpjr /film/film/estimated_budget./measurement_unit/dated_money_value/currency /m/09nqf 929 108 0 0 0 0
/m/02754c9 /film/film/estimated_budget./measurement_unit/dated_money_value/currency /m/09nqf 889 106 0 0 0 0
/m/0b3n61 /film/film/estimated_budget./measurement_unit/dated_money_value/currency /m/09nqf 860 93 0 0 0 0
/m/027gy0k /film/film/estimated_budget./measurement_unit/dated_money_value/currency /m/09nqf 331 12 0 0 0 0
/m/0bs5k8r /film/film/estimated_budget./measurement_unit/dated_money_value/currency /m/0kz1h 2 2 1 1 0 0
/m/0jqp3 /film/film/estimated_budget./measurement_unit/dated_money_value/currency /m/09nqf 1054 145 0 0 0 0
/m/03lfd_ /film/film/estimated_budget./measurement_unit/dated_money_value/currency /m/09nqf 492 27 0 0 0 0
/m/09146g /film/film/estimated_budget./measurement_unit/dated_money_value/currency /m/09nqf 941 110 0 0 0 0
/m/014zwb /film/film/estimated_budget./measurement_unit/dated_money_value/currency /m/09nqf 935 109 0 0 0 0
/m/02qydsh /film/film/estimated_budget./measurement_unit/dated_money_value/currency /m/09nqf 689 56 0 0 0 0
/m/0315w4 /film/film/estimated_budget./measurement_unit/dated_money_value/currency /m/09nqf 799 78 0 0 0 0
/m/011x_4 /film/film/estimated_budget./measurement_unit/dated_money_value/currency /m/09nqf 796 77 0 0 0 0
/m/02rq8k8 /film/film/estimated_budget./measurement_unit/dated_money_value/currency /m/09nqf 197 8 0 1 0 0
/m/03cvvlg /film/film/estimated_budget./measurement_unit/dated_money_value/currency /m/09nqf 585 40 0 0 0 0
/m/0f7hw /film/film/estimated_budget./measurement_unit/dated_money_value/currency /m/09nqf 1148 177 0 0 0 0
/m/05650n /film/film/estimated_budget./measurement_unit/dated_money_value/currency /m/09nqf 1005 131 0 0 0 0
/m/0dnw1 /film/film/estimated_budget./measurement_unit/dated_money_value/currency /m/09nqf 1334 268 0 0 0 0
/m/035xwd /film/film/estimated_budget./measurement_unit/dated_money_value/currency /m/09nqf 950 113 0 0 0 0
/m/0jswp /film/film/estimated_budget./measurement_unit/dated_money_value/currency /m/09nqf 1210 208 0 0 0 0
/m/037cr1 /film/film/estimated_budget./measurement_unit/dated_money_value/currency /m/09nqf 898 106 0 0 0 0
/m/024mxd /film/film/estimated_budget./measurement_unit/dated_money_value/currency /m/09nqf 89 2 0 1 0 0
/m/0kb1g /film/film/estimated_budget./measurement_unit/dated_money_value/currency /m/09nqf 1205 206 0 0 0 0
/m/0571m /film/film/estimated_budget./measurement_unit/dated_money_value/currency /m/09nqf 1136 173 0 0 0 0
/m/0640m69 /film/film/estimated_budget./measurement_unit/dated_money_value/currency /m/09nqf 472 27 0 0 0 0
/m/07_fj54 /film/film/estimated_budget./measurement_unit/dated_money_value/currency /m/09nqf 766 69 0 0 0 0
/m/0dq626 /film/film/estimated_budget./measurement_unit/dated_money_value/currency /m/09nqf 1340 271 0 0 0 0
/m/07cw4 /film/film/estimated_budget./measurement_unit/dated_money_value/currency /m/09nqf 1269 234 0 0 0 0
/m/02rv_dz /film/film/estimated_budget./measurement_unit/dated_money_value/currency /m/09nqf 487 27 0 0 0 0
/m/0404j37 /film/film/estimated_budget./measurement_unit/dated_money_value/currency /m/09nqf 416 19 0 0 0 0
/m/02n72k /film/film/estimated_budget./measurement_unit/dated_money_value/currency /m/09nqf 465 27 0 0 0 0
/m/02qlp4 /film/film/estimated_budget./measurement_unit/dated_money_value/currency /m/09nqf 302 11 0 0 0 0
/m/027pfg /film/film/estimated_budget./measurement_unit/dated_money_value/currency /m/09nqf 630 49 0 0 0 0
/m/06z8s_ /film/film/estimated_budget./measurement_unit/dated_money_value/currency /m/09nqf 141 4 0 1 0 0
/m/02tktw /film/film/estimated_budget./measurement_unit/dated_money_value/currency /m/09nqf 706 62 0 0 0 0
/m/03rz2b /film/film/estimated_budget./measurement_unit/dated_money_value/currency /m/09nqf 1551 430 0 0 0 0
/m/027x7z5 /film/film/estimated_budget./measurement_unit/dated_money_value/currency /m/09nqf 1206 207 0 0 0 0
/m/047rkcm /film/film/estimated_budget./measurement_unit/dated_money_value/currency /m/09nqf 1085 155 0 0 0 0
/m/0fy34l /film/film/estimated_budget./measurement_unit/dated_money_value/currency /m/09nqf 847 89 0 0 0 0
/m/03hkch7 /film/film/estimated_budget./measurement_unit/dated_money_value/currency /m/09nqf 841 88 0 0 0 0
/m/04lhc4 /film/film/estimated_budget./measurement_unit/dated_money_value/currency /m/09nqf 487 27 0 0 0 0
/m/0gh6j94 /film/film/estimated_budget./measurement_unit/dated_money_value/currency /m/02l6h 12 12 0 0 0 0
/m/0kvgnq /film/film/estimated_budget./measurement_unit/dated_money_value/currency /m/09nqf 1182 195 0 0 0 0
/m/0c9k8 /film/film/estimated_budget./measurement_unit/dated_money_value/currency /m/09nqf 720 62 0 0 0 0
/m/04ltlj /film/film/estimated_budget./measurement_unit/dated_money_value/currency /m/09nqf 951 113 0 0 0 0
/m/023p33 /film/film/estimated_budget./measurement_unit/dated_money_value/currency /m/09nqf 1289 245 0 0 0 0
/m/063hp4 /film/film/estimated_budget./measurement_unit/dated_money_value/currency /m/09nqf 1561 439 0 0 0 0
/m/025rvx0 /film/film/estimated_budget./measurement_unit/dated_money_value/currency /m/09nqf 369 15 0 0 0 0
/m/03kx49 /film/film/estimated_budget./measurement_unit/dated_money_value/currency /m/09nqf 907 106 0 0 0 0
/m/04t6fk /film/film/estimated_budget./measurement_unit/dated_money_value/currency /m/09nqf 784 75 0 0 0 0
/m/0g5q34q /film/film/estimated_budget./measurement_unit/dated_money_value/currency /m/0ptk_ 4 4 1 1 0 0
/m/03bzyn4 /film/film/estimated_budget./measurement_unit/dated_money_value/currency /m/09nqf 691 56 0 0 0 0
/m/0n_hp /film/film/estimated_budget./measurement_unit/dated_money_value/currency /m/09nqf 1016 137 0 0 0 0
/m/03t79f /film/film/estimated_budget./measurement_unit/dated_money_value/currency /m/09nqf 411 18 0 0 0 0
/m/024lff /film/film/estimated_budget./measurement_unit/dated_money_value/currency /m/09nqf 1031 139 0 0 0 0
/m/0221zw /film/film/estimated_budget./measurement_unit/dated_money_value/currency /m/09nqf 767 69 0 0 0 0
/m/01q7h2 /film/film/estimated_budget./measurement_unit/dated_money_value/currency /m/09nqf 128 3 0 1 0 0
/m/0blpg /film/film/estimated_budget./measurement_unit/dated_money_value/currency /m/09nqf 1099 158 0 0 0 0
