/m/07l450 /film/film/genre /m/082gq 8 1 1 1 0 1
/m/0fg04 /film/film/genre /m/03npn 4 1 1 1 0 1
/m/01f8hf /film/film/genre /m/02kdv5l 22 1 0 1 0 1
/m/08zrbl /film/film/genre /m/07s9rl0 25 1 0 1 0 1
/m/0ds2l81 /film/film/genre /m/07s9rl0 110 1 0 1 0 1
/m/0jvt9 /film/film/genre /m/02kdv5l 36 1 0 1 0 1
/m/0b2qtl /film/film/genre /m/060__y 15 1 0 1 0 1
/m/0cnztc4 /film/film/genre /m/03bxz7 3 1 1 1 0 1
/m/05fm6m /film/film/genre /m/01hmnh 17 1 0 1 0 1
/m/0c9t0y /film/film/genre /m/01585b 4 1 1 1 0 1
/m/0f7hw /film/film/genre /m/02l7c8 49 7 0 1 0 0
/m/0299hs /film/film/genre /m/01jfsb 145 69 0 0 0 0
/m/01hvjx /film/film/genre /m/0cshrf 1 1 1 1 1 1
/m/0gvs1kt /film/film/genre /m/02n4kr 17 1 0 1 0 1
/m/0f4_l /film/film/genre /m/0219x_ 6 1 1 1 0 1
/m/027r7k /film/film/genre /m/03npn 13 1 0 1 0 1
/m/03kxj2 /film/film/genre /m/0vgkd 6 1 1 1 0 1
/m/02rqwhl /film/film/genre /m/07s9rl0 54 1 0 1 0 1
/m/0315rp /film/film/genre /m/02kdv5l 24 1 0 1 0 1
/m/02k1pr /film/film/genre /m/01jfsb 182 106 0 0 0 0
/m/01j8wk /film/film/genre /m/09blyk 4 1 1 1 0 1
/m/0432_5 /film/film/genre /m/03q4nz 1 1 1 1 1 1
/m/06t2t2 /film/film/genre /m/05p553 15 1 0 1 0 1
/m/04pk1f /film/film/genre /m/0jdm8 1 1 1 1 1 1
/m/07p12s /film/film/genre /m/01jfsb 21 1 0 1 0 1
/m/0gfh84d /film/film/genre /m/0hfjk 6 1 1 1 0 1
/m/0gnjh /film/film/genre /m/02l7c8 27 1 0 1 0 1
/m/02__34 /film/film/genre /m/082gq 9 1 1 1 0 1
/m/09v42sf /film/film/genre /m/0vgkd 6 1 1 1 0 1
/m/05jzt3 /film/film/genre /m/07s9rl0 32 1 0 1 0 1
/m/042g97 /film/film/genre /m/05p553 90 4 0 1 0 0
/m/0cy__l /film/film/genre /m/07s9rl0 114 1 0 1 0 1
/m/06fvc /film/film/genre /m/07s9rl0 143 1 0 1 0 1
/m/02p76f9 /film/film/genre /m/07s9rl0 136 1 0 1 0 1
/m/0299hs /film/film/genre /m/06nbt 2 1 1 1 0 1
/m/0h1cdwq /film/film/genre /m/04rlf 1 1 1 1 1 1
/m/027r7k /film/film/genre /m/01jfsb 29 1 0 1 0 1
/m/07j8r /film/film/genre /m/01jfsb 28 1 0 1 0 1
/m/03t97y /film/film/genre /m/0g092b 1 1 1 1 1 1
/m/07qg8v /film/film/genre /m/03q4nz 3 1 1 1 0 1
/m/0kv2hv /film/film/genre /m/0bbc17 5 1 1 1 0 1
/m/06g77c /film/film/genre /m/02n4kr 37 10 0 1 0 0
/m/02vp1f_ /film/film/genre /m/07s9rl0 111 1 0 1 0 1
/m/0fztbq /film/film/genre /m/02kdv5l 28 1 0 1 0 1
/m/04fv5b /film/film/genre /m/0fdjb 3 1 1 1 0 1
/m/01bb9r /film/film/genre /m/05p553 74 4 0 1 0 0
/m/02v63m /film/film/genre /m/0219x_ 2 1 1 1 0 1
/m/011yhm /film/film/genre /m/0vgkd 6 1 1 1 0 1
/m/04w7rn /film/film/genre /m/06www 1 1 1 1 1 1
/m/04kzqz /film/film/genre /m/060__y 76 56 0 0 0 0
/m/0gtsx8c /film/film/genre /m/05p553 75 4 0 1 0 0
/m/01fmys /film/film/genre /m/0lsxr 25 2 0 1 0 0
/m/0hhggmy /film/film/genre /m/02kdv5l 26 1 0 1 0 1
/m/014_x2 /film/film/genre /m/01jfsb 30 1 0 1 0 1
/m/0gtsxr4 /film/film/genre /m/0hcr 7 1 1 1 0 1
/m/040_lv /film/film/genre /m/07s9rl0 125 1 0 1 0 1
/m/0hz6mv2 /film/film/genre /m/04t36 10 1 1 1 0 1
/m/0d61px /film/film/genre /m/02kdv5l 30 1 0 1 0 1
/m/011wtv /film/film/genre /m/0lsxr 8 2 1 1 0 0
/m/0dgst_d /film/film/genre /m/07s9rl0 97 1 0 1 0 1
/m/05dy7p /film/film/genre /m/03bxz7 13876 13852 0 0 0 0
/m/03n3gl /film/film/genre /m/01q03 1 1 1 1 1 1
/m/07kh6f3 /film/film/genre /m/0lsxr 13 2 0 1 0 0
/m/013q0p /film/film/genre /m/07s2s 13 4 0 1 0 0
/m/05jf85 /film/film/genre /m/0219x_ 6 1 1 1 0 1
/m/06lpmt /film/film/genre /m/02l7c8 25 1 0 1 0 1
/m/0dgpwnk /film/film/genre /m/07s9rl0 116 1 0 1 0 1
/m/0639bg /film/film/genre /m/01hmnh 16 1 0 1 0 1
/m/06q8qh /film/film/genre /m/04t36 6 1 1 1 0 1
/m/016ywb /film/film/genre /m/082gq 43 30 0 0 0 0
/m/087pfc /film/film/genre /m/07s9rl0 102 1 0 1 0 1
/m/07qg8v /film/film/genre /m/05p553 79 4 0 1 0 0
/m/03kx49 /film/film/genre /m/03k9fj 32 1 0 1 0 1
/m/01cssf /film/film/genre /m/02l7c8 18 1 0 1 0 1
/m/0bth54 /film/film/genre /m/02kdv5l 22 1 0 1 0 1
/m/0f8j13 /film/film/genre /m/07s9rl0 135 1 0 1 0 1
/m/016017 /film/film/genre /m/0bj8m2 3060 3057 0 0 0 0
/m/07k2mq /film/film/genre /m/0219x_ 6 1 1 1 0 1
/m/06r2h /film/film/genre /m/06n90 28 1 0 1 0 1
/m/0bs5k8r /film/film/genre /m/03bxz7 3 1 1 1 0 1
/m/0sxlb /film/film/genre /m/06cvj 6 1 1 1 0 1
/m/092vkg /film/film/genre /m/0lsxr 19 2 0 1 0 0
/m/0k2m6 /film/film/genre /m/06l3bl 5 1 1 1 0 1
/m/09v8clw /film/film/genre /m/01hmnh 12 1 0 1 0 1
/m/01sbv9 /film/film/genre /m/05p553 84 4 0 1 0 0
/m/01xq8v /film/film/genre /m/03npn 3 1 1 1 0 1
/m/013q0p /film/film/genre /m/0lsxr 20 2 0 1 0 0
/m/09rfh9 /film/film/genre /m/03npn 23 5 0 1 0 0
/m/027r9t /film/film/genre /m/01j1n2 2 1 1 1 0 1
/m/0kt_4 /film/film/genre /m/01g6gs 3 1 1 1 0 1
/m/01jr4j /film/film/genre /m/07s9rl0 125 1 0 1 0 1
/m/01gc7 /film/film/genre /m/02kdv5l 32 1 0 1 0 1
/m/04fzfj /film/film/genre /m/01drsx 2 1 1 1 0 1
/m/098s2w /film/film/genre /m/04xvlr 17 1 0 1 0 1
/m/01f8f7 /film/film/genre /m/02l7c8 29 1 0 1 0 1
/m/0y_9q /film/film/genre /m/04cb4x 1 1 1 1 1 1
/m/01sxdy /film/film/genre /m/02l7c8 24 1 0 1 0 1
/m/0f42nz /film/film/genre /m/01jfsb 37 1 0 1 0 1
/m/0crfwmx /film/film/genre /m/02kdv5l 37 1 0 1 0 1
/m/0gm2_0 /film/film/genre /m/0lsxr 12 2 0 1 0 0
/m/01hq1 /film/film/genre /m/0lsxr 17 2 0 1 0 0
/m/05mrf_p /film/film/genre /m/02n4kr 14 1 0 1 0 1
/m/0bm2nq /film/film/genre /m/01hmnh 19 1 0 1 0 1
/m/04q00lw /film/film/genre /m/03q4nz 3 1 1 1 0 1
/m/01mszz /film/film/genre /m/0gf28 2574 2562 0 0 0 0
/m/0963mq /film/film/genre /m/0gsy3b 2353 2349 0 0 0 0
/m/01d259 /film/film/genre /m/02n4kr 10 1 1 1 0 1
/m/0c3zjn7 /film/film/genre /m/07s9rl0 685 400 0 0 0 0
/m/016z7s /film/film/genre /m/07s9rl0 35 1 0 1 0 1
/m/09lcsj /film/film/genre /m/07s9rl0 122 1 0 1 0 1
/m/0ckt6 /film/film/genre /m/01hwc6 2 1 1 1 0 1
/m/07g1sm /film/film/genre /m/07s9rl0 72 1 0 1 0 1
/m/0421ng /film/film/genre /m/05p553 65 4 0 1 0 0
/m/01l_pn /film/film/genre /m/04t2t 8 1 1 1 0 1
/m/047vp1n /film/film/genre /m/05p553 15 1 0 1 0 1
/m/060__7 /film/film/genre /m/0lsxr 68 33 0 0 0 0
/m/032zq6 /film/film/genre /m/01hmnh 24 1 0 1 0 1
/m/02ljhg /film/film/genre /m/0hfjk 5 1 1 1 0 1
/m/0prhz /film/film/genre /m/060__y 15 1 0 1 0 1
/m/09d3b7 /film/film/genre /m/07s9rl0 127 1 0 1 0 1
/m/0cz8mkh /film/film/genre /m/03npn 14 1 0 1 0 1
/m/049xgc /film/film/genre /m/04xvlr 10 1 1 1 0 1
/m/013q0p /film/film/genre /m/01hwc6 4 2 1 1 0 0
/m/0f4m2z /film/film/genre /m/07s9rl0 186 8 0 1 0 0
/m/03mnn0 /film/film/genre /m/017fp 6 1 1 1 0 1
/m/01k60v /film/film/genre /m/06lbpz 1 1 1 1 1 1
/m/02sfnv /film/film/genre /m/0ltv 2 1 1 1 0 1
/m/085bd1 /film/film/genre /m/04xvh5 3853 3843 0 0 0 0
/m/05qbbfb /film/film/genre /m/01hmnh 7 1 1 1 0 1
/m/0jqn5 /film/film/genre /m/03k9fj 25 1 0 1 0 1
/m/01xbxn /film/film/genre /m/0bj8m2 2 1 1 1 0 1
/m/01b195 /film/film/genre /m/01jfsb 26 1 0 1 0 1
/m/0c0zq /film/film/genre /m/05p553 144 39 0 0 0 0
/m/026p_bs /film/film/genre /m/02n4kr 15 1 0 1 0 1
/m/0322yj /film/film/genre /m/06cvj 7 1 1 1 0 1
/m/048vhl /film/film/genre /m/01hmnh 17 1 0 1 0 1
/m/06w99h3 /film/film/genre /m/01t_vv 3 1 1 1 0 1
/m/016ztl /film/film/genre /m/0jxy 6 1 1 1 0 1
/m/09gb_4p /film/film/genre /m/01jfsb 17 1 0 1 0 1
/m/07y9w5 /film/film/genre /m/05p553 81 4 0 1 0 0
/m/017kz7 /film/film/genre /m/04t36 6 1 1 1 0 1
/m/0sxmx /film/film/genre /m/07s9rl0 187 8 0 1 0 0
/m/032xky /film/film/genre /m/01jfsb 35 1 0 1 0 1
/m/01dvbd /film/film/genre /m/0lsxr 22 2 0 1 0 0
/m/01l_pn /film/film/genre /m/03k9fj 148 95 0 0 0 0
/m/0b3n61 /film/film/genre /m/05p553 115 13 0 0 0 0
/m/017gm7 /film/film/genre /m/02xlf 3 1 1 1 0 1
/m/042fgh /film/film/genre /m/0btmb 3 1 1 1 0 1
/m/07pd_j /film/film/genre /m/05p553 98 4 0 1 0 0
/m/01kf3_9 /film/film/genre /m/01jfsb 25 1 0 1 0 1
/m/01xq8v /film/film/genre /m/01hmnh 33 1 0 1 0 1
/m/01xlqd /film/film/genre /m/04t36 9 1 1 1 0 1
/m/0b2qtl /film/film/genre /m/07s9rl0 124 1 0 1 0 1
/m/09gkx35 /film/film/genre /m/05p553 59 4 0 1 0 0
/m/05jf85 /film/film/genre /m/06nbt 2 1 1 1 0 1
/m/02sfnv /film/film/genre /m/03k9fj 31 1 0 1 0 1
/m/0k5px /film/film/genre /m/03bxz7 3 1 1 1 0 1
/m/02rrfzf /film/film/genre /m/02kdv5l 23 1 0 1 0 1
/m/0d4htf /film/film/genre /m/02l7c8 23 1 0 1 0 1
/m/02bqvs /film/film/genre /m/07s9rl0 133 1 0 1 0 1
/m/0fsw_7 /film/film/genre /m/01jfsb 27 1 0 1 0 1
/m/01c9d /film/film/genre /m/04xvlr 59 15 0 0 0 0
/m/0b73_1d /film/film/genre /m/0hfjk 2 1 1 1 0 1
/m/01dyvs /film/film/genre /m/04t2t 6 1 1 1 0 1
/m/011yr9 /film/film/genre /m/07s9rl0 28 1 0 1 0 1
/m/0dh8v4 /film/film/genre /m/02kdv5l 42 1 0 1 0 1
/m/02z3r8t /film/film/genre /m/01t_vv 3 1 1 1 0 1
/m/01j5ql /film/film/genre /m/028v3 1 1 1 1 1 1
/m/050xxm /film/film/genre /m/04t36 10 1 1 1 0 1
/m/0dcz8_ /film/film/genre /m/02kdv5l 14 1 0 1 0 1
/m/053rxgm /film/film/genre /m/02kdv5l 24 1 0 1 0 1
/m/04b2qn /film/film/genre /m/01t_vv 3 1 1 1 0 1
/m/05t0zfv /film/film/genre /m/0hcr 6 1 1 1 0 1
/m/0gy0l_ /film/film/genre /m/082gq 6 1 1 1 0 1
/m/07kb7vh /film/film/genre /m/02l7c8 25 1 0 1 0 1
/m/0fy66 /film/film/genre /m/01g6gs 3 1 1 1 0 1
/m/01bl7g /film/film/genre /m/02kdv5l 22 1 0 1 0 1
/m/0gvrws1 /film/film/genre /m/06n90 36 1 0 1 0 1
/m/01n30p /film/film/genre /m/01j1n2 5 1 1 1 0 1
/m/05wp1p /film/film/genre /m/05p553 87 4 0 1 0 0
/m/02_nsc /film/film/genre /m/0ltv 4 2 1 1 0 0
/m/0127ps /film/film/genre /m/01jfsb 17 1 0 1 0 1
/m/02hxhz /film/film/genre /m/07s9rl0 130 1 0 1 0 1
/m/0q9b0 /film/film/genre /m/07s9rl0 45 1 0 1 0 1
/m/08y2fn /film/film/genre /m/07s9rl0 68 1 0 1 0 1
/m/04gp58p /film/film/genre /m/07s9rl0 207 10 0 1 0 0
/m/0125xq /film/film/genre /m/03k9fj 31 1 0 1 0 1
/m/02zk08 /film/film/genre /m/0hn10 13342 13327 0 0 0 0
/m/0gj8nq2 /film/film/genre /m/01hmnh 143 87 0 0 0 0
/m/0199wf /film/film/genre /m/04t36 10 1 1 1 0 1
/m/02qr3k8 /film/film/genre /m/0jtdp 5445 5437 0 0 0 0
/m/09146g /film/film/genre /m/04t2t 10 1 1 1 0 1
/m/0fpkhkz /film/film/genre /m/07s9rl0 42 1 0 1 0 1
/m/0260bz /film/film/genre /m/04xvh5 4 1 1 1 0 1
/m/027s39y /film/film/genre /m/01zhp 3 1 1 1 0 1
/m/0dpl44 /film/film/genre /m/06lbpz 1 1 1 1 1 1
/m/05t0_2v /film/film/genre /m/05p553 12 1 0 1 0 1
/m/0jwmp /film/film/genre /m/07s9rl0 113 1 0 1 0 1
/m/0k2sk /film/film/genre /m/02kdv5l 34 1 0 1 0 1
/m/0fh694 /film/film/genre /m/0lsxr 21 2 0 1 0 0
/m/032016 /film/film/genre /m/05p553 197 92 0 0 0 0
/m/02z5x7l /film/film/genre /m/07s9rl0 138 1 0 1 0 1
/m/03k8th /film/film/genre /m/07s9rl0 107 1 0 1 0 1
/m/093dqjy /film/film/genre /m/02n4kr 79 49 0 0 0 0
/m/0symg /film/film/genre /m/04xvh5 4 1 1 1 0 1
/m/03ffcz /film/film/genre /m/04t36 1 1 1 1 1 1
/m/0j43swk /film/film/genre /m/01jfsb 31 1 0 1 0 1
/m/011x_4 /film/film/genre /m/07s9rl0 130 1 0 1 0 1
/m/0cvkv5 /film/film/genre /m/05p553 109 8 0 1 0 0
/m/02v_r7d /film/film/genre /m/07s9rl0 40 1 0 1 0 1
/m/02c638 /film/film/genre /m/01jfsb 13 1 0 1 0 1
/m/02c638 /film/film/genre /m/09blyk 4 1 1 1 0 1
/m/0b2v79 /film/film/genre /m/0lsxr 19 2 0 1 0 0
/m/02yvct /film/film/genre /m/082gq 8 1 1 1 0 1
/m/02rv_dz /film/film/genre /m/01j1n2 5 1 1 1 0 1
/m/015ynm /film/film/genre /m/06n90 41 1 0 1 0 1
/m/0pvms /film/film/genre /m/07s9rl0 123 1 0 1 0 1
/m/03n3gl /film/film/genre /m/02kdv5l 24 1 0 1 0 1
/m/02_nsc /film/film/genre /m/02kdv5l 37 1 0 1 0 1
/m/08xvpn /film/film/genre /m/060__y 75 55 0 0 0 0
/m/0cc5qkt /film/film/genre /m/01j1n2 5 1 1 1 0 1
/m/0gtvrv3 /film/film/genre /m/07s9rl0 111 1 0 1 0 1
/m/0f7hw /film/film/genre /m/03p5xs 11785 11782 0 0 0 0
/m/04qk12 /film/film/genre /m/02l7c8 20 1 0 1 0 1
/m/07yk1xz /film/film/genre /m/07s9rl0 49 1 0 1 0 1
/m/06bc59 /film/film/genre /m/01q03 1 1 1 1 1 1
/m/02jxrw /film/film/genre /m/03mqtr 5 1 1 1 0 1
/m/047svrl /film/film/genre /m/05p553 51 4 0 1 0 0
/m/01rwyq /film/film/genre /m/017fp 3 1 1 1 0 1
/m/076xkps /film/film/genre /m/06n90 33 1 0 1 0 1
/m/05c9zr /film/film/genre /m/02kdv5l 22 1 0 1 0 1
/m/0bl1_ /film/film/genre /m/07s9rl0 119 1 0 1 0 1
/m/0m2kd /film/film/genre /m/02b5_l 4 1 1 1 0 1
/m/0bl3nn /film/film/genre /m/0btmb 11 1 0 1 0 1
/m/01k0vq /film/film/genre /m/05p553 59 4 0 1 0 0
/m/0k2sk /film/film/genre /m/01hmnh 31 1 0 1 0 1
/m/05q96q6 /film/film/genre /m/07s9rl0 115 1 0 1 0 1
/m/07tlfx /film/film/genre /m/0lsxr 16 2 0 1 0 0
/m/017kz7 /film/film/genre /m/05p553 86 4 0 1 0 0
/m/01cmp9 /film/film/genre /m/05p553 82 4 0 1 0 0
/m/026390q /film/film/genre /m/04228s 10632 10627 0 0 0 0
/m/04jwjq /film/film/genre /m/02l7c8 35 1 0 1 0 1
/m/0294mx /film/film/genre /m/07s9rl0 120 1 0 1 0 1
/m/035zr0 /film/film/genre /m/01jfsb 19 1 0 1 0 1
/m/0c5qvw /film/film/genre /m/03mqtr 5 1 1 1 0 1
/m/063hp4 /film/film/genre /m/02l7c8 30 1 0 1 0 1
/m/024lff /film/film/genre /m/01jfsb 17 1 0 1 0 1
/m/01jwxx /film/film/genre /m/02kdv5l 35 1 0 1 0 1
/m/048scx /film/film/genre /m/02qfv5d 4 1 1 1 0 1
/m/011yl_ /film/film/genre /m/02l7c8 152 97 0 0 0 0
/m/09gdh6k /film/film/genre /m/01hmnh 26 1 0 1 0 1
/m/04xg2f /film/film/genre /m/07s9rl0 150 2 0 1 0 0
/m/0gnkb /film/film/genre /m/02l7c8 31 1 0 1 0 1
/m/03hkch7 /film/film/genre /m/03mqtr 7 1 1 1 0 1
/m/05jf85 /film/film/genre /m/05p553 37 2 0 1 0 0
/m/05jf85 /film/film/genre /m/06cvj 6 1 1 1 0 1
/m/01zfzb /film/film/genre /m/0556j8 4 1 1 1 0 1
/m/05nyqk /film/film/genre /m/0lsxr 18 2 0 1 0 0
/m/0194zl /film/film/genre /m/03bxz7 3 1 1 1 0 1
/m/03mh94 /film/film/genre /m/06n90 40 1 0 1 0 1
/m/0830vk /film/film/genre /m/01t_vv 3 1 1 1 0 1
/m/07ykkx5 /film/film/genre /m/01j1n2 5 1 1 1 0 1
/m/04jwjq /film/film/genre /m/07s9rl0 141 1 0 1 0 1
/m/085wqm /film/film/genre /m/02kdv5l 27 1 0 1 0 1
/m/0pk1p /film/film/genre /m/0gf28 4 1 1 1 0 1
/m/0fg04 /film/film/genre /m/01jfsb 56 7 0 1 0 0
/m/01fx6y /film/film/genre /m/04xvlr 17 1 0 1 0 1
/m/0qf2t /film/film/genre /m/07s9rl0 44 1 0 1 0 1
/m/02mpyh /film/film/genre /m/04xvlr 54 10 0 1 0 0
/m/06bd5j /film/film/genre /m/0glj9q 1 1 1 1 1 1
/m/0gvrws1 /film/film/genre /m/01jfsb 25 1 0 1 0 1
/m/0k20s /film/film/genre /m/02p0szs 3 1 1 1 0 1
/m/02rlj20 /film/film/genre /m/07s9rl0 64 1 0 1 0 1
/m/048rn /film/film/genre /m/087lqx 13585 13583 0 0 0 0
/m/02tktw /film/film/genre /m/01jfsb 19 1 0 1 0 1
/m/09rsjpv /film/film/genre /m/082gq 8 1 1 1 0 1
/m/072x7s /film/film/genre /m/01f9r0 13927 13916 0 0 0 0
/m/011yn5 /film/film/genre /m/0hn10 4 1 1 1 0 1
/m/09lxv9 /film/film/genre /m/01hmnh 27 1 0 1 0 1
/m/0m313 /film/film/genre /m/06cvj 6 1 1 1 0 1
/m/017z49 /film/film/genre /m/0lsxr 16 2 0 1 0 0
/m/0d4htf /film/film/genre /m/0hcr 4652 4637 0 0 0 0
/m/01br2w /film/film/genre /m/06l3bl 5 1 1 1 0 1
/m/029jt9 /film/film/genre /m/03g3w 2 1 1 1 0 1
/m/01f7kl /film/film/genre /m/06n90 42 1 0 1 0 1
/m/0m9p3 /film/film/genre /m/07s9rl0 57 1 0 1 0 1
/m/0m9p3 /film/film/genre /m/082gq 9 1 1 1 0 1
/m/012jfb /film/film/genre /m/0jtdp 8 1 1 1 0 1
/m/04nm0n0 /film/film/genre /m/082gq 8 1 1 1 0 1
/m/095zlp /film/film/genre /m/04xvlr 26 1 0 1 0 1
/m/045j3w /film/film/genre /m/02n4kr 86 56 0 0 0 0
/m/0gvvf4j /film/film/genre /m/01jfsb 28 1 0 1 0 1
/m/0f61tk /film/film/genre /m/04pbhw 12 1 0 1 0 1
/m/0symg /film/film/genre /m/01hmnh 34 1 0 1 0 1
/m/0llcx /film/film/genre /m/0c3351 5 1 1 1 0 1
/m/0df92l /film/film/genre /m/02l7c8 32 1 0 1 0 1
/m/0900j5 /film/film/genre /m/01585b 4 1 1 1 0 1
/m/01ln5z /film/film/genre /m/02kdv5l 27 1 0 1 0 1
/m/02v_r7d /film/film/genre /m/03mqtr 18 9 0 1 0 0
/m/04gcyg /film/film/genre /m/03k9fj 31 1 0 1 0 1
/m/0bwfwpj /film/film/genre /m/07s9rl0 99 1 0 1 0 1
/m/0bc1yhb /film/film/genre /m/02kdv5l 33 1 0 1 0 1
/m/0bc1yhb /film/film/genre /m/03k9fj 133 81 0 0 0 0
/m/0gg5kmg /film/film/genre /m/0lsxr 90 55 0 0 0 0
/m/02q87z6 /film/film/genre /m/01jfsb 19 1 0 1 0 1
/m/0cq7tx /film/film/genre /m/04t36 2 1 1 1 0 1
/m/0bmc4cm /film/film/genre /m/04t2t 4 1 1 1 0 1
/m/07xvf /film/film/genre /m/02kdv5l 25 1 0 1 0 1
/m/0191n /film/film/genre /m/01jfsb 54 7 0 1 0 0
/m/0f4yh /film/film/genre /m/02kdv5l 29 1 0 1 0 1
/m/0170th /film/film/genre /m/04xvlr 13 1 0 1 0 1
/m/0gkz15s /film/film/genre /m/07s9rl0 106 1 0 1 0 1
/m/08720 /film/film/genre /m/01jfsb 23 1 0 1 0 1
/m/032_wv /film/film/genre /m/0219x_ 10771 10739 0 0 0 0
/m/01g3gq /film/film/genre /m/03npn 4 1 1 1 0 1
/m/025rvx0 /film/film/genre /m/04xvlr 17 1 0 1 0 1
/m/014lc_ /film/film/genre /m/06n90 33 1 0 1 0 1
/m/05mrf_p /film/film/genre /m/03mqtr 7 1 1 1 0 1
/m/0b60sq /film/film/genre /m/0hcr 13337 13313 0 0 0 0
/m/063_j5 /film/film/genre /m/02xh1 6 1 1 1 0 1
/m/0pv2t /film/film/genre /m/02l7c8 25 1 0 1 0 1
/m/0dh8v4 /film/film/genre /m/0hcr 4162 4146 0 0 0 0
/m/03rtz1 /film/film/genre /m/05p553 63 4 0 1 0 0
/m/05dptj /film/film/genre /m/04xvh5 2553 2548 0 0 0 0
/m/026zlh9 /film/film/genre /m/07s9rl0 125 1 0 1 0 1
/m/01sxly /film/film/genre /m/06qm3 3 1 1 1 0 1
/m/08hmch /film/film/genre /m/06n90 32 1 0 1 0 1
/m/01cmp9 /film/film/genre /m/0lsxr 15 2 0 1 0 0
/m/02q0k7v /film/film/genre /m/060__y 6 1 1 1 0 1
/m/0dcz8_ /film/film/genre /m/04pbhw 16 1 0 1 0 1
/m/032xky /film/film/genre /m/03npn 11 1 0 1 0 1
/m/01qvz8 /film/film/genre /m/0lsxr 18 2 0 1 0 0
/m/0djb3vw /film/film/genre /m/02l7c8 25 1 0 1 0 1
/m/0mcl0 /film/film/genre /m/03k9fj 337 283 0 0 0 0
/m/0hv4t /film/film/genre /m/02n4kr 14 1 0 1 0 1
/m/0ccck7 /film/film/genre /m/07s9rl0 101 1 0 1 0 1
/m/0btyf5z /film/film/genre /m/03k9fj 47 7 0 1 0 0
/m/0jdr0 /film/film/genre /m/09blyk 11 1 0 1 0 1
/m/082scv /film/film/genre /m/0219x_ 6 1 1 1 0 1
/m/02cbg0 /film/film/genre /m/07s9rl0 52 1 0 1 0 1
/m/0pvms /film/film/genre /m/05p553 14 1 0 1 0 1
/m/0cbn7c /film/film/genre /m/02n4kr 15 1 0 1 0 1
/m/01mgw /film/film/genre /m/04t2t 4 1 1 1 0 1
/m/048qrd /film/film/genre /m/07s9rl0 58 1 0 1 0 1
/m/03mr85 /film/film/genre /m/01j1n2 5 1 1 1 0 1
/m/07xtqq /film/film/genre /m/0219x_ 6 1 1 1 0 1
/m/0421v9q /film/film/genre /m/02l7c8 39 1 0 1 0 1
/m/03l6q0 /film/film/genre /m/05p553 65 4 0 1 0 0
/m/0ptx_ /film/film/genre /m/0lsxr 15 2 0 1 0 0
/m/0crh5_f /film/film/genre /m/02kdv5l 26 1 0 1 0 1
/m/041td_ /film/film/genre /m/05p553 58 4 0 1 0 0
/m/063_j5 /film/film/genre /m/0gf28 4 1 1 1 0 1
/m/02b6n9 /film/film/genre /m/0hn10 4 1 1 1 0 1
/m/05c9zr /film/film/genre /m/07s9rl0 368 113 0 0 0 0
/m/07vf5c /film/film/genre /m/07s9rl0 190 8 0 1 0 0
/m/011ycb /film/film/genre /m/02p0szs 3 1 1 1 0 1
/m/03_gz8 /film/film/genre /m/02l7c8 24 1 0 1 0 1
/m/09m6kg /film/film/genre /m/07s9rl0 165 7 0 1 0 0
/m/04nnpw /film/film/genre /m/01jfsb 30 1 0 1 0 1
/m/0bz6sq /film/film/genre /m/04t36 6 1 1 1 0 1
/m/0kvgtf /film/film/genre /m/07s9rl0 380 121 0 0 0 0
/m/04g73n /film/film/genre /m/0hcr 7 1 1 1 0 1
/m/0ds35l9 /film/film/genre /m/02l7c8 112 58 0 0 0 0
/m/06_wqk4 /film/film/genre /m/02l7c8 17 1 0 1 0 1
/m/02__34 /film/film/genre /m/0hfjk 6 1 1 1 0 1
/m/0_7w6 /film/film/genre /m/0hcr 7 1 1 1 0 1
/m/03whyr /film/film/genre /m/03k9fj 84 33 0 0 0 0
/m/0cbn7c /film/film/genre /m/060__y 14 1 0 1 0 1
/m/01xlqd /film/film/genre /m/02b5_l 4 1 1 1 0 1
/m/0d_wms /film/film/genre /m/02l7c8 34 1 0 1 0 1
/m/05hjnw /film/film/genre /m/0hfjk 6 1 1 1 0 1
/m/06bc59 /film/film/genre /m/082gq 10 1 1 1 0 1
/m/0kv238 /film/film/genre /m/07s9rl0 722 435 0 0 0 0
/m/0h1x5f /film/film/genre /m/0219x_ 2 1 1 1 0 1
/m/01rwyq /film/film/genre /m/07s9rl0 54 1 0 1 0 1
/m/01vfqh /film/film/genre /m/02n4kr 78 48 0 0 0 0
/m/0fq7dv_ /film/film/genre /m/0219x_ 6 1 1 1 0 1
/m/0dlngsd /film/film/genre /m/04xvlr 10 1 1 1 0 1
/m/016kv6 /film/film/genre /m/01jfsb 35 1 0 1 0 1
/m/09y6pb /film/film/genre /m/01lrrt 1 1 1 1 1 1
/m/02p86pb /film/film/genre /m/01fc50 1 1 1 1 1 1
/m/03y0pn /film/film/genre /m/02kdv5l 48 2 0 1 0 0
/m/04cbbz /film/film/genre /m/01jfsb 115 46 0 0 0 0
/m/029v40 /film/film/genre /m/03k9fj 30 1 0 1 0 1
/m/026390q /film/film/genre /m/0556j8 4 1 1 1 0 1
/m/0900j5 /film/film/genre /m/02n4kr 16 1 0 1 0 1
/m/0cwy47 /film/film/genre /m/02l7c8 31 1 0 1 0 1
/m/0418wg /film/film/genre /m/0lsxr 10 2 1 1 0 0
/m/01242_ /film/film/genre /m/0219x_ 6 1 1 1 0 1
/m/0cpllql /film/film/genre /m/06n90 32 1 0 1 0 1
/m/07kb7vh /film/film/genre /m/05p553 78 4 0 1 0 0
/m/0661ql3 /film/film/genre /m/01jfsb 124 51 0 0 0 0
/m/0bbgvp /film/film/genre /m/07s9rl0 129 1 0 1 0 1
/m/0p9tm /film/film/genre /m/07s9rl0 106 1 0 1 0 1
/m/0bw20 /film/film/genre /m/03mqtr 16 7 0 1 0 0
/m/0m3gy /film/film/genre /m/01jfsb 37 1 0 1 0 1
/m/0295sy /film/film/genre /m/03k9fj 98 47 0 0 0 0
/m/0kxf1 /film/film/genre /m/07s9rl0 114 1 0 1 0 1
/m/09hy79 /film/film/genre /m/03q4nz 3 1 1 1 0 1
/m/0fzm0g /film/film/genre /m/02l7c8 17 1 0 1 0 1
/m/023vcd /film/film/genre /m/02l7c8 23 1 0 1 0 1
/m/03c_cxn /film/film/genre /m/05p553 85 4 0 1 0 0
/m/0c57yj /film/film/genre /m/06qm3 8 1 1 1 0 1
/m/0gys2jp /film/film/genre /m/082gq 43 30 0 0 0 0
/m/07p62k /film/film/genre /m/01hmnh 13 1 0 1 0 1
/m/01f69m /film/film/genre /m/04xvlr 58 14 0 0 0 0
/m/0h1x5f /film/film/genre /m/07s9rl0 145 1 0 1 0 1
/m/024l2y /film/film/genre /m/07s9rl0 113 1 0 1 0 1
/m/01rxyb /film/film/genre /m/02kdv5l 2 1 1 1 0 1
/m/01qz5 /film/film/genre /m/07s9rl0 112 1 0 1 0 1
/m/035_2h /film/film/genre /m/0lsxr 18 2 0 1 0 0
/m/065ym0c /film/film/genre /m/01rbb 5251 5250 0 0 0 0
/m/0k4d7 /film/film/genre /m/02l7c8 272 214 0 0 0 0
/m/02xs6_ /film/film/genre /m/02n4kr 20 1 0 1 0 1
/m/03h3x5 /film/film/genre /m/03k9fj 36 1 0 1 0 1
/m/09wnnb /film/film/genre /m/02n4kr 15 1 0 1 0 1
/m/09wnnb /film/film/genre /m/01jfsb 27 1 0 1 0 1
/m/021y7yw /film/film/genre /m/01lrrt 1 1 1 1 1 1
/m/07bwr /film/film/genre /m/05p553 86 4 0 1 0 0
/m/07s846j /film/film/genre /m/060__y 8 1 1 1 0 1
/m/09zf_q /film/film/genre /m/07s9rl0 122 1 0 1 0 1
/m/03lvwp /film/film/genre /m/060__y 6 1 1 1 0 1
/m/07g_0c /film/film/genre /m/07s9rl0 39 1 0 1 0 1
/m/06bc59 /film/film/genre /m/0c3351 2 1 1 1 0 1
/m/0jnwx /film/film/genre /m/03k9fj 33 1 0 1 0 1
/m/027s39y /film/film/genre /m/0hcr 7 1 1 1 0 1
/m/0h03fhx /film/film/genre /m/02p0szs 3 1 1 1 0 1
/m/0k5g9 /film/film/genre /m/02n4kr 2 1 1 1 0 1
/m/02fj8n /film/film/genre /m/04pbhw 12 1 0 1 0 1
/m/0hx4y /film/film/genre /m/06n90 34 1 0 1 0 1
/m/0bj25 /film/film/genre /m/07s9rl0 110 1 0 1 0 1
/m/02xtxw /film/film/genre /m/01t_vv 3 1 1 1 0 1
/m/016z7s /film/film/genre /m/04xvlr 16 1 0 1 0 1
/m/06x77g /film/film/genre /m/07s9rl0 47 1 0 1 0 1
/m/03q5db /film/film/genre /m/03k9fj 27 1 0 1 0 1
/m/02v5xg /film/film/genre /m/06n90 43 1 0 1 0 1
/m/0c_j9x /film/film/genre /m/04xvlr 22 1 0 1 0 1
/m/01jw67 /film/film/genre /m/02l7c8 182 125 0 0 0 0
/m/0pk1p /film/film/genre /m/016vh2 3 1 1 1 0 1
/m/0kvgnq /film/film/genre /m/03mqtr 5 1 1 1 0 1
/m/02mmwk /film/film/genre /m/06n90 32 1 0 1 0 1
/m/0bscw /film/film/genre /m/06n90 77 31 0 0 0 0
/m/05qbckf /film/film/genre /m/01jfsb 14 1 0 1 0 1
/m/0gl3hr /film/film/genre /m/02l7c8 32 1 0 1 0 1
/m/07nt8p /film/film/genre /m/04xvlr 11 1 0 1 0 1
/m/07xvf /film/film/genre /m/082gq 10 1 1 1 0 1
/m/05rfst /film/film/genre /m/07s9rl0 124 1 0 1 0 1
/m/0c57yj /film/film/genre /m/01t_vv 3 1 1 1 0 1
/m/0fjyzt /film/film/genre /m/03mqtr 15 7 0 1 0 0
/m/0456zg /film/film/genre /m/0jdm8 1 1 1 1 1 1
/m/07bxqz /film/film/genre /m/0219x_ 6 1 1 1 0 1
/m/03ckwzc /film/film/genre /m/0lsxr 13 2 0 1 0 0
/m/062zjtt /film/film/genre /m/07s9rl0 124 1 0 1 0 1
/m/048xyn /film/film/genre /m/04xvlr 54 10 0 1 0 0
/m/0m491 /film/film/genre /m/01j1n2 5 1 1 1 0 1
/m/02y_lrp /film/film/genre /m/06cvj 6 1 1 1 0 1
/m/05t0_2v /film/film/genre /m/01hmnh 23 1 0 1 0 1
/m/0g83dv /film/film/genre /m/02l7c8 174 117 0 0 0 0
/m/05f67hw /film/film/genre /m/0jtdp 7 1 1 1 0 1
/m/05c26ss /film/film/genre /m/03k9fj 23 1 0 1 0 1
/m/050f0s /film/film/genre /m/0hcr 4 1 1 1 0 1
/m/04z4j2 /film/film/genre /m/04xvlr 14 1 0 1 0 1
/m/0crd8q6 /film/film/genre /m/0lsxr 18 2 0 1 0 0
/m/04nm0n0 /film/film/genre /m/02l7c8 25 1 0 1 0 1
/m/0353tm /film/film/genre /m/01jfsb 36 1 0 1 0 1
/m/03k8th /film/film/genre /m/0lsxr 4 2 1 1 0 0
/m/0j43swk /film/film/genre /m/02kdv5l 37 1 0 1 0 1
/m/05sns6 /film/film/genre /m/0vgkd 6 1 1 1 0 1
/m/01hr1 /film/film/genre /m/02kdv5l 29 1 0 1 0 1
/m/06_x996 /film/film/genre /m/07s9rl0 27 1 0 1 0 1
/m/02v_r7d /film/film/genre /m/03q4nz 3 1 1 1 0 1
/m/0cf08 /film/film/genre /m/02l7c8 27 1 0 1 0 1
/m/0fy66 /film/film/genre /m/07s9rl0 124 1 0 1 0 1
/m/0k4kk /film/film/genre /m/03k9fj 335 281 0 0 0 0
/m/02rjv2w /film/film/genre /m/02l7c8 31 1 0 1 0 1
/m/020fcn /film/film/genre /m/04xvlr 12 1 0 1 0 1
/m/07s846j /film/film/genre /m/07s9rl0 14 1 0 1 0 1
/m/03nx8mj /film/film/genre /m/0556j8 4 1 1 1 0 1
/m/09rsjpv /film/film/genre /m/03k9fj 18 1 0 1 0 1
/m/06wzvr /film/film/genre /m/04t36 17 5 0 1 0 0
/m/04smdd /film/film/genre /m/01t_vv 7639 7628 0 0 0 0
/m/06y611 /film/film/genre /m/07s9rl0 121 1 0 1 0 1
/m/060v34 /film/film/genre /m/01jfsb 24 1 0 1 0 1
/m/032_wv /film/film/genre /m/0cshrf 1 1 1 1 1 1
/m/0284b56 /film/film/genre /m/01jfsb 22 1 0 1 0 1
/m/06bc59 /film/film/genre /m/07s9rl0 377 120 0 0 0 0
/m/0jnwx /film/film/genre /m/01hmnh 27 1 0 1 0 1
/m/0fphf3v /film/film/genre /m/05p553 51 4 0 1 0 0
/m/02b6n9 /film/film/genre /m/07s9rl0 147 2 0 1 0 0
/m/02z0f6l /film/film/genre /m/01f9r0 2 1 1 1 0 1
/m/0pv2t /film/film/genre /m/06cvj 2 1 1 1 0 1
/m/0422v0 /film/film/genre /m/01jfsb 28 1 0 1 0 1
/m/03kx49 /film/film/genre /m/04228s 2 1 1 1 0 1
/m/0dscrwf /film/film/genre /m/07s9rl0 101 1 0 1 0 1
/m/0g5pvv /film/film/genre /m/02kdv5l 24 1 0 1 0 1
/m/0f8j13 /film/film/genre /m/05p553 92 4 0 1 0 0
/m/02q56mk /film/film/genre /m/0hn10 5700 5689 0 0 0 0
/m/089j8p /film/film/genre /m/04rlf 7882 7875 0 0 0 0
/m/05m_jsg /film/film/genre /m/02l7c8 19 1 0 1 0 1
/m/027qgy /film/film/genre /m/03p5xs 1 1 1 1 1 1
/m/0bt4g /film/film/genre /m/07s2s 1 1 1 1 1 1
/m/03s6l2 /film/film/genre /m/017fp 4 1 1 1 0 1
/m/02dpl9 /film/film/genre /m/03k9fj 132 80 0 0 0 0
/m/023p7l /film/film/genre /m/03k9fj 35 1 0 1 0 1
/m/01gglm /film/film/genre /m/07s9rl0 57 1 0 1 0 1
/m/092vkg /film/film/genre /m/04xvlr 32 1 0 1 0 1
/m/0661ql3 /film/film/genre /m/06n90 102 54 0 0 0 0
/m/0c34mt /film/film/genre /m/01585b 4 1 1 1 0 1
/m/0yx7h /film/film/genre /m/0glj9q 3 1 1 1 0 1
/m/0170xl /film/film/genre /m/060__y 13 1 0 1 0 1
/m/03vfr_ /film/film/genre /m/03k9fj 20 1 0 1 0 1
/m/01xq8v /film/film/genre /m/060__y 15 1 0 1 0 1
/m/05szq8z /film/film/genre /m/03k9fj 22 1 0 1 0 1
/m/048tv9 /film/film/genre /m/02kdv5l 31 1 0 1 0 1
/m/07bwr /film/film/genre /m/0lsxr 19 2 0 1 0 0
/m/02ylg6 /film/film/genre /m/02l7c8 16 1 0 1 0 1
/m/01svry /film/film/genre /m/02n4kr 14 1 0 1 0 1
/m/04lqvly /film/film/genre /m/0hcr 9082 9061 0 0 0 0
/m/0gd0c7x /film/film/genre /m/07s9rl0 99 1 0 1 0 1
/m/01l2b3 /film/film/genre /m/01t_vv 9096 9081 0 0 0 0
/m/011ykb /film/film/genre /m/05p553 13 1 0 1 0 1
/m/05qbbfb /film/film/genre /m/02kdv5l 25 1 0 1 0 1
/m/04sskp /film/film/genre /m/0dz8b 1 1 1 1 1 1
/m/0n04r /film/film/genre /m/07s9rl0 220 14 0 0 0 0
/m/06cgf /film/film/genre /m/04t36 6 1 1 1 0 1
/m/0m491 /film/film/genre /m/05p553 48 3 0 1 0 0
/m/0j_t1 /film/film/genre /m/07s9rl0 126 1 0 1 0 1
/m/034qbx /film/film/genre /m/01jfsb 28 1 0 1 0 1
/m/05v38p /film/film/genre /m/02n4kr 15 1 0 1 0 1
/m/016ztl /film/film/genre /m/01hmnh 31 1 0 1 0 1
/m/016ztl /film/film/genre /m/03k9fj 36 1 0 1 0 1
/m/040b5k /film/film/genre /m/02kdv5l 33 1 0 1 0 1
/m/0cp0t91 /film/film/genre /m/03k9fj 25 1 0 1 0 1
/m/05znxx /film/film/genre /m/02n4kr 10 1 1 1 0 1
/m/04y9mm8 /film/film/genre /m/02kdv5l 164 99 0 0 0 0
/m/04jpg2p /film/film/genre /m/03k9fj 25 1 0 1 0 1
/m/07gp9 /film/film/genre /m/06n90 45 2 0 1 0 0
/m/07gp9 /film/film/genre /m/07s2s 6 1 1 1 0 1
/m/0fg04 /film/film/genre /m/0lsxr 15 2 0 1 0 0
/m/01hr1 /film/film/genre /m/0btmb 4 1 1 1 0 1
/m/0gh8zks /film/film/genre /m/07s9rl0 117 1 0 1 0 1
/m/05ft32 /film/film/genre /m/07s9rl0 48 1 0 1 0 1
/m/0gnjh /film/film/genre /m/05p553 20 1 0 1 0 1
/m/0jqkh /film/film/genre /m/0219x_ 12161 12135 0 0 0 0
/m/0ndsl1x /film/film/genre /m/07s9rl0 105 1 0 1 0 1
/m/0gyv0b4 /film/film/genre /m/01jfsb 62 8 0 1 0 0
/m/0127ps /film/film/genre /m/02n4kr 11 1 0 1 0 1
/m/02qzh2 /film/film/genre /m/05p553 11 1 0 1 0 1
/m/03c_cxn /film/film/genre /m/0219x_ 2197 2189 0 0 0 0
/m/0408m53 /film/film/genre /m/06cvj 5 1 1 1 0 1
/m/0286gm1 /film/film/genre /m/060__y 11 1 0 1 0 1
/m/02qlp4 /film/film/genre /m/02kdv5l 26 1 0 1 0 1
/m/048xyn /film/film/genre /m/082gq 9 1 1 1 0 1
/m/01718w /film/film/genre /m/03k9fj 24 1 0 1 0 1
/m/02704ff /film/film/genre /m/05p553 78 4 0 1 0 0
/m/011yr9 /film/film/genre /m/017fp 2 1 1 1 0 1
/m/09q5w2 /film/film/genre /m/06l3bl 5 1 1 1 0 1
/m/02f6g5 /film/film/genre /m/05p553 10 1 1 1 0 1
/m/03rtz1 /film/film/genre /m/07s9rl0 134 1 0 1 0 1
/m/01chpn /film/film/genre /m/01t_vv 3 1 1 1 0 1
/m/0gx1bnj /film/film/genre /m/02l7c8 28 1 0 1 0 1
/m/048htn /film/film/genre /m/01jfsb 26 1 0 1 0 1
/m/014l6_ /film/film/genre /m/02l7c8 14 1 0 1 0 1
/m/02725hs /film/film/genre /m/060__y 5 1 1 1 0 1
/m/015qsq /film/film/genre /m/06lbpz 1 1 1 1 1 1
/m/015qsq /film/film/genre /m/07s9rl0 119 1 0 1 0 1
/m/02rrh1w /film/film/genre /m/02qfv5d 1 1 1 1 1 1
/m/04954r /film/film/genre /m/05p553 88 4 0 1 0 0
/m/03s9kp /film/film/genre /m/07s9rl0 108 1 0 1 0 1
/m/07l450 /film/film/genre /m/01f9r0 2 1 1 1 0 1
/m/0c_j9x /film/film/genre /m/01jfsb 23 1 0 1 0 1
/m/0p_qr /film/film/genre /m/02l7c8 32 1 0 1 0 1
/m/02fwfb /film/film/genre /m/01q03 1 1 1 1 1 1
/m/026gyn_ /film/film/genre /m/060__y 111 91 0 0 0 0
/m/048rn /film/film/genre /m/02kdv5l 38 1 0 1 0 1
/m/0fzm0g /film/film/genre /m/01hmnh 19 1 0 1 0 1
/m/021pqy /film/film/genre /m/03mqtr 5 1 1 1 0 1
/m/02d413 /film/film/genre /m/0hn10 2 1 1 1 0 1
/m/02rn00y /film/film/genre /m/05p553 85 4 0 1 0 0
/m/0cq8qq /film/film/genre /m/0hfjk 6 1 1 1 0 1
/m/0pd57 /film/film/genre /m/01jfsb 37 1 0 1 0 1
/m/03bdkd /film/film/genre /m/03mqtr 8 1 1 1 0 1
/m/02x2jl_ /film/film/genre /m/02qfv5d 3 1 1 1 0 1
/m/0gmblvq /film/film/genre /m/03bxz7 3 1 1 1 0 1
/m/02lxrv /film/film/genre /m/0vgkd 6 1 1 1 0 1
/m/07sgdw /film/film/genre /m/09q17 4 1 1 1 0 1
/m/0c38gj /film/film/genre /m/0lsxr 12 2 0 1 0 0
/m/027s39y /film/film/genre /m/01hmnh 88 32 0 0 0 0
/m/0bth54 /film/film/genre /m/01zhp 3 1 1 1 0 1
/m/01pvxl /film/film/genre /m/0jdm8 1 1 1 1 1 1
/m/05567m /film/film/genre /m/02kdv5l 35 1 0 1 0 1
/m/080lkt7 /film/film/genre /m/0219x_ 12969 12937 0 0 0 0
/m/02py4c8 /film/film/genre /m/0d63kt 3 1 1 1 0 1
/m/04jn6y7 /film/film/genre /m/07s9rl0 121 1 0 1 0 1
/m/027qgy /film/film/genre /m/0219x_ 9739 9713 0 0 0 0
/m/02_1sj /film/film/genre /m/0l4h_ 5 1 1 1 0 1
/m/07phbc /film/film/genre /m/0lsxr 11 2 0 1 0 0
/m/011xg5 /film/film/genre /m/06n90 39 1 0 1 0 1
/m/02r8hh_ /film/film/genre /m/03bxz7 3 1 1 1 0 1
/m/03rz2b /film/film/genre /m/03q4nz 3 1 1 1 0 1
/m/0cq7kw /film/film/genre /m/04t36 7 1 1 1 0 1
/m/01l2b3 /film/film/genre /m/02l7c8 22 1 0 1 0 1
/m/0fjyzt /film/film/genre /m/0lsxr 12 2 0 1 0 0
/m/03bzyn4 /film/film/genre /m/06cvj 4 1 1 1 0 1
/m/0pd64 /film/film/genre /m/02kdv5l 25 1 0 1 0 1
/m/02lxrv /film/film/genre /m/03bxz7 3 1 1 1 0 1
/m/031ldd /film/film/genre /m/0lsxr 18 2 0 1 0 0
/m/09q5w2 /film/film/genre /m/03k9fj 24 1 0 1 0 1
/m/05dptj /film/film/genre /m/04xvlr 16 1 0 1 0 1
/m/01jzyf /film/film/genre /m/04xvlr 32 1 0 1 0 1
/m/05q96q6 /film/film/genre /m/03k9fj 19 1 0 1 0 1
/m/01f8gz /film/film/genre /m/02n4lw 1 1 1 1 1 1
/m/01k0xy /film/film/genre /m/05p553 53 4 0 1 0 0
/m/08hmch /film/film/genre /m/02kdv5l 21 1 0 1 0 1
/m/02lk60 /film/film/genre /m/01hmnh 13 1 0 1 0 1
/m/0c_j9x /film/film/genre /m/060__y 17 1 0 1 0 1
/m/0294mx /film/film/genre /m/0219x_ 6 1 1 1 0 1
/m/05sw5b /film/film/genre /m/0hcr 7 1 1 1 0 1
/m/043n0v_ /film/film/genre /m/07s9rl0 294 55 0 0 0 0
/m/09gq0x5 /film/film/genre /m/07s9rl0 83 1 0 1 0 1
/m/0272_vz /film/film/genre /m/06cvj 35 25 0 0 0 0
/m/02v5_g /film/film/genre /m/02n4kr 13 1 0 1 0 1
/m/049w1q /film/film/genre /m/09blyk 4 1 1 1 0 1
/m/064lsn /film/film/genre /m/03bxz7 3 1 1 1 0 1
/m/09v42sf /film/film/genre /m/0hn10 4 1 1 1 0 1
/m/03h4fq7 /film/film/genre /m/05p553 55 4 0 1 0 0
/m/0c8qq /film/film/genre /m/04xvlr 61 17 0 0 0 0
/m/03wj4r8 /film/film/genre /m/03bxz7 3 1 1 1 0 1
/m/048xyn /film/film/genre /m/07s9rl0 55 1 0 1 0 1
/m/0c40vxk /film/film/genre /m/02kdv5l 186 119 0 0 0 0
/m/0f40w /film/film/genre /m/02n4kr 9 1 1 1 0 1
/m/017jd9 /film/film/genre /m/07s9rl0 74 1 0 1 0 1
/m/032016 /film/film/genre /m/02kdv5l 136 72 0 0 0 0
/m/02q_ncg /film/film/genre /m/0hfjk 5 1 1 1 0 1
/m/024mxd /film/film/genre /m/06n90 30 1 0 1 0 1
/m/076tw54 /film/film/genre /m/01hmnh 43 3 0 1 0 0
/m/04nnpw /film/film/genre /m/02n4kr 11 1 0 1 0 1
/m/0x25q /film/film/genre /m/06n90 26 1 0 1 0 1
/m/01z452 /film/film/genre /m/01hmnh 16 1 0 1 0 1
/m/0298n7 /film/film/genre /m/04xvlr 9 1 1 1 0 1
/m/045r_9 /film/film/genre /m/07s9rl0 205 9 0 1 0 0
/m/0g9yrw /film/film/genre /m/01jfsb 187 111 0 0 0 0
/m/09cr8 /film/film/genre /m/03mqtr 5 1 1 1 0 1
/m/069q4f /film/film/genre /m/05p553 64 4 0 1 0 0
/m/047bynf /film/film/genre /m/04xvlr 53 9 0 1 0 0
/m/0bmc4cm /film/film/genre /m/02kdv5l 35 1 0 1 0 1
/m/025twgf /film/film/genre /m/02kdv5l 34 1 0 1 0 1
/m/02qd04y /film/film/genre /m/07s9rl0 130 1 0 1 0 1
/m/0p9rz /film/film/genre /m/07s9rl0 118 1 0 1 0 1
/m/01svry /film/film/genre /m/06n90 35 1 0 1 0 1
/m/09xbpt /film/film/genre /m/0lsxr 32 5 0 1 0 0
/m/014nq4 /film/film/genre /m/03k9fj 11 1 0 1 0 1
/m/031786 /film/film/genre /m/02xlf 1 1 1 1 1 1
/m/02qzmz6 /film/film/genre /m/02l7c8 34 1 0 1 0 1
/m/02z9hqn /film/film/genre /m/0jxy 5 1 1 1 0 1
/m/0bh8tgs /film/film/genre /m/082gq 10 1 1 1 0 1
/m/04tc1g /film/film/genre /m/02kdv5l 27 1 0 1 0 1
/m/02y_lrp /film/film/genre /m/0gf28 4 1 1 1 0 1
/m/01rxyb /film/film/genre /m/04t2t 3 1 1 1 0 1
/m/02vp1f_ /film/film/genre /m/04xvh5 4 1 1 1 0 1
/m/02pxst /film/film/genre /m/05c3mp2 1 1 1 1 1 1
/m/02ptczs /film/film/genre /m/03npn 13 1 0 1 0 1
/m/050f0s /film/film/genre /m/0gf28 4 1 1 1 0 1
/m/017jd9 /film/film/genre /m/01hmnh 10 1 1 1 0 1
/m/08c4yn /film/film/genre /m/0hfjk 2 1 1 1 0 1
/m/05pyrb /film/film/genre /m/03k9fj 32 1 0 1 0 1
/m/0dyb1 /film/film/genre /m/0556j8 4 1 1 1 0 1
/m/020y73 /film/film/genre /m/02p0szs 3 1 1 1 0 1
/m/095z4q /film/film/genre /m/07s9rl0 658 373 0 0 0 0
/m/01jft4 /film/film/genre /m/05p553 74 4 0 1 0 0
/m/042fgh /film/film/genre /m/03k9fj 8 1 1 1 0 1
/m/06t2t2 /film/film/genre /m/060__y 9 1 1 1 0 1
/m/09gdh6k /film/film/genre /m/07s9rl0 53 1 0 1 0 1
/m/09qycb /film/film/genre /m/082gq 8 1 1 1 0 1
/m/09g7vfw /film/film/genre /m/07s9rl0 97 1 0 1 0 1
/m/03n0cd /film/film/genre /m/06n90 37 1 0 1 0 1
/m/02q3fdr /film/film/genre /m/0bj8m2 2 1 1 1 0 1
/m/0crs0b8 /film/film/genre /m/01jfsb 18 1 0 1 0 1
/m/026hxwx /film/film/genre /m/03k9fj 31 1 0 1 0 1
/m/0435vm /film/film/genre /m/02kdv5l 82 21 0 0 0 0
/m/07k8rt4 /film/film/genre /m/04pbhw 14 1 0 1 0 1
/m/07k8rt4 /film/film/genre /m/02kdv5l 175 108 0 0 0 0
/m/0c9t0y /film/film/genre /m/02n4kr 16 1 0 1 0 1
/m/08fbnx /film/film/genre /m/0jxy 10 2 1 1 0 0
/m/0cks1m /film/film/genre /m/05p553 91 4 0 1 0 0
/m/042g97 /film/film/genre /m/01jfsb 33 1 0 1 0 1
/m/098s2w /film/film/genre /m/09blyk 4 1 1 1 0 1
/m/0gw7p /film/film/genre /m/02kdv5l 35 1 0 1 0 1
/m/0k5px /film/film/genre /m/01g6gs 10123 10118 0 0 0 0
/m/01sxdy /film/film/genre /m/07s9rl0 118 1 0 1 0 1
/m/0372j5 /film/film/genre /m/05p553 79 4 0 1 0 0
/m/0gffmn8 /film/film/genre /m/03k9fj 30 1 0 1 0 1
/m/03cp4cn /film/film/genre /m/060__y 118 97 0 0 0 0
/m/02vqhv0 /film/film/genre /m/03k9fj 85 34 0 0 0 0
/m/041td_ /film/film/genre /m/03bxz7 3 1 1 1 0 1
/m/049mql /film/film/genre /m/03g3w 5 1 1 1 0 1
/m/047p7fr /film/film/genre /m/03k9fj 21 1 0 1 0 1
/m/016kv6 /film/film/genre /m/02qfv5d 1 1 1 1 1 1
/m/080dfr7 /film/film/genre /m/03npn 1 1 1 1 1 1
/m/03r0g9 /film/film/genre /m/02kdv5l 12 1 0 1 0 1
/m/034qbx /film/film/genre /m/05p553 57 4 0 1 0 0
/m/0n1s0 /film/film/genre /m/0gf28 12287 12266 0 0 0 0
/m/0147sh /film/film/genre /m/07s9rl0 130 1 0 1 0 1
/m/099bhp /film/film/genre /m/0hcr 10219 10198 0 0 0 0
/m/02c6d /film/film/genre /m/07s9rl0 110 1 0 1 0 1
/m/035gnh /film/film/genre /m/0lsxr 11 2 0 1 0 0
/m/0k2cb /film/film/genre /m/04xvlr 18 1 0 1 0 1
/m/04nnpw /film/film/genre /m/07s9rl0 123 1 0 1 0 1
/m/085ccd /film/film/genre /m/07s9rl0 739 449 0 0 0 0
/m/06r2h /film/film/genre /m/01jfsb 14 1 0 1 0 1
/m/05fgt1 /film/film/genre /m/0vgkd 6 1 1 1 0 1
/m/07x4qr /film/film/genre /m/01hmnh 27 1 0 1 0 1
/m/05c5z8j /film/film/genre /m/05mrx8 1 1 1 1 1 1
/m/043n0v_ /film/film/genre /m/02p0szs 3 1 1 1 0 1
/m/0g9yrw /film/film/genre /m/05p553 149 44 0 0 0 0
/m/0jdr0 /film/film/genre /m/01jfsb 58 8 0 1 0 0
/m/0dtzkt /film/film/genre /m/017fp 6 1 1 1 0 1
/m/06c0ns /film/film/genre /m/05p553 84 4 0 1 0 0
/m/05p3738 /film/film/genre /m/02kdv5l 24 1 0 1 0 1
/m/02ll45 /film/film/genre /m/04xvh5 4 1 1 1 0 1
/m/06kl78 /film/film/genre /m/0hn10 7507 7495 0 0 0 0
/m/07l50_1 /film/film/genre /m/07s9rl0 54 1 0 1 0 1
/m/08gg47 /film/film/genre /m/03q4nz 3 1 1 1 0 1
/m/0bpbhm /film/film/genre /m/02n4kr 10 1 1 1 0 1
/m/0glqh5_ /film/film/genre /m/02kdv5l 27 1 0 1 0 1
/m/047svrl /film/film/genre /m/07s9rl0 105 1 0 1 0 1
/m/039zft /film/film/genre /m/0bj8m2 2 1 1 1 0 1
/m/01_0f7 /film/film/genre /m/03k9fj 20 1 0 1 0 1
/m/0dfw0 /film/film/genre /m/06n90 25 1 0 1 0 1
/m/0hgnl3t /film/film/genre /m/07s9rl0 107 1 0 1 0 1
/m/0315w4 /film/film/genre /m/06n90 36 1 0 1 0 1
/m/016017 /film/film/genre /m/04xvh5 4 1 1 1 0 1
/m/09fn1w /film/film/genre /m/02kdv5l 369 300 0 0 0 0
/m/07q1m /film/film/genre /m/07s9rl0 56 1 0 1 0 1
/m/0bxxzb /film/film/genre /m/01jfsb 179 103 0 0 0 0
/m/0g54xkt /film/film/genre /m/07s9rl0 128 1 0 1 0 1
/m/04svwx /film/film/genre /m/06n90 97 49 0 0 0 0
/m/03c7twt /film/film/genre /m/01j1n2 5 1 1 1 0 1
/m/02pw_n /film/film/genre /m/06cvj 6 1 1 1 0 1
/m/0gy0l_ /film/film/genre /m/02kdv5l 25 1 0 1 0 1
/m/08952r /film/film/genre /m/0ltv 2 1 1 1 0 1
/m/01jc6q /film/film/genre /m/060__y 15 1 0 1 0 1
/m/09rfpk /film/film/genre /m/07s9rl0 4 1 1 1 0 1
/m/0b6f8pf /film/film/genre /m/0vgkd 5546 5540 0 0 0 0
/m/01n30p /film/film/genre /m/05p553 84 4 0 1 0 0
/m/043t8t /film/film/genre /m/05p553 77 4 0 1 0 0
/m/0g9lm2 /film/film/genre /m/017fp 3 1 1 1 0 1
/m/04g9gd /film/film/genre /m/01jfsb 24 1 0 1 0 1
/m/011yn5 /film/film/genre /m/07s9rl0 112 1 0 1 0 1
/m/0dqytn /film/film/genre /m/01hmnh 26 1 0 1 0 1
/m/0b6tzs /film/film/genre /m/01jfsb 20 1 0 1 0 1
/m/0170yd /film/film/genre /m/07s9rl0 127 1 0 1 0 1
/m/02s4l6 /film/film/genre /m/0hn10 2 1 1 1 0 1
/m/04ynx7 /film/film/genre /m/0c3351 9 1 1 1 0 1
/m/057__d /film/film/genre /m/04xvlr 29 1 0 1 0 1
/m/05ldxl /film/film/genre /m/0lsxr 20 2 0 1 0 0
/m/0fz3b1 /film/film/genre /m/01j1n2 5 1 1 1 0 1
/m/02vzpb /film/film/genre /m/01hmnh 44 3 0 1 0 0
/m/0b76kw1 /film/film/genre /m/07s9rl0 69 1 0 1 0 1
/m/0yzbg /film/film/genre /m/01j1n2 10849 10841 0 0 0 0
/m/0gtt5fb /film/film/genre /m/07s9rl0 111 1 0 1 0 1
/m/0287477 /film/film/genre /m/02kdv5l 20 1 0 1 0 1
/m/05c26ss /film/film/genre /m/0hcr 5 1 1 1 0 1
/m/01cssf /film/film/genre /m/0lsxr 12 2 0 1 0 0
/m/011yrp /film/film/genre /m/082gq 41 28 0 0 0 0
/m/02tjl3 /film/film/genre /m/07s9rl0 62 1 0 1 0 1
/m/09fn1w /film/film/genre /m/03k9fj 346 292 0 0 0 0
/m/0cn_b8 /film/film/genre /m/03k9fj 32 1 0 1 0 1
/m/0g4vmj8 /film/film/genre /m/03j0dp 1801 1799 0 0 0 0
/m/0_816 /film/film/genre /m/02l7c8 28 1 0 1 0 1
/m/09rvcvl /film/film/genre /m/05p553 221 115 0 0 0 0
/m/034b6k /film/film/genre /m/03k9fj 29 1 0 1 0 1
/m/03ydlnj /film/film/genre /m/04rlf 3 1 1 1 0 1
/m/02cbhg /film/film/genre /m/01fc50 2 1 1 1 0 1
/m/01gvpz /film/film/genre /m/03bxz7 3 1 1 1 0 1
/m/01gc7 /film/film/genre /m/04xvlr 54 10 0 1 0 0
/m/0czyxs /film/film/genre /m/07s9rl0 113 1 0 1 0 1
/m/0gcrg /film/film/genre /m/05p553 292 186 0 0 0 0
/m/0b6tzs /film/film/genre /m/07s9rl0 101 1 0 1 0 1
/m/0q9sg /film/film/genre /m/03mqtr 2580 2571 0 0 0 0
/m/02pjc1h /film/film/genre /m/01t_vv 3 1 1 1 0 1
/m/047n8xt /film/film/genre /m/04xvlr 14 1 0 1 0 1
/m/09ps01 /film/film/genre /m/07s9rl0 58 1 0 1 0 1
/m/034r25 /film/film/genre /m/03k9fj 18 1 0 1 0 1
/m/09d38d /film/film/genre /m/04t36 7 1 1 1 0 1
/m/0344gc /film/film/genre /m/07s9rl0 46 1 0 1 0 1
/m/09p3_s /film/film/genre /m/07s9rl0 94 1 0 1 0 1
/m/02gs6r /film/film/genre /m/01hmnh 30 1 0 1 0 1
/m/0ggbfwf /film/film/genre /m/02l7c8 27 1 0 1 0 1
/m/05cj_j /film/film/genre /m/09blyk 9 1 1 1 0 1
/m/0320fn /film/film/genre /m/0219x_ 6 1 1 1 0 1
/m/0p7qm /film/film/genre /m/07s9rl0 124 1 0 1 0 1
/m/0dc_ms /film/film/genre /m/03k9fj 13 1 0 1 0 1
/m/02pxmgz /film/film/genre /m/06n90 35 1 0 1 0 1
/m/02q56mk /film/film/genre /m/01t_vv 1 1 1 1 1 1
/m/0hfzr /film/film/genre /m/03bxz7 3 1 1 1 0 1
/m/014knw /film/film/genre /m/082gq 9 1 1 1 0 1
/m/02q0k7v /film/film/genre /m/0bkbm 9 1 1 1 0 1
/m/02qrv7 /film/film/genre /m/02kdv5l 72 13 0 0 0 0
/m/07l450 /film/film/genre /m/01jfsb 27 1 0 1 0 1
/m/02qhqz4 /film/film/genre /m/02kdv5l 29 1 0 1 0 1
/m/04z257 /film/film/genre /m/01hmnh 19 1 0 1 0 1
/m/01jwxx /film/film/genre /m/03g3w 5 1 1 1 0 1
/m/06c0ns /film/film/genre /m/07s9rl0 120 1 0 1 0 1
/m/0fh2v5 /film/film/genre /m/03k9fj 22 1 0 1 0 1
/m/07h9gp /film/film/genre /m/0gf28 2 1 1 1 0 1
/m/026njb5 /film/film/genre /m/01jfsb 21 1 0 1 0 1
/m/04g9gd /film/film/genre /m/07s9rl0 117 1 0 1 0 1
/m/02w9k1c /film/film/genre /m/04xvlr 11 1 0 1 0 1
/m/02x3lt7 /film/film/genre /m/07s9rl0 105 1 0 1 0 1
/m/09p7fh /film/film/genre /m/07s9rl0 121 1 0 1 0 1
/m/07nnp_ /film/film/genre /m/09blyk 10 1 1 1 0 1
/m/0h03fhx /film/film/genre /m/07s9rl0 80 1 0 1 0 1
/m/0djlxb /film/film/genre /m/07s9rl0 327 80 0 0 0 0
/m/0djlxb /film/film/genre /m/0219x_ 3 1 1 1 0 1
/m/047p7fr /film/film/genre /m/05p553 1 1 1 1 1 1
/m/0963mq /film/film/genre /m/06nbt 2 1 1 1 0 1
/m/02rqwhl /film/film/genre /m/03mqtr 12074 12063 0 0 0 0
/m/05sbv3 /film/film/genre /m/04t36 6 1 1 1 0 1
/m/09tqkv2 /film/film/genre /m/0d63kt 14244 14239 0 0 0 0
/m/02_qt /film/film/genre /m/01zhp 2 1 1 1 0 1
/m/01f7jt /film/film/genre /m/06n90 36 1 0 1 0 1
/m/0p7pw /film/film/genre /m/0hn10 4 1 1 1 0 1
/m/02825nf /film/film/genre /m/0lsxr 23 2 0 1 0 0
/m/06pyc2 /film/film/genre /m/03g3w 5 1 1 1 0 1
/m/02_1sj /film/film/genre /m/06cvj 8 1 1 1 0 1
/m/0kvgtf /film/film/genre /m/01hwc6 2 1 1 1 0 1
/m/03np63f /film/film/genre /m/07s9rl0 104 1 0 1 0 1
/m/0n6ds /film/film/genre /m/02l7c8 214 157 0 0 0 0
/m/0y_9q /film/film/genre /m/03k9fj 31 1 0 1 0 1
/m/0ckrgs /film/film/genre /m/0jxy 7 1 1 1 0 1
/m/0ft18 /film/film/genre /m/01g6gs 3 1 1 1 0 1
/m/01c9d /film/film/genre /m/02l7c8 31 1 0 1 0 1
/m/048xyn /film/film/genre /m/03bxz7 6234 6222 0 0 0 0
/m/04vq33 /film/film/genre /m/06l3bl 5 1 1 1 0 1
/m/06rzwx /film/film/genre /m/02kdv5l 28 1 0 1 0 1
/m/026qnh6 /film/film/genre /m/0hfjk 6 1 1 1 0 1
/m/09fn1w /film/film/genre /m/02l7c8 32 1 0 1 0 1
/m/05pyrb /film/film/genre /m/05p553 90 4 0 1 0 0
/m/0f61tk /film/film/genre /m/03k9fj 32 1 0 1 0 1
/m/04svwx /film/film/genre /m/07s9rl0 135 1 0 1 0 1
/m/01k7b0 /film/film/genre /m/060__y 14 1 0 1 0 1
/m/04z257 /film/film/genre /m/0vgkd 6 1 1 1 0 1
/m/0432_5 /film/film/genre /m/07s9rl0 117 1 0 1 0 1
/m/01f6x7 /film/film/genre /m/02kdv5l 65 10 0 1 0 0
/m/04n52p6 /film/film/genre /m/03k9fj 13 1 0 1 0 1
/m/078mm1 /film/film/genre /m/01drsx 4 1 1 1 0 1
/m/0fxmbn /film/film/genre /m/03k9fj 54 12 0 0 0 0
/m/02q8ms8 /film/film/genre /m/05p553 14 1 0 1 0 1
/m/04ydr95 /film/film/genre /m/01jfsb 19 1 0 1 0 1
/m/03hkch7 /film/film/genre /m/0219x_ 6415 6397 0 0 0 0
/m/026hxwx /film/film/genre /m/02kdv5l 34 1 0 1 0 1
/m/04t6fk /film/film/genre /m/04xvlr 38 1 0 1 0 1
/m/056k77g /film/film/genre /m/04t2t 10 1 1 1 0 1
/m/0p4v_ /film/film/genre /m/02l7c8 26 1 0 1 0 1
/m/0kbhf /film/film/genre /m/01g6gs 3 1 1 1 0 1
/m/02r79_h /film/film/genre /m/03k9fj 26 1 0 1 0 1
/m/01kf5lf /film/film/genre /m/02kdv5l 36 1 0 1 0 1
/m/0dnw1 /film/film/genre /m/01t_vv 3 1 1 1 0 1
/m/03g90h /film/film/genre /m/0j5nm 13422 13420 0 0 0 0
/m/03fts /film/film/genre /m/02kdv5l 93 32 0 0 0 0
/m/07sgdw /film/film/genre /m/0lsxr 21 2 0 1 0 0
/m/0jnwx /film/film/genre /m/02l7c8 32 1 0 1 0 1
/m/0h3k3f /film/film/genre /m/04t36 10 1 1 1 0 1
/m/09ps01 /film/film/genre /m/02l7c8 89 35 0 0 0 0
/m/08c6k9 /film/film/genre /m/0ltv 9891 9889 0 0 0 0
/m/01h72l /film/film/genre /m/06n90 24 1 0 1 0 1
/m/03r0g9 /film/film/genre /m/07s9rl0 310 67 0 0 0 0
/m/017jd9 /film/film/genre /m/06l3bl 6 1 1 1 0 1
/m/0blpg /film/film/genre /m/0219x_ 6 1 1 1 0 1
/m/089j8p /film/film/genre /m/05p553 75 4 0 1 0 0
/m/063y9fp /film/film/genre /m/07s9rl0 138 1 0 1 0 1
/m/03k8th /film/film/genre /m/04t2t 8 1 1 1 0 1
/m/0glnm /film/film/genre /m/01g6gs 1 1 1 1 1 1
