/m/0gzy02 /film/film/produced_by /m/06kxk2 1 1 1 1 1 1
/m/0dr89x /film/film/produced_by /m/0bwh6 5 1 1 1 0 1
/m/03z9585 /film/film/produced_by /m/027z0pl 1556 1550 0 0 0 0
/m/08gsvw /film/film/produced_by /m/03kpvp 4 1 1 1 0 1
/m/071nw5 /film/film/produced_by /m/098n_m 1 1 1 1 1 1
/m/027qgy /film/film/produced_by /m/0bxtg 5 1 1 1 0 1
/m/0k4kk /film/film/produced_by /m/01v5h 1 1 1 1 1 1
/m/0htww /film/film/produced_by /m/01n9d9 5 2 1 1 0 0
/m/01j5ql /film/film/produced_by /m/05nn4k 2 1 1 1 0 1
/m/0k5fg /film/film/produced_by /m/01n9d9 2 1 1 1 0 1
/m/0333t /film/film/produced_by /m/06mn7 4 1 1 1 0 1
/m/09wnnb /film/film/produced_by /m/01t6b4 7 1 1 1 0 1
/m/0340hj /film/film/produced_by /m/02xnjd 1 1 1 1 1 1
/m/0286vp /film/film/produced_by /m/0d500h 1 1 1 1 1 1
/m/02rcdc2 /film/film/produced_by /m/02q_cc 9 1 1 1 0 1
/m/011ykb /film/film/produced_by /m/01vb6z 1 1 1 1 1 1
/m/0n1s0 /film/film/produced_by /m/01v80y 2 1 1 1 0 1
/m/027gy0k /film/film/produced_by /m/03ktjq 5 1 1 1 0 1
/m/013q0p /film/film/produced_by /m/0p__8 2 1 1 1 0 1
/m/0286gm1 /film/film/produced_by /m/03thw4 1 1 1 1 1 1
/m/03_gz8 /film/film/produced_by /m/0b13g7 2 1 1 1 0 1
/m/0qmjd /film/film/produced_by /m/03v1w7 2 1 1 1 0 1
/m/020fcn /film/film/produced_by /m/0c3ns 1 1 1 1 1 1
/m/0b2qtl /film/film/produced_by /m/03y3dk 1 1 1 1 1 1
/m/06wbm8q /film/film/produced_by /m/0bjkpt 2 1 1 1 0 1
/m/02jxrw /film/film/produced_by /m/06x58 1 1 1 1 1 1
/m/09sr0 /film/film/produced_by /m/05kfs 3 1 1 1 0 1
/m/037xlx /film/film/produced_by /m/034hck 1 1 1 1 1 1
/m/047fjjr /film/film/produced_by /m/06q8hf 4 1 1 1 0 1
/m/05dl1s /film/film/produced_by /m/0fqyzz 1 1 1 1 1 1
/m/06znpjr /film/film/produced_by /m/05nn4k 1 1 1 1 1 1
/m/08xvpn /film/film/produced_by /m/030_3z 7 1 1 1 0 1
/m/02wwmhc /film/film/produced_by /m/0jfx1 7 6 1 1 0 0
/m/03bdkd /film/film/produced_by /m/01b9ck 3 1 1 1 0 1
/m/0crfwmx /film/film/produced_by /m/04jspq 1 1 1 1 1 1
/m/0c3z0 /film/film/produced_by /m/0bxtg 3 1 1 1 0 1
/m/03shpq /film/film/produced_by /m/04353 2 1 1 1 0 1
/m/02r79_h /film/film/produced_by /m/07h5d 1 1 1 1 1 1
/m/01g3gq /film/film/produced_by /m/0b05xm 1 1 1 1 1 1
/m/0d6b7 /film/film/produced_by /m/019x62 1 1 1 1 1 1
/m/035xwd /film/film/produced_by /m/092kgw 3 1 1 1 0 1
/m/01f85k /film/film/produced_by /m/01f7v_ 2 1 1 1 0 1
/m/065_cjc /film/film/produced_by /m/02q42j_ 8 1 1 1 0 1
/m/070g7 /film/film/produced_by /m/08hp53 2 1 1 1 0 1
/m/047vnkj /film/film/produced_by /m/0315q3 1 1 1 1 1 1
/m/02p86pb /film/film/produced_by /m/05kfs 6 1 1 1 0 1
/m/0gwjw0c /film/film/produced_by /m/06q8hf 2 1 1 1 0 1
/m/024mpp /film/film/produced_by /m/09zw90 2 1 1 1 0 1
/m/0gx9rvq /film/film/produced_by /m/07r1h 13285 13280 0 0 0 0
/m/0295sy /film/film/produced_by /m/02q_cc 10 1 1 1 0 1
/m/06zn2v2 /film/film/produced_by /m/063b4k 2 1 1 1 0 1
/m/025scjj /film/film/produced_by /m/01vsps 1 1 1 1 1 1
/m/02vjp3 /film/film/produced_by /m/02rchht 4662 4662 0 0 0 0
/m/050f0s /film/film/produced_by /m/04s04 1 1 1 1 1 1
/m/0cc5mcj /film/film/produced_by /m/0697kh 3 2 1 1 0 0
/m/045j3w /film/film/produced_by /m/072vj 1 1 1 1 1 1
/m/0gmgwnv /film/film/produced_by /m/06pj8 4 1 1 1 0 1
/m/0298n7 /film/film/produced_by /m/02q_cc 9 1 1 1 0 1
/m/011ykb /film/film/produced_by /m/03xp8d5 4 1 1 1 0 1
/m/074rg9 /film/film/produced_by /m/06chvn 2 1 1 1 0 1
/m/0gtv7pk /film/film/produced_by /m/0ksf29 4 2 1 1 0 0
/m/016z9n /film/film/produced_by /m/05kfs 1 1 1 1 1 1
/m/09cr8 /film/film/produced_by /m/04g3p5 6 1 1 1 0 1
/m/02d413 /film/film/produced_by /m/04353 3 1 1 1 0 1
/m/09yxcz /film/film/produced_by /m/02x20c9 2 1 1 1 0 1
/m/0dc_ms /film/film/produced_by /m/08d9z7 5 2 1 1 0 0
/m/04f6df0 /film/film/produced_by /m/06chf 5 1 1 1 0 1
/m/0g9z_32 /film/film/produced_by /m/0fvf9q 9 1 1 1 0 1
/m/0gy0n /film/film/produced_by /m/05prs8 6 1 1 1 0 1
/m/047qxs /film/film/produced_by /m/021lby 5 3 1 1 0 0
/m/0bpx1k /film/film/produced_by /m/06cgy 5 1 1 1 0 1
/m/0gyv0b4 /film/film/produced_by /m/054_mz 3 1 1 1 0 1
/m/0pv2t /film/film/produced_by /m/02kv5k 1 1 1 1 1 1
/m/027pfg /film/film/produced_by /m/03v1w7 16 12 0 0 0 0
/m/0ct2tf5 /film/film/produced_by /m/043q6n_ 2 1 1 1 0 1
/m/02q_ncg /film/film/produced_by /m/02qx1m2 3 1 1 1 0 1
/m/02x6dqb /film/film/produced_by /m/02kv5k 2 1 1 1 0 1
/m/09lxv9 /film/film/produced_by /m/07rd7 10 3 1 1 0 0
/m/03ntbmw /film/film/produced_by /m/05zrx3v 1 1 1 1 1 1
/m/011ykb /film/film/produced_by /m/0d6484 3 1 1 1 0 1
/m/01gkp1 /film/film/produced_by /m/02ld6x 2 1 1 1 0 1
/m/091rc5 /film/film/produced_by /m/019vgs 1 1 1 1 1 1
/m/01xq8v /film/film/produced_by /m/02vyw 4 1 1 1 0 1
/m/019kyn /film/film/produced_by /m/081nh 5 3 1 1 0 0
/m/027ct7c /film/film/produced_by /m/012rng 3 1 1 1 0 1
/m/0d6_s /film/film/produced_by /m/08d9z7 1 1 1 1 1 1
/m/07024 /film/film/produced_by /m/02qjpv5 1 1 1 1 1 1
/m/043n1r5 /film/film/produced_by /m/03f2_rc 1 1 1 1 1 1
/m/06q8qh /film/film/produced_by /m/02_340 1 1 1 1 1 1
/m/063_j5 /film/film/produced_by /m/03ktjq 5 1 1 1 0 1
/m/01sxly /film/film/produced_by /m/0d_skg 4 1 1 1 0 1
/m/03cyslc /film/film/produced_by /m/034bgm 2 1 1 1 0 1
/m/03lrht /film/film/produced_by /m/05ty4m 1034 1028 0 0 0 0
/m/01msrb /film/film/produced_by /m/0127m7 3 1 1 1 0 1
/m/02qdrjx /film/film/produced_by /m/0pz91 10 1 1 1 0 1
/m/03ckwzc /film/film/produced_by /m/06pjs 5 1 1 1 0 1
/m/07j94 /film/film/produced_by /m/030_3z 8 1 1 1 0 1
/m/052_mn /film/film/produced_by /m/01zh29 1 1 1 1 1 1
/m/0f2sx4 /film/film/produced_by /m/02r251z 3 1 1 1 0 1
/m/047tsx3 /film/film/produced_by /m/02779r4 5740 5733 0 0 0 0
/m/05zlld0 /film/film/produced_by /m/05mvd62 4 1 1 1 0 1
/m/06cm5 /film/film/produced_by /m/0829rj 10 5 1 1 0 0
/m/02r9p0c /film/film/produced_by /m/03_2y 10569 10567 0 0 0 0
/m/02tcgh /film/film/produced_by /m/03wpmd 1 1 1 1 1 1
/m/035gnh /film/film/produced_by /m/04h6mm 2 2 1 1 0 0
/m/06x43v /film/film/produced_by /m/03h304l 7 1 1 1 0 1
/m/06bd5j /film/film/produced_by /m/07f8wg 1 1 1 1 1 1
/m/02_sr1 /film/film/produced_by /m/03h304l 6 1 1 1 0 1
/m/029k4p /film/film/produced_by /m/06cv1 6 1 1 1 0 1
/m/03nqnnk /film/film/produced_by /m/024t0y 1 1 1 1 1 1
/m/04jn6y7 /film/film/produced_by /m/02pq9yv 6 1 1 1 0 1
/m/0bmpm /film/film/produced_by /m/0l6wj 1 1 1 1 1 1
/m/0k4fz /film/film/produced_by /m/06l6nj 1 1 1 1 1 1
/m/0h95zbp /film/film/produced_by /m/05nn4k 1 1 1 1 1 1
/m/0k419 /film/film/produced_by /m/0gv40 2 1 1 1 0 1
/m/023p33 /film/film/produced_by /m/081nh 8 6 1 1 0 0
/m/09cr8 /film/film/produced_by /m/05strv 2 1 1 1 0 1
/m/01fwzk /film/film/produced_by /m/0829rj 4 1 1 1 0 1
/m/0233bn /film/film/produced_by /m/069_0y 3 1 1 1 0 1
/m/0bq6ntw /film/film/produced_by /m/043q6n_ 4656 4651 0 0 0 0
/m/065ym0c /film/film/produced_by /m/0pksh 1 1 1 1 1 1
/m/01771z /film/film/produced_by /m/081_zm 5 2 1 1 0 0
/m/075cph /film/film/produced_by /m/0j_c 5 1 1 1 0 1
/m/0640m69 /film/film/produced_by /m/02r251z 7 1 1 1 0 1
/m/087pfc /film/film/produced_by /m/043q6n_ 3 1 1 1 0 1
/m/072r5v /film/film/produced_by /m/0c1pj 4 1 1 1 0 1
/m/0bscw /film/film/produced_by /m/0q9kd 3 1 1 1 0 1
/m/02vqsll /film/film/produced_by /m/04wvhz 5 1 1 1 0 1
/m/04954r /film/film/produced_by /m/0638kv 1 1 1 1 1 1
/m/0298n7 /film/film/produced_by /m/030_3z 8 1 1 1 0 1
/m/02q87z6 /film/film/produced_by /m/0fvf9q 10 1 1 1 0 1
/m/09rvcvl /film/film/produced_by /m/0d0xs5 3 1 1 1 0 1
/m/01hvjx /film/film/produced_by /m/01_x6d 1 1 1 1 1 1
/m/047vnkj /film/film/produced_by /m/0gg9_5q 1 1 1 1 1 1
/m/0ds11z /film/film/produced_by /m/05183k 1 1 1 1 1 1
/m/0315rp /film/film/produced_by /m/016dmx 2 1 1 1 0 1
/m/04k9y6 /film/film/produced_by /m/05prs8 6 1 1 1 0 1
/m/06q8qh /film/film/produced_by /m/0bzyh 5 2 1 1 0 0
/m/076xkps /film/film/produced_by /m/04q5zw 5 1 1 1 0 1
/m/02gpkt /film/film/produced_by /m/03h40_7 3 1 1 1 0 1
/m/02f6g5 /film/film/produced_by /m/02r251z 7 1 1 1 0 1
/m/06w99h3 /film/film/produced_by /m/02pq9yv 3 1 1 1 0 1
/m/011yrp /film/film/produced_by /m/081lh 3944 3944 0 0 0 0
/m/08j7lh /film/film/produced_by /m/0342vg 1 1 1 1 1 1
/m/0cmdwwg /film/film/produced_by /m/06msq2 1 1 1 1 1 1
/m/0cks1m /film/film/produced_by /m/0b05xm 2 1 1 1 0 1
/m/0j90s /film/film/produced_by /m/01n9d9 1 1 1 1 1 1
/m/01bb9r /film/film/produced_by /m/0bkf72 1 1 1 1 1 1
/m/01pj_5 /film/film/produced_by /m/02_l96 1 1 1 1 1 1
/m/047d21r /film/film/produced_by /m/0cc63l 0 0 0 0
/m/0df2zx /film/film/produced_by /m/06pk8 4 1 1 1 0 1
/m/072192 /film/film/produced_by /m/012vct 1 1 1 1 1 1
/m/0k5g9 /film/film/produced_by /m/0j_c 1 1 1 1 1 1
/m/05f4_n0 /film/film/produced_by /m/0c6qh 5 1 1 1 0 1
/m/029v40 /film/film/produced_by /m/03kpvp 6 1 1 1 0 1
/m/0ch26b_ /film/film/produced_by /m/0jfx1 1 1 1 1 1 1
/m/05ldxl /film/film/produced_by /m/06mn7 8 2 1 1 0 0
/m/03mh_tp /film/film/produced_by /m/0gg9_5q 5 4 1 1 0 0
/m/07g_0c /film/film/produced_by /m/027kmrb 2 1 1 1 0 1
/m/0dt8xq /film/film/produced_by /m/0c9c0 2 1 1 1 0 1
