/m/01vfqh /film/film/subjects /m/03r8gp 1 1 1 1 1 1
/m/0g68zt /film/film/subjects /m/05vtw 1 1 1 1 1 1
/m/059rc /film/film/subjects /m/0bq3x 7 1 1 1 0 1
/m/0n04r /film/film/subjects /m/04gb7 1 1 1 1 1 1
/m/0k4p0 /film/film/subjects /m/07c52 2 1 1 1 0 1
/m/0gbtbm /film/film/subjects /m/07jq_ 1 1 1 1 1 1
/m/07vn_9 /film/film/subjects /m/0bq3x 7 1 1 1 0 1
/m/01fmys /film/film/subjects /m/01vq3 5 1 1 1 0 1
/m/03twd6 /film/film/subjects /m/0d6qjf 1 1 1 1 1 1
/m/01f7jt /film/film/subjects /m/07s2s 1 1 1 1 1 1
/m/0c_j9x /film/film/subjects /m/07jdr 12954 12953 0 0 0 0
/m/06r2h /film/film/subjects /m/07s2s 4 1 1 1 0 1
/m/0ccck7 /film/film/subjects /m/06d4h 3 1 1 1 0 1
/m/0k2m6 /film/film/subjects /m/0fx2s 8 1 1 1 0 1
/m/0315w4 /film/film/subjects /m/0bq3x 7 1 1 1 0 1
/m/0bl1_ /film/film/subjects /m/02_286 0 0 0 0
/m/0prrm /film/film/subjects /m/054yc0 1 1 1 1 1 1
/m/01hr1 /film/film/subjects /m/01d5g 5 1 1 1 0 1
/m/0kb57 /film/film/subjects /m/018jz 1 1 1 1 1 1
/m/02c638 /film/film/subjects /m/0g1x2_ 1 1 1 1 1 1
/m/0qmjd /film/film/subjects /m/04gb7 10439 10436 0 0 0 0
/m/01xbxn /film/film/subjects /m/05489 6 1 1 1 0 1
/m/03tbg6 /film/film/subjects /m/0bt9lr 1 1 1 1 1 1
/m/08vd2q /film/film/subjects /m/018h2 1 1 1 1 1 1
/m/06x77g /film/film/subjects /m/0d6n1 1 1 1 1 1 1
/m/0p_sc /film/film/subjects /m/0d1w9 1 1 1 1 1 1
/m/01kqq7 /film/film/subjects /m/02jq1 0 0 0 0
/m/05f67hw /film/film/subjects /m/07kcvl 1 1 1 1 1 1
/m/0fdv3 /film/film/subjects /m/0fx2s 7 1 1 1 0 1
/m/0170_p /film/film/subjects /m/06d4h 20 15 0 0 0 0
/m/02z0f6l /film/film/subjects /m/0cw10 1 1 1 1 1 1
/m/0y_yw /film/film/subjects /m/05489 2 1 1 1 0 1
/m/06sfk6 /film/film/subjects /m/07jq_ 1 1 1 1 1 1
/m/0gy4k /film/film/subjects /m/081pw 11 1 0 1 0 1
/m/03l6q0 /film/film/subjects /m/07c52 14 11 0 0 0 0
/m/03cw411 /film/film/subjects /m/0fx2s 3 1 1 1 0 1
/m/02qhlwd /film/film/subjects /m/081pw 43 22 0 0 0 0
/m/0bkq7 /film/film/subjects /m/06d4h 4 1 1 1 0 1
/m/0830vk /film/film/subjects /m/01vq3 5 1 1 1 0 1
/m/03n3gl /film/film/subjects /m/0fzyg 2 1 1 1 0 1
/m/02jxrw /film/film/subjects /m/018h2 10412 10406 0 0 0 0
/m/0yxf4 /film/film/subjects /m/081pw 36 15 0 0 0 0
/m/03xj05 /film/film/subjects /m/081pw 42 21 0 0 0 0
/m/0f4k49 /film/film/subjects /m/03r8gp 1 1 1 1 1 1
/m/0ft18 /film/film/subjects /m/022b_ 1 1 1 1 1 1
/m/078mm1 /film/film/subjects /m/07jdr 1 1 1 1 1 1
/m/0bm2g /film/film/subjects /m/081pw 4 1 1 1 0 1
/m/02ndy4 /film/film/subjects /m/018jz 2 1 1 1 0 1
/m/01jmyj /film/film/subjects /m/0fzyg 2 1 1 1 0 1
/m/03nqnnk /film/film/subjects /m/02_h0 4 1 1 1 0 1
/m/095z4q /film/film/subjects /m/0jm_ 2 1 1 1 0 1
/m/060__7 /film/film/subjects /m/06d4h 4 1 1 1 0 1
/m/04w7rn /film/film/subjects /m/06bvp 12310 12309 0 0 0 0
/m/03cvvlg /film/film/subjects /m/0g1x2_ 1 1 1 1 1 1
/m/06_x996 /film/film/subjects /m/025t3bg 1 1 1 1 1 1
/m/01q7h2 /film/film/subjects /m/04gb7 1 1 1 1 1 1
/m/016ztl /film/film/subjects /m/0fzyg 4 1 1 1 0 1
/m/01rnly /film/film/subjects /m/06d4h 3 1 1 1 0 1
/m/0340hj /film/film/subjects /m/06ys2 3 1 1 1 0 1
/m/09v42sf /film/film/subjects /m/01q03 1 1 1 1 1 1
/m/0k4kk /film/film/subjects /m/06bvp 1 1 1 1 1 1
/m/01br2w /film/film/subjects /m/015j7 2 1 1 1 0 1
/m/0gjk1d /film/film/subjects /m/01s5q 2 1 1 1 0 1
/m/02_1sj /film/film/subjects /m/07c52 1 1 1 1 1 1
/m/047wh1 /film/film/subjects /m/07s2s 13 2 0 1 0 0
/m/083skw /film/film/subjects /m/0kbq 2 1 1 1 0 1
/m/0sxmx /film/film/subjects /m/07_nf 4 1 1 1 0 1
/m/08ct6 /film/film/subjects /m/07c1v 1 1 1 1 1 1
/m/02j69w /film/film/subjects /m/0bpgx 1 1 1 1 1 1
/m/04vq33 /film/film/subjects /m/0flry 1 1 1 1 1 1
/m/0gm2_0 /film/film/subjects /m/01lb5 1 1 1 1 1 1
/m/04z257 /film/film/subjects /m/0cbvg 1 1 1 1 1 1
/m/095z4q /film/film/subjects /m/0d1w9 1 1 1 1 1 1
/m/048scx /film/film/subjects /m/01w1sx 3 1 1 1 0 1
/m/06rzwx /film/film/subjects /m/01tffp 1 1 1 1 1 1
/m/0sxgv /film/film/subjects /m/0fzyg 15 11 0 0 0 0
