/m/0fg04 /film/film/starring./film/performance/actor /m/01mqnr 2 1 1 1 0 1
/m/02_1sj /film/film/starring./film/performance/actor /m/04xhwn 1 1 1 1 1 1
/m/01hr1 /film/film/starring./film/performance/actor /m/02_p8v 2 1 1 1 0 1
/m/0cc97st /film/film/starring./film/performance/actor /m/04bs3j 1 1 1 1 1 1
/m/0gj9tn5 /film/film/starring./film/performance/actor /m/03fbb6 3 1 1 1 0 1
/m/078mm1 /film/film/starring./film/performance/actor /m/010xjr 3 1 1 1 0 1
/m/0kcn7 /film/film/starring./film/performance/actor /m/0kftt 9 3 1 1 0 0
/m/07jxpf /film/film/starring./film/performance/actor /m/060j8b 1 1 1 1 1 1
/m/02z9rr /film/film/starring./film/performance/actor /m/01d0b1 2 1 1 1 0 1
/m/09sh8k /film/film/starring./film/performance/actor /m/01yf85 7 1 1 1 0 1
/m/02mc5v /film/film/starring./film/performance/actor /m/030g9z 1 1 1 1 1 1
/m/0_7w6 /film/film/starring./film/performance/actor /m/01v3vp 1 1 1 1 1 1
/m/047myg9 /film/film/starring./film/performance/actor /m/0zcbl 5 1 1 1 0 1
/m/028_yv /film/film/starring./film/performance/actor /m/04yywz 8476 8471 0 0 0 0
/m/017z49 /film/film/starring./film/performance/actor /m/01kj0p 1 1 1 1 1 1
/m/05650n /film/film/starring./film/performance/actor /m/0168dy 2 1 1 1 0 1
/m/051ys82 /film/film/starring./film/performance/actor /m/01gy7r 1 1 1 1 1 1
/m/0gxtknx /film/film/starring./film/performance/actor /m/03h_fqv 1 1 1 1 1 1
/m/05zlld0 /film/film/starring./film/performance/actor /m/01l1b90 1 1 1 1 1 1
/m/02vqsll /film/film/starring./film/performance/actor /m/04954 1 1 1 1 1 1
/m/047csmy /film/film/starring./film/performance/actor /m/083chw 12770 12766 0 0 0 0
/m/016ywb /film/film/starring./film/performance/actor /m/0159h6 5 1 1 1 0 1
/m/0fphf3v /film/film/starring./film/performance/actor /m/01vw87c 1 1 1 1 1 1
/m/0hx4y /film/film/starring./film/performance/actor /m/09zmys 4 1 1 1 0 1
/m/08mg_b /film/film/starring./film/performance/actor /m/0127m7 7 1 1 1 0 1
/m/07024 /film/film/starring./film/performance/actor /m/0bxtg 4 1 1 1 0 1
/m/0422v0 /film/film/starring./film/performance/actor /m/01515w 13 5 0 1 0 0
/m/05c26ss /film/film/starring./film/performance/actor /m/0mdqp 13 1 0 1 0 1
/m/026zlh9 /film/film/starring./film/performance/actor /m/01385g 1 1 1 1 1 1
/m/04x4vj /film/film/starring./film/performance/actor /m/015p3p 14627 14620 0 0 0 0
/m/032016 /film/film/starring./film/performance/actor /m/0m8_v 1 1 1 1 1 1
/m/09lcsj /film/film/starring./film/performance/actor /m/05dtsb 1 1 1 1 1 1
/m/0dr3sl /film/film/starring./film/performance/actor /m/0f7hc 8 1 1 1 0 1
/m/046f3p /film/film/starring./film/performance/actor /m/03x400 2 1 1 1 0 1
/m/0cd2vh9 /film/film/starring./film/performance/actor /m/01v42g 2 1 1 1 0 1
/m/01kf3_9 /film/film/starring./film/performance/actor /m/03tf_h 1 1 1 1 1 1
/m/03bzjpm /film/film/starring./film/performance/actor /m/07cjqy 3 1 1 1 0 1
/m/03bzjpm /film/film/starring./film/performance/actor /m/01_xtx 6 1 1 1 0 1
/m/09v8clw /film/film/starring./film/performance/actor /m/05sq84 5 1 1 1 0 1
/m/07s846j /film/film/starring./film/performance/actor /m/078jnn 1 1 1 1 1 1
/m/01srq2 /film/film/starring./film/performance/actor /m/01jmv8 1 1 1 1 1 1
/m/01vksx /film/film/starring./film/performance/actor /m/0170pk 7 1 1 1 0 1
/m/02cbhg /film/film/starring./film/performance/actor /m/0ywqc 3 1 1 1 0 1
/m/043tz0c /film/film/starring./film/performance/actor /m/0169dl 16 2 0 1 0 0
/m/02rn00y /film/film/starring./film/performance/actor /m/01ycbq 5405 5400 0 0 0 0
/m/0f42nz /film/film/starring./film/performance/actor /m/06wvfq 1 1 1 1 1 1
/m/0gj8t_b /film/film/starring./film/performance/actor /m/058kqy 3 1 1 1 0 1
/m/09146g /film/film/starring./film/performance/actor /m/02clgg 1 1 1 1 1 1
/m/01b195 /film/film/starring./film/performance/actor /m/015wfg 2973 2971 0 0 0 0
/m/017n9 /film/film/starring./film/performance/actor /m/06lj1m 57 56 0 0 0 0
/m/0bby9p5 /film/film/starring./film/performance/actor /m/0cm89v 1 1 1 1 1 1
/m/034r25 /film/film/starring./film/performance/actor /m/07m9cm 2 1 1 1 0 1
/m/01jrbb /film/film/starring./film/performance/actor /m/01gbbz 1 1 1 1 1 1
/m/09p0ct /film/film/starring./film/performance/actor /m/07vc_9 1 1 1 1 1 1
/m/03l6q0 /film/film/starring./film/performance/actor /m/01pk3z 3 1 1 1 0 1
/m/0yzbg /film/film/starring./film/performance/actor /m/0dzf_ 4 1 1 1 0 1
/m/0j_t1 /film/film/starring./film/performance/actor /m/05xd_v 1 1 1 1 1 1
/m/06fcqw /film/film/starring./film/performance/actor /m/01c65z 2 1 1 1 0 1
/m/0bq8tmw /film/film/starring./film/performance/actor /m/06lvlf 1 1 1 1 1 1
/m/015qqg /film/film/starring./film/performance/actor /m/0h32q 2 1 1 1 0 1
/m/0dpl44 /film/film/starring./film/performance/actor /m/02g0rb 3 1 1 1 0 1
/m/03p2xc /film/film/starring./film/performance/actor /m/0736qr 7862 7860 0 0 0 0
/m/0287477 /film/film/starring./film/performance/actor /m/055c8 3068 3054 0 0 0 0
/m/04x4vj /film/film/starring./film/performance/actor /m/0h0yt 2 1 1 1 0 1
/m/08sk8l /film/film/starring./film/performance/actor /m/05txrz 10 1 1 1 0 1
/m/07vf5c /film/film/starring./film/performance/actor /m/0436kgz 2 1 1 1 0 1
/m/0glnm /film/film/starring./film/performance/actor /m/01ty7ll 1 1 1 1 1 1
/m/0cn_b8 /film/film/starring./film/performance/actor /m/0p__8 5 1 1 1 0 1
/m/01jw67 /film/film/starring./film/performance/actor /m/01dw9z 1 1 1 1 1 1
/m/076tw54 /film/film/starring./film/performance/actor /m/015wnl 5 1 1 1 0 1
/m/03c7twt /film/film/starring./film/performance/actor /m/08vr94 7 4 1 1 0 0
/m/026lgs /film/film/starring./film/performance/actor /m/0chw_ 1 1 1 1 1 1
/m/09jcj6 /film/film/starring./film/performance/actor /m/02114t 6 1 1 1 0 1
/m/0ds35l9 /film/film/starring./film/performance/actor /m/01gw8b 1 1 1 1 1 1
/m/02q5bx2 /film/film/starring./film/performance/actor /m/03rl84 1 1 1 1 1 1
/m/0gy30w /film/film/starring./film/performance/actor /m/01kgv4 2 1 1 1 0 1
/m/0c34mt /film/film/starring./film/performance/actor /m/0jfx1 15 1 0 1 0 1
/m/07jxpf /film/film/starring./film/performance/actor /m/07h565 3 1 1 1 0 1
/m/02rq8k8 /film/film/starring./film/performance/actor /m/02g0rb 2 1 1 1 0 1
/m/0gnjh /film/film/starring./film/performance/actor /m/04nw9 1 1 1 1 1 1
/m/0340hj /film/film/starring./film/performance/actor /m/01f7dd 4 1 1 1 0 1
/m/0k4kk /film/film/starring./film/performance/actor /m/019l3m 1 1 1 1 1 1
/m/03shpq /film/film/starring./film/performance/actor /m/0prfz 2 1 1 1 0 1
/m/0888c3 /film/film/starring./film/performance/actor /m/021bk 2 1 1 1 0 1
/m/0h95927 /film/film/starring./film/performance/actor /m/027bs_2 1 1 1 1 1 1
/m/034qrh /film/film/starring./film/performance/actor /m/04zqmj 1 1 1 1 1 1
/m/0c57yj /film/film/starring./film/performance/actor /m/01h4rj 1 1 1 1 1 1
/m/01bjbk /film/film/starring./film/performance/actor /m/015dcj 2 1 1 1 0 1
/m/0fpv_3_ /film/film/starring./film/performance/actor /m/03m3nzf 3 1 1 1 0 1
/m/03rg2b /film/film/starring./film/performance/actor /m/012dtf 2 1 1 1 0 1
/m/080nwsb /film/film/starring./film/performance/actor /m/01tnxc 2 1 1 1 0 1
/m/07jnt /film/film/starring./film/performance/actor /m/01nr36 8 4 1 1 0 0
/m/01rwyq /film/film/starring./film/performance/actor /m/06pjs 2 1 1 1 0 1
/m/08c6k9 /film/film/starring./film/performance/actor /m/025n3p 5 1 1 1 0 1
/m/0j_t1 /film/film/starring./film/performance/actor /m/01wmcbg 2 1 1 1 0 1
/m/02pg45 /film/film/starring./film/performance/actor /m/02p21g 9087 9085 0 0 0 0
/m/08mg_b /film/film/starring./film/performance/actor /m/02zyy4 2 1 1 1 0 1
/m/03ynwqj /film/film/starring./film/performance/actor /m/01twdk 3 1 1 1 0 1
/m/03r0g9 /film/film/starring./film/performance/actor /m/03kpvp 5 1 1 1 0 1
/m/03rtz1 /film/film/starring./film/performance/actor /m/0pyww 1 1 1 1 1 1
/m/033srr /film/film/starring./film/performance/actor /m/0336mc 2 1 1 1 0 1
/m/083skw /film/film/starring./film/performance/actor /m/0m6x4 1 1 1 1 1 1
/m/02wgk1 /film/film/starring./film/performance/actor /m/015pkc 3 1 1 1 0 1
/m/032016 /film/film/starring./film/performance/actor /m/01rnpy 2 1 1 1 0 1
/m/0jsf6 /film/film/starring./film/performance/actor /m/01csvq 7 1 1 1 0 1
/m/01wb95 /film/film/starring./film/performance/actor /m/015rhv 2 1 1 1 0 1
/m/03k8th /film/film/starring./film/performance/actor /m/02jsgf 4 1 1 1 0 1
/m/0g7pm1 /film/film/starring./film/performance/actor /m/08vr94 11395 11391 0 0 0 0
/m/0mb8c /film/film/starring./film/performance/actor /m/01d1yr 2 1 1 1 0 1
/m/03hxsv /film/film/starring./film/performance/actor /m/016nff 7 2 1 1 0 0
/m/0g54xkt /film/film/starring./film/performance/actor /m/04bdzg 13432 13430 0 0 0 0
/m/0bvn25 /film/film/starring./film/performance/actor /m/05wjnt 1280 1278 0 0 0 0
/m/05m_jsg /film/film/starring./film/performance/actor /m/01trhmt 1 1 1 1 1 1
/m/02825kb /film/film/starring./film/performance/actor /m/086nl7 9180 9177 0 0 0 0
/m/0symg /film/film/starring./film/performance/actor /m/0jfx1 15 1 0 1 0 1
/m/0dp7wt /film/film/starring./film/performance/actor /m/04__f 1 1 1 1 1 1
/m/027qgy /film/film/starring./film/performance/actor /m/02g3mn 1 1 1 1 1 1
/m/0glbqt /film/film/starring./film/performance/actor /m/019_1h 5 3 1 1 0 0
/m/01kff7 /film/film/starring./film/performance/actor /m/06x58 2 1 1 1 0 1
/m/0bxsk /film/film/starring./film/performance/actor /m/0bj9k 9 1 1 1 0 1
/m/0pvms /film/film/starring./film/performance/actor /m/03fbb6 8 5 1 1 0 0
/m/01_1pv /film/film/starring./film/performance/actor /m/015rhv 2 1 1 1 0 1
/m/07h9gp /film/film/starring./film/performance/actor /m/01lbp 5 2 1 1 0 0
/m/023vcd /film/film/starring./film/performance/actor /m/0mdqp 14 1 0 1 0 1
/m/07cdz /film/film/starring./film/performance/actor /m/02rk45 1 1 1 1 1 1
/m/0j_tw /film/film/starring./film/performance/actor /m/01kh2m1 1 1 1 1 1 1
/m/070fnm /film/film/starring./film/performance/actor /m/0p9gg 1 1 1 1 1 1
/m/03vyw8 /film/film/starring./film/performance/actor /m/01twdk 3 1 1 1 0 1
/m/0qm8b /film/film/starring./film/performance/actor /m/018009 3 1 1 1 0 1
/m/018js4 /film/film/starring./film/performance/actor /m/035kl6 1 1 1 1 1 1
/m/01f69m /film/film/starring./film/performance/actor /m/0f5xn 9 2 1 1 0 0
/m/027fwmt /film/film/starring./film/performance/actor /m/01hmk9 2 1 1 1 0 1
/m/01vfqh /film/film/starring./film/performance/actor /m/01qg7c 3 1 1 1 0 1
/m/027j9wd /film/film/starring./film/performance/actor /m/02g8h 2 1 1 1 0 1
/m/087pfc /film/film/starring./film/performance/actor /m/0svqs 4 1 1 1 0 1
/m/087pfc /film/film/starring./film/performance/actor /m/0fby2t 7 1 1 1 0 1
/m/01gkp1 /film/film/starring./film/performance/actor /m/0bq2g 2 1 1 1 0 1
/m/0g0x9c /film/film/starring./film/performance/actor /m/030hcs 3 1 1 1 0 1
/m/05t0_2v /film/film/starring./film/performance/actor /m/03q3sy 1 1 1 1 1 1
/m/048vhl /film/film/starring./film/performance/actor /m/0gd9k 14 10 0 1 0 0
/m/0dzz6g /film/film/starring./film/performance/actor /m/02yplc 1 1 1 1 1 1
/m/05c26ss /film/film/starring./film/performance/actor /m/043kzcr 3 1 1 1 0 1
/m/011yrp /film/film/starring./film/performance/actor /m/01tt43d 1 1 1 1 1 1
/m/09fn1w /film/film/starring./film/performance/actor /m/050llt 3 2 1 1 0 0
/m/08984j /film/film/starring./film/performance/actor /m/0gn30 11 1 0 1 0 1
/m/05fcbk7 /film/film/starring./film/performance/actor /m/041c4 8892 8880 0 0 0 0
/m/04j14qc /film/film/starring./film/performance/actor /m/02_hj4 5 3 1 1 0 0
/m/0bxxzb /film/film/starring./film/performance/actor /m/01c65z 2 1 1 1 0 1
/m/03hxsv /film/film/starring./film/performance/actor /m/09y20 11 1 0 1 0 1
/m/016z9n /film/film/starring./film/performance/actor /m/0z4s 7 1 1 1 0 1
/m/01y9jr /film/film/starring./film/performance/actor /m/011zd3 2 1 1 1 0 1
/m/04jwjq /film/film/starring./film/performance/actor /m/0bxy67 2 1 1 1 0 1
/m/03c7twt /film/film/starring./film/performance/actor /m/07swvb 5 1 1 1 0 1
/m/04b2qn /film/film/starring./film/performance/actor /m/06b3g4 2 1 1 1 0 1
/m/0294mx /film/film/starring./film/performance/actor /m/01fx2g 5 3 1 1 0 0
/m/07tw_b /film/film/starring./film/performance/actor /m/02jm0n 6647 6646 0 0 0 0
/m/0209xj /film/film/starring./film/performance/actor /m/0p_pd 2 1 1 1 0 1
/m/048scx /film/film/starring./film/performance/actor /m/0127m7 9 1 1 1 0 1
/m/09v8clw /film/film/starring./film/performance/actor /m/0jfx1 8 1 1 1 0 1
/m/03q0r1 /film/film/starring./film/performance/actor /m/029k55 2 1 1 1 0 1
/m/03shpq /film/film/starring./film/performance/actor /m/059_gf 3 1 1 1 0 1
/m/06zsk51 /film/film/starring./film/performance/actor /m/01j5ts 3 1 1 1 0 1
/m/03m5y9p /film/film/starring./film/performance/actor /m/04j_gs 1 1 1 1 1 1
/m/043t8t /film/film/starring./film/performance/actor /m/01f7dd 2 1 1 1 0 1
/m/02wwmhc /film/film/starring./film/performance/actor /m/0jfx1 4 1 1 1 0 1
/m/01k60v /film/film/starring./film/performance/actor /m/031k24 7 1 1 1 0 1
/m/0n08r /film/film/starring./film/performance/actor /m/016h4r 6 2 1 1 0 0
/m/02c7k4 /film/film/starring./film/performance/actor /m/06tp4h 1 1 1 1 1 1
/m/0dzlbx /film/film/starring./film/performance/actor /m/079vf 3 1 1 1 0 1
/m/07f_t4 /film/film/starring./film/performance/actor /m/05tk7y 1643 1641 0 0 0 0
/m/03mr85 /film/film/starring./film/performance/actor /m/018fmr 1 1 1 1 1 1
/m/02s4l6 /film/film/starring./film/performance/actor /m/01wy5m 21 13 0 0 0 0
/m/03z106 /film/film/starring./film/performance/actor /m/0c1pj 5 1 1 1 0 1
/m/01v1ln /film/film/starring./film/performance/actor /m/05mcjs 1 1 1 1 1 1
/m/07nxvj /film/film/starring./film/performance/actor /m/030hcs 1 1 1 1 1 1
/m/0315w4 /film/film/starring./film/performance/actor /m/03x400 3 1 1 1 0 1
/m/07j94 /film/film/starring./film/performance/actor /m/01qn8k 1 1 1 1 1 1
/m/026p_bs /film/film/starring./film/performance/actor /m/017g2y 1 1 1 1 1 1
/m/07_fj54 /film/film/starring./film/performance/actor /m/01svw8n 1 1 1 1 1 1
/m/0bl1_ /film/film/starring./film/performance/actor /m/045931 1 1 1 1 1 1
/m/05c26ss /film/film/starring./film/performance/actor /m/0c9c0 4 1 1 1 0 1
/m/016ks5 /film/film/starring./film/performance/actor /m/015vq_ 1 1 1 1 1 1
/m/03mh94 /film/film/starring./film/performance/actor /m/03knl 4745 4736 0 0 0 0
/m/0f8j13 /film/film/starring./film/performance/actor /m/0jfx1 23 6 0 1 0 0
/m/01k0vq /film/film/starring./film/performance/actor /m/028k57 6 1 1 1 0 1
/m/0dl6fv /film/film/starring./film/performance/actor /m/013_vh 4 1 1 1 0 1
/m/04jkpgv /film/film/starring./film/performance/actor /m/0psss 2 1 1 1 0 1
/m/0b1y_2 /film/film/starring./film/performance/actor /m/060j8b 1 1 1 1 1 1
/m/0jsf6 /film/film/starring./film/performance/actor /m/06d6y 1 1 1 1 1 1
/m/02_qt /film/film/starring./film/performance/actor /m/01bh6y 3 1 1 1 0 1
/m/015qsq /film/film/starring./film/performance/actor /m/025h4z 3 1 1 1 0 1
/m/0yyn5 /film/film/starring./film/performance/actor /m/01zz8t 2 1 1 1 0 1
/m/07vfy4 /film/film/starring./film/performance/actor /m/07f0tw 0 0 0 0
/m/05sns6 /film/film/starring./film/performance/actor /m/034bgm 2 1 1 1 0 1
/m/03pc89 /film/film/starring./film/performance/actor /m/035kl6 1 1 1 1 1 1
/m/07p12s /film/film/starring./film/performance/actor /m/0c_gcr 4 1 1 1 0 1
/m/03cyslc /film/film/starring./film/performance/actor /m/07ymr5 6301 6298 0 0 0 0
/m/0272_vz /film/film/starring./film/performance/actor /m/03f1zdw 4 1 1 1 0 1
/m/0ds6bmk /film/film/starring./film/performance/actor /m/0c_gcr 2 1 1 1 0 1
/m/0340hj /film/film/starring./film/performance/actor /m/0341n5 2 1 1 1 0 1
/m/0ds33 /film/film/starring./film/performance/actor /m/025t9b 12279 12273 0 0 0 0
/m/0ds33 /film/film/starring./film/performance/actor /m/01q_ph 16 1 0 1 0 1
/m/028_yv /film/film/starring./film/performance/actor /m/01r7t9 2 1 1 1 0 1
/m/07kh6f3 /film/film/starring./film/performance/actor /m/018swb 1 1 1 1 1 1
/m/0gtvrv3 /film/film/starring./film/performance/actor /m/02d42t 3 1 1 1 0 1
/m/033qdy /film/film/starring./film/performance/actor /m/0klh7 8 1 1 1 0 1
/m/02prw4h /film/film/starring./film/performance/actor /m/05vsxz 1 1 1 1 1 1
/m/03vyw8 /film/film/starring./film/performance/actor /m/03lmzl 2 1 1 1 0 1
/m/02vw1w2 /film/film/starring./film/performance/actor /m/04j5fx 1 1 1 1 1 1
/m/03t95n /film/film/starring./film/performance/actor /m/07ncs0 3 1 1 1 0 1
/m/03g90h /film/film/starring./film/performance/actor /m/02gyl0 1 1 1 1 1 1
/m/03b1sb /film/film/starring./film/performance/actor /m/05dtsb 1 1 1 1 1 1
/m/063zky /film/film/starring./film/performance/actor /m/069z_5 1 1 1 1 1 1
/m/02_sr1 /film/film/starring./film/performance/actor /m/02p65p 8 1 1 1 0 1
/m/01718w /film/film/starring./film/performance/actor /m/063g7l 1 1 1 1 1 1
/m/0g0x9c /film/film/starring./film/performance/actor /m/0126rp 2 1 1 1 0 1
/m/03ynwqj /film/film/starring./film/performance/actor /m/078jnn 1 1 1 1 1 1
/m/02sg5v /film/film/starring./film/performance/actor /m/03kpvp 14 1 0 1 0 1
/m/01j5ql /film/film/starring./film/performance/actor /m/031zkw 0 0 0 0
/m/0g3zrd /film/film/starring./film/performance/actor /m/07lt7b 4 1 1 1 0 1
/m/07sc6nw /film/film/starring./film/performance/actor /m/01nms7 1563 1559 0 0 0 0
/m/0g9z_32 /film/film/starring./film/performance/actor /m/016k6x 11713 11707 0 0 0 0
/m/016z9n /film/film/starring./film/performance/actor /m/017149 3 1 1 1 0 1
/m/01p3ty /film/film/starring./film/performance/actor /m/02x02kb 1214 1213 0 0 0 0
/m/02825cv /film/film/starring./film/performance/actor /m/01vsnff 1 1 1 1 1 1
/m/05h43ls /film/film/starring./film/performance/actor /m/0m66w 1 1 1 1 1 1
/m/0bscw /film/film/starring./film/performance/actor /m/05dtsb 1 1 1 1 1 1
/m/0gtsxr4 /film/film/starring./film/performance/actor /m/032_jg 4 1 1 1 0 1
/m/0879bpq /film/film/starring./film/performance/actor /m/06mnps 3726 3722 0 0 0 0
/m/0c3z0 /film/film/starring./film/performance/actor /m/04cf09 2 1 1 1 0 1
/m/05c5z8j /film/film/starring./film/performance/actor /m/050_qx 1 1 1 1 1 1
/m/018nnz /film/film/starring./film/performance/actor /m/062hgx 1 1 1 1 1 1
/m/0ds35l9 /film/film/starring./film/performance/actor /m/063g7l 1 1 1 1 1 1
/m/011xg5 /film/film/starring./film/performance/actor /m/016khd 6625 6619 0 0 0 0
/m/06z8s_ /film/film/starring./film/performance/actor /m/02p65p 5 1 1 1 0 1
/m/04sntd /film/film/starring./film/performance/actor /m/044rvb 3 1 1 1 0 1
/m/08phg9 /film/film/starring./film/performance/actor /m/012x2b 4 1 1 1 0 1
/m/03n0cd /film/film/starring./film/performance/actor /m/03l3jy 4 1 1 1 0 1
/m/03qcfvw /film/film/starring./film/performance/actor /m/0227tr 5 1 1 1 0 1
/m/049xgc /film/film/starring./film/performance/actor /m/01pk8v 4 1 1 1 0 1
/m/03nsm5x /film/film/starring./film/performance/actor /m/04m064 3 1 1 1 0 1
/m/072192 /film/film/starring./film/performance/actor /m/02mv9b 1 1 1 1 1 1
/m/05fm6m /film/film/starring./film/performance/actor /m/01w1kyf 5 1 1 1 0 1
/m/08gg47 /film/film/starring./film/performance/actor /m/01jrp0 2 1 1 1 0 1
/m/03hfmm /film/film/starring./film/performance/actor /m/09fqtq 2 1 1 1 0 1
/m/0d4htf /film/film/starring./film/performance/actor /m/034x61 1 1 1 1 1 1
/m/0f42nz /film/film/starring./film/performance/actor /m/03fwln 1 1 1 1 1 1
/m/0284b56 /film/film/starring./film/performance/actor /m/07d3z7 1 1 1 1 1 1
/m/0jymd /film/film/starring./film/performance/actor /m/013sg6 1 1 1 1 1 1
/m/02qlp4 /film/film/starring./film/performance/actor /m/01f6zc 4 1 1 1 0 1
/m/05zlld0 /film/film/starring./film/performance/actor /m/04w391 1 1 1 1 1 1
/m/05zy2cy /film/film/starring./film/performance/actor /m/0flw6 8 2 1 1 0 0
/m/049mql /film/film/starring./film/performance/actor /m/0z4s 8 1 1 1 0 1
/m/047gpsd /film/film/starring./film/performance/actor /m/01n7qlf 1 1 1 1 1 1
/m/0bdjd /film/film/starring./film/performance/actor /m/06jzh 3 1 1 1 0 1
/m/01d259 /film/film/starring./film/performance/actor /m/023tp8 3 1 1 1 0 1
/m/05v38p /film/film/starring./film/performance/actor /m/0fbx6 1 1 1 1 1 1
/m/01vw8k /film/film/starring./film/performance/actor /m/0356dp 1 1 1 1 1 1
/m/023cjg /film/film/starring./film/performance/actor /m/015wnl 7958 7949 0 0 0 0
/m/02z3r8t /film/film/starring./film/performance/actor /m/015q43 5 1 1 1 0 1
/m/0blpg /film/film/starring./film/performance/actor /m/01v3vp 1 1 1 1 1 1
/m/0661m4p /film/film/starring./film/performance/actor /m/086nl7 2 1 1 1 0 1
/m/032xky /film/film/starring./film/performance/actor /m/07rzf 2 1 1 1 0 1
/m/09m6kg /film/film/starring./film/performance/actor /m/0g2lq 6 6 1 1 0 0
/m/0gtsx8c /film/film/starring./film/performance/actor /m/032wdd 3 1 1 1 0 1
/m/050r1z /film/film/starring./film/performance/actor /m/044lyq 2 1 1 1 0 1
/m/020y73 /film/film/starring./film/performance/actor /m/014x77 5 1 1 1 0 1
/m/04v89z /film/film/starring./film/performance/actor /m/02qx5h 2 1 1 1 0 1
/m/02825cv /film/film/starring./film/performance/actor /m/07cjqy 3 1 1 1 0 1
/m/01kf3_9 /film/film/starring./film/performance/actor /m/02zyq6 1 1 1 1 1 1
/m/0kvbl6 /film/film/starring./film/performance/actor /m/0127m7 5 1 1 1 0 1
/m/02mpyh /film/film/starring./film/performance/actor /m/0bq2g 3 1 1 1 0 1
/m/0c3xw46 /film/film/starring./film/performance/actor /m/0j1yf 1 1 1 1 1 1
/m/02ht1k /film/film/starring./film/performance/actor /m/03qd_ 2 1 1 1 0 1
/m/0htww /film/film/starring./film/performance/actor /m/04n_g 0 0 0 0
/m/01sbv9 /film/film/starring./film/performance/actor /m/016tbr 1 1 1 1 1 1
/m/02d478 /film/film/starring./film/performance/actor /m/0psss 3 1 1 1 0 1
/m/09hy79 /film/film/starring./film/performance/actor /m/02bj6k 2 1 1 1 0 1
/m/0c57yj /film/film/starring./film/performance/actor /m/01ft2l 12227 12225 0 0 0 0
/m/011yqc /film/film/starring./film/performance/actor /m/0184jc 4 1 1 1 0 1
/m/0gd92 /film/film/starring./film/performance/actor /m/0151w_ 10 2 1 1 0 0
/m/05r3qc /film/film/starring./film/performance/actor /m/09r9dp 3 1 1 1 0 1
/m/0d4htf /film/film/starring./film/performance/actor /m/05kwx2 4 1 1 1 0 1
/m/0gjc4d3 /film/film/starring./film/performance/actor /m/0127m7 10 1 1 1 0 1
/m/03lv4x /film/film/starring./film/performance/actor /m/03jg5t 1 1 1 1 1 1
/m/09fqgj /film/film/starring./film/performance/actor /m/0h0jz 14481 14476 0 0 0 0
/m/0gj96ln /film/film/starring./film/performance/actor /m/02jm0n 1 1 1 1 1 1
/m/0yyts /film/film/starring./film/performance/actor /m/03c5f7l 2 1 1 1 0 1
/m/025rxjq /film/film/starring./film/performance/actor /m/013knm 5 1 1 1 0 1
/m/0571m /film/film/starring./film/performance/actor /m/05cl2w 1 1 1 1 1 1
/m/0cf8qb /film/film/starring./film/performance/actor /m/030xr_ 2 1 1 1 0 1
/m/03tbg6 /film/film/starring./film/performance/actor /m/0chsq 1 1 1 1 1 1
/m/01ry_x /film/film/starring./film/performance/actor /m/0154d7 3 1 1 1 0 1
/m/0422v0 /film/film/starring./film/performance/actor /m/030znt 224 221 0 0 0 0
/m/026wlxw /film/film/starring./film/performance/actor /m/063g7l 1 1 1 1 1 1
/m/01chpn /film/film/starring./film/performance/actor /m/02xs5v 1 1 1 1 1 1
/m/05dptj /film/film/starring./film/performance/actor /m/04y9dk 2 1 1 1 0 1
/m/01q7h2 /film/film/starring./film/performance/actor /m/06chvn 1 1 1 1 1 1
/m/0k2sk /film/film/starring./film/performance/actor /m/06lj1m 1 1 1 1 1 1
/m/027m5wv /film/film/starring./film/performance/actor /m/0lpjn 6 1 1 1 0 1
/m/0dl6fv /film/film/starring./film/performance/actor /m/01jw4r 2 1 1 1 0 1
/m/0crd8q6 /film/film/starring./film/performance/actor /m/01wxyx1 2 1 1 1 0 1
/m/0prrm /film/film/starring./film/performance/actor /m/01j7rd 1 1 1 1 1 1
/m/0241y7 /film/film/starring./film/performance/actor /m/01w0yrc 2866 2865 0 0 0 0
/m/095zlp /film/film/starring./film/performance/actor /m/017149 4 1 1 1 0 1
/m/0bx0l /film/film/starring./film/performance/actor /m/031y07 2 1 1 1 0 1
/m/05dmmc /film/film/starring./film/performance/actor /m/04g4n 3 1 1 1 0 1
/m/0y_pg /film/film/starring./film/performance/actor /m/019pm_ 4 1 1 1 0 1
/m/05h43ls /film/film/starring./film/performance/actor /m/04cf09 1 1 1 1 1 1
/m/0407yj_ /film/film/starring./film/performance/actor /m/0p8r1 3 1 1 1 0 1
/m/06_x996 /film/film/starring./film/performance/actor /m/02_0d2 3 1 1 1 0 1
/m/0gy7bj4 /film/film/starring./film/performance/actor /m/07b2lv 3 1 1 1 0 1
/m/03s6l2 /film/film/starring./film/performance/actor /m/046zh 8 1 1 1 0 1
/m/01jnc_ /film/film/starring./film/performance/actor /m/01vn35l 1 1 1 1 1 1
/m/01jnc_ /film/film/starring./film/performance/actor /m/01z9_x 1 1 1 1 1 1
/m/04mcw4 /film/film/starring./film/performance/actor /m/01nwwl 4 1 1 1 0 1
/m/0g5qs2k /film/film/starring./film/performance/actor /m/015vq_ 5 1 1 1 0 1
/m/0qf2t /film/film/starring./film/performance/actor /m/071ynp 3 1 1 1 0 1
/m/026q3s3 /film/film/starring./film/performance/actor /m/01wzs_q 1 1 1 1 1 1
/m/05z43v /film/film/starring./film/performance/actor /m/0b_dy 12 4 0 1 0 0
/m/09rsjpv /film/film/starring./film/performance/actor /m/014v6f 5 1 1 1 0 1
/m/0p9rz /film/film/starring./film/performance/actor /m/0byfz 6 1 1 1 0 1
/m/01shy7 /film/film/starring./film/performance/actor /m/01pctb 1 1 1 1 1 1
/m/011ykb /film/film/starring./film/performance/actor /m/032nl2 1 1 1 1 1 1
/m/05tgks /film/film/starring./film/performance/actor /m/0170qf 5 1 1 1 0 1
/m/02w9k1c /film/film/starring./film/performance/actor /m/0170qf 14 6 0 1 0 0
/m/015x74 /film/film/starring./film/performance/actor /m/02s5v5 2 1 1 1 0 1
/m/02gs6r /film/film/starring./film/performance/actor /m/02v92l 1 1 1 1 1 1
/m/035s95 /film/film/starring./film/performance/actor /m/032w8h 4825 4817 0 0 0 0
/m/0992d9 /film/film/starring./film/performance/actor /m/07yp0f 5625 5622 0 0 0 0
/m/01chpn /film/film/starring./film/performance/actor /m/0184jw 1067 1067 0 0 0 0
/m/05dptj /film/film/starring./film/performance/actor /m/01vh3r 1 1 1 1 1 1
/m/050f0s /film/film/starring./film/performance/actor /m/0glmv 1 1 1 1 1 1
/m/0ptxj /film/film/starring./film/performance/actor /m/012v9y 4 1 1 1 0 1
/m/047fjjr /film/film/starring./film/performance/actor /m/01gkmx 3 1 1 1 0 1
/m/0h14ln /film/film/starring./film/performance/actor /m/09y20 9 1 1 1 0 1
/m/0jsf6 /film/film/starring./film/performance/actor /m/01_f_5 3 1 1 1 0 1
/m/050xxm /film/film/starring./film/performance/actor /m/02bh9 1 1 1 1 1 1
/m/03cmsqb /film/film/starring./film/performance/actor /m/0341n5 11072 11070 0 0 0 0
/m/02py4c8 /film/film/starring./film/performance/actor /m/059_gf 1 1 1 1 1 1
/m/02scbv /film/film/starring./film/performance/actor /m/016z51 2 1 1 1 0 1
/m/0gwjw0c /film/film/starring./film/performance/actor /m/05mlqj 1 1 1 1 1 1
/m/0glbqt /film/film/starring./film/performance/actor /m/0gm34 4 1 1 1 0 1
/m/0c1sgd3 /film/film/starring./film/performance/actor /m/062dn7 5 1 1 1 0 1
/m/05qbckf /film/film/starring./film/performance/actor /m/0f5xn 7 2 1 1 0 0
/m/04z_3pm /film/film/starring./film/performance/actor /m/01_p6t 4 1 1 1 0 1
/m/0c3z0 /film/film/starring./film/performance/actor /m/0c4f4 2 1 1 1 0 1
/m/0qm98 /film/film/starring./film/performance/actor /m/038nv6 1 1 1 1 1 1
/m/0k4f3 /film/film/starring./film/performance/actor /m/0hwqg 1 1 1 1 1 1
/m/06_wqk4 /film/film/starring./film/performance/actor /m/026l37 14157 14154 0 0 0 0
/m/08ct6 /film/film/starring./film/performance/actor /m/01wz01 3 1 1 1 0 1
/m/08fn5b /film/film/starring./film/performance/actor /m/0gpprt 3 1 1 1 0 1
/m/048tv9 /film/film/starring./film/performance/actor /m/03s2dj 1 1 1 1 1 1
/m/048qrd /film/film/starring./film/performance/actor /m/015f7 2 1 1 1 0 1
/m/0fzm0g /film/film/starring./film/performance/actor /m/01gbn6 3101 3095 0 0 0 0
/m/07yvsn /film/film/starring./film/performance/actor /m/07vc_9 4 1 1 1 0 1
/m/0f7hw /film/film/starring./film/performance/actor /m/0f6_x 10591 10588 0 0 0 0
/m/0bpbhm /film/film/starring./film/performance/actor /m/02pby8 4 1 1 1 0 1
/m/05650n /film/film/starring./film/performance/actor /m/03h_9lg 12948 12939 0 0 0 0
/m/05q_dw /film/film/starring./film/performance/actor /m/0372kf 1 1 1 1 1 1
/m/06gb1w /film/film/starring./film/performance/actor /m/03knl 7 1 1 1 0 1
/m/0c00zd0 /film/film/starring./film/performance/actor /m/0418ft 2 1 1 1 0 1
/m/0bz3jx /film/film/starring./film/performance/actor /m/016dsy 1 1 1 1 1 1
/m/0btbyn /film/film/starring./film/performance/actor /m/030vnj 4 1 1 1 0 1
/m/0g0x9c /film/film/starring./film/performance/actor /m/06m6p7 1 1 1 1 1 1
/m/01mszz /film/film/starring./film/performance/actor /m/0dpqk 3 1 1 1 0 1
/m/034qmv /film/film/starring./film/performance/actor /m/0pkr1 14907 14906 0 0 0 0
/m/04z4j2 /film/film/starring./film/performance/actor /m/06cl2w 2 1 1 1 0 1
/m/02z3r8t /film/film/starring./film/performance/actor /m/02s2ft 5 1 1 1 0 1
/m/0fh694 /film/film/starring./film/performance/actor /m/029m83 2 1 1 1 0 1
/m/011ysn /film/film/starring./film/performance/actor /m/0408np 13269 13267 0 0 0 0
/m/027pfg /film/film/starring./film/performance/actor /m/0q9kd 5 1 1 1 0 1
/m/0bh8x1y /film/film/starring./film/performance/actor /m/0h32q 2 1 1 1 0 1
/m/0bbw2z6 /film/film/starring./film/performance/actor /m/0f4vbz 4 1 1 1 0 1
/m/03xf_m /film/film/starring./film/performance/actor /m/06g2d1 2 1 1 1 0 1
/m/0hv1t /film/film/starring./film/performance/actor /m/015wfg 1 1 1 1 1 1
/m/01k5y0 /film/film/starring./film/performance/actor /m/01846t 4 1 1 1 0 1
/m/02_1sj /film/film/starring./film/performance/actor /m/02fn5 3 1 1 1 0 1
/m/095z4q /film/film/starring./film/performance/actor /m/06t74h 3 1 1 1 0 1
/m/09fc83 /film/film/starring./film/performance/actor /m/01k7d9 1 1 1 1 1 1
/m/0bs8ndx /film/film/starring./film/performance/actor /m/049g_xj 3 1 1 1 0 1
/m/08952r /film/film/starring./film/performance/actor /m/02dztn 4 1 1 1 0 1
/m/0yxm1 /film/film/starring./film/performance/actor /m/02s529 1 1 1 1 1 1
/m/0jvt9 /film/film/starring./film/performance/actor /m/01csrl 1 1 1 1 1 1
/m/0ds33 /film/film/starring./film/performance/actor /m/02__ww 1 1 1 1 1 1
/m/031t2d /film/film/starring./film/performance/actor /m/01qg7c 2 1 1 1 0 1
/m/01vksx /film/film/starring./film/performance/actor /m/01l2fn 3 1 1 1 0 1
/m/08xvpn /film/film/starring./film/performance/actor /m/014gf8 6 1 1 1 0 1
/m/0243cq /film/film/starring./film/performance/actor /m/02bh9 7 5 1 1 0 0
/m/0n08r /film/film/starring./film/performance/actor /m/041rhq 1 1 1 1 1 1
/m/0639bg /film/film/starring./film/performance/actor /m/02f2dn 5 1 1 1 0 1
/m/098s2w /film/film/starring./film/performance/actor /m/01y9xg 2 1 1 1 0 1
/m/02bqvs /film/film/starring./film/performance/actor /m/02bwjv 1 1 1 1 1 1
/m/011yxy /film/film/starring./film/performance/actor /m/03s9b 1 1 1 1 1 1
/m/02q7yfq /film/film/starring./film/performance/actor /m/01pgzn_ 6 1 1 1 0 1
/m/08052t3 /film/film/starring./film/performance/actor /m/0bksh 8 1 1 1 0 1
/m/03l6q0 /film/film/starring./film/performance/actor /m/014z8v 13259 13255 0 0 0 0
/m/0344gc /film/film/starring./film/performance/actor /m/0237fw 6 1 1 1 0 1
/m/0bt3j9 /film/film/starring./film/performance/actor /m/01jz6x 1 1 1 1 1 1
/m/01d259 /film/film/starring./film/performance/actor /m/03lgg 3492 3491 0 0 0 0
/m/0gtt5fb /film/film/starring./film/performance/actor /m/06cl2w 2 1 1 1 0 1
/m/03kxj2 /film/film/starring./film/performance/actor /m/01fx2g 2 1 1 1 0 1
/m/025ts_z /film/film/starring./film/performance/actor /m/045gzq 2 1 1 1 0 1
/m/01vw8k /film/film/starring./film/performance/actor /m/053xw6 4 1 1 1 0 1
/m/04x4vj /film/film/starring./film/performance/actor /m/05cl2w 1 1 1 1 1 1
/m/02tjl3 /film/film/starring./film/performance/actor /m/02_hj4 5079 5073 0 0 0 0
/m/04z4j2 /film/film/starring./film/performance/actor /m/0237fw 5 1 1 1 0 1
/m/07tlfx /film/film/starring./film/performance/actor /m/04wp3s 4 1 1 1 0 1
/m/05pxnmb /film/film/starring./film/performance/actor /m/0f7hc 14 2 0 1 0 0
/m/01hqhm /film/film/starring./film/performance/actor /m/01tcf7 2 1 1 1 0 1
/m/08rr3p /film/film/starring./film/performance/actor /m/08jfkw 2 1 1 1 0 1
/m/02xbyr /film/film/starring./film/performance/actor /m/06b3g4 2 1 1 1 0 1
/m/0c_j9x /film/film/starring./film/performance/actor /m/015010 1 1 1 1 1 1
/m/05p09dd /film/film/starring./film/performance/actor /m/02zl4d 2 1 1 1 0 1
/m/01k5y0 /film/film/starring./film/performance/actor /m/04bdqk 2 1 1 1 0 1
/m/07vfy4 /film/film/starring./film/performance/actor /m/07jmnh 1 1 1 1 1 1
/m/01hr1 /film/film/starring./film/performance/actor /m/0lx2l 6 1 1 1 0 1
/m/07tj4c /film/film/starring./film/performance/actor /m/0bq2g 11 3 0 1 0 0
/m/01hv3t /film/film/starring./film/performance/actor /m/017149 1 1 1 1 1 1
/m/01k1k4 /film/film/starring./film/performance/actor /m/04pz5c 1 1 1 1 1 1
/m/031t2d /film/film/starring./film/performance/actor /m/02tqkf 1 1 1 1 1 1
/m/027r9t /film/film/starring./film/performance/actor /m/030hcs 2 1 1 1 0 1
/m/02_fm2 /film/film/starring./film/performance/actor /m/02ct_k 1 1 1 1 1 1
/m/0m313 /film/film/starring./film/performance/actor /m/03y_46 1 1 1 1 1 1
/m/01sxdy /film/film/starring./film/performance/actor /m/016xk5 3 1 1 1 0 1
/m/03z9585 /film/film/starring./film/performance/actor /m/0jfx1 15 1 0 1 0 1
/m/0ggbfwf /film/film/starring./film/performance/actor /m/04205z 1 1 1 1 1 1
/m/016z5x /film/film/starring./film/performance/actor /m/016ks_ 3 1 1 1 0 1
/m/0fvr1 /film/film/starring./film/performance/actor /m/01t6xz 1 1 1 1 1 1
/m/02b6n9 /film/film/starring./film/performance/actor /m/0408np 1 1 1 1 1 1
/m/02ndy4 /film/film/starring./film/performance/actor /m/01gy7r 1 1 1 1 1 1
/m/07vn_9 /film/film/starring./film/performance/actor /m/016z2j 9 1 1 1 0 1
/m/02wgk1 /film/film/starring./film/performance/actor /m/044mrh 1 1 1 1 1 1
/m/011ycb /film/film/starring./film/performance/actor /m/01swck 3 1 1 1 0 1
/m/0gcpc /film/film/starring./film/performance/actor /m/039xcr 1 1 1 1 1 1
/m/0270k40 /film/film/starring./film/performance/actor /m/01qr1_ 1 1 1 1 1 1
/m/09m6kg /film/film/starring./film/performance/actor /m/01ycbq 3 1 1 1 0 1
/m/09m6kg /film/film/starring./film/performance/actor /m/0fgg4 5 2 1 1 0 0
/m/026390q /film/film/starring./film/performance/actor /m/01vwllw 1 1 1 1 1 1
/m/0ddjy /film/film/starring./film/performance/actor /m/0gr36 4 1 1 1 0 1
/m/017gm7 /film/film/starring./film/performance/actor /m/016ypb 9 1 1 1 0 1
/m/04g73n /film/film/starring./film/performance/actor /m/02tqkf 1 1 1 1 1 1
/m/0gg5kmg /film/film/starring./film/performance/actor /m/0f4dx2 3 1 1 1 0 1
/m/045r_9 /film/film/starring./film/performance/actor /m/0crvfq 2 1 1 1 0 1
/m/017d93 /film/film/starring./film/performance/actor /m/0cjsxp 4 1 1 1 0 1
/m/01k1k4 /film/film/starring./film/performance/actor /m/02fb1n 3 1 1 1 0 1
/m/09v8clw /film/film/starring./film/performance/actor /m/02zfdp 2 1 1 1 0 1
/m/03q0r1 /film/film/starring./film/performance/actor /m/01q_ph 13 1 0 1 0 1
/m/04g9gd /film/film/starring./film/performance/actor /m/02sb1w 1 1 1 1 1 1
/m/01shy7 /film/film/starring./film/performance/actor /m/0892sx 1 1 1 1 1 1
/m/09lxv9 /film/film/starring./film/performance/actor /m/09fb5 8 1 1 1 0 1
/m/062zm5h /film/film/starring./film/performance/actor /m/058s44 1 1 1 1 1 1
/m/02ctc6 /film/film/starring./film/performance/actor /m/0794g 5 1 1 1 0 1
/m/031786 /film/film/starring./film/performance/actor /m/0170qf 12 5 0 1 0 0
/m/04j13sx /film/film/starring./film/performance/actor /m/0hwbd 2 1 1 1 0 1
/m/0284b56 /film/film/starring./film/performance/actor /m/02qgqt 3 1 1 1 0 1
/m/076tq0z /film/film/starring./film/performance/actor /m/0h0wc 11 1 0 1 0 1
/m/0bh8tgs /film/film/starring./film/performance/actor /m/06mt91 1 1 1 1 1 1
/m/0ddt_ /film/film/starring./film/performance/actor /m/09l3p 7 1 1 1 0 1
/m/07sgdw /film/film/starring./film/performance/actor /m/03qd_ 4 1 1 1 0 1
/m/03tn80 /film/film/starring./film/performance/actor /m/02gf_l 2 1 1 1 0 1
/m/047rkcm /film/film/starring./film/performance/actor /m/025b5y 2 1 1 1 0 1
/m/0872p_c /film/film/starring./film/performance/actor /m/022s1m 2 1 1 1 0 1
/m/03ynwqj /film/film/starring./film/performance/actor /m/03f0r5w 2 1 1 1 0 1
/m/01chpn /film/film/starring./film/performance/actor /m/05w1vf 1 1 1 1 1 1
/m/02x0fs9 /film/film/starring./film/performance/actor /m/03k545 1 1 1 1 1 1
/m/0f8j13 /film/film/starring./film/performance/actor /m/01wwvt2 6402 6400 0 0 0 0
/m/08hmch /film/film/starring./film/performance/actor /m/01kwld 3 1 1 1 0 1
/m/01kjr0 /film/film/starring./film/performance/actor /m/01rzqj 12238 12234 0 0 0 0
/m/093dqjy /film/film/starring./film/performance/actor /m/02x0dzw 4 1 1 1 0 1
/m/0258dh /film/film/starring./film/performance/actor /m/086qd 1 1 1 1 1 1
/m/07gp9 /film/film/starring./film/performance/actor /m/05dtsb 1 1 1 1 1 1
/m/020bv3 /film/film/starring./film/performance/actor /m/0h5g_ 3 1 1 1 0 1
/m/020bv3 /film/film/starring./film/performance/actor /m/01fh9 3 1 1 1 0 1
/m/0gfzfj /film/film/starring./film/performance/actor /m/0ccqd7 2851 2850 0 0 0 0
/m/01kff7 /film/film/starring./film/performance/actor /m/0147dk 10 1 1 1 0 1
/m/0sxlb /film/film/starring./film/performance/actor /m/02bj6k 3 1 1 1 0 1
/m/02qyv3h /film/film/starring./film/performance/actor /m/07mz77 3759 3758 0 0 0 0
/m/04yc76 /film/film/starring./film/performance/actor /m/0ck91 6209 6208 0 0 0 0
/m/07cw4 /film/film/starring./film/performance/actor /m/06cgy 4 1 1 1 0 1
/m/0prhz /film/film/starring./film/performance/actor /m/0kszw 7 1 1 1 0 1
/m/0htww /film/film/starring./film/performance/actor /m/03q95r 3 1 1 1 0 1
/m/03m5y9p /film/film/starring./film/performance/actor /m/04gc65 3 1 1 1 0 1
/m/031t2d /film/film/starring./film/performance/actor /m/0cw67g 1 1 1 1 1 1
/m/049xgc /film/film/starring./film/performance/actor /m/0dvmd 9 2 1 1 0 0
/m/07xvf /film/film/starring./film/performance/actor /m/02mjf2 963 959 0 0 0 0
/m/0642xf3 /film/film/starring./film/performance/actor /m/02_hj4 2 1 1 1 0 1
/m/02v8kmz /film/film/starring./film/performance/actor /m/03knl 8 1 1 1 0 1
/m/0f4yh /film/film/starring./film/performance/actor /m/016j68 6 3 1 1 0 0
/m/0170th /film/film/starring./film/performance/actor /m/01515w 4 1 1 1 0 1
/m/0gjcrrw /film/film/starring./film/performance/actor /m/02t_st 3 1 1 1 0 1
/m/0170yd /film/film/starring./film/performance/actor /m/0lkr7 1 1 1 1 1 1
/m/028kj0 /film/film/starring./film/performance/actor /m/0mdqp 2189 2171 0 0 0 0
/m/07p62k /film/film/starring./film/performance/actor /m/03c6v3 0 0 0 0
/m/0dkv90 /film/film/starring./film/performance/actor /m/01f873 9 2 1 1 0 0
/m/05mrf_p /film/film/starring./film/performance/actor /m/0k269 4 1 1 1 0 1
/m/034r25 /film/film/starring./film/performance/actor /m/03v3xp 4 1 1 1 0 1
/m/0bmssv /film/film/starring./film/performance/actor /m/032w8h 22 14 0 0 0 0
/m/09p0ct /film/film/starring./film/performance/actor /m/014x77 2 1 1 1 0 1
/m/0f40w /film/film/starring./film/performance/actor /m/07g2v 1 1 1 1 1 1
/m/0jym0 /film/film/starring./film/performance/actor /m/0b_7k 1 1 1 1 1 1
/m/01f7kl /film/film/starring./film/performance/actor /m/014g22 2 1 1 1 0 1
/m/02q56mk /film/film/starring./film/performance/actor /m/02js_6 9242 9238 0 0 0 0
/m/011ysn /film/film/starring./film/performance/actor /m/02fybl 1 1 1 1 1 1
/m/011ycb /film/film/starring./film/performance/actor /m/023s8 1 1 1 1 1 1
/m/02c6d /film/film/starring./film/performance/actor /m/02lyx4 1 1 1 1 1 1
/m/01wb95 /film/film/starring./film/performance/actor /m/0131kb 4052 4051 0 0 0 0
/m/0dcz8_ /film/film/starring./film/performance/actor /m/02238b 1 1 1 1 1 1
/m/04jpk2 /film/film/starring./film/performance/actor /m/01k_0fp 1 1 1 1 1 1
/m/0k419 /film/film/starring./film/performance/actor /m/03fvqg 1 1 1 1 1 1
/m/01l_pn /film/film/starring./film/performance/actor /m/011zd3 4 1 1 1 0 1
/m/06znpjr /film/film/starring./film/performance/actor /m/03m8lq 2 1 1 1 0 1
/m/02_1sj /film/film/starring./film/performance/actor /m/046lt 2 1 1 1 0 1
/m/0h63gl9 /film/film/starring./film/performance/actor /m/02mjf2 2 1 1 1 0 1
/m/0h0wd9 /film/film/starring./film/performance/actor /m/04n32 1 1 1 1 1 1
/m/05sw5b /film/film/starring./film/performance/actor /m/0glmv 2 1 1 1 0 1
/m/03pc89 /film/film/starring./film/performance/actor /m/02xwgr 3 1 1 1 0 1
/m/0879bpq /film/film/starring./film/performance/actor /m/013pk3 2 1 1 1 0 1
/m/038bh3 /film/film/starring./film/performance/actor /m/039bp 10 1 1 1 0 1
/m/01jwxx /film/film/starring./film/performance/actor /m/02zfdp 2 1 1 1 0 1
/m/08952r /film/film/starring./film/performance/actor /m/018grr 1 1 1 1 1 1
/m/03n0cd /film/film/starring./film/performance/actor /m/0d608 14684 14675 0 0 0 0
/m/06t6dz /film/film/starring./film/performance/actor /m/0163r3 1 1 1 1 1 1
/m/09cxm4 /film/film/starring./film/performance/actor /m/0p_47 6 1 1 1 0 1
/m/01n30p /film/film/starring./film/performance/actor /m/0738b8 6338 6333 0 0 0 0
/m/03m5y9p /film/film/starring./film/performance/actor /m/01520h 3 1 1 1 0 1
/m/0jzw /film/film/starring./film/performance/actor /m/015c4g 5 1 1 1 0 1
/m/034b6k /film/film/starring./film/performance/actor /m/013knm 3 1 1 1 0 1
/m/0cmdwwg /film/film/starring./film/performance/actor /m/03kbb8 11704 11698 0 0 0 0
/m/02ylg6 /film/film/starring./film/performance/actor /m/02lk1s 2 1 1 1 0 1
/m/0gwgn1k /film/film/starring./film/performance/actor /m/07ymr5 1 1 1 1 1 1
/m/0ndsl1x /film/film/starring./film/performance/actor /m/015grj 3 1 1 1 0 1
/m/097zcz /film/film/starring./film/performance/actor /m/01y8cr 1 1 1 1 1 1
/m/04gv3db /film/film/starring./film/performance/actor /m/02mjf2 4 1 1 1 0 1
/m/026f__m /film/film/starring./film/performance/actor /m/0f7hc 14 2 0 1 0 0
/m/0n08r /film/film/starring./film/performance/actor /m/01f7dd 6 1 1 1 0 1
/m/017z49 /film/film/starring./film/performance/actor /m/05w1vf 1 1 1 1 1 1
/m/0crfwmx /film/film/starring./film/performance/actor /m/031c2r 12012 12011 0 0 0 0
/m/03cp4cn /film/film/starring./film/performance/actor /m/035rnz 3 1 1 1 0 1
/m/04pmnt /film/film/starring./film/performance/actor /m/0c_gcr 4 1 1 1 0 1
/m/0fz3b1 /film/film/starring./film/performance/actor /m/0fby2t 1 1 1 1 1 1
/m/01_0f7 /film/film/starring./film/performance/actor /m/053xw6 4 1 1 1 0 1
/m/0dfw0 /film/film/starring./film/performance/actor /m/02dbn2 2 1 1 1 0 1
/m/0drnwh /film/film/starring./film/performance/actor /m/08x5c_ 1 1 1 1 1 1
/m/0bt3j9 /film/film/starring./film/performance/actor /m/06wm0z 1 1 1 1 1 1
/m/027j9wd /film/film/starring./film/performance/actor /m/03n08b 6 1 1 1 0 1
/m/016ywb /film/film/starring./film/performance/actor /m/06ltr 982 975 0 0 0 0
/m/0277j40 /film/film/starring./film/performance/actor /m/0klh7 5 1 1 1 0 1
/m/02rqwhl /film/film/starring./film/performance/actor /m/02qgqt 2 1 1 1 0 1
/m/01vw8k /film/film/starring./film/performance/actor /m/03hh89 2 1 1 1 0 1
/m/0pd6l /film/film/starring./film/performance/actor /m/03b0q4 1 1 1 1 1 1
/m/08c4yn /film/film/starring./film/performance/actor /m/0184jc 7 2 1 1 0 0
/m/02z3r8t /film/film/starring./film/performance/actor /m/040696 1 1 1 1 1 1
/m/0cp0ph6 /film/film/starring./film/performance/actor /m/06q5t7 2 1 1 1 0 1
/m/0g3zrd /film/film/starring./film/performance/actor /m/03x22w 9811 9810 0 0 0 0
/m/02x3y41 /film/film/starring./film/performance/actor /m/02t_st 3 1 1 1 0 1
/m/0g9z_32 /film/film/starring./film/performance/actor /m/0g2mbn 1 1 1 1 1 1
/m/02825nf /film/film/starring./film/performance/actor /m/086nl7 2 1 1 1 0 1
/m/07kdkfj /film/film/starring./film/performance/actor /m/046zh 7 1 1 1 0 1
/m/0fgrm /film/film/starring./film/performance/actor /m/06qgjh 2 1 1 1 0 1
/m/0m_mm /film/film/starring./film/performance/actor /m/0bmh4 3 1 1 1 0 1
/m/0bz6sq /film/film/starring./film/performance/actor /m/0686zv 2 1 1 1 0 1
/m/095z4q /film/film/starring./film/performance/actor /m/0pz91 5 1 1 1 0 1
/m/02_fz3 /film/film/starring./film/performance/actor /m/0mbw0 1 1 1 1 1 1
/m/029zqn /film/film/starring./film/performance/actor /m/034zc0 2 1 1 1 0 1
/m/03177r /film/film/starring./film/performance/actor /m/0159h6 6 1 1 1 0 1
/m/05pdd86 /film/film/starring./film/performance/actor /m/01vvb4m 17 5 0 1 0 0
/m/01gglm /film/film/starring./film/performance/actor /m/01gv_f 2 1 1 1 0 1
/m/0h2zvzr /film/film/starring./film/performance/actor /m/02c_wc 1 1 1 1 1 1
/m/034qzw /film/film/starring./film/performance/actor /m/05txrz 18 8 0 1 0 0
/m/02mpyh /film/film/starring./film/performance/actor /m/0169dl 8 1 1 1 0 1
/m/0gzy02 /film/film/starring./film/performance/actor /m/031y07 13627 13624 0 0 0 0
/m/0sxfd /film/film/starring./film/performance/actor /m/013cr 3 1 1 1 0 1
/m/03whyr /film/film/starring./film/performance/actor /m/02d42t 3 1 1 1 0 1
/m/033pf1 /film/film/starring./film/performance/actor /m/0d608 7 1 1 1 0 1
/m/02v8kmz /film/film/starring./film/performance/actor /m/018yj6 13939 13936 0 0 0 0
/m/09g8vhw /film/film/starring./film/performance/actor /m/04yqlk 3 1 1 1 0 1
/m/05650n /film/film/starring./film/performance/actor /m/0bqvs2 1 1 1 1 1 1
/m/02b61v /film/film/starring./film/performance/actor /m/0z4s 8 1 1 1 0 1
/m/02bg55 /film/film/starring./film/performance/actor /m/033tln 2 1 1 1 0 1
/m/027r7k /film/film/starring./film/performance/actor /m/0ywqc 3 1 1 1 0 1
/m/0bt3j9 /film/film/starring./film/performance/actor /m/042ly5 6 2 1 1 0 0
/m/0m491 /film/film/starring./film/performance/actor /m/065mm1 1 1 1 1 1 1
/m/01c22t /film/film/starring./film/performance/actor /m/0p8r1 4 1 1 1 0 1
/m/03wy8t /film/film/starring./film/performance/actor /m/0q9zc 1 1 1 1 1 1
/m/05f4_n0 /film/film/starring./film/performance/actor /m/01v42g 2 1 1 1 0 1
/m/0gmd3k7 /film/film/starring./film/performance/actor /m/0f502 8 1 1 1 0 1
/m/07_fj54 /film/film/starring./film/performance/actor /m/02xfj0 1 1 1 1 1 1
/m/0gbtbm /film/film/starring./film/performance/actor /m/0klh7 8896 8885 0 0 0 0
/m/026wlxw /film/film/starring./film/performance/actor /m/01fkv0 8865 8860 0 0 0 0
/m/04vr_f /film/film/starring./film/performance/actor /m/0dvmd 1 1 1 1 1 1
/m/03sxd2 /film/film/starring./film/performance/actor /m/01cj6y 3 1 1 1 0 1
/m/04w7rn /film/film/starring./film/performance/actor /m/04shbh 3 1 1 1 0 1
/m/0prh7 /film/film/starring./film/performance/actor /m/016ggh 5 1 1 1 0 1
/m/0llcx /film/film/starring./film/performance/actor /m/0c0k1 11 2 0 1 0 0
/m/04jn6y7 /film/film/starring./film/performance/actor /m/0c1pj 7180 7173 0 0 0 0
/m/02825cv /film/film/starring./film/performance/actor /m/072bb1 2 1 1 1 0 1
/m/0kvgtf /film/film/starring./film/performance/actor /m/023n39 3 1 1 1 0 1
/m/047vp1n /film/film/starring./film/performance/actor /m/045931 1 1 1 1 1 1
/m/0416y94 /film/film/starring./film/performance/actor /m/07m77x 4 1 1 1 0 1
/m/0bscw /film/film/starring./film/performance/actor /m/015v3r 3 1 1 1 0 1
/m/0yyg4 /film/film/starring./film/performance/actor /m/01p7yb 5 1 1 1 0 1
/m/0p9lw /film/film/starring./film/performance/actor /m/015p37 1 1 1 1 1 1
/m/08952r /film/film/starring./film/performance/actor /m/04fcx7 2 1 1 1 0 1
/m/078sj4 /film/film/starring./film/performance/actor /m/0jdhp 2 1 1 1 0 1
/m/078sj4 /film/film/starring./film/performance/actor /m/01ycbq 5 1 1 1 0 1
/m/078sj4 /film/film/starring./film/performance/actor /m/014zcr 4 1 1 1 0 1
/m/047wh1 /film/film/starring./film/performance/actor /m/016h4r 4 1 1 1 0 1
/m/035bcl /film/film/starring./film/performance/actor /m/0z4s 7 1 1 1 0 1
/m/05jf85 /film/film/starring./film/performance/actor /m/01r7t9 13304 13302 0 0 0 0
/m/01gc7 /film/film/starring./film/performance/actor /m/02xs5v 4 1 1 1 0 1
/m/07cdz /film/film/starring./film/performance/actor /m/01dbk6 2 1 1 1 0 1
/m/03rg2b /film/film/starring./film/performance/actor /m/043gj 2 1 1 1 0 1
/m/03fts /film/film/starring./film/performance/actor /m/019vgs 2 1 1 1 0 1
/m/07sgdw /film/film/starring./film/performance/actor /m/01g257 2 1 1 1 0 1
/m/0f4_l /film/film/starring./film/performance/actor /m/01wbg84 4 1 1 1 0 1
/m/06q8qh /film/film/starring./film/performance/actor /m/02qgyv 3 1 1 1 0 1
/m/02qlp4 /film/film/starring./film/performance/actor /m/020trj 1 1 1 1 1 1
/m/05q4y12 /film/film/starring./film/performance/actor /m/028d4v 4 1 1 1 0 1
/m/01xvjb /film/film/starring./film/performance/actor /m/0bxtg 35 16 0 0 0 0
/m/0436yk /film/film/starring./film/performance/actor /m/03q64h 2 1 1 1 0 1
/m/03tbg6 /film/film/starring./film/performance/actor /m/01vwllw 5 1 1 1 0 1
/m/02y_lrp /film/film/starring./film/performance/actor /m/0d_84 13600 13594 0 0 0 0
/m/031hcx /film/film/starring./film/performance/actor /m/015rkw 6 2 1 1 0 0
/m/031hcx /film/film/starring./film/performance/actor /m/0134w7 7 1 1 1 0 1
/m/0kbwb /film/film/starring./film/performance/actor /m/0p_r5 2612 2611 0 0 0 0
/m/0gmd3k7 /film/film/starring./film/performance/actor /m/05mkhs 3 1 1 1 0 1
/m/04vr_f /film/film/starring./film/performance/actor /m/0gy6z9 1 1 1 1 1 1
/m/0_9wr /film/film/starring./film/performance/actor /m/02pby8 2 1 1 1 0 1
/m/05p09dd /film/film/starring./film/performance/actor /m/0170qf 1467 1458 0 0 0 0
/m/0h0wd9 /film/film/starring./film/performance/actor /m/0gyy0 1 1 1 1 1 1
/m/01fx4k /film/film/starring./film/performance/actor /m/015nhn 1 1 1 1 1 1
/m/0gy7bj4 /film/film/starring./film/performance/actor /m/01l2fn 5 1 1 1 0 1
/m/0by17xn /film/film/starring./film/performance/actor /m/099d4 1 1 1 1 1 1
/m/029zqn /film/film/starring./film/performance/actor /m/01kgxf 7403 7399 0 0 0 0
/m/02qm_f /film/film/starring./film/performance/actor /m/034np8 5 1 1 1 0 1
/m/01n30p /film/film/starring./film/performance/actor /m/0c3jz 1 1 1 1 1 1
/m/06tpmy /film/film/starring./film/performance/actor /m/03f4xvm 1 1 1 1 1 1
/m/08sfxj /film/film/starring./film/performance/actor /m/0b_dy 9379 9370 0 0 0 0
/m/072x7s /film/film/starring./film/performance/actor /m/018009 2 1 1 1 0 1
/m/05j82v /film/film/starring./film/performance/actor /m/04y9dk 2 1 1 1 0 1
/m/02ryz24 /film/film/starring./film/performance/actor /m/046qq 6664 6656 0 0 0 0
/m/01_mdl /film/film/starring./film/performance/actor /m/04mlmx 4 1 1 1 0 1
/m/017z49 /film/film/starring./film/performance/actor /m/02q3bb 1 1 1 1 1 1
/m/06yykb /film/film/starring./film/performance/actor /m/01vvb4m 6 1 1 1 0 1
/m/07xtqq /film/film/starring./film/performance/actor /m/01rw116 3 1 1 1 0 1
/m/0dfw0 /film/film/starring./film/performance/actor /m/06cl2w 1 1 1 1 1 1
/m/0ptdz /film/film/starring./film/performance/actor /m/02p65p 4448 4436 0 0 0 0
/m/04tc1g /film/film/starring./film/performance/actor /m/02_hj4 2 1 1 1 0 1
/m/049mql /film/film/starring./film/performance/actor /m/01ycbq 5 1 1 1 0 1
/m/0djlxb /film/film/starring./film/performance/actor /m/016h4r 4 1 1 1 0 1
/m/03kx49 /film/film/starring./film/performance/actor /m/08jfkw 2 1 1 1 0 1
/m/037xlx /film/film/starring./film/performance/actor /m/01yk13 2 1 1 1 0 1
/m/05c46y6 /film/film/starring./film/performance/actor /m/0161sp 2 1 1 1 0 1
/m/09y6pb /film/film/starring./film/performance/actor /m/01vh3r 2 1 1 1 0 1
/m/01cssf /film/film/starring./film/performance/actor /m/0432cd 1 1 1 1 1 1
/m/02qcr /film/film/starring./film/performance/actor /m/016zdd 2 1 1 1 0 1
/m/026zlh9 /film/film/starring./film/performance/actor /m/01xsbh 2 1 1 1 0 1
/m/06__m6 /film/film/starring./film/performance/actor /m/044rvb 3 1 1 1 0 1
/m/08vd2q /film/film/starring./film/performance/actor /m/015nhn 1 1 1 1 1 1
/m/07y9w5 /film/film/starring./film/performance/actor /m/023mdt 3 1 1 1 0 1
/m/011ycb /film/film/starring./film/performance/actor /m/02t_vx 2 1 1 1 0 1
/m/02725hs /film/film/starring./film/performance/actor /m/015wnl 6323 6316 0 0 0 0
/m/03s5lz /film/film/starring./film/performance/actor /m/0g2mbn 1 1 1 1 1 1
/m/011ywj /film/film/starring./film/performance/actor /m/01sp81 1 1 1 1 1 1
/m/0ct5zc /film/film/starring./film/performance/actor /m/0f502 8 1 1 1 0 1
/m/020bv3 /film/film/starring./film/performance/actor /m/03v1jf 1 1 1 1 1 1
/m/02t_h3 /film/film/starring./film/performance/actor /m/012x2b 1 1 1 1 1 1
/m/0pk1p /film/film/starring./film/performance/actor /m/0m68w 2 1 1 1 0 1
/m/04jn6y7 /film/film/starring./film/performance/actor /m/07vc_9 4 1 1 1 0 1
/m/03ct7jd /film/film/starring./film/performance/actor /m/02_hj4 3709 3704 0 0 0 0
/m/0cbv4g /film/film/starring./film/performance/actor /m/027n4zv 1 1 1 1 1 1
/m/0hv4t /film/film/starring./film/performance/actor /m/0c12h 3 1 1 1 0 1
/m/0kvgxk /film/film/starring./film/performance/actor /m/015t56 4 1 1 1 0 1
/m/03nfnx /film/film/starring./film/performance/actor /m/01vh3r 4 1 1 1 0 1
/m/011xg5 /film/film/starring./film/performance/actor /m/01r93l 3 1 1 1 0 1
/m/0401sg /film/film/starring./film/performance/actor /m/01sl1q 2 1 1 1 0 1
/m/02847m9 /film/film/starring./film/performance/actor /m/0127s7 1 1 1 1 1 1
/m/08s6mr /film/film/starring./film/performance/actor /m/0p_pd 7 1 1 1 0 1
/m/02mc5v /film/film/starring./film/performance/actor /m/03k48_ 4 1 1 1 0 1
/m/0yxm1 /film/film/starring./film/performance/actor /m/01vvb4m 9 1 1 1 0 1
/m/07kh6f3 /film/film/starring./film/performance/actor /m/02s2ft 8 3 1 1 0 0
/m/0888c3 /film/film/starring./film/performance/actor /m/015pxr 3 1 1 1 0 1
/m/03f7nt /film/film/starring./film/performance/actor /m/07r1h 17 4 0 1 0 0
/m/02r8hh_ /film/film/starring./film/performance/actor /m/01whg97 1 1 1 1 1 1
/m/03h4fq7 /film/film/starring./film/performance/actor /m/02_j7t 1 1 1 1 1 1
/m/06lpmt /film/film/starring./film/performance/actor /m/019pm_ 11846 11840 0 0 0 0
/m/0ds1glg /film/film/starring./film/performance/actor /m/0169dl 14 1 0 1 0 1
/m/09lxv9 /film/film/starring./film/performance/actor /m/0hz_1 4 1 1 1 0 1
/m/04smdd /film/film/starring./film/performance/actor /m/01cpqk 12 6 0 1 0 0
/m/03t95n /film/film/starring./film/performance/actor /m/0bsb4j 2 1 1 1 0 1
/m/011ykb /film/film/starring./film/performance/actor /m/015pvh 4 1 1 1 0 1
/m/02r79_h /film/film/starring./film/performance/actor /m/01ycbq 5 1 1 1 0 1
/m/01flv_ /film/film/starring./film/performance/actor /m/0bxtg 14 1 0 1 0 1
/m/0gmblvq /film/film/starring./film/performance/actor /m/01kb2j 6 1 1 1 0 1
/m/017kct /film/film/starring./film/performance/actor /m/0byfz 3 1 1 1 0 1
/m/01v1ln /film/film/starring./film/performance/actor /m/05y5kf 2 1 1 1 0 1
/m/0btbyn /film/film/starring./film/performance/actor /m/02l6dy 1 1 1 1 1 1
/m/01q2nx /film/film/starring./film/performance/actor /m/015c4g 9 1 1 1 0 1
/m/02fj8n /film/film/starring./film/performance/actor /m/03hhd3 3 1 1 1 0 1
/m/015qqg /film/film/starring./film/performance/actor /m/03k7bd 3 1 1 1 0 1
/m/0b73_1d /film/film/starring./film/performance/actor /m/04m064 11134 11129 0 0 0 0
/m/02z0f6l /film/film/starring./film/performance/actor /m/04205z 3 1 1 1 0 1
/m/01qz5 /film/film/starring./film/performance/actor /m/0884fm 1 1 1 1 1 1
/m/011yth /film/film/starring./film/performance/actor /m/01wb8bs 1 1 1 1 1 1
/m/0sxgv /film/film/starring./film/performance/actor /m/016yzz 2 1 1 1 0 1
/m/011ysn /film/film/starring./film/performance/actor /m/073w14 2 1 1 1 0 1
/m/08r4x3 /film/film/starring./film/performance/actor /m/019pm_ 3 1 1 1 0 1
/m/02qhlwd /film/film/starring./film/performance/actor /m/0171cm 4 1 1 1 0 1
/m/01dc0c /film/film/starring./film/performance/actor /m/04bdpf 1 1 1 1 1 1
/m/0bvn25 /film/film/starring./film/performance/actor /m/03qmj9 1 1 1 1 1 1
/m/09sr0 /film/film/starring./film/performance/actor /m/02tkzn 11806 11804 0 0 0 0
/m/04nnpw /film/film/starring./film/performance/actor /m/02cbs0 1 1 1 1 1 1
/m/0dnqr /film/film/starring./film/performance/actor /m/016j68 2 1 1 1 0 1
/m/047vp1n /film/film/starring./film/performance/actor /m/053y4h 3 1 1 1 0 1
/m/02mmwk /film/film/starring./film/performance/actor /m/0294fd 14360 14357 0 0 0 0
/m/05sxr_ /film/film/starring./film/performance/actor /m/0c3p7 3 1 1 1 0 1
/m/0gfzfj /film/film/starring./film/performance/actor /m/01nd6v 1 1 1 1 1 1
/m/04g73n /film/film/starring./film/performance/actor /m/028d4v 6829 6823 0 0 0 0
/m/02q7fl9 /film/film/starring./film/performance/actor /m/01jrp0 2 1 1 1 0 1
/m/02q7fl9 /film/film/starring./film/performance/actor /m/0159h6 13 5 0 1 0 0
/m/0yxm1 /film/film/starring./film/performance/actor /m/01vtj38 1 1 1 1 1 1
/m/05_5rjx /film/film/starring./film/performance/actor /m/041rhq 1 1 1 1 1 1
/m/084302 /film/film/starring./film/performance/actor /m/0241jw 4 1 1 1 0 1
/m/0419kt /film/film/starring./film/performance/actor /m/01f7dd 2 1 1 1 0 1
/m/0888c3 /film/film/starring./film/performance/actor /m/0pgjm 3 1 1 1 0 1
/m/01gvpz /film/film/starring./film/performance/actor /m/027_sn 2 1 1 1 0 1
/m/05jf85 /film/film/starring./film/performance/actor /m/01cpqk 7 2 1 1 0 0
/m/02ywwy /film/film/starring./film/performance/actor /m/05cj4r 5636 5632 0 0 0 0
/m/085bd1 /film/film/starring./film/performance/actor /m/01l_yg 4 1 1 1 0 1
/m/0crfwmx /film/film/starring./film/performance/actor /m/047c9l 2 1 1 1 0 1
/m/09fqgj /film/film/starring./film/performance/actor /m/06cgy 10 1 1 1 0 1
/m/0c00zd0 /film/film/starring./film/performance/actor /m/02hhtj 1 1 1 1 1 1
/m/0jdgr /film/film/starring./film/performance/actor /m/0lbj1 1 1 1 1 1 1
/m/04jplwp /film/film/starring./film/performance/actor /m/01qq_lp 1 1 1 1 1 1
/m/047csmy /film/film/starring./film/performance/actor /m/03dn9v 1 1 1 1 1 1
/m/0gwlfnb /film/film/starring./film/performance/actor /m/01tsbmv 2 1 1 1 0 1
/m/09p35z /film/film/starring./film/performance/actor /m/05l0j5 1694 1693 0 0 0 0
/m/026wlxw /film/film/starring./film/performance/actor /m/0p_pd 7 1 1 1 0 1
/m/01chpn /film/film/starring./film/performance/actor /m/023mdt 2 1 1 1 0 1
/m/0crd8q6 /film/film/starring./film/performance/actor /m/023zsh 9937 9934 0 0 0 0
/m/04tqtl /film/film/starring./film/performance/actor /m/0jpdn 1 1 1 1 1 1
/m/06x77g /film/film/starring./film/performance/actor /m/035kl6 14304 14303 0 0 0 0
/m/02rrh1w /film/film/starring./film/performance/actor /m/02y_2y 3 1 1 1 0 1
/m/04jpk2 /film/film/starring./film/performance/actor /m/01vwyqp 1 1 1 1 1 1
/m/020bv3 /film/film/starring./film/performance/actor /m/03f1zdw 6 1 1 1 0 1
/m/02mmwk /film/film/starring./film/performance/actor /m/0fthdk 7 2 1 1 0 0
/m/06r2h /film/film/starring./film/performance/actor /m/0m32_ 1 1 1 1 1 1
/m/05qbckf /film/film/starring./film/performance/actor /m/01chc7 5 2 1 1 0 0
/m/0cz_ym /film/film/starring./film/performance/actor /m/0785v8 4 1 1 1 0 1
/m/06_wqk4 /film/film/starring./film/performance/actor /m/0320jz 4 1 1 1 0 1
/m/031t2d /film/film/starring./film/performance/actor /m/01k8rb 1 1 1 1 1 1
/m/033dbw /film/film/starring./film/performance/actor /m/01tcf7 3 1 1 1 0 1
/m/02cbhg /film/film/starring./film/performance/actor /m/01nms7 3 1 1 1 0 1
/m/027r9t /film/film/starring./film/performance/actor /m/01p7yb 1 1 1 1 1 1
/m/072192 /film/film/starring./film/performance/actor /m/019l68 3 1 1 1 0 1
/m/05fm6m /film/film/starring./film/performance/actor /m/03xx9l 1 1 1 1 1 1
/m/0f4k49 /film/film/starring./film/performance/actor /m/01nwwl 4 1 1 1 0 1
/m/062zm5h /film/film/starring./film/performance/actor /m/035rnz 1 1 1 1 1 1
/m/017z49 /film/film/starring./film/performance/actor /m/03s2dj 9964 9962 0 0 0 0
/m/04y5j64 /film/film/starring./film/performance/actor /m/033071 1023 1022 0 0 0 0
/m/02jkkv /film/film/starring./film/performance/actor /m/04bdxl 6 1 1 1 0 1
/m/02r79_h /film/film/starring./film/performance/actor /m/03h_fqv 1 1 1 1 1 1
/m/0f42nz /film/film/starring./film/performance/actor /m/03m2fg 1 1 1 1 1 1
/m/0gt14 /film/film/starring./film/performance/actor /m/0h1q6 1 1 1 1 1 1
/m/07bxqz /film/film/starring./film/performance/actor /m/01csvq 5 1 1 1 0 1
/m/07cyl /film/film/starring./film/performance/actor /m/09nz_c 1 1 1 1 1 1
/m/07w8fz /film/film/starring./film/performance/actor /m/0bsb4j 1 1 1 1 1 1
/m/0640m69 /film/film/starring./film/performance/actor /m/0pz91 2 1 1 1 0 1
/m/07nxvj /film/film/starring./film/performance/actor /m/016khd 2 1 1 1 0 1
/m/047csmy /film/film/starring./film/performance/actor /m/04hxyv 1 1 1 1 1 1
/m/025s1wg /film/film/starring./film/performance/actor /m/01p8r8 1 1 1 1 1 1
/m/0fphf3v /film/film/starring./film/performance/actor /m/01pw2f1 1 1 1 1 1 1
/m/035s95 /film/film/starring./film/performance/actor /m/01twdk 3 1 1 1 0 1
/m/0dl9_4 /film/film/starring./film/performance/actor /m/01xcfy 7487 7480 0 0 0 0
/m/0g0x9c /film/film/starring./film/performance/actor /m/02g0rb 4 1 1 1 0 1
/m/07j94 /film/film/starring./film/performance/actor /m/01_p6t 3 1 1 1 0 1
/m/01dyvs /film/film/starring./film/performance/actor /m/0479b 3 1 1 1 0 1
/m/0234j5 /film/film/starring./film/performance/actor /m/01j5ws 4 1 1 1 0 1
/m/0bq6ntw /film/film/starring./film/performance/actor /m/01kgxf 3 1 1 1 0 1
/m/01k0vq /film/film/starring./film/performance/actor /m/04zn7g 1 1 1 1 1 1
/m/027m5wv /film/film/starring./film/performance/actor /m/0154qm 3 1 1 1 0 1
/m/02754c9 /film/film/starring./film/performance/actor /m/041c4 7191 7181 0 0 0 0
/m/011ycb /film/film/starring./film/performance/actor /m/01phtd 2 1 1 1 0 1
/m/0gl02yg /film/film/starring./film/performance/actor /m/02p59ry 7 7 1 1 0 0
/m/09sr0 /film/film/starring./film/performance/actor /m/01f6zc 9 1 1 1 0 1
/m/01fx4k /film/film/starring./film/performance/actor /m/01wskg 2 1 1 1 0 1
/m/05sw5b /film/film/starring./film/performance/actor /m/012_53 1 1 1 1 1 1
/m/04xbq3 /film/film/starring./film/performance/actor /m/02mqc4 2 1 1 1 0 1
/m/04yc76 /film/film/starring./film/performance/actor /m/0315q3 7 3 1 1 0 0
/m/09cr8 /film/film/starring./film/performance/actor /m/01qscs 6 4 1 1 0 0
/m/01hqk /film/film/starring./film/performance/actor /m/014zcr 19 3 0 1 0 0
/m/0hv27 /film/film/starring./film/performance/actor /m/02gyl0 1 1 1 1 1 1
/m/02cbg0 /film/film/starring./film/performance/actor /m/03q5dr 3 1 1 1 0 1
/m/0272_vz /film/film/starring./film/performance/actor /m/018p4y 1 1 1 1 1 1
/m/02v5_g /film/film/starring./film/performance/actor /m/01pcz9 12301 12301 0 0 0 0
/m/0ds2l81 /film/film/starring./film/performance/actor /m/08k881 1 1 1 1 1 1
/m/01sbv9 /film/film/starring./film/performance/actor /m/0mdqp 16 1 0 1 0 1
/m/0d90m /film/film/starring./film/performance/actor /m/0jbp0 6 1 1 1 0 1
/m/0h21v2 /film/film/starring./film/performance/actor /m/0338g8 1 1 1 1 1 1
/m/05z43v /film/film/starring./film/performance/actor /m/0171cm 4 1 1 1 0 1
/m/04hk0w /film/film/starring./film/performance/actor /m/02f2dn 12017 12006 0 0 0 0
/m/01k60v /film/film/starring./film/performance/actor /m/03_48k 8688 8687 0 0 0 0
/m/042g97 /film/film/starring./film/performance/actor /m/01hmk9 1 1 1 1 1 1
/m/0bshwmp /film/film/starring./film/performance/actor /m/05dbf 6 1 1 1 0 1
/m/04s1zr /film/film/starring./film/performance/actor /m/0154qm 10 1 1 1 0 1
/m/0b6tzs /film/film/starring./film/performance/actor /m/0309lm 1 1 1 1 1 1
/m/03wj4r8 /film/film/starring./film/performance/actor /m/01hmb_ 3 1 1 1 0 1
/m/0k0rf /film/film/starring./film/performance/actor /m/044qx 4 1 1 1 0 1
/m/07ghv5 /film/film/starring./film/performance/actor /m/01rddlc 3 1 1 1 0 1
/m/06yykb /film/film/starring./film/performance/actor /m/03_x5t 3 1 1 1 0 1
/m/07bxqz /film/film/starring./film/performance/actor /m/081lh 9 1 1 1 0 1
/m/0kbwb /film/film/starring./film/performance/actor /m/0253b6 3 1 1 1 0 1
/m/034qbx /film/film/starring./film/performance/actor /m/02jm0n 1 1 1 1 1 1
/m/05v38p /film/film/starring./film/performance/actor /m/01kj0p 6 1 1 1 0 1
/m/0bj25 /film/film/starring./film/performance/actor /m/019l3m 2 1 1 1 0 1
/m/012s1d /film/film/starring./film/performance/actor /m/0716t2 3 1 1 1 0 1
/m/016017 /film/film/starring./film/performance/actor /m/02clgg 12352 12350 0 0 0 0
/m/03y0pn /film/film/starring./film/performance/actor /m/01tsbmv 1 1 1 1 1 1
/m/08r4x3 /film/film/starring./film/performance/actor /m/073x6y 1 1 1 1 1 1
/m/0bvn25 /film/film/starring./film/performance/actor /m/01pjr7 3 1 1 1 0 1
/m/05dss7 /film/film/starring./film/performance/actor /m/0bksh 8 1 1 1 0 1
/m/03177r /film/film/starring./film/performance/actor /m/015rkw 7 2 1 1 0 0
/m/0bc1yhb /film/film/starring./film/performance/actor /m/0184jc 5 1 1 1 0 1
/m/05pdd86 /film/film/starring./film/performance/actor /m/02zfdp 2 1 1 1 0 1
/m/04zyhx /film/film/starring./film/performance/actor /m/05typm 2 1 1 1 0 1
/m/0dtzkt /film/film/starring./film/performance/actor /m/02_t2t 1 1 1 1 1 1
/m/09qycb /film/film/starring./film/performance/actor /m/08jfkw 2 1 1 1 0 1
/m/03qcfvw /film/film/starring./film/performance/actor /m/0456xp 1 1 1 1 1 1
/m/0dgst_d /film/film/starring./film/performance/actor /m/03mp9s 2 1 1 1 0 1
/m/051zy_b /film/film/starring./film/performance/actor /m/01rzqj 3 1 1 1 0 1
/m/08s6mr /film/film/starring./film/performance/actor /m/01f7dd 6 1 1 1 0 1
/m/03q0r1 /film/film/starring./film/performance/actor /m/0d6d2 6 1 1 1 0 1
/m/026q3s3 /film/film/starring./film/performance/actor /m/02v92l 1 1 1 1 1 1
/m/020fcn /film/film/starring./film/performance/actor /m/01v9l67 4 1 1 1 0 1
/m/0g9lm2 /film/film/starring./film/performance/actor /m/01pkhw 1 1 1 1 1 1
/m/0888c3 /film/film/starring./film/performance/actor /m/01x72k 2 1 1 1 0 1
/m/059rc /film/film/starring./film/performance/actor /m/0170s4 5 1 1 1 0 1
/m/04q827 /film/film/starring./film/performance/actor /m/0c35b1 2 1 1 1 0 1
/m/0127ps /film/film/starring./film/performance/actor /m/046zh 1 1 1 1 1 1
/m/04gv3db /film/film/starring./film/performance/actor /m/01rcmg 1 1 1 1 1 1
/m/0dd6bf /film/film/starring./film/performance/actor /m/04f62k 1 1 1 1 1 1
/m/03bzyn4 /film/film/starring./film/performance/actor /m/015c2f 2 1 1 1 0 1
/m/01xbxn /film/film/starring./film/performance/actor /m/06cgy 1987 1972 0 0 0 0
/m/0gldyz /film/film/starring./film/performance/actor /m/06t74h 3130 3127 0 0 0 0
/m/0dr89x /film/film/starring./film/performance/actor /m/0h0wc 10 1 1 1 0 1
/m/047csmy /film/film/starring./film/performance/actor /m/057_yx 2 1 1 1 0 1
/m/0gwf191 /film/film/starring./film/performance/actor /m/01xg_w 1 1 1 1 1 1
/m/03cffvv /film/film/starring./film/performance/actor /m/0jmj 1 1 1 1 1 1
/m/0gtv7pk /film/film/starring./film/performance/actor /m/01sl1q 2 1 1 1 0 1
/m/0h1fktn /film/film/starring./film/performance/actor /m/0806vbn 1 1 1 1 1 1
/m/03kxj2 /film/film/starring./film/performance/actor /m/015c2f 3 1 1 1 0 1
/m/05z7c /film/film/starring./film/performance/actor /m/034q3l 2 1 1 1 0 1
/m/0ptxj /film/film/starring./film/performance/actor /m/01hbq0 1 1 1 1 1 1
/m/01k0vq /film/film/starring./film/performance/actor /m/01x_d8 2 1 1 1 0 1
/m/0prrm /film/film/starring./film/performance/actor /m/04tnqn 1 1 1 1 1 1
/m/016z7s /film/film/starring./film/performance/actor /m/01vh3r 3 1 1 1 0 1
/m/014knw /film/film/starring./film/performance/actor /m/09p06 1 1 1 1 1 1
/m/01wb95 /film/film/starring./film/performance/actor /m/0k525 4284 4279 0 0 0 0
/m/0gtsx8c /film/film/starring./film/performance/actor /m/073749 4 1 1 1 0 1
/m/0dc7hc /film/film/starring./film/performance/actor /m/03k545 2 1 1 1 0 1
/m/011ywj /film/film/starring./film/performance/actor /m/015rkw 2 1 1 1 0 1
/m/016z9n /film/film/starring./film/performance/actor /m/01vyv9 1 1 1 1 1 1
/m/04k9y6 /film/film/starring./film/performance/actor /m/02lhm2 6 1 1 1 0 1
/m/04k9y6 /film/film/starring./film/performance/actor /m/01r93l 13652 13641 0 0 0 0
/m/0dtfn /film/film/starring./film/performance/actor /m/0c0k1 5 1 1 1 0 1
/m/07p12s /film/film/starring./film/performance/actor /m/027bs_2 2 1 1 1 0 1
/m/09gq0x5 /film/film/starring./film/performance/actor /m/0kszw 12 4 0 1 0 0
/m/03qcfvw /film/film/starring./film/performance/actor /m/05zbm4 14192 14184 0 0 0 0
/m/0340hj /film/film/starring./film/performance/actor /m/079vf 4 1 1 1 0 1
/m/049xgc /film/film/starring./film/performance/actor /m/021vwt 747 745 0 0 0 0
/m/0642xf3 /film/film/starring./film/performance/actor /m/018p4y 5 1 1 1 0 1
/m/08k40m /film/film/starring./film/performance/actor /m/0143wl 3 1 1 1 0 1
/m/035bcl /film/film/starring./film/performance/actor /m/022411 3 1 1 1 0 1
/m/06wbm8q /film/film/starring./film/performance/actor /m/01r93l 7 1 1 1 0 1
/m/05zpghd /film/film/starring./film/performance/actor /m/0fby2t 7 1 1 1 0 1
/m/0dd6bf /film/film/starring./film/performance/actor /m/03cz4j 1 1 1 1 1 1
/m/0170th /film/film/starring./film/performance/actor /m/0170s4 4 1 1 1 0 1
/m/06lpmt /film/film/starring./film/performance/actor /m/01jfrg 3 1 1 1 0 1
/m/0ds1glg /film/film/starring./film/performance/actor /m/02114t 6 1 1 1 0 1
/m/0bh8yn3 /film/film/starring./film/performance/actor /m/02jt1k 2 1 1 1 0 1
/m/08720 /film/film/starring./film/performance/actor /m/02zyy4 2 1 1 1 0 1
/m/09bw4_ /film/film/starring./film/performance/actor /m/07swvb 7524 7516 0 0 0 0
/m/02qr3k8 /film/film/starring./film/performance/actor /m/0bl2g 10 1 1 1 0 1
/m/03bzyn4 /film/film/starring./film/performance/actor /m/02ktrs 2 1 1 1 0 1
/m/0dnw1 /film/film/starring./film/performance/actor /m/0dqcm 5 1 1 1 0 1
/m/02qk3fk /film/film/starring./film/performance/actor /m/01f9mq 1 1 1 1 1 1
/m/01b195 /film/film/starring./film/performance/actor /m/02tv80 3 1 1 1 0 1
/m/06nr2h /film/film/starring./film/performance/actor /m/02l4pj 3 1 1 1 0 1
/m/074rg9 /film/film/starring./film/performance/actor /m/016ks_ 3 1 1 1 0 1
/m/02qydsh /film/film/starring./film/performance/actor /m/07m77x 4 1 1 1 0 1
/m/05sy_5 /film/film/starring./film/performance/actor /m/026r8q 4 1 1 1 0 1
/m/01vfqh /film/film/starring./film/performance/actor /m/01swck 2 1 1 1 0 1
/m/025s1wg /film/film/starring./film/performance/actor /m/0gs6vr 1 1 1 1 1 1
/m/035s95 /film/film/starring./film/performance/actor /m/01g257 4 1 1 1 0 1
/m/06fcqw /film/film/starring./film/performance/actor /m/01r4bps 1 1 1 1 1 1
/m/0c40vxk /film/film/starring./film/performance/actor /m/0k269 10 1 1 1 0 1
/m/05t0_2v /film/film/starring./film/performance/actor /m/0408np 2 1 1 1 0 1
/m/06w99h3 /film/film/starring./film/performance/actor /m/02wgln 12440 12435 0 0 0 0
/m/0cc5mcj /film/film/starring./film/performance/actor /m/04x1_w 14146 14144 0 0 0 0
/m/02d44q /film/film/starring./film/performance/actor /m/02d45s 1 1 1 1 1 1
/m/011ycb /film/film/starring./film/performance/actor /m/0170qf 7 1 1 1 0 1
/m/0bbw2z6 /film/film/starring./film/performance/actor /m/01r9c_ 7180 7179 0 0 0 0
/m/01f7jt /film/film/starring./film/performance/actor /m/0hz_1 2 1 1 1 0 1
/m/043h78 /film/film/starring./film/performance/actor /m/02byfd 1 1 1 1 1 1
/m/011ydl /film/film/starring./film/performance/actor /m/024bbl 1 1 1 1 1 1
/m/04kkz8 /film/film/starring./film/performance/actor /m/02r34n 2 1 1 1 0 1
/m/034qzw /film/film/starring./film/performance/actor /m/01nr36 4 1 1 1 0 1
/m/0gnjh /film/film/starring./film/performance/actor /m/0h7dd 2 1 1 1 0 1
/m/01jc6q /film/film/starring./film/performance/actor /m/0g476 1 1 1 1 1 1
/m/03bx2lk /film/film/starring./film/performance/actor /m/04x1_w 2 1 1 1 0 1
/m/02ht1k /film/film/starring./film/performance/actor /m/02qx69 4 1 1 1 0 1
/m/04h4c9 /film/film/starring./film/performance/actor /m/0chw_ 5 1 1 1 0 1
/m/07nt8p /film/film/starring./film/performance/actor /m/0320jz 5 1 1 1 0 1
/m/0p9tm /film/film/starring./film/performance/actor /m/02l3_5 3 1 1 1 0 1
/m/02_nsc /film/film/starring./film/performance/actor /m/07r1h 10 1 1 1 0 1
/m/02qd04y /film/film/starring./film/performance/actor /m/0451j 1 1 1 1 1 1
/m/0n08r /film/film/starring./film/performance/actor /m/0flw6 11932 11924 0 0 0 0
/m/09lxv9 /film/film/starring./film/performance/actor /m/018p4y 5 1 1 1 0 1
/m/09w6br /film/film/starring./film/performance/actor /m/0bxtg 7 1 1 1 0 1
/m/0b6tzs /film/film/starring./film/performance/actor /m/04vcdj 1 1 1 1 1 1
/m/0bpbhm /film/film/starring./film/performance/actor /m/01kb2j 5 1 1 1 0 1
/m/04vh83 /film/film/starring./film/performance/actor /m/016ggh 13768 13763 0 0 0 0
/m/014lc_ /film/film/starring./film/performance/actor /m/07nznf 2 1 1 1 0 1
/m/02d49z /film/film/starring./film/performance/actor /m/09h4b5 1 1 1 1 1 1
/m/02qpt1w /film/film/starring./film/performance/actor /m/01713c 3 1 1 1 0 1
/m/0ds2n /film/film/starring./film/performance/actor /m/02ts3h 6 4 1 1 0 0
/m/027j9wd /film/film/starring./film/performance/actor /m/04yj5z 1 1 1 1 1 1
/m/01c22t /film/film/starring./film/performance/actor /m/01337_ 2 1 1 1 0 1
/m/0sxns /film/film/starring./film/performance/actor /m/0gnbw 9 2 1 1 0 0
/m/02f6g5 /film/film/starring./film/performance/actor /m/01fyzy 7 1 1 1 0 1
/m/011yth /film/film/starring./film/performance/actor /m/05nzw6 2 1 1 1 0 1
/m/0gx1bnj /film/film/starring./film/performance/actor /m/05lb87 1 1 1 1 1 1
/m/03m4mj /film/film/starring./film/performance/actor /m/029m83 3 1 1 1 0 1
/m/0cq806 /film/film/starring./film/performance/actor /m/05kh_ 3 1 1 1 0 1
/m/0gcpc /film/film/starring./film/performance/actor /m/0hnkp 1 1 1 1 1 1
/m/08lr6s /film/film/starring./film/performance/actor /m/01rnpy 2 1 1 1 0 1
/m/02ph9tm /film/film/starring./film/performance/actor /m/024jwt 1 1 1 1 1 1
/m/0dc7hc /film/film/starring./film/performance/actor /m/041c4 11556 11544 0 0 0 0
/m/01p3ty /film/film/starring./film/performance/actor /m/0ddfph 1 1 1 1 1 1
/m/015bpl /film/film/starring./film/performance/actor /m/01_rh4 3 1 1 1 0 1
/m/07phbc /film/film/starring./film/performance/actor /m/0p_47 2 1 1 1 0 1
/m/07pd_j /film/film/starring./film/performance/actor /m/06mmb 1 1 1 1 1 1
/m/01z452 /film/film/starring./film/performance/actor /m/0bksh 5 1 1 1 0 1
/m/04x4nv /film/film/starring./film/performance/actor /m/04bdlg 2 1 1 1 0 1
/m/04x4nv /film/film/starring./film/performance/actor /m/073w14 2 1 1 1 0 1
/m/0ds35l9 /film/film/starring./film/performance/actor /m/02k21g 1 1 1 1 1 1
/m/0m63c /film/film/starring./film/performance/actor /m/0f6_x 2 1 1 1 0 1
/m/034qzw /film/film/starring./film/performance/actor /m/01hcj2 2 1 1 1 0 1
/m/04zyhx /film/film/starring./film/performance/actor /m/0320jz 5 1 1 1 0 1
/m/06c0ns /film/film/starring./film/performance/actor /m/01g969 1 1 1 1 1 1
/m/0dgst_d /film/film/starring./film/performance/actor /m/0prjs 4 1 1 1 0 1
/m/0jvt9 /film/film/starring./film/performance/actor /m/043gj 2 1 1 1 0 1
/m/0ds33 /film/film/starring./film/performance/actor /m/01wbg84 4 1 1 1 0 1
/m/0ds33 /film/film/starring./film/performance/actor /m/06t74h 3 1 1 1 0 1
/m/07bwr /film/film/starring./film/performance/actor /m/0428bc 9148 9145 0 0 0 0
/m/07kh6f3 /film/film/starring./film/performance/actor /m/0blq0z 2 1 1 1 0 1
/m/033pf1 /film/film/starring./film/performance/actor /m/01fx2g 2 1 1 1 0 1
/m/0fzm0g /film/film/starring./film/performance/actor /m/01vh3r 3 1 1 1 0 1
/m/0h3xztt /film/film/starring./film/performance/actor /m/0l6px 3 1 1 1 0 1
/m/02c7k4 /film/film/starring./film/performance/actor /m/048lv 6 1 1 1 0 1
/m/06_sc3 /film/film/starring./film/performance/actor /m/06l9n8 3 2 1 1 0 0
/m/02p76f9 /film/film/starring./film/performance/actor /m/07r1h 5 1 1 1 0 1
/m/0f42nz /film/film/starring./film/performance/actor /m/01zp33 1 1 1 1 1 1
/m/07ghv5 /film/film/starring./film/performance/actor /m/02t1dv 2119 2115 0 0 0 0
/m/0jdgr /film/film/starring./film/performance/actor /m/050zr4 11649 11646 0 0 0 0
/m/034r25 /film/film/starring./film/performance/actor /m/0g8st4 3 1 1 1 0 1
/m/09p4w8 /film/film/starring./film/performance/actor /m/01rzqj 5 2 1 1 0 0
/m/063_j5 /film/film/starring./film/performance/actor /m/0d_84 1 1 1 1 1 1
/m/05sxzwc /film/film/starring./film/performance/actor /m/045c66 3 1 1 1 0 1
/m/07tlfx /film/film/starring./film/performance/actor /m/0blq0z 4614 4609 0 0 0 0
/m/0661m4p /film/film/starring./film/performance/actor /m/03q43g 1 1 1 1 1 1
/m/0661m4p /film/film/starring./film/performance/actor /m/0cw67g 1 1 1 1 1 1
/m/04y9mm8 /film/film/starring./film/performance/actor /m/02jr26 2 1 1 1 0 1
/m/03hxsv /film/film/starring./film/performance/actor /m/065jlv 3 1 1 1 0 1
/m/0g54xkt /film/film/starring./film/performance/actor /m/0309lm 1 1 1 1 1 1
/m/011ywj /film/film/starring./film/performance/actor /m/016gr2 2 1 1 1 0 1
/m/0ckrnn /film/film/starring./film/performance/actor /m/0h1m9 2 1 1 1 0 1
/m/01p3ty /film/film/starring./film/performance/actor /m/0292l3 2 1 1 1 0 1
/m/0m_mm /film/film/starring./film/performance/actor /m/015dcj 1 1 1 1 1 1
/m/0407yj_ /film/film/starring./film/performance/actor /m/01h8f 3 1 1 1 0 1
/m/015gm8 /film/film/starring./film/performance/actor /m/015gy7 3 1 1 1 0 1
/m/01719t /film/film/starring./film/performance/actor /m/036qs_ 1 1 1 1 1 1
/m/01719t /film/film/starring./film/performance/actor /m/03swmf 1 1 1 1 1 1
/m/04ydr95 /film/film/starring./film/performance/actor /m/01f6zc 9 1 1 1 0 1
/m/07s846j /film/film/starring./film/performance/actor /m/057176 1 1 1 1 1 1
/m/0gwgn1k /film/film/starring./film/performance/actor /m/01vwllw 3 1 1 1 0 1
/m/04q827 /film/film/starring./film/performance/actor /m/0bwh6 12 7 0 1 0 0
/m/042g97 /film/film/starring./film/performance/actor /m/04mlmx 1 1 1 1 1 1
/m/034xyf /film/film/starring./film/performance/actor /m/0kftt 3 1 1 1 0 1
/m/01zfzb /film/film/starring./film/performance/actor /m/02js6_ 12547 12543 0 0 0 0
/m/0fpgp26 /film/film/starring./film/performance/actor /m/07sgfvl 2 1 1 1 0 1
/m/02d003 /film/film/starring./film/performance/actor /m/03v1jf 1 1 1 1 1 1
/m/02d003 /film/film/starring./film/performance/actor /m/09fb5 10 1 1 1 0 1
/m/043tvp3 /film/film/starring./film/performance/actor /m/02184q 1 1 1 1 1 1
/m/01hq1 /film/film/starring./film/performance/actor /m/0gx_p 3 1 1 1 0 1
/m/02w86hz /film/film/starring./film/performance/actor /m/081hvm 1 1 1 1 1 1
/m/0291ck /film/film/starring./film/performance/actor /m/027l0b 1 1 1 1 1 1
/m/01633c /film/film/starring./film/performance/actor /m/05cl2w 1 1 1 1 1 1
/m/06q8qh /film/film/starring./film/performance/actor /m/02k21g 2 1 1 1 0 1
/m/01vfqh /film/film/starring./film/performance/actor /m/04z542 1 1 1 1 1 1
/m/031778 /film/film/starring./film/performance/actor /m/09y20 5 1 1 1 0 1
/m/01c22t /film/film/starring./film/performance/actor /m/085q5 3 1 1 1 0 1
/m/0bpm4yw /film/film/starring./film/performance/actor /m/02vntj 3 1 1 1 0 1
/m/0jym0 /film/film/starring./film/performance/actor /m/0b_4z 1 1 1 1 1 1
/m/017jd9 /film/film/starring./film/performance/actor /m/02ck7w 1 1 1 1 1 1
/m/012s1d /film/film/starring./film/performance/actor /m/044rvb 2 1 1 1 0 1
/m/05pxnmb /film/film/starring./film/performance/actor /m/0341n5 2 1 1 1 0 1
/m/06rhz7 /film/film/starring./film/performance/actor /m/02cpb7 3 1 1 1 0 1
/m/0p_rk /film/film/starring./film/performance/actor /m/0jvtp 4 1 1 1 0 1
/m/0g54xkt /film/film/starring./film/performance/actor /m/0dvmd 10 2 1 1 0 0
/m/04xx9s /film/film/starring./film/performance/actor /m/06lvlf 6 1 1 1 0 1
/m/03m8y5 /film/film/starring./film/performance/actor /m/0sw6g 3 1 1 1 0 1
/m/047qxs /film/film/starring./film/performance/actor /m/01pkhw 3 1 1 1 0 1
/m/05sw5b /film/film/starring./film/performance/actor /m/02g5h5 2 1 1 1 0 1
/m/032zq6 /film/film/starring./film/performance/actor /m/0dzf_ 1739 1732 0 0 0 0
/m/0g5qs2k /film/film/starring./film/performance/actor /m/02yxwd 3 1 1 1 0 1
/m/0b_5d /film/film/starring./film/performance/actor /m/040z9 1 1 1 1 1 1
/m/09cxm4 /film/film/starring./film/performance/actor /m/0p_pd 8368 8357 0 0 0 0
/m/06rmdr /film/film/starring./film/performance/actor /m/039g82 1 1 1 1 1 1
/m/04xg2f /film/film/starring./film/performance/actor /m/07fq1y 4 1 1 1 0 1
/m/02_06s /film/film/starring./film/performance/actor /m/04bdzg 2 1 1 1 0 1
/m/021pqy /film/film/starring./film/performance/actor /m/0tj9 2 1 1 1 0 1
/m/05nlx4 /film/film/starring./film/performance/actor /m/01tsbmv 6 2 1 1 0 0
/m/02z9hqn /film/film/starring./film/performance/actor /m/03cz9_ 1 1 1 1 1 1
/m/0fpkhkz /film/film/starring./film/performance/actor /m/015wnl 2 1 1 1 0 1
/m/03tn80 /film/film/starring./film/performance/actor /m/03fnyk 2 1 1 1 0 1
/m/0ndwt2w /film/film/starring./film/performance/actor /m/03ym1 8 1 1 1 0 1
/m/017n9 /film/film/starring./film/performance/actor /m/01xv77 4 1 1 1 0 1
/m/0n04r /film/film/starring./film/performance/actor /m/0l786 4 1 1 1 0 1
/m/0c0zq /film/film/starring./film/performance/actor /m/058frd 1 1 1 1 1 1
/m/016z43 /film/film/starring./film/performance/actor /m/03z509 1 1 1 1 1 1
/m/0b6m5fy /film/film/starring./film/performance/actor /m/04hpck 1 1 1 1 1 1
/m/05pdh86 /film/film/starring./film/performance/actor /m/062dn7 1 1 1 1 1 1
/m/03l6q0 /film/film/starring./film/performance/actor /m/0126y2 2 1 1 1 0 1
/m/0gzlb9 /film/film/starring./film/performance/actor /m/01pqy_ 1 1 1 1 1 1
/m/06rzwx /film/film/starring./film/performance/actor /m/015lhm 1 1 1 1 1 1
/m/0b73_1d /film/film/starring./film/performance/actor /m/03n_7k 4127 4122 0 0 0 0
/m/0jyb4 /film/film/starring./film/performance/actor /m/015wfg 13254 13251 0 0 0 0
/m/0m2kd /film/film/starring./film/performance/actor /m/0mdyn 1 1 1 1 1 1
/m/03mh94 /film/film/starring./film/performance/actor /m/046lt 2 1 1 1 0 1
/m/0d1qmz /film/film/starring./film/performance/actor /m/06mr6 11 1 0 1 0 1
/m/04x4vj /film/film/starring./film/performance/actor /m/02661h 3 1 1 1 0 1
/m/0dl6fv /film/film/starring./film/performance/actor /m/01tzm9 1 1 1 1 1 1
/m/011ysn /film/film/starring./film/performance/actor /m/0170s4 6 1 1 1 0 1
/m/011ysn /film/film/starring./film/performance/actor /m/01cj6y 14506 14500 0 0 0 0
/m/0h1v19 /film/film/starring./film/performance/actor /m/01d5vk 1 1 1 1 1 1
/m/080lkt7 /film/film/starring./film/performance/actor /m/09r9dp 9848 9844 0 0 0 0
/m/03k8th /film/film/starring./film/performance/actor /m/02jtjz 2 1 1 1 0 1
/m/011ywj /film/film/starring./film/performance/actor /m/02tr7d 1 1 1 1 1 1
/m/011ywj /film/film/starring./film/performance/actor /m/05cj4r 1 1 1 1 1 1
/m/09sr0 /film/film/starring./film/performance/actor /m/0127m7 6 1 1 1 0 1
/m/016z9n /film/film/starring./film/performance/actor /m/02ct_k 4 3 1 1 0 0
/m/047vp1n /film/film/starring./film/performance/actor /m/01wbg84 8114 8108 0 0 0 0
/m/01cycq /film/film/starring./film/performance/actor /m/01mylz 4 1 1 1 0 1
/m/02ljhg /film/film/starring./film/performance/actor /m/02p7_k 3736 3734 0 0 0 0
/m/02ljhg /film/film/starring./film/performance/actor /m/0341n5 2 1 1 1 0 1
/m/0cz_ym /film/film/starring./film/performance/actor /m/05mc99 1 1 1 1 1 1
/m/05_5rjx /film/film/starring./film/performance/actor /m/05dbyt 13325 13323 0 0 0 0
/m/0gx9rvq /film/film/starring./film/performance/actor /m/06lht1 14187 14184 0 0 0 0
/m/0gbfn9 /film/film/starring./film/performance/actor /m/0fsm8c 3 1 1 1 0 1
/m/01bn3l /film/film/starring./film/performance/actor /m/01nm3s 5 1 1 1 0 1
/m/03nx8mj /film/film/starring./film/performance/actor /m/0dzf_ 5 1 1 1 0 1
/m/01shy7 /film/film/starring./film/performance/actor /m/01q7cb_ 1 1 1 1 1 1
/m/062zm5h /film/film/starring./film/performance/actor /m/01pcql 287 286 0 0 0 0
/m/02jkkv /film/film/starring./film/performance/actor /m/095b70 1 1 1 1 1 1
/m/02d003 /film/film/starring./film/performance/actor /m/016vg8 5 1 1 1 0 1
/m/02x3lt7 /film/film/starring./film/performance/actor /m/05xpms 1 1 1 1 1 1
/m/02ppg1r /film/film/starring./film/performance/actor /m/01jmv8 3 1 1 1 0 1
/m/0372j5 /film/film/starring./film/performance/actor /m/05gml8 1 1 1 1 1 1
/m/02jxrw /film/film/starring./film/performance/actor /m/0170pk 11 1 0 1 0 1
/m/0jnwx /film/film/starring./film/performance/actor /m/02_p5w 1 1 1 1 1 1
/m/0dgq_kn /film/film/starring./film/performance/actor /m/04shbh 3 1 1 1 0 1
/m/0ptx_ /film/film/starring./film/performance/actor /m/0bj9k 5 1 1 1 0 1
/m/03ynwqj /film/film/starring./film/performance/actor /m/06pcz0 144 143 0 0 0 0
/m/0h7t36 /film/film/starring./film/performance/actor /m/02qgqt 15 5 0 1 0 0
/m/025ts_z /film/film/starring./film/performance/actor /m/02g5h5 2 1 1 1 0 1
/m/04x4vj /film/film/starring./film/performance/actor /m/01yk13 3 1 1 1 0 1
/m/0k2sk /film/film/starring./film/performance/actor /m/06b4wb 2 1 1 1 0 1
/m/048htn /film/film/starring./film/performance/actor /m/01438g 5 1 1 1 0 1
/m/02v63m /film/film/starring./film/performance/actor /m/02tqkf 1 1 1 1 1 1
/m/056xkh /film/film/starring./film/performance/actor /m/0gz5hs 2 1 1 1 0 1
/m/03cmsqb /film/film/starring./film/performance/actor /m/06b3g4 10598 10596 0 0 0 0
/m/02lk60 /film/film/starring./film/performance/actor /m/0bksh 11 2 0 1 0 0
/m/05sxr_ /film/film/starring./film/performance/actor /m/042z_g 3 1 1 1 0 1
/m/011x_4 /film/film/starring./film/performance/actor /m/01pjr7 1 1 1 1 1 1
/m/0cd2vh9 /film/film/starring./film/performance/actor /m/05mlqj 1 1 1 1 1 1
/m/023p7l /film/film/starring./film/performance/actor /m/01wy5m 6 1 1 1 0 1
/m/0gg5kmg /film/film/starring./film/performance/actor /m/016yzz 1 1 1 1 1 1
/m/0ds5_72 /film/film/starring./film/performance/actor /m/06q5t7 1 1 1 1 1 1
/m/09qycb /film/film/starring./film/performance/actor /m/034q3l 11178 11175 0 0 0 0
/m/01qb559 /film/film/starring./film/performance/actor /m/06b3g4 2 1 1 1 0 1
/m/0283_zv /film/film/starring./film/performance/actor /m/0l786 2 1 1 1 0 1
/m/0p9rz /film/film/starring./film/performance/actor /m/02lq10 3 1 1 1 0 1
/m/0c57yj /film/film/starring./film/performance/actor /m/08pth9 1 1 1 1 1 1
/m/02rrfzf /film/film/starring./film/performance/actor /m/02661h 1 1 1 1 1 1
/m/031786 /film/film/starring./film/performance/actor /m/06ltr 3 1 1 1 0 1
/m/03bdkd /film/film/starring./film/performance/actor /m/039xcr 1 1 1 1 1 1
/m/0gj96ln /film/film/starring./film/performance/actor /m/03xb2w 4 1 1 1 0 1
/m/047svrl /film/film/starring./film/performance/actor /m/02qfhb 8 4 1 1 0 0
/m/05zlld0 /film/film/starring./film/performance/actor /m/01swck 4 1 1 1 0 1
/m/0ds2n /film/film/starring./film/performance/actor /m/01y_px 3 1 1 1 0 1
/m/025s1wg /film/film/starring./film/performance/actor /m/02661h 1 1 1 1 1 1
/m/0436yk /film/film/starring./film/performance/actor /m/0dt645q 1 1 1 1 1 1
/m/02pg45 /film/film/starring./film/performance/actor /m/01vs_v8 4 1 1 1 0 1
/m/0k4p0 /film/film/starring./film/performance/actor /m/0bl2g 3 1 1 1 0 1
/m/08mg_b /film/film/starring./film/performance/actor /m/0410cp 1 1 1 1 1 1
/m/015qqg /film/film/starring./film/performance/actor /m/0h0wc 7883 7869 0 0 0 0
/m/02b6n9 /film/film/starring./film/performance/actor /m/02p65p 16 5 0 1 0 0
/m/02gpkt /film/film/starring./film/performance/actor /m/04zn7g 1 1 1 1 1 1
/m/03kx49 /film/film/starring./film/performance/actor /m/01vy_v8 7 1 1 1 0 1
/m/055td_ /film/film/starring./film/performance/actor /m/02rf1y 2 1 1 1 0 1
/m/0b6l1st /film/film/starring./film/performance/actor /m/05qg6g 6 3 1 1 0 0
/m/0jwmp /film/film/starring./film/performance/actor /m/06cgy 1856 1841 0 0 0 0
/m/01jzyf /film/film/starring./film/performance/actor /m/02114t 6 1 1 1 0 1
/m/0h63q6t /film/film/starring./film/performance/actor /m/01pnn3 3 1 1 1 0 1
/m/0f4vx /film/film/starring./film/performance/actor /m/07vc_9 4 1 1 1 0 1
/m/01pvxl /film/film/starring./film/performance/actor /m/04cl1 1 1 1 1 1 1
/m/0crd8q6 /film/film/starring./film/performance/actor /m/09yrh 6 2 1 1 0 0
/m/048htn /film/film/starring./film/performance/actor /m/01skmp 1 1 1 1 1 1
/m/011ycb /film/film/starring./film/performance/actor /m/06z8gn 4508 4507 0 0 0 0
/m/0qmd5 /film/film/starring./film/performance/actor /m/016ggh 5 1 1 1 0 1
/m/03hxsv /film/film/starring./film/performance/actor /m/06ltr 6 1 1 1 0 1
