/m/0gg7gsl /film/film_festival_event/films /m/0ds6bmk 1 1 1 1 1 1
/m/05ys0ws /film/film_festival_event/films /m/02h22 1 1 1 1 1 1
/m/03wf1p2 /film/film_festival_event/films /m/049l7 1 1 1 1 1 1
/m/0fpkxfd /film/film_festival_event/films /m/0fpmrm3 2 1 1 1 0 1
/m/0g57ws5 /film/film_festival_event/films /m/0crh5_f 1 1 1 1 1 1
/m/09rwjly /film/film_festival_event/films /m/0b76t12 1 1 1 1 1 1
/m/0j63cyr /film/film_festival_event/films /m/0gh65c5 1 1 1 1 1 1
/m/04_m9gk /film/film_festival_event/films /m/02vz6dn 1 1 1 1 1 1
/m/0fpkxfd /film/film_festival_event/films /m/0ddfwj1 2 1 1 1 0 1
/m/04grdgy /film/film_festival_event/films /m/02q8ms8 1 1 1 1 1 1
/m/03wf1p2 /film/film_festival_event/films /m/0h3y 1 1 1 1 1 1
/m/0cmd3zy /film/film_festival_event/films /m/05q7874 1 1 1 1 1 1
/m/059_y8d /film/film_festival_event/films /m/01fx6y 1 1 1 1 1 1
/m/05ys0xf /film/film_festival_event/films /m/0d6b7 10090 10089 0 0 0 0
/m/0gg7gsl /film/film_festival_event/films /m/0gh6j94 1 1 1 1 1 1
/m/0bx_f_t /film/film_festival_event/films /m/09qycb 1 1 1 1 1 1
/m/0bmj62v /film/film_festival_event/films /m/05zwrg0 1 1 1 1 1 1
/m/0g57ws5 /film/film_festival_event/films /m/0bh8x1y 1 1 1 1 1 1
/m/04_m9gk /film/film_festival_event/films /m/0bs5k8r 1 1 1 1 1 1
/m/0kfhjq0 /film/film_festival_event/films /m/05p1tzf 1 1 1 1 1 1
/m/05ys0xf /film/film_festival_event/films /m/0yx_w 1 1 1 1 1 1
/m/09rwjly /film/film_festival_event/films /m/09tqkv2 1 1 1 1 1 1
/m/0gg7gsl /film/film_festival_event/films /m/0fpmrm3 1 1 1 1 1 1
/m/0j63cyr /film/film_festival_event/films /m/0h2zvzr 1 1 1 1 1 1
/m/0j63cyr /film/film_festival_event/films /m/0gydcp7 1 1 1 1 1 1
/m/0cmd3zy /film/film_festival_event/films /m/0b76t12 2 1 1 1 0 1
/m/059_y8d /film/film_festival_event/films /m/0462hhb 3 1 1 1 0 1
/m/03wf1p2 /film/film_festival_event/films /m/01f85k 1 1 1 1 1 1
