/m/0ch6mp2 /film/film_job/films_with_this_crew_job./film/film_crew_gig/film /m/034qmv 8 1 1 1 0 1
/m/0ch6mp2 /film/film_job/films_with_this_crew_job./film/film_crew_gig/film /m/0bs5f0b 2 1 1 1 0 1
/m/0ch6mp2 /film/film_job/films_with_this_crew_job./film/film_crew_gig/film /m/02tjl3 2 1 1 1 0 1
/m/02rh1dz /film/film_job/films_with_this_crew_job./film/film_crew_gig/film /m/02pxmgz 1 1 1 1 1 1
/m/09zzb8 /film/film_job/films_with_this_crew_job./film/film_crew_gig/film /m/0k4fz 1 1 1 1 1 1
/m/09zzb8 /film/film_job/films_with_this_crew_job./film/film_crew_gig/film /m/03twd6 3 1 1 1 0 1
/m/09zzb8 /film/film_job/films_with_this_crew_job./film/film_crew_gig/film /m/09q5w2 4 1 1 1 0 1
/m/0dxtw /film/film_job/films_with_this_crew_job./film/film_crew_gig/film /m/02v_r7d 4 1 1 1 0 1
/m/015h31 /film/film_job/films_with_this_crew_job./film/film_crew_gig/film /m/0241y7 9057 9052 0 0 0 0
/m/09vw2b7 /film/film_job/films_with_this_crew_job./film/film_crew_gig/film /m/06kl78 3 1 1 1 0 1
/m/09vw2b7 /film/film_job/films_with_this_crew_job./film/film_crew_gig/film /m/0dmn0x 3 1 1 1 0 1
/m/09vw2b7 /film/film_job/films_with_this_crew_job./film/film_crew_gig/film /m/0ddj0x 2 1 1 1 0 1
/m/09vw2b7 /film/film_job/films_with_this_crew_job./film/film_crew_gig/film /m/0c57yj 3 1 1 1 0 1
/m/09vw2b7 /film/film_job/films_with_this_crew_job./film/film_crew_gig/film /m/026wlxw 7 1 1 1 0 1
/m/02r96rf /film/film_job/films_with_this_crew_job./film/film_crew_gig/film /m/0gj96ln 2 1 1 1 0 1
/m/02r96rf /film/film_job/films_with_this_crew_job./film/film_crew_gig/film /m/0dll_t2 6 2 1 1 0 0
/m/01pvkk /film/film_job/films_with_this_crew_job./film/film_crew_gig/film /m/0419kt 1 1 1 1 1 1
/m/02vxfw_ /film/film_job/films_with_this_crew_job./film/film_crew_gig/film /m/040_lv 1 1 1 1 1 1
/m/02vxfw_ /film/film_job/films_with_this_crew_job./film/film_crew_gig/film /m/06zn2v2 1 1 1 1 1 1
/m/02vxfw_ /film/film_job/films_with_this_crew_job./film/film_crew_gig/film /m/02x2jl_ 1 1 1 1 1 1
/m/02vxfw_ /film/film_job/films_with_this_crew_job./film/film_crew_gig/film /m/047gpsd 5 1 1 1 0 1
/m/0ckd1 /film/film_job/films_with_this_crew_job./film/film_crew_gig/film /m/05mrf_p 6 1 1 1 0 1
/m/0d2b38 /film/film_job/films_with_this_crew_job./film/film_crew_gig/film /m/08phg9 6 1 1 1 0 1
/m/0ch6mp2 /film/film_job/films_with_this_crew_job./film/film_crew_gig/film /m/07kh6f3 5 1 1 1 0 1
/m/0ch6mp2 /film/film_job/films_with_this_crew_job./film/film_crew_gig/film /m/0435vm 5 1 1 1 0 1
/m/0ch6mp2 /film/film_job/films_with_this_crew_job./film/film_crew_gig/film /m/0ds11z 4 1 1 1 0 1
/m/04pyp5 /film/film_job/films_with_this_crew_job./film/film_crew_gig/film /m/08gg47 5 1 1 1 0 1
/m/09zzb8 /film/film_job/films_with_this_crew_job./film/film_crew_gig/film /m/01ln5z 3 1 1 1 0 1
/m/09zzb8 /film/film_job/films_with_this_crew_job./film/film_crew_gig/film /m/09gdh6k 2 1 1 1 0 1
/m/0dxtw /film/film_job/films_with_this_crew_job./film/film_crew_gig/film /m/044g_k 4 1 1 1 0 1
/m/015h31 /film/film_job/films_with_this_crew_job./film/film_crew_gig/film /m/0243cq 4 1 1 1 0 1
/m/09vw2b7 /film/film_job/films_with_this_crew_job./film/film_crew_gig/film /m/0c34mt 7 2 1 1 0 0
/m/09vw2b7 /film/film_job/films_with_this_crew_job./film/film_crew_gig/film /m/047n8xt 5 2 1 1 0 0
/m/09vw2b7 /film/film_job/films_with_this_crew_job./film/film_crew_gig/film /m/05zlld0 3 1 1 1 0 1
/m/09vw2b7 /film/film_job/films_with_this_crew_job./film/film_crew_gig/film /m/063fh9 4 1 1 1 0 1
/m/02r96rf /film/film_job/films_with_this_crew_job./film/film_crew_gig/film /m/0fb7sd 3 1 1 1 0 1
/m/02r96rf /film/film_job/films_with_this_crew_job./film/film_crew_gig/film /m/0fr63l 3 1 1 1 0 1
/m/02r96rf /film/film_job/films_with_this_crew_job./film/film_crew_gig/film /m/0b6tzs 3 1 1 1 0 1
/m/02r96rf /film/film_job/films_with_this_crew_job./film/film_crew_gig/film /m/03t95n 7 1 1 1 0 1
/m/02r96rf /film/film_job/films_with_this_crew_job./film/film_crew_gig/film /m/0992d9 3 1 1 1 0 1
/m/02r96rf /film/film_job/films_with_this_crew_job./film/film_crew_gig/film /m/02v63m 4 1 1 1 0 1
/m/02vxfw_ /film/film_job/films_with_this_crew_job./film/film_crew_gig/film /m/077q8x 1 1 1 1 1 1
/m/02vxfw_ /film/film_job/films_with_this_crew_job./film/film_crew_gig/film /m/0g57wgv 1 1 1 1 1 1
/m/02vxfw_ /film/film_job/films_with_this_crew_job./film/film_crew_gig/film /m/0bm2nq 2 1 1 1 0 1
/m/01vx2h /film/film_job/films_with_this_crew_job./film/film_crew_gig/film /m/0dc7hc 7 4 1 1 0 0
/m/089fss /film/film_job/films_with_this_crew_job./film/film_crew_gig/film /m/02d44q 3 1 1 1 0 1
/m/02_n3z /film/film_job/films_with_this_crew_job./film/film_crew_gig/film /m/05f4_n0 9 1 1 1 0 1
/m/0ch6mp2 /film/film_job/films_with_this_crew_job./film/film_crew_gig/film /m/021y7yw 1 1 1 1 1 1
/m/0ch6mp2 /film/film_job/films_with_this_crew_job./film/film_crew_gig/film /m/011yn5 4 1 1 1 0 1
/m/0ch6mp2 /film/film_job/films_with_this_crew_job./film/film_crew_gig/film /m/0n6ds 2 1 1 1 0 1
/m/0ch6mp2 /film/film_job/films_with_this_crew_job./film/film_crew_gig/film /m/0dl9_4 1 1 1 1 1 1
/m/0ch6mp2 /film/film_job/films_with_this_crew_job./film/film_crew_gig/film /m/0b73_1d 4 1 1 1 0 1
/m/0ch6mp2 /film/film_job/films_with_this_crew_job./film/film_crew_gig/film /m/04x4vj 4 1 1 1 0 1
/m/04pyp5 /film/film_job/films_with_this_crew_job./film/film_crew_gig/film /m/04jplwp 10 1 1 1 0 1
/m/09zzb8 /film/film_job/films_with_this_crew_job./film/film_crew_gig/film /m/0260bz 3 1 1 1 0 1
/m/09zzb8 /film/film_job/films_with_this_crew_job./film/film_crew_gig/film /m/0h95zbp 5 1 1 1 0 1
/m/09zzb8 /film/film_job/films_with_this_crew_job./film/film_crew_gig/film /m/05sxzwc 5 1 1 1 0 1
/m/09zzb8 /film/film_job/films_with_this_crew_job./film/film_crew_gig/film /m/0c3zjn7 3 1 1 1 0 1
/m/0dxtw /film/film_job/films_with_this_crew_job./film/film_crew_gig/film /m/0p9lw 5 1 1 1 0 1
/m/0dxtw /film/film_job/films_with_this_crew_job./film/film_crew_gig/film /m/047wh1 13 2 0 1 0 0
/m/09vw2b7 /film/film_job/films_with_this_crew_job./film/film_crew_gig/film /m/02fqrf 7 1 1 1 0 1
/m/09vw2b7 /film/film_job/films_with_this_crew_job./film/film_crew_gig/film /m/09tcg4 4 1 1 1 0 1
/m/01xy5l_ /film/film_job/films_with_this_crew_job./film/film_crew_gig/film /m/09gmmt6 1 1 1 1 1 1
/m/02r96rf /film/film_job/films_with_this_crew_job./film/film_crew_gig/film /m/02vxq9m 1 1 1 1 1 1
/m/02r96rf /film/film_job/films_with_this_crew_job./film/film_crew_gig/film /m/03sxd2 4 1 1 1 0 1
/m/02r96rf /film/film_job/films_with_this_crew_job./film/film_crew_gig/film /m/01qdmh 4 1 1 1 0 1
/m/02r96rf /film/film_job/films_with_this_crew_job./film/film_crew_gig/film /m/02d44q 6 2 1 1 0 0
/m/02r96rf /film/film_job/films_with_this_crew_job./film/film_crew_gig/film /m/095zlp 4 1 1 1 0 1
/m/089g0h /film/film_job/films_with_this_crew_job./film/film_crew_gig/film /m/033f8n 6 1 1 1 0 1
/m/089g0h /film/film_job/films_with_this_crew_job./film/film_crew_gig/film /m/076tq0z 6 1 1 1 0 1
/m/02vxfw_ /film/film_job/films_with_this_crew_job./film/film_crew_gig/film /m/0gydcp7 1 1 1 1 1 1
/m/01vx2h /film/film_job/films_with_this_crew_job./film/film_crew_gig/film /m/04grkmd 9 2 1 1 0 0
/m/0d2b38 /film/film_job/films_with_this_crew_job./film/film_crew_gig/film /m/07kh6f3 3 1 1 1 0 1
/m/0ch6mp2 /film/film_job/films_with_this_crew_job./film/film_crew_gig/film /m/01s7w3 6 1 1 1 0 1
/m/0ch6mp2 /film/film_job/films_with_this_crew_job./film/film_crew_gig/film /m/02dpl9 4 1 1 1 0 1
/m/0ch6mp2 /film/film_job/films_with_this_crew_job./film/film_crew_gig/film /m/09d3b7 1 1 1 1 1 1
/m/0ch6mp2 /film/film_job/films_with_this_crew_job./film/film_crew_gig/film /m/0404j37 5 1 1 1 0 1
/m/0ch6mp2 /film/film_job/films_with_this_crew_job./film/film_crew_gig/film /m/056xkh 2 1 1 1 0 1
/m/09zzb8 /film/film_job/films_with_this_crew_job./film/film_crew_gig/film /m/06v9_x 2 1 1 1 0 1
/m/09zzb8 /film/film_job/films_with_this_crew_job./film/film_crew_gig/film /m/013q07 3 1 1 1 0 1
/m/09zzb8 /film/film_job/films_with_this_crew_job./film/film_crew_gig/film /m/06sfk6 6 1 1 1 0 1
/m/0dxtw /film/film_job/films_with_this_crew_job./film/film_crew_gig/film /m/028_yv 7 5 1 1 0 0
/m/0dxtw /film/film_job/films_with_this_crew_job./film/film_crew_gig/film /m/048yqf 5 1 1 1 0 1
/m/09vw2b7 /film/film_job/films_with_this_crew_job./film/film_crew_gig/film /m/05n6sq 3 1 1 1 0 1
/m/09vw2b7 /film/film_job/films_with_this_crew_job./film/film_crew_gig/film /m/01f6x7 3 1 1 1 0 1
/m/09vw2b7 /film/film_job/films_with_this_crew_job./film/film_crew_gig/film /m/0gx9rvq 2 1 1 1 0 1
/m/09vw2b7 /film/film_job/films_with_this_crew_job./film/film_crew_gig/film /m/048htn 4 1 1 1 0 1
/m/02r96rf /film/film_job/films_with_this_crew_job./film/film_crew_gig/film /m/0661ql3 4 1 1 1 0 1
/m/02r96rf /film/film_job/films_with_this_crew_job./film/film_crew_gig/film /m/02w9k1c 7 1 1 1 0 1
/m/02r96rf /film/film_job/films_with_this_crew_job./film/film_crew_gig/film /m/02bqvs 3 1 1 1 0 1
/m/02r96rf /film/film_job/films_with_this_crew_job./film/film_crew_gig/film /m/0642ykh 7 1 1 1 0 1
/m/02r96rf /film/film_job/films_with_this_crew_job./film/film_crew_gig/film /m/01br2w 2 1 1 1 0 1
/m/02r96rf /film/film_job/films_with_this_crew_job./film/film_crew_gig/film /m/023g6w 4 1 1 1 0 1
/m/01pvkk /film/film_job/films_with_this_crew_job./film/film_crew_gig/film /m/02vp1f_ 2 1 1 1 0 1
/m/089g0h /film/film_job/films_with_this_crew_job./film/film_crew_gig/film /m/08s6mr 6 1 1 1 0 1
/m/02vxfw_ /film/film_job/films_with_this_crew_job./film/film_crew_gig/film /m/01hqk 7 1 1 1 0 1
/m/02vxfw_ /film/film_job/films_with_this_crew_job./film/film_crew_gig/film /m/02cbhg 1 1 1 1 1 1
/m/02vxfw_ /film/film_job/films_with_this_crew_job./film/film_crew_gig/film /m/011yn5 10 1 1 1 0 1
/m/02vxfw_ /film/film_job/films_with_this_crew_job./film/film_crew_gig/film /m/05zwrg0 1 1 1 1 1 1
/m/0215hd /film/film_job/films_with_this_crew_job./film/film_crew_gig/film /m/053rxgm 3 1 1 1 0 1
/m/01vx2h /film/film_job/films_with_this_crew_job./film/film_crew_gig/film /m/01jft4 1 1 1 1 1 1
/m/01vx2h /film/film_job/films_with_this_crew_job./film/film_crew_gig/film /m/047wh1 1 1 1 1 1 1
/m/01vx2h /film/film_job/films_with_this_crew_job./film/film_crew_gig/film /m/04gv3db 2 1 1 1 0 1
/m/01vx2h /film/film_job/films_with_this_crew_job./film/film_crew_gig/film /m/0n_hp 1 1 1 1 1 1
/m/01vx2h /film/film_job/films_with_this_crew_job./film/film_crew_gig/film /m/07_fj54 1 1 1 1 1 1
/m/02ynfr /film/film_job/films_with_this_crew_job./film/film_crew_gig/film /m/02vz6dn 2 1 1 1 0 1
/m/02ynfr /film/film_job/films_with_this_crew_job./film/film_crew_gig/film /m/0bbw2z6 2 1 1 1 0 1
/m/02_n3z /film/film_job/films_with_this_crew_job./film/film_crew_gig/film /m/0bs5k8r 4 1 1 1 0 1
/m/0d2b38 /film/film_job/films_with_this_crew_job./film/film_crew_gig/film /m/075wx7_ 4 1 1 1 0 1
/m/06qc5 /film/film_job/films_with_this_crew_job./film/film_crew_gig/film /m/0gl02yg 2 1 1 1 0 1
/m/0ch6mp2 /film/film_job/films_with_this_crew_job./film/film_crew_gig/film /m/06lpmt 2 1 1 1 0 1
/m/0ch6mp2 /film/film_job/films_with_this_crew_job./film/film_crew_gig/film /m/05q54f5 2 1 1 1 0 1
/m/0ch6mp2 /film/film_job/films_with_this_crew_job./film/film_crew_gig/film /m/02fttd 2 1 1 1 0 1
/m/09zzb8 /film/film_job/films_with_this_crew_job./film/film_crew_gig/film /m/03nm_fh 6 1 1 1 0 1
/m/0dxtw /film/film_job/films_with_this_crew_job./film/film_crew_gig/film /m/03vfr_ 5 1 1 1 0 1
/m/015h31 /film/film_job/films_with_this_crew_job./film/film_crew_gig/film /m/0435vm 7 1 1 1 0 1
/m/09vw2b7 /film/film_job/films_with_this_crew_job./film/film_crew_gig/film /m/02vxq9m 3 1 1 1 0 1
/m/09vw2b7 /film/film_job/films_with_this_crew_job./film/film_crew_gig/film /m/01j5ql 2 1 1 1 0 1
/m/01xy5l_ /film/film_job/films_with_this_crew_job./film/film_crew_gig/film /m/09p5mwg 12 8 0 1 0 0
/m/02r96rf /film/film_job/films_with_this_crew_job./film/film_crew_gig/film /m/043n0v_ 1 1 1 1 1 1
/m/02r96rf /film/film_job/films_with_this_crew_job./film/film_crew_gig/film /m/05ft32 5 2 1 1 0 0
/m/02r96rf /film/film_job/films_with_this_crew_job./film/film_crew_gig/film /m/0ndsl1x 1 1 1 1 1 1
/m/02r96rf /film/film_job/films_with_this_crew_job./film/film_crew_gig/film /m/0gkz15s 2 1 1 1 0 1
/m/02r96rf /film/film_job/films_with_this_crew_job./film/film_crew_gig/film /m/08hmch 3 1 1 1 0 1
/m/01pvkk /film/film_job/films_with_this_crew_job./film/film_crew_gig/film /m/0cpllql 1 1 1 1 1 1
/m/02vxfw_ /film/film_job/films_with_this_crew_job./film/film_crew_gig/film /m/02qm_f 2 1 1 1 0 1
/m/02_n3z /film/film_job/films_with_this_crew_job./film/film_crew_gig/film /m/04h4c9 6 1 1 1 0 1
/m/0d2b38 /film/film_job/films_with_this_crew_job./film/film_crew_gig/film /m/076xkps 6 1 1 1 0 1
/m/0ch6mp2 /film/film_job/films_with_this_crew_job./film/film_crew_gig/film /m/02pw_n 2 1 1 1 0 1
/m/0ch6mp2 /film/film_job/films_with_this_crew_job./film/film_crew_gig/film /m/01k60v 1 1 1 1 1 1
/m/0ch6mp2 /film/film_job/films_with_this_crew_job./film/film_crew_gig/film /m/01l2b3 2 1 1 1 0 1
/m/0ch6mp2 /film/film_job/films_with_this_crew_job./film/film_crew_gig/film /m/0bt3j9 1 1 1 1 1 1
/m/0ch6mp2 /film/film_job/films_with_this_crew_job./film/film_crew_gig/film /m/0640y35 5 1 1 1 0 1
/m/04pyp5 /film/film_job/films_with_this_crew_job./film/film_crew_gig/film /m/0164qt 6 1 1 1 0 1
/m/09zzb8 /film/film_job/films_with_this_crew_job./film/film_crew_gig/film /m/0fy34l 3 1 1 1 0 1
/m/09zzb8 /film/film_job/films_with_this_crew_job./film/film_crew_gig/film /m/043t8t 4 1 1 1 0 1
/m/09zzb8 /film/film_job/films_with_this_crew_job./film/film_crew_gig/film /m/09zf_q 3 1 1 1 0 1
/m/09zzb8 /film/film_job/films_with_this_crew_job./film/film_crew_gig/film /m/047vnkj 7 1 1 1 0 1
/m/09zzb8 /film/film_job/films_with_this_crew_job./film/film_crew_gig/film /m/0bl3nn 4 1 1 1 0 1
/m/09zzb8 /film/film_job/films_with_this_crew_job./film/film_crew_gig/film /m/012s1d 4 1 1 1 0 1
/m/09zzb8 /film/film_job/films_with_this_crew_job./film/film_crew_gig/film /m/01gwk3 7 1 1 1 0 1
/m/09zzb8 /film/film_job/films_with_this_crew_job./film/film_crew_gig/film /m/0ct2tf5 14 1 0 1 0 1
/m/09zzb8 /film/film_job/films_with_this_crew_job./film/film_crew_gig/film /m/01dvbd 2 1 1 1 0 1
/m/0dxtw /film/film_job/films_with_this_crew_job./film/film_crew_gig/film /m/025rxjq 6 1 1 1 0 1
/m/0dxtw /film/film_job/films_with_this_crew_job./film/film_crew_gig/film /m/02tgz4 8 3 1 1 0 0
/m/0dxtw /film/film_job/films_with_this_crew_job./film/film_crew_gig/film /m/08sk8l 7 1 1 1 0 1
/m/09vw2b7 /film/film_job/films_with_this_crew_job./film/film_crew_gig/film /m/03cyslc 5 3 1 1 0 0
/m/09vw2b7 /film/film_job/films_with_this_crew_job./film/film_crew_gig/film /m/03cd0x 1 1 1 1 1 1
/m/09vw2b7 /film/film_job/films_with_this_crew_job./film/film_crew_gig/film /m/033dbw 2 1 1 1 0 1
/m/02r96rf /film/film_job/films_with_this_crew_job./film/film_crew_gig/film /m/0g56t9t 1 1 1 1 1 1
/m/02r96rf /film/film_job/films_with_this_crew_job./film/film_crew_gig/film /m/08g_jw 2 1 1 1 0 1
/m/02vxfw_ /film/film_job/films_with_this_crew_job./film/film_crew_gig/film /m/0ddf2bm 5 1 1 1 0 1
/m/02vxfw_ /film/film_job/films_with_this_crew_job./film/film_crew_gig/film /m/01w8g3 2 1 1 1 0 1
/m/02vxfw_ /film/film_job/films_with_this_crew_job./film/film_crew_gig/film /m/0j8f09z 4 1 1 1 0 1
/m/02vxfw_ /film/film_job/films_with_this_crew_job./film/film_crew_gig/film /m/03mz5b 1 1 1 1 1 1
/m/02vxfw_ /film/film_job/films_with_this_crew_job./film/film_crew_gig/film /m/056xkh 1 1 1 1 1 1
/m/0n1h /film/film_job/films_with_this_crew_job./film/film_crew_gig/film /m/07f_t4 10 1 1 1 0 1
/m/01vx2h /film/film_job/films_with_this_crew_job./film/film_crew_gig/film /m/04hk0w 1 1 1 1 1 1
/m/01vx2h /film/film_job/films_with_this_crew_job./film/film_crew_gig/film /m/0241y7 8 4 1 1 0 0
/m/02ynfr /film/film_job/films_with_this_crew_job./film/film_crew_gig/film /m/02qhlwd 3 1 1 1 0 1
/m/0263ycg /film/film_job/films_with_this_crew_job./film/film_crew_gig/film /m/04180vy 315 308 0 0 0 0
/m/0ch6mp2 /film/film_job/films_with_this_crew_job./film/film_crew_gig/film /m/03cvvlg 3 1 1 1 0 1
/m/0ch6mp2 /film/film_job/films_with_this_crew_job./film/film_crew_gig/film /m/05hjnw 3 1 1 1 0 1
/m/0ch6mp2 /film/film_job/films_with_this_crew_job./film/film_crew_gig/film /m/0ptdz 3 1 1 1 0 1
/m/0ch6mp2 /film/film_job/films_with_this_crew_job./film/film_crew_gig/film /m/0292qb 13 1 0 1 0 1
/m/0ch6mp2 /film/film_job/films_with_this_crew_job./film/film_crew_gig/film /m/03t79f 2 1 1 1 0 1
/m/02rh1dz /film/film_job/films_with_this_crew_job./film/film_crew_gig/film /m/060__7 1 1 1 1 1 1
/m/09zzb8 /film/film_job/films_with_this_crew_job./film/film_crew_gig/film /m/02_1sj 3 1 1 1 0 1
/m/09zzb8 /film/film_job/films_with_this_crew_job./film/film_crew_gig/film /m/02jxrw 2 1 1 1 0 1
/m/09zzb8 /film/film_job/films_with_this_crew_job./film/film_crew_gig/film /m/09p4w8 1 1 1 1 1 1
/m/0dxtw /film/film_job/films_with_this_crew_job./film/film_crew_gig/film /m/0b6l1st 3 1 1 1 0 1
/m/0dxtw /film/film_job/films_with_this_crew_job./film/film_crew_gig/film /m/01d259 6 3 1 1 0 0
/m/0dxtw /film/film_job/films_with_this_crew_job./film/film_crew_gig/film /m/0c3zjn7 5 1 1 1 0 1
/m/0dxtw /film/film_job/films_with_this_crew_job./film/film_crew_gig/film /m/0g54xkt 2 1 1 1 0 1
/m/015h31 /film/film_job/films_with_this_crew_job./film/film_crew_gig/film /m/08c6k9 1426 1418 0 0 0 0
/m/09vw2b7 /film/film_job/films_with_this_crew_job./film/film_crew_gig/film /m/091z_p 6 3 1 1 0 0
/m/09vw2b7 /film/film_job/films_with_this_crew_job./film/film_crew_gig/film /m/0bscw 4 1 1 1 0 1
/m/09vw2b7 /film/film_job/films_with_this_crew_job./film/film_crew_gig/film /m/02jxrw 3 1 1 1 0 1
/m/09vw2b7 /film/film_job/films_with_this_crew_job./film/film_crew_gig/film /m/01xvjb 3 1 1 1 0 1
/m/09vw2b7 /film/film_job/films_with_this_crew_job./film/film_crew_gig/film /m/034qmv 5 1 1 1 0 1
/m/02r96rf /film/film_job/films_with_this_crew_job./film/film_crew_gig/film /m/04nl83 6 2 1 1 0 0
/m/02r96rf /film/film_job/films_with_this_crew_job./film/film_crew_gig/film /m/047p7fr 7 1 1 1 0 1
/m/02r96rf /film/film_job/films_with_this_crew_job./film/film_crew_gig/film /m/09tqkv2 2 1 1 1 0 1
/m/02r96rf /film/film_job/films_with_this_crew_job./film/film_crew_gig/film /m/04y9mm8 5 1 1 1 0 1
/m/01pvkk /film/film_job/films_with_this_crew_job./film/film_crew_gig/film /m/076tw54 2 1 1 1 0 1
/m/01pvkk /film/film_job/films_with_this_crew_job./film/film_crew_gig/film /m/01fx6y 1 1 1 1 1 1
/m/01pvkk /film/film_job/films_with_this_crew_job./film/film_crew_gig/film /m/04pk1f 3 1 1 1 0 1
/m/01pvkk /film/film_job/films_with_this_crew_job./film/film_crew_gig/film /m/04lqvlr 3 1 1 1 0 1
/m/02vxfw_ /film/film_job/films_with_this_crew_job./film/film_crew_gig/film /m/08g_jw 1 1 1 1 1 1
/m/02vxfw_ /film/film_job/films_with_this_crew_job./film/film_crew_gig/film /m/09v42sf 2 1 1 1 0 1
/m/02vxfw_ /film/film_job/films_with_this_crew_job./film/film_crew_gig/film /m/04cv9m 1 1 1 1 1 1
/m/02vxfw_ /film/film_job/films_with_this_crew_job./film/film_crew_gig/film /m/0gkz3nz 1 1 1 1 1 1
/m/0215hd /film/film_job/films_with_this_crew_job./film/film_crew_gig/film /m/0462hhb 2 1 1 1 0 1
/m/089fss /film/film_job/films_with_this_crew_job./film/film_crew_gig/film /m/02d003 7 1 1 1 0 1
/m/0ckd1 /film/film_job/films_with_this_crew_job./film/film_crew_gig/film /m/0ct2tf5 15 1 0 1 0 1
/m/02ynfr /film/film_job/films_with_this_crew_job./film/film_crew_gig/film /m/02kfzz 3 1 1 1 0 1
/m/02_n3z /film/film_job/films_with_this_crew_job./film/film_crew_gig/film /m/0b76t12 7 1 1 1 0 1
/m/0ch6mp2 /film/film_job/films_with_this_crew_job./film/film_crew_gig/film /m/027gy0k 4 1 1 1 0 1
/m/0ch6mp2 /film/film_job/films_with_this_crew_job./film/film_crew_gig/film /m/08s6mr 4 1 1 1 0 1
/m/0ch6mp2 /film/film_job/films_with_this_crew_job./film/film_crew_gig/film /m/0bw20 3 1 1 1 0 1
/m/0ch6mp2 /film/film_job/films_with_this_crew_job./film/film_crew_gig/film /m/01vw8k 4 1 1 1 0 1
/m/0ch6mp2 /film/film_job/films_with_this_crew_job./film/film_crew_gig/film /m/03s5lz 1 1 1 1 1 1
/m/09zzb8 /film/film_job/films_with_this_crew_job./film/film_crew_gig/film /m/0340hj 5 1 1 1 0 1
/m/09zzb8 /film/film_job/films_with_this_crew_job./film/film_crew_gig/film /m/02x3lt7 4 1 1 1 0 1
/m/09vw2b7 /film/film_job/films_with_this_crew_job./film/film_crew_gig/film /m/072x7s 4 1 1 1 0 1
/m/09vw2b7 /film/film_job/films_with_this_crew_job./film/film_crew_gig/film /m/02rmd_2 3 1 1 1 0 1
/m/02r96rf /film/film_job/films_with_this_crew_job./film/film_crew_gig/film /m/01l2b3 2 1 1 1 0 1
/m/01pvkk /film/film_job/films_with_this_crew_job./film/film_crew_gig/film /m/048scx 4 1 1 1 0 1
/m/01pvkk /film/film_job/films_with_this_crew_job./film/film_crew_gig/film /m/0d87hc 2 1 1 1 0 1
/m/01pvkk /film/film_job/films_with_this_crew_job./film/film_crew_gig/film /m/08984j 2 1 1 1 0 1
/m/089g0h /film/film_job/films_with_this_crew_job./film/film_crew_gig/film /m/05h43ls 5 1 1 1 0 1
/m/02vxfw_ /film/film_job/films_with_this_crew_job./film/film_crew_gig/film /m/019vhk 6 1 1 1 0 1
/m/02vxfw_ /film/film_job/films_with_this_crew_job./film/film_crew_gig/film /m/07kh6f3 2 1 1 1 0 1
/m/02vxfw_ /film/film_job/films_with_this_crew_job./film/film_crew_gig/film /m/0glqh5_ 1 1 1 1 1 1
/m/02vxfw_ /film/film_job/films_with_this_crew_job./film/film_crew_gig/film /m/046488 1 1 1 1 1 1
/m/02vxfw_ /film/film_job/films_with_this_crew_job./film/film_crew_gig/film /m/03x7hd 1 1 1 1 1 1
/m/0215hd /film/film_job/films_with_this_crew_job./film/film_crew_gig/film /m/0g7pm1 2 1 1 1 0 1
/m/02ynfr /film/film_job/films_with_this_crew_job./film/film_crew_gig/film /m/03lrht 1 1 1 1 1 1
/m/02ynfr /film/film_job/films_with_this_crew_job./film/film_crew_gig/film /m/09q5w2 2 1 1 1 0 1
/m/02ynfr /film/film_job/films_with_this_crew_job./film/film_crew_gig/film /m/01cssf 2 1 1 1 0 1
/m/0ch6mp2 /film/film_job/films_with_this_crew_job./film/film_crew_gig/film /m/0fphgb 3 1 1 1 0 1
/m/0ch6mp2 /film/film_job/films_with_this_crew_job./film/film_crew_gig/film /m/03n3gl 8 2 1 1 0 0
/m/0ch6mp2 /film/film_job/films_with_this_crew_job./film/film_crew_gig/film /m/07s846j 6 1 1 1 0 1
/m/0ch6mp2 /film/film_job/films_with_this_crew_job./film/film_crew_gig/film /m/07g_0c 3 1 1 1 0 1
/m/0ch6mp2 /film/film_job/films_with_this_crew_job./film/film_crew_gig/film /m/05t0_2v 5 1 1 1 0 1
/m/0ch6mp2 /film/film_job/films_with_this_crew_job./film/film_crew_gig/film /m/055td_ 3 1 1 1 0 1
/m/09zzb8 /film/film_job/films_with_this_crew_job./film/film_crew_gig/film /m/03c7twt 4 1 1 1 0 1
/m/09zzb8 /film/film_job/films_with_this_crew_job./film/film_crew_gig/film /m/034qmv 9 1 1 1 0 1
/m/09zzb8 /film/film_job/films_with_this_crew_job./film/film_crew_gig/film /m/0g7pm1 12 1 0 1 0 1
/m/09vw2b7 /film/film_job/films_with_this_crew_job./film/film_crew_gig/film /m/02_1sj 4 1 1 1 0 1
/m/02r96rf /film/film_job/films_with_this_crew_job./film/film_crew_gig/film /m/0gj8nq2 5 1 1 1 0 1
/m/02r96rf /film/film_job/films_with_this_crew_job./film/film_crew_gig/film /m/01cmp9 6 1 1 1 0 1
/m/01pvkk /film/film_job/films_with_this_crew_job./film/film_crew_gig/film /m/0bnzd 2 1 1 1 0 1
/m/01pvkk /film/film_job/films_with_this_crew_job./film/film_crew_gig/film /m/06zn2v2 2 1 1 1 0 1
/m/01pvkk /film/film_job/films_with_this_crew_job./film/film_crew_gig/film /m/0hv81 8 5 1 1 0 0
/m/01pvkk /film/film_job/films_with_this_crew_job./film/film_crew_gig/film /m/0gmd3k7 2 1 1 1 0 1
/m/01pvkk /film/film_job/films_with_this_crew_job./film/film_crew_gig/film /m/01qxc7 3 1 1 1 0 1
/m/089g0h /film/film_job/films_with_this_crew_job./film/film_crew_gig/film /m/093dqjy 3 1 1 1 0 1
/m/02vxfw_ /film/film_job/films_with_this_crew_job./film/film_crew_gig/film /m/09jcj6 1 1 1 1 1 1
/m/02vxfw_ /film/film_job/films_with_this_crew_job./film/film_crew_gig/film /m/046f3p 1 1 1 1 1 1
/m/02vxfw_ /film/film_job/films_with_this_crew_job./film/film_crew_gig/film /m/07jxpf 3 1 1 1 0 1
/m/02vxfw_ /film/film_job/films_with_this_crew_job./film/film_crew_gig/film /m/0284b56 1 1 1 1 1 1
/m/01vx2h /film/film_job/films_with_this_crew_job./film/film_crew_gig/film /m/05h43ls 2 1 1 1 0 1
/m/01vx2h /film/film_job/films_with_this_crew_job./film/film_crew_gig/film /m/05k2xy 1 1 1 1 1 1
/m/01vx2h /film/film_job/films_with_this_crew_job./film/film_crew_gig/film /m/09r94m 10 2 1 1 0 0
/m/02_n3z /film/film_job/films_with_this_crew_job./film/film_crew_gig/film /m/02yvct 9 1 1 1 0 1
/m/0d2b38 /film/film_job/films_with_this_crew_job./film/film_crew_gig/film /m/0ds2n 3 1 1 1 0 1
/m/0ch6mp2 /film/film_job/films_with_this_crew_job./film/film_crew_gig/film /m/03rz2b 2 1 1 1 0 1
/m/0ch6mp2 /film/film_job/films_with_this_crew_job./film/film_crew_gig/film /m/08c6k9 4 1 1 1 0 1
/m/02rh1dz /film/film_job/films_with_this_crew_job./film/film_crew_gig/film /m/0dfw0 1 1 1 1 1 1
/m/09zzb8 /film/film_job/films_with_this_crew_job./film/film_crew_gig/film /m/0p9lw 3 1 1 1 0 1
/m/09zzb8 /film/film_job/films_with_this_crew_job./film/film_crew_gig/film /m/06r2_ 2 1 1 1 0 1
/m/09zzb8 /film/film_job/films_with_this_crew_job./film/film_crew_gig/film /m/048vhl 3 1 1 1 0 1
/m/0dxtw /film/film_job/films_with_this_crew_job./film/film_crew_gig/film /m/03177r 5 1 1 1 0 1
/m/0dxtw /film/film_job/films_with_this_crew_job./film/film_crew_gig/film /m/0f4_2k 8 1 1 1 0 1
/m/09vw2b7 /film/film_job/films_with_this_crew_job./film/film_crew_gig/film /m/05p1qyh 5 1 1 1 0 1
/m/01pvkk /film/film_job/films_with_this_crew_job./film/film_crew_gig/film /m/0j_t1 8 7 1 1 0 0
/m/089g0h /film/film_job/films_with_this_crew_job./film/film_crew_gig/film /m/0g0x9c 6 1 1 1 0 1
/m/02vxfw_ /film/film_job/films_with_this_crew_job./film/film_crew_gig/film /m/0bh8yn3 2 1 1 1 0 1
/m/02vxfw_ /film/film_job/films_with_this_crew_job./film/film_crew_gig/film /m/035yn8 1 1 1 1 1 1
/m/0215hd /film/film_job/films_with_this_crew_job./film/film_crew_gig/film /m/02yvct 14 4 0 1 0 0
/m/02ynfr /film/film_job/films_with_this_crew_job./film/film_crew_gig/film /m/0fh2v5 2 1 1 1 0 1
/m/0ch6mp2 /film/film_job/films_with_this_crew_job./film/film_crew_gig/film /m/048vhl 7 1 1 1 0 1
/m/02rh1dz /film/film_job/films_with_this_crew_job./film/film_crew_gig/film /m/044g_k 10 4 1 1 0 0
/m/09zzb8 /film/film_job/films_with_this_crew_job./film/film_crew_gig/film /m/0kv238 8 1 1 1 0 1
/m/0dxtw /film/film_job/films_with_this_crew_job./film/film_crew_gig/film /m/014_x2 2 1 1 1 0 1
/m/0dxtw /film/film_job/films_with_this_crew_job./film/film_crew_gig/film /m/02q5g1z 5 1 1 1 0 1
/m/0dxtw /film/film_job/films_with_this_crew_job./film/film_crew_gig/film /m/01sxdy 5 1 1 1 0 1
/m/0dxtw /film/film_job/films_with_this_crew_job./film/film_crew_gig/film /m/02b61v 7 1 1 1 0 1
/m/09vw2b7 /film/film_job/films_with_this_crew_job./film/film_crew_gig/film /m/076tw54 4 1 1 1 0 1
/m/01xy5l_ /film/film_job/films_with_this_crew_job./film/film_crew_gig/film /m/051ys82 1 1 1 1 1 1
/m/02r96rf /film/film_job/films_with_this_crew_job./film/film_crew_gig/film /m/0b3n61 3 1 1 1 0 1
/m/02r96rf /film/film_job/films_with_this_crew_job./film/film_crew_gig/film /m/03nsm5x 3 1 1 1 0 1
/m/02r96rf /film/film_job/films_with_this_crew_job./film/film_crew_gig/film /m/02prw4h 3 1 1 1 0 1
/m/02vxfw_ /film/film_job/films_with_this_crew_job./film/film_crew_gig/film /m/07kb7vh 2 1 1 1 0 1
/m/02vxfw_ /film/film_job/films_with_this_crew_job./film/film_crew_gig/film /m/024lff 7 1 1 1 0 1
/m/0215hd /film/film_job/films_with_this_crew_job./film/film_crew_gig/film /m/075wx7_ 2 1 1 1 0 1
/m/0215hd /film/film_job/films_with_this_crew_job./film/film_crew_gig/film /m/0b6l1st 1 1 1 1 1 1
/m/01vx2h /film/film_job/films_with_this_crew_job./film/film_crew_gig/film /m/0640y35 3 1 1 1 0 1
/m/02ynfr /film/film_job/films_with_this_crew_job./film/film_crew_gig/film /m/02vjp3 9 4 1 1 0 0
/m/0ch6mp2 /film/film_job/films_with_this_crew_job./film/film_crew_gig/film /m/01fx6y 2 1 1 1 0 1
/m/0ch6mp2 /film/film_job/films_with_this_crew_job./film/film_crew_gig/film /m/0dfw0 4 1 1 1 0 1
/m/0ch6mp2 /film/film_job/films_with_this_crew_job./film/film_crew_gig/film /m/065z3_x 9 1 1 1 0 1
/m/0ch6mp2 /film/film_job/films_with_this_crew_job./film/film_crew_gig/film /m/02h22 3 1 1 1 0 1
/m/0ch6mp2 /film/film_job/films_with_this_crew_job./film/film_crew_gig/film /m/080lkt7 2 1 1 1 0 1
/m/0ch6mp2 /film/film_job/films_with_this_crew_job./film/film_crew_gig/film /m/0170z3 1 1 1 1 1 1
/m/09zzb8 /film/film_job/films_with_this_crew_job./film/film_crew_gig/film /m/05vxdh 2 1 1 1 0 1
/m/09zzb8 /film/film_job/films_with_this_crew_job./film/film_crew_gig/film /m/048scx 5 1 1 1 0 1
/m/09zzb8 /film/film_job/films_with_this_crew_job./film/film_crew_gig/film /m/01719t 3 1 1 1 0 1
/m/09zzb8 /film/film_job/films_with_this_crew_job./film/film_crew_gig/film /m/0dl9_4 1 1 1 1 1 1
/m/09zzb8 /film/film_job/films_with_this_crew_job./film/film_crew_gig/film /m/02704ff 3 1 1 1 0 1
/m/0dxtw /film/film_job/films_with_this_crew_job./film/film_crew_gig/film /m/09g8vhw 15 6 0 1 0 0
/m/0dxtw /film/film_job/films_with_this_crew_job./film/film_crew_gig/film /m/02725hs 9 1 1 1 0 1
/m/015h31 /film/film_job/films_with_this_crew_job./film/film_crew_gig/film /m/05qbckf 10 1 1 1 0 1
/m/09vw2b7 /film/film_job/films_with_this_crew_job./film/film_crew_gig/film /m/01kff7 7 1 1 1 0 1
/m/09vw2b7 /film/film_job/films_with_this_crew_job./film/film_crew_gig/film /m/0crs0b8 4 1 1 1 0 1
/m/09vw2b7 /film/film_job/films_with_this_crew_job./film/film_crew_gig/film /m/04fzfj 4 1 1 1 0 1
/m/09vw2b7 /film/film_job/films_with_this_crew_job./film/film_crew_gig/film /m/0gtvpkw 3 1 1 1 0 1
/m/09vw2b7 /film/film_job/films_with_this_crew_job./film/film_crew_gig/film /m/057__d 3 1 1 1 0 1
/m/09vw2b7 /film/film_job/films_with_this_crew_job./film/film_crew_gig/film /m/05pdh86 8 1 1 1 0 1
/m/02r96rf /film/film_job/films_with_this_crew_job./film/film_crew_gig/film /m/02ctc6 5 1 1 1 0 1
/m/02r96rf /film/film_job/films_with_this_crew_job./film/film_crew_gig/film /m/04fv5b 3 1 1 1 0 1
/m/02r96rf /film/film_job/films_with_this_crew_job./film/film_crew_gig/film /m/0cp0t91 7 1 1 1 0 1
/m/02vxfw_ /film/film_job/films_with_this_crew_job./film/film_crew_gig/film /m/0ch3qr1 1 1 1 1 1 1
/m/02vxfw_ /film/film_job/films_with_this_crew_job./film/film_crew_gig/film /m/01qxc7 2 1 1 1 0 1
/m/01vx2h /film/film_job/films_with_this_crew_job./film/film_crew_gig/film /m/07kb7vh 1 1 1 1 1 1
/m/01tkqy /film/film_job/films_with_this_crew_job./film/film_crew_gig/film /m/033f8n 1707 1696 0 0 0 0
/m/02ynfr /film/film_job/films_with_this_crew_job./film/film_crew_gig/film /m/0fb7sd 9 3 1 1 0 0
/m/02ynfr /film/film_job/films_with_this_crew_job./film/film_crew_gig/film /m/026f__m 10 4 1 1 0 0
/m/02ynfr /film/film_job/films_with_this_crew_job./film/film_crew_gig/film /m/05q4y12 2 1 1 1 0 1
/m/02ynfr /film/film_job/films_with_this_crew_job./film/film_crew_gig/film /m/047p7fr 5 1 1 1 0 1
/m/0ch6mp2 /film/film_job/films_with_this_crew_job./film/film_crew_gig/film /m/0bmch_x 4 1 1 1 0 1
/m/0ch6mp2 /film/film_job/films_with_this_crew_job./film/film_crew_gig/film /m/06x43v 6 1 1 1 0 1
/m/0ch6mp2 /film/film_job/films_with_this_crew_job./film/film_crew_gig/film /m/07nt8p 3 1 1 1 0 1
/m/0ch6mp2 /film/film_job/films_with_this_crew_job./film/film_crew_gig/film /m/08fn5b 5 1 1 1 0 1
/m/0ch6mp2 /film/film_job/films_with_this_crew_job./film/film_crew_gig/film /m/033qdy 5 1 1 1 0 1
/m/0ch6mp2 /film/film_job/films_with_this_crew_job./film/film_crew_gig/film /m/03z9585 5 1 1 1 0 1
/m/0ch6mp2 /film/film_job/films_with_this_crew_job./film/film_crew_gig/film /m/03459x 4 1 1 1 0 1
/m/02rh1dz /film/film_job/films_with_this_crew_job./film/film_crew_gig/film /m/01y9jr 1 1 1 1 1 1
/m/02rh1dz /film/film_job/films_with_this_crew_job./film/film_crew_gig/film /m/0ds11z 1 1 1 1 1 1
/m/0dxtw /film/film_job/films_with_this_crew_job./film/film_crew_gig/film /m/0bnzd 4 1 1 1 0 1
/m/0dxtw /film/film_job/films_with_this_crew_job./film/film_crew_gig/film /m/0gvvm6l 6 5 1 1 0 0
/m/0dxtw /film/film_job/films_with_this_crew_job./film/film_crew_gig/film /m/0ds5_72 4 2 1 1 0 0
/m/0dxtw /film/film_job/films_with_this_crew_job./film/film_crew_gig/film /m/0m2kd 4 1 1 1 0 1
/m/026sdt1 /film/film_job/films_with_this_crew_job./film/film_crew_gig/film /m/05m_jsg 11 1 0 1 0 1
/m/015h31 /film/film_job/films_with_this_crew_job./film/film_crew_gig/film /m/027s39y 4 1 1 1 0 1
/m/09vw2b7 /film/film_job/films_with_this_crew_job./film/film_crew_gig/film /m/09v71cj 5 2 1 1 0 0
/m/09vw2b7 /film/film_job/films_with_this_crew_job./film/film_crew_gig/film /m/0bt4g 1 1 1 1 1 1
/m/09vw2b7 /film/film_job/films_with_this_crew_job./film/film_crew_gig/film /m/0298n7 4 1 1 1 0 1
/m/09vw2b7 /film/film_job/films_with_this_crew_job./film/film_crew_gig/film /m/0fq27fp 4 1 1 1 0 1
/m/09vw2b7 /film/film_job/films_with_this_crew_job./film/film_crew_gig/film /m/0crc2cp 4 1 1 1 0 1
/m/09vw2b7 /film/film_job/films_with_this_crew_job./film/film_crew_gig/film /m/049mql 3 1 1 1 0 1
/m/02r96rf /film/film_job/films_with_this_crew_job./film/film_crew_gig/film /m/03nfnx 2 1 1 1 0 1
/m/02r96rf /film/film_job/films_with_this_crew_job./film/film_crew_gig/film /m/0ds33 5 1 1 1 0 1
/m/02r96rf /film/film_job/films_with_this_crew_job./film/film_crew_gig/film /m/0dqytn 2 1 1 1 0 1
/m/02r96rf /film/film_job/films_with_this_crew_job./film/film_crew_gig/film /m/03cp4cn 10 1 1 1 0 1
/m/02r96rf /film/film_job/films_with_this_crew_job./film/film_crew_gig/film /m/02z2mr7 4 1 1 1 0 1
/m/02r96rf /film/film_job/films_with_this_crew_job./film/film_crew_gig/film /m/05mrf_p 8 2 1 1 0 0
/m/02r96rf /film/film_job/films_with_this_crew_job./film/film_crew_gig/film /m/0421v9q 4 1 1 1 0 1
/m/02r96rf /film/film_job/films_with_this_crew_job./film/film_crew_gig/film /m/076xkps 9 1 1 1 0 1
/m/01pvkk /film/film_job/films_with_this_crew_job./film/film_crew_gig/film /m/0_7w6 1 1 1 1 1 1
/m/01pvkk /film/film_job/films_with_this_crew_job./film/film_crew_gig/film /m/023g6w 2 1 1 1 0 1
/m/089g0h /film/film_job/films_with_this_crew_job./film/film_crew_gig/film /m/08phg9 10 1 1 1 0 1
/m/02vxfw_ /film/film_job/films_with_this_crew_job./film/film_crew_gig/film /m/092vkg 6 1 1 1 0 1
/m/02vxfw_ /film/film_job/films_with_this_crew_job./film/film_crew_gig/film /m/0n_hp 2 1 1 1 0 1
/m/01vx2h /film/film_job/films_with_this_crew_job./film/film_crew_gig/film /m/014kq6 15 4 0 1 0 0
/m/033smt /film/film_job/films_with_this_crew_job./film/film_crew_gig/film /m/0642xf3 7 1 1 1 0 1
/m/02ynfr /film/film_job/films_with_this_crew_job./film/film_crew_gig/film /m/03lvwp 1 1 1 1 1 1
/m/0d2b38 /film/film_job/films_with_this_crew_job./film/film_crew_gig/film /m/02qydsh 2 1 1 1 0 1
/m/0ch6mp2 /film/film_job/films_with_this_crew_job./film/film_crew_gig/film /m/024mpp 8 1 1 1 0 1
/m/0ch6mp2 /film/film_job/films_with_this_crew_job./film/film_crew_gig/film /m/0gtvrv3 4 1 1 1 0 1
/m/0ch6mp2 /film/film_job/films_with_this_crew_job./film/film_crew_gig/film /m/04grkmd 3 1 1 1 0 1
/m/0ch6mp2 /film/film_job/films_with_this_crew_job./film/film_crew_gig/film /m/01qdmh 2 1 1 1 0 1
/m/09zzb8 /film/film_job/films_with_this_crew_job./film/film_crew_gig/film /m/02pw_n 3 1 1 1 0 1
/m/09zzb8 /film/film_job/films_with_this_crew_job./film/film_crew_gig/film /m/0qm9n 3 1 1 1 0 1
/m/09zzb8 /film/film_job/films_with_this_crew_job./film/film_crew_gig/film /m/03bzyn4 2 1 1 1 0 1
/m/09zzb8 /film/film_job/films_with_this_crew_job./film/film_crew_gig/film /m/014zwb 3 1 1 1 0 1
/m/09zzb8 /film/film_job/films_with_this_crew_job./film/film_crew_gig/film /m/08gsvw 3 1 1 1 0 1
/m/015h31 /film/film_job/films_with_this_crew_job./film/film_crew_gig/film /m/0fs9vc 1472 1469 0 0 0 0
/m/09vw2b7 /film/film_job/films_with_this_crew_job./film/film_crew_gig/film /m/04jpg2p 7 1 1 1 0 1
/m/09vw2b7 /film/film_job/films_with_this_crew_job./film/film_crew_gig/film /m/0170_p 5 3 1 1 0 0
/m/09vw2b7 /film/film_job/films_with_this_crew_job./film/film_crew_gig/film /m/01f7jt 2 1 1 1 0 1
/m/02r96rf /film/film_job/films_with_this_crew_job./film/film_crew_gig/film /m/06znpjr 6 1 1 1 0 1
/m/02r96rf /film/film_job/films_with_this_crew_job./film/film_crew_gig/film /m/034qzw 4 1 1 1 0 1
/m/02r96rf /film/film_job/films_with_this_crew_job./film/film_crew_gig/film /m/0crd8q6 2 1 1 1 0 1
/m/02r96rf /film/film_job/films_with_this_crew_job./film/film_crew_gig/film /m/0mbql 4 1 1 1 0 1
/m/02vxfw_ /film/film_job/films_with_this_crew_job./film/film_crew_gig/film /m/0280061 1 1 1 1 1 1
/m/02vxfw_ /film/film_job/films_with_this_crew_job./film/film_crew_gig/film /m/0170th 4 1 1 1 0 1
/m/02vxfw_ /film/film_job/films_with_this_crew_job./film/film_crew_gig/film /m/04dsnp 2 1 1 1 0 1
/m/0215hd /film/film_job/films_with_this_crew_job./film/film_crew_gig/film /m/09sh8k 2 1 1 1 0 1
/m/01vx2h /film/film_job/films_with_this_crew_job./film/film_crew_gig/film /m/02rmd_2 1 1 1 1 1 1
/m/01vx2h /film/film_job/films_with_this_crew_job./film/film_crew_gig/film /m/0h03fhx 1 1 1 1 1 1
/m/089fss /film/film_job/films_with_this_crew_job./film/film_crew_gig/film /m/03nx8mj 7 1 1 1 0 1
/m/0d2b38 /film/film_job/films_with_this_crew_job./film/film_crew_gig/film /m/016dj8 5 1 1 1 0 1
/m/06qc5 /film/film_job/films_with_this_crew_job./film/film_crew_gig/film /m/05ypj5 2 1 1 1 0 1
/m/0ch6mp2 /film/film_job/films_with_this_crew_job./film/film_crew_gig/film /m/07phbc 2 1 1 1 0 1
/m/0ch6mp2 /film/film_job/films_with_this_crew_job./film/film_crew_gig/film /m/0ddj0x 4 1 1 1 0 1
/m/0ch6mp2 /film/film_job/films_with_this_crew_job./film/film_crew_gig/film /m/05k4my 4 1 1 1 0 1
/m/0ch6mp2 /film/film_job/films_with_this_crew_job./film/film_crew_gig/film /m/012mrr 1 1 1 1 1 1
/m/0ch6mp2 /film/film_job/films_with_this_crew_job./film/film_crew_gig/film /m/0ggbhy7 5 1 1 1 0 1
/m/09zzb8 /film/film_job/films_with_this_crew_job./film/film_crew_gig/film /m/0cq86w 2 1 1 1 0 1
/m/09zzb8 /film/film_job/films_with_this_crew_job./film/film_crew_gig/film /m/0c34mt 3 1 1 1 0 1
/m/09zzb8 /film/film_job/films_with_this_crew_job./film/film_crew_gig/film /m/01b195 2 1 1 1 0 1
/m/09zzb8 /film/film_job/films_with_this_crew_job./film/film_crew_gig/film /m/03hj5lq 2 1 1 1 0 1
/m/09zzb8 /film/film_job/films_with_this_crew_job./film/film_crew_gig/film /m/0gyfp9c 3 1 1 1 0 1
/m/015h31 /film/film_job/films_with_this_crew_job./film/film_crew_gig/film /m/0270k40 10 1 1 1 0 1
/m/09vw2b7 /film/film_job/films_with_this_crew_job./film/film_crew_gig/film /m/016mhd 3 1 1 1 0 1
/m/09vw2b7 /film/film_job/films_with_this_crew_job./film/film_crew_gig/film /m/09q5w2 6 1 1 1 0 1
/m/02r96rf /film/film_job/films_with_this_crew_job./film/film_crew_gig/film /m/01y9jr 4 1 1 1 0 1
/m/02r96rf /film/film_job/films_with_this_crew_job./film/film_crew_gig/film /m/02phtzk 4 1 1 1 0 1
/m/02r96rf /film/film_job/films_with_this_crew_job./film/film_crew_gig/film /m/03z106 6 1 1 1 0 1
/m/01pvkk /film/film_job/films_with_this_crew_job./film/film_crew_gig/film /m/0ds2n 10 2 1 1 0 0
/m/089g0h /film/film_job/films_with_this_crew_job./film/film_crew_gig/film /m/06_x996 11 1 0 1 0 1
/m/02vxfw_ /film/film_job/films_with_this_crew_job./film/film_crew_gig/film /m/02ctc6 2 1 1 1 0 1
/m/02vxfw_ /film/film_job/films_with_this_crew_job./film/film_crew_gig/film /m/072hx4 1 1 1 1 1 1
/m/0215hd /film/film_job/films_with_this_crew_job./film/film_crew_gig/film /m/035bcl 2 1 1 1 0 1
/m/01vx2h /film/film_job/films_with_this_crew_job./film/film_crew_gig/film /m/0443v1 1 1 1 1 1 1
/m/0ch6mp2 /film/film_job/films_with_this_crew_job./film/film_crew_gig/film /m/0418wg 4 1 1 1 0 1
/m/0ch6mp2 /film/film_job/films_with_this_crew_job./film/film_crew_gig/film /m/05n6sq 2 1 1 1 0 1
/m/0ch6mp2 /film/film_job/films_with_this_crew_job./film/film_crew_gig/film /m/0pc62 10 1 1 1 0 1
/m/0ch6mp2 /film/film_job/films_with_this_crew_job./film/film_crew_gig/film /m/02d478 3 1 1 1 0 1
/m/0ch6mp2 /film/film_job/films_with_this_crew_job./film/film_crew_gig/film /m/017n9 3 1 1 1 0 1
/m/0ch6mp2 /film/film_job/films_with_this_crew_job./film/film_crew_gig/film /m/04jplwp 7 1 1 1 0 1
/m/0ch6mp2 /film/film_job/films_with_this_crew_job./film/film_crew_gig/film /m/016z7s 2 1 1 1 0 1
/m/09zzb8 /film/film_job/films_with_this_crew_job./film/film_crew_gig/film /m/027gy0k 5 1 1 1 0 1
/m/09zzb8 /film/film_job/films_with_this_crew_job./film/film_crew_gig/film /m/03cd0x 1 1 1 1 1 1
/m/09zzb8 /film/film_job/films_with_this_crew_job./film/film_crew_gig/film /m/0gj8nq2 7 1 1 1 0 1
/m/09zzb8 /film/film_job/films_with_this_crew_job./film/film_crew_gig/film /m/02vzpb 4 1 1 1 0 1
/m/09zzb8 /film/film_job/films_with_this_crew_job./film/film_crew_gig/film /m/076xkps 8 1 1 1 0 1
/m/09vw2b7 /film/film_job/films_with_this_crew_job./film/film_crew_gig/film /m/0ndsl1x 5 1 1 1 0 1
/m/09vw2b7 /film/film_job/films_with_this_crew_job./film/film_crew_gig/film /m/02vzpb 5 1 1 1 0 1
/m/09vw2b7 /film/film_job/films_with_this_crew_job./film/film_crew_gig/film /m/05q96q6 8 1 1 1 0 1
/m/02r96rf /film/film_job/films_with_this_crew_job./film/film_crew_gig/film /m/09zf_q 3 1 1 1 0 1
/m/02r96rf /film/film_job/films_with_this_crew_job./film/film_crew_gig/film /m/0bt3j9 2 1 1 1 0 1
/m/02r96rf /film/film_job/films_with_this_crew_job./film/film_crew_gig/film /m/09q5w2 7 1 1 1 0 1
/m/01pvkk /film/film_job/films_with_this_crew_job./film/film_crew_gig/film /m/01kff7 4 1 1 1 0 1
/m/01pvkk /film/film_job/films_with_this_crew_job./film/film_crew_gig/film /m/01qb559 3 1 1 1 0 1
/m/089g0h /film/film_job/films_with_this_crew_job./film/film_crew_gig/film /m/076zy_g 7 1 1 1 0 1
/m/089g0h /film/film_job/films_with_this_crew_job./film/film_crew_gig/film /m/0b1y_2 8 1 1 1 0 1
/m/02vxfw_ /film/film_job/films_with_this_crew_job./film/film_crew_gig/film /m/02mpyh 3 1 1 1 0 1
/m/01vx2h /film/film_job/films_with_this_crew_job./film/film_crew_gig/film /m/05r3qc 6 2 1 1 0 0
/m/01vx2h /film/film_job/films_with_this_crew_job./film/film_crew_gig/film /m/02wgk1 1 1 1 1 1 1
/m/089fss /film/film_job/films_with_this_crew_job./film/film_crew_gig/film /m/0cz_ym 6 1 1 1 0 1
/m/02ynfr /film/film_job/films_with_this_crew_job./film/film_crew_gig/film /m/016dj8 16 5 0 1 0 0
/m/02_n3z /film/film_job/films_with_this_crew_job./film/film_crew_gig/film /m/047bynf 2286 2279 0 0 0 0
/m/02_n3z /film/film_job/films_with_this_crew_job./film/film_crew_gig/film /m/0yxf4 5 1 1 1 0 1
/m/0d2b38 /film/film_job/films_with_this_crew_job./film/film_crew_gig/film /m/033f8n 3 1 1 1 0 1
/m/0ch6mp2 /film/film_job/films_with_this_crew_job./film/film_crew_gig/film /m/02v_r7d 7 2 1 1 0 0
/m/0ch6mp2 /film/film_job/films_with_this_crew_job./film/film_crew_gig/film /m/09rvcvl 2 1 1 1 0 1
/m/0ch6mp2 /film/film_job/films_with_this_crew_job./film/film_crew_gig/film /m/03lrht 2 1 1 1 0 1
/m/0ch6mp2 /film/film_job/films_with_this_crew_job./film/film_crew_gig/film /m/0j6b5 1 1 1 1 1 1
/m/0ch6mp2 /film/film_job/films_with_this_crew_job./film/film_crew_gig/film /m/0gbtbm 4 1 1 1 0 1
/m/09zzb8 /film/film_job/films_with_this_crew_job./film/film_crew_gig/film /m/0fdv3 5 1 1 1 0 1
/m/09zzb8 /film/film_job/films_with_this_crew_job./film/film_crew_gig/film /m/0yzvw 2 1 1 1 0 1
/m/09zzb8 /film/film_job/films_with_this_crew_job./film/film_crew_gig/film /m/02prwdh 2 1 1 1 0 1
/m/09zzb8 /film/film_job/films_with_this_crew_job./film/film_crew_gig/film /m/0170th 2 1 1 1 0 1
/m/09zzb8 /film/film_job/films_with_this_crew_job./film/film_crew_gig/film /m/028cg00 4 1 1 1 0 1
/m/02vs3x5 /film/film_job/films_with_this_crew_job./film/film_crew_gig/film /m/06gjk9 4 1 1 1 0 1
/m/015h31 /film/film_job/films_with_this_crew_job./film/film_crew_gig/film /m/02x3y41 6 1 1 1 0 1
/m/09vw2b7 /film/film_job/films_with_this_crew_job./film/film_crew_gig/film /m/032zq6 5 1 1 1 0 1
/m/09vw2b7 /film/film_job/films_with_this_crew_job./film/film_crew_gig/film /m/05k2xy 4 1 1 1 0 1
/m/09vw2b7 /film/film_job/films_with_this_crew_job./film/film_crew_gig/film /m/06zn2v2 7 2 1 1 0 0
/m/09vw2b7 /film/film_job/films_with_this_crew_job./film/film_crew_gig/film /m/0qm8b 3 1 1 1 0 1
/m/09vw2b7 /film/film_job/films_with_this_crew_job./film/film_crew_gig/film /m/04xx9s 4 1 1 1 0 1
/m/018rn4 /film/film_job/films_with_this_crew_job./film/film_crew_gig/film /m/06wzvr 1 1 1 1 1 1
/m/02r96rf /film/film_job/films_with_this_crew_job./film/film_crew_gig/film /m/0crc2cp 3 1 1 1 0 1
/m/02r96rf /film/film_job/films_with_this_crew_job./film/film_crew_gig/film /m/048vhl 4 1 1 1 0 1
/m/01pvkk /film/film_job/films_with_this_crew_job./film/film_crew_gig/film /m/01ffx4 1 1 1 1 1 1
/m/01pvkk /film/film_job/films_with_this_crew_job./film/film_crew_gig/film /m/02c638 2 1 1 1 0 1
/m/01pvkk /film/film_job/films_with_this_crew_job./film/film_crew_gig/film /m/0bs8hvm 1 1 1 1 1 1
/m/02vxfw_ /film/film_job/films_with_this_crew_job./film/film_crew_gig/film /m/06t2t2 2 1 1 1 0 1
/m/02vxfw_ /film/film_job/films_with_this_crew_job./film/film_crew_gig/film /m/03m5y9p 2 1 1 1 0 1
/m/02vxfw_ /film/film_job/films_with_this_crew_job./film/film_crew_gig/film /m/03yvf2 2 1 1 1 0 1
/m/02vxfw_ /film/film_job/films_with_this_crew_job./film/film_crew_gig/film /m/02qzh2 3 1 1 1 0 1
/m/02vxfw_ /film/film_job/films_with_this_crew_job./film/film_crew_gig/film /m/09r94m 1 1 1 1 1 1
/m/02vxfw_ /film/film_job/films_with_this_crew_job./film/film_crew_gig/film /m/0b6l1st 5 1 1 1 0 1
/m/01vx2h /film/film_job/films_with_this_crew_job./film/film_crew_gig/film /m/02vz6dn 1 1 1 1 1 1
/m/01vx2h /film/film_job/films_with_this_crew_job./film/film_crew_gig/film /m/0cmf0m0 1 1 1 1 1 1
/m/01vx2h /film/film_job/films_with_this_crew_job./film/film_crew_gig/film /m/01sbv9 1 1 1 1 1 1
/m/01vx2h /film/film_job/films_with_this_crew_job./film/film_crew_gig/film /m/03hj5lq 1 1 1 1 1 1
/m/01vx2h /film/film_job/films_with_this_crew_job./film/film_crew_gig/film /m/0gzlb9 1 1 1 1 1 1
/m/089fss /film/film_job/films_with_this_crew_job./film/film_crew_gig/film /m/0gjcrrw 4 1 1 1 0 1
/m/02ynfr /film/film_job/films_with_this_crew_job./film/film_crew_gig/film /m/0f40w 2 1 1 1 0 1
/m/0ch6mp2 /film/film_job/films_with_this_crew_job./film/film_crew_gig/film /m/02d003 5 1 1 1 0 1
/m/0ch6mp2 /film/film_job/films_with_this_crew_job./film/film_crew_gig/film /m/0jjy0 1 1 1 1 1 1
/m/0ch6mp2 /film/film_job/films_with_this_crew_job./film/film_crew_gig/film /m/050r1z 1 1 1 1 1 1
/m/09zzb8 /film/film_job/films_with_this_crew_job./film/film_crew_gig/film /m/03kg2v 3 1 1 1 0 1
/m/09zzb8 /film/film_job/films_with_this_crew_job./film/film_crew_gig/film /m/05_5rjx 4 1 1 1 0 1
/m/09zzb8 /film/film_job/films_with_this_crew_job./film/film_crew_gig/film /m/083shs 2 1 1 1 0 1
/m/09zzb8 /film/film_job/films_with_this_crew_job./film/film_crew_gig/film /m/0ddfwj1 1 1 1 1 1 1
/m/09zzb8 /film/film_job/films_with_this_crew_job./film/film_crew_gig/film /m/0dr89x 3 1 1 1 0 1
/m/09zzb8 /film/film_job/films_with_this_crew_job./film/film_crew_gig/film /m/011ysn 3 1 1 1 0 1
/m/09zzb8 /film/film_job/films_with_this_crew_job./film/film_crew_gig/film /m/0bcndz 1 1 1 1 1 1
/m/09vw2b7 /film/film_job/films_with_this_crew_job./film/film_crew_gig/film /m/0435vm 5 1 1 1 0 1
/m/09vw2b7 /film/film_job/films_with_this_crew_job./film/film_crew_gig/film /m/0f4_l 5 1 1 1 0 1
/m/09vw2b7 /film/film_job/films_with_this_crew_job./film/film_crew_gig/film /m/0jwmp 3 1 1 1 0 1
/m/01xy5l_ /film/film_job/films_with_this_crew_job./film/film_crew_gig/film /m/07l50_1 1 1 1 1 1 1
/m/01pvkk /film/film_job/films_with_this_crew_job./film/film_crew_gig/film /m/02rcdc2 9 6 1 1 0 0
/m/089g0h /film/film_job/films_with_this_crew_job./film/film_crew_gig/film /m/051ys82 6 1 1 1 0 1
/m/02vxfw_ /film/film_job/films_with_this_crew_job./film/film_crew_gig/film /m/0661ql3 7 1 1 1 0 1
/m/02vxfw_ /film/film_job/films_with_this_crew_job./film/film_crew_gig/film /m/083shs 1 1 1 1 1 1
/m/01vx2h /film/film_job/films_with_this_crew_job./film/film_crew_gig/film /m/0g7pm1 3 1 1 1 0 1
/m/02ynfr /film/film_job/films_with_this_crew_job./film/film_crew_gig/film /m/03twd6 2 1 1 1 0 1
/m/0263ycg /film/film_job/films_with_this_crew_job./film/film_crew_gig/film /m/031778 9 1 1 1 0 1
/m/0ch6mp2 /film/film_job/films_with_this_crew_job./film/film_crew_gig/film /m/03c7twt 3 1 1 1 0 1
/m/0ch6mp2 /film/film_job/films_with_this_crew_job./film/film_crew_gig/film /m/09hy79 3 1 1 1 0 1
/m/0ch6mp2 /film/film_job/films_with_this_crew_job./film/film_crew_gig/film /m/0bs5vty 1 1 1 1 1 1
/m/02rh1dz /film/film_job/films_with_this_crew_job./film/film_crew_gig/film /m/0642ykh 2 1 1 1 0 1
/m/0dxtw /film/film_job/films_with_this_crew_job./film/film_crew_gig/film /m/0fb7sd 6 1 1 1 0 1
/m/0dxtw /film/film_job/films_with_this_crew_job./film/film_crew_gig/film /m/01svry 4 1 1 1 0 1
/m/0dxtw /film/film_job/films_with_this_crew_job./film/film_crew_gig/film /m/0cp0790 5 1 1 1 0 1
/m/0dxtw /film/film_job/films_with_this_crew_job./film/film_crew_gig/film /m/03t95n 6 1 1 1 0 1
/m/0dxtw /film/film_job/films_with_this_crew_job./film/film_crew_gig/film /m/0473rc 6 1 1 1 0 1
/m/0dxtw /film/film_job/films_with_this_crew_job./film/film_crew_gig/film /m/02x0fs9 5 1 1 1 0 1
/m/015h31 /film/film_job/films_with_this_crew_job./film/film_crew_gig/film /m/09txzv 9 1 1 1 0 1
/m/09vw2b7 /film/film_job/films_with_this_crew_job./film/film_crew_gig/film /m/02z9rr 1 1 1 1 1 1
/m/09vw2b7 /film/film_job/films_with_this_crew_job./film/film_crew_gig/film /m/02y_lrp 7 1 1 1 0 1
/m/09vw2b7 /film/film_job/films_with_this_crew_job./film/film_crew_gig/film /m/0h95zbp 6 1 1 1 0 1
/m/09vw2b7 /film/film_job/films_with_this_crew_job./film/film_crew_gig/film /m/047gpsd 3 1 1 1 0 1
/m/01xy5l_ /film/film_job/films_with_this_crew_job./film/film_crew_gig/film /m/047vp1n 1 1 1 1 1 1
/m/02r96rf /film/film_job/films_with_this_crew_job./film/film_crew_gig/film /m/0ggbhy7 3 1 1 1 0 1
/m/02r96rf /film/film_job/films_with_this_crew_job./film/film_crew_gig/film /m/03_gz8 3 1 1 1 0 1
/m/01pvkk /film/film_job/films_with_this_crew_job./film/film_crew_gig/film /m/0m2kd 2 1 1 1 0 1
/m/02vxfw_ /film/film_job/films_with_this_crew_job./film/film_crew_gig/film /m/02nx2k 3 1 1 1 0 1
/m/0215hd /film/film_job/films_with_this_crew_job./film/film_crew_gig/film /m/05qbckf 2 1 1 1 0 1
/m/0215hd /film/film_job/films_with_this_crew_job./film/film_crew_gig/film /m/09rvwmy 8 2 1 1 0 0
/m/01vx2h /film/film_job/films_with_this_crew_job./film/film_crew_gig/film /m/0bw20 2 1 1 1 0 1
/m/01vx2h /film/film_job/films_with_this_crew_job./film/film_crew_gig/film /m/062zjtt 2 1 1 1 0 1
/m/01vx2h /film/film_job/films_with_this_crew_job./film/film_crew_gig/film /m/035w2k 2 1 1 1 0 1
/m/02ynfr /film/film_job/films_with_this_crew_job./film/film_crew_gig/film /m/01h7bb 2 1 1 1 0 1
/m/02ynfr /film/film_job/films_with_this_crew_job./film/film_crew_gig/film /m/02b61v 3 1 1 1 0 1
/m/0d2b38 /film/film_job/films_with_this_crew_job./film/film_crew_gig/film /m/0btyf5z 9 5 1 1 0 0
/m/0263ycg /film/film_job/films_with_this_crew_job./film/film_crew_gig/film /m/04n52p6 11 1 0 1 0 1
/m/0ch6mp2 /film/film_job/films_with_this_crew_job./film/film_crew_gig/film /m/0bq6ntw 1 1 1 1 1 1
/m/0ch6mp2 /film/film_job/films_with_this_crew_job./film/film_crew_gig/film /m/042zrm 2 1 1 1 0 1
/m/04pyp5 /film/film_job/films_with_this_crew_job./film/film_crew_gig/film /m/08hmch 7 1 1 1 0 1
/m/09zzb8 /film/film_job/films_with_this_crew_job./film/film_crew_gig/film /m/04nl83 2 1 1 1 0 1
/m/09zzb8 /film/film_job/films_with_this_crew_job./film/film_crew_gig/film /m/07yvsn 3 1 1 1 0 1
/m/09zzb8 /film/film_job/films_with_this_crew_job./film/film_crew_gig/film /m/0j3d9tn 6 2 1 1 0 0
/m/09zzb8 /film/film_job/films_with_this_crew_job./film/film_crew_gig/film /m/04vr_f 3 1 1 1 0 1
/m/09zzb8 /film/film_job/films_with_this_crew_job./film/film_crew_gig/film /m/02wk7b 1 1 1 1 1 1
/m/0dxtw /film/film_job/films_with_this_crew_job./film/film_crew_gig/film /m/0pb33 7 1 1 1 0 1
/m/0dxtw /film/film_job/films_with_this_crew_job./film/film_crew_gig/film /m/0cc97st 2 1 1 1 0 1
/m/015h31 /film/film_job/films_with_this_crew_job./film/film_crew_gig/film /m/05wp1p 5 1 1 1 0 1
/m/01xy5l_ /film/film_job/films_with_this_crew_job./film/film_crew_gig/film /m/024l2y 1 1 1 1 1 1
/m/02r96rf /film/film_job/films_with_this_crew_job./film/film_crew_gig/film /m/0dckvs 3 1 1 1 0 1
/m/01pvkk /film/film_job/films_with_this_crew_job./film/film_crew_gig/film /m/02q7yfq 2 1 1 1 0 1
/m/01pvkk /film/film_job/films_with_this_crew_job./film/film_crew_gig/film /m/06sfk6 3 1 1 1 0 1
/m/089g0h /film/film_job/films_with_this_crew_job./film/film_crew_gig/film /m/05zpghd 7 1 1 1 0 1
/m/02vxfw_ /film/film_job/films_with_this_crew_job./film/film_crew_gig/film /m/04kkz8 1 1 1 1 1 1
/m/02vxfw_ /film/film_job/films_with_this_crew_job./film/film_crew_gig/film /m/01_mdl 1 1 1 1 1 1
/m/02vxfw_ /film/film_job/films_with_this_crew_job./film/film_crew_gig/film /m/01jrbb 1 1 1 1 1 1
/m/02vxfw_ /film/film_job/films_with_this_crew_job./film/film_crew_gig/film /m/093dqjy 1 1 1 1 1 1
/m/0215hd /film/film_job/films_with_this_crew_job./film/film_crew_gig/film /m/0f4_l 1 1 1 1 1 1
/m/05smlt /film/film_job/films_with_this_crew_job./film/film_crew_gig/film /m/08phg9 12 1 0 1 0 1
/m/05smlt /film/film_job/films_with_this_crew_job./film/film_crew_gig/film /m/0bh8yn3 8 1 1 1 0 1
/m/05smlt /film/film_job/films_with_this_crew_job./film/film_crew_gig/film /m/0bmfnjs 9170 9164 0 0 0 0
/m/01vx2h /film/film_job/films_with_this_crew_job./film/film_crew_gig/film /m/034qmv 12 3 0 1 0 0
/m/01vx2h /film/film_job/films_with_this_crew_job./film/film_crew_gig/film /m/080lkt7 7 5 1 1 0 0
/m/089fss /film/film_job/films_with_this_crew_job./film/film_crew_gig/film /m/0fpv_3_ 9242 9235 0 0 0 0
/m/01zhp /film/film_job/films_with_this_crew_job./film/film_crew_gig/film /m/0pv3x 5 1 1 1 0 1
/m/02ynfr /film/film_job/films_with_this_crew_job./film/film_crew_gig/film /m/08c6k9 3 1 1 1 0 1
/m/02_n3z /film/film_job/films_with_this_crew_job./film/film_crew_gig/film /m/02725hs 7 1 1 1 0 1
/m/0ch6mp2 /film/film_job/films_with_this_crew_job./film/film_crew_gig/film /m/0b6f8pf 6 1 1 1 0 1
/m/0ch6mp2 /film/film_job/films_with_this_crew_job./film/film_crew_gig/film /m/033f8n 8 1 1 1 0 1
/m/0ch6mp2 /film/film_job/films_with_this_crew_job./film/film_crew_gig/film /m/03mz5b 2 1 1 1 0 1
/m/09zzb8 /film/film_job/films_with_this_crew_job./film/film_crew_gig/film /m/0fphgb 4 1 1 1 0 1
/m/09zzb8 /film/film_job/films_with_this_crew_job./film/film_crew_gig/film /m/06fqlk 10 1 1 1 0 1
/m/09zzb8 /film/film_job/films_with_this_crew_job./film/film_crew_gig/film /m/04x4vj 6 1 1 1 0 1
/m/09vw2b7 /film/film_job/films_with_this_crew_job./film/film_crew_gig/film /m/0btpm6 7 1 1 1 0 1
/m/09vw2b7 /film/film_job/films_with_this_crew_job./film/film_crew_gig/film /m/06tpmy 7 2 1 1 0 0
/m/09vw2b7 /film/film_job/films_with_this_crew_job./film/film_crew_gig/film /m/07w8fz 4 1 1 1 0 1
/m/09vw2b7 /film/film_job/films_with_this_crew_job./film/film_crew_gig/film /m/09p5mwg 4 1 1 1 0 1
/m/09vw2b7 /film/film_job/films_with_this_crew_job./film/film_crew_gig/film /m/0dll_t2 4 1 1 1 0 1
/m/09vw2b7 /film/film_job/films_with_this_crew_job./film/film_crew_gig/film /m/0cp0t91 5 1 1 1 0 1
/m/02r96rf /film/film_job/films_with_this_crew_job./film/film_crew_gig/film /m/0dnvn3 3 1 1 1 0 1
/m/02vxfw_ /film/film_job/films_with_this_crew_job./film/film_crew_gig/film /m/0407yfx 1 1 1 1 1 1
/m/02vxfw_ /film/film_job/films_with_this_crew_job./film/film_crew_gig/film /m/04ddm4 1 1 1 1 1 1
/m/02vxfw_ /film/film_job/films_with_this_crew_job./film/film_crew_gig/film /m/0cc5mcj 2 1 1 1 0 1
/m/0215hd /film/film_job/films_with_this_crew_job./film/film_crew_gig/film /m/07yk1xz 1 1 1 1 1 1
/m/01vx2h /film/film_job/films_with_this_crew_job./film/film_crew_gig/film /m/09v71cj 1 1 1 1 1 1
/m/01vx2h /film/film_job/films_with_this_crew_job./film/film_crew_gig/film /m/0gy30w 2 1 1 1 0 1
/m/089fss /film/film_job/films_with_this_crew_job./film/film_crew_gig/film /m/011yn5 9 1 1 1 0 1
/m/02ynfr /film/film_job/films_with_this_crew_job./film/film_crew_gig/film /m/0pc62 4 1 1 1 0 1
/m/02_n3z /film/film_job/films_with_this_crew_job./film/film_crew_gig/film /m/02w9k1c 9 1 1 1 0 1
/m/0ch6mp2 /film/film_job/films_with_this_crew_job./film/film_crew_gig/film /m/06823p 2 1 1 1 0 1
/m/0ch6mp2 /film/film_job/films_with_this_crew_job./film/film_crew_gig/film /m/011ykb 4 1 1 1 0 1
/m/0ch6mp2 /film/film_job/films_with_this_crew_job./film/film_crew_gig/film /m/08hmch 4 1 1 1 0 1
/m/04pyp5 /film/film_job/films_with_this_crew_job./film/film_crew_gig/film /m/072x7s 8566 8559 0 0 0 0
/m/09zzb8 /film/film_job/films_with_this_crew_job./film/film_crew_gig/film /m/0kvbl6 4 1 1 1 0 1
/m/09zzb8 /film/film_job/films_with_this_crew_job./film/film_crew_gig/film /m/03r0g9 12 1 0 1 0 1
/m/09zzb8 /film/film_job/films_with_this_crew_job./film/film_crew_gig/film /m/02f6g5 4 1 1 1 0 1
/m/09zzb8 /film/film_job/films_with_this_crew_job./film/film_crew_gig/film /m/011yth 2 1 1 1 0 1
/m/0dxtw /film/film_job/films_with_this_crew_job./film/film_crew_gig/film /m/0ywrc 7 4 1 1 0 0
/m/0dxtw /film/film_job/films_with_this_crew_job./film/film_crew_gig/film /m/047myg9 4 1 1 1 0 1
/m/0dxtw /film/film_job/films_with_this_crew_job./film/film_crew_gig/film /m/0292qb 9 1 1 1 0 1
/m/0dxtw /film/film_job/films_with_this_crew_job./film/film_crew_gig/film /m/02ph9tm 5 1 1 1 0 1
/m/09vw2b7 /film/film_job/films_with_this_crew_job./film/film_crew_gig/film /m/0fdv3 6 1 1 1 0 1
/m/09vw2b7 /film/film_job/films_with_this_crew_job./film/film_crew_gig/film /m/01vksx 3 1 1 1 0 1
/m/02r96rf /film/film_job/films_with_this_crew_job./film/film_crew_gig/film /m/020y73 3 1 1 1 0 1
/m/02r96rf /film/film_job/films_with_this_crew_job./film/film_crew_gig/film /m/026mfbr 3 1 1 1 0 1
/m/01pvkk /film/film_job/films_with_this_crew_job./film/film_crew_gig/film /m/01k60v 8 6 1 1 0 0
/m/02vxfw_ /film/film_job/films_with_this_crew_job./film/film_crew_gig/film /m/02qsqmq 2 1 1 1 0 1
/m/02vxfw_ /film/film_job/films_with_this_crew_job./film/film_crew_gig/film /m/0194zl 1 1 1 1 1 1
/m/02vxfw_ /film/film_job/films_with_this_crew_job./film/film_crew_gig/film /m/04nlb94 1 1 1 1 1 1
/m/01vx2h /film/film_job/films_with_this_crew_job./film/film_crew_gig/film /m/0cd2vh9 1 1 1 1 1 1
/m/01vx2h /film/film_job/films_with_this_crew_job./film/film_crew_gig/film /m/0bby9p5 1 1 1 1 1 1
/m/01vx2h /film/film_job/films_with_this_crew_job./film/film_crew_gig/film /m/03_wm6 1 1 1 1 1 1
/m/033smt /film/film_job/films_with_this_crew_job./film/film_crew_gig/film /m/07yk1xz 10 1 1 1 0 1
/m/0ch6mp2 /film/film_job/films_with_this_crew_job./film/film_crew_gig/film /m/06r2h 6 1 1 1 0 1
/m/09zzb8 /film/film_job/films_with_this_crew_job./film/film_crew_gig/film /m/07l450 2 1 1 1 0 1
/m/09zzb8 /film/film_job/films_with_this_crew_job./film/film_crew_gig/film /m/0432_5 1 1 1 1 1 1
/m/09zzb8 /film/film_job/films_with_this_crew_job./film/film_crew_gig/film /m/04cj79 6 1 1 1 0 1
/m/0dxtw /film/film_job/films_with_this_crew_job./film/film_crew_gig/film /m/0ckrgs 1 1 1 1 1 1
/m/09vw2b7 /film/film_job/films_with_this_crew_job./film/film_crew_gig/film /m/02q7fl9 3 1 1 1 0 1
/m/09vw2b7 /film/film_job/films_with_this_crew_job./film/film_crew_gig/film /m/0ctb4g 3 1 1 1 0 1
/m/02r96rf /film/film_job/films_with_this_crew_job./film/film_crew_gig/film /m/0879bpq 6 3 1 1 0 0
/m/02r96rf /film/film_job/films_with_this_crew_job./film/film_crew_gig/film /m/078sj4 4 1 1 1 0 1
/m/02r96rf /film/film_job/films_with_this_crew_job./film/film_crew_gig/film /m/09v8clw 3 1 1 1 0 1
/m/02r96rf /film/film_job/films_with_this_crew_job./film/film_crew_gig/film /m/0cc5qkt 4 1 1 1 0 1
/m/02r96rf /film/film_job/films_with_this_crew_job./film/film_crew_gig/film /m/0gd0c7x 2 1 1 1 0 1
/m/02r96rf /film/film_job/films_with_this_crew_job./film/film_crew_gig/film /m/06fqlk 6 1 1 1 0 1
/m/02r96rf /film/film_job/films_with_this_crew_job./film/film_crew_gig/film /m/02jkkv 4 1 1 1 0 1
/m/02r96rf /film/film_job/films_with_this_crew_job./film/film_crew_gig/film /m/065dc4 3 1 1 1 0 1
/m/02r96rf /film/film_job/films_with_this_crew_job./film/film_crew_gig/film /m/02ntb8 5 1 1 1 0 1
/m/02vxfw_ /film/film_job/films_with_this_crew_job./film/film_crew_gig/film /m/026f__m 2 1 1 1 0 1
/m/02vxfw_ /film/film_job/films_with_this_crew_job./film/film_crew_gig/film /m/05pbl56 4 1 1 1 0 1
/m/02vxfw_ /film/film_job/films_with_this_crew_job./film/film_crew_gig/film /m/07l4zhn 2 1 1 1 0 1
/m/02vxfw_ /film/film_job/films_with_this_crew_job./film/film_crew_gig/film /m/014kq6 1 1 1 1 1 1
/m/0215hd /film/film_job/films_with_this_crew_job./film/film_crew_gig/film /m/02z0f6l 1 1 1 1 1 1
/m/0215hd /film/film_job/films_with_this_crew_job./film/film_crew_gig/film /m/0yxf4 1 1 1 1 1 1
/m/02ynfr /film/film_job/films_with_this_crew_job./film/film_crew_gig/film /m/028cg00 2 1 1 1 0 1
/m/02_n3z /film/film_job/films_with_this_crew_job./film/film_crew_gig/film /m/047p7fr 6509 6496 0 0 0 0
/m/0d2b38 /film/film_job/films_with_this_crew_job./film/film_crew_gig/film /m/0b73_1d 3 1 1 1 0 1
/m/0ch6mp2 /film/film_job/films_with_this_crew_job./film/film_crew_gig/film /m/07tj4c 2 1 1 1 0 1
/m/0ch6mp2 /film/film_job/films_with_this_crew_job./film/film_crew_gig/film /m/02n9bh 1 1 1 1 1 1
/m/0ch6mp2 /film/film_job/films_with_this_crew_job./film/film_crew_gig/film /m/0dpl44 1 1 1 1 1 1
/m/0ch6mp2 /film/film_job/films_with_this_crew_job./film/film_crew_gig/film /m/04jm_hq 3 1 1 1 0 1
/m/02rh1dz /film/film_job/films_with_this_crew_job./film/film_crew_gig/film /m/04fzfj 9 3 1 1 0 0
/m/09zzb8 /film/film_job/films_with_this_crew_job./film/film_crew_gig/film /m/07gghl 2 1 1 1 0 1
/m/09zzb8 /film/film_job/films_with_this_crew_job./film/film_crew_gig/film /m/02qyv3h 7 1 1 1 0 1
/m/09zzb8 /film/film_job/films_with_this_crew_job./film/film_crew_gig/film /m/032clf 3 1 1 1 0 1
/m/0dxtw /film/film_job/films_with_this_crew_job./film/film_crew_gig/film /m/0298n7 6 1 1 1 0 1
/m/0dxtw /film/film_job/films_with_this_crew_job./film/film_crew_gig/film /m/03yvf2 6 1 1 1 0 1
/m/0dxtw /film/film_job/films_with_this_crew_job./film/film_crew_gig/film /m/0cp0ph6 7 3 1 1 0 0
/m/09vw2b7 /film/film_job/films_with_this_crew_job./film/film_crew_gig/film /m/07nt8p 3 1 1 1 0 1
/m/09vw2b7 /film/film_job/films_with_this_crew_job./film/film_crew_gig/film /m/025n07 5 1 1 1 0 1
/m/02r96rf /film/film_job/films_with_this_crew_job./film/film_crew_gig/film /m/06ztvyx 1 1 1 1 1 1
/m/02r96rf /film/film_job/films_with_this_crew_job./film/film_crew_gig/film /m/0bwhdbl 3 1 1 1 0 1
/m/02r96rf /film/film_job/films_with_this_crew_job./film/film_crew_gig/film /m/02qhlwd 4 1 1 1 0 1
/m/01pvkk /film/film_job/films_with_this_crew_job./film/film_crew_gig/film /m/03z20c 4 1 1 1 0 1
/m/02vxfw_ /film/film_job/films_with_this_crew_job./film/film_crew_gig/film /m/03qcfvw 2 1 1 1 0 1
/m/02vxfw_ /film/film_job/films_with_this_crew_job./film/film_crew_gig/film /m/0djlxb 1 1 1 1 1 1
/m/02vxfw_ /film/film_job/films_with_this_crew_job./film/film_crew_gig/film /m/09q5w2 1 1 1 1 1 1
/m/02vxfw_ /film/film_job/films_with_this_crew_job./film/film_crew_gig/film /m/0bxxzb 3 1 1 1 0 1
/m/02ynfr /film/film_job/films_with_this_crew_job./film/film_crew_gig/film /m/07vn_9 3 1 1 1 0 1
/m/0ch6mp2 /film/film_job/films_with_this_crew_job./film/film_crew_gig/film /m/095z4q 5 1 1 1 0 1
/m/0ch6mp2 /film/film_job/films_with_this_crew_job./film/film_crew_gig/film /m/02qd04y 1 1 1 1 1 1
/m/0ch6mp2 /film/film_job/films_with_this_crew_job./film/film_crew_gig/film /m/0mbql 8 2 1 1 0 0
/m/0ch6mp2 /film/film_job/films_with_this_crew_job./film/film_crew_gig/film /m/02qhlwd 4 1 1 1 0 1
/m/02rh1dz /film/film_job/films_with_this_crew_job./film/film_crew_gig/film /m/01gwk3 2 1 1 1 0 1
/m/09zzb8 /film/film_job/films_with_this_crew_job./film/film_crew_gig/film /m/035s95 3 1 1 1 0 1
/m/0dxtw /film/film_job/films_with_this_crew_job./film/film_crew_gig/film /m/02rmd_2 4 1 1 1 0 1
/m/0dxtw /film/film_job/films_with_this_crew_job./film/film_crew_gig/film /m/04vh83 7 5 1 1 0 0
/m/09vw2b7 /film/film_job/films_with_this_crew_job./film/film_crew_gig/film /m/077q8x 4 1 1 1 0 1
/m/09vw2b7 /film/film_job/films_with_this_crew_job./film/film_crew_gig/film /m/06r2_ 2 1 1 1 0 1
/m/09vw2b7 /film/film_job/films_with_this_crew_job./film/film_crew_gig/film /m/0f40w 3 1 1 1 0 1
/m/09vw2b7 /film/film_job/films_with_this_crew_job./film/film_crew_gig/film /m/02chhq 4 3 1 1 0 0
/m/02r96rf /film/film_job/films_with_this_crew_job./film/film_crew_gig/film /m/04g9gd 1 1 1 1 1 1
/m/02r96rf /film/film_job/films_with_this_crew_job./film/film_crew_gig/film /m/0gzlb9 4 1 1 1 0 1
/m/02r96rf /film/film_job/films_with_this_crew_job./film/film_crew_gig/film /m/0h63q6t 3 1 1 1 0 1
/m/01pvkk /film/film_job/films_with_this_crew_job./film/film_crew_gig/film /m/0dcz8_ 3 1 1 1 0 1
/m/02vxfw_ /film/film_job/films_with_this_crew_job./film/film_crew_gig/film /m/02qydsh 5 1 1 1 0 1
/m/02vxfw_ /film/film_job/films_with_this_crew_job./film/film_crew_gig/film /m/09p35z 1 1 1 1 1 1
/m/02vxfw_ /film/film_job/films_with_this_crew_job./film/film_crew_gig/film /m/094g2z 1 1 1 1 1 1
/m/02vxfw_ /film/film_job/films_with_this_crew_job./film/film_crew_gig/film /m/02x3y41 8 1 1 1 0 1
/m/05smlt /film/film_job/films_with_this_crew_job./film/film_crew_gig/film /m/024l2y 10 1 1 1 0 1
/m/01vx2h /film/film_job/films_with_this_crew_job./film/film_crew_gig/film /m/09g7vfw 7 1 1 1 0 1
/m/01vx2h /film/film_job/films_with_this_crew_job./film/film_crew_gig/film /m/0gtv7pk 1 1 1 1 1 1
/m/01vx2h /film/film_job/films_with_this_crew_job./film/film_crew_gig/film /m/02fqrf 1 1 1 1 1 1
/m/01vx2h /film/film_job/films_with_this_crew_job./film/film_crew_gig/film /m/01gwk3 3 1 1 1 0 1
/m/0ch6mp2 /film/film_job/films_with_this_crew_job./film/film_crew_gig/film /m/0gfsq9 5 2 1 1 0 0
/m/0ch6mp2 /film/film_job/films_with_this_crew_job./film/film_crew_gig/film /m/07k8rt4 6 1 1 1 0 1
/m/0ch6mp2 /film/film_job/films_with_this_crew_job./film/film_crew_gig/film /m/03ntbmw 2 1 1 1 0 1
/m/0ch6mp2 /film/film_job/films_with_this_crew_job./film/film_crew_gig/film /m/0234j5 2 1 1 1 0 1
/m/09zzb8 /film/film_job/films_with_this_crew_job./film/film_crew_gig/film /m/0640m69 6 2 1 1 0 0
/m/0dxtw /film/film_job/films_with_this_crew_job./film/film_crew_gig/film /m/0d61px 4 1 1 1 0 1
/m/0dxtw /film/film_job/films_with_this_crew_job./film/film_crew_gig/film /m/03bzyn4 3 1 1 1 0 1
/m/0dxtw /film/film_job/films_with_this_crew_job./film/film_crew_gig/film /m/02y_lrp 6 1 1 1 0 1
/m/09vw2b7 /film/film_job/films_with_this_crew_job./film/film_crew_gig/film /m/0571m 5 1 1 1 0 1
/m/09vw2b7 /film/film_job/films_with_this_crew_job./film/film_crew_gig/film /m/013q07 6 1 1 1 0 1
/m/09vw2b7 /film/film_job/films_with_this_crew_job./film/film_crew_gig/film /m/02q0v8n 2 1 1 1 0 1
/m/02r96rf /film/film_job/films_with_this_crew_job./film/film_crew_gig/film /m/02xs6_ 6 1 1 1 0 1
/m/02vxfw_ /film/film_job/films_with_this_crew_job./film/film_crew_gig/film /m/03sxd2 1 1 1 1 1 1
/m/01vx2h /film/film_job/films_with_this_crew_job./film/film_crew_gig/film /m/02qr69m 1 1 1 1 1 1
/m/01vx2h /film/film_job/films_with_this_crew_job./film/film_crew_gig/film /m/02q0k7v 11 2 0 1 0 0
/m/089fss /film/film_job/films_with_this_crew_job./film/film_crew_gig/film /m/0bpm4yw 7 1 1 1 0 1
/m/089fss /film/film_job/films_with_this_crew_job./film/film_crew_gig/film /m/09q5w2 9 1 1 1 0 1
/m/02ynfr /film/film_job/films_with_this_crew_job./film/film_crew_gig/film /m/02xs6_ 2 1 1 1 0 1
/m/0d2b38 /film/film_job/films_with_this_crew_job./film/film_crew_gig/film /m/05pdh86 4 1 1 1 0 1
/m/0ch6mp2 /film/film_job/films_with_this_crew_job./film/film_crew_gig/film /m/08r4x3 3 1 1 1 0 1
/m/09zzb8 /film/film_job/films_with_this_crew_job./film/film_crew_gig/film /m/075wx7_ 5 1 1 1 0 1
/m/09zzb8 /film/film_job/films_with_this_crew_job./film/film_crew_gig/film /m/0cw3yd 2 1 1 1 0 1
/m/0dxtw /film/film_job/films_with_this_crew_job./film/film_crew_gig/film /m/08c6k9 7 1 1 1 0 1
/m/015h31 /film/film_job/films_with_this_crew_job./film/film_crew_gig/film /m/08052t3 8 1 1 1 0 1
/m/015h31 /film/film_job/films_with_this_crew_job./film/film_crew_gig/film /m/02qydsh 3 1 1 1 0 1
/m/09vw2b7 /film/film_job/films_with_this_crew_job./film/film_crew_gig/film /m/0g4vmj8 3 1 1 1 0 1
/m/09vw2b7 /film/film_job/films_with_this_crew_job./film/film_crew_gig/film /m/07gghl 2 1 1 1 0 1
/m/09vw2b7 /film/film_job/films_with_this_crew_job./film/film_crew_gig/film /m/0gy30w 5 1 1 1 0 1
/m/09vw2b7 /film/film_job/films_with_this_crew_job./film/film_crew_gig/film /m/07yk1xz 7 1 1 1 0 1
/m/09vw2b7 /film/film_job/films_with_this_crew_job./film/film_crew_gig/film /m/026qnh6 7 1 1 1 0 1
/m/09vw2b7 /film/film_job/films_with_this_crew_job./film/film_crew_gig/film /m/0234j5 2 1 1 1 0 1
/m/01xy5l_ /film/film_job/films_with_this_crew_job./film/film_crew_gig/film /m/06fpsx 1 1 1 1 1 1
/m/02r96rf /film/film_job/films_with_this_crew_job./film/film_crew_gig/film /m/01cz7r 1 1 1 1 1 1
/m/02r96rf /film/film_job/films_with_this_crew_job./film/film_crew_gig/film /m/08r4x3 4 1 1 1 0 1
/m/01pvkk /film/film_job/films_with_this_crew_job./film/film_crew_gig/film /m/02fj8n 2 1 1 1 0 1
/m/02vxfw_ /film/film_job/films_with_this_crew_job./film/film_crew_gig/film /m/0b3n61 2 1 1 1 0 1
/m/02vxfw_ /film/film_job/films_with_this_crew_job./film/film_crew_gig/film /m/02pw_n 1 1 1 1 1 1
/m/02vxfw_ /film/film_job/films_with_this_crew_job./film/film_crew_gig/film /m/0d61px 1 1 1 1 1 1
/m/01vx2h /film/film_job/films_with_this_crew_job./film/film_crew_gig/film /m/05p3738 6 2 1 1 0 0
/m/01vx2h /film/film_job/films_with_this_crew_job./film/film_crew_gig/film /m/02pxmgz 2 1 1 1 0 1
/m/089fss /film/film_job/films_with_this_crew_job./film/film_crew_gig/film /m/06fqlk 9 1 1 1 0 1
/m/02ynfr /film/film_job/films_with_this_crew_job./film/film_crew_gig/film /m/07_fj54 3 1 1 1 0 1
/m/0263ycg /film/film_job/films_with_this_crew_job./film/film_crew_gig/film /m/06_x996 10 1 1 1 0 1
/m/0ch6mp2 /film/film_job/films_with_this_crew_job./film/film_crew_gig/film /m/0gy0l_ 3 1 1 1 0 1
/m/0ch6mp2 /film/film_job/films_with_this_crew_job./film/film_crew_gig/film /m/04lqvly 1 1 1 1 1 1
/m/0ch6mp2 /film/film_job/films_with_this_crew_job./film/film_crew_gig/film /m/01k0vq 3 1 1 1 0 1
/m/02rh1dz /film/film_job/films_with_this_crew_job./film/film_crew_gig/film /m/05c9zr 11 2 0 1 0 0
/m/09zzb8 /film/film_job/films_with_this_crew_job./film/film_crew_gig/film /m/014_x2 1 1 1 1 1 1
/m/09zzb8 /film/film_job/films_with_this_crew_job./film/film_crew_gig/film /m/02q0k7v 9 1 1 1 0 1
/m/09zzb8 /film/film_job/films_with_this_crew_job./film/film_crew_gig/film /m/0353xq 1 1 1 1 1 1
/m/015h31 /film/film_job/films_with_this_crew_job./film/film_crew_gig/film /m/05pdh86 10 1 1 1 0 1
/m/015h31 /film/film_job/films_with_this_crew_job./film/film_crew_gig/film /m/07sc6nw 6 1 1 1 0 1
/m/09vw2b7 /film/film_job/films_with_this_crew_job./film/film_crew_gig/film /m/0dcz8_ 5 1 1 1 0 1
/m/09vw2b7 /film/film_job/films_with_this_crew_job./film/film_crew_gig/film /m/03459x 4 1 1 1 0 1
/m/02r96rf /film/film_job/films_with_this_crew_job./film/film_crew_gig/film /m/035bcl 4 1 1 1 0 1
/m/02r96rf /film/film_job/films_with_this_crew_job./film/film_crew_gig/film /m/03hkch7 1 1 1 1 1 1
/m/01pvkk /film/film_job/films_with_this_crew_job./film/film_crew_gig/film /m/02prw4h 2 1 1 1 0 1
/m/01pvkk /film/film_job/films_with_this_crew_job./film/film_crew_gig/film /m/06rzwx 2 1 1 1 0 1
/m/02_n3z /film/film_job/films_with_this_crew_job./film/film_crew_gig/film /m/0pb33 8 1 1 1 0 1
/m/0ch6mp2 /film/film_job/films_with_this_crew_job./film/film_crew_gig/film /m/0gj8nq2 6 1 1 1 0 1
/m/0ch6mp2 /film/film_job/films_with_this_crew_job./film/film_crew_gig/film /m/0f4_l 4 1 1 1 0 1
/m/0ch6mp2 /film/film_job/films_with_this_crew_job./film/film_crew_gig/film /m/011yth 3 1 1 1 0 1
/m/0dxtw /film/film_job/films_with_this_crew_job./film/film_crew_gig/film /m/0bwfwpj 5 1 1 1 0 1
/m/0dxtw /film/film_job/films_with_this_crew_job./film/film_crew_gig/film /m/05z7c 1 1 1 1 1 1
/m/02r96rf /film/film_job/films_with_this_crew_job./film/film_crew_gig/film /m/04k9y6 6 1 1 1 0 1
/m/02r96rf /film/film_job/films_with_this_crew_job./film/film_crew_gig/film /m/083shs 4 1 1 1 0 1
/m/02r96rf /film/film_job/films_with_this_crew_job./film/film_crew_gig/film /m/02w86hz 2 1 1 1 0 1
/m/02r96rf /film/film_job/films_with_this_crew_job./film/film_crew_gig/film /m/0b73_1d 7 1 1 1 0 1
/m/089g0h /film/film_job/films_with_this_crew_job./film/film_crew_gig/film /m/065z3_x 8 1 1 1 0 1
/m/01vx2h /film/film_job/films_with_this_crew_job./film/film_crew_gig/film /m/0dnkmq 1 1 1 1 1 1
/m/02ynfr /film/film_job/films_with_this_crew_job./film/film_crew_gig/film /m/05f4_n0 5 1 1 1 0 1
/m/0ch6mp2 /film/film_job/films_with_this_crew_job./film/film_crew_gig/film /m/09g7vfw 2 1 1 1 0 1
/m/0ch6mp2 /film/film_job/films_with_this_crew_job./film/film_crew_gig/film /m/0m313 2 1 1 1 0 1
/m/0ch6mp2 /film/film_job/films_with_this_crew_job./film/film_crew_gig/film /m/02b6n9 4 1 1 1 0 1
/m/09zzb8 /film/film_job/films_with_this_crew_job./film/film_crew_gig/film /m/02q5bx2 1 1 1 1 1 1
/m/09zzb8 /film/film_job/films_with_this_crew_job./film/film_crew_gig/film /m/0gl02yg 1 1 1 1 1 1
/m/0dxtw /film/film_job/films_with_this_crew_job./film/film_crew_gig/film /m/01qvz8 3 1 1 1 0 1
/m/0dxtw /film/film_job/films_with_this_crew_job./film/film_crew_gig/film /m/02lk60 3 1 1 1 0 1
/m/09vw2b7 /film/film_job/films_with_this_crew_job./film/film_crew_gig/film /m/0pv54 10 3 1 1 0 0
/m/09vw2b7 /film/film_job/films_with_this_crew_job./film/film_crew_gig/film /m/03hfmm 2 1 1 1 0 1
/m/01pvkk /film/film_job/films_with_this_crew_job./film/film_crew_gig/film /m/03cfkrw 1 1 1 1 1 1
/m/01pvkk /film/film_job/films_with_this_crew_job./film/film_crew_gig/film /m/0gx1bnj 2 1 1 1 0 1
/m/02vxfw_ /film/film_job/films_with_this_crew_job./film/film_crew_gig/film /m/05szq8z 3 1 1 1 0 1
/m/02vxfw_ /film/film_job/films_with_this_crew_job./film/film_crew_gig/film /m/026qnh6 3 1 1 1 0 1
/m/02vxfw_ /film/film_job/films_with_this_crew_job./film/film_crew_gig/film /m/0by1wkq 2 1 1 1 0 1
/m/0215hd /film/film_job/films_with_this_crew_job./film/film_crew_gig/film /m/09lcsj 1 1 1 1 1 1
/m/01vx2h /film/film_job/films_with_this_crew_job./film/film_crew_gig/film /m/07y9w5 1 1 1 1 1 1
