/m/0cj16 /film/film_format/film_format /m/0jymd 1 1 1 1 1 1
/m/0cj16 /film/film_format/film_format /m/048htn 1 1 1 1 1 1
/m/07fb8_ /film/film_format/film_format /m/0639bg 1 1 1 1 1 1
/m/07fb8_ /film/film_format/film_format /m/04qk12 1 1 1 1 1 1
/m/07fb8_ /film/film_format/film_format /m/01pj_5 1 1 1 1 1 1
/m/0cj16 /film/film_format/film_format /m/05567m 1 1 1 1 1 1
/m/07fb8_ /film/film_format/film_format /m/0m313 1 1 1 1 1 1
/m/0cj16 /film/film_format/film_format /m/0bq8tmw 1 1 1 1 1 1
/m/07fb8_ /film/film_format/film_format /m/0d6_s 1 1 1 1 1 1
/m/017fx5 /film/film_format/film_format /m/0gjc4d3 3 3 1 1 0 0
/m/0cj16 /film/film_format/film_format /m/0gbfn9 1 1 1 1 1 1
/m/0cj16 /film/film_format/film_format /m/043tz0c 1 1 1 1 1 1
/m/07fb8_ /film/film_format/film_format /m/09p0ct 1 1 1 1 1 1
/m/07fb8_ /film/film_format/film_format /m/07cz2 1 1 1 1 1 1
/m/07fb8_ /film/film_format/film_format /m/01vksx 1 1 1 1 1 1
/m/07fb8_ /film/film_format/film_format /m/05c9zr 1 1 1 1 1 1
/m/0cj16 /film/film_format/film_format /m/0gh6j94 1 1 1 1 1 1
/m/07fb8_ /film/film_format/film_format /m/0fh2v5 1 1 1 1 1 1
/m/0cj16 /film/film_format/film_format /m/0cvkv5 1 1 1 1 1 1
/m/0cj16 /film/film_format/film_format /m/01f8gz 1 1 1 1 1 1
/m/07fb8_ /film/film_format/film_format /m/02q7fl9 1 1 1 1 1 1
/m/0cj16 /film/film_format/film_format /m/0432_5 1 1 1 1 1 1
/m/0cj16 /film/film_format/film_format /m/032_wv 1 1 1 1 1 1
/m/07fb8_ /film/film_format/film_format /m/032zq6 1 1 1 1 1 1
/m/07fb8_ /film/film_format/film_format /m/01gwk3 1 1 1 1 1 1
/m/07fb8_ /film/film_format/film_format /m/048tv9 1 1 1 1 1 1
/m/0cj16 /film/film_format/film_format /m/04jkpgv 1 1 1 1 1 1
/m/07fb8_ /film/film_format/film_format /m/04y5j64 1 1 1 1 1 1
/m/07fb8_ /film/film_format/film_format /m/06bd5j 1 1 1 1 1 1
/m/07fb8_ /film/film_format/film_format /m/04hk0w 1 1 1 1 1 1
/m/0cj16 /film/film_format/film_format /m/0dtw1x 1 1 1 1 1 1
/m/07fb8_ /film/film_format/film_format /m/05nlx4 1 1 1 1 1 1
/m/017fx5 /film/film_format/film_format /m/0czyxs 3 3 1 1 0 0
/m/0cj16 /film/film_format/film_format /m/0hz6mv2 1 1 1 1 1 1
/m/07fb8_ /film/film_format/film_format /m/0y_yw 1 1 1 1 1 1
/m/07fb8_ /film/film_format/film_format /m/01mgw 2 1 1 1 0 1
/m/017fx5 /film/film_format/film_format /m/062zm5h 2 2 1 1 0 0
/m/0cj16 /film/film_format/film_format /m/0g5q34q 1 1 1 1 1 1
/m/07fb8_ /film/film_format/film_format /m/02cbhg 1 1 1 1 1 1
/m/0cj16 /film/film_format/film_format /m/05z_kps 1 1 1 1 1 1
