/m/0f6rc /film/film_subject/films /m/0p7qm 1 1 1 1 1 1
/m/07c52 /film/film_subject/films /m/02fttd 1 1 1 1 1 1
/m/081pw /film/film_subject/films /m/05cvgl 1 1 1 1 1 1
/m/0f6lx /film/film_subject/films /m/077q8x 4343 4343 0 0 0 0
/m/081pw /film/film_subject/films /m/03xj05 1 1 1 1 1 1
/m/01w1sx /film/film_subject/films /m/0q9sg 1 1 1 1 1 1
/m/04gb7 /film/film_subject/films /m/038bh3 1 1 1 1 1 1
/m/0g1x2_ /film/film_subject/films /m/035xwd 1 1 1 1 1 1
/m/06d4h /film/film_subject/films /m/023gxx 1 1 1 1 1 1
/m/07c52 /film/film_subject/films /m/034qzw 1 1 1 1 1 1
/m/081pw /film/film_subject/films /m/02725hs 1 1 1 1 1 1
/m/05hyf /film/film_subject/films /m/02yvct 3 1 1 1 0 1
/m/0fzyg /film/film_subject/films /m/0fsw_7 1 1 1 1 1 1
/m/0fzyg /film/film_subject/films /m/02gs6r 1 1 1 1 1 1
/m/0fx2s /film/film_subject/films /m/0c38gj 1 1 1 1 1 1
/m/04gb7 /film/film_subject/films /m/0gjk1d 1 1 1 1 1 1
/m/0cbvg /film/film_subject/films /m/0b2qtl 1 1 1 1 1 1
/m/081pw /film/film_subject/films /m/0yxf4 1 1 1 1 1 1
/m/0cgbf /film/film_subject/films /m/06krf3 1 1 1 1 1 1
/m/07jdr /film/film_subject/films /m/0c_j9x 3402 3402 0 0 0 0
/m/04gb7 /film/film_subject/films /m/0ccck7 9589 9588 0 0 0 0
/m/07s2s /film/film_subject/films /m/08phg9 1 1 1 1 1 1
/m/0bxg3 /film/film_subject/films /m/023p33 1 1 1 1 1 1
/m/06d4h /film/film_subject/films /m/0hfzr 3 1 1 1 0 1
/m/01w1sx /film/film_subject/films /m/0286hyp 9847 9847 0 0 0 0
/m/04jjy /film/film_subject/films /m/01k0vq 13138 13138 0 0 0 0
/m/07_nf /film/film_subject/films /m/0bdjd 1 1 1 1 1 1
/m/07c52 /film/film_subject/films /m/03s6l2 8 8 1 1 0 0
/m/05vtw /film/film_subject/films /m/07xtqq 3 1 1 1 0 1
/m/06c97 /film/film_subject/films /m/016z9n 1 1 1 1 1 1
/m/01vq3 /film/film_subject/films /m/026gyn_ 1 1 1 1 1 1
/m/09b5t /film/film_subject/films /m/01pv91 1 1 1 1 1 1
/m/0jm_ /film/film_subject/films /m/05zy3sc 1 1 1 1 1 1
/m/0d6qjf /film/film_subject/films /m/03k8th 2 1 1 1 0 1
/m/07jq_ /film/film_subject/films /m/0b2km_ 1 1 1 1 1 1
/m/06d4h /film/film_subject/films /m/04q01mn 2 1 1 1 0 1
/m/0qcr0 /film/film_subject/films /m/0cmdwwg 1 1 1 1 1 1
/m/081pw /film/film_subject/films /m/0bs4r 1 1 1 1 1 1
/m/0bq3x /film/film_subject/films /m/033qdy 1 1 1 1 1 1
/m/07s2s /film/film_subject/films /m/07gp9 1 1 1 1 1 1
/m/04gb7 /film/film_subject/films /m/0qmjd 13072 13072 0 0 0 0
/m/0cm2xh /film/film_subject/films /m/0bx0l 1 1 1 1 1 1
/m/0mkz /film/film_subject/films /m/07cz2 1 1 1 1 1 1
/m/075fzd /film/film_subject/films /m/064q5v 1 1 1 1 1 1
/m/018h2 /film/film_subject/films /m/02jxrw 4237 4236 0 0 0 0
/m/018h2 /film/film_subject/films /m/04jwly 1 1 1 1 1 1
/m/0fx2s /film/film_subject/films /m/01jw67 1 1 1 1 1 1
/m/07c52 /film/film_subject/films /m/0h21v2 1 1 1 1 1 1
/m/0fzyg /film/film_subject/films /m/0sxgv 5 4 1 1 0 0
/m/0jm_ /film/film_subject/films /m/042zrm 3603 3603 0 0 0 0
/m/06d4h /film/film_subject/films /m/01rwyq 1 1 1 1 1 1
/m/081pw /film/film_subject/films /m/014knw 2 1 1 1 0 1
/m/01w1sx /film/film_subject/films /m/018js4 4744 4743 0 0 0 0
/m/02jq1 /film/film_subject/films /m/01kqq7 13268 13267 0 0 0 0
/m/081pw /film/film_subject/films /m/02qhlwd 1 1 1 1 1 1
/m/0d6qjf /film/film_subject/films /m/05pbl56 1 1 1 1 1 1
/m/0jgxn /film/film_subject/films /m/0c57yj 1 1 1 1 1 1
/m/018h2 /film/film_subject/films /m/0n6ds 1 1 1 1 1 1
/m/06bvp /film/film_subject/films /m/04w7rn 4117 4116 0 0 0 0
/m/01vq3 /film/film_subject/films /m/0jwmp 4 4 1 1 0 0
/m/07s2s /film/film_subject/films /m/0661m4p 1 1 1 1 1 1
/m/04jjy /film/film_subject/films /m/0645k5 1 1 1 1 1 1
/m/07c52 /film/film_subject/films /m/03l6q0 2 2 1 1 0 0
/m/0d1w9 /film/film_subject/films /m/0170z3 1 1 1 1 1 1
/m/0hjy /film/film_subject/films /m/02rx2m5 11707 11706 0 0 0 0
/m/07jq_ /film/film_subject/films /m/01jmyj 1 1 1 1 1 1
/m/0fzyg /film/film_subject/films /m/018js4 1 1 1 1 1 1
/m/0fx2s /film/film_subject/films /m/02d413 2 1 1 1 0 1
/m/07jq_ /film/film_subject/films /m/09r94m 1 1 1 1 1 1
/m/0fzyg /film/film_subject/films /m/04sh80 1 1 1 1 1 1
/m/04jjy /film/film_subject/films /m/0571m 2 1 1 1 0 1
/m/0flry /film/film_subject/films /m/016ywb 1 1 1 1 1 1
/m/02_286 /film/film_subject/films /m/0bl1_ 13264 13264 0 0 0 0
/m/0465_ /film/film_subject/films /m/047n8xt 1 1 1 1 1 1
/m/07_nf /film/film_subject/films /m/0333t 1 1 1 1 1 1
/m/081pw /film/film_subject/films /m/04nm0n0 1 1 1 1 1 1
/m/07s2s /film/film_subject/films /m/07ghq 1 1 1 1 1 1
/m/0hzlz /film/film_subject/films /m/0581vn8 1 1 1 1 1 1
/m/012hw /film/film_subject/films /m/02yvct 3 1 1 1 0 1
/m/04rjg /film/film_subject/films /m/011ypx 1 1 1 1 1 1
/m/0fx2s /film/film_subject/films /m/0bv8h2 1 1 1 1 1 1
