/m/0z4s /film/person_or_entity_appearing_in_film/films./film/personal_film_appearance/type_of_appearance /m/0147fv 223 68 0 0 0 0
/m/0cj8x /film/person_or_entity_appearing_in_film/films./film/personal_film_appearance/type_of_appearance /m/0147fv 100 1 0 1 0 1
/m/0306ds /film/person_or_entity_appearing_in_film/films./film/personal_film_appearance/type_of_appearance /m/0147fv 124 1 0 1 0 1
/m/01s7zw /film/person_or_entity_appearing_in_film/films./film/personal_film_appearance/type_of_appearance /m/0147fv 110 1 0 1 0 1
/m/014gf8 /film/person_or_entity_appearing_in_film/films./film/personal_film_appearance/type_of_appearance /m/0147fv 50 1 0 1 0 1
/m/046zh /film/person_or_entity_appearing_in_film/films./film/personal_film_appearance/type_of_appearance /m/0147fv 328 171 0 0 0 0
/m/01t07j /film/person_or_entity_appearing_in_film/films./film/personal_film_appearance/type_of_appearance /m/0147fv 764 597 0 0 0 0
/m/02j4sk /film/person_or_entity_appearing_in_film/films./film/personal_film_appearance/type_of_appearance /m/0147fv 775 607 0 0 0 0
/m/0jrny /film/person_or_entity_appearing_in_film/films./film/personal_film_appearance/type_of_appearance /m/0147fv 126 1 0 1 0 1
/m/0bxtg /film/person_or_entity_appearing_in_film/films./film/personal_film_appearance/type_of_appearance /m/0147fv 39 1 0 1 0 1
/m/04sry /film/person_or_entity_appearing_in_film/films./film/personal_film_appearance/type_of_appearance /m/01jdpf 9 1 1 1 0 1
/m/018p4y /film/person_or_entity_appearing_in_film/films./film/personal_film_appearance/type_of_appearance /m/0147fv 540 375 0 0 0 0
/m/0f4vbz /film/person_or_entity_appearing_in_film/films./film/personal_film_appearance/type_of_appearance /m/0147fv 96 1 0 1 0 1
/m/0b_fw /film/person_or_entity_appearing_in_film/films./film/personal_film_appearance/type_of_appearance /m/0147fv 124 1 0 1 0 1
/m/01xv77 /film/person_or_entity_appearing_in_film/films./film/personal_film_appearance/type_of_appearance /m/0147fv 128 1 0 1 0 1
/m/01vrz41 /film/person_or_entity_appearing_in_film/films./film/personal_film_appearance/type_of_appearance /m/01jdpf 9 1 1 1 0 1
/m/048lv /film/person_or_entity_appearing_in_film/films./film/personal_film_appearance/type_of_appearance /m/0147fv 34 1 0 1 0 1
/m/01xcqc /film/person_or_entity_appearing_in_film/films./film/personal_film_appearance/type_of_appearance /m/0147fv 74 1 0 1 0 1
/m/09wj5 /film/person_or_entity_appearing_in_film/films./film/personal_film_appearance/type_of_appearance /m/0147fv 86 1 0 1 0 1
/m/015qyf /film/person_or_entity_appearing_in_film/films./film/personal_film_appearance/type_of_appearance /m/0147fv 78 1 0 1 0 1
/m/01nr36 /film/person_or_entity_appearing_in_film/films./film/personal_film_appearance/type_of_appearance /m/0147fv 98 1 0 1 0 1
/m/02g9z1 /film/person_or_entity_appearing_in_film/films./film/personal_film_appearance/type_of_appearance /m/0147fv 78 1 0 1 0 1
/m/01q6bg /film/person_or_entity_appearing_in_film/films./film/personal_film_appearance/type_of_appearance /m/0147fv 130 1 0 1 0 1
/m/029k55 /film/person_or_entity_appearing_in_film/films./film/personal_film_appearance/type_of_appearance /m/0147fv 130 1 0 1 0 1
/m/0127m7 /film/person_or_entity_appearing_in_film/films./film/personal_film_appearance/type_of_appearance /m/0147fv 516 353 0 0 0 0
/m/02jt1k /film/person_or_entity_appearing_in_film/films./film/personal_film_appearance/type_of_appearance /m/0147fv 37 1 0 1 0 1
/m/0byfz /film/person_or_entity_appearing_in_film/films./film/personal_film_appearance/type_of_appearance /m/0147fv 53 1 0 1 0 1
/m/08cn_n /film/person_or_entity_appearing_in_film/films./film/personal_film_appearance/type_of_appearance /m/01jdpf 24 1 0 1 0 1
/m/01g42 /film/person_or_entity_appearing_in_film/films./film/personal_film_appearance/type_of_appearance /m/0147fv 118 1 0 1 0 1
/m/05qw5 /film/person_or_entity_appearing_in_film/films./film/personal_film_appearance/type_of_appearance /m/0147fv 125 1 0 1 0 1
/m/0169dl /film/person_or_entity_appearing_in_film/films./film/personal_film_appearance/type_of_appearance /m/0147fv 88 1 0 1 0 1
/m/03mg35 /film/person_or_entity_appearing_in_film/films./film/personal_film_appearance/type_of_appearance /m/0147fv 55 1 0 1 0 1
