/m/02x2t07 /film/film_production_designer/films_production_designed /m/0gwjw0c 1 1 1 1 1 1
/m/02vxyl5 /film/film_production_designer/films_production_designed /m/03m4mj 1 1 1 1 1 1
/m/04_1nk /film/film_production_designer/films_production_designed /m/01npcx 1 1 1 1 1 1
/m/0d5wn3 /film/film_production_designer/films_production_designed /m/01cz7r 4 4 1 1 0 0
/m/03gyh_z /film/film_production_designer/films_production_designed /m/027ct7c 1 1 1 1 1 1
/m/0bytkq /film/film_production_designer/films_production_designed /m/02p76f9 1 1 1 1 1 1
/m/05b2gsm /film/film_production_designer/films_production_designed /m/04cv9m 1 1 1 1 1 1
/m/07fzq3 /film/film_production_designer/films_production_designed /m/0168ls 1 1 1 1 1 1
/m/05km8z /film/film_production_designer/films_production_designed /m/0pd6l 1 1 1 1 1 1
/m/0d5wn3 /film/film_production_designer/films_production_designed /m/04x4gw 1 1 1 1 1 1
/m/05b2gsm /film/film_production_designer/films_production_designed /m/0yyn5 1 1 1 1 1 1
/m/05km8z /film/film_production_designer/films_production_designed /m/09p3_s 1 1 1 1 1 1
/m/04_1nk /film/film_production_designer/films_production_designed /m/029v40 1 1 1 1 1 1
/m/05km8z /film/film_production_designer/films_production_designed /m/0glbqt 1 1 1 1 1 1
/m/03mdw3c /film/film_production_designer/films_production_designed /m/02bqxb 1 1 1 1 1 1
/m/0cdf37 /film/film_production_designer/films_production_designed /m/0hmm7 1 1 1 1 1 1
/m/0cdf37 /film/film_production_designer/films_production_designed /m/02v8kmz 1 1 1 1 1 1
/m/03wd5tk /film/film_production_designer/films_production_designed /m/035_2h 1 1 1 1 1 1
/m/06cv1 /film/film_production_designer/films_production_designed /m/025s1wg 1 1 1 1 1 1
/m/0bytkq /film/film_production_designer/films_production_designed /m/07z6xs 1 1 1 1 1 1
/m/05b5_tj /film/film_production_designer/films_production_designed /m/06x77g 1 1 1 1 1 1
/m/0638kv /film/film_production_designer/films_production_designed /m/083skw 1 1 1 1 1 1
/m/0d5wn3 /film/film_production_designer/films_production_designed /m/016z5x 1 1 1 1 1 1
/m/03gyh_z /film/film_production_designer/films_production_designed /m/0jqd3 16 16 0 0 0 0
