/m/0f7fy /film/person_or_entity_appearing_in_film/films./film/personal_film_appearance/film /m/05t54s 13 6 0 1 0 0
/m/0157m /film/person_or_entity_appearing_in_film/films./film/personal_film_appearance/film /m/06929s 3 1 1 1 0 1
/m/03bnv /film/person_or_entity_appearing_in_film/films./film/personal_film_appearance/film /m/0bx_hnp 4 1 1 1 0 1
/m/0lrh /film/person_or_entity_appearing_in_film/films./film/personal_film_appearance/film /m/080lkt7 7699 7699 0 0 0 0
/m/0407f /film/person_or_entity_appearing_in_film/films./film/personal_film_appearance/film /m/037q31 2 1 1 1 0 1
/m/06pk8 /film/person_or_entity_appearing_in_film/films./film/personal_film_appearance/film /m/09rx7tx 7 3 1 1 0 0
/m/0byfz /film/person_or_entity_appearing_in_film/films./film/personal_film_appearance/film /m/02vjp3 1 1 1 1 1 1
/m/09b6zr /film/person_or_entity_appearing_in_film/films./film/personal_film_appearance/film /m/043mk4y 1 1 1 1 1 1
/m/01rrwf6 /film/person_or_entity_appearing_in_film/films./film/personal_film_appearance/film /m/0bhwhj 5 1 1 1 0 1
/m/06c97 /film/person_or_entity_appearing_in_film/films./film/personal_film_appearance/film /m/0cz_ym 1 1 1 1 1 1
/m/0466k4 /film/person_or_entity_appearing_in_film/films./film/personal_film_appearance/film /m/0413cff 1 1 1 1 1 1
/m/02yy_j /film/person_or_entity_appearing_in_film/films./film/personal_film_appearance/film /m/053tj7 5 1 1 1 0 1
/m/028rk /film/person_or_entity_appearing_in_film/films./film/personal_film_appearance/film /m/05t54s 5 1 1 1 0 1
/m/06c0j /film/person_or_entity_appearing_in_film/films./film/personal_film_appearance/film /m/03hkch7 8078 8077 0 0 0 0
/m/03h502k /film/person_or_entity_appearing_in_film/films./film/personal_film_appearance/film /m/012jfb 5 1 1 1 0 1
/m/0d06m5 /film/person_or_entity_appearing_in_film/films./film/personal_film_appearance/film /m/04dsnp 5 1 1 1 0 1
/m/0mfj2 /film/person_or_entity_appearing_in_film/films./film/personal_film_appearance/film /m/058kh7 5 1 1 1 0 1
/m/034ls /film/person_or_entity_appearing_in_film/films./film/personal_film_appearance/film /m/0bhwhj 4 1 1 1 0 1
/m/02qsjt /film/person_or_entity_appearing_in_film/films./film/personal_film_appearance/film /m/02847m9 171 163 0 0 0 0
/m/04xrx /film/person_or_entity_appearing_in_film/films./film/personal_film_appearance/film /m/02ph9tm 1 1 1 1 1 1
/m/06c0j /film/person_or_entity_appearing_in_film/films./film/personal_film_appearance/film /m/05t54s 9 3 1 1 0 0
/m/02_t2t /film/person_or_entity_appearing_in_film/films./film/personal_film_appearance/film /m/0dtzkt 253 247 0 0 0 0
/m/02f8lw /film/person_or_entity_appearing_in_film/films./film/personal_film_appearance/film /m/058kh7 9 1 1 1 0 1
/m/01wbgdv /film/person_or_entity_appearing_in_film/films./film/personal_film_appearance/film /m/03mnn0 4 1 1 1 0 1
/m/064nh4k /film/person_or_entity_appearing_in_film/films./film/personal_film_appearance/film /m/0h1fktn 1 1 1 1 1 1
/m/0cg9y /film/person_or_entity_appearing_in_film/films./film/personal_film_appearance/film /m/09lxv9 1 1 1 1 1 1
/m/06c0j /film/person_or_entity_appearing_in_film/films./film/personal_film_appearance/film /m/05_61y 8 3 1 1 0 0
/m/0fb1q /film/person_or_entity_appearing_in_film/films./film/personal_film_appearance/film /m/0dtw1x 10 1 1 1 0 1
/m/01s0l0 /film/person_or_entity_appearing_in_film/films./film/personal_film_appearance/film /m/0f42nz 5 1 1 1 0 1
/m/01nz1q6 /film/person_or_entity_appearing_in_film/films./film/personal_film_appearance/film /m/0bx_hnp 9 1 1 1 0 1
/m/01w0yrc /film/person_or_entity_appearing_in_film/films./film/personal_film_appearance/film /m/0dtw1x 19 1 0 1 0 1
/m/01j7rd /film/person_or_entity_appearing_in_film/films./film/personal_film_appearance/film /m/0dtw1x 5 1 1 1 0 1
/m/09b6zr /film/person_or_entity_appearing_in_film/films./film/personal_film_appearance/film /m/06929s 2 1 1 1 0 1
/m/0c_md_ /film/person_or_entity_appearing_in_film/films./film/personal_film_appearance/film /m/05t54s 6 1 1 1 0 1
/m/09b6zr /film/person_or_entity_appearing_in_film/films./film/personal_film_appearance/film /m/064q5v 4 1 1 1 0 1
/m/01vswx5 /film/person_or_entity_appearing_in_film/films./film/personal_film_appearance/film /m/0dtzkt 3 1 1 1 0 1
/m/019z7q /film/person_or_entity_appearing_in_film/films./film/personal_film_appearance/film /m/053tj7 5 1 1 1 0 1
/m/02f8lw /film/person_or_entity_appearing_in_film/films./film/personal_film_appearance/film /m/03nqnnk 4 1 1 1 0 1
