/m/017s11 /film/production_company/films /m/01lbcqx 1 1 1 1 1 1
/m/017s11 /film/production_company/films /m/0125xq 1 1 1 1 1 1
/m/017s11 /film/production_company/films /m/0drnwh 1 1 1 1 1 1
/m/020h2v /film/production_company/films /m/04x4vj 1 1 1 1 1 1
/m/01795t /film/production_company/films /m/0dq626 1 1 1 1 1 1
/m/031rq5 /film/production_company/films /m/0dr_9t7 1 1 1 1 1 1
/m/02j_j0 /film/production_company/films /m/0ggbhy7 2 1 1 1 0 1
/m/054lpb6 /film/production_company/films /m/047svrl 1 1 1 1 1 1
/m/086k8 /film/production_company/films /m/08xvpn 1 1 1 1 1 1
/m/01gb54 /film/production_company/films /m/03n0cd 2 1 1 1 0 1
/m/03sb38 /film/production_company/films /m/02725hs 7 5 1 1 0 0
/m/016tw3 /film/production_company/films /m/0g9yrw 1 1 1 1 1 1
/m/024rgt /film/production_company/films /m/01k1k4 1 1 1 1 1 1
/m/0fvppk /film/production_company/films /m/0bh8x1y 2 1 1 1 0 1
/m/05qd_ /film/production_company/films /m/03rg2b 1 1 1 1 1 1
/m/054lpb6 /film/production_company/films /m/0j43swk 4 4 1 1 0 0
/m/086k8 /film/production_company/films /m/09g7vfw 1 1 1 1 1 1
/m/01p5yn /film/production_company/films /m/015whm 1 1 1 1 1 1
/m/016tw3 /film/production_company/films /m/07tw_b 1 1 1 1 1 1
/m/016tw3 /film/production_company/films /m/02p86pb 1 1 1 1 1 1
/m/02hvd /film/production_company/films /m/05sxzwc 1 1 1 1 1 1
/m/086k8 /film/production_company/films /m/0286gm1 1 1 1 1 1 1
/m/05rrtf /film/production_company/films /m/07p62k 2 1 1 1 0 1
/m/02j_j0 /film/production_company/films /m/020bv3 2 1 1 1 0 1
/m/054lpb6 /film/production_company/films /m/0fqt1ns 1 1 1 1 1 1
/m/0g1rw /film/production_company/films /m/0cq8nx 1 1 1 1 1 1
/m/032j_n /film/production_company/films /m/02rrfzf 1 1 1 1 1 1
/m/016tt2 /film/production_company/films /m/0cq7tx 1 1 1 1 1 1
/m/016tt2 /film/production_company/films /m/0fzm0g 2 1 1 1 0 1
/m/03xsby /film/production_company/films /m/0170xl 2 1 1 1 0 1
/m/06rq1k /film/production_company/films /m/02qdrjx 2 1 1 1 0 1
/m/016tw3 /film/production_company/films /m/0hfzr 1 1 1 1 1 1
/m/05qd_ /film/production_company/films /m/03p2xc 1 1 1 1 1 1
/m/086k8 /film/production_company/films /m/09lxv9 1 1 1 1 1 1
/m/086k8 /film/production_company/films /m/044g_k 1 1 1 1 1 1
/m/046b0s /film/production_company/films /m/04q01mn 1 1 1 1 1 1
/m/020h2v /film/production_company/films /m/0pc62 1 1 1 1 1 1
/m/030_1m /film/production_company/films /m/011ykb 1 1 1 1 1 1
/m/016tw3 /film/production_company/films /m/08c6k9 2 1 1 1 0 1
/m/086k8 /film/production_company/films /m/0btpm6 1 1 1 1 1 1
/m/030_1_ /film/production_company/films /m/0322yj 2 1 1 1 0 1
/m/020h2v /film/production_company/films /m/01qb559 1 1 1 1 1 1
/m/04rcl7 /film/production_company/films /m/0crfwmx 1 1 1 1 1 1
/m/05rrtf /film/production_company/films /m/0g9z_32 1 1 1 1 1 1
/m/086k8 /film/production_company/films /m/026hh0m 1 1 1 1 1 1
/m/02jd_7 /film/production_company/films /m/0hv8w 2 1 1 1 0 1
/m/01gb54 /film/production_company/films /m/027r9t 1 1 1 1 1 1
/m/054lpb6 /film/production_company/films /m/0gwgn1k 1 1 1 1 1 1
/m/016tt2 /film/production_company/films /m/0cq8qq 1 1 1 1 1 1
/m/016tt2 /film/production_company/films /m/048yqf 2 1 1 1 0 1
/m/017s11 /film/production_company/films /m/05fm6m 1 1 1 1 1 1
/m/016tw3 /film/production_company/films /m/05k2xy 1 1 1 1 1 1
/m/02j_j0 /film/production_company/films /m/0bpx1k 1 1 1 1 1 1
/m/02j_j0 /film/production_company/films /m/0ctb4g 2 1 1 1 0 1
/m/05qd_ /film/production_company/films /m/0qm98 1 1 1 1 1 1
/m/025jfl /film/production_company/films /m/07vfy4 1 1 1 1 1 1
/m/086k8 /film/production_company/films /m/01h7bb 1 1 1 1 1 1
/m/032j_n /film/production_company/films /m/025s1wg 1 1 1 1 1 1
/m/017jv5 /film/production_company/films /m/08gsvw 3 1 1 1 0 1
/m/016tw3 /film/production_company/films /m/02z9rr 1 1 1 1 1 1
/m/016tw3 /film/production_company/films /m/0kv238 1 1 1 1 1 1
/m/086k8 /film/production_company/films /m/02qcr 1 1 1 1 1 1
/m/02jd_7 /film/production_company/films /m/01b195 1 1 1 1 1 1
/m/0c41qv /film/production_company/films /m/0640y35 2 1 1 1 0 1
/m/025jfl /film/production_company/films /m/02rqwhl 1 1 1 1 1 1
/m/086k8 /film/production_company/films /m/01s7w3 1 1 1 1 1 1
/m/032j_n /film/production_company/films /m/02ntb8 1 1 1 1 1 1
/m/03sb38 /film/production_company/films /m/0bpx1k 2 1 1 1 0 1
/m/031rq5 /film/production_company/films /m/01zfzb 11349 11348 0 0 0 0
/m/0g1rw /film/production_company/films /m/0gcrg 1 1 1 1 1 1
/m/030_1_ /film/production_company/films /m/0jqn5 1 1 1 1 1 1
/m/016tt2 /film/production_company/films /m/011yph 1 1 1 1 1 1
/m/046b0s /film/production_company/films /m/02c638 1 1 1 1 1 1
/m/017s11 /film/production_company/films /m/0cq806 1 1 1 1 1 1
/m/04rcl7 /film/production_company/films /m/0k4d7 2 1 1 1 0 1
/m/05nn2c /film/production_company/films /m/07_fj54 2 1 1 1 0 1
/m/02j_j0 /film/production_company/films /m/02_kd 1 1 1 1 1 1
/m/086k8 /film/production_company/films /m/050xxm 1 1 1 1 1 1
/m/030_1_ /film/production_company/films /m/01ln5z 1 1 1 1 1 1
/m/0kk9v /film/production_company/films /m/02qm_f 2 1 1 1 0 1
/m/01gb54 /film/production_company/films /m/03t79f 1 1 1 1 1 1
/m/024rgt /film/production_company/films /m/04w7rn 1 1 1 1 1 1
/m/099ks0 /film/production_company/films /m/04jwjq 1 1 1 1 1 1
/m/05qd_ /film/production_company/films /m/03lrqw 1 1 1 1 1 1
/m/027jw0c /film/production_company/films /m/06_sc3 1 1 1 1 1 1
/m/086k8 /film/production_company/films /m/01msrb 1 1 1 1 1 1
/m/0381pn /film/production_company/films /m/0cp08zg 1 1 1 1 1 1
/m/025hwq /film/production_company/films /m/0dc_ms 14828 14828 0 0 0 0
/m/016tw3 /film/production_company/films /m/01jft4 2 1 1 1 0 1
/m/016tw3 /film/production_company/films /m/05fgt1 3 1 1 1 0 1
/m/05nn2c /film/production_company/films /m/02qkwl 1 1 1 1 1 1
/m/0fvppk /film/production_company/films /m/0bz6sq 2 1 1 1 0 1
/m/05qd_ /film/production_company/films /m/029jt9 1 1 1 1 1 1
/m/027jw0c /film/production_company/films /m/02z2mr7 1 1 1 1 1 1
/m/030_1_ /film/production_company/films /m/02mmwk 2 1 1 1 0 1
/m/016tt2 /film/production_company/films /m/0k54q 1 1 1 1 1 1
/m/017jv5 /film/production_company/films /m/03r0g9 2 1 1 1 0 1
/m/03jvmp /film/production_company/films /m/06nr2h 2 1 1 1 0 1
/m/030_1m /film/production_company/films /m/07gp9 1 1 1 1 1 1
/m/02hvd /film/production_company/films /m/0btpm6 2 1 1 1 0 1
/m/08wjc1 /film/production_company/films /m/09m6kg 4 1 1 1 0 1
/m/05qd_ /film/production_company/films /m/047qxs 1 1 1 1 1 1
/m/0g1rw /film/production_company/films /m/0glbqt 1 1 1 1 1 1
/m/030_1_ /film/production_company/films /m/01f7jt 1 1 1 1 1 1
/m/02jd_7 /film/production_company/films /m/0hmm7 2 1 1 1 0 1
/m/046b0s /film/production_company/films /m/05r3qc 1 1 1 1 1 1
/m/025hwq /film/production_company/films /m/04ynx7 2 1 1 1 0 1
/m/016tw3 /film/production_company/films /m/07p62k 3 1 1 1 0 1
/m/05qd_ /film/production_company/films /m/0jwvf 1 1 1 1 1 1
/m/0g1rw /film/production_company/films /m/0dc7hc 1 1 1 1 1 1
/m/0gfmc_ /film/production_company/films /m/011yhm 1 1 1 1 1 1
/m/016tw3 /film/production_company/films /m/02xs6_ 2 1 1 1 0 1
/m/02j_j0 /film/production_company/films /m/0g4pl7z 2 1 1 1 0 1
/m/05qd_ /film/production_company/films /m/01shy7 1 1 1 1 1 1
/m/05qd_ /film/production_company/films /m/02y_lrp 1 1 1 1 1 1
/m/05qd_ /film/production_company/films /m/02q0v8n 1 1 1 1 1 1
/m/03xsby /film/production_company/films /m/0dtzkt 1 1 1 1 1 1
/m/024rgt /film/production_company/films /m/01ffx4 1 1 1 1 1 1
/m/056ws9 /film/production_company/films /m/09146g 2 1 1 1 0 1
/m/017s11 /film/production_company/films /m/01xq8v 1 1 1 1 1 1
/m/016tw3 /film/production_company/films /m/0jwmp 2 1 1 1 0 1
/m/0kx4m /film/production_company/films /m/09rsjpv 1 1 1 1 1 1
/m/05mgj0 /film/production_company/films /m/05c5z8j 2 1 1 1 0 1
/m/05qd_ /film/production_company/films /m/03f7nt 2 1 1 1 0 1
/m/05qd_ /film/production_company/films /m/02ptczs 1 1 1 1 1 1
/m/017s11 /film/production_company/films /m/0j90s 1 1 1 1 1 1
/m/04f525m /film/production_company/films /m/05pdh86 1 1 1 1 1 1
/m/01795t /film/production_company/films /m/0_7w6 1 1 1 1 1 1
/m/0gfmc_ /film/production_company/films /m/01z452 1 1 1 1 1 1
/m/016tw3 /film/production_company/films /m/07jxpf 1 1 1 1 1 1
/m/02j_j0 /film/production_company/films /m/03p2xc 4 1 1 1 0 1
/m/05qd_ /film/production_company/films /m/09y6pb 1 1 1 1 1 1
/m/054lpb6 /film/production_company/films /m/0830vk 1 1 1 1 1 1
/m/017s11 /film/production_company/films /m/0k4p0 1 1 1 1 1 1
/m/01795t /film/production_company/films /m/09wnnb 1 1 1 1 1 1
/m/016tw3 /film/production_company/films /m/037cr1 1 1 1 1 1 1
/m/0c41qv /film/production_company/films /m/03b_fm5 2 1 1 1 0 1
/m/01w92 /film/production_company/films /m/01ffx4 10898 10896 0 0 0 0
/m/054lpb6 /film/production_company/films /m/02qr69m 2 1 1 1 0 1
/m/086k8 /film/production_company/films /m/018f8 1 1 1 1 1 1
/m/0jz9f /film/production_company/films /m/08zrbl 1 1 1 1 1 1
/m/016tt2 /film/production_company/films /m/03mh94 1 1 1 1 1 1
/m/032dg7 /film/production_company/films /m/07vf5c 1 1 1 1 1 1
/m/059x3p /film/production_company/films /m/0c40vxk 1 1 1 1 1 1
/m/0338lq /film/production_company/films /m/037q31 1 1 1 1 1 1
/m/0283xx2 /film/production_company/films /m/0gyy53 1 1 1 1 1 1
/m/0c41qv /film/production_company/films /m/026f__m 2 1 1 1 0 1
/m/02j_j0 /film/production_company/films /m/0gjk1d 1 1 1 1 1 1
/m/086k8 /film/production_company/films /m/02sfnv 1 1 1 1 1 1
/m/046b0s /film/production_company/films /m/01bb9r 2 1 1 1 0 1
/m/01gb54 /film/production_company/films /m/011xg5 1 1 1 1 1 1
/m/03sb38 /film/production_company/films /m/016mhd 6 4 1 1 0 0
/m/04rcl7 /film/production_company/films /m/0m63c 2 1 1 1 0 1
/m/05qd_ /film/production_company/films /m/0m491 1 1 1 1 1 1
/m/086k8 /film/production_company/films /m/07gghl 1 1 1 1 1 1
/m/017s11 /film/production_company/films /m/03cyslc 1 1 1 1 1 1
/m/020h2v /film/production_company/films /m/035_2h 2 1 1 1 0 1
/m/04cygb3 /film/production_company/films /m/0cc5mcj 13450 13447 0 0 0 0
/m/05nn2c /film/production_company/films /m/01j5ql 1 1 1 1 1 1
/m/025hwq /film/production_company/films /m/04j14qc 1 1 1 1 1 1
/m/05rrtf /film/production_company/films /m/080nwsb 1 1 1 1 1 1
/m/05nn2c /film/production_company/films /m/09jcj6 4 1 1 1 0 1
/m/05qd_ /film/production_company/films /m/0456zg 1 1 1 1 1 1
/m/05qd_ /film/production_company/films /m/0gndh 1 1 1 1 1 1
/m/0g1rw /film/production_company/films /m/014kkm 1 1 1 1 1 1
/m/046b0s /film/production_company/films /m/09xbpt 2 1 1 1 0 1
/m/017s11 /film/production_company/films /m/0dc7hc 2 1 1 1 0 1
/m/09b3v /film/production_company/films /m/05sxr_ 1 1 1 1 1 1
/m/09b3v /film/production_company/films /m/039zft 1 1 1 1 1 1
/m/09b3v /film/production_company/films /m/07q1m 3 1 1 1 0 1
/m/0283xx2 /film/production_company/films /m/05z_kps 1 1 1 1 1 1
/m/04rcl7 /film/production_company/films /m/0_7w6 6 3 1 1 0 0
/m/025jfl /film/production_company/films /m/0415ggl 1 1 1 1 1 1
/m/056ws9 /film/production_company/films /m/05c26ss 1 1 1 1 1 1
/m/016tt2 /film/production_company/films /m/0ds2n 1 1 1 1 1 1
/m/046b0s /film/production_company/films /m/05650n 1 1 1 1 1 1
/m/04rqd /film/production_company/films /m/0gldyz 1 1 1 1 1 1
/m/031rq5 /film/production_company/films /m/0888c3 1 1 1 1 1 1
/m/09b3v /film/production_company/films /m/06y611 2 1 1 1 0 1
/m/086k8 /film/production_company/films /m/035xwd 1 1 1 1 1 1
/m/086k8 /film/production_company/films /m/09txzv 1 1 1 1 1 1
/m/046b0s /film/production_company/films /m/026hh0m 2 1 1 1 0 1
/m/0kk9v /film/production_company/films /m/04hwbq 1 1 1 1 1 1
/m/03xsby /film/production_company/films /m/0436yk 1 1 1 1 1 1
/m/016tw3 /film/production_company/films /m/0b3n61 3 1 1 1 0 1
/m/016tw3 /film/production_company/films /m/0ccck7 1 1 1 1 1 1
/m/05qd_ /film/production_company/films /m/07g1sm 1 1 1 1 1 1
