/m/01gtc0 /government/legislative_session/members./government/government_position_held/district_represented /m/0vbk 11 1 0 1 0 1
/m/024tkd /government/legislative_session/members./government/government_position_held/district_represented /m/05tbn 34 1 0 1 0 1
/m/02bn_p /government/legislative_session/members./government/government_position_held/district_represented /m/050ks 11 1 0 1 0 1
/m/034_7s /government/legislative_session/members./government/government_position_held/district_represented /m/059t8 2 1 1 1 0 1
/m/01gtcq /government/legislative_session/members./government/government_position_held/district_represented /m/04ych 22 1 0 1 0 1
/m/01gsvb /government/legislative_session/members./government/government_position_held/district_represented /m/04rrd 16 1 0 1 0 1
/m/01gtcc /government/legislative_session/members./government/government_position_held/district_represented /m/026mj 28 1 0 1 0 1
/m/07p__7 /government/legislative_session/members./government/government_position_held/district_represented /m/0824r 13 2 0 1 0 0
/m/01gtcq /government/legislative_session/members./government/government_position_held/district_represented /m/07h34 19 1 0 1 0 1
/m/02gkzs /government/legislative_session/members./government/government_position_held/district_represented /m/04rrd 28 1 0 1 0 1
/m/01gtcc /government/legislative_session/members./government/government_position_held/district_represented /m/0d0x8 25 1 0 1 0 1
/m/070m6c /government/legislative_session/members./government/government_position_held/district_represented /m/07_f2 12 1 0 1 0 1
/m/01gsry /government/legislative_session/members./government/government_position_held/district_represented /m/05tbn 26 1 0 1 0 1
/m/07p__7 /government/legislative_session/members./government/government_position_held/district_represented /m/03v0t 21 3 0 1 0 0
/m/02bqmq /government/legislative_session/members./government/government_position_held/district_represented /m/0g0syc 9 1 1 1 0 1
/m/070mff /government/legislative_session/members./government/government_position_held/district_represented /m/05kkh 16 2 0 1 0 0
/m/01grnp /government/legislative_session/members./government/government_position_held/district_represented /m/05tbn 25 1 0 1 0 1
/m/024tcq /government/legislative_session/members./government/government_position_held/district_represented /m/05fhy 7 1 1 1 0 1
/m/01grqd /government/legislative_session/members./government/government_position_held/district_represented /m/07h34 27 2 0 1 0 0
/m/02bqm0 /government/legislative_session/members./government/government_position_held/district_represented /m/0488g 8 1 1 1 0 1
/m/01gtcq /government/legislative_session/members./government/government_position_held/district_represented /m/07z1m 21 2 0 1 0 0
/m/01gst9 /government/legislative_session/members./government/government_position_held/district_represented /m/04ly1 24 5 0 1 0 0
/m/01gtdd /government/legislative_session/members./government/government_position_held/district_represented /m/05kkh 27 4 0 1 0 0
/m/024tcq /government/legislative_session/members./government/government_position_held/district_represented /m/081yw 3 1 1 1 0 1
/m/04fhps /government/legislative_session/members./government/government_position_held/district_represented /m/06nrt 1 1 1 1 1 1
/m/02bqm0 /government/legislative_session/members./government/government_position_held/district_represented /m/081mh 13 1 0 1 0 1
/m/02glc4 /government/legislative_session/members./government/government_position_held/district_represented /m/050l8 8 1 1 1 0 1
/m/02bp37 /government/legislative_session/members./government/government_position_held/district_represented /m/050ks 19 1 0 1 0 1
/m/01grr2 /government/legislative_session/members./government/government_position_held/district_represented /m/05k7sb 14 1 0 1 0 1
/m/077g7n /government/legislative_session/members./government/government_position_held/district_represented /m/03s0w 6 1 1 1 0 1
/m/070mff /government/legislative_session/members./government/government_position_held/district_represented /m/07b_l 7 1 1 1 0 1
/m/02bqn1 /government/legislative_session/members./government/government_position_held/district_represented /m/07srw 4 1 1 1 0 1
/m/02bn_p /government/legislative_session/members./government/government_position_held/district_represented /m/0824r 6 1 1 1 0 1
/m/02bp37 /government/legislative_session/members./government/government_position_held/district_represented /m/06mz5 9 1 1 1 0 1
/m/070mff /government/legislative_session/members./government/government_position_held/district_represented /m/05fhy 5 1 1 1 0 1
/m/024tcq /government/legislative_session/members./government/government_position_held/district_represented /m/05kj_ 6 1 1 1 0 1
/m/01grmk /government/legislative_session/members./government/government_position_held/district_represented /m/07z1m 44 17 0 0 0 0
/m/02glc4 /government/legislative_session/members./government/government_position_held/district_represented /m/03s0w 15 1 0 1 0 1
/m/02bp37 /government/legislative_session/members./government/government_position_held/district_represented /m/059_c 13 1 0 1 0 1
/m/01h7xx /government/legislative_session/members./government/government_position_held/district_represented /m/059rby 35 1 0 1 0 1
/m/07p__7 /government/legislative_session/members./government/government_position_held/district_represented /m/0g0syc 25 8 0 1 0 0
/m/01gsvp /government/legislative_session/members./government/government_position_held/district_represented /m/05kkh 31 5 0 1 0 0
/m/01gsvp /government/legislative_session/members./government/government_position_held/district_represented /m/05fjf 31 1 0 1 0 1
/m/01gtbb /government/legislative_session/members./government/government_position_held/district_represented /m/050ks 18 1 0 1 0 1
/m/01gtc0 /government/legislative_session/members./government/government_position_held/district_represented /m/04tgp 20 1 0 1 0 1
/m/043djx /government/legislative_session/members./government/government_position_held/district_represented /m/03v0t 8 1 1 1 0 1
/m/02bn_p /government/legislative_session/members./government/government_position_held/district_represented /m/081yw 6 1 1 1 0 1
/m/01gssz /government/legislative_session/members./government/government_position_held/district_represented /m/05fkf 22 2 0 1 0 0
/m/01gst_ /government/legislative_session/members./government/government_position_held/district_represented /m/03v1s 29 3 0 1 0 0
/m/03rl1g /government/legislative_session/members./government/government_position_held/district_represented /m/059rby 15 1 0 1 0 1
/m/043djx /government/legislative_session/members./government/government_position_held/district_represented /m/0g0syc 18 3 0 1 0 0
/m/02cg7g /government/legislative_session/members./government/government_position_held/district_represented /m/0gyh 7 1 1 1 0 1
/m/01gtcq /government/legislative_session/members./government/government_position_held/district_represented /m/0vbk 12 1 0 1 0 1
/m/03tcbx /government/legislative_session/members./government/government_position_held/district_represented /m/03gh4 17 1 0 1 0 1
/m/01gtcq /government/legislative_session/members./government/government_position_held/district_represented /m/04ly1 19 4 0 1 0 0
/m/070mff /government/legislative_session/members./government/government_position_held/district_represented /m/06btq 20 1 0 1 0 1
/m/01h7xx /government/legislative_session/members./government/government_position_held/district_represented /m/07h34 23 2 0 1 0 0
/m/01gtcc /government/legislative_session/members./government/government_position_held/district_represented /m/04ly1 20 4 0 1 0 0
/m/01grp0 /government/legislative_session/members./government/government_position_held/district_represented /m/026mj 26 1 0 1 0 1
/m/03ww_x /government/legislative_session/members./government/government_position_held/district_represented /m/07_f2 42 1 0 1 0 1
/m/01gst9 /government/legislative_session/members./government/government_position_held/district_represented /m/0498y 38 2 0 1 0 0
/m/070mff /government/legislative_session/members./government/government_position_held/district_represented /m/081yw 5 1 1 1 0 1
/m/01gtcc /government/legislative_session/members./government/government_position_held/district_represented /m/0498y 27 2 0 1 0 0
/m/01gtcc /government/legislative_session/members./government/government_position_held/district_represented /m/06btq 19 1 0 1 0 1
/m/06f0dc /government/legislative_session/members./government/government_position_held/district_represented /m/0gj4fx 8 1 1 1 0 1
/m/04h1rz /government/legislative_session/members./government/government_position_held/district_represented /m/03gh4 18 1 0 1 0 1
/m/01h7xx /government/legislative_session/members./government/government_position_held/district_represented /m/01x73 34 1 0 1 0 1
/m/03rl1g /government/legislative_session/members./government/government_position_held/district_represented /m/05fkf 10 1 1 1 0 1
/m/04fhps /government/legislative_session/members./government/government_position_held/district_represented /m/05kr_ 2 1 1 1 0 1
/m/01grq1 /government/legislative_session/members./government/government_position_held/district_represented /m/07_f2 19 1 0 1 0 1
/m/024tcq /government/legislative_session/members./government/government_position_held/district_represented /m/0vmt 8 1 1 1 0 1
/m/024tkd /government/legislative_session/members./government/government_position_held/district_represented /m/02xry 13 4 0 1 0 0
/m/02bn_p /government/legislative_session/members./government/government_position_held/district_represented /m/03gh4 11 1 0 1 0 1
/m/02bp37 /government/legislative_session/members./government/government_position_held/district_represented /m/01n7q 15 3 0 1 0 0
/m/01gsvb /government/legislative_session/members./government/government_position_held/district_represented /m/04ly1 9 2 1 1 0 0
/m/01gst9 /government/legislative_session/members./government/government_position_held/district_represented /m/05tbn 38 1 0 1 0 1
/m/01gstn /government/legislative_session/members./government/government_position_held/district_represented /m/0498y 29 2 0 1 0 0
/m/01gstn /government/legislative_session/members./government/government_position_held/district_represented /m/05tbn 30 1 0 1 0 1
/m/024tkd /government/legislative_session/members./government/government_position_held/district_represented /m/081mh 16 1 0 1 0 1
/m/01h7xx /government/legislative_session/members./government/government_position_held/district_represented /m/07b_l 15 3 0 1 0 0
/m/070m6c /government/legislative_session/members./government/government_position_held/district_represented /m/04tgp 15 1 0 1 0 1
/m/06f0dc /government/legislative_session/members./government/government_position_held/district_represented /m/059f4 11 1 0 1 0 1
/m/024tkd /government/legislative_session/members./government/government_position_held/district_represented /m/05k7sb 35 1 0 1 0 1
/m/01gtdd /government/legislative_session/members./government/government_position_held/district_represented /m/04rrx 26 5 0 1 0 0
/m/01gtdd /government/legislative_session/members./government/government_position_held/district_represented /m/050ks 9 1 1 1 0 1
/m/070m6c /government/legislative_session/members./government/government_position_held/district_represented /m/081yw 2 1 1 1 0 1
/m/06f0dc /government/legislative_session/members./government/government_position_held/district_represented /m/04rrx 22 5 0 1 0 0
/m/06f0dc /government/legislative_session/members./government/government_position_held/district_represented /m/04tgp 21 1 0 1 0 1
/m/01grqd /government/legislative_session/members./government/government_position_held/district_represented /m/05fkf 31 3 0 1 0 0
/m/024tkd /government/legislative_session/members./government/government_position_held/district_represented /m/07b_l 13 3 0 1 0 0
/m/01grpq /government/legislative_session/members./government/government_position_held/district_represented /m/0498y 41 2 0 1 0 0
/m/01gtcq /government/legislative_session/members./government/government_position_held/district_represented /m/0498y 36 2 0 1 0 0
/m/070mff /government/legislative_session/members./government/government_position_held/district_represented /m/07z1m 19 2 0 1 0 0
/m/01gtbb /government/legislative_session/members./government/government_position_held/district_represented /m/05fjf 40 1 0 1 0 1
/m/070m6c /government/legislative_session/members./government/government_position_held/district_represented /m/05mph 4 1 1 1 0 1
/m/02bp37 /government/legislative_session/members./government/government_position_held/district_represented /m/07_f2 24 1 0 1 0 1
/m/01gsvb /government/legislative_session/members./government/government_position_held/district_represented /m/07_f2 21 1 0 1 0 1
/m/070mff /government/legislative_session/members./government/government_position_held/district_represented /m/05k7sb 20 1 0 1 0 1
/m/070m6c /government/legislative_session/members./government/government_position_held/district_represented /m/0824r 9 1 1 1 0 1
/m/043djx /government/legislative_session/members./government/government_position_held/district_represented /m/01n7q 13 3 0 1 0 0
/m/01gsry /government/legislative_session/members./government/government_position_held/district_represented /m/05k7sb 26 1 0 1 0 1
/m/034_7s /government/legislative_session/members./government/government_position_held/district_represented /m/059ts 2 1 1 1 0 1
/m/01grpq /government/legislative_session/members./government/government_position_held/district_represented /m/07h34 27 2 0 1 0 0
/m/02bn_p /government/legislative_session/members./government/government_position_held/district_represented /m/06btq 29 1 0 1 0 1
/m/077g7n /government/legislative_session/members./government/government_position_held/district_represented /m/05kkh 6 1 1 1 0 1
/m/06f0dc /government/legislative_session/members./government/government_position_held/district_represented /m/050ks 16 1 0 1 0 1
/m/01grrf /government/legislative_session/members./government/government_position_held/district_represented /m/07z1m 13 1 0 1 0 1
/m/01gtc0 /government/legislative_session/members./government/government_position_held/district_represented /m/04rrd 14 1 0 1 0 1
/m/024tkd /government/legislative_session/members./government/government_position_held/district_represented /m/03s5t 7 1 1 1 0 1
/m/01grrf /government/legislative_session/members./government/government_position_held/district_represented /m/05tbn 31 1 0 1 0 1
/m/07p__7 /government/legislative_session/members./government/government_position_held/district_represented /m/03gh4 14 1 0 1 0 1
/m/01gsvp /government/legislative_session/members./government/government_position_held/district_represented /m/0gyh 25 1 0 1 0 1
/m/01gsvp /government/legislative_session/members./government/government_position_held/district_represented /m/04ly1 25 5 0 1 0 0
/m/077g7n /government/legislative_session/members./government/government_position_held/district_represented /m/05fjy 5 1 1 1 0 1
/m/01gtc0 /government/legislative_session/members./government/government_position_held/district_represented /m/04ly1 14 3 0 1 0 0
/m/01grrf /government/legislative_session/members./government/government_position_held/district_represented /m/05k7sb 32 1 0 1 0 1
/m/01grpq /government/legislative_session/members./government/government_position_held/district_represented /m/07_f2 41 1 0 1 0 1
