/m/0nm87 /location/administrative_division/second_level_division_of /m/09c7w0 139 2 0 1 0 0
/m/0ntpv /location/administrative_division/second_level_division_of /m/09c7w0 194 35 0 0 0 0
/m/0m257 /location/administrative_division/second_level_division_of /m/09c7w0 118 2 0 1 0 0
/m/0fpn8 /location/administrative_division/second_level_division_of /m/09c7w0 115 2 0 1 0 0
/m/0mw1j /location/administrative_division/second_level_division_of /m/09c7w0 143 2 0 1 0 0
/m/0p0fc /location/administrative_division/second_level_division_of /m/09c7w0 139 2 0 1 0 0
/m/05ksh /location/administrative_division/second_level_division_of /m/0d060g 2 1 1 1 0 1
/m/0nvg4 /location/administrative_division/second_level_division_of /m/09c7w0 114 2 0 1 0 0
/m/036k0s /location/administrative_division/second_level_division_of /m/0d060g 3 1 1 1 0 1
/m/0n57k /location/administrative_division/second_level_division_of /m/09c7w0 157 5 0 1 0 0
/m/0l2k7 /location/administrative_division/second_level_division_of /m/09c7w0 133 2 0 1 0 0
/m/0n6mc /location/administrative_division/second_level_division_of /m/09c7w0 140 2 0 1 0 0
/m/0j4q1 /location/administrative_division/second_level_division_of /m/02jx1 30 2 0 1 0 0
/m/0537y_ /location/administrative_division/second_level_division_of /m/03rjj 9 1 1 1 0 1
/m/0n56v /location/administrative_division/second_level_division_of /m/09c7w0 128 2 0 1 0 0
/m/0k3kg /location/administrative_division/second_level_division_of /m/09c7w0 157 5 0 1 0 0
/m/0n1v8 /location/administrative_division/second_level_division_of /m/09c7w0 127 2 0 1 0 0
/m/0nj1c /location/administrative_division/second_level_division_of /m/09c7w0 126 2 0 1 0 0
/m/043z0 /location/administrative_division/second_level_division_of /m/09c7w0 132 2 0 1 0 0
/m/0fc2c /location/administrative_division/second_level_division_of /m/09c7w0 128 2 0 1 0 0
/m/0n5fz /location/administrative_division/second_level_division_of /m/09c7w0 124 2 0 1 0 0
/m/0mp36 /location/administrative_division/second_level_division_of /m/09c7w0 58 2 0 1 0 0
/m/0htx8 /location/administrative_division/second_level_division_of /m/02jx1 18 1 0 1 0 1
/m/03kfl /location/administrative_division/second_level_division_of /m/059j2 10 1 1 1 0 1
/m/0dyjz /location/administrative_division/second_level_division_of /m/02jx1 22 2 0 1 0 0
/m/0h7h6 /location/administrative_division/second_level_division_of /m/0d060g 1 1 1 1 1 1
/m/0fgj2 /location/administrative_division/second_level_division_of /m/02jx1 87 49 0 0 0 0
/m/0cv0r /location/administrative_division/second_level_division_of /m/09c7w0 122 2 0 1 0 0
/m/0kcrd /location/administrative_division/second_level_division_of /m/09c7w0 120 2 0 1 0 0
/m/05qtj /location/administrative_division/second_level_division_of /m/0f8l9c 3 1 1 1 0 1
/m/0ht8h /location/administrative_division/second_level_division_of /m/02jx1 16 1 0 1 0 1
/m/0mhl6 /location/administrative_division/second_level_division_of /m/0f8l9c 35 18 0 0 0 0
/m/0n2kw /location/administrative_division/second_level_division_of /m/09c7w0 139 2 0 1 0 0
/m/0m2b5 /location/administrative_division/second_level_division_of /m/09c7w0 123 2 0 1 0 0
/m/0nht0 /location/administrative_division/second_level_division_of /m/09c7w0 144 2 0 1 0 0
/m/0nrnz /location/administrative_division/second_level_division_of /m/09c7w0 148 2 0 1 0 0
/m/0lmgy /location/administrative_division/second_level_division_of /m/09c7w0 172 14 0 0 0 0
/m/0mw2m /location/administrative_division/second_level_division_of /m/09c7w0 145 2 0 1 0 0
/m/0mlyj /location/administrative_division/second_level_division_of /m/09c7w0 133 2 0 1 0 0
/m/04vg8 /location/administrative_division/second_level_division_of /m/0f8l9c 13 1 0 1 0 1
/m/03x3l /location/administrative_division/second_level_division_of /m/02jx1 75 37 0 0 0 0
/m/05zhg /location/administrative_division/second_level_division_of /m/02jx1 15 1 0 1 0 1
/m/0nm9y /location/administrative_division/second_level_division_of /m/09c7w0 161 5 0 1 0 0
/m/0cymp /location/administrative_division/second_level_division_of /m/09c7w0 151 2 0 1 0 0
/m/0k3k1 /location/administrative_division/second_level_division_of /m/09c7w0 121 2 0 1 0 0
/m/0k3l5 /location/administrative_division/second_level_division_of /m/09c7w0 153 2 0 1 0 0
/m/0l178 /location/administrative_division/second_level_division_of /m/0f8l9c 5 1 1 1 0 1
/m/0nty_ /location/administrative_division/second_level_division_of /m/09c7w0 131 2 0 1 0 0
/m/011pcj /location/administrative_division/second_level_division_of /m/07ssc 14 1 0 1 0 1
/m/0kwmc /location/administrative_division/second_level_division_of /m/09c7w0 119 2 0 1 0 0
/m/0mlvc /location/administrative_division/second_level_division_of /m/09c7w0 124 2 0 1 0 0
/m/051ls /location/administrative_division/second_level_division_of /m/059j2 9 1 1 1 0 1
/m/09cpb /location/administrative_division/second_level_division_of /m/02jx1 21 2 0 1 0 0
/m/0m_zm /location/administrative_division/second_level_division_of /m/03rt9 10 1 1 1 0 1
/m/03tm68 /location/administrative_division/second_level_division_of /m/03rjj 10 1 1 1 0 1
/m/0k3j0 /location/administrative_division/second_level_division_of /m/09c7w0 130 2 0 1 0 0
