/m/0498y /location/location/adjoin_s./location/adjoining_relationship/adjoins /m/07h34 1 1 1 1 1 1
/m/0l2nd /location/location/adjoin_s./location/adjoining_relationship/adjoins /m/0kq2g 2 1 1 1 0 1
/m/0mwjk /location/location/adjoin_s./location/adjoining_relationship/adjoins /m/0n228 1 1 1 1 1 1
/m/0694j /location/location/adjoin_s./location/adjoining_relationship/adjoins /m/059s8 1 1 1 1 1 1
/m/07371 /location/location/adjoin_s./location/adjoining_relationship/adjoins /m/0d9rp 1 1 1 1 1 1
/m/0f4zv /location/location/adjoin_s./location/adjoining_relationship/adjoins /m/0fczy 1 1 1 1 1 1
/m/0n5bk /location/location/adjoin_s./location/adjoining_relationship/adjoins /m/0fkh6 1 1 1 1 1 1
/m/0l2yf /location/location/adjoin_s./location/adjoining_relationship/adjoins /m/0l2xl 1 1 1 1 1 1
/m/05fhy /location/location/adjoin_s./location/adjoining_relationship/adjoins /m/03s0w 1 1 1 1 1 1
/m/04vjh /location/location/adjoin_s./location/adjoining_relationship/adjoins /m/04v09 2 1 1 1 0 1
/m/05cc1 /location/location/adjoin_s./location/adjoining_relationship/adjoins /m/04gqr 3 1 1 1 0 1
/m/0g39h /location/location/adjoin_s./location/adjoining_relationship/adjoins /m/05ff6 1 1 1 1 1 1
/m/059s8 /location/location/adjoin_s./location/adjoining_relationship/adjoins /m/05rh2 1 1 1 1 1 1
/m/059ts /location/location/adjoin_s./location/adjoining_relationship/adjoins /m/06nrt 1 1 1 1 1 1
/m/0fhnf /location/location/adjoin_s./location/adjoining_relationship/adjoins /m/01gpzx 1 1 1 1 1 1
/m/04hhv /location/location/adjoin_s./location/adjoining_relationship/adjoins /m/07f1x 1 1 1 1 1 1
/m/05kr_ /location/location/adjoin_s./location/adjoining_relationship/adjoins /m/02gt5s 2 1 1 1 0 1
/m/059qw /location/location/adjoin_s./location/adjoining_relationship/adjoins /m/017jq 3 1 1 1 0 1
/m/01n7q /location/location/adjoin_s./location/adjoining_relationship/adjoins /m/0b90_r 2 1 1 1 0 1
/m/0s3y5 /location/location/adjoin_s./location/adjoining_relationship/adjoins /m/0s3pw 1 1 1 1 1 1
/m/0n6mc /location/location/adjoin_s./location/adjoining_relationship/adjoins /m/0235l 1 1 1 1 1 1
/m/0d6lp /location/location/adjoin_s./location/adjoining_relationship/adjoins /m/0dc95 3 1 1 1 0 1
/m/0bxqq /location/location/adjoin_s./location/adjoining_relationship/adjoins /m/0l34j 2 1 1 1 0 1
/m/06t8v /location/location/adjoin_s./location/adjoining_relationship/adjoins /m/01pj7 10 6 1 1 0 0
/m/0myn8 /location/location/adjoin_s./location/adjoining_relationship/adjoins /m/0n228 3 2 1 1 0 0
/m/05cgv /location/location/adjoin_s./location/adjoining_relationship/adjoins /m/01p1b 2 1 1 1 0 1
/m/0n6rv /location/location/adjoin_s./location/adjoining_relationship/adjoins /m/0jcjq 2 1 1 1 0 1
/m/01z215 /location/location/adjoin_s./location/adjoining_relationship/adjoins /m/0d05q4 3 1 1 1 0 1
/m/06dfg /location/location/adjoin_s./location/adjoining_relationship/adjoins /m/07dzf 3 1 1 1 0 1
/m/0d05w3 /location/location/adjoin_s./location/adjoining_relationship/adjoins /m/03_3d 1 1 1 1 1 1
/m/0d05w3 /location/location/adjoin_s./location/adjoining_relationship/adjoins /m/06f32 1 1 1 1 1 1
/m/019rg5 /location/location/adjoin_s./location/adjoining_relationship/adjoins /m/06tgw 3 1 1 1 0 1
/m/0345h /location/location/adjoin_s./location/adjoining_relationship/adjoins /m/0h7x 9 4 1 1 0 0
/m/07z1m /location/location/adjoin_s./location/adjoining_relationship/adjoins /m/04rrd 2 1 1 1 0 1
/m/03676 /location/location/adjoin_s./location/adjoining_relationship/adjoins /m/06srk 1 1 1 1 1 1
/m/01531 /location/location/adjoin_s./location/adjoining_relationship/adjoins /m/02m4d 2 1 1 1 0 1
/m/0ndh6 /location/location/adjoin_s./location/adjoining_relationship/adjoins /m/0ntxg 2 1 1 1 0 1
/m/0vmt /location/location/adjoin_s./location/adjoining_relationship/adjoins /m/01n7q 6 3 1 1 0 0
/m/0k3jq /location/location/adjoin_s./location/adjoining_relationship/adjoins /m/0k3j0 3 1 1 1 0 1
/m/01n7q /location/location/adjoin_s./location/adjoining_relationship/adjoins /m/0vmt 5 2 1 1 0 0
/m/05fhy /location/location/adjoin_s./location/adjoining_relationship/adjoins /m/0488g 1 1 1 1 1 1
/m/0fxyd /location/location/adjoin_s./location/adjoining_relationship/adjoins /m/0mwzv 1 1 1 1 1 1
/m/02kcz /location/location/adjoin_s./location/adjoining_relationship/adjoins /m/03548 1 1 1 1 1 1
/m/04p0c /location/location/adjoin_s./location/adjoining_relationship/adjoins /m/03hrz 1 1 1 1 1 1
/m/04rrx /location/location/adjoin_s./location/adjoining_relationship/adjoins /m/05kkh 3 1 1 1 0 1
/m/0nm9h /location/location/adjoin_s./location/adjoining_relationship/adjoins /m/0nm3n 2 1 1 1 0 1
/m/0mwl2 /location/location/adjoin_s./location/adjoining_relationship/adjoins /m/0mwds 1 1 1 1 1 1
/m/0mwl2 /location/location/adjoin_s./location/adjoining_relationship/adjoins /m/0fxyd 2 1 1 1 0 1
/m/059ts /location/location/adjoin_s./location/adjoining_relationship/adjoins /m/0h5qxv 1 1 1 1 1 1
/m/0m2gz /location/location/adjoin_s./location/adjoining_relationship/adjoins /m/0dc3_ 1 1 1 1 1 1
/m/01rxw /location/location/adjoin_s./location/adjoining_relationship/adjoins /m/0j4b 2 1 1 1 0 1
/m/0824r /location/location/adjoin_s./location/adjoining_relationship/adjoins /m/04rrx 1 1 1 1 1 1
/m/05rznz /location/location/adjoin_s./location/adjoining_relationship/adjoins /m/06tw8 3 1 1 1 0 1
/m/0j3b /location/location/adjoin_s./location/adjoining_relationship/adjoins /m/0f8l9c 7 1 1 1 0 1
/m/0m2b5 /location/location/adjoin_s./location/adjoining_relationship/adjoins /m/0m24v 1 1 1 1 1 1
/m/0nm3n /location/location/adjoin_s./location/adjoining_relationship/adjoins /m/0nm9h 2 1 1 1 0 1
/m/059ts /location/location/adjoin_s./location/adjoining_relationship/adjoins /m/015jr 1 1 1 1 1 1
/m/0fqxw /location/location/adjoin_s./location/adjoining_relationship/adjoins /m/0d9rp 1 1 1 1 1 1
/m/0mxhc /location/location/adjoin_s./location/adjoining_relationship/adjoins /m/0mx0f 1 1 1 1 1 1
/m/0p0cw /location/location/adjoin_s./location/adjoining_relationship/adjoins /m/0p03t 2 1 1 1 0 1
/m/077qn /location/location/adjoin_s./location/adjoining_relationship/adjoins /m/0166b 2 1 1 1 0 1
/m/03__y /location/location/adjoin_s./location/adjoining_relationship/adjoins /m/0d05q4 2 1 1 1 0 1
/m/06bnz /location/location/adjoin_s./location/adjoining_relationship/adjoins /m/047lj 6 4 1 1 0 0
/m/0l2l3 /location/location/adjoin_s./location/adjoining_relationship/adjoins /m/0kv4k 2 1 1 1 0 1
/m/0ms1n /location/location/adjoin_s./location/adjoining_relationship/adjoins /m/0mq17 1 1 1 1 1 1
/m/0fc1m /location/location/adjoin_s./location/adjoining_relationship/adjoins /m/0fc2c 1 1 1 1 1 1
/m/0mrf1 /location/location/adjoin_s./location/adjoining_relationship/adjoins /m/0msck 1 1 1 1 1 1
/m/03s5t /location/location/adjoin_s./location/adjoining_relationship/adjoins /m/050l8 2 1 1 1 0 1
/m/0j3b /location/location/adjoin_s./location/adjoining_relationship/adjoins /m/012wgb 1 1 1 1 1 1
/m/0j3b /location/location/adjoin_s./location/adjoining_relationship/adjoins /m/02j9z 3 1 1 1 0 1
/m/052p7 /location/location/adjoin_s./location/adjoining_relationship/adjoins /m/01dbxr 1 1 1 1 1 1
/m/04ykg /location/location/adjoin_s./location/adjoining_relationship/adjoins /m/04s7y 1 1 1 1 1 1
/m/0jdd /location/location/adjoin_s./location/adjoining_relationship/adjoins /m/07dvs 1 1 1 1 1 1
/m/0ms1n /location/location/adjoin_s./location/adjoining_relationship/adjoins /m/0mr_8 2 1 1 1 0 1
/m/0k3ll /location/location/adjoin_s./location/adjoining_relationship/adjoins /m/0k3k1 1 1 1 1 1 1
/m/0n5fl /location/location/adjoin_s./location/adjoining_relationship/adjoins /m/0n57k 1 1 1 1 1 1
/m/0f6zs /location/location/adjoin_s./location/adjoining_relationship/adjoins /m/0f60c 1 1 1 1 1 1
/m/019rg5 /location/location/adjoin_s./location/adjoining_relationship/adjoins /m/019pcs 3 1 1 1 0 1
/m/05fkf /location/location/adjoin_s./location/adjoining_relationship/adjoins /m/07h34 2 1 1 1 0 1
/m/0p0mx /location/location/adjoin_s./location/adjoining_relationship/adjoins /m/02j7k 4 1 1 1 0 1
/m/0n5kc /location/location/adjoin_s./location/adjoining_relationship/adjoins /m/0n5j7 1 1 1 1 1 1
/m/0k3kv /location/location/adjoin_s./location/adjoining_relationship/adjoins /m/0k3gw 1 1 1 1 1 1
/m/09krp /location/location/adjoin_s./location/adjoining_relationship/adjoins /m/06jtd 1 1 1 1 1 1
/m/07t21 /location/location/adjoin_s./location/adjoining_relationship/adjoins /m/06c1y 1 1 1 1 1 1
/m/0mx4_ /location/location/adjoin_s./location/adjoining_relationship/adjoins /m/0mxcf 2 1 1 1 0 1
/m/03spz /location/location/adjoin_s./location/adjoining_relationship/adjoins /m/03__y 2 1 1 1 0 1
/m/0m2lt /location/location/adjoin_s./location/adjoining_relationship/adjoins /m/0n5gb 1 1 1 1 1 1
/m/0f6_4 /location/location/adjoin_s./location/adjoining_relationship/adjoins /m/0fmc5 3 1 1 1 0 1
/m/01n4w /location/location/adjoin_s./location/adjoining_relationship/adjoins /m/05mph 3 1 1 1 0 1
/m/0n5c9 /location/location/adjoin_s./location/adjoining_relationship/adjoins /m/0n59f 1 1 1 1 1 1
/m/0n5yh /location/location/adjoin_s./location/adjoining_relationship/adjoins /m/0k3k1 2 1 1 1 0 1
/m/0j3b /location/location/adjoin_s./location/adjoining_relationship/adjoins /m/05c74 1 1 1 1 1 1
/m/0l2vz /location/location/adjoin_s./location/adjoining_relationship/adjoins /m/0d6lp 4 1 1 1 0 1
/m/070zc /location/location/adjoin_s./location/adjoining_relationship/adjoins /m/07nf6 3 1 1 1 0 1
/m/0j_1v /location/location/adjoin_s./location/adjoining_relationship/adjoins /m/0fxkr 1 1 1 1 1 1
/m/0m2dk /location/location/adjoin_s./location/adjoining_relationship/adjoins /m/0m24v 2 1 1 1 0 1
/m/0hkq4 /location/location/adjoin_s./location/adjoining_relationship/adjoins /m/0121h7 0 0 0 0
/m/0chghy /location/location/adjoin_s./location/adjoining_relationship/adjoins /m/02lx0 1 1 1 1 1 1
/m/05ff6 /location/location/adjoin_s./location/adjoining_relationship/adjoins /m/06mtq 3 1 1 1 0 1
/m/0fpn8 /location/location/adjoin_s./location/adjoining_relationship/adjoins /m/0dc3_ 1 1 1 1 1 1
/m/0mmpz /location/location/adjoin_s./location/adjoining_relationship/adjoins /m/0mlzk 3 1 1 1 0 1
/m/0m2kw /location/location/adjoin_s./location/adjoining_relationship/adjoins /m/0n5hh 2 1 1 1 0 1
/m/0mlzk /location/location/adjoin_s./location/adjoining_relationship/adjoins /m/0mlvc 1 1 1 1 1 1
/m/0179q0 /location/location/adjoin_s./location/adjoining_relationship/adjoins /m/080h2 1 1 1 1 1 1
/m/03v1s /location/location/adjoin_s./location/adjoining_relationship/adjoins /m/04rrx 3 1 1 1 0 1
/m/0b90_r /location/location/adjoin_s./location/adjoining_relationship/adjoins /m/0345_ 1 1 1 1 1 1
/m/04rrd /location/location/adjoin_s./location/adjoining_relationship/adjoins /m/05tbn 2 1 1 1 0 1
/m/01yj2 /location/location/adjoin_s./location/adjoining_relationship/adjoins /m/0j3b 6 1 1 1 0 1
/m/09c7w0 /location/location/adjoin_s./location/adjoining_relationship/adjoins /m/0b90_r 1 1 1 1 1 1
/m/06npd /location/location/adjoin_s./location/adjoining_relationship/adjoins /m/03gj2 1 1 1 1 1 1
/m/04ych /location/location/adjoin_s./location/adjoining_relationship/adjoins /m/0498y 1 1 1 1 1 1
/m/04tgp /location/location/adjoin_s./location/adjoining_relationship/adjoins /m/0gyh 2 1 1 1 0 1
/m/0nm3n /location/location/adjoin_s./location/adjoining_relationship/adjoins /m/0n5_t 2 1 1 1 0 1
/m/0mw7h /location/location/adjoin_s./location/adjoining_relationship/adjoins /m/0cv0r 1 1 1 1 1 1
/m/01ls2 /location/location/adjoin_s./location/adjoining_relationship/adjoins /m/05qx1 1 1 1 1 1 1
/m/02khs /location/location/adjoin_s./location/adjoining_relationship/adjoins /m/027jk 3 1 1 1 0 1
/m/0nv2x /location/location/adjoin_s./location/adjoining_relationship/adjoins /m/0ntwb 1 1 1 1 1 1
/m/0nj3m /location/location/adjoin_s./location/adjoining_relationship/adjoins /m/0nj1c 1 1 1 1 1 1
/m/035dk /location/location/adjoin_s./location/adjoining_relationship/adjoins /m/0fv4v 6 4 1 1 0 0
/m/0fkhz /location/location/adjoin_s./location/adjoining_relationship/adjoins /m/0fc_9 1 1 1 1 1 1
/m/07srw /location/location/adjoin_s./location/adjoining_relationship/adjoins /m/03s5t 3 1 1 1 0 1
/m/015fr /location/location/adjoin_s./location/adjoining_relationship/adjoins /m/07twz 1 1 1 1 1 1
/m/0mm0p /location/location/adjoin_s./location/adjoining_relationship/adjoins /m/0mmr1 1 1 1 1 1 1
/m/059qw /location/location/adjoin_s./location/adjoining_relationship/adjoins /m/0j3b 4 1 1 1 0 1
/m/0mwxl /location/location/adjoin_s./location/adjoining_relationship/adjoins /m/0m7d0 1 1 1 1 1 1
/m/07t_x /location/location/adjoin_s./location/adjoining_relationship/adjoins /m/0jt3tjf 1 1 1 1 1 1
/m/0mx5p /location/location/adjoin_s./location/adjoining_relationship/adjoins /m/0mxcf 1 1 1 1 1 1
/m/0l339 /location/location/adjoin_s./location/adjoining_relationship/adjoins /m/0mx6c 1 1 1 1 1 1
/m/03rz4 /location/location/adjoin_s./location/adjoining_relationship/adjoins /m/01tjt2 1 1 1 1 1 1
/m/0mwx6 /location/location/adjoin_s./location/adjoining_relationship/adjoins /m/0mww2 1 1 1 1 1 1
/m/01znc_ /location/location/adjoin_s./location/adjoining_relationship/adjoins /m/04swx 3 1 1 1 0 1
/m/0498y /location/location/adjoin_s./location/adjoining_relationship/adjoins /m/05kkh 2 1 1 1 0 1
/m/0drs7 /location/location/adjoin_s./location/adjoining_relationship/adjoins /m/0f4zv 1 1 1 1 1 1
/m/0h3y /location/location/adjoin_s./location/adjoining_relationship/adjoins /m/05cc1 3 1 1 1 0 1
/m/07t21 /location/location/adjoin_s./location/adjoining_relationship/adjoins /m/04w4s 1 1 1 1 1 1
/m/0h7x /location/location/adjoin_s./location/adjoining_relationship/adjoins /m/0345h 7 2 1 1 0 0
/m/0l2wt /location/location/adjoin_s./location/adjoining_relationship/adjoins /m/0l2v0 1 1 1 1 1 1
/m/059qw /location/location/adjoin_s./location/adjoining_relationship/adjoins /m/02j7k 3 1 1 1 0 1
/m/0yls9 /location/location/adjoin_s./location/adjoining_relationship/adjoins /m/0ylsr 2 1 1 1 0 1
/m/0njpq /location/location/adjoin_s./location/adjoining_relationship/adjoins /m/0nj3m 1 1 1 1 1 1
/m/0pmn7 /location/location/adjoin_s./location/adjoining_relationship/adjoins /m/0j3b 6 1 1 1 0 1
/m/0h7jp /location/location/adjoin_s./location/adjoining_relationship/adjoins /m/0c82s 1 1 1 1 1 1
/m/043z0 /location/location/adjoin_s./location/adjoining_relationship/adjoins /m/0nj0m 1 1 1 1 1 1
/m/01znc_ /location/location/adjoin_s./location/adjoining_relationship/adjoins /m/0jgx 1 1 1 1 1 1
/m/02j7k /location/location/adjoin_s./location/adjoining_relationship/adjoins /m/01c6zg 1 1 1 1 1 1
/m/02gt5s /location/location/adjoin_s./location/adjoining_relationship/adjoins /m/04kbn 1 1 1 1 1 1
/m/07tp2 /location/location/adjoin_s./location/adjoining_relationship/adjoins /m/07dzf 6 2 1 1 0 0
/m/02dtg /location/location/adjoin_s./location/adjoining_relationship/adjoins /m/0vm5t 1 1 1 1 1 1
/m/07f5x /location/location/adjoin_s./location/adjoining_relationship/adjoins /m/0164v 2 1 1 1 0 1
/m/05fjy /location/location/adjoin_s./location/adjoining_relationship/adjoins /m/07srw 1 1 1 1 1 1
/m/05fjy /location/location/adjoin_s./location/adjoining_relationship/adjoins /m/01n4w 1 1 1 1 1 1
/m/047lj /location/location/adjoin_s./location/adjoining_relationship/adjoins /m/06bnz 9 5 1 1 0 0
/m/0m25p /location/location/adjoin_s./location/adjoining_relationship/adjoins /m/0m2dk 1 1 1 1 1 1
/m/06c1y /location/location/adjoin_s./location/adjoining_relationship/adjoins /m/015qh 1 1 1 1 1 1
/m/0h3y /location/location/adjoin_s./location/adjoining_relationship/adjoins /m/04vjh 1 1 1 1 1 1
/m/0dn8b /location/location/adjoin_s./location/adjoining_relationship/adjoins /m/0cv0r 2 1 1 1 0 1
/m/0nvrd /location/location/adjoin_s./location/adjoining_relationship/adjoins /m/0nvg4 2 1 1 1 0 1
/m/0121h7 /location/location/adjoin_s./location/adjoining_relationship/adjoins /m/0hkq4 14270 14269 0 0 0 0
/m/04hhv /location/location/adjoin_s./location/adjoining_relationship/adjoins /m/0d05w3 1 1 1 1 1 1
/m/0mwzv /location/location/adjoin_s./location/adjoining_relationship/adjoins /m/0mwds 1 1 1 1 1 1
/m/014ck4 /location/location/adjoin_s./location/adjoining_relationship/adjoins /m/0jk_8 6719 6717 0 0 0 0
/m/0nzlp /location/location/adjoin_s./location/adjoining_relationship/adjoins /m/0nzw2 1 1 1 1 1 1
/m/0f4y_ /location/location/adjoin_s./location/adjoining_relationship/adjoins /m/0fpn8 1 1 1 1 1 1
/m/01x73 /location/location/adjoin_s./location/adjoining_relationship/adjoins /m/05k7sb 5 3 1 1 0 0
/m/0mwh1 /location/location/adjoin_s./location/adjoining_relationship/adjoins /m/0n57k 1 1 1 1 1 1
/m/0drsm /location/location/adjoin_s./location/adjoining_relationship/adjoins /m/0fc_p 2 1 1 1 0 1
/m/05b4w /location/location/adjoin_s./location/adjoining_relationship/adjoins /m/0d0vqn 1 1 1 1 1 1
/m/04sqj /location/location/adjoin_s./location/adjoining_relationship/adjoins /m/01gfhk 0 0 0 0
/m/01ls2 /location/location/adjoin_s./location/adjoining_relationship/adjoins /m/02k1b 1 1 1 1 1 1
/m/0mw93 /location/location/adjoin_s./location/adjoining_relationship/adjoins /m/0m7d0 2 1 1 1 0 1
/m/0nj7b /location/location/adjoin_s./location/adjoining_relationship/adjoins /m/0njpq 1 1 1 1 1 1
/m/0r6ff /location/location/adjoin_s./location/adjoining_relationship/adjoins /m/0r6cx 2 1 1 1 0 1
/m/0nzw2 /location/location/adjoin_s./location/adjoining_relationship/adjoins /m/0nzny 1 1 1 1 1 1
/m/0n5df /location/location/adjoin_s./location/adjoining_relationship/adjoins /m/0n5d1 2 1 1 1 0 1
/m/0ntxg /location/location/adjoin_s./location/adjoining_relationship/adjoins /m/06wxw 2 1 1 1 0 1
/m/0njdm /location/location/adjoin_s./location/adjoining_relationship/adjoins /m/0nj07 1 1 1 1 1 1
/m/0m7d0 /location/location/adjoin_s./location/adjoining_relationship/adjoins /m/0mw89 1 1 1 1 1 1
/m/0mnlq /location/location/adjoin_s./location/adjoining_relationship/adjoins /m/0mnz0 1 1 1 1 1 1
/m/04s7y /location/location/adjoin_s./location/adjoining_relationship/adjoins /m/05kr_ 4 1 1 1 0 1
/m/0154j /location/location/adjoin_s./location/adjoining_relationship/adjoins /m/059j2 2 1 1 1 0 1
/m/0498y /location/location/adjoin_s./location/adjoining_relationship/adjoins /m/081mh 3 1 1 1 0 1
/m/0h3y /location/location/adjoin_s./location/adjoining_relationship/adjoins /m/07fj_ 4 2 1 1 0 0
/m/0r6ff /location/location/adjoin_s./location/adjoining_relationship/adjoins /m/0f04v 3 1 1 1 0 1
/m/0154j /location/location/adjoin_s./location/adjoining_relationship/adjoins /m/0dqyc 2 1 1 1 0 1
/m/0nhmw /location/location/adjoin_s./location/adjoining_relationship/adjoins /m/0nh57 1 1 1 1 1 1
/m/01cz_1 /location/location/adjoin_s./location/adjoining_relationship/adjoins /m/05bkf 1 1 1 1 1 1
/m/05k7sb /location/location/adjoin_s./location/adjoining_relationship/adjoins /m/01x73 4 2 1 1 0 0
/m/0r6cx /location/location/adjoin_s./location/adjoining_relationship/adjoins /m/0f04v 5 2 1 1 0 0
/m/01nyl /location/location/adjoin_s./location/adjoining_relationship/adjoins /m/01nln 5 4 1 1 0 0
/m/05qkp /location/location/adjoin_s./location/adjoining_relationship/adjoins /m/01n8qg 2 1 1 1 0 1
/m/07nf6 /location/location/adjoin_s./location/adjoining_relationship/adjoins /m/070zc 7 3 1 1 0 0
/m/0d0x8 /location/location/adjoin_s./location/adjoining_relationship/adjoins /m/05fkf 2 1 1 1 0 1
/m/0cv0r /location/location/adjoin_s./location/adjoining_relationship/adjoins /m/0dn8b 4 3 1 1 0 0
/m/06nrt /location/location/adjoin_s./location/adjoining_relationship/adjoins /m/0pmq2 2 1 1 1 0 1
/m/0n1xp /location/location/adjoin_s./location/adjoining_relationship/adjoins /m/0myn8 1 1 1 1 1 1
/m/0n56v /location/location/adjoin_s./location/adjoining_relationship/adjoins /m/0n4z2 1 1 1 1 1 1
/m/0m2by /location/location/adjoin_s./location/adjoining_relationship/adjoins /m/0m2cb 1 1 1 1 1 1
/m/04rrd /location/location/adjoin_s./location/adjoining_relationship/adjoins /m/081mh 2 1 1 1 0 1
/m/0163v /location/location/adjoin_s./location/adjoining_relationship/adjoins /m/04g5k 1 1 1 1 1 1
/m/0n5j7 /location/location/adjoin_s./location/adjoining_relationship/adjoins /m/0n5jm 2 1 1 1 0 1
/m/0mwk9 /location/location/adjoin_s./location/adjoining_relationship/adjoins /m/0frf6 3602 3601 0 0 0 0
/m/0jgm8 /location/location/adjoin_s./location/adjoining_relationship/adjoins /m/0jgk3 1 1 1 1 1 1
/m/03spz /location/location/adjoin_s./location/adjoining_relationship/adjoins /m/082pc 1 1 1 1 1 1
/m/03v1s /location/location/adjoin_s./location/adjoining_relationship/adjoins /m/0498y 3 1 1 1 0 1
/m/0n6nl /location/location/adjoin_s./location/adjoining_relationship/adjoins /m/0kv4k 1 1 1 1 1 1
/m/0k3hn /location/location/adjoin_s./location/adjoining_relationship/adjoins /m/0n5xb 2 1 1 1 0 1
/m/0n5gq /location/location/adjoin_s./location/adjoining_relationship/adjoins /m/0n5fz 1 1 1 1 1 1
/m/0r6c4 /location/location/adjoin_s./location/adjoining_relationship/adjoins /m/0f04c 3 1 1 1 0 1
/m/01qtj9 /location/location/adjoin_s./location/adjoining_relationship/adjoins /m/0zqq 1 1 1 1 1 1
/m/0xn7b /location/location/adjoin_s./location/adjoining_relationship/adjoins /m/0xn7q 2 1 1 1 0 1
/m/0nj07 /location/location/adjoin_s./location/adjoining_relationship/adjoins /m/04kbn 4 1 1 1 0 1
/m/0mxhc /location/location/adjoin_s./location/adjoining_relationship/adjoins /m/0mx3k 1 1 1 1 1 1
/m/0n5_t /location/location/adjoin_s./location/adjoining_relationship/adjoins /m/0nm3n 2 1 1 1 0 1
/m/04swx /location/location/adjoin_s./location/adjoining_relationship/adjoins /m/04w58 2 1 1 1 0 1
/m/0hzlz /location/location/adjoin_s./location/adjoining_relationship/adjoins /m/04hvw 1 1 1 1 1 1
/m/06tw8 /location/location/adjoin_s./location/adjoining_relationship/adjoins /m/019rg5 1 1 1 1 1 1
/m/01vqq1 /location/location/adjoin_s./location/adjoining_relationship/adjoins /m/01d26y 1 1 1 1 1 1
/m/0j3b /location/location/adjoin_s./location/adjoining_relationship/adjoins /m/0d060g 5 1 1 1 0 1
/m/03rjj /location/location/adjoin_s./location/adjoining_relationship/adjoins /m/0h7x 2 1 1 1 0 1
/m/0pmq2 /location/location/adjoin_s./location/adjoining_relationship/adjoins /m/04ykg 3 1 1 1 0 1
/m/0f63n /location/location/adjoin_s./location/adjoining_relationship/adjoins /m/0dcdp 1 1 1 1 1 1
/m/06mtq /location/location/adjoin_s./location/adjoining_relationship/adjoins /m/05ff6 2 1 1 1 0 1
/m/06mz5 /location/location/adjoin_s./location/adjoining_relationship/adjoins /m/0846v 1 1 1 1 1 1
/m/0n57k /location/location/adjoin_s./location/adjoining_relationship/adjoins /m/0n59f 1 1 1 1 1 1
/m/0mk59 /location/location/adjoin_s./location/adjoining_relationship/adjoins /m/0mk7z 1 1 1 1 1 1
/m/07f5x /location/location/adjoin_s./location/adjoining_relationship/adjoins /m/01699 3 2 1 1 0 0
/m/0fqyc /location/location/adjoin_s./location/adjoining_relationship/adjoins /m/0d9rp 1 1 1 1 1 1
/m/0kn68 /location/location/adjoin_s./location/adjoining_relationship/adjoins /m/01rxw2 1 1 1 1 1 1
/m/0mwh1 /location/location/adjoin_s./location/adjoining_relationship/adjoins /m/0mwl2 3 2 1 1 0 0
/m/0f612 /location/location/adjoin_s./location/adjoining_relationship/adjoins /m/0n6c_ 1 1 1 1 1 1
/m/0mlyw /location/location/adjoin_s./location/adjoining_relationship/adjoins /m/0ml_m 1 1 1 1 1 1
/m/0l2q3 /location/location/adjoin_s./location/adjoining_relationship/adjoins /m/0kv36 1 1 1 1 1 1
/m/0k3jq /location/location/adjoin_s./location/adjoining_relationship/adjoins /m/0k3jc 1 1 1 1 1 1
/m/0j4b /location/location/adjoin_s./location/adjoining_relationship/adjoins /m/0j3b 6 1 1 1 0 1
/m/0mw_q /location/location/adjoin_s./location/adjoining_relationship/adjoins /m/0m7d0 3 1 1 1 0 1
/m/0k3kv /location/location/adjoin_s./location/adjoining_relationship/adjoins /m/0k3g3 0 0 0 0
/m/07b_l /location/location/adjoin_s./location/adjoining_relationship/adjoins /m/05fjy 1 1 1 1 1 1
/m/015fr /location/location/adjoin_s./location/adjoining_relationship/adjoins /m/06nnj 2 1 1 1 0 1
/m/0mbf4 /location/location/adjoin_s./location/adjoining_relationship/adjoins /m/0jpkg 2591 2591 0 0 0 0
/m/0kwmc /location/location/adjoin_s./location/adjoining_relationship/adjoins /m/0k696 1 1 1 1 1 1
/m/0n5dt /location/location/adjoin_s./location/adjoining_relationship/adjoins /m/0n5df 1 1 1 1 1 1
/m/07tp2 /location/location/adjoin_s./location/adjoining_relationship/adjoins /m/019rg5 3 1 1 1 0 1
/m/0f4y3 /location/location/adjoin_s./location/adjoining_relationship/adjoins /m/0fpn8 1 1 1 1 1 1
/m/0d0kn /location/location/adjoin_s./location/adjoining_relationship/adjoins /m/01znc_ 2 1 1 1 0 1
/m/01mjq /location/location/adjoin_s./location/adjoining_relationship/adjoins /m/0h7x 5 1 1 1 0 1
/m/0ngy8 /location/location/adjoin_s./location/adjoining_relationship/adjoins /m/0nhr5 1 1 1 1 1 1
/m/0154gx /location/location/adjoin_s./location/adjoining_relationship/adjoins /m/0h7h6 1 1 1 1 1 1
/m/04g61 /location/location/adjoin_s./location/adjoining_relationship/adjoins /m/0154j 3 1 1 1 0 1
/m/0k3jc /location/location/adjoin_s./location/adjoining_relationship/adjoins /m/0k3gj 1 1 1 1 1 1
/m/05kr_ /location/location/adjoin_s./location/adjoining_relationship/adjoins /m/04ykg 4 1 1 1 0 1
/m/0k3gj /location/location/adjoin_s./location/adjoining_relationship/adjoins /m/0f6_4 3 1 1 1 0 1
/m/0163v /location/location/adjoin_s./location/adjoining_relationship/adjoins /m/06bnz 2 1 1 1 0 1
/m/0n2k5 /location/location/adjoin_s./location/adjoining_relationship/adjoins /m/0myhb 1 1 1 1 1 1
/m/04ych /location/location/adjoin_s./location/adjoining_relationship/adjoins /m/03s0w 2 1 1 1 0 1
/m/0mwjk /location/location/adjoin_s./location/adjoining_relationship/adjoins /m/0mwxl 2 1 1 1 0 1
/m/01nyl /location/location/adjoin_s./location/adjoining_relationship/adjoins /m/05rznz 1 1 1 1 1 1
/m/05kkh /location/location/adjoin_s./location/adjoining_relationship/adjoins /m/03v1s 1 1 1 1 1 1
/m/0l2hf /location/location/adjoin_s./location/adjoining_relationship/adjoins /m/0kq1l 1 1 1 1 1 1
/m/0154j /location/location/adjoin_s./location/adjoining_relationship/adjoins /m/0d8h4 1 1 1 1 1 1
/m/0dn8b /location/location/adjoin_s./location/adjoining_relationship/adjoins /m/0cc1v 1 1 1 1 1 1
/m/06nnj /location/location/adjoin_s./location/adjoining_relationship/adjoins /m/015fr 4 2 1 1 0 0
/m/0nj07 /location/location/adjoin_s./location/adjoining_relationship/adjoins /m/0d060g 3 1 1 1 0 1
/m/07dzf /location/location/adjoin_s./location/adjoining_relationship/adjoins /m/088vb 1 1 1 1 1 1
/m/0kq2g /location/location/adjoin_s./location/adjoining_relationship/adjoins /m/0l2nd 4 1 1 1 0 1
/m/0d22f /location/location/adjoin_s./location/adjoining_relationship/adjoins /m/0mx3k 5 4 1 1 0 0
/m/06c1y /location/location/adjoin_s./location/adjoining_relationship/adjoins /m/04w4s 2 1 1 1 0 1
/m/01z215 /location/location/adjoin_s./location/adjoining_relationship/adjoins /m/0697s 3801 3801 0 0 0 0
/m/0j4b /location/location/adjoin_s./location/adjoining_relationship/adjoins /m/01rxw 3 1 1 1 0 1
/m/059rby /location/location/adjoin_s./location/adjoining_relationship/adjoins /m/01x73 1 1 1 1 1 1
/m/0n5kc /location/location/adjoin_s./location/adjoining_relationship/adjoins /m/0n5gb 4 1 1 1 0 1
/m/0mx2h /location/location/adjoin_s./location/adjoining_relationship/adjoins /m/0mx0f 4 1 1 1 0 1
/m/0nv5y /location/location/adjoin_s./location/adjoining_relationship/adjoins /m/0ntwb 1 1 1 1 1 1
/m/0dclg /location/location/adjoin_s./location/adjoining_relationship/adjoins /m/0f4y_ 1 1 1 1 1 1
/m/0166v /location/location/adjoin_s./location/adjoining_relationship/adjoins /m/05bmq 1 1 1 1 1 1
/m/03s5t /location/location/adjoin_s./location/adjoining_relationship/adjoins /m/015jr 7 4 1 1 0 0
/m/0mlvc /location/location/adjoin_s./location/adjoining_relationship/adjoins /m/0mm0p 1 1 1 1 1 1
/m/0mwxl /location/location/adjoin_s./location/adjoining_relationship/adjoins /m/0mw_q 1 1 1 1 1 1
/m/0l34j /location/location/adjoin_s./location/adjoining_relationship/adjoins /m/0bxqq 3 1 1 1 0 1
/m/01rxw /location/location/adjoin_s./location/adjoining_relationship/adjoins /m/01nln 1 1 1 1 1 1
/m/05fky /location/location/adjoin_s./location/adjoining_relationship/adjoins /m/06nrt 1 1 1 1 1 1
/m/07tp2 /location/location/adjoin_s./location/adjoining_relationship/adjoins /m/06tw8 3 1 1 1 0 1
/m/02613 /location/location/adjoin_s./location/adjoining_relationship/adjoins /m/0j3b 3 1 1 1 0 1
/m/0d0x8 /location/location/adjoin_s./location/adjoining_relationship/adjoins /m/0gyh 1 1 1 1 1 1
/m/081yw /location/location/adjoin_s./location/adjoining_relationship/adjoins /m/05rgl 4 1 1 1 0 1
