/m/0k3jc /location/hud_foreclosure_area/hhuniv./measurement_unit/dated_integer/source /m/0jbk9 218 7 0 1 0 0
/m/0mkqr /location/hud_foreclosure_area/hhuniv./measurement_unit/dated_integer/source /m/0jbk9 275 7 0 1 0 0
/m/0nvrd /location/hud_foreclosure_area/hhuniv./measurement_unit/dated_integer/source /m/0jbk9 104 3 0 1 0 0
/m/0njdm /location/hud_foreclosure_area/hhuniv./measurement_unit/dated_integer/source /m/0jbk9 280 7 0 1 0 0
/m/0fkh6 /location/hud_foreclosure_area/hhuniv./measurement_unit/dated_integer/source /m/0jbk9 282 7 0 1 0 0
/m/0mwsh /location/hud_foreclosure_area/hhuniv./measurement_unit/dated_integer/source /m/0jbk9 113 3 0 1 0 0
/m/0_3cs /location/hud_foreclosure_area/hhuniv./measurement_unit/dated_integer/source /m/0jbk9 142 3 0 1 0 0
/m/0ftvg /location/hud_foreclosure_area/hhuniv./measurement_unit/dated_integer/source /m/0jbk9 153 3 0 1 0 0
/m/0k3l5 /location/hud_foreclosure_area/hhuniv./measurement_unit/dated_integer/source /m/0jbk9 126 3 0 1 0 0
/m/0n5hw /location/hud_foreclosure_area/hhuniv./measurement_unit/dated_integer/source /m/0jbk9 279 7 0 1 0 0
/m/0vzm /location/hud_foreclosure_area/hhuniv./measurement_unit/dated_integer/source /m/0jbk9 78 2 0 1 0 0
/m/0mxsm /location/hud_foreclosure_area/hhuniv./measurement_unit/dated_integer/source /m/0jbk9 135 3 0 1 0 0
/m/0m2fr /location/hud_foreclosure_area/hhuniv./measurement_unit/dated_integer/source /m/0jbk9 182 3 0 1 0 0
/m/0gkgp /location/hud_foreclosure_area/hhuniv./measurement_unit/dated_integer/source /m/0jbk9 158 3 0 1 0 0
/m/0pc56 /location/hud_foreclosure_area/hhuniv./measurement_unit/dated_integer/source /m/0jbk9 302 7 0 1 0 0
/m/0l2sr /location/hud_foreclosure_area/hhuniv./measurement_unit/dated_integer/source /m/0jbk9 270 7 0 1 0 0
/m/0mpbj /location/hud_foreclosure_area/hhuniv./measurement_unit/dated_integer/source /m/0jbk9 327 7 0 1 0 0
/m/0nj3m /location/hud_foreclosure_area/hhuniv./measurement_unit/dated_integer/source /m/0jbk9 120 3 0 1 0 0
/m/0z18v /location/hud_foreclosure_area/hhuniv./measurement_unit/dated_integer/source /m/0jbk9 309 7 0 1 0 0
/m/0n5hh /location/hud_foreclosure_area/hhuniv./measurement_unit/dated_integer/source /m/0jbk9 318 7 0 1 0 0
/m/0235l /location/hud_foreclosure_area/hhuniv./measurement_unit/dated_integer/source /m/0jbk9 229 7 0 1 0 0
/m/0kf9p /location/hud_foreclosure_area/hhuniv./measurement_unit/dated_integer/source /m/0jbk9 141 3 0 1 0 0
/m/0nz_b /location/hud_foreclosure_area/hhuniv./measurement_unit/dated_integer/source /m/0jbk9 111 3 0 1 0 0
/m/0mwzv /location/hud_foreclosure_area/hhuniv./measurement_unit/dated_integer/source /m/0jbk9 111 3 0 1 0 0
/m/0136jw /location/hud_foreclosure_area/hhuniv./measurement_unit/dated_integer/source /m/0jbk9 263 7 0 1 0 0
/m/0ftyc /location/hud_foreclosure_area/hhuniv./measurement_unit/dated_integer/source /m/0jbk9 307 7 0 1 0 0
/m/01m1_t /location/hud_foreclosure_area/hhuniv./measurement_unit/dated_integer/source /m/0jbk9 152 3 0 1 0 0
/m/02dtg /location/hud_foreclosure_area/hhuniv./measurement_unit/dated_integer/source /m/0jbk9 195 3 0 1 0 0
/m/0mvsg /location/hud_foreclosure_area/hhuniv./measurement_unit/dated_integer/source /m/0jbk9 282 7 0 1 0 0
/m/0100mt /location/hud_foreclosure_area/hhuniv./measurement_unit/dated_integer/source /m/0jbk9 256 7 0 1 0 0
/m/01m9f1 /location/hud_foreclosure_area/hhuniv./measurement_unit/dated_integer/source /m/0jbk9 213 7 0 1 0 0
/m/04pry /location/hud_foreclosure_area/hhuniv./measurement_unit/dated_integer/source /m/0jbk9 148 3 0 1 0 0
/m/0sjqm /location/hud_foreclosure_area/hhuniv./measurement_unit/dated_integer/source /m/0jbk9 308 7 0 1 0 0
/m/013gxt /location/hud_foreclosure_area/hhuniv./measurement_unit/dated_integer/source /m/0jbk9 144 3 0 1 0 0
/m/0jc7g /location/hud_foreclosure_area/hhuniv./measurement_unit/dated_integer/source /m/0jbk9 291 7 0 1 0 0
/m/0n5dt /location/hud_foreclosure_area/hhuniv./measurement_unit/dated_integer/source /m/0jbk9 181 3 0 1 0 0
/m/0rh7t /location/hud_foreclosure_area/hhuniv./measurement_unit/dated_integer/source /m/0jbk9 73 2 0 1 0 0
/m/0nm42 /location/hud_foreclosure_area/hhuniv./measurement_unit/dated_integer/source /m/0jbk9 281 7 0 1 0 0
/m/0fw2f /location/hud_foreclosure_area/hhuniv./measurement_unit/dated_integer/source /m/0jbk9 239 7 0 1 0 0
/m/0mx2h /location/hud_foreclosure_area/hhuniv./measurement_unit/dated_integer/source /m/0jbk9 279 7 0 1 0 0
/m/0s9z_ /location/hud_foreclosure_area/hhuniv./measurement_unit/dated_integer/source /m/0jbk9 162 3 0 1 0 0
/m/034lk7 /location/hud_foreclosure_area/hhuniv./measurement_unit/dated_integer/source /m/0jbk9 261 7 0 1 0 0
/m/06_kh /location/hud_foreclosure_area/hhuniv./measurement_unit/dated_integer/source /m/0jbk9 161 3 0 1 0 0
/m/0mzvm /location/hud_foreclosure_area/hhuniv./measurement_unit/dated_integer/source /m/0jbk9 259 7 0 1 0 0
/m/01jr6 /location/hud_foreclosure_area/hhuniv./measurement_unit/dated_integer/source /m/0jbk9 152 3 0 1 0 0
/m/0nhmw /location/hud_foreclosure_area/hhuniv./measurement_unit/dated_integer/source /m/0jbk9 115 3 0 1 0 0
/m/0rj0z /location/hud_foreclosure_area/hhuniv./measurement_unit/dated_integer/source /m/0jbk9 147 3 0 1 0 0
/m/0q6lr /location/hud_foreclosure_area/hhuniv./measurement_unit/dated_integer/source /m/0jbk9 254 7 0 1 0 0
/m/0r04p /location/hud_foreclosure_area/hhuniv./measurement_unit/dated_integer/source /m/0jbk9 211 7 0 1 0 0
/m/0fplv /location/hud_foreclosure_area/hhuniv./measurement_unit/dated_integer/source /m/0jbk9 276 7 0 1 0 0
/m/0mmpz /location/hud_foreclosure_area/hhuniv./measurement_unit/dated_integer/source /m/0jbk9 174 3 0 1 0 0
/m/0fxz4 /location/hud_foreclosure_area/hhuniv./measurement_unit/dated_integer/source /m/0jbk9 270 7 0 1 0 0
/m/0nbzp /location/hud_foreclosure_area/hhuniv./measurement_unit/dated_integer/source /m/0jbk9 162 3 0 1 0 0
/m/0jrq9 /location/hud_foreclosure_area/hhuniv./measurement_unit/dated_integer/source /m/0jbk9 232 7 0 1 0 0
/m/0rp46 /location/hud_foreclosure_area/hhuniv./measurement_unit/dated_integer/source /m/0jbk9 262 7 0 1 0 0
/m/0ys4f /location/hud_foreclosure_area/hhuniv./measurement_unit/dated_integer/source /m/0jbk9 309 7 0 1 0 0
/m/0mwq_ /location/hud_foreclosure_area/hhuniv./measurement_unit/dated_integer/source /m/0jbk9 279 7 0 1 0 0
/m/0rh6k /location/hud_foreclosure_area/hhuniv./measurement_unit/dated_integer/source /m/0jbk9 82 2 0 1 0 0
/m/0fvxz /location/hud_foreclosure_area/hhuniv./measurement_unit/dated_integer/source /m/0jbk9 243 7 0 1 0 0
/m/0n2q0 /location/hud_foreclosure_area/hhuniv./measurement_unit/dated_integer/source /m/0jbk9 106 3 0 1 0 0
/m/0p4gy /location/hud_foreclosure_area/hhuniv./measurement_unit/dated_integer/source /m/0jbk9 293 7 0 1 0 0
/m/0bxc4 /location/hud_foreclosure_area/hhuniv./measurement_unit/dated_integer/source /m/0jbk9 151 3 0 1 0 0
/m/0d1y7 /location/hud_foreclosure_area/hhuniv./measurement_unit/dated_integer/source /m/0jbk9 118 3 0 1 0 0
/m/0ckhc /location/hud_foreclosure_area/hhuniv./measurement_unit/dated_integer/source /m/0jbk9 146 3 0 1 0 0
/m/0mwds /location/hud_foreclosure_area/hhuniv./measurement_unit/dated_integer/source /m/0jbk9 282 7 0 1 0 0
/m/0r6rq /location/hud_foreclosure_area/hhuniv./measurement_unit/dated_integer/source /m/0jbk9 197 3 0 1 0 0
/m/0f__1 /location/hud_foreclosure_area/hhuniv./measurement_unit/dated_integer/source /m/0jbk9 83 2 0 1 0 0
/m/0jbrr /location/hud_foreclosure_area/hhuniv./measurement_unit/dated_integer/source /m/0jbk9 196 3 0 1 0 0
/m/0mm_4 /location/hud_foreclosure_area/hhuniv./measurement_unit/dated_integer/source /m/0jbk9 242 7 0 1 0 0
/m/0jch5 /location/hud_foreclosure_area/hhuniv./measurement_unit/dated_integer/source /m/0jbk9 286 7 0 1 0 0
/m/0ycht /location/hud_foreclosure_area/hhuniv./measurement_unit/dated_integer/source /m/0jbk9 202 4 0 1 0 0
/m/0mzww /location/hud_foreclosure_area/hhuniv./measurement_unit/dated_integer/source /m/0jbk9 155 3 0 1 0 0
/m/0mrq3 /location/hud_foreclosure_area/hhuniv./measurement_unit/dated_integer/source /m/0jbk9 125 3 0 1 0 0
/m/0plyy /location/hud_foreclosure_area/hhuniv./measurement_unit/dated_integer/source /m/0jbk9 255 7 0 1 0 0
/m/0167q3 /location/hud_foreclosure_area/hhuniv./measurement_unit/dated_integer/source /m/0jbk9 241 7 0 1 0 0
/m/0mx4_ /location/hud_foreclosure_area/hhuniv./measurement_unit/dated_integer/source /m/0jbk9 329 7 0 1 0 0
/m/04gxf /location/hud_foreclosure_area/hhuniv./measurement_unit/dated_integer/source /m/0jbk9 80 2 0 1 0 0
/m/0mx7f /location/hud_foreclosure_area/hhuniv./measurement_unit/dated_integer/source /m/0jbk9 115 3 0 1 0 0
/m/0s5cg /location/hud_foreclosure_area/hhuniv./measurement_unit/dated_integer/source /m/0jbk9 153 3 0 1 0 0
/m/0mnlq /location/hud_foreclosure_area/hhuniv./measurement_unit/dated_integer/source /m/0jbk9 316 7 0 1 0 0
/m/01ktz1 /location/hud_foreclosure_area/hhuniv./measurement_unit/dated_integer/source /m/0jbk9 306 7 0 1 0 0
/m/03b12 /location/hud_foreclosure_area/hhuniv./measurement_unit/dated_integer/source /m/0jbk9 247 7 0 1 0 0
/m/0ntwb /location/hud_foreclosure_area/hhuniv./measurement_unit/dated_integer/source /m/0jbk9 289 7 0 1 0 0
/m/0hz35 /location/hud_foreclosure_area/hhuniv./measurement_unit/dated_integer/source /m/0jbk9 153 3 0 1 0 0
/m/0mm0p /location/hud_foreclosure_area/hhuniv./measurement_unit/dated_integer/source /m/0jbk9 282 7 0 1 0 0
/m/0zdkh /location/hud_foreclosure_area/hhuniv./measurement_unit/dated_integer/source /m/0jbk9 252 7 0 1 0 0
/m/0135p7 /location/hud_foreclosure_area/hhuniv./measurement_unit/dated_integer/source /m/0jbk9 257 7 0 1 0 0
/m/0n3ll /location/hud_foreclosure_area/hhuniv./measurement_unit/dated_integer/source /m/0jbk9 122 3 0 1 0 0
/m/0l2v0 /location/hud_foreclosure_area/hhuniv./measurement_unit/dated_integer/source /m/0jbk9 122 3 0 1 0 0
