/m/0ydpd /location/location/time_zones /m/02hcv8 95 7 0 1 0 0
/m/02xry /location/location/time_zones /m/02hcv8 115 7 0 1 0 0
/m/03qhnx /location/location/time_zones /m/02llzg 40 1 0 1 0 1
/m/01t3h6 /location/location/time_zones /m/02hcv8 348 177 0 0 0 0
/m/0chrx /location/location/time_zones /m/02fqwt 142 40 0 0 0 0
/m/04_1l0v /location/location/time_zones /m/02fqwt 87 2 0 1 0 0
/m/0k6nt /location/location/time_zones /m/02llzg 14 1 0 1 0 1
/m/0ply0 /location/location/time_zones /m/02hcv8 156 11 0 0 0 0
/m/01qcx_ /location/location/time_zones /m/02hcv8 140 7 0 1 0 0
/m/07f5x /location/location/time_zones /m/03bdv 30 2 0 1 0 0
/m/0fr61 /location/location/time_zones /m/02hcv8 129 7 0 1 0 0
/m/0109vk /location/location/time_zones /m/02fqwt 164 59 0 0 0 0
/m/0136jw /location/location/time_zones /m/02hcv8 100 7 0 1 0 0
/m/0mw89 /location/location/time_zones /m/02hcv8 129 7 0 1 0 0
/m/0yjvm /location/location/time_zones /m/02hcv8 138 7 0 1 0 0
/m/05k7sb /location/location/time_zones /m/02hcv8 49 1 0 1 0 1
/m/06n8j /location/location/time_zones /m/02llzg 37 1 0 1 0 1
/m/0c7f7 /location/location/time_zones /m/02llzg 37 1 0 1 0 1
/m/0nht0 /location/location/time_zones /m/02fqwt 88 2 0 1 0 0
/m/03s0w /location/location/time_zones /m/02fqwt 69 2 0 1 0 0
/m/01n4w /location/location/time_zones /m/02hczc 34 1 0 1 0 1
/m/0r5lz /location/location/time_zones /m/02lcqs 47 1 0 1 0 1
/m/0345_ /location/location/time_zones /m/02fqwt 91 2 0 1 0 0
/m/02_286 /location/location/time_zones /m/02hcv8 117 7 0 1 0 0
/m/01lfvj /location/location/time_zones /m/02llzg 37 1 0 1 0 1
/m/010z5n /location/location/time_zones /m/02hcv8 105 7 0 1 0 0
/m/0lxg6 /location/location/time_zones /m/03plfd 14 1 0 1 0 1
/m/0n5_t /location/location/time_zones /m/02hcv8 134 7 0 1 0 0
/m/01_c4 /location/location/time_zones /m/03bdv 20 2 0 1 0 0
/m/01m23s /location/location/time_zones /m/02hcv8 98 7 0 1 0 0
/m/0fkhz /location/location/time_zones /m/02hcv8 176 21 0 0 0 0
/m/0tj4y /location/location/time_zones /m/02fqwt 57 2 0 1 0 0
/m/0t_gg /location/location/time_zones /m/02hcv8 165 16 0 0 0 0
/m/0gw2w /location/location/time_zones /m/02llzg 227 165 0 0 0 0
/m/0p9nv /location/location/time_zones /m/02hcv8 101 7 0 1 0 0
/m/0jrxx /location/location/time_zones /m/02hcv8 58 3 0 1 0 0
/m/0fvyg /location/location/time_zones /m/02hcv8 90 7 0 1 0 0
/m/0mwh1 /location/location/time_zones /m/02hcv8 60 3 0 1 0 0
/m/0jgm8 /location/location/time_zones /m/02hcv8 62 3 0 1 0 0
/m/0rkkv /location/location/time_zones /m/02fqwt 53 2 0 1 0 0
/m/0fr59 /location/location/time_zones /m/02hcv8 130 7 0 1 0 0
/m/0r6ff /location/location/time_zones /m/02lcqs 51 1 0 1 0 1
/m/0nh1v /location/location/time_zones /m/02fqwt 37 2 0 1 0 0
/m/0vqcq /location/location/time_zones /m/02hcv8 144 7 0 1 0 0
/m/061k5 /location/location/time_zones /m/02llzg 38 1 0 1 0 1
/m/0xgpv /location/location/time_zones /m/02fqwt 59 2 0 1 0 0
/m/01xr6x /location/location/time_zones /m/03bdv 14 2 0 1 0 0
/m/013n0n /location/location/time_zones /m/02fqwt 154 50 0 0 0 0
/m/0njpq /location/location/time_zones /m/02hcv8 68 3 0 1 0 0
/m/0qzhw /location/location/time_zones /m/02lcqs 52 1 0 1 0 1
/m/0n6mc /location/location/time_zones /m/02lcqs 34 1 0 1 0 1
/m/0r2l7 /location/location/time_zones /m/02lcqs 55 1 0 1 0 1
/m/0sg4x /location/location/time_zones /m/02fqwt 88 2 0 1 0 0
/m/0mnyn /location/location/time_zones /m/02hcv8 206 44 0 0 0 0
/m/04gzd /location/location/time_zones /m/03plfd 6 1 1 1 0 1
/m/0mtdx /location/location/time_zones /m/02hcv8 136 7 0 1 0 0
/m/0xtz9 /location/location/time_zones /m/02hczc 118 62 0 0 0 0
/m/01gfhk /location/location/time_zones /m/02fqwt 97 2 0 1 0 0
/m/0ycht /location/location/time_zones /m/02hcv8 99 7 0 1 0 0
/m/014vm4 /location/location/time_zones /m/052vwh 9 1 1 1 0 1
/m/0f4y3 /location/location/time_zones /m/02hcv8 130 7 0 1 0 0
/m/03v_5 /location/location/time_zones /m/02hcv8 167 16 0 0 0 0
/m/01btyw /location/location/time_zones /m/02fqwt 436 331 0 0 0 0
/m/0fbzp /location/location/time_zones /m/02hcv8 129 7 0 1 0 0
/m/0235l /location/location/time_zones /m/02lcqs 42 1 0 1 0 1
/m/0fmyd /location/location/time_zones /m/03bdv 150 114 0 0 0 0
/m/0flbm /location/location/time_zones /m/02hczc 49 1 0 1 0 1
/m/0fvwz /location/location/time_zones /m/02fqwt 51 2 0 1 0 0
/m/071cn /location/location/time_zones /m/02hcv8 95 7 0 1 0 0
/m/0488g /location/location/time_zones /m/02fqwt 65 2 0 1 0 0
/m/0nmj /location/location/time_zones /m/02fqwt 54 2 0 1 0 0
/m/0v1xg /location/location/time_zones /m/02hcv8 104 7 0 1 0 0
/m/0rj0z /location/location/time_zones /m/02hcv8 98 7 0 1 0 0
/m/0mpbx /location/location/time_zones /m/02hcv8 118 7 0 1 0 0
/m/0nppc /location/location/time_zones /m/02fqwt 88 2 0 1 0 0
/m/01ktz1 /location/location/time_zones /m/02hcv8 99 7 0 1 0 0
/m/018dcy /location/location/time_zones /m/02hcv8 140 7 0 1 0 0
/m/03khn /location/location/time_zones /m/03plfd 11 1 0 1 0 1
/m/0n5gq /location/location/time_zones /m/02hcv8 59 3 0 1 0 0
/m/0n2kw /location/location/time_zones /m/02hcv8 133 7 0 1 0 0
/m/0k39j /location/location/time_zones /m/02hczc 49 1 0 1 0 1
/m/0mhdz /location/location/time_zones /m/02lcqs 48 1 0 1 0 1
/m/0zqq8 /location/location/time_zones /m/02hcv8 96 7 0 1 0 0
/m/010bxh /location/location/time_zones /m/02fqwt 57 2 0 1 0 0
/m/0fngy /location/location/time_zones /m/0gsrz4 5 1 1 1 0 1
/m/0102t4 /location/location/time_zones /m/02fqwt 58 2 0 1 0 0
/m/02cl1 /location/location/time_zones /m/02hczc 27 1 0 1 0 1
/m/0fsv2 /location/location/time_zones /m/02hczc 29 1 0 1 0 1
/m/0214m4 /location/location/time_zones /m/03bdv 130 94 0 0 0 0
/m/0fm9_ /location/location/time_zones /m/02hcv8 129 7 0 1 0 0
/m/0mmpm /location/location/time_zones /m/02lcqs 49 1 0 1 0 1
/m/0105y2 /location/location/time_zones /m/02fqwt 55 2 0 1 0 0
/m/0tz1x /location/location/time_zones /m/02hcv8 94 7 0 1 0 0
/m/0x44q /location/location/time_zones /m/02hczc 31 1 0 1 0 1
/m/0rs6x /location/location/time_zones /m/02hcv8 99 7 0 1 0 0
/m/01gr00 /location/location/time_zones /m/02hcv8 139 7 0 1 0 0
/m/09c7w0 /location/location/time_zones /m/02lcqs 25 1 0 1 0 1
/m/050ks /location/location/time_zones /m/02hcv8 114 7 0 1 0 0
/m/0glb5 /location/location/time_zones /m/02llzg 177 117 0 0 0 0
/m/0h3y /location/location/time_zones /m/02llzg 19 1 0 1 0 1
/m/01m24m /location/location/time_zones /m/02hcv8 100 7 0 1 0 0
/m/05p7tx /location/location/time_zones /m/02llzg 158 100 0 0 0 0
/m/07bcn /location/location/time_zones /m/02lcqs 44 1 0 1 0 1
/m/0m7d0 /location/location/time_zones /m/02hcv8 62 3 0 1 0 0
/m/050l8 /location/location/time_zones /m/02hczc 34 1 0 1 0 1
/m/0p9z5 /location/location/time_zones /m/02hcv8 133 7 0 1 0 0
/m/0mmpz /location/location/time_zones /m/02lcqs 72 2 0 1 0 0
/m/0jgk3 /location/location/time_zones /m/02hcv8 84 5 0 1 0 0
/m/0p07l /location/location/time_zones /m/02hczc 24 1 0 1 0 1
/m/0mnlq /location/location/time_zones /m/02hcv8 130 7 0 1 0 0
/m/0xms9 /location/location/time_zones /m/02hcv8 140 7 0 1 0 0
/m/0fpzwf /location/location/time_zones /m/02fqwt 50 2 0 1 0 0
/m/05fjy /location/location/time_zones /m/02hczc 33 1 0 1 0 1
/m/04jpl /location/location/time_zones /m/03bdv 11 2 0 1 0 0
/m/0r02m /location/location/time_zones /m/02lcqs 54 1 0 1 0 1
/m/0f67f /location/location/time_zones /m/02hcv8 102 7 0 1 0 0
/m/0ff0x /location/location/time_zones /m/02hcv8 177 21 0 0 0 0
/m/06_kh /location/location/time_zones /m/02lcqs 54 1 0 1 0 1
/m/07l5z /location/location/time_zones /m/02hcv8 166 16 0 0 0 0
/m/0ntxg /location/location/time_zones /m/02fqwt 45 2 0 1 0 0
/m/0rrwt /location/location/time_zones /m/02hcv8 134 7 0 1 0 0
/m/08966 /location/location/time_zones /m/02llzg 35 1 0 1 0 1
/m/01dq0z /location/location/time_zones /m/02hcv8 107 7 0 1 0 0
/m/0qf5p /location/location/time_zones /m/02lcrv 4 1 1 1 0 1
/m/01fscv /location/location/time_zones /m/02fqwt 60 2 0 1 0 0
/m/035dk /location/location/time_zones /m/03bdv 22 2 0 1 0 0
/m/0p7vt /location/location/time_zones /m/02hcv8 106 7 0 1 0 0
/m/010t4v /location/location/time_zones /m/02lcqs 80 4 0 1 0 0
/m/013hvr /location/location/time_zones /m/02hcv8 445 272 0 0 0 0
/m/0n5yv /location/location/time_zones /m/02hcv8 126 7 0 1 0 0
/m/0cymp /location/location/time_zones /m/02hcv8 78 4 0 1 0 0
/m/01mjq /location/location/time_zones /m/02llzg 15 1 0 1 0 1
/m/0l3n4 /location/location/time_zones /m/02hcv8 127 7 0 1 0 0
/m/0fq5j /location/location/time_zones /m/0gsrz4 9 1 1 1 0 1
/m/0154j /location/location/time_zones /m/02llzg 12 1 0 1 0 1
/m/0h7x /location/location/time_zones /m/02llzg 5 1 1 1 0 1
/m/0mlyw /location/location/time_zones /m/02lcqs 96 14 0 0 0 0
