/m/0y62n /location/statistical_region/rent50_1./measurement_unit/dated_money_value/currency /m/09nqf 79 1 0 1 0 1
/m/0mxhc /location/statistical_region/rent50_1./measurement_unit/dated_money_value/currency /m/09nqf 134 1 0 1 0 1
/m/0mvxt /location/statistical_region/rent50_1./measurement_unit/dated_money_value/currency /m/09nqf 115 1 0 1 0 1
/m/0ndh6 /location/statistical_region/rent50_1./measurement_unit/dated_money_value/currency /m/09nqf 87 1 0 1 0 1
/m/09dfcj /location/statistical_region/rent50_1./measurement_unit/dated_money_value/currency /m/09nqf 82 1 0 1 0 1
/m/0l2jt /location/statistical_region/rent50_1./measurement_unit/dated_money_value/currency /m/09nqf 109 1 0 1 0 1
/m/0jrq9 /location/statistical_region/rent50_1./measurement_unit/dated_money_value/currency /m/09nqf 78 1 0 1 0 1
/m/0mm_4 /location/statistical_region/rent50_1./measurement_unit/dated_money_value/currency /m/09nqf 66 1 0 1 0 1
/m/0fr5p /location/statistical_region/rent50_1./measurement_unit/dated_money_value/currency /m/09nqf 119 1 0 1 0 1
/m/0mwzv /location/statistical_region/rent50_1./measurement_unit/dated_money_value/currency /m/09nqf 88 1 0 1 0 1
/m/0c4kv /location/statistical_region/rent50_1./measurement_unit/dated_money_value/currency /m/09nqf 78 1 0 1 0 1
/m/0mqs0 /location/statistical_region/rent50_1./measurement_unit/dated_money_value/currency /m/09nqf 105 1 0 1 0 1
/m/0tr3p /location/statistical_region/rent50_1./measurement_unit/dated_money_value/currency /m/09nqf 89 1 0 1 0 1
/m/0mx0f /location/statistical_region/rent50_1./measurement_unit/dated_money_value/currency /m/09nqf 78 1 0 1 0 1
/m/0l2v0 /location/statistical_region/rent50_1./measurement_unit/dated_money_value/currency /m/09nqf 88 1 0 1 0 1
/m/0n3ll /location/statistical_region/rent50_1./measurement_unit/dated_money_value/currency /m/09nqf 120 1 0 1 0 1
/m/0t_hx /location/statistical_region/rent50_1./measurement_unit/dated_money_value/currency /m/09nqf 92 1 0 1 0 1
/m/0l_qt /location/statistical_region/rent50_1./measurement_unit/dated_money_value/currency /m/09nqf 76 1 0 1 0 1
/m/0l35f /location/statistical_region/rent50_1./measurement_unit/dated_money_value/currency /m/09nqf 83 1 0 1 0 1
/m/0kpzy /location/statistical_region/rent50_1./measurement_unit/dated_money_value/currency /m/09nqf 67 1 0 1 0 1
/m/0mrs1 /location/statistical_region/rent50_1./measurement_unit/dated_money_value/currency /m/09nqf 90 1 0 1 0 1
/m/01m7mv /location/statistical_region/rent50_1./measurement_unit/dated_money_value/currency /m/09nqf 88 1 0 1 0 1
/m/0mnyn /location/statistical_region/rent50_1./measurement_unit/dated_money_value/currency /m/09nqf 129 1 0 1 0 1
/m/0mw_q /location/statistical_region/rent50_1./measurement_unit/dated_money_value/currency /m/09nqf 92 1 0 1 0 1
/m/0t_4_ /location/statistical_region/rent50_1./measurement_unit/dated_money_value/currency /m/09nqf 74 1 0 1 0 1
/m/0f6_j /location/statistical_region/rent50_1./measurement_unit/dated_money_value/currency /m/09nqf 110 1 0 1 0 1
/m/0l2mg /location/statistical_region/rent50_1./measurement_unit/dated_money_value/currency /m/09nqf 114 1 0 1 0 1
/m/0fw4v /location/statistical_region/rent50_1./measurement_unit/dated_money_value/currency /m/09nqf 83 1 0 1 0 1
/m/0d739 /location/statistical_region/rent50_1./measurement_unit/dated_money_value/currency /m/09nqf 76 1 0 1 0 1
/m/0kq1l /location/statistical_region/rent50_1./measurement_unit/dated_money_value/currency /m/09nqf 107 1 0 1 0 1
/m/0m25p /location/statistical_region/rent50_1./measurement_unit/dated_money_value/currency /m/09nqf 84 1 0 1 0 1
/m/0rd5k /location/statistical_region/rent50_1./measurement_unit/dated_money_value/currency /m/09nqf 57 1 0 1 0 1
/m/0cc07 /location/statistical_region/rent50_1./measurement_unit/dated_money_value/currency /m/09nqf 83 1 0 1 0 1
/m/0jgm8 /location/statistical_region/rent50_1./measurement_unit/dated_money_value/currency /m/09nqf 70 1 0 1 0 1
/m/0mnrb /location/statistical_region/rent50_1./measurement_unit/dated_money_value/currency /m/09nqf 85 1 0 1 0 1
/m/0njpq /location/statistical_region/rent50_1./measurement_unit/dated_money_value/currency /m/09nqf 80 1 0 1 0 1
/m/0f6zs /location/statistical_region/rent50_1./measurement_unit/dated_money_value/currency /m/09nqf 50 1 0 1 0 1
