/m/0fbzp /location/statistical_region/rent50_3./measurement_unit/dated_money_value/currency /m/09nqf 90 2 0 1 0 0
/m/0l2mg /location/statistical_region/rent50_3./measurement_unit/dated_money_value/currency /m/09nqf 123 2 0 1 0 0
/m/0f4y_ /location/statistical_region/rent50_3./measurement_unit/dated_money_value/currency /m/09nqf 99 2 0 1 0 0
/m/0mpzm /location/statistical_region/rent50_3./measurement_unit/dated_money_value/currency /m/09nqf 98 2 0 1 0 0
/m/0kv5t /location/statistical_region/rent50_3./measurement_unit/dated_money_value/currency /m/09nqf 89 2 0 1 0 0
/m/0mxbq /location/statistical_region/rent50_3./measurement_unit/dated_money_value/currency /m/09nqf 76 2 0 1 0 0
/m/0nzlp /location/statistical_region/rent50_3./measurement_unit/dated_money_value/currency /m/09nqf 101 2 0 1 0 0
/m/0mnz0 /location/statistical_region/rent50_3./measurement_unit/dated_money_value/currency /m/09nqf 86 2 0 1 0 0
/m/0f6_j /location/statistical_region/rent50_3./measurement_unit/dated_money_value/currency /m/09nqf 120 2 0 1 0 0
/m/0kq39 /location/statistical_region/rent50_3./measurement_unit/dated_money_value/currency /m/09nqf 63 1 0 1 0 1
/m/0mkc3 /location/statistical_region/rent50_3./measurement_unit/dated_money_value/currency /m/09nqf 99 2 0 1 0 0
/m/0l2jb /location/statistical_region/rent50_3./measurement_unit/dated_money_value/currency /m/09nqf 87 2 0 1 0 0
/m/0nt6b /location/statistical_region/rent50_3./measurement_unit/dated_money_value/currency /m/09nqf 64 1 0 1 0 1
/m/0jc6p /location/statistical_region/rent50_3./measurement_unit/dated_money_value/currency /m/09nqf 93 2 0 1 0 0
/m/0n_ps /location/statistical_region/rent50_3./measurement_unit/dated_money_value/currency /m/09nqf 90 2 0 1 0 0
/m/0jcmj /location/statistical_region/rent50_3./measurement_unit/dated_money_value/currency /m/09nqf 89 2 0 1 0 0
/m/0n3ll /location/statistical_region/rent50_3./measurement_unit/dated_money_value/currency /m/09nqf 127 2 0 1 0 0
/m/0136jw /location/statistical_region/rent50_3./measurement_unit/dated_money_value/currency /m/09nqf 53 1 0 1 0 1
/m/0mmpz /location/statistical_region/rent50_3./measurement_unit/dated_money_value/currency /m/09nqf 89 2 0 1 0 0
/m/0mlxt /location/statistical_region/rent50_3./measurement_unit/dated_money_value/currency /m/09nqf 100 2 0 1 0 0
/m/0kcnq /location/statistical_region/rent50_3./measurement_unit/dated_money_value/currency /m/09nqf 87 2 0 1 0 0
/m/0mnsf /location/statistical_region/rent50_3./measurement_unit/dated_money_value/currency /m/09nqf 97 2 0 1 0 0
/m/0m7d0 /location/statistical_region/rent50_3./measurement_unit/dated_money_value/currency /m/09nqf 54 1 0 1 0 1
/m/0nj3m /location/statistical_region/rent50_3./measurement_unit/dated_money_value/currency /m/09nqf 91 2 0 1 0 0
/m/01qh7 /location/statistical_region/rent50_3./measurement_unit/dated_money_value/currency /m/09nqf 48 1 0 1 0 1
/m/0n1xp /location/statistical_region/rent50_3./measurement_unit/dated_money_value/currency /m/09nqf 124 2 0 1 0 0
/m/0jgg3 /location/statistical_region/rent50_3./measurement_unit/dated_money_value/currency /m/09nqf 87 2 0 1 0 0
/m/0cf_n /location/statistical_region/rent50_3./measurement_unit/dated_money_value/currency /m/09nqf 50 1 0 1 0 1
/m/0mxsm /location/statistical_region/rent50_3./measurement_unit/dated_money_value/currency /m/09nqf 100 2 0 1 0 0
/m/0mrhq /location/statistical_region/rent50_3./measurement_unit/dated_money_value/currency /m/09nqf 91 2 0 1 0 0
/m/0n1tx /location/statistical_region/rent50_3./measurement_unit/dated_money_value/currency /m/09nqf 89 2 0 1 0 0
/m/0f6zs /location/statistical_region/rent50_3./measurement_unit/dated_money_value/currency /m/09nqf 116 2 0 1 0 0
/m/0mlm_ /location/statistical_region/rent50_3./measurement_unit/dated_money_value/currency /m/09nqf 98 2 0 1 0 0
/m/0kq1l /location/statistical_region/rent50_3./measurement_unit/dated_money_value/currency /m/09nqf 118 2 0 1 0 0
/m/0f4y3 /location/statistical_region/rent50_3./measurement_unit/dated_money_value/currency /m/09nqf 90 2 0 1 0 0
