/m/03177r /media_common/netflix_title/netflix_genres /m/01hmnh 3 1 1 1 0 1
/m/0_9l_ /media_common/netflix_title/netflix_genres /m/04xvlr 12 1 0 1 0 1
/m/0bmc4cm /media_common/netflix_title/netflix_genres /m/03_3d 1 1 1 1 1 1
/m/0jsqk /media_common/netflix_title/netflix_genres /m/04xvlr 31 1 0 1 0 1
/m/05szq8z /media_common/netflix_title/netflix_genres /m/01hmnh 19 1 0 1 0 1
/m/032_wv /media_common/netflix_title/netflix_genres /m/01z4y 19 1 0 1 0 1
/m/05cvgl /media_common/netflix_title/netflix_genres /m/07s9rl0 30 1 0 1 0 1
/m/0571m /media_common/netflix_title/netflix_genres /m/07s9rl0 46 1 0 1 0 1
/m/03hj5lq /media_common/netflix_title/netflix_genres /m/07s9rl0 41 1 0 1 0 1
/m/0209hj /media_common/netflix_title/netflix_genres /m/07s9rl0 24 1 0 1 0 1
/m/01rwpj /media_common/netflix_title/netflix_genres /m/01jfsb 47 2 0 1 0 0
/m/03b1l8 /media_common/netflix_title/netflix_genres /m/07s9rl0 53 1 0 1 0 1
/m/047gpsd /media_common/netflix_title/netflix_genres /m/07s9rl0 56 1 0 1 0 1
/m/03y317 /media_common/netflix_title/netflix_genres /m/07c52 50 10 0 1 0 0
/m/0jyb4 /media_common/netflix_title/netflix_genres /m/0h9qh 3851 3849 0 0 0 0
/m/05pxnmb /media_common/netflix_title/netflix_genres /m/01hmnh 24 1 0 1 0 1
/m/0c3ybss /media_common/netflix_title/netflix_genres /m/09blyk 67 43 0 0 0 0
/m/065ym0c /media_common/netflix_title/netflix_genres /m/0d05w3 4 1 1 1 0 1
/m/0kfv9 /media_common/netflix_title/netflix_genres /m/03mdt 8 1 1 1 0 1
/m/0661ql3 /media_common/netflix_title/netflix_genres /m/09blyk 9 1 1 1 0 1
/m/03np63f /media_common/netflix_title/netflix_genres /m/07s9rl0 218 116 0 0 0 0
/m/04h4c9 /media_common/netflix_title/netflix_genres /m/04xvlr 34 1 0 1 0 1
/m/031786 /media_common/netflix_title/netflix_genres /m/024qqx 2 1 1 1 0 1
/m/0456zg /media_common/netflix_title/netflix_genres /m/02l7c8 26 21 0 0 0 0
/m/015g28 /media_common/netflix_title/netflix_genres /m/03mdt 9 1 1 1 0 1
/m/07kdkfj /media_common/netflix_title/netflix_genres /m/07s9rl0 58 1 0 1 0 1
/m/046f3p /media_common/netflix_title/netflix_genres /m/017fp 6 1 1 1 0 1
/m/01_1pv /media_common/netflix_title/netflix_genres /m/01hmnh 23 1 0 1 0 1
/m/05rfst /media_common/netflix_title/netflix_genres /m/01jfsb 51 2 0 1 0 0
/m/02qdrjx /media_common/netflix_title/netflix_genres /m/01z4y 14 1 0 1 0 1
/m/04vh83 /media_common/netflix_title/netflix_genres /m/06l3bl 1 1 1 1 1 1
/m/0gm2_0 /media_common/netflix_title/netflix_genres /m/01jfsb 7 1 1 1 0 1
/m/057__d /media_common/netflix_title/netflix_genres /m/01hmnh 22 1 0 1 0 1
/m/0h6r5 /media_common/netflix_title/netflix_genres /m/07s9rl0 21 1 0 1 0 1
/m/04z4j2 /media_common/netflix_title/netflix_genres /m/07s9rl0 52 1 0 1 0 1
/m/0yxf4 /media_common/netflix_title/netflix_genres /m/04xvlr 17 1 0 1 0 1
/m/02chhq /media_common/netflix_title/netflix_genres /m/07s9rl0 45 1 0 1 0 1
/m/0900j5 /media_common/netflix_title/netflix_genres /m/03npn 7 1 1 1 0 1
/m/05n6sq /media_common/netflix_title/netflix_genres /m/04xvlr 35 1 0 1 0 1
/m/026gyn_ /media_common/netflix_title/netflix_genres /m/03mqtr 8 1 1 1 0 1
/m/09qycb /media_common/netflix_title/netflix_genres /m/04xvlr 47 1 0 1 0 1
/m/03hkch7 /media_common/netflix_title/netflix_genres /m/017fp 3 1 1 1 0 1
/m/0n2bh /media_common/netflix_title/netflix_genres /m/07c52 50 10 0 1 0 0
/m/057__d /media_common/netflix_title/netflix_genres /m/04xvlr 74 18 0 0 0 0
/m/09p0ct /media_common/netflix_title/netflix_genres /m/02n4kr 31 18 0 0 0 0
/m/037cr1 /media_common/netflix_title/netflix_genres /m/01hmnh 18 1 0 1 0 1
/m/063_j5 /media_common/netflix_title/netflix_genres /m/01jfsb 48 2 0 1 0 0
/m/0dx8gj /media_common/netflix_title/netflix_genres /m/0653m 1 1 1 1 1 1
/m/048htn /media_common/netflix_title/netflix_genres /m/0glj9q 2 1 1 1 0 1
/m/02xhwm /media_common/netflix_title/netflix_genres /m/07c52 48 10 0 1 0 0
/m/011yg9 /media_common/netflix_title/netflix_genres /m/04xvlr 4 1 1 1 0 1
/m/042y1c /media_common/netflix_title/netflix_genres /m/04xvlr 9 1 1 1 0 1
/m/03j63k /media_common/netflix_title/netflix_genres /m/0g5lhl7 8 1 1 1 0 1
/m/03kq98 /media_common/netflix_title/netflix_genres /m/07s9rl0 73 1 0 1 0 1
/m/05mrf_p /media_common/netflix_title/netflix_genres /m/02qfv5d 1 1 1 1 1 1
/m/0dfw0 /media_common/netflix_title/netflix_genres /m/024qqx 3 1 1 1 0 1
/m/06k176 /media_common/netflix_title/netflix_genres /m/03mdt 12 1 0 1 0 1
/m/0992d9 /media_common/netflix_title/netflix_genres /m/09blyk 8 1 1 1 0 1
/m/05v38p /media_common/netflix_title/netflix_genres /m/07ssc 12 1 0 1 0 1
/m/01242_ /media_common/netflix_title/netflix_genres /m/07s9rl0 41 1 0 1 0 1
/m/04q827 /media_common/netflix_title/netflix_genres /m/07s9rl0 34 1 0 1 0 1
/m/053x8hr /media_common/netflix_title/netflix_genres /m/07c52 50 10 0 1 0 0
/m/07w8fz /media_common/netflix_title/netflix_genres /m/04xvlr 16 1 0 1 0 1
/m/016kv6 /media_common/netflix_title/netflix_genres /m/03mqtr 15 3 0 1 0 0
/m/0f4vx /media_common/netflix_title/netflix_genres /m/07s9rl0 79 5 0 1 0 0
/m/02wtp6 /media_common/netflix_title/netflix_genres /m/04xvlr 39 1 0 1 0 1
/m/0m9p3 /media_common/netflix_title/netflix_genres /m/07ssc 12 1 0 1 0 1
/m/0djkrp /media_common/netflix_title/netflix_genres /m/07s9rl0 272 163 0 0 0 0
/m/0hfzr /media_common/netflix_title/netflix_genres /m/04xvlr 6 1 1 1 0 1
/m/011ywj /media_common/netflix_title/netflix_genres /m/02n4kr 7 1 1 1 0 1
/m/0dr_4 /media_common/netflix_title/netflix_genres /m/04xvlr 3 1 1 1 0 1
/m/043n1r5 /media_common/netflix_title/netflix_genres /m/04t36 4 1 1 1 0 1
/m/0f4m2z /media_common/netflix_title/netflix_genres /m/07s9rl0 40 1 0 1 0 1
/m/0jymd /media_common/netflix_title/netflix_genres /m/02n4kr 9 1 1 1 0 1
/m/0640m69 /media_common/netflix_title/netflix_genres /m/01z4y 21 1 0 1 0 1
/m/0ptxj /media_common/netflix_title/netflix_genres /m/024qqx 15 1 0 1 0 1
/m/015w8_ /media_common/netflix_title/netflix_genres /m/0215n 3 1 1 1 0 1
/m/01kjr0 /media_common/netflix_title/netflix_genres /m/09blyk 6 1 1 1 0 1
/m/05sy2k_ /media_common/netflix_title/netflix_genres /m/07c52 50 10 0 1 0 0
/m/03xj05 /media_common/netflix_title/netflix_genres /m/0345h 3 1 1 1 0 1
/m/0418wg /media_common/netflix_title/netflix_genres /m/04btyz 1 1 1 1 1 1
/m/07bzz7 /media_common/netflix_title/netflix_genres /m/01qzt1 1 1 1 1 1 1
/m/01jwxx /media_common/netflix_title/netflix_genres /m/06l3bl 9 5 1 1 0 0
/m/03mnn0 /media_common/netflix_title/netflix_genres /m/0jtdp 1 1 1 1 1 1
/m/0cq7kw /media_common/netflix_title/netflix_genres /m/04t36 5 1 1 1 0 1
/m/0443v1 /media_common/netflix_title/netflix_genres /m/02n4kr 5 1 1 1 0 1
/m/03l6q0 /media_common/netflix_title/netflix_genres /m/01z4y 26 1 0 1 0 1
/m/02pg45 /media_common/netflix_title/netflix_genres /m/01z4y 144 94 0 0 0 0
/m/05567m /media_common/netflix_title/netflix_genres /m/01hmnh 22 1 0 1 0 1
/m/0353xq /media_common/netflix_title/netflix_genres /m/04t36 6 1 1 1 0 1
/m/07bzz7 /media_common/netflix_title/netflix_genres /m/04t36 4 1 1 1 0 1
/m/0qmfk /media_common/netflix_title/netflix_genres /m/07ssc 12 1 0 1 0 1
/m/0fphgb /media_common/netflix_title/netflix_genres /m/01z4y 20 1 0 1 0 1
/m/03m5y9p /media_common/netflix_title/netflix_genres /m/03mqtr 4 1 1 1 0 1
/m/02wwmhc /media_common/netflix_title/netflix_genres /m/07s9rl0 50 1 0 1 0 1
/m/024rwx /media_common/netflix_title/netflix_genres /m/0ljc_ 2 1 1 1 0 1
/m/02s4l6 /media_common/netflix_title/netflix_genres /m/0hn10 2 1 1 1 0 1
/m/0jswp /media_common/netflix_title/netflix_genres /m/0hfjk 3 1 1 1 0 1
/m/0dt8xq /media_common/netflix_title/netflix_genres /m/0l4h_ 4 1 1 1 0 1
/m/01j67j /media_common/netflix_title/netflix_genres /m/07c52 45 10 0 1 0 0
/m/0pv3x /media_common/netflix_title/netflix_genres /m/07ssc 7 1 1 1 0 1
/m/011ywj /media_common/netflix_title/netflix_genres /m/01z4y 16 1 0 1 0 1
/m/060__7 /media_common/netflix_title/netflix_genres /m/07s9rl0 47 1 0 1 0 1
/m/064n1pz /media_common/netflix_title/netflix_genres /m/06mp7 1 1 1 1 1 1
/m/0372j5 /media_common/netflix_title/netflix_genres /m/024qqx 18 1 0 1 0 1
/m/01ry_x /media_common/netflix_title/netflix_genres /m/09b3v 10 1 1 1 0 1
/m/01f39b /media_common/netflix_title/netflix_genres /m/015w9s 3 1 1 1 0 1
/m/0g83dv /media_common/netflix_title/netflix_genres /m/07ssc 60 30 0 0 0 0
/m/033srr /media_common/netflix_title/netflix_genres /m/03k9fj 8 1 1 1 0 1
/m/0g_zyp /media_common/netflix_title/netflix_genres /m/02l7c8 25 20 0 0 0 0
/m/02q87z6 /media_common/netflix_title/netflix_genres /m/01jfsb 31 2 0 1 0 0
/m/06z8s_ /media_common/netflix_title/netflix_genres /m/04btyz 2 1 1 1 0 1
/m/03np63f /media_common/netflix_title/netflix_genres /m/07ssc 17 1 0 1 0 1
/m/048rn /media_common/netflix_title/netflix_genres /m/0h9qh 2 1 1 1 0 1
/m/02phtzk /media_common/netflix_title/netflix_genres /m/07s9rl0 43 1 0 1 0 1
/m/011ypx /media_common/netflix_title/netflix_genres /m/07s9rl0 26 1 0 1 0 1
/m/04ynx7 /media_common/netflix_title/netflix_genres /m/0c3351 27 1 0 1 0 1
/m/047tsx3 /media_common/netflix_title/netflix_genres /m/04xvlr 637 569 0 0 0 0
/m/01rwpj /media_common/netflix_title/netflix_genres /m/07ssc 20 1 0 1 0 1
/m/048xyn /media_common/netflix_title/netflix_genres /m/0f8l9c 5 1 1 1 0 1
/m/04kzqz /media_common/netflix_title/netflix_genres /m/06l3bl 3 1 1 1 0 1
/m/0d8w2n /media_common/netflix_title/netflix_genres /m/07s9rl0 59 1 0 1 0 1
/m/0bmpm /media_common/netflix_title/netflix_genres /m/04t36 5 1 1 1 0 1
/m/0661ql3 /media_common/netflix_title/netflix_genres /m/024qqx 14 1 0 1 0 1
/m/04xg2f /media_common/netflix_title/netflix_genres /m/07s9rl0 52 1 0 1 0 1
/m/02tktw /media_common/netflix_title/netflix_genres /m/01jfsb 4 1 1 1 0 1
/m/0jnwx /media_common/netflix_title/netflix_genres /m/04t36 4 1 1 1 0 1
/m/04pmnt /media_common/netflix_title/netflix_genres /m/04xvlr 87 27 0 0 0 0
/m/04x4gw /media_common/netflix_title/netflix_genres /m/03k9fj 13 1 0 1 0 1
/m/04mzf8 /media_common/netflix_title/netflix_genres /m/02n4kr 7 1 1 1 0 1
/m/063_j5 /media_common/netflix_title/netflix_genres /m/01z4y 10 1 1 1 0 1
/m/0dpl44 /media_common/netflix_title/netflix_genres /m/07s9rl0 53 1 0 1 0 1
/m/048yqf /media_common/netflix_title/netflix_genres /m/04t2t 14 8 0 1 0 0
/m/01k0xy /media_common/netflix_title/netflix_genres /m/01z4y 12 1 0 1 0 1
/m/01wb95 /media_common/netflix_title/netflix_genres /m/04xvlr 42 1 0 1 0 1
/m/019vhk /media_common/netflix_title/netflix_genres /m/03mqtr 3 1 1 1 0 1
/m/0k7tq /media_common/netflix_title/netflix_genres /m/02n4kr 33 20 0 0 0 0
/m/049xgc /media_common/netflix_title/netflix_genres /m/017fp 8 1 1 1 0 1
/m/03cv_gy /media_common/netflix_title/netflix_genres /m/03mdt 15 3 0 1 0 0
/m/01ft14 /media_common/netflix_title/netflix_genres /m/03mdt 9 1 1 1 0 1
/m/02vzpb /media_common/netflix_title/netflix_genres /m/01z4y 10 1 1 1 0 1
/m/02hfk5 /media_common/netflix_title/netflix_genres /m/07s9rl0 54 1 0 1 0 1
/m/01gkp1 /media_common/netflix_title/netflix_genres /m/01z4y 13 1 0 1 0 1
/m/02qr46y /media_common/netflix_title/netflix_genres /m/07ssc 23 1 0 1 0 1
/m/03y3bp7 /media_common/netflix_title/netflix_genres /m/07c52 29 5 0 1 0 0
/m/0dx8gj /media_common/netflix_title/netflix_genres /m/01jfsb 51 2 0 1 0 0
/m/040b5k /media_common/netflix_title/netflix_genres /m/0d05w3 5 1 1 1 0 1
/m/047bynf /media_common/netflix_title/netflix_genres /m/07s9rl0 46 1 0 1 0 1
/m/06kl78 /media_common/netflix_title/netflix_genres /m/0glj9q 2 1 1 1 0 1
/m/0j6b5 /media_common/netflix_title/netflix_genres /m/01hmnh 26 1 0 1 0 1
/m/02vjp3 /media_common/netflix_title/netflix_genres /m/03k9fj 11 1 0 1 0 1
/m/0k0rf /media_common/netflix_title/netflix_genres /m/01jfsb 30 2 0 1 0 0
/m/02vr3gz /media_common/netflix_title/netflix_genres /m/01jfsb 44 2 0 1 0 0
/m/03_gz8 /media_common/netflix_title/netflix_genres /m/04xvlr 19 1 0 1 0 1
/m/050r1z /media_common/netflix_title/netflix_genres /m/04xvlr 32 1 0 1 0 1
/m/0kvgtf /media_common/netflix_title/netflix_genres /m/01z4y 23 1 0 1 0 1
/m/0c9k8 /media_common/netflix_title/netflix_genres /m/017fp 3 1 1 1 0 1
/m/02bj22 /media_common/netflix_title/netflix_genres /m/01hmnh 20 1 0 1 0 1
/m/02_06s /media_common/netflix_title/netflix_genres /m/07s9rl0 52 1 0 1 0 1
/m/03vyw8 /media_common/netflix_title/netflix_genres /m/04xvlr 46 1 0 1 0 1
/m/07f_7h /media_common/netflix_title/netflix_genres /m/01jfsb 54 2 0 1 0 0
/m/0194zl /media_common/netflix_title/netflix_genres /m/07ssc 88 58 0 0 0 0
/m/01hvv0 /media_common/netflix_title/netflix_genres /m/0146mv 2 1 1 1 0 1
/m/0yx_w /media_common/netflix_title/netflix_genres /m/07s9rl0 47 1 0 1 0 1
/m/0ddfwj1 /media_common/netflix_title/netflix_genres /m/07ssc 19 1 0 1 0 1
/m/09p7fh /media_common/netflix_title/netflix_genres /m/07ssc 17 1 0 1 0 1
/m/09p0ct /media_common/netflix_title/netflix_genres /m/01jfsb 50 2 0 1 0 0
/m/07l4zhn /media_common/netflix_title/netflix_genres /m/01z4y 17 1 0 1 0 1
/m/0473rc /media_common/netflix_title/netflix_genres /m/01hmnh 17 1 0 1 0 1
/m/0c0yh4 /media_common/netflix_title/netflix_genres /m/07s9rl0 113 30 0 0 0 0
/m/09fn1w /media_common/netflix_title/netflix_genres /m/03rk0 1 1 1 1 1 1
/m/0bmfnjs /media_common/netflix_title/netflix_genres /m/04xvlr 36 1 0 1 0 1
/m/02dr9j /media_common/netflix_title/netflix_genres /m/024qqx 12 1 0 1 0 1
/m/02r8hh_ /media_common/netflix_title/netflix_genres /m/04xvlr 33 1 0 1 0 1
/m/03cvvlg /media_common/netflix_title/netflix_genres /m/04xvlr 23 1 0 1 0 1
/m/05ypj5 /media_common/netflix_title/netflix_genres /m/04t36 4 1 1 1 0 1
/m/07g1sm /media_common/netflix_title/netflix_genres /m/024qqx 4 1 1 1 0 1
/m/02scbv /media_common/netflix_title/netflix_genres /m/024qqx 7 1 1 1 0 1
/m/04sh80 /media_common/netflix_title/netflix_genres /m/0c3351 12 1 0 1 0 1
/m/01719t /media_common/netflix_title/netflix_genres /m/07s9rl0 42 1 0 1 0 1
/m/026qnh6 /media_common/netflix_title/netflix_genres /m/07s9rl0 228 124 0 0 0 0
/m/048htn /media_common/netflix_title/netflix_genres /m/01jfsb 55 2 0 1 0 0
/m/0353xq /media_common/netflix_title/netflix_genres /m/07ssc 26 1 0 1 0 1
/m/0170z3 /media_common/netflix_title/netflix_genres /m/07s9rl0 56 1 0 1 0 1
/m/0by17xn /media_common/netflix_title/netflix_genres /m/01jfsb 43 2 0 1 0 0
/m/04zl8 /media_common/netflix_title/netflix_genres /m/03k9fj 13 1 0 1 0 1
/m/07l4zhn /media_common/netflix_title/netflix_genres /m/04xvlr 38 1 0 1 0 1
/m/06cm5 /media_common/netflix_title/netflix_genres /m/07s9rl0 36 1 0 1 0 1
/m/0415ggl /media_common/netflix_title/netflix_genres /m/07s9rl0 46 1 0 1 0 1
/m/01wb95 /media_common/netflix_title/netflix_genres /m/017fp 11 1 0 1 0 1
/m/0280061 /media_common/netflix_title/netflix_genres /m/07s9rl0 45 1 0 1 0 1
/m/085bd1 /media_common/netflix_title/netflix_genres /m/015w9s 1 1 1 1 1 1
/m/02zk08 /media_common/netflix_title/netflix_genres /m/07s9rl0 55 1 0 1 0 1
/m/0g5q34q /media_common/netflix_title/netflix_genres /m/07s9rl0 465 344 0 0 0 0
/m/0209hj /media_common/netflix_title/netflix_genres /m/017fp 8 1 1 1 0 1
/m/07vqnc /media_common/netflix_title/netflix_genres /m/0215n 4 1 1 1 0 1
/m/02gpkt /media_common/netflix_title/netflix_genres /m/04t2t 3 1 1 1 0 1
/m/011yrp /media_common/netflix_title/netflix_genres /m/03rjj 6 3 1 1 0 0
/m/064r97z /media_common/netflix_title/netflix_genres /m/07s9rl0 65 1 0 1 0 1
/m/0cwy47 /media_common/netflix_title/netflix_genres /m/06l3bl 1 1 1 1 1 1
/m/09cr8 /media_common/netflix_title/netflix_genres /m/01jfsb 46 2 0 1 0 0
/m/02q8ms8 /media_common/netflix_title/netflix_genres /m/01z4y 20 1 0 1 0 1
/m/039c26 /media_common/netflix_title/netflix_genres /m/07c52 46 10 0 1 0 0
/m/0bw20 /media_common/netflix_title/netflix_genres /m/04xvlr 34 1 0 1 0 1
/m/08xvpn /media_common/netflix_title/netflix_genres /m/04xvlr 30 1 0 1 0 1
/m/023vcd /media_common/netflix_title/netflix_genres /m/01z4y 11 1 0 1 0 1
/m/04h41v /media_common/netflix_title/netflix_genres /m/0hn10 2 1 1 1 0 1
/m/02w86hz /media_common/netflix_title/netflix_genres /m/07c9s 1 1 1 1 1 1
/m/02vqhv0 /media_common/netflix_title/netflix_genres /m/01hmnh 19 1 0 1 0 1
/m/06cm5 /media_common/netflix_title/netflix_genres /m/04xvlr 30 1 0 1 0 1
/m/0f40w /media_common/netflix_title/netflix_genres /m/02n4kr 9 1 1 1 0 1
/m/02z3r8t /media_common/netflix_title/netflix_genres /m/07s9rl0 52 1 0 1 0 1
/m/0fgpvf /media_common/netflix_title/netflix_genres /m/07s9rl0 27 1 0 1 0 1
/m/02ph9tm /media_common/netflix_title/netflix_genres /m/01z4y 10 1 1 1 0 1
/m/0ckrnn /media_common/netflix_title/netflix_genres /m/0c3351 7 1 1 1 0 1
/m/06znpjr /media_common/netflix_title/netflix_genres /m/01z4y 14 1 0 1 0 1
/m/0bh8drv /media_common/netflix_title/netflix_genres /m/07s9rl0 61 1 0 1 0 1
/m/0296rz /media_common/netflix_title/netflix_genres /m/02qfv5d 1 1 1 1 1 1
/m/02ll45 /media_common/netflix_title/netflix_genres /m/04xvlr 17 1 0 1 0 1
/m/05pt0l /media_common/netflix_title/netflix_genres /m/02n4kr 21 8 0 1 0 0
/m/034qrh /media_common/netflix_title/netflix_genres /m/01z4y 20 1 0 1 0 1
/m/085bd1 /media_common/netflix_title/netflix_genres /m/01hmnh 25 1 0 1 0 1
/m/05css_ /media_common/netflix_title/netflix_genres /m/0c3351 1 1 1 1 1 1
/m/027fwmt /media_common/netflix_title/netflix_genres /m/04t36 4 1 1 1 0 1
/m/0640m69 /media_common/netflix_title/netflix_genres /m/09q17 8 1 1 1 0 1
/m/02wgbb /media_common/netflix_title/netflix_genres /m/01z4y 142 92 0 0 0 0
/m/05z_kps /media_common/netflix_title/netflix_genres /m/07s9rl0 50 1 0 1 0 1
/m/04vr_f /media_common/netflix_title/netflix_genres /m/07s9rl0 280 170 0 0 0 0
/m/015qsq /media_common/netflix_title/netflix_genres /m/01jfsb 57 2 0 1 0 0
/m/027tbrc /media_common/netflix_title/netflix_genres /m/0kctd 2 1 1 1 0 1
/m/03t79f /media_common/netflix_title/netflix_genres /m/03npn 7 1 1 1 0 1
/m/03s5lz /media_common/netflix_title/netflix_genres /m/01z4y 17 1 0 1 0 1
/m/0pc62 /media_common/netflix_title/netflix_genres /m/024qqx 13 1 0 1 0 1
/m/06cs95 /media_common/netflix_title/netflix_genres /m/0hfjk 5 1 1 1 0 1
/m/09gdh6k /media_common/netflix_title/netflix_genres /m/02n4kr 7 1 1 1 0 1
/m/01gvpz /media_common/netflix_title/netflix_genres /m/07s9rl0 131 42 0 0 0 0
/m/05zwrg0 /media_common/netflix_title/netflix_genres /m/07ssc 17 1 0 1 0 1
/m/0fvr1 /media_common/netflix_title/netflix_genres /m/01hmnh 26 1 0 1 0 1
/m/02qr46y /media_common/netflix_title/netflix_genres /m/01z77k 1 1 1 1 1 1
/m/050f0s /media_common/netflix_title/netflix_genres /m/01z4y 16 1 0 1 0 1
/m/0300ml /media_common/netflix_title/netflix_genres /m/07c52 48 10 0 1 0 0
/m/065z3_x /media_common/netflix_title/netflix_genres /m/0jxxt 1 1 1 1 1 1
/m/018f8 /media_common/netflix_title/netflix_genres /m/0hfjk 3 1 1 1 0 1
/m/0bmch_x /media_common/netflix_title/netflix_genres /m/02n4kr 7 1 1 1 0 1
/m/0m3gy /media_common/netflix_title/netflix_genres /m/03npn 7 1 1 1 0 1
/m/0g9lm2 /media_common/netflix_title/netflix_genres /m/07s9rl0 13 1 0 1 0 1
/m/05k2xy /media_common/netflix_title/netflix_genres /m/01jfsb 48 2 0 1 0 0
/m/05r3qc /media_common/netflix_title/netflix_genres /m/03k9fj 11 1 0 1 0 1
/m/0fpkhkz /media_common/netflix_title/netflix_genres /m/07s9rl0 45 1 0 1 0 1
/m/0n_hp /media_common/netflix_title/netflix_genres /m/07s9rl0 50 1 0 1 0 1
/m/0crh5_f /media_common/netflix_title/netflix_genres /m/01jfsb 48 2 0 1 0 0
/m/07z6xs /media_common/netflix_title/netflix_genres /m/01jfsb 7 1 1 1 0 1
/m/01d259 /media_common/netflix_title/netflix_genres /m/02n4kr 10 1 1 1 0 1
/m/08rr3p /media_common/netflix_title/netflix_genres /m/07s9rl0 51 1 0 1 0 1
/m/0pv3x /media_common/netflix_title/netflix_genres /m/04xvlr 3 1 1 1 0 1
/m/01gglm /media_common/netflix_title/netflix_genres /m/07s9rl0 55 1 0 1 0 1
/m/02rlj20 /media_common/netflix_title/netflix_genres /m/03mqtr 4 1 1 1 0 1
/m/0k7tq /media_common/netflix_title/netflix_genres /m/01jfsb 45 2 0 1 0 0
/m/05p3738 /media_common/netflix_title/netflix_genres /m/07ssc 18 1 0 1 0 1
/m/0b6tzs /media_common/netflix_title/netflix_genres /m/0c3351 9 1 1 1 0 1
/m/0fjyzt /media_common/netflix_title/netflix_genres /m/04xvlr 26 1 0 1 0 1
/m/0f42nz /media_common/netflix_title/netflix_genres /m/03k50 2 1 1 1 0 1
/m/027pfg /media_common/netflix_title/netflix_genres /m/07s9rl0 25 1 0 1 0 1
/m/03r0rq /media_common/netflix_title/netflix_genres /m/0ljc_ 9180 9177 0 0 0 0
/m/01fx4k /media_common/netflix_title/netflix_genres /m/04xvlr 27 1 0 1 0 1
/m/0ywrc /media_common/netflix_title/netflix_genres /m/07ssc 8 1 1 1 0 1
/m/0gnjh /media_common/netflix_title/netflix_genres /m/04t36 2 1 1 1 0 1
/m/02v8kmz /media_common/netflix_title/netflix_genres /m/03mqtr 6 1 1 1 0 1
/m/026njb5 /media_common/netflix_title/netflix_genres /m/09blyk 11 1 0 1 0 1
/m/0260bz /media_common/netflix_title/netflix_genres /m/07s9rl0 187 91 0 0 0 0
/m/025ljp /media_common/netflix_title/netflix_genres /m/07c52 36 6 0 1 0 0
/m/0c_j9x /media_common/netflix_title/netflix_genres /m/07ssc 13 1 0 1 0 1
/m/02825cv /media_common/netflix_title/netflix_genres /m/01z4y 20 1 0 1 0 1
/m/0cwy47 /media_common/netflix_title/netflix_genres /m/04xvlr 22 1 0 1 0 1
/m/0dgrwqr /media_common/netflix_title/netflix_genres /m/03npn 7 1 1 1 0 1
/m/0k0rf /media_common/netflix_title/netflix_genres /m/02n4kr 5 1 1 1 0 1
/m/047svrl /media_common/netflix_title/netflix_genres /m/01z4y 19 1 0 1 0 1
/m/0c8tkt /media_common/netflix_title/netflix_genres /m/01z4y 12 1 0 1 0 1
/m/011yr9 /media_common/netflix_title/netflix_genres /m/06l3bl 2 1 1 1 0 1
/m/02x0fs9 /media_common/netflix_title/netflix_genres /m/01z4y 73 28 0 0 0 0
/m/04tz52 /media_common/netflix_title/netflix_genres /m/03k9fj 11 1 0 1 0 1
/m/01cm8w /media_common/netflix_title/netflix_genres /m/09b3v 1 1 1 1 1 1
/m/04ltlj /media_common/netflix_title/netflix_genres /m/02blr4 2 1 1 1 0 1
/m/0ccd3x /media_common/netflix_title/netflix_genres /m/04t36 4 1 1 1 0 1
/m/02mpyh /media_common/netflix_title/netflix_genres /m/01jfsb 45 2 0 1 0 0
/m/0l76z /media_common/netflix_title/netflix_genres /m/07c52 10 2 1 1 0 0
/m/0pvms /media_common/netflix_title/netflix_genres /m/01z4y 18 1 0 1 0 1
/m/0464pz /media_common/netflix_title/netflix_genres /m/03mdt 2 1 1 1 0 1
/m/0d66j2 /media_common/netflix_title/netflix_genres /m/07c52 48 10 0 1 0 0
/m/02yy9r /media_common/netflix_title/netflix_genres /m/02n4kr 6 1 1 1 0 1
/m/02qmsr /media_common/netflix_title/netflix_genres /m/0c3351 12 1 0 1 0 1
/m/04q24zv /media_common/netflix_title/netflix_genres /m/04xvlr 36 1 0 1 0 1
/m/09p0ct /media_common/netflix_title/netflix_genres /m/02qfv5d 1 1 1 1 1 1
/m/07l4zhn /media_common/netflix_title/netflix_genres /m/07s9rl0 49 1 0 1 0 1
/m/0gyy53 /media_common/netflix_title/netflix_genres /m/04xvlr 29 1 0 1 0 1
/m/06g77c /media_common/netflix_title/netflix_genres /m/09blyk 9 1 1 1 0 1
/m/0194zl /media_common/netflix_title/netflix_genres /m/0hn10 1 1 1 1 1 1
/m/0cp0ph6 /media_common/netflix_title/netflix_genres /m/01z4y 16 1 0 1 0 1
/m/04jpk2 /media_common/netflix_title/netflix_genres /m/07ssc 20 1 0 1 0 1
/m/05pdd86 /media_common/netflix_title/netflix_genres /m/01hmnh 14 1 0 1 0 1
/m/02_nsc /media_common/netflix_title/netflix_genres /m/02l7c8 4 1 1 1 0 1
/m/01npcx /media_common/netflix_title/netflix_genres /m/07ssc 19 1 0 1 0 1
/m/03n785 /media_common/netflix_title/netflix_genres /m/0h9qh 2 1 1 1 0 1
/m/08y2fn /media_common/netflix_title/netflix_genres /m/07ssc 19 1 0 1 0 1
/m/0291hr /media_common/netflix_title/netflix_genres /m/01z4y 60 20 0 0 0 0
/m/07tw_b /media_common/netflix_title/netflix_genres /m/01z4y 14 1 0 1 0 1
/m/06cs95 /media_common/netflix_title/netflix_genres /m/01z77k 14124 14120 0 0 0 0
/m/011yl_ /media_common/netflix_title/netflix_genres /m/017fp 5 1 1 1 0 1
/m/01k1k4 /media_common/netflix_title/netflix_genres /m/01z4y 3 1 1 1 0 1
/m/0g9lm2 /media_common/netflix_title/netflix_genres /m/03mqtr 1 1 1 1 1 1
/m/011yqc /media_common/netflix_title/netflix_genres /m/01jfsb 11 1 0 1 0 1
/m/01zfzb /media_common/netflix_title/netflix_genres /m/01z4y 18 1 0 1 0 1
/m/02w9k1c /media_common/netflix_title/netflix_genres /m/04xvlr 19 1 0 1 0 1
/m/05zwrg0 /media_common/netflix_title/netflix_genres /m/07s9rl0 57 1 0 1 0 1
/m/0b4lkx /media_common/netflix_title/netflix_genres /m/07s9rl0 141 49 0 0 0 0
