/m/02tfl8 /medicine/symptom/symptom_of /m/07s4l 4 1 1 1 0 1
/m/0hgxh /medicine/symptom/symptom_of /m/09jg8 5 1 1 1 0 1
/m/04kllm9 /medicine/symptom/symptom_of /m/035482 6 1 1 1 0 1
/m/0j5fv /medicine/symptom/symptom_of /m/04psf 5 1 1 1 0 1
/m/012qjw /medicine/symptom/symptom_of /m/0hgxh 7 2 1 1 0 0
/m/0j5fv /medicine/symptom/symptom_of /m/09d11 4 1 1 1 0 1
/m/0j5fv /medicine/symptom/symptom_of /m/0k95h 1 1 1 1 1 1
/m/0gxb2 /medicine/symptom/symptom_of /m/024c2 5 2 1 1 0 0
/m/0hgxh /medicine/symptom/symptom_of /m/087z2 3 2 1 1 0 0
/m/01j6t0 /medicine/symptom/symptom_of /m/035482 3 1 1 1 0 1
/m/0gxb2 /medicine/symptom/symptom_of /m/09jg8 7 1 1 1 0 1
/m/0cjf0 /medicine/symptom/symptom_of /m/0cycc 1 1 1 1 1 1
/m/02tfl8 /medicine/symptom/symptom_of /m/0h1wz 4 1 1 1 0 1
/m/0gxb2 /medicine/symptom/symptom_of /m/0h1wz 5 1 1 1 0 1
/m/02tfl8 /medicine/symptom/symptom_of /m/0167bx 7 1 1 1 0 1
/m/01cdt5 /medicine/symptom/symptom_of /m/011zdm 5 1 1 1 0 1
/m/01cdt5 /medicine/symptom/symptom_of /m/0dcp_ 1 1 1 1 1 1
/m/0gxb2 /medicine/symptom/symptom_of /m/09969 6 4 1 1 0 0
/m/0j5fv /medicine/symptom/symptom_of /m/02k6hp 6 1 1 1 0 1
/m/01j6t0 /medicine/symptom/symptom_of /m/01qqwn 4 1 1 1 0 1
/m/0gxb2 /medicine/symptom/symptom_of /m/02psvcf 3 1 1 1 0 1
/m/0cjf0 /medicine/symptom/symptom_of /m/072hv 2 1 1 1 0 1
/m/0f3kl /medicine/symptom/symptom_of /m/04psf 4 1 1 1 0 1
/m/0f3kl /medicine/symptom/symptom_of /m/09jg8 6 1 1 1 0 1
/m/012qjw /medicine/symptom/symptom_of /m/0h3bn 2 2 1 1 0 0
/m/01cdt5 /medicine/symptom/symptom_of /m/04p3w 2 1 1 1 0 1
/m/0gxb2 /medicine/symptom/symptom_of /m/0d19y2 5 1 1 1 0 1
/m/0gxb2 /medicine/symptom/symptom_of /m/01_qc_ 6 2 1 1 0 0
/m/0cjf0 /medicine/symptom/symptom_of /m/024c2 1 1 1 1 1 1
/m/0gxb2 /medicine/symptom/symptom_of /m/025hl8 5 1 1 1 0 1
/m/0k95h /medicine/symptom/symptom_of /m/02k6hp 13 7 0 1 0 0
/m/01j6t0 /medicine/symptom/symptom_of /m/0dcqh 3 1 1 1 0 1
