/m/012x4t /music/group_member/membership./music/group_membership/group /m/01v0sx2 7 1 1 1 0 1
/m/05qw5 /music/group_member/membership./music/group_membership/group /m/017lb_ 1 1 1 1 1 1
/m/0pkyh /music/group_member/membership./music/group_membership/group /m/04k05 1 1 1 1 1 1
/m/0140t7 /music/group_member/membership./music/group_membership/group /m/0dtd6 1 1 1 1 1 1
/m/0326tc /music/group_member/membership./music/group_membership/group /m/01_wfj 1 1 1 1 1 1
/m/01vsqvs /music/group_member/membership./music/group_membership/group /m/07yg2 1 1 1 1 1 1
/m/01wrcxr /music/group_member/membership./music/group_membership/group /m/01v0sx2 15 1 0 1 0 1
/m/032t2z /music/group_member/membership./music/group_membership/group /m/01wv9xn 2 1 1 1 0 1
/m/01mxnvc /music/group_member/membership./music/group_membership/group /m/02vgh 1 1 1 1 1 1
/m/02y7sr /music/group_member/membership./music/group_membership/group /m/0ycp3 1 1 1 1 1 1
/m/01vsksr /music/group_member/membership./music/group_membership/group /m/07mvp 4 1 1 1 0 1
/m/021r7r /music/group_member/membership./music/group_membership/group /m/07bzp 1 1 1 1 1 1
/m/016h9b /music/group_member/membership./music/group_membership/group /m/0134wr 1 1 1 1 1 1
/m/01797x /music/group_member/membership./music/group_membership/group /m/02r1tx7 9 1 1 1 0 1
/m/018y2s /music/group_member/membership./music/group_membership/group /m/013w8y 0 0 0 0
/m/03j24kf /music/group_member/membership./music/group_membership/group /m/07c0j 3 2 1 1 0 0
/m/01wqflx /music/group_member/membership./music/group_membership/group /m/0d193h 1 1 1 1 1 1
/m/0ftps /music/group_member/membership./music/group_membership/group /m/0b_xm 1 1 1 1 1 1
/m/018gkb /music/group_member/membership./music/group_membership/group /m/047cx 1 1 1 1 1 1
/m/03bnv /music/group_member/membership./music/group_membership/group /m/07c0j 1 1 1 1 1 1
/m/041c4 /music/group_member/membership./music/group_membership/group /m/04sd0 5 1 1 1 0 1
/m/01w724 /music/group_member/membership./music/group_membership/group /m/01qqwp9 14 5 0 1 0 0
