/m/03lty /music/genre/subgenre /m/06cp5 5 1 1 1 0 1
/m/059kh /music/genre/subgenre /m/05y8n7 5753 5749 0 0 0 0
/m/016clz /music/genre/subgenre /m/0g_bh 1 1 1 1 1 1
/m/026z9 /music/genre/subgenre /m/016_nr 5 1 1 1 0 1
/m/06cqb /music/genre/subgenre /m/0190y4 3 2 1 1 0 0
/m/0mmp3 /music/genre/subgenre /m/07gxw 2 1 1 1 0 1
/m/059kh /music/genre/subgenre /m/01_qp_ 2 1 1 1 0 1
/m/016cyt /music/genre/subgenre /m/0190y4 1 1 1 1 1 1
/m/05r6t /music/genre/subgenre /m/0pm85 2 1 1 1 0 1
/m/06by7 /music/genre/subgenre /m/02k_kn 1 1 1 1 1 1
/m/02yv6b /music/genre/subgenre /m/0dl5d 6 1 1 1 0 1
/m/0gywn /music/genre/subgenre /m/026z9 1 1 1 1 1 1
/m/06by7 /music/genre/subgenre /m/09nwwf 1 1 1 1 1 1
/m/02z7f3 /music/genre/subgenre /m/066d03 3 1 1 1 0 1
/m/0glt670 /music/genre/subgenre /m/016_nr 3 1 1 1 0 1
/m/016_rm /music/genre/subgenre /m/036jv 3 1 1 1 0 1
/m/02r6mf /music/genre/subgenre /m/0fd3y 4 1 1 1 0 1
/m/0nk3g /music/genre/subgenre /m/02856r 2 1 1 1 0 1
/m/05r6t /music/genre/subgenre /m/01hcvm 2 1 1 1 0 1
/m/05r6t /music/genre/subgenre /m/08cg36 2 1 1 1 0 1
/m/06by7 /music/genre/subgenre /m/05bt6j 1 1 1 1 1 1
/m/0ggq0m /music/genre/subgenre /m/01wqlc 1 1 1 1 1 1
/m/037n97 /music/genre/subgenre /m/0fxgg9 1 1 1 1 1 1
/m/0296y /music/genre/subgenre /m/05g7tj 10597 10594 0 0 0 0
/m/0155w /music/genre/subgenre /m/01lyv 4 2 1 1 0 0
/m/0233qs /music/genre/subgenre /m/0190yn 3 1 1 1 0 1
/m/09jw2 /music/genre/subgenre /m/08cg36 3 1 1 1 0 1
/m/016_nr /music/genre/subgenre /m/04h6m 2 1 1 1 0 1
/m/03lty /music/genre/subgenre /m/01dqhq 1 1 1 1 1 1
/m/05w3f /music/genre/subgenre /m/0grjmv 1 1 1 1 1 1
/m/03mb9 /music/genre/subgenre /m/01h0kx 7 1 1 1 0 1
/m/0y3_8 /music/genre/subgenre /m/0133k0 1 1 1 1 1 1
/m/0155w /music/genre/subgenre /m/01fbr2 8 4 1 1 0 0
/m/0glt670 /music/genre/subgenre /m/029h7y 2 1 1 1 0 1
/m/01243b /music/genre/subgenre /m/01_bkd 5 1 1 1 0 1
/m/05r6t /music/genre/subgenre /m/064lqk 2 1 1 1 0 1
/m/04f73rc /music/genre/subgenre /m/07bbw 1 1 1 1 1 1
/m/06by7 /music/genre/subgenre /m/01756d 1 1 1 1 1 1
/m/06by7 /music/genre/subgenre /m/03lty 2 1 1 1 0 1
/m/016clz /music/genre/subgenre /m/0175zz 5 3 1 1 0 0
/m/02yv6b /music/genre/subgenre /m/016jhr 3 1 1 1 0 1
/m/0y2tr /music/genre/subgenre /m/088vmr 4 1 1 1 0 1
/m/05r6t /music/genre/subgenre /m/01cbwl 2 1 1 1 0 1
/m/05r6t /music/genre/subgenre /m/059kh 4 1 1 1 0 1
/m/0172rj /music/genre/subgenre /m/08z0wx 12489 12486 0 0 0 0
/m/02x8m /music/genre/subgenre /m/037n97 2 1 1 1 0 1
/m/01jwt /music/genre/subgenre /m/03339m 14052 14050 0 0 0 0
/m/02mscn /music/genre/subgenre /m/0145rs 1 1 1 1 1 1
/m/08cyft /music/genre/subgenre /m/0163zw 2 1 1 1 0 1
/m/018ysx /music/genre/subgenre /m/020ngt 662 661 0 0 0 0
/m/08cyft /music/genre/subgenre /m/03mb9 2 1 1 1 0 1
/m/0gywn /music/genre/subgenre /m/07ym47 4 1 1 1 0 1
/m/07lnk /music/genre/subgenre /m/02w6s3 1 1 1 1 1 1
/m/0grjmv /music/genre/subgenre /m/0175zz 2 1 1 1 0 1
/m/06by7 /music/genre/subgenre /m/0dn16 5 1 1 1 0 1
/m/06by7 /music/genre/subgenre /m/02856r 1 1 1 1 1 1
/m/011j5x /music/genre/subgenre /m/03xnwz 4 1 1 1 0 1
/m/0m0jc /music/genre/subgenre /m/0lc1r 1 1 1 1 1 1
/m/06by7 /music/genre/subgenre /m/01pfpt 1 1 1 1 1 1
/m/018ysx /music/genre/subgenre /m/01243b 3 1 1 1 0 1
/m/0glt670 /music/genre/subgenre /m/016_v3 1 1 1 1 1 1
/m/06cqb /music/genre/subgenre /m/016_rm 4 1 1 1 0 1
/m/0fd3y /music/genre/subgenre /m/01hydr 456 454 0 0 0 0
/m/06by7 /music/genre/subgenre /m/017371 2 1 1 1 0 1
/m/0mmp3 /music/genre/subgenre /m/0xv2x 4 1 1 1 0 1
/m/0gywn /music/genre/subgenre /m/016_nr 4 1 1 1 0 1
/m/0glt670 /music/genre/subgenre /m/021_z5 1 1 1 1 1 1
/m/05r6t /music/genre/subgenre /m/03p7rp 1 1 1 1 1 1
/m/0mmp3 /music/genre/subgenre /m/0y3_8 15 10 0 1 0 0
/m/07gxw /music/genre/subgenre /m/01z9l_ 1 1 1 1 1 1
/m/0163zw /music/genre/subgenre /m/02t8gf 2 1 1 1 0 1
/m/01243b /music/genre/subgenre /m/0dls3 4 1 1 1 0 1
/m/03_d0 /music/genre/subgenre /m/01kcty 2 1 1 1 0 1
/m/06j6l /music/genre/subgenre /m/064t9 1 1 1 1 1 1
/m/04f73rc /music/genre/subgenre /m/01_bkd 1787 1781 0 0 0 0
/m/05r6t /music/genre/subgenre /m/01g888 1 1 1 1 1 1
/m/0glt670 /music/genre/subgenre /m/04h6m 1 1 1 1 1 1
/m/03lty /music/genre/subgenre /m/016clz 2 1 1 1 0 1
/m/0jmwg /music/genre/subgenre /m/01hcvm 1 1 1 1 1 1
/m/03fpx /music/genre/subgenre /m/021vlg 1 1 1 1 1 1
/m/01wqlc /music/genre/subgenre /m/0fd3y 3 1 1 1 0 1
/m/01m1y /music/genre/subgenre /m/01lyv 2 1 1 1 0 1
/m/09jw2 /music/genre/subgenre /m/0xjl2 4 1 1 1 0 1
/m/01lyv /music/genre/subgenre /m/026g51 1 1 1 1 1 1
/m/016_rm /music/genre/subgenre /m/025tjk_ 2 1 1 1 0 1
/m/026z9 /music/genre/subgenre /m/04pcmw 1 1 1 1 1 1
/m/05bt6j /music/genre/subgenre /m/059kh 4 1 1 1 0 1
/m/0827d /music/genre/subgenre /m/064t9 3 1 1 1 0 1
/m/06j6l /music/genre/subgenre /m/0nk3g 1 1 1 1 1 1
/m/06by7 /music/genre/subgenre /m/08cg36 2 1 1 1 0 1
/m/06by7 /music/genre/subgenre /m/01243b 2 1 1 1 0 1
/m/0jrv_ /music/genre/subgenre /m/01jwt 2 1 1 1 0 1
/m/0dl5d /music/genre/subgenre /m/0bytsc 10005 10002 0 0 0 0
/m/016_nr /music/genre/subgenre /m/0glt670 1 1 1 1 1 1
/m/0glt670 /music/genre/subgenre /m/07d2d 1 1 1 1 1 1
/m/01243b /music/genre/subgenre /m/0190_q 2 1 1 1 0 1
/m/03lty /music/genre/subgenre /m/04_sqm 2 1 1 1 0 1
/m/0ggq0m /music/genre/subgenre /m/04b675 4 1 1 1 0 1
/m/03lty /music/genre/subgenre /m/028cl7 3 1 1 1 0 1
