/m/01hww_ /music/performance_role/regular_performances./music/group_membership/group /m/01q99h 11 1 0 1 0 1
/m/02hnl /music/performance_role/regular_performances./music/group_membership/group /m/02mq_y 6 2 1 1 0 0
/m/02hnl /music/performance_role/regular_performances./music/group_membership/group /m/04qmr 5 1 1 1 0 1
/m/028tv0 /music/performance_role/regular_performances./music/group_membership/group /m/016vn3 10 2 1 1 0 0
/m/028tv0 /music/performance_role/regular_performances./music/group_membership/group /m/0394y 5 1 1 1 0 1
/m/03bx0bm /music/performance_role/regular_performances./music/group_membership/group /m/0khth 3 1 1 1 0 1
/m/05148p4 /music/performance_role/regular_performances./music/group_membership/group /m/0167_s 6 1 1 1 0 1
/m/02hnl /music/performance_role/regular_performances./music/group_membership/group /m/07r1_ 5 1 1 1 0 1
/m/02g9p4 /music/performance_role/regular_performances./music/group_membership/group /m/07mvp 16 1 0 1 0 1
/m/06w87 /music/performance_role/regular_performances./music/group_membership/group /m/01jkqfz 12484 12479 0 0 0 0
/m/0gkd1 /music/performance_role/regular_performances./music/group_membership/group /m/01czx 9 1 1 1 0 1
/m/0l14j_ /music/performance_role/regular_performances./music/group_membership/group /m/0p76z 5 1 1 1 0 1
/m/018vs /music/performance_role/regular_performances./music/group_membership/group /m/07bzp 6 2 1 1 0 0
/m/01vj9c /music/performance_role/regular_performances./music/group_membership/group /m/017_hq 8 1 1 1 0 1
/m/02hnl /music/performance_role/regular_performances./music/group_membership/group /m/07rnh 5 1 1 1 0 1
/m/02hnl /music/performance_role/regular_performances./music/group_membership/group /m/01_wfj 5 2 1 1 0 0
/m/02hnl /music/performance_role/regular_performances./music/group_membership/group /m/048xh 9 1 1 1 0 1
/m/02hnl /music/performance_role/regular_performances./music/group_membership/group /m/0dw4g 5 1 1 1 0 1
/m/028tv0 /music/performance_role/regular_performances./music/group_membership/group /m/01518s 5 1 1 1 0 1
/m/013y1f /music/performance_role/regular_performances./music/group_membership/group /m/02mq_y 7 2 1 1 0 0
/m/018vs /music/performance_role/regular_performances./music/group_membership/group /m/01kcms4 6 1 1 1 0 1
/m/0l14md /music/performance_role/regular_performances./music/group_membership/group /m/048xh 14 1 0 1 0 1
/m/05148p4 /music/performance_role/regular_performances./music/group_membership/group /m/07rnh 3 1 1 1 0 1
/m/05148p4 /music/performance_role/regular_performances./music/group_membership/group /m/02cw1m 7 1 1 1 0 1
/m/042v_gx /music/performance_role/regular_performances./music/group_membership/group /m/0kr_t 8 1 1 1 0 1
/m/028tv0 /music/performance_role/regular_performances./music/group_membership/group /m/081wh1 5 1 1 1 0 1
/m/018vs /music/performance_role/regular_performances./music/group_membership/group /m/01518s 2 1 1 1 0 1
/m/0l14md /music/performance_role/regular_performances./music/group_membership/group /m/079kr 4 1 1 1 0 1
/m/05148p4 /music/performance_role/regular_performances./music/group_membership/group /m/07n68 5 1 1 1 0 1
/m/05148p4 /music/performance_role/regular_performances./music/group_membership/group /m/04qzm 2 1 1 1 0 1
/m/05r5c /music/performance_role/regular_performances./music/group_membership/group /m/01lf293 9 1 1 1 0 1
/m/05r5c /music/performance_role/regular_performances./music/group_membership/group /m/01s560x 8 1 1 1 0 1
/m/05r5c /music/performance_role/regular_performances./music/group_membership/group /m/0bk1p 8 1 1 1 0 1
/m/02hnl /music/performance_role/regular_performances./music/group_membership/group /m/01q99h 5 1 1 1 0 1
/m/02hnl /music/performance_role/regular_performances./music/group_membership/group /m/01jcxwp 4 1 1 1 0 1
/m/02hnl /music/performance_role/regular_performances./music/group_membership/group /m/0123r4 6 1 1 1 0 1
/m/018vs /music/performance_role/regular_performances./music/group_membership/group /m/0kr_t 10 2 1 1 0 0
/m/018vs /music/performance_role/regular_performances./music/group_membership/group /m/03q_w5 2 1 1 1 0 1
/m/0l14md /music/performance_role/regular_performances./music/group_membership/group /m/01516r 4 1 1 1 0 1
/m/0l14md /music/performance_role/regular_performances./music/group_membership/group /m/01fchy 7 1 1 1 0 1
/m/0dwr4 /music/performance_role/regular_performances./music/group_membership/group /m/05563d 13 1 0 1 0 1
/m/01vj9c /music/performance_role/regular_performances./music/group_membership/group /m/0pqp3 7 1 1 1 0 1
/m/05148p4 /music/performance_role/regular_performances./music/group_membership/group /m/01wv9xn 5 1 1 1 0 1
/m/0l14qv /music/performance_role/regular_performances./music/group_membership/group /m/0bpk2 3 1 1 1 0 1
/m/02hnl /music/performance_role/regular_performances./music/group_membership/group /m/015cxv 3 1 1 1 0 1
/m/02w3w /music/performance_role/regular_performances./music/group_membership/group /m/01jkqfz 5 2 1 1 0 0
/m/01dnws /music/performance_role/regular_performances./music/group_membership/group /m/02mq_y 12 2 0 1 0 0
/m/02sgy /music/performance_role/regular_performances./music/group_membership/group /m/047cx 38 21 0 0 0 0
/m/018vs /music/performance_role/regular_performances./music/group_membership/group /m/0d193h 6 1 1 1 0 1
/m/05148p4 /music/performance_role/regular_performances./music/group_membership/group /m/02hzz 4 1 1 1 0 1
/m/05r5c /music/performance_role/regular_performances./music/group_membership/group /m/047cx 8 1 1 1 0 1
/m/085jw /music/performance_role/regular_performances./music/group_membership/group /m/01qqwp9 10 1 1 1 0 1
/m/02hnl /music/performance_role/regular_performances./music/group_membership/group /m/01j59b0 4 1 1 1 0 1
/m/02hnl /music/performance_role/regular_performances./music/group_membership/group /m/0fb2l 5 1 1 1 0 1
/m/018vs /music/performance_role/regular_performances./music/group_membership/group /m/09z1lg 9 4 1 1 0 0
/m/018vs /music/performance_role/regular_performances./music/group_membership/group /m/0p76z 3 1 1 1 0 1
/m/0mkg /music/performance_role/regular_performances./music/group_membership/group /m/02r3zy 2 1 1 1 0 1
/m/02hnl /music/performance_role/regular_performances./music/group_membership/group /m/0m19t 3 1 1 1 0 1
/m/05148p4 /music/performance_role/regular_performances./music/group_membership/group /m/01czx 1 1 1 1 1 1
/m/07_l6 /music/performance_role/regular_performances./music/group_membership/group /m/02mq_y 12 2 0 1 0 0
/m/06ncr /music/performance_role/regular_performances./music/group_membership/group /m/0178kd 5 1 1 1 0 1
/m/0342h /music/performance_role/regular_performances./music/group_membership/group /m/03t9sp 2 1 1 1 0 1
/m/05148p4 /music/performance_role/regular_performances./music/group_membership/group /m/02cpp 3 1 1 1 0 1
/m/05148p4 /music/performance_role/regular_performances./music/group_membership/group /m/015srx 6 3 1 1 0 0
/m/0gkd1 /music/performance_role/regular_performances./music/group_membership/group /m/01s560x 9 1 1 1 0 1
/m/02hnl /music/performance_role/regular_performances./music/group_membership/group /m/01shhf 2 1 1 1 0 1
/m/028tv0 /music/performance_role/regular_performances./music/group_membership/group /m/01dpts 6 1 1 1 0 1
/m/018vs /music/performance_role/regular_performances./music/group_membership/group /m/0fsyx 4 1 1 1 0 1
/m/06ncr /music/performance_role/regular_performances./music/group_membership/group /m/01lf293 6 1 1 1 0 1
/m/03t22m /music/performance_role/regular_performances./music/group_membership/group /m/01lf293 11 1 0 1 0 1
/m/04rzd /music/performance_role/regular_performances./music/group_membership/group /m/0249kn 4 1 1 1 0 1
/m/02hnl /music/performance_role/regular_performances./music/group_membership/group /m/01dpts 5 1 1 1 0 1
/m/02hnl /music/performance_role/regular_performances./music/group_membership/group /m/03q_w5 3 1 1 1 0 1
/m/018vs /music/performance_role/regular_performances./music/group_membership/group /m/089pg7 5 1 1 1 0 1
/m/0342h /music/performance_role/regular_performances./music/group_membership/group /m/0167_s 2 1 1 1 0 1
/m/0342h /music/performance_role/regular_performances./music/group_membership/group /m/0178_w 2 1 1 1 0 1
/m/05148p4 /music/performance_role/regular_performances./music/group_membership/group /m/0jg77 5 1 1 1 0 1
/m/02hnl /music/performance_role/regular_performances./music/group_membership/group /m/0134s5 3 1 1 1 0 1
/m/07gql /music/performance_role/regular_performances./music/group_membership/group /m/01vrwfv 7 1 1 1 0 1
/m/01vj9c /music/performance_role/regular_performances./music/group_membership/group /m/027kwc 8 1 1 1 0 1
/m/03qjg /music/performance_role/regular_performances./music/group_membership/group /m/015cqh 1 1 1 1 1 1
/m/02hnl /music/performance_role/regular_performances./music/group_membership/group /m/01fchy 5 1 1 1 0 1
/m/02hnl /music/performance_role/regular_performances./music/group_membership/group /m/02vgh 6 1 1 1 0 1
/m/0l14md /music/performance_role/regular_performances./music/group_membership/group /m/0fcsd 7 1 1 1 0 1
/m/02hnl /music/performance_role/regular_performances./music/group_membership/group /m/03g5jw 5 1 1 1 0 1
/m/028tv0 /music/performance_role/regular_performances./music/group_membership/group /m/04r1t 7 1 1 1 0 1
/m/05148p4 /music/performance_role/regular_performances./music/group_membership/group /m/0cfgd 6 1 1 1 0 1
/m/05r5c /music/performance_role/regular_performances./music/group_membership/group /m/07mvp 18 1 0 1 0 1
/m/02hnl /music/performance_role/regular_performances./music/group_membership/group /m/046p9 5 1 1 1 0 1
/m/02hnl /music/performance_role/regular_performances./music/group_membership/group /m/02_5x9 4 1 1 1 0 1
/m/07m2y /music/performance_role/regular_performances./music/group_membership/group /m/01lf293 3519 3504 0 0 0 0
/m/05r5c /music/performance_role/regular_performances./music/group_membership/group /m/09lwrt 7 1 1 1 0 1
/m/02hnl /music/performance_role/regular_performances./music/group_membership/group /m/013w2r 5 1 1 1 0 1
/m/0l14j_ /music/performance_role/regular_performances./music/group_membership/group /m/02dw1_ 12 1 0 1 0 1
/m/018vs /music/performance_role/regular_performances./music/group_membership/group /m/01t_xp_ 7 2 1 1 0 0
/m/01vj9c /music/performance_role/regular_performances./music/group_membership/group /m/07hgm 3 1 1 1 0 1
/m/05148p4 /music/performance_role/regular_performances./music/group_membership/group /m/02ht0ln 3 1 1 1 0 1
/m/03bx0bm /music/performance_role/regular_performances./music/group_membership/group /m/016ppr 1 1 1 1 1 1
/m/06w87 /music/performance_role/regular_performances./music/group_membership/group /m/0khth 15 1 0 1 0 1
/m/01vj9c /music/performance_role/regular_performances./music/group_membership/group /m/0560w 3 1 1 1 0 1
/m/01vj9c /music/performance_role/regular_performances./music/group_membership/group /m/01518s 6 1 1 1 0 1
/m/02hnl /music/performance_role/regular_performances./music/group_membership/group /m/0jn38 4 1 1 1 0 1
/m/03bx0bm /music/performance_role/regular_performances./music/group_membership/group /m/016vj5 1 1 1 1 1 1
/m/018vs /music/performance_role/regular_performances./music/group_membership/group /m/0jltp 5 2 1 1 0 0
/m/028tv0 /music/performance_role/regular_performances./music/group_membership/group /m/0150jk 6 1 1 1 0 1
/m/03bx0bm /music/performance_role/regular_performances./music/group_membership/group /m/07c0j 2 1 1 1 0 1
/m/018j2 /music/performance_role/regular_performances./music/group_membership/group /m/0p8h0 8 1 1 1 0 1
/m/0l14md /music/performance_role/regular_performances./music/group_membership/group /m/0b_xm 4 1 1 1 0 1
/m/0342h /music/performance_role/regular_performances./music/group_membership/group /m/014kyy 1 1 1 1 1 1
/m/0342h /music/performance_role/regular_performances./music/group_membership/group /m/081wh1 2 1 1 1 0 1
/m/01vj9c /music/performance_role/regular_performances./music/group_membership/group /m/07m4c 8 1 1 1 0 1
/m/011k_j /music/performance_role/regular_performances./music/group_membership/group /m/0dvqq 8 1 1 1 0 1
/m/02snj9 /music/performance_role/regular_performances./music/group_membership/group /m/04qzm 5 1 1 1 0 1
/m/05r5c /music/performance_role/regular_performances./music/group_membership/group /m/09jm8 5 1 1 1 0 1
/m/06w7v /music/performance_role/regular_performances./music/group_membership/group /m/02mq_y 6799 6785 0 0 0 0
/m/0l14md /music/performance_role/regular_performances./music/group_membership/group /m/01s560x 12 1 0 1 0 1
/m/0l14md /music/performance_role/regular_performances./music/group_membership/group /m/0l8g0 3 1 1 1 0 1
/m/06ncr /music/performance_role/regular_performances./music/group_membership/group /m/01l_w0 18 11 0 0 0 0
/m/0342h /music/performance_role/regular_performances./music/group_membership/group /m/0jg77 2 1 1 1 0 1
/m/01vj9c /music/performance_role/regular_performances./music/group_membership/group /m/04k05 4 1 1 1 0 1
/m/05148p4 /music/performance_role/regular_performances./music/group_membership/group /m/0qmny 3 1 1 1 0 1
/m/05148p4 /music/performance_role/regular_performances./music/group_membership/group /m/07n3s 4 1 1 1 0 1
/m/05r5c /music/performance_role/regular_performances./music/group_membership/group /m/0khth 8 1 1 1 0 1
/m/0l14md /music/performance_role/regular_performances./music/group_membership/group /m/02dw1_ 11 1 0 1 0 1
/m/01s0ps /music/performance_role/regular_performances./music/group_membership/group /m/0163m1 10 1 1 1 0 1
/m/02bxd /music/performance_role/regular_performances./music/group_membership/group /m/046p9 9 1 1 1 0 1
/m/05148p4 /music/performance_role/regular_performances./music/group_membership/group /m/07qnf 3 1 1 1 0 1
/m/05148p4 /music/performance_role/regular_performances./music/group_membership/group /m/06mj4 4 1 1 1 0 1
/m/04rzd /music/performance_role/regular_performances./music/group_membership/group /m/02mq_y 20 7 0 1 0 0
/m/02hnl /music/performance_role/regular_performances./music/group_membership/group /m/017959 6 1 1 1 0 1
/m/03bx0bm /music/performance_role/regular_performances./music/group_membership/group /m/0knhk 6 2 1 1 0 0
/m/018vs /music/performance_role/regular_performances./music/group_membership/group /m/0g_g2 3 1 1 1 0 1
/m/0l14md /music/performance_role/regular_performances./music/group_membership/group /m/0394y 11 5 0 1 0 0
/m/0342h /music/performance_role/regular_performances./music/group_membership/group /m/018ndc 1 1 1 1 1 1
/m/01vj9c /music/performance_role/regular_performances./music/group_membership/group /m/01vrwfv 5 1 1 1 0 1
/m/0319l /music/performance_role/regular_performances./music/group_membership/group /m/027kwc 10 1 1 1 0 1
/m/05r5c /music/performance_role/regular_performances./music/group_membership/group /m/0l8g0 6 1 1 1 0 1
/m/042v_gx /music/performance_role/regular_performances./music/group_membership/group /m/0pqp3 9 1 1 1 0 1
/m/02hnl /music/performance_role/regular_performances./music/group_membership/group /m/011_vz 5 1 1 1 0 1
/m/018vs /music/performance_role/regular_performances./music/group_membership/group /m/0178kd 4 1 1 1 0 1
/m/0l14md /music/performance_role/regular_performances./music/group_membership/group /m/05k79 7 1 1 1 0 1
/m/01vj9c /music/performance_role/regular_performances./music/group_membership/group /m/014pg1 7 1 1 1 0 1
/m/05148p4 /music/performance_role/regular_performances./music/group_membership/group /m/02jqjm 6 1 1 1 0 1
/m/02hnl /music/performance_role/regular_performances./music/group_membership/group /m/089pg7 9 1 1 1 0 1
/m/01v1d8 /music/performance_role/regular_performances./music/group_membership/group /m/02_5x9 5 1 1 1 0 1
/m/0l14md /music/performance_role/regular_performances./music/group_membership/group /m/016lj_ 3 1 1 1 0 1
/m/0l14md /music/performance_role/regular_performances./music/group_membership/group /m/0187x8 9 1 1 1 0 1
/m/06ncr /music/performance_role/regular_performances./music/group_membership/group /m/03k3b 6 1 1 1 0 1
/m/018j2 /music/performance_role/regular_performances./music/group_membership/group /m/018ndc 6 2 1 1 0 0
/m/0342h /music/performance_role/regular_performances./music/group_membership/group /m/016vn3 2 1 1 1 0 1
/m/01hww_ /music/performance_role/regular_performances./music/group_membership/group /m/02dw1_ 15 1 0 1 0 1
/m/05148p4 /music/performance_role/regular_performances./music/group_membership/group /m/0249kn 6 1 1 1 0 1
/m/07xzm /music/performance_role/regular_performances./music/group_membership/group /m/01k_yf 8 1 1 1 0 1
/m/07y_7 /music/performance_role/regular_performances./music/group_membership/group /m/0134wr 2 1 1 1 0 1
/m/018vs /music/performance_role/regular_performances./music/group_membership/group /m/01wv9xn 8 1 1 1 0 1
/m/018vs /music/performance_role/regular_performances./music/group_membership/group /m/017lb_ 5 1 1 1 0 1
/m/0342h /music/performance_role/regular_performances./music/group_membership/group /m/0b1zz 2 1 1 1 0 1
/m/02hnl /music/performance_role/regular_performances./music/group_membership/group /m/0ycp3 5 1 1 1 0 1
/m/03bx0bm /music/performance_role/regular_performances./music/group_membership/group /m/09z1lg 3 1 1 1 0 1
/m/03bx0bm /music/performance_role/regular_performances./music/group_membership/group /m/0ycp3 1 1 1 1 1 1
/m/02k84w /music/performance_role/regular_performances./music/group_membership/group /m/01cblr 8 1 1 1 0 1
/m/018vs /music/performance_role/regular_performances./music/group_membership/group /m/01lf293 5 1 1 1 0 1
/m/0l14md /music/performance_role/regular_performances./music/group_membership/group /m/0167_s 3 1 1 1 0 1
/m/05148p4 /music/performance_role/regular_performances./music/group_membership/group /m/0fsyx 1 1 1 1 1 1
/m/02hnl /music/performance_role/regular_performances./music/group_membership/group /m/03d9d6 7 1 1 1 0 1
/m/0l14md /music/performance_role/regular_performances./music/group_membership/group /m/03g5jw 7 1 1 1 0 1
/m/05842k /music/performance_role/regular_performances./music/group_membership/group /m/011xhx 16 11 0 0 0 0
