/m/02lpp7 /olympics/olympic_medal/medal_winners./olympics/olympic_medal_honor/country /m/01ls2 3 1 1 1 0 1
/m/02lq5w /olympics/olympic_medal/medal_winners./olympics/olympic_medal_honor/country /m/088vb 1 1 1 1 1 1
/m/02lq67 /olympics/olympic_medal/medal_winners./olympics/olympic_medal_honor/country /m/077qn 3 1 1 1 0 1
/m/02lpp7 /olympics/olympic_medal/medal_winners./olympics/olympic_medal_honor/country /m/02vzc 3 1 1 1 0 1
/m/02lq67 /olympics/olympic_medal/medal_winners./olympics/olympic_medal_honor/country /m/05cgv 3 1 1 1 0 1
/m/02lq67 /olympics/olympic_medal/medal_winners./olympics/olympic_medal_honor/country /m/0d0kn 2 1 1 1 0 1
/m/02lpp7 /olympics/olympic_medal/medal_winners./olympics/olympic_medal_honor/country /m/03_r3 3 1 1 1 0 1
/m/02lq5w /olympics/olympic_medal/medal_winners./olympics/olympic_medal_honor/country /m/01p8s 2 1 1 1 0 1
/m/02lq5w /olympics/olympic_medal/medal_winners./olympics/olympic_medal_honor/country /m/05qhw 3 1 1 1 0 1
/m/02lq5w /olympics/olympic_medal/medal_winners./olympics/olympic_medal_honor/country /m/07tp2 3 1 1 1 0 1
/m/02lq67 /olympics/olympic_medal/medal_winners./olympics/olympic_medal_honor/country /m/01znc_ 3 1 1 1 0 1
/m/02lq67 /olympics/olympic_medal/medal_winners./olympics/olympic_medal_honor/country /m/0697s 1 1 1 1 1 1
/m/02lpp7 /olympics/olympic_medal/medal_winners./olympics/olympic_medal_honor/country /m/05b4w 3 1 1 1 0 1
/m/02lq5w /olympics/olympic_medal/medal_winners./olympics/olympic_medal_honor/country /m/03rjj 3 1 1 1 0 1
/m/02lpp7 /olympics/olympic_medal/medal_winners./olympics/olympic_medal_honor/country /m/03gj2 3 1 1 1 0 1
/m/02lq5w /olympics/olympic_medal/medal_winners./olympics/olympic_medal_honor/country /m/06bnz 3 1 1 1 0 1
/m/02lq67 /olympics/olympic_medal/medal_winners./olympics/olympic_medal_honor/country /m/06t8v 3 1 1 1 0 1
/m/02lq67 /olympics/olympic_medal/medal_winners./olympics/olympic_medal_honor/country /m/06npd 3 1 1 1 0 1
/m/02lpp7 /olympics/olympic_medal/medal_winners./olympics/olympic_medal_honor/country /m/07f1x 3 1 1 1 0 1
/m/02lq5w /olympics/olympic_medal/medal_winners./olympics/olympic_medal_honor/country /m/04j53 2 1 1 1 0 1
/m/02lq67 /olympics/olympic_medal/medal_winners./olympics/olympic_medal_honor/country /m/07dvs 2 1 1 1 0 1
/m/02lpp7 /olympics/olympic_medal/medal_winners./olympics/olympic_medal_honor/country /m/016wzw 2 1 1 1 0 1
/m/02lq5w /olympics/olympic_medal/medal_winners./olympics/olympic_medal_honor/country /m/01mk6 3 1 1 1 0 1
/m/02lq67 /olympics/olympic_medal/medal_winners./olympics/olympic_medal_honor/country /m/088vb 2 2 1 1 0 0
/m/02lpp7 /olympics/olympic_medal/medal_winners./olympics/olympic_medal_honor/country /m/015fr 3 1 1 1 0 1
/m/02lq5w /olympics/olympic_medal/medal_winners./olympics/olympic_medal_honor/country /m/0d0kn 3 1 1 1 0 1
/m/02lq67 /olympics/olympic_medal/medal_winners./olympics/olympic_medal_honor/country /m/05v8c 2 1 1 1 0 1
/m/02lq67 /olympics/olympic_medal/medal_winners./olympics/olympic_medal_honor/country /m/059j2 2 1 1 1 0 1
/m/02lpp7 /olympics/olympic_medal/medal_winners./olympics/olympic_medal_honor/country /m/077qn 2 1 1 1 0 1
/m/02lq5w /olympics/olympic_medal/medal_winners./olympics/olympic_medal_honor/country /m/03spz 2 1 1 1 0 1
/m/02lq67 /olympics/olympic_medal/medal_winners./olympics/olympic_medal_honor/country /m/04w8f 1 1 1 1 1 1
/m/02lq67 /olympics/olympic_medal/medal_winners./olympics/olympic_medal_honor/country /m/09c7w0 3 1 1 1 0 1
/m/02lq5w /olympics/olympic_medal/medal_winners./olympics/olympic_medal_honor/country /m/0154j 3 1 1 1 0 1
/m/02lpp7 /olympics/olympic_medal/medal_winners./olympics/olympic_medal_honor/country /m/0f8l9c 3 1 1 1 0 1
/m/02lpp7 /olympics/olympic_medal/medal_winners./olympics/olympic_medal_honor/country /m/04j53 3 1 1 1 0 1
/m/02lq5w /olympics/olympic_medal/medal_winners./olympics/olympic_medal_honor/country /m/05cgv 1 1 1 1 1 1
/m/02lq5w /olympics/olympic_medal/medal_winners./olympics/olympic_medal_honor/country /m/0d05w3 3 1 1 1 0 1
/m/02lq5w /olympics/olympic_medal/medal_winners./olympics/olympic_medal_honor/country /m/03ryn 3 1 1 1 0 1
