/m/0kbws /olympics/olympic_games/participating_countries /m/027jk 1 1 1 1 1 1
/m/0kbws /olympics/olympic_games/participating_countries /m/04vjh 1 1 1 1 1 1
/m/09x3r /olympics/olympic_games/participating_countries /m/06f32 3 1 1 1 0 1
/m/0jkvj /olympics/olympic_games/participating_countries /m/09c7w0 29 6 0 1 0 0
/m/0lgxj /olympics/olympic_games/participating_countries /m/059j2 7 1 1 1 0 1
/m/09n48 /olympics/olympic_games/participating_countries /m/02wt0 2 1 1 1 0 1
/m/015l4k /olympics/olympic_games/participating_countries /m/07ssc 41 2 0 1 0 0
/m/0sxrz /olympics/olympic_games/participating_countries /m/07ssc 12 1 0 1 0 1
/m/09n48 /olympics/olympic_games/participating_countries /m/0h7x 8 1 1 1 0 1
/m/09n48 /olympics/olympic_games/participating_countries /m/03spz 4 1 1 1 0 1
/m/0lgxj /olympics/olympic_games/participating_countries /m/0154j 7 2 1 1 0 0
/m/018ljb /olympics/olympic_games/participating_countries /m/0d0vqn 9 1 1 1 0 1
/m/0c_tl /olympics/olympic_games/participating_countries /m/0d0vqn 7 1 1 1 0 1
/m/0kbws /olympics/olympic_games/participating_countries /m/01crd5 2 1 1 1 0 1
/m/0kbws /olympics/olympic_games/participating_countries /m/09pmkv 2 2 1 1 0 0
/m/018ctl /olympics/olympic_games/participating_countries /m/03rjj 9 1 1 1 0 1
/m/0kbws /olympics/olympic_games/participating_countries /m/036b_ 1 1 1 1 1 1
/m/0kbws /olympics/olympic_games/participating_countries /m/05bmq 3 2 1 1 0 0
/m/0sx8l /olympics/olympic_games/participating_countries /m/03rjj 10 1 1 1 0 1
/m/018ctl /olympics/olympic_games/participating_countries /m/04w58 2 1 1 1 0 1
/m/09n48 /olympics/olympic_games/participating_countries /m/0163v 3 2 1 1 0 0
/m/0sx8l /olympics/olympic_games/participating_countries /m/03_3d 7 1 1 1 0 1
/m/0lgxj /olympics/olympic_games/participating_countries /m/05v8c 3 1 1 1 0 1
/m/018ctl /olympics/olympic_games/participating_countries /m/06c1y 1 1 1 1 1 1
/m/018ctl /olympics/olympic_games/participating_countries /m/03spz 2 1 1 1 0 1
/m/09n48 /olympics/olympic_games/participating_countries /m/0168t 2 1 1 1 0 1
/m/0kbws /olympics/olympic_games/participating_countries /m/01pj7 2 1 1 1 0 1
/m/0lgxj /olympics/olympic_games/participating_countries /m/0160w 3 1 1 1 0 1
/m/0sxrz /olympics/olympic_games/participating_countries /m/0ctw_b 14 7 0 1 0 0
/m/0kbws /olympics/olympic_games/participating_countries /m/03rt9 2 1 1 1 0 1
/m/0kbvb /olympics/olympic_games/participating_countries /m/07ssc 14 1 0 1 0 1
/m/0kbvb /olympics/olympic_games/participating_countries /m/09c7w0 12 1 0 1 0 1
/m/0kbws /olympics/olympic_games/participating_countries /m/0k6nt 5 1 1 1 0 1
/m/016r9z /olympics/olympic_games/participating_countries /m/09c7w0 8 1 1 1 0 1
/m/0lgxj /olympics/olympic_games/participating_countries /m/0b90_r 4 1 1 1 0 1
/m/0kbvv /olympics/olympic_games/participating_countries /m/07ssc 36 1 0 1 0 1
/m/09n48 /olympics/olympic_games/participating_countries /m/0ctw_b 6 1 1 1 0 1
/m/0sx8l /olympics/olympic_games/participating_countries /m/05vz3zq 5 4 1 1 0 0
/m/0kbws /olympics/olympic_games/participating_countries /m/04hvw 1 1 1 1 1 1
/m/0swbd /olympics/olympic_games/participating_countries /m/07ssc 17 1 0 1 0 1
/m/0l6mp /olympics/olympic_games/participating_countries /m/07ssc 16 1 0 1 0 1
/m/0lgxj /olympics/olympic_games/participating_countries /m/06m_5 2 1 1 1 0 1
/m/0lgxj /olympics/olympic_games/participating_countries /m/02k54 3 1 1 1 0 1
/m/0blfl /olympics/olympic_games/participating_countries /m/06mzp 9 1 1 1 0 1
/m/0sx8l /olympics/olympic_games/participating_countries /m/06c1y 8 1 1 1 0 1
/m/0kbws /olympics/olympic_games/participating_countries /m/09lxtg 1 1 1 1 1 1
/m/09x3r /olympics/olympic_games/participating_countries /m/059j2 6 1 1 1 0 1
/m/0lgxj /olympics/olympic_games/participating_countries /m/0hzlz 3 1 1 1 0 1
/m/0kbws /olympics/olympic_games/participating_countries /m/02k54 2 1 1 1 0 1
/m/09n48 /olympics/olympic_games/participating_countries /m/07f1x 5 3 1 1 0 0
/m/09n48 /olympics/olympic_games/participating_countries /m/06mzp 7 1 1 1 0 1
/m/0blfl /olympics/olympic_games/participating_countries /m/06qd3 7 3 1 1 0 0
/m/09n48 /olympics/olympic_games/participating_countries /m/0jt3tjf 3 2 1 1 0 0
/m/09n48 /olympics/olympic_games/participating_countries /m/0d060g 8 1 1 1 0 1
/m/0kbws /olympics/olympic_games/participating_countries /m/056vv 1 1 1 1 1 1
/m/018ctl /olympics/olympic_games/participating_countries /m/03rk0 4 1 1 1 0 1
/m/016r9z /olympics/olympic_games/participating_countries /m/0f8l9c 9 1 1 1 0 1
/m/018ctl /olympics/olympic_games/participating_countries /m/06t8v 1 1 1 1 1 1
