/m/04w58 /olympics/olympic_participating_country/athletes./olympics/olympic_athlete_affiliation/sport /m/09w1n 56 10 0 1 0 0
/m/0h7x /olympics/olympic_participating_country/athletes./olympics/olympic_athlete_affiliation/sport /m/09_bl 11 1 0 1 0 1
/m/04wgh /olympics/olympic_participating_country/athletes./olympics/olympic_athlete_affiliation/sport /m/07gyv 107 42 0 0 0 0
/m/07t_x /olympics/olympic_participating_country/athletes./olympics/olympic_athlete_affiliation/sport /m/0bynt 162 6 0 1 0 0
/m/07ssc /olympics/olympic_participating_country/athletes./olympics/olympic_athlete_affiliation/sport /m/02y74 5 1 1 1 0 1
/m/01c4pv /olympics/olympic_participating_country/athletes./olympics/olympic_athlete_affiliation/sport /m/03_8r 127 23 0 0 0 0
/m/0d060g /olympics/olympic_participating_country/athletes./olympics/olympic_athlete_affiliation/sport /m/064vjs 12 1 0 1 0 1
/m/06npd /olympics/olympic_participating_country/athletes./olympics/olympic_athlete_affiliation/sport /m/03_8r 66 7 0 1 0 0
/m/03_3d /olympics/olympic_participating_country/athletes./olympics/olympic_athlete_affiliation/sport /m/019w9j 20 6 0 1 0 0
/m/05cgv /olympics/olympic_participating_country/athletes./olympics/olympic_athlete_affiliation/sport /m/07jbh 45 1 0 1 0 1
/m/05qhw /olympics/olympic_participating_country/athletes./olympics/olympic_athlete_affiliation/sport /m/0bynt 59 2 0 1 0 0
/m/016wzw /olympics/olympic_participating_country/athletes./olympics/olympic_athlete_affiliation/sport /m/03fyrh 26 1 0 1 0 1
/m/0chghy /olympics/olympic_participating_country/athletes./olympics/olympic_athlete_affiliation/sport /m/01z27 3 1 1 1 0 1
/m/01p8s /olympics/olympic_participating_country/athletes./olympics/olympic_athlete_affiliation/sport /m/03_8r 111 23 0 0 0 0
/m/04vjh /olympics/olympic_participating_country/athletes./olympics/olympic_athlete_affiliation/sport /m/071t0 246 141 0 0 0 0
/m/0d060g /olympics/olympic_participating_country/athletes./olympics/olympic_athlete_affiliation/sport /m/01cgz 87 1 0 1 0 1
/m/059j2 /olympics/olympic_participating_country/athletes./olympics/olympic_athlete_affiliation/sport /m/06wrt 13 1 0 1 0 1
/m/03rk0 /olympics/olympic_participating_country/athletes./olympics/olympic_athlete_affiliation/sport /m/09f6b 12 1 0 1 0 1
/m/05c74 /olympics/olympic_participating_country/athletes./olympics/olympic_athlete_affiliation/sport /m/03fyrh 36 1 0 1 0 1
/m/0h7x /olympics/olympic_participating_country/athletes./olympics/olympic_athlete_affiliation/sport /m/06wrt 27 1 0 1 0 1
/m/0chghy /olympics/olympic_participating_country/athletes./olympics/olympic_athlete_affiliation/sport /m/09qgm 3 1 1 1 0 1
/m/07ssc /olympics/olympic_participating_country/athletes./olympics/olympic_athlete_affiliation/sport /m/03krj 1 1 1 1 1 1
/m/05r4w /olympics/olympic_participating_country/athletes./olympics/olympic_athlete_affiliation/sport /m/03hr1p 15 1 0 1 0 1
/m/05v8c /olympics/olympic_participating_country/athletes./olympics/olympic_athlete_affiliation/sport /m/071t0 63 6 0 1 0 0
/m/0d060g /olympics/olympic_participating_country/athletes./olympics/olympic_athlete_affiliation/sport /m/01yfj 3 1 1 1 0 1
/m/087vz /olympics/olympic_participating_country/athletes./olympics/olympic_athlete_affiliation/sport /m/018w8 9 1 1 1 0 1
/m/05b4w /olympics/olympic_participating_country/athletes./olympics/olympic_athlete_affiliation/sport /m/0d1t3 19 4 0 1 0 0
/m/07ww5 /olympics/olympic_participating_country/athletes./olympics/olympic_athlete_affiliation/sport /m/06wrt 43 1 0 1 0 1
/m/02vzc /olympics/olympic_participating_country/athletes./olympics/olympic_athlete_affiliation/sport /m/0bynt 63 2 0 1 0 0
/m/0jgd /olympics/olympic_participating_country/athletes./olympics/olympic_athlete_affiliation/sport /m/01lb14 38 3 0 1 0 0
/m/0f8l9c /olympics/olympic_participating_country/athletes./olympics/olympic_athlete_affiliation/sport /m/03hr1p 53 2 0 1 0 0
/m/01nln /olympics/olympic_participating_country/athletes./olympics/olympic_athlete_affiliation/sport /m/07jbh 110 50 0 0 0 0
/m/0d0vqn /olympics/olympic_participating_country/athletes./olympics/olympic_athlete_affiliation/sport /m/0bynt 13 1 0 1 0 1
/m/09c7w0 /olympics/olympic_participating_country/athletes./olympics/olympic_athlete_affiliation/sport /m/03tmr 3 1 1 1 0 1
/m/06srk /olympics/olympic_participating_country/athletes./olympics/olympic_athlete_affiliation/sport /m/0486tv 40 1 0 1 0 1
/m/07f1x /olympics/olympic_participating_country/athletes./olympics/olympic_athlete_affiliation/sport /m/0d1tm 11 1 0 1 0 1
/m/03spz /olympics/olympic_participating_country/athletes./olympics/olympic_athlete_affiliation/sport /m/06z6r 50 2 0 1 0 0
/m/0b90_r /olympics/olympic_participating_country/athletes./olympics/olympic_athlete_affiliation/sport /m/01sgl 3 1 1 1 0 1
/m/04w4s /olympics/olympic_participating_country/athletes./olympics/olympic_athlete_affiliation/sport /m/03_8r 82 8 0 1 0 0
/m/05qhw /olympics/olympic_participating_country/athletes./olympics/olympic_athlete_affiliation/sport /m/03krj 22 5 0 1 0 0
/m/06c1y /olympics/olympic_participating_country/athletes./olympics/olympic_athlete_affiliation/sport /m/02vx4 16 1 0 1 0 1
/m/082fr /olympics/olympic_participating_country/athletes./olympics/olympic_athlete_affiliation/sport /m/06z6r 65 3 0 1 0 0
/m/07t_x /olympics/olympic_participating_country/athletes./olympics/olympic_athlete_affiliation/sport /m/02y8z 34 1 0 1 0 1
/m/0hzlz /olympics/olympic_participating_country/athletes./olympics/olympic_athlete_affiliation/sport /m/06z6r 78 3 0 1 0 0
/m/0d060g /olympics/olympic_participating_country/athletes./olympics/olympic_athlete_affiliation/sport /m/02y8z 8 1 1 1 0 1
/m/0jhd /olympics/olympic_participating_country/athletes./olympics/olympic_athlete_affiliation/sport /m/02_5h 38 20 0 0 0 0
/m/06t8v /olympics/olympic_participating_country/athletes./olympics/olympic_athlete_affiliation/sport /m/03hr1p 29 1 0 1 0 1
/m/06c1y /olympics/olympic_participating_country/athletes./olympics/olympic_athlete_affiliation/sport /m/02_5h 14 1 0 1 0 1
/m/01699 /olympics/olympic_participating_country/athletes./olympics/olympic_athlete_affiliation/sport /m/01cgz 86 1 0 1 0 1
/m/04xn_ /olympics/olympic_participating_country/athletes./olympics/olympic_athlete_affiliation/sport /m/0bynt 135 5 0 1 0 0
/m/06qd3 /olympics/olympic_participating_country/athletes./olympics/olympic_athlete_affiliation/sport /m/0dwxr 6 1 1 1 0 1
/m/0b90_r /olympics/olympic_participating_country/athletes./olympics/olympic_athlete_affiliation/sport /m/0bynt 15 1 0 1 0 1
/m/0d05q4 /olympics/olympic_participating_country/athletes./olympics/olympic_athlete_affiliation/sport /m/06f41 150 81 0 0 0 0
/m/09c7w0 /olympics/olympic_participating_country/athletes./olympics/olympic_athlete_affiliation/sport /m/0486tv 1 1 1 1 1 1
/m/0jhd /olympics/olympic_participating_country/athletes./olympics/olympic_athlete_affiliation/sport /m/07gyv 31 1 0 1 0 1
/m/01mjq /olympics/olympic_participating_country/athletes./olympics/olympic_athlete_affiliation/sport /m/0194d 20 1 0 1 0 1
/m/0d04z6 /olympics/olympic_participating_country/athletes./olympics/olympic_athlete_affiliation/sport /m/0486tv 25 1 0 1 0 1
/m/0165v /olympics/olympic_participating_country/athletes./olympics/olympic_athlete_affiliation/sport /m/03rbzn 31 1 0 1 0 1
/m/06mkj /olympics/olympic_participating_country/athletes./olympics/olympic_athlete_affiliation/sport /m/01hp22 7 1 1 1 0 1
/m/04tr1 /olympics/olympic_participating_country/athletes./olympics/olympic_athlete_affiliation/sport /m/0bynt 105 4 0 1 0 0
/m/047lj /olympics/olympic_participating_country/athletes./olympics/olympic_athlete_affiliation/sport /m/071t0 37 1 0 1 0 1
/m/06t8v /olympics/olympic_participating_country/athletes./olympics/olympic_athlete_affiliation/sport /m/02_5h 11 1 0 1 0 1
/m/06f32 /olympics/olympic_participating_country/athletes./olympics/olympic_athlete_affiliation/sport /m/02y8z 68 26 0 0 0 0
/m/0jgx /olympics/olympic_participating_country/athletes./olympics/olympic_athlete_affiliation/sport /m/07gyv 76 14 0 0 0 0
/m/03_3d /olympics/olympic_participating_country/athletes./olympics/olympic_athlete_affiliation/sport /m/018jz 3 1 1 1 0 1
/m/05b4w /olympics/olympic_participating_country/athletes./olympics/olympic_athlete_affiliation/sport /m/03rbzn 10 1 1 1 0 1
/m/01nqj /olympics/olympic_participating_country/athletes./olympics/olympic_athlete_affiliation/sport /m/03_8r 187 71 0 0 0 0
/m/0h7x /olympics/olympic_participating_country/athletes./olympics/olympic_athlete_affiliation/sport /m/035d1m 16 1 0 1 0 1
/m/01z215 /olympics/olympic_participating_country/athletes./olympics/olympic_athlete_affiliation/sport /m/071t0 100 12 0 0 0 0
/m/04g5k /olympics/olympic_participating_country/athletes./olympics/olympic_athlete_affiliation/sport /m/03_8r 73 7 0 1 0 0
/m/02k8k /olympics/olympic_participating_country/athletes./olympics/olympic_athlete_affiliation/sport /m/0bynt 141 5 0 1 0 0
/m/0d0vqn /olympics/olympic_participating_country/athletes./olympics/olympic_athlete_affiliation/sport /m/06f41 7 1 1 1 0 1
/m/02k54 /olympics/olympic_participating_country/athletes./olympics/olympic_athlete_affiliation/sport /m/0bynt 80 3 0 1 0 0
/m/01p1v /olympics/olympic_participating_country/athletes./olympics/olympic_athlete_affiliation/sport /m/01sgl 16 1 0 1 0 1
/m/05b7q /olympics/olympic_participating_country/athletes./olympics/olympic_athlete_affiliation/sport /m/07jbh 135 74 0 0 0 0
/m/0h7x /olympics/olympic_participating_country/athletes./olympics/olympic_athlete_affiliation/sport /m/0d1t3 10 1 1 1 0 1
/m/03spz /olympics/olympic_participating_country/athletes./olympics/olympic_athlete_affiliation/sport /m/07bs0 26 1 0 1 0 1
/m/06mkj /olympics/olympic_participating_country/athletes./olympics/olympic_athlete_affiliation/sport /m/03krj 10 1 1 1 0 1
/m/0chghy /olympics/olympic_participating_country/athletes./olympics/olympic_athlete_affiliation/sport /m/0crlz 2 1 1 1 0 1
/m/0chghy /olympics/olympic_participating_country/athletes./olympics/olympic_athlete_affiliation/sport /m/02bkg 2 1 1 1 0 1
/m/0f8l9c /olympics/olympic_participating_country/athletes./olympics/olympic_athlete_affiliation/sport /m/096f8 22 4 0 1 0 0
/m/02k54 /olympics/olympic_participating_country/athletes./olympics/olympic_athlete_affiliation/sport /m/064vjs 89 38 0 0 0 0
/m/03rjj /olympics/olympic_participating_country/athletes./olympics/olympic_athlete_affiliation/sport /m/09wz9 6 1 1 1 0 1
/m/0163v /olympics/olympic_participating_country/athletes./olympics/olympic_athlete_affiliation/sport /m/01dys 12 1 0 1 0 1
/m/07ylj /olympics/olympic_participating_country/athletes./olympics/olympic_athlete_affiliation/sport /m/01cgz 96 9 0 1 0 0
/m/01p1v /olympics/olympic_participating_country/athletes./olympics/olympic_athlete_affiliation/sport /m/07gyv 69 10 0 1 0 0
/m/0345h /olympics/olympic_participating_country/athletes./olympics/olympic_athlete_affiliation/sport /m/0d1t3 15 2 0 1 0 0
/m/01pj7 /olympics/olympic_participating_country/athletes./olympics/olympic_athlete_affiliation/sport /m/0crlz 8 1 1 1 0 1
/m/05b4w /olympics/olympic_participating_country/athletes./olympics/olympic_athlete_affiliation/sport /m/03fyrh 61 20 0 0 0 0
/m/02k54 /olympics/olympic_participating_country/athletes./olympics/olympic_athlete_affiliation/sport /m/01cgz 83 1 0 1 0 1
/m/06mzp /olympics/olympic_participating_country/athletes./olympics/olympic_athlete_affiliation/sport /m/096f8 13 1 0 1 0 1
/m/059j2 /olympics/olympic_participating_country/athletes./olympics/olympic_athlete_affiliation/sport /m/02y8z 14 1 0 1 0 1
/m/03_3d /olympics/olympic_participating_country/athletes./olympics/olympic_athlete_affiliation/sport /m/02bkg 5 1 1 1 0 1
/m/0h7x /olympics/olympic_participating_country/athletes./olympics/olympic_athlete_affiliation/sport /m/09f6b 6 1 1 1 0 1
/m/07t_x /olympics/olympic_participating_country/athletes./olympics/olympic_athlete_affiliation/sport /m/07bs0 76 36 0 0 0 0
/m/02k8k /olympics/olympic_participating_country/athletes./olympics/olympic_athlete_affiliation/sport /m/0w0d 43 1 0 1 0 1
/m/0k6nt /olympics/olympic_participating_country/athletes./olympics/olympic_athlete_affiliation/sport /m/02bkg 18 5 0 1 0 0
/m/04w58 /olympics/olympic_participating_country/athletes./olympics/olympic_athlete_affiliation/sport /m/07rlg 24 1 0 1 0 1
/m/03rj0 /olympics/olympic_participating_country/athletes./olympics/olympic_athlete_affiliation/sport /m/09w1n 69 21 0 0 0 0
/m/0d05w3 /olympics/olympic_participating_country/athletes./olympics/olympic_athlete_affiliation/sport /m/03tmr 6 1 1 1 0 1
/m/0hzlz /olympics/olympic_participating_country/athletes./olympics/olympic_athlete_affiliation/sport /m/071t0 58 4 0 1 0 0
/m/07ssc /olympics/olympic_participating_country/athletes./olympics/olympic_athlete_affiliation/sport /m/0d1tm 2 1 1 1 0 1
/m/05r4w /olympics/olympic_participating_country/athletes./olympics/olympic_athlete_affiliation/sport /m/07gyv 12 1 0 1 0 1
/m/0jgx /olympics/olympic_participating_country/athletes./olympics/olympic_athlete_affiliation/sport /m/0bynt 112 4 0 1 0 0
/m/01n8qg /olympics/olympic_participating_country/athletes./olympics/olympic_athlete_affiliation/sport /m/0bynt 148 5 0 1 0 0
/m/05b4w /olympics/olympic_participating_country/athletes./olympics/olympic_athlete_affiliation/sport /m/09qgm 4 1 1 1 0 1
/m/04g5k /olympics/olympic_participating_country/athletes./olympics/olympic_athlete_affiliation/sport /m/01hp22 25 1 0 1 0 1
/m/07ssc /olympics/olympic_participating_country/athletes./olympics/olympic_athlete_affiliation/sport /m/01cgz 77 1 0 1 0 1
/m/02k54 /olympics/olympic_participating_country/athletes./olympics/olympic_athlete_affiliation/sport /m/07gyv 26 1 0 1 0 1
/m/0j4b /olympics/olympic_participating_country/athletes./olympics/olympic_athlete_affiliation/sport /m/064vjs 45 1 0 1 0 1
/m/07f5x /olympics/olympic_participating_country/athletes./olympics/olympic_athlete_affiliation/sport /m/035d1m 21 1 0 1 0 1
/m/03gj2 /olympics/olympic_participating_country/athletes./olympics/olympic_athlete_affiliation/sport /m/0bynt 61 2 0 1 0 0
/m/059j2 /olympics/olympic_participating_country/athletes./olympics/olympic_athlete_affiliation/sport /m/07rlg 12 1 0 1 0 1
/m/0154j /olympics/olympic_participating_country/athletes./olympics/olympic_athlete_affiliation/sport /m/06wrt 14 1 0 1 0 1
/m/06bnz /olympics/olympic_participating_country/athletes./olympics/olympic_athlete_affiliation/sport /m/01gqfm 27 1 0 1 0 1
/m/05bmq /olympics/olympic_participating_country/athletes./olympics/olympic_athlete_affiliation/sport /m/03fyrh 85 42 0 0 0 0
/m/0d060g /olympics/olympic_participating_country/athletes./olympics/olympic_athlete_affiliation/sport /m/07gyv 12 1 0 1 0 1
/m/059j2 /olympics/olympic_participating_country/athletes./olympics/olympic_athlete_affiliation/sport /m/0w0d 17 1 0 1 0 1
/m/06t8v /olympics/olympic_participating_country/athletes./olympics/olympic_athlete_affiliation/sport /m/03fyrh 22 1 0 1 0 1
/m/06npd /olympics/olympic_participating_country/athletes./olympics/olympic_athlete_affiliation/sport /m/07rlg 18 1 0 1 0 1
/m/05qhw /olympics/olympic_participating_country/athletes./olympics/olympic_athlete_affiliation/sport /m/02_5h 7 1 1 1 0 1
/m/07t21 /olympics/olympic_participating_country/athletes./olympics/olympic_athlete_affiliation/sport /m/071t0 71 6 0 1 0 0
/m/0h7x /olympics/olympic_participating_country/athletes./olympics/olympic_athlete_affiliation/sport /m/07bs0 23 1 0 1 0 1
/m/07fj_ /olympics/olympic_participating_country/athletes./olympics/olympic_athlete_affiliation/sport /m/0bynt 82 3 0 1 0 0
/m/0f8l9c /olympics/olympic_participating_country/athletes./olympics/olympic_athlete_affiliation/sport /m/0dwxr 4 1 1 1 0 1
/m/0hzlz /olympics/olympic_participating_country/athletes./olympics/olympic_athlete_affiliation/sport /m/064vjs 35 1 0 1 0 1
/m/0j1z8 /olympics/olympic_participating_country/athletes./olympics/olympic_athlete_affiliation/sport /m/06z6r 107 10 0 1 0 0
/m/035dk /olympics/olympic_participating_country/athletes./olympics/olympic_athlete_affiliation/sport /m/02vx4 23 1 0 1 0 1
/m/07ylj /olympics/olympic_participating_country/athletes./olympics/olympic_athlete_affiliation/sport /m/01lb14 45 3 0 1 0 0
/m/0345h /olympics/olympic_participating_country/athletes./olympics/olympic_athlete_affiliation/sport /m/03rbzn 6 1 1 1 0 1
/m/09c7w0 /olympics/olympic_participating_country/athletes./olympics/olympic_athlete_affiliation/sport /m/09_9n 1 1 1 1 1 1
/m/0jhd /olympics/olympic_participating_country/athletes./olympics/olympic_athlete_affiliation/sport /m/03fyrh 55 16 0 0 0 0
/m/0162b /olympics/olympic_participating_country/athletes./olympics/olympic_athlete_affiliation/sport /m/071t0 102 12 0 0 0 0
/m/04w58 /olympics/olympic_participating_country/athletes./olympics/olympic_athlete_affiliation/sport /m/06wrt 40 1 0 1 0 1
/m/082fr /olympics/olympic_participating_country/athletes./olympics/olympic_athlete_affiliation/sport /m/01sgl 24 1 0 1 0 1
/m/04gqr /olympics/olympic_participating_country/athletes./olympics/olympic_athlete_affiliation/sport /m/07gyv 191 120 0 0 0 0
/m/0163v /olympics/olympic_participating_country/athletes./olympics/olympic_athlete_affiliation/sport /m/06zgc 12 1 0 1 0 1
/m/06c1y /olympics/olympic_participating_country/athletes./olympics/olympic_athlete_affiliation/sport /m/03hr1p 25 1 0 1 0 1
/m/0jdx /olympics/olympic_participating_country/athletes./olympics/olympic_athlete_affiliation/sport /m/03fyrh 140 96 0 0 0 0
/m/06qd3 /olympics/olympic_participating_country/athletes./olympics/olympic_athlete_affiliation/sport /m/03hr1p 26 1 0 1 0 1
/m/03rjj /olympics/olympic_participating_country/athletes./olympics/olympic_athlete_affiliation/sport /m/01hp22 49 2 0 1 0 0
/m/03676 /olympics/olympic_participating_country/athletes./olympics/olympic_athlete_affiliation/sport /m/03_8r 132 23 0 0 0 0
/m/01rhrd /olympics/olympic_participating_country/athletes./olympics/olympic_athlete_affiliation/sport /m/09w1n 203 154 0 0 0 0
/m/05qhw /olympics/olympic_participating_country/athletes./olympics/olympic_athlete_affiliation/sport /m/07jbh 12 1 0 1 0 1
/m/0k6nt /olympics/olympic_participating_country/athletes./olympics/olympic_athlete_affiliation/sport /m/06wrt 17 1 0 1 0 1
/m/05b4w /olympics/olympic_participating_country/athletes./olympics/olympic_athlete_affiliation/sport /m/0w0d 14 1 0 1 0 1
/m/07t21 /olympics/olympic_participating_country/athletes./olympics/olympic_athlete_affiliation/sport /m/064vjs 19 1 0 1 0 1
/m/07t21 /olympics/olympic_participating_country/athletes./olympics/olympic_athlete_affiliation/sport /m/01z27 15 1 0 1 0 1
/m/0h7x /olympics/olympic_participating_country/athletes./olympics/olympic_athlete_affiliation/sport /m/06zgc 11 1 0 1 0 1
/m/03spz /olympics/olympic_participating_country/athletes./olympics/olympic_athlete_affiliation/sport /m/071t0 61 5 0 1 0 0
/m/06mkj /olympics/olympic_participating_country/athletes./olympics/olympic_athlete_affiliation/sport /m/0w0d 9 1 1 1 0 1
/m/0chghy /olympics/olympic_participating_country/athletes./olympics/olympic_athlete_affiliation/sport /m/06z6r 5 1 1 1 0 1
/m/0f8l9c /olympics/olympic_participating_country/athletes./olympics/olympic_athlete_affiliation/sport /m/06wrt 4 1 1 1 0 1
/m/07t_x /olympics/olympic_participating_country/athletes./olympics/olympic_athlete_affiliation/sport /m/019w9j 6 1 1 1 0 1
/m/04hvw /olympics/olympic_participating_country/athletes./olympics/olympic_athlete_affiliation/sport /m/07gyv 54 1 0 1 0 1
/m/035qy /olympics/olympic_participating_country/athletes./olympics/olympic_athlete_affiliation/sport /m/07jbh 10 1 1 1 0 1
/m/01699 /olympics/olympic_participating_country/athletes./olympics/olympic_athlete_affiliation/sport /m/03_8r 89 11 0 0 0 0
/m/04wgh /olympics/olympic_participating_country/athletes./olympics/olympic_athlete_affiliation/sport /m/01cgz 85 1 0 1 0 1
/m/0jgd /olympics/olympic_participating_country/athletes./olympics/olympic_athlete_affiliation/sport /m/06wrt 15 1 0 1 0 1
/m/0d0vqn /olympics/olympic_participating_country/athletes./olympics/olympic_athlete_affiliation/sport /m/0d1tm 26 10 0 1 0 0
/m/04vs9 /olympics/olympic_participating_country/athletes./olympics/olympic_athlete_affiliation/sport /m/01gqfm 24 1 0 1 0 1
/m/047lj /olympics/olympic_participating_country/athletes./olympics/olympic_athlete_affiliation/sport /m/07bs0 27 1 0 1 0 1
/m/01p1v /olympics/olympic_participating_country/athletes./olympics/olympic_athlete_affiliation/sport /m/03_8r 63 7 0 1 0 0
/m/0d060g /olympics/olympic_participating_country/athletes./olympics/olympic_athlete_affiliation/sport /m/03fyrh 12 1 0 1 0 1
/m/09c7w0 /olympics/olympic_participating_country/athletes./olympics/olympic_athlete_affiliation/sport /m/018jz 1 1 1 1 1 1
/m/01pj7 /olympics/olympic_participating_country/athletes./olympics/olympic_athlete_affiliation/sport /m/071t0 44 1 0 1 0 1
/m/01mjq /olympics/olympic_participating_country/athletes./olympics/olympic_athlete_affiliation/sport /m/01hp22 38 2 0 1 0 0
/m/03676 /olympics/olympic_participating_country/athletes./olympics/olympic_athlete_affiliation/sport /m/0bynt 180 16 0 0 0 0
/m/05qhw /olympics/olympic_participating_country/athletes./olympics/olympic_athlete_affiliation/sport /m/03hr1p 7 1 1 1 0 1
/m/03shp /olympics/olympic_participating_country/athletes./olympics/olympic_athlete_affiliation/sport /m/035d1m 51 26 0 0 0 0
/m/04g61 /olympics/olympic_participating_country/athletes./olympics/olympic_athlete_affiliation/sport /m/071t0 64 6 0 1 0 0
/m/06mkj /olympics/olympic_participating_country/athletes./olympics/olympic_athlete_affiliation/sport /m/02y8z 38 1 0 1 0 1
/m/09pmkv /olympics/olympic_participating_country/athletes./olympics/olympic_athlete_affiliation/sport /m/0bynt 120 5 0 1 0 0
/m/04wgh /olympics/olympic_participating_country/athletes./olympics/olympic_athlete_affiliation/sport /m/06z6r 126 11 0 0 0 0
/m/07ssc /olympics/olympic_participating_country/athletes./olympics/olympic_athlete_affiliation/sport /m/071t0 29 1 0 1 0 1
/m/01xbgx /olympics/olympic_participating_country/athletes./olympics/olympic_athlete_affiliation/sport /m/01cgz 138 47 0 0 0 0
/m/06qd3 /olympics/olympic_participating_country/athletes./olympics/olympic_athlete_affiliation/sport /m/02_5h 4 1 1 1 0 1
/m/03rjj /olympics/olympic_participating_country/athletes./olympics/olympic_athlete_affiliation/sport /m/03hr1p 5 1 1 1 0 1
/m/0154j /olympics/olympic_participating_country/athletes./olympics/olympic_athlete_affiliation/sport /m/07rlg 10 1 1 1 0 1
/m/01znc_ /olympics/olympic_participating_country/athletes./olympics/olympic_athlete_affiliation/sport /m/07gyv 17 1 0 1 0 1
/m/05qhw /olympics/olympic_participating_country/athletes./olympics/olympic_athlete_affiliation/sport /m/019tzd 11 1 0 1 0 1
/m/015fr /olympics/olympic_participating_country/athletes./olympics/olympic_athlete_affiliation/sport /m/096f8 6 1 1 1 0 1
/m/03shp /olympics/olympic_participating_country/athletes./olympics/olympic_athlete_affiliation/sport /m/06z6r 53 2 0 1 0 0
/m/0hzlz /olympics/olympic_participating_country/athletes./olympics/olympic_athlete_affiliation/sport /m/0194d 58 9 0 1 0 0
/m/06bnz /olympics/olympic_participating_country/athletes./olympics/olympic_athlete_affiliation/sport /m/07bs0 18 1 0 1 0 1
/m/0fv4v /olympics/olympic_participating_country/athletes./olympics/olympic_athlete_affiliation/sport /m/0486tv 41 1 0 1 0 1
/m/03rt9 /olympics/olympic_participating_country/athletes./olympics/olympic_athlete_affiliation/sport /m/06z6r 15 1 0 1 0 1
/m/0161c /olympics/olympic_participating_country/athletes./olympics/olympic_athlete_affiliation/sport /m/01lb14 51 3 0 1 0 0
/m/03spz /olympics/olympic_participating_country/athletes./olympics/olympic_athlete_affiliation/sport /m/01hp22 53 3 0 1 0 0
/m/06mkj /olympics/olympic_participating_country/athletes./olympics/olympic_athlete_affiliation/sport /m/02vx4 9 1 1 1 0 1
/m/0chghy /olympics/olympic_participating_country/athletes./olympics/olympic_athlete_affiliation/sport /m/019w9j 14 2 0 1 0 0
/m/0chghy /olympics/olympic_participating_country/athletes./olympics/olympic_athlete_affiliation/sport /m/09wz9 3 1 1 1 0 1
/m/056vv /olympics/olympic_participating_country/athletes./olympics/olympic_athlete_affiliation/sport /m/03fyrh 31 1 0 1 0 1
/m/0f8l9c /olympics/olympic_participating_country/athletes./olympics/olympic_athlete_affiliation/sport /m/01yfj 11 3 0 1 0 0
/m/06bnz /olympics/olympic_participating_country/athletes./olympics/olympic_athlete_affiliation/sport /m/03rbzn 10 1 1 1 0 1
/m/03rjj /olympics/olympic_participating_country/athletes./olympics/olympic_athlete_affiliation/sport /m/0bynt 10 1 1 1 0 1
/m/0d060g /olympics/olympic_participating_country/athletes./olympics/olympic_athlete_affiliation/sport /m/02vx4 15 1 0 1 0 1
/m/0k6nt /olympics/olympic_participating_country/athletes./olympics/olympic_athlete_affiliation/sport /m/03krj 8 1 1 1 0 1
/m/03shp /olympics/olympic_participating_country/athletes./olympics/olympic_athlete_affiliation/sport /m/0486tv 59 7 0 1 0 0
/m/0jgd /olympics/olympic_participating_country/athletes./olympics/olympic_athlete_affiliation/sport /m/07jjt 13 1 0 1 0 1
/m/04g5k /olympics/olympic_participating_country/athletes./olympics/olympic_athlete_affiliation/sport /m/03rbzn 26 1 0 1 0 1
/m/047lj /olympics/olympic_participating_country/athletes./olympics/olympic_athlete_affiliation/sport /m/06z6r 120 10 0 1 0 0
/m/0ctw_b /olympics/olympic_participating_country/athletes./olympics/olympic_athlete_affiliation/sport /m/01cgz 80 1 0 1 0 1
/m/05c74 /olympics/olympic_participating_country/athletes./olympics/olympic_athlete_affiliation/sport /m/01cgz 130 40 0 0 0 0
/m/04w4s /olympics/olympic_participating_country/athletes./olympics/olympic_athlete_affiliation/sport /m/06f41 51 2 0 1 0 0
/m/04hqz /olympics/olympic_participating_country/athletes./olympics/olympic_athlete_affiliation/sport /m/06z6r 106 10 0 1 0 0
/m/05qhw /olympics/olympic_participating_country/athletes./olympics/olympic_athlete_affiliation/sport /m/02vx4 17 1 0 1 0 1
/m/0f8l9c /olympics/olympic_participating_country/athletes./olympics/olympic_athlete_affiliation/sport /m/018w8 16 2 0 1 0 0
/m/03rjj /olympics/olympic_participating_country/athletes./olympics/olympic_athlete_affiliation/sport /m/0dwxr 10 1 1 1 0 1
/m/0jgx /olympics/olympic_participating_country/athletes./olympics/olympic_athlete_affiliation/sport /m/03_8r 105 22 0 0 0 0
/m/03_3d /olympics/olympic_participating_country/athletes./olympics/olympic_athlete_affiliation/sport /m/09_bl 9 1 1 1 0 1
/m/05qhw /olympics/olympic_participating_country/athletes./olympics/olympic_athlete_affiliation/sport /m/09qgm 4 1 1 1 0 1
/m/0l3h /olympics/olympic_participating_country/athletes./olympics/olympic_athlete_affiliation/sport /m/0bynt 145 5 0 1 0 0
/m/06mkj /olympics/olympic_participating_country/athletes./olympics/olympic_athlete_affiliation/sport /m/02y74 10 1 1 1 0 1
/m/06dfg /olympics/olympic_participating_country/athletes./olympics/olympic_athlete_affiliation/sport /m/06z6r 108 10 0 1 0 0
/m/0jgd /olympics/olympic_participating_country/athletes./olympics/olympic_athlete_affiliation/sport /m/03rbzn 35 2 0 1 0 0
/m/03h64 /olympics/olympic_participating_country/athletes./olympics/olympic_athlete_affiliation/sport /m/01hp22 34 2 0 1 0 0
/m/05v8c /olympics/olympic_participating_country/athletes./olympics/olympic_athlete_affiliation/sport /m/06z6r 98 7 0 1 0 0
/m/0jgx /olympics/olympic_participating_country/athletes./olympics/olympic_athlete_affiliation/sport /m/064vjs 37 1 0 1 0 1
/m/01ls2 /olympics/olympic_participating_country/athletes./olympics/olympic_athlete_affiliation/sport /m/06wrt 28 1 0 1 0 1
/m/06mzp /olympics/olympic_participating_country/athletes./olympics/olympic_athlete_affiliation/sport /m/01z27 15 1 0 1 0 1
/m/0b90_r /olympics/olympic_participating_country/athletes./olympics/olympic_athlete_affiliation/sport /m/0486tv 8 1 1 1 0 1
/m/03rjj /olympics/olympic_participating_country/athletes./olympics/olympic_athlete_affiliation/sport /m/07bs0 12 1 0 1 0 1
/m/0fv4v /olympics/olympic_participating_country/athletes./olympics/olympic_athlete_affiliation/sport /m/03_8r 120 23 0 0 0 0
/m/01pj7 /olympics/olympic_participating_country/athletes./olympics/olympic_athlete_affiliation/sport /m/0bynt 33 1 0 1 0 1
/m/0166b /olympics/olympic_participating_country/athletes./olympics/olympic_athlete_affiliation/sport /m/03_8r 116 23 0 0 0 0
/m/04gzd /olympics/olympic_participating_country/athletes./olympics/olympic_athlete_affiliation/sport /m/018w8 35 18 0 0 0 0
/m/05r4w /olympics/olympic_participating_country/athletes./olympics/olympic_athlete_affiliation/sport /m/0194d 12 1 0 1 0 1
/m/06bnz /olympics/olympic_participating_country/athletes./olympics/olympic_athlete_affiliation/sport /m/03fyrh 6 1 1 1 0 1
/m/06t2t /olympics/olympic_participating_country/athletes./olympics/olympic_athlete_affiliation/sport /m/02y8z 26 1 0 1 0 1
/m/0345h /olympics/olympic_participating_country/athletes./olympics/olympic_athlete_affiliation/sport /m/02y8z 6 1 1 1 0 1
/m/09c7w0 /olympics/olympic_participating_country/athletes./olympics/olympic_athlete_affiliation/sport /m/0w0d 3 1 1 1 0 1
/m/09c7w0 /olympics/olympic_participating_country/athletes./olympics/olympic_athlete_affiliation/sport /m/02y74 1 1 1 1 1 1
/m/07bxhl /olympics/olympic_participating_country/athletes./olympics/olympic_athlete_affiliation/sport /m/0w0d 196 135 0 0 0 0
/m/0jgd /olympics/olympic_participating_country/athletes./olympics/olympic_athlete_affiliation/sport /m/07bs0 41 5 0 1 0 0
/m/035qy /olympics/olympic_participating_country/athletes./olympics/olympic_athlete_affiliation/sport /m/03hr1p 12 1 0 1 0 1
/m/015qh /olympics/olympic_participating_country/athletes./olympics/olympic_athlete_affiliation/sport /m/0bynt 79 3 0 1 0 0
/m/09c7w0 /olympics/olympic_participating_country/athletes./olympics/olympic_athlete_affiliation/sport /m/01lb14 2 1 1 1 0 1
/m/059j2 /olympics/olympic_participating_country/athletes./olympics/olympic_athlete_affiliation/sport /m/0d1t3 8 1 1 1 0 1
/m/015fr /olympics/olympic_participating_country/athletes./olympics/olympic_athlete_affiliation/sport /m/03krj 2 1 1 1 0 1
/m/06mkj /olympics/olympic_participating_country/athletes./olympics/olympic_athlete_affiliation/sport /m/0152n0 9 1 1 1 0 1
/m/0chghy /olympics/olympic_participating_country/athletes./olympics/olympic_athlete_affiliation/sport /m/07bs0 11 1 0 1 0 1
/m/04g5k /olympics/olympic_participating_country/athletes./olympics/olympic_athlete_affiliation/sport /m/01lb14 47 3 0 1 0 0
/m/077qn /olympics/olympic_participating_country/athletes./olympics/olympic_athlete_affiliation/sport /m/01cgz 97 9 0 1 0 0
/m/07t_x /olympics/olympic_participating_country/athletes./olympics/olympic_athlete_affiliation/sport /m/02_5h 29 12 0 0 0 0
/m/06bnz /olympics/olympic_participating_country/athletes./olympics/olympic_athlete_affiliation/sport /m/01sgl 15 1 0 1 0 1
/m/0163v /olympics/olympic_participating_country/athletes./olympics/olympic_athlete_affiliation/sport /m/07jbh 32 1 0 1 0 1
/m/0345_ /olympics/olympic_participating_country/athletes./olympics/olympic_athlete_affiliation/sport /m/03rbzn 30 1 0 1 0 1
