/m/0dwxr /olympics/olympic_sport/olympic_games_contested /m/0jdk_ 34 5 0 1 0 0
/m/096f8 /olympics/olympic_sport/olympic_games_contested /m/0sxrz 19 2 0 1 0 0
/m/07jjt /olympics/olympic_sport/olympic_games_contested /m/0c_tl 4 1 1 1 0 1
/m/071t0 /olympics/olympic_sport/olympic_games_contested /m/06sks6 24 2 0 1 0 0
/m/018w8 /olympics/olympic_sport/olympic_games_contested /m/0lbd9 19 1 0 1 0 1
/m/0d1t3 /olympics/olympic_sport/olympic_games_contested /m/0kbvb 31 2 0 1 0 0
/m/03fyrh /olympics/olympic_sport/olympic_games_contested /m/0ldqf 13 1 0 1 0 1
/m/07bs0 /olympics/olympic_sport/olympic_games_contested /m/018ljb 14 1 0 1 0 1
/m/0d1tm /olympics/olympic_sport/olympic_games_contested /m/0jhn7 31 4 0 1 0 0
/m/0d1tm /olympics/olympic_sport/olympic_games_contested /m/0lv1x 16 2 0 1 0 0
/m/019tzd /olympics/olympic_sport/olympic_games_contested /m/0kbvb 36 4 0 1 0 0
/m/06z6r /olympics/olympic_sport/olympic_games_contested /m/0jdk_ 16 3 0 1 0 0
/m/01z27 /olympics/olympic_sport/olympic_games_contested /m/0124ld 4 1 1 1 0 1
/m/03fyrh /olympics/olympic_sport/olympic_games_contested /m/06sks6 19 2 0 1 0 0
/m/06z68 /olympics/olympic_sport/olympic_games_contested /m/06sks6 41 7 0 1 0 0
/m/09wz9 /olympics/olympic_sport/olympic_games_contested /m/018ctl 13 2 0 1 0 0
/m/01hp22 /olympics/olympic_sport/olympic_games_contested /m/0lgxj 16 1 0 1 0 1
/m/0486tv /olympics/olympic_sport/olympic_games_contested /m/018qb4 10 1 1 1 0 1
/m/07bs0 /olympics/olympic_sport/olympic_games_contested /m/016r9z 10 1 1 1 0 1
/m/07rlg /olympics/olympic_sport/olympic_games_contested /m/0jdk_ 38 5 0 1 0 0
/m/0d1t3 /olympics/olympic_sport/olympic_games_contested /m/0lbd9 23 3 0 1 0 0
/m/0bynt /olympics/olympic_sport/olympic_games_contested /m/0nbjq 2 1 1 1 0 1
/m/02y8z /olympics/olympic_sport/olympic_games_contested /m/0l6vl 5 1 1 1 0 1
/m/02vx4 /olympics/olympic_sport/olympic_games_contested /m/0kbvb 21 1 0 1 0 1
/m/03fyrh /olympics/olympic_sport/olympic_games_contested /m/018ljb 8 1 1 1 0 1
/m/02y8z /olympics/olympic_sport/olympic_games_contested /m/0l6m5 22 1 0 1 0 1
/m/06wrt /olympics/olympic_sport/olympic_games_contested /m/016r9z 5 1 1 1 0 1
/m/09_94 /olympics/olympic_sport/olympic_games_contested /m/09n48 13 1 0 1 0 1
/m/071t0 /olympics/olympic_sport/olympic_games_contested /m/0ldqf 20 1 0 1 0 1
/m/01z27 /olympics/olympic_sport/olympic_games_contested /m/01f1jy 4 1 1 1 0 1
/m/035d1m /olympics/olympic_sport/olympic_games_contested /m/0l98s 29 5 0 1 0 0
/m/09wz9 /olympics/olympic_sport/olympic_games_contested /m/0124ld 3 1 1 1 0 1
/m/096f8 /olympics/olympic_sport/olympic_games_contested /m/0jdk_ 33 5 0 1 0 0
/m/096f8 /olympics/olympic_sport/olympic_games_contested /m/0l6ny 12 1 0 1 0 1
/m/04lgq /olympics/olympic_sport/olympic_games_contested /m/018wrk 11 1 0 1 0 1
/m/06wrt /olympics/olympic_sport/olympic_games_contested /m/0kbvb 29 2 0 1 0 0
/m/09_94 /olympics/olympic_sport/olympic_games_contested /m/0sx92 9 1 1 1 0 1
/m/03hr1p /olympics/olympic_sport/olympic_games_contested /m/0l6mp 22 2 0 1 0 0
/m/07jjt /olympics/olympic_sport/olympic_games_contested /m/018qb4 11 1 0 1 0 1
/m/0bynt /olympics/olympic_sport/olympic_games_contested /m/0l6vl 16 1 0 1 0 1
/m/0dwxr /olympics/olympic_sport/olympic_games_contested /m/018ljb 6 1 1 1 0 1
/m/064vjs /olympics/olympic_sport/olympic_games_contested /m/0blg2 22 3 0 1 0 0
/m/02bkg /olympics/olympic_sport/olympic_games_contested /m/0lk8j 14 1 0 1 0 1
/m/0d1t3 /olympics/olympic_sport/olympic_games_contested /m/0lbbj 20 1 0 1 0 1
/m/02y8z /olympics/olympic_sport/olympic_games_contested /m/0jkvj 19 1 0 1 0 1
/m/02_5h /olympics/olympic_sport/olympic_games_contested /m/0sx92 2 1 1 1 0 1
/m/064vjs /olympics/olympic_sport/olympic_games_contested /m/09x3r 21 1 0 1 0 1
/m/0crlz /olympics/olympic_sport/olympic_games_contested /m/09x3r 18 1 0 1 0 1
/m/096f8 /olympics/olympic_sport/olympic_games_contested /m/0lbd9 17 1 0 1 0 1
/m/07jjt /olympics/olympic_sport/olympic_games_contested /m/0nbjq 16 1 0 1 0 1
/m/0bynt /olympics/olympic_sport/olympic_games_contested /m/0kbvb 25 1 0 1 0 1
/m/03krj /olympics/olympic_sport/olympic_games_contested /m/0l6mp 26 3 0 1 0 0
/m/0d1tm /olympics/olympic_sport/olympic_games_contested /m/0l98s 24 1 0 1 0 1
/m/02_5h /olympics/olympic_sport/olympic_games_contested /m/0124ld 1 1 1 1 1 1
/m/071t0 /olympics/olympic_sport/olympic_games_contested /m/0sxrz 25 5 0 1 0 0
/m/035d1m /olympics/olympic_sport/olympic_games_contested /m/0jdk_ 35 5 0 1 0 0
/m/02_5h /olympics/olympic_sport/olympic_games_contested /m/019n8z 6 1 1 1 0 1
/m/09_9n /olympics/olympic_sport/olympic_games_contested /m/018ctl 8 1 1 1 0 1
/m/09_b4 /olympics/olympic_sport/olympic_games_contested /m/0sx7r 11 1 0 1 0 1
/m/03hr1p /olympics/olympic_sport/olympic_games_contested /m/0l998 20 1 0 1 0 1
/m/02y8z /olympics/olympic_sport/olympic_games_contested /m/0c_tl 4 1 1 1 0 1
/m/0486tv /olympics/olympic_sport/olympic_games_contested /m/0jhn7 36 5 0 1 0 0
/m/0crlz /olympics/olympic_sport/olympic_games_contested /m/0jhn7 25 2 0 1 0 0
/m/07bs0 /olympics/olympic_sport/olympic_games_contested /m/0l6mp 27 3 0 1 0 0
/m/018w8 /olympics/olympic_sport/olympic_games_contested /m/0l6vl 22 1 0 1 0 1
/m/06wrt /olympics/olympic_sport/olympic_games_contested /m/0lbd9 7 1 1 1 0 1
/m/071t0 /olympics/olympic_sport/olympic_games_contested /m/0c_tl 3 1 1 1 0 1
/m/0dwxr /olympics/olympic_sport/olympic_games_contested /m/0lgxj 12 1 0 1 0 1
/m/02bkg /olympics/olympic_sport/olympic_games_contested /m/018ljb 12 1 0 1 0 1
/m/0w0d /olympics/olympic_sport/olympic_games_contested /m/0kbvb 34 3 0 1 0 0
/m/03fyrh /olympics/olympic_sport/olympic_games_contested /m/0blg2 18 2 0 1 0 0
/m/06zgc /olympics/olympic_sport/olympic_games_contested /m/0sx8l 6 1 1 1 0 1
/m/09_94 /olympics/olympic_sport/olympic_games_contested /m/01f1kd 10 1 1 1 0 1
/m/01dys /olympics/olympic_sport/olympic_games_contested /m/0sx8l 7 1 1 1 0 1
/m/03fyrh /olympics/olympic_sport/olympic_games_contested /m/0l6ny 13 1 0 1 0 1
/m/0486tv /olympics/olympic_sport/olympic_games_contested /m/0nbjq 17 1 0 1 0 1
/m/064vjs /olympics/olympic_sport/olympic_games_contested /m/0lgxj 18 1 0 1 0 1
/m/03tmr /olympics/olympic_sport/olympic_games_contested /m/01f1jf 10 1 1 1 0 1
/m/03hr1p /olympics/olympic_sport/olympic_games_contested /m/0lbd9 6 1 1 1 0 1
/m/01hp22 /olympics/olympic_sport/olympic_games_contested /m/0ldqf 18 1 0 1 0 1
/m/02_5h /olympics/olympic_sport/olympic_games_contested /m/0swbd 13 1 0 1 0 1
/m/09_94 /olympics/olympic_sport/olympic_games_contested /m/0sx8l 5 1 1 1 0 1
/m/06zgc /olympics/olympic_sport/olympic_games_contested /m/015l4k 9 1 1 1 0 1
