/m/03rj0 /olympics/olympic_participating_country/olympics_participated_in /m/0lgxj 61 10 0 1 0 0
/m/077qn /olympics/olympic_participating_country/olympics_participated_in /m/018ctl 71 14 0 0 0 0
/m/04j53 /olympics/olympic_participating_country/olympics_participated_in /m/0sx8l 30 3 0 1 0 0
/m/087vz /olympics/olympic_participating_country/olympics_participated_in /m/0blfl 32 7 0 1 0 0
/m/04hqz /olympics/olympic_participating_country/olympics_participated_in /m/0blfl 33 7 0 1 0 0
/m/0d05w3 /olympics/olympic_participating_country/olympics_participated_in /m/0sx8l 27 3 0 1 0 0
/m/05bmq /olympics/olympic_participating_country/olympics_participated_in /m/0kbws 177 38 0 0 0 0
/m/07dvs /olympics/olympic_participating_country/olympics_participated_in /m/09n48 117 50 0 0 0 0
/m/01znc_ /olympics/olympic_participating_country/olympics_participated_in /m/018ctl 54 4 0 1 0 0
/m/03rj0 /olympics/olympic_participating_country/olympics_participated_in /m/0kbws 95 19 0 0 0 0
/m/07ssc /olympics/olympic_participating_country/olympics_participated_in /m/0lv1x 1 1 1 1 1 1
/m/07ssc /olympics/olympic_participating_country/olympics_participated_in /m/016r9z 18 2 0 1 0 0
/m/06dfg /olympics/olympic_participating_country/olympics_participated_in /m/0kbws 142 27 0 0 0 0
/m/07ssc /olympics/olympic_participating_country/olympics_participated_in /m/019n8z 2 1 1 1 0 1
/m/01nln /olympics/olympic_participating_country/olympics_participated_in /m/0kbws 176 38 0 0 0 0
/m/05qhw /olympics/olympic_participating_country/olympics_participated_in /m/09x3r 39 8 0 1 0 0
/m/01nqj /olympics/olympic_participating_country/olympics_participated_in /m/0kbws 150 27 0 0 0 0
/m/09c7w0 /olympics/olympic_participating_country/olympics_participated_in /m/0jkvj 2 1 1 1 0 1
/m/0166v /olympics/olympic_participating_country/olympics_participated_in /m/0kbws 141 27 0 0 0 0
/m/0169t /olympics/olympic_participating_country/olympics_participated_in /m/0kbws 146 27 0 0 0 0
/m/05c74 /olympics/olympic_participating_country/olympics_participated_in /m/0kbws 144 27 0 0 0 0
/m/01mjq /olympics/olympic_participating_country/olympics_participated_in /m/018ctl 41 1 0 1 0 1
/m/02lx0 /olympics/olympic_participating_country/olympics_participated_in /m/0kbws 146 27 0 0 0 0
/m/01mk6 /olympics/olympic_participating_country/olympics_participated_in /m/0lgxj 41 1 0 1 0 1
/m/015qh /olympics/olympic_participating_country/olympics_participated_in /m/09x3r 47 10 0 1 0 0
/m/07t_x /olympics/olympic_participating_country/olympics_participated_in /m/09n48 100 40 0 0 0 0
/m/03rk0 /olympics/olympic_participating_country/olympics_participated_in /m/09n48 67 16 0 0 0 0
/m/087vz /olympics/olympic_participating_country/olympics_participated_in /m/0sx8l 28 3 0 1 0 0
/m/015fr /olympics/olympic_participating_country/olympics_participated_in /m/09x3r 33 7 0 1 0 0
/m/05b4w /olympics/olympic_participating_country/olympics_participated_in /m/09x3r 32 7 0 1 0 0
/m/01p1b /olympics/olympic_participating_country/olympics_participated_in /m/0kbws 145 27 0 0 0 0
/m/07dzf /olympics/olympic_participating_country/olympics_participated_in /m/0kbws 127 27 0 0 0 0
/m/07ssc /olympics/olympic_participating_country/olympics_participated_in /m/0l998 1 1 1 1 1 1
/m/05v8c /olympics/olympic_participating_country/olympics_participated_in /m/0lgxj 62 10 0 1 0 0
/m/07t21 /olympics/olympic_participating_country/olympics_participated_in /m/09n48 73 20 0 0 0 0
/m/06sff /olympics/olympic_participating_country/olympics_participated_in /m/09n48 119 50 0 0 0 0
/m/035qy /olympics/olympic_participating_country/olympics_participated_in /m/018ctl 56 5 0 1 0 0
/m/06qd3 /olympics/olympic_participating_country/olympics_participated_in /m/018ctl 47 3 0 1 0 0
/m/05r4w /olympics/olympic_participating_country/olympics_participated_in /m/0lgxj 57 7 0 1 0 0
/m/047lj /olympics/olympic_participating_country/olympics_participated_in /m/09n48 68 16 0 0 0 0
/m/09c7w0 /olympics/olympic_participating_country/olympics_participated_in /m/0jhn7 1 1 1 1 1 1
/m/05v10 /olympics/olympic_participating_country/olympics_participated_in /m/0kbws 125 27 0 0 0 0
/m/077qn /olympics/olympic_participating_country/olympics_participated_in /m/0kbws 96 19 0 0 0 0
/m/03gj2 /olympics/olympic_participating_country/olympics_participated_in /m/09x3r 23 3 0 1 0 0
/m/0k6nt /olympics/olympic_participating_country/olympics_participated_in /m/0c_tl 12 2 0 1 0 0
/m/0chghy /olympics/olympic_participating_country/olympics_participated_in /m/09n48 43 2 0 1 0 0
/m/07ssc /olympics/olympic_participating_country/olympics_participated_in /m/0kbvv 24 23 0 0 0 0
/m/07ssc /olympics/olympic_participating_country/olympics_participated_in /m/018wrk 1 1 1 1 1 1
/m/07ssc /olympics/olympic_participating_country/olympics_participated_in /m/0l6vl 1 1 1 1 1 1
/m/0j4b /olympics/olympic_participating_country/olympics_participated_in /m/0kbws 129 27 0 0 0 0
/m/059j2 /olympics/olympic_participating_country/olympics_participated_in /m/0sx8l 6 2 1 1 0 0
/m/07ssc /olympics/olympic_participating_country/olympics_participated_in /m/0jhn7 10 9 1 1 0 0
/m/0b90_r /olympics/olympic_participating_country/olympics_participated_in /m/09x3r 40 8 0 1 0 0
/m/05tr7 /olympics/olympic_participating_country/olympics_participated_in /m/0kbws 148 27 0 0 0 0
/m/0d0kn /olympics/olympic_participating_country/olympics_participated_in /m/018ctl 51 4 0 1 0 0
