/m/02kth6 /organization/non_profit_organization/registered_with./organization/non_profit_registration/registering_agency /m/03z19 92 21 0 0 0 0
/m/07wlf /organization/non_profit_organization/registered_with./organization/non_profit_registration/registering_agency /m/03z19 74 19 0 0 0 0
/m/04cnp4 /organization/non_profit_organization/registered_with./organization/non_profit_registration/registering_agency /m/03z19 93 22 0 0 0 0
/m/0bthb /organization/non_profit_organization/registered_with./organization/non_profit_registration/registering_agency /m/03z19 82 20 0 0 0 0
/m/01ljpm /organization/non_profit_organization/registered_with./organization/non_profit_registration/registering_agency /m/03z19 59 9 0 1 0 0
/m/03zj9 /organization/non_profit_organization/registered_with./organization/non_profit_registration/registering_agency /m/03z19 83 20 0 0 0 0
/m/01pcj4 /organization/non_profit_organization/registered_with./organization/non_profit_registration/registering_agency /m/03z19 85 21 0 0 0 0
/m/01y20v /organization/non_profit_organization/registered_with./organization/non_profit_registration/registering_agency /m/03z19 91 21 0 0 0 0
/m/02hp6p /organization/non_profit_organization/registered_with./organization/non_profit_registration/registering_agency /m/03z19 111 39 0 0 0 0
/m/02bjhv /organization/non_profit_organization/registered_with./organization/non_profit_registration/registering_agency /m/03z19 60 9 0 1 0 0
/m/01j_cy /organization/non_profit_organization/registered_with./organization/non_profit_registration/registering_agency /m/03z19 73 19 0 0 0 0
/m/02tz9z /organization/non_profit_organization/registered_with./organization/non_profit_registration/registering_agency /m/03z19 77 19 0 0 0 0
/m/05nrkb /organization/non_profit_organization/registered_with./organization/non_profit_registration/registering_agency /m/03z19 171 97 0 0 0 0
/m/03fmfs /organization/non_profit_organization/registered_with./organization/non_profit_registration/registering_agency /m/03z19 92 21 0 0 0 0
/m/0558_1 /organization/non_profit_organization/registered_with./organization/non_profit_registration/registering_agency /m/03z19 88 21 0 0 0 0
/m/02q636 /organization/non_profit_organization/registered_with./organization/non_profit_registration/registering_agency /m/03z19 87 21 0 0 0 0
/m/01tntf /organization/non_profit_organization/registered_with./organization/non_profit_registration/registering_agency /m/03z19 61 9 0 1 0 0
/m/01jzyx /organization/non_profit_organization/registered_with./organization/non_profit_registration/registering_agency /m/03z19 80 19 0 0 0 0
/m/038czx /organization/non_profit_organization/registered_with./organization/non_profit_registration/registering_agency /m/03z19 203 128 0 0 0 0
/m/01c333 /organization/non_profit_organization/registered_with./organization/non_profit_registration/registering_agency /m/03z19 90 21 0 0 0 0
/m/02grjf /organization/non_profit_organization/registered_with./organization/non_profit_registration/registering_agency /m/03z19 91 21 0 0 0 0
/m/01cf5 /organization/non_profit_organization/registered_with./organization/non_profit_registration/registering_agency /m/03z19 79 19 0 0 0 0
