/m/0l0wv /organization/organization/headquarters./location/mailing_address/state_province_region /m/059rby 83 25 0 0 0 0
/m/01c333 /organization/organization/headquarters./location/mailing_address/state_province_region /m/050ks 4 1 1 1 0 1
/m/09k0h5 /organization/organization/headquarters./location/mailing_address/state_province_region /m/07dfk 5 3 1 1 0 0
/m/02zc7f /organization/organization/headquarters./location/mailing_address/state_province_region /m/07h34 12 4 0 1 0 0
/m/02jztz /organization/organization/headquarters./location/mailing_address/state_province_region /m/05fjy 2 1 1 1 0 1
/m/0z07 /organization/organization/headquarters./location/mailing_address/state_province_region /m/07b_l 15 1 0 1 0 1
/m/0kcdl /organization/organization/headquarters./location/mailing_address/state_province_region /m/059rby 135 71 0 0 0 0
/m/0c0sl /organization/organization/headquarters./location/mailing_address/state_province_region /m/0rh6k 10972 10964 0 0 0 0
/m/01q0kg /organization/organization/headquarters./location/mailing_address/state_province_region /m/01n7q 26 1 0 1 0 1
/m/04gxp2 /organization/organization/headquarters./location/mailing_address/state_province_region /m/04rrx 6 1 1 1 0 1
/m/02s8qk /organization/organization/headquarters./location/mailing_address/state_province_region /m/05tbn 15 1 0 1 0 1
/m/07szy /organization/organization/headquarters./location/mailing_address/state_province_region /m/04rrx 5 1 1 1 0 1
/m/07tds /organization/organization/headquarters./location/mailing_address/state_province_region /m/05tbn 14 1 0 1 0 1
/m/02hrb2 /organization/organization/headquarters./location/mailing_address/state_province_region /m/09krp 2 2 1 1 0 0
/m/03bnb /organization/organization/headquarters./location/mailing_address/state_province_region /m/01x73 12 2 0 1 0 0
/m/034h1h /organization/organization/headquarters./location/mailing_address/state_province_region /m/0rh6k 12790 12782 0 0 0 0
/m/0k9ts /organization/organization/headquarters./location/mailing_address/state_province_region /m/0d0x8 9 2 1 1 0 0
/m/01pdgp /organization/organization/headquarters./location/mailing_address/state_province_region /m/04ykg 5 1 1 1 0 1
/m/0xwj /organization/organization/headquarters./location/mailing_address/state_province_region /m/059rby 50 4 0 1 0 0
/m/0206k5 /organization/organization/headquarters./location/mailing_address/state_province_region /m/03v0t 10 1 1 1 0 1
/m/01qygl /organization/organization/headquarters./location/mailing_address/state_province_region /m/05kkh 12 2 0 1 0 0
/m/01c6k4 /organization/organization/headquarters./location/mailing_address/state_province_region /m/05k7sb 10523 10498 0 0 0 0
/m/0kc6x /organization/organization/headquarters./location/mailing_address/state_province_region /m/01x73 7535 7523 0 0 0 0
/m/01hhvg /organization/organization/headquarters./location/mailing_address/state_province_region /m/01n7q 161 95 0 0 0 0
/m/06xpp7 /organization/organization/headquarters./location/mailing_address/state_province_region /m/01n7q 64 15 0 0 0 0
/m/01prf3 /organization/organization/headquarters./location/mailing_address/state_province_region /m/05tbn 17 1 0 1 0 1
/m/04f525m /organization/organization/headquarters./location/mailing_address/state_province_region /m/01n7q 124 65 0 0 0 0
/m/03p2m1 /organization/organization/headquarters./location/mailing_address/state_province_region /m/01tjt2 2 1 1 1 0 1
/m/0c41qv /organization/organization/headquarters./location/mailing_address/state_province_region /m/01n7q 126 66 0 0 0 0
/m/03cz83 /organization/organization/headquarters./location/mailing_address/state_province_region /m/03v0t 16 3 0 1 0 0
/m/01b39j /organization/organization/headquarters./location/mailing_address/state_province_region /m/04ykg 7 2 1 1 0 0
/m/02zd2b /organization/organization/headquarters./location/mailing_address/state_province_region /m/03v0t 17 3 0 1 0 0
/m/02sdwt /organization/organization/headquarters./location/mailing_address/state_province_region /m/059rby 74 20 0 0 0 0
/m/04d5v9 /organization/organization/headquarters./location/mailing_address/state_province_region /m/059rby 86 25 0 0 0 0
/m/0plw /organization/organization/headquarters./location/mailing_address/state_province_region /m/07z1m 1489 1479 0 0 0 0
/m/03fgm /organization/organization/headquarters./location/mailing_address/state_province_region /m/03s0w 5 2 1 1 0 0
/m/01qf54 /organization/organization/headquarters./location/mailing_address/state_province_region /m/01n7q 59 11 0 0 0 0
/m/03v6t /organization/organization/headquarters./location/mailing_address/state_province_region /m/03s0w 4 2 1 1 0 0
/m/018p5f /organization/organization/headquarters./location/mailing_address/state_province_region /m/07b_l 14 1 0 1 0 1
/m/04f0xq /organization/organization/headquarters./location/mailing_address/state_province_region /m/05fjf 405 398 0 0 0 0
/m/01k2wn /organization/organization/headquarters./location/mailing_address/state_province_region /m/01x73 10 2 1 1 0 0
/m/01ky7c /organization/organization/headquarters./location/mailing_address/state_province_region /m/05k7sb 35 13 0 0 0 0
/m/01k8q5 /organization/organization/headquarters./location/mailing_address/state_province_region /m/01w0v 10 1 1 1 0 1
/m/01dtcb /organization/organization/headquarters./location/mailing_address/state_province_region /m/01n7q 56 9 0 1 0 0
/m/05cl8y /organization/organization/headquarters./location/mailing_address/state_province_region /m/059rby 58 9 0 1 0 0
/m/027xx3 /organization/organization/headquarters./location/mailing_address/state_province_region /m/01n7q 160 95 0 0 0 0
/m/02gnh0 /organization/organization/headquarters./location/mailing_address/state_province_region /m/01n7q 28 2 0 1 0 0
/m/03x1s8 /organization/organization/headquarters./location/mailing_address/state_province_region /m/0gyh 6 1 1 1 0 1
/m/012x8m /organization/organization/headquarters./location/mailing_address/state_province_region /m/07b_l 7715 7694 0 0 0 0
/m/041bnw /organization/organization/headquarters./location/mailing_address/state_province_region /m/01n7q 38 4 0 1 0 0
/m/07vk2 /organization/organization/headquarters./location/mailing_address/state_province_region /m/05fly 4 2 1 1 0 0
/m/09glbnt /organization/organization/headquarters./location/mailing_address/state_province_region /m/059rby 3538 3470 0 0 0 0
/m/0gztl /organization/organization/headquarters./location/mailing_address/state_province_region /m/07b_l 15 1 0 1 0 1
/m/02hmw9 /organization/organization/headquarters./location/mailing_address/state_province_region /m/01w0v 9 1 1 1 0 1
/m/017v71 /organization/organization/headquarters./location/mailing_address/state_province_region /m/05k7sb 44 21 0 0 0 0
/m/0kz2w /organization/organization/headquarters./location/mailing_address/state_province_region /m/05k7sb 11073 11046 0 0 0 0
/m/02g839 /organization/organization/headquarters./location/mailing_address/state_province_region /m/05k7sb 16 1 0 1 0 1
/m/035ktt /organization/organization/headquarters./location/mailing_address/state_province_region /m/04ly1 8 1 1 1 0 1
/m/015fs3 /organization/organization/headquarters./location/mailing_address/state_province_region /m/04rrx 7 1 1 1 0 1
/m/01z3bz /organization/organization/headquarters./location/mailing_address/state_province_region /m/017v_ 2 1 1 1 0 1
/m/01f99l /organization/organization/headquarters./location/mailing_address/state_province_region /m/050ks 404 400 0 0 0 0
/m/02tz9z /organization/organization/headquarters./location/mailing_address/state_province_region /m/04ych 4 2 1 1 0 0
/m/01314k /organization/organization/headquarters./location/mailing_address/state_province_region /m/0cxgc 3 2 1 1 0 0
/m/02rky4 /organization/organization/headquarters./location/mailing_address/state_province_region /m/01n7q 172 103 0 0 0 0
/m/03ksy /organization/organization/headquarters./location/mailing_address/state_province_region /m/05k7sb 19 1 0 1 0 1
/m/0bsnm /organization/organization/headquarters./location/mailing_address/state_province_region /m/0694j 5 2 1 1 0 0
/m/05x_5 /organization/organization/headquarters./location/mailing_address/state_province_region /m/03v1s 9 1 1 1 0 1
/m/01qrb2 /organization/organization/headquarters./location/mailing_address/state_province_region /m/03v1s 7 1 1 1 0 1
/m/030w19 /organization/organization/headquarters./location/mailing_address/state_province_region /m/05kkh 21 8 0 1 0 0
/m/0lfgr /organization/organization/headquarters./location/mailing_address/state_province_region /m/05k7sb 23 2 0 1 0 0
/m/015y3j /organization/organization/headquarters./location/mailing_address/state_province_region /m/05tbn 20 3 0 1 0 0
/m/05ftw3 /organization/organization/headquarters./location/mailing_address/state_province_region /m/065zr 2 1 1 1 0 1
/m/01b1mj /organization/organization/headquarters./location/mailing_address/state_province_region /m/081yw 4 1 1 1 0 1
/m/01jsn5 /organization/organization/headquarters./location/mailing_address/state_province_region /m/01x73 11 2 0 1 0 0
/m/02wbnv /organization/organization/headquarters./location/mailing_address/state_province_region /m/01n7q 176 104 0 0 0 0
/m/022fj_ /organization/organization/headquarters./location/mailing_address/state_province_region /m/02xry 8 1 1 1 0 1
/m/019rl6 /organization/organization/headquarters./location/mailing_address/state_province_region /m/01n7q 42 4 0 1 0 0
/m/01c57n /organization/organization/headquarters./location/mailing_address/state_province_region /m/0g39h 2 1 1 1 0 1
/m/02bpy_ /organization/organization/headquarters./location/mailing_address/state_province_region /m/07z1m 10 2 1 1 0 0
/m/088gzp /organization/organization/headquarters./location/mailing_address/state_province_region /m/09f07 10715 10715 0 0 0 0
/m/027lf1 /organization/organization/headquarters./location/mailing_address/state_province_region /m/03v0t 11 1 0 1 0 1
/m/02km0m /organization/organization/headquarters./location/mailing_address/state_province_region /m/07b_l 17 1 0 1 0 1
