/m/017jv5 /organization/organization/parent./organization/organization_relationship/parent /m/0g1rw 1 1 1 1 1 1
/m/05k6d /organization/organization/parent./organization/organization_relationship/parent /m/01frpd 1 1 1 1 1 1
/m/03qx_f /organization/organization/parent./organization/organization_relationship/parent /m/02bh8z 10 1 1 1 0 1
/m/02z_b /organization/organization/parent./organization/organization_relationship/parent /m/0sxdg 6 1 1 1 0 1
/m/02j_j0 /organization/organization/parent./organization/organization_relationship/parent /m/016tw3 3 1 1 1 0 1
/m/01w5gp /organization/organization/parent./organization/organization_relationship/parent /m/0l8sx 249 236 0 0 0 0
/m/0gyr_7 /organization/organization/parent./organization/organization_relationship/parent /m/013fn 1 1 1 1 1 1
/m/02bjhv /organization/organization/parent./organization/organization_relationship/parent /m/03f2fw 4 1 1 1 0 1
/m/03sb38 /organization/organization/parent./organization/organization_relationship/parent /m/049ql1 7 1 1 1 0 1
/m/05gnf /organization/organization/parent./organization/organization_relationship/parent /m/06gst 1 1 1 1 1 1
/m/018zsw /organization/organization/parent./organization/organization_relationship/parent /m/018zqj 2 1 1 1 0 1
/m/01j7pt /organization/organization/parent./organization/organization_relationship/parent /m/018_q8 4 1 1 1 0 1
/m/03z19 /organization/organization/parent./organization/organization_relationship/parent /m/0f1r9 1 1 1 1 1 1
/m/02pfymy /organization/organization/parent./organization/organization_relationship/parent /m/09k0h5 3 2 1 1 0 0
/m/01f99l /organization/organization/parent./organization/organization_relationship/parent /m/0dq23 1 1 1 1 1 1
/m/01swdw /organization/organization/parent./organization/organization_relationship/parent /m/01qckn 1 1 1 1 1 1
/m/01tntf /organization/organization/parent./organization/organization_relationship/parent /m/03f2fw 5 1 1 1 0 1
/m/01795t /organization/organization/parent./organization/organization_relationship/parent /m/09b3v 10 1 1 1 0 1
/m/017s11 /organization/organization/parent./organization/organization_relationship/parent /m/03rwz3 3 1 1 1 0 1
/m/01jygk /organization/organization/parent./organization/organization_relationship/parent /m/02_l39 8 1 1 1 0 1
/m/02lw5z /organization/organization/parent./organization/organization_relationship/parent /m/02_l39 9 1 1 1 0 1
/m/02b07b /organization/organization/parent./organization/organization_relationship/parent /m/01bfjy 1 1 1 1 1 1
