/m/018swb /people/deceased_person/cause_of_death /m/01_qc_ 4078 4074 0 0 0 0
/m/040dv /people/deceased_person/cause_of_death /m/07jwr 3 1 1 1 0 1
/m/03f68r6 /people/deceased_person/cause_of_death /m/02k6hp 1114 1110 0 0 0 0
/m/025jj7 /people/deceased_person/cause_of_death /m/01l2m3 1 1 1 1 1 1
/m/018qql /people/deceased_person/cause_of_death /m/019dmc 1 1 1 1 1 1
/m/01c7qd /people/deceased_person/cause_of_death /m/0gk4g 124 102 0 0 0 0
/m/03zyvw /people/deceased_person/cause_of_death /m/0hk18 2 1 1 1 0 1
/m/02dth1 /people/deceased_person/cause_of_death /m/02k6hp 3 1 1 1 0 1
/m/018swb /people/deceased_person/cause_of_death /m/0qcr0 10 1 1 1 0 1
/m/015qyf /people/deceased_person/cause_of_death /m/04p3w 1 1 1 1 1 1
/m/06whf /people/deceased_person/cause_of_death /m/0hk18 2 1 1 1 0 1
/m/03csqj4 /people/deceased_person/cause_of_death /m/0gk4g 19 1 0 1 0 1
/m/0c921 /people/deceased_person/cause_of_death /m/0dq9p 6 1 1 1 0 1
/m/01vyp_ /people/deceased_person/cause_of_death /m/08nhwb 1 1 1 1 1 1
/m/040z9 /people/deceased_person/cause_of_death /m/01dcqj 1 1 1 1 1 1
/m/01vh096 /people/deceased_person/cause_of_death /m/0dq9p 6 1 1 1 0 1
/m/03v1xb /people/deceased_person/cause_of_death /m/01psyx 1 1 1 1 1 1
/m/08t7nz /people/deceased_person/cause_of_death /m/0qcr0 8 1 1 1 0 1
/m/02nygk /people/deceased_person/cause_of_death /m/02knxx 1 1 1 1 1 1
/m/017_pb /people/deceased_person/cause_of_death /m/01mtqf 1 1 1 1 1 1
/m/0b22w /people/deceased_person/cause_of_death /m/0dq9p 8 1 1 1 0 1
/m/09h_q /people/deceased_person/cause_of_death /m/01l2m3 5287 5286 0 0 0 0
/m/039xcr /people/deceased_person/cause_of_death /m/0qcr0 9 1 1 1 0 1
/m/01k47c /people/deceased_person/cause_of_death /m/01_qc_ 3 1 1 1 0 1
/m/043gj /people/deceased_person/cause_of_death /m/01mtqf 1 1 1 1 1 1
/m/0bxfmk /people/deceased_person/cause_of_death /m/0h9dj 1 1 1 1 1 1
/m/0chsq /people/deceased_person/cause_of_death /m/0dcsx 1 1 1 1 1 1
/m/01kx1j /people/deceased_person/cause_of_death /m/06z5s 2 1 1 1 0 1
/m/0194xc /people/deceased_person/cause_of_death /m/0qcr0 9 1 1 1 0 1
/m/01_4z /people/deceased_person/cause_of_death /m/01psyx 1 1 1 1 1 1
/m/01v9724 /people/deceased_person/cause_of_death /m/02y0js 2 1 1 1 0 1
/m/03f3_p3 /people/deceased_person/cause_of_death /m/0j8hd 4616 4614 0 0 0 0
/m/0dg3jz /people/deceased_person/cause_of_death /m/01l2m3 1 1 1 1 1 1
/m/013qvn /people/deceased_person/cause_of_death /m/04p3w 1 1 1 1 1 1
/m/02q5xsx /people/deceased_person/cause_of_death /m/0qcr0 53 42 0 0 0 0
/m/0btyl /people/deceased_person/cause_of_death /m/0dq9p 7 1 1 1 0 1
/m/01385g /people/deceased_person/cause_of_death /m/0g02vk 2 1 1 1 0 1
/m/015qt5 /people/deceased_person/cause_of_death /m/02knxx 1 1 1 1 1 1
/m/02pp_q_ /people/deceased_person/cause_of_death /m/0m32h 1 1 1 1 1 1
/m/04jvt /people/deceased_person/cause_of_death /m/012hw 4 1 1 1 0 1
/m/0f0p0 /people/deceased_person/cause_of_death /m/04p3w 1 1 1 1 1 1
/m/01fdc0 /people/deceased_person/cause_of_death /m/0j8hd 1 1 1 1 1 1
/m/029cpw /people/deceased_person/cause_of_death /m/02y0js 2 1 1 1 0 1
/m/02lmk /people/deceased_person/cause_of_death /m/06z5s 2 1 1 1 0 1
/m/0c2tf /people/deceased_person/cause_of_death /m/04p3w 1 1 1 1 1 1
/m/01hkck /people/deceased_person/cause_of_death /m/0gk4g 16 1 0 1 0 1
/m/01pbs9w /people/deceased_person/cause_of_death /m/0gk4g 16 1 0 1 0 1
/m/06f5j /people/deceased_person/cause_of_death /m/0dq9p 8 1 1 1 0 1
/m/0bdt8 /people/deceased_person/cause_of_death /m/0j8hd 1 1 1 1 1 1
/m/01nrq5 /people/deceased_person/cause_of_death /m/04p3w 1 1 1 1 1 1
/m/08nz99 /people/deceased_person/cause_of_death /m/0qcr0 8 1 1 1 0 1
/m/016hvl /people/deceased_person/cause_of_death /m/012hw 12073 12067 0 0 0 0
/m/045g4l /people/deceased_person/cause_of_death /m/08g5q7 1 1 1 1 1 1
/m/07s3vqk /people/deceased_person/cause_of_death /m/09jg8 1 1 1 1 1 1
/m/01k31p /people/deceased_person/cause_of_death /m/07jwr 3 1 1 1 0 1
/m/0k8y7 /people/deceased_person/cause_of_death /m/01g27f 1 1 1 1 1 1
/m/01lwx /people/deceased_person/cause_of_death /m/01l2m3 1 1 1 1 1 1
/m/05h72z /people/deceased_person/cause_of_death /m/0hk18 2 1 1 1 0 1
/m/0hwqg /people/deceased_person/cause_of_death /m/0gg4h 11764 11759 0 0 0 0
/m/0blgl /people/deceased_person/cause_of_death /m/01dcqj 1 1 1 1 1 1
/m/016z51 /people/deceased_person/cause_of_death /m/02k6hp 3 1 1 1 0 1
/m/03lpd0 /people/deceased_person/cause_of_death /m/0dq9p 6 1 1 1 0 1
/m/015nvj /people/deceased_person/cause_of_death /m/0gk4g 13 1 0 1 0 1
/m/0k0q8q /people/deceased_person/cause_of_death /m/0gk4g 16 1 0 1 0 1
/m/01_vfy /people/deceased_person/cause_of_death /m/0jdk0 1 1 1 1 1 1
/m/03cprft /people/deceased_person/cause_of_death /m/0gg4h 10207 10202 0 0 0 0
/m/02lj6p /people/deceased_person/cause_of_death /m/0dq9p 7 1 1 1 0 1
/m/02jq1 /people/deceased_person/cause_of_death /m/0gk4g 9 1 1 1 0 1
/m/05qzv /people/deceased_person/cause_of_death /m/02y0js 941 939 0 0 0 0
/m/09889g /people/deceased_person/cause_of_death /m/0x2fg 2 1 1 1 0 1
/m/02wb6d /people/deceased_person/cause_of_death /m/0qcr0 53 42 0 0 0 0
/m/0gmtm /people/deceased_person/cause_of_death /m/02y0js 2 1 1 1 0 1
/m/03vpf_ /people/deceased_person/cause_of_death /m/01_qc_ 3 1 1 1 0 1
/m/084w8 /people/deceased_person/cause_of_death /m/0gk4g 15 1 0 1 0 1
/m/0488g9 /people/deceased_person/cause_of_death /m/02knxx 1 1 1 1 1 1
/m/06crk /people/deceased_person/cause_of_death /m/0qcr0 53 42 0 0 0 0
/m/02w670 /people/deceased_person/cause_of_death /m/08g5q7 1 1 1 1 1 1
/m/029h45 /people/deceased_person/cause_of_death /m/0gk4g 124 102 0 0 0 0
/m/028mc6 /people/deceased_person/cause_of_death /m/0dq9p 5 1 1 1 0 1
/m/016dgz /people/deceased_person/cause_of_death /m/0d19y2 2 1 1 1 0 1
/m/04jwp /people/deceased_person/cause_of_death /m/0542n 1 1 1 1 1 1
/m/0127xk /people/deceased_person/cause_of_death /m/0gk4g 9 1 1 1 0 1
/m/03fvqg /people/deceased_person/cause_of_death /m/0dcsx 2 1 1 1 0 1
/m/01t9qj_ /people/deceased_person/cause_of_death /m/0dq9p 6 1 1 1 0 1
/m/02drd3 /people/deceased_person/cause_of_death /m/0qcr0 107 96 0 0 0 0
/m/0jvtp /people/deceased_person/cause_of_death /m/0gk4g 143 121 0 0 0 0
/m/0h336 /people/deceased_person/cause_of_death /m/07jwr 3 1 1 1 0 1
/m/06c44 /people/deceased_person/cause_of_death /m/0gk4g 17 1 0 1 0 1
/m/07_m9_ /people/deceased_person/cause_of_death /m/032s66 1 1 1 1 1 1
/m/033rq /people/deceased_person/cause_of_death /m/0gk4g 113 91 0 0 0 0
/m/0hpz8 /people/deceased_person/cause_of_death /m/0hk18 2 1 1 1 0 1
/m/07zhd7 /people/deceased_person/cause_of_death /m/01l2m3 1 1 1 1 1 1
