/m/0x67 /people/ethnicity/people /m/0411q 1 1 1 1 1 1
/m/0x67 /people/ethnicity/people /m/030wkp 2 2 1 1 0 0
/m/0d7wh /people/ethnicity/people /m/02vkvcz 1 1 1 1 1 1
/m/013b6_ /people/ethnicity/people /m/0hwqg 2 1 1 1 0 1
/m/02p1pl6 /people/ethnicity/people /m/0479b 3 1 1 1 0 1
/m/07bch9 /people/ethnicity/people /m/0453t 1 1 1 1 1 1
/m/07bch9 /people/ethnicity/people /m/01vsyjy 1 1 1 1 1 1
/m/033tf_ /people/ethnicity/people /m/029ghl 2 1 1 1 0 1
/m/01rv7x /people/ethnicity/people /m/0dfjb8 2 1 1 1 0 1
/m/0ffjqy /people/ethnicity/people /m/05d1y 1 1 1 1 1 1
/m/0d7wh /people/ethnicity/people /m/0prjs 1 1 1 1 1 1
/m/0d7wh /people/ethnicity/people /m/08z39v 3358 3358 0 0 0 0
/m/03lmx1 /people/ethnicity/people /m/08c9b0 8928 8928 0 0 0 0
/m/013b6_ /people/ethnicity/people /m/06myp 2 1 1 1 0 1
/m/041rx /people/ethnicity/people /m/0bl2g 1 1 1 1 1 1
/m/04mvp8 /people/ethnicity/people /m/05gc0h 3001 3001 0 0 0 0
/m/0dryh9k /people/ethnicity/people /m/02vmzp 1 1 1 1 1 1
/m/0g5y6 /people/ethnicity/people /m/0fqyzz 1 1 1 1 1 1
/m/07bch9 /people/ethnicity/people /m/0d06m5 2306 2305 0 0 0 0
/m/03ts0c /people/ethnicity/people /m/0lcx 1 1 1 1 1 1
/m/09kr66 /people/ethnicity/people /m/027l0b 4 3 1 1 0 0
/m/02w7gg /people/ethnicity/people /m/02tn0_ 1 1 1 1 1 1
/m/013b6_ /people/ethnicity/people /m/01t94_1 2 1 1 1 0 1
/m/07hwkr /people/ethnicity/people /m/05hj_k 3776 3776 0 0 0 0
/m/02sch9 /people/ethnicity/people /m/03fwln 1 1 1 1 1 1
/m/038723 /people/ethnicity/people /m/09yrh 3 1 1 1 0 1
/m/033tf_ /people/ethnicity/people /m/03pmty 1 1 1 1 1 1
/m/018s6c /people/ethnicity/people /m/0dqmt0 1 1 1 1 1 1
/m/02w7gg /people/ethnicity/people /m/021yzs 1 1 1 1 1 1
/m/02w7gg /people/ethnicity/people /m/07c37 7858 7858 0 0 0 0
/m/041rx /people/ethnicity/people /m/05drr9 1 1 1 1 1 1
/m/063k3h /people/ethnicity/people /m/02n9k 2 1 1 1 0 1
/m/048z7l /people/ethnicity/people /m/0hwqz 6 3 1 1 0 0
/m/0dryh9k /people/ethnicity/people /m/02ctyy 1 1 1 1 1 1
/m/03bkbh /people/ethnicity/people /m/084nh 1 1 1 1 1 1
/m/03bkbh /people/ethnicity/people /m/04smkr 1580 1578 0 0 0 0
/m/01g7zj /people/ethnicity/people /m/049fgvm 1 1 1 1 1 1
/m/018s6c /people/ethnicity/people /m/0g_rs_ 1 1 1 1 1 1
/m/0x67 /people/ethnicity/people /m/07ss8_ 1 1 1 1 1 1
/m/041rx /people/ethnicity/people /m/01pw9v 1 1 1 1 1 1
/m/041rx /people/ethnicity/people /m/01_x6d 1 1 1 1 1 1
/m/041rx /people/ethnicity/people /m/0pz91 2 2 1 1 0 0
/m/0222qb /people/ethnicity/people /m/0dxmyh 1 1 1 1 1 1
/m/048z7l /people/ethnicity/people /m/0p8jf 1 1 1 1 1 1
/m/038723 /people/ethnicity/people /m/044zvm 2788 2788 0 0 0 0
/m/0d2by /people/ethnicity/people /m/011zf2 14487 14487 0 0 0 0
/m/041rx /people/ethnicity/people /m/0mdyn 1 1 1 1 1 1
/m/0fk1z /people/ethnicity/people /m/051q39 1 1 1 1 1 1
/m/07hwkr /people/ethnicity/people /m/02wlk 1 1 1 1 1 1
/m/0g6ff /people/ethnicity/people /m/0pcc0 1 1 1 1 1 1
/m/0dryh9k /people/ethnicity/people /m/046rfv 1 1 1 1 1 1
/m/013xrm /people/ethnicity/people /m/0h336 1 1 1 1 1 1
/m/0x67 /people/ethnicity/people /m/07sgfsl 1 1 1 1 1 1
/m/04gfy7 /people/ethnicity/people /m/0jrqq 1 1 1 1 1 1
/m/041rx /people/ethnicity/people /m/02vtnf 1 1 1 1 1 1
/m/041rx /people/ethnicity/people /m/051wwp 1 1 1 1 1 1
/m/041rx /people/ethnicity/people /m/01sbhvd 1 1 1 1 1 1
/m/01qhm_ /people/ethnicity/people /m/0227tr 1 1 1 1 1 1
/m/02g7sp /people/ethnicity/people /m/02xs5v 1 1 1 1 1 1
/m/033tf_ /people/ethnicity/people /m/09dt7 1 1 1 1 1 1
/m/09kr66 /people/ethnicity/people /m/016z2j 3775 3771 0 0 0 0
/m/0x67 /people/ethnicity/people /m/0f6lx 1 1 1 1 1 1
/m/0x67 /people/ethnicity/people /m/03f5spx 1 1 1 1 1 1
/m/0x67 /people/ethnicity/people /m/0234pg 1 1 1 1 1 1
/m/06mvq /people/ethnicity/people /m/03s9b 1 1 1 1 1 1
/m/041rx /people/ethnicity/people /m/01520h 1 1 1 1 1 1
/m/041rx /people/ethnicity/people /m/0qdwr 2 1 1 1 0 1
/m/041rx /people/ethnicity/people /m/0crqcc 1 1 1 1 1 1
/m/0g6ff /people/ethnicity/people /m/01y665 1 1 1 1 1 1
/m/063k3h /people/ethnicity/people /m/083q7 3 1 1 1 0 1
/m/0dryh9k /people/ethnicity/people /m/05b1062 1 1 1 1 1 1
/m/03bkbh /people/ethnicity/people /m/0dfrq 1 1 1 1 1 1
/m/0d7wh /people/ethnicity/people /m/06mnbn 1 1 1 1 1 1
/m/03lmx1 /people/ethnicity/people /m/01wsl7c 1 1 1 1 1 1
/m/0222qb /people/ethnicity/people /m/0bytkq 641 641 0 0 0 0
/m/033tf_ /people/ethnicity/people /m/025b5y 2 1 1 1 0 1
/m/0x67 /people/ethnicity/people /m/01wn718 1 1 1 1 1 1
/m/02w7gg /people/ethnicity/people /m/043s3 1 1 1 1 1 1
/m/03lmx1 /people/ethnicity/people /m/0783m_ 11061 11061 0 0 0 0
/m/041rx /people/ethnicity/people /m/013tjc 1 1 1 1 1 1
/m/041rx /people/ethnicity/people /m/011w20 1 1 1 1 1 1
/m/041rx /people/ethnicity/people /m/09x8ms 1 1 1 1 1 1
/m/041rx /people/ethnicity/people /m/03nk3t 1 1 1 1 1 1
/m/07hwkr /people/ethnicity/people /m/01s21dg 1 1 1 1 1 1
/m/02sch9 /people/ethnicity/people /m/02756j 1 1 1 1 1 1
/m/0dryh9k /people/ethnicity/people /m/081hvm 1 1 1 1 1 1
/m/06j2v /people/ethnicity/people /m/01lc5 1 1 1 1 1 1
/m/07bch9 /people/ethnicity/people /m/01vsn38 1 1 1 1 1 1
/m/09vc4s /people/ethnicity/people /m/03j0d 1 1 1 1 1 1
/m/09vc4s /people/ethnicity/people /m/04xhwn 3 1 1 1 0 1
/m/09vc4s /people/ethnicity/people /m/0bwh6 4 1 1 1 0 1
/m/06mvq /people/ethnicity/people /m/01kgv4 1 1 1 1 1 1
/m/041rx /people/ethnicity/people /m/016zdd 2 1 1 1 0 1
/m/0g6ff /people/ethnicity/people /m/03f47xl 1 1 1 1 1 1
/m/06gbnc /people/ethnicity/people /m/05b2f_k 1 1 1 1 1 1
/m/033qxt /people/ethnicity/people /m/05szp 2 1 1 1 0 1
/m/033tf_ /people/ethnicity/people /m/02g8h 1 1 1 1 1 1
/m/01rv7x /people/ethnicity/people /m/046rfv 2 1 1 1 0 1
/m/0x67 /people/ethnicity/people /m/09k2t1 1 1 1 1 1 1
/m/0g96wd /people/ethnicity/people /m/0h32q 1 1 1 1 1 1
/m/041rx /people/ethnicity/people /m/01t6xz 1 1 1 1 1 1
/m/07hwkr /people/ethnicity/people /m/01mmslz 1 1 1 1 1 1
/m/063k3h /people/ethnicity/people /m/0jt90f5 1 1 1 1 1 1
/m/0dryh9k /people/ethnicity/people /m/06zmg7m 1 1 1 1 1 1
/m/02w7gg /people/ethnicity/people /m/015wnl 1 1 1 1 1 1
/m/02w7gg /people/ethnicity/people /m/081k8 1 1 1 1 1 1
/m/013b6_ /people/ethnicity/people /m/014x77 3 1 1 1 0 1
/m/041rx /people/ethnicity/people /m/041_y 1 1 1 1 1 1
/m/063k3h /people/ethnicity/people /m/016qtt 2 1 1 1 0 1
/m/02ctzb /people/ethnicity/people /m/03f4w4 1 1 1 1 1 1
/m/01qhm_ /people/ethnicity/people /m/02qhm3 13862 13859 0 0 0 0
/m/01qhm_ /people/ethnicity/people /m/0f_y9 1 1 1 1 1 1
/m/03bkbh /people/ethnicity/people /m/022qw7 1 1 1 1 1 1
/m/0g8_vp /people/ethnicity/people /m/0d608 1 1 1 1 1 1
/m/033tf_ /people/ethnicity/people /m/0c1pj 1 1 1 1 1 1
/m/02w7gg /people/ethnicity/people /m/0m31m 1 1 1 1 1 1
/m/05l3g_ /people/ethnicity/people /m/03d9v8 3 1 1 1 0 1
/m/02w7gg /people/ethnicity/people /m/02lfwp 1 1 1 1 1 1
/m/0d7wh /people/ethnicity/people /m/027pdrh 1 1 1 1 1 1
/m/041rx /people/ethnicity/people /m/0jt86 1 1 1 1 1 1
/m/07hwkr /people/ethnicity/people /m/03q45x 1 1 1 1 1 1
/m/0dryh9k /people/ethnicity/people /m/087_wh 1 1 1 1 1 1
/m/0dryh9k /people/ethnicity/people /m/04328m 1 1 1 1 1 1
/m/02ctzb /people/ethnicity/people /m/0282x 1 1 1 1 1 1
/m/03bkbh /people/ethnicity/people /m/09fb5 157 154 0 0 0 0
/m/059_w /people/ethnicity/people /m/01wyz92 2 1 1 1 0 1
/m/0xnvg /people/ethnicity/people /m/01vvb4m 2 1 1 1 0 1
/m/07bch9 /people/ethnicity/people /m/0n6f8 1 1 1 1 1 1
/m/033tf_ /people/ethnicity/people /m/08664q 1 1 1 1 1 1
/m/0x67 /people/ethnicity/people /m/095b70 2 2 1 1 0 0
/m/041rx /people/ethnicity/people /m/025h4z 1 1 1 1 1 1
/m/07hwkr /people/ethnicity/people /m/04411 1 1 1 1 1 1
/m/04mvp8 /people/ethnicity/people /m/02hkw6 1 1 1 1 1 1
/m/063k3h /people/ethnicity/people /m/01k70_ 1 1 1 1 1 1
/m/02ctzb /people/ethnicity/people /m/05l0j5 6554 6553 0 0 0 0
/m/03bkbh /people/ethnicity/people /m/015rkw 1 1 1 1 1 1
/m/0xnvg /people/ethnicity/people /m/01wbg84 2 1 1 1 0 1
/m/0cn68 /people/ethnicity/people /m/0f3zsq 1 1 1 1 1 1
/m/01rv7x /people/ethnicity/people /m/01x2tm8 1 1 1 1 1 1
/m/041rx /people/ethnicity/people /m/078jnn 3 1 1 1 0 1
/m/041rx /people/ethnicity/people /m/01pbwwl 1 1 1 1 1 1
/m/02g7sp /people/ethnicity/people /m/0ky1 1 1 1 1 1 1
/m/09vc4s /people/ethnicity/people /m/04nw9 4 1 1 1 0 1
/m/0x67 /people/ethnicity/people /m/0hcs3 1 1 1 1 1 1
/m/0g48m4 /people/ethnicity/people /m/01d_4t 1 1 1 1 1 1
/m/041rx /people/ethnicity/people /m/01y_px 1 1 1 1 1 1
/m/041rx /people/ethnicity/people /m/06pj8 2 1 1 1 0 1
/m/041rx /people/ethnicity/people /m/028k57 1 1 1 1 1 1
/m/048z7l /people/ethnicity/people /m/01_k71 1 1 1 1 1 1
/m/0dryh9k /people/ethnicity/people /m/027lfrs 1 1 1 1 1 1
/m/0g8_vp /people/ethnicity/people /m/03d_zl4 11317 11317 0 0 0 0
/m/0x67 /people/ethnicity/people /m/016kjs 1 1 1 1 1 1
/m/0dbxy /people/ethnicity/people /m/04xhwn 4 1 1 1 0 1
/m/0d7wh /people/ethnicity/people /m/02z6l5f 1 1 1 1 1 1
/m/041rx /people/ethnicity/people /m/03hhd3 1 1 1 1 1 1
/m/041rx /people/ethnicity/people /m/02lf0c 1 1 1 1 1 1
/m/041rx /people/ethnicity/people /m/02k21g 2 1 1 1 0 1
/m/041rx /people/ethnicity/people /m/0683n 1 1 1 1 1 1
/m/0dryh9k /people/ethnicity/people /m/087z12 1 1 1 1 1 1
/m/038723 /people/ethnicity/people /m/01wk7b7 1 1 1 1 1 1
/m/09kr66 /people/ethnicity/people /m/0j582 1 1 1 1 1 1
/m/0x67 /people/ethnicity/people /m/0205dx 1 1 1 1 1 1
/m/048z7l /people/ethnicity/people /m/05bnp0 9164 9162 0 0 0 0
/m/0dryh9k /people/ethnicity/people /m/0bkg87 1 1 1 1 1 1
/m/0xnvg /people/ethnicity/people /m/0htlr 1 1 1 1 1 1
/m/033tf_ /people/ethnicity/people /m/0432cd 1 1 1 1 1 1
/m/033tf_ /people/ethnicity/people /m/0315q3 2 1 1 1 0 1
/m/033tf_ /people/ethnicity/people /m/02dth1 1 1 1 1 1 1
/m/09kr66 /people/ethnicity/people /m/0kjgl 2 1 1 1 0 1
/m/018s6c /people/ethnicity/people /m/016k62 1 1 1 1 1 1
/m/0432mrk /people/ethnicity/people /m/01xwqn 3 1 1 1 0 1
/m/02w7gg /people/ethnicity/people /m/015t7v 1 1 1 1 1 1
/m/041rx /people/ethnicity/people /m/01gw8b 1 1 1 1 1 1
/m/01p7s6 /people/ethnicity/people /m/022p06 1 1 1 1 1 1
/m/063k3h /people/ethnicity/people /m/07hyk 4 1 1 1 0 1
/m/06v41q /people/ethnicity/people /m/0320jz 2 1 1 1 0 1
/m/033tf_ /people/ethnicity/people /m/030xr_ 2 2 1 1 0 0
/m/03w9bjf /people/ethnicity/people /m/016k6x 3 1 1 1 0 1
/m/0x67 /people/ethnicity/people /m/02xwq9 1 1 1 1 1 1
/m/041rx /people/ethnicity/people /m/01_6dw 1 1 1 1 1 1
/m/09743 /people/ethnicity/people /m/01zh29 1 1 1 1 1 1
/m/0xnvg /people/ethnicity/people /m/02lfns 1 1 1 1 1 1
/m/06gbnc /people/ethnicity/people /m/01bbwp 1 1 1 1 1 1
/m/02g7sp /people/ethnicity/people /m/065jlv 1 1 1 1 1 1
/m/033tf_ /people/ethnicity/people /m/01whg97 1 1 1 1 1 1
/m/013xrm /people/ethnicity/people /m/0jcx 2 1 1 1 0 1
/m/02w7gg /people/ethnicity/people /m/07rzf 1 1 1 1 1 1
/m/013b6_ /people/ethnicity/people /m/01mqz0 3 1 1 1 0 1
/m/041rx /people/ethnicity/people /m/0d_w7 1 1 1 1 1 1
/m/01xhh5 /people/ethnicity/people /m/01_njt 1 1 1 1 1 1
/m/02ctzb /people/ethnicity/people /m/083q7 2 1 1 1 0 1
/m/02ctzb /people/ethnicity/people /m/042f1 3 1 1 1 0 1
/m/033tf_ /people/ethnicity/people /m/019f2f 1 1 1 1 1 1
/m/033tf_ /people/ethnicity/people /m/04d_mtq 1 1 1 1 1 1
/m/09vc4s /people/ethnicity/people /m/03yk8z 13027 13027 0 0 0 0
/m/0x67 /people/ethnicity/people /m/016_mj 1 1 1 1 1 1
/m/0x67 /people/ethnicity/people /m/022q32 1 1 1 1 1 1
/m/041rx /people/ethnicity/people /m/0h5f5n 2 1 1 1 0 1
/m/06v41q /people/ethnicity/people /m/023tp8 1 1 1 1 1 1
/m/02ctzb /people/ethnicity/people /m/0d0vj4 1 1 1 1 1 1
/m/01qhm_ /people/ethnicity/people /m/0jfx1 1 1 1 1 1 1
/m/0xnvg /people/ethnicity/people /m/026l37 1 1 1 1 1 1
/m/0g8_vp /people/ethnicity/people /m/0hz_1 1 1 1 1 1 1
/m/07bch9 /people/ethnicity/people /m/0gt3p 2 1 1 1 0 1
/m/03lmx1 /people/ethnicity/people /m/04mhbh 2 1 1 1 0 1
/m/0g96wd /people/ethnicity/people /m/05l0j5 1 1 1 1 1 1
/m/041rx /people/ethnicity/people /m/01rcmg 1 1 1 1 1 1
/m/048z7l /people/ethnicity/people /m/0hqly 1 1 1 1 1 1
/m/0dryh9k /people/ethnicity/people /m/0738y5 1 1 1 1 1 1
/m/03bkbh /people/ethnicity/people /m/01l87db 1 1 1 1 1 1
/m/0xnvg /people/ethnicity/people /m/0f502 2 1 1 1 0 1
/m/033tf_ /people/ethnicity/people /m/01vsy9_ 1 1 1 1 1 1
/m/0x67 /people/ethnicity/people /m/01q9b9 1 1 1 1 1 1
/m/02w7gg /people/ethnicity/people /m/05kwx2 1 1 1 1 1 1
/m/02w7gg /people/ethnicity/people /m/01v9724 10947 10947 0 0 0 0
/m/013b6_ /people/ethnicity/people /m/0jcx 4 1 1 1 0 1
/m/041rx /people/ethnicity/people /m/0prfz 1 1 1 1 1 1
/m/041rx /people/ethnicity/people /m/035wq7 2 1 1 1 0 1
/m/0xnvg /people/ethnicity/people /m/02whj 2 1 1 1 0 1
/m/07mqps /people/ethnicity/people /m/04__f 1 1 1 1 1 1
/m/03lmx1 /people/ethnicity/people /m/0948xk 14488 14488 0 0 0 0
/m/041rx /people/ethnicity/people /m/02vy5j 1 1 1 1 1 1
/m/041rx /people/ethnicity/people /m/0h953 2 1 1 1 0 1
/m/041rx /people/ethnicity/people /m/05szp 1 1 1 1 1 1
/m/041rx /people/ethnicity/people /m/01vsn38 2 1 1 1 0 1
/m/041rx /people/ethnicity/people /m/0klh7 1 1 1 1 1 1
/m/07hwkr /people/ethnicity/people /m/01q415 1 1 1 1 1 1
/m/0g6ff /people/ethnicity/people /m/05hks 10269 10268 0 0 0 0
/m/0dryh9k /people/ethnicity/people /m/03cprft 1 1 1 1 1 1
/m/013xrm /people/ethnicity/people /m/036jp8 612 611 0 0 0 0
/m/0x67 /people/ethnicity/people /m/046m59 1 1 1 1 1 1
/m/041rx /people/ethnicity/people /m/01dw9z 2 1 1 1 0 1
/m/0g6ff /people/ethnicity/people /m/0zm1 1 1 1 1 1 1
/m/0xnvg /people/ethnicity/people /m/04ls53 7697 7697 0 0 0 0
/m/033tf_ /people/ethnicity/people /m/02f8lw 1 1 1 1 1 1
/m/0x67 /people/ethnicity/people /m/03b78r 1 1 1 1 1 1
/m/0x67 /people/ethnicity/people /m/0d9xq 1 1 1 1 1 1
/m/02w7gg /people/ethnicity/people /m/0qf43 1 1 1 1 1 1
/m/041rx /people/ethnicity/people /m/045m1_ 1 1 1 1 1 1
/m/0dryh9k /people/ethnicity/people /m/05yvfd 1 1 1 1 1 1
/m/0xnvg /people/ethnicity/people /m/0gn30 1 1 1 1 1 1
/m/033tf_ /people/ethnicity/people /m/06s6hs 1 1 1 1 1 1
/m/033tf_ /people/ethnicity/people /m/019g65 4 3 1 1 0 0
/m/033tf_ /people/ethnicity/people /m/0hnp7 1 1 1 1 1 1
/m/01g7zj /people/ethnicity/people /m/04n2vgk 3 1 1 1 0 1
/m/0x67 /people/ethnicity/people /m/09889g 1 1 1 1 1 1
/m/0x67 /people/ethnicity/people /m/01w724 1 1 1 1 1 1
/m/0d7wh /people/ethnicity/people /m/0140t7 1 1 1 1 1 1
/m/041rx /people/ethnicity/people /m/01cj6y 2 2 1 1 0 0
/m/0222qb /people/ethnicity/people /m/03_fk9 1 1 1 1 1 1
/m/06v41q /people/ethnicity/people /m/029ghl 14869 14867 0 0 0 0
/m/09vc4s /people/ethnicity/people /m/025mb_ 2 1 1 1 0 1
