/m/04sry /people/person/education./education/education/major_field_of_study /m/02vxn 2 1 1 1 0 1
/m/01t6xz /people/person/education./education/education/major_field_of_study /m/03qsdpk 8 1 1 1 0 1
/m/037s5h /people/person/education./education/education/major_field_of_study /m/03g3w 4 1 1 1 0 1
/m/09l3p /people/person/education./education/education/major_field_of_study /m/05qfh 1 1 1 1 1 1
/m/01vwllw /people/person/education./education/education/major_field_of_study /m/02822 8 1 1 1 0 1
/m/01x1cn2 /people/person/education./education/education/major_field_of_study /m/03qsdpk 5 1 1 1 0 1
/m/067sqt /people/person/education./education/education/major_field_of_study /m/03qsdpk 8 1 1 1 0 1
/m/0d0vj4 /people/person/education./education/education/major_field_of_study /m/062z7 6 1 1 1 0 1
/m/02_n5d /people/person/education./education/education/major_field_of_study /m/02822 5 1 1 1 0 1
/m/01xcr4 /people/person/education./education/education/major_field_of_study /m/02h40lc 5 1 1 1 0 1
/m/0bkg4 /people/person/education./education/education/major_field_of_study /m/05qjt 3 1 1 1 0 1
/m/049gc /people/person/education./education/education/major_field_of_study /m/01lj9 11788 11787 0 0 0 0
/m/049_zz /people/person/education./education/education/major_field_of_study /m/029g_vk 1 1 1 1 1 1
/m/01dvtx /people/person/education./education/education/major_field_of_study /m/037mh8 3 2 1 1 0 0
/m/01hbq0 /people/person/education./education/education/major_field_of_study /m/02822 15 1 0 1 0 1
/m/06whf /people/person/education./education/education/major_field_of_study /m/064_8sq 2 1 1 1 0 1
/m/06pwf6 /people/person/education./education/education/major_field_of_study /m/04x_3 1 1 1 1 1 1
/m/04z0g /people/person/education./education/education/major_field_of_study /m/02j62 3 1 1 1 0 1
/m/012gx2 /people/person/education./education/education/major_field_of_study /m/03g3w 2 1 1 1 0 1
/m/0d6d2 /people/person/education./education/education/major_field_of_study /m/0w7c 4 1 1 1 0 1
/m/06pjs /people/person/education./education/education/major_field_of_study /m/07c52 1609 1609 0 0 0 0
/m/01mqh5 /people/person/education./education/education/major_field_of_study /m/05wkw 4373 4372 0 0 0 0
/m/03l3ln /people/person/education./education/education/major_field_of_study /m/06ms6 1 1 1 1 1 1
/m/0d0l91 /people/person/education./education/education/major_field_of_study /m/02jfc 8717 8716 0 0 0 0
/m/03hhd3 /people/person/education./education/education/major_field_of_study /m/03qsdpk 212 203 0 0 0 0
/m/01yk13 /people/person/education./education/education/major_field_of_study /m/03g3w 4 1 1 1 0 1
/m/05ml_s /people/person/education./education/education/major_field_of_study /m/0mg1w 1 1 1 1 1 1
