/m/01tp5bj /people/person/religion /m/0c8wxp 1187 1091 0 0 0 0
/m/01y665 /people/person/religion /m/03_gx 107 80 0 0 0 0
/m/01lbp /people/person/religion /m/01lp8 7199 7181 0 0 0 0
/m/06mn7 /people/person/religion /m/03_gx 61 37 0 0 0 0
/m/0pmhf /people/person/religion /m/01lp8 6787 6765 0 0 0 0
/m/02g0mx /people/person/religion /m/06nzl 7 2 1 1 0 0
/m/0f502 /people/person/religion /m/0c8wxp 54 22 0 0 0 0
/m/087z12 /people/person/religion /m/0flw86 34 31 0 0 0 0
/m/04n7gc6 /people/person/religion /m/0c8wxp 780 699 0 0 0 0
/m/03n6r /people/person/religion /m/02rsw 11430 11422 0 0 0 0
/m/076689 /people/person/religion /m/03_gx 643 612 0 0 0 0
/m/016lh0 /people/person/religion /m/05sfs 31 29 0 0 0 0
/m/012d40 /people/person/religion /m/092bf5 7912 7887 0 0 0 0
/m/04fhn_ /people/person/religion /m/04pk9 2152 2149 0 0 0 0
/m/01pj5q /people/person/religion /m/0c8wxp 144 92 0 0 0 0
/m/03m2fg /people/person/religion /m/03j6c 4 1 1 1 0 1
/m/0cmpn /people/person/religion /m/01spm 1276 1275 0 0 0 0
/m/01_6dw /people/person/religion /m/03_gx 88 62 0 0 0 0
/m/01swck /people/person/religion /m/0c8wxp 438 371 0 0 0 0
/m/03tdlh /people/person/religion /m/092bf5 11462 11429 0 0 0 0
/m/05wdgq /people/person/religion /m/03j6c 6 2 1 1 0 0
/m/02p21g /people/person/religion /m/0c8wxp 932 846 0 0 0 0
/m/0b78hw /people/person/religion /m/0kpl 81 70 0 0 0 0
/m/01dbhb /people/person/religion /m/051kv 12522 12503 0 0 0 0
/m/0432b /people/person/religion /m/0c8wxp 75 37 0 0 0 0
/m/07rzf /people/person/religion /m/051kv 3013 3002 0 0 0 0
/m/01r4zfk /people/person/religion /m/0c8wxp 1130 1034 0 0 0 0
/m/039g82 /people/person/religion /m/0c8wxp 565 493 0 0 0 0
/m/025b3k /people/person/religion /m/0c8wxp 971 880 0 0 0 0
/m/022p06 /people/person/religion /m/03_gx 378 347 0 0 0 0
/m/03g5_y /people/person/religion /m/0c8wxp 124 75 0 0 0 0
/m/01vvpjj /people/person/religion /m/0c8wxp 1112 1016 0 0 0 0
/m/0j_c /people/person/religion /m/0c8wxp 372 308 0 0 0 0
/m/082xp /people/person/religion /m/0n2g 5677 5669 0 0 0 0
/m/040nwr /people/person/religion /m/03j6c 31 17 0 0 0 0
/m/01wd02c /people/person/religion /m/0n2g 37 32 0 0 0 0
/m/041h0 /people/person/religion /m/0c8wxp 854 769 0 0 0 0
/m/03_x5t /people/person/religion /m/0c8wxp 306 245 0 0 0 0
/m/0dzkq /people/person/religion /m/01hng3 10063 10059 0 0 0 0
/m/04kj2v /people/person/religion /m/03_gx 94 68 0 0 0 0
/m/0194xc /people/person/religion /m/0c8wxp 46 21 0 0 0 0
/m/05sq84 /people/person/religion /m/0c8wxp 542 471 0 0 0 0
/m/05wjnt /people/person/religion /m/0kq2 69 67 0 0 0 0
/m/0127xk /people/person/religion /m/0c8wxp 616 542 0 0 0 0
/m/02g8h /people/person/religion /m/0c8wxp 91 50 0 0 0 0
/m/01kwld /people/person/religion /m/0c8wxp 764 684 0 0 0 0
/m/04sry /people/person/religion /m/0kq2 58 56 0 0 0 0
/m/04fzk /people/person/religion /m/04pk9 8026 8015 0 0 0 0
/m/041b4j /people/person/religion /m/03_gx 89 63 0 0 0 0
/m/018z_c /people/person/religion /m/03_gx 87 61 0 0 0 0
/m/02qhm3 /people/person/religion /m/0c8wxp 85 47 0 0 0 0
/m/06449 /people/person/religion /m/092bf5 11611 11581 0 0 0 0
/m/01ggbx /people/person/religion /m/03j6c 61 43 0 0 0 0
/m/01fx2g /people/person/religion /m/01lp8 5002 4984 0 0 0 0
/m/02v2jy /people/person/religion /m/0c8wxp 74 36 0 0 0 0
/m/070c93 /people/person/religion /m/01spm 2149 2148 0 0 0 0
/m/04093 /people/person/religion /m/0c8wxp 856 771 0 0 0 0
/m/08959 /people/person/religion /m/02rsw 2105 2103 0 0 0 0
/m/06kb_ /people/person/religion /m/0n2g 8 5 1 1 0 0
/m/0gr36 /people/person/religion /m/0c8wxp 269 209 0 0 0 0
/m/0cg9f /people/person/religion /m/0631_ 2419 2417 0 0 0 0
/m/08849 /people/person/religion /m/078tg 3402 3402 0 0 0 0
/m/01n4f8 /people/person/religion /m/0kq2 10270 10250 0 0 0 0
/m/02cllz /people/person/religion /m/0c8wxp 360 296 0 0 0 0
/m/0sz28 /people/person/religion /m/0kq2 7157 7144 0 0 0 0
/m/012_53 /people/person/religion /m/0c8wxp 1063 969 0 0 0 0
/m/021yw7 /people/person/religion /m/0kpl 247 230 0 0 0 0
/m/04s9n /people/person/religion /m/0flw86 20 18 0 0 0 0
/m/0gdh5 /people/person/religion /m/092bf5 944 936 0 0 0 0
/m/0b0pf /people/person/religion /m/03_gx 347 316 0 0 0 0
/m/0157m /people/person/religion /m/01lp8 69 66 0 0 0 0
/m/01wp8w7 /people/person/religion /m/0n2g 1808 1802 0 0 0 0
/m/03j0d /people/person/religion /m/0kq2 36 34 0 0 0 0
/m/01trhmt /people/person/religion /m/06nzl 8159 8146 0 0 0 0
/m/0b_fw /people/person/religion /m/0c8wxp 342 279 0 0 0 0
/m/01t94_1 /people/person/religion /m/03_gx 80 54 0 0 0 0
/m/0226cw /people/person/religion /m/0c8wxp 1297 1201 0 0 0 0
/m/02sdx /people/person/religion /m/0c8wxp 1299 1203 0 0 0 0
/m/09qh1 /people/person/religion /m/0n2g 4053 4045 0 0 0 0
/m/03_js /people/person/religion /m/07x21 2 1 1 1 0 1
/m/02ply6j /people/person/religion /m/03j6c 60 42 0 0 0 0
/m/04r7p /people/person/religion /m/01lp8 30 28 0 0 0 0
/m/09hnb /people/person/religion /m/092bf5 55 49 0 0 0 0
/m/01t2h2 /people/person/religion /m/092bf5 8201 8179 0 0 0 0
/m/0lccn /people/person/religion /m/03_gx 87 61 0 0 0 0
/m/0dn3n /people/person/religion /m/0c8wxp 454 386 0 0 0 0
/m/0pqzh /people/person/religion /m/07w8f 5511 5508 0 0 0 0
/m/01gbb4 /people/person/religion /m/03_gx 90 64 0 0 0 0
/m/0jrny /people/person/religion /m/07w8f 10947 10943 0 0 0 0
/m/0sw62 /people/person/religion /m/06nzl 12422 12407 0 0 0 0
/m/02t_99 /people/person/religion /m/0c8wxp 70 32 0 0 0 0
/m/0q9zc /people/person/religion /m/03_gx 98 71 0 0 0 0
/m/01f6zc /people/person/religion /m/01lp8 137 132 0 0 0 0
/m/01vswwx /people/person/religion /m/0c8wxp 1195 1099 0 0 0 0
/m/012x2b /people/person/religion /m/0kpl 256 239 0 0 0 0
/m/084z0w /people/person/religion /m/03j6c 36 21 0 0 0 0
/m/0d3f83 /people/person/religion /m/0flw86 13473 13456 0 0 0 0
/m/01nfys /people/person/religion /m/0c8wxp 762 682 0 0 0 0
/m/01wv9p /people/person/religion /m/0c8wxp 574 500 0 0 0 0
/m/03l3ln /people/person/religion /m/03j6c 9095 9069 0 0 0 0
/m/03x31g /people/person/religion /m/0flw86 34 31 0 0 0 0
/m/01j5ws /people/person/religion /m/0c8wxp 76 38 0 0 0 0
/m/01sbhvd /people/person/religion /m/03_gx 84 58 0 0 0 0
/m/0h0jz /people/person/religion /m/0c8wxp 216 158 0 0 0 0
/m/026dx /people/person/religion /m/0631_ 8743 8730 0 0 0 0
/m/06y7d /people/person/religion /m/0kpl 35 30 0 0 0 0
/m/03f02ct /people/person/religion /m/03j6c 3 1 1 1 0 1
/m/0bt7ws /people/person/religion /m/0631_ 10148 10137 0 0 0 0
/m/0bymv /people/person/religion /m/02rsw 7140 7133 0 0 0 0
/m/04z0g /people/person/religion /m/0kq2 44 42 0 0 0 0
/m/0chw_ /people/person/religion /m/0kpl 426 408 0 0 0 0
/m/02zjd /people/person/religion /m/0c8wxp 649 573 0 0 0 0
/m/05hj_k /people/person/religion /m/03_gx 379 348 0 0 0 0
/m/01csvq /people/person/religion /m/0kpl 61 51 0 0 0 0
/m/015njf /people/person/religion /m/0c8wxp 783 701 0 0 0 0
/m/09fb5 /people/person/religion /m/0c8wxp 136 86 0 0 0 0
/m/011vx3 /people/person/religion /m/07w8f 6649 6645 0 0 0 0
/m/0l6wj /people/person/religion /m/0c8wxp 790 708 0 0 0 0
/m/0d0vj4 /people/person/religion /m/07y1z 4059 4058 0 0 0 0
/m/02rsz0 /people/person/religion /m/0kpl 86 75 0 0 0 0
/m/025vry /people/person/religion /m/03_gx 93 67 0 0 0 0
/m/0427y /people/person/religion /m/03_gx 59 36 0 0 0 0
/m/0c12h /people/person/religion /m/0kpl 318 300 0 0 0 0
/m/03f5vvx /people/person/religion /m/051kv 5323 5312 0 0 0 0
/m/05vk_d /people/person/religion /m/0c8wxp 80 42 0 0 0 0
/m/02b29 /people/person/religion /m/03_gx 80 54 0 0 0 0
/m/056wb /people/person/religion /m/0kpl 53 43 0 0 0 0
