/m/07nv3_ /soccer/football_player/current_team./sports/sports_team_roster/team /m/0cnk2q 1 1 1 1 1 1
/m/054kmq /soccer/football_player/current_team./sports/sports_team_roster/team /m/0xbm 3 1 1 1 0 1
/m/04bsx1 /soccer/football_player/current_team./sports/sports_team_roster/team /m/02b190 4 1 1 1 0 1
/m/0bw7ly /soccer/football_player/current_team./sports/sports_team_roster/team /m/02b1ng 1 1 1 1 1 1
/m/07m69t /soccer/football_player/current_team./sports/sports_team_roster/team /m/01cwm1 6 1 1 1 0 1
/m/02zbjwr /soccer/football_player/current_team./sports/sports_team_roster/team /m/0420td 1 1 1 1 1 1
/m/09ntbc /soccer/football_player/current_team./sports/sports_team_roster/team /m/02b19f 2 1 1 1 0 1
/m/08b0cj /soccer/football_player/current_team./sports/sports_team_roster/team /m/04b4yg 2 1 1 1 0 1
/m/0b7l1f /soccer/football_player/current_team./sports/sports_team_roster/team /m/01bdxz 3 1 1 1 0 1
/m/02rnns /soccer/football_player/current_team./sports/sports_team_roster/team /m/04ltf 4 1 1 1 0 1
/m/080dyk /soccer/football_player/current_team./sports/sports_team_roster/team /m/0dwz3t 2 1 1 1 0 1
/m/05_6_y /soccer/football_player/current_team./sports/sports_team_roster/team /m/01zhs3 6 1 1 1 0 1
/m/0hhqw /soccer/football_player/current_team./sports/sports_team_roster/team /m/019lvv 1 1 1 1 1 1
/m/02y9ln /soccer/football_player/current_team./sports/sports_team_roster/team /m/057n_g 1 1 1 1 1 1
/m/0784v1 /soccer/football_player/current_team./sports/sports_team_roster/team /m/04gkp3 3 1 1 1 0 1
/m/0879xc /soccer/football_player/current_team./sports/sports_team_roster/team /m/0cnk2q 2 1 1 1 0 1
/m/02zbjwr /soccer/football_player/current_team./sports/sports_team_roster/team /m/03zrhb 4 1 1 1 0 1
/m/0b7l1f /soccer/football_player/current_team./sports/sports_team_roster/team /m/01_8n9 5 1 1 1 0 1
/m/0dhrqx /soccer/football_player/current_team./sports/sports_team_roster/team /m/04jbyg 2 1 1 1 0 1
/m/0djvzd /soccer/football_player/current_team./sports/sports_team_roster/team /m/0212mp 3 1 1 1 0 1
/m/05_6_y /soccer/football_player/current_team./sports/sports_team_roster/team /m/01cwq9 2 1 1 1 0 1
/m/07h1h5 /soccer/football_player/current_team./sports/sports_team_roster/team /m/02b13y 2 1 1 1 0 1
/m/06sy4c /soccer/football_player/current_team./sports/sports_team_roster/team /m/0j2jr 3 1 1 1 0 1
/m/0fw2d3 /soccer/football_player/current_team./sports/sports_team_roster/team /m/0bl8l 2 1 1 1 0 1
/m/06sy4c /soccer/football_player/current_team./sports/sports_team_roster/team /m/01dtl 4 1 1 1 0 1
/m/0g7vxv /soccer/football_player/current_team./sports/sports_team_roster/team /m/02b16p 2 1 1 1 0 1
/m/0fv6dr /soccer/football_player/current_team./sports/sports_team_roster/team /m/02b2np 4 1 1 1 0 1
/m/07m69t /soccer/football_player/current_team./sports/sports_team_roster/team /m/085v7 7 1 1 1 0 1
/m/07m69t /soccer/football_player/current_team./sports/sports_team_roster/team /m/02s2ys 4 1 1 1 0 1
/m/0487c3 /soccer/football_player/current_team./sports/sports_team_roster/team /m/046f25 3 1 1 1 0 1
/m/0841zn /soccer/football_player/current_team./sports/sports_team_roster/team /m/01hwgt 1 1 1 1 1 1
/m/0djvzd /soccer/football_player/current_team./sports/sports_team_roster/team /m/0j13b 1 1 1 1 1 1
/m/0d3mlc /soccer/football_player/current_team./sports/sports_team_roster/team /m/01l0__ 1 1 1 1 1 1
/m/0fp_xp /soccer/football_player/current_team./sports/sports_team_roster/team /m/02b10g 1 1 1 1 1 1
/m/04bsx1 /soccer/football_player/current_team./sports/sports_team_roster/team /m/0bl8l 4 1 1 1 0 1
/m/09lhln /soccer/football_player/current_team./sports/sports_team_roster/team /m/02b18l 2 1 1 1 0 1
/m/0djvzd /soccer/football_player/current_team./sports/sports_team_roster/team /m/01rlz4 3 1 1 1 0 1
/m/02d9k /soccer/football_player/current_team./sports/sports_team_roster/team /m/01_1kk 2 1 1 1 0 1
/m/0czmk1 /soccer/football_player/current_team./sports/sports_team_roster/team /m/023fb 4 1 1 1 0 1
/m/0fw2d3 /soccer/football_player/current_team./sports/sports_team_roster/team /m/05169r 1 1 1 1 1 1
/m/02y0dd /soccer/football_player/current_team./sports/sports_team_roster/team /m/0j46b 2 1 1 1 0 1
/m/02rnns /soccer/football_player/current_team./sports/sports_team_roster/team /m/0284gc 5 1 1 1 0 1
/m/0d9v9q /soccer/football_player/current_team./sports/sports_team_roster/team /m/02b185 2 1 1 1 0 1
/m/09m465 /soccer/football_player/current_team./sports/sports_team_roster/team /m/01kwhf 4 1 1 1 0 1
/m/0d9v9q /soccer/football_player/current_team./sports/sports_team_roster/team /m/02b15h 2 1 1 1 0 1
/m/080dyk /soccer/football_player/current_team./sports/sports_team_roster/team /m/01wx_y 3 1 1 1 0 1
/m/05c4fys /soccer/football_player/current_team./sports/sports_team_roster/team /m/02b1mr 1 1 1 1 1 1
/m/0czmk1 /soccer/football_player/current_team./sports/sports_team_roster/team /m/01x4wq 7 1 1 1 0 1
/m/0f1pyf /soccer/football_player/current_team./sports/sports_team_roster/team /m/02b2np 5 1 1 1 0 1
/m/0fp_xp /soccer/football_player/current_team./sports/sports_team_roster/team /m/02gjt4 2 1 1 1 0 1
/m/0djvzd /soccer/football_player/current_team./sports/sports_team_roster/team /m/02279c 3 1 1 1 0 1
/m/05_6_y /soccer/football_player/current_team./sports/sports_team_roster/team /m/027ffq 5 1 1 1 0 1
/m/07h1h5 /soccer/football_player/current_team./sports/sports_team_roster/team /m/029q3k 5 1 1 1 0 1
/m/0dv1hh /soccer/football_player/current_team./sports/sports_team_roster/team /m/02b2np 2 1 1 1 0 1
/m/08jbxf /soccer/football_player/current_team./sports/sports_team_roster/team /m/0cnk2q 6 1 1 1 0 1
/m/0bn9sc /soccer/football_player/current_team./sports/sports_team_roster/team /m/01rl_3 1 1 1 1 1 1
/m/0czmk1 /soccer/football_player/current_team./sports/sports_team_roster/team /m/027pwl 4 1 1 1 0 1
/m/03jg5t /soccer/football_player/current_team./sports/sports_team_roster/team /m/02b0y3 2 1 1 1 0 1
