/m/01cwm1 /soccer/football_team/current_roster./sports/sports_team_roster/position /m/02sdk9v 129 2 0 1 0 0
/m/02b0y3 /soccer/football_team/current_roster./sports/sports_team_roster/position /m/0dgrmp 146 3 0 1 0 0
/m/02_lt /soccer/football_team/current_roster./sports/sports_team_roster/position /m/02_j1w 80 1 0 1 0 1
/m/0j47s /soccer/football_team/current_roster./sports/sports_team_roster/position /m/02nzb8 170 1 0 1 0 1
/m/01njml /soccer/football_team/current_roster./sports/sports_team_roster/position /m/02nzb8 127 1 0 1 0 1
/m/05d8_h /soccer/football_team/current_roster./sports/sports_team_roster/position /m/02nzb8 181 1 0 1 0 1
/m/019m5j /soccer/football_team/current_roster./sports/sports_team_roster/position /m/02sdk9v 212 2 0 1 0 0
/m/0425j7 /soccer/football_team/current_roster./sports/sports_team_roster/position /m/02sdk9v 137 2 0 1 0 0
/m/07c2wt /soccer/football_team/current_roster./sports/sports_team_roster/position /m/0dgrmp 103 1 0 1 0 1
/m/01rly6 /soccer/football_team/current_roster./sports/sports_team_roster/position /m/02nzb8 3 1 1 1 0 1
/m/0425_d /soccer/football_team/current_roster./sports/sports_team_roster/position /m/0dgrmp 105 1 0 1 0 1
/m/0d0bsj /soccer/football_team/current_roster./sports/sports_team_roster/position /m/02sdk9v 187 2 0 1 0 0
/m/033g0y /soccer/football_team/current_roster./sports/sports_team_roster/position /m/02sdk9v 65 1 0 1 0 1
/m/0c02jh8 /soccer/football_team/current_roster./sports/sports_team_roster/position /m/02nzb8 127 1 0 1 0 1
/m/01gjlw /soccer/football_team/current_roster./sports/sports_team_roster/position /m/02nzb8 129 1 0 1 0 1
/m/044lbv /soccer/football_team/current_roster./sports/sports_team_roster/position /m/0dgrmp 106 1 0 1 0 1
/m/08658y /soccer/football_team/current_roster./sports/sports_team_roster/position /m/0dgrmp 63 1 0 1 0 1
/m/015f47 /soccer/football_team/current_roster./sports/sports_team_roster/position /m/02nzb8 126 1 0 1 0 1
/m/051hhz /soccer/football_team/current_roster./sports/sports_team_roster/position /m/0dgrmp 146 3 0 1 0 0
/m/06l7jj /soccer/football_team/current_roster./sports/sports_team_roster/position /m/02_j1w 86 1 0 1 0 1
/m/06h4y9 /soccer/football_team/current_roster./sports/sports_team_roster/position /m/02nzb8 206 9 0 1 0 0
/m/03fd8x /soccer/football_team/current_roster./sports/sports_team_roster/position /m/02_j1w 90 1 0 1 0 1
/m/02b1hb /soccer/football_team/current_roster./sports/sports_team_roster/position /m/02_j1w 92 1 0 1 0 1
/m/019m9h /soccer/football_team/current_roster./sports/sports_team_roster/position /m/02_j1w 64 1 0 1 0 1
/m/06xl8z /soccer/football_team/current_roster./sports/sports_team_roster/position /m/0dgrmp 70 1 0 1 0 1
/m/07sqnh /soccer/football_team/current_roster./sports/sports_team_roster/position /m/02_j1w 89 1 0 1 0 1
/m/01cwm1 /soccer/football_team/current_roster./sports/sports_team_roster/position /m/02nzb8 155 1 0 1 0 1
/m/0hvjr /soccer/football_team/current_roster./sports/sports_team_roster/position /m/02nzb8 87 1 0 1 0 1
/m/027024 /soccer/football_team/current_roster./sports/sports_team_roster/position /m/02_j1w 89 1 0 1 0 1
/m/0dsfnd /soccer/football_team/current_roster./sports/sports_team_roster/position /m/02_j1w 94 1 0 1 0 1
/m/01kkk4 /soccer/football_team/current_roster./sports/sports_team_roster/position /m/02_j1w 84 1 0 1 0 1
/m/03z1c5 /soccer/football_team/current_roster./sports/sports_team_roster/position /m/02sdk9v 61 1 0 1 0 1
/m/073hhn /soccer/football_team/current_roster./sports/sports_team_roster/position /m/02nzb8 134 1 0 1 0 1
/m/0byq6h /soccer/football_team/current_roster./sports/sports_team_roster/position /m/02_j1w 81 1 0 1 0 1
/m/05ls3r /soccer/football_team/current_roster./sports/sports_team_roster/position /m/02sdk9v 124 1 0 1 0 1
/m/046n4q /soccer/football_team/current_roster./sports/sports_team_roster/position /m/02sdk9v 179 2 0 1 0 0
/m/07vk9f /soccer/football_team/current_roster./sports/sports_team_roster/position /m/02nzb8 132 1 0 1 0 1
/m/01x4wq /soccer/football_team/current_roster./sports/sports_team_roster/position /m/0dgrmp 92 1 0 1 0 1
/m/06yszk /soccer/football_team/current_roster./sports/sports_team_roster/position /m/02nzb8 128 1 0 1 0 1
/m/02_t6d /soccer/football_team/current_roster./sports/sports_team_roster/position /m/0dgrmp 68 1 0 1 0 1
/m/019m5j /soccer/football_team/current_roster./sports/sports_team_roster/position /m/0dgrmp 66 1 0 1 0 1
/m/09c8bc /soccer/football_team/current_roster./sports/sports_team_roster/position /m/02_j1w 97 1 0 1 0 1
/m/046fz5 /soccer/football_team/current_roster./sports/sports_team_roster/position /m/0dgrmp 70 1 0 1 0 1
/m/02qhlm /soccer/football_team/current_roster./sports/sports_team_roster/position /m/02nzb8 29 1 0 1 0 1
/m/01gxqf /soccer/football_team/current_roster./sports/sports_team_roster/position /m/02nzb8 129 1 0 1 0 1
/m/011v3 /soccer/football_team/current_roster./sports/sports_team_roster/position /m/02_j1w 58 1 0 1 0 1
/m/04mp75 /soccer/football_team/current_roster./sports/sports_team_roster/position /m/02_j1w 84 1 0 1 0 1
/m/03fhjz /soccer/football_team/current_roster./sports/sports_team_roster/position /m/0dgrmp 143 3 0 1 0 0
/m/09stq9 /soccer/football_team/current_roster./sports/sports_team_roster/position /m/02nzb8 82 1 0 1 0 1
/m/03_9x6 /soccer/football_team/current_roster./sports/sports_team_roster/position /m/02nzb8 126 1 0 1 0 1
/m/09tc_y /soccer/football_team/current_roster./sports/sports_team_roster/position /m/02_j1w 92 1 0 1 0 1
/m/04gj8r /soccer/football_team/current_roster./sports/sports_team_roster/position /m/02_j1w 86 1 0 1 0 1
/m/03yl2t /soccer/football_team/current_roster./sports/sports_team_roster/position /m/0dgrmp 18 1 0 1 0 1
/m/0k_l4 /soccer/football_team/current_roster./sports/sports_team_roster/position /m/02sdk9v 16 1 0 1 0 1
/m/02b1hb /soccer/football_team/current_roster./sports/sports_team_roster/position /m/02nzb8 136 1 0 1 0 1
/m/01l0__ /soccer/football_team/current_roster./sports/sports_team_roster/position /m/02nzb8 127 1 0 1 0 1
/m/03xzxb /soccer/football_team/current_roster./sports/sports_team_roster/position /m/02_j1w 88 1 0 1 0 1
/m/03zrhb /soccer/football_team/current_roster./sports/sports_team_roster/position /m/0dgrmp 3 1 1 1 0 1
/m/0425yz /soccer/football_team/current_roster./sports/sports_team_roster/position /m/02nzb8 174 1 0 1 0 1
/m/04d817 /soccer/football_team/current_roster./sports/sports_team_roster/position /m/02_j1w 122 1 0 1 0 1
/m/02psgvg /soccer/football_team/current_roster./sports/sports_team_roster/position /m/02sdk9v 184 2 0 1 0 0
/m/01xbp7 /soccer/football_team/current_roster./sports/sports_team_roster/position /m/02nzb8 172 1 0 1 0 1
/m/0f5kw7 /soccer/football_team/current_roster./sports/sports_team_roster/position /m/02_j1w 98 1 0 1 0 1
/m/05kjc6 /soccer/football_team/current_roster./sports/sports_team_roster/position /m/02_j1w 85 1 0 1 0 1
/m/0ghd6l /soccer/football_team/current_roster./sports/sports_team_roster/position /m/02nzb8 136 1 0 1 0 1
/m/03yfh3 /soccer/football_team/current_roster./sports/sports_team_roster/position /m/0dgrmp 57 1 0 1 0 1
/m/09cl0w /soccer/football_team/current_roster./sports/sports_team_roster/position /m/02sdk9v 113 1 0 1 0 1
/m/088_kf /soccer/football_team/current_roster./sports/sports_team_roster/position /m/02_j1w 96 1 0 1 0 1
/m/088lls /soccer/football_team/current_roster./sports/sports_team_roster/position /m/02_j1w 87 1 0 1 0 1
/m/01_gv /soccer/football_team/current_roster./sports/sports_team_roster/position /m/02nzb8 124 1 0 1 0 1
/m/01dtl /soccer/football_team/current_roster./sports/sports_team_roster/position /m/0dgrmp 123 3 0 1 0 0
/m/033nzk /soccer/football_team/current_roster./sports/sports_team_roster/position /m/02nzb8 125 1 0 1 0 1
/m/06vlk0 /soccer/football_team/current_roster./sports/sports_team_roster/position /m/0dgrmp 105 1 0 1 0 1
/m/06c7mk /soccer/football_team/current_roster./sports/sports_team_roster/position /m/02nzb8 132 1 0 1 0 1
/m/02rxrh /soccer/football_team/current_roster./sports/sports_team_roster/position /m/0dgrmp 74 1 0 1 0 1
/m/049n3s /soccer/football_team/current_roster./sports/sports_team_roster/position /m/0dgrmp 147 3 0 1 0 0
/m/0gxkm /soccer/football_team/current_roster./sports/sports_team_roster/position /m/02_j1w 86 1 0 1 0 1
/m/03j6_5 /soccer/football_team/current_roster./sports/sports_team_roster/position /m/03f0fp 12 9 0 1 0 0
/m/02b1mc /soccer/football_team/current_roster./sports/sports_team_roster/position /m/02_j1w 60 1 0 1 0 1
/m/045xx /soccer/football_team/current_roster./sports/sports_team_roster/position /m/02_j1w 115 1 0 1 0 1
/m/0ghd6l /soccer/football_team/current_roster./sports/sports_team_roster/position /m/02sdk9v 218 2 0 1 0 0
/m/01hznh /soccer/football_team/current_roster./sports/sports_team_roster/position /m/02nzb8 208 9 0 1 0 0
/m/017znw /soccer/football_team/current_roster./sports/sports_team_roster/position /m/0dgrmp 68 1 0 1 0 1
/m/02vr30 /soccer/football_team/current_roster./sports/sports_team_roster/position /m/0dgrmp 68 1 0 1 0 1
/m/0g7s1n /soccer/football_team/current_roster./sports/sports_team_roster/position /m/02sdk9v 232 2 0 1 0 0
/m/0404yzp /soccer/football_team/current_roster./sports/sports_team_roster/position /m/02sdk9v 186 2 0 1 0 0
/m/024_ql /soccer/football_team/current_roster./sports/sports_team_roster/position /m/0dgrmp 66 1 0 1 0 1
/m/049bmk /soccer/football_team/current_roster./sports/sports_team_roster/position /m/02nzb8 197 9 0 1 0 0
/m/0hvgt /soccer/football_team/current_roster./sports/sports_team_roster/position /m/02nzb8 115 1 0 1 0 1
/m/0hvgt /soccer/football_team/current_roster./sports/sports_team_roster/position /m/0dgrmp 65 1 0 1 0 1
/m/0371rb /soccer/football_team/current_roster./sports/sports_team_roster/position /m/02_j1w 79 1 0 1 0 1
/m/04h5tx /soccer/football_team/current_roster./sports/sports_team_roster/position /m/02_j1w 83 1 0 1 0 1
/m/01l3vx /soccer/football_team/current_roster./sports/sports_team_roster/position /m/0dgrmp 10 1 1 1 0 1
/m/01xn6mc /soccer/football_team/current_roster./sports/sports_team_roster/position /m/02nzb8 123 1 0 1 0 1
/m/0gd70t /soccer/football_team/current_roster./sports/sports_team_roster/position /m/02nzb8 132 1 0 1 0 1
/m/049msk /soccer/football_team/current_roster./sports/sports_team_roster/position /m/02_j1w 84 1 0 1 0 1
/m/029q3k /soccer/football_team/current_roster./sports/sports_team_roster/position /m/02sdk9v 130 2 0 1 0 0
/m/0fvly /soccer/football_team/current_roster./sports/sports_team_roster/position /m/0dgrmp 102 1 0 1 0 1
/m/02b19t /soccer/football_team/current_roster./sports/sports_team_roster/position /m/0dgrmp 118 1 0 1 0 1
/m/04jbyg /soccer/football_team/current_roster./sports/sports_team_roster/position /m/02_j1w 92 1 0 1 0 1
/m/01r5xw /soccer/football_team/current_roster./sports/sports_team_roster/position /m/02_j1w 78 1 0 1 0 1
/m/0f1k__ /soccer/football_team/current_roster./sports/sports_team_roster/position /m/02_j1w 95 1 0 1 0 1
/m/027ffq /soccer/football_team/current_roster./sports/sports_team_roster/position /m/02_j1w 67 1 0 1 0 1
/m/08k05y /soccer/football_team/current_roster./sports/sports_team_roster/position /m/02sdk9v 183 2 0 1 0 0
/m/04x8cp /soccer/football_team/current_roster./sports/sports_team_roster/position /m/02sdk9v 181 2 0 1 0 0
/m/0212mp /soccer/football_team/current_roster./sports/sports_team_roster/position /m/02_j1w 27 1 0 1 0 1
/m/05kjc6 /soccer/football_team/current_roster./sports/sports_team_roster/position /m/0dgrmp 137 3 0 1 0 0
/m/0196bp /soccer/football_team/current_roster./sports/sports_team_roster/position /m/02sdk9v 72 1 0 1 0 1
/m/02b1ng /soccer/football_team/current_roster./sports/sports_team_roster/position /m/02sdk9v 82 1 0 1 0 1
/m/01453 /soccer/football_team/current_roster./sports/sports_team_roster/position /m/02nzb8 71 1 0 1 0 1
/m/04b8pv /soccer/football_team/current_roster./sports/sports_team_roster/position /m/02nzb8 95 1 0 1 0 1
/m/01xmxj /soccer/football_team/current_roster./sports/sports_team_roster/position /m/02sdk9v 128 2 0 1 0 0
/m/03b6j8 /soccer/football_team/current_roster./sports/sports_team_roster/position /m/02nzb8 54 1 0 1 0 1
/m/02w64f /soccer/football_team/current_roster./sports/sports_team_roster/position /m/02nzb8 49 1 0 1 0 1
/m/07r78j /soccer/football_team/current_roster./sports/sports_team_roster/position /m/02nzb8 65 1 0 1 0 1
/m/03mp1_ /soccer/football_team/current_roster./sports/sports_team_roster/position /m/0dgrmp 71 1 0 1 0 1
/m/07vk9f /soccer/football_team/current_roster./sports/sports_team_roster/position /m/02sdk9v 187 2 0 1 0 0
/m/04k3jt /soccer/football_team/current_roster./sports/sports_team_roster/position /m/0dgrmp 103 1 0 1 0 1
/m/03ylxn /soccer/football_team/current_roster./sports/sports_team_roster/position /m/02sdk9v 46 1 0 1 0 1
/m/042l8n /soccer/football_team/current_roster./sports/sports_team_roster/position /m/0dgrmp 70 1 0 1 0 1
/m/049n2l /soccer/football_team/current_roster./sports/sports_team_roster/position /m/02sdk9v 110 1 0 1 0 1
/m/0bqr7_ /soccer/football_team/current_roster./sports/sports_team_roster/position /m/02_j1w 126 1 0 1 0 1
/m/0425yz /soccer/football_team/current_roster./sports/sports_team_roster/position /m/0dgrmp 139 3 0 1 0 0
/m/035qlx /soccer/football_team/current_roster./sports/sports_team_roster/position /m/0dgrmp 64 1 0 1 0 1
/m/04d817 /soccer/football_team/current_roster./sports/sports_team_roster/position /m/0dgrmp 69 1 0 1 0 1
/m/04112r /soccer/football_team/current_roster./sports/sports_team_roster/position /m/02_j1w 78 1 0 1 0 1
/m/03fnmd /soccer/football_team/current_roster./sports/sports_team_roster/position /m/02sdk9v 219 2 0 1 0 0
/m/01xbp7 /soccer/football_team/current_roster./sports/sports_team_roster/position /m/02sdk9v 180 2 0 1 0 0
/m/03ytj1 /soccer/football_team/current_roster./sports/sports_team_roster/position /m/02_j1w 46 1 0 1 0 1
/m/05zj6x /soccer/football_team/current_roster./sports/sports_team_roster/position /m/02nzb8 98 1 0 1 0 1
/m/048xg8 /soccer/football_team/current_roster./sports/sports_team_roster/position /m/02_j1w 119 1 0 1 0 1
/m/0g701n /soccer/football_team/current_roster./sports/sports_team_roster/position /m/02nzb8 219 10 0 1 0 0
/m/01kc4s /soccer/football_team/current_roster./sports/sports_team_roster/position /m/02sdk9v 155 2 0 1 0 0
/m/09t9m2 /soccer/football_team/current_roster./sports/sports_team_roster/position /m/02_j1w 99 1 0 1 0 1
/m/04_cdd /soccer/football_team/current_roster./sports/sports_team_roster/position /m/02sdk9v 220 2 0 1 0 0
/m/087_xx /soccer/football_team/current_roster./sports/sports_team_roster/position /m/02sdk9v 181 2 0 1 0 0
/m/0515zg /soccer/football_team/current_roster./sports/sports_team_roster/position /m/0dgrmp 72 1 0 1 0 1
/m/03d8m4 /soccer/football_team/current_roster./sports/sports_team_roster/position /m/02nzb8 39 1 0 1 0 1
/m/0k_l4 /soccer/football_team/current_roster./sports/sports_team_roster/position /m/02_j1w 34 1 0 1 0 1
/m/01rl_3 /soccer/football_team/current_roster./sports/sports_team_roster/position /m/0dgrmp 26 1 0 1 0 1
/m/05hyzx /soccer/football_team/current_roster./sports/sports_team_roster/position /m/0dgrmp 66 1 0 1 0 1
/m/03x6rj /soccer/football_team/current_roster./sports/sports_team_roster/position /m/02_j1w 124 1 0 1 0 1
/m/03dj6y /soccer/football_team/current_roster./sports/sports_team_roster/position /m/02sdk9v 112 1 0 1 0 1
/m/0122wc /soccer/football_team/current_roster./sports/sports_team_roster/position /m/0dgrmp 94 1 0 1 0 1
/m/09yg6l /soccer/football_team/current_roster./sports/sports_team_roster/position /m/02sdk9v 186 2 0 1 0 0
/m/025czw /soccer/football_team/current_roster./sports/sports_team_roster/position /m/02_j1w 86 1 0 1 0 1
/m/01j_jh /soccer/football_team/current_roster./sports/sports_team_roster/position /m/02sdk9v 141 2 0 1 0 0
/m/04112r /soccer/football_team/current_roster./sports/sports_team_roster/position /m/02nzb8 121 1 0 1 0 1
/m/03c0t9 /soccer/football_team/current_roster./sports/sports_team_roster/position /m/02nzb8 172 1 0 1 0 1
/m/0bzh04 /soccer/football_team/current_roster./sports/sports_team_roster/position /m/02sdk9v 213 2 0 1 0 0
/m/02qhlm /soccer/football_team/current_roster./sports/sports_team_roster/position /m/0dgrmp 72 1 0 1 0 1
/m/0fzs6w /soccer/football_team/current_roster./sports/sports_team_roster/position /m/02sdk9v 187 2 0 1 0 0
/m/02s2ys /soccer/football_team/current_roster./sports/sports_team_roster/position /m/02nzb8 56 1 0 1 0 1
/m/01b8d6 /soccer/football_team/current_roster./sports/sports_team_roster/position /m/02sdk9v 185 2 0 1 0 0
/m/0cttx /soccer/football_team/current_roster./sports/sports_team_roster/position /m/02sdk9v 171 2 0 1 0 0
/m/03ytp3 /soccer/football_team/current_roster./sports/sports_team_roster/position /m/0dgrmp 64 1 0 1 0 1
/m/02b0_m /soccer/football_team/current_roster./sports/sports_team_roster/position /m/0dgrmp 67 1 0 1 0 1
/m/031zm1 /soccer/football_team/current_roster./sports/sports_team_roster/position /m/02_j1w 88 1 0 1 0 1
/m/031zm1 /soccer/football_team/current_roster./sports/sports_team_roster/position /m/0dgrmp 144 3 0 1 0 0
/m/01z1r /soccer/football_team/current_roster./sports/sports_team_roster/position /m/02_j1w 29 1 0 1 0 1
/m/03j0ss /soccer/football_team/current_roster./sports/sports_team_roster/position /m/02_j1w 76 1 0 1 0 1
/m/032c08 /soccer/football_team/current_roster./sports/sports_team_roster/position /m/02nzb8 125 1 0 1 0 1
/m/02b171 /soccer/football_team/current_roster./sports/sports_team_roster/position /m/02_j1w 86 1 0 1 0 1
/m/046fz5 /soccer/football_team/current_roster./sports/sports_team_roster/position /m/02sdk9v 81 1 0 1 0 1
/m/033nzk /soccer/football_team/current_roster./sports/sports_team_roster/position /m/0dgrmp 11 1 0 1 0 1
/m/019ltg /soccer/football_team/current_roster./sports/sports_team_roster/position /m/0dgrmp 66 1 0 1 0 1
/m/08vk_r /soccer/football_team/current_roster./sports/sports_team_roster/position /m/02nzb8 158 1 0 1 0 1
/m/0dsfnd /soccer/football_team/current_roster./sports/sports_team_roster/position /m/02nzb8 135 1 0 1 0 1
/m/088_kf /soccer/football_team/current_roster./sports/sports_team_roster/position /m/02sdk9v 157 2 0 1 0 0
/m/0ctwqs /soccer/football_team/current_roster./sports/sports_team_roster/position /m/02_j1w 66 1 0 1 0 1
/m/044l47 /soccer/football_team/current_roster./sports/sports_team_roster/position /m/02_j1w 85 1 0 1 0 1
/m/02pp1 /soccer/football_team/current_roster./sports/sports_team_roster/position /m/02_j1w 20 1 0 1 0 1
/m/0266shh /soccer/football_team/current_roster./sports/sports_team_roster/position /m/0dgrmp 105 1 0 1 0 1
/m/02mv_h /soccer/football_team/current_roster./sports/sports_team_roster/position /m/02nzb8 112 1 0 1 0 1
/m/034_cr /soccer/football_team/current_roster./sports/sports_team_roster/position /m/02nzb8 136 1 0 1 0 1
/m/033g54 /soccer/football_team/current_roster./sports/sports_team_roster/position /m/02nzb8 60 1 0 1 0 1
/m/01hznh /soccer/football_team/current_roster./sports/sports_team_roster/position /m/0dgrmp 108 1 0 1 0 1
/m/05xzcz /soccer/football_team/current_roster./sports/sports_team_roster/position /m/02nzb8 139 1 0 1 0 1
/m/03ys48 /soccer/football_team/current_roster./sports/sports_team_roster/position /m/02sdk9v 43 1 0 1 0 1
/m/01j95f /soccer/football_team/current_roster./sports/sports_team_roster/position /m/02nzb8 124 1 0 1 0 1
/m/09cvbq /soccer/football_team/current_roster./sports/sports_team_roster/position /m/0dgrmp 45 1 0 1 0 1
/m/04b8pv /soccer/football_team/current_roster./sports/sports_team_roster/position /m/0dgrmp 104 1 0 1 0 1
/m/0hqzm6r /soccer/football_team/current_roster./sports/sports_team_roster/position /m/02_j1w 89 1 0 1 0 1
/m/067zx9 /soccer/football_team/current_roster./sports/sports_team_roster/position /m/02_j1w 89 1 0 1 0 1
/m/03zb6t /soccer/football_team/current_roster./sports/sports_team_roster/position /m/0dgrmp 68 1 0 1 0 1
/m/04mp75 /soccer/football_team/current_roster./sports/sports_team_roster/position /m/02nzb8 98 1 0 1 0 1
/m/05p8bf9 /soccer/football_team/current_roster./sports/sports_team_roster/position /m/02_j1w 184 8 0 1 0 0
/m/01cw13 /soccer/football_team/current_roster./sports/sports_team_roster/position /m/02nzb8 130 1 0 1 0 1
/m/024_ql /soccer/football_team/current_roster./sports/sports_team_roster/position /m/02_j1w 120 1 0 1 0 1
/m/01fjz9 /soccer/football_team/current_roster./sports/sports_team_roster/position /m/0dgrmp 41 1 0 1 0 1
/m/050fh /soccer/football_team/current_roster./sports/sports_team_roster/position /m/0dgrmp 1 1 1 1 1 1
/m/04x8cp /soccer/football_team/current_roster./sports/sports_team_roster/position /m/02nzb8 207 9 0 1 0 0
/m/0dwz3t /soccer/football_team/current_roster./sports/sports_team_roster/position /m/0dgrmp 28 1 0 1 0 1
/m/03mp1_ /soccer/football_team/current_roster./sports/sports_team_roster/position /m/02_j1w 89 1 0 1 0 1
/m/0bg4f9 /soccer/football_team/current_roster./sports/sports_team_roster/position /m/02_j1w 82 1 0 1 0 1
/m/035s37 /soccer/football_team/current_roster./sports/sports_team_roster/position /m/02_j1w 85 1 0 1 0 1
/m/037mp6 /soccer/football_team/current_roster./sports/sports_team_roster/position /m/0dgrmp 63 1 0 1 0 1
/m/01kwhf /soccer/football_team/current_roster./sports/sports_team_roster/position /m/02_j1w 63 1 0 1 0 1
/m/04v9wn /soccer/football_team/current_roster./sports/sports_team_roster/position /m/0dgrmp 141 3 0 1 0 0
/m/0kqbh /soccer/football_team/current_roster./sports/sports_team_roster/position /m/02_j1w 82 1 0 1 0 1
/m/0bs31sl /soccer/football_team/current_roster./sports/sports_team_roster/position /m/02nzb8 134 1 0 1 0 1
/m/083my7 /soccer/football_team/current_roster./sports/sports_team_roster/position /m/0dgrmp 67 1 0 1 0 1
/m/046fz5 /soccer/football_team/current_roster./sports/sports_team_roster/position /m/02nzb8 130 1 0 1 0 1
/m/0bl8l /soccer/football_team/current_roster./sports/sports_team_roster/position /m/0dgrmp 40 1 0 1 0 1
/m/02b0xq /soccer/football_team/current_roster./sports/sports_team_roster/position /m/02sdk9v 140 2 0 1 0 0
/m/05p8bf9 /soccer/football_team/current_roster./sports/sports_team_roster/position /m/0dgrmp 75 1 0 1 0 1
/m/0c5wln /soccer/football_team/current_roster./sports/sports_team_roster/position /m/02_j1w 91 1 0 1 0 1
/m/021p26 /soccer/football_team/current_roster./sports/sports_team_roster/position /m/02sdk9v 236 3 0 1 0 0
/m/082237 /soccer/football_team/current_roster./sports/sports_team_roster/position /m/02sdk9v 176 2 0 1 0 0
/m/03078l /soccer/football_team/current_roster./sports/sports_team_roster/position /m/02sdk9v 184 2 0 1 0 0
/m/04999m /soccer/football_team/current_roster./sports/sports_team_roster/position /m/02nzb8 180 1 0 1 0 1
/m/04j1n8 /soccer/football_team/current_roster./sports/sports_team_roster/position /m/02nzb8 126 1 0 1 0 1
/m/02b0zt /soccer/football_team/current_roster./sports/sports_team_roster/position /m/02sdk9v 147 2 0 1 0 0
/m/04j689 /soccer/football_team/current_roster./sports/sports_team_roster/position /m/02nzb8 130 1 0 1 0 1
/m/01gxqf /soccer/football_team/current_roster./sports/sports_team_roster/position /m/02sdk9v 181 2 0 1 0 0
/m/03zbws /soccer/football_team/current_roster./sports/sports_team_roster/position /m/02nzb8 129 1 0 1 0 1
/m/05511w /soccer/football_team/current_roster./sports/sports_team_roster/position /m/02sdk9v 203 2 0 1 0 0
/m/02b0yk /soccer/football_team/current_roster./sports/sports_team_roster/position /m/02sdk9v 221 2 0 1 0 0
/m/04mpbk /soccer/football_team/current_roster./sports/sports_team_roster/position /m/02sdk9v 180 2 0 1 0 0
/m/03_44z /soccer/football_team/current_roster./sports/sports_team_roster/position /m/02sdk9v 32 1 0 1 0 1
/m/01rlzn /soccer/football_team/current_roster./sports/sports_team_roster/position /m/02nzb8 30 1 0 1 0 1
/m/01rlzn /soccer/football_team/current_roster./sports/sports_team_roster/position /m/0dgrmp 113 1 0 1 0 1
/m/0906w9 /soccer/football_team/current_roster./sports/sports_team_roster/position /m/0dgrmp 108 1 0 1 0 1
/m/06zpgb2 /soccer/football_team/current_roster./sports/sports_team_roster/position /m/02_j1w 88 1 0 1 0 1
/m/051hhz /soccer/football_team/current_roster./sports/sports_team_roster/position /m/02_j1w 169 1 0 1 0 1
/m/03c0vy /soccer/football_team/current_roster./sports/sports_team_roster/position /m/0dgrmp 63 1 0 1 0 1
/m/05169r /soccer/football_team/current_roster./sports/sports_team_roster/position /m/0dgrmp 110 1 0 1 0 1
/m/090q32 /soccer/football_team/current_roster./sports/sports_team_roster/position /m/02nzb8 137 1 0 1 0 1
/m/03mp37 /soccer/football_team/current_roster./sports/sports_team_roster/position /m/0dgrmp 70 1 0 1 0 1
/m/02b18l /soccer/football_team/current_roster./sports/sports_team_roster/position /m/0dgrmp 72 1 0 1 0 1
/m/085v7 /soccer/football_team/current_roster./sports/sports_team_roster/position /m/02sdk9v 11 1 0 1 0 1
/m/040p3y /soccer/football_team/current_roster./sports/sports_team_roster/position /m/02sdk9v 120 1 0 1 0 1
/m/03tck1 /soccer/football_team/current_roster./sports/sports_team_roster/position /m/02_j1w 80 1 0 1 0 1
/m/037css /soccer/football_team/current_roster./sports/sports_team_roster/position /m/02nzb8 106 1 0 1 0 1
/m/093xh0 /soccer/football_team/current_roster./sports/sports_team_roster/position /m/02sdk9v 187 2 0 1 0 0
/m/0b0nq2 /soccer/football_team/current_roster./sports/sports_team_roster/position /m/02_j1w 88 1 0 1 0 1
/m/04ck0_ /soccer/football_team/current_roster./sports/sports_team_roster/position /m/02nzb8 178 1 0 1 0 1
/m/088lls /soccer/football_team/current_roster./sports/sports_team_roster/position /m/02sdk9v 179 2 0 1 0 0
/m/0d3fdn /soccer/football_team/current_roster./sports/sports_team_roster/position /m/02nzb8 123 1 0 1 0 1
/m/0xbm /soccer/football_team/current_roster./sports/sports_team_roster/position /m/02sdk9v 82 1 0 1 0 1
/m/0bk17k /soccer/football_team/current_roster./sports/sports_team_roster/position /m/02_j1w 92 1 0 1 0 1
/m/03yl2t /soccer/football_team/current_roster./sports/sports_team_roster/position /m/02nzb8 119 1 0 1 0 1
/m/01_lhg /soccer/football_team/current_roster./sports/sports_team_roster/position /m/02nzb8 45 1 0 1 0 1
/m/03v9yw /soccer/football_team/current_roster./sports/sports_team_roster/position /m/02sdk9v 113 1 0 1 0 1
/m/04btgp /soccer/football_team/current_roster./sports/sports_team_roster/position /m/02_j1w 89 1 0 1 0 1
/m/0b_ljy /soccer/football_team/current_roster./sports/sports_team_roster/position /m/02nzb8 131 1 0 1 0 1
/m/058dm9 /soccer/football_team/current_roster./sports/sports_team_roster/position /m/02_j1w 129 1 0 1 0 1
/m/03mp37 /soccer/football_team/current_roster./sports/sports_team_roster/position /m/02_j1w 89 1 0 1 0 1
/m/03dj6y /soccer/football_team/current_roster./sports/sports_team_roster/position /m/02nzb8 89 1 0 1 0 1
/m/01gxqf /soccer/football_team/current_roster./sports/sports_team_roster/position /m/0dgrmp 45 1 0 1 0 1
/m/0c5wln /soccer/football_team/current_roster./sports/sports_team_roster/position /m/02nzb8 178 1 0 1 0 1
/m/0bqr7_ /soccer/football_team/current_roster./sports/sports_team_roster/position /m/02nzb8 178 1 0 1 0 1
/m/03j70d /soccer/football_team/current_roster./sports/sports_team_roster/position /m/02sdk9v 178 2 0 1 0 0
/m/04_bfq /soccer/football_team/current_roster./sports/sports_team_roster/position /m/0dgrmp 140 3 0 1 0 0
/m/02rjz5 /soccer/football_team/current_roster./sports/sports_team_roster/position /m/02_j1w 78 1 0 1 0 1
/m/02b15h /soccer/football_team/current_roster./sports/sports_team_roster/position /m/02sdk9v 17 1 0 1 0 1
/m/037mjv /soccer/football_team/current_roster./sports/sports_team_roster/position /m/0dgrmp 66 1 0 1 0 1
/m/01yxbw /soccer/football_team/current_roster./sports/sports_team_roster/position /m/02nzb8 135 1 0 1 0 1
/m/071rlr /soccer/football_team/current_roster./sports/sports_team_roster/position /m/02_j1w 123 1 0 1 0 1
/m/0j46b /soccer/football_team/current_roster./sports/sports_team_roster/position /m/02_j1w 76 1 0 1 0 1
/m/03zrc_ /soccer/football_team/current_roster./sports/sports_team_roster/position /m/0dgrmp 15 1 0 1 0 1
/m/031zp2 /soccer/football_team/current_roster./sports/sports_team_roster/position /m/02sdk9v 115 1 0 1 0 1
/m/0mmd6 /soccer/football_team/current_roster./sports/sports_team_roster/position /m/02_j1w 109 1 0 1 0 1
/m/05g7gs /soccer/football_team/current_roster./sports/sports_team_roster/position /m/02sdk9v 226 2 0 1 0 0
/m/047kn_ /soccer/football_team/current_roster./sports/sports_team_roster/position /m/02nzb8 133 1 0 1 0 1
/m/06cmd2 /soccer/football_team/current_roster./sports/sports_team_roster/position /m/02sdk9v 189 2 0 1 0 0
/m/058dm9 /soccer/football_team/current_roster./sports/sports_team_roster/position /m/02nzb8 132 1 0 1 0 1
/m/042rlf /soccer/football_team/current_roster./sports/sports_team_roster/position /m/02_j1w 120 1 0 1 0 1
/m/027024 /soccer/football_team/current_roster./sports/sports_team_roster/position /m/02nzb8 130 1 0 1 0 1
/m/07sqbl /soccer/football_team/current_roster./sports/sports_team_roster/position /m/0dgrmp 117 1 0 1 0 1
/m/01z1r /soccer/football_team/current_roster./sports/sports_team_roster/position /m/0dgrmp 68 1 0 1 0 1
/m/09pgj2 /soccer/football_team/current_roster./sports/sports_team_roster/position /m/02_j1w 92 1 0 1 0 1
/m/03b04g /soccer/football_team/current_roster./sports/sports_team_roster/position /m/02nzb8 103 1 0 1 0 1
/m/05hc96 /soccer/football_team/current_roster./sports/sports_team_roster/position /m/02_j1w 88 1 0 1 0 1
/m/02b0zt /soccer/football_team/current_roster./sports/sports_team_roster/position /m/02nzb8 142 1 0 1 0 1
/m/02mv_h /soccer/football_team/current_roster./sports/sports_team_roster/position /m/02sdk9v 156 2 0 1 0 0
/m/02vpvk /soccer/football_team/current_roster./sports/sports_team_roster/position /m/02_j1w 86 1 0 1 0 1
/m/0j2pg /soccer/football_team/current_roster./sports/sports_team_roster/position /m/0dgrmp 164 7 0 1 0 0
/m/06pqy_ /soccer/football_team/current_roster./sports/sports_team_roster/position /m/02_j1w 94 1 0 1 0 1
/m/01j95f /soccer/football_team/current_roster./sports/sports_team_roster/position /m/02sdk9v 80 1 0 1 0 1
/m/03fd8x /soccer/football_team/current_roster./sports/sports_team_roster/position /m/02nzb8 131 1 0 1 0 1
/m/03d0d7 /soccer/football_team/current_roster./sports/sports_team_roster/position /m/02_j1w 136 1 0 1 0 1
/m/01xn5th /soccer/football_team/current_roster./sports/sports_team_roster/position /m/0dgrmp 101 1 0 1 0 1
/m/05gjfk /soccer/football_team/current_roster./sports/sports_team_roster/position /m/02nzb8 138 1 0 1 0 1
/m/019mcm /soccer/football_team/current_roster./sports/sports_team_roster/position /m/02_j1w 84 1 0 1 0 1
/m/0906w9 /soccer/football_team/current_roster./sports/sports_team_roster/position /m/02nzb8 132 1 0 1 0 1
/m/02ltg3 /soccer/football_team/current_roster./sports/sports_team_roster/position /m/02sdk9v 33 1 0 1 0 1
/m/03fn5s /soccer/football_team/current_roster./sports/sports_team_roster/position /m/02sdk9v 108 1 0 1 0 1
/m/09pgj2 /soccer/football_team/current_roster./sports/sports_team_roster/position /m/0dgrmp 74 1 0 1 0 1
/m/0dy68h /soccer/football_team/current_roster./sports/sports_team_roster/position /m/02_j1w 90 1 0 1 0 1
/m/05dkbr /soccer/football_team/current_roster./sports/sports_team_roster/position /m/02_j1w 142 1 0 1 0 1
