/m/0gtgp6 /sports/pro_athlete/teams./soccer/football_roster_position/team /m/017znw 3 1 1 1 0 1
/m/0d1swh /sports/pro_athlete/teams./soccer/football_roster_position/team /m/023fb 3 1 1 1 0 1
/m/026kmvf /sports/pro_athlete/teams./soccer/football_roster_position/team /m/019m9h 1 1 1 1 1 1
/m/07nvmx /sports/pro_athlete/teams./soccer/football_roster_position/team /m/0cnk2q 6 1 1 1 0 1
/m/04bsx1 /sports/pro_athlete/teams./soccer/football_roster_position/team /m/06zpgb2 1 1 1 1 1 1
/m/0f1pyf /sports/pro_athlete/teams./soccer/football_roster_position/team /m/02gjt4 4 1 1 1 0 1
/m/09lhln /sports/pro_athlete/teams./soccer/football_roster_position/team /m/01x4wq 5 1 1 1 0 1
/m/06qjgc /sports/pro_athlete/teams./soccer/football_roster_position/team /m/0hvgt 2 1 1 1 0 1
/m/09r1j5 /sports/pro_athlete/teams./soccer/football_roster_position/team /m/04mp75 1 1 1 1 1 1
/m/0f1pyf /sports/pro_athlete/teams./soccer/football_roster_position/team /m/02b2np 5 1 1 1 0 1
/m/0457w0 /sports/pro_athlete/teams./soccer/football_roster_position/team /m/03zbg0 1 1 1 1 1 1
/m/0b7l1f /sports/pro_athlete/teams./soccer/football_roster_position/team /m/02qfyk 1 1 1 1 1 1
/m/0g9zjp /sports/pro_athlete/teams./soccer/football_roster_position/team /m/01zhs3 4 1 1 1 0 1
/m/0bhtzw /sports/pro_athlete/teams./soccer/football_roster_position/team /m/02gjt4 2 1 1 1 0 1
/m/0d9v9q /sports/pro_athlete/teams./soccer/football_roster_position/team /m/01tqfs 3 1 1 1 0 1
/m/0879xc /sports/pro_athlete/teams./soccer/football_roster_position/team /m/01kj5h 3 1 1 1 0 1
/m/0b7l1f /sports/pro_athlete/teams./soccer/football_roster_position/team /m/02b1hb 1 1 1 1 1 1
/m/0c2rr7 /sports/pro_athlete/teams./soccer/football_roster_position/team /m/03x6m 5 1 1 1 0 1
/m/0czmk1 /sports/pro_athlete/teams./soccer/football_roster_position/team /m/0dwz3t 5 1 1 1 0 1
/m/0ct_yc /sports/pro_athlete/teams./soccer/football_roster_position/team /m/0j2jr 2 1 1 1 0 1
/m/083qy7 /sports/pro_athlete/teams./soccer/football_roster_position/team /m/0hvgt 1 1 1 1 1 1
/m/02vl_pz /sports/pro_athlete/teams./soccer/football_roster_position/team /m/047g6m 2 1 1 1 0 1
/m/0d9v9q /sports/pro_athlete/teams./soccer/football_roster_position/team /m/02_cq0 1 1 1 1 1 1
/m/0d1swh /sports/pro_athlete/teams./soccer/football_roster_position/team /m/015_z1 7 1 1 1 0 1
/m/02vl_pz /sports/pro_athlete/teams./soccer/football_roster_position/team /m/049fcd 1 1 1 1 1 1
/m/08jbxf /sports/pro_athlete/teams./soccer/football_roster_position/team /m/04mrfv 2 1 1 1 0 1
/m/07nv3_ /sports/pro_athlete/teams./soccer/football_roster_position/team /m/075q_ 1 1 1 1 1 1
/m/0c2rr7 /sports/pro_athlete/teams./soccer/football_roster_position/team /m/04vn_k 2 1 1 1 0 1
/m/0d1swh /sports/pro_athlete/teams./soccer/football_roster_position/team /m/02mv_h 2 1 1 1 0 1
/m/02rnns /sports/pro_athlete/teams./soccer/football_roster_position/team /m/0fvly 3 1 1 1 0 1
/m/09r1j5 /sports/pro_athlete/teams./soccer/football_roster_position/team /m/043t1s 1 1 1 1 1 1
/m/06qjgc /sports/pro_athlete/teams./soccer/football_roster_position/team /m/096cw_ 1 1 1 1 1 1
/m/0bn9sc /sports/pro_athlete/teams./soccer/football_roster_position/team /m/04ltf 5 1 1 1 0 1
/m/02rnns /sports/pro_athlete/teams./soccer/football_roster_position/team /m/02s2ys 4 1 1 1 0 1
/m/02qny_ /sports/pro_athlete/teams./soccer/football_roster_position/team /m/0mmd6 3 1 1 1 0 1
/m/08gwzt /sports/pro_athlete/teams./soccer/football_roster_position/team /m/04jbyg 2 1 1 1 0 1
/m/02y9ln /sports/pro_athlete/teams./soccer/football_roster_position/team /m/05f5sr9 3 1 1 1 0 1
/m/0fw2d3 /sports/pro_athlete/teams./soccer/football_roster_position/team /m/0bl8l 4 1 1 1 0 1
/m/026y23w /sports/pro_athlete/teams./soccer/football_roster_position/team /m/02s6tk 1 1 1 1 1 1
/m/0c2rr7 /sports/pro_athlete/teams./soccer/football_roster_position/team /m/08vk_r 2 1 1 1 0 1
/m/05s_c38 /sports/pro_athlete/teams./soccer/football_roster_position/team /m/03_44z 2 1 1 1 0 1
/m/07m69t /sports/pro_athlete/teams./soccer/football_roster_position/team /m/01dtl 3 1 1 1 0 1
/m/0b7l1f /sports/pro_athlete/teams./soccer/football_roster_position/team /m/01bdxz 3 1 1 1 0 1
/m/0c2rr7 /sports/pro_athlete/teams./soccer/football_roster_position/team /m/03b04g 2 1 1 1 0 1
/m/0gtgp6 /sports/pro_athlete/teams./soccer/football_roster_position/team /m/0fvly 4 1 1 1 0 1
/m/08b0cj /sports/pro_athlete/teams./soccer/football_roster_position/team /m/049f88 1 1 1 1 1 1
/m/05s_c38 /sports/pro_athlete/teams./soccer/football_roster_position/team /m/0284h6 6 1 1 1 0 1
/m/02y0dd /sports/pro_athlete/teams./soccer/football_roster_position/team /m/0hvjr 3 1 1 1 0 1
/m/0dv1hh /sports/pro_athlete/teams./soccer/football_roster_position/team /m/02b18l 2 1 1 1 0 1
/m/07zr66 /sports/pro_athlete/teams./soccer/football_roster_position/team /m/05z01 2 1 1 1 0 1
/m/08gwzt /sports/pro_athlete/teams./soccer/football_roster_position/team /m/037ts6 1 1 1 1 1 1
/m/05_6_y /sports/pro_athlete/teams./soccer/football_roster_position/team /m/02_lt 2 1 1 1 0 1
/m/09lhln /sports/pro_athlete/teams./soccer/football_roster_position/team /m/01_8n9 2 1 1 1 0 1
/m/08b0cj /sports/pro_athlete/teams./soccer/football_roster_position/team /m/03x6m 2 1 1 1 0 1
/m/09ntbc /sports/pro_athlete/teams./soccer/football_roster_position/team /m/02b1gz 2 1 1 1 0 1
/m/071pf2 /sports/pro_athlete/teams./soccer/football_roster_position/team /m/0k_l4 3 1 1 1 0 1
/m/09j028 /sports/pro_athlete/teams./soccer/football_roster_position/team /m/01453 1 1 1 1 1 1
/m/02y9ln /sports/pro_athlete/teams./soccer/football_roster_position/team /m/016gp5 2 1 1 1 0 1
/m/0czmk1 /sports/pro_athlete/teams./soccer/football_roster_position/team /m/023fb 4 1 1 1 0 1
/m/0f1pyf /sports/pro_athlete/teams./soccer/football_roster_position/team /m/02ryyk 3 1 1 1 0 1
/m/0g3b2z /sports/pro_athlete/teams./soccer/football_roster_position/team /m/01njml 1 1 1 1 1 1
/m/09ntbc /sports/pro_athlete/teams./soccer/football_roster_position/team /m/03_44z 5 1 1 1 0 1
