/m/01ync /sports/professional_sports_team/draft_picks./sports/sports_league_draft_pick/school /m/01qgr3 14 8 0 1 0 0
/m/07l4z /sports/professional_sports_team/draft_picks./sports/sports_league_draft_pick/school /m/02pptm 8 4 1 1 0 0
/m/0jm5b /sports/professional_sports_team/draft_picks./sports/sports_league_draft_pick/school /m/0bx8pn 6 2 1 1 0 0
/m/0jmj7 /sports/professional_sports_team/draft_picks./sports/sports_league_draft_pick/school /m/02pdhz 1 1 1 1 1 1
/m/05xvj /sports/professional_sports_team/draft_picks./sports/sports_league_draft_pick/school /m/015fsv 11523 11521 0 0 0 0
/m/01y49 /sports/professional_sports_team/draft_picks./sports/sports_league_draft_pick/school /m/0hd7j 5 3 1 1 0 0
/m/0jmj7 /sports/professional_sports_team/draft_picks./sports/sports_league_draft_pick/school /m/02yr3z 1 1 1 1 1 1
/m/0jm3b /sports/professional_sports_team/draft_picks./sports/sports_league_draft_pick/school /m/01jsn5 10 8 1 1 0 0
/m/01xvb /sports/professional_sports_team/draft_picks./sports/sports_league_draft_pick/school /m/07szy 13 7 0 1 0 0
/m/02d02 /sports/professional_sports_team/draft_picks./sports/sports_league_draft_pick/school /m/02gnmp 246 245 0 0 0 0
/m/0jmj7 /sports/professional_sports_team/draft_picks./sports/sports_league_draft_pick/school /m/01vs5c 6 2 1 1 0 0
/m/0jm4v /sports/professional_sports_team/draft_picks./sports/sports_league_draft_pick/school /m/07vyf 13 7 0 1 0 0
/m/02d02 /sports/professional_sports_team/draft_picks./sports/sports_league_draft_pick/school /m/01j_cy 2133 2129 0 0 0 0
/m/0jmj7 /sports/professional_sports_team/draft_picks./sports/sports_league_draft_pick/school /m/02l424 2 1 1 1 0 1
/m/05g3v /sports/professional_sports_team/draft_picks./sports/sports_league_draft_pick/school /m/05krk 12 8 0 1 0 0
/m/01yjl /sports/professional_sports_team/draft_picks./sports/sports_league_draft_pick/school /m/0ks67 9 9 1 1 0 0
/m/05m_8 /sports/professional_sports_team/draft_picks./sports/sports_league_draft_pick/school /m/01hhvg 3 1 1 1 0 1
/m/05g76 /sports/professional_sports_team/draft_picks./sports/sports_league_draft_pick/school /m/0trv 12315 12304 0 0 0 0
/m/0ws7 /sports/professional_sports_team/draft_picks./sports/sports_league_draft_pick/school /m/065y4w7 13 6 0 1 0 0
/m/0jmk7 /sports/professional_sports_team/draft_picks./sports/sports_league_draft_pick/school /m/012vwb 130 124 0 0 0 0
/m/05xvj /sports/professional_sports_team/draft_picks./sports/sports_league_draft_pick/school /m/01jq0j 22 12 0 0 0 0
/m/05g3b /sports/professional_sports_team/draft_picks./sports/sports_league_draft_pick/school /m/07ccs 10 3 1 1 0 0
/m/06rpd /sports/professional_sports_team/draft_picks./sports/sports_league_draft_pick/school /m/0225bv 6 4 1 1 0 0
/m/0jmj7 /sports/professional_sports_team/draft_picks./sports/sports_league_draft_pick/school /m/035wtd 1 1 1 1 1 1
/m/05g76 /sports/professional_sports_team/draft_picks./sports/sports_league_draft_pick/school /m/01jq0j 23 13 0 0 0 0
/m/0jmjr /sports/professional_sports_team/draft_picks./sports/sports_league_draft_pick/school /m/01j_cy 14269 14263 0 0 0 0
/m/07147 /sports/professional_sports_team/draft_picks./sports/sports_league_draft_pick/school /m/01n6r0 18 15 0 0 0 0
/m/06x68 /sports/professional_sports_team/draft_picks./sports/sports_league_draft_pick/school /m/01yqqv 11 10 0 1 0 0
/m/049n7 /sports/professional_sports_team/draft_picks./sports/sports_league_draft_pick/school /m/01jq4b 11 7 0 1 0 0
/m/06x76 /sports/professional_sports_team/draft_picks./sports/sports_league_draft_pick/school /m/04hgpt 9 7 1 1 0 0
/m/0jmj7 /sports/professional_sports_team/draft_picks./sports/sports_league_draft_pick/school /m/02183k 4 1 1 1 0 1
/m/06x68 /sports/professional_sports_team/draft_picks./sports/sports_league_draft_pick/school /m/02183k 14 10 0 1 0 0
/m/06x68 /sports/professional_sports_team/draft_picks./sports/sports_league_draft_pick/school /m/0trv 11 7 0 1 0 0
/m/0jmfv /sports/professional_sports_team/draft_picks./sports/sports_league_draft_pick/school /m/09f2j 14 6 0 1 0 0
/m/0jm5b /sports/professional_sports_team/draft_picks./sports/sports_league_draft_pick/school /m/065y4w7 13 6 0 1 0 0
/m/03m1n /sports/professional_sports_team/draft_picks./sports/sports_league_draft_pick/school /m/0trv 8315 8304 0 0 0 0
/m/061xq /sports/professional_sports_team/draft_picks./sports/sports_league_draft_pick/school /m/04bfg 10 8 1 1 0 0
/m/0jmfv /sports/professional_sports_team/draft_picks./sports/sports_league_draft_pick/school /m/01jpqb 11 8 0 1 0 0
/m/0jmj7 /sports/professional_sports_team/draft_picks./sports/sports_league_draft_pick/school /m/0g8rj 3 1 1 1 0 1
/m/0jmj7 /sports/professional_sports_team/draft_picks./sports/sports_league_draft_pick/school /m/017zq0 1 1 1 1 1 1
/m/07l24 /sports/professional_sports_team/draft_picks./sports/sports_league_draft_pick/school /m/01pl14 18 12 0 0 0 0
/m/0x2p /sports/professional_sports_team/draft_picks./sports/sports_league_draft_pick/school /m/0trv 13620 13609 0 0 0 0
/m/01d5z /sports/professional_sports_team/draft_picks./sports/sports_league_draft_pick/school /m/01jzyx 7 5 1 1 0 0
/m/01yjl /sports/professional_sports_team/draft_picks./sports/sports_league_draft_pick/school /m/021l5s 5 5 1 1 0 0
/m/0jm74 /sports/professional_sports_team/draft_picks./sports/sports_league_draft_pick/school /m/02y9bj 7 5 1 1 0 0
/m/05tfm /sports/professional_sports_team/draft_picks./sports/sports_league_draft_pick/school /m/05krk 12 8 0 1 0 0
/m/05tg3 /sports/professional_sports_team/draft_picks./sports/sports_league_draft_pick/school /m/01rc6f 12 9 0 1 0 0
/m/04mjl /sports/professional_sports_team/draft_picks./sports/sports_league_draft_pick/school /m/01lnyf 9 4 1 1 0 0
/m/0jmk7 /sports/professional_sports_team/draft_picks./sports/sports_league_draft_pick/school /m/06mkj 2 2 1 1 0 0
/m/084l5 /sports/professional_sports_team/draft_picks./sports/sports_league_draft_pick/school /m/01wdj_ 14694 14688 0 0 0 0
/m/04wmvz /sports/professional_sports_team/draft_picks./sports/sports_league_draft_pick/school /m/01qrb2 7880 7879 0 0 0 0
/m/0512p /sports/professional_sports_team/draft_picks./sports/sports_league_draft_pick/school /m/01q0kg 10 4 1 1 0 0
/m/04wmvz /sports/professional_sports_team/draft_picks./sports/sports_league_draft_pick/school /m/01jswq 10 9 1 1 0 0
/m/0jmmn /sports/professional_sports_team/draft_picks./sports/sports_league_draft_pick/school /m/0225bv 4 2 1 1 0 0
/m/01d6g /sports/professional_sports_team/draft_picks./sports/sports_league_draft_pick/school /m/01wdj_ 14 8 0 1 0 0
/m/07l8x /sports/professional_sports_team/draft_picks./sports/sports_league_draft_pick/school /m/0225v9 4 3 1 1 0 0
/m/0jm4v /sports/professional_sports_team/draft_picks./sports/sports_league_draft_pick/school /m/0j_sncb 13 9 0 1 0 0
/m/0jmj7 /sports/professional_sports_team/draft_picks./sports/sports_league_draft_pick/school /m/035ktt 2 1 1 1 0 1
/m/06x76 /sports/professional_sports_team/draft_picks./sports/sports_league_draft_pick/school /m/01jq0j 23 13 0 0 0 0
/m/03lsq /sports/professional_sports_team/draft_picks./sports/sports_league_draft_pick/school /m/01jq0j 23 13 0 0 0 0
/m/0jmj7 /sports/professional_sports_team/draft_picks./sports/sports_league_draft_pick/school /m/01jq0j 10 2 1 1 0 0
/m/01slc /sports/professional_sports_team/draft_picks./sports/sports_league_draft_pick/school /m/09s5q8 8 6 1 1 0 0
/m/05m_8 /sports/professional_sports_team/draft_picks./sports/sports_league_draft_pick/school /m/02gr81 2 1 1 1 0 1
/m/0x0d /sports/professional_sports_team/draft_picks./sports/sports_league_draft_pick/school /m/01jq0j 23 13 0 0 0 0
/m/0jmj7 /sports/professional_sports_team/draft_picks./sports/sports_league_draft_pick/school /m/03x1s8 1 1 1 1 1 1
/m/06x68 /sports/professional_sports_team/draft_picks./sports/sports_league_draft_pick/school /m/01jq4b 9 5 1 1 0 0
/m/0jmj7 /sports/professional_sports_team/draft_picks./sports/sports_league_draft_pick/school /m/0l2tk 4 1 1 1 0 1
/m/0jmj7 /sports/professional_sports_team/draft_picks./sports/sports_league_draft_pick/school /m/0kz2w 1 1 1 1 1 1
/m/0jmj7 /sports/professional_sports_team/draft_picks./sports/sports_league_draft_pick/school /m/01hx2t 4 2 1 1 0 0
/m/051vz /sports/professional_sports_team/draft_picks./sports/sports_league_draft_pick/school /m/0lyjf 7 2 1 1 0 0
/m/0jml5 /sports/professional_sports_team/draft_picks./sports/sports_league_draft_pick/school /m/01jq34 10 6 1 1 0 0
/m/0wsr /sports/professional_sports_team/draft_picks./sports/sports_league_draft_pick/school /m/01jswq 10 9 1 1 0 0
/m/02c_4 /sports/professional_sports_team/draft_picks./sports/sports_league_draft_pick/school /m/01jsk6 12 8 0 1 0 0
/m/0jm9w /sports/professional_sports_team/draft_picks./sports/sports_league_draft_pick/school /m/01qd_r 6 3 1 1 0 0
/m/0jmj7 /sports/professional_sports_team/draft_picks./sports/sports_league_draft_pick/school /m/0k__z 2 1 1 1 0 1
/m/01d6g /sports/professional_sports_team/draft_picks./sports/sports_league_draft_pick/school /m/0f1nl 15 7 0 1 0 0
/m/0jmk7 /sports/professional_sports_team/draft_picks./sports/sports_league_draft_pick/school /m/0d05w3 2 2 1 1 0 0
/m/01ct6 /sports/professional_sports_team/draft_picks./sports/sports_league_draft_pick/school /m/05kj_ 2 2 1 1 0 0
/m/0jmdb /sports/professional_sports_team/draft_picks./sports/sports_league_draft_pick/school /m/02bhj4 4 2 1 1 0 0
/m/0jm4v /sports/professional_sports_team/draft_picks./sports/sports_league_draft_pick/school /m/05krk 17 13 0 0 0 0
/m/0jmnl /sports/professional_sports_team/draft_picks./sports/sports_league_draft_pick/school /m/01pl14 18 12 0 0 0 0
/m/0jmj7 /sports/professional_sports_team/draft_picks./sports/sports_league_draft_pick/school /m/017j69 2 1 1 1 0 1
/m/01y3v /sports/professional_sports_team/draft_picks./sports/sports_league_draft_pick/school /m/05x_5 9 5 1 1 0 0
/m/05l71 /sports/professional_sports_team/draft_picks./sports/sports_league_draft_pick/school /m/07w0v 15 7 0 1 0 0
/m/05tfm /sports/professional_sports_team/draft_picks./sports/sports_league_draft_pick/school /m/059yj 13048 13048 0 0 0 0
/m/05m_8 /sports/professional_sports_team/draft_picks./sports/sports_league_draft_pick/school /m/07ccs 8 2 1 1 0 0
/m/03lsq /sports/professional_sports_team/draft_picks./sports/sports_league_draft_pick/school /m/0jkhr 12 6 0 1 0 0
