/m/09l0x9 /sports/sports_league_draft/picks./sports/sports_league_draft_pick/school /m/09f2j 10 7 1 1 0 0
/m/0g3zpp /sports/sports_league_draft/picks./sports/sports_league_draft_pick/school /m/01wdj_ 4 2 1 1 0 0
/m/03nt7j /sports/sports_league_draft/picks./sports/sports_league_draft_pick/school /m/01j_9c 5 2 1 1 0 0
/m/06439y /sports/sports_league_draft/picks./sports/sports_league_draft_pick/school /m/0j_sncb 21 16 0 0 0 0
/m/05vsb7 /sports/sports_league_draft/picks./sports/sports_league_draft_pick/school /m/0325dj 8 8 1 1 0 0
/m/02rl201 /sports/sports_league_draft/picks./sports/sports_league_draft_pick/school /m/01jq0j 16 10 0 1 0 0
/m/02pq_rp /sports/sports_league_draft/picks./sports/sports_league_draft_pick/school /m/02zd460 9 9 1 1 0 0
/m/03gwg4w /sports/sports_league_draft/picks./sports/sports_league_draft_pick/school /m/01jq0j 20 13 0 0 0 0
/m/092j54 /sports/sports_league_draft/picks./sports/sports_league_draft_pick/school /m/01qd_r 7 6 1 1 0 0
/m/09th87 /sports/sports_league_draft/picks./sports/sports_league_draft_pick/school /m/01yqqv 9 9 1 1 0 0
/m/09l0x9 /sports/sports_league_draft/picks./sports/sports_league_draft_pick/school /m/0jkhr 10 5 1 1 0 0
/m/03nt7j /sports/sports_league_draft/picks./sports/sports_league_draft_pick/school /m/0160nk 4 1 1 1 0 1
/m/038c0q /sports/sports_league_draft/picks./sports/sports_league_draft_pick/school /m/078bz 5 3 1 1 0 0
/m/038c0q /sports/sports_league_draft/picks./sports/sports_league_draft_pick/school /m/0225bv 9 7 1 1 0 0
/m/038981 /sports/sports_league_draft/picks./sports/sports_league_draft_pick/school /m/01jsn5 16 14 0 0 0 0
/m/09th87 /sports/sports_league_draft/picks./sports/sports_league_draft_pick/school /m/01j_cy 15 14 0 0 0 0
/m/03gwg4w /sports/sports_league_draft/picks./sports/sports_league_draft_pick/school /m/021w0_ 17 14 0 0 0 0
/m/092j54 /sports/sports_league_draft/picks./sports/sports_league_draft_pick/school /m/02q253 7 7 1 1 0 0
/m/0g3zpp /sports/sports_league_draft/picks./sports/sports_league_draft_pick/school /m/05x_5 9 6 1 1 0 0
/m/04f4z1k /sports/sports_league_draft/picks./sports/sports_league_draft_pick/school /m/033x5p 11 11 0 0 0 0
/m/0g3zpp /sports/sports_league_draft/picks./sports/sports_league_draft_pick/school /m/0fht9f 1 1 1 1 1 1
/m/04f4z1k /sports/sports_league_draft/picks./sports/sports_league_draft_pick/school /m/016sd3 5 4 1 1 0 0
/m/02r6gw6 /sports/sports_league_draft/picks./sports/sports_league_draft_pick/school /m/01hhvg 12 12 0 0 0 0
/m/0f4vx0 /sports/sports_league_draft/picks./sports/sports_league_draft_pick/school /m/01jpqb 2 1 1 1 0 1
/m/0f4vx0 /sports/sports_league_draft/picks./sports/sports_league_draft_pick/school /m/01jszm 2 2 1 1 0 0
/m/09th87 /sports/sports_league_draft/picks./sports/sports_league_draft_pick/school /m/01jt2w 3 3 1 1 0 0
/m/02qw1zx /sports/sports_league_draft/picks./sports/sports_league_draft_pick/school /m/0lyjf 8 4 1 1 0 0
/m/06439y /sports/sports_league_draft/picks./sports/sports_league_draft_pick/school /m/0bx8pn 19 15 0 0 0 0
/m/0f4vx0 /sports/sports_league_draft/picks./sports/sports_league_draft_pick/school /m/0dzst 3 1 1 1 0 1
/m/02z6872 /sports/sports_league_draft/picks./sports/sports_league_draft_pick/school /m/0ks67 13 12 0 0 0 0
/m/025tn92 /sports/sports_league_draft/picks./sports/sports_league_draft_pick/school /m/07w0v 14 5 0 1 0 0
/m/0f4vx0 /sports/sports_league_draft/picks./sports/sports_league_draft_pick/school /m/07t90 5 1 1 1 0 1
/m/04f4z1k /sports/sports_league_draft/picks./sports/sports_league_draft_pick/school /m/09f2j 18 13 0 0 0 0
/m/05vsb7 /sports/sports_league_draft/picks./sports/sports_league_draft_pick/school /m/01jq34 4 1 1 1 0 1
/m/03nt7j /sports/sports_league_draft/picks./sports/sports_league_draft_pick/school /m/01jssp 6 3 1 1 0 0
/m/02r6gw6 /sports/sports_league_draft/picks./sports/sports_league_draft_pick/school /m/06fq2 21 14 0 0 0 0
/m/02rl201 /sports/sports_league_draft/picks./sports/sports_league_draft_pick/school /m/021w0_ 19 15 0 0 0 0
/m/02pq_rp /sports/sports_league_draft/picks./sports/sports_league_draft_pick/school /m/0bx8pn 12 9 0 1 0 0
/m/047dpm0 /sports/sports_league_draft/picks./sports/sports_league_draft_pick/school /m/021w0_ 7 5 1 1 0 0
/m/09l0x9 /sports/sports_league_draft/picks./sports/sports_league_draft_pick/school /m/01jq0j 6 2 1 1 0 0
/m/047dpm0 /sports/sports_league_draft/picks./sports/sports_league_draft_pick/school /m/01j_06 7 6 1 1 0 0
/m/0g3zpp /sports/sports_league_draft/picks./sports/sports_league_draft_pick/school /m/01jq0j 11 6 0 1 0 0
/m/03nt7j /sports/sports_league_draft/picks./sports/sports_league_draft_pick/school /m/0hd7j 4 3 1 1 0 0
/m/02x2khw /sports/sports_league_draft/picks./sports/sports_league_draft_pick/school /m/03hpkp 15 15 0 0 0 0
