/m/08ns5s /sports/sports_position/players./american_football/football_roster_position/team /m/02pd1q9 11 1 0 1 0 1
/m/02qpbqj /sports/sports_position/players./american_football/football_roster_position/team /m/07k53y 11 1 0 1 0 1
/m/02g_7z /sports/sports_position/players./american_football/football_roster_position/team /m/0487_ 7 1 1 1 0 1
/m/06b1q /sports/sports_position/players./american_football/football_roster_position/team /m/026ldz7 8 1 1 1 0 1
/m/02g_6x /sports/sports_position/players./american_football/football_roster_position/team /m/0fjzsy 8 1 1 1 0 1
/m/08ns5s /sports/sports_position/players./american_football/football_roster_position/team /m/043vc 10 1 1 1 0 1
/m/06b1q /sports/sports_position/players./american_football/football_roster_position/team /m/0487_ 9 1 1 1 0 1
/m/04nfpk /sports/sports_position/players./american_football/football_roster_position/team /m/05g3v 7 1 1 1 0 1
/m/02g_6j /sports/sports_position/players./american_football/football_roster_position/team /m/025v26c 7 1 1 1 0 1
/m/01r3hr /sports/sports_position/players./american_football/football_roster_position/team /m/05tg3 4 1 1 1 0 1
/m/01_9c1 /sports/sports_position/players./american_football/football_roster_position/team /m/05g49 11 2 0 1 0 0
/m/023wyl /sports/sports_position/players./american_football/football_roster_position/team /m/03gqb0k 6 1 1 1 0 1
/m/047g8h /sports/sports_position/players./american_football/football_roster_position/team /m/02pd1q9 13 1 0 1 0 1
/m/02g_6j /sports/sports_position/players./american_football/football_roster_position/team /m/02px_23 4 2 1 1 0 0
/m/02g_6x /sports/sports_position/players./american_football/football_roster_position/team /m/05g3v 9 2 1 1 0 0
/m/02qpbqj /sports/sports_position/players./american_football/football_roster_position/team /m/03gqb0k 11 1 0 1 0 1
/m/05zm34 /sports/sports_position/players./american_football/football_roster_position/team /m/043tz8m 10 1 1 1 0 1
/m/023wyl /sports/sports_position/players./american_football/football_roster_position/team /m/0bjkk9 6 1 1 1 0 1
/m/08ns5s /sports/sports_position/players./american_football/football_roster_position/team /m/0fgg8c 11 1 0 1 0 1
/m/02g_6j /sports/sports_position/players./american_football/football_roster_position/team /m/06rny 10 1 1 1 0 1
/m/01r3hr /sports/sports_position/players./american_football/football_roster_position/team /m/0fht9f 2 1 1 1 0 1
/m/01r3hr /sports/sports_position/players./american_football/football_roster_position/team /m/05l71 2 1 1 1 0 1
/m/047g8h /sports/sports_position/players./american_football/football_roster_position/team /m/02wvfxl 8 2 1 1 0 0
/m/08ns5s /sports/sports_position/players./american_football/football_roster_position/team /m/03b3j 11 2 0 1 0 0
/m/01r3hr /sports/sports_position/players./american_football/football_roster_position/team /m/03b3j 9 1 1 1 0 1
/m/047g8h /sports/sports_position/players./american_football/football_roster_position/team /m/06x76 9 2 1 1 0 0
/m/047g8h /sports/sports_position/players./american_football/football_roster_position/team /m/0wsr 10 1 1 1 0 1
/m/01r3hr /sports/sports_position/players./american_football/football_roster_position/team /m/05g3v 6 1 1 1 0 1
/m/02g_6x /sports/sports_position/players./american_football/football_roster_position/team /m/05gg4 11 1 0 1 0 1
/m/01_9c1 /sports/sports_position/players./american_football/football_roster_position/team /m/0fht9f 5 1 1 1 0 1
/m/02qpbqj /sports/sports_position/players./american_football/football_roster_position/team /m/02px_23 11 2 0 1 0 0
/m/02g_7z /sports/sports_position/players./american_football/football_roster_position/team /m/0289q 10 1 1 1 0 1
/m/01r3hr /sports/sports_position/players./american_football/football_roster_position/team /m/01ct6 1 1 1 1 1 1
/m/047g8h /sports/sports_position/players./american_football/football_roster_position/team /m/0fgg8c 9 1 1 1 0 1
/m/05zm34 /sports/sports_position/players./american_football/football_roster_position/team /m/01xvb 11 2 0 1 0 0
/m/06b1q /sports/sports_position/players./american_football/football_roster_position/team /m/0fjzsy 5 1 1 1 0 1
/m/06b1q /sports/sports_position/players./american_football/football_roster_position/team /m/05g3b 6 1 1 1 0 1
/m/02g_6j /sports/sports_position/players./american_football/football_roster_position/team /m/05gg4 10 1 1 1 0 1
/m/02g_6x /sports/sports_position/players./american_football/football_roster_position/team /m/01ct6 8 1 1 1 0 1
/m/01_9c1 /sports/sports_position/players./american_football/football_roster_position/team /m/026bt_h 4 1 1 1 0 1
/m/01_9c1 /sports/sports_position/players./american_football/football_roster_position/team /m/0fjzsy 4 1 1 1 0 1
/m/08ns5s /sports/sports_position/players./american_football/football_roster_position/team /m/0fbtm7 9 1 1 1 0 1
/m/04nfpk /sports/sports_position/players./american_football/football_roster_position/team /m/043tz8m 7 1 1 1 0 1
/m/02g_6x /sports/sports_position/players./american_football/football_roster_position/team /m/057xkj_ 11 3 0 1 0 0
/m/02g_7z /sports/sports_position/players./american_football/football_roster_position/team /m/026cmdc 3 1 1 1 0 1
/m/02g_7z /sports/sports_position/players./american_football/football_roster_position/team /m/025v26c 3 1 1 1 0 1
/m/05b3ts /sports/sports_position/players./american_football/football_roster_position/team /m/0fht9f 1 1 1 1 1 1
/m/02qpbqj /sports/sports_position/players./american_football/football_roster_position/team /m/0487_ 11 1 0 1 0 1
/m/05b3ts /sports/sports_position/players./american_football/football_roster_position/team /m/02pd1q9 3 1 1 1 0 1
/m/08ns5s /sports/sports_position/players./american_football/football_roster_position/team /m/0fsb_6 12 1 0 1 0 1
/m/02qpbqj /sports/sports_position/players./american_football/football_roster_position/team /m/01c_d 12 2 0 1 0 0
/m/05zm34 /sports/sports_position/players./american_football/football_roster_position/team /m/07k53y 9 1 1 1 0 1
/m/02g_7z /sports/sports_position/players./american_football/football_roster_position/team /m/05gg4 9 1 1 1 0 1
/m/02g_6x /sports/sports_position/players./american_football/football_roster_position/team /m/070xg 12 2 0 1 0 0
/m/02g_6x /sports/sports_position/players./american_football/football_roster_position/team /m/026bt_h 8 2 1 1 0 0
/m/02g_6x /sports/sports_position/players./american_football/football_roster_position/team /m/05tg3 11 1 0 1 0 1
/m/05zm34 /sports/sports_position/players./american_football/football_roster_position/team /m/03gqb0k 11 1 0 1 0 1
/m/02g_7z /sports/sports_position/players./american_football/football_roster_position/team /m/02896 10 1 1 1 0 1
/m/06b1q /sports/sports_position/players./american_football/football_roster_position/team /m/01c_d 11 2 0 1 0 0
/m/02g_6x /sports/sports_position/players./american_football/football_roster_position/team /m/07kbp5 13 1 0 1 0 1
/m/02g_6x /sports/sports_position/players./american_football/football_roster_position/team /m/05g3b 11 1 0 1 0 1
/m/04nfpk /sports/sports_position/players./american_football/football_roster_position/team /m/070xg 11 2 0 1 0 0
/m/04nfpk /sports/sports_position/players./american_football/football_roster_position/team /m/06rny 9 1 1 1 0 1
/m/023wyl /sports/sports_position/players./american_football/football_roster_position/team /m/03lsq 11 1 0 1 0 1
/m/047g8h /sports/sports_position/players./american_football/football_roster_position/team /m/04vn5 10 1 1 1 0 1
/m/047g8h /sports/sports_position/players./american_football/football_roster_position/team /m/0289q 12 1 0 1 0 1
/m/02g_7z /sports/sports_position/players./american_football/football_roster_position/team /m/043tz8m 5 1 1 1 0 1
/m/04nfpk /sports/sports_position/players./american_football/football_roster_position/team /m/05tg3 6 1 1 1 0 1
/m/047g8h /sports/sports_position/players./american_football/football_roster_position/team /m/0g0z58 9 3 1 1 0 0
/m/02qpbqj /sports/sports_position/players./american_football/football_roster_position/team /m/043tz8m 9 1 1 1 0 1
/m/05zm34 /sports/sports_position/players./american_football/football_roster_position/team /m/057xkj_ 7 2 1 1 0 0
/m/06b1q /sports/sports_position/players./american_football/football_roster_position/team /m/02px_23 7 2 1 1 0 0
/m/02g_6j /sports/sports_position/players./american_football/football_roster_position/team /m/084l5 6 1 1 1 0 1
/m/05zm34 /sports/sports_position/players./american_football/football_roster_position/team /m/026ldz7 10 1 1 1 0 1
/m/05zm34 /sports/sports_position/players./american_football/football_roster_position/team /m/043vc 9 1 1 1 0 1
/m/04nfpk /sports/sports_position/players./american_football/football_roster_position/team /m/02vklm3 6 1 1 1 0 1
/m/02g_6x /sports/sports_position/players./american_football/football_roster_position/team /m/01xvb 10 2 1 1 0 0
/m/047g8h /sports/sports_position/players./american_football/football_roster_position/team /m/0487_ 10 1 1 1 0 1
/m/06b1q /sports/sports_position/players./american_football/football_roster_position/team /m/03b3j 8 1 1 1 0 1
/m/04nfpk /sports/sports_position/players./american_football/football_roster_position/team /m/0fsb_6 7 1 1 1 0 1
/m/08ns5s /sports/sports_position/players./american_football/football_roster_position/team /m/05g49 12 2 0 1 0 0
/m/05zm34 /sports/sports_position/players./american_football/football_roster_position/team /m/07l2m 9 1 1 1 0 1
/m/06b1q /sports/sports_position/players./american_football/football_roster_position/team /m/02pd1q9 12 1 0 1 0 1
