/m/02_ssl /sports/sports_position/players./basketball/basketball_roster_position/team /m/0jmdb 5 1 1 1 0 1
/m/01pv51 /sports/sports_position/players./basketball/basketball_roster_position/team /m/0jmk7 4 1 1 1 0 1
/m/03558l /sports/sports_position/players./basketball/basketball_roster_position/team /m/01k8vh 5 1 1 1 0 1
/m/0355dz /sports/sports_position/players./basketball/basketball_roster_position/team /m/0bwjj 5 1 1 1 0 1
/m/02sf_r /sports/sports_position/players./basketball/basketball_roster_position/team /m/0jm8l 4 1 1 1 0 1
/m/02_ssl /sports/sports_position/players./basketball/basketball_roster_position/team /m/0jmmn 2 1 1 1 0 1
/m/02_ssl /sports/sports_position/players./basketball/basketball_roster_position/team /m/0jmh7 5 1 1 1 0 1
/m/03558l /sports/sports_position/players./basketball/basketball_roster_position/team /m/0jmk7 5 1 1 1 0 1
/m/03558l /sports/sports_position/players./basketball/basketball_roster_position/team /m/02qk2d5 2 1 1 1 0 1
/m/0ctt4z /sports/sports_position/players./basketball/basketball_roster_position/team /m/0jmbv 5 1 1 1 0 1
/m/0355dz /sports/sports_position/players./basketball/basketball_roster_position/team /m/0jmcv 5 1 1 1 0 1
/m/01pv51 /sports/sports_position/players./basketball/basketball_roster_position/team /m/0jmjr 3 1 1 1 0 1
/m/02_ssl /sports/sports_position/players./basketball/basketball_roster_position/team /m/02r2qt7 3 1 1 1 0 1
/m/03558l /sports/sports_position/players./basketball/basketball_roster_position/team /m/0jm74 5 1 1 1 0 1
/m/02sf_r /sports/sports_position/players./basketball/basketball_roster_position/team /m/0jmgb 2 1 1 1 0 1
/m/01pv51 /sports/sports_position/players./basketball/basketball_roster_position/team /m/0jm8l 5 1 1 1 0 1
/m/01pv51 /sports/sports_position/players./basketball/basketball_roster_position/team /m/0jm64 4 1 1 1 0 1
/m/0355dz /sports/sports_position/players./basketball/basketball_roster_position/team /m/0jmmn 3 1 1 1 0 1
/m/0355dz /sports/sports_position/players./basketball/basketball_roster_position/team /m/02pzy52 2 1 1 1 0 1
/m/01pv51 /sports/sports_position/players./basketball/basketball_roster_position/team /m/02plv57 2 1 1 1 0 1
/m/02_ssl /sports/sports_position/players./basketball/basketball_roster_position/team /m/03y9p40 2 1 1 1 0 1
/m/02sf_r /sports/sports_position/players./basketball/basketball_roster_position/team /m/01k8vh 4 1 1 1 0 1
/m/03558l /sports/sports_position/players./basketball/basketball_roster_position/team /m/0jm5b 5 1 1 1 0 1
/m/01pv51 /sports/sports_position/players./basketball/basketball_roster_position/team /m/0bwjj 6 1 1 1 0 1
/m/03558l /sports/sports_position/players./basketball/basketball_roster_position/team /m/0jmgb 3 1 1 1 0 1
/m/0619m3 /sports/sports_position/players./basketball/basketball_roster_position/team /m/02r2qt7 4 1 1 1 0 1
/m/0355dz /sports/sports_position/players./basketball/basketball_roster_position/team /m/0jmdb 3 1 1 1 0 1
/m/02_ssl /sports/sports_position/players./basketball/basketball_roster_position/team /m/0jm8l 3 1 1 1 0 1
/m/02sf_r /sports/sports_position/players./basketball/basketball_roster_position/team /m/0jm3v 6 1 1 1 0 1
/m/02sf_r /sports/sports_position/players./basketball/basketball_roster_position/team /m/0bwjj 4 1 1 1 0 1
