/m/017_cl /sports/sports_team_location/teams /m/0j2jr 1 1 1 1 1 1
/m/06gmr /sports/sports_team_location/teams /m/019mcm 1 1 1 1 1 1
/m/071vr /sports/sports_team_location/teams /m/07147 1 1 1 1 1 1
/m/0345h /sports/sports_team_location/teams /m/01l3wr 1 1 1 1 1 1
/m/05ksh /sports/sports_team_location/teams /m/05pcr 1 1 1 1 1 1
/m/013yq /sports/sports_team_location/teams /m/0jm64 1 1 1 1 1 1
/m/05v8c /sports/sports_team_location/teams /m/04k3r_ 1 1 1 1 1 1
/m/0f2v0 /sports/sports_team_location/teams /m/07kcvl 2 2 1 1 0 0
/m/0rng /sports/sports_team_location/teams /m/01jdxj 0 0 0 0
/m/0jhd /sports/sports_team_location/teams /m/0303jw 1 1 1 1 1 1
/m/0jgx /sports/sports_team_location/teams /m/033g54 1 1 1 1 1 1
/m/03676 /sports/sports_team_location/teams /m/043y95 1 1 1 1 1 1
/m/0d9jr /sports/sports_team_location/teams /m/06wpc 1 1 1 1 1 1
/m/0h7h6 /sports/sports_team_location/teams /m/0jmcb 1 1 1 1 1 1
/m/068p2 /sports/sports_team_location/teams /m/02pyyld 1 1 1 1 1 1
/m/01z28b /sports/sports_team_location/teams /m/0lmm3 1 1 1 1 1 1
/m/056_y /sports/sports_team_location/teams /m/06l22 1 1 1 1 1 1
/m/05sb1 /sports/sports_team_location/teams /m/038_0z 1 1 1 1 1 1
/m/04ykg /sports/sports_team_location/teams /m/0512p 2 1 1 1 0 1
/m/0d35y /sports/sports_team_location/teams /m/0jml5 8694 8694 0 0 0 0
/m/07bcn /sports/sports_team_location/teams /m/0jmmn 1 1 1 1 1 1
/m/06bnz /sports/sports_team_location/teams /m/03262k 0 0 0 0
/m/0d9jr /sports/sports_team_location/teams /m/0jmnl 11918 11918 0 0 0 0
/m/07t_x /sports/sports_team_location/teams /m/03__77 1 1 1 1 1 1
/m/088q4 /sports/sports_team_location/teams /m/038_3y 1 1 1 1 1 1
/m/0f2r6 /sports/sports_team_location/teams /m/041xyk 0 0 0 0
/m/01sn3 /sports/sports_team_location/teams /m/01yhm 1 1 1 1 1 1
/m/0f2rq /sports/sports_team_location/teams /m/0jmcv 1 1 1 1 1 1
/m/013hxv /sports/sports_team_location/teams /m/026wlnm 1 1 1 1 1 1
/m/06gmr /sports/sports_team_location/teams /m/019lty 0 0 0 0
/m/03spz /sports/sports_team_location/teams /m/039_ym 1 1 1 1 1 1
/m/0f04v /sports/sports_team_location/teams /m/0jnrk 1 1 1 1 1 1
/m/0d060g /sports/sports_team_location/teams /m/035tjy 1 1 1 1 1 1
/m/0fvyg /sports/sports_team_location/teams /m/0j8cb 1 1 1 1 1 1
/m/05cgv /sports/sports_team_location/teams /m/03ylxn 1 1 1 1 1 1
/m/06c62 /sports/sports_team_location/teams /m/0ytc 1 1 1 1 1 1
/m/01zfrt /sports/sports_team_location/teams /m/01rlz4 0 0 0 0
/m/09c7w0 /sports/sports_team_location/teams /m/02s9vc 0 0 0 0
/m/0rh6k /sports/sports_team_location/teams /m/0jnl5 1 1 1 1 1 1
/m/07twz /sports/sports_team_location/teams /m/0329r5 1 1 1 1 1 1
/m/04f_d /sports/sports_team_location/teams /m/049d_ 1 1 1 1 1 1
/m/03rjj /sports/sports_team_location/teams /m/01_lhg 1 1 1 1 1 1
/m/0s3pw /sports/sports_team_location/teams /m/02py8_w 1 1 1 1 1 1
/m/0ctw_b /sports/sports_team_location/teams /m/03_44z 1 1 1 1 1 1
/m/0jfqp /sports/sports_team_location/teams /m/026xxv_ 1 1 1 1 1 1
/m/0z4_0 /sports/sports_team_location/teams /m/03y9p40 1 1 1 1 1 1
/m/0dc95 /sports/sports_team_location/teams /m/0jmj7 1 1 1 1 1 1
/m/01snm /sports/sports_team_location/teams /m/01ypc 1 1 1 1 1 1
/m/05qx1 /sports/sports_team_location/teams /m/03_lsr 0 0 0 0
/m/06gmr /sports/sports_team_location/teams /m/019ltg 1 1 1 1 1 1
/m/094jv /sports/sports_team_location/teams /m/01ct6 1 1 1 1 1 1
/m/0c1d0 /sports/sports_team_location/teams /m/04l590 1 1 1 1 1 1
/m/095l0 /sports/sports_team_location/teams /m/01dtl 1 1 1 1 1 1
/m/0k9p4 /sports/sports_team_location/teams /m/04wmvz 9708 9708 0 0 0 0
