/m/0jnpc /sports/sports_team/roster./ice_hockey/hockey_roster_position/position /m/02qvzf 9 1 1 1 0 1
/m/0hn2q /sports/sports_team/roster./ice_hockey/hockey_roster_position/position /m/02qvzf 22 3 0 1 0 0
/m/0bszz /sports/sports_team/roster./ice_hockey/hockey_roster_position/position /m/02qvl7 17 1 0 1 0 1
/m/0c41y70 /sports/sports_team/roster./ice_hockey/hockey_roster_position/position /m/02qvdc 21 2 0 1 0 0
/m/0j5m6 /sports/sports_team/roster./ice_hockey/hockey_roster_position/position /m/02qvdc 6 1 1 1 0 1
/m/0j5m6 /sports/sports_team/roster./ice_hockey/hockey_roster_position/position /m/02qvzf 6 1 1 1 0 1
/m/0c1gj5 /sports/sports_team/roster./ice_hockey/hockey_roster_position/position /m/02qvgy 5 1 1 1 0 1
/m/0jnrk /sports/sports_team/roster./ice_hockey/hockey_roster_position/position /m/02qvdc 7 1 1 1 0 1
/m/0jnrk /sports/sports_team/roster./ice_hockey/hockey_roster_position/position /m/02qvl7 14 1 0 1 0 1
/m/02r7lqg /sports/sports_team/roster./ice_hockey/hockey_roster_position/position /m/02qvgy 10 1 1 1 0 1
/m/02hqt6 /sports/sports_team/roster./ice_hockey/hockey_roster_position/position /m/02qvl7 6 1 1 1 0 1
/m/048ldh /sports/sports_team/roster./ice_hockey/hockey_roster_position/position /m/02qvdc 23 2 0 1 0 0
/m/04l5d0 /sports/sports_team/roster./ice_hockey/hockey_roster_position/position /m/02qvdc 9 1 1 1 0 1
/m/0jnr_ /sports/sports_team/roster./ice_hockey/hockey_roster_position/position /m/02qvl7 17 1 0 1 0 1
/m/04l5d0 /sports/sports_team/roster./ice_hockey/hockey_roster_position/position /m/02qvzf 17 3 0 1 0 0
/m/0jnr_ /sports/sports_team/roster./ice_hockey/hockey_roster_position/position /m/02qvzf 9 1 1 1 0 1
/m/04l57x /sports/sports_team/roster./ice_hockey/hockey_roster_position/position /m/02qvdc 15 2 0 1 0 0
/m/0gx159f /sports/sports_team/roster./ice_hockey/hockey_roster_position/position /m/02qvgy 4 1 1 1 0 1
/m/0hmt3 /sports/sports_team/roster./ice_hockey/hockey_roster_position/position /m/02qvdc 26 2 0 1 0 0
/m/0hn6d /sports/sports_team/roster./ice_hockey/hockey_roster_position/position /m/02qvl7 19 1 0 1 0 1
/m/0jnnx /sports/sports_team/roster./ice_hockey/hockey_roster_position/position /m/02qvl7 16 1 0 1 0 1
/m/02fp3 /sports/sports_team/roster./ice_hockey/hockey_roster_position/position /m/02qvzf 19 3 0 1 0 0
