/m/070ltt /tv/tv_program/country_of_origin /m/09c7w0 116 18 0 0 0 0
/m/02py9yf /tv/tv_program/country_of_origin /m/09c7w0 126 24 0 0 0 0
/m/0fpxp /tv/tv_program/country_of_origin /m/09c7w0 109 14 0 0 0 0
/m/01fszq /tv/tv_program/country_of_origin /m/09c7w0 74 1 0 1 0 1
/m/05397h /tv/tv_program/country_of_origin /m/07ssc 13 1 0 1 0 1
/m/01qn7n /tv/tv_program/country_of_origin /m/09c7w0 136 32 0 0 0 0
/m/064r97z /tv/tv_program/country_of_origin /m/09c7w0 121 20 0 0 0 0
/m/0c3xpwy /tv/tv_program/country_of_origin /m/09c7w0 133 29 0 0 0 0
/m/045nc5 /tv/tv_program/country_of_origin /m/03_3d 21 1 0 1 0 1
/m/04x4gj /tv/tv_program/country_of_origin /m/09c7w0 164 54 0 0 0 0
/m/01b66d /tv/tv_program/country_of_origin /m/09c7w0 85 4 0 1 0 0
/m/03j63k /tv/tv_program/country_of_origin /m/07ssc 18 1 0 1 0 1
/m/050kh5 /tv/tv_program/country_of_origin /m/03rk0 1 1 1 1 1 1
/m/04hs7d /tv/tv_program/country_of_origin /m/09c7w0 226 115 0 0 0 0
/m/02k_4g /tv/tv_program/country_of_origin /m/09c7w0 89 5 0 1 0 0
/m/07wqr6 /tv/tv_program/country_of_origin /m/09c7w0 100 11 0 0 0 0
/m/02rq7nd /tv/tv_program/country_of_origin /m/0chghy 2071 2071 0 0 0 0
/m/02gjrc /tv/tv_program/country_of_origin /m/07ssc 51 26 0 0 0 0
/m/0q9nj /tv/tv_program/country_of_origin /m/09c7w0 177 66 0 0 0 0
/m/06w7mlh /tv/tv_program/country_of_origin /m/0d060g 32 31 0 0 0 0
/m/043p28m /tv/tv_program/country_of_origin /m/09c7w0 160 51 0 0 0 0
/m/07s8z_l /tv/tv_program/country_of_origin /m/09c7w0 105 12 0 0 0 0
/m/053x8hr /tv/tv_program/country_of_origin /m/07ssc 15 1 0 1 0 1
/m/06r4f /tv/tv_program/country_of_origin /m/09c7w0 132 29 0 0 0 0
/m/045nc5 /tv/tv_program/country_of_origin /m/09c7w0 250 139 0 0 0 0
/m/02_1q9 /tv/tv_program/country_of_origin /m/09c7w0 86 4 0 1 0 0
/m/02648p /tv/tv_program/country_of_origin /m/09c7w0 140 34 0 0 0 0
/m/025ljp /tv/tv_program/country_of_origin /m/09c7w0 112 16 0 0 0 0
/m/06w7mlh /tv/tv_program/country_of_origin /m/09c7w0 113 16 0 0 0 0
/m/027tbrc /tv/tv_program/country_of_origin /m/09c7w0 97 9 0 1 0 0
/m/026y3cf /tv/tv_program/country_of_origin /m/09c7w0 84 4 0 1 0 0
/m/0ddd0gc /tv/tv_program/country_of_origin /m/07ssc 42 18 0 0 0 0
/m/04svwx /tv/tv_program/country_of_origin /m/03_3d 16 1 0 1 0 1
/m/02r2j8 /tv/tv_program/country_of_origin /m/09c7w0 141 34 0 0 0 0
/m/04bp0l /tv/tv_program/country_of_origin /m/09c7w0 159 51 0 0 0 0
