/m/05_z42 /tv/tv_program/program_creator /m/06msq2 2 2 1 1 0 0
/m/05631 /tv/tv_program/program_creator /m/081nh 1 1 1 1 1 1
/m/0kfpm /tv/tv_program/program_creator /m/03xp8d5 1 1 1 1 1 1
/m/0123qq /tv/tv_program/program_creator /m/01vz80y 1 1 1 1 1 1
/m/07g9f /tv/tv_program/program_creator /m/01gp_x 1 1 1 1 1 1
/m/06qwh /tv/tv_program/program_creator /m/03ft8 3 1 1 1 0 1
/m/0k0q73t /tv/tv_program/program_creator /m/01w92 0 0 0 0
/m/05f4vxd /tv/tv_program/program_creator /m/07g7h2 1 1 1 1 1 1
/m/099pks /tv/tv_program/program_creator /m/01p8r8 1 1 1 1 1 1
/m/01fx1l /tv/tv_program/program_creator /m/01my4f 4 1 1 1 0 1
/m/06qw_ /tv/tv_program/program_creator /m/01rlxt 1 1 1 1 1 1
/m/02gl58 /tv/tv_program/program_creator /m/046mxj 1 1 1 1 1 1
/m/06mr2s /tv/tv_program/program_creator /m/0b4rf3 1 1 1 1 1 1
/m/0vjr /tv/tv_program/program_creator /m/01my4f 3 1 1 1 0 1
/m/0q9jk /tv/tv_program/program_creator /m/02qlkc3 4 3 1 1 0 0
/m/03y3bp7 /tv/tv_program/program_creator /m/0f87jy 1 1 1 1 1 1
/m/01h72l /tv/tv_program/program_creator /m/04s04 2 1 1 1 0 1
/m/0584r4 /tv/tv_program/program_creator /m/0gz5hs 1 1 1 1 1 1
/m/01b64v /tv/tv_program/program_creator /m/057d89 2 1 1 1 0 1
/m/0h3mh3q /tv/tv_program/program_creator /m/07g7h2 2 1 1 1 0 1
/m/0d_rw /tv/tv_program/program_creator /m/0pqzh 2 1 1 1 0 1
/m/04x4gj /tv/tv_program/program_creator /m/0pqzh 1 1 1 1 1 1
/m/0330r /tv/tv_program/program_creator /m/02bvt 1 1 1 1 1 1
