/m/02sqkh /tv/tv_program/tv_producer./tv/tv_producer_term/producer /m/0438pz 4 1 1 1 0 1
/m/01yb1y /tv/tv_program/tv_producer./tv/tv_producer_term/producer /m/01s7z0 2 1 1 1 0 1
/m/0266s9 /tv/tv_program/tv_producer./tv/tv_producer_term/producer /m/02661h 1 1 1 1 1 1
/m/07g9f /tv/tv_program/tv_producer./tv/tv_producer_term/producer /m/025y9fn 1 1 1 1 1 1
/m/0fhzwl /tv/tv_program/tv_producer./tv/tv_producer_term/producer /m/0382m4 1 1 1 1 1 1
/m/02czd5 /tv/tv_program/tv_producer./tv/tv_producer_term/producer /m/0603qp 2 1 1 1 0 1
/m/02kk_c /tv/tv_program/tv_producer./tv/tv_producer_term/producer /m/0bxtg 2 1 1 1 0 1
/m/06mr2s /tv/tv_program/tv_producer./tv/tv_producer_term/producer /m/0b4rf3 2 1 1 1 0 1
/m/0gvsh7l /tv/tv_program/tv_producer./tv/tv_producer_term/producer /m/07lwsz 3 1 1 1 0 1
/m/0l76z /tv/tv_program/tv_producer./tv/tv_producer_term/producer /m/03ktjq 3 2 1 1 0 0
/m/0cs134 /tv/tv_program/tv_producer./tv/tv_producer_term/producer /m/06x58 1 1 1 1 1 1
/m/019nnl /tv/tv_program/tv_producer./tv/tv_producer_term/producer /m/021yw7 1 1 1 1 1 1
/m/063ykwt /tv/tv_program/tv_producer./tv/tv_producer_term/producer /m/02tn0_ 2 1 1 1 0 1
/m/01h72l /tv/tv_program/tv_producer./tv/tv_producer_term/producer /m/055sjw 1 1 1 1 1 1
/m/0g60z /tv/tv_program/tv_producer./tv/tv_producer_term/producer /m/01d8yn 1 1 1 1 1 1
/m/0d68qy /tv/tv_program/tv_producer./tv/tv_producer_term/producer /m/0284gcb 1 1 1 1 1 1
/m/0828jw /tv/tv_program/tv_producer./tv/tv_producer_term/producer /m/09hd6f 1 1 1 1 1 1
/m/0vhm /tv/tv_program/tv_producer./tv/tv_producer_term/producer /m/06pj8 6 1 1 1 0 1
/m/08jgk1 /tv/tv_program/tv_producer./tv/tv_producer_term/producer /m/0cj2t3 1 1 1 1 1 1
/m/0584r4 /tv/tv_program/tv_producer./tv/tv_producer_term/producer /m/0gz5hs 1 1 1 1 1 1
/m/0304nh /tv/tv_program/tv_producer./tv/tv_producer_term/producer /m/01xcr4 1 1 1 1 1 1
/m/06qv_ /tv/tv_program/tv_producer./tv/tv_producer_term/producer /m/03ft8 1 1 1 1 1 1
/m/01j7mr /tv/tv_program/tv_producer./tv/tv_producer_term/producer /m/02xs0q 1 1 1 1 1 1
/m/03gvm3t /tv/tv_program/tv_producer./tv/tv_producer_term/producer /m/01pfkw 1 1 1 1 1 1
/m/02906 /tv/tv_program/tv_producer./tv/tv_producer_term/producer /m/02c0mv 1 1 1 1 1 1
/m/019nnl /tv/tv_program/tv_producer./tv/tv_producer_term/producer /m/0f721s 10 1 1 1 0 1
/m/01f3p_ /tv/tv_program/tv_producer./tv/tv_producer_term/producer /m/09hd6f 2 1 1 1 0 1
/m/04p5cr /tv/tv_program/tv_producer./tv/tv_producer_term/producer /m/0h53p1 2 1 1 1 0 1
/m/03nt59 /tv/tv_program/tv_producer./tv/tv_producer_term/producer /m/0603qp 4 2 1 1 0 0
/m/0q9nj /tv/tv_program/tv_producer./tv/tv_producer_term/producer /m/02kmx6 4 2 1 1 0 0
/m/0hz55 /tv/tv_program/tv_producer./tv/tv_producer_term/producer /m/04rtpt 5 3 1 1 0 0
/m/0828jw /tv/tv_program/tv_producer./tv/tv_producer_term/producer /m/09hd16 1 1 1 1 1 1
/m/0828jw /tv/tv_program/tv_producer./tv/tv_producer_term/producer /m/0brkwj 1 1 1 1 1 1
/m/06r1k /tv/tv_program/tv_producer./tv/tv_producer_term/producer /m/03ft8 2 1 1 1 0 1
/m/0fkwzs /tv/tv_program/tv_producer./tv/tv_producer_term/producer /m/04n7njg 1 1 1 1 1 1
/m/04f6hhm /tv/tv_program/tv_producer./tv/tv_producer_term/producer /m/03w9sgh 3 1 1 1 0 1
/m/02_1rq /tv/tv_program/tv_producer./tv/tv_producer_term/producer /m/02kmx6 1 1 1 1 1 1
/m/02kk_c /tv/tv_program/tv_producer./tv/tv_producer_term/producer /m/04wvhz 1 1 1 1 1 1
/m/0330r /tv/tv_program/tv_producer./tv/tv_producer_term/producer /m/026_dcw 2 1 1 1 0 1
/m/02kk_c /tv/tv_program/tv_producer./tv/tv_producer_term/producer /m/04rtpt 2 1 1 1 0 1
/m/0d68qy /tv/tv_program/tv_producer./tv/tv_producer_term/producer /m/0277470 1 1 1 1 1 1
/m/02hct1 /tv/tv_program/tv_producer./tv/tv_producer_term/producer /m/06brp0 1 1 1 1 1 1
/m/04xbq3 /tv/tv_program/tv_producer./tv/tv_producer_term/producer /m/0162c8 1 1 1 1 1 1
/m/028k2x /tv/tv_program/tv_producer./tv/tv_producer_term/producer /m/06jrhz 7 6 1 1 0 0
/m/03g9xj /tv/tv_program/tv_producer./tv/tv_producer_term/producer /m/04snp2 3 1 1 1 0 1
/m/02qkq0 /tv/tv_program/tv_producer./tv/tv_producer_term/producer /m/019pkm 3 1 1 1 0 1
/m/08jgk1 /tv/tv_program/tv_producer./tv/tv_producer_term/producer /m/0b7gxq 1 1 1 1 1 1
/m/063zky /tv/tv_program/tv_producer./tv/tv_producer_term/producer /m/0488g9 1 1 1 1 1 1
/m/019nnl /tv/tv_program/tv_producer./tv/tv_producer_term/producer /m/027xbpw 1 1 1 1 1 1
/m/01b64v /tv/tv_program/tv_producer./tv/tv_producer_term/producer /m/057d89 3 2 1 1 0 0
