/m/01lp8 /user/tsegaran/random/taxonomy_subject/entry./user/tsegaran/random/taxonomy_entry/taxonomy /m/04n6k 289 34 0 0 0 0
/m/07t21 /user/tsegaran/random/taxonomy_subject/entry./user/tsegaran/random/taxonomy_entry/taxonomy /m/04n6k 299 34 0 0 0 0
/m/01pwz /user/tsegaran/random/taxonomy_subject/entry./user/tsegaran/random/taxonomy_entry/taxonomy /m/04n6k 285 34 0 0 0 0
/m/0j5g9 /user/tsegaran/random/taxonomy_subject/entry./user/tsegaran/random/taxonomy_entry/taxonomy /m/04n6k 509 226 0 0 0 0
/m/05bmq /user/tsegaran/random/taxonomy_subject/entry./user/tsegaran/random/taxonomy_entry/taxonomy /m/04n6k 247 34 0 0 0 0
/m/02rxj /user/tsegaran/random/taxonomy_subject/entry./user/tsegaran/random/taxonomy_entry/taxonomy /m/04n6k 890 603 0 0 0 0
/m/0qb7t /user/tsegaran/random/taxonomy_subject/entry./user/tsegaran/random/taxonomy_entry/taxonomy /m/04n6k 298 34 0 0 0 0
/m/05fh2 /user/tsegaran/random/taxonomy_subject/entry./user/tsegaran/random/taxonomy_entry/taxonomy /m/04n6k 288 34 0 0 0 0
/m/07dzf /user/tsegaran/random/taxonomy_subject/entry./user/tsegaran/random/taxonomy_entry/taxonomy /m/04n6k 190 19 0 0 0 0
/m/0gzh /user/tsegaran/random/taxonomy_subject/entry./user/tsegaran/random/taxonomy_entry/taxonomy /m/04n6k 392 113 0 0 0 0
/m/034ns /user/tsegaran/random/taxonomy_subject/entry./user/tsegaran/random/taxonomy_entry/taxonomy /m/04n6k 452 171 0 0 0 0
/m/022840 /user/tsegaran/random/taxonomy_subject/entry./user/tsegaran/random/taxonomy_entry/taxonomy /m/04n6k 288 34 0 0 0 0
/m/025x7g_ /user/tsegaran/random/taxonomy_subject/entry./user/tsegaran/random/taxonomy_entry/taxonomy /m/04n6k 298 34 0 0 0 0
/m/015fr /user/tsegaran/random/taxonomy_subject/entry./user/tsegaran/random/taxonomy_entry/taxonomy /m/04n6k 143 9 0 1 0 0
/m/012wgb /user/tsegaran/random/taxonomy_subject/entry./user/tsegaran/random/taxonomy_entry/taxonomy /m/04n6k 258 34 0 0 0 0
/m/07c1v /user/tsegaran/random/taxonomy_subject/entry./user/tsegaran/random/taxonomy_entry/taxonomy /m/04n6k 290 34 0 0 0 0
/m/016zwt /user/tsegaran/random/taxonomy_subject/entry./user/tsegaran/random/taxonomy_entry/taxonomy /m/04n6k 240 34 0 0 0 0
/m/026y05 /user/tsegaran/random/taxonomy_subject/entry./user/tsegaran/random/taxonomy_entry/taxonomy /m/04n6k 298 34 0 0 0 0
/m/04rjg /user/tsegaran/random/taxonomy_subject/entry./user/tsegaran/random/taxonomy_entry/taxonomy /m/04n6k 186 18 0 0 0 0
/m/03_js /user/tsegaran/random/taxonomy_subject/entry./user/tsegaran/random/taxonomy_entry/taxonomy /m/04n6k 265 34 0 0 0 0
/m/083pr /user/tsegaran/random/taxonomy_subject/entry./user/tsegaran/random/taxonomy_entry/taxonomy /m/04n6k 268 34 0 0 0 0
/m/03g3w /user/tsegaran/random/taxonomy_subject/entry./user/tsegaran/random/taxonomy_entry/taxonomy /m/04n6k 210 23 0 0 0 0
/m/01664_ /user/tsegaran/random/taxonomy_subject/entry./user/tsegaran/random/taxonomy_entry/taxonomy /m/04n6k 298 34 0 0 0 0
/m/02_7t /user/tsegaran/random/taxonomy_subject/entry./user/tsegaran/random/taxonomy_entry/taxonomy /m/04n6k 189 19 0 0 0 0
/m/03f2w /user/tsegaran/random/taxonomy_subject/entry./user/tsegaran/random/taxonomy_entry/taxonomy /m/04n6k 196 19 0 0 0 0
/m/0b3wk /user/tsegaran/random/taxonomy_subject/entry./user/tsegaran/random/taxonomy_entry/taxonomy /m/04n6k 277 34 0 0 0 0
/m/083p7 /user/tsegaran/random/taxonomy_subject/entry./user/tsegaran/random/taxonomy_entry/taxonomy /m/04n6k 256 34 0 0 0 0
/m/07t2k /user/tsegaran/random/taxonomy_subject/entry./user/tsegaran/random/taxonomy_entry/taxonomy /m/04n6k 262 34 0 0 0 0
/m/0jdd /user/tsegaran/random/taxonomy_subject/entry./user/tsegaran/random/taxonomy_entry/taxonomy /m/04n6k 234 34 0 0 0 0
/m/05fkf /user/tsegaran/random/taxonomy_subject/entry./user/tsegaran/random/taxonomy_entry/taxonomy /m/04n6k 151 9 0 1 0 0
/m/0d060g /user/tsegaran/random/taxonomy_subject/entry./user/tsegaran/random/taxonomy_entry/taxonomy /m/04n6k 118 3 0 1 0 0
/m/06vbd /user/tsegaran/random/taxonomy_subject/entry./user/tsegaran/random/taxonomy_entry/taxonomy /m/04n6k 239 34 0 0 0 0
/m/0jvq /user/tsegaran/random/taxonomy_subject/entry./user/tsegaran/random/taxonomy_entry/taxonomy /m/04n6k 298 34 0 0 0 0
/m/07f5x /user/tsegaran/random/taxonomy_subject/entry./user/tsegaran/random/taxonomy_entry/taxonomy /m/04n6k 253 34 0 0 0 0
/m/04tgp /user/tsegaran/random/taxonomy_subject/entry./user/tsegaran/random/taxonomy_entry/taxonomy /m/04n6k 128 6 0 1 0 0
/m/06btq /user/tsegaran/random/taxonomy_subject/entry./user/tsegaran/random/taxonomy_entry/taxonomy /m/04n6k 211 23 0 0 0 0
/m/05sb1 /user/tsegaran/random/taxonomy_subject/entry./user/tsegaran/random/taxonomy_entry/taxonomy /m/04n6k 155 9 0 1 0 0
/m/01rxw /user/tsegaran/random/taxonomy_subject/entry./user/tsegaran/random/taxonomy_entry/taxonomy /m/04n6k 257 34 0 0 0 0
/m/0x67 /user/tsegaran/random/taxonomy_subject/entry./user/tsegaran/random/taxonomy_entry/taxonomy /m/04n6k 295 34 0 0 0 0
/m/0jgd /user/tsegaran/random/taxonomy_subject/entry./user/tsegaran/random/taxonomy_entry/taxonomy /m/04n6k 144 9 0 1 0 0
/m/06npd /user/tsegaran/random/taxonomy_subject/entry./user/tsegaran/random/taxonomy_entry/taxonomy /m/04n6k 228 32 0 0 0 0
/m/07ww5 /user/tsegaran/random/taxonomy_subject/entry./user/tsegaran/random/taxonomy_entry/taxonomy /m/04n6k 278 34 0 0 0 0
/m/06tw8 /user/tsegaran/random/taxonomy_subject/entry./user/tsegaran/random/taxonomy_entry/taxonomy /m/04n6k 244 34 0 0 0 0
/m/0jgx /user/tsegaran/random/taxonomy_subject/entry./user/tsegaran/random/taxonomy_entry/taxonomy /m/04n6k 345 71 0 0 0 0
/m/087vz /user/tsegaran/random/taxonomy_subject/entry./user/tsegaran/random/taxonomy_entry/taxonomy /m/04n6k 123 5 0 1 0 0
/m/0cd25 /user/tsegaran/random/taxonomy_subject/entry./user/tsegaran/random/taxonomy_entry/taxonomy /m/04n6k 290 34 0 0 0 0
/m/04s9n /user/tsegaran/random/taxonomy_subject/entry./user/tsegaran/random/taxonomy_entry/taxonomy /m/04n6k 285 34 0 0 0 0
/m/0gjm7 /user/tsegaran/random/taxonomy_subject/entry./user/tsegaran/random/taxonomy_entry/taxonomy /m/04n6k 292 34 0 0 0 0
/m/03_nq /user/tsegaran/random/taxonomy_subject/entry./user/tsegaran/random/taxonomy_entry/taxonomy /m/04n6k 266 34 0 0 0 0
/m/015c1b /user/tsegaran/random/taxonomy_subject/entry./user/tsegaran/random/taxonomy_entry/taxonomy /m/04n6k 296 34 0 0 0 0
