pca confidence count
/m/019y64 /american_football/football_player/former_teams./sports/sports_team_roster/team /m/02wvfxl 1 1 1 1
/m/0444x /american_football/football_player/former_teams./sports/sports_team_roster/team /m/06rpd 1 1 0 1
/m/0444x /american_football/football_player/former_teams./sports/sports_team_roster/team /m/01lpx8 1 1 0 1
/m/019g65 /american_football/football_player/former_teams./sports/sports_team_roster/team /m/0bs09lb 1 1 1 1
std confidence count
/m/019y64 /american_football/football_player/former_teams./sports/sports_team_roster/team /m/02wvfxl 1 1 1 1
/m/0444x /american_football/football_player/former_teams./sports/sports_team_roster/team /m/06rpd 1 1 0 1
/m/0444x /american_football/football_player/former_teams./sports/sports_team_roster/team /m/01lpx8 1 1 0 1
/m/019g65 /american_football/football_player/former_teams./sports/sports_team_roster/team /m/0bs09lb 1 1 1 1
pca confidence sum
/m/019y64 /american_football/football_player/former_teams./sports/sports_team_roster/team /m/02wvfxl 1 1 1 1
/m/0444x /american_football/football_player/former_teams./sports/sports_team_roster/team /m/06rpd 1 1 0 0
/m/0444x /american_football/football_player/former_teams./sports/sports_team_roster/team /m/01lpx8 1 1 0 1
/m/019g65 /american_football/football_player/former_teams./sports/sports_team_roster/team /m/0bs09lb 1 1 1 1
std confidence sum
/m/019y64 /american_football/football_player/former_teams./sports/sports_team_roster/team /m/02wvfxl 1 1 1 1
/m/0444x /american_football/football_player/former_teams./sports/sports_team_roster/team /m/06rpd 1 1 0 1
/m/0444x /american_football/football_player/former_teams./sports/sports_team_roster/team /m/01lpx8 1 1 0 1
/m/019g65 /american_football/football_player/former_teams./sports/sports_team_roster/team /m/0bs09lb 1 1 1 1
