pca confidence count
/m/02c_4 /american_football/football_team/current_roster./american_football/football_roster_position/position /m/06b1q 0 1 0 0
/m/02896 /american_football/football_team/current_roster./american_football/football_roster_position/position /m/023wyl 0 1 0 0
/m/0487_ /american_football/football_team/current_roster./american_football/football_roster_position/position /m/01_9c1 0 1 0 0
/m/05l71 /american_football/football_team/current_roster./american_football/football_roster_position/position /m/02g_6x 0 0 0 0
/m/0wsr /american_football/football_team/current_roster./american_football/football_roster_position/position /m/01r3hr 0 1 0 0
/m/03gqb0k /american_football/football_team/current_roster./american_football/football_roster_position/position /m/047g8h 0 0 0 0
/m/026bt_h /american_football/football_team/current_roster./american_football/football_roster_position/position /m/01_9c1 0 1 0 0
/m/02pd1q9 /american_football/football_team/current_roster./american_football/football_roster_position/position /m/05zm34 0 0 0 0
/m/01y49 /american_football/football_team/current_roster./american_football/football_roster_position/position /m/02g_6j 0 0 0 0
/m/051q5 /american_football/football_team/current_roster./american_football/football_roster_position/position /m/023wyl 0 1 0 0
/m/06rny /american_football/football_team/current_roster./american_football/football_roster_position/position /m/023wyl 0 1 0 0
/m/0ftf0f /american_football/football_team/current_roster./american_football/football_roster_position/position /m/02g_7z 0 0 0 0
/m/026cmdc /american_football/football_team/current_roster./american_football/football_roster_position/position /m/02g_6x 0 0 0 0
/m/02vklm3 /american_football/football_team/current_roster./american_football/football_roster_position/position /m/02g_6j 0 0 0 0
/m/01y3v /american_football/football_team/current_roster./american_football/football_roster_position/position /m/05zm34 0 0 0 0
/m/0fsb_6 /american_football/football_team/current_roster./american_football/football_roster_position/position /m/02g_7z 0 1 0 0
/m/07kbp5 /american_football/football_team/current_roster./american_football/football_roster_position/position /m/04nfpk 0 0 0 0
/m/02vklm3 /american_football/football_team/current_roster./american_football/football_roster_position/position /m/02qpbqj 0 1 0 0
/m/0bs09lb /american_football/football_team/current_roster./american_football/football_roster_position/position /m/06b1q 0 1 0 0
/m/04ls81 /american_football/football_team/current_roster./american_football/football_roster_position/position /m/01r3hr 0 1 0 0
/m/057xlyq /american_football/football_team/current_roster./american_football/football_roster_position/position /m/06b1q 0 0 0 0
/m/05l71 /american_football/football_team/current_roster./american_football/football_roster_position/position /m/01r3hr 0 1 0 0
/m/01y49 /american_football/football_team/current_roster./american_football/football_roster_position/position /m/05zm34 0 1 0 0
/m/03gqb0k /american_football/football_team/current_roster./american_football/football_roster_position/position /m/05zm34 0 0 0 0
/m/01y3v /american_football/football_team/current_roster./american_football/football_roster_position/position /m/08ns5s 0 0 0 0
/m/02pd1q9 /american_football/football_team/current_roster./american_football/football_roster_position/position /m/05b3ts 0 0 0 0
/m/0fsb_6 /american_football/football_team/current_roster./american_football/football_roster_position/position /m/02g_6j 0 0 0 0
/m/043tz8m /american_football/football_team/current_roster./american_football/football_roster_position/position /m/05zm34 0 0 0 0
/m/026ldz7 /american_football/football_team/current_roster./american_football/football_roster_position/position /m/02g_7z 0 0 0 0
/m/02pd1q9 /american_football/football_team/current_roster./american_football/football_roster_position/position /m/01_9c1 0 1 0 0
/m/01y3c /american_football/football_team/current_roster./american_football/football_roster_position/position /m/047g8h 0 0 0 0
/m/03915c /american_football/football_team/current_roster./american_football/football_roster_position/position /m/02g_6x 0 0 0 0
/m/02c_4 /american_football/football_team/current_roster./american_football/football_roster_position/position /m/02g_7z 0 0 0 0
/m/0ws7 /american_football/football_team/current_roster./american_football/football_roster_position/position /m/05b3ts 0 0 0 0
/m/025_64l /american_football/football_team/current_roster./american_football/football_roster_position/position /m/02vkdwz 1 1 0 1
/m/03wnh /american_football/football_team/current_roster./american_football/football_roster_position/position /m/047g8h 0 0 0 0
/m/01lpx8 /american_football/football_team/current_roster./american_football/football_roster_position/position /m/06b1q 0 0 0 0
/m/043vc /american_football/football_team/current_roster./american_football/football_roster_position/position /m/04nfpk 0 0 0 0
/m/025_64l /american_football/football_team/current_roster./american_football/football_roster_position/position /m/02g_6x 0 0 0 0
/m/0289q /american_football/football_team/current_roster./american_football/football_roster_position/position /m/05b3ts 0 1 0 0
/m/02px_23 /american_football/football_team/current_roster./american_football/football_roster_position/position /m/047g8h 0 0 0 0
/m/0fsb_6 /american_football/football_team/current_roster./american_football/football_roster_position/position /m/04nfpk 0 0 0 0
/m/02wvfxl /american_football/football_team/current_roster./american_football/football_roster_position/position /m/02g_6j 0 0 0 0
/m/07kbp5 /american_football/football_team/current_roster./american_football/football_roster_position/position /m/02vkdwz 1 1 0 1
/m/05l71 /american_football/football_team/current_roster./american_football/football_roster_position/position /m/047g8h 0 0 0 0
/m/01c_d /american_football/football_team/current_roster./american_football/football_roster_position/position /m/02g_6j 0 0 0 0
/m/05g3v /american_football/football_team/current_roster./american_football/football_roster_position/position /m/02g_6x 0 0 0 0
/m/01lpwh /american_football/football_team/current_roster./american_football/football_roster_position/position /m/0bgv8y 1 1 1 1
/m/04ls81 /american_football/football_team/current_roster./american_football/football_roster_position/position /m/02vkdwz 1 1 0 1
/m/07kbp5 /american_football/football_team/current_roster./american_football/football_roster_position/position /m/08ns5s 0 0 0 0
/m/0ftf0f /american_football/football_team/current_roster./american_football/football_roster_position/position /m/08ns5s 0 0 0 0
/m/07kbp5 /american_football/football_team/current_roster./american_football/football_roster_position/position /m/01_9c1 0 1 0 0
/m/02896 /american_football/football_team/current_roster./american_football/football_roster_position/position /m/04nfpk 0 0 0 0
/m/0ftf0f /american_football/football_team/current_roster./american_football/football_roster_position/position /m/05zm34 0 1 0 0
/m/043vc /american_football/football_team/current_roster./american_football/football_roster_position/position /m/02g_6x 0 0 0 0
/m/07kbp5 /american_football/football_team/current_roster./american_football/football_roster_position/position /m/02qpbqj 0 1 0 0
/m/0ftf0f /american_football/football_team/current_roster./american_football/football_roster_position/position /m/01snvb 1 1 0 1
/m/06x76 /american_football/football_team/current_roster./american_football/football_roster_position/position /m/06b1q 0 1 0 0
/m/05g3v /american_football/football_team/current_roster./american_football/football_roster_position/position /m/02qpbqj 0 1 0 0
/m/057xkj_ /american_football/football_team/current_roster./american_football/football_roster_position/position /m/02g_6x 0 0 0 0
/m/05gg4 /american_football/football_team/current_roster./american_football/football_roster_position/position /m/04nfpk 0 0 0 0
/m/05g3b /american_football/football_team/current_roster./american_football/football_roster_position/position /m/02g_7z 0 0 0 0
std confidence count
/m/02c_4 /american_football/football_team/current_roster./american_football/football_roster_position/position /m/06b1q 0 1 0 1
/m/02896 /american_football/football_team/current_roster./american_football/football_roster_position/position /m/023wyl 0 1 0 1
/m/0487_ /american_football/football_team/current_roster./american_football/football_roster_position/position /m/01_9c1 0 1 0 0
/m/05l71 /american_football/football_team/current_roster./american_football/football_roster_position/position /m/02g_6x 0 1 0 0
/m/0wsr /american_football/football_team/current_roster./american_football/football_roster_position/position /m/01r3hr 0 1 0 1
/m/03gqb0k /american_football/football_team/current_roster./american_football/football_roster_position/position /m/047g8h 0 1 0 0
/m/026bt_h /american_football/football_team/current_roster./american_football/football_roster_position/position /m/01_9c1 0 1 0 0
/m/02pd1q9 /american_football/football_team/current_roster./american_football/football_roster_position/position /m/05zm34 0 1 0 0
/m/01y49 /american_football/football_team/current_roster./american_football/football_roster_position/position /m/02g_6j 0 1 0 1
/m/051q5 /american_football/football_team/current_roster./american_football/football_roster_position/position /m/023wyl 0 1 0 1
/m/06rny /american_football/football_team/current_roster./american_football/football_roster_position/position /m/023wyl 0 1 0 1
/m/0ftf0f /american_football/football_team/current_roster./american_football/football_roster_position/position /m/02g_7z 0 1 0 0
/m/026cmdc /american_football/football_team/current_roster./american_football/football_roster_position/position /m/02g_6x 0 1 0 1
/m/02vklm3 /american_football/football_team/current_roster./american_football/football_roster_position/position /m/02g_6j 0 1 0 1
/m/01y3v /american_football/football_team/current_roster./american_football/football_roster_position/position /m/05zm34 0 1 0 0
/m/0fsb_6 /american_football/football_team/current_roster./american_football/football_roster_position/position /m/02g_7z 0 1 0 1
/m/07kbp5 /american_football/football_team/current_roster./american_football/football_roster_position/position /m/04nfpk 0 1 0 0
/m/02vklm3 /american_football/football_team/current_roster./american_football/football_roster_position/position /m/02qpbqj 0 1 0 0
/m/0bs09lb /american_football/football_team/current_roster./american_football/football_roster_position/position /m/06b1q 0 1 0 1
/m/04ls81 /american_football/football_team/current_roster./american_football/football_roster_position/position /m/01r3hr 0 1 0 0
/m/057xlyq /american_football/football_team/current_roster./american_football/football_roster_position/position /m/06b1q 0 1 0 1
/m/05l71 /american_football/football_team/current_roster./american_football/football_roster_position/position /m/01r3hr 0 1 0 0
/m/01y49 /american_football/football_team/current_roster./american_football/football_roster_position/position /m/05zm34 0 1 0 1
/m/03gqb0k /american_football/football_team/current_roster./american_football/football_roster_position/position /m/05zm34 0 1 0 0
/m/01y3v /american_football/football_team/current_roster./american_football/football_roster_position/position /m/08ns5s 0 1 0 0
/m/02pd1q9 /american_football/football_team/current_roster./american_football/football_roster_position/position /m/05b3ts 0 1 0 0
/m/0fsb_6 /american_football/football_team/current_roster./american_football/football_roster_position/position /m/02g_6j 0 1 0 1
/m/043tz8m /american_football/football_team/current_roster./american_football/football_roster_position/position /m/05zm34 0 1 0 0
/m/026ldz7 /american_football/football_team/current_roster./american_football/football_roster_position/position /m/02g_7z 0 1 0 0
/m/02pd1q9 /american_football/football_team/current_roster./american_football/football_roster_position/position /m/01_9c1 0 1 0 0
/m/01y3c /american_football/football_team/current_roster./american_football/football_roster_position/position /m/047g8h 0 1 0 1
/m/03915c /american_football/football_team/current_roster./american_football/football_roster_position/position /m/02g_6x 0 1 0 0
/m/02c_4 /american_football/football_team/current_roster./american_football/football_roster_position/position /m/02g_7z 0 1 0 0
/m/0ws7 /american_football/football_team/current_roster./american_football/football_roster_position/position /m/05b3ts 0 1 0 0
/m/025_64l /american_football/football_team/current_roster./american_football/football_roster_position/position /m/02vkdwz 1 1 0 1
/m/03wnh /american_football/football_team/current_roster./american_football/football_roster_position/position /m/047g8h 0 1 0 0
/m/01lpx8 /american_football/football_team/current_roster./american_football/football_roster_position/position /m/06b1q 0 1 0 0
/m/043vc /american_football/football_team/current_roster./american_football/football_roster_position/position /m/04nfpk 0 1 0 1
/m/025_64l /american_football/football_team/current_roster./american_football/football_roster_position/position /m/02g_6x 0 1 0 0
/m/0289q /american_football/football_team/current_roster./american_football/football_roster_position/position /m/05b3ts 0 1 0 1
/m/02px_23 /american_football/football_team/current_roster./american_football/football_roster_position/position /m/047g8h 0 1 0 0
/m/0fsb_6 /american_football/football_team/current_roster./american_football/football_roster_position/position /m/04nfpk 0 1 0 0
/m/02wvfxl /american_football/football_team/current_roster./american_football/football_roster_position/position /m/02g_6j 0 1 0 1
/m/07kbp5 /american_football/football_team/current_roster./american_football/football_roster_position/position /m/02vkdwz 1 1 0 1
/m/05l71 /american_football/football_team/current_roster./american_football/football_roster_position/position /m/047g8h 0 1 0 1
/m/01c_d /american_football/football_team/current_roster./american_football/football_roster_position/position /m/02g_6j 0 1 0 1
/m/05g3v /american_football/football_team/current_roster./american_football/football_roster_position/position /m/02g_6x 0 1 0 1
/m/01lpwh /american_football/football_team/current_roster./american_football/football_roster_position/position /m/0bgv8y 1 1 1 1
/m/04ls81 /american_football/football_team/current_roster./american_football/football_roster_position/position /m/02vkdwz 1 1 0 1
/m/07kbp5 /american_football/football_team/current_roster./american_football/football_roster_position/position /m/08ns5s 0 1 0 0
/m/0ftf0f /american_football/football_team/current_roster./american_football/football_roster_position/position /m/08ns5s 0 1 0 0
/m/07kbp5 /american_football/football_team/current_roster./american_football/football_roster_position/position /m/01_9c1 0 1 0 0
/m/02896 /american_football/football_team/current_roster./american_football/football_roster_position/position /m/04nfpk 0 1 0 1
/m/0ftf0f /american_football/football_team/current_roster./american_football/football_roster_position/position /m/05zm34 0 1 0 0
/m/043vc /american_football/football_team/current_roster./american_football/football_roster_position/position /m/02g_6x 0 1 0 1
/m/07kbp5 /american_football/football_team/current_roster./american_football/football_roster_position/position /m/02qpbqj 0 1 0 0
/m/0ftf0f /american_football/football_team/current_roster./american_football/football_roster_position/position /m/01snvb 1 1 0 1
/m/06x76 /american_football/football_team/current_roster./american_football/football_roster_position/position /m/06b1q 0 1 0 1
/m/05g3v /american_football/football_team/current_roster./american_football/football_roster_position/position /m/02qpbqj 0 1 0 0
/m/057xkj_ /american_football/football_team/current_roster./american_football/football_roster_position/position /m/02g_6x 0 1 0 0
/m/05gg4 /american_football/football_team/current_roster./american_football/football_roster_position/position /m/04nfpk 0 1 0 1
/m/05g3b /american_football/football_team/current_roster./american_football/football_roster_position/position /m/02g_7z 0 1 0 0
pca confidence sum
/m/02c_4 /american_football/football_team/current_roster./american_football/football_roster_position/position /m/06b1q 0 1 0 1
/m/02896 /american_football/football_team/current_roster./american_football/football_roster_position/position /m/023wyl 1 1 0 1
/m/0487_ /american_football/football_team/current_roster./american_football/football_roster_position/position /m/01_9c1 1 1 0 0
/m/05l71 /american_football/football_team/current_roster./american_football/football_roster_position/position /m/02g_6x 0 1 0 1
/m/0wsr /american_football/football_team/current_roster./american_football/football_roster_position/position /m/01r3hr 1 1 0 1
/m/03gqb0k /american_football/football_team/current_roster./american_football/football_roster_position/position /m/047g8h 0 1 0 0
/m/026bt_h /american_football/football_team/current_roster./american_football/football_roster_position/position /m/01_9c1 0 0 0 0
/m/02pd1q9 /american_football/football_team/current_roster./american_football/football_roster_position/position /m/05zm34 0 1 0 0
/m/01y49 /american_football/football_team/current_roster./american_football/football_roster_position/position /m/02g_6j 0 1 0 1
/m/051q5 /american_football/football_team/current_roster./american_football/football_roster_position/position /m/023wyl 0 1 0 1
/m/06rny /american_football/football_team/current_roster./american_football/football_roster_position/position /m/023wyl 0 1 0 1
/m/0ftf0f /american_football/football_team/current_roster./american_football/football_roster_position/position /m/02g_7z 0 1 0 1
/m/026cmdc /american_football/football_team/current_roster./american_football/football_roster_position/position /m/02g_6x 0 1 0 1
/m/02vklm3 /american_football/football_team/current_roster./american_football/football_roster_position/position /m/02g_6j 0 1 0 1
/m/01y3v /american_football/football_team/current_roster./american_football/football_roster_position/position /m/05zm34 0 1 0 1
/m/0fsb_6 /american_football/football_team/current_roster./american_football/football_roster_position/position /m/02g_7z 0 1 0 1
/m/07kbp5 /american_football/football_team/current_roster./american_football/football_roster_position/position /m/04nfpk 0 1 0 1
/m/02vklm3 /american_football/football_team/current_roster./american_football/football_roster_position/position /m/02qpbqj 0 1 0 0
/m/0bs09lb /american_football/football_team/current_roster./american_football/football_roster_position/position /m/06b1q 0 1 0 1
/m/04ls81 /american_football/football_team/current_roster./american_football/football_roster_position/position /m/01r3hr 0 1 0 1
/m/057xlyq /american_football/football_team/current_roster./american_football/football_roster_position/position /m/06b1q 0 1 0 1
/m/05l71 /american_football/football_team/current_roster./american_football/football_roster_position/position /m/01r3hr 0 1 0 1
/m/01y49 /american_football/football_team/current_roster./american_football/football_roster_position/position /m/05zm34 0 1 0 1
/m/03gqb0k /american_football/football_team/current_roster./american_football/football_roster_position/position /m/05zm34 0 1 0 0
/m/01y3v /american_football/football_team/current_roster./american_football/football_roster_position/position /m/08ns5s 1 1 0 1
/m/02pd1q9 /american_football/football_team/current_roster./american_football/football_roster_position/position /m/05b3ts 0 0 0 0
/m/0fsb_6 /american_football/football_team/current_roster./american_football/football_roster_position/position /m/02g_6j 0 1 0 1
/m/043tz8m /american_football/football_team/current_roster./american_football/football_roster_position/position /m/05zm34 0 1 0 0
/m/026ldz7 /american_football/football_team/current_roster./american_football/football_roster_position/position /m/02g_7z 0 1 0 1
/m/02pd1q9 /american_football/football_team/current_roster./american_football/football_roster_position/position /m/01_9c1 0 0 0 0
/m/01y3c /american_football/football_team/current_roster./american_football/football_roster_position/position /m/047g8h 0 1 0 1
/m/03915c /american_football/football_team/current_roster./american_football/football_roster_position/position /m/02g_6x 0 0 0 0
/m/02c_4 /american_football/football_team/current_roster./american_football/football_roster_position/position /m/02g_7z 0 1 0 1
/m/0ws7 /american_football/football_team/current_roster./american_football/football_roster_position/position /m/05b3ts 0 1 0 0
/m/025_64l /american_football/football_team/current_roster./american_football/football_roster_position/position /m/02vkdwz 0 0 0 0
/m/03wnh /american_football/football_team/current_roster./american_football/football_roster_position/position /m/047g8h 0 1 0 1
/m/01lpx8 /american_football/football_team/current_roster./american_football/football_roster_position/position /m/06b1q 0 1 0 0
/m/043vc /american_football/football_team/current_roster./american_football/football_roster_position/position /m/04nfpk 1 1 0 1
/m/025_64l /american_football/football_team/current_roster./american_football/football_roster_position/position /m/02g_6x 0 1 0 1
/m/0289q /american_football/football_team/current_roster./american_football/football_roster_position/position /m/05b3ts 1 1 0 1
/m/02px_23 /american_football/football_team/current_roster./american_football/football_roster_position/position /m/047g8h 0 1 0 0
/m/0fsb_6 /american_football/football_team/current_roster./american_football/football_roster_position/position /m/04nfpk 0 1 0 1
/m/02wvfxl /american_football/football_team/current_roster./american_football/football_roster_position/position /m/02g_6j 0 1 0 1
/m/07kbp5 /american_football/football_team/current_roster./american_football/football_roster_position/position /m/02vkdwz 1 1 0 0
/m/05l71 /american_football/football_team/current_roster./american_football/football_roster_position/position /m/047g8h 0 1 0 0
/m/01c_d /american_football/football_team/current_roster./american_football/football_roster_position/position /m/02g_6j 0 1 0 1
/m/05g3v /american_football/football_team/current_roster./american_football/football_roster_position/position /m/02g_6x 0 1 0 1
/m/01lpwh /american_football/football_team/current_roster./american_football/football_roster_position/position /m/0bgv8y 1 1 0 0
/m/04ls81 /american_football/football_team/current_roster./american_football/football_roster_position/position /m/02vkdwz 1 1 0 0
/m/07kbp5 /american_football/football_team/current_roster./american_football/football_roster_position/position /m/08ns5s 0 1 0 0
/m/0ftf0f /american_football/football_team/current_roster./american_football/football_roster_position/position /m/08ns5s 0 1 0 0
/m/07kbp5 /american_football/football_team/current_roster./american_football/football_roster_position/position /m/01_9c1 0 0 0 0
/m/02896 /american_football/football_team/current_roster./american_football/football_roster_position/position /m/04nfpk 1 1 0 1
/m/0ftf0f /american_football/football_team/current_roster./american_football/football_roster_position/position /m/05zm34 0 1 0 1
/m/043vc /american_football/football_team/current_roster./american_football/football_roster_position/position /m/02g_6x 0 1 0 1
/m/07kbp5 /american_football/football_team/current_roster./american_football/football_roster_position/position /m/02qpbqj 0 1 0 0
/m/0ftf0f /american_football/football_team/current_roster./american_football/football_roster_position/position /m/01snvb 1 1 0 0
/m/06x76 /american_football/football_team/current_roster./american_football/football_roster_position/position /m/06b1q 0 1 0 1
/m/05g3v /american_football/football_team/current_roster./american_football/football_roster_position/position /m/02qpbqj 0 1 0 0
/m/057xkj_ /american_football/football_team/current_roster./american_football/football_roster_position/position /m/02g_6x 0 1 0 1
/m/05gg4 /american_football/football_team/current_roster./american_football/football_roster_position/position /m/04nfpk 0 1 0 1
/m/05g3b /american_football/football_team/current_roster./american_football/football_roster_position/position /m/02g_7z 0 1 0 1
std confidence sum
/m/02c_4 /american_football/football_team/current_roster./american_football/football_roster_position/position /m/06b1q 0 1 0 1
/m/02896 /american_football/football_team/current_roster./american_football/football_roster_position/position /m/023wyl 1 1 0 1
/m/0487_ /american_football/football_team/current_roster./american_football/football_roster_position/position /m/01_9c1 1 1 0 1
/m/05l71 /american_football/football_team/current_roster./american_football/football_roster_position/position /m/02g_6x 0 1 0 1
/m/0wsr /american_football/football_team/current_roster./american_football/football_roster_position/position /m/01r3hr 1 1 0 1
/m/03gqb0k /american_football/football_team/current_roster./american_football/football_roster_position/position /m/047g8h 0 1 0 0
/m/026bt_h /american_football/football_team/current_roster./american_football/football_roster_position/position /m/01_9c1 0 0 0 0
/m/02pd1q9 /american_football/football_team/current_roster./american_football/football_roster_position/position /m/05zm34 0 1 0 0
/m/01y49 /american_football/football_team/current_roster./american_football/football_roster_position/position /m/02g_6j 0 1 0 1
/m/051q5 /american_football/football_team/current_roster./american_football/football_roster_position/position /m/023wyl 1 1 0 1
/m/06rny /american_football/football_team/current_roster./american_football/football_roster_position/position /m/023wyl 0 1 0 1
/m/0ftf0f /american_football/football_team/current_roster./american_football/football_roster_position/position /m/02g_7z 0 1 0 1
/m/026cmdc /american_football/football_team/current_roster./american_football/football_roster_position/position /m/02g_6x 0 1 0 1
/m/02vklm3 /american_football/football_team/current_roster./american_football/football_roster_position/position /m/02g_6j 0 1 0 1
/m/01y3v /american_football/football_team/current_roster./american_football/football_roster_position/position /m/05zm34 0 1 0 1
/m/0fsb_6 /american_football/football_team/current_roster./american_football/football_roster_position/position /m/02g_7z 0 1 0 1
/m/07kbp5 /american_football/football_team/current_roster./american_football/football_roster_position/position /m/04nfpk 0 1 0 1
/m/02vklm3 /american_football/football_team/current_roster./american_football/football_roster_position/position /m/02qpbqj 0 1 0 0
/m/0bs09lb /american_football/football_team/current_roster./american_football/football_roster_position/position /m/06b1q 0 1 0 1
/m/04ls81 /american_football/football_team/current_roster./american_football/football_roster_position/position /m/01r3hr 0 1 0 1
/m/057xlyq /american_football/football_team/current_roster./american_football/football_roster_position/position /m/06b1q 0 1 0 1
/m/05l71 /american_football/football_team/current_roster./american_football/football_roster_position/position /m/01r3hr 0 1 0 1
/m/01y49 /american_football/football_team/current_roster./american_football/football_roster_position/position /m/05zm34 0 1 0 1
/m/03gqb0k /american_football/football_team/current_roster./american_football/football_roster_position/position /m/05zm34 0 1 0 0
/m/01y3v /american_football/football_team/current_roster./american_football/football_roster_position/position /m/08ns5s 1 1 0 1
/m/02pd1q9 /american_football/football_team/current_roster./american_football/football_roster_position/position /m/05b3ts 0 0 0 0
/m/0fsb_6 /american_football/football_team/current_roster./american_football/football_roster_position/position /m/02g_6j 0 1 0 1
/m/043tz8m /american_football/football_team/current_roster./american_football/football_roster_position/position /m/05zm34 0 1 0 0
/m/026ldz7 /american_football/football_team/current_roster./american_football/football_roster_position/position /m/02g_7z 0 1 0 1
/m/02pd1q9 /american_football/football_team/current_roster./american_football/football_roster_position/position /m/01_9c1 0 0 0 0
/m/01y3c /american_football/football_team/current_roster./american_football/football_roster_position/position /m/047g8h 0 1 0 1
/m/03915c /american_football/football_team/current_roster./american_football/football_roster_position/position /m/02g_6x 0 0 0 0
/m/02c_4 /american_football/football_team/current_roster./american_football/football_roster_position/position /m/02g_7z 0 1 0 1
/m/0ws7 /american_football/football_team/current_roster./american_football/football_roster_position/position /m/05b3ts 0 1 0 0
/m/025_64l /american_football/football_team/current_roster./american_football/football_roster_position/position /m/02vkdwz 0 0 0 0
/m/03wnh /american_football/football_team/current_roster./american_football/football_roster_position/position /m/047g8h 0 1 0 1
/m/01lpx8 /american_football/football_team/current_roster./american_football/football_roster_position/position /m/06b1q 0 1 0 0
/m/043vc /american_football/football_team/current_roster./american_football/football_roster_position/position /m/04nfpk 0 1 0 1
/m/025_64l /american_football/football_team/current_roster./american_football/football_roster_position/position /m/02g_6x 0 1 0 1
/m/0289q /american_football/football_team/current_roster./american_football/football_roster_position/position /m/05b3ts 1 1 0 1
/m/02px_23 /american_football/football_team/current_roster./american_football/football_roster_position/position /m/047g8h 0 1 0 0
/m/0fsb_6 /american_football/football_team/current_roster./american_football/football_roster_position/position /m/04nfpk 0 1 0 1
/m/02wvfxl /american_football/football_team/current_roster./american_football/football_roster_position/position /m/02g_6j 0 1 0 1
/m/07kbp5 /american_football/football_team/current_roster./american_football/football_roster_position/position /m/02vkdwz 1 1 0 0
/m/05l71 /american_football/football_team/current_roster./american_football/football_roster_position/position /m/047g8h 0 1 0 0
/m/01c_d /american_football/football_team/current_roster./american_football/football_roster_position/position /m/02g_6j 0 1 0 1
/m/05g3v /american_football/football_team/current_roster./american_football/football_roster_position/position /m/02g_6x 0 1 0 1
/m/01lpwh /american_football/football_team/current_roster./american_football/football_roster_position/position /m/0bgv8y 1 1 0 0
/m/04ls81 /american_football/football_team/current_roster./american_football/football_roster_position/position /m/02vkdwz 1 1 0 1
/m/07kbp5 /american_football/football_team/current_roster./american_football/football_roster_position/position /m/08ns5s 0 1 0 0
/m/0ftf0f /american_football/football_team/current_roster./american_football/football_roster_position/position /m/08ns5s 0 1 0 0
/m/07kbp5 /american_football/football_team/current_roster./american_football/football_roster_position/position /m/01_9c1 0 0 0 0
/m/02896 /american_football/football_team/current_roster./american_football/football_roster_position/position /m/04nfpk 1 1 0 1
/m/0ftf0f /american_football/football_team/current_roster./american_football/football_roster_position/position /m/05zm34 0 1 0 1
/m/043vc /american_football/football_team/current_roster./american_football/football_roster_position/position /m/02g_6x 0 1 0 1
/m/07kbp5 /american_football/football_team/current_roster./american_football/football_roster_position/position /m/02qpbqj 0 1 0 0
/m/0ftf0f /american_football/football_team/current_roster./american_football/football_roster_position/position /m/01snvb 1 1 0 0
/m/06x76 /american_football/football_team/current_roster./american_football/football_roster_position/position /m/06b1q 0 1 0 1
/m/05g3v /american_football/football_team/current_roster./american_football/football_roster_position/position /m/02qpbqj 0 1 0 0
/m/057xkj_ /american_football/football_team/current_roster./american_football/football_roster_position/position /m/02g_6x 0 1 0 1
/m/05gg4 /american_football/football_team/current_roster./american_football/football_roster_position/position /m/04nfpk 0 1 0 1
/m/05g3b /american_football/football_team/current_roster./american_football/football_roster_position/position /m/02g_7z 0 1 0 1
