pca confidence count
/m/05rznz /base/aareas/schema/administrative_area/administrative_area_type /m/0hzc9wc 0 0 0 0
/m/04vs9 /base/aareas/schema/administrative_area/administrative_area_type /m/0hzc9wc 0 0 0 0
/m/01p1v /base/aareas/schema/administrative_area/administrative_area_type /m/0hzc9wc 0 1 0 0
/m/0d05w3 /base/aareas/schema/administrative_area/administrative_area_type /m/0hzc9wc 0 1 0 0
/m/0h7x /base/aareas/schema/administrative_area/administrative_area_type /m/0hzc9wc 0 1 0 1
/m/01nln /base/aareas/schema/administrative_area/administrative_area_type /m/0hzc9wc 0 1 0 0
/m/07dzf /base/aareas/schema/administrative_area/administrative_area_type /m/0hzc9wc 0 1 0 0
/m/0jhd /base/aareas/schema/administrative_area/administrative_area_type /m/0hzc9wc 0 1 0 0
/m/03spz /base/aareas/schema/administrative_area/administrative_area_type /m/0hzc9wc 0 1 0 0
/m/03_r3 /base/aareas/schema/administrative_area/administrative_area_type /m/0hzc9wc 0 1 0 0
/m/05v8c /base/aareas/schema/administrative_area/administrative_area_type /m/0hzc9wc 0 1 0 0
/m/06vbd /base/aareas/schema/administrative_area/administrative_area_type /m/0hzc9wc 0 1 0 0
/m/03548 /base/aareas/schema/administrative_area/administrative_area_type /m/0hzc9wc 0 0 0 0
/m/05sb1 /base/aareas/schema/administrative_area/administrative_area_type /m/0hzc9wc 0 1 0 0
/m/047yc /base/aareas/schema/administrative_area/administrative_area_type /m/0hzc9wc 0 1 0 0
/m/0163v /base/aareas/schema/administrative_area/administrative_area_type /m/0hzc9wc 0 1 0 0
/m/019pcs /base/aareas/schema/administrative_area/administrative_area_type /m/0hzc9wc 0 1 0 0
/m/04w8f /base/aareas/schema/administrative_area/administrative_area_type /m/0hzc9wc 0 1 0 0
/m/03rj0 /base/aareas/schema/administrative_area/administrative_area_type /m/0hzc9wc 0 1 0 0
/m/04g5k /base/aareas/schema/administrative_area/administrative_area_type /m/0hzc9wc 0 1 0 0
std confidence count
/m/05rznz /base/aareas/schema/administrative_area/administrative_area_type /m/0hzc9wc 0 0 0 0
/m/04vs9 /base/aareas/schema/administrative_area/administrative_area_type /m/0hzc9wc 0 0 0 0
/m/01p1v /base/aareas/schema/administrative_area/administrative_area_type /m/0hzc9wc 0 1 0 0
/m/0d05w3 /base/aareas/schema/administrative_area/administrative_area_type /m/0hzc9wc 0 1 0 0
/m/0h7x /base/aareas/schema/administrative_area/administrative_area_type /m/0hzc9wc 0 1 0 1
/m/01nln /base/aareas/schema/administrative_area/administrative_area_type /m/0hzc9wc 0 0 0 0
/m/07dzf /base/aareas/schema/administrative_area/administrative_area_type /m/0hzc9wc 0 1 0 0
/m/0jhd /base/aareas/schema/administrative_area/administrative_area_type /m/0hzc9wc 0 1 0 0
/m/03spz /base/aareas/schema/administrative_area/administrative_area_type /m/0hzc9wc 0 1 0 0
/m/03_r3 /base/aareas/schema/administrative_area/administrative_area_type /m/0hzc9wc 0 0 0 0
/m/05v8c /base/aareas/schema/administrative_area/administrative_area_type /m/0hzc9wc 0 1 0 0
/m/06vbd /base/aareas/schema/administrative_area/administrative_area_type /m/0hzc9wc 0 1 0 0
/m/03548 /base/aareas/schema/administrative_area/administrative_area_type /m/0hzc9wc 0 0 0 0
/m/05sb1 /base/aareas/schema/administrative_area/administrative_area_type /m/0hzc9wc 0 0 0 0
/m/047yc /base/aareas/schema/administrative_area/administrative_area_type /m/0hzc9wc 0 1 0 0
/m/0163v /base/aareas/schema/administrative_area/administrative_area_type /m/0hzc9wc 0 1 0 0
/m/019pcs /base/aareas/schema/administrative_area/administrative_area_type /m/0hzc9wc 0 0 0 0
/m/04w8f /base/aareas/schema/administrative_area/administrative_area_type /m/0hzc9wc 0 0 0 0
/m/03rj0 /base/aareas/schema/administrative_area/administrative_area_type /m/0hzc9wc 0 1 0 0
/m/04g5k /base/aareas/schema/administrative_area/administrative_area_type /m/0hzc9wc 0 1 0 0
pca confidence sum
/m/05rznz /base/aareas/schema/administrative_area/administrative_area_type /m/0hzc9wc 0 0 0 0
/m/04vs9 /base/aareas/schema/administrative_area/administrative_area_type /m/0hzc9wc 0 0 0 0
/m/01p1v /base/aareas/schema/administrative_area/administrative_area_type /m/0hzc9wc 0 1 0 0
/m/0d05w3 /base/aareas/schema/administrative_area/administrative_area_type /m/0hzc9wc 0 1 0 0
/m/0h7x /base/aareas/schema/administrative_area/administrative_area_type /m/0hzc9wc 0 1 0 1
/m/01nln /base/aareas/schema/administrative_area/administrative_area_type /m/0hzc9wc 0 1 0 0
/m/07dzf /base/aareas/schema/administrative_area/administrative_area_type /m/0hzc9wc 0 1 0 0
/m/0jhd /base/aareas/schema/administrative_area/administrative_area_type /m/0hzc9wc 0 1 0 0
/m/03spz /base/aareas/schema/administrative_area/administrative_area_type /m/0hzc9wc 0 1 0 0
/m/03_r3 /base/aareas/schema/administrative_area/administrative_area_type /m/0hzc9wc 0 1 0 0
/m/05v8c /base/aareas/schema/administrative_area/administrative_area_type /m/0hzc9wc 0 1 0 0
/m/06vbd /base/aareas/schema/administrative_area/administrative_area_type /m/0hzc9wc 0 1 0 0
/m/03548 /base/aareas/schema/administrative_area/administrative_area_type /m/0hzc9wc 0 0 0 0
/m/05sb1 /base/aareas/schema/administrative_area/administrative_area_type /m/0hzc9wc 0 1 0 0
/m/047yc /base/aareas/schema/administrative_area/administrative_area_type /m/0hzc9wc 0 1 0 0
/m/0163v /base/aareas/schema/administrative_area/administrative_area_type /m/0hzc9wc 0 1 0 0
/m/019pcs /base/aareas/schema/administrative_area/administrative_area_type /m/0hzc9wc 0 1 0 0
/m/04w8f /base/aareas/schema/administrative_area/administrative_area_type /m/0hzc9wc 0 1 0 0
/m/03rj0 /base/aareas/schema/administrative_area/administrative_area_type /m/0hzc9wc 0 1 0 0
/m/04g5k /base/aareas/schema/administrative_area/administrative_area_type /m/0hzc9wc 0 1 0 0
std confidence sum
/m/05rznz /base/aareas/schema/administrative_area/administrative_area_type /m/0hzc9wc 0 0 0 0
/m/04vs9 /base/aareas/schema/administrative_area/administrative_area_type /m/0hzc9wc 0 1 0 0
/m/01p1v /base/aareas/schema/administrative_area/administrative_area_type /m/0hzc9wc 0 1 0 0
/m/0d05w3 /base/aareas/schema/administrative_area/administrative_area_type /m/0hzc9wc 0 1 0 0
/m/0h7x /base/aareas/schema/administrative_area/administrative_area_type /m/0hzc9wc 0 1 0 1
/m/01nln /base/aareas/schema/administrative_area/administrative_area_type /m/0hzc9wc 0 1 0 0
/m/07dzf /base/aareas/schema/administrative_area/administrative_area_type /m/0hzc9wc 0 1 0 0
/m/0jhd /base/aareas/schema/administrative_area/administrative_area_type /m/0hzc9wc 0 1 0 0
/m/03spz /base/aareas/schema/administrative_area/administrative_area_type /m/0hzc9wc 0 1 0 0
/m/03_r3 /base/aareas/schema/administrative_area/administrative_area_type /m/0hzc9wc 0 1 0 0
/m/05v8c /base/aareas/schema/administrative_area/administrative_area_type /m/0hzc9wc 0 1 0 0
/m/06vbd /base/aareas/schema/administrative_area/administrative_area_type /m/0hzc9wc 0 1 0 0
/m/03548 /base/aareas/schema/administrative_area/administrative_area_type /m/0hzc9wc 0 1 0 0
/m/05sb1 /base/aareas/schema/administrative_area/administrative_area_type /m/0hzc9wc 0 1 0 0
/m/047yc /base/aareas/schema/administrative_area/administrative_area_type /m/0hzc9wc 0 1 0 0
/m/0163v /base/aareas/schema/administrative_area/administrative_area_type /m/0hzc9wc 0 1 0 0
/m/019pcs /base/aareas/schema/administrative_area/administrative_area_type /m/0hzc9wc 0 1 0 0
/m/04w8f /base/aareas/schema/administrative_area/administrative_area_type /m/0hzc9wc 0 1 0 0
/m/03rj0 /base/aareas/schema/administrative_area/administrative_area_type /m/0hzc9wc 0 1 0 0
/m/04g5k /base/aareas/schema/administrative_area/administrative_area_type /m/0hzc9wc 0 1 0 0
