pca confidence count
/m/03dq9 /base/americancomedy/comedy_group_member/belongs_to./base/americancomedy/comedy_group_membership/group /m/04sd0 1 1 0 1
/m/08hsww /base/americancomedy/comedy_group_member/belongs_to./base/americancomedy/comedy_group_membership/group /m/02rlzj 0 1 0 0
/m/07jrjb /base/americancomedy/comedy_group_member/belongs_to./base/americancomedy/comedy_group_membership/group /m/02rlzj 0 0 0 0
/m/0dn44 /base/americancomedy/comedy_group_member/belongs_to./base/americancomedy/comedy_group_membership/group /m/04sd0 1 1 0 1
std confidence count
/m/03dq9 /base/americancomedy/comedy_group_member/belongs_to./base/americancomedy/comedy_group_membership/group /m/04sd0 1 1 0 1
/m/08hsww /base/americancomedy/comedy_group_member/belongs_to./base/americancomedy/comedy_group_membership/group /m/02rlzj 1 1 0 1
/m/07jrjb /base/americancomedy/comedy_group_member/belongs_to./base/americancomedy/comedy_group_membership/group /m/02rlzj 0 0 0 0
/m/0dn44 /base/americancomedy/comedy_group_member/belongs_to./base/americancomedy/comedy_group_membership/group /m/04sd0 1 1 0 1
pca confidence sum
/m/03dq9 /base/americancomedy/comedy_group_member/belongs_to./base/americancomedy/comedy_group_membership/group /m/04sd0 1 1 0 1
/m/08hsww /base/americancomedy/comedy_group_member/belongs_to./base/americancomedy/comedy_group_membership/group /m/02rlzj 0 1 0 0
/m/07jrjb /base/americancomedy/comedy_group_member/belongs_to./base/americancomedy/comedy_group_membership/group /m/02rlzj 0 0 0 0
/m/0dn44 /base/americancomedy/comedy_group_member/belongs_to./base/americancomedy/comedy_group_membership/group /m/04sd0 1 1 0 1
std confidence sum
/m/03dq9 /base/americancomedy/comedy_group_member/belongs_to./base/americancomedy/comedy_group_membership/group /m/04sd0 1 1 0 1
/m/08hsww /base/americancomedy/comedy_group_member/belongs_to./base/americancomedy/comedy_group_membership/group /m/02rlzj 0 1 0 0
/m/07jrjb /base/americancomedy/comedy_group_member/belongs_to./base/americancomedy/comedy_group_membership/group /m/02rlzj 0 0 0 0
/m/0dn44 /base/americancomedy/comedy_group_member/belongs_to./base/americancomedy/comedy_group_membership/group /m/04sd0 1 1 0 1
