pca confidence count
/m/0cm2xh /base/culturalevent/event/entity_involved /m/03b79 1 1 0 1
/m/0jnh /base/culturalevent/event/entity_involved /m/05pq3_ 1 1 0 0
/m/03jqfx /base/culturalevent/event/entity_involved /m/05qhw 0 0 0 0
/m/02n5d /base/culturalevent/event/entity_involved /m/05m0h 1 1 1 1
/m/0j5ym /base/culturalevent/event/entity_involved /m/01_4z 1 1 0 0
/m/07j9n /base/culturalevent/event/entity_involved /m/07l75 1 1 0 0
/m/0gfhg1y /base/culturalevent/event/entity_involved /m/060d2 0 0 0 0
/m/0j5ym /base/culturalevent/event/entity_involved /m/01k31p 1 1 0 1
/m/0gjw_ /base/culturalevent/event/entity_involved /m/01h3dj 0 1 0 0
/m/01gqg3 /base/culturalevent/event/entity_involved /m/04pwg 1 1 1 1
/m/01hwkn /base/culturalevent/event/entity_involved /m/03gyl 0 0 0 0
/m/0845v /base/culturalevent/event/entity_involved /m/04pwg 1 1 1 1
/m/03jv8d /base/culturalevent/event/entity_involved /m/0g78xc 1 1 1 1
/m/018w0j /base/culturalevent/event/entity_involved /m/079dy 1 1 0 0
/m/08qz1l /base/culturalevent/event/entity_involved /m/01h3dj 0 1 0 0
/m/01hwkn /base/culturalevent/event/entity_involved /m/0gtzp 1 1 0 0
/m/02h2z_ /base/culturalevent/event/entity_involved /m/0bxjv 1 1 0 0
/m/0f6rc /base/culturalevent/event/entity_involved /m/02189 1 1 1 1
/m/0727h /base/culturalevent/event/entity_involved /m/0bk25 1 1 1 1
/m/06k75 /base/culturalevent/event/entity_involved /m/03_lf 0 0 0 0
/m/0gfhg1y /base/culturalevent/event/entity_involved /m/01k165 0 0 0 0
/m/048n7 /base/culturalevent/event/entity_involved /m/02y_9cf 1 1 1 1
/m/0gfq9 /base/culturalevent/event/entity_involved /m/01c83m 0 0 0 0
/m/02h2z_ /base/culturalevent/event/entity_involved /m/06v9sf 1 1 0 0
/m/03gqgt3 /base/culturalevent/event/entity_involved /m/0v74 1 1 1 1
/m/05nqz /base/culturalevent/event/entity_involved /m/03_lf 1 1 0 0
/m/02kxg_ /base/culturalevent/event/entity_involved /m/07_m9_ 1 1 0 0
/m/05nqz /base/culturalevent/event/entity_involved /m/09py7 1 1 1 1
/m/03jqfx /base/culturalevent/event/entity_involved /m/01fr7t 0 0 0 0
/m/0jnh /base/culturalevent/event/entity_involved /m/043870 1 1 0 0
/m/0flry /base/culturalevent/event/entity_involved /m/03gk2 1 1 0 1
/m/02h2z_ /base/culturalevent/event/entity_involved /m/088q1s 1 1 0 0
/m/07_nf /base/culturalevent/event/entity_involved /m/01m59 1 1 1 1
/m/02tvsn /base/culturalevent/event/entity_involved /m/0j5b8 1 1 0 1
/m/01y998 /base/culturalevent/event/entity_involved /m/0bxjv 1 1 0 0
/m/0gfq9 /base/culturalevent/event/entity_involved /m/03b79 1 1 0 0
/m/02kxg_ /base/culturalevent/event/entity_involved /m/03_lf 1 1 0 0
std confidence count
/m/0cm2xh /base/culturalevent/event/entity_involved /m/03b79 1 1 0 1
/m/0jnh /base/culturalevent/event/entity_involved /m/05pq3_ 1 1 0 0
/m/03jqfx /base/culturalevent/event/entity_involved /m/05qhw 0 0 0 0
/m/02n5d /base/culturalevent/event/entity_involved /m/05m0h 1 1 1 1
/m/0j5ym /base/culturalevent/event/entity_involved /m/01_4z 1 1 0 0
/m/07j9n /base/culturalevent/event/entity_involved /m/07l75 1 1 0 0
/m/0gfhg1y /base/culturalevent/event/entity_involved /m/060d2 0 0 0 0
/m/0j5ym /base/culturalevent/event/entity_involved /m/01k31p 1 1 0 1
/m/0gjw_ /base/culturalevent/event/entity_involved /m/01h3dj 0 1 0 0
/m/01gqg3 /base/culturalevent/event/entity_involved /m/04pwg 1 1 1 1
/m/01hwkn /base/culturalevent/event/entity_involved /m/03gyl 0 0 0 0
/m/0845v /base/culturalevent/event/entity_involved /m/04pwg 1 1 1 1
/m/03jv8d /base/culturalevent/event/entity_involved /m/0g78xc 1 1 1 1
/m/018w0j /base/culturalevent/event/entity_involved /m/079dy 1 1 0 0
/m/08qz1l /base/culturalevent/event/entity_involved /m/01h3dj 0 1 0 0
/m/01hwkn /base/culturalevent/event/entity_involved /m/0gtzp 1 1 0 0
/m/02h2z_ /base/culturalevent/event/entity_involved /m/0bxjv 1 1 0 0
/m/0f6rc /base/culturalevent/event/entity_involved /m/02189 1 1 1 1
/m/0727h /base/culturalevent/event/entity_involved /m/0bk25 1 1 1 1
/m/06k75 /base/culturalevent/event/entity_involved /m/03_lf 0 0 0 0
/m/0gfhg1y /base/culturalevent/event/entity_involved /m/01k165 0 0 0 0
/m/048n7 /base/culturalevent/event/entity_involved /m/02y_9cf 1 1 1 1
/m/0gfq9 /base/culturalevent/event/entity_involved /m/01c83m 0 0 0 0
/m/02h2z_ /base/culturalevent/event/entity_involved /m/06v9sf 1 1 0 0
/m/03gqgt3 /base/culturalevent/event/entity_involved /m/0v74 1 1 1 1
/m/05nqz /base/culturalevent/event/entity_involved /m/03_lf 1 1 0 0
/m/02kxg_ /base/culturalevent/event/entity_involved /m/07_m9_ 1 1 0 0
/m/05nqz /base/culturalevent/event/entity_involved /m/09py7 1 1 1 1
/m/03jqfx /base/culturalevent/event/entity_involved /m/01fr7t 0 0 0 0
/m/0jnh /base/culturalevent/event/entity_involved /m/043870 1 1 0 0
/m/0flry /base/culturalevent/event/entity_involved /m/03gk2 1 1 0 1
/m/02h2z_ /base/culturalevent/event/entity_involved /m/088q1s 1 1 0 0
/m/07_nf /base/culturalevent/event/entity_involved /m/01m59 1 1 1 1
/m/02tvsn /base/culturalevent/event/entity_involved /m/0j5b8 1 1 0 1
/m/01y998 /base/culturalevent/event/entity_involved /m/0bxjv 1 1 0 0
/m/0gfq9 /base/culturalevent/event/entity_involved /m/03b79 1 1 0 0
/m/02kxg_ /base/culturalevent/event/entity_involved /m/03_lf 1 1 0 0
pca confidence sum
/m/0cm2xh /base/culturalevent/event/entity_involved /m/03b79 1 1 0 0
/m/0jnh /base/culturalevent/event/entity_involved /m/05pq3_ 1 1 0 0
/m/03jqfx /base/culturalevent/event/entity_involved /m/05qhw 0 0 0 0
/m/02n5d /base/culturalevent/event/entity_involved /m/05m0h 1 1 1 1
/m/0j5ym /base/culturalevent/event/entity_involved /m/01_4z 1 1 0 0
/m/07j9n /base/culturalevent/event/entity_involved /m/07l75 1 1 0 0
/m/0gfhg1y /base/culturalevent/event/entity_involved /m/060d2 0 0 0 0
/m/0j5ym /base/culturalevent/event/entity_involved /m/01k31p 1 1 0 1
/m/0gjw_ /base/culturalevent/event/entity_involved /m/01h3dj 1 1 0 0
/m/01gqg3 /base/culturalevent/event/entity_involved /m/04pwg 1 1 1 1
/m/01hwkn /base/culturalevent/event/entity_involved /m/03gyl 0 0 0 0
/m/0845v /base/culturalevent/event/entity_involved /m/04pwg 1 1 0 1
/m/03jv8d /base/culturalevent/event/entity_involved /m/0g78xc 1 1 0 0
/m/018w0j /base/culturalevent/event/entity_involved /m/079dy 1 1 0 0
/m/08qz1l /base/culturalevent/event/entity_involved /m/01h3dj 0 1 0 0
/m/01hwkn /base/culturalevent/event/entity_involved /m/0gtzp 1 1 1 1
/m/02h2z_ /base/culturalevent/event/entity_involved /m/0bxjv 1 1 0 1
/m/0f6rc /base/culturalevent/event/entity_involved /m/02189 1 1 1 1
/m/0727h /base/culturalevent/event/entity_involved /m/0bk25 1 1 1 1
/m/06k75 /base/culturalevent/event/entity_involved /m/03_lf 0 0 0 0
/m/0gfhg1y /base/culturalevent/event/entity_involved /m/01k165 0 0 0 0
/m/048n7 /base/culturalevent/event/entity_involved /m/02y_9cf 1 1 1 1
/m/0gfq9 /base/culturalevent/event/entity_involved /m/01c83m 0 0 0 0
/m/02h2z_ /base/culturalevent/event/entity_involved /m/06v9sf 1 1 0 0
/m/03gqgt3 /base/culturalevent/event/entity_involved /m/0v74 1 1 1 1
/m/05nqz /base/culturalevent/event/entity_involved /m/03_lf 1 1 0 0
/m/02kxg_ /base/culturalevent/event/entity_involved /m/07_m9_ 1 1 0 0
/m/05nqz /base/culturalevent/event/entity_involved /m/09py7 1 1 1 1
/m/03jqfx /base/culturalevent/event/entity_involved /m/01fr7t 0 0 0 0
/m/0jnh /base/culturalevent/event/entity_involved /m/043870 1 1 0 0
/m/0flry /base/culturalevent/event/entity_involved /m/03gk2 1 1 0 1
/m/02h2z_ /base/culturalevent/event/entity_involved /m/088q1s 1 1 0 0
/m/07_nf /base/culturalevent/event/entity_involved /m/01m59 1 1 1 1
/m/02tvsn /base/culturalevent/event/entity_involved /m/0j5b8 1 1 0 1
/m/01y998 /base/culturalevent/event/entity_involved /m/0bxjv 1 1 0 0
/m/0gfq9 /base/culturalevent/event/entity_involved /m/03b79 1 1 0 0
/m/02kxg_ /base/culturalevent/event/entity_involved /m/03_lf 1 1 0 0
std confidence sum
/m/0cm2xh /base/culturalevent/event/entity_involved /m/03b79 1 1 0 1
/m/0jnh /base/culturalevent/event/entity_involved /m/05pq3_ 1 1 0 0
/m/03jqfx /base/culturalevent/event/entity_involved /m/05qhw 0 0 0 0
/m/02n5d /base/culturalevent/event/entity_involved /m/05m0h 1 1 1 1
/m/0j5ym /base/culturalevent/event/entity_involved /m/01_4z 1 1 0 0
/m/07j9n /base/culturalevent/event/entity_involved /m/07l75 1 1 0 0
/m/0gfhg1y /base/culturalevent/event/entity_involved /m/060d2 0 0 0 0
/m/0j5ym /base/culturalevent/event/entity_involved /m/01k31p 1 1 0 1
/m/0gjw_ /base/culturalevent/event/entity_involved /m/01h3dj 1 1 0 0
/m/01gqg3 /base/culturalevent/event/entity_involved /m/04pwg 1 1 1 1
/m/01hwkn /base/culturalevent/event/entity_involved /m/03gyl 0 0 0 0
/m/0845v /base/culturalevent/event/entity_involved /m/04pwg 1 1 0 1
/m/03jv8d /base/culturalevent/event/entity_involved /m/0g78xc 1 1 1 1
/m/018w0j /base/culturalevent/event/entity_involved /m/079dy 1 1 0 0
/m/08qz1l /base/culturalevent/event/entity_involved /m/01h3dj 0 1 0 0
/m/01hwkn /base/culturalevent/event/entity_involved /m/0gtzp 1 1 1 1
/m/02h2z_ /base/culturalevent/event/entity_involved /m/0bxjv 1 1 0 1
/m/0f6rc /base/culturalevent/event/entity_involved /m/02189 1 1 1 1
/m/0727h /base/culturalevent/event/entity_involved /m/0bk25 1 1 1 1
/m/06k75 /base/culturalevent/event/entity_involved /m/03_lf 0 0 0 0
/m/0gfhg1y /base/culturalevent/event/entity_involved /m/01k165 0 0 0 0
/m/048n7 /base/culturalevent/event/entity_involved /m/02y_9cf 1 1 1 1
/m/0gfq9 /base/culturalevent/event/entity_involved /m/01c83m 0 0 0 0
/m/02h2z_ /base/culturalevent/event/entity_involved /m/06v9sf 1 1 0 0
/m/03gqgt3 /base/culturalevent/event/entity_involved /m/0v74 1 1 1 1
/m/05nqz /base/culturalevent/event/entity_involved /m/03_lf 1 1 0 0
/m/02kxg_ /base/culturalevent/event/entity_involved /m/07_m9_ 1 1 0 0
/m/05nqz /base/culturalevent/event/entity_involved /m/09py7 1 1 1 1
/m/03jqfx /base/culturalevent/event/entity_involved /m/01fr7t 0 0 0 0
/m/0jnh /base/culturalevent/event/entity_involved /m/043870 1 1 0 0
/m/0flry /base/culturalevent/event/entity_involved /m/03gk2 1 1 0 1
/m/02h2z_ /base/culturalevent/event/entity_involved /m/088q1s 1 1 0 0
/m/07_nf /base/culturalevent/event/entity_involved /m/01m59 1 1 1 1
/m/02tvsn /base/culturalevent/event/entity_involved /m/0j5b8 1 1 0 1
/m/01y998 /base/culturalevent/event/entity_involved /m/0bxjv 1 1 0 0
/m/0gfq9 /base/culturalevent/event/entity_involved /m/03b79 1 1 0 0
/m/02kxg_ /base/culturalevent/event/entity_involved /m/03_lf 1 1 0 0
