pca confidence count
/m/06whf /base/nobelprizes/nobel_prize_winner/nobel_honor./base/nobelprizes/nobel_honor/subject_area /m/04g51 0 1 0 0
/m/03cdg /base/nobelprizes/nobel_prize_winner/nobel_honor./base/nobelprizes/nobel_honor/subject_area /m/04g51 0 0 0 0
/m/073v6 /base/nobelprizes/nobel_prize_winner/nobel_honor./base/nobelprizes/nobel_honor/subject_area /m/04g51 1 1 0 0
/m/084nh /base/nobelprizes/nobel_prize_winner/nobel_honor./base/nobelprizes/nobel_honor/subject_area /m/05qgc 1 1 1 1
std confidence count
/m/06whf /base/nobelprizes/nobel_prize_winner/nobel_honor./base/nobelprizes/nobel_honor/subject_area /m/04g51 1 1 0 1
/m/03cdg /base/nobelprizes/nobel_prize_winner/nobel_honor./base/nobelprizes/nobel_honor/subject_area /m/04g51 0 1 0 0
/m/073v6 /base/nobelprizes/nobel_prize_winner/nobel_honor./base/nobelprizes/nobel_honor/subject_area /m/04g51 1 1 0 1
/m/084nh /base/nobelprizes/nobel_prize_winner/nobel_honor./base/nobelprizes/nobel_honor/subject_area /m/05qgc 1 1 1 1
pca confidence sum
/m/06whf /base/nobelprizes/nobel_prize_winner/nobel_honor./base/nobelprizes/nobel_honor/subject_area /m/04g51 0 0 0 0
/m/03cdg /base/nobelprizes/nobel_prize_winner/nobel_honor./base/nobelprizes/nobel_honor/subject_area /m/04g51 0 0 0 0
/m/073v6 /base/nobelprizes/nobel_prize_winner/nobel_honor./base/nobelprizes/nobel_honor/subject_area /m/04g51 1 1 0 0
/m/084nh /base/nobelprizes/nobel_prize_winner/nobel_honor./base/nobelprizes/nobel_honor/subject_area /m/05qgc 1 1 0 0
std confidence sum
/m/06whf /base/nobelprizes/nobel_prize_winner/nobel_honor./base/nobelprizes/nobel_honor/subject_area /m/04g51 1 1 0 1
/m/03cdg /base/nobelprizes/nobel_prize_winner/nobel_honor./base/nobelprizes/nobel_honor/subject_area /m/04g51 0 0 0 0
/m/073v6 /base/nobelprizes/nobel_prize_winner/nobel_honor./base/nobelprizes/nobel_honor/subject_area /m/04g51 1 1 0 1
/m/084nh /base/nobelprizes/nobel_prize_winner/nobel_honor./base/nobelprizes/nobel_honor/subject_area /m/05qgc 1 1 0 1
