pca confidence count
/m/031y2 /base/popstra/location/vacationers./base/popstra/vacation_choice/vacationer /m/0dxmyh 1 1 0 1
/m/04jpl /base/popstra/location/vacationers./base/popstra/vacation_choice/vacationer /m/01pk8v 0 0 0 0
/m/0k9p4 /base/popstra/location/vacationers./base/popstra/vacation_choice/vacationer /m/016fnb 1 1 0 1
/m/03gh4 /base/popstra/location/vacationers./base/popstra/vacation_choice/vacationer /m/046zh 1 1 0 1
/m/07fr_ /base/popstra/location/vacationers./base/popstra/vacation_choice/vacationer /m/01jfrg 1 1 0 1
/m/06k5_ /base/popstra/location/vacationers./base/popstra/vacation_choice/vacationer /m/01vs_v8 0 0 0 0
/m/0f2v0 /base/popstra/location/vacationers./base/popstra/vacation_choice/vacationer /m/058s57 1 1 1 1
/m/07_pf /base/popstra/location/vacationers./base/popstra/vacation_choice/vacationer /m/0237fw 0 0 0 0
/m/02_286 /base/popstra/location/vacationers./base/popstra/vacation_choice/vacationer /m/01k53x 1 1 0 1
/m/06ryl /base/popstra/location/vacationers./base/popstra/vacation_choice/vacationer /m/03h_9lg 0 0 0 0
/m/04ty8 /base/popstra/location/vacationers./base/popstra/vacation_choice/vacationer /m/07r1h 1 1 0 1
/m/0cv3w /base/popstra/location/vacationers./base/popstra/vacation_choice/vacationer /m/0127s7 1 1 0 0
/m/0rqf1 /base/popstra/location/vacationers./base/popstra/vacation_choice/vacationer /m/0cqt90 1 1 1 1
/m/04jpl /base/popstra/location/vacationers./base/popstra/vacation_choice/vacationer /m/0161c2 1 1 0 1
/m/05qtj /base/popstra/location/vacationers./base/popstra/vacation_choice/vacationer /m/0jfx1 1 1 0 1
/m/0f2v0 /base/popstra/location/vacationers./base/popstra/vacation_choice/vacationer /m/01wgxtl 1 1 1 1
/m/0cv3w /base/popstra/location/vacationers./base/popstra/vacation_choice/vacationer /m/026_dq6 1 1 1 1
/m/05fjy /base/popstra/location/vacationers./base/popstra/vacation_choice/vacationer /m/01k5zk 1 1 0 1
/m/03gh4 /base/popstra/location/vacationers./base/popstra/vacation_choice/vacationer /m/0151w_ 1 1 0 1
/m/03gh4 /base/popstra/location/vacationers./base/popstra/vacation_choice/vacationer /m/0lx2l 1 1 1 1
/m/095w_ /base/popstra/location/vacationers./base/popstra/vacation_choice/vacationer /m/01l9p 1 1 0 1
/m/07tp2 /base/popstra/location/vacationers./base/popstra/vacation_choice/vacationer /m/01jb26 1 1 1 1
/m/03gh4 /base/popstra/location/vacationers./base/popstra/vacation_choice/vacationer /m/0dn3n 1 1 1 1
/m/03gh4 /base/popstra/location/vacationers./base/popstra/vacation_choice/vacationer /m/022q32 1 1 0 1
/m/015fr /base/popstra/location/vacationers./base/popstra/vacation_choice/vacationer /m/06wm0z 1 1 0 0
/m/0cp6w /base/popstra/location/vacationers./base/popstra/vacation_choice/vacationer /m/0456xp 1 1 0 1
/m/0cv3w /base/popstra/location/vacationers./base/popstra/vacation_choice/vacationer /m/022q32 1 1 1 1
/m/0b90_r /base/popstra/location/vacationers./base/popstra/vacation_choice/vacationer /m/0lk90 1 1 0 1
/m/0162v /base/popstra/location/vacationers./base/popstra/vacation_choice/vacationer /m/04xrx 0 0 0 0
/m/04jpl /base/popstra/location/vacationers./base/popstra/vacation_choice/vacationer /m/07r1h 1 1 0 1
/m/0ckhc /base/popstra/location/vacationers./base/popstra/vacation_choice/vacationer /m/0lk90 1 1 0 1
/m/030qb3t /base/popstra/location/vacationers./base/popstra/vacation_choice/vacationer /m/01vs_v8 1 1 0 1
/m/01f08r /base/popstra/location/vacationers./base/popstra/vacation_choice/vacationer /m/015z4j 1 1 1 1
/m/0chghy /base/popstra/location/vacationers./base/popstra/vacation_choice/vacationer /m/01p4vl 1 1 0 1
/m/0f2v0 /base/popstra/location/vacationers./base/popstra/vacation_choice/vacationer /m/02b9g4 1 1 1 1
std confidence count
/m/031y2 /base/popstra/location/vacationers./base/popstra/vacation_choice/vacationer /m/0dxmyh 1 1 0 1
/m/04jpl /base/popstra/location/vacationers./base/popstra/vacation_choice/vacationer /m/01pk8v 0 0 0 0
/m/0k9p4 /base/popstra/location/vacationers./base/popstra/vacation_choice/vacationer /m/016fnb 1 1 0 1
/m/03gh4 /base/popstra/location/vacationers./base/popstra/vacation_choice/vacationer /m/046zh 1 1 0 1
/m/07fr_ /base/popstra/location/vacationers./base/popstra/vacation_choice/vacationer /m/01jfrg 1 1 0 1
/m/06k5_ /base/popstra/location/vacationers./base/popstra/vacation_choice/vacationer /m/01vs_v8 0 0 0 0
/m/0f2v0 /base/popstra/location/vacationers./base/popstra/vacation_choice/vacationer /m/058s57 1 1 1 1
/m/07_pf /base/popstra/location/vacationers./base/popstra/vacation_choice/vacationer /m/0237fw 0 0 0 0
/m/02_286 /base/popstra/location/vacationers./base/popstra/vacation_choice/vacationer /m/01k53x 1 1 0 1
/m/06ryl /base/popstra/location/vacationers./base/popstra/vacation_choice/vacationer /m/03h_9lg 0 0 0 0
/m/04ty8 /base/popstra/location/vacationers./base/popstra/vacation_choice/vacationer /m/07r1h 1 1 0 1
/m/0cv3w /base/popstra/location/vacationers./base/popstra/vacation_choice/vacationer /m/0127s7 1 1 0 0
/m/0rqf1 /base/popstra/location/vacationers./base/popstra/vacation_choice/vacationer /m/0cqt90 1 1 1 1
/m/04jpl /base/popstra/location/vacationers./base/popstra/vacation_choice/vacationer /m/0161c2 1 1 0 1
/m/05qtj /base/popstra/location/vacationers./base/popstra/vacation_choice/vacationer /m/0jfx1 1 1 0 1
/m/0f2v0 /base/popstra/location/vacationers./base/popstra/vacation_choice/vacationer /m/01wgxtl 1 1 1 1
/m/0cv3w /base/popstra/location/vacationers./base/popstra/vacation_choice/vacationer /m/026_dq6 1 1 1 1
/m/05fjy /base/popstra/location/vacationers./base/popstra/vacation_choice/vacationer /m/01k5zk 1 1 0 1
/m/03gh4 /base/popstra/location/vacationers./base/popstra/vacation_choice/vacationer /m/0151w_ 1 1 0 1
/m/03gh4 /base/popstra/location/vacationers./base/popstra/vacation_choice/vacationer /m/0lx2l 1 1 1 1
/m/095w_ /base/popstra/location/vacationers./base/popstra/vacation_choice/vacationer /m/01l9p 1 1 0 1
/m/07tp2 /base/popstra/location/vacationers./base/popstra/vacation_choice/vacationer /m/01jb26 1 1 1 1
/m/03gh4 /base/popstra/location/vacationers./base/popstra/vacation_choice/vacationer /m/0dn3n 1 1 1 1
/m/03gh4 /base/popstra/location/vacationers./base/popstra/vacation_choice/vacationer /m/022q32 1 1 0 1
/m/015fr /base/popstra/location/vacationers./base/popstra/vacation_choice/vacationer /m/06wm0z 1 1 0 0
/m/0cp6w /base/popstra/location/vacationers./base/popstra/vacation_choice/vacationer /m/0456xp 1 1 0 1
/m/0cv3w /base/popstra/location/vacationers./base/popstra/vacation_choice/vacationer /m/022q32 1 1 1 1
/m/0b90_r /base/popstra/location/vacationers./base/popstra/vacation_choice/vacationer /m/0lk90 1 1 0 1
/m/0162v /base/popstra/location/vacationers./base/popstra/vacation_choice/vacationer /m/04xrx 0 0 0 0
/m/04jpl /base/popstra/location/vacationers./base/popstra/vacation_choice/vacationer /m/07r1h 1 1 0 1
/m/0ckhc /base/popstra/location/vacationers./base/popstra/vacation_choice/vacationer /m/0lk90 1 1 0 1
/m/030qb3t /base/popstra/location/vacationers./base/popstra/vacation_choice/vacationer /m/01vs_v8 1 1 1 1
/m/01f08r /base/popstra/location/vacationers./base/popstra/vacation_choice/vacationer /m/015z4j 1 1 1 1
/m/0chghy /base/popstra/location/vacationers./base/popstra/vacation_choice/vacationer /m/01p4vl 1 1 0 1
/m/0f2v0 /base/popstra/location/vacationers./base/popstra/vacation_choice/vacationer /m/02b9g4 1 1 1 1
pca confidence sum
/m/031y2 /base/popstra/location/vacationers./base/popstra/vacation_choice/vacationer /m/0dxmyh 1 1 0 0
/m/04jpl /base/popstra/location/vacationers./base/popstra/vacation_choice/vacationer /m/01pk8v 0 0 0 0
/m/0k9p4 /base/popstra/location/vacationers./base/popstra/vacation_choice/vacationer /m/016fnb 1 1 0 1
/m/03gh4 /base/popstra/location/vacationers./base/popstra/vacation_choice/vacationer /m/046zh 1 1 1 1
/m/07fr_ /base/popstra/location/vacationers./base/popstra/vacation_choice/vacationer /m/01jfrg 1 1 0 0
/m/06k5_ /base/popstra/location/vacationers./base/popstra/vacation_choice/vacationer /m/01vs_v8 0 0 0 0
/m/0f2v0 /base/popstra/location/vacationers./base/popstra/vacation_choice/vacationer /m/058s57 1 1 0 0
/m/07_pf /base/popstra/location/vacationers./base/popstra/vacation_choice/vacationer /m/0237fw 0 0 0 0
/m/02_286 /base/popstra/location/vacationers./base/popstra/vacation_choice/vacationer /m/01k53x 1 1 0 0
/m/06ryl /base/popstra/location/vacationers./base/popstra/vacation_choice/vacationer /m/03h_9lg 0 0 0 0
/m/04ty8 /base/popstra/location/vacationers./base/popstra/vacation_choice/vacationer /m/07r1h 1 1 0 0
/m/0cv3w /base/popstra/location/vacationers./base/popstra/vacation_choice/vacationer /m/0127s7 1 1 0 0
/m/0rqf1 /base/popstra/location/vacationers./base/popstra/vacation_choice/vacationer /m/0cqt90 1 1 0 0
/m/04jpl /base/popstra/location/vacationers./base/popstra/vacation_choice/vacationer /m/0161c2 1 1 0 0
/m/05qtj /base/popstra/location/vacationers./base/popstra/vacation_choice/vacationer /m/0jfx1 1 1 1 1
/m/0f2v0 /base/popstra/location/vacationers./base/popstra/vacation_choice/vacationer /m/01wgxtl 1 1 0 0
/m/0cv3w /base/popstra/location/vacationers./base/popstra/vacation_choice/vacationer /m/026_dq6 1 1 1 1
/m/05fjy /base/popstra/location/vacationers./base/popstra/vacation_choice/vacationer /m/01k5zk 1 1 0 0
/m/03gh4 /base/popstra/location/vacationers./base/popstra/vacation_choice/vacationer /m/0151w_ 1 1 0 1
/m/03gh4 /base/popstra/location/vacationers./base/popstra/vacation_choice/vacationer /m/0lx2l 1 1 1 1
/m/095w_ /base/popstra/location/vacationers./base/popstra/vacation_choice/vacationer /m/01l9p 1 1 0 0
/m/07tp2 /base/popstra/location/vacationers./base/popstra/vacation_choice/vacationer /m/01jb26 1 1 0 0
/m/03gh4 /base/popstra/location/vacationers./base/popstra/vacation_choice/vacationer /m/0dn3n 1 1 1 1
/m/03gh4 /base/popstra/location/vacationers./base/popstra/vacation_choice/vacationer /m/022q32 1 1 1 1
/m/015fr /base/popstra/location/vacationers./base/popstra/vacation_choice/vacationer /m/06wm0z 1 1 0 0
/m/0cp6w /base/popstra/location/vacationers./base/popstra/vacation_choice/vacationer /m/0456xp 1 1 0 0
/m/0cv3w /base/popstra/location/vacationers./base/popstra/vacation_choice/vacationer /m/022q32 1 1 0 1
/m/0b90_r /base/popstra/location/vacationers./base/popstra/vacation_choice/vacationer /m/0lk90 1 1 0 1
/m/0162v /base/popstra/location/vacationers./base/popstra/vacation_choice/vacationer /m/04xrx 0 0 0 0
/m/04jpl /base/popstra/location/vacationers./base/popstra/vacation_choice/vacationer /m/07r1h 1 1 0 0
/m/0ckhc /base/popstra/location/vacationers./base/popstra/vacation_choice/vacationer /m/0lk90 1 1 0 0
/m/030qb3t /base/popstra/location/vacationers./base/popstra/vacation_choice/vacationer /m/01vs_v8 1 1 0 0
/m/01f08r /base/popstra/location/vacationers./base/popstra/vacation_choice/vacationer /m/015z4j 1 1 0 0
/m/0chghy /base/popstra/location/vacationers./base/popstra/vacation_choice/vacationer /m/01p4vl 1 1 0 0
/m/0f2v0 /base/popstra/location/vacationers./base/popstra/vacation_choice/vacationer /m/02b9g4 1 1 1 1
std confidence sum
/m/031y2 /base/popstra/location/vacationers./base/popstra/vacation_choice/vacationer /m/0dxmyh 1 1 0 1
/m/04jpl /base/popstra/location/vacationers./base/popstra/vacation_choice/vacationer /m/01pk8v 0 0 0 0
/m/0k9p4 /base/popstra/location/vacationers./base/popstra/vacation_choice/vacationer /m/016fnb 1 1 0 1
/m/03gh4 /base/popstra/location/vacationers./base/popstra/vacation_choice/vacationer /m/046zh 1 1 0 1
/m/07fr_ /base/popstra/location/vacationers./base/popstra/vacation_choice/vacationer /m/01jfrg 1 1 0 1
/m/06k5_ /base/popstra/location/vacationers./base/popstra/vacation_choice/vacationer /m/01vs_v8 0 0 0 0
/m/0f2v0 /base/popstra/location/vacationers./base/popstra/vacation_choice/vacationer /m/058s57 1 1 1 1
/m/07_pf /base/popstra/location/vacationers./base/popstra/vacation_choice/vacationer /m/0237fw 0 0 0 0
/m/02_286 /base/popstra/location/vacationers./base/popstra/vacation_choice/vacationer /m/01k53x 1 1 0 1
/m/06ryl /base/popstra/location/vacationers./base/popstra/vacation_choice/vacationer /m/03h_9lg 0 0 0 0
/m/04ty8 /base/popstra/location/vacationers./base/popstra/vacation_choice/vacationer /m/07r1h 1 1 0 1
/m/0cv3w /base/popstra/location/vacationers./base/popstra/vacation_choice/vacationer /m/0127s7 1 1 0 0
/m/0rqf1 /base/popstra/location/vacationers./base/popstra/vacation_choice/vacationer /m/0cqt90 1 1 1 1
/m/04jpl /base/popstra/location/vacationers./base/popstra/vacation_choice/vacationer /m/0161c2 1 1 0 0
/m/05qtj /base/popstra/location/vacationers./base/popstra/vacation_choice/vacationer /m/0jfx1 1 1 1 1
/m/0f2v0 /base/popstra/location/vacationers./base/popstra/vacation_choice/vacationer /m/01wgxtl 1 1 1 1
/m/0cv3w /base/popstra/location/vacationers./base/popstra/vacation_choice/vacationer /m/026_dq6 1 1 1 1
/m/05fjy /base/popstra/location/vacationers./base/popstra/vacation_choice/vacationer /m/01k5zk 1 1 0 1
/m/03gh4 /base/popstra/location/vacationers./base/popstra/vacation_choice/vacationer /m/0151w_ 1 1 0 1
/m/03gh4 /base/popstra/location/vacationers./base/popstra/vacation_choice/vacationer /m/0lx2l 1 1 1 1
/m/095w_ /base/popstra/location/vacationers./base/popstra/vacation_choice/vacationer /m/01l9p 1 1 0 1
/m/07tp2 /base/popstra/location/vacationers./base/popstra/vacation_choice/vacationer /m/01jb26 1 1 1 1
/m/03gh4 /base/popstra/location/vacationers./base/popstra/vacation_choice/vacationer /m/0dn3n 1 1 1 1
/m/03gh4 /base/popstra/location/vacationers./base/popstra/vacation_choice/vacationer /m/022q32 1 1 0 1
/m/015fr /base/popstra/location/vacationers./base/popstra/vacation_choice/vacationer /m/06wm0z 1 1 0 0
/m/0cp6w /base/popstra/location/vacationers./base/popstra/vacation_choice/vacationer /m/0456xp 1 1 0 1
/m/0cv3w /base/popstra/location/vacationers./base/popstra/vacation_choice/vacationer /m/022q32 1 1 1 1
/m/0b90_r /base/popstra/location/vacationers./base/popstra/vacation_choice/vacationer /m/0lk90 1 1 0 1
/m/0162v /base/popstra/location/vacationers./base/popstra/vacation_choice/vacationer /m/04xrx 0 0 0 0
/m/04jpl /base/popstra/location/vacationers./base/popstra/vacation_choice/vacationer /m/07r1h 1 1 0 1
/m/0ckhc /base/popstra/location/vacationers./base/popstra/vacation_choice/vacationer /m/0lk90 1 1 0 1
/m/030qb3t /base/popstra/location/vacationers./base/popstra/vacation_choice/vacationer /m/01vs_v8 1 1 1 1
/m/01f08r /base/popstra/location/vacationers./base/popstra/vacation_choice/vacationer /m/015z4j 1 1 1 1
/m/0chghy /base/popstra/location/vacationers./base/popstra/vacation_choice/vacationer /m/01p4vl 1 1 0 1
/m/0f2v0 /base/popstra/location/vacationers./base/popstra/vacation_choice/vacationer /m/02b9g4 1 1 1 1
