pca confidence count
/m/04f0xq /base/schemastaging/organization_extra/phone_number./base/schemastaging/phone_open_times/time_zone /m/02hcv8 0 0 0 0
/m/07gyp7 /base/schemastaging/organization_extra/phone_number./base/schemastaging/phone_open_times/time_zone /m/02fqwt 0 0 0 0
/m/01_lh1 /base/schemastaging/organization_extra/phone_number./base/schemastaging/phone_open_times/time_zone /m/02lcqs 0 0 0 0
/m/03mnk /base/schemastaging/organization_extra/phone_number./base/schemastaging/phone_open_times/time_zone /m/02hczc 0 0 0 0
/m/0plw /base/schemastaging/organization_extra/phone_number./base/schemastaging/phone_open_times/time_zone /m/02hcv8 0 0 0 0
/m/01nn79 /base/schemastaging/organization_extra/phone_number./base/schemastaging/phone_open_times/time_zone /m/02fqwt 0 0 0 0
/m/055z7 /base/schemastaging/organization_extra/phone_number./base/schemastaging/phone_open_times/time_zone /m/02hcv8 0 0 0 0
/m/0mgkg /base/schemastaging/organization_extra/phone_number./base/schemastaging/phone_open_times/time_zone /m/02lcqs 1 1 0 0
/m/07zl6m /base/schemastaging/organization_extra/phone_number./base/schemastaging/phone_open_times/time_zone /m/02llzg 0 0 0 0
std confidence count
/m/04f0xq /base/schemastaging/organization_extra/phone_number./base/schemastaging/phone_open_times/time_zone /m/02hcv8 0 0 0 0
/m/07gyp7 /base/schemastaging/organization_extra/phone_number./base/schemastaging/phone_open_times/time_zone /m/02fqwt 0 0 0 0
/m/01_lh1 /base/schemastaging/organization_extra/phone_number./base/schemastaging/phone_open_times/time_zone /m/02lcqs 0 0 0 0
/m/03mnk /base/schemastaging/organization_extra/phone_number./base/schemastaging/phone_open_times/time_zone /m/02hczc 1 1 0 0
/m/0plw /base/schemastaging/organization_extra/phone_number./base/schemastaging/phone_open_times/time_zone /m/02hcv8 0 0 0 0
/m/01nn79 /base/schemastaging/organization_extra/phone_number./base/schemastaging/phone_open_times/time_zone /m/02fqwt 0 0 0 0
/m/055z7 /base/schemastaging/organization_extra/phone_number./base/schemastaging/phone_open_times/time_zone /m/02hcv8 0 0 0 0
/m/0mgkg /base/schemastaging/organization_extra/phone_number./base/schemastaging/phone_open_times/time_zone /m/02lcqs 0 1 0 0
/m/07zl6m /base/schemastaging/organization_extra/phone_number./base/schemastaging/phone_open_times/time_zone /m/02llzg 0 1 0 0
pca confidence sum
/m/04f0xq /base/schemastaging/organization_extra/phone_number./base/schemastaging/phone_open_times/time_zone /m/02hcv8 0 0 0 0
/m/07gyp7 /base/schemastaging/organization_extra/phone_number./base/schemastaging/phone_open_times/time_zone /m/02fqwt 0 1 0 0
/m/01_lh1 /base/schemastaging/organization_extra/phone_number./base/schemastaging/phone_open_times/time_zone /m/02lcqs 0 0 0 0
/m/03mnk /base/schemastaging/organization_extra/phone_number./base/schemastaging/phone_open_times/time_zone /m/02hczc 0 0 0 0
/m/0plw /base/schemastaging/organization_extra/phone_number./base/schemastaging/phone_open_times/time_zone /m/02hcv8 0 0 0 0
/m/01nn79 /base/schemastaging/organization_extra/phone_number./base/schemastaging/phone_open_times/time_zone /m/02fqwt 0 0 0 0
/m/055z7 /base/schemastaging/organization_extra/phone_number./base/schemastaging/phone_open_times/time_zone /m/02hcv8 0 0 0 0
/m/0mgkg /base/schemastaging/organization_extra/phone_number./base/schemastaging/phone_open_times/time_zone /m/02lcqs 0 1 0 0
/m/07zl6m /base/schemastaging/organization_extra/phone_number./base/schemastaging/phone_open_times/time_zone /m/02llzg 0 0 0 0
std confidence sum
/m/04f0xq /base/schemastaging/organization_extra/phone_number./base/schemastaging/phone_open_times/time_zone /m/02hcv8 0 0 0 0
/m/07gyp7 /base/schemastaging/organization_extra/phone_number./base/schemastaging/phone_open_times/time_zone /m/02fqwt 0 1 0 0
/m/01_lh1 /base/schemastaging/organization_extra/phone_number./base/schemastaging/phone_open_times/time_zone /m/02lcqs 0 0 0 0
/m/03mnk /base/schemastaging/organization_extra/phone_number./base/schemastaging/phone_open_times/time_zone /m/02hczc 0 0 0 0
/m/0plw /base/schemastaging/organization_extra/phone_number./base/schemastaging/phone_open_times/time_zone /m/02hcv8 0 0 0 0
/m/01nn79 /base/schemastaging/organization_extra/phone_number./base/schemastaging/phone_open_times/time_zone /m/02fqwt 0 0 0 0
/m/055z7 /base/schemastaging/organization_extra/phone_number./base/schemastaging/phone_open_times/time_zone /m/02hcv8 0 0 0 0
/m/0mgkg /base/schemastaging/organization_extra/phone_number./base/schemastaging/phone_open_times/time_zone /m/02lcqs 0 1 0 0
/m/07zl6m /base/schemastaging/organization_extra/phone_number./base/schemastaging/phone_open_times/time_zone /m/02llzg 0 1 0 0
