pca confidence count
/m/02pyyld /basketball/basketball_team/roster./basketball/basketball_roster_position/position /m/0355dz 0 0 0 0
/m/01jvgt /basketball/basketball_team/roster./basketball/basketball_roster_position/position /m/02_ssl 0 1 0 0
/m/04cxw5b /basketball/basketball_team/roster./basketball/basketball_roster_position/position /m/0ctt4z 0 1 0 0
/m/0jmcb /basketball/basketball_team/roster./basketball/basketball_roster_position/position /m/03558l 0 0 0 0
/m/03y9p40 /basketball/basketball_team/roster./basketball/basketball_roster_position/position /m/02sf_r 0 0 0 0
/m/02py8_w /basketball/basketball_team/roster./basketball/basketball_roster_position/position /m/03558l 0 0 0 0
/m/01jvgt /basketball/basketball_team/roster./basketball/basketball_roster_position/position /m/0ctt4z 0 1 0 0
/m/0jmm4 /basketball/basketball_team/roster./basketball/basketball_roster_position/position /m/03558l 0 0 0 0
/m/01k8vh /basketball/basketball_team/roster./basketball/basketball_roster_position/position /m/02_ssl 0 0 0 0
/m/0jmgb /basketball/basketball_team/roster./basketball/basketball_roster_position/position /m/02sf_r 0 0 0 0
/m/0jmmn /basketball/basketball_team/roster./basketball/basketball_roster_position/position /m/03558l 0 0 0 0
/m/02py8_w /basketball/basketball_team/roster./basketball/basketball_roster_position/position /m/01pv51 0 0 0 0
/m/0jm3b /basketball/basketball_team/roster./basketball/basketball_roster_position/position /m/03558l 0 0 0 0
/m/02qk2d5 /basketball/basketball_team/roster./basketball/basketball_roster_position/position /m/02_ssl 0 0 0 0
/m/01k8vh /basketball/basketball_team/roster./basketball/basketball_roster_position/position /m/03558l 0 0 0 0
/m/0jmfb /basketball/basketball_team/roster./basketball/basketball_roster_position/position /m/02sf_r 0 0 0 0
/m/0jmk7 /basketball/basketball_team/roster./basketball/basketball_roster_position/position /m/03558l 0 0 0 0
/m/01k8vh /basketball/basketball_team/roster./basketball/basketball_roster_position/position /m/0ctt4z 0 1 0 0
/m/0jml5 /basketball/basketball_team/roster./basketball/basketball_roster_position/position /m/0355dz 0 0 0 0
/m/0fw9vx /basketball/basketball_team/roster./basketball/basketball_roster_position/position /m/0355dz 0 0 0 0
/m/02pqcfz /basketball/basketball_team/roster./basketball/basketball_roster_position/position /m/0355dz 0 0 0 0
/m/0bwjj /basketball/basketball_team/roster./basketball/basketball_roster_position/position /m/0ctt4z 0 1 0 0
/m/0jm9w /basketball/basketball_team/roster./basketball/basketball_roster_position/position /m/02_ssl 0 0 0 0
std confidence count
/m/02pyyld /basketball/basketball_team/roster./basketball/basketball_roster_position/position /m/0355dz 0 1 0 1
/m/01jvgt /basketball/basketball_team/roster./basketball/basketball_roster_position/position /m/02_ssl 0 1 0 0
/m/04cxw5b /basketball/basketball_team/roster./basketball/basketball_roster_position/position /m/0ctt4z 0 1 0 1
/m/0jmcb /basketball/basketball_team/roster./basketball/basketball_roster_position/position /m/03558l 0 1 0 0
/m/03y9p40 /basketball/basketball_team/roster./basketball/basketball_roster_position/position /m/02sf_r 0 1 0 0
/m/02py8_w /basketball/basketball_team/roster./basketball/basketball_roster_position/position /m/03558l 0 1 0 0
/m/01jvgt /basketball/basketball_team/roster./basketball/basketball_roster_position/position /m/0ctt4z 0 1 0 1
/m/0jmm4 /basketball/basketball_team/roster./basketball/basketball_roster_position/position /m/03558l 0 1 0 0
/m/01k8vh /basketball/basketball_team/roster./basketball/basketball_roster_position/position /m/02_ssl 0 1 0 0
/m/0jmgb /basketball/basketball_team/roster./basketball/basketball_roster_position/position /m/02sf_r 0 1 0 0
/m/0jmmn /basketball/basketball_team/roster./basketball/basketball_roster_position/position /m/03558l 0 1 0 0
/m/02py8_w /basketball/basketball_team/roster./basketball/basketball_roster_position/position /m/01pv51 0 1 0 1
/m/0jm3b /basketball/basketball_team/roster./basketball/basketball_roster_position/position /m/03558l 0 1 0 0
/m/02qk2d5 /basketball/basketball_team/roster./basketball/basketball_roster_position/position /m/02_ssl 0 1 0 0
/m/01k8vh /basketball/basketball_team/roster./basketball/basketball_roster_position/position /m/03558l 0 1 0 0
/m/0jmfb /basketball/basketball_team/roster./basketball/basketball_roster_position/position /m/02sf_r 0 1 0 0
/m/0jmk7 /basketball/basketball_team/roster./basketball/basketball_roster_position/position /m/03558l 0 1 0 1
/m/01k8vh /basketball/basketball_team/roster./basketball/basketball_roster_position/position /m/0ctt4z 1 1 0 1
/m/0jml5 /basketball/basketball_team/roster./basketball/basketball_roster_position/position /m/0355dz 0 1 0 1
/m/0fw9vx /basketball/basketball_team/roster./basketball/basketball_roster_position/position /m/0355dz 0 1 0 1
/m/02pqcfz /basketball/basketball_team/roster./basketball/basketball_roster_position/position /m/0355dz 0 1 0 1
/m/0bwjj /basketball/basketball_team/roster./basketball/basketball_roster_position/position /m/0ctt4z 0 1 0 1
/m/0jm9w /basketball/basketball_team/roster./basketball/basketball_roster_position/position /m/02_ssl 0 1 0 0
pca confidence sum
/m/02pyyld /basketball/basketball_team/roster./basketball/basketball_roster_position/position /m/0355dz 0 1 0 0
/m/01jvgt /basketball/basketball_team/roster./basketball/basketball_roster_position/position /m/02_ssl 0 1 0 0
/m/04cxw5b /basketball/basketball_team/roster./basketball/basketball_roster_position/position /m/0ctt4z 0 1 0 0
/m/0jmcb /basketball/basketball_team/roster./basketball/basketball_roster_position/position /m/03558l 0 1 0 0
/m/03y9p40 /basketball/basketball_team/roster./basketball/basketball_roster_position/position /m/02sf_r 0 1 0 0
/m/02py8_w /basketball/basketball_team/roster./basketball/basketball_roster_position/position /m/03558l 0 1 0 0
/m/01jvgt /basketball/basketball_team/roster./basketball/basketball_roster_position/position /m/0ctt4z 0 1 0 0
/m/0jmm4 /basketball/basketball_team/roster./basketball/basketball_roster_position/position /m/03558l 0 1 0 0
/m/01k8vh /basketball/basketball_team/roster./basketball/basketball_roster_position/position /m/02_ssl 0 1 0 1
/m/0jmgb /basketball/basketball_team/roster./basketball/basketball_roster_position/position /m/02sf_r 0 1 0 0
/m/0jmmn /basketball/basketball_team/roster./basketball/basketball_roster_position/position /m/03558l 0 1 0 0
/m/02py8_w /basketball/basketball_team/roster./basketball/basketball_roster_position/position /m/01pv51 0 1 0 0
/m/0jm3b /basketball/basketball_team/roster./basketball/basketball_roster_position/position /m/03558l 1 1 0 1
/m/02qk2d5 /basketball/basketball_team/roster./basketball/basketball_roster_position/position /m/02_ssl 0 1 0 0
/m/01k8vh /basketball/basketball_team/roster./basketball/basketball_roster_position/position /m/03558l 1 1 0 1
/m/0jmfb /basketball/basketball_team/roster./basketball/basketball_roster_position/position /m/02sf_r 0 1 0 0
/m/0jmk7 /basketball/basketball_team/roster./basketball/basketball_roster_position/position /m/03558l 1 1 0 1
/m/01k8vh /basketball/basketball_team/roster./basketball/basketball_roster_position/position /m/0ctt4z 0 1 0 0
/m/0jml5 /basketball/basketball_team/roster./basketball/basketball_roster_position/position /m/0355dz 0 1 0 0
/m/0fw9vx /basketball/basketball_team/roster./basketball/basketball_roster_position/position /m/0355dz 0 1 0 0
/m/02pqcfz /basketball/basketball_team/roster./basketball/basketball_roster_position/position /m/0355dz 0 1 0 0
/m/0bwjj /basketball/basketball_team/roster./basketball/basketball_roster_position/position /m/0ctt4z 1 1 1 1
/m/0jm9w /basketball/basketball_team/roster./basketball/basketball_roster_position/position /m/02_ssl 0 1 0 0
std confidence sum
/m/02pyyld /basketball/basketball_team/roster./basketball/basketball_roster_position/position /m/0355dz 0 1 0 0
/m/01jvgt /basketball/basketball_team/roster./basketball/basketball_roster_position/position /m/02_ssl 0 1 0 0
/m/04cxw5b /basketball/basketball_team/roster./basketball/basketball_roster_position/position /m/0ctt4z 0 1 0 0
/m/0jmcb /basketball/basketball_team/roster./basketball/basketball_roster_position/position /m/03558l 0 1 0 0
/m/03y9p40 /basketball/basketball_team/roster./basketball/basketball_roster_position/position /m/02sf_r 0 1 0 0
/m/02py8_w /basketball/basketball_team/roster./basketball/basketball_roster_position/position /m/03558l 0 1 0 0
/m/01jvgt /basketball/basketball_team/roster./basketball/basketball_roster_position/position /m/0ctt4z 0 0 0 0
/m/0jmm4 /basketball/basketball_team/roster./basketball/basketball_roster_position/position /m/03558l 0 1 0 1
/m/01k8vh /basketball/basketball_team/roster./basketball/basketball_roster_position/position /m/02_ssl 0 1 0 1
/m/0jmgb /basketball/basketball_team/roster./basketball/basketball_roster_position/position /m/02sf_r 0 1 0 0
/m/0jmmn /basketball/basketball_team/roster./basketball/basketball_roster_position/position /m/03558l 0 1 0 0
/m/02py8_w /basketball/basketball_team/roster./basketball/basketball_roster_position/position /m/01pv51 0 1 0 0
/m/0jm3b /basketball/basketball_team/roster./basketball/basketball_roster_position/position /m/03558l 1 1 0 1
/m/02qk2d5 /basketball/basketball_team/roster./basketball/basketball_roster_position/position /m/02_ssl 0 1 0 0
/m/01k8vh /basketball/basketball_team/roster./basketball/basketball_roster_position/position /m/03558l 1 1 0 1
/m/0jmfb /basketball/basketball_team/roster./basketball/basketball_roster_position/position /m/02sf_r 0 1 0 0
/m/0jmk7 /basketball/basketball_team/roster./basketball/basketball_roster_position/position /m/03558l 1 1 0 1
/m/01k8vh /basketball/basketball_team/roster./basketball/basketball_roster_position/position /m/0ctt4z 0 1 0 0
/m/0jml5 /basketball/basketball_team/roster./basketball/basketball_roster_position/position /m/0355dz 0 1 0 0
/m/0fw9vx /basketball/basketball_team/roster./basketball/basketball_roster_position/position /m/0355dz 0 1 0 0
/m/02pqcfz /basketball/basketball_team/roster./basketball/basketball_roster_position/position /m/0355dz 0 1 0 0
/m/0bwjj /basketball/basketball_team/roster./basketball/basketball_roster_position/position /m/0ctt4z 1 1 1 1
/m/0jm9w /basketball/basketball_team/roster./basketball/basketball_roster_position/position /m/02_ssl 0 1 0 0
