pca confidence count
/m/01pv51 /basketball/basketball_position/player_roster_position./basketball/basketball_roster_position/team /m/0jm4b 1 1 0 1
/m/03558l /basketball/basketball_position/player_roster_position./basketball/basketball_roster_position/team /m/0jmcb 1 1 0 1
/m/02_ssl /basketball/basketball_position/player_roster_position./basketball/basketball_roster_position/team /m/02qk2d5 1 1 1 1
/m/02_ssl /basketball/basketball_position/player_roster_position./basketball/basketball_roster_position/team /m/0jmbv 1 1 0 1
/m/02_ssl /basketball/basketball_position/player_roster_position./basketball/basketball_roster_position/team /m/01k8vh 1 1 0 1
/m/02_ssl /basketball/basketball_position/player_roster_position./basketball/basketball_roster_position/team /m/0jm64 1 1 0 1
/m/03558l /basketball/basketball_position/player_roster_position./basketball/basketball_roster_position/team /m/02qk2d5 1 1 0 0
/m/01pv51 /basketball/basketball_position/player_roster_position./basketball/basketball_roster_position/team /m/02pqcfz 1 1 0 1
/m/0355dz /basketball/basketball_position/player_roster_position./basketball/basketball_roster_position/team /m/02pyyld 1 1 0 1
/m/0355dz /basketball/basketball_position/player_roster_position./basketball/basketball_roster_position/team /m/0jm2v 1 1 0 1
/m/0619m3 /basketball/basketball_position/player_roster_position./basketball/basketball_roster_position/team /m/0jm2v 1 1 0 1
/m/0355dz /basketball/basketball_position/player_roster_position./basketball/basketball_roster_position/team /m/0jmfv 1 1 0 1
/m/02sf_r /basketball/basketball_position/player_roster_position./basketball/basketball_roster_position/team /m/0jm6n 1 1 0 1
/m/02sf_r /basketball/basketball_position/player_roster_position./basketball/basketball_roster_position/team /m/091tgz 1 1 0 0
/m/0355dz /basketball/basketball_position/player_roster_position./basketball/basketball_roster_position/team /m/0jm8l 1 1 0 1
/m/0355dz /basketball/basketball_position/player_roster_position./basketball/basketball_roster_position/team /m/0jml5 1 1 0 1
/m/01pv51 /basketball/basketball_position/player_roster_position./basketball/basketball_roster_position/team /m/02pyyld 1 1 0 1
/m/01pv51 /basketball/basketball_position/player_roster_position./basketball/basketball_roster_position/team /m/01k8vh 1 1 0 1
/m/0619m3 /basketball/basketball_position/player_roster_position./basketball/basketball_roster_position/team /m/026dqjm 1 1 0 0
/m/03558l /basketball/basketball_position/player_roster_position./basketball/basketball_roster_position/team /m/0jm7n 1 1 0 1
/m/0355dz /basketball/basketball_position/player_roster_position./basketball/basketball_roster_position/team /m/0jm9w 1 1 0 1
/m/03558l /basketball/basketball_position/player_roster_position./basketball/basketball_roster_position/team /m/0jm9w 1 1 0 1
/m/0355dz /basketball/basketball_position/player_roster_position./basketball/basketball_roster_position/team /m/0jm3v 1 1 0 1
/m/01pv51 /basketball/basketball_position/player_roster_position./basketball/basketball_roster_position/team /m/0jmk7 1 1 0 1
/m/02sf_r /basketball/basketball_position/player_roster_position./basketball/basketball_roster_position/team /m/0jmgb 1 1 0 1
std confidence count
/m/01pv51 /basketball/basketball_position/player_roster_position./basketball/basketball_roster_position/team /m/0jm4b 1 1 0 1
/m/03558l /basketball/basketball_position/player_roster_position./basketball/basketball_roster_position/team /m/0jmcb 1 1 0 1
/m/02_ssl /basketball/basketball_position/player_roster_position./basketball/basketball_roster_position/team /m/02qk2d5 1 1 1 1
/m/02_ssl /basketball/basketball_position/player_roster_position./basketball/basketball_roster_position/team /m/0jmbv 1 1 0 1
/m/02_ssl /basketball/basketball_position/player_roster_position./basketball/basketball_roster_position/team /m/01k8vh 1 1 0 1
/m/02_ssl /basketball/basketball_position/player_roster_position./basketball/basketball_roster_position/team /m/0jm64 1 1 0 1
/m/03558l /basketball/basketball_position/player_roster_position./basketball/basketball_roster_position/team /m/02qk2d5 1 1 0 1
/m/01pv51 /basketball/basketball_position/player_roster_position./basketball/basketball_roster_position/team /m/02pqcfz 1 1 0 1
/m/0355dz /basketball/basketball_position/player_roster_position./basketball/basketball_roster_position/team /m/02pyyld 1 1 0 1
/m/0355dz /basketball/basketball_position/player_roster_position./basketball/basketball_roster_position/team /m/0jm2v 1 1 0 1
/m/0619m3 /basketball/basketball_position/player_roster_position./basketball/basketball_roster_position/team /m/0jm2v 1 1 0 1
/m/0355dz /basketball/basketball_position/player_roster_position./basketball/basketball_roster_position/team /m/0jmfv 1 1 0 1
/m/02sf_r /basketball/basketball_position/player_roster_position./basketball/basketball_roster_position/team /m/0jm6n 1 1 0 1
/m/02sf_r /basketball/basketball_position/player_roster_position./basketball/basketball_roster_position/team /m/091tgz 1 1 0 0
/m/0355dz /basketball/basketball_position/player_roster_position./basketball/basketball_roster_position/team /m/0jm8l 1 1 0 1
/m/0355dz /basketball/basketball_position/player_roster_position./basketball/basketball_roster_position/team /m/0jml5 1 1 0 1
/m/01pv51 /basketball/basketball_position/player_roster_position./basketball/basketball_roster_position/team /m/02pyyld 1 1 0 1
/m/01pv51 /basketball/basketball_position/player_roster_position./basketball/basketball_roster_position/team /m/01k8vh 1 1 0 1
/m/0619m3 /basketball/basketball_position/player_roster_position./basketball/basketball_roster_position/team /m/026dqjm 1 1 0 1
/m/03558l /basketball/basketball_position/player_roster_position./basketball/basketball_roster_position/team /m/0jm7n 1 1 0 1
/m/0355dz /basketball/basketball_position/player_roster_position./basketball/basketball_roster_position/team /m/0jm9w 1 1 0 1
/m/03558l /basketball/basketball_position/player_roster_position./basketball/basketball_roster_position/team /m/0jm9w 1 1 0 1
/m/0355dz /basketball/basketball_position/player_roster_position./basketball/basketball_roster_position/team /m/0jm3v 1 1 0 1
/m/01pv51 /basketball/basketball_position/player_roster_position./basketball/basketball_roster_position/team /m/0jmk7 1 1 0 1
/m/02sf_r /basketball/basketball_position/player_roster_position./basketball/basketball_roster_position/team /m/0jmgb 1 1 0 1
pca confidence sum
/m/01pv51 /basketball/basketball_position/player_roster_position./basketball/basketball_roster_position/team /m/0jm4b 1 1 0 1
/m/03558l /basketball/basketball_position/player_roster_position./basketball/basketball_roster_position/team /m/0jmcb 1 1 0 1
/m/02_ssl /basketball/basketball_position/player_roster_position./basketball/basketball_roster_position/team /m/02qk2d5 1 1 1 1
/m/02_ssl /basketball/basketball_position/player_roster_position./basketball/basketball_roster_position/team /m/0jmbv 1 1 0 1
/m/02_ssl /basketball/basketball_position/player_roster_position./basketball/basketball_roster_position/team /m/01k8vh 1 1 0 1
/m/02_ssl /basketball/basketball_position/player_roster_position./basketball/basketball_roster_position/team /m/0jm64 1 1 0 0
/m/03558l /basketball/basketball_position/player_roster_position./basketball/basketball_roster_position/team /m/02qk2d5 1 1 0 1
/m/01pv51 /basketball/basketball_position/player_roster_position./basketball/basketball_roster_position/team /m/02pqcfz 1 1 0 0
/m/0355dz /basketball/basketball_position/player_roster_position./basketball/basketball_roster_position/team /m/02pyyld 1 1 0 0
/m/0355dz /basketball/basketball_position/player_roster_position./basketball/basketball_roster_position/team /m/0jm2v 1 1 0 1
/m/0619m3 /basketball/basketball_position/player_roster_position./basketball/basketball_roster_position/team /m/0jm2v 1 1 0 1
/m/0355dz /basketball/basketball_position/player_roster_position./basketball/basketball_roster_position/team /m/0jmfv 1 1 0 1
/m/02sf_r /basketball/basketball_position/player_roster_position./basketball/basketball_roster_position/team /m/0jm6n 1 1 1 1
/m/02sf_r /basketball/basketball_position/player_roster_position./basketball/basketball_roster_position/team /m/091tgz 1 1 0 1
/m/0355dz /basketball/basketball_position/player_roster_position./basketball/basketball_roster_position/team /m/0jm8l 1 1 0 1
/m/0355dz /basketball/basketball_position/player_roster_position./basketball/basketball_roster_position/team /m/0jml5 1 1 0 1
/m/01pv51 /basketball/basketball_position/player_roster_position./basketball/basketball_roster_position/team /m/02pyyld 1 1 0 0
/m/01pv51 /basketball/basketball_position/player_roster_position./basketball/basketball_roster_position/team /m/01k8vh 1 1 0 1
/m/0619m3 /basketball/basketball_position/player_roster_position./basketball/basketball_roster_position/team /m/026dqjm 1 1 0 0
/m/03558l /basketball/basketball_position/player_roster_position./basketball/basketball_roster_position/team /m/0jm7n 1 1 0 1
/m/0355dz /basketball/basketball_position/player_roster_position./basketball/basketball_roster_position/team /m/0jm9w 1 1 0 1
/m/03558l /basketball/basketball_position/player_roster_position./basketball/basketball_roster_position/team /m/0jm9w 1 1 1 1
/m/0355dz /basketball/basketball_position/player_roster_position./basketball/basketball_roster_position/team /m/0jm3v 1 1 1 1
/m/01pv51 /basketball/basketball_position/player_roster_position./basketball/basketball_roster_position/team /m/0jmk7 1 1 0 1
/m/02sf_r /basketball/basketball_position/player_roster_position./basketball/basketball_roster_position/team /m/0jmgb 1 1 0 0
std confidence sum
/m/01pv51 /basketball/basketball_position/player_roster_position./basketball/basketball_roster_position/team /m/0jm4b 1 1 0 1
/m/03558l /basketball/basketball_position/player_roster_position./basketball/basketball_roster_position/team /m/0jmcb 1 1 0 1
/m/02_ssl /basketball/basketball_position/player_roster_position./basketball/basketball_roster_position/team /m/02qk2d5 1 1 1 1
/m/02_ssl /basketball/basketball_position/player_roster_position./basketball/basketball_roster_position/team /m/0jmbv 1 1 0 1
/m/02_ssl /basketball/basketball_position/player_roster_position./basketball/basketball_roster_position/team /m/01k8vh 1 1 0 1
/m/02_ssl /basketball/basketball_position/player_roster_position./basketball/basketball_roster_position/team /m/0jm64 1 1 0 1
/m/03558l /basketball/basketball_position/player_roster_position./basketball/basketball_roster_position/team /m/02qk2d5 1 1 0 1
/m/01pv51 /basketball/basketball_position/player_roster_position./basketball/basketball_roster_position/team /m/02pqcfz 1 1 0 0
/m/0355dz /basketball/basketball_position/player_roster_position./basketball/basketball_roster_position/team /m/02pyyld 1 1 0 0
/m/0355dz /basketball/basketball_position/player_roster_position./basketball/basketball_roster_position/team /m/0jm2v 1 1 0 1
/m/0619m3 /basketball/basketball_position/player_roster_position./basketball/basketball_roster_position/team /m/0jm2v 1 1 0 1
/m/0355dz /basketball/basketball_position/player_roster_position./basketball/basketball_roster_position/team /m/0jmfv 1 1 0 1
/m/02sf_r /basketball/basketball_position/player_roster_position./basketball/basketball_roster_position/team /m/0jm6n 1 1 1 1
/m/02sf_r /basketball/basketball_position/player_roster_position./basketball/basketball_roster_position/team /m/091tgz 1 1 0 1
/m/0355dz /basketball/basketball_position/player_roster_position./basketball/basketball_roster_position/team /m/0jm8l 1 1 0 1
/m/0355dz /basketball/basketball_position/player_roster_position./basketball/basketball_roster_position/team /m/0jml5 1 1 0 1
/m/01pv51 /basketball/basketball_position/player_roster_position./basketball/basketball_roster_position/team /m/02pyyld 1 1 0 0
/m/01pv51 /basketball/basketball_position/player_roster_position./basketball/basketball_roster_position/team /m/01k8vh 1 1 0 1
/m/0619m3 /basketball/basketball_position/player_roster_position./basketball/basketball_roster_position/team /m/026dqjm 1 1 0 0
/m/03558l /basketball/basketball_position/player_roster_position./basketball/basketball_roster_position/team /m/0jm7n 1 1 0 1
/m/0355dz /basketball/basketball_position/player_roster_position./basketball/basketball_roster_position/team /m/0jm9w 1 1 0 1
/m/03558l /basketball/basketball_position/player_roster_position./basketball/basketball_roster_position/team /m/0jm9w 1 1 1 1
/m/0355dz /basketball/basketball_position/player_roster_position./basketball/basketball_roster_position/team /m/0jm3v 1 1 1 1
/m/01pv51 /basketball/basketball_position/player_roster_position./basketball/basketball_roster_position/team /m/0jmk7 1 1 0 1
/m/02sf_r /basketball/basketball_position/player_roster_position./basketball/basketball_roster_position/team /m/0jmgb 1 1 0 0
