pca confidence count
/m/01vsl3_ /broadcast/artist/content /m/03gfvsz 0 0 0 0
/m/03kts /broadcast/artist/content /m/03gfvsz 0 0 0 0
/m/0d193h /broadcast/artist/content /m/04rqd 0 0 0 0
/m/01q99h /broadcast/artist/content /m/03gfvsz 0 0 0 0
/m/017j6 /broadcast/artist/content /m/04rqd 0 0 0 0
/m/07r1_ /broadcast/artist/content /m/04rqd 0 0 0 0
/m/01309x /broadcast/artist/content /m/03gfvsz 0 0 0 0
/m/0ycfj /broadcast/artist/content /m/04y652m 0 0 0 0
/m/0ycfj /broadcast/artist/content /m/04rqd 0 0 0 0
/m/0bdxs5 /broadcast/artist/content /m/03gfvsz 0 0 0 0
/m/01bczm /broadcast/artist/content /m/03gfvsz 0 1 0 0
/m/01jcxwp /broadcast/artist/content /m/01fjfv 0 0 0 0
/m/016lj_ /broadcast/artist/content /m/04y652m 1 1 0 0
/m/0134pk /broadcast/artist/content /m/01fjfv 0 0 0 0
std confidence count
/m/01vsl3_ /broadcast/artist/content /m/03gfvsz 0 1 0 1
/m/03kts /broadcast/artist/content /m/03gfvsz 0 1 0 1
/m/0d193h /broadcast/artist/content /m/04rqd 0 1 0 1
/m/01q99h /broadcast/artist/content /m/03gfvsz 0 1 0 1
/m/017j6 /broadcast/artist/content /m/04rqd 0 1 0 1
/m/07r1_ /broadcast/artist/content /m/04rqd 0 1 0 1
/m/01309x /broadcast/artist/content /m/03gfvsz 0 1 0 1
/m/0ycfj /broadcast/artist/content /m/04y652m 1 1 0 1
/m/0ycfj /broadcast/artist/content /m/04rqd 0 1 0 1
/m/0bdxs5 /broadcast/artist/content /m/03gfvsz 0 0 0 0
/m/01bczm /broadcast/artist/content /m/03gfvsz 0 0 0 0
/m/01jcxwp /broadcast/artist/content /m/01fjfv 0 1 0 1
/m/016lj_ /broadcast/artist/content /m/04y652m 0 1 0 0
/m/0134pk /broadcast/artist/content /m/01fjfv 0 1 0 1
pca confidence sum
/m/01vsl3_ /broadcast/artist/content /m/03gfvsz 0 0 0 0
/m/03kts /broadcast/artist/content /m/03gfvsz 0 0 0 0
/m/0d193h /broadcast/artist/content /m/04rqd 0 0 0 0
/m/01q99h /broadcast/artist/content /m/03gfvsz 0 0 0 0
/m/017j6 /broadcast/artist/content /m/04rqd 0 0 0 0
/m/07r1_ /broadcast/artist/content /m/04rqd 0 0 0 0
/m/01309x /broadcast/artist/content /m/03gfvsz 0 0 0 0
/m/0ycfj /broadcast/artist/content /m/04y652m 0 1 0 0
/m/0ycfj /broadcast/artist/content /m/04rqd 0 0 0 0
/m/0bdxs5 /broadcast/artist/content /m/03gfvsz 0 0 0 0
/m/01bczm /broadcast/artist/content /m/03gfvsz 0 0 0 0
/m/01jcxwp /broadcast/artist/content /m/01fjfv 0 0 0 0
/m/016lj_ /broadcast/artist/content /m/04y652m 0 1 0 0
/m/0134pk /broadcast/artist/content /m/01fjfv 0 0 0 0
std confidence sum
/m/01vsl3_ /broadcast/artist/content /m/03gfvsz 0 0 0 0
/m/03kts /broadcast/artist/content /m/03gfvsz 0 0 0 0
/m/0d193h /broadcast/artist/content /m/04rqd 1 1 0 1
/m/01q99h /broadcast/artist/content /m/03gfvsz 0 0 0 0
/m/017j6 /broadcast/artist/content /m/04rqd 0 1 0 0
/m/07r1_ /broadcast/artist/content /m/04rqd 0 1 0 1
/m/01309x /broadcast/artist/content /m/03gfvsz 0 0 0 0
/m/0ycfj /broadcast/artist/content /m/04y652m 0 1 0 0
/m/0ycfj /broadcast/artist/content /m/04rqd 0 1 0 1
/m/0bdxs5 /broadcast/artist/content /m/03gfvsz 0 0 0 0
/m/01bczm /broadcast/artist/content /m/03gfvsz 0 1 0 0
/m/01jcxwp /broadcast/artist/content /m/01fjfv 0 1 0 1
/m/016lj_ /broadcast/artist/content /m/04y652m 0 1 0 0
/m/0134pk /broadcast/artist/content /m/01fjfv 1 1 0 1
