pca confidence count
/m/012fvq /business/business_operation/revenue./measurement_unit/dated_money_value/currency /m/09nqf 0 0 0 0
/m/05w3y /business/business_operation/revenue./measurement_unit/dated_money_value/currency /m/09nqf 0 0 0 0
/m/01p5xy /business/business_operation/revenue./measurement_unit/dated_money_value/currency /m/09nqf 0 0 0 0
/m/01prf3 /business/business_operation/revenue./measurement_unit/dated_money_value/currency /m/09nqf 0 0 0 0
/m/04htfd /business/business_operation/revenue./measurement_unit/dated_money_value/currency /m/09nqf 0 0 0 0
/m/0537b /business/business_operation/revenue./measurement_unit/dated_money_value/currency /m/09nqf 0 0 0 0
/m/04sv4 /business/business_operation/revenue./measurement_unit/dated_money_value/currency /m/09nqf 0 0 0 0
/m/0178g /business/business_operation/revenue./measurement_unit/dated_money_value/currency /m/09nqf 0 0 0 0
/m/0k8z /business/business_operation/revenue./measurement_unit/dated_money_value/currency /m/09nqf 0 0 0 0
/m/01swxv /business/business_operation/revenue./measurement_unit/dated_money_value/currency /m/09nqf 0 0 0 0
/m/01hlwv /business/business_operation/revenue./measurement_unit/dated_money_value/currency /m/09nqf 0 0 0 0
/m/02kth6 /business/business_operation/revenue./measurement_unit/dated_money_value/currency /m/09nqf 0 0 0 0
/m/01z_jj /business/business_operation/revenue./measurement_unit/dated_money_value/currency /m/09nqf 0 0 0 0
/m/04wlz2 /business/business_operation/revenue./measurement_unit/dated_money_value/currency /m/09nqf 0 0 0 0
/m/03p7gb /business/business_operation/revenue./measurement_unit/dated_money_value/currency /m/09nqf 0 0 0 0
/m/06thjt /business/business_operation/revenue./measurement_unit/dated_money_value/currency /m/09nqf 0 0 0 0
/m/03bmmc /business/business_operation/revenue./measurement_unit/dated_money_value/currency /m/09nqf 0 0 0 0
/m/02rky4 /business/business_operation/revenue./measurement_unit/dated_money_value/currency /m/09nqf 0 0 0 0
/m/02bjhv /business/business_operation/revenue./measurement_unit/dated_money_value/currency /m/09nqf 0 0 0 0
/m/01pcj4 /business/business_operation/revenue./measurement_unit/dated_money_value/currency /m/09nqf 0 0 0 0
/m/019_6d /business/business_operation/revenue./measurement_unit/dated_money_value/currency /m/09nqf 0 0 0 0
/m/017y6l /business/business_operation/revenue./measurement_unit/dated_money_value/currency /m/09nqf 0 0 0 0
/m/055z7 /business/business_operation/revenue./measurement_unit/dated_money_value/currency /m/09nqf 0 0 0 0
/m/0l8sx /business/business_operation/revenue./measurement_unit/dated_money_value/currency /m/09nqf 0 0 0 0
/m/01cyd5 /business/business_operation/revenue./measurement_unit/dated_money_value/currency /m/09nqf 0 0 0 0
/m/035wtd /business/business_operation/revenue./measurement_unit/dated_money_value/currency /m/09nqf 0 0 0 0
/m/01b7lc /business/business_operation/revenue./measurement_unit/dated_money_value/currency /m/09nqf 0 0 0 0
std confidence count
/m/012fvq /business/business_operation/revenue./measurement_unit/dated_money_value/currency /m/09nqf 0 1 0 0
/m/05w3y /business/business_operation/revenue./measurement_unit/dated_money_value/currency /m/09nqf 0 1 0 0
/m/01p5xy /business/business_operation/revenue./measurement_unit/dated_money_value/currency /m/09nqf 0 1 0 0
/m/01prf3 /business/business_operation/revenue./measurement_unit/dated_money_value/currency /m/09nqf 0 1 0 0
/m/04htfd /business/business_operation/revenue./measurement_unit/dated_money_value/currency /m/09nqf 0 1 0 1
/m/0537b /business/business_operation/revenue./measurement_unit/dated_money_value/currency /m/09nqf 0 1 0 1
/m/04sv4 /business/business_operation/revenue./measurement_unit/dated_money_value/currency /m/09nqf 0 1 0 1
/m/0178g /business/business_operation/revenue./measurement_unit/dated_money_value/currency /m/09nqf 0 1 0 0
/m/0k8z /business/business_operation/revenue./measurement_unit/dated_money_value/currency /m/09nqf 0 1 0 1
/m/01swxv /business/business_operation/revenue./measurement_unit/dated_money_value/currency /m/09nqf 0 1 0 0
/m/01hlwv /business/business_operation/revenue./measurement_unit/dated_money_value/currency /m/09nqf 0 1 0 1
/m/02kth6 /business/business_operation/revenue./measurement_unit/dated_money_value/currency /m/09nqf 0 1 0 0
/m/01z_jj /business/business_operation/revenue./measurement_unit/dated_money_value/currency /m/09nqf 0 1 0 0
/m/04wlz2 /business/business_operation/revenue./measurement_unit/dated_money_value/currency /m/09nqf 0 1 0 0
/m/03p7gb /business/business_operation/revenue./measurement_unit/dated_money_value/currency /m/09nqf 0 1 0 0
/m/06thjt /business/business_operation/revenue./measurement_unit/dated_money_value/currency /m/09nqf 0 1 0 0
/m/03bmmc /business/business_operation/revenue./measurement_unit/dated_money_value/currency /m/09nqf 0 1 0 0
/m/02rky4 /business/business_operation/revenue./measurement_unit/dated_money_value/currency /m/09nqf 0 1 0 0
/m/02bjhv /business/business_operation/revenue./measurement_unit/dated_money_value/currency /m/09nqf 0 1 0 0
/m/01pcj4 /business/business_operation/revenue./measurement_unit/dated_money_value/currency /m/09nqf 0 1 0 0
/m/019_6d /business/business_operation/revenue./measurement_unit/dated_money_value/currency /m/09nqf 0 0 0 0
/m/017y6l /business/business_operation/revenue./measurement_unit/dated_money_value/currency /m/09nqf 0 1 0 0
/m/055z7 /business/business_operation/revenue./measurement_unit/dated_money_value/currency /m/09nqf 0 1 0 1
/m/0l8sx /business/business_operation/revenue./measurement_unit/dated_money_value/currency /m/09nqf 0 1 0 1
/m/01cyd5 /business/business_operation/revenue./measurement_unit/dated_money_value/currency /m/09nqf 0 1 0 0
/m/035wtd /business/business_operation/revenue./measurement_unit/dated_money_value/currency /m/09nqf 0 1 0 0
/m/01b7lc /business/business_operation/revenue./measurement_unit/dated_money_value/currency /m/09nqf 0 1 0 0
pca confidence sum
/m/012fvq /business/business_operation/revenue./measurement_unit/dated_money_value/currency /m/09nqf 0 0 0 0
/m/05w3y /business/business_operation/revenue./measurement_unit/dated_money_value/currency /m/09nqf 0 0 0 0
/m/01p5xy /business/business_operation/revenue./measurement_unit/dated_money_value/currency /m/09nqf 0 0 0 0
/m/01prf3 /business/business_operation/revenue./measurement_unit/dated_money_value/currency /m/09nqf 0 0 0 0
/m/04htfd /business/business_operation/revenue./measurement_unit/dated_money_value/currency /m/09nqf 0 0 0 0
/m/0537b /business/business_operation/revenue./measurement_unit/dated_money_value/currency /m/09nqf 0 0 0 0
/m/04sv4 /business/business_operation/revenue./measurement_unit/dated_money_value/currency /m/09nqf 0 0 0 0
/m/0178g /business/business_operation/revenue./measurement_unit/dated_money_value/currency /m/09nqf 0 0 0 0
/m/0k8z /business/business_operation/revenue./measurement_unit/dated_money_value/currency /m/09nqf 0 0 0 0
/m/01swxv /business/business_operation/revenue./measurement_unit/dated_money_value/currency /m/09nqf 0 0 0 0
/m/01hlwv /business/business_operation/revenue./measurement_unit/dated_money_value/currency /m/09nqf 0 0 0 0
/m/02kth6 /business/business_operation/revenue./measurement_unit/dated_money_value/currency /m/09nqf 0 0 0 0
/m/01z_jj /business/business_operation/revenue./measurement_unit/dated_money_value/currency /m/09nqf 0 0 0 0
/m/04wlz2 /business/business_operation/revenue./measurement_unit/dated_money_value/currency /m/09nqf 0 0 0 0
/m/03p7gb /business/business_operation/revenue./measurement_unit/dated_money_value/currency /m/09nqf 0 0 0 0
/m/06thjt /business/business_operation/revenue./measurement_unit/dated_money_value/currency /m/09nqf 0 0 0 0
/m/03bmmc /business/business_operation/revenue./measurement_unit/dated_money_value/currency /m/09nqf 0 0 0 0
/m/02rky4 /business/business_operation/revenue./measurement_unit/dated_money_value/currency /m/09nqf 0 0 0 0
/m/02bjhv /business/business_operation/revenue./measurement_unit/dated_money_value/currency /m/09nqf 0 0 0 0
/m/01pcj4 /business/business_operation/revenue./measurement_unit/dated_money_value/currency /m/09nqf 0 0 0 0
/m/019_6d /business/business_operation/revenue./measurement_unit/dated_money_value/currency /m/09nqf 0 0 0 0
/m/017y6l /business/business_operation/revenue./measurement_unit/dated_money_value/currency /m/09nqf 0 0 0 0
/m/055z7 /business/business_operation/revenue./measurement_unit/dated_money_value/currency /m/09nqf 0 0 0 0
/m/0l8sx /business/business_operation/revenue./measurement_unit/dated_money_value/currency /m/09nqf 0 0 0 0
/m/01cyd5 /business/business_operation/revenue./measurement_unit/dated_money_value/currency /m/09nqf 0 0 0 0
/m/035wtd /business/business_operation/revenue./measurement_unit/dated_money_value/currency /m/09nqf 0 0 0 0
/m/01b7lc /business/business_operation/revenue./measurement_unit/dated_money_value/currency /m/09nqf 0 0 0 0
std confidence sum
/m/012fvq /business/business_operation/revenue./measurement_unit/dated_money_value/currency /m/09nqf 0 0 0 0
/m/05w3y /business/business_operation/revenue./measurement_unit/dated_money_value/currency /m/09nqf 0 0 0 0
/m/01p5xy /business/business_operation/revenue./measurement_unit/dated_money_value/currency /m/09nqf 0 0 0 0
/m/01prf3 /business/business_operation/revenue./measurement_unit/dated_money_value/currency /m/09nqf 0 0 0 0
/m/04htfd /business/business_operation/revenue./measurement_unit/dated_money_value/currency /m/09nqf 0 1 0 1
/m/0537b /business/business_operation/revenue./measurement_unit/dated_money_value/currency /m/09nqf 0 1 0 1
/m/04sv4 /business/business_operation/revenue./measurement_unit/dated_money_value/currency /m/09nqf 0 1 0 1
/m/0178g /business/business_operation/revenue./measurement_unit/dated_money_value/currency /m/09nqf 0 1 0 1
/m/0k8z /business/business_operation/revenue./measurement_unit/dated_money_value/currency /m/09nqf 0 1 0 1
/m/01swxv /business/business_operation/revenue./measurement_unit/dated_money_value/currency /m/09nqf 0 1 0 0
/m/01hlwv /business/business_operation/revenue./measurement_unit/dated_money_value/currency /m/09nqf 0 1 0 1
/m/02kth6 /business/business_operation/revenue./measurement_unit/dated_money_value/currency /m/09nqf 0 0 0 0
/m/01z_jj /business/business_operation/revenue./measurement_unit/dated_money_value/currency /m/09nqf 0 0 0 0
/m/04wlz2 /business/business_operation/revenue./measurement_unit/dated_money_value/currency /m/09nqf 0 1 0 0
/m/03p7gb /business/business_operation/revenue./measurement_unit/dated_money_value/currency /m/09nqf 0 0 0 0
/m/06thjt /business/business_operation/revenue./measurement_unit/dated_money_value/currency /m/09nqf 0 1 0 0
/m/03bmmc /business/business_operation/revenue./measurement_unit/dated_money_value/currency /m/09nqf 0 1 0 0
/m/02rky4 /business/business_operation/revenue./measurement_unit/dated_money_value/currency /m/09nqf 0 1 0 0
/m/02bjhv /business/business_operation/revenue./measurement_unit/dated_money_value/currency /m/09nqf 0 0 0 0
/m/01pcj4 /business/business_operation/revenue./measurement_unit/dated_money_value/currency /m/09nqf 0 1 0 0
/m/019_6d /business/business_operation/revenue./measurement_unit/dated_money_value/currency /m/09nqf 0 0 0 0
/m/017y6l /business/business_operation/revenue./measurement_unit/dated_money_value/currency /m/09nqf 0 0 0 0
/m/055z7 /business/business_operation/revenue./measurement_unit/dated_money_value/currency /m/09nqf 0 1 0 0
/m/0l8sx /business/business_operation/revenue./measurement_unit/dated_money_value/currency /m/09nqf 0 1 0 0
/m/01cyd5 /business/business_operation/revenue./measurement_unit/dated_money_value/currency /m/09nqf 0 0 0 0
/m/035wtd /business/business_operation/revenue./measurement_unit/dated_money_value/currency /m/09nqf 0 0 0 0
/m/01b7lc /business/business_operation/revenue./measurement_unit/dated_money_value/currency /m/09nqf 0 0 0 0
