pca confidence count
/m/02h400t /business/industry/companies /m/0jvs0 0 0 0 0
/m/08mh3kd /business/industry/companies /m/0cv9b 1 1 1 1
/m/03r8gp /business/industry/companies /m/01qszl 0 0 0 0
/m/01mw1 /business/industry/companies /m/09k0h5 1 1 1 1
/m/020mfr /business/industry/companies /m/01_4lx 1 1 0 1
/m/02jjt /business/industry/companies /m/01t9_0 1 1 0 1
/m/015p1m /business/industry/companies /m/01dfb6 1 1 1 1
/m/020mfr /business/industry/companies /m/07zl6m 1 1 0 1
/m/015p1m /business/industry/companies /m/01hlwv 1 1 1 1
/m/019z7b /business/industry/companies /m/04sv4 1 1 0 1
/m/01b4x4 /business/industry/companies /m/01xdn1 1 1 1 1
/m/019mlh /business/industry/companies /m/07svc3 1 1 1 1
/m/01ftz /business/industry/companies /m/01_lh1 1 1 1 1
/m/04rlf /business/industry/companies /m/07s363 1 1 1 1
/m/0hz28 /business/industry/companies /m/04sv4 1 1 0 1
/m/0191_7 /business/industry/companies /m/0mgkg 1 1 1 1
/m/02vxn /business/industry/companies /m/059x3p 1 1 1 1
/m/020mfr /business/industry/companies /m/03_kl4 1 1 0 1
/m/02vxn /business/industry/companies /m/05h4t7 1 1 1 1
/m/02vxn /business/industry/companies /m/06rq1k 1 1 1 1
/m/020mfr /business/industry/companies /m/09j_g 1 1 1 1
/m/029g_vk /business/industry/companies /m/0537b 1 1 1 1
/m/02jjt /business/industry/companies /m/09b3v 1 1 0 1
/m/02vxn /business/industry/companies /m/0k9ctht 1 1 1 1
/m/01mw1 /business/industry/companies /m/01dycg 1 1 1 1
/m/020mfr /business/industry/companies /m/02bm1v 1 1 0 0
/m/01mw1 /business/industry/companies /m/02bm1v 1 1 0 0
/m/020mfr /business/industry/companies /m/02brqp 1 1 0 1
/m/019mlh /business/industry/companies /m/02mjk5 1 1 1 1
/m/01mw1 /business/industry/companies /m/02rfft 1 1 1 1
/m/020mfr /business/industry/companies /m/01v3rb 1 1 1 1
/m/02vxn /business/industry/companies /m/02b07b 1 1 0 1
/m/02vxn /business/industry/companies /m/04rtpt 1 1 1 1
/m/0sydc /business/industry/companies /m/01ym8l 0 0 0 0
/m/02vxn /business/industry/companies /m/05rrtf 1 1 1 1
/m/020mfr /business/industry/companies /m/02rfft 1 1 0 1
/m/0hz28 /business/industry/companies /m/03pnvq 1 1 1 1
/m/01mw1 /business/industry/companies /m/02vnb_ 1 1 1 1
/m/06mbny /business/industry/companies /m/04fv0k 1 1 1 1
/m/02vxn /business/industry/companies /m/0278rq7 0 0 0 0
/m/03qh03g /business/industry/companies /m/05md3l 1 1 1 1
/m/02h400t /business/industry/companies /m/01hlwv 1 1 1 1
/m/020mfr /business/industry/companies /m/01jx9 1 1 0 1
/m/02jjt /business/industry/companies /m/01dtcb 1 1 0 1
/m/01mf0 /business/industry/companies /m/05b5c 1 1 0 1
/m/02h400t /business/industry/companies /m/02l48d 1 1 1 1
/m/02jjt /business/industry/companies /m/03mp8k 1 1 0 1
/m/029g_vk /business/industry/companies /m/069b85 1 1 1 1
/m/02jjt /business/industry/companies /m/099ks0 1 1 1 1
/m/0191_7 /business/industry/companies /m/0841v 1 1 1 1
/m/0sydc /business/industry/companies /m/01ygv2 1 1 1 1
/m/01r4k /business/industry/companies /m/01dv21 1 1 0 1
/m/01_bhs /business/industry/companies /m/07gyp7 1 1 1 1
/m/01mw1 /business/industry/companies /m/026wmz6 1 1 1 1
std confidence count
/m/02h400t /business/industry/companies /m/0jvs0 0 0 0 0
/m/08mh3kd /business/industry/companies /m/0cv9b 1 1 1 1
/m/03r8gp /business/industry/companies /m/01qszl 0 0 0 0
/m/01mw1 /business/industry/companies /m/09k0h5 1 1 0 0
/m/020mfr /business/industry/companies /m/01_4lx 1 1 0 1
/m/02jjt /business/industry/companies /m/01t9_0 1 1 0 1
/m/015p1m /business/industry/companies /m/01dfb6 1 1 1 1
/m/020mfr /business/industry/companies /m/07zl6m 1 1 0 1
/m/015p1m /business/industry/companies /m/01hlwv 1 1 1 1
/m/019z7b /business/industry/companies /m/04sv4 1 1 0 1
/m/01b4x4 /business/industry/companies /m/01xdn1 1 1 1 1
/m/019mlh /business/industry/companies /m/07svc3 1 1 1 1
/m/01ftz /business/industry/companies /m/01_lh1 1 1 1 1
/m/04rlf /business/industry/companies /m/07s363 1 1 1 1
/m/0hz28 /business/industry/companies /m/04sv4 1 1 0 1
/m/0191_7 /business/industry/companies /m/0mgkg 1 1 1 1
/m/02vxn /business/industry/companies /m/059x3p 1 1 1 1
/m/020mfr /business/industry/companies /m/03_kl4 1 1 0 1
/m/02vxn /business/industry/companies /m/05h4t7 1 1 1 1
/m/02vxn /business/industry/companies /m/06rq1k 1 1 1 1
/m/020mfr /business/industry/companies /m/09j_g 1 1 1 1
/m/029g_vk /business/industry/companies /m/0537b 1 1 1 1
/m/02jjt /business/industry/companies /m/09b3v 1 1 0 1
/m/02vxn /business/industry/companies /m/0k9ctht 1 1 1 1
/m/01mw1 /business/industry/companies /m/01dycg 1 1 1 1
/m/020mfr /business/industry/companies /m/02bm1v 1 1 0 0
/m/01mw1 /business/industry/companies /m/02bm1v 1 1 0 0
/m/020mfr /business/industry/companies /m/02brqp 1 1 0 1
/m/019mlh /business/industry/companies /m/02mjk5 1 1 1 1
/m/01mw1 /business/industry/companies /m/02rfft 1 1 1 1
/m/020mfr /business/industry/companies /m/01v3rb 1 1 1 1
/m/02vxn /business/industry/companies /m/02b07b 1 1 0 1
/m/02vxn /business/industry/companies /m/04rtpt 1 1 1 1
/m/0sydc /business/industry/companies /m/01ym8l 0 0 0 0
/m/02vxn /business/industry/companies /m/05rrtf 1 1 1 1
/m/020mfr /business/industry/companies /m/02rfft 1 1 0 1
/m/0hz28 /business/industry/companies /m/03pnvq 1 1 1 1
/m/01mw1 /business/industry/companies /m/02vnb_ 1 1 1 1
/m/06mbny /business/industry/companies /m/04fv0k 1 1 1 1
/m/02vxn /business/industry/companies /m/0278rq7 0 0 0 0
/m/03qh03g /business/industry/companies /m/05md3l 1 1 1 1
/m/02h400t /business/industry/companies /m/01hlwv 1 1 1 1
/m/020mfr /business/industry/companies /m/01jx9 1 1 0 1
/m/02jjt /business/industry/companies /m/01dtcb 1 1 0 1
/m/01mf0 /business/industry/companies /m/05b5c 1 1 1 1
/m/02h400t /business/industry/companies /m/02l48d 1 1 1 1
/m/02jjt /business/industry/companies /m/03mp8k 1 1 0 1
/m/029g_vk /business/industry/companies /m/069b85 1 1 1 1
/m/02jjt /business/industry/companies /m/099ks0 1 1 1 1
/m/0191_7 /business/industry/companies /m/0841v 1 1 1 1
/m/0sydc /business/industry/companies /m/01ygv2 1 1 1 1
/m/01r4k /business/industry/companies /m/01dv21 1 1 0 1
/m/01_bhs /business/industry/companies /m/07gyp7 1 1 1 1
/m/01mw1 /business/industry/companies /m/026wmz6 1 1 1 1
pca confidence sum
/m/02h400t /business/industry/companies /m/0jvs0 0 0 0 0
/m/08mh3kd /business/industry/companies /m/0cv9b 1 1 0 0
/m/03r8gp /business/industry/companies /m/01qszl 0 0 0 0
/m/01mw1 /business/industry/companies /m/09k0h5 1 1 0 0
/m/020mfr /business/industry/companies /m/01_4lx 1 1 0 1
/m/02jjt /business/industry/companies /m/01t9_0 1 1 0 1
/m/015p1m /business/industry/companies /m/01dfb6 1 1 0 0
/m/020mfr /business/industry/companies /m/07zl6m 1 1 0 1
/m/015p1m /business/industry/companies /m/01hlwv 1 1 0 0
/m/019z7b /business/industry/companies /m/04sv4 1 1 0 0
/m/01b4x4 /business/industry/companies /m/01xdn1 1 1 0 0
/m/019mlh /business/industry/companies /m/07svc3 1 1 1 1
/m/01ftz /business/industry/companies /m/01_lh1 1 1 0 0
/m/04rlf /business/industry/companies /m/07s363 1 1 1 1
/m/0hz28 /business/industry/companies /m/04sv4 1 1 0 0
/m/0191_7 /business/industry/companies /m/0mgkg 1 1 0 0
/m/02vxn /business/industry/companies /m/059x3p 1 1 1 1
/m/020mfr /business/industry/companies /m/03_kl4 1 1 1 1
/m/02vxn /business/industry/companies /m/05h4t7 1 1 1 1
/m/02vxn /business/industry/companies /m/06rq1k 1 1 1 1
/m/020mfr /business/industry/companies /m/09j_g 1 1 1 1
/m/029g_vk /business/industry/companies /m/0537b 1 1 1 1
/m/02jjt /business/industry/companies /m/09b3v 1 1 0 0
/m/02vxn /business/industry/companies /m/0k9ctht 1 1 1 1
/m/01mw1 /business/industry/companies /m/01dycg 1 1 1 1
/m/020mfr /business/industry/companies /m/02bm1v 1 1 0 0
/m/01mw1 /business/industry/companies /m/02bm1v 1 1 0 0
/m/020mfr /business/industry/companies /m/02brqp 1 1 0 1
/m/019mlh /business/industry/companies /m/02mjk5 1 1 1 1
/m/01mw1 /business/industry/companies /m/02rfft 1 1 1 1
/m/020mfr /business/industry/companies /m/01v3rb 1 1 1 1
/m/02vxn /business/industry/companies /m/02b07b 1 1 0 1
/m/02vxn /business/industry/companies /m/04rtpt 1 1 1 1
/m/0sydc /business/industry/companies /m/01ym8l 0 0 0 0
/m/02vxn /business/industry/companies /m/05rrtf 1 1 1 1
/m/020mfr /business/industry/companies /m/02rfft 1 1 0 1
/m/0hz28 /business/industry/companies /m/03pnvq 1 1 1 1
/m/01mw1 /business/industry/companies /m/02vnb_ 1 1 1 1
/m/06mbny /business/industry/companies /m/04fv0k 1 1 0 0
/m/02vxn /business/industry/companies /m/0278rq7 0 0 0 0
/m/03qh03g /business/industry/companies /m/05md3l 1 1 1 1
/m/02h400t /business/industry/companies /m/01hlwv 1 1 0 0
/m/020mfr /business/industry/companies /m/01jx9 1 1 0 1
/m/02jjt /business/industry/companies /m/01dtcb 1 1 1 1
/m/01mf0 /business/industry/companies /m/05b5c 1 1 0 1
/m/02h400t /business/industry/companies /m/02l48d 1 1 0 0
/m/02jjt /business/industry/companies /m/03mp8k 1 1 0 1
/m/029g_vk /business/industry/companies /m/069b85 1 1 1 1
/m/02jjt /business/industry/companies /m/099ks0 1 1 1 1
/m/0191_7 /business/industry/companies /m/0841v 1 1 0 0
/m/0sydc /business/industry/companies /m/01ygv2 1 1 1 1
/m/01r4k /business/industry/companies /m/01dv21 1 1 0 1
/m/01_bhs /business/industry/companies /m/07gyp7 1 1 0 0
/m/01mw1 /business/industry/companies /m/026wmz6 1 1 1 1
std confidence sum
/m/02h400t /business/industry/companies /m/0jvs0 0 0 0 0
/m/08mh3kd /business/industry/companies /m/0cv9b 1 1 0 0
/m/03r8gp /business/industry/companies /m/01qszl 0 0 0 0
/m/01mw1 /business/industry/companies /m/09k0h5 1 1 0 0
/m/020mfr /business/industry/companies /m/01_4lx 1 1 0 1
/m/02jjt /business/industry/companies /m/01t9_0 1 1 0 1
/m/015p1m /business/industry/companies /m/01dfb6 1 1 0 0
/m/020mfr /business/industry/companies /m/07zl6m 1 1 0 1
/m/015p1m /business/industry/companies /m/01hlwv 1 1 0 0
/m/019z7b /business/industry/companies /m/04sv4 1 1 0 0
/m/01b4x4 /business/industry/companies /m/01xdn1 1 1 0 0
/m/019mlh /business/industry/companies /m/07svc3 1 1 1 1
/m/01ftz /business/industry/companies /m/01_lh1 1 1 0 0
/m/04rlf /business/industry/companies /m/07s363 1 1 1 1
/m/0hz28 /business/industry/companies /m/04sv4 1 1 0 0
/m/0191_7 /business/industry/companies /m/0mgkg 1 1 0 0
/m/02vxn /business/industry/companies /m/059x3p 1 1 1 1
/m/020mfr /business/industry/companies /m/03_kl4 1 1 1 1
/m/02vxn /business/industry/companies /m/05h4t7 1 1 1 1
/m/02vxn /business/industry/companies /m/06rq1k 1 1 1 1
/m/020mfr /business/industry/companies /m/09j_g 1 1 1 1
/m/029g_vk /business/industry/companies /m/0537b 1 1 1 1
/m/02jjt /business/industry/companies /m/09b3v 1 1 1 1
/m/02vxn /business/industry/companies /m/0k9ctht 1 1 1 1
/m/01mw1 /business/industry/companies /m/01dycg 1 1 1 1
/m/020mfr /business/industry/companies /m/02bm1v 1 1 0 0
/m/01mw1 /business/industry/companies /m/02bm1v 1 1 0 0
/m/020mfr /business/industry/companies /m/02brqp 1 1 0 1
/m/019mlh /business/industry/companies /m/02mjk5 1 1 1 1
/m/01mw1 /business/industry/companies /m/02rfft 1 1 1 1
/m/020mfr /business/industry/companies /m/01v3rb 1 1 1 1
/m/02vxn /business/industry/companies /m/02b07b 1 1 0 1
/m/02vxn /business/industry/companies /m/04rtpt 1 1 1 1
/m/0sydc /business/industry/companies /m/01ym8l 0 0 0 0
/m/02vxn /business/industry/companies /m/05rrtf 1 1 1 1
/m/020mfr /business/industry/companies /m/02rfft 1 1 0 1
/m/0hz28 /business/industry/companies /m/03pnvq 1 1 1 1
/m/01mw1 /business/industry/companies /m/02vnb_ 1 1 1 1
/m/06mbny /business/industry/companies /m/04fv0k 1 1 0 0
/m/02vxn /business/industry/companies /m/0278rq7 0 0 0 0
/m/03qh03g /business/industry/companies /m/05md3l 1 1 1 1
/m/02h400t /business/industry/companies /m/01hlwv 1 1 0 0
/m/020mfr /business/industry/companies /m/01jx9 1 1 0 1
/m/02jjt /business/industry/companies /m/01dtcb 1 1 1 1
/m/01mf0 /business/industry/companies /m/05b5c 1 1 0 1
/m/02h400t /business/industry/companies /m/02l48d 1 1 0 0
/m/02jjt /business/industry/companies /m/03mp8k 1 1 0 1
/m/029g_vk /business/industry/companies /m/069b85 1 1 1 1
/m/02jjt /business/industry/companies /m/099ks0 1 1 1 1
/m/0191_7 /business/industry/companies /m/0841v 1 1 0 0
/m/0sydc /business/industry/companies /m/01ygv2 1 1 1 1
/m/01r4k /business/industry/companies /m/01dv21 1 1 0 1
/m/01_bhs /business/industry/companies /m/07gyp7 1 1 0 0
/m/01mw1 /business/industry/companies /m/026wmz6 1 1 1 1
