pca confidence count
/m/0dq_5 /business/job_title/people_with_this_title./business/employment_tenure/person /m/01jbx1 1 1 1 1
/m/06b1q /business/job_title/people_with_this_title./business/employment_tenure/person /m/01xyt7 1 1 1 1
/m/0g686w /business/job_title/people_with_this_title./business/employment_tenure/person /m/016h4r 1 1 1 1
/m/060c4 /business/job_title/people_with_this_title./business/employment_tenure/person /m/07t2k 1 1 1 1
/m/060c4 /business/job_title/people_with_this_title./business/employment_tenure/person /m/01y8cr 1 1 1 1
/m/0dq_5 /business/job_title/people_with_this_title./business/employment_tenure/person /m/02xnjd 1 1 1 1
/m/0dq_5 /business/job_title/people_with_this_title./business/employment_tenure/person /m/02vptk_ 1 1 1 1
/m/027qb1 /business/job_title/people_with_this_title./business/employment_tenure/person /m/0d06m5 1 1 0 0
std confidence count
/m/0dq_5 /business/job_title/people_with_this_title./business/employment_tenure/person /m/01jbx1 1 1 1 1
/m/06b1q /business/job_title/people_with_this_title./business/employment_tenure/person /m/01xyt7 1 1 1 1
/m/0g686w /business/job_title/people_with_this_title./business/employment_tenure/person /m/016h4r 1 1 1 1
/m/060c4 /business/job_title/people_with_this_title./business/employment_tenure/person /m/07t2k 1 1 1 1
/m/060c4 /business/job_title/people_with_this_title./business/employment_tenure/person /m/01y8cr 1 1 1 1
/m/0dq_5 /business/job_title/people_with_this_title./business/employment_tenure/person /m/02xnjd 1 1 1 1
/m/0dq_5 /business/job_title/people_with_this_title./business/employment_tenure/person /m/02vptk_ 1 1 1 1
/m/027qb1 /business/job_title/people_with_this_title./business/employment_tenure/person /m/0d06m5 1 1 0 0
pca confidence sum
/m/0dq_5 /business/job_title/people_with_this_title./business/employment_tenure/person /m/01jbx1 1 1 0 0
/m/06b1q /business/job_title/people_with_this_title./business/employment_tenure/person /m/01xyt7 1 1 1 1
/m/0g686w /business/job_title/people_with_this_title./business/employment_tenure/person /m/016h4r 1 1 0 0
/m/060c4 /business/job_title/people_with_this_title./business/employment_tenure/person /m/07t2k 1 1 1 1
/m/060c4 /business/job_title/people_with_this_title./business/employment_tenure/person /m/01y8cr 1 1 1 1
/m/0dq_5 /business/job_title/people_with_this_title./business/employment_tenure/person /m/02xnjd 1 1 1 1
/m/0dq_5 /business/job_title/people_with_this_title./business/employment_tenure/person /m/02vptk_ 1 1 0 0
/m/027qb1 /business/job_title/people_with_this_title./business/employment_tenure/person /m/0d06m5 1 1 0 0
std confidence sum
/m/0dq_5 /business/job_title/people_with_this_title./business/employment_tenure/person /m/01jbx1 1 1 1 1
/m/06b1q /business/job_title/people_with_this_title./business/employment_tenure/person /m/01xyt7 1 1 1 1
/m/0g686w /business/job_title/people_with_this_title./business/employment_tenure/person /m/016h4r 1 1 1 1
/m/060c4 /business/job_title/people_with_this_title./business/employment_tenure/person /m/07t2k 1 1 1 1
/m/060c4 /business/job_title/people_with_this_title./business/employment_tenure/person /m/01y8cr 1 1 1 1
/m/0dq_5 /business/job_title/people_with_this_title./business/employment_tenure/person /m/02xnjd 1 1 1 1
/m/0dq_5 /business/job_title/people_with_this_title./business/employment_tenure/person /m/02vptk_ 1 1 1 1
/m/027qb1 /business/job_title/people_with_this_title./business/employment_tenure/person /m/0d06m5 1 1 0 0
