pca confidence count
/m/02jfc /education/field_of_study/students_majoring./education/education/degree /m/03bwzr4 0 0 0 0
/m/05qt0 /education/field_of_study/students_majoring./education/education/degree /m/016t_3 0 0 0 0
/m/04jq2 /education/field_of_study/students_majoring./education/education/degree /m/016t_3 0 0 0 0
/m/02_7t /education/field_of_study/students_majoring./education/education/degree /m/0bkj86 0 1 0 0
/m/0h5k /education/field_of_study/students_majoring./education/education/degree /m/016t_3 0 1 0 0
/m/03r8gp /education/field_of_study/students_majoring./education/education/degree /m/028dcg 0 0 0 0
/m/0pf2 /education/field_of_study/students_majoring./education/education/degree /m/04zx3q1 0 1 0 0
/m/04rlf /education/field_of_study/students_majoring./education/education/degree /m/028dcg 1 1 0 0
/m/062z7 /education/field_of_study/students_majoring./education/education/degree /m/02_xgp2 0 1 0 0
/m/0g26h /education/field_of_study/students_majoring./education/education/degree /m/02_xgp2 0 1 0 0
/m/06b_j /education/field_of_study/students_majoring./education/education/degree /m/014mlp 0 0 0 0
/m/0l5mz /education/field_of_study/students_majoring./education/education/degree /m/019v9k 0 0 0 0
/m/01540 /education/field_of_study/students_majoring./education/education/degree /m/0bkj86 0 1 0 0
/m/011s0 /education/field_of_study/students_majoring./education/education/degree /m/016t_3 0 1 0 0
/m/01r4k /education/field_of_study/students_majoring./education/education/degree /m/04zx3q1 0 1 0 0
/m/01mkq /education/field_of_study/students_majoring./education/education/degree /m/04zx3q1 0 1 0 0
/m/09s1f /education/field_of_study/students_majoring./education/education/degree /m/02_xgp2 0 0 0 0
/m/06q83 /education/field_of_study/students_majoring./education/education/degree /m/02h4rq6 0 0 0 0
/m/05b6c /education/field_of_study/students_majoring./education/education/degree /m/03bwzr4 0 0 0 0
/m/02ky346 /education/field_of_study/students_majoring./education/education/degree /m/019v9k 0 1 0 0
/m/09s1f /education/field_of_study/students_majoring./education/education/degree /m/02h4rq6 0 0 0 0
/m/02stgt /education/field_of_study/students_majoring./education/education/degree /m/02h4rq6 0 0 0 0
/m/0g4gr /education/field_of_study/students_majoring./education/education/degree /m/014mlp 0 1 0 0
/m/05wkw /education/field_of_study/students_majoring./education/education/degree /m/028dcg 1 1 0 0
/m/0fzyg /education/field_of_study/students_majoring./education/education/degree /m/019v9k 0 1 0 0
/m/037mh8 /education/field_of_study/students_majoring./education/education/degree /m/04zx3q1 0 1 0 0
/m/04gb7 /education/field_of_study/students_majoring./education/education/degree /m/0bjrnt 0 1 0 0
/m/0jzc /education/field_of_study/students_majoring./education/education/degree /m/016t_3 0 0 0 0
/m/03nfmq /education/field_of_study/students_majoring./education/education/degree /m/02_xgp2 0 0 0 0
/m/0193x /education/field_of_study/students_majoring./education/education/degree /m/0bkj86 0 1 0 0
/m/034ns /education/field_of_study/students_majoring./education/education/degree /m/0bkj86 0 1 0 0
/m/02j62 /education/field_of_study/students_majoring./education/education/degree /m/04zx3q1 0 1 0 0
/m/037mh8 /education/field_of_study/students_majoring./education/education/degree /m/019v9k 0 1 0 0
/m/0g26h /education/field_of_study/students_majoring./education/education/degree /m/01gkg3 1 1 0 0
/m/04g51 /education/field_of_study/students_majoring./education/education/degree /m/019v9k 0 0 0 0
/m/02j62 /education/field_of_study/students_majoring./education/education/degree /m/02h4rq6 0 1 0 0
/m/0193x /education/field_of_study/students_majoring./education/education/degree /m/02_xgp2 0 1 0 0
/m/01mkq /education/field_of_study/students_majoring./education/education/degree /m/02h4rq6 0 1 0 0
/m/02j62 /education/field_of_study/students_majoring./education/education/degree /m/019v9k 0 1 0 0
/m/01540 /education/field_of_study/students_majoring./education/education/degree /m/019v9k 0 1 0 0
/m/02822 /education/field_of_study/students_majoring./education/education/degree /m/02h4rq6 0 0 0 0
/m/062z7 /education/field_of_study/students_majoring./education/education/degree /m/03bwzr4 0 1 0 0
/m/01mkq /education/field_of_study/students_majoring./education/education/degree /m/01gkg3 1 1 0 0
/m/06bvp /education/field_of_study/students_majoring./education/education/degree /m/016t_3 0 0 0 0
/m/088tb /education/field_of_study/students_majoring./education/education/degree /m/03bwzr4 0 0 0 0
/m/02lp1 /education/field_of_study/students_majoring./education/education/degree /m/019v9k 0 1 0 0
/m/01r4k /education/field_of_study/students_majoring./education/education/degree /m/019v9k 0 1 0 0
/m/05r79 /education/field_of_study/students_majoring./education/education/degree /m/014mlp 0 0 0 0
/m/03nfmq /education/field_of_study/students_majoring./education/education/degree /m/019v9k 0 0 0 0
/m/01h788 /education/field_of_study/students_majoring./education/education/degree /m/016t_3 0 0 0 0
/m/0db86 /education/field_of_study/students_majoring./education/education/degree /m/03bwzr4 0 1 0 0
/m/05r79 /education/field_of_study/students_majoring./education/education/degree /m/02_xgp2 0 0 0 0
/m/03r8gp /education/field_of_study/students_majoring./education/education/degree /m/03mkk4 0 1 0 1
/m/01mkq /education/field_of_study/students_majoring./education/education/degree /m/0bkj86 0 1 0 0
/m/03nfmq /education/field_of_study/students_majoring./education/education/degree /m/01ysy9 1 1 0 0
/m/06mq7 /education/field_of_study/students_majoring./education/education/degree /m/01gkg3 1 1 0 0
/m/0hkf /education/field_of_study/students_majoring./education/education/degree /m/02h4rq6 0 1 0 0
/m/03lrls /education/field_of_study/students_majoring./education/education/degree /m/0bjrnt 0 0 0 0
/m/0h5k /education/field_of_study/students_majoring./education/education/degree /m/04zx3q1 0 1 0 0
/m/0g26h /education/field_of_study/students_majoring./education/education/degree /m/02h4rq6 0 1 0 0
/m/0_jm /education/field_of_study/students_majoring./education/education/degree /m/02h4rq6 0 1 0 0
/m/02vxn /education/field_of_study/students_majoring./education/education/degree /m/019v9k 0 1 0 0
/m/0dc_v /education/field_of_study/students_majoring./education/education/degree /m/02_xgp2 0 1 0 0
/m/0fdys /education/field_of_study/students_majoring./education/education/degree /m/02h4rq6 0 1 0 0
std confidence count
/m/02jfc /education/field_of_study/students_majoring./education/education/degree /m/03bwzr4 0 0 0 0
/m/05qt0 /education/field_of_study/students_majoring./education/education/degree /m/016t_3 0 1 0 0
/m/04jq2 /education/field_of_study/students_majoring./education/education/degree /m/016t_3 0 0 0 0
/m/02_7t /education/field_of_study/students_majoring./education/education/degree /m/0bkj86 0 1 0 0
/m/0h5k /education/field_of_study/students_majoring./education/education/degree /m/016t_3 0 1 0 0
/m/03r8gp /education/field_of_study/students_majoring./education/education/degree /m/028dcg 0 0 0 0
/m/0pf2 /education/field_of_study/students_majoring./education/education/degree /m/04zx3q1 0 1 0 0
/m/04rlf /education/field_of_study/students_majoring./education/education/degree /m/028dcg 1 1 0 1
/m/062z7 /education/field_of_study/students_majoring./education/education/degree /m/02_xgp2 0 1 0 1
/m/0g26h /education/field_of_study/students_majoring./education/education/degree /m/02_xgp2 0 1 0 0
/m/06b_j /education/field_of_study/students_majoring./education/education/degree /m/014mlp 0 0 0 0
/m/0l5mz /education/field_of_study/students_majoring./education/education/degree /m/019v9k 0 1 0 0
/m/01540 /education/field_of_study/students_majoring./education/education/degree /m/0bkj86 0 1 0 1
/m/011s0 /education/field_of_study/students_majoring./education/education/degree /m/016t_3 0 1 0 0
/m/01r4k /education/field_of_study/students_majoring./education/education/degree /m/04zx3q1 0 1 0 0
/m/01mkq /education/field_of_study/students_majoring./education/education/degree /m/04zx3q1 0 1 0 1
/m/09s1f /education/field_of_study/students_majoring./education/education/degree /m/02_xgp2 0 1 0 0
/m/06q83 /education/field_of_study/students_majoring./education/education/degree /m/02h4rq6 0 1 0 0
/m/05b6c /education/field_of_study/students_majoring./education/education/degree /m/03bwzr4 0 0 0 0
/m/02ky346 /education/field_of_study/students_majoring./education/education/degree /m/019v9k 0 1 0 0
/m/09s1f /education/field_of_study/students_majoring./education/education/degree /m/02h4rq6 0 1 0 0
/m/02stgt /education/field_of_study/students_majoring./education/education/degree /m/02h4rq6 0 1 0 0
/m/0g4gr /education/field_of_study/students_majoring./education/education/degree /m/014mlp 0 1 0 0
/m/05wkw /education/field_of_study/students_majoring./education/education/degree /m/028dcg 1 1 0 1
/m/0fzyg /education/field_of_study/students_majoring./education/education/degree /m/019v9k 0 1 0 0
/m/037mh8 /education/field_of_study/students_majoring./education/education/degree /m/04zx3q1 0 1 0 1
/m/04gb7 /education/field_of_study/students_majoring./education/education/degree /m/0bjrnt 1 1 0 0
/m/0jzc /education/field_of_study/students_majoring./education/education/degree /m/016t_3 0 0 0 0
/m/03nfmq /education/field_of_study/students_majoring./education/education/degree /m/02_xgp2 0 0 0 0
/m/0193x /education/field_of_study/students_majoring./education/education/degree /m/0bkj86 0 1 0 0
/m/034ns /education/field_of_study/students_majoring./education/education/degree /m/0bkj86 0 1 0 0
/m/02j62 /education/field_of_study/students_majoring./education/education/degree /m/04zx3q1 0 1 0 0
/m/037mh8 /education/field_of_study/students_majoring./education/education/degree /m/019v9k 0 1 0 1
/m/0g26h /education/field_of_study/students_majoring./education/education/degree /m/01gkg3 1 1 0 1
/m/04g51 /education/field_of_study/students_majoring./education/education/degree /m/019v9k 0 1 0 0
/m/02j62 /education/field_of_study/students_majoring./education/education/degree /m/02h4rq6 0 1 0 0
/m/0193x /education/field_of_study/students_majoring./education/education/degree /m/02_xgp2 0 1 0 0
/m/01mkq /education/field_of_study/students_majoring./education/education/degree /m/02h4rq6 0 1 0 0
/m/02j62 /education/field_of_study/students_majoring./education/education/degree /m/019v9k 0 1 0 1
/m/01540 /education/field_of_study/students_majoring./education/education/degree /m/019v9k 0 1 0 1
/m/02822 /education/field_of_study/students_majoring./education/education/degree /m/02h4rq6 0 1 0 0
/m/062z7 /education/field_of_study/students_majoring./education/education/degree /m/03bwzr4 0 1 0 0
/m/01mkq /education/field_of_study/students_majoring./education/education/degree /m/01gkg3 1 1 0 1
/m/06bvp /education/field_of_study/students_majoring./education/education/degree /m/016t_3 0 1 0 0
/m/088tb /education/field_of_study/students_majoring./education/education/degree /m/03bwzr4 0 0 0 0
/m/02lp1 /education/field_of_study/students_majoring./education/education/degree /m/019v9k 0 1 0 1
/m/01r4k /education/field_of_study/students_majoring./education/education/degree /m/019v9k 0 1 0 1
/m/05r79 /education/field_of_study/students_majoring./education/education/degree /m/014mlp 0 0 0 0
/m/03nfmq /education/field_of_study/students_majoring./education/education/degree /m/019v9k 0 1 0 0
/m/01h788 /education/field_of_study/students_majoring./education/education/degree /m/016t_3 0 0 0 0
/m/0db86 /education/field_of_study/students_majoring./education/education/degree /m/03bwzr4 0 1 0 0
/m/05r79 /education/field_of_study/students_majoring./education/education/degree /m/02_xgp2 0 0 0 0
/m/03r8gp /education/field_of_study/students_majoring./education/education/degree /m/03mkk4 0 1 0 0
/m/01mkq /education/field_of_study/students_majoring./education/education/degree /m/0bkj86 0 1 0 1
/m/03nfmq /education/field_of_study/students_majoring./education/education/degree /m/01ysy9 1 1 0 1
/m/06mq7 /education/field_of_study/students_majoring./education/education/degree /m/01gkg3 1 1 1 1
/m/0hkf /education/field_of_study/students_majoring./education/education/degree /m/02h4rq6 0 1 0 0
/m/03lrls /education/field_of_study/students_majoring./education/education/degree /m/0bjrnt 0 0 0 0
/m/0h5k /education/field_of_study/students_majoring./education/education/degree /m/04zx3q1 0 1 0 0
/m/0g26h /education/field_of_study/students_majoring./education/education/degree /m/02h4rq6 0 1 0 0
/m/0_jm /education/field_of_study/students_majoring./education/education/degree /m/02h4rq6 0 1 0 0
/m/02vxn /education/field_of_study/students_majoring./education/education/degree /m/019v9k 0 1 0 1
/m/0dc_v /education/field_of_study/students_majoring./education/education/degree /m/02_xgp2 0 1 0 1
/m/0fdys /education/field_of_study/students_majoring./education/education/degree /m/02h4rq6 0 1 0 0
pca confidence sum
/m/02jfc /education/field_of_study/students_majoring./education/education/degree /m/03bwzr4 0 1 0 0
/m/05qt0 /education/field_of_study/students_majoring./education/education/degree /m/016t_3 0 1 0 0
/m/04jq2 /education/field_of_study/students_majoring./education/education/degree /m/016t_3 0 0 0 0
/m/02_7t /education/field_of_study/students_majoring./education/education/degree /m/0bkj86 0 1 0 1
/m/0h5k /education/field_of_study/students_majoring./education/education/degree /m/016t_3 0 1 0 1
/m/03r8gp /education/field_of_study/students_majoring./education/education/degree /m/028dcg 0 0 0 0
/m/0pf2 /education/field_of_study/students_majoring./education/education/degree /m/04zx3q1 0 1 0 0
/m/04rlf /education/field_of_study/students_majoring./education/education/degree /m/028dcg 0 1 0 0
/m/062z7 /education/field_of_study/students_majoring./education/education/degree /m/02_xgp2 0 1 0 1
/m/0g26h /education/field_of_study/students_majoring./education/education/degree /m/02_xgp2 0 1 0 1
/m/06b_j /education/field_of_study/students_majoring./education/education/degree /m/014mlp 0 0 0 0
/m/0l5mz /education/field_of_study/students_majoring./education/education/degree /m/019v9k 0 1 0 0
/m/01540 /education/field_of_study/students_majoring./education/education/degree /m/0bkj86 0 1 0 1
/m/011s0 /education/field_of_study/students_majoring./education/education/degree /m/016t_3 0 1 0 0
/m/01r4k /education/field_of_study/students_majoring./education/education/degree /m/04zx3q1 0 1 0 0
/m/01mkq /education/field_of_study/students_majoring./education/education/degree /m/04zx3q1 1 1 1 1
/m/09s1f /education/field_of_study/students_majoring./education/education/degree /m/02_xgp2 0 1 0 0
/m/06q83 /education/field_of_study/students_majoring./education/education/degree /m/02h4rq6 0 0 0 0
/m/05b6c /education/field_of_study/students_majoring./education/education/degree /m/03bwzr4 0 0 0 0
/m/02ky346 /education/field_of_study/students_majoring./education/education/degree /m/019v9k 0 1 0 1
/m/09s1f /education/field_of_study/students_majoring./education/education/degree /m/02h4rq6 0 1 0 0
/m/02stgt /education/field_of_study/students_majoring./education/education/degree /m/02h4rq6 0 1 0 0
/m/0g4gr /education/field_of_study/students_majoring./education/education/degree /m/014mlp 0 1 0 0
/m/05wkw /education/field_of_study/students_majoring./education/education/degree /m/028dcg 0 0 0 0
/m/0fzyg /education/field_of_study/students_majoring./education/education/degree /m/019v9k 0 0 0 0
/m/037mh8 /education/field_of_study/students_majoring./education/education/degree /m/04zx3q1 0 1 0 1
/m/04gb7 /education/field_of_study/students_majoring./education/education/degree /m/0bjrnt 0 1 0 0
/m/0jzc /education/field_of_study/students_majoring./education/education/degree /m/016t_3 0 0 0 0
/m/03nfmq /education/field_of_study/students_majoring./education/education/degree /m/02_xgp2 0 1 0 0
/m/0193x /education/field_of_study/students_majoring./education/education/degree /m/0bkj86 0 1 0 0
/m/034ns /education/field_of_study/students_majoring./education/education/degree /m/0bkj86 0 0 0 0
/m/02j62 /education/field_of_study/students_majoring./education/education/degree /m/04zx3q1 1 1 0 1
/m/037mh8 /education/field_of_study/students_majoring./education/education/degree /m/019v9k 0 1 0 1
/m/0g26h /education/field_of_study/students_majoring./education/education/degree /m/01gkg3 0 0 0 0
/m/04g51 /education/field_of_study/students_majoring./education/education/degree /m/019v9k 0 1 0 0
/m/02j62 /education/field_of_study/students_majoring./education/education/degree /m/02h4rq6 1 1 0 1
/m/0193x /education/field_of_study/students_majoring./education/education/degree /m/02_xgp2 0 1 0 0
/m/01mkq /education/field_of_study/students_majoring./education/education/degree /m/02h4rq6 1 1 0 1
/m/02j62 /education/field_of_study/students_majoring./education/education/degree /m/019v9k 1 1 0 1
/m/01540 /education/field_of_study/students_majoring./education/education/degree /m/019v9k 0 1 0 1
/m/02822 /education/field_of_study/students_majoring./education/education/degree /m/02h4rq6 0 1 0 0
/m/062z7 /education/field_of_study/students_majoring./education/education/degree /m/03bwzr4 1 1 0 1
/m/01mkq /education/field_of_study/students_majoring./education/education/degree /m/01gkg3 1 1 0 0
/m/06bvp /education/field_of_study/students_majoring./education/education/degree /m/016t_3 0 0 0 0
/m/088tb /education/field_of_study/students_majoring./education/education/degree /m/03bwzr4 0 0 0 0
/m/02lp1 /education/field_of_study/students_majoring./education/education/degree /m/019v9k 1 1 0 1
/m/01r4k /education/field_of_study/students_majoring./education/education/degree /m/019v9k 0 1 0 0
/m/05r79 /education/field_of_study/students_majoring./education/education/degree /m/014mlp 0 1 0 0
/m/03nfmq /education/field_of_study/students_majoring./education/education/degree /m/019v9k 0 1 0 0
/m/01h788 /education/field_of_study/students_majoring./education/education/degree /m/016t_3 0 0 0 0
/m/0db86 /education/field_of_study/students_majoring./education/education/degree /m/03bwzr4 0 1 0 0
/m/05r79 /education/field_of_study/students_majoring./education/education/degree /m/02_xgp2 0 1 0 0
/m/03r8gp /education/field_of_study/students_majoring./education/education/degree /m/03mkk4 1 1 0 0
/m/01mkq /education/field_of_study/students_majoring./education/education/degree /m/0bkj86 1 1 0 1
/m/03nfmq /education/field_of_study/students_majoring./education/education/degree /m/01ysy9 0 0 0 0
/m/06mq7 /education/field_of_study/students_majoring./education/education/degree /m/01gkg3 1 1 0 0
/m/0hkf /education/field_of_study/students_majoring./education/education/degree /m/02h4rq6 0 0 0 0
/m/03lrls /education/field_of_study/students_majoring./education/education/degree /m/0bjrnt 0 0 0 0
/m/0h5k /education/field_of_study/students_majoring./education/education/degree /m/04zx3q1 0 1 0 0
/m/0g26h /education/field_of_study/students_majoring./education/education/degree /m/02h4rq6 0 1 0 1
/m/0_jm /education/field_of_study/students_majoring./education/education/degree /m/02h4rq6 0 1 0 1
/m/02vxn /education/field_of_study/students_majoring./education/education/degree /m/019v9k 0 1 0 0
/m/0dc_v /education/field_of_study/students_majoring./education/education/degree /m/02_xgp2 0 1 0 0
/m/0fdys /education/field_of_study/students_majoring./education/education/degree /m/02h4rq6 0 1 0 1
std confidence sum
/m/02jfc /education/field_of_study/students_majoring./education/education/degree /m/03bwzr4 0 1 0 0
/m/05qt0 /education/field_of_study/students_majoring./education/education/degree /m/016t_3 0 1 0 0
/m/04jq2 /education/field_of_study/students_majoring./education/education/degree /m/016t_3 0 0 0 0
/m/02_7t /education/field_of_study/students_majoring./education/education/degree /m/0bkj86 0 1 0 0
/m/0h5k /education/field_of_study/students_majoring./education/education/degree /m/016t_3 0 1 0 1
/m/03r8gp /education/field_of_study/students_majoring./education/education/degree /m/028dcg 0 0 0 0
/m/0pf2 /education/field_of_study/students_majoring./education/education/degree /m/04zx3q1 0 1 0 0
/m/04rlf /education/field_of_study/students_majoring./education/education/degree /m/028dcg 0 1 0 0
/m/062z7 /education/field_of_study/students_majoring./education/education/degree /m/02_xgp2 0 1 0 1
/m/0g26h /education/field_of_study/students_majoring./education/education/degree /m/02_xgp2 0 1 0 1
/m/06b_j /education/field_of_study/students_majoring./education/education/degree /m/014mlp 0 0 0 0
/m/0l5mz /education/field_of_study/students_majoring./education/education/degree /m/019v9k 0 1 0 0
/m/01540 /education/field_of_study/students_majoring./education/education/degree /m/0bkj86 0 1 0 1
/m/011s0 /education/field_of_study/students_majoring./education/education/degree /m/016t_3 0 1 0 0
/m/01r4k /education/field_of_study/students_majoring./education/education/degree /m/04zx3q1 0 1 0 0
/m/01mkq /education/field_of_study/students_majoring./education/education/degree /m/04zx3q1 1 1 1 1
/m/09s1f /education/field_of_study/students_majoring./education/education/degree /m/02_xgp2 0 1 0 0
/m/06q83 /education/field_of_study/students_majoring./education/education/degree /m/02h4rq6 0 0 0 0
/m/05b6c /education/field_of_study/students_majoring./education/education/degree /m/03bwzr4 0 0 0 0
/m/02ky346 /education/field_of_study/students_majoring./education/education/degree /m/019v9k 0 1 0 1
/m/09s1f /education/field_of_study/students_majoring./education/education/degree /m/02h4rq6 0 1 0 0
/m/02stgt /education/field_of_study/students_majoring./education/education/degree /m/02h4rq6 0 1 0 0
/m/0g4gr /education/field_of_study/students_majoring./education/education/degree /m/014mlp 0 1 0 0
/m/05wkw /education/field_of_study/students_majoring./education/education/degree /m/028dcg 0 0 0 0
/m/0fzyg /education/field_of_study/students_majoring./education/education/degree /m/019v9k 0 0 0 0
/m/037mh8 /education/field_of_study/students_majoring./education/education/degree /m/04zx3q1 0 1 0 1
/m/04gb7 /education/field_of_study/students_majoring./education/education/degree /m/0bjrnt 0 1 0 0
/m/0jzc /education/field_of_study/students_majoring./education/education/degree /m/016t_3 0 0 0 0
/m/03nfmq /education/field_of_study/students_majoring./education/education/degree /m/02_xgp2 0 1 0 0
/m/0193x /education/field_of_study/students_majoring./education/education/degree /m/0bkj86 0 1 0 0
/m/034ns /education/field_of_study/students_majoring./education/education/degree /m/0bkj86 0 0 0 0
/m/02j62 /education/field_of_study/students_majoring./education/education/degree /m/04zx3q1 1 1 0 1
/m/037mh8 /education/field_of_study/students_majoring./education/education/degree /m/019v9k 0 1 0 1
/m/0g26h /education/field_of_study/students_majoring./education/education/degree /m/01gkg3 0 0 0 0
/m/04g51 /education/field_of_study/students_majoring./education/education/degree /m/019v9k 0 1 0 0
/m/02j62 /education/field_of_study/students_majoring./education/education/degree /m/02h4rq6 1 1 0 1
/m/0193x /education/field_of_study/students_majoring./education/education/degree /m/02_xgp2 0 1 0 0
/m/01mkq /education/field_of_study/students_majoring./education/education/degree /m/02h4rq6 1 1 0 1
/m/02j62 /education/field_of_study/students_majoring./education/education/degree /m/019v9k 1 1 0 1
/m/01540 /education/field_of_study/students_majoring./education/education/degree /m/019v9k 0 1 0 1
/m/02822 /education/field_of_study/students_majoring./education/education/degree /m/02h4rq6 0 1 0 0
/m/062z7 /education/field_of_study/students_majoring./education/education/degree /m/03bwzr4 1 1 0 1
/m/01mkq /education/field_of_study/students_majoring./education/education/degree /m/01gkg3 1 1 0 0
/m/06bvp /education/field_of_study/students_majoring./education/education/degree /m/016t_3 0 0 0 0
/m/088tb /education/field_of_study/students_majoring./education/education/degree /m/03bwzr4 0 0 0 0
/m/02lp1 /education/field_of_study/students_majoring./education/education/degree /m/019v9k 1 1 0 1
/m/01r4k /education/field_of_study/students_majoring./education/education/degree /m/019v9k 0 1 0 0
/m/05r79 /education/field_of_study/students_majoring./education/education/degree /m/014mlp 0 1 0 0
/m/03nfmq /education/field_of_study/students_majoring./education/education/degree /m/019v9k 0 1 0 0
/m/01h788 /education/field_of_study/students_majoring./education/education/degree /m/016t_3 0 0 0 0
/m/0db86 /education/field_of_study/students_majoring./education/education/degree /m/03bwzr4 0 1 0 0
/m/05r79 /education/field_of_study/students_majoring./education/education/degree /m/02_xgp2 0 0 0 0
/m/03r8gp /education/field_of_study/students_majoring./education/education/degree /m/03mkk4 0 1 0 0
/m/01mkq /education/field_of_study/students_majoring./education/education/degree /m/0bkj86 1 1 0 1
/m/03nfmq /education/field_of_study/students_majoring./education/education/degree /m/01ysy9 0 0 0 0
/m/06mq7 /education/field_of_study/students_majoring./education/education/degree /m/01gkg3 1 1 0 0
/m/0hkf /education/field_of_study/students_majoring./education/education/degree /m/02h4rq6 0 0 0 0
/m/03lrls /education/field_of_study/students_majoring./education/education/degree /m/0bjrnt 0 0 0 0
/m/0h5k /education/field_of_study/students_majoring./education/education/degree /m/04zx3q1 0 1 0 0
/m/0g26h /education/field_of_study/students_majoring./education/education/degree /m/02h4rq6 0 1 0 1
/m/0_jm /education/field_of_study/students_majoring./education/education/degree /m/02h4rq6 0 1 0 1
/m/02vxn /education/field_of_study/students_majoring./education/education/degree /m/019v9k 0 1 0 0
/m/0dc_v /education/field_of_study/students_majoring./education/education/degree /m/02_xgp2 0 1 0 0
/m/0fdys /education/field_of_study/students_majoring./education/education/degree /m/02h4rq6 0 1 0 1
