pca confidence count
/m/0hnws /fictional_universe/fictional_character/gender /m/05zppz 1 1 0 1
/m/02blr4 /fictional_universe/fictional_character/gender /m/05zppz 1 1 0 0
/m/01wk7ql /fictional_universe/fictional_character/gender /m/02zsn 0 0 0 0
/m/057ph /fictional_universe/fictional_character/gender /m/05zppz 1 1 0 0
std confidence count
/m/0hnws /fictional_universe/fictional_character/gender /m/05zppz 1 1 0 1
/m/02blr4 /fictional_universe/fictional_character/gender /m/05zppz 0 1 0 1
/m/01wk7ql /fictional_universe/fictional_character/gender /m/02zsn 0 0 0 0
/m/057ph /fictional_universe/fictional_character/gender /m/05zppz 0 1 0 1
pca confidence sum
/m/0hnws /fictional_universe/fictional_character/gender /m/05zppz 1 1 0 1
/m/02blr4 /fictional_universe/fictional_character/gender /m/05zppz 0 1 0 0
/m/01wk7ql /fictional_universe/fictional_character/gender /m/02zsn 0 0 0 0
/m/057ph /fictional_universe/fictional_character/gender /m/05zppz 0 1 0 0
std confidence sum
/m/0hnws /fictional_universe/fictional_character/gender /m/05zppz 1 1 0 1
/m/02blr4 /fictional_universe/fictional_character/gender /m/05zppz 0 1 0 0
/m/01wk7ql /fictional_universe/fictional_character/gender /m/02zsn 0 0 0 0
/m/057ph /fictional_universe/fictional_character/gender /m/05zppz 0 1 0 0
