pca confidence count
/m/07g1sm /film/film/distributors./film/film_film_distributor_relationship/region /m/07ssc 0 0 0 0
/m/03nm_fh /film/film/distributors./film/film_film_distributor_relationship/region /m/09c7w0 0 0 0 0
/m/02x6dqb /film/film/distributors./film/film_film_distributor_relationship/region /m/07ssc 0 0 0 0
/m/0crh5_f /film/film/distributors./film/film_film_distributor_relationship/region /m/07ssc 0 0 0 0
/m/01sbv9 /film/film/distributors./film/film_film_distributor_relationship/region /m/07ssc 0 0 0 0
/m/0k2sk /film/film/distributors./film/film_film_distributor_relationship/region /m/07ssc 0 0 0 0
/m/0315rp /film/film/distributors./film/film_film_distributor_relationship/region /m/07ssc 0 0 0 0
/m/08zrbl /film/film/distributors./film/film_film_distributor_relationship/region /m/07ssc 0 0 0 0
/m/06fqlk /film/film/distributors./film/film_film_distributor_relationship/region /m/07ssc 0 0 0 0
/m/03nm_fh /film/film/distributors./film/film_film_distributor_relationship/region /m/07ssc 0 0 0 0
/m/0d4htf /film/film/distributors./film/film_film_distributor_relationship/region /m/07ssc 0 0 0 0
/m/09p5mwg /film/film/distributors./film/film_film_distributor_relationship/region /m/07ssc 0 0 0 0
/m/03q5db /film/film/distributors./film/film_film_distributor_relationship/region /m/07ssc 0 0 0 0
/m/050f0s /film/film/distributors./film/film_film_distributor_relationship/region /m/07ssc 0 0 0 0
/m/0c3ybss /film/film/distributors./film/film_film_distributor_relationship/region /m/07ssc 0 0 0 0
/m/0dsvzh /film/film/distributors./film/film_film_distributor_relationship/region /m/07ssc 0 0 0 0
/m/031hcx /film/film/distributors./film/film_film_distributor_relationship/region /m/07ssc 0 0 0 0
/m/080lkt7 /film/film/distributors./film/film_film_distributor_relationship/region /m/07ssc 0 0 0 0
std confidence count
/m/07g1sm /film/film/distributors./film/film_film_distributor_relationship/region /m/07ssc 0 1 0 1
/m/03nm_fh /film/film/distributors./film/film_film_distributor_relationship/region /m/09c7w0 0 0 0 0
/m/02x6dqb /film/film/distributors./film/film_film_distributor_relationship/region /m/07ssc 0 1 0 1
/m/0crh5_f /film/film/distributors./film/film_film_distributor_relationship/region /m/07ssc 0 1 0 1
/m/01sbv9 /film/film/distributors./film/film_film_distributor_relationship/region /m/07ssc 0 1 0 1
/m/0k2sk /film/film/distributors./film/film_film_distributor_relationship/region /m/07ssc 0 1 0 1
/m/0315rp /film/film/distributors./film/film_film_distributor_relationship/region /m/07ssc 0 1 0 1
/m/08zrbl /film/film/distributors./film/film_film_distributor_relationship/region /m/07ssc 0 1 0 1
/m/06fqlk /film/film/distributors./film/film_film_distributor_relationship/region /m/07ssc 0 1 0 1
/m/03nm_fh /film/film/distributors./film/film_film_distributor_relationship/region /m/07ssc 0 1 0 1
/m/0d4htf /film/film/distributors./film/film_film_distributor_relationship/region /m/07ssc 0 1 0 1
/m/09p5mwg /film/film/distributors./film/film_film_distributor_relationship/region /m/07ssc 0 1 0 1
/m/03q5db /film/film/distributors./film/film_film_distributor_relationship/region /m/07ssc 0 0 0 0
/m/050f0s /film/film/distributors./film/film_film_distributor_relationship/region /m/07ssc 0 1 0 1
/m/0c3ybss /film/film/distributors./film/film_film_distributor_relationship/region /m/07ssc 0 1 0 1
/m/0dsvzh /film/film/distributors./film/film_film_distributor_relationship/region /m/07ssc 0 1 0 1
/m/031hcx /film/film/distributors./film/film_film_distributor_relationship/region /m/07ssc 0 1 0 1
/m/080lkt7 /film/film/distributors./film/film_film_distributor_relationship/region /m/07ssc 0 1 0 1
pca confidence sum
/m/07g1sm /film/film/distributors./film/film_film_distributor_relationship/region /m/07ssc 0 0 0 0
/m/03nm_fh /film/film/distributors./film/film_film_distributor_relationship/region /m/09c7w0 0 0 0 0
/m/02x6dqb /film/film/distributors./film/film_film_distributor_relationship/region /m/07ssc 0 0 0 0
/m/0crh5_f /film/film/distributors./film/film_film_distributor_relationship/region /m/07ssc 0 0 0 0
/m/01sbv9 /film/film/distributors./film/film_film_distributor_relationship/region /m/07ssc 0 0 0 0
/m/0k2sk /film/film/distributors./film/film_film_distributor_relationship/region /m/07ssc 0 0 0 0
/m/0315rp /film/film/distributors./film/film_film_distributor_relationship/region /m/07ssc 0 0 0 0
/m/08zrbl /film/film/distributors./film/film_film_distributor_relationship/region /m/07ssc 0 0 0 0
/m/06fqlk /film/film/distributors./film/film_film_distributor_relationship/region /m/07ssc 0 0 0 0
/m/03nm_fh /film/film/distributors./film/film_film_distributor_relationship/region /m/07ssc 0 0 0 0
/m/0d4htf /film/film/distributors./film/film_film_distributor_relationship/region /m/07ssc 0 0 0 0
/m/09p5mwg /film/film/distributors./film/film_film_distributor_relationship/region /m/07ssc 0 0 0 0
/m/03q5db /film/film/distributors./film/film_film_distributor_relationship/region /m/07ssc 0 0 0 0
/m/050f0s /film/film/distributors./film/film_film_distributor_relationship/region /m/07ssc 0 0 0 0
/m/0c3ybss /film/film/distributors./film/film_film_distributor_relationship/region /m/07ssc 0 0 0 0
/m/0dsvzh /film/film/distributors./film/film_film_distributor_relationship/region /m/07ssc 0 0 0 0
/m/031hcx /film/film/distributors./film/film_film_distributor_relationship/region /m/07ssc 0 0 0 0
/m/080lkt7 /film/film/distributors./film/film_film_distributor_relationship/region /m/07ssc 0 0 0 0
std confidence sum
/m/07g1sm /film/film/distributors./film/film_film_distributor_relationship/region /m/07ssc 0 0 0 0
/m/03nm_fh /film/film/distributors./film/film_film_distributor_relationship/region /m/09c7w0 0 0 0 0
/m/02x6dqb /film/film/distributors./film/film_film_distributor_relationship/region /m/07ssc 0 0 0 0
/m/0crh5_f /film/film/distributors./film/film_film_distributor_relationship/region /m/07ssc 0 0 0 0
/m/01sbv9 /film/film/distributors./film/film_film_distributor_relationship/region /m/07ssc 0 0 0 0
/m/0k2sk /film/film/distributors./film/film_film_distributor_relationship/region /m/07ssc 0 0 0 0
/m/0315rp /film/film/distributors./film/film_film_distributor_relationship/region /m/07ssc 0 0 0 0
/m/08zrbl /film/film/distributors./film/film_film_distributor_relationship/region /m/07ssc 0 0 0 0
/m/06fqlk /film/film/distributors./film/film_film_distributor_relationship/region /m/07ssc 0 0 0 0
/m/03nm_fh /film/film/distributors./film/film_film_distributor_relationship/region /m/07ssc 0 0 0 0
/m/0d4htf /film/film/distributors./film/film_film_distributor_relationship/region /m/07ssc 0 0 0 0
/m/09p5mwg /film/film/distributors./film/film_film_distributor_relationship/region /m/07ssc 0 0 0 0
/m/03q5db /film/film/distributors./film/film_film_distributor_relationship/region /m/07ssc 0 0 0 0
/m/050f0s /film/film/distributors./film/film_film_distributor_relationship/region /m/07ssc 0 0 0 0
/m/0c3ybss /film/film/distributors./film/film_film_distributor_relationship/region /m/07ssc 0 0 0 0
/m/0dsvzh /film/film/distributors./film/film_film_distributor_relationship/region /m/07ssc 0 0 0 0
/m/031hcx /film/film/distributors./film/film_film_distributor_relationship/region /m/07ssc 0 1 0 0
/m/080lkt7 /film/film/distributors./film/film_film_distributor_relationship/region /m/07ssc 0 0 0 0
