pca confidence count
/m/07ng9k /film/film/dubbing_performances./film/dubbing_performance/language /m/02h40lc 0 1 0 0
/m/05t0zfv /film/film/dubbing_performances./film/dubbing_performance/language /m/02h40lc 0 1 0 0
/m/0ckrgs /film/film/dubbing_performances./film/dubbing_performance/language /m/02h40lc 0 0 0 0
/m/026q3s3 /film/film/dubbing_performances./film/dubbing_performance/language /m/02h40lc 0 1 0 1
std confidence count
/m/07ng9k /film/film/dubbing_performances./film/dubbing_performance/language /m/02h40lc 0 1 0 1
/m/05t0zfv /film/film/dubbing_performances./film/dubbing_performance/language /m/02h40lc 0 1 0 1
/m/0ckrgs /film/film/dubbing_performances./film/dubbing_performance/language /m/02h40lc 0 1 0 0
/m/026q3s3 /film/film/dubbing_performances./film/dubbing_performance/language /m/02h40lc 0 1 0 1
pca confidence sum
/m/07ng9k /film/film/dubbing_performances./film/dubbing_performance/language /m/02h40lc 0 1 0 1
/m/05t0zfv /film/film/dubbing_performances./film/dubbing_performance/language /m/02h40lc 0 1 0 1
/m/0ckrgs /film/film/dubbing_performances./film/dubbing_performance/language /m/02h40lc 0 0 0 0
/m/026q3s3 /film/film/dubbing_performances./film/dubbing_performance/language /m/02h40lc 0 1 0 1
std confidence sum
/m/07ng9k /film/film/dubbing_performances./film/dubbing_performance/language /m/02h40lc 0 1 0 1
/m/05t0zfv /film/film/dubbing_performances./film/dubbing_performance/language /m/02h40lc 0 1 0 1
/m/0ckrgs /film/film/dubbing_performances./film/dubbing_performance/language /m/02h40lc 0 1 0 1
/m/026q3s3 /film/film/dubbing_performances./film/dubbing_performance/language /m/02h40lc 0 1 0 1
