pca confidence count
/m/0b4lkx /film/film/runtime./film/film_cut/film_release_region /m/06mkj 0 0 0 0
/m/0bx0l /film/film/runtime./film/film_cut/film_release_region /m/07ssc 0 0 0 0
/m/0cp08zg /film/film/runtime./film/film_cut/film_release_region /m/0d060g 0 0 0 0
/m/02qydsh /film/film/runtime./film/film_cut/film_release_region /m/09c7w0 0 0 0 0
/m/0g5ptf /film/film/runtime./film/film_cut/film_release_region /m/0d0vqn 0 0 0 0
/m/05j82v /film/film/runtime./film/film_cut/film_release_region /m/0d060g 0 0 0 0
/m/04q24zv /film/film/runtime./film/film_cut/film_release_region /m/0f8l9c 0 0 0 0
/m/0bs5k8r /film/film/runtime./film/film_cut/film_release_region /m/0d060g 0 0 0 0
/m/0dgpwnk /film/film/runtime./film/film_cut/film_release_region /m/0f8l9c 0 0 0 0
/m/023g6w /film/film/runtime./film/film_cut/film_release_region /m/03rjj 0 0 0 0
/m/01z452 /film/film/runtime./film/film_cut/film_release_region /m/0d060g 0 0 0 0
/m/034r25 /film/film/runtime./film/film_cut/film_release_region /m/09c7w0 0 0 0 0
/m/0b85mm /film/film/runtime./film/film_cut/film_release_region /m/03rjj 0 0 0 0
/m/085ccd /film/film/runtime./film/film_cut/film_release_region /m/0345h 0 0 0 0
/m/0k5fg /film/film/runtime./film/film_cut/film_release_region /m/09c7w0 0 0 0 0
/m/03c7twt /film/film/runtime./film/film_cut/film_release_region /m/0jgd 0 0 0 0
/m/05zy2cy /film/film/runtime./film/film_cut/film_release_region /m/0jgd 0 0 0 0
/m/0ds33 /film/film/runtime./film/film_cut/film_release_region /m/09c7w0 0 0 0 0
std confidence count
/m/0b4lkx /film/film/runtime./film/film_cut/film_release_region /m/06mkj 0 0 0 0
/m/0bx0l /film/film/runtime./film/film_cut/film_release_region /m/07ssc 0 0 0 0
/m/0cp08zg /film/film/runtime./film/film_cut/film_release_region /m/0d060g 0 0 0 0
/m/02qydsh /film/film/runtime./film/film_cut/film_release_region /m/09c7w0 0 0 0 0
/m/0g5ptf /film/film/runtime./film/film_cut/film_release_region /m/0d0vqn 0 0 0 0
/m/05j82v /film/film/runtime./film/film_cut/film_release_region /m/0d060g 0 0 0 0
/m/04q24zv /film/film/runtime./film/film_cut/film_release_region /m/0f8l9c 0 0 0 0
/m/0bs5k8r /film/film/runtime./film/film_cut/film_release_region /m/0d060g 0 0 0 0
/m/0dgpwnk /film/film/runtime./film/film_cut/film_release_region /m/0f8l9c 0 0 0 0
/m/023g6w /film/film/runtime./film/film_cut/film_release_region /m/03rjj 0 0 0 0
/m/01z452 /film/film/runtime./film/film_cut/film_release_region /m/0d060g 0 0 0 0
/m/034r25 /film/film/runtime./film/film_cut/film_release_region /m/09c7w0 0 0 0 0
/m/0b85mm /film/film/runtime./film/film_cut/film_release_region /m/03rjj 1 1 1 1
/m/085ccd /film/film/runtime./film/film_cut/film_release_region /m/0345h 0 0 0 0
/m/0k5fg /film/film/runtime./film/film_cut/film_release_region /m/09c7w0 0 0 0 0
/m/03c7twt /film/film/runtime./film/film_cut/film_release_region /m/0jgd 0 0 0 0
/m/05zy2cy /film/film/runtime./film/film_cut/film_release_region /m/0jgd 0 0 0 0
/m/0ds33 /film/film/runtime./film/film_cut/film_release_region /m/09c7w0 0 0 0 0
pca confidence sum
/m/0b4lkx /film/film/runtime./film/film_cut/film_release_region /m/06mkj 0 0 0 0
/m/0bx0l /film/film/runtime./film/film_cut/film_release_region /m/07ssc 0 0 0 0
/m/0cp08zg /film/film/runtime./film/film_cut/film_release_region /m/0d060g 0 0 0 0
/m/02qydsh /film/film/runtime./film/film_cut/film_release_region /m/09c7w0 0 0 0 0
/m/0g5ptf /film/film/runtime./film/film_cut/film_release_region /m/0d0vqn 0 0 0 0
/m/05j82v /film/film/runtime./film/film_cut/film_release_region /m/0d060g 0 0 0 0
/m/04q24zv /film/film/runtime./film/film_cut/film_release_region /m/0f8l9c 0 0 0 0
/m/0bs5k8r /film/film/runtime./film/film_cut/film_release_region /m/0d060g 0 0 0 0
/m/0dgpwnk /film/film/runtime./film/film_cut/film_release_region /m/0f8l9c 0 0 0 0
/m/023g6w /film/film/runtime./film/film_cut/film_release_region /m/03rjj 0 0 0 0
/m/01z452 /film/film/runtime./film/film_cut/film_release_region /m/0d060g 0 0 0 0
/m/034r25 /film/film/runtime./film/film_cut/film_release_region /m/09c7w0 0 0 0 0
/m/0b85mm /film/film/runtime./film/film_cut/film_release_region /m/03rjj 0 0 0 0
/m/085ccd /film/film/runtime./film/film_cut/film_release_region /m/0345h 0 0 0 0
/m/0k5fg /film/film/runtime./film/film_cut/film_release_region /m/09c7w0 0 0 0 0
/m/03c7twt /film/film/runtime./film/film_cut/film_release_region /m/0jgd 0 0 0 0
/m/05zy2cy /film/film/runtime./film/film_cut/film_release_region /m/0jgd 0 0 0 0
/m/0ds33 /film/film/runtime./film/film_cut/film_release_region /m/09c7w0 0 0 0 0
std confidence sum
/m/0b4lkx /film/film/runtime./film/film_cut/film_release_region /m/06mkj 0 0 0 0
/m/0bx0l /film/film/runtime./film/film_cut/film_release_region /m/07ssc 0 0 0 0
/m/0cp08zg /film/film/runtime./film/film_cut/film_release_region /m/0d060g 0 0 0 0
/m/02qydsh /film/film/runtime./film/film_cut/film_release_region /m/09c7w0 0 0 0 0
/m/0g5ptf /film/film/runtime./film/film_cut/film_release_region /m/0d0vqn 0 0 0 0
/m/05j82v /film/film/runtime./film/film_cut/film_release_region /m/0d060g 0 0 0 0
/m/04q24zv /film/film/runtime./film/film_cut/film_release_region /m/0f8l9c 0 0 0 0
/m/0bs5k8r /film/film/runtime./film/film_cut/film_release_region /m/0d060g 0 0 0 0
/m/0dgpwnk /film/film/runtime./film/film_cut/film_release_region /m/0f8l9c 0 0 0 0
/m/023g6w /film/film/runtime./film/film_cut/film_release_region /m/03rjj 0 0 0 0
/m/01z452 /film/film/runtime./film/film_cut/film_release_region /m/0d060g 0 0 0 0
/m/034r25 /film/film/runtime./film/film_cut/film_release_region /m/09c7w0 0 0 0 0
/m/0b85mm /film/film/runtime./film/film_cut/film_release_region /m/03rjj 1 1 0 0
/m/085ccd /film/film/runtime./film/film_cut/film_release_region /m/0345h 0 0 0 0
/m/0k5fg /film/film/runtime./film/film_cut/film_release_region /m/09c7w0 0 0 0 0
/m/03c7twt /film/film/runtime./film/film_cut/film_release_region /m/0jgd 0 0 0 0
/m/05zy2cy /film/film/runtime./film/film_cut/film_release_region /m/0jgd 0 0 0 0
/m/0ds33 /film/film/runtime./film/film_cut/film_release_region /m/09c7w0 0 0 0 0
