pca confidence count
/m/057ph /film/film_character/portrayed_in_films./film/performance/film /m/099bhp 1 1 0 0
/m/04pzy /film/film_character/portrayed_in_films./film/performance/film /m/01_mdl 1 1 0 1
/m/0clpml /film/film_character/portrayed_in_films./film/performance/film /m/025twgf 1 1 1 1
/m/01d5g /film/film_character/portrayed_in_films./film/performance/film /m/063y9fp 1 1 1 1
/m/04pzy /film/film_character/portrayed_in_films./film/performance/film /m/0d_wms 1 1 0 1
/m/04pzy /film/film_character/portrayed_in_films./film/performance/film /m/044g_k 1 1 0 1
/m/01d5g /film/film_character/portrayed_in_films./film/performance/film /m/01hqk 1 1 1 1
/m/0147fv /film/film_character/portrayed_in_films./film/performance/film /m/07h9gp 1 1 0 0
/m/0clpml /film/film_character/portrayed_in_films./film/performance/film /m/029v40 1 1 1 1
/m/06rkl /film/film_character/portrayed_in_films./film/performance/film /m/04n52p6 1 1 0 0
/m/0clpml /film/film_character/portrayed_in_films./film/performance/film /m/0164qt 1 1 1 1
/m/06ys2 /film/film_character/portrayed_in_films./film/performance/film /m/02wgk1 1 1 1 1
/m/01d5g /film/film_character/portrayed_in_films./film/performance/film /m/02fqrf 1 1 1 1
std confidence count
/m/057ph /film/film_character/portrayed_in_films./film/performance/film /m/099bhp 1 1 1 1
/m/04pzy /film/film_character/portrayed_in_films./film/performance/film /m/01_mdl 1 1 0 1
/m/0clpml /film/film_character/portrayed_in_films./film/performance/film /m/025twgf 1 1 1 1
/m/01d5g /film/film_character/portrayed_in_films./film/performance/film /m/063y9fp 1 1 0 1
/m/04pzy /film/film_character/portrayed_in_films./film/performance/film /m/0d_wms 1 1 0 1
/m/04pzy /film/film_character/portrayed_in_films./film/performance/film /m/044g_k 1 1 0 1
/m/01d5g /film/film_character/portrayed_in_films./film/performance/film /m/01hqk 1 1 1 1
/m/0147fv /film/film_character/portrayed_in_films./film/performance/film /m/07h9gp 1 1 1 1
/m/0clpml /film/film_character/portrayed_in_films./film/performance/film /m/029v40 1 1 1 1
/m/06rkl /film/film_character/portrayed_in_films./film/performance/film /m/04n52p6 1 1 1 1
/m/0clpml /film/film_character/portrayed_in_films./film/performance/film /m/0164qt 1 1 1 1
/m/06ys2 /film/film_character/portrayed_in_films./film/performance/film /m/02wgk1 1 1 1 1
/m/01d5g /film/film_character/portrayed_in_films./film/performance/film /m/02fqrf 1 1 1 1
pca confidence sum
/m/057ph /film/film_character/portrayed_in_films./film/performance/film /m/099bhp 1 1 0 0
/m/04pzy /film/film_character/portrayed_in_films./film/performance/film /m/01_mdl 1 1 0 1
/m/0clpml /film/film_character/portrayed_in_films./film/performance/film /m/025twgf 1 1 1 1
/m/01d5g /film/film_character/portrayed_in_films./film/performance/film /m/063y9fp 1 1 0 1
/m/04pzy /film/film_character/portrayed_in_films./film/performance/film /m/0d_wms 1 1 0 1
/m/04pzy /film/film_character/portrayed_in_films./film/performance/film /m/044g_k 1 1 0 1
/m/01d5g /film/film_character/portrayed_in_films./film/performance/film /m/01hqk 1 1 1 1
/m/0147fv /film/film_character/portrayed_in_films./film/performance/film /m/07h9gp 1 1 0 0
/m/0clpml /film/film_character/portrayed_in_films./film/performance/film /m/029v40 1 1 1 1
/m/06rkl /film/film_character/portrayed_in_films./film/performance/film /m/04n52p6 1 1 0 0
/m/0clpml /film/film_character/portrayed_in_films./film/performance/film /m/0164qt 1 1 1 1
/m/06ys2 /film/film_character/portrayed_in_films./film/performance/film /m/02wgk1 1 1 1 1
/m/01d5g /film/film_character/portrayed_in_films./film/performance/film /m/02fqrf 1 1 1 1
std confidence sum
/m/057ph /film/film_character/portrayed_in_films./film/performance/film /m/099bhp 1 1 1 1
/m/04pzy /film/film_character/portrayed_in_films./film/performance/film /m/01_mdl 1 1 0 1
/m/0clpml /film/film_character/portrayed_in_films./film/performance/film /m/025twgf 1 1 1 1
/m/01d5g /film/film_character/portrayed_in_films./film/performance/film /m/063y9fp 1 1 0 0
/m/04pzy /film/film_character/portrayed_in_films./film/performance/film /m/0d_wms 1 1 0 1
/m/04pzy /film/film_character/portrayed_in_films./film/performance/film /m/044g_k 1 1 0 1
/m/01d5g /film/film_character/portrayed_in_films./film/performance/film /m/01hqk 1 1 1 1
/m/0147fv /film/film_character/portrayed_in_films./film/performance/film /m/07h9gp 1 1 1 1
/m/0clpml /film/film_character/portrayed_in_films./film/performance/film /m/029v40 1 1 1 1
/m/06rkl /film/film_character/portrayed_in_films./film/performance/film /m/04n52p6 1 1 1 1
/m/0clpml /film/film_character/portrayed_in_films./film/performance/film /m/0164qt 1 1 1 1
/m/06ys2 /film/film_character/portrayed_in_films./film/performance/film /m/02wgk1 1 1 1 1
/m/01d5g /film/film_character/portrayed_in_films./film/performance/film /m/02fqrf 1 1 1 1
