pca confidence count
/m/08wr3kg /film/film_casting_director/films_casting_directed /m/04q01mn 1 1 1 1
/m/09dv0sz /film/film_casting_director/films_casting_directed /m/0cc7hmk 1 1 0 0
/m/08wr3kg /film/film_casting_director/films_casting_directed /m/03s5lz 1 1 1 1
/m/0bxfmk /film/film_casting_director/films_casting_directed /m/02q56mk 1 1 0 0
/m/08wr3kg /film/film_casting_director/films_casting_directed /m/0sxfd 1 1 1 1
std confidence count
/m/08wr3kg /film/film_casting_director/films_casting_directed /m/04q01mn 1 1 1 1
/m/09dv0sz /film/film_casting_director/films_casting_directed /m/0cc7hmk 1 1 1 1
/m/08wr3kg /film/film_casting_director/films_casting_directed /m/03s5lz 1 1 1 1
/m/0bxfmk /film/film_casting_director/films_casting_directed /m/02q56mk 1 1 1 1
/m/08wr3kg /film/film_casting_director/films_casting_directed /m/0sxfd 1 1 1 1
pca confidence sum
/m/08wr3kg /film/film_casting_director/films_casting_directed /m/04q01mn 1 1 1 1
/m/09dv0sz /film/film_casting_director/films_casting_directed /m/0cc7hmk 1 1 0 0
/m/08wr3kg /film/film_casting_director/films_casting_directed /m/03s5lz 1 1 1 1
/m/0bxfmk /film/film_casting_director/films_casting_directed /m/02q56mk 1 1 0 0
/m/08wr3kg /film/film_casting_director/films_casting_directed /m/0sxfd 1 1 1 1
std confidence sum
/m/08wr3kg /film/film_casting_director/films_casting_directed /m/04q01mn 1 1 1 1
/m/09dv0sz /film/film_casting_director/films_casting_directed /m/0cc7hmk 1 1 1 1
/m/08wr3kg /film/film_casting_director/films_casting_directed /m/03s5lz 1 1 1 1
/m/0bxfmk /film/film_casting_director/films_casting_directed /m/02q56mk 1 1 1 1
/m/08wr3kg /film/film_casting_director/films_casting_directed /m/0sxfd 1 1 1 1
