pca confidence count
/m/0bx_q /food/diet_follower/follows_diet /m/07_lq 0 0 0 0
/m/01vrnsk /food/diet_follower/follows_diet /m/07_lq 0 1 0 0
/m/03s9v /food/diet_follower/follows_diet /m/07_lq 0 0 0 0
/m/0pyg6 /food/diet_follower/follows_diet /m/07_hy 0 0 0 0
/m/029ql /food/diet_follower/follows_diet /m/07_lq 0 0 0 0
/m/024bbl /food/diet_follower/follows_diet /m/07_hy 0 0 0 0
/m/01vvybv /food/diet_follower/follows_diet /m/07_lq 0 0 0 0
/m/086qd /food/diet_follower/follows_diet /m/07_lq 0 1 0 0
/m/01vrncs /food/diet_follower/follows_diet /m/07_lq 1 1 0 0
std confidence count
/m/0bx_q /food/diet_follower/follows_diet /m/07_lq 0 1 0 1
/m/01vrnsk /food/diet_follower/follows_diet /m/07_lq 0 1 0 1
/m/03s9v /food/diet_follower/follows_diet /m/07_lq 0 0 0 0
/m/0pyg6 /food/diet_follower/follows_diet /m/07_hy 0 1 0 1
/m/029ql /food/diet_follower/follows_diet /m/07_lq 0 1 0 1
/m/024bbl /food/diet_follower/follows_diet /m/07_hy 0 1 0 1
/m/01vvybv /food/diet_follower/follows_diet /m/07_lq 0 1 0 1
/m/086qd /food/diet_follower/follows_diet /m/07_lq 0 0 0 0
/m/01vrncs /food/diet_follower/follows_diet /m/07_lq 1 1 0 1
pca confidence sum
/m/0bx_q /food/diet_follower/follows_diet /m/07_lq 0 0 0 0
/m/01vrnsk /food/diet_follower/follows_diet /m/07_lq 0 1 0 0
/m/03s9v /food/diet_follower/follows_diet /m/07_lq 0 0 0 0
/m/0pyg6 /food/diet_follower/follows_diet /m/07_hy 0 0 0 0
/m/029ql /food/diet_follower/follows_diet /m/07_lq 0 0 0 0
/m/024bbl /food/diet_follower/follows_diet /m/07_hy 0 0 0 0
/m/01vvybv /food/diet_follower/follows_diet /m/07_lq 0 0 0 0
/m/086qd /food/diet_follower/follows_diet /m/07_lq 0 0 0 0
/m/01vrncs /food/diet_follower/follows_diet /m/07_lq 1 1 0 0
std confidence sum
/m/0bx_q /food/diet_follower/follows_diet /m/07_lq 0 1 0 0
/m/01vrnsk /food/diet_follower/follows_diet /m/07_lq 0 1 0 1
/m/03s9v /food/diet_follower/follows_diet /m/07_lq 0 0 0 0
/m/0pyg6 /food/diet_follower/follows_diet /m/07_hy 0 0 0 0
/m/029ql /food/diet_follower/follows_diet /m/07_lq 0 0 0 0
/m/024bbl /food/diet_follower/follows_diet /m/07_hy 0 0 0 0
/m/01vvybv /food/diet_follower/follows_diet /m/07_lq 0 1 0 0
/m/086qd /food/diet_follower/follows_diet /m/07_lq 0 0 0 0
/m/01vrncs /food/diet_follower/follows_diet /m/07_lq 0 1 0 1
