pca confidence count
/m/043djx /government/legislative_session/members./government/government_position_held/legislative_sessions /m/01gsvp 0 1 0 0
/m/03ww_x /government/legislative_session/members./government/government_position_held/legislative_sessions /m/02bn_p 1 1 0 1
/m/03ww_x /government/legislative_session/members./government/government_position_held/legislative_sessions /m/077g7n 0 1 0 0
/m/01gtc0 /government/legislative_session/members./government/government_position_held/legislative_sessions /m/01gstn 1 1 0 1
/m/06f0dc /government/legislative_session/members./government/government_position_held/legislative_sessions /m/024tcq 1 1 0 1
/m/0495ys /government/legislative_session/members./government/government_position_held/legislative_sessions /m/02bn_p 0 1 0 1
/m/01gt99 /government/legislative_session/members./government/government_position_held/legislative_sessions /m/01gtc0 1 1 0 1
/m/01grpc /government/legislative_session/members./government/government_position_held/legislative_sessions /m/01gsrl 1 1 0 0
/m/06f0dc /government/legislative_session/members./government/government_position_held/legislative_sessions /m/03rtmz 0 1 0 0
/m/032ft5 /government/legislative_session/members./government/government_position_held/legislative_sessions /m/02cg7g 0 1 0 1
/m/02bp37 /government/legislative_session/members./government/government_position_held/legislative_sessions /m/070mff 0 1 0 0
/m/01h7xx /government/legislative_session/members./government/government_position_held/legislative_sessions /m/043djx 1 1 0 0
/m/01gssm /government/legislative_session/members./government/government_position_held/legislative_sessions /m/01gssz 1 1 0 1
/m/02bp37 /government/legislative_session/members./government/government_position_held/legislative_sessions /m/02bn_p 0 1 0 1
/m/01gst9 /government/legislative_session/members./government/government_position_held/legislative_sessions /m/01gssm 1 1 0 1
/m/02cg7g /government/legislative_session/members./government/government_position_held/legislative_sessions /m/02bqn1 0 1 0 1
/m/02cg7g /government/legislative_session/members./government/government_position_held/legislative_sessions /m/070mff 0 1 0 1
/m/01gsvb /government/legislative_session/members./government/government_position_held/legislative_sessions /m/01gtc0 1 1 0 1
/m/01gst9 /government/legislative_session/members./government/government_position_held/legislative_sessions /m/01grr2 1 1 0 0
/m/024tkd /government/legislative_session/members./government/government_position_held/legislative_sessions /m/02glc4 1 1 0 1
/m/04gp1d /government/legislative_session/members./government/government_position_held/legislative_sessions /m/02bqn1 0 1 0 1
/m/06f0dc /government/legislative_session/members./government/government_position_held/legislative_sessions /m/03z5xd 1 1 0 1
/m/02cg7g /government/legislative_session/members./government/government_position_held/legislative_sessions /m/02bp37 0 1 0 0
/m/04h1rz /government/legislative_session/members./government/government_position_held/legislative_sessions /m/03tcbx 0 1 0 1
/m/03tcbx /government/legislative_session/members./government/government_position_held/legislative_sessions /m/0495ys 0 1 0 1
/m/02bn_p /government/legislative_session/members./government/government_position_held/legislative_sessions /m/077g7n 1 1 0 1
/m/01gsrl /government/legislative_session/members./government/government_position_held/legislative_sessions /m/01grpc 1 1 0 0
/m/01grr2 /government/legislative_session/members./government/government_position_held/legislative_sessions /m/01grpq 1 1 1 1
/m/04gp1d /government/legislative_session/members./government/government_position_held/legislative_sessions /m/03ww_x 0 1 0 1
/m/04gp1d /government/legislative_session/members./government/government_position_held/legislative_sessions /m/02bn_p 0 1 0 0
/m/03z5xd /government/legislative_session/members./government/government_position_held/legislative_sessions /m/024tkd 0 1 0 0
/m/07p__7 /government/legislative_session/members./government/government_position_held/legislative_sessions /m/04h1rz 0 1 0 1
/m/02bqmq /government/legislative_session/members./government/government_position_held/legislative_sessions /m/070mff 0 1 0 0
/m/02bp37 /government/legislative_session/members./government/government_position_held/legislative_sessions /m/05l2z4 1 1 0 1
/m/060ny2 /government/legislative_session/members./government/government_position_held/legislative_sessions /m/02cg7g 0 1 0 1
/m/070m6c /government/legislative_session/members./government/government_position_held/legislative_sessions /m/03z5xd 0 1 0 1
/m/06r713 /government/legislative_session/members./government/government_position_held/legislative_sessions /m/060ny2 0 1 0 1
/m/04gp1d /government/legislative_session/members./government/government_position_held/legislative_sessions /m/02cg7g 0 1 0 1
/m/02bqmq /government/legislative_session/members./government/government_position_held/legislative_sessions /m/02cg7g 1 1 0 1
/m/06r713 /government/legislative_session/members./government/government_position_held/legislative_sessions /m/024tkd 0 1 0 0
/m/01grqd /government/legislative_session/members./government/government_position_held/legislative_sessions /m/01grp0 1 1 0 1
/m/01grrf /government/legislative_session/members./government/government_position_held/legislative_sessions /m/01gssm 1 1 0 1
/m/07p__7 /government/legislative_session/members./government/government_position_held/legislative_sessions /m/032ft5 0 1 0 1
/m/01gssz /government/legislative_session/members./government/government_position_held/legislative_sessions /m/01gsrl 1 1 0 1
/m/01gtcq /government/legislative_session/members./government/government_position_held/legislative_sessions /m/01h7xx 1 1 1 1
/m/070mff /government/legislative_session/members./government/government_position_held/legislative_sessions /m/02gkzs 1 1 0 1
/m/01gt99 /government/legislative_session/members./government/government_position_held/legislative_sessions /m/01gssz 1 1 0 1
/m/032ft5 /government/legislative_session/members./government/government_position_held/legislative_sessions /m/070mff 0 1 0 1
/m/01gtbb /government/legislative_session/members./government/government_position_held/legislative_sessions /m/01h7xx 1 1 0 1
/m/03ww_x /government/legislative_session/members./government/government_position_held/legislative_sessions /m/02gkzs 0 1 0 1
/m/024tcq /government/legislative_session/members./government/government_position_held/legislative_sessions /m/06r713 1 1 0 1
/m/077g7n /government/legislative_session/members./government/government_position_held/legislative_sessions /m/02bqm0 0 1 0 0
/m/04lgybj /government/legislative_session/members./government/government_position_held/legislative_sessions /m/04fhps 1 1 0 0
/m/01grrf /government/legislative_session/members./government/government_position_held/legislative_sessions /m/01gssz 1 1 0 1
/m/02bqm0 /government/legislative_session/members./government/government_position_held/legislative_sessions /m/07p__7 0 1 0 0
/m/01gsvb /government/legislative_session/members./government/government_position_held/legislative_sessions /m/01gsrl 0 1 0 0
/m/01h7xx /government/legislative_session/members./government/government_position_held/legislative_sessions /m/01gt99 1 1 0 1
/m/03ww_x /government/legislative_session/members./government/government_position_held/legislative_sessions /m/0495ys 0 1 0 0
/m/02glc4 /government/legislative_session/members./government/government_position_held/legislative_sessions /m/02bn_p 1 1 0 1
/m/02bqn1 /government/legislative_session/members./government/government_position_held/legislative_sessions /m/03z5xd 0 1 0 1
/m/024tkd /government/legislative_session/members./government/government_position_held/legislative_sessions /m/04gp1d 1 1 0 1
/m/03tcbx /government/legislative_session/members./government/government_position_held/legislative_sessions /m/02cg7g 0 1 0 1
/m/05l2z4 /government/legislative_session/members./government/government_position_held/legislative_sessions /m/032ft5 0 1 0 1
/m/01gtdd /government/legislative_session/members./government/government_position_held/legislative_sessions /m/01gtbb 1 1 0 1
/m/02cg7g /government/legislative_session/members./government/government_position_held/legislative_sessions /m/02bn_p 0 1 0 1
/m/02bqmq /government/legislative_session/members./government/government_position_held/legislative_sessions /m/06r713 0 1 0 0
/m/03tcbx /government/legislative_session/members./government/government_position_held/legislative_sessions /m/05l2z4 1 1 0 1
/m/02bn_p /government/legislative_session/members./government/government_position_held/legislative_sessions /m/04gp1d 1 1 0 1
/m/077g7n /government/legislative_session/members./government/government_position_held/legislative_sessions /m/02bqn1 0 1 0 1
/m/02bqn1 /government/legislative_session/members./government/government_position_held/legislative_sessions /m/02glc4 1 1 0 1
/m/06r713 /government/legislative_session/members./government/government_position_held/legislative_sessions /m/02bqm0 0 1 0 0
/m/01grpq /government/legislative_session/members./government/government_position_held/legislative_sessions /m/01grqd 1 1 0 1
/m/02bqm0 /government/legislative_session/members./government/government_position_held/legislative_sessions /m/02glc4 1 1 0 1
/m/03z5xd /government/legislative_session/members./government/government_position_held/legislative_sessions /m/02glc4 1 1 0 1
/m/05l2z4 /government/legislative_session/members./government/government_position_held/legislative_sessions /m/024tkd 0 1 0 0
/m/04h1rz /government/legislative_session/members./government/government_position_held/legislative_sessions /m/032ft5 0 1 0 0
/m/04h1rz /government/legislative_session/members./government/government_position_held/legislative_sessions /m/04gp1d 0 1 0 0
/m/01gst9 /government/legislative_session/members./government/government_position_held/legislative_sessions /m/01gsrl 1 1 0 1
/m/03ww_x /government/legislative_session/members./government/government_position_held/legislative_sessions /m/02bqn1 1 1 0 1
/m/01grq1 /government/legislative_session/members./government/government_position_held/legislative_sessions /m/01grr2 1 1 0 0
/m/03rl1g /government/legislative_session/members./government/government_position_held/legislative_sessions /m/01h7xx 1 1 0 1
/m/024tkd /government/legislative_session/members./government/government_position_held/legislative_sessions /m/02bn_p 1 1 0 1
/m/01grrf /government/legislative_session/members./government/government_position_held/legislative_sessions /m/01grpq 1 1 0 1
/m/01gsvb /government/legislative_session/members./government/government_position_held/legislative_sessions /m/01gssz 1 1 0 1
/m/01gtdd /government/legislative_session/members./government/government_position_held/legislative_sessions /m/01gsvp 0 1 0 0
/m/070mff /government/legislative_session/members./government/government_position_held/legislative_sessions /m/024tcq 0 1 0 1
/m/01gtcc /government/legislative_session/members./government/government_position_held/legislative_sessions /m/01gtdd 1 1 0 1
/m/024tcq /government/legislative_session/members./government/government_position_held/legislative_sessions /m/02bp37 1 1 0 1
/m/01grrf /government/legislative_session/members./government/government_position_held/legislative_sessions /m/01gsry 1 1 0 0
/m/01grpc /government/legislative_session/members./government/government_position_held/legislative_sessions /m/01grq1 1 1 0 1
/m/01gstn /government/legislative_session/members./government/government_position_held/legislative_sessions /m/01grrf 0 1 0 0
/m/043djx /government/legislative_session/members./government/government_position_held/legislative_sessions /m/01h7xx 1 1 0 0
/m/01gtdd /government/legislative_session/members./government/government_position_held/legislative_sessions /m/01gsvb 1 1 0 1
/m/01gstn /government/legislative_session/members./government/government_position_held/legislative_sessions /m/01gt99 1 1 0 1
/m/02bqmq /government/legislative_session/members./government/government_position_held/legislative_sessions /m/02bp37 0 1 0 1
/m/06f0dc /government/legislative_session/members./government/government_position_held/legislative_sessions /m/02glc4 1 1 0 1
/m/02bn_p /government/legislative_session/members./government/government_position_held/legislative_sessions /m/070m6c 1 1 0 1
std confidence count
/m/043djx /government/legislative_session/members./government/government_position_held/legislative_sessions /m/01gsvp 0 1 0 0
/m/03ww_x /government/legislative_session/members./government/government_position_held/legislative_sessions /m/02bn_p 1 1 0 1
/m/03ww_x /government/legislative_session/members./government/government_position_held/legislative_sessions /m/077g7n 0 1 0 0
/m/01gtc0 /government/legislative_session/members./government/government_position_held/legislative_sessions /m/01gstn 1 1 0 1
/m/06f0dc /government/legislative_session/members./government/government_position_held/legislative_sessions /m/024tcq 1 1 0 1
/m/0495ys /government/legislative_session/members./government/government_position_held/legislative_sessions /m/02bn_p 0 1 0 1
/m/01gt99 /government/legislative_session/members./government/government_position_held/legislative_sessions /m/01gtc0 1 1 0 1
/m/01grpc /government/legislative_session/members./government/government_position_held/legislative_sessions /m/01gsrl 1 1 0 0
/m/06f0dc /government/legislative_session/members./government/government_position_held/legislative_sessions /m/03rtmz 0 1 0 0
/m/032ft5 /government/legislative_session/members./government/government_position_held/legislative_sessions /m/02cg7g 0 1 0 1
/m/02bp37 /government/legislative_session/members./government/government_position_held/legislative_sessions /m/070mff 0 1 0 0
/m/01h7xx /government/legislative_session/members./government/government_position_held/legislative_sessions /m/043djx 1 1 0 0
/m/01gssm /government/legislative_session/members./government/government_position_held/legislative_sessions /m/01gssz 1 1 0 1
/m/02bp37 /government/legislative_session/members./government/government_position_held/legislative_sessions /m/02bn_p 0 1 0 1
/m/01gst9 /government/legislative_session/members./government/government_position_held/legislative_sessions /m/01gssm 1 1 0 1
/m/02cg7g /government/legislative_session/members./government/government_position_held/legislative_sessions /m/02bqn1 0 1 0 1
/m/02cg7g /government/legislative_session/members./government/government_position_held/legislative_sessions /m/070mff 0 1 0 1
/m/01gsvb /government/legislative_session/members./government/government_position_held/legislative_sessions /m/01gtc0 1 1 0 1
/m/01gst9 /government/legislative_session/members./government/government_position_held/legislative_sessions /m/01grr2 1 1 0 0
/m/024tkd /government/legislative_session/members./government/government_position_held/legislative_sessions /m/02glc4 1 1 0 1
/m/04gp1d /government/legislative_session/members./government/government_position_held/legislative_sessions /m/02bqn1 0 1 0 1
/m/06f0dc /government/legislative_session/members./government/government_position_held/legislative_sessions /m/03z5xd 1 1 0 1
/m/02cg7g /government/legislative_session/members./government/government_position_held/legislative_sessions /m/02bp37 0 1 0 0
/m/04h1rz /government/legislative_session/members./government/government_position_held/legislative_sessions /m/03tcbx 0 1 0 1
/m/03tcbx /government/legislative_session/members./government/government_position_held/legislative_sessions /m/0495ys 0 1 0 1
/m/02bn_p /government/legislative_session/members./government/government_position_held/legislative_sessions /m/077g7n 1 1 0 1
/m/01gsrl /government/legislative_session/members./government/government_position_held/legislative_sessions /m/01grpc 1 1 0 0
/m/01grr2 /government/legislative_session/members./government/government_position_held/legislative_sessions /m/01grpq 1 1 1 1
/m/04gp1d /government/legislative_session/members./government/government_position_held/legislative_sessions /m/03ww_x 0 1 0 1
/m/04gp1d /government/legislative_session/members./government/government_position_held/legislative_sessions /m/02bn_p 0 1 0 0
/m/03z5xd /government/legislative_session/members./government/government_position_held/legislative_sessions /m/024tkd 0 1 0 0
/m/07p__7 /government/legislative_session/members./government/government_position_held/legislative_sessions /m/04h1rz 0 1 0 1
/m/02bqmq /government/legislative_session/members./government/government_position_held/legislative_sessions /m/070mff 0 1 0 0
/m/02bp37 /government/legislative_session/members./government/government_position_held/legislative_sessions /m/05l2z4 1 1 0 1
/m/060ny2 /government/legislative_session/members./government/government_position_held/legislative_sessions /m/02cg7g 0 1 0 1
/m/070m6c /government/legislative_session/members./government/government_position_held/legislative_sessions /m/03z5xd 0 1 0 1
/m/06r713 /government/legislative_session/members./government/government_position_held/legislative_sessions /m/060ny2 0 1 0 1
/m/04gp1d /government/legislative_session/members./government/government_position_held/legislative_sessions /m/02cg7g 0 1 0 1
/m/02bqmq /government/legislative_session/members./government/government_position_held/legislative_sessions /m/02cg7g 1 1 0 1
/m/06r713 /government/legislative_session/members./government/government_position_held/legislative_sessions /m/024tkd 0 1 0 0
/m/01grqd /government/legislative_session/members./government/government_position_held/legislative_sessions /m/01grp0 1 1 0 1
/m/01grrf /government/legislative_session/members./government/government_position_held/legislative_sessions /m/01gssm 1 1 0 1
/m/07p__7 /government/legislative_session/members./government/government_position_held/legislative_sessions /m/032ft5 0 1 0 1
/m/01gssz /government/legislative_session/members./government/government_position_held/legislative_sessions /m/01gsrl 1 1 0 1
/m/01gtcq /government/legislative_session/members./government/government_position_held/legislative_sessions /m/01h7xx 1 1 1 1
/m/070mff /government/legislative_session/members./government/government_position_held/legislative_sessions /m/02gkzs 1 1 0 1
/m/01gt99 /government/legislative_session/members./government/government_position_held/legislative_sessions /m/01gssz 1 1 0 1
/m/032ft5 /government/legislative_session/members./government/government_position_held/legislative_sessions /m/070mff 0 1 0 1
/m/01gtbb /government/legislative_session/members./government/government_position_held/legislative_sessions /m/01h7xx 1 1 0 1
/m/03ww_x /government/legislative_session/members./government/government_position_held/legislative_sessions /m/02gkzs 0 1 0 1
/m/024tcq /government/legislative_session/members./government/government_position_held/legislative_sessions /m/06r713 1 1 0 1
/m/077g7n /government/legislative_session/members./government/government_position_held/legislative_sessions /m/02bqm0 0 1 0 0
/m/04lgybj /government/legislative_session/members./government/government_position_held/legislative_sessions /m/04fhps 1 1 0 0
/m/01grrf /government/legislative_session/members./government/government_position_held/legislative_sessions /m/01gssz 1 1 0 1
/m/02bqm0 /government/legislative_session/members./government/government_position_held/legislative_sessions /m/07p__7 0 1 0 0
/m/01gsvb /government/legislative_session/members./government/government_position_held/legislative_sessions /m/01gsrl 0 1 0 0
/m/01h7xx /government/legislative_session/members./government/government_position_held/legislative_sessions /m/01gt99 1 1 0 1
/m/03ww_x /government/legislative_session/members./government/government_position_held/legislative_sessions /m/0495ys 0 1 0 0
/m/02glc4 /government/legislative_session/members./government/government_position_held/legislative_sessions /m/02bn_p 1 1 0 1
/m/02bqn1 /government/legislative_session/members./government/government_position_held/legislative_sessions /m/03z5xd 0 1 0 1
/m/024tkd /government/legislative_session/members./government/government_position_held/legislative_sessions /m/04gp1d 1 1 0 1
/m/03tcbx /government/legislative_session/members./government/government_position_held/legislative_sessions /m/02cg7g 0 1 0 1
/m/05l2z4 /government/legislative_session/members./government/government_position_held/legislative_sessions /m/032ft5 0 1 0 1
/m/01gtdd /government/legislative_session/members./government/government_position_held/legislative_sessions /m/01gtbb 1 1 0 1
/m/02cg7g /government/legislative_session/members./government/government_position_held/legislative_sessions /m/02bn_p 0 1 0 1
/m/02bqmq /government/legislative_session/members./government/government_position_held/legislative_sessions /m/06r713 0 1 0 0
/m/03tcbx /government/legislative_session/members./government/government_position_held/legislative_sessions /m/05l2z4 1 1 0 1
/m/02bn_p /government/legislative_session/members./government/government_position_held/legislative_sessions /m/04gp1d 1 1 0 1
/m/077g7n /government/legislative_session/members./government/government_position_held/legislative_sessions /m/02bqn1 0 1 0 1
/m/02bqn1 /government/legislative_session/members./government/government_position_held/legislative_sessions /m/02glc4 1 1 0 1
/m/06r713 /government/legislative_session/members./government/government_position_held/legislative_sessions /m/02bqm0 0 1 0 0
/m/01grpq /government/legislative_session/members./government/government_position_held/legislative_sessions /m/01grqd 1 1 0 1
/m/02bqm0 /government/legislative_session/members./government/government_position_held/legislative_sessions /m/02glc4 1 1 0 1
/m/03z5xd /government/legislative_session/members./government/government_position_held/legislative_sessions /m/02glc4 1 1 0 1
/m/05l2z4 /government/legislative_session/members./government/government_position_held/legislative_sessions /m/024tkd 0 1 0 0
/m/04h1rz /government/legislative_session/members./government/government_position_held/legislative_sessions /m/032ft5 0 1 0 0
/m/04h1rz /government/legislative_session/members./government/government_position_held/legislative_sessions /m/04gp1d 0 1 0 0
/m/01gst9 /government/legislative_session/members./government/government_position_held/legislative_sessions /m/01gsrl 1 1 0 1
/m/03ww_x /government/legislative_session/members./government/government_position_held/legislative_sessions /m/02bqn1 1 1 0 1
/m/01grq1 /government/legislative_session/members./government/government_position_held/legislative_sessions /m/01grr2 1 1 0 0
/m/03rl1g /government/legislative_session/members./government/government_position_held/legislative_sessions /m/01h7xx 1 1 0 1
/m/024tkd /government/legislative_session/members./government/government_position_held/legislative_sessions /m/02bn_p 1 1 0 1
/m/01grrf /government/legislative_session/members./government/government_position_held/legislative_sessions /m/01grpq 1 1 0 1
/m/01gsvb /government/legislative_session/members./government/government_position_held/legislative_sessions /m/01gssz 1 1 0 1
/m/01gtdd /government/legislative_session/members./government/government_position_held/legislative_sessions /m/01gsvp 0 1 0 0
/m/070mff /government/legislative_session/members./government/government_position_held/legislative_sessions /m/024tcq 0 1 0 1
/m/01gtcc /government/legislative_session/members./government/government_position_held/legislative_sessions /m/01gtdd 1 1 0 1
/m/024tcq /government/legislative_session/members./government/government_position_held/legislative_sessions /m/02bp37 1 1 0 1
/m/01grrf /government/legislative_session/members./government/government_position_held/legislative_sessions /m/01gsry 1 1 0 0
/m/01grpc /government/legislative_session/members./government/government_position_held/legislative_sessions /m/01grq1 1 1 0 1
/m/01gstn /government/legislative_session/members./government/government_position_held/legislative_sessions /m/01grrf 0 1 0 0
/m/043djx /government/legislative_session/members./government/government_position_held/legislative_sessions /m/01h7xx 1 1 0 0
/m/01gtdd /government/legislative_session/members./government/government_position_held/legislative_sessions /m/01gsvb 1 1 0 1
/m/01gstn /government/legislative_session/members./government/government_position_held/legislative_sessions /m/01gt99 1 1 0 1
/m/02bqmq /government/legislative_session/members./government/government_position_held/legislative_sessions /m/02bp37 0 1 0 1
/m/06f0dc /government/legislative_session/members./government/government_position_held/legislative_sessions /m/02glc4 1 1 0 1
/m/02bn_p /government/legislative_session/members./government/government_position_held/legislative_sessions /m/070m6c 1 1 0 1
pca confidence sum
/m/043djx /government/legislative_session/members./government/government_position_held/legislative_sessions /m/01gsvp 0 1 0 0
/m/03ww_x /government/legislative_session/members./government/government_position_held/legislative_sessions /m/02bn_p 0 1 0 1
/m/03ww_x /government/legislative_session/members./government/government_position_held/legislative_sessions /m/077g7n 0 1 0 0
/m/01gtc0 /government/legislative_session/members./government/government_position_held/legislative_sessions /m/01gstn 0 1 0 0
/m/06f0dc /government/legislative_session/members./government/government_position_held/legislative_sessions /m/024tcq 1 1 0 0
/m/0495ys /government/legislative_session/members./government/government_position_held/legislative_sessions /m/02bn_p 0 1 0 1
/m/01gt99 /government/legislative_session/members./government/government_position_held/legislative_sessions /m/01gtc0 1 1 0 0
/m/01grpc /government/legislative_session/members./government/government_position_held/legislative_sessions /m/01gsrl 0 1 0 0
/m/06f0dc /government/legislative_session/members./government/government_position_held/legislative_sessions /m/03rtmz 1 1 0 1
/m/032ft5 /government/legislative_session/members./government/government_position_held/legislative_sessions /m/02cg7g 0 1 0 0
/m/02bp37 /government/legislative_session/members./government/government_position_held/legislative_sessions /m/070mff 0 1 0 1
/m/01h7xx /government/legislative_session/members./government/government_position_held/legislative_sessions /m/043djx 1 1 0 0
/m/01gssm /government/legislative_session/members./government/government_position_held/legislative_sessions /m/01gssz 0 1 0 0
/m/02bp37 /government/legislative_session/members./government/government_position_held/legislative_sessions /m/02bn_p 0 1 0 1
/m/01gst9 /government/legislative_session/members./government/government_position_held/legislative_sessions /m/01gssm 1 1 0 1
/m/02cg7g /government/legislative_session/members./government/government_position_held/legislative_sessions /m/02bqn1 1 1 0 1
/m/02cg7g /government/legislative_session/members./government/government_position_held/legislative_sessions /m/070mff 1 1 0 1
/m/01gsvb /government/legislative_session/members./government/government_position_held/legislative_sessions /m/01gtc0 1 1 0 0
/m/01gst9 /government/legislative_session/members./government/government_position_held/legislative_sessions /m/01grr2 1 1 0 0
/m/024tkd /government/legislative_session/members./government/government_position_held/legislative_sessions /m/02glc4 1 1 0 1
/m/04gp1d /government/legislative_session/members./government/government_position_held/legislative_sessions /m/02bqn1 0 1 0 0
/m/06f0dc /government/legislative_session/members./government/government_position_held/legislative_sessions /m/03z5xd 1 1 0 1
/m/02cg7g /government/legislative_session/members./government/government_position_held/legislative_sessions /m/02bp37 1 1 0 1
/m/04h1rz /government/legislative_session/members./government/government_position_held/legislative_sessions /m/03tcbx 0 1 0 0
/m/03tcbx /government/legislative_session/members./government/government_position_held/legislative_sessions /m/0495ys 0 1 0 1
/m/02bn_p /government/legislative_session/members./government/government_position_held/legislative_sessions /m/077g7n 1 1 0 1
/m/01gsrl /government/legislative_session/members./government/government_position_held/legislative_sessions /m/01grpc 1 1 0 0
/m/01grr2 /government/legislative_session/members./government/government_position_held/legislative_sessions /m/01grpq 1 1 0 0
/m/04gp1d /government/legislative_session/members./government/government_position_held/legislative_sessions /m/03ww_x 0 1 0 0
/m/04gp1d /government/legislative_session/members./government/government_position_held/legislative_sessions /m/02bn_p 0 1 0 0
/m/03z5xd /government/legislative_session/members./government/government_position_held/legislative_sessions /m/024tkd 0 1 0 0
/m/07p__7 /government/legislative_session/members./government/government_position_held/legislative_sessions /m/04h1rz 1 1 0 1
/m/02bqmq /government/legislative_session/members./government/government_position_held/legislative_sessions /m/070mff 1 1 0 1
/m/02bp37 /government/legislative_session/members./government/government_position_held/legislative_sessions /m/05l2z4 0 1 0 1
/m/060ny2 /government/legislative_session/members./government/government_position_held/legislative_sessions /m/02cg7g 0 1 0 0
/m/070m6c /government/legislative_session/members./government/government_position_held/legislative_sessions /m/03z5xd 1 1 1 1
/m/06r713 /government/legislative_session/members./government/government_position_held/legislative_sessions /m/060ny2 0 1 0 0
/m/04gp1d /government/legislative_session/members./government/government_position_held/legislative_sessions /m/02cg7g 0 1 0 0
/m/02bqmq /government/legislative_session/members./government/government_position_held/legislative_sessions /m/02cg7g 1 1 0 1
/m/06r713 /government/legislative_session/members./government/government_position_held/legislative_sessions /m/024tkd 0 1 0 0
/m/01grqd /government/legislative_session/members./government/government_position_held/legislative_sessions /m/01grp0 1 1 0 0
/m/01grrf /government/legislative_session/members./government/government_position_held/legislative_sessions /m/01gssm 0 1 0 0
/m/07p__7 /government/legislative_session/members./government/government_position_held/legislative_sessions /m/032ft5 1 1 0 1
/m/01gssz /government/legislative_session/members./government/government_position_held/legislative_sessions /m/01gsrl 0 1 0 0
/m/01gtcq /government/legislative_session/members./government/government_position_held/legislative_sessions /m/01h7xx 1 1 1 1
/m/070mff /government/legislative_session/members./government/government_position_held/legislative_sessions /m/02gkzs 0 1 0 0
/m/01gt99 /government/legislative_session/members./government/government_position_held/legislative_sessions /m/01gssz 1 1 0 1
/m/032ft5 /government/legislative_session/members./government/government_position_held/legislative_sessions /m/070mff 0 1 0 0
/m/01gtbb /government/legislative_session/members./government/government_position_held/legislative_sessions /m/01h7xx 1 1 0 0
/m/03ww_x /government/legislative_session/members./government/government_position_held/legislative_sessions /m/02gkzs 0 1 0 0
/m/024tcq /government/legislative_session/members./government/government_position_held/legislative_sessions /m/06r713 1 1 0 1
/m/077g7n /government/legislative_session/members./government/government_position_held/legislative_sessions /m/02bqm0 0 1 0 0
/m/04lgybj /government/legislative_session/members./government/government_position_held/legislative_sessions /m/04fhps 1 1 0 0
/m/01grrf /government/legislative_session/members./government/government_position_held/legislative_sessions /m/01gssz 1 1 0 0
/m/02bqm0 /government/legislative_session/members./government/government_position_held/legislative_sessions /m/07p__7 0 1 0 0
/m/01gsvb /government/legislative_session/members./government/government_position_held/legislative_sessions /m/01gsrl 0 1 0 0
/m/01h7xx /government/legislative_session/members./government/government_position_held/legislative_sessions /m/01gt99 1 1 0 0
/m/03ww_x /government/legislative_session/members./government/government_position_held/legislative_sessions /m/0495ys 0 1 0 1
/m/02glc4 /government/legislative_session/members./government/government_position_held/legislative_sessions /m/02bn_p 0 1 0 1
/m/02bqn1 /government/legislative_session/members./government/government_position_held/legislative_sessions /m/03z5xd 0 1 0 1
/m/024tkd /government/legislative_session/members./government/government_position_held/legislative_sessions /m/04gp1d 1 1 0 1
/m/03tcbx /government/legislative_session/members./government/government_position_held/legislative_sessions /m/02cg7g 0 1 0 0
/m/05l2z4 /government/legislative_session/members./government/government_position_held/legislative_sessions /m/032ft5 0 1 0 0
/m/01gtdd /government/legislative_session/members./government/government_position_held/legislative_sessions /m/01gtbb 1 1 0 1
/m/02cg7g /government/legislative_session/members./government/government_position_held/legislative_sessions /m/02bn_p 0 1 0 1
/m/02bqmq /government/legislative_session/members./government/government_position_held/legislative_sessions /m/06r713 1 1 0 1
/m/03tcbx /government/legislative_session/members./government/government_position_held/legislative_sessions /m/05l2z4 0 1 0 0
/m/02bn_p /government/legislative_session/members./government/government_position_held/legislative_sessions /m/04gp1d 0 1 0 1
/m/077g7n /government/legislative_session/members./government/government_position_held/legislative_sessions /m/02bqn1 0 1 0 0
/m/02bqn1 /government/legislative_session/members./government/government_position_held/legislative_sessions /m/02glc4 1 1 0 1
/m/06r713 /government/legislative_session/members./government/government_position_held/legislative_sessions /m/02bqm0 0 1 0 0
/m/01grpq /government/legislative_session/members./government/government_position_held/legislative_sessions /m/01grqd 1 1 0 1
/m/02bqm0 /government/legislative_session/members./government/government_position_held/legislative_sessions /m/02glc4 0 1 0 1
/m/03z5xd /government/legislative_session/members./government/government_position_held/legislative_sessions /m/02glc4 0 1 0 1
/m/05l2z4 /government/legislative_session/members./government/government_position_held/legislative_sessions /m/024tkd 0 1 0 0
/m/04h1rz /government/legislative_session/members./government/government_position_held/legislative_sessions /m/032ft5 0 1 0 0
/m/04h1rz /government/legislative_session/members./government/government_position_held/legislative_sessions /m/04gp1d 0 1 0 0
/m/01gst9 /government/legislative_session/members./government/government_position_held/legislative_sessions /m/01gsrl 1 1 0 0
/m/03ww_x /government/legislative_session/members./government/government_position_held/legislative_sessions /m/02bqn1 0 1 0 0
/m/01grq1 /government/legislative_session/members./government/government_position_held/legislative_sessions /m/01grr2 0 1 0 0
/m/03rl1g /government/legislative_session/members./government/government_position_held/legislative_sessions /m/01h7xx 1 1 0 0
/m/024tkd /government/legislative_session/members./government/government_position_held/legislative_sessions /m/02bn_p 1 1 0 1
/m/01grrf /government/legislative_session/members./government/government_position_held/legislative_sessions /m/01grpq 1 1 0 0
/m/01gsvb /government/legislative_session/members./government/government_position_held/legislative_sessions /m/01gssz 1 1 0 1
/m/01gtdd /government/legislative_session/members./government/government_position_held/legislative_sessions /m/01gsvp 0 1 0 0
/m/070mff /government/legislative_session/members./government/government_position_held/legislative_sessions /m/024tcq 0 1 0 0
/m/01gtcc /government/legislative_session/members./government/government_position_held/legislative_sessions /m/01gtdd 0 1 0 0
/m/024tcq /government/legislative_session/members./government/government_position_held/legislative_sessions /m/02bp37 1 1 0 1
/m/01grrf /government/legislative_session/members./government/government_position_held/legislative_sessions /m/01gsry 0 1 0 0
/m/01grpc /government/legislative_session/members./government/government_position_held/legislative_sessions /m/01grq1 1 1 0 1
/m/01gstn /government/legislative_session/members./government/government_position_held/legislative_sessions /m/01grrf 1 1 0 0
/m/043djx /government/legislative_session/members./government/government_position_held/legislative_sessions /m/01h7xx 1 1 0 0
/m/01gtdd /government/legislative_session/members./government/government_position_held/legislative_sessions /m/01gsvb 0 1 0 0
/m/01gstn /government/legislative_session/members./government/government_position_held/legislative_sessions /m/01gt99 0 1 0 0
/m/02bqmq /government/legislative_session/members./government/government_position_held/legislative_sessions /m/02bp37 1 1 0 1
/m/06f0dc /government/legislative_session/members./government/government_position_held/legislative_sessions /m/02glc4 1 1 0 1
/m/02bn_p /government/legislative_session/members./government/government_position_held/legislative_sessions /m/070m6c 0 1 0 0
std confidence sum
/m/043djx /government/legislative_session/members./government/government_position_held/legislative_sessions /m/01gsvp 0 1 0 0
/m/03ww_x /government/legislative_session/members./government/government_position_held/legislative_sessions /m/02bn_p 0 1 0 1
/m/03ww_x /government/legislative_session/members./government/government_position_held/legislative_sessions /m/077g7n 0 1 0 0
/m/01gtc0 /government/legislative_session/members./government/government_position_held/legislative_sessions /m/01gstn 0 1 0 0
/m/06f0dc /government/legislative_session/members./government/government_position_held/legislative_sessions /m/024tcq 1 1 0 0
/m/0495ys /government/legislative_session/members./government/government_position_held/legislative_sessions /m/02bn_p 0 1 0 1
/m/01gt99 /government/legislative_session/members./government/government_position_held/legislative_sessions /m/01gtc0 1 1 0 0
/m/01grpc /government/legislative_session/members./government/government_position_held/legislative_sessions /m/01gsrl 0 1 0 0
/m/06f0dc /government/legislative_session/members./government/government_position_held/legislative_sessions /m/03rtmz 1 1 0 1
/m/032ft5 /government/legislative_session/members./government/government_position_held/legislative_sessions /m/02cg7g 0 1 0 0
/m/02bp37 /government/legislative_session/members./government/government_position_held/legislative_sessions /m/070mff 0 1 0 1
/m/01h7xx /government/legislative_session/members./government/government_position_held/legislative_sessions /m/043djx 1 1 0 0
/m/01gssm /government/legislative_session/members./government/government_position_held/legislative_sessions /m/01gssz 0 1 0 0
/m/02bp37 /government/legislative_session/members./government/government_position_held/legislative_sessions /m/02bn_p 0 1 0 1
/m/01gst9 /government/legislative_session/members./government/government_position_held/legislative_sessions /m/01gssm 1 1 0 1
/m/02cg7g /government/legislative_session/members./government/government_position_held/legislative_sessions /m/02bqn1 1 1 0 1
/m/02cg7g /government/legislative_session/members./government/government_position_held/legislative_sessions /m/070mff 1 1 0 1
/m/01gsvb /government/legislative_session/members./government/government_position_held/legislative_sessions /m/01gtc0 1 1 0 0
/m/01gst9 /government/legislative_session/members./government/government_position_held/legislative_sessions /m/01grr2 1 1 0 0
/m/024tkd /government/legislative_session/members./government/government_position_held/legislative_sessions /m/02glc4 1 1 0 1
/m/04gp1d /government/legislative_session/members./government/government_position_held/legislative_sessions /m/02bqn1 0 1 0 0
/m/06f0dc /government/legislative_session/members./government/government_position_held/legislative_sessions /m/03z5xd 1 1 0 1
/m/02cg7g /government/legislative_session/members./government/government_position_held/legislative_sessions /m/02bp37 1 1 0 1
/m/04h1rz /government/legislative_session/members./government/government_position_held/legislative_sessions /m/03tcbx 0 1 0 0
/m/03tcbx /government/legislative_session/members./government/government_position_held/legislative_sessions /m/0495ys 0 1 0 1
/m/02bn_p /government/legislative_session/members./government/government_position_held/legislative_sessions /m/077g7n 1 1 0 1
/m/01gsrl /government/legislative_session/members./government/government_position_held/legislative_sessions /m/01grpc 1 1 0 0
/m/01grr2 /government/legislative_session/members./government/government_position_held/legislative_sessions /m/01grpq 1 1 0 0
/m/04gp1d /government/legislative_session/members./government/government_position_held/legislative_sessions /m/03ww_x 0 1 0 0
/m/04gp1d /government/legislative_session/members./government/government_position_held/legislative_sessions /m/02bn_p 0 1 0 0
/m/03z5xd /government/legislative_session/members./government/government_position_held/legislative_sessions /m/024tkd 0 1 0 0
/m/07p__7 /government/legislative_session/members./government/government_position_held/legislative_sessions /m/04h1rz 1 1 0 1
/m/02bqmq /government/legislative_session/members./government/government_position_held/legislative_sessions /m/070mff 1 1 0 1
/m/02bp37 /government/legislative_session/members./government/government_position_held/legislative_sessions /m/05l2z4 0 1 0 1
/m/060ny2 /government/legislative_session/members./government/government_position_held/legislative_sessions /m/02cg7g 0 1 0 0
/m/070m6c /government/legislative_session/members./government/government_position_held/legislative_sessions /m/03z5xd 1 1 1 1
/m/06r713 /government/legislative_session/members./government/government_position_held/legislative_sessions /m/060ny2 0 1 0 0
/m/04gp1d /government/legislative_session/members./government/government_position_held/legislative_sessions /m/02cg7g 0 1 0 0
/m/02bqmq /government/legislative_session/members./government/government_position_held/legislative_sessions /m/02cg7g 1 1 0 1
/m/06r713 /government/legislative_session/members./government/government_position_held/legislative_sessions /m/024tkd 0 1 0 0
/m/01grqd /government/legislative_session/members./government/government_position_held/legislative_sessions /m/01grp0 1 1 0 0
/m/01grrf /government/legislative_session/members./government/government_position_held/legislative_sessions /m/01gssm 0 1 0 0
/m/07p__7 /government/legislative_session/members./government/government_position_held/legislative_sessions /m/032ft5 1 1 0 1
/m/01gssz /government/legislative_session/members./government/government_position_held/legislative_sessions /m/01gsrl 0 1 0 0
/m/01gtcq /government/legislative_session/members./government/government_position_held/legislative_sessions /m/01h7xx 1 1 1 1
/m/070mff /government/legislative_session/members./government/government_position_held/legislative_sessions /m/02gkzs 0 1 0 0
/m/01gt99 /government/legislative_session/members./government/government_position_held/legislative_sessions /m/01gssz 1 1 0 1
/m/032ft5 /government/legislative_session/members./government/government_position_held/legislative_sessions /m/070mff 0 1 0 0
/m/01gtbb /government/legislative_session/members./government/government_position_held/legislative_sessions /m/01h7xx 1 1 0 0
/m/03ww_x /government/legislative_session/members./government/government_position_held/legislative_sessions /m/02gkzs 0 1 0 0
/m/024tcq /government/legislative_session/members./government/government_position_held/legislative_sessions /m/06r713 1 1 0 1
/m/077g7n /government/legislative_session/members./government/government_position_held/legislative_sessions /m/02bqm0 0 1 0 0
/m/04lgybj /government/legislative_session/members./government/government_position_held/legislative_sessions /m/04fhps 1 1 0 0
/m/01grrf /government/legislative_session/members./government/government_position_held/legislative_sessions /m/01gssz 1 1 0 0
/m/02bqm0 /government/legislative_session/members./government/government_position_held/legislative_sessions /m/07p__7 0 1 0 0
/m/01gsvb /government/legislative_session/members./government/government_position_held/legislative_sessions /m/01gsrl 0 1 0 0
/m/01h7xx /government/legislative_session/members./government/government_position_held/legislative_sessions /m/01gt99 1 1 0 0
/m/03ww_x /government/legislative_session/members./government/government_position_held/legislative_sessions /m/0495ys 0 1 0 1
/m/02glc4 /government/legislative_session/members./government/government_position_held/legislative_sessions /m/02bn_p 0 1 0 1
/m/02bqn1 /government/legislative_session/members./government/government_position_held/legislative_sessions /m/03z5xd 0 1 0 1
/m/024tkd /government/legislative_session/members./government/government_position_held/legislative_sessions /m/04gp1d 1 1 0 1
/m/03tcbx /government/legislative_session/members./government/government_position_held/legislative_sessions /m/02cg7g 0 1 0 0
/m/05l2z4 /government/legislative_session/members./government/government_position_held/legislative_sessions /m/032ft5 0 1 0 0
/m/01gtdd /government/legislative_session/members./government/government_position_held/legislative_sessions /m/01gtbb 1 1 0 1
/m/02cg7g /government/legislative_session/members./government/government_position_held/legislative_sessions /m/02bn_p 0 1 0 1
/m/02bqmq /government/legislative_session/members./government/government_position_held/legislative_sessions /m/06r713 1 1 0 1
/m/03tcbx /government/legislative_session/members./government/government_position_held/legislative_sessions /m/05l2z4 0 1 0 0
/m/02bn_p /government/legislative_session/members./government/government_position_held/legislative_sessions /m/04gp1d 0 1 0 1
/m/077g7n /government/legislative_session/members./government/government_position_held/legislative_sessions /m/02bqn1 0 1 0 0
/m/02bqn1 /government/legislative_session/members./government/government_position_held/legislative_sessions /m/02glc4 1 1 0 1
/m/06r713 /government/legislative_session/members./government/government_position_held/legislative_sessions /m/02bqm0 0 1 0 0
/m/01grpq /government/legislative_session/members./government/government_position_held/legislative_sessions /m/01grqd 1 1 0 1
/m/02bqm0 /government/legislative_session/members./government/government_position_held/legislative_sessions /m/02glc4 0 1 0 1
/m/03z5xd /government/legislative_session/members./government/government_position_held/legislative_sessions /m/02glc4 0 1 0 1
/m/05l2z4 /government/legislative_session/members./government/government_position_held/legislative_sessions /m/024tkd 0 1 0 0
/m/04h1rz /government/legislative_session/members./government/government_position_held/legislative_sessions /m/032ft5 0 1 0 0
/m/04h1rz /government/legislative_session/members./government/government_position_held/legislative_sessions /m/04gp1d 0 1 0 0
/m/01gst9 /government/legislative_session/members./government/government_position_held/legislative_sessions /m/01gsrl 1 1 0 0
/m/03ww_x /government/legislative_session/members./government/government_position_held/legislative_sessions /m/02bqn1 0 1 0 0
/m/01grq1 /government/legislative_session/members./government/government_position_held/legislative_sessions /m/01grr2 0 1 0 0
/m/03rl1g /government/legislative_session/members./government/government_position_held/legislative_sessions /m/01h7xx 1 1 0 0
/m/024tkd /government/legislative_session/members./government/government_position_held/legislative_sessions /m/02bn_p 1 1 0 1
/m/01grrf /government/legislative_session/members./government/government_position_held/legislative_sessions /m/01grpq 1 1 0 0
/m/01gsvb /government/legislative_session/members./government/government_position_held/legislative_sessions /m/01gssz 1 1 0 1
/m/01gtdd /government/legislative_session/members./government/government_position_held/legislative_sessions /m/01gsvp 0 1 0 0
/m/070mff /government/legislative_session/members./government/government_position_held/legislative_sessions /m/024tcq 0 1 0 0
/m/01gtcc /government/legislative_session/members./government/government_position_held/legislative_sessions /m/01gtdd 0 1 0 0
/m/024tcq /government/legislative_session/members./government/government_position_held/legislative_sessions /m/02bp37 1 1 0 1
/m/01grrf /government/legislative_session/members./government/government_position_held/legislative_sessions /m/01gsry 0 1 0 0
/m/01grpc /government/legislative_session/members./government/government_position_held/legislative_sessions /m/01grq1 1 1 0 1
/m/01gstn /government/legislative_session/members./government/government_position_held/legislative_sessions /m/01grrf 1 1 0 0
/m/043djx /government/legislative_session/members./government/government_position_held/legislative_sessions /m/01h7xx 1 1 0 0
/m/01gtdd /government/legislative_session/members./government/government_position_held/legislative_sessions /m/01gsvb 0 1 0 0
/m/01gstn /government/legislative_session/members./government/government_position_held/legislative_sessions /m/01gt99 0 1 0 0
/m/02bqmq /government/legislative_session/members./government/government_position_held/legislative_sessions /m/02bp37 1 1 0 1
/m/06f0dc /government/legislative_session/members./government/government_position_held/legislative_sessions /m/02glc4 1 1 0 1
/m/02bn_p /government/legislative_session/members./government/government_position_held/legislative_sessions /m/070m6c 0 1 0 0
