pca confidence count
/m/06yxd /government/political_district/representatives./government/government_position_held/jurisdiction_of_office /m/09c7w0 0 1 0 1
/m/0g39h /government/political_district/representatives./government/government_position_held/jurisdiction_of_office /m/0chghy 1 1 0 1
/m/0d0x8 /government/political_district/representatives./government/government_position_held/jurisdiction_of_office /m/09c7w0 0 1 0 1
/m/0hjy /government/political_district/representatives./government/government_position_held/jurisdiction_of_office /m/09c7w0 0 1 0 0
/m/0gyh /government/political_district/representatives./government/government_position_held/jurisdiction_of_office /m/09c7w0 0 1 0 1
/m/05r4w /government/political_district/representatives./government/government_position_held/jurisdiction_of_office /m/02jxk 1 1 0 0
/m/05fky /government/political_district/representatives./government/government_position_held/jurisdiction_of_office /m/09c7w0 0 1 0 1
/m/026mj /government/political_district/representatives./government/government_position_held/jurisdiction_of_office /m/09c7w0 0 1 0 1
/m/06mtq /government/political_district/representatives./government/government_position_held/jurisdiction_of_office /m/0chghy 1 1 0 1
/m/07z1m /government/political_district/representatives./government/government_position_held/jurisdiction_of_office /m/09c7w0 1 1 0 1
/m/059_c /government/political_district/representatives./government/government_position_held/jurisdiction_of_office /m/09c7w0 0 1 0 1
std confidence count
/m/06yxd /government/political_district/representatives./government/government_position_held/jurisdiction_of_office /m/09c7w0 0 1 0 1
/m/0g39h /government/political_district/representatives./government/government_position_held/jurisdiction_of_office /m/0chghy 1 1 0 1
/m/0d0x8 /government/political_district/representatives./government/government_position_held/jurisdiction_of_office /m/09c7w0 0 1 0 1
/m/0hjy /government/political_district/representatives./government/government_position_held/jurisdiction_of_office /m/09c7w0 0 1 0 0
/m/0gyh /government/political_district/representatives./government/government_position_held/jurisdiction_of_office /m/09c7w0 0 1 0 1
/m/05r4w /government/political_district/representatives./government/government_position_held/jurisdiction_of_office /m/02jxk 1 1 0 1
/m/05fky /government/political_district/representatives./government/government_position_held/jurisdiction_of_office /m/09c7w0 0 1 0 1
/m/026mj /government/political_district/representatives./government/government_position_held/jurisdiction_of_office /m/09c7w0 0 1 0 1
/m/06mtq /government/political_district/representatives./government/government_position_held/jurisdiction_of_office /m/0chghy 1 1 0 1
/m/07z1m /government/political_district/representatives./government/government_position_held/jurisdiction_of_office /m/09c7w0 0 1 0 1
/m/059_c /government/political_district/representatives./government/government_position_held/jurisdiction_of_office /m/09c7w0 0 1 0 1
pca confidence sum
/m/06yxd /government/political_district/representatives./government/government_position_held/jurisdiction_of_office /m/09c7w0 0 1 0 1
/m/0g39h /government/political_district/representatives./government/government_position_held/jurisdiction_of_office /m/0chghy 1 1 0 1
/m/0d0x8 /government/political_district/representatives./government/government_position_held/jurisdiction_of_office /m/09c7w0 0 1 0 1
/m/0hjy /government/political_district/representatives./government/government_position_held/jurisdiction_of_office /m/09c7w0 0 1 0 0
/m/0gyh /government/political_district/representatives./government/government_position_held/jurisdiction_of_office /m/09c7w0 0 1 0 1
/m/05r4w /government/political_district/representatives./government/government_position_held/jurisdiction_of_office /m/02jxk 1 1 0 0
/m/05fky /government/political_district/representatives./government/government_position_held/jurisdiction_of_office /m/09c7w0 0 1 0 1
/m/026mj /government/political_district/representatives./government/government_position_held/jurisdiction_of_office /m/09c7w0 0 1 0 1
/m/06mtq /government/political_district/representatives./government/government_position_held/jurisdiction_of_office /m/0chghy 1 1 0 1
/m/07z1m /government/political_district/representatives./government/government_position_held/jurisdiction_of_office /m/09c7w0 1 1 0 1
/m/059_c /government/political_district/representatives./government/government_position_held/jurisdiction_of_office /m/09c7w0 0 1 0 1
std confidence sum
/m/06yxd /government/political_district/representatives./government/government_position_held/jurisdiction_of_office /m/09c7w0 0 1 0 1
/m/0g39h /government/political_district/representatives./government/government_position_held/jurisdiction_of_office /m/0chghy 1 1 0 1
/m/0d0x8 /government/political_district/representatives./government/government_position_held/jurisdiction_of_office /m/09c7w0 0 1 0 1
/m/0hjy /government/political_district/representatives./government/government_position_held/jurisdiction_of_office /m/09c7w0 0 1 0 1
/m/0gyh /government/political_district/representatives./government/government_position_held/jurisdiction_of_office /m/09c7w0 0 1 0 1
/m/05r4w /government/political_district/representatives./government/government_position_held/jurisdiction_of_office /m/02jxk 1 1 0 0
/m/05fky /government/political_district/representatives./government/government_position_held/jurisdiction_of_office /m/09c7w0 0 1 0 1
/m/026mj /government/political_district/representatives./government/government_position_held/jurisdiction_of_office /m/09c7w0 0 1 0 1
/m/06mtq /government/political_district/representatives./government/government_position_held/jurisdiction_of_office /m/0chghy 1 1 0 1
/m/07z1m /government/political_district/representatives./government/government_position_held/jurisdiction_of_office /m/09c7w0 0 1 0 1
/m/059_c /government/political_district/representatives./government/government_position_held/jurisdiction_of_office /m/09c7w0 0 1 0 1
