pca confidence count
/m/0j5g9 /location/country/languages_spoken /m/02h40lc 0 1 0 0
/m/0697s /location/country/languages_spoken /m/02hxcvy 0 1 0 0
/m/06npd /location/country/languages_spoken /m/02ztjwg 1 1 0 1
/m/0h44w /location/country/languages_spoken /m/03hkp 1 1 0 0
/m/06s9y /location/country/languages_spoken /m/02h40lc 0 0 0 0
/m/059j2 /location/country/languages_spoken /m/02bv9 1 1 1 1
/m/0d060g /location/country/languages_spoken /m/05zjd 0 1 0 0
/m/04hhv /location/country/languages_spoken /m/02h40lc 0 0 0 0
/m/035v3 /location/country/languages_spoken /m/0295r 1 1 0 0
/m/06mzp /location/country/languages_spoken /m/02bjrlw 0 0 0 0
/m/035hm /location/country/languages_spoken /m/02h40lc 0 0 0 0
/m/0163v /location/country/languages_spoken /m/06b_j 1 1 0 0
/m/02k1b /location/country/languages_spoken /m/06nm1 0 1 0 0
/m/07z5n /location/country/languages_spoken /m/02h40lc 0 0 0 0
/m/03rk0 /location/country/languages_spoken /m/0121sr 1 1 0 0
/m/04gqr /location/country/languages_spoken /m/0jzc 0 0 0 0
/m/02jx1 /location/country/languages_spoken /m/02h40lc 0 1 0 0
/m/01ls2 /location/country/languages_spoken /m/06nm1 1 1 0 0
/m/01mjq /location/country/languages_spoken /m/0cjk9 1 1 0 0
/m/06v36 /location/country/languages_spoken /m/02h40lc 0 0 0 0
/m/02k8k /location/country/languages_spoken /m/06nm1 0 1 0 0
/m/06nnj /location/country/languages_spoken /m/02bv9 0 0 0 0
/m/0d060g /location/country/languages_spoken /m/01r2l 0 1 0 0
/m/082fr /location/country/languages_spoken /m/04306rv 0 0 0 0
/m/06sw9 /location/country/languages_spoken /m/064_8sq 0 0 0 0
/m/06c1y /location/country/languages_spoken /m/02ztjwg 0 0 0 0
/m/07dzf /location/country/languages_spoken /m/0jzc 0 0 0 0
/m/0jdd /location/country/languages_spoken /m/032f6 1 1 0 0
/m/06t2t /location/country/languages_spoken /m/07c9s 0 0 0 0
/m/05sb1 /location/country/languages_spoken /m/0swlx 1 1 0 0
/m/05b4w /location/country/languages_spoken /m/05f_3 1 1 1 1
/m/0j1z8 /location/country/languages_spoken /m/0jzc 1 1 0 1
/m/04vjh /location/country/languages_spoken /m/0jzc 0 0 0 0
/m/0d060g /location/country/languages_spoken /m/0688f 0 0 0 0
/m/0d060g /location/country/languages_spoken /m/06nm1 0 0 0 0
/m/01mjq /location/country/languages_spoken /m/0k0sb 1 1 0 0
/m/04thp /location/country/languages_spoken /m/0459q4 1 1 0 1
/m/05bmq /location/country/languages_spoken /m/02h40lc 0 0 0 0
/m/06sff /location/country/languages_spoken /m/02bjrlw 0 0 0 0
/m/09pmkv /location/country/languages_spoken /m/07c9s 0 1 0 0
/m/06dfg /location/country/languages_spoken /m/071fb 0 1 0 0
std confidence count
/m/0j5g9 /location/country/languages_spoken /m/02h40lc 0 1 0 0
/m/0697s /location/country/languages_spoken /m/02hxcvy 1 1 0 1
/m/06npd /location/country/languages_spoken /m/02ztjwg 1 1 0 1
/m/0h44w /location/country/languages_spoken /m/03hkp 1 1 1 1
/m/06s9y /location/country/languages_spoken /m/02h40lc 0 1 0 0
/m/059j2 /location/country/languages_spoken /m/02bv9 1 1 0 1
/m/0d060g /location/country/languages_spoken /m/05zjd 0 1 0 1
/m/04hhv /location/country/languages_spoken /m/02h40lc 0 1 0 0
/m/035v3 /location/country/languages_spoken /m/0295r 1 1 1 1
/m/06mzp /location/country/languages_spoken /m/02bjrlw 1 1 0 1
/m/035hm /location/country/languages_spoken /m/02h40lc 0 1 0 0
/m/0163v /location/country/languages_spoken /m/06b_j 1 1 0 1
/m/02k1b /location/country/languages_spoken /m/06nm1 0 1 0 1
/m/07z5n /location/country/languages_spoken /m/02h40lc 0 1 0 0
/m/03rk0 /location/country/languages_spoken /m/0121sr 1 1 1 1
/m/04gqr /location/country/languages_spoken /m/0jzc 0 1 0 0
/m/02jx1 /location/country/languages_spoken /m/02h40lc 0 1 0 0
/m/01ls2 /location/country/languages_spoken /m/06nm1 1 1 0 1
/m/01mjq /location/country/languages_spoken /m/0cjk9 1 1 0 1
/m/06v36 /location/country/languages_spoken /m/02h40lc 0 0 0 0
/m/02k8k /location/country/languages_spoken /m/06nm1 0 1 0 1
/m/06nnj /location/country/languages_spoken /m/02bv9 1 1 0 0
/m/0d060g /location/country/languages_spoken /m/01r2l 1 1 0 1
/m/082fr /location/country/languages_spoken /m/04306rv 0 0 0 0
/m/06sw9 /location/country/languages_spoken /m/064_8sq 0 1 0 1
/m/06c1y /location/country/languages_spoken /m/02ztjwg 1 1 0 0
/m/07dzf /location/country/languages_spoken /m/0jzc 0 1 0 1
/m/0jdd /location/country/languages_spoken /m/032f6 1 1 0 1
/m/06t2t /location/country/languages_spoken /m/07c9s 1 1 0 1
/m/05sb1 /location/country/languages_spoken /m/0swlx 1 1 0 1
/m/05b4w /location/country/languages_spoken /m/05f_3 1 1 1 1
/m/0j1z8 /location/country/languages_spoken /m/0jzc 0 1 0 1
/m/04vjh /location/country/languages_spoken /m/0jzc 0 1 0 1
/m/0d060g /location/country/languages_spoken /m/0688f 0 0 0 0
/m/0d060g /location/country/languages_spoken /m/06nm1 0 1 0 1
/m/01mjq /location/country/languages_spoken /m/0k0sb 1 1 0 1
/m/04thp /location/country/languages_spoken /m/0459q4 1 1 0 1
/m/05bmq /location/country/languages_spoken /m/02h40lc 0 1 0 0
/m/06sff /location/country/languages_spoken /m/02bjrlw 0 0 0 0
/m/09pmkv /location/country/languages_spoken /m/07c9s 1 1 0 1
/m/06dfg /location/country/languages_spoken /m/071fb 1 1 0 1
pca confidence sum
/m/0j5g9 /location/country/languages_spoken /m/02h40lc 0 0 0 0
/m/0697s /location/country/languages_spoken /m/02hxcvy 0 0 0 0
/m/06npd /location/country/languages_spoken /m/02ztjwg 1 1 0 0
/m/0h44w /location/country/languages_spoken /m/03hkp 0 0 0 0
/m/06s9y /location/country/languages_spoken /m/02h40lc 0 0 0 0
/m/059j2 /location/country/languages_spoken /m/02bv9 1 1 0 1
/m/0d060g /location/country/languages_spoken /m/05zjd 0 1 0 0
/m/04hhv /location/country/languages_spoken /m/02h40lc 0 0 0 0
/m/035v3 /location/country/languages_spoken /m/0295r 1 1 0 0
/m/06mzp /location/country/languages_spoken /m/02bjrlw 0 0 0 0
/m/035hm /location/country/languages_spoken /m/02h40lc 0 0 0 0
/m/0163v /location/country/languages_spoken /m/06b_j 0 0 0 0
/m/02k1b /location/country/languages_spoken /m/06nm1 0 0 0 0
/m/07z5n /location/country/languages_spoken /m/02h40lc 0 0 0 0
/m/03rk0 /location/country/languages_spoken /m/0121sr 1 1 0 0
/m/04gqr /location/country/languages_spoken /m/0jzc 0 0 0 0
/m/02jx1 /location/country/languages_spoken /m/02h40lc 0 0 0 0
/m/01ls2 /location/country/languages_spoken /m/06nm1 1 1 0 0
/m/01mjq /location/country/languages_spoken /m/0cjk9 0 1 0 0
/m/06v36 /location/country/languages_spoken /m/02h40lc 0 0 0 0
/m/02k8k /location/country/languages_spoken /m/06nm1 0 0 0 0
/m/06nnj /location/country/languages_spoken /m/02bv9 0 0 0 0
/m/0d060g /location/country/languages_spoken /m/01r2l 0 0 0 0
/m/082fr /location/country/languages_spoken /m/04306rv 0 0 0 0
/m/06sw9 /location/country/languages_spoken /m/064_8sq 0 0 0 0
/m/06c1y /location/country/languages_spoken /m/02ztjwg 0 1 0 0
/m/07dzf /location/country/languages_spoken /m/0jzc 0 0 0 0
/m/0jdd /location/country/languages_spoken /m/032f6 1 1 0 0
/m/06t2t /location/country/languages_spoken /m/07c9s 0 0 0 0
/m/05sb1 /location/country/languages_spoken /m/0swlx 1 1 0 0
/m/05b4w /location/country/languages_spoken /m/05f_3 1 1 0 0
/m/0j1z8 /location/country/languages_spoken /m/0jzc 0 0 0 0
/m/04vjh /location/country/languages_spoken /m/0jzc 0 0 0 0
/m/0d060g /location/country/languages_spoken /m/0688f 0 0 0 0
/m/0d060g /location/country/languages_spoken /m/06nm1 1 1 0 1
/m/01mjq /location/country/languages_spoken /m/0k0sb 0 0 0 0
/m/04thp /location/country/languages_spoken /m/0459q4 1 1 0 0
/m/05bmq /location/country/languages_spoken /m/02h40lc 0 0 0 0
/m/06sff /location/country/languages_spoken /m/02bjrlw 0 0 0 0
/m/09pmkv /location/country/languages_spoken /m/07c9s 0 0 0 0
/m/06dfg /location/country/languages_spoken /m/071fb 1 1 0 1
std confidence sum
/m/0j5g9 /location/country/languages_spoken /m/02h40lc 0 0 0 0
/m/0697s /location/country/languages_spoken /m/02hxcvy 0 1 0 0
/m/06npd /location/country/languages_spoken /m/02ztjwg 1 1 0 0
/m/0h44w /location/country/languages_spoken /m/03hkp 1 1 0 0
/m/06s9y /location/country/languages_spoken /m/02h40lc 0 0 0 0
/m/059j2 /location/country/languages_spoken /m/02bv9 1 1 0 1
/m/0d060g /location/country/languages_spoken /m/05zjd 0 1 0 0
/m/04hhv /location/country/languages_spoken /m/02h40lc 0 0 0 0
/m/035v3 /location/country/languages_spoken /m/0295r 1 1 0 0
/m/06mzp /location/country/languages_spoken /m/02bjrlw 0 0 0 0
/m/035hm /location/country/languages_spoken /m/02h40lc 0 0 0 0
/m/0163v /location/country/languages_spoken /m/06b_j 0 0 0 0
/m/02k1b /location/country/languages_spoken /m/06nm1 0 0 0 0
/m/07z5n /location/country/languages_spoken /m/02h40lc 0 0 0 0
/m/03rk0 /location/country/languages_spoken /m/0121sr 1 1 1 1
/m/04gqr /location/country/languages_spoken /m/0jzc 0 0 0 0
/m/02jx1 /location/country/languages_spoken /m/02h40lc 0 0 0 0
/m/01ls2 /location/country/languages_spoken /m/06nm1 0 1 0 0
/m/01mjq /location/country/languages_spoken /m/0cjk9 1 1 0 0
/m/06v36 /location/country/languages_spoken /m/02h40lc 0 0 0 0
/m/02k8k /location/country/languages_spoken /m/06nm1 0 0 0 0
/m/06nnj /location/country/languages_spoken /m/02bv9 0 0 0 0
/m/0d060g /location/country/languages_spoken /m/01r2l 1 1 0 0
/m/082fr /location/country/languages_spoken /m/04306rv 0 0 0 0
/m/06sw9 /location/country/languages_spoken /m/064_8sq 0 0 0 0
/m/06c1y /location/country/languages_spoken /m/02ztjwg 1 1 0 0
/m/07dzf /location/country/languages_spoken /m/0jzc 0 0 0 0
/m/0jdd /location/country/languages_spoken /m/032f6 1 1 0 1
/m/06t2t /location/country/languages_spoken /m/07c9s 0 1 0 0
/m/05sb1 /location/country/languages_spoken /m/0swlx 1 1 0 0
/m/05b4w /location/country/languages_spoken /m/05f_3 1 1 1 1
/m/0j1z8 /location/country/languages_spoken /m/0jzc 0 0 0 0
/m/04vjh /location/country/languages_spoken /m/0jzc 0 0 0 0
/m/0d060g /location/country/languages_spoken /m/0688f 0 0 0 0
/m/0d060g /location/country/languages_spoken /m/06nm1 1 1 0 0
/m/01mjq /location/country/languages_spoken /m/0k0sb 1 1 0 0
/m/04thp /location/country/languages_spoken /m/0459q4 1 1 0 0
/m/05bmq /location/country/languages_spoken /m/02h40lc 0 0 0 0
/m/06sff /location/country/languages_spoken /m/02bjrlw 0 0 0 0
/m/09pmkv /location/country/languages_spoken /m/07c9s 1 1 0 0
/m/06dfg /location/country/languages_spoken /m/071fb 1 1 0 1
