pca confidence count
/m/013m4v /location/location/partially_containedby /m/0ms6_ 1 1 1 1
/m/0fcgd /location/location/partially_containedby /m/01c744 1 1 1 1
/m/0f8l9c /location/location/partially_containedby /m/04swx 1 1 0 1
/m/04yf_ /location/location/partially_containedby /m/0824r 1 1 0 0
/m/0lm0n /location/location/partially_containedby /m/059rby 1 1 1 1
/m/09glw /location/location/partially_containedby /m/07bxhl 1 1 1 1
/m/04yf_ /location/location/partially_containedby /m/03s0w 1 1 0 0
/m/0lm0n /location/location/partially_containedby /m/05rh2 1 1 1 1
/m/04ykz /location/location/partially_containedby /m/04ych 1 1 0 1
/m/02k1b /location/location/partially_containedby /m/05rgl 0 0 0 0
/m/05r4w /location/location/partially_containedby /m/0j3b 1 1 0 0
std confidence count
/m/013m4v /location/location/partially_containedby /m/0ms6_ 1 1 1 1
/m/0fcgd /location/location/partially_containedby /m/01c744 1 1 1 1
/m/0f8l9c /location/location/partially_containedby /m/04swx 1 1 1 1
/m/04yf_ /location/location/partially_containedby /m/0824r 1 1 1 1
/m/0lm0n /location/location/partially_containedby /m/059rby 1 1 1 1
/m/09glw /location/location/partially_containedby /m/07bxhl 1 1 1 1
/m/04yf_ /location/location/partially_containedby /m/03s0w 1 1 0 0
/m/0lm0n /location/location/partially_containedby /m/05rh2 1 1 1 1
/m/04ykz /location/location/partially_containedby /m/04ych 1 1 0 1
/m/02k1b /location/location/partially_containedby /m/05rgl 0 0 0 0
/m/05r4w /location/location/partially_containedby /m/0j3b 1 1 0 1
pca confidence sum
/m/013m4v /location/location/partially_containedby /m/0ms6_ 1 1 0 0
/m/0fcgd /location/location/partially_containedby /m/01c744 1 1 0 0
/m/0f8l9c /location/location/partially_containedby /m/04swx 1 1 0 1
/m/04yf_ /location/location/partially_containedby /m/0824r 1 1 0 0
/m/0lm0n /location/location/partially_containedby /m/059rby 1 1 1 1
/m/09glw /location/location/partially_containedby /m/07bxhl 1 1 1 1
/m/04yf_ /location/location/partially_containedby /m/03s0w 1 1 0 0
/m/0lm0n /location/location/partially_containedby /m/05rh2 1 1 1 1
/m/04ykz /location/location/partially_containedby /m/04ych 1 1 0 0
/m/02k1b /location/location/partially_containedby /m/05rgl 0 0 0 0
/m/05r4w /location/location/partially_containedby /m/0j3b 0 0 0 0
std confidence sum
/m/013m4v /location/location/partially_containedby /m/0ms6_ 1 1 1 1
/m/0fcgd /location/location/partially_containedby /m/01c744 1 1 1 1
/m/0f8l9c /location/location/partially_containedby /m/04swx 1 1 0 1
/m/04yf_ /location/location/partially_containedby /m/0824r 1 1 0 0
/m/0lm0n /location/location/partially_containedby /m/059rby 1 1 1 1
/m/09glw /location/location/partially_containedby /m/07bxhl 1 1 1 1
/m/04yf_ /location/location/partially_containedby /m/03s0w 1 1 0 0
/m/0lm0n /location/location/partially_containedby /m/05rh2 1 1 1 1
/m/04ykz /location/location/partially_containedby /m/04ych 1 1 0 0
/m/02k1b /location/location/partially_containedby /m/05rgl 0 0 0 0
/m/05r4w /location/location/partially_containedby /m/0j3b 1 1 0 0
