pca confidence count
/m/0157g9 /location/location/partially_contains /m/059j2 1 1 1 1
/m/06mkj /location/location/partially_contains /m/065ky 1 1 0 1
/m/0498y /location/location/partially_contains /m/0f2pf9 1 1 1 1
/m/068cn /location/location/partially_contains /m/0fcgd 1 1 1 1
/m/04swx /location/location/partially_contains /m/03rjj 1 1 1 1
/m/03s0w /location/location/partially_contains /m/04yf_ 0 0 0 0
/m/01pj7 /location/location/partially_contains /m/026zt 0 0 0 0
/m/05kj_ /location/location/partially_contains /m/0k3nk 0 0 0 0
/m/05kkh /location/location/partially_contains /m/0lm0n 0 0 0 0
/m/07h34 /location/location/partially_contains /m/02cgp8 1 1 0 1
/m/0157g9 /location/location/partially_contains /m/049nq 1 1 0 0
/m/050l8 /location/location/partially_contains /m/04ykz 1 1 0 1
/m/03v9w /location/location/partially_contains /m/06mkj 1 1 0 0
std confidence count
/m/0157g9 /location/location/partially_contains /m/059j2 1 1 1 1
/m/06mkj /location/location/partially_contains /m/065ky 1 1 0 1
/m/0498y /location/location/partially_contains /m/0f2pf9 1 1 1 1
/m/068cn /location/location/partially_contains /m/0fcgd 1 1 1 1
/m/04swx /location/location/partially_contains /m/03rjj 1 1 1 1
/m/03s0w /location/location/partially_contains /m/04yf_ 0 1 0 0
/m/01pj7 /location/location/partially_contains /m/026zt 1 1 0 1
/m/05kj_ /location/location/partially_contains /m/0k3nk 1 1 0 1
/m/05kkh /location/location/partially_contains /m/0lm0n 0 1 0 1
/m/07h34 /location/location/partially_contains /m/02cgp8 1 1 0 1
/m/0157g9 /location/location/partially_contains /m/049nq 1 1 0 0
/m/050l8 /location/location/partially_contains /m/04ykz 1 1 0 1
/m/03v9w /location/location/partially_contains /m/06mkj 1 1 0 1
pca confidence sum
/m/0157g9 /location/location/partially_contains /m/059j2 1 1 0 0
/m/06mkj /location/location/partially_contains /m/065ky 1 1 0 1
/m/0498y /location/location/partially_contains /m/0f2pf9 1 1 0 0
/m/068cn /location/location/partially_contains /m/0fcgd 1 1 0 0
/m/04swx /location/location/partially_contains /m/03rjj 1 1 1 1
/m/03s0w /location/location/partially_contains /m/04yf_ 0 0 0 0
/m/01pj7 /location/location/partially_contains /m/026zt 0 0 0 0
/m/05kj_ /location/location/partially_contains /m/0k3nk 0 0 0 0
/m/05kkh /location/location/partially_contains /m/0lm0n 0 1 0 0
/m/07h34 /location/location/partially_contains /m/02cgp8 0 1 0 0
/m/0157g9 /location/location/partially_contains /m/049nq 1 1 0 0
/m/050l8 /location/location/partially_contains /m/04ykz 1 1 0 1
/m/03v9w /location/location/partially_contains /m/06mkj 1 1 0 0
std confidence sum
/m/0157g9 /location/location/partially_contains /m/059j2 1 1 1 1
/m/06mkj /location/location/partially_contains /m/065ky 1 1 0 1
/m/0498y /location/location/partially_contains /m/0f2pf9 1 1 0 0
/m/068cn /location/location/partially_contains /m/0fcgd 1 1 1 1
/m/04swx /location/location/partially_contains /m/03rjj 1 1 1 1
/m/03s0w /location/location/partially_contains /m/04yf_ 0 0 0 0
/m/01pj7 /location/location/partially_contains /m/026zt 0 0 0 0
/m/05kj_ /location/location/partially_contains /m/0k3nk 0 0 0 0
/m/05kkh /location/location/partially_contains /m/0lm0n 0 1 0 0
/m/07h34 /location/location/partially_contains /m/02cgp8 0 1 0 0
/m/0157g9 /location/location/partially_contains /m/049nq 1 1 0 0
/m/050l8 /location/location/partially_contains /m/04ykz 1 1 0 0
/m/03v9w /location/location/partially_contains /m/06mkj 1 1 0 1
