pca confidence count
/m/03shp /location/statistical_region/places_exported_to./location/imports_and_exports/exported_to /m/04sj3 0 0 0 0
/m/04hhv /location/statistical_region/places_exported_to./location/imports_and_exports/exported_to /m/0d05w3 1 1 0 0
/m/09c7w0 /location/statistical_region/places_exported_to./location/imports_and_exports/exported_to /m/0d060g 0 0 0 0
/m/088q4 /location/statistical_region/places_exported_to./location/imports_and_exports/exported_to /m/0hzlz 1 1 0 0
/m/0h3y /location/statistical_region/places_exported_to./location/imports_and_exports/exported_to /m/059j2 0 1 0 0
/m/0d05w3 /location/statistical_region/places_exported_to./location/imports_and_exports/exported_to /m/06s_2 0 0 0 0
/m/016zwt /location/statistical_region/places_exported_to./location/imports_and_exports/exported_to /m/03rk0 1 1 0 0
/m/0l3h /location/statistical_region/places_exported_to./location/imports_and_exports/exported_to /m/03rjj 0 0 0 0
/m/05r7t /location/statistical_region/places_exported_to./location/imports_and_exports/exported_to /m/0n3g 1 1 0 0
/m/0853g /location/statistical_region/places_exported_to./location/imports_and_exports/exported_to /m/0d05w3 0 0 0 0
/m/06q1r /location/statistical_region/places_exported_to./location/imports_and_exports/exported_to /m/0154j 0 0 0 0
/m/09c7w0 /location/statistical_region/places_exported_to./location/imports_and_exports/exported_to /m/06mzp 1 1 0 0
/m/0d060g /location/statistical_region/places_exported_to./location/imports_and_exports/exported_to /m/03_3d 0 0 0 0
/m/07dzf /location/statistical_region/places_exported_to./location/imports_and_exports/exported_to /m/0345h 0 0 0 0
/m/0d05w3 /location/statistical_region/places_exported_to./location/imports_and_exports/exported_to /m/01f08r 1 1 0 0
/m/0n3g /location/statistical_region/places_exported_to./location/imports_and_exports/exported_to /m/05r7t 1 1 0 0
/m/0d05w3 /location/statistical_region/places_exported_to./location/imports_and_exports/exported_to /m/027jk 1 1 0 0
/m/0853g /location/statistical_region/places_exported_to./location/imports_and_exports/exported_to /m/0chghy 1 1 0 0
/m/06s_2 /location/statistical_region/places_exported_to./location/imports_and_exports/exported_to /m/09c7w0 0 0 0 0
std confidence count
/m/03shp /location/statistical_region/places_exported_to./location/imports_and_exports/exported_to /m/04sj3 0 0 0 0
/m/04hhv /location/statistical_region/places_exported_to./location/imports_and_exports/exported_to /m/0d05w3 1 1 0 1
/m/09c7w0 /location/statistical_region/places_exported_to./location/imports_and_exports/exported_to /m/0d060g 1 1 1 1
/m/088q4 /location/statistical_region/places_exported_to./location/imports_and_exports/exported_to /m/0hzlz 1 1 0 1
/m/0h3y /location/statistical_region/places_exported_to./location/imports_and_exports/exported_to /m/059j2 1 1 0 1
/m/0d05w3 /location/statistical_region/places_exported_to./location/imports_and_exports/exported_to /m/06s_2 1 1 0 1
/m/016zwt /location/statistical_region/places_exported_to./location/imports_and_exports/exported_to /m/03rk0 1 1 0 1
/m/0l3h /location/statistical_region/places_exported_to./location/imports_and_exports/exported_to /m/03rjj 1 1 0 1
/m/05r7t /location/statistical_region/places_exported_to./location/imports_and_exports/exported_to /m/0n3g 1 1 0 1
/m/0853g /location/statistical_region/places_exported_to./location/imports_and_exports/exported_to /m/0d05w3 0 0 0 0
/m/06q1r /location/statistical_region/places_exported_to./location/imports_and_exports/exported_to /m/0154j 1 1 0 1
/m/09c7w0 /location/statistical_region/places_exported_to./location/imports_and_exports/exported_to /m/06mzp 1 1 1 1
/m/0d060g /location/statistical_region/places_exported_to./location/imports_and_exports/exported_to /m/03_3d 0 1 0 0
/m/07dzf /location/statistical_region/places_exported_to./location/imports_and_exports/exported_to /m/0345h 1 1 0 1
/m/0d05w3 /location/statistical_region/places_exported_to./location/imports_and_exports/exported_to /m/01f08r 1 1 1 1
/m/0n3g /location/statistical_region/places_exported_to./location/imports_and_exports/exported_to /m/05r7t 1 1 1 1
/m/0d05w3 /location/statistical_region/places_exported_to./location/imports_and_exports/exported_to /m/027jk 1 1 1 1
/m/0853g /location/statistical_region/places_exported_to./location/imports_and_exports/exported_to /m/0chghy 1 1 0 1
/m/06s_2 /location/statistical_region/places_exported_to./location/imports_and_exports/exported_to /m/09c7w0 0 1 0 1
pca confidence sum
/m/03shp /location/statistical_region/places_exported_to./location/imports_and_exports/exported_to /m/04sj3 0 0 0 0
/m/04hhv /location/statistical_region/places_exported_to./location/imports_and_exports/exported_to /m/0d05w3 1 1 0 0
/m/09c7w0 /location/statistical_region/places_exported_to./location/imports_and_exports/exported_to /m/0d060g 1 1 1 1
/m/088q4 /location/statistical_region/places_exported_to./location/imports_and_exports/exported_to /m/0hzlz 1 1 0 0
/m/0h3y /location/statistical_region/places_exported_to./location/imports_and_exports/exported_to /m/059j2 0 0 0 0
/m/0d05w3 /location/statistical_region/places_exported_to./location/imports_and_exports/exported_to /m/06s_2 0 0 0 0
/m/016zwt /location/statistical_region/places_exported_to./location/imports_and_exports/exported_to /m/03rk0 1 1 0 1
/m/0l3h /location/statistical_region/places_exported_to./location/imports_and_exports/exported_to /m/03rjj 0 0 0 0
/m/05r7t /location/statistical_region/places_exported_to./location/imports_and_exports/exported_to /m/0n3g 0 0 0 0
/m/0853g /location/statistical_region/places_exported_to./location/imports_and_exports/exported_to /m/0d05w3 0 0 0 0
/m/06q1r /location/statistical_region/places_exported_to./location/imports_and_exports/exported_to /m/0154j 0 0 0 0
/m/09c7w0 /location/statistical_region/places_exported_to./location/imports_and_exports/exported_to /m/06mzp 1 1 0 0
/m/0d060g /location/statistical_region/places_exported_to./location/imports_and_exports/exported_to /m/03_3d 1 1 0 0
/m/07dzf /location/statistical_region/places_exported_to./location/imports_and_exports/exported_to /m/0345h 0 0 0 0
/m/0d05w3 /location/statistical_region/places_exported_to./location/imports_and_exports/exported_to /m/01f08r 1 1 0 0
/m/0n3g /location/statistical_region/places_exported_to./location/imports_and_exports/exported_to /m/05r7t 1 1 1 1
/m/0d05w3 /location/statistical_region/places_exported_to./location/imports_and_exports/exported_to /m/027jk 0 1 0 0
/m/0853g /location/statistical_region/places_exported_to./location/imports_and_exports/exported_to /m/0chghy 0 0 0 0
/m/06s_2 /location/statistical_region/places_exported_to./location/imports_and_exports/exported_to /m/09c7w0 0 0 0 0
std confidence sum
/m/03shp /location/statistical_region/places_exported_to./location/imports_and_exports/exported_to /m/04sj3 0 0 0 0
/m/04hhv /location/statistical_region/places_exported_to./location/imports_and_exports/exported_to /m/0d05w3 1 1 0 1
/m/09c7w0 /location/statistical_region/places_exported_to./location/imports_and_exports/exported_to /m/0d060g 1 1 1 1
/m/088q4 /location/statistical_region/places_exported_to./location/imports_and_exports/exported_to /m/0hzlz 1 1 0 1
/m/0h3y /location/statistical_region/places_exported_to./location/imports_and_exports/exported_to /m/059j2 1 1 0 0
/m/0d05w3 /location/statistical_region/places_exported_to./location/imports_and_exports/exported_to /m/06s_2 0 0 0 0
/m/016zwt /location/statistical_region/places_exported_to./location/imports_and_exports/exported_to /m/03rk0 1 1 0 1
/m/0l3h /location/statistical_region/places_exported_to./location/imports_and_exports/exported_to /m/03rjj 1 1 0 0
/m/05r7t /location/statistical_region/places_exported_to./location/imports_and_exports/exported_to /m/0n3g 1 1 0 1
/m/0853g /location/statistical_region/places_exported_to./location/imports_and_exports/exported_to /m/0d05w3 0 0 0 0
/m/06q1r /location/statistical_region/places_exported_to./location/imports_and_exports/exported_to /m/0154j 1 1 0 1
/m/09c7w0 /location/statistical_region/places_exported_to./location/imports_and_exports/exported_to /m/06mzp 1 1 0 0
/m/0d060g /location/statistical_region/places_exported_to./location/imports_and_exports/exported_to /m/03_3d 1 1 0 0
/m/07dzf /location/statistical_region/places_exported_to./location/imports_and_exports/exported_to /m/0345h 1 1 0 0
/m/0d05w3 /location/statistical_region/places_exported_to./location/imports_and_exports/exported_to /m/01f08r 1 1 0 0
/m/0n3g /location/statistical_region/places_exported_to./location/imports_and_exports/exported_to /m/05r7t 1 1 1 1
/m/0d05w3 /location/statistical_region/places_exported_to./location/imports_and_exports/exported_to /m/027jk 1 1 0 0
/m/0853g /location/statistical_region/places_exported_to./location/imports_and_exports/exported_to /m/0chghy 0 0 0 0
/m/06s_2 /location/statistical_region/places_exported_to./location/imports_and_exports/exported_to /m/09c7w0 0 0 0 0
