pca confidence count
/m/03r8gp /media_common/media_genre/child_genres /m/0hcr 1 1 0 0
/m/021bp2 /media_common/media_genre/child_genres /m/022dc6 1 1 1 1
/m/02jjt /media_common/media_genre/child_genres /m/03k9fj 1 1 1 1
/m/02x9hs /media_common/media_genre/child_genres /m/033th 1 1 1 1
/m/017fp /media_common/media_genre/child_genres /m/0xdf 1 1 1 1
/m/02xlf /media_common/media_genre/child_genres /m/02n4kr 1 1 0 1
/m/0jtdp /media_common/media_genre/child_genres /m/01f9r0 1 1 0 0
/m/07s9rl0 /media_common/media_genre/child_genres /m/04xvh5 1 1 0 0
/m/04gm78f /media_common/media_genre/child_genres /m/0djd22 1 1 0 0
std confidence count
/m/03r8gp /media_common/media_genre/child_genres /m/0hcr 1 1 1 1
/m/021bp2 /media_common/media_genre/child_genres /m/022dc6 1 1 1 1
/m/02jjt /media_common/media_genre/child_genres /m/03k9fj 1 1 1 1
/m/02x9hs /media_common/media_genre/child_genres /m/033th 1 1 1 1
/m/017fp /media_common/media_genre/child_genres /m/0xdf 1 1 1 1
/m/02xlf /media_common/media_genre/child_genres /m/02n4kr 1 1 0 1
/m/0jtdp /media_common/media_genre/child_genres /m/01f9r0 1 1 1 1
/m/07s9rl0 /media_common/media_genre/child_genres /m/04xvh5 1 1 1 1
/m/04gm78f /media_common/media_genre/child_genres /m/0djd22 1 1 1 1
pca confidence sum
/m/03r8gp /media_common/media_genre/child_genres /m/0hcr 1 1 0 0
/m/021bp2 /media_common/media_genre/child_genres /m/022dc6 1 1 1 1
/m/02jjt /media_common/media_genre/child_genres /m/03k9fj 1 1 1 1
/m/02x9hs /media_common/media_genre/child_genres /m/033th 1 1 1 1
/m/017fp /media_common/media_genre/child_genres /m/0xdf 1 1 1 1
/m/02xlf /media_common/media_genre/child_genres /m/02n4kr 1 1 0 0
/m/0jtdp /media_common/media_genre/child_genres /m/01f9r0 1 1 0 0
/m/07s9rl0 /media_common/media_genre/child_genres /m/04xvh5 1 1 0 0
/m/04gm78f /media_common/media_genre/child_genres /m/0djd22 1 1 0 0
std confidence sum
/m/03r8gp /media_common/media_genre/child_genres /m/0hcr 1 1 0 0
/m/021bp2 /media_common/media_genre/child_genres /m/022dc6 1 1 1 1
/m/02jjt /media_common/media_genre/child_genres /m/03k9fj 1 1 1 1
/m/02x9hs /media_common/media_genre/child_genres /m/033th 1 1 1 1
/m/017fp /media_common/media_genre/child_genres /m/0xdf 1 1 1 1
/m/02xlf /media_common/media_genre/child_genres /m/02n4kr 1 1 0 0
/m/0jtdp /media_common/media_genre/child_genres /m/01f9r0 1 1 0 0
/m/07s9rl0 /media_common/media_genre/child_genres /m/04xvh5 1 1 0 0
/m/04gm78f /media_common/media_genre/child_genres /m/0djd22 1 1 0 0
