pca confidence count
/m/07s9rl0 /media_common/media_genre/parent_genre /m/02jjt 1 1 0 1
/m/06www /media_common/media_genre/parent_genre /m/06n90 1 1 0 0
/m/03mqtr /media_common/media_genre/parent_genre /m/07s9rl0 1 1 0 0
/m/0mz2 /media_common/media_genre/parent_genre /m/014dfn 0 1 0 0
std confidence count
/m/07s9rl0 /media_common/media_genre/parent_genre /m/02jjt 1 1 0 0
/m/06www /media_common/media_genre/parent_genre /m/06n90 1 1 0 1
/m/03mqtr /media_common/media_genre/parent_genre /m/07s9rl0 1 1 1 1
/m/0mz2 /media_common/media_genre/parent_genre /m/014dfn 1 1 0 1
pca confidence sum
/m/07s9rl0 /media_common/media_genre/parent_genre /m/02jjt 1 1 0 1
/m/06www /media_common/media_genre/parent_genre /m/06n90 1 1 0 0
/m/03mqtr /media_common/media_genre/parent_genre /m/07s9rl0 1 1 0 0
/m/0mz2 /media_common/media_genre/parent_genre /m/014dfn 0 0 0 0
std confidence sum
/m/07s9rl0 /media_common/media_genre/parent_genre /m/02jjt 1 1 0 0
/m/06www /media_common/media_genre/parent_genre /m/06n90 1 1 0 1
/m/03mqtr /media_common/media_genre/parent_genre /m/07s9rl0 1 1 1 1
/m/0mz2 /media_common/media_genre/parent_genre /m/014dfn 0 1 0 0
