pca confidence count
/m/01hbgs /medicine/risk_factor/diseases /m/02vrr 1 1 0 0
/m/0hg11 /medicine/risk_factor/diseases /m/02bft 1 1 0 1
/m/0g02vk /medicine/risk_factor/diseases /m/02bft 1 1 0 1
/m/0jpmt /medicine/risk_factor/diseases /m/05mdx 1 1 0 1
/m/01hbgs /medicine/risk_factor/diseases /m/02k6hp 1 1 0 1
/m/0x67 /medicine/risk_factor/diseases /m/01k9gb 1 1 0 1
/m/05zppz /medicine/risk_factor/diseases /m/0gk4g 1 1 0 1
/m/0jpmt /medicine/risk_factor/diseases /m/06g7c 1 1 0 0
/m/05zppz /medicine/risk_factor/diseases /m/01k9gb 1 1 0 1
/m/02ctzb /medicine/risk_factor/diseases /m/0dcqh 1 1 0 1
/m/02zsn /medicine/risk_factor/diseases /m/025hl8 1 1 0 1
/m/0217g /medicine/risk_factor/diseases /m/01gkcc 1 1 0 1
/m/07_jd /medicine/risk_factor/diseases /m/0lcdk 1 1 0 1
/m/01hbgs /medicine/risk_factor/diseases /m/0g02vk 1 1 0 1
/m/0217g /medicine/risk_factor/diseases /m/09d11 0 1 0 0
/m/0fltx /medicine/risk_factor/diseases /m/0hg45 1 1 0 1
/m/05zppz /medicine/risk_factor/diseases /m/0gwj 1 1 0 0
std confidence count
/m/01hbgs /medicine/risk_factor/diseases /m/02vrr 1 1 0 0
/m/0hg11 /medicine/risk_factor/diseases /m/02bft 1 1 0 1
/m/0g02vk /medicine/risk_factor/diseases /m/02bft 1 1 0 1
/m/0jpmt /medicine/risk_factor/diseases /m/05mdx 1 1 0 1
/m/01hbgs /medicine/risk_factor/diseases /m/02k6hp 1 1 0 1
/m/0x67 /medicine/risk_factor/diseases /m/01k9gb 1 1 0 1
/m/05zppz /medicine/risk_factor/diseases /m/0gk4g 1 1 0 1
/m/0jpmt /medicine/risk_factor/diseases /m/06g7c 1 1 0 0
/m/05zppz /medicine/risk_factor/diseases /m/01k9gb 1 1 0 1
/m/02ctzb /medicine/risk_factor/diseases /m/0dcqh 1 1 0 1
/m/02zsn /medicine/risk_factor/diseases /m/025hl8 1 1 0 1
/m/0217g /medicine/risk_factor/diseases /m/01gkcc 1 1 0 1
/m/07_jd /medicine/risk_factor/diseases /m/0lcdk 1 1 0 1
/m/01hbgs /medicine/risk_factor/diseases /m/0g02vk 1 1 0 1
/m/0217g /medicine/risk_factor/diseases /m/09d11 0 1 0 0
/m/0fltx /medicine/risk_factor/diseases /m/0hg45 1 1 0 1
/m/05zppz /medicine/risk_factor/diseases /m/0gwj 1 1 1 1
pca confidence sum
/m/01hbgs /medicine/risk_factor/diseases /m/02vrr 1 1 0 1
/m/0hg11 /medicine/risk_factor/diseases /m/02bft 0 0 0 0
/m/0g02vk /medicine/risk_factor/diseases /m/02bft 0 1 0 0
/m/0jpmt /medicine/risk_factor/diseases /m/05mdx 1 1 0 1
/m/01hbgs /medicine/risk_factor/diseases /m/02k6hp 1 1 0 1
/m/0x67 /medicine/risk_factor/diseases /m/01k9gb 1 1 0 0
/m/05zppz /medicine/risk_factor/diseases /m/0gk4g 1 1 0 1
/m/0jpmt /medicine/risk_factor/diseases /m/06g7c 1 1 0 0
/m/05zppz /medicine/risk_factor/diseases /m/01k9gb 1 1 0 1
/m/02ctzb /medicine/risk_factor/diseases /m/0dcqh 1 1 0 0
/m/02zsn /medicine/risk_factor/diseases /m/025hl8 1 1 0 0
/m/0217g /medicine/risk_factor/diseases /m/01gkcc 1 1 0 0
/m/07_jd /medicine/risk_factor/diseases /m/0lcdk 0 1 0 0
/m/01hbgs /medicine/risk_factor/diseases /m/0g02vk 1 1 0 1
/m/0217g /medicine/risk_factor/diseases /m/09d11 0 1 0 0
/m/0fltx /medicine/risk_factor/diseases /m/0hg45 1 1 0 1
/m/05zppz /medicine/risk_factor/diseases /m/0gwj 1 1 1 1
std confidence sum
/m/01hbgs /medicine/risk_factor/diseases /m/02vrr 1 1 0 1
/m/0hg11 /medicine/risk_factor/diseases /m/02bft 0 1 0 0
/m/0g02vk /medicine/risk_factor/diseases /m/02bft 0 1 0 0
/m/0jpmt /medicine/risk_factor/diseases /m/05mdx 1 1 0 1
/m/01hbgs /medicine/risk_factor/diseases /m/02k6hp 1 1 0 1
/m/0x67 /medicine/risk_factor/diseases /m/01k9gb 1 1 0 0
/m/05zppz /medicine/risk_factor/diseases /m/0gk4g 1 1 0 1
/m/0jpmt /medicine/risk_factor/diseases /m/06g7c 1 1 0 0
/m/05zppz /medicine/risk_factor/diseases /m/01k9gb 1 1 0 1
/m/02ctzb /medicine/risk_factor/diseases /m/0dcqh 1 1 0 0
/m/02zsn /medicine/risk_factor/diseases /m/025hl8 1 1 0 0
/m/0217g /medicine/risk_factor/diseases /m/01gkcc 1 1 0 0
/m/07_jd /medicine/risk_factor/diseases /m/0lcdk 1 1 0 0
/m/01hbgs /medicine/risk_factor/diseases /m/0g02vk 1 1 0 1
/m/0217g /medicine/risk_factor/diseases /m/09d11 0 1 0 0
/m/0fltx /medicine/risk_factor/diseases /m/0hg45 1 1 0 1
/m/05zppz /medicine/risk_factor/diseases /m/0gwj 1 1 1 1
