pca confidence count
/m/05148p4 /music/instrument/instrumentalists /m/01x66d 1 1 0 1
/m/03qjg /music/instrument/instrumentalists /m/01mr2g6 1 1 0 1
/m/07xzm /music/instrument/instrumentalists /m/02vr7 1 1 0 1
/m/05r5c /music/instrument/instrumentalists /m/028qdb 1 1 0 0
/m/02hnl /music/instrument/instrumentalists /m/0137g1 1 1 0 1
/m/02hnl /music/instrument/instrumentalists /m/01vng3b 1 1 0 1
/m/0l14j_ /music/instrument/instrumentalists /m/07z542 1 1 0 1
/m/07_l6 /music/instrument/instrumentalists /m/016wvy 1 1 0 1
/m/014zz1 /music/instrument/instrumentalists /m/01t8399 1 1 0 1
/m/0342h /music/instrument/instrumentalists /m/01hgwkr 1 1 1 1
/m/0342h /music/instrument/instrumentalists /m/01y_rz 1 1 0 1
/m/0342h /music/instrument/instrumentalists /m/01693z 1 1 1 1
/m/02hnl /music/instrument/instrumentalists /m/01gf5h 1 1 0 1
/m/02hnl /music/instrument/instrumentalists /m/012z8_ 1 1 0 1
/m/018vs /music/instrument/instrumentalists /m/0285c 1 1 0 1
/m/0l14md /music/instrument/instrumentalists /m/01vtg4q 1 1 0 1
/m/0342h /music/instrument/instrumentalists /m/019389 1 1 1 1
/m/0342h /music/instrument/instrumentalists /m/01wqpnm 1 1 1 1
/m/0342h /music/instrument/instrumentalists /m/01vrnsk 1 1 0 1
/m/0342h /music/instrument/instrumentalists /m/0133x7 1 1 1 1
/m/02bxd /music/instrument/instrumentalists /m/01y_rz 1 1 0 1
/m/03qjg /music/instrument/instrumentalists /m/0gcs9 1 1 0 1
/m/07brj /music/instrument/instrumentalists /m/01dw_f 1 1 0 0
/m/07_l6 /music/instrument/instrumentalists /m/0k4gf 1 1 0 1
/m/0342h /music/instrument/instrumentalists /m/01l47f5 1 1 1 1
/m/05148p4 /music/instrument/instrumentalists /m/02vr7 1 1 0 1
/m/05148p4 /music/instrument/instrumentalists /m/01lvcs1 1 1 0 1
/m/01vdm0 /music/instrument/instrumentalists /m/0ftqr 1 1 0 1
/m/02hnl /music/instrument/instrumentalists /m/0fq117k 1 1 0 1
/m/03gvt /music/instrument/instrumentalists /m/0163r3 1 1 1 1
/m/018vs /music/instrument/instrumentalists /m/01w5gg6 1 1 0 1
/m/07_l6 /music/instrument/instrumentalists /m/02cx90 1 1 0 1
/m/06ncr /music/instrument/instrumentalists /m/015x1f 1 1 0 1
/m/03t22m /music/instrument/instrumentalists /m/07z542 1 1 0 1
/m/05r5c /music/instrument/instrumentalists /m/01nkxvx 1 1 0 0
/m/05r5c /music/instrument/instrumentalists /m/0h6sv 1 1 1 1
/m/02hnl /music/instrument/instrumentalists /m/0285c 1 1 0 1
/m/026t6 /music/instrument/instrumentalists /m/03xl77 1 1 1 1
/m/01v1d8 /music/instrument/instrumentalists /m/02bgmr 1 1 0 1
/m/05148p4 /music/instrument/instrumentalists /m/01wzlxj 1 1 0 1
/m/05r5c /music/instrument/instrumentalists /m/026spg 1 1 1 1
/m/02hnl /music/instrument/instrumentalists /m/0zjpz 1 1 0 1
/m/0342h /music/instrument/instrumentalists /m/05qw5 1 1 1 1
/m/0342h /music/instrument/instrumentalists /m/01wg3q 1 1 1 1
/m/0342h /music/instrument/instrumentalists /m/027hm_ 1 1 1 1
/m/0342h /music/instrument/instrumentalists /m/01j4ls 1 1 1 1
/m/0l14qv /music/instrument/instrumentalists /m/01tv3x2 1 1 0 1
/m/02hnl /music/instrument/instrumentalists /m/01vn35l 1 1 0 1
/m/018vs /music/instrument/instrumentalists /m/01wdqrx 1 1 0 1
/m/0l14md /music/instrument/instrumentalists /m/01k_0fp 1 1 0 1
/m/0342h /music/instrument/instrumentalists /m/01wvxw1 1 1 0 1
/m/0342h /music/instrument/instrumentalists /m/01wy61y 1 1 0 1
/m/0342h /music/instrument/instrumentalists /m/025ldg 1 1 1 1
/m/03qjg /music/instrument/instrumentalists /m/01vsyg9 1 1 0 1
/m/05r5c /music/instrument/instrumentalists /m/01w9wwg 1 1 1 1
/m/07gql /music/instrument/instrumentalists /m/06w2sn5 1 1 0 1
/m/0l14j_ /music/instrument/instrumentalists /m/01k23t 1 1 0 1
/m/013y1f /music/instrument/instrumentalists /m/01lvcs1 1 1 0 1
/m/018vs /music/instrument/instrumentalists /m/01wy61y 1 1 0 1
/m/0342h /music/instrument/instrumentalists /m/0bdxs5 1 1 0 1
/m/0342h /music/instrument/instrumentalists /m/0jsg0m 1 1 0 1
/m/0342h /music/instrument/instrumentalists /m/01wmjkb 1 1 1 1
/m/0342h /music/instrument/instrumentalists /m/01p95y0 1 1 1 1
/m/05148p4 /music/instrument/instrumentalists /m/012z8_ 1 1 0 1
/m/0l14qv /music/instrument/instrumentalists /m/017g21 1 1 0 1
/m/03q5t /music/instrument/instrumentalists /m/01vsqvs 0 0 0 0
/m/05r5c /music/instrument/instrumentalists /m/016ntp 1 1 0 1
/m/04rzd /music/instrument/instrumentalists /m/05cljf 1 1 0 1
/m/026t6 /music/instrument/instrumentalists /m/01vvycq 1 1 0 1
/m/0342h /music/instrument/instrumentalists /m/01nhkxp 1 1 0 1
/m/0342h /music/instrument/instrumentalists /m/0274ck 1 1 1 1
/m/0mkg /music/instrument/instrumentalists /m/018pj3 1 1 0 1
/m/02fsn /music/instrument/instrumentalists /m/0lbj1 1 1 0 1
/m/03qjg /music/instrument/instrumentalists /m/0137g1 0 1 0 0
/m/05r5c /music/instrument/instrumentalists /m/01w60_p 1 1 1 1
/m/05r5c /music/instrument/instrumentalists /m/0lzkm 1 1 0 1
/m/04rzd /music/instrument/instrumentalists /m/03f5spx 1 1 0 1
/m/018j2 /music/instrument/instrumentalists /m/02qx5h 0 0 0 0
/m/06w7v /music/instrument/instrumentalists /m/02l_7y 0 0 0 0
/m/0342h /music/instrument/instrumentalists /m/04kjrv 1 1 1 1
/m/01hww_ /music/instrument/instrumentalists /m/01p95y0 1 1 0 1
/m/05148p4 /music/instrument/instrumentalists /m/01xzb6 1 1 0 1
/m/07xzm /music/instrument/instrumentalists /m/01wp8w7 1 1 0 1
/m/07gql /music/instrument/instrumentalists /m/04n32 1 1 0 0
/m/026t6 /music/instrument/instrumentalists /m/09qr6 0 0 0 0
/m/018j2 /music/instrument/instrumentalists /m/04m2zj 1 1 0 1
/m/02sgy /music/instrument/instrumentalists /m/0161c2 1 1 0 1
/m/0342h /music/instrument/instrumentalists /m/01wdcxk 1 1 0 1
/m/0342h /music/instrument/instrumentalists /m/0pgjm 1 1 1 1
/m/0342h /music/instrument/instrumentalists /m/015196 1 1 0 1
/m/02fsn /music/instrument/instrumentalists /m/024zq 1 1 0 1
/m/05148p4 /music/instrument/instrumentalists /m/057xn_m 1 1 0 1
/m/05r5c /music/instrument/instrumentalists /m/0fpjd_g 1 1 1 1
/m/01xqw /music/instrument/instrumentalists /m/01vsyjy 1 1 0 1
/m/026t6 /music/instrument/instrumentalists /m/0161c2 1 1 0 1
/m/018j2 /music/instrument/instrumentalists /m/02fn5r 1 1 0 1
/m/01wy6 /music/instrument/instrumentalists /m/0146pg 1 1 0 1
/m/018vs /music/instrument/instrumentalists /m/02whj 1 1 0 1
/m/0342h /music/instrument/instrumentalists /m/013423 1 1 0 1
/m/0342h /music/instrument/instrumentalists /m/017g21 1 1 1 1
/m/05148p4 /music/instrument/instrumentalists /m/015196 1 1 0 1
/m/0l14qv /music/instrument/instrumentalists /m/0jn5l 1 1 0 1
/m/0l14qv /music/instrument/instrumentalists /m/01mr2g6 1 1 0 1
/m/05r5c /music/instrument/instrumentalists /m/0b_j2 1 1 0 1
/m/042v_gx /music/instrument/instrumentalists /m/03gr7w 1 1 0 1
/m/02hnl /music/instrument/instrumentalists /m/01wzlxj 1 1 0 1
/m/07gql /music/instrument/instrumentalists /m/01m3x5p 1 1 1 1
/m/013y1f /music/instrument/instrumentalists /m/053y0s 1 1 1 1
/m/013y1f /music/instrument/instrumentalists /m/0b_j2 1 1 0 1
/m/07_l6 /music/instrument/instrumentalists /m/03_f0 1 1 0 1
/m/048j4l /music/instrument/instrumentalists /m/0kzy0 1 1 0 0
/m/0342h /music/instrument/instrumentalists /m/03bnv 1 1 1 1
/m/0342h /music/instrument/instrumentalists /m/01vrt_c 1 1 1 1
/m/0cfdd /music/instrument/instrumentalists /m/01vw_dv 1 1 0 1
/m/05148p4 /music/instrument/instrumentalists /m/024qwq 1 1 0 0
/m/0gkd1 /music/instrument/instrumentalists /m/01p95y0 0 0 0 0
/m/05r5c /music/instrument/instrumentalists /m/03f0fnk 1 1 0 1
/m/05r5c /music/instrument/instrumentalists /m/086qd 1 1 0 0
/m/05r5c /music/instrument/instrumentalists /m/0p7h7 1 1 1 1
/m/05r5c /music/instrument/instrumentalists /m/01ydzx 1 1 1 1
/m/05r5c /music/instrument/instrumentalists /m/0132k4 1 1 0 0
/m/026t6 /music/instrument/instrumentalists /m/01wd9lv 1 1 1 1
/m/013y1f /music/instrument/instrumentalists /m/01k47c 1 1 0 0
/m/02k84w /music/instrument/instrumentalists /m/082brv 1 1 0 0
/m/07y_7 /music/instrument/instrumentalists /m/043d4 1 1 1 1
/m/018vs /music/instrument/instrumentalists /m/03bnv 1 1 0 1
/m/018vs /music/instrument/instrumentalists /m/018x3 1 1 0 1
/m/0l14md /music/instrument/instrumentalists /m/01p95y0 0 1 0 0
/m/02k856 /music/instrument/instrumentalists /m/0565cz 1 1 0 1
/m/05148p4 /music/instrument/instrumentalists /m/0lbj1 1 1 0 1
/m/05148p4 /music/instrument/instrumentalists /m/01z9_x 1 1 0 1
/m/042v_gx /music/instrument/instrumentalists /m/03xnq9_ 1 1 1 1
/m/06w7v /music/instrument/instrumentalists /m/02pt27 1 1 0 1
/m/018vs /music/instrument/instrumentalists /m/027dpx 1 1 0 0
/m/018vs /music/instrument/instrumentalists /m/01271h 1 1 0 1
/m/0342h /music/instrument/instrumentalists /m/050z2 1 1 0 1
/m/05148p4 /music/instrument/instrumentalists /m/028qdb 1 1 0 0
/m/03qjg /music/instrument/instrumentalists /m/02b25y 0 1 0 0
/m/02pprs /music/instrument/instrumentalists /m/0f0y8 1 1 0 1
/m/05r5c /music/instrument/instrumentalists /m/02_t2t 1 1 0 1
/m/02hnl /music/instrument/instrumentalists /m/018gkb 1 1 0 1
/m/0l14md /music/instrument/instrumentalists /m/02s2wq 1 1 0 1
/m/0342h /music/instrument/instrumentalists /m/016z1t 1 1 1 1
/m/018j2 /music/instrument/instrumentalists /m/01l7qw 1 1 1 1
/m/018vs /music/instrument/instrumentalists /m/03j24kf 1 1 0 1
/m/018vs /music/instrument/instrumentalists /m/0g824 1 1 0 1
/m/0l14md /music/instrument/instrumentalists /m/0pkyh 1 1 0 1
/m/0342h /music/instrument/instrumentalists /m/019g40 1 1 0 1
/m/06ch55 /music/instrument/instrumentalists /m/01p7b6b 1 1 1 1
/m/05148p4 /music/instrument/instrumentalists /m/01vvydl 1 1 1 1
/m/05148p4 /music/instrument/instrumentalists /m/017f4y 1 1 0 1
/m/05148p4 /music/instrument/instrumentalists /m/07_3qd 1 1 0 1
/m/0l14qv /music/instrument/instrumentalists /m/0135xb 0 1 0 0
/m/07xzm /music/instrument/instrumentalists /m/01wqflx 0 1 0 0
/m/018vs /music/instrument/instrumentalists /m/01tv3x2 1 1 0 1
/m/0jtg0 /music/instrument/instrumentalists /m/0137g1 1 1 0 1
/m/0342h /music/instrument/instrumentalists /m/016h4r 1 1 1 1
/m/03q5t /music/instrument/instrumentalists /m/01vsy3q 1 1 0 1
/m/07xzm /music/instrument/instrumentalists /m/03qmj9 1 1 0 1
/m/05r5c /music/instrument/instrumentalists /m/02p2zq 1 1 1 1
/m/01xqw /music/instrument/instrumentalists /m/032t2z 0 0 0 0
/m/026t6 /music/instrument/instrumentalists /m/01v3s2_ 1 1 1 1
/m/013y1f /music/instrument/instrumentalists /m/01p95y0 1 1 0 1
/m/06w7v /music/instrument/instrumentalists /m/04kjrv 1 1 0 1
/m/02sgy /music/instrument/instrumentalists /m/01vsy3q 1 1 0 1
/m/01s0ps /music/instrument/instrumentalists /m/09hnb 1 1 0 1
/m/07xzm /music/instrument/instrumentalists /m/0259r0 1 1 0 1
/m/05r5c /music/instrument/instrumentalists /m/01s7ns 1 1 1 1
/m/01xqw /music/instrument/instrumentalists /m/01t110 1 1 0 1
/m/02w3w /music/instrument/instrumentalists /m/02cx90 1 1 0 1
/m/03qlv7 /music/instrument/instrumentalists /m/01ky2h 1 1 0 1
/m/018vs /music/instrument/instrumentalists /m/01wf86y 1 1 0 1
/m/0342h /music/instrument/instrumentalists /m/01mxnvc 1 1 1 1
/m/0gghm /music/instrument/instrumentalists /m/016s_5 1 1 0 1
/m/05148p4 /music/instrument/instrumentalists /m/02p2zq 1 1 0 1
/m/05148p4 /music/instrument/instrumentalists /m/024dw0 1 1 0 1
/m/05r5c /music/instrument/instrumentalists /m/0ftps 1 1 0 1
/m/05r5c /music/instrument/instrumentalists /m/01rwcgb 1 1 1 1
/m/05r5c /music/instrument/instrumentalists /m/01p0w_ 1 1 0 1
/m/02hnl /music/instrument/instrumentalists /m/01nn6c 1 1 0 1
/m/026t6 /music/instrument/instrumentalists /m/03c7ln 1 1 0 1
/m/0342h /music/instrument/instrumentalists /m/02jg92 1 1 0 1
/m/0342h /music/instrument/instrumentalists /m/0417z2 1 1 1 1
/m/05r5c /music/instrument/instrumentalists /m/0kvjrw 1 1 1 1
/m/05r5c /music/instrument/instrumentalists /m/01z9_x 1 1 0 1
/m/05r5c /music/instrument/instrumentalists /m/01l4g5 1 1 1 1
/m/026t6 /music/instrument/instrumentalists /m/095x_ 1 1 0 0
/m/018vs /music/instrument/instrumentalists /m/04vrxh 1 1 0 1
/m/018vs /music/instrument/instrumentalists /m/01vsyjy 1 1 1 1
/m/0bxl5 /music/instrument/instrumentalists /m/07r4c 1 1 0 1
/m/0342h /music/instrument/instrumentalists /m/01wwvc5 1 1 1 1
/m/05148p4 /music/instrument/instrumentalists /m/0ftps 1 1 0 1
/m/05148p4 /music/instrument/instrumentalists /m/0232lm 1 1 0 1
/m/03qjg /music/instrument/instrumentalists /m/01vvycq 1 1 0 1
/m/05r5c /music/instrument/instrumentalists /m/01jgkj2 1 1 0 1
/m/05r5c /music/instrument/instrumentalists /m/03ryks 1 1 1 1
/m/05r5c /music/instrument/instrumentalists /m/05y7hc 1 1 1 1
/m/02hnl /music/instrument/instrumentalists /m/01mxnvc 1 1 0 1
/m/02hnl /music/instrument/instrumentalists /m/01s1zk 0 0 0 0
/m/026t6 /music/instrument/instrumentalists /m/015x1f 1 1 0 1
/m/0jtg0 /music/instrument/instrumentalists /m/05cljf 1 1 0 1
/m/02k856 /music/instrument/instrumentalists /m/02l_7y 1 1 0 1
/m/0342h /music/instrument/instrumentalists /m/02vcp0 1 1 1 1
/m/06ch55 /music/instrument/instrumentalists /m/04zwjd 1 1 0 1
/m/03qjg /music/instrument/instrumentalists /m/036px 1 1 0 1
/m/02hnl /music/instrument/instrumentalists /m/01xzb6 1 1 0 1
/m/02hnl /music/instrument/instrumentalists /m/03f1zhf 1 1 0 1
/m/028tv0 /music/instrument/instrumentalists /m/01sb5r 0 1 0 1
/m/05kms /music/instrument/instrumentalists /m/04mky3 1 1 0 1
/m/0l14md /music/instrument/instrumentalists /m/015882 1 1 0 1
/m/02k856 /music/instrument/instrumentalists /m/082brv 1 1 0 1
/m/0342h /music/instrument/instrumentalists /m/0dw3l 1 1 0 1
/m/0342h /music/instrument/instrumentalists /m/0140t7 1 1 1 1
/m/0342h /music/instrument/instrumentalists /m/02fybl 1 1 1 1
/m/02sgy /music/instrument/instrumentalists /m/02fn5r 1 1 0 1
/m/02sgy /music/instrument/instrumentalists /m/05cljf 0 1 0 0
/m/0jtg0 /music/instrument/instrumentalists /m/0pj8m 1 1 1 1
/m/0dwr4 /music/instrument/instrumentalists /m/01p0vf 1 1 0 1
/m/05148p4 /music/instrument/instrumentalists /m/07g2v 1 1 0 1
/m/05148p4 /music/instrument/instrumentalists /m/0bkg4 1 1 0 1
/m/0l14qv /music/instrument/instrumentalists /m/01ww_vs 1 1 0 1
/m/05r5c /music/instrument/instrumentalists /m/06tp4h 1 1 1 1
/m/04rzd /music/instrument/instrumentalists /m/01lmj3q 1 1 0 1
/m/01v1d8 /music/instrument/instrumentalists /m/0k60 1 1 0 1
/m/018vs /music/instrument/instrumentalists /m/06rgq 1 1 0 1
/m/0l14md /music/instrument/instrumentalists /m/03qmj9 1 1 0 1
/m/07xzm /music/instrument/instrumentalists /m/01vsyjy 1 1 0 1
/m/02hnl /music/instrument/instrumentalists /m/01mr2g6 1 1 0 1
/m/02hnl /music/instrument/instrumentalists /m/02mx98 1 1 0 0
/m/026t6 /music/instrument/instrumentalists /m/03f5spx 1 1 0 1
/m/018j2 /music/instrument/instrumentalists /m/03c7ln 1 1 0 1
/m/03gvt /music/instrument/instrumentalists /m/032t2z 1 1 1 1
/m/018vs /music/instrument/instrumentalists /m/02y7sr 1 1 0 1
/m/06ncr /music/instrument/instrumentalists /m/0132k4 1 1 0 1
/m/0342h /music/instrument/instrumentalists /m/0f_y9 1 1 1 1
/m/04rzd /music/instrument/instrumentalists /m/03193l 1 1 0 0
/m/04rzd /music/instrument/instrumentalists /m/01wmjkb 1 1 0 1
/m/02hnl /music/instrument/instrumentalists /m/01wdqrx 1 1 0 1
/m/01xqw /music/instrument/instrumentalists /m/04f7c55 1 1 0 1
/m/02fsn /music/instrument/instrumentalists /m/0dw3l 1 1 0 1
/m/03qjg /music/instrument/instrumentalists /m/01tw31 1 1 0 1
/m/04rzd /music/instrument/instrumentalists /m/01vsnff 1 1 0 1
/m/06ncr /music/instrument/instrumentalists /m/02b25y 1 1 0 1
/m/0342h /music/instrument/instrumentalists /m/03j1p2n 1 1 1 1
/m/0342h /music/instrument/instrumentalists /m/01vng3b 1 1 0 1
/m/0342h /music/instrument/instrumentalists /m/0k1bs 1 1 1 1
/m/05148p4 /music/instrument/instrumentalists /m/01l47f5 1 1 0 1
/m/04rzd /music/instrument/instrumentalists /m/01vn35l 1 1 0 1
/m/02hnl /music/instrument/instrumentalists /m/01v_pj6 1 1 0 0
/m/02hnl /music/instrument/instrumentalists /m/01nqfh_ 1 1 0 1
/m/02hnl /music/instrument/instrumentalists /m/017f4y 1 1 0 1
/m/013y1f /music/instrument/instrumentalists /m/0k4gf 1 1 0 1
/m/0342h /music/instrument/instrumentalists /m/016jfw 1 1 1 1
/m/0mkg /music/instrument/instrumentalists /m/03f7m4h 0 0 0 0
std confidence count
/m/05148p4 /music/instrument/instrumentalists /m/01x66d 1 1 0 1
/m/03qjg /music/instrument/instrumentalists /m/01mr2g6 1 1 0 1
/m/07xzm /music/instrument/instrumentalists /m/02vr7 1 1 0 1
/m/05r5c /music/instrument/instrumentalists /m/028qdb 1 1 0 1
/m/02hnl /music/instrument/instrumentalists /m/0137g1 1 1 0 1
/m/02hnl /music/instrument/instrumentalists /m/01vng3b 1 1 0 1
/m/0l14j_ /music/instrument/instrumentalists /m/07z542 1 1 0 1
/m/07_l6 /music/instrument/instrumentalists /m/016wvy 1 1 0 1
/m/014zz1 /music/instrument/instrumentalists /m/01t8399 1 1 0 1
/m/0342h /music/instrument/instrumentalists /m/01hgwkr 1 1 1 1
/m/0342h /music/instrument/instrumentalists /m/01y_rz 1 1 0 1
/m/0342h /music/instrument/instrumentalists /m/01693z 1 1 1 1
/m/02hnl /music/instrument/instrumentalists /m/01gf5h 1 1 0 1
/m/02hnl /music/instrument/instrumentalists /m/012z8_ 1 1 0 1
/m/018vs /music/instrument/instrumentalists /m/0285c 1 1 0 1
/m/0l14md /music/instrument/instrumentalists /m/01vtg4q 1 1 0 1
/m/0342h /music/instrument/instrumentalists /m/019389 1 1 1 1
/m/0342h /music/instrument/instrumentalists /m/01wqpnm 1 1 1 1
/m/0342h /music/instrument/instrumentalists /m/01vrnsk 1 1 1 1
/m/0342h /music/instrument/instrumentalists /m/0133x7 1 1 0 1
/m/02bxd /music/instrument/instrumentalists /m/01y_rz 1 1 0 1
/m/03qjg /music/instrument/instrumentalists /m/0gcs9 1 1 0 1
/m/07brj /music/instrument/instrumentalists /m/01dw_f 1 1 0 1
/m/07_l6 /music/instrument/instrumentalists /m/0k4gf 1 1 0 1
/m/0342h /music/instrument/instrumentalists /m/01l47f5 1 1 1 1
/m/05148p4 /music/instrument/instrumentalists /m/02vr7 1 1 0 1
/m/05148p4 /music/instrument/instrumentalists /m/01lvcs1 1 1 0 1
/m/01vdm0 /music/instrument/instrumentalists /m/0ftqr 1 1 0 1
/m/02hnl /music/instrument/instrumentalists /m/0fq117k 1 1 0 1
/m/03gvt /music/instrument/instrumentalists /m/0163r3 1 1 1 1
/m/018vs /music/instrument/instrumentalists /m/01w5gg6 1 1 0 1
/m/07_l6 /music/instrument/instrumentalists /m/02cx90 1 1 0 1
/m/06ncr /music/instrument/instrumentalists /m/015x1f 1 1 0 1
/m/03t22m /music/instrument/instrumentalists /m/07z542 1 1 0 1
/m/05r5c /music/instrument/instrumentalists /m/01nkxvx 1 1 0 0
/m/05r5c /music/instrument/instrumentalists /m/0h6sv 1 1 1 1
/m/02hnl /music/instrument/instrumentalists /m/0285c 1 1 0 1
/m/026t6 /music/instrument/instrumentalists /m/03xl77 1 1 0 1
/m/01v1d8 /music/instrument/instrumentalists /m/02bgmr 1 1 0 1
/m/05148p4 /music/instrument/instrumentalists /m/01wzlxj 1 1 0 1
/m/05r5c /music/instrument/instrumentalists /m/026spg 1 1 1 1
/m/02hnl /music/instrument/instrumentalists /m/0zjpz 1 1 0 1
/m/0342h /music/instrument/instrumentalists /m/05qw5 1 1 1 1
/m/0342h /music/instrument/instrumentalists /m/01wg3q 1 1 0 1
/m/0342h /music/instrument/instrumentalists /m/027hm_ 1 1 1 1
/m/0342h /music/instrument/instrumentalists /m/01j4ls 1 1 1 1
/m/0l14qv /music/instrument/instrumentalists /m/01tv3x2 1 1 0 1
/m/02hnl /music/instrument/instrumentalists /m/01vn35l 1 1 0 1
/m/018vs /music/instrument/instrumentalists /m/01wdqrx 1 1 0 1
/m/0l14md /music/instrument/instrumentalists /m/01k_0fp 1 1 0 1
/m/0342h /music/instrument/instrumentalists /m/01wvxw1 1 1 0 1
/m/0342h /music/instrument/instrumentalists /m/01wy61y 1 1 0 1
/m/0342h /music/instrument/instrumentalists /m/025ldg 1 1 1 1
/m/03qjg /music/instrument/instrumentalists /m/01vsyg9 1 1 0 1
/m/05r5c /music/instrument/instrumentalists /m/01w9wwg 1 1 1 1
/m/07gql /music/instrument/instrumentalists /m/06w2sn5 1 1 0 1
/m/0l14j_ /music/instrument/instrumentalists /m/01k23t 1 1 0 1
/m/013y1f /music/instrument/instrumentalists /m/01lvcs1 1 1 0 1
/m/018vs /music/instrument/instrumentalists /m/01wy61y 1 1 0 0
/m/0342h /music/instrument/instrumentalists /m/0bdxs5 1 1 0 1
/m/0342h /music/instrument/instrumentalists /m/0jsg0m 1 1 0 1
/m/0342h /music/instrument/instrumentalists /m/01wmjkb 1 1 1 1
/m/0342h /music/instrument/instrumentalists /m/01p95y0 1 1 1 1
/m/05148p4 /music/instrument/instrumentalists /m/012z8_ 1 1 0 1
/m/0l14qv /music/instrument/instrumentalists /m/017g21 1 1 0 1
/m/03q5t /music/instrument/instrumentalists /m/01vsqvs 0 0 0 0
/m/05r5c /music/instrument/instrumentalists /m/016ntp 1 1 0 1
/m/04rzd /music/instrument/instrumentalists /m/05cljf 1 1 0 1
/m/026t6 /music/instrument/instrumentalists /m/01vvycq 1 1 0 1
/m/0342h /music/instrument/instrumentalists /m/01nhkxp 1 1 0 1
/m/0342h /music/instrument/instrumentalists /m/0274ck 1 1 0 1
/m/0mkg /music/instrument/instrumentalists /m/018pj3 1 1 0 1
/m/02fsn /music/instrument/instrumentalists /m/0lbj1 1 1 0 1
/m/03qjg /music/instrument/instrumentalists /m/0137g1 0 1 0 0
/m/05r5c /music/instrument/instrumentalists /m/01w60_p 1 1 1 1
/m/05r5c /music/instrument/instrumentalists /m/0lzkm 1 1 1 1
/m/04rzd /music/instrument/instrumentalists /m/03f5spx 1 1 0 1
/m/018j2 /music/instrument/instrumentalists /m/02qx5h 0 0 0 0
/m/06w7v /music/instrument/instrumentalists /m/02l_7y 0 0 0 0
/m/0342h /music/instrument/instrumentalists /m/04kjrv 1 1 1 1
/m/01hww_ /music/instrument/instrumentalists /m/01p95y0 1 1 0 1
/m/05148p4 /music/instrument/instrumentalists /m/01xzb6 1 1 0 1
/m/07xzm /music/instrument/instrumentalists /m/01wp8w7 1 1 0 1
/m/07gql /music/instrument/instrumentalists /m/04n32 1 1 0 0
/m/026t6 /music/instrument/instrumentalists /m/09qr6 0 1 0 0
/m/018j2 /music/instrument/instrumentalists /m/04m2zj 1 1 0 1
/m/02sgy /music/instrument/instrumentalists /m/0161c2 1 1 0 1
/m/0342h /music/instrument/instrumentalists /m/01wdcxk 1 1 1 1
/m/0342h /music/instrument/instrumentalists /m/0pgjm 1 1 1 1
/m/0342h /music/instrument/instrumentalists /m/015196 1 1 1 1
/m/02fsn /music/instrument/instrumentalists /m/024zq 1 1 0 1
/m/05148p4 /music/instrument/instrumentalists /m/057xn_m 1 1 0 1
/m/05r5c /music/instrument/instrumentalists /m/0fpjd_g 1 1 1 1
/m/01xqw /music/instrument/instrumentalists /m/01vsyjy 1 1 0 1
/m/026t6 /music/instrument/instrumentalists /m/0161c2 1 1 1 1
/m/018j2 /music/instrument/instrumentalists /m/02fn5r 1 1 0 1
/m/01wy6 /music/instrument/instrumentalists /m/0146pg 1 1 0 1
/m/018vs /music/instrument/instrumentalists /m/02whj 1 1 0 1
/m/0342h /music/instrument/instrumentalists /m/013423 1 1 0 1
/m/0342h /music/instrument/instrumentalists /m/017g21 1 1 0 1
/m/05148p4 /music/instrument/instrumentalists /m/015196 1 1 0 1
/m/0l14qv /music/instrument/instrumentalists /m/0jn5l 1 1 0 1
/m/0l14qv /music/instrument/instrumentalists /m/01mr2g6 1 1 0 1
/m/05r5c /music/instrument/instrumentalists /m/0b_j2 1 1 0 1
/m/042v_gx /music/instrument/instrumentalists /m/03gr7w 1 1 0 1
/m/02hnl /music/instrument/instrumentalists /m/01wzlxj 1 1 0 1
/m/07gql /music/instrument/instrumentalists /m/01m3x5p 1 1 1 1
/m/013y1f /music/instrument/instrumentalists /m/053y0s 1 1 0 1
/m/013y1f /music/instrument/instrumentalists /m/0b_j2 1 1 0 1
/m/07_l6 /music/instrument/instrumentalists /m/03_f0 1 1 0 1
/m/048j4l /music/instrument/instrumentalists /m/0kzy0 1 1 0 1
/m/0342h /music/instrument/instrumentalists /m/03bnv 1 1 1 1
/m/0342h /music/instrument/instrumentalists /m/01vrt_c 1 1 1 1
/m/0cfdd /music/instrument/instrumentalists /m/01vw_dv 1 1 0 1
/m/05148p4 /music/instrument/instrumentalists /m/024qwq 1 1 0 0
/m/0gkd1 /music/instrument/instrumentalists /m/01p95y0 0 0 0 0
/m/05r5c /music/instrument/instrumentalists /m/03f0fnk 1 1 0 1
/m/05r5c /music/instrument/instrumentalists /m/086qd 1 1 0 0
/m/05r5c /music/instrument/instrumentalists /m/0p7h7 1 1 1 1
/m/05r5c /music/instrument/instrumentalists /m/01ydzx 1 1 1 1
/m/05r5c /music/instrument/instrumentalists /m/0132k4 1 1 0 0
/m/026t6 /music/instrument/instrumentalists /m/01wd9lv 1 1 1 1
/m/013y1f /music/instrument/instrumentalists /m/01k47c 1 1 0 0
/m/02k84w /music/instrument/instrumentalists /m/082brv 1 1 0 0
/m/07y_7 /music/instrument/instrumentalists /m/043d4 1 1 1 1
/m/018vs /music/instrument/instrumentalists /m/03bnv 1 1 0 1
/m/018vs /music/instrument/instrumentalists /m/018x3 1 1 0 1
/m/0l14md /music/instrument/instrumentalists /m/01p95y0 0 1 0 0
/m/02k856 /music/instrument/instrumentalists /m/0565cz 1 1 0 1
/m/05148p4 /music/instrument/instrumentalists /m/0lbj1 1 1 0 1
/m/05148p4 /music/instrument/instrumentalists /m/01z9_x 1 1 0 1
/m/042v_gx /music/instrument/instrumentalists /m/03xnq9_ 1 1 1 1
/m/06w7v /music/instrument/instrumentalists /m/02pt27 1 1 0 1
/m/018vs /music/instrument/instrumentalists /m/027dpx 1 1 0 1
/m/018vs /music/instrument/instrumentalists /m/01271h 1 1 0 1
/m/0342h /music/instrument/instrumentalists /m/050z2 1 1 0 1
/m/05148p4 /music/instrument/instrumentalists /m/028qdb 1 1 0 1
/m/03qjg /music/instrument/instrumentalists /m/02b25y 0 1 0 0
/m/02pprs /music/instrument/instrumentalists /m/0f0y8 1 1 0 1
/m/05r5c /music/instrument/instrumentalists /m/02_t2t 1 1 1 1
/m/02hnl /music/instrument/instrumentalists /m/018gkb 1 1 0 1
/m/0l14md /music/instrument/instrumentalists /m/02s2wq 1 1 0 1
/m/0342h /music/instrument/instrumentalists /m/016z1t 1 1 0 1
/m/018j2 /music/instrument/instrumentalists /m/01l7qw 1 1 1 1
/m/018vs /music/instrument/instrumentalists /m/03j24kf 1 1 0 1
/m/018vs /music/instrument/instrumentalists /m/0g824 1 1 0 1
/m/0l14md /music/instrument/instrumentalists /m/0pkyh 1 1 0 1
/m/0342h /music/instrument/instrumentalists /m/019g40 1 1 0 1
/m/06ch55 /music/instrument/instrumentalists /m/01p7b6b 1 1 1 1
/m/05148p4 /music/instrument/instrumentalists /m/01vvydl 1 1 1 1
/m/05148p4 /music/instrument/instrumentalists /m/017f4y 1 1 0 1
/m/05148p4 /music/instrument/instrumentalists /m/07_3qd 1 1 1 1
/m/0l14qv /music/instrument/instrumentalists /m/0135xb 0 1 0 0
/m/07xzm /music/instrument/instrumentalists /m/01wqflx 0 1 0 0
/m/018vs /music/instrument/instrumentalists /m/01tv3x2 1 1 0 1
/m/0jtg0 /music/instrument/instrumentalists /m/0137g1 1 1 0 1
/m/0342h /music/instrument/instrumentalists /m/016h4r 1 1 1 1
/m/03q5t /music/instrument/instrumentalists /m/01vsy3q 1 1 0 1
/m/07xzm /music/instrument/instrumentalists /m/03qmj9 1 1 0 1
/m/05r5c /music/instrument/instrumentalists /m/02p2zq 1 1 1 1
/m/01xqw /music/instrument/instrumentalists /m/032t2z 0 0 0 0
/m/026t6 /music/instrument/instrumentalists /m/01v3s2_ 1 1 1 1
/m/013y1f /music/instrument/instrumentalists /m/01p95y0 1 1 0 1
/m/06w7v /music/instrument/instrumentalists /m/04kjrv 1 1 0 1
/m/02sgy /music/instrument/instrumentalists /m/01vsy3q 1 1 0 1
/m/01s0ps /music/instrument/instrumentalists /m/09hnb 1 1 0 1
/m/07xzm /music/instrument/instrumentalists /m/0259r0 1 1 0 1
/m/05r5c /music/instrument/instrumentalists /m/01s7ns 1 1 1 1
/m/01xqw /music/instrument/instrumentalists /m/01t110 1 1 0 1
/m/02w3w /music/instrument/instrumentalists /m/02cx90 1 1 0 1
/m/03qlv7 /music/instrument/instrumentalists /m/01ky2h 1 1 0 1
/m/018vs /music/instrument/instrumentalists /m/01wf86y 1 1 0 1
/m/0342h /music/instrument/instrumentalists /m/01mxnvc 1 1 1 1
/m/0gghm /music/instrument/instrumentalists /m/016s_5 1 1 0 1
/m/05148p4 /music/instrument/instrumentalists /m/02p2zq 1 1 0 1
/m/05148p4 /music/instrument/instrumentalists /m/024dw0 1 1 0 1
/m/05r5c /music/instrument/instrumentalists /m/0ftps 1 1 0 1
/m/05r5c /music/instrument/instrumentalists /m/01rwcgb 1 1 1 1
/m/05r5c /music/instrument/instrumentalists /m/01p0w_ 1 1 1 1
/m/02hnl /music/instrument/instrumentalists /m/01nn6c 1 1 0 1
/m/026t6 /music/instrument/instrumentalists /m/03c7ln 1 1 0 1
/m/0342h /music/instrument/instrumentalists /m/02jg92 1 1 0 1
/m/0342h /music/instrument/instrumentalists /m/0417z2 1 1 0 1
/m/05r5c /music/instrument/instrumentalists /m/0kvjrw 1 1 1 1
/m/05r5c /music/instrument/instrumentalists /m/01z9_x 1 1 0 1
/m/05r5c /music/instrument/instrumentalists /m/01l4g5 1 1 1 1
/m/026t6 /music/instrument/instrumentalists /m/095x_ 1 1 0 0
/m/018vs /music/instrument/instrumentalists /m/04vrxh 1 1 0 1
/m/018vs /music/instrument/instrumentalists /m/01vsyjy 1 1 1 1
/m/0bxl5 /music/instrument/instrumentalists /m/07r4c 1 1 0 1
/m/0342h /music/instrument/instrumentalists /m/01wwvc5 1 1 1 1
/m/05148p4 /music/instrument/instrumentalists /m/0ftps 1 1 0 1
/m/05148p4 /music/instrument/instrumentalists /m/0232lm 1 1 0 1
/m/03qjg /music/instrument/instrumentalists /m/01vvycq 1 1 0 1
/m/05r5c /music/instrument/instrumentalists /m/01jgkj2 1 1 0 1
/m/05r5c /music/instrument/instrumentalists /m/03ryks 1 1 1 1
/m/05r5c /music/instrument/instrumentalists /m/05y7hc 1 1 1 1
/m/02hnl /music/instrument/instrumentalists /m/01mxnvc 1 1 0 1
/m/02hnl /music/instrument/instrumentalists /m/01s1zk 0 1 0 0
/m/026t6 /music/instrument/instrumentalists /m/015x1f 1 1 1 1
/m/0jtg0 /music/instrument/instrumentalists /m/05cljf 1 1 0 1
/m/02k856 /music/instrument/instrumentalists /m/02l_7y 1 1 0 1
/m/0342h /music/instrument/instrumentalists /m/02vcp0 1 1 1 1
/m/06ch55 /music/instrument/instrumentalists /m/04zwjd 1 1 0 1
/m/03qjg /music/instrument/instrumentalists /m/036px 1 1 0 1
/m/02hnl /music/instrument/instrumentalists /m/01xzb6 1 1 0 1
/m/02hnl /music/instrument/instrumentalists /m/03f1zhf 1 1 0 1
/m/028tv0 /music/instrument/instrumentalists /m/01sb5r 0 1 0 1
/m/05kms /music/instrument/instrumentalists /m/04mky3 1 1 0 1
/m/0l14md /music/instrument/instrumentalists /m/015882 1 1 1 1
/m/02k856 /music/instrument/instrumentalists /m/082brv 1 1 0 1
/m/0342h /music/instrument/instrumentalists /m/0dw3l 1 1 1 1
/m/0342h /music/instrument/instrumentalists /m/0140t7 1 1 0 1
/m/0342h /music/instrument/instrumentalists /m/02fybl 1 1 1 1
/m/02sgy /music/instrument/instrumentalists /m/02fn5r 1 1 0 1
/m/02sgy /music/instrument/instrumentalists /m/05cljf 0 0 0 0
/m/0jtg0 /music/instrument/instrumentalists /m/0pj8m 1 1 1 1
/m/0dwr4 /music/instrument/instrumentalists /m/01p0vf 1 1 0 1
/m/05148p4 /music/instrument/instrumentalists /m/07g2v 1 1 0 1
/m/05148p4 /music/instrument/instrumentalists /m/0bkg4 1 1 0 1
/m/0l14qv /music/instrument/instrumentalists /m/01ww_vs 1 1 0 1
/m/05r5c /music/instrument/instrumentalists /m/06tp4h 1 1 1 1
/m/04rzd /music/instrument/instrumentalists /m/01lmj3q 1 1 0 1
/m/01v1d8 /music/instrument/instrumentalists /m/0k60 1 1 0 1
/m/018vs /music/instrument/instrumentalists /m/06rgq 1 1 0 1
/m/0l14md /music/instrument/instrumentalists /m/03qmj9 1 1 0 1
/m/07xzm /music/instrument/instrumentalists /m/01vsyjy 1 1 0 1
/m/02hnl /music/instrument/instrumentalists /m/01mr2g6 1 1 0 1
/m/02hnl /music/instrument/instrumentalists /m/02mx98 1 1 0 1
/m/026t6 /music/instrument/instrumentalists /m/03f5spx 1 1 0 1
/m/018j2 /music/instrument/instrumentalists /m/03c7ln 1 1 0 1
/m/03gvt /music/instrument/instrumentalists /m/032t2z 1 1 1 1
/m/018vs /music/instrument/instrumentalists /m/02y7sr 1 1 1 1
/m/06ncr /music/instrument/instrumentalists /m/0132k4 1 1 0 1
/m/0342h /music/instrument/instrumentalists /m/0f_y9 1 1 1 1
/m/04rzd /music/instrument/instrumentalists /m/03193l 1 1 0 0
/m/04rzd /music/instrument/instrumentalists /m/01wmjkb 1 1 0 1
/m/02hnl /music/instrument/instrumentalists /m/01wdqrx 1 1 0 1
/m/01xqw /music/instrument/instrumentalists /m/04f7c55 1 1 0 1
/m/02fsn /music/instrument/instrumentalists /m/0dw3l 1 1 0 1
/m/03qjg /music/instrument/instrumentalists /m/01tw31 1 1 0 1
/m/04rzd /music/instrument/instrumentalists /m/01vsnff 1 1 0 1
/m/06ncr /music/instrument/instrumentalists /m/02b25y 1 1 0 1
/m/0342h /music/instrument/instrumentalists /m/03j1p2n 1 1 1 1
/m/0342h /music/instrument/instrumentalists /m/01vng3b 1 1 0 1
/m/0342h /music/instrument/instrumentalists /m/0k1bs 1 1 1 1
/m/05148p4 /music/instrument/instrumentalists /m/01l47f5 1 1 0 1
/m/04rzd /music/instrument/instrumentalists /m/01vn35l 1 1 0 1
/m/02hnl /music/instrument/instrumentalists /m/01v_pj6 1 1 0 0
/m/02hnl /music/instrument/instrumentalists /m/01nqfh_ 1 1 0 1
/m/02hnl /music/instrument/instrumentalists /m/017f4y 1 1 0 1
/m/013y1f /music/instrument/instrumentalists /m/0k4gf 1 1 0 1
/m/0342h /music/instrument/instrumentalists /m/016jfw 1 1 1 1
/m/0mkg /music/instrument/instrumentalists /m/03f7m4h 0 0 0 0
pca confidence sum
/m/05148p4 /music/instrument/instrumentalists /m/01x66d 1 1 0 0
/m/03qjg /music/instrument/instrumentalists /m/01mr2g6 1 1 0 0
/m/07xzm /music/instrument/instrumentalists /m/02vr7 0 1 0 0
/m/05r5c /music/instrument/instrumentalists /m/028qdb 1 1 0 0
/m/02hnl /music/instrument/instrumentalists /m/0137g1 1 1 0 0
/m/02hnl /music/instrument/instrumentalists /m/01vng3b 1 1 0 1
/m/0l14j_ /music/instrument/instrumentalists /m/07z542 0 1 0 0
/m/07_l6 /music/instrument/instrumentalists /m/016wvy 0 0 0 0
/m/014zz1 /music/instrument/instrumentalists /m/01t8399 0 1 0 0
/m/0342h /music/instrument/instrumentalists /m/01hgwkr 1 1 1 1
/m/0342h /music/instrument/instrumentalists /m/01y_rz 1 1 1 1
/m/0342h /music/instrument/instrumentalists /m/01693z 1 1 1 1
/m/02hnl /music/instrument/instrumentalists /m/01gf5h 1 1 0 0
/m/02hnl /music/instrument/instrumentalists /m/012z8_ 1 1 0 0
/m/018vs /music/instrument/instrumentalists /m/0285c 1 1 0 1
/m/0l14md /music/instrument/instrumentalists /m/01vtg4q 1 1 0 0
/m/0342h /music/instrument/instrumentalists /m/019389 1 1 1 1
/m/0342h /music/instrument/instrumentalists /m/01wqpnm 1 1 1 1
/m/0342h /music/instrument/instrumentalists /m/01vrnsk 1 1 1 1
/m/0342h /music/instrument/instrumentalists /m/0133x7 1 1 1 1
/m/02bxd /music/instrument/instrumentalists /m/01y_rz 0 0 0 0
/m/03qjg /music/instrument/instrumentalists /m/0gcs9 1 1 0 0
/m/07brj /music/instrument/instrumentalists /m/01dw_f 0 0 0 0
/m/07_l6 /music/instrument/instrumentalists /m/0k4gf 1 1 0 0
/m/0342h /music/instrument/instrumentalists /m/01l47f5 1 1 1 1
/m/05148p4 /music/instrument/instrumentalists /m/02vr7 1 1 0 1
/m/05148p4 /music/instrument/instrumentalists /m/01lvcs1 1 1 0 1
/m/01vdm0 /music/instrument/instrumentalists /m/0ftqr 0 1 0 0
/m/02hnl /music/instrument/instrumentalists /m/0fq117k 1 1 0 0
/m/03gvt /music/instrument/instrumentalists /m/0163r3 1 1 0 0
/m/018vs /music/instrument/instrumentalists /m/01w5gg6 1 1 0 0
/m/07_l6 /music/instrument/instrumentalists /m/02cx90 0 1 0 0
/m/06ncr /music/instrument/instrumentalists /m/015x1f 1 1 0 0
/m/03t22m /music/instrument/instrumentalists /m/07z542 1 1 0 0
/m/05r5c /music/instrument/instrumentalists /m/01nkxvx 1 1 0 0
/m/05r5c /music/instrument/instrumentalists /m/0h6sv 1 1 1 1
/m/02hnl /music/instrument/instrumentalists /m/0285c 1 1 0 1
/m/026t6 /music/instrument/instrumentalists /m/03xl77 1 1 0 0
/m/01v1d8 /music/instrument/instrumentalists /m/02bgmr 0 0 0 0
/m/05148p4 /music/instrument/instrumentalists /m/01wzlxj 1 1 0 1
/m/05r5c /music/instrument/instrumentalists /m/026spg 1 1 0 0
/m/02hnl /music/instrument/instrumentalists /m/0zjpz 1 1 0 1
/m/0342h /music/instrument/instrumentalists /m/05qw5 1 1 1 1
/m/0342h /music/instrument/instrumentalists /m/01wg3q 1 1 1 1
/m/0342h /music/instrument/instrumentalists /m/027hm_ 1 1 1 1
/m/0342h /music/instrument/instrumentalists /m/01j4ls 1 1 1 1
/m/0l14qv /music/instrument/instrumentalists /m/01tv3x2 1 1 0 0
/m/02hnl /music/instrument/instrumentalists /m/01vn35l 1 1 0 1
/m/018vs /music/instrument/instrumentalists /m/01wdqrx 1 1 0 0
/m/0l14md /music/instrument/instrumentalists /m/01k_0fp 1 1 0 0
/m/0342h /music/instrument/instrumentalists /m/01wvxw1 1 1 1 1
/m/0342h /music/instrument/instrumentalists /m/01wy61y 1 1 1 1
/m/0342h /music/instrument/instrumentalists /m/025ldg 1 1 1 1
/m/03qjg /music/instrument/instrumentalists /m/01vsyg9 1 1 0 0
/m/05r5c /music/instrument/instrumentalists /m/01w9wwg 1 1 0 0
/m/07gql /music/instrument/instrumentalists /m/06w2sn5 0 1 0 0
/m/0l14j_ /music/instrument/instrumentalists /m/01k23t 1 1 0 0
/m/013y1f /music/instrument/instrumentalists /m/01lvcs1 0 1 0 0
/m/018vs /music/instrument/instrumentalists /m/01wy61y 1 1 0 1
/m/0342h /music/instrument/instrumentalists /m/0bdxs5 1 1 1 1
/m/0342h /music/instrument/instrumentalists /m/0jsg0m 1 1 1 1
/m/0342h /music/instrument/instrumentalists /m/01wmjkb 1 1 1 1
/m/0342h /music/instrument/instrumentalists /m/01p95y0 1 1 1 1
/m/05148p4 /music/instrument/instrumentalists /m/012z8_ 1 1 0 0
/m/0l14qv /music/instrument/instrumentalists /m/017g21 1 1 0 0
/m/03q5t /music/instrument/instrumentalists /m/01vsqvs 0 0 0 0
/m/05r5c /music/instrument/instrumentalists /m/016ntp 1 1 0 1
/m/04rzd /music/instrument/instrumentalists /m/05cljf 1 1 0 0
/m/026t6 /music/instrument/instrumentalists /m/01vvycq 1 1 0 1
/m/0342h /music/instrument/instrumentalists /m/01nhkxp 1 1 1 1
/m/0342h /music/instrument/instrumentalists /m/0274ck 1 1 1 1
/m/0mkg /music/instrument/instrumentalists /m/018pj3 1 1 0 0
/m/02fsn /music/instrument/instrumentalists /m/0lbj1 0 1 0 0
/m/03qjg /music/instrument/instrumentalists /m/0137g1 1 1 0 0
/m/05r5c /music/instrument/instrumentalists /m/01w60_p 1 1 0 1
/m/05r5c /music/instrument/instrumentalists /m/0lzkm 1 1 0 0
/m/04rzd /music/instrument/instrumentalists /m/03f5spx 1 1 0 0
/m/018j2 /music/instrument/instrumentalists /m/02qx5h 0 0 0 0
/m/06w7v /music/instrument/instrumentalists /m/02l_7y 0 0 0 0
/m/0342h /music/instrument/instrumentalists /m/04kjrv 1 1 1 1
/m/01hww_ /music/instrument/instrumentalists /m/01p95y0 1 1 0 0
/m/05148p4 /music/instrument/instrumentalists /m/01xzb6 1 1 0 1
/m/07xzm /music/instrument/instrumentalists /m/01wp8w7 0 0 0 0
/m/07gql /music/instrument/instrumentalists /m/04n32 0 0 0 0
/m/026t6 /music/instrument/instrumentalists /m/09qr6 1 1 0 0
/m/018j2 /music/instrument/instrumentalists /m/04m2zj 0 1 0 0
/m/02sgy /music/instrument/instrumentalists /m/0161c2 1 1 0 0
/m/0342h /music/instrument/instrumentalists /m/01wdcxk 1 1 1 1
/m/0342h /music/instrument/instrumentalists /m/0pgjm 1 1 1 1
/m/0342h /music/instrument/instrumentalists /m/015196 1 1 1 1
/m/02fsn /music/instrument/instrumentalists /m/024zq 1 1 0 0
/m/05148p4 /music/instrument/instrumentalists /m/057xn_m 1 1 0 1
/m/05r5c /music/instrument/instrumentalists /m/0fpjd_g 1 1 0 0
/m/01xqw /music/instrument/instrumentalists /m/01vsyjy 0 0 0 0
/m/026t6 /music/instrument/instrumentalists /m/0161c2 1 1 0 0
/m/018j2 /music/instrument/instrumentalists /m/02fn5r 1 1 0 0
/m/01wy6 /music/instrument/instrumentalists /m/0146pg 0 1 0 0
/m/018vs /music/instrument/instrumentalists /m/02whj 1 1 0 0
/m/0342h /music/instrument/instrumentalists /m/013423 1 1 1 1
/m/0342h /music/instrument/instrumentalists /m/017g21 1 1 1 1
/m/05148p4 /music/instrument/instrumentalists /m/015196 1 1 0 1
/m/0l14qv /music/instrument/instrumentalists /m/0jn5l 1 1 0 0
/m/0l14qv /music/instrument/instrumentalists /m/01mr2g6 1 1 0 0
/m/05r5c /music/instrument/instrumentalists /m/0b_j2 1 1 0 1
/m/042v_gx /music/instrument/instrumentalists /m/03gr7w 1 1 0 0
/m/02hnl /music/instrument/instrumentalists /m/01wzlxj 1 1 0 1
/m/07gql /music/instrument/instrumentalists /m/01m3x5p 1 1 0 0
/m/013y1f /music/instrument/instrumentalists /m/053y0s 1 1 0 0
/m/013y1f /music/instrument/instrumentalists /m/0b_j2 1 1 0 0
/m/07_l6 /music/instrument/instrumentalists /m/03_f0 1 1 0 0
/m/048j4l /music/instrument/instrumentalists /m/0kzy0 0 0 0 0
/m/0342h /music/instrument/instrumentalists /m/03bnv 1 1 1 1
/m/0342h /music/instrument/instrumentalists /m/01vrt_c 1 1 1 1
/m/0cfdd /music/instrument/instrumentalists /m/01vw_dv 1 1 0 0
/m/05148p4 /music/instrument/instrumentalists /m/024qwq 1 1 0 0
/m/0gkd1 /music/instrument/instrumentalists /m/01p95y0 0 0 0 0
/m/05r5c /music/instrument/instrumentalists /m/03f0fnk 1 1 0 1
/m/05r5c /music/instrument/instrumentalists /m/086qd 1 1 0 0
/m/05r5c /music/instrument/instrumentalists /m/0p7h7 1 1 0 1
/m/05r5c /music/instrument/instrumentalists /m/01ydzx 1 1 0 1
/m/05r5c /music/instrument/instrumentalists /m/0132k4 1 1 0 0
/m/026t6 /music/instrument/instrumentalists /m/01wd9lv 1 1 0 0
/m/013y1f /music/instrument/instrumentalists /m/01k47c 1 1 0 0
/m/02k84w /music/instrument/instrumentalists /m/082brv 1 1 0 0
/m/07y_7 /music/instrument/instrumentalists /m/043d4 1 1 0 0
/m/018vs /music/instrument/instrumentalists /m/03bnv 1 1 0 1
/m/018vs /music/instrument/instrumentalists /m/018x3 1 1 0 1
/m/0l14md /music/instrument/instrumentalists /m/01p95y0 1 1 0 0
/m/02k856 /music/instrument/instrumentalists /m/0565cz 1 1 0 0
/m/05148p4 /music/instrument/instrumentalists /m/0lbj1 1 1 0 0
/m/05148p4 /music/instrument/instrumentalists /m/01z9_x 1 1 0 1
/m/042v_gx /music/instrument/instrumentalists /m/03xnq9_ 1 1 0 0
/m/06w7v /music/instrument/instrumentalists /m/02pt27 0 0 0 0
/m/018vs /music/instrument/instrumentalists /m/027dpx 1 1 0 0
/m/018vs /music/instrument/instrumentalists /m/01271h 1 1 0 1
/m/0342h /music/instrument/instrumentalists /m/050z2 1 1 1 1
/m/05148p4 /music/instrument/instrumentalists /m/028qdb 1 1 1 1
/m/03qjg /music/instrument/instrumentalists /m/02b25y 1 1 0 0
/m/02pprs /music/instrument/instrumentalists /m/0f0y8 1 1 0 0
/m/05r5c /music/instrument/instrumentalists /m/02_t2t 1 1 0 1
/m/02hnl /music/instrument/instrumentalists /m/018gkb 1 1 0 1
/m/0l14md /music/instrument/instrumentalists /m/02s2wq 1 1 0 0
/m/0342h /music/instrument/instrumentalists /m/016z1t 1 1 1 1
/m/018j2 /music/instrument/instrumentalists /m/01l7qw 1 1 0 0
/m/018vs /music/instrument/instrumentalists /m/03j24kf 1 1 0 1
/m/018vs /music/instrument/instrumentalists /m/0g824 1 1 0 1
/m/0l14md /music/instrument/instrumentalists /m/0pkyh 1 1 0 0
/m/0342h /music/instrument/instrumentalists /m/019g40 1 1 1 1
/m/06ch55 /music/instrument/instrumentalists /m/01p7b6b 1 1 0 0
/m/05148p4 /music/instrument/instrumentalists /m/01vvydl 1 1 0 0
/m/05148p4 /music/instrument/instrumentalists /m/017f4y 1 1 0 1
/m/05148p4 /music/instrument/instrumentalists /m/07_3qd 1 1 0 0
/m/0l14qv /music/instrument/instrumentalists /m/0135xb 0 1 0 0
/m/07xzm /music/instrument/instrumentalists /m/01wqflx 0 0 0 0
/m/018vs /music/instrument/instrumentalists /m/01tv3x2 1 1 0 0
/m/0jtg0 /music/instrument/instrumentalists /m/0137g1 1 1 0 0
/m/0342h /music/instrument/instrumentalists /m/016h4r 1 1 1 1
/m/03q5t /music/instrument/instrumentalists /m/01vsy3q 0 0 0 0
/m/07xzm /music/instrument/instrumentalists /m/03qmj9 0 1 0 0
/m/05r5c /music/instrument/instrumentalists /m/02p2zq 1 1 0 0
/m/01xqw /music/instrument/instrumentalists /m/032t2z 0 0 0 0
/m/026t6 /music/instrument/instrumentalists /m/01v3s2_ 1 1 0 0
/m/013y1f /music/instrument/instrumentalists /m/01p95y0 0 1 0 0
/m/06w7v /music/instrument/instrumentalists /m/04kjrv 0 0 0 0
/m/02sgy /music/instrument/instrumentalists /m/01vsy3q 1 1 0 0
/m/01s0ps /music/instrument/instrumentalists /m/09hnb 1 1 0 0
/m/07xzm /music/instrument/instrumentalists /m/0259r0 1 1 0 0
/m/05r5c /music/instrument/instrumentalists /m/01s7ns 1 1 0 1
/m/01xqw /music/instrument/instrumentalists /m/01t110 0 1 0 0
/m/02w3w /music/instrument/instrumentalists /m/02cx90 1 1 0 0
/m/03qlv7 /music/instrument/instrumentalists /m/01ky2h 1 1 0 0
/m/018vs /music/instrument/instrumentalists /m/01wf86y 1 1 0 0
/m/0342h /music/instrument/instrumentalists /m/01mxnvc 1 1 1 1
/m/0gghm /music/instrument/instrumentalists /m/016s_5 0 1 0 0
/m/05148p4 /music/instrument/instrumentalists /m/02p2zq 1 1 0 0
/m/05148p4 /music/instrument/instrumentalists /m/024dw0 1 1 0 0
/m/05r5c /music/instrument/instrumentalists /m/0ftps 1 1 1 1
/m/05r5c /music/instrument/instrumentalists /m/01rwcgb 1 1 0 1
/m/05r5c /music/instrument/instrumentalists /m/01p0w_ 1 1 0 1
/m/02hnl /music/instrument/instrumentalists /m/01nn6c 1 1 0 0
/m/026t6 /music/instrument/instrumentalists /m/03c7ln 1 1 0 0
/m/0342h /music/instrument/instrumentalists /m/02jg92 1 1 1 1
/m/0342h /music/instrument/instrumentalists /m/0417z2 1 1 1 1
/m/05r5c /music/instrument/instrumentalists /m/0kvjrw 1 1 0 1
/m/05r5c /music/instrument/instrumentalists /m/01z9_x 1 1 0 1
/m/05r5c /music/instrument/instrumentalists /m/01l4g5 1 1 1 1
/m/026t6 /music/instrument/instrumentalists /m/095x_ 1 1 0 0
/m/018vs /music/instrument/instrumentalists /m/04vrxh 1 1 0 1
/m/018vs /music/instrument/instrumentalists /m/01vsyjy 1 1 0 1
/m/0bxl5 /music/instrument/instrumentalists /m/07r4c 1 1 0 0
/m/0342h /music/instrument/instrumentalists /m/01wwvc5 1 1 1 1
/m/05148p4 /music/instrument/instrumentalists /m/0ftps 1 1 0 0
/m/05148p4 /music/instrument/instrumentalists /m/0232lm 1 1 0 1
/m/03qjg /music/instrument/instrumentalists /m/01vvycq 1 1 0 1
/m/05r5c /music/instrument/instrumentalists /m/01jgkj2 1 1 0 1
/m/05r5c /music/instrument/instrumentalists /m/03ryks 1 1 0 1
/m/05r5c /music/instrument/instrumentalists /m/05y7hc 1 1 1 1
/m/02hnl /music/instrument/instrumentalists /m/01mxnvc 1 1 0 0
/m/02hnl /music/instrument/instrumentalists /m/01s1zk 1 1 0 0
/m/026t6 /music/instrument/instrumentalists /m/015x1f 1 1 0 0
/m/0jtg0 /music/instrument/instrumentalists /m/05cljf 0 1 0 0
/m/02k856 /music/instrument/instrumentalists /m/02l_7y 0 0 0 0
/m/0342h /music/instrument/instrumentalists /m/02vcp0 1 1 1 1
/m/06ch55 /music/instrument/instrumentalists /m/04zwjd 1 1 0 0
/m/03qjg /music/instrument/instrumentalists /m/036px 1 1 0 0
/m/02hnl /music/instrument/instrumentalists /m/01xzb6 1 1 0 0
/m/02hnl /music/instrument/instrumentalists /m/03f1zhf 1 1 0 0
/m/028tv0 /music/instrument/instrumentalists /m/01sb5r 0 1 0 0
/m/05kms /music/instrument/instrumentalists /m/04mky3 0 1 0 0
/m/0l14md /music/instrument/instrumentalists /m/015882 1 1 0 0
/m/02k856 /music/instrument/instrumentalists /m/082brv 1 1 0 0
/m/0342h /music/instrument/instrumentalists /m/0dw3l 1 1 1 1
/m/0342h /music/instrument/instrumentalists /m/0140t7 1 1 1 1
/m/0342h /music/instrument/instrumentalists /m/02fybl 1 1 1 1
/m/02sgy /music/instrument/instrumentalists /m/02fn5r 1 1 0 0
/m/02sgy /music/instrument/instrumentalists /m/05cljf 0 1 0 0
/m/0jtg0 /music/instrument/instrumentalists /m/0pj8m 1 1 0 0
/m/0dwr4 /music/instrument/instrumentalists /m/01p0vf 0 1 0 0
/m/05148p4 /music/instrument/instrumentalists /m/07g2v 1 1 0 1
/m/05148p4 /music/instrument/instrumentalists /m/0bkg4 1 1 0 1
/m/0l14qv /music/instrument/instrumentalists /m/01ww_vs 1 1 0 0
/m/05r5c /music/instrument/instrumentalists /m/06tp4h 1 1 0 0
/m/04rzd /music/instrument/instrumentalists /m/01lmj3q 1 1 0 0
/m/01v1d8 /music/instrument/instrumentalists /m/0k60 1 1 0 0
/m/018vs /music/instrument/instrumentalists /m/06rgq 1 1 0 1
/m/0l14md /music/instrument/instrumentalists /m/03qmj9 1 1 0 0
/m/07xzm /music/instrument/instrumentalists /m/01vsyjy 0 0 0 0
/m/02hnl /music/instrument/instrumentalists /m/01mr2g6 1 1 0 0
/m/02hnl /music/instrument/instrumentalists /m/02mx98 1 1 0 0
/m/026t6 /music/instrument/instrumentalists /m/03f5spx 1 1 0 0
/m/018j2 /music/instrument/instrumentalists /m/03c7ln 1 1 0 0
/m/03gvt /music/instrument/instrumentalists /m/032t2z 1 1 0 0
/m/018vs /music/instrument/instrumentalists /m/02y7sr 1 1 0 1
/m/06ncr /music/instrument/instrumentalists /m/0132k4 0 1 0 0
/m/0342h /music/instrument/instrumentalists /m/0f_y9 1 1 1 1
/m/04rzd /music/instrument/instrumentalists /m/03193l 1 1 0 0
/m/04rzd /music/instrument/instrumentalists /m/01wmjkb 0 1 0 0
/m/02hnl /music/instrument/instrumentalists /m/01wdqrx 1 1 0 0
/m/01xqw /music/instrument/instrumentalists /m/04f7c55 0 0 0 0
/m/02fsn /music/instrument/instrumentalists /m/0dw3l 0 0 0 0
/m/03qjg /music/instrument/instrumentalists /m/01tw31 1 1 0 0
/m/04rzd /music/instrument/instrumentalists /m/01vsnff 0 1 0 0
/m/06ncr /music/instrument/instrumentalists /m/02b25y 1 1 0 0
/m/0342h /music/instrument/instrumentalists /m/03j1p2n 1 1 1 1
/m/0342h /music/instrument/instrumentalists /m/01vng3b 1 1 1 1
/m/0342h /music/instrument/instrumentalists /m/0k1bs 1 1 1 1
/m/05148p4 /music/instrument/instrumentalists /m/01l47f5 1 1 0 0
/m/04rzd /music/instrument/instrumentalists /m/01vn35l 0 1 0 0
/m/02hnl /music/instrument/instrumentalists /m/01v_pj6 1 1 0 0
/m/02hnl /music/instrument/instrumentalists /m/01nqfh_ 1 1 0 0
/m/02hnl /music/instrument/instrumentalists /m/017f4y 1 1 0 1
/m/013y1f /music/instrument/instrumentalists /m/0k4gf 1 1 0 0
/m/0342h /music/instrument/instrumentalists /m/016jfw 1 1 1 1
/m/0mkg /music/instrument/instrumentalists /m/03f7m4h 0 0 0 0
std confidence sum
/m/05148p4 /music/instrument/instrumentalists /m/01x66d 1 1 0 1
/m/03qjg /music/instrument/instrumentalists /m/01mr2g6 1 1 0 0
/m/07xzm /music/instrument/instrumentalists /m/02vr7 0 1 0 0
/m/05r5c /music/instrument/instrumentalists /m/028qdb 1 1 0 0
/m/02hnl /music/instrument/instrumentalists /m/0137g1 1 1 0 0
/m/02hnl /music/instrument/instrumentalists /m/01vng3b 1 1 0 1
/m/0l14j_ /music/instrument/instrumentalists /m/07z542 1 1 0 0
/m/07_l6 /music/instrument/instrumentalists /m/016wvy 0 1 0 0
/m/014zz1 /music/instrument/instrumentalists /m/01t8399 0 1 0 0
/m/0342h /music/instrument/instrumentalists /m/01hgwkr 1 1 1 1
/m/0342h /music/instrument/instrumentalists /m/01y_rz 1 1 1 1
/m/0342h /music/instrument/instrumentalists /m/01693z 1 1 1 1
/m/02hnl /music/instrument/instrumentalists /m/01gf5h 1 1 0 0
/m/02hnl /music/instrument/instrumentalists /m/012z8_ 1 1 0 0
/m/018vs /music/instrument/instrumentalists /m/0285c 1 1 0 1
/m/0l14md /music/instrument/instrumentalists /m/01vtg4q 1 1 0 0
/m/0342h /music/instrument/instrumentalists /m/019389 1 1 1 1
/m/0342h /music/instrument/instrumentalists /m/01wqpnm 1 1 1 1
/m/0342h /music/instrument/instrumentalists /m/01vrnsk 1 1 1 1
/m/0342h /music/instrument/instrumentalists /m/0133x7 1 1 1 1
/m/02bxd /music/instrument/instrumentalists /m/01y_rz 0 0 0 0
/m/03qjg /music/instrument/instrumentalists /m/0gcs9 1 1 0 0
/m/07brj /music/instrument/instrumentalists /m/01dw_f 0 0 0 0
/m/07_l6 /music/instrument/instrumentalists /m/0k4gf 1 1 0 0
/m/0342h /music/instrument/instrumentalists /m/01l47f5 1 1 1 1
/m/05148p4 /music/instrument/instrumentalists /m/02vr7 1 1 0 1
/m/05148p4 /music/instrument/instrumentalists /m/01lvcs1 1 1 0 1
/m/01vdm0 /music/instrument/instrumentalists /m/0ftqr 1 1 0 0
/m/02hnl /music/instrument/instrumentalists /m/0fq117k 1 1 0 0
/m/03gvt /music/instrument/instrumentalists /m/0163r3 1 1 0 0
/m/018vs /music/instrument/instrumentalists /m/01w5gg6 1 1 0 0
/m/07_l6 /music/instrument/instrumentalists /m/02cx90 1 1 0 0
/m/06ncr /music/instrument/instrumentalists /m/015x1f 1 1 0 0
/m/03t22m /music/instrument/instrumentalists /m/07z542 1 1 0 0
/m/05r5c /music/instrument/instrumentalists /m/01nkxvx 1 1 0 0
/m/05r5c /music/instrument/instrumentalists /m/0h6sv 1 1 1 1
/m/02hnl /music/instrument/instrumentalists /m/0285c 1 1 0 1
/m/026t6 /music/instrument/instrumentalists /m/03xl77 1 1 0 0
/m/01v1d8 /music/instrument/instrumentalists /m/02bgmr 0 0 0 0
/m/05148p4 /music/instrument/instrumentalists /m/01wzlxj 1 1 1 1
/m/05r5c /music/instrument/instrumentalists /m/026spg 1 1 0 0
/m/02hnl /music/instrument/instrumentalists /m/0zjpz 1 1 0 1
/m/0342h /music/instrument/instrumentalists /m/05qw5 1 1 1 1
/m/0342h /music/instrument/instrumentalists /m/01wg3q 1 1 1 1
/m/0342h /music/instrument/instrumentalists /m/027hm_ 1 1 1 1
/m/0342h /music/instrument/instrumentalists /m/01j4ls 1 1 1 1
/m/0l14qv /music/instrument/instrumentalists /m/01tv3x2 1 1 0 0
/m/02hnl /music/instrument/instrumentalists /m/01vn35l 1 1 0 1
/m/018vs /music/instrument/instrumentalists /m/01wdqrx 1 1 0 0
/m/0l14md /music/instrument/instrumentalists /m/01k_0fp 1 1 0 0
/m/0342h /music/instrument/instrumentalists /m/01wvxw1 1 1 1 1
/m/0342h /music/instrument/instrumentalists /m/01wy61y 1 1 1 1
/m/0342h /music/instrument/instrumentalists /m/025ldg 1 1 1 1
/m/03qjg /music/instrument/instrumentalists /m/01vsyg9 1 1 0 0
/m/05r5c /music/instrument/instrumentalists /m/01w9wwg 1 1 0 0
/m/07gql /music/instrument/instrumentalists /m/06w2sn5 1 1 0 0
/m/0l14j_ /music/instrument/instrumentalists /m/01k23t 1 1 0 0
/m/013y1f /music/instrument/instrumentalists /m/01lvcs1 0 1 0 0
/m/018vs /music/instrument/instrumentalists /m/01wy61y 1 1 0 1
/m/0342h /music/instrument/instrumentalists /m/0bdxs5 1 1 1 1
/m/0342h /music/instrument/instrumentalists /m/0jsg0m 1 1 1 1
/m/0342h /music/instrument/instrumentalists /m/01wmjkb 1 1 1 1
/m/0342h /music/instrument/instrumentalists /m/01p95y0 1 1 1 1
/m/05148p4 /music/instrument/instrumentalists /m/012z8_ 1 1 0 0
/m/0l14qv /music/instrument/instrumentalists /m/017g21 1 1 0 0
/m/03q5t /music/instrument/instrumentalists /m/01vsqvs 0 0 0 0
/m/05r5c /music/instrument/instrumentalists /m/016ntp 1 1 0 1
/m/04rzd /music/instrument/instrumentalists /m/05cljf 1 1 0 0
/m/026t6 /music/instrument/instrumentalists /m/01vvycq 1 1 0 1
/m/0342h /music/instrument/instrumentalists /m/01nhkxp 1 1 1 1
/m/0342h /music/instrument/instrumentalists /m/0274ck 1 1 1 1
/m/0mkg /music/instrument/instrumentalists /m/018pj3 1 1 0 0
/m/02fsn /music/instrument/instrumentalists /m/0lbj1 0 1 0 0
/m/03qjg /music/instrument/instrumentalists /m/0137g1 1 1 0 0
/m/05r5c /music/instrument/instrumentalists /m/01w60_p 1 1 0 1
/m/05r5c /music/instrument/instrumentalists /m/0lzkm 1 1 0 1
/m/04rzd /music/instrument/instrumentalists /m/03f5spx 1 1 0 0
/m/018j2 /music/instrument/instrumentalists /m/02qx5h 0 0 0 0
/m/06w7v /music/instrument/instrumentalists /m/02l_7y 0 0 0 0
/m/0342h /music/instrument/instrumentalists /m/04kjrv 1 1 1 1
/m/01hww_ /music/instrument/instrumentalists /m/01p95y0 1 1 0 0
/m/05148p4 /music/instrument/instrumentalists /m/01xzb6 1 1 0 1
/m/07xzm /music/instrument/instrumentalists /m/01wp8w7 0 0 0 0
/m/07gql /music/instrument/instrumentalists /m/04n32 1 1 0 0
/m/026t6 /music/instrument/instrumentalists /m/09qr6 0 1 0 0
/m/018j2 /music/instrument/instrumentalists /m/04m2zj 0 1 0 0
/m/02sgy /music/instrument/instrumentalists /m/0161c2 1 1 0 0
/m/0342h /music/instrument/instrumentalists /m/01wdcxk 1 1 1 1
/m/0342h /music/instrument/instrumentalists /m/0pgjm 1 1 1 1
/m/0342h /music/instrument/instrumentalists /m/015196 1 1 1 1
/m/02fsn /music/instrument/instrumentalists /m/024zq 1 1 0 0
/m/05148p4 /music/instrument/instrumentalists /m/057xn_m 1 1 0 1
/m/05r5c /music/instrument/instrumentalists /m/0fpjd_g 1 1 0 1
/m/01xqw /music/instrument/instrumentalists /m/01vsyjy 0 0 0 0
/m/026t6 /music/instrument/instrumentalists /m/0161c2 1 1 0 0
/m/018j2 /music/instrument/instrumentalists /m/02fn5r 1 1 0 0
/m/01wy6 /music/instrument/instrumentalists /m/0146pg 1 1 0 0
/m/018vs /music/instrument/instrumentalists /m/02whj 1 1 0 0
/m/0342h /music/instrument/instrumentalists /m/013423 1 1 1 1
/m/0342h /music/instrument/instrumentalists /m/017g21 1 1 1 1
/m/05148p4 /music/instrument/instrumentalists /m/015196 1 1 0 1
/m/0l14qv /music/instrument/instrumentalists /m/0jn5l 1 1 0 0
/m/0l14qv /music/instrument/instrumentalists /m/01mr2g6 1 1 0 0
/m/05r5c /music/instrument/instrumentalists /m/0b_j2 1 1 0 1
/m/042v_gx /music/instrument/instrumentalists /m/03gr7w 1 1 0 0
/m/02hnl /music/instrument/instrumentalists /m/01wzlxj 1 1 0 1
/m/07gql /music/instrument/instrumentalists /m/01m3x5p 1 1 1 1
/m/013y1f /music/instrument/instrumentalists /m/053y0s 1 1 0 0
/m/013y1f /music/instrument/instrumentalists /m/0b_j2 1 1 0 0
/m/07_l6 /music/instrument/instrumentalists /m/03_f0 1 1 0 0
/m/048j4l /music/instrument/instrumentalists /m/0kzy0 0 0 0 0
/m/0342h /music/instrument/instrumentalists /m/03bnv 1 1 1 1
/m/0342h /music/instrument/instrumentalists /m/01vrt_c 1 1 1 1
/m/0cfdd /music/instrument/instrumentalists /m/01vw_dv 1 1 0 0
/m/05148p4 /music/instrument/instrumentalists /m/024qwq 1 1 0 0
/m/0gkd1 /music/instrument/instrumentalists /m/01p95y0 0 0 0 0
/m/05r5c /music/instrument/instrumentalists /m/03f0fnk 1 1 0 1
/m/05r5c /music/instrument/instrumentalists /m/086qd 1 1 0 0
/m/05r5c /music/instrument/instrumentalists /m/0p7h7 1 1 0 1
/m/05r5c /music/instrument/instrumentalists /m/01ydzx 1 1 0 1
/m/05r5c /music/instrument/instrumentalists /m/0132k4 1 1 0 0
/m/026t6 /music/instrument/instrumentalists /m/01wd9lv 1 1 0 0
/m/013y1f /music/instrument/instrumentalists /m/01k47c 1 1 0 0
/m/02k84w /music/instrument/instrumentalists /m/082brv 1 1 0 0
/m/07y_7 /music/instrument/instrumentalists /m/043d4 1 1 1 1
/m/018vs /music/instrument/instrumentalists /m/03bnv 1 1 0 1
/m/018vs /music/instrument/instrumentalists /m/018x3 1 1 0 1
/m/0l14md /music/instrument/instrumentalists /m/01p95y0 1 1 0 0
/m/02k856 /music/instrument/instrumentalists /m/0565cz 1 1 0 0
/m/05148p4 /music/instrument/instrumentalists /m/0lbj1 1 1 0 0
/m/05148p4 /music/instrument/instrumentalists /m/01z9_x 1 1 0 1
/m/042v_gx /music/instrument/instrumentalists /m/03xnq9_ 1 1 0 0
/m/06w7v /music/instrument/instrumentalists /m/02pt27 0 1 0 0
/m/018vs /music/instrument/instrumentalists /m/027dpx 1 1 0 0
/m/018vs /music/instrument/instrumentalists /m/01271h 1 1 0 1
/m/0342h /music/instrument/instrumentalists /m/050z2 1 1 1 1
/m/05148p4 /music/instrument/instrumentalists /m/028qdb 1 1 1 1
/m/03qjg /music/instrument/instrumentalists /m/02b25y 1 1 0 0
/m/02pprs /music/instrument/instrumentalists /m/0f0y8 1 1 0 0
/m/05r5c /music/instrument/instrumentalists /m/02_t2t 1 1 0 1
/m/02hnl /music/instrument/instrumentalists /m/018gkb 1 1 0 1
/m/0l14md /music/instrument/instrumentalists /m/02s2wq 1 1 0 0
/m/0342h /music/instrument/instrumentalists /m/016z1t 1 1 1 1
/m/018j2 /music/instrument/instrumentalists /m/01l7qw 1 1 0 0
/m/018vs /music/instrument/instrumentalists /m/03j24kf 1 1 0 1
/m/018vs /music/instrument/instrumentalists /m/0g824 1 1 0 1
/m/0l14md /music/instrument/instrumentalists /m/0pkyh 1 1 0 0
/m/0342h /music/instrument/instrumentalists /m/019g40 1 1 1 1
/m/06ch55 /music/instrument/instrumentalists /m/01p7b6b 1 1 0 0
/m/05148p4 /music/instrument/instrumentalists /m/01vvydl 1 1 0 0
/m/05148p4 /music/instrument/instrumentalists /m/017f4y 1 1 0 1
/m/05148p4 /music/instrument/instrumentalists /m/07_3qd 1 1 0 0
/m/0l14qv /music/instrument/instrumentalists /m/0135xb 0 1 0 0
/m/07xzm /music/instrument/instrumentalists /m/01wqflx 0 0 0 0
/m/018vs /music/instrument/instrumentalists /m/01tv3x2 1 1 0 0
/m/0jtg0 /music/instrument/instrumentalists /m/0137g1 1 1 0 0
/m/0342h /music/instrument/instrumentalists /m/016h4r 1 1 1 1
/m/03q5t /music/instrument/instrumentalists /m/01vsy3q 0 1 0 0
/m/07xzm /music/instrument/instrumentalists /m/03qmj9 0 1 0 0
/m/05r5c /music/instrument/instrumentalists /m/02p2zq 1 1 0 0
/m/01xqw /music/instrument/instrumentalists /m/032t2z 0 0 0 0
/m/026t6 /music/instrument/instrumentalists /m/01v3s2_ 1 1 1 1
/m/013y1f /music/instrument/instrumentalists /m/01p95y0 0 1 0 0
/m/06w7v /music/instrument/instrumentalists /m/04kjrv 0 0 0 0
/m/02sgy /music/instrument/instrumentalists /m/01vsy3q 1 1 0 0
/m/01s0ps /music/instrument/instrumentalists /m/09hnb 1 1 0 0
/m/07xzm /music/instrument/instrumentalists /m/0259r0 1 1 0 0
/m/05r5c /music/instrument/instrumentalists /m/01s7ns 1 1 0 1
/m/01xqw /music/instrument/instrumentalists /m/01t110 1 1 0 0
/m/02w3w /music/instrument/instrumentalists /m/02cx90 1 1 0 0
/m/03qlv7 /music/instrument/instrumentalists /m/01ky2h 1 1 0 0
/m/018vs /music/instrument/instrumentalists /m/01wf86y 1 1 0 0
/m/0342h /music/instrument/instrumentalists /m/01mxnvc 1 1 1 1
/m/0gghm /music/instrument/instrumentalists /m/016s_5 0 1 0 0
/m/05148p4 /music/instrument/instrumentalists /m/02p2zq 1 1 0 0
/m/05148p4 /music/instrument/instrumentalists /m/024dw0 1 1 0 0
/m/05r5c /music/instrument/instrumentalists /m/0ftps 1 1 1 1
/m/05r5c /music/instrument/instrumentalists /m/01rwcgb 1 1 0 1
/m/05r5c /music/instrument/instrumentalists /m/01p0w_ 1 1 0 1
/m/02hnl /music/instrument/instrumentalists /m/01nn6c 1 1 0 0
/m/026t6 /music/instrument/instrumentalists /m/03c7ln 1 1 0 0
/m/0342h /music/instrument/instrumentalists /m/02jg92 1 1 1 1
/m/0342h /music/instrument/instrumentalists /m/0417z2 1 1 0 1
/m/05r5c /music/instrument/instrumentalists /m/0kvjrw 1 1 0 1
/m/05r5c /music/instrument/instrumentalists /m/01z9_x 1 1 0 1
/m/05r5c /music/instrument/instrumentalists /m/01l4g5 1 1 1 1
/m/026t6 /music/instrument/instrumentalists /m/095x_ 1 1 0 0
/m/018vs /music/instrument/instrumentalists /m/04vrxh 1 1 0 1
/m/018vs /music/instrument/instrumentalists /m/01vsyjy 1 1 0 1
/m/0bxl5 /music/instrument/instrumentalists /m/07r4c 1 1 0 0
/m/0342h /music/instrument/instrumentalists /m/01wwvc5 1 1 1 1
/m/05148p4 /music/instrument/instrumentalists /m/0ftps 1 1 0 1
/m/05148p4 /music/instrument/instrumentalists /m/0232lm 1 1 0 1
/m/03qjg /music/instrument/instrumentalists /m/01vvycq 1 1 0 1
/m/05r5c /music/instrument/instrumentalists /m/01jgkj2 1 1 0 1
/m/05r5c /music/instrument/instrumentalists /m/03ryks 1 1 0 1
/m/05r5c /music/instrument/instrumentalists /m/05y7hc 1 1 1 1
/m/02hnl /music/instrument/instrumentalists /m/01mxnvc 1 1 0 0
/m/02hnl /music/instrument/instrumentalists /m/01s1zk 1 1 0 0
/m/026t6 /music/instrument/instrumentalists /m/015x1f 1 1 0 0
/m/0jtg0 /music/instrument/instrumentalists /m/05cljf 0 1 0 0
/m/02k856 /music/instrument/instrumentalists /m/02l_7y 1 1 0 0
/m/0342h /music/instrument/instrumentalists /m/02vcp0 1 1 1 1
/m/06ch55 /music/instrument/instrumentalists /m/04zwjd 1 1 0 0
/m/03qjg /music/instrument/instrumentalists /m/036px 1 1 0 0
/m/02hnl /music/instrument/instrumentalists /m/01xzb6 1 1 0 0
/m/02hnl /music/instrument/instrumentalists /m/03f1zhf 1 1 0 0
/m/028tv0 /music/instrument/instrumentalists /m/01sb5r 0 1 0 0
/m/05kms /music/instrument/instrumentalists /m/04mky3 0 1 0 0
/m/0l14md /music/instrument/instrumentalists /m/015882 1 1 0 0
/m/02k856 /music/instrument/instrumentalists /m/082brv 1 1 0 0
/m/0342h /music/instrument/instrumentalists /m/0dw3l 1 1 1 1
/m/0342h /music/instrument/instrumentalists /m/0140t7 1 1 1 1
/m/0342h /music/instrument/instrumentalists /m/02fybl 1 1 1 1
/m/02sgy /music/instrument/instrumentalists /m/02fn5r 1 1 0 0
/m/02sgy /music/instrument/instrumentalists /m/05cljf 0 1 0 0
/m/0jtg0 /music/instrument/instrumentalists /m/0pj8m 1 1 0 0
/m/0dwr4 /music/instrument/instrumentalists /m/01p0vf 0 1 0 0
/m/05148p4 /music/instrument/instrumentalists /m/07g2v 1 1 0 1
/m/05148p4 /music/instrument/instrumentalists /m/0bkg4 1 1 0 1
/m/0l14qv /music/instrument/instrumentalists /m/01ww_vs 1 1 0 0
/m/05r5c /music/instrument/instrumentalists /m/06tp4h 1 1 1 1
/m/04rzd /music/instrument/instrumentalists /m/01lmj3q 1 1 0 1
/m/01v1d8 /music/instrument/instrumentalists /m/0k60 1 1 0 0
/m/018vs /music/instrument/instrumentalists /m/06rgq 1 1 0 1
/m/0l14md /music/instrument/instrumentalists /m/03qmj9 1 1 0 0
/m/07xzm /music/instrument/instrumentalists /m/01vsyjy 0 0 0 0
/m/02hnl /music/instrument/instrumentalists /m/01mr2g6 1 1 0 0
/m/02hnl /music/instrument/instrumentalists /m/02mx98 1 1 0 0
/m/026t6 /music/instrument/instrumentalists /m/03f5spx 1 1 0 0
/m/018j2 /music/instrument/instrumentalists /m/03c7ln 1 1 0 0
/m/03gvt /music/instrument/instrumentalists /m/032t2z 1 1 0 0
/m/018vs /music/instrument/instrumentalists /m/02y7sr 1 1 0 1
/m/06ncr /music/instrument/instrumentalists /m/0132k4 1 1 0 0
/m/0342h /music/instrument/instrumentalists /m/0f_y9 1 1 1 1
/m/04rzd /music/instrument/instrumentalists /m/03193l 1 1 0 0
/m/04rzd /music/instrument/instrumentalists /m/01wmjkb 0 1 0 0
/m/02hnl /music/instrument/instrumentalists /m/01wdqrx 1 1 0 0
/m/01xqw /music/instrument/instrumentalists /m/04f7c55 0 1 0 0
/m/02fsn /music/instrument/instrumentalists /m/0dw3l 0 1 0 0
/m/03qjg /music/instrument/instrumentalists /m/01tw31 1 1 0 0
/m/04rzd /music/instrument/instrumentalists /m/01vsnff 1 1 0 0
/m/06ncr /music/instrument/instrumentalists /m/02b25y 1 1 0 0
/m/0342h /music/instrument/instrumentalists /m/03j1p2n 1 1 1 1
/m/0342h /music/instrument/instrumentalists /m/01vng3b 1 1 1 1
/m/0342h /music/instrument/instrumentalists /m/0k1bs 1 1 1 1
/m/05148p4 /music/instrument/instrumentalists /m/01l47f5 1 1 0 0
/m/04rzd /music/instrument/instrumentalists /m/01vn35l 0 1 0 0
/m/02hnl /music/instrument/instrumentalists /m/01v_pj6 1 1 0 0
/m/02hnl /music/instrument/instrumentalists /m/01nqfh_ 1 1 0 0
/m/02hnl /music/instrument/instrumentalists /m/017f4y 1 1 0 1
/m/013y1f /music/instrument/instrumentalists /m/0k4gf 1 1 0 1
/m/0342h /music/instrument/instrumentalists /m/016jfw 1 1 1 1
/m/0mkg /music/instrument/instrumentalists /m/03f7m4h 0 0 0 0
