pca confidence count
/m/05r5c /music/performance_role/guest_performances./music/recording_contribution/performance_role /m/018vs 0 1 0 0
/m/028tv0 /music/performance_role/guest_performances./music/recording_contribution/performance_role /m/03bx0bm 0 1 0 0
/m/018vs /music/performance_role/guest_performances./music/recording_contribution/performance_role /m/05148p4 0 0 0 0
/m/0342h /music/performance_role/guest_performances./music/recording_contribution/performance_role /m/02hnl 1 1 0 0
/m/03qmg1 /music/performance_role/guest_performances./music/recording_contribution/performance_role /m/01wy6 1 1 0 0
/m/0dwr4 /music/performance_role/guest_performances./music/recording_contribution/performance_role /m/0l14j_ 0 0 0 0
/m/085jw /music/performance_role/guest_performances./music/recording_contribution/performance_role /m/0l14md 0 0 0 0
/m/0g2dz /music/performance_role/guest_performances./music/recording_contribution/performance_role /m/0342h 0 0 0 0
/m/0d8lm /music/performance_role/guest_performances./music/recording_contribution/performance_role /m/085jw 0 0 0 0
/m/0l14md /music/performance_role/guest_performances./music/recording_contribution/performance_role /m/06rvn 1 1 0 0
/m/0j210 /music/performance_role/guest_performances./music/recording_contribution/performance_role /m/03bx0bm 0 1 0 0
/m/0bmnm /music/performance_role/guest_performances./music/recording_contribution/performance_role /m/0l15f_ 1 1 0 1
/m/05r5c /music/performance_role/guest_performances./music/recording_contribution/performance_role /m/03qjg 0 0 0 0
/m/026t6 /music/performance_role/guest_performances./music/recording_contribution/performance_role /m/0l14j_ 0 0 0 0
/m/0dwt5 /music/performance_role/guest_performances./music/recording_contribution/performance_role /m/0l14j_ 0 0 0 0
/m/085jw /music/performance_role/guest_performances./music/recording_contribution/performance_role /m/0d8lm 0 0 0 0
/m/0bxl5 /music/performance_role/guest_performances./music/recording_contribution/performance_role /m/03bx0bm 0 0 0 0
/m/04rzd /music/performance_role/guest_performances./music/recording_contribution/performance_role /m/042v_gx 0 1 0 0
/m/026t6 /music/performance_role/guest_performances./music/recording_contribution/performance_role /m/01v1d8 1 1 0 0
/m/026t6 /music/performance_role/guest_performances./music/recording_contribution/performance_role /m/05148p4 0 0 0 0
/m/0d8lm /music/performance_role/guest_performances./music/recording_contribution/performance_role /m/02snj9 0 1 0 0
/m/02hnl /music/performance_role/guest_performances./music/recording_contribution/performance_role /m/03bx0bm 0 1 0 0
/m/0l14j_ /music/performance_role/guest_performances./music/recording_contribution/performance_role /m/0859_ 1 1 0 1
/m/07kc_ /music/performance_role/guest_performances./music/recording_contribution/performance_role /m/026t6 0 0 0 0
/m/05148p4 /music/performance_role/guest_performances./music/recording_contribution/performance_role /m/0342h 0 0 0 0
/m/0239kh /music/performance_role/guest_performances./music/recording_contribution/performance_role /m/0l15bq 0 1 0 0
/m/0l14qv /music/performance_role/guest_performances./music/recording_contribution/performance_role /m/07kc_ 1 1 1 1
/m/0l14md /music/performance_role/guest_performances./music/recording_contribution/performance_role /m/0dwsp 1 1 0 0
/m/06w87 /music/performance_role/guest_performances./music/recording_contribution/performance_role /m/07y_7 1 1 0 0
/m/03qjg /music/performance_role/guest_performances./music/recording_contribution/performance_role /m/05r5c 0 0 0 0
/m/02sgy /music/performance_role/guest_performances./music/recording_contribution/performance_role /m/05148p4 0 0 0 0
/m/0l14md /music/performance_role/guest_performances./music/recording_contribution/performance_role /m/0gkd1 0 0 0 0
/m/02dlh2 /music/performance_role/guest_performances./music/recording_contribution/performance_role /m/0mbct 1 1 0 0
/m/0239kh /music/performance_role/guest_performances./music/recording_contribution/performance_role /m/013y1f 0 1 0 0
/m/0342h /music/performance_role/guest_performances./music/recording_contribution/performance_role /m/03bx0bm 0 1 0 0
/m/02hnl /music/performance_role/guest_performances./music/recording_contribution/performance_role /m/0l14md 0 0 0 0
/m/01kcd /music/performance_role/guest_performances./music/recording_contribution/performance_role /m/0l14j_ 0 0 0 0
/m/01w4c9 /music/performance_role/guest_performances./music/recording_contribution/performance_role /m/026t6 0 1 0 0
/m/0l14md /music/performance_role/guest_performances./music/recording_contribution/performance_role /m/0l14_3 1 1 1 1
/m/05r5c /music/performance_role/guest_performances./music/recording_contribution/performance_role /m/04rzd 0 1 0 0
/m/03qmg1 /music/performance_role/guest_performances./music/recording_contribution/performance_role /m/03qlv7 1 1 0 0
/m/01v1d8 /music/performance_role/guest_performances./music/recording_contribution/performance_role /m/02snj9 0 1 0 0
/m/0l14md /music/performance_role/guest_performances./music/recording_contribution/performance_role /m/018vs 0 1 0 0
/m/02dlh2 /music/performance_role/guest_performances./music/recording_contribution/performance_role /m/0239kh 1 1 0 0
/m/0l14qv /music/performance_role/guest_performances./music/recording_contribution/performance_role /m/0l15bq 1 1 0 0
/m/0859_ /music/performance_role/guest_performances./music/recording_contribution/performance_role /m/02snj9 0 1 0 0
std confidence count
/m/05r5c /music/performance_role/guest_performances./music/recording_contribution/performance_role /m/018vs 0 1 0 0
/m/028tv0 /music/performance_role/guest_performances./music/recording_contribution/performance_role /m/03bx0bm 0 1 0 0
/m/018vs /music/performance_role/guest_performances./music/recording_contribution/performance_role /m/05148p4 0 1 0 0
/m/0342h /music/performance_role/guest_performances./music/recording_contribution/performance_role /m/02hnl 1 1 0 1
/m/03qmg1 /music/performance_role/guest_performances./music/recording_contribution/performance_role /m/01wy6 1 1 0 1
/m/0dwr4 /music/performance_role/guest_performances./music/recording_contribution/performance_role /m/0l14j_ 0 0 0 0
/m/085jw /music/performance_role/guest_performances./music/recording_contribution/performance_role /m/0l14md 0 1 0 0
/m/0g2dz /music/performance_role/guest_performances./music/recording_contribution/performance_role /m/0342h 0 1 0 0
/m/0d8lm /music/performance_role/guest_performances./music/recording_contribution/performance_role /m/085jw 0 0 0 0
/m/0l14md /music/performance_role/guest_performances./music/recording_contribution/performance_role /m/06rvn 1 1 0 1
/m/0j210 /music/performance_role/guest_performances./music/recording_contribution/performance_role /m/03bx0bm 0 1 0 0
/m/0bmnm /music/performance_role/guest_performances./music/recording_contribution/performance_role /m/0l15f_ 1 1 0 1
/m/05r5c /music/performance_role/guest_performances./music/recording_contribution/performance_role /m/03qjg 1 1 0 0
/m/026t6 /music/performance_role/guest_performances./music/recording_contribution/performance_role /m/0l14j_ 0 1 0 0
/m/0dwt5 /music/performance_role/guest_performances./music/recording_contribution/performance_role /m/0l14j_ 0 0 0 0
/m/085jw /music/performance_role/guest_performances./music/recording_contribution/performance_role /m/0d8lm 0 0 0 0
/m/0bxl5 /music/performance_role/guest_performances./music/recording_contribution/performance_role /m/03bx0bm 0 0 0 0
/m/04rzd /music/performance_role/guest_performances./music/recording_contribution/performance_role /m/042v_gx 1 1 0 1
/m/026t6 /music/performance_role/guest_performances./music/recording_contribution/performance_role /m/01v1d8 1 1 0 1
/m/026t6 /music/performance_role/guest_performances./music/recording_contribution/performance_role /m/05148p4 0 1 0 0
/m/0d8lm /music/performance_role/guest_performances./music/recording_contribution/performance_role /m/02snj9 0 1 0 0
/m/02hnl /music/performance_role/guest_performances./music/recording_contribution/performance_role /m/03bx0bm 0 1 0 0
/m/0l14j_ /music/performance_role/guest_performances./music/recording_contribution/performance_role /m/0859_ 1 1 0 1
/m/07kc_ /music/performance_role/guest_performances./music/recording_contribution/performance_role /m/026t6 0 1 0 0
/m/05148p4 /music/performance_role/guest_performances./music/recording_contribution/performance_role /m/0342h 0 1 0 0
/m/0239kh /music/performance_role/guest_performances./music/recording_contribution/performance_role /m/0l15bq 0 1 0 1
/m/0l14qv /music/performance_role/guest_performances./music/recording_contribution/performance_role /m/07kc_ 1 1 1 1
/m/0l14md /music/performance_role/guest_performances./music/recording_contribution/performance_role /m/0dwsp 1 1 1 1
/m/06w87 /music/performance_role/guest_performances./music/recording_contribution/performance_role /m/07y_7 1 1 0 1
/m/03qjg /music/performance_role/guest_performances./music/recording_contribution/performance_role /m/05r5c 0 1 0 0
/m/02sgy /music/performance_role/guest_performances./music/recording_contribution/performance_role /m/05148p4 0 1 0 0
/m/0l14md /music/performance_role/guest_performances./music/recording_contribution/performance_role /m/0gkd1 0 1 0 0
/m/02dlh2 /music/performance_role/guest_performances./music/recording_contribution/performance_role /m/0mbct 1 1 0 0
/m/0239kh /music/performance_role/guest_performances./music/recording_contribution/performance_role /m/013y1f 0 1 0 0
/m/0342h /music/performance_role/guest_performances./music/recording_contribution/performance_role /m/03bx0bm 1 1 0 0
/m/02hnl /music/performance_role/guest_performances./music/recording_contribution/performance_role /m/0l14md 0 1 0 0
/m/01kcd /music/performance_role/guest_performances./music/recording_contribution/performance_role /m/0l14j_ 0 0 0 0
/m/01w4c9 /music/performance_role/guest_performances./music/recording_contribution/performance_role /m/026t6 0 1 0 1
/m/0l14md /music/performance_role/guest_performances./music/recording_contribution/performance_role /m/0l14_3 1 1 1 1
/m/05r5c /music/performance_role/guest_performances./music/recording_contribution/performance_role /m/04rzd 1 1 0 1
/m/03qmg1 /music/performance_role/guest_performances./music/recording_contribution/performance_role /m/03qlv7 1 1 0 1
/m/01v1d8 /music/performance_role/guest_performances./music/recording_contribution/performance_role /m/02snj9 1 1 0 0
/m/0l14md /music/performance_role/guest_performances./music/recording_contribution/performance_role /m/018vs 1 1 0 0
/m/02dlh2 /music/performance_role/guest_performances./music/recording_contribution/performance_role /m/0239kh 1 1 0 1
/m/0l14qv /music/performance_role/guest_performances./music/recording_contribution/performance_role /m/0l15bq 1 1 0 1
/m/0859_ /music/performance_role/guest_performances./music/recording_contribution/performance_role /m/02snj9 0 1 0 0
pca confidence sum
/m/05r5c /music/performance_role/guest_performances./music/recording_contribution/performance_role /m/018vs 1 1 0 0
/m/028tv0 /music/performance_role/guest_performances./music/recording_contribution/performance_role /m/03bx0bm 0 0 0 0
/m/018vs /music/performance_role/guest_performances./music/recording_contribution/performance_role /m/05148p4 1 1 0 1
/m/0342h /music/performance_role/guest_performances./music/recording_contribution/performance_role /m/02hnl 1 1 1 1
/m/03qmg1 /music/performance_role/guest_performances./music/recording_contribution/performance_role /m/01wy6 0 0 0 0
/m/0dwr4 /music/performance_role/guest_performances./music/recording_contribution/performance_role /m/0l14j_ 0 0 0 0
/m/085jw /music/performance_role/guest_performances./music/recording_contribution/performance_role /m/0l14md 0 0 0 0
/m/0g2dz /music/performance_role/guest_performances./music/recording_contribution/performance_role /m/0342h 0 1 0 0
/m/0d8lm /music/performance_role/guest_performances./music/recording_contribution/performance_role /m/085jw 0 0 0 0
/m/0l14md /music/performance_role/guest_performances./music/recording_contribution/performance_role /m/06rvn 1 1 0 1
/m/0j210 /music/performance_role/guest_performances./music/recording_contribution/performance_role /m/03bx0bm 0 0 0 0
/m/0bmnm /music/performance_role/guest_performances./music/recording_contribution/performance_role /m/0l15f_ 1 1 0 0
/m/05r5c /music/performance_role/guest_performances./music/recording_contribution/performance_role /m/03qjg 1 1 0 0
/m/026t6 /music/performance_role/guest_performances./music/recording_contribution/performance_role /m/0l14j_ 0 1 0 0
/m/0dwt5 /music/performance_role/guest_performances./music/recording_contribution/performance_role /m/0l14j_ 0 0 0 0
/m/085jw /music/performance_role/guest_performances./music/recording_contribution/performance_role /m/0d8lm 0 0 0 0
/m/0bxl5 /music/performance_role/guest_performances./music/recording_contribution/performance_role /m/03bx0bm 0 0 0 0
/m/04rzd /music/performance_role/guest_performances./music/recording_contribution/performance_role /m/042v_gx 0 1 0 0
/m/026t6 /music/performance_role/guest_performances./music/recording_contribution/performance_role /m/01v1d8 0 1 0 0
/m/026t6 /music/performance_role/guest_performances./music/recording_contribution/performance_role /m/05148p4 0 1 0 0
/m/0d8lm /music/performance_role/guest_performances./music/recording_contribution/performance_role /m/02snj9 0 0 0 0
/m/02hnl /music/performance_role/guest_performances./music/recording_contribution/performance_role /m/03bx0bm 0 1 0 0
/m/0l14j_ /music/performance_role/guest_performances./music/recording_contribution/performance_role /m/0859_ 1 1 0 0
/m/07kc_ /music/performance_role/guest_performances./music/recording_contribution/performance_role /m/026t6 0 0 0 0
/m/05148p4 /music/performance_role/guest_performances./music/recording_contribution/performance_role /m/0342h 1 1 0 0
/m/0239kh /music/performance_role/guest_performances./music/recording_contribution/performance_role /m/0l15bq 0 1 0 0
/m/0l14qv /music/performance_role/guest_performances./music/recording_contribution/performance_role /m/07kc_ 1 1 0 0
/m/0l14md /music/performance_role/guest_performances./music/recording_contribution/performance_role /m/0dwsp 1 1 1 1
/m/06w87 /music/performance_role/guest_performances./music/recording_contribution/performance_role /m/07y_7 0 0 0 0
/m/03qjg /music/performance_role/guest_performances./music/recording_contribution/performance_role /m/05r5c 0 1 0 0
/m/02sgy /music/performance_role/guest_performances./music/recording_contribution/performance_role /m/05148p4 0 1 0 0
/m/0l14md /music/performance_role/guest_performances./music/recording_contribution/performance_role /m/0gkd1 1 1 0 0
/m/02dlh2 /music/performance_role/guest_performances./music/recording_contribution/performance_role /m/0mbct 1 1 0 1
/m/0239kh /music/performance_role/guest_performances./music/recording_contribution/performance_role /m/013y1f 0 0 0 0
/m/0342h /music/performance_role/guest_performances./music/recording_contribution/performance_role /m/03bx0bm 1 1 0 1
/m/02hnl /music/performance_role/guest_performances./music/recording_contribution/performance_role /m/0l14md 1 1 0 0
/m/01kcd /music/performance_role/guest_performances./music/recording_contribution/performance_role /m/0l14j_ 0 0 0 0
/m/01w4c9 /music/performance_role/guest_performances./music/recording_contribution/performance_role /m/026t6 0 0 0 0
/m/0l14md /music/performance_role/guest_performances./music/recording_contribution/performance_role /m/0l14_3 1 1 0 0
/m/05r5c /music/performance_role/guest_performances./music/recording_contribution/performance_role /m/04rzd 1 1 0 1
/m/03qmg1 /music/performance_role/guest_performances./music/recording_contribution/performance_role /m/03qlv7 1 1 0 0
/m/01v1d8 /music/performance_role/guest_performances./music/recording_contribution/performance_role /m/02snj9 0 0 0 0
/m/0l14md /music/performance_role/guest_performances./music/recording_contribution/performance_role /m/018vs 1 1 0 0
/m/02dlh2 /music/performance_role/guest_performances./music/recording_contribution/performance_role /m/0239kh 1 1 0 0
/m/0l14qv /music/performance_role/guest_performances./music/recording_contribution/performance_role /m/0l15bq 1 1 0 1
/m/0859_ /music/performance_role/guest_performances./music/recording_contribution/performance_role /m/02snj9 0 0 0 0
std confidence sum
/m/05r5c /music/performance_role/guest_performances./music/recording_contribution/performance_role /m/018vs 1 1 0 0
/m/028tv0 /music/performance_role/guest_performances./music/recording_contribution/performance_role /m/03bx0bm 0 1 0 0
/m/018vs /music/performance_role/guest_performances./music/recording_contribution/performance_role /m/05148p4 1 1 0 0
/m/0342h /music/performance_role/guest_performances./music/recording_contribution/performance_role /m/02hnl 1 1 1 1
/m/03qmg1 /music/performance_role/guest_performances./music/recording_contribution/performance_role /m/01wy6 0 1 0 0
/m/0dwr4 /music/performance_role/guest_performances./music/recording_contribution/performance_role /m/0l14j_ 0 0 0 0
/m/085jw /music/performance_role/guest_performances./music/recording_contribution/performance_role /m/0l14md 0 0 0 0
/m/0g2dz /music/performance_role/guest_performances./music/recording_contribution/performance_role /m/0342h 0 1 0 0
/m/0d8lm /music/performance_role/guest_performances./music/recording_contribution/performance_role /m/085jw 0 0 0 0
/m/0l14md /music/performance_role/guest_performances./music/recording_contribution/performance_role /m/06rvn 1 1 0 1
/m/0j210 /music/performance_role/guest_performances./music/recording_contribution/performance_role /m/03bx0bm 0 0 0 0
/m/0bmnm /music/performance_role/guest_performances./music/recording_contribution/performance_role /m/0l15f_ 1 1 0 0
/m/05r5c /music/performance_role/guest_performances./music/recording_contribution/performance_role /m/03qjg 1 1 0 0
/m/026t6 /music/performance_role/guest_performances./music/recording_contribution/performance_role /m/0l14j_ 0 1 0 0
/m/0dwt5 /music/performance_role/guest_performances./music/recording_contribution/performance_role /m/0l14j_ 0 0 0 0
/m/085jw /music/performance_role/guest_performances./music/recording_contribution/performance_role /m/0d8lm 0 0 0 0
/m/0bxl5 /music/performance_role/guest_performances./music/recording_contribution/performance_role /m/03bx0bm 0 0 0 0
/m/04rzd /music/performance_role/guest_performances./music/recording_contribution/performance_role /m/042v_gx 0 1 0 0
/m/026t6 /music/performance_role/guest_performances./music/recording_contribution/performance_role /m/01v1d8 0 1 0 0
/m/026t6 /music/performance_role/guest_performances./music/recording_contribution/performance_role /m/05148p4 0 1 0 0
/m/0d8lm /music/performance_role/guest_performances./music/recording_contribution/performance_role /m/02snj9 0 0 0 0
/m/02hnl /music/performance_role/guest_performances./music/recording_contribution/performance_role /m/03bx0bm 1 1 0 0
/m/0l14j_ /music/performance_role/guest_performances./music/recording_contribution/performance_role /m/0859_ 1 1 0 0
/m/07kc_ /music/performance_role/guest_performances./music/recording_contribution/performance_role /m/026t6 0 0 0 0
/m/05148p4 /music/performance_role/guest_performances./music/recording_contribution/performance_role /m/0342h 1 1 0 0
/m/0239kh /music/performance_role/guest_performances./music/recording_contribution/performance_role /m/0l15bq 0 1 0 0
/m/0l14qv /music/performance_role/guest_performances./music/recording_contribution/performance_role /m/07kc_ 1 1 0 0
/m/0l14md /music/performance_role/guest_performances./music/recording_contribution/performance_role /m/0dwsp 1 1 1 1
/m/06w87 /music/performance_role/guest_performances./music/recording_contribution/performance_role /m/07y_7 0 0 0 0
/m/03qjg /music/performance_role/guest_performances./music/recording_contribution/performance_role /m/05r5c 0 1 0 0
/m/02sgy /music/performance_role/guest_performances./music/recording_contribution/performance_role /m/05148p4 0 1 0 0
/m/0l14md /music/performance_role/guest_performances./music/recording_contribution/performance_role /m/0gkd1 1 1 0 0
/m/02dlh2 /music/performance_role/guest_performances./music/recording_contribution/performance_role /m/0mbct 1 1 0 1
/m/0239kh /music/performance_role/guest_performances./music/recording_contribution/performance_role /m/013y1f 0 0 0 0
/m/0342h /music/performance_role/guest_performances./music/recording_contribution/performance_role /m/03bx0bm 1 1 0 1
/m/02hnl /music/performance_role/guest_performances./music/recording_contribution/performance_role /m/0l14md 1 1 0 0
/m/01kcd /music/performance_role/guest_performances./music/recording_contribution/performance_role /m/0l14j_ 0 0 0 0
/m/01w4c9 /music/performance_role/guest_performances./music/recording_contribution/performance_role /m/026t6 0 0 0 0
/m/0l14md /music/performance_role/guest_performances./music/recording_contribution/performance_role /m/0l14_3 1 1 0 0
/m/05r5c /music/performance_role/guest_performances./music/recording_contribution/performance_role /m/04rzd 1 1 0 1
/m/03qmg1 /music/performance_role/guest_performances./music/recording_contribution/performance_role /m/03qlv7 1 1 0 0
/m/01v1d8 /music/performance_role/guest_performances./music/recording_contribution/performance_role /m/02snj9 0 1 0 0
/m/0l14md /music/performance_role/guest_performances./music/recording_contribution/performance_role /m/018vs 1 1 0 0
/m/02dlh2 /music/performance_role/guest_performances./music/recording_contribution/performance_role /m/0239kh 1 1 0 0
/m/0l14qv /music/performance_role/guest_performances./music/recording_contribution/performance_role /m/0l15bq 1 1 0 1
/m/0859_ /music/performance_role/guest_performances./music/recording_contribution/performance_role /m/02snj9 0 0 0 0
