pca confidence count
/m/011k11 /music/record_label/artist /m/03h_yfh 1 1 0 1
/m/01trtc /music/record_label/artist /m/01q_wyj 1 1 1 1
/m/03rhqg /music/record_label/artist /m/01jgkj2 1 1 0 0
/m/0fb0v /music/record_label/artist /m/01vsy95 1 1 0 0
/m/01dtcb /music/record_label/artist /m/014_xj 1 1 0 1
/m/096ysw /music/record_label/artist /m/02mq_y 1 1 0 1
/m/03q58q /music/record_label/artist /m/0ql36 1 1 0 1
/m/043g7l /music/record_label/artist /m/01309x 0 1 0 0
/m/03rhqg /music/record_label/artist /m/01309x 1 1 1 1
/m/03rhqg /music/record_label/artist /m/02hzz 1 1 1 1
/m/017l96 /music/record_label/artist /m/01p0vf 1 1 1 1
/m/01dtcb /music/record_label/artist /m/014_lq 1 1 0 1
/m/01dtcb /music/record_label/artist /m/016fmf 1 1 0 1
/m/0g768 /music/record_label/artist /m/07s3vqk 1 1 1 1
/m/0g768 /music/record_label/artist /m/0137n0 1 1 0 1
/m/0k_kr /music/record_label/artist /m/02cw1m 1 1 0 1
/m/011k1h /music/record_label/artist /m/03j1p2n 0 1 0 0
/m/025t8bv /music/record_label/artist /m/011zf2 1 1 0 1
/m/01w565 /music/record_label/artist /m/01kymm 1 1 1 1
/m/02swsm /music/record_label/artist /m/0bk1p 1 1 0 1
/m/043ljr /music/record_label/artist /m/051m56 1 1 0 1
/m/01cf93 /music/record_label/artist /m/01vsy95 0 0 0 0
/m/01cszh /music/record_label/artist /m/086qd 1 1 1 1
/m/03qk20 /music/record_label/artist /m/01wyz92 0 0 0 0
/m/015_1q /music/record_label/artist /m/04f7c55 1 1 1 1
/m/01cl2y /music/record_label/artist /m/0m2l9 1 1 1 1
/m/01clyr /music/record_label/artist /m/01nz1q6 0 1 0 0
/m/011k1h /music/record_label/artist /m/01wqpnm 1 1 1 1
/m/025t8bv /music/record_label/artist /m/0dw4g 1 1 0 1
/m/01f_3w /music/record_label/artist /m/07ss8_ 1 1 0 1
/m/01cf93 /music/record_label/artist /m/016s0m 1 1 1 1
/m/01cszh /music/record_label/artist /m/0133x7 0 0 0 0
/m/06gst /music/record_label/artist /m/03f0fnk 0 0 0 0
/m/026s90 /music/record_label/artist /m/017mbb 1 1 0 1
/m/0fb0v /music/record_label/artist /m/0134pk 1 1 1 1
/m/0n85g /music/record_label/artist /m/01vv7sc 1 1 0 1
/m/03qy3l /music/record_label/artist /m/0134wr 1 1 0 1
/m/05clg8 /music/record_label/artist /m/01wqmm8 1 1 0 1
/m/011k1h /music/record_label/artist /m/02cw1m 1 1 0 1
/m/01cf93 /music/record_label/artist /m/0kzy0 1 1 1 1
/m/01trtc /music/record_label/artist /m/01w9wwg 1 1 1 1
/m/03mp8k /music/record_label/artist /m/06p03s 1 1 1 1
/m/03rhqg /music/record_label/artist /m/094xh 1 1 0 1
/m/0fb0v /music/record_label/artist /m/0137g1 1 1 0 1
/m/0fb0v /music/record_label/artist /m/0mjn2 1 1 0 1
/m/02bh8z /music/record_label/artist /m/020hyj 1 1 0 1
/m/033hn8 /music/record_label/artist /m/01mxt_ 1 1 0 0
/m/0181dw /music/record_label/artist /m/01n8gr 1 1 1 1
/m/011k1h /music/record_label/artist /m/01w60_p 1 1 0 1
/m/01w565 /music/record_label/artist /m/0411q 1 1 0 1
/m/011k11 /music/record_label/artist /m/031x_3 0 0 0 0
/m/03rhqg /music/record_label/artist /m/016l09 1 1 1 1
/m/017l96 /music/record_label/artist /m/01vsl3_ 1 1 0 1
/m/01jv1z /music/record_label/artist /m/017lb_ 1 1 0 1
/m/04fcjt /music/record_label/artist /m/01vzxld 1 1 0 1
/m/08pn_9 /music/record_label/artist /m/01w7nwm 1 1 0 1
/m/02bh8z /music/record_label/artist /m/01w7nwm 1 1 0 1
/m/02p4jf0 /music/record_label/artist /m/01wj5hp 1 1 0 1
/m/0n85g /music/record_label/artist /m/01wx756 1 1 0 1
/m/04gm7n /music/record_label/artist /m/016ksk 1 1 0 1
/m/01cszh /music/record_label/artist /m/05sq20 0 0 0 0
/m/015kg1 /music/record_label/artist /m/0dvqq 0 0 0 0
/m/03qk20 /music/record_label/artist /m/01czx 0 0 0 0
/m/015_1q /music/record_label/artist /m/0137n0 1 1 0 1
/m/015_1q /music/record_label/artist /m/01vvycq 1 1 1 1
/m/015_1q /music/record_label/artist /m/04d_mtq 1 1 0 0
/m/017l96 /music/record_label/artist /m/01fl3 1 1 0 1
/m/01clyr /music/record_label/artist /m/01wg3q 1 1 0 1
/m/01w56k /music/record_label/artist /m/08w4pm 1 1 0 1
/m/01wdtv /music/record_label/artist /m/03f0fnk 1 1 0 1
/m/05clg8 /music/record_label/artist /m/032nl2 1 1 0 1
/m/02p3cr5 /music/record_label/artist /m/01wv9xn 1 1 0 1
/m/01cf93 /music/record_label/artist /m/0132k4 1 1 0 1
/m/015_1q /music/record_label/artist /m/03j24kf 1 1 1 1
/m/03rhqg /music/record_label/artist /m/0ddkf 1 1 0 1
/m/017l96 /music/record_label/artist /m/01m65sp 1 1 1 1
/m/017l96 /music/record_label/artist /m/01nn6c 1 1 1 1
/m/01cl2y /music/record_label/artist /m/02qwg 0 1 0 0
/m/05k8m5 /music/record_label/artist /m/01t8399 1 1 0 1
/m/01t04r /music/record_label/artist /m/01p0vf 1 1 0 1
/m/02p11jq /music/record_label/artist /m/07g2v 1 1 1 1
/m/09d5h /music/record_label/artist /m/01wg6y 1 1 0 1
/m/016ckq /music/record_label/artist /m/012z8_ 1 1 0 1
/m/03x9yr /music/record_label/artist /m/06lxn 1 1 1 1
/m/0fb0v /music/record_label/artist /m/01f2q5 0 1 0 0
/m/02jjdr /music/record_label/artist /m/01m3b1t 1 1 0 1
/m/02bh8z /music/record_label/artist /m/03c602 1 1 1 1
/m/07s363 /music/record_label/artist /m/01v27pl 0 0 0 0
/m/0181dw /music/record_label/artist /m/01dq9q 1 1 1 1
/m/01w56k /music/record_label/artist /m/07mvp 1 1 0 1
/m/01gfq4 /music/record_label/artist /m/0135xb 1 1 0 1
/m/0181hw /music/record_label/artist /m/01vvybv 0 0 0 0
/m/03rhqg /music/record_label/artist /m/01czx 1 1 0 1
/m/0fb0v /music/record_label/artist /m/01nz1q6 1 1 1 1
/m/02bh8z /music/record_label/artist /m/063t3j 1 1 0 1
/m/0n85g /music/record_label/artist /m/024dw0 0 0 0 0
/m/0n85g /music/record_label/artist /m/01k_mc 1 1 0 1
/m/0n85g /music/record_label/artist /m/01wdqrx 1 1 1 1
/m/0181dw /music/record_label/artist /m/0137n0 1 1 0 1
/m/01clyr /music/record_label/artist /m/016jfw 1 1 1 1
/m/043g7l /music/record_label/artist /m/01wgjj5 1 1 0 1
/m/017l96 /music/record_label/artist /m/01w724 1 1 1 1
/m/011k1h /music/record_label/artist /m/06mj4 1 1 0 1
/m/073tm9 /music/record_label/artist /m/01w7nww 1 1 1 1
/m/012b30 /music/record_label/artist /m/0bg539 1 1 1 1
/m/01cl0d /music/record_label/artist /m/0gps0z 1 1 1 1
/m/043g7l /music/record_label/artist /m/06449 1 1 1 1
/m/015_1q /music/record_label/artist /m/01wmjkb 1 1 1 1
/m/026s90 /music/record_label/artist /m/0889x 1 1 0 1
/m/02bh8z /music/record_label/artist /m/0ycp3 1 1 0 1
/m/01cl2y /music/record_label/artist /m/01n8gr 1 1 0 1
/m/01cl2y /music/record_label/artist /m/02_fj 1 1 1 1
/m/01clyr /music/record_label/artist /m/02cw1m 1 1 0 1
/m/011k1h /music/record_label/artist /m/0cfgd 1 1 0 1
/m/0181hw /music/record_label/artist /m/01wxdn3 1 1 1 1
/m/073tm9 /music/record_label/artist /m/01f2q5 1 1 0 1
/m/01trtc /music/record_label/artist /m/03xl77 1 1 0 1
/m/015_1q /music/record_label/artist /m/01309x 1 1 0 1
/m/03rhqg /music/record_label/artist /m/06tp4h 1 1 1 1
/m/026s90 /music/record_label/artist /m/01304j 1 1 0 1
/m/0n85g /music/record_label/artist /m/03j1p2n 1 1 0 1
/m/0181dw /music/record_label/artist /m/0133x7 1 1 1 1
/m/01cf93 /music/record_label/artist /m/01rm8b 1 1 1 1
/m/011k11 /music/record_label/artist /m/0pqp3 1 1 0 1
/m/01w31x /music/record_label/artist /m/0274ck 1 1 1 1
/m/0kk9v /music/record_label/artist /m/016szr 0 0 0 0
/m/01w40h /music/record_label/artist /m/01vw87c 1 1 0 0
/m/043g7l /music/record_label/artist /m/01nn6c 1 1 0 1
/m/064r9cb /music/record_label/artist /m/01s7ns 1 1 0 1
/m/03rhqg /music/record_label/artist /m/048xh 1 1 1 1
/m/03rhqg /music/record_label/artist /m/04b7xr 1 1 1 1
/m/026k4d /music/record_label/artist /m/0244r8 1 1 1 1
/m/01w56k /music/record_label/artist /m/0m19t 1 1 0 1
/m/011k1h /music/record_label/artist /m/0c9d9 1 1 1 1
/m/02swsm /music/record_label/artist /m/01323p 1 1 0 1
/m/016ckq /music/record_label/artist /m/03q2t9 1 1 0 1
/m/03rhqg /music/record_label/artist /m/01vvpjj 1 1 0 1
/m/03rhqg /music/record_label/artist /m/0249kn 1 1 0 1
/m/03rhqg /music/record_label/artist /m/01k98nm 1 1 0 0
/m/0g768 /music/record_label/artist /m/02qsjt 1 1 0 1
/m/06x2ww /music/record_label/artist /m/06cc_1 1 1 0 1
/m/01cszh /music/record_label/artist /m/02ktrs 1 1 1 1
/m/01trtc /music/record_label/artist /m/0147dk 1 1 1 1
/m/01trtc /music/record_label/artist /m/0838y 1 1 1 1
/m/01w40h /music/record_label/artist /m/0flpy 1 1 0 1
/m/01w40h /music/record_label/artist /m/01k3qj 1 1 0 1
/m/043g7l /music/record_label/artist /m/02bgmr 1 1 0 0
/m/033hn8 /music/record_label/artist /m/0cg9y 1 1 0 1
/m/0g768 /music/record_label/artist /m/030155 1 1 0 1
/m/01cl2y /music/record_label/artist /m/01fl3 1 1 0 1
/m/03qy3l /music/record_label/artist /m/0pj9t 1 1 0 1
/m/01th4s /music/record_label/artist /m/02mq_y 1 1 1 1
/m/01w40h /music/record_label/artist /m/06m61 1 1 1 1
/m/015_1q /music/record_label/artist /m/05d8vw 1 1 0 1
/m/03rhqg /music/record_label/artist /m/01yndb 1 1 0 1
/m/0mcf4 /music/record_label/artist /m/09hnb 1 1 0 1
/m/0n85g /music/record_label/artist /m/01kx_81 1 1 1 1
/m/041n43 /music/record_label/artist /m/0137g1 1 1 0 1
/m/01wdtv /music/record_label/artist /m/07c0j 1 1 0 1
/m/011k11 /music/record_label/artist /m/020_4z 1 1 0 1
/m/01cl0d /music/record_label/artist /m/0b1hw 1 1 1 1
/m/043g7l /music/record_label/artist /m/01vvyfh 1 1 0 1
/m/015_1q /music/record_label/artist /m/015mrk 1 1 1 1
/m/015_1q /music/record_label/artist /m/04dqdk 1 1 0 1
/m/03rhqg /music/record_label/artist /m/01tl50z 1 1 0 1
/m/02p4jf0 /music/record_label/artist /m/01vv6_6 0 0 0 0
/m/01cl2y /music/record_label/artist /m/01vvpjj 1 1 0 1
/m/03rhqg /music/record_label/artist /m/07m4c 1 1 0 0
/m/03d96s /music/record_label/artist /m/047sxrj 1 1 1 1
/m/0mzkr /music/record_label/artist /m/0zjpz 1 1 1 1
/m/0g768 /music/record_label/artist /m/094xh 1 1 1 1
/m/0n85g /music/record_label/artist /m/01vrkdt 1 1 0 1
/m/01clyr /music/record_label/artist /m/07mvp 1 1 0 1
/m/02swsm /music/record_label/artist /m/015cxv 1 1 1 1
/m/02p3cr5 /music/record_label/artist /m/01vv7sc 1 1 0 1
/m/01cszh /music/record_label/artist /m/01304j 1 1 1 1
/m/03mp8k /music/record_label/artist /m/02k5sc 1 1 1 1
/m/03rhqg /music/record_label/artist /m/03sww 1 1 1 1
/m/017l96 /music/record_label/artist /m/01lz4tf 1 1 0 0
/m/0mzkr /music/record_label/artist /m/0jg77 0 0 0 0
/m/04fcjt /music/record_label/artist /m/016ksk 0 0 0 0
/m/01dtcb /music/record_label/artist /m/015bwt 1 1 0 1
/m/0g768 /music/record_label/artist /m/0h1nt 1 1 0 0
/m/011k1h /music/record_label/artist /m/01vsl3_ 1 1 1 1
/m/01n2m6 /music/record_label/artist /m/01vvydl 1 1 0 1
/m/0190vc /music/record_label/artist /m/0411q 1 1 0 1
/m/01w40h /music/record_label/artist /m/01wz_ml 0 0 0 0
/m/03rhqg /music/record_label/artist /m/01wwvt2 1 1 1 1
/m/01cl2y /music/record_label/artist /m/0dvqq 1 1 1 1
/m/04gm7n /music/record_label/artist /m/013423 1 1 0 1
/m/0bfp0l /music/record_label/artist /m/0bhvtc 1 1 0 1
/m/043ljr /music/record_label/artist /m/01vq3nl 1 1 1 1
/m/043ljr /music/record_label/artist /m/01kstn9 1 1 0 1
/m/015_1q /music/record_label/artist /m/01s21dg 1 1 0 1
/m/015_1q /music/record_label/artist /m/016t00 1 1 0 1
/m/0fb0v /music/record_label/artist /m/01xzb6 1 1 0 1
/m/03vtrv /music/record_label/artist /m/0167xy 1 1 0 1
/m/01clyr /music/record_label/artist /m/01fh0q 1 1 0 1
/m/01clyr /music/record_label/artist /m/01vn35l 1 1 0 1
/m/012b30 /music/record_label/artist /m/08n__5 1 1 1 1
/m/01w40h /music/record_label/artist /m/01n8gr 1 1 0 1
/m/017l96 /music/record_label/artist /m/0kzy0 1 1 0 1
/m/0mzkr /music/record_label/artist /m/03f1d47 1 1 1 1
/m/0g768 /music/record_label/artist /m/01pgk0 1 1 1 1
/m/01wdtv /music/record_label/artist /m/01n44c 0 0 0 0
/m/02p11jq /music/record_label/artist /m/03cfjg 1 1 1 1
/m/01cf93 /music/record_label/artist /m/048xh 0 0 0 0
/m/03rhqg /music/record_label/artist /m/023p29 1 1 0 1
/m/033hn8 /music/record_label/artist /m/01wn718 1 1 1 1
/m/0181dw /music/record_label/artist /m/0892sx 1 1 0 1
/m/03qy3l /music/record_label/artist /m/01v0sxx 1 1 0 1
/m/06x2ww /music/record_label/artist /m/02fn5r 1 1 0 1
/m/01cl0d /music/record_label/artist /m/028qyn 1 1 1 1
/m/023rwm /music/record_label/artist /m/0p76z 1 1 0 1
/m/03mp8k /music/record_label/artist /m/01l_vgt 0 1 0 0
/m/011k1h /music/record_label/artist /m/01r9fv 1 1 1 1
/m/01f_3w /music/record_label/artist /m/03h_0_z 1 1 0 1
/m/07gqbk /music/record_label/artist /m/01shhf 0 0 0 0
/m/041p3y /music/record_label/artist /m/016376 1 1 0 1
/m/01trtc /music/record_label/artist /m/01vrz41 1 1 0 1
/m/03rhqg /music/record_label/artist /m/01n44c 1 1 0 1
/m/026s90 /music/record_label/artist /m/0178kd 1 1 0 1
/m/056252 /music/record_label/artist /m/02p2zq 1 1 0 1
/m/0229rs /music/record_label/artist /m/01vrwfv 1 1 0 1
/m/02bh8z /music/record_label/artist /m/01pctb 1 1 1 1
/m/02nddq /music/record_label/artist /m/03f0qd7 1 1 0 1
/m/0181dw /music/record_label/artist /m/02r3zy 1 1 0 0
/m/011k1h /music/record_label/artist /m/0167xy 1 1 0 1
/m/012b30 /music/record_label/artist /m/0fpj9pm 0 0 0 0
/m/0cv9t5 /music/record_label/artist /m/0411q 0 0 0 0
/m/016ckq /music/record_label/artist /m/0163kf 1 1 0 1
/m/043g7l /music/record_label/artist /m/0hvbj 1 1 0 0
/m/04fcjt /music/record_label/artist /m/015bwt 1 1 0 1
/m/030jj7 /music/record_label/artist /m/03xhj6 1 1 0 1
/m/011k1h /music/record_label/artist /m/016ksk 1 1 1 1
/m/01w565 /music/record_label/artist /m/0fcsd 1 1 0 1
/m/09zcbg /music/record_label/artist /m/01518s 1 1 1 1
/m/01trtc /music/record_label/artist /m/01vs_v8 1 1 1 1
/m/015_1q /music/record_label/artist /m/01wgjj5 1 1 0 1
/m/015_1q /music/record_label/artist /m/01f9zw 1 1 1 1
/m/017l96 /music/record_label/artist /m/0b68vs 1 1 0 1
/m/017l96 /music/record_label/artist /m/01vrnsk 1 1 0 1
/m/0mzkr /music/record_label/artist /m/0qf3p 1 1 1 1
/m/0g768 /music/record_label/artist /m/0136p1 1 1 0 0
/m/0n85g /music/record_label/artist /m/07mvp 1 1 0 0
/m/02swsm /music/record_label/artist /m/04d_mtq 1 1 1 1
/m/03vtfp /music/record_label/artist /m/016l09 1 1 0 1
/m/011k11 /music/record_label/artist /m/01nn3m 1 1 1 1
/m/01cl0d /music/record_label/artist /m/014pg1 1 1 0 1
/m/03qk20 /music/record_label/artist /m/01ww_vs 1 1 1 1
/m/016ckq /music/record_label/artist /m/01mxqyk 1 1 0 1
/m/0gh4g0 /music/record_label/artist /m/07r1_ 1 1 1 1
/m/03rhqg /music/record_label/artist /m/05sq20 1 1 1 1
/m/0n85g /music/record_label/artist /m/019389 1 1 0 1
/m/0n85g /music/record_label/artist /m/02hzz 1 1 0 1
/m/0181dw /music/record_label/artist /m/01wj5hp 1 1 1 1
/m/0181dw /music/record_label/artist /m/025ldg 1 1 0 1
/m/03qy3l /music/record_label/artist /m/0jn38 1 1 0 1
/m/02p3cr5 /music/record_label/artist /m/01vsy7t 1 1 0 1
/m/01cf93 /music/record_label/artist /m/0259r0 0 0 0 0
/m/015kg1 /music/record_label/artist /m/01mr2g6 1 1 0 1
/m/03qjwc /music/record_label/artist /m/01vsy7t 1 1 0 1
/m/01w40h /music/record_label/artist /m/05szp 1 1 1 1
/m/043g7l /music/record_label/artist /m/0135xb 1 1 0 1
/m/03mp8k /music/record_label/artist /m/015f7 1 1 1 1
/m/015_1q /music/record_label/artist /m/01817f 1 1 0 1
/m/01dtcb /music/record_label/artist /m/01x0yrt 1 1 1 1
/m/02bh8z /music/record_label/artist /m/01vvpjj 1 1 0 1
/m/033hn8 /music/record_label/artist /m/09r8l 1 1 0 1
/m/041n43 /music/record_label/artist /m/017yfz 1 1 0 1
std confidence count
/m/011k11 /music/record_label/artist /m/03h_yfh 1 1 0 1
/m/01trtc /music/record_label/artist /m/01q_wyj 1 1 1 1
/m/03rhqg /music/record_label/artist /m/01jgkj2 1 1 0 0
/m/0fb0v /music/record_label/artist /m/01vsy95 1 1 0 0
/m/01dtcb /music/record_label/artist /m/014_xj 1 1 0 1
/m/096ysw /music/record_label/artist /m/02mq_y 1 1 0 1
/m/03q58q /music/record_label/artist /m/0ql36 1 1 0 1
/m/043g7l /music/record_label/artist /m/01309x 0 1 0 0
/m/03rhqg /music/record_label/artist /m/01309x 1 1 1 1
/m/03rhqg /music/record_label/artist /m/02hzz 1 1 1 1
/m/017l96 /music/record_label/artist /m/01p0vf 1 1 1 1
/m/01dtcb /music/record_label/artist /m/014_lq 1 1 0 1
/m/01dtcb /music/record_label/artist /m/016fmf 1 1 0 1
/m/0g768 /music/record_label/artist /m/07s3vqk 1 1 1 1
/m/0g768 /music/record_label/artist /m/0137n0 1 1 0 1
/m/0k_kr /music/record_label/artist /m/02cw1m 1 1 0 1
/m/011k1h /music/record_label/artist /m/03j1p2n 1 1 0 0
/m/025t8bv /music/record_label/artist /m/011zf2 1 1 0 1
/m/01w565 /music/record_label/artist /m/01kymm 1 1 1 1
/m/02swsm /music/record_label/artist /m/0bk1p 1 1 0 1
/m/043ljr /music/record_label/artist /m/051m56 1 1 0 1
/m/01cf93 /music/record_label/artist /m/01vsy95 0 0 0 0
/m/01cszh /music/record_label/artist /m/086qd 1 1 1 1
/m/03qk20 /music/record_label/artist /m/01wyz92 0 0 0 0
/m/015_1q /music/record_label/artist /m/04f7c55 1 1 1 1
/m/01cl2y /music/record_label/artist /m/0m2l9 1 1 1 1
/m/01clyr /music/record_label/artist /m/01nz1q6 1 1 0 0
/m/011k1h /music/record_label/artist /m/01wqpnm 1 1 1 1
/m/025t8bv /music/record_label/artist /m/0dw4g 1 1 0 1
/m/01f_3w /music/record_label/artist /m/07ss8_ 1 1 0 1
/m/01cf93 /music/record_label/artist /m/016s0m 1 1 1 1
/m/01cszh /music/record_label/artist /m/0133x7 0 0 0 0
/m/06gst /music/record_label/artist /m/03f0fnk 0 0 0 0
/m/026s90 /music/record_label/artist /m/017mbb 1 1 0 1
/m/0fb0v /music/record_label/artist /m/0134pk 1 1 1 1
/m/0n85g /music/record_label/artist /m/01vv7sc 1 1 0 1
/m/03qy3l /music/record_label/artist /m/0134wr 1 1 0 1
/m/05clg8 /music/record_label/artist /m/01wqmm8 1 1 0 1
/m/011k1h /music/record_label/artist /m/02cw1m 1 1 0 1
/m/01cf93 /music/record_label/artist /m/0kzy0 1 1 1 1
/m/01trtc /music/record_label/artist /m/01w9wwg 1 1 1 1
/m/03mp8k /music/record_label/artist /m/06p03s 1 1 1 1
/m/03rhqg /music/record_label/artist /m/094xh 1 1 0 1
/m/0fb0v /music/record_label/artist /m/0137g1 1 1 0 1
/m/0fb0v /music/record_label/artist /m/0mjn2 1 1 0 1
/m/02bh8z /music/record_label/artist /m/020hyj 1 1 0 1
/m/033hn8 /music/record_label/artist /m/01mxt_ 1 1 0 0
/m/0181dw /music/record_label/artist /m/01n8gr 1 1 1 1
/m/011k1h /music/record_label/artist /m/01w60_p 1 1 0 1
/m/01w565 /music/record_label/artist /m/0411q 1 1 0 1
/m/011k11 /music/record_label/artist /m/031x_3 0 0 0 0
/m/03rhqg /music/record_label/artist /m/016l09 1 1 1 1
/m/017l96 /music/record_label/artist /m/01vsl3_ 1 1 0 1
/m/01jv1z /music/record_label/artist /m/017lb_ 1 1 0 1
/m/04fcjt /music/record_label/artist /m/01vzxld 1 1 0 1
/m/08pn_9 /music/record_label/artist /m/01w7nwm 1 1 0 1
/m/02bh8z /music/record_label/artist /m/01w7nwm 1 1 0 1
/m/02p4jf0 /music/record_label/artist /m/01wj5hp 1 1 0 1
/m/0n85g /music/record_label/artist /m/01wx756 1 1 0 1
/m/04gm7n /music/record_label/artist /m/016ksk 1 1 0 1
/m/01cszh /music/record_label/artist /m/05sq20 0 0 0 0
/m/015kg1 /music/record_label/artist /m/0dvqq 0 0 0 0
/m/03qk20 /music/record_label/artist /m/01czx 0 0 0 0
/m/015_1q /music/record_label/artist /m/0137n0 1 1 0 1
/m/015_1q /music/record_label/artist /m/01vvycq 1 1 1 1
/m/015_1q /music/record_label/artist /m/04d_mtq 1 1 0 1
/m/017l96 /music/record_label/artist /m/01fl3 1 1 0 1
/m/01clyr /music/record_label/artist /m/01wg3q 1 1 0 1
/m/01w56k /music/record_label/artist /m/08w4pm 1 1 0 1
/m/01wdtv /music/record_label/artist /m/03f0fnk 1 1 0 1
/m/05clg8 /music/record_label/artist /m/032nl2 1 1 0 1
/m/02p3cr5 /music/record_label/artist /m/01wv9xn 1 1 0 1
/m/01cf93 /music/record_label/artist /m/0132k4 1 1 0 1
/m/015_1q /music/record_label/artist /m/03j24kf 1 1 1 1
/m/03rhqg /music/record_label/artist /m/0ddkf 1 1 0 1
/m/017l96 /music/record_label/artist /m/01m65sp 1 1 1 1
/m/017l96 /music/record_label/artist /m/01nn6c 1 1 1 1
/m/01cl2y /music/record_label/artist /m/02qwg 1 1 0 0
/m/05k8m5 /music/record_label/artist /m/01t8399 1 1 0 1
/m/01t04r /music/record_label/artist /m/01p0vf 1 1 0 1
/m/02p11jq /music/record_label/artist /m/07g2v 1 1 1 1
/m/09d5h /music/record_label/artist /m/01wg6y 1 1 0 1
/m/016ckq /music/record_label/artist /m/012z8_ 1 1 0 1
/m/03x9yr /music/record_label/artist /m/06lxn 1 1 1 1
/m/0fb0v /music/record_label/artist /m/01f2q5 0 1 0 0
/m/02jjdr /music/record_label/artist /m/01m3b1t 1 1 0 1
/m/02bh8z /music/record_label/artist /m/03c602 1 1 1 1
/m/07s363 /music/record_label/artist /m/01v27pl 0 0 0 0
/m/0181dw /music/record_label/artist /m/01dq9q 1 1 1 1
/m/01w56k /music/record_label/artist /m/07mvp 1 1 0 1
/m/01gfq4 /music/record_label/artist /m/0135xb 1 1 0 1
/m/0181hw /music/record_label/artist /m/01vvybv 0 0 0 0
/m/03rhqg /music/record_label/artist /m/01czx 1 1 0 1
/m/0fb0v /music/record_label/artist /m/01nz1q6 1 1 1 1
/m/02bh8z /music/record_label/artist /m/063t3j 1 1 0 1
/m/0n85g /music/record_label/artist /m/024dw0 0 0 0 0
/m/0n85g /music/record_label/artist /m/01k_mc 1 1 0 1
/m/0n85g /music/record_label/artist /m/01wdqrx 1 1 1 1
/m/0181dw /music/record_label/artist /m/0137n0 1 1 0 1
/m/01clyr /music/record_label/artist /m/016jfw 1 1 1 1
/m/043g7l /music/record_label/artist /m/01wgjj5 1 1 0 1
/m/017l96 /music/record_label/artist /m/01w724 1 1 1 1
/m/011k1h /music/record_label/artist /m/06mj4 1 1 0 1
/m/073tm9 /music/record_label/artist /m/01w7nww 1 1 1 1
/m/012b30 /music/record_label/artist /m/0bg539 1 1 1 1
/m/01cl0d /music/record_label/artist /m/0gps0z 1 1 1 1
/m/043g7l /music/record_label/artist /m/06449 1 1 1 1
/m/015_1q /music/record_label/artist /m/01wmjkb 1 1 1 1
/m/026s90 /music/record_label/artist /m/0889x 1 1 0 1
/m/02bh8z /music/record_label/artist /m/0ycp3 1 1 0 1
/m/01cl2y /music/record_label/artist /m/01n8gr 1 1 0 1
/m/01cl2y /music/record_label/artist /m/02_fj 1 1 1 1
/m/01clyr /music/record_label/artist /m/02cw1m 1 1 0 1
/m/011k1h /music/record_label/artist /m/0cfgd 1 1 0 1
/m/0181hw /music/record_label/artist /m/01wxdn3 1 1 1 1
/m/073tm9 /music/record_label/artist /m/01f2q5 1 1 0 1
/m/01trtc /music/record_label/artist /m/03xl77 1 1 0 1
/m/015_1q /music/record_label/artist /m/01309x 1 1 0 1
/m/03rhqg /music/record_label/artist /m/06tp4h 1 1 0 1
/m/026s90 /music/record_label/artist /m/01304j 1 1 0 1
/m/0n85g /music/record_label/artist /m/03j1p2n 1 1 0 1
/m/0181dw /music/record_label/artist /m/0133x7 1 1 1 1
/m/01cf93 /music/record_label/artist /m/01rm8b 1 1 1 1
/m/011k11 /music/record_label/artist /m/0pqp3 1 1 0 1
/m/01w31x /music/record_label/artist /m/0274ck 1 1 1 1
/m/0kk9v /music/record_label/artist /m/016szr 0 0 0 0
/m/01w40h /music/record_label/artist /m/01vw87c 1 1 0 0
/m/043g7l /music/record_label/artist /m/01nn6c 1 1 0 1
/m/064r9cb /music/record_label/artist /m/01s7ns 1 1 0 1
/m/03rhqg /music/record_label/artist /m/048xh 1 1 1 1
/m/03rhqg /music/record_label/artist /m/04b7xr 1 1 1 1
/m/026k4d /music/record_label/artist /m/0244r8 1 1 1 1
/m/01w56k /music/record_label/artist /m/0m19t 1 1 0 1
/m/011k1h /music/record_label/artist /m/0c9d9 1 1 1 1
/m/02swsm /music/record_label/artist /m/01323p 1 1 0 1
/m/016ckq /music/record_label/artist /m/03q2t9 1 1 0 1
/m/03rhqg /music/record_label/artist /m/01vvpjj 1 1 0 1
/m/03rhqg /music/record_label/artist /m/0249kn 1 1 0 1
/m/03rhqg /music/record_label/artist /m/01k98nm 1 1 0 0
/m/0g768 /music/record_label/artist /m/02qsjt 1 1 0 1
/m/06x2ww /music/record_label/artist /m/06cc_1 1 1 0 1
/m/01cszh /music/record_label/artist /m/02ktrs 1 1 1 1
/m/01trtc /music/record_label/artist /m/0147dk 1 1 1 1
/m/01trtc /music/record_label/artist /m/0838y 1 1 1 1
/m/01w40h /music/record_label/artist /m/0flpy 1 1 0 1
/m/01w40h /music/record_label/artist /m/01k3qj 1 1 0 1
/m/043g7l /music/record_label/artist /m/02bgmr 1 1 0 0
/m/033hn8 /music/record_label/artist /m/0cg9y 1 1 0 1
/m/0g768 /music/record_label/artist /m/030155 1 1 0 1
/m/01cl2y /music/record_label/artist /m/01fl3 1 1 1 1
/m/03qy3l /music/record_label/artist /m/0pj9t 1 1 0 1
/m/01th4s /music/record_label/artist /m/02mq_y 1 1 1 1
/m/01w40h /music/record_label/artist /m/06m61 1 1 1 1
/m/015_1q /music/record_label/artist /m/05d8vw 1 1 0 1
/m/03rhqg /music/record_label/artist /m/01yndb 1 1 0 1
/m/0mcf4 /music/record_label/artist /m/09hnb 1 1 0 1
/m/0n85g /music/record_label/artist /m/01kx_81 1 1 1 1
/m/041n43 /music/record_label/artist /m/0137g1 1 1 0 1
/m/01wdtv /music/record_label/artist /m/07c0j 1 1 0 1
/m/011k11 /music/record_label/artist /m/020_4z 1 1 0 1
/m/01cl0d /music/record_label/artist /m/0b1hw 1 1 1 1
/m/043g7l /music/record_label/artist /m/01vvyfh 1 1 0 1
/m/015_1q /music/record_label/artist /m/015mrk 1 1 1 1
/m/015_1q /music/record_label/artist /m/04dqdk 1 1 0 1
/m/03rhqg /music/record_label/artist /m/01tl50z 1 1 0 1
/m/02p4jf0 /music/record_label/artist /m/01vv6_6 0 0 0 0
/m/01cl2y /music/record_label/artist /m/01vvpjj 1 1 0 1
/m/03rhqg /music/record_label/artist /m/07m4c 1 1 0 0
/m/03d96s /music/record_label/artist /m/047sxrj 1 1 1 1
/m/0mzkr /music/record_label/artist /m/0zjpz 1 1 1 1
/m/0g768 /music/record_label/artist /m/094xh 1 1 1 1
/m/0n85g /music/record_label/artist /m/01vrkdt 1 1 0 1
/m/01clyr /music/record_label/artist /m/07mvp 1 1 0 1
/m/02swsm /music/record_label/artist /m/015cxv 1 1 1 1
/m/02p3cr5 /music/record_label/artist /m/01vv7sc 1 1 0 1
/m/01cszh /music/record_label/artist /m/01304j 1 1 1 1
/m/03mp8k /music/record_label/artist /m/02k5sc 1 1 1 1
/m/03rhqg /music/record_label/artist /m/03sww 1 1 1 1
/m/017l96 /music/record_label/artist /m/01lz4tf 1 1 0 0
/m/0mzkr /music/record_label/artist /m/0jg77 0 0 0 0
/m/04fcjt /music/record_label/artist /m/016ksk 0 0 0 0
/m/01dtcb /music/record_label/artist /m/015bwt 1 1 0 1
/m/0g768 /music/record_label/artist /m/0h1nt 1 1 0 0
/m/011k1h /music/record_label/artist /m/01vsl3_ 1 1 1 1
/m/01n2m6 /music/record_label/artist /m/01vvydl 1 1 0 1
/m/0190vc /music/record_label/artist /m/0411q 1 1 0 1
/m/01w40h /music/record_label/artist /m/01wz_ml 0 0 0 0
/m/03rhqg /music/record_label/artist /m/01wwvt2 1 1 1 1
/m/01cl2y /music/record_label/artist /m/0dvqq 1 1 1 1
/m/04gm7n /music/record_label/artist /m/013423 1 1 0 1
/m/0bfp0l /music/record_label/artist /m/0bhvtc 1 1 0 1
/m/043ljr /music/record_label/artist /m/01vq3nl 1 1 1 1
/m/043ljr /music/record_label/artist /m/01kstn9 1 1 0 1
/m/015_1q /music/record_label/artist /m/01s21dg 1 1 0 1
/m/015_1q /music/record_label/artist /m/016t00 1 1 0 1
/m/0fb0v /music/record_label/artist /m/01xzb6 1 1 0 1
/m/03vtrv /music/record_label/artist /m/0167xy 1 1 0 1
/m/01clyr /music/record_label/artist /m/01fh0q 1 1 0 1
/m/01clyr /music/record_label/artist /m/01vn35l 1 1 0 1
/m/012b30 /music/record_label/artist /m/08n__5 1 1 1 1
/m/01w40h /music/record_label/artist /m/01n8gr 1 1 0 1
/m/017l96 /music/record_label/artist /m/0kzy0 1 1 0 1
/m/0mzkr /music/record_label/artist /m/03f1d47 1 1 1 1
/m/0g768 /music/record_label/artist /m/01pgk0 1 1 1 1
/m/01wdtv /music/record_label/artist /m/01n44c 0 0 0 0
/m/02p11jq /music/record_label/artist /m/03cfjg 1 1 1 1
/m/01cf93 /music/record_label/artist /m/048xh 0 0 0 0
/m/03rhqg /music/record_label/artist /m/023p29 1 1 0 1
/m/033hn8 /music/record_label/artist /m/01wn718 1 1 1 1
/m/0181dw /music/record_label/artist /m/0892sx 1 1 0 1
/m/03qy3l /music/record_label/artist /m/01v0sxx 1 1 0 1
/m/06x2ww /music/record_label/artist /m/02fn5r 1 1 0 1
/m/01cl0d /music/record_label/artist /m/028qyn 1 1 1 1
/m/023rwm /music/record_label/artist /m/0p76z 1 1 0 1
/m/03mp8k /music/record_label/artist /m/01l_vgt 1 1 0 0
/m/011k1h /music/record_label/artist /m/01r9fv 1 1 1 1
/m/01f_3w /music/record_label/artist /m/03h_0_z 1 1 0 1
/m/07gqbk /music/record_label/artist /m/01shhf 0 0 0 0
/m/041p3y /music/record_label/artist /m/016376 1 1 0 1
/m/01trtc /music/record_label/artist /m/01vrz41 1 1 0 1
/m/03rhqg /music/record_label/artist /m/01n44c 1 1 0 1
/m/026s90 /music/record_label/artist /m/0178kd 1 1 0 1
/m/056252 /music/record_label/artist /m/02p2zq 1 1 0 1
/m/0229rs /music/record_label/artist /m/01vrwfv 1 1 0 1
/m/02bh8z /music/record_label/artist /m/01pctb 1 1 1 1
/m/02nddq /music/record_label/artist /m/03f0qd7 1 1 0 1
/m/0181dw /music/record_label/artist /m/02r3zy 1 1 0 0
/m/011k1h /music/record_label/artist /m/0167xy 1 1 0 1
/m/012b30 /music/record_label/artist /m/0fpj9pm 0 0 0 0
/m/0cv9t5 /music/record_label/artist /m/0411q 0 0 0 0
/m/016ckq /music/record_label/artist /m/0163kf 1 1 0 1
/m/043g7l /music/record_label/artist /m/0hvbj 1 1 0 0
/m/04fcjt /music/record_label/artist /m/015bwt 1 1 0 1
/m/030jj7 /music/record_label/artist /m/03xhj6 1 1 0 1
/m/011k1h /music/record_label/artist /m/016ksk 1 1 1 1
/m/01w565 /music/record_label/artist /m/0fcsd 1 1 0 1
/m/09zcbg /music/record_label/artist /m/01518s 1 1 1 1
/m/01trtc /music/record_label/artist /m/01vs_v8 1 1 1 1
/m/015_1q /music/record_label/artist /m/01wgjj5 1 1 0 1
/m/015_1q /music/record_label/artist /m/01f9zw 1 1 1 1
/m/017l96 /music/record_label/artist /m/0b68vs 1 1 0 1
/m/017l96 /music/record_label/artist /m/01vrnsk 1 1 0 1
/m/0mzkr /music/record_label/artist /m/0qf3p 1 1 1 1
/m/0g768 /music/record_label/artist /m/0136p1 1 1 0 0
/m/0n85g /music/record_label/artist /m/07mvp 1 1 0 0
/m/02swsm /music/record_label/artist /m/04d_mtq 1 1 1 1
/m/03vtfp /music/record_label/artist /m/016l09 1 1 0 1
/m/011k11 /music/record_label/artist /m/01nn3m 1 1 1 1
/m/01cl0d /music/record_label/artist /m/014pg1 1 1 0 1
/m/03qk20 /music/record_label/artist /m/01ww_vs 1 1 1 1
/m/016ckq /music/record_label/artist /m/01mxqyk 1 1 0 1
/m/0gh4g0 /music/record_label/artist /m/07r1_ 1 1 0 1
/m/03rhqg /music/record_label/artist /m/05sq20 1 1 1 1
/m/0n85g /music/record_label/artist /m/019389 1 1 0 1
/m/0n85g /music/record_label/artist /m/02hzz 1 1 0 1
/m/0181dw /music/record_label/artist /m/01wj5hp 1 1 1 1
/m/0181dw /music/record_label/artist /m/025ldg 1 1 0 1
/m/03qy3l /music/record_label/artist /m/0jn38 1 1 0 1
/m/02p3cr5 /music/record_label/artist /m/01vsy7t 1 1 0 1
/m/01cf93 /music/record_label/artist /m/0259r0 0 0 0 0
/m/015kg1 /music/record_label/artist /m/01mr2g6 1 1 0 1
/m/03qjwc /music/record_label/artist /m/01vsy7t 1 1 0 1
/m/01w40h /music/record_label/artist /m/05szp 1 1 1 1
/m/043g7l /music/record_label/artist /m/0135xb 1 1 1 1
/m/03mp8k /music/record_label/artist /m/015f7 1 1 1 1
/m/015_1q /music/record_label/artist /m/01817f 1 1 0 1
/m/01dtcb /music/record_label/artist /m/01x0yrt 1 1 1 1
/m/02bh8z /music/record_label/artist /m/01vvpjj 1 1 0 1
/m/033hn8 /music/record_label/artist /m/09r8l 1 1 0 1
/m/041n43 /music/record_label/artist /m/017yfz 1 1 0 1
pca confidence sum
/m/011k11 /music/record_label/artist /m/03h_yfh 1 1 0 0
/m/01trtc /music/record_label/artist /m/01q_wyj 1 1 0 0
/m/03rhqg /music/record_label/artist /m/01jgkj2 1 1 0 0
/m/0fb0v /music/record_label/artist /m/01vsy95 1 1 0 0
/m/01dtcb /music/record_label/artist /m/014_xj 1 1 0 1
/m/096ysw /music/record_label/artist /m/02mq_y 1 1 0 0
/m/03q58q /music/record_label/artist /m/0ql36 1 1 0 0
/m/043g7l /music/record_label/artist /m/01309x 0 1 0 0
/m/03rhqg /music/record_label/artist /m/01309x 1 1 0 1
/m/03rhqg /music/record_label/artist /m/02hzz 1 1 1 1
/m/017l96 /music/record_label/artist /m/01p0vf 1 1 0 0
/m/01dtcb /music/record_label/artist /m/014_lq 1 1 0 0
/m/01dtcb /music/record_label/artist /m/016fmf 1 1 0 0
/m/0g768 /music/record_label/artist /m/07s3vqk 1 1 0 1
/m/0g768 /music/record_label/artist /m/0137n0 1 1 0 1
/m/0k_kr /music/record_label/artist /m/02cw1m 1 1 0 0
/m/011k1h /music/record_label/artist /m/03j1p2n 0 1 0 0
/m/025t8bv /music/record_label/artist /m/011zf2 1 1 0 0
/m/01w565 /music/record_label/artist /m/01kymm 1 1 0 0
/m/02swsm /music/record_label/artist /m/0bk1p 0 1 0 0
/m/043ljr /music/record_label/artist /m/051m56 1 1 0 0
/m/01cf93 /music/record_label/artist /m/01vsy95 0 0 0 0
/m/01cszh /music/record_label/artist /m/086qd 1 1 0 0
/m/03qk20 /music/record_label/artist /m/01wyz92 0 0 0 0
/m/015_1q /music/record_label/artist /m/04f7c55 1 1 1 1
/m/01cl2y /music/record_label/artist /m/0m2l9 1 1 0 0
/m/01clyr /music/record_label/artist /m/01nz1q6 1 1 0 0
/m/011k1h /music/record_label/artist /m/01wqpnm 1 1 0 0
/m/025t8bv /music/record_label/artist /m/0dw4g 1 1 0 0
/m/01f_3w /music/record_label/artist /m/07ss8_ 1 1 0 0
/m/01cf93 /music/record_label/artist /m/016s0m 1 1 0 0
/m/01cszh /music/record_label/artist /m/0133x7 0 0 0 0
/m/06gst /music/record_label/artist /m/03f0fnk 0 0 0 0
/m/026s90 /music/record_label/artist /m/017mbb 1 1 0 0
/m/0fb0v /music/record_label/artist /m/0134pk 1 1 0 0
/m/0n85g /music/record_label/artist /m/01vv7sc 1 1 0 0
/m/03qy3l /music/record_label/artist /m/0134wr 1 1 0 0
/m/05clg8 /music/record_label/artist /m/01wqmm8 1 1 0 0
/m/011k1h /music/record_label/artist /m/02cw1m 1 1 0 0
/m/01cf93 /music/record_label/artist /m/0kzy0 1 1 0 0
/m/01trtc /music/record_label/artist /m/01w9wwg 1 1 0 1
/m/03mp8k /music/record_label/artist /m/06p03s 1 1 0 0
/m/03rhqg /music/record_label/artist /m/094xh 1 1 1 1
/m/0fb0v /music/record_label/artist /m/0137g1 1 1 0 0
/m/0fb0v /music/record_label/artist /m/0mjn2 1 1 0 0
/m/02bh8z /music/record_label/artist /m/020hyj 1 1 0 0
/m/033hn8 /music/record_label/artist /m/01mxt_ 1 1 0 0
/m/0181dw /music/record_label/artist /m/01n8gr 1 1 0 0
/m/011k1h /music/record_label/artist /m/01w60_p 1 1 0 0
/m/01w565 /music/record_label/artist /m/0411q 1 1 0 0
/m/011k11 /music/record_label/artist /m/031x_3 0 0 0 0
/m/03rhqg /music/record_label/artist /m/016l09 1 1 1 1
/m/017l96 /music/record_label/artist /m/01vsl3_ 1 1 0 0
/m/01jv1z /music/record_label/artist /m/017lb_ 1 1 0 0
/m/04fcjt /music/record_label/artist /m/01vzxld 1 1 0 0
/m/08pn_9 /music/record_label/artist /m/01w7nwm 1 1 0 0
/m/02bh8z /music/record_label/artist /m/01w7nwm 1 1 0 0
/m/02p4jf0 /music/record_label/artist /m/01wj5hp 1 1 0 0
/m/0n85g /music/record_label/artist /m/01wx756 1 1 0 1
/m/04gm7n /music/record_label/artist /m/016ksk 1 1 0 0
/m/01cszh /music/record_label/artist /m/05sq20 0 0 0 0
/m/015kg1 /music/record_label/artist /m/0dvqq 0 0 0 0
/m/03qk20 /music/record_label/artist /m/01czx 0 0 0 0
/m/015_1q /music/record_label/artist /m/0137n0 1 1 1 1
/m/015_1q /music/record_label/artist /m/01vvycq 1 1 1 1
/m/015_1q /music/record_label/artist /m/04d_mtq 1 1 0 1
/m/017l96 /music/record_label/artist /m/01fl3 1 1 0 0
/m/01clyr /music/record_label/artist /m/01wg3q 1 1 0 0
/m/01w56k /music/record_label/artist /m/08w4pm 1 1 0 0
/m/01wdtv /music/record_label/artist /m/03f0fnk 1 1 0 0
/m/05clg8 /music/record_label/artist /m/032nl2 1 1 0 0
/m/02p3cr5 /music/record_label/artist /m/01wv9xn 1 1 0 0
/m/01cf93 /music/record_label/artist /m/0132k4 1 1 0 1
/m/015_1q /music/record_label/artist /m/03j24kf 1 1 1 1
/m/03rhqg /music/record_label/artist /m/0ddkf 1 1 0 1
/m/017l96 /music/record_label/artist /m/01m65sp 1 1 0 0
/m/017l96 /music/record_label/artist /m/01nn6c 1 1 0 1
/m/01cl2y /music/record_label/artist /m/02qwg 0 1 0 0
/m/05k8m5 /music/record_label/artist /m/01t8399 1 1 0 0
/m/01t04r /music/record_label/artist /m/01p0vf 1 1 0 0
/m/02p11jq /music/record_label/artist /m/07g2v 1 1 0 0
/m/09d5h /music/record_label/artist /m/01wg6y 1 1 0 0
/m/016ckq /music/record_label/artist /m/012z8_ 1 1 0 0
/m/03x9yr /music/record_label/artist /m/06lxn 1 1 0 0
/m/0fb0v /music/record_label/artist /m/01f2q5 0 1 0 0
/m/02jjdr /music/record_label/artist /m/01m3b1t 1 1 0 1
/m/02bh8z /music/record_label/artist /m/03c602 1 1 0 0
/m/07s363 /music/record_label/artist /m/01v27pl 0 0 0 0
/m/0181dw /music/record_label/artist /m/01dq9q 1 1 1 1
/m/01w56k /music/record_label/artist /m/07mvp 1 1 0 0
/m/01gfq4 /music/record_label/artist /m/0135xb 1 1 0 0
/m/0181hw /music/record_label/artist /m/01vvybv 0 0 0 0
/m/03rhqg /music/record_label/artist /m/01czx 1 1 1 1
/m/0fb0v /music/record_label/artist /m/01nz1q6 1 1 0 0
/m/02bh8z /music/record_label/artist /m/063t3j 1 1 0 0
/m/0n85g /music/record_label/artist /m/024dw0 0 0 0 0
/m/0n85g /music/record_label/artist /m/01k_mc 1 1 1 1
/m/0n85g /music/record_label/artist /m/01wdqrx 1 1 0 0
/m/0181dw /music/record_label/artist /m/0137n0 1 1 0 1
/m/01clyr /music/record_label/artist /m/016jfw 1 1 0 0
/m/043g7l /music/record_label/artist /m/01wgjj5 1 1 0 0
/m/017l96 /music/record_label/artist /m/01w724 1 1 0 0
/m/011k1h /music/record_label/artist /m/06mj4 1 1 0 0
/m/073tm9 /music/record_label/artist /m/01w7nww 1 1 0 0
/m/012b30 /music/record_label/artist /m/0bg539 1 1 0 0
/m/01cl0d /music/record_label/artist /m/0gps0z 1 1 0 0
/m/043g7l /music/record_label/artist /m/06449 1 1 0 0
/m/015_1q /music/record_label/artist /m/01wmjkb 1 1 1 1
/m/026s90 /music/record_label/artist /m/0889x 1 1 0 0
/m/02bh8z /music/record_label/artist /m/0ycp3 1 1 0 0
/m/01cl2y /music/record_label/artist /m/01n8gr 1 1 0 0
/m/01cl2y /music/record_label/artist /m/02_fj 1 1 0 1
/m/01clyr /music/record_label/artist /m/02cw1m 1 1 0 0
/m/011k1h /music/record_label/artist /m/0cfgd 1 1 0 1
/m/0181hw /music/record_label/artist /m/01wxdn3 1 1 0 0
/m/073tm9 /music/record_label/artist /m/01f2q5 1 1 0 0
/m/01trtc /music/record_label/artist /m/03xl77 1 1 0 0
/m/015_1q /music/record_label/artist /m/01309x 1 1 1 1
/m/03rhqg /music/record_label/artist /m/06tp4h 1 1 1 1
/m/026s90 /music/record_label/artist /m/01304j 1 1 0 0
/m/0n85g /music/record_label/artist /m/03j1p2n 1 1 0 1
/m/0181dw /music/record_label/artist /m/0133x7 1 1 0 0
/m/01cf93 /music/record_label/artist /m/01rm8b 1 1 0 0
/m/011k11 /music/record_label/artist /m/0pqp3 1 1 0 1
/m/01w31x /music/record_label/artist /m/0274ck 1 1 0 0
/m/0kk9v /music/record_label/artist /m/016szr 0 0 0 0
/m/01w40h /music/record_label/artist /m/01vw87c 1 1 0 0
/m/043g7l /music/record_label/artist /m/01nn6c 1 1 0 1
/m/064r9cb /music/record_label/artist /m/01s7ns 1 1 0 0
/m/03rhqg /music/record_label/artist /m/048xh 1 1 1 1
/m/03rhqg /music/record_label/artist /m/04b7xr 1 1 0 0
/m/026k4d /music/record_label/artist /m/0244r8 1 1 0 0
/m/01w56k /music/record_label/artist /m/0m19t 1 1 0 0
/m/011k1h /music/record_label/artist /m/0c9d9 1 1 0 0
/m/02swsm /music/record_label/artist /m/01323p 1 1 0 0
/m/016ckq /music/record_label/artist /m/03q2t9 1 1 0 0
/m/03rhqg /music/record_label/artist /m/01vvpjj 1 1 1 1
/m/03rhqg /music/record_label/artist /m/0249kn 1 1 1 1
/m/03rhqg /music/record_label/artist /m/01k98nm 1 1 0 0
/m/0g768 /music/record_label/artist /m/02qsjt 1 1 1 1
/m/06x2ww /music/record_label/artist /m/06cc_1 1 1 0 0
/m/01cszh /music/record_label/artist /m/02ktrs 1 1 0 0
/m/01trtc /music/record_label/artist /m/0147dk 1 1 0 1
/m/01trtc /music/record_label/artist /m/0838y 1 1 0 0
/m/01w40h /music/record_label/artist /m/0flpy 1 1 0 0
/m/01w40h /music/record_label/artist /m/01k3qj 1 1 0 0
/m/043g7l /music/record_label/artist /m/02bgmr 1 1 0 0
/m/033hn8 /music/record_label/artist /m/0cg9y 1 1 0 1
/m/0g768 /music/record_label/artist /m/030155 1 1 1 1
/m/01cl2y /music/record_label/artist /m/01fl3 1 1 0 0
/m/03qy3l /music/record_label/artist /m/0pj9t 1 1 0 0
/m/01th4s /music/record_label/artist /m/02mq_y 1 1 1 1
/m/01w40h /music/record_label/artist /m/06m61 1 1 0 0
/m/015_1q /music/record_label/artist /m/05d8vw 1 1 1 1
/m/03rhqg /music/record_label/artist /m/01yndb 1 1 0 1
/m/0mcf4 /music/record_label/artist /m/09hnb 1 1 0 1
/m/0n85g /music/record_label/artist /m/01kx_81 1 1 0 0
/m/041n43 /music/record_label/artist /m/0137g1 1 1 0 0
/m/01wdtv /music/record_label/artist /m/07c0j 1 1 0 0
/m/011k11 /music/record_label/artist /m/020_4z 1 1 0 0
/m/01cl0d /music/record_label/artist /m/0b1hw 1 1 1 1
/m/043g7l /music/record_label/artist /m/01vvyfh 1 1 0 1
/m/015_1q /music/record_label/artist /m/015mrk 1 1 1 1
/m/015_1q /music/record_label/artist /m/04dqdk 1 1 1 1
/m/03rhqg /music/record_label/artist /m/01tl50z 1 1 0 1
/m/02p4jf0 /music/record_label/artist /m/01vv6_6 0 0 0 0
/m/01cl2y /music/record_label/artist /m/01vvpjj 1 1 0 0
/m/03rhqg /music/record_label/artist /m/07m4c 1 1 0 1
/m/03d96s /music/record_label/artist /m/047sxrj 1 1 0 0
/m/0mzkr /music/record_label/artist /m/0zjpz 1 1 0 0
/m/0g768 /music/record_label/artist /m/094xh 1 1 0 0
/m/0n85g /music/record_label/artist /m/01vrkdt 1 1 0 0
/m/01clyr /music/record_label/artist /m/07mvp 1 1 0 0
/m/02swsm /music/record_label/artist /m/015cxv 1 1 0 0
/m/02p3cr5 /music/record_label/artist /m/01vv7sc 1 1 0 0
/m/01cszh /music/record_label/artist /m/01304j 1 1 0 0
/m/03mp8k /music/record_label/artist /m/02k5sc 1 1 0 0
/m/03rhqg /music/record_label/artist /m/03sww 1 1 0 0
/m/017l96 /music/record_label/artist /m/01lz4tf 1 1 0 0
/m/0mzkr /music/record_label/artist /m/0jg77 0 0 0 0
/m/04fcjt /music/record_label/artist /m/016ksk 0 0 0 0
/m/01dtcb /music/record_label/artist /m/015bwt 1 1 0 1
/m/0g768 /music/record_label/artist /m/0h1nt 1 1 0 0
/m/011k1h /music/record_label/artist /m/01vsl3_ 1 1 0 0
/m/01n2m6 /music/record_label/artist /m/01vvydl 1 1 0 0
/m/0190vc /music/record_label/artist /m/0411q 1 1 0 0
/m/01w40h /music/record_label/artist /m/01wz_ml 0 0 0 0
/m/03rhqg /music/record_label/artist /m/01wwvt2 1 1 1 1
/m/01cl2y /music/record_label/artist /m/0dvqq 1 1 1 1
/m/04gm7n /music/record_label/artist /m/013423 1 1 0 0
/m/0bfp0l /music/record_label/artist /m/0bhvtc 1 1 0 0
/m/043ljr /music/record_label/artist /m/01vq3nl 1 1 1 1
/m/043ljr /music/record_label/artist /m/01kstn9 1 1 0 0
/m/015_1q /music/record_label/artist /m/01s21dg 1 1 1 1
/m/015_1q /music/record_label/artist /m/016t00 1 1 1 1
/m/0fb0v /music/record_label/artist /m/01xzb6 1 1 0 0
/m/03vtrv /music/record_label/artist /m/0167xy 1 1 0 0
/m/01clyr /music/record_label/artist /m/01fh0q 1 1 0 1
/m/01clyr /music/record_label/artist /m/01vn35l 1 1 0 0
/m/012b30 /music/record_label/artist /m/08n__5 1 1 0 0
/m/01w40h /music/record_label/artist /m/01n8gr 1 1 0 0
/m/017l96 /music/record_label/artist /m/0kzy0 1 1 0 0
/m/0mzkr /music/record_label/artist /m/03f1d47 1 1 0 0
/m/0g768 /music/record_label/artist /m/01pgk0 1 1 1 1
/m/01wdtv /music/record_label/artist /m/01n44c 0 0 0 0
/m/02p11jq /music/record_label/artist /m/03cfjg 1 1 0 1
/m/01cf93 /music/record_label/artist /m/048xh 0 0 0 0
/m/03rhqg /music/record_label/artist /m/023p29 1 1 0 1
/m/033hn8 /music/record_label/artist /m/01wn718 1 1 0 1
/m/0181dw /music/record_label/artist /m/0892sx 1 1 0 1
/m/03qy3l /music/record_label/artist /m/01v0sxx 1 1 0 1
/m/06x2ww /music/record_label/artist /m/02fn5r 1 1 0 0
/m/01cl0d /music/record_label/artist /m/028qyn 1 1 0 0
/m/023rwm /music/record_label/artist /m/0p76z 1 1 0 0
/m/03mp8k /music/record_label/artist /m/01l_vgt 0 1 0 0
/m/011k1h /music/record_label/artist /m/01r9fv 1 1 1 1
/m/01f_3w /music/record_label/artist /m/03h_0_z 1 1 0 0
/m/07gqbk /music/record_label/artist /m/01shhf 0 0 0 0
/m/041p3y /music/record_label/artist /m/016376 1 1 0 0
/m/01trtc /music/record_label/artist /m/01vrz41 1 1 0 0
/m/03rhqg /music/record_label/artist /m/01n44c 1 1 1 1
/m/026s90 /music/record_label/artist /m/0178kd 1 1 0 0
/m/056252 /music/record_label/artist /m/02p2zq 1 1 0 0
/m/0229rs /music/record_label/artist /m/01vrwfv 1 1 0 0
/m/02bh8z /music/record_label/artist /m/01pctb 1 1 0 0
/m/02nddq /music/record_label/artist /m/03f0qd7 1 1 0 1
/m/0181dw /music/record_label/artist /m/02r3zy 1 1 0 0
/m/011k1h /music/record_label/artist /m/0167xy 1 1 0 1
/m/012b30 /music/record_label/artist /m/0fpj9pm 0 0 0 0
/m/0cv9t5 /music/record_label/artist /m/0411q 0 0 0 0
/m/016ckq /music/record_label/artist /m/0163kf 1 1 0 0
/m/043g7l /music/record_label/artist /m/0hvbj 1 1 0 0
/m/04fcjt /music/record_label/artist /m/015bwt 1 1 0 0
/m/030jj7 /music/record_label/artist /m/03xhj6 1 1 0 1
/m/011k1h /music/record_label/artist /m/016ksk 1 1 0 0
/m/01w565 /music/record_label/artist /m/0fcsd 1 1 0 0
/m/09zcbg /music/record_label/artist /m/01518s 1 1 0 0
/m/01trtc /music/record_label/artist /m/01vs_v8 1 1 0 0
/m/015_1q /music/record_label/artist /m/01wgjj5 1 1 1 1
/m/015_1q /music/record_label/artist /m/01f9zw 1 1 1 1
/m/017l96 /music/record_label/artist /m/0b68vs 1 1 0 0
/m/017l96 /music/record_label/artist /m/01vrnsk 1 1 0 0
/m/0mzkr /music/record_label/artist /m/0qf3p 1 1 1 1
/m/0g768 /music/record_label/artist /m/0136p1 1 1 0 0
/m/0n85g /music/record_label/artist /m/07mvp 1 1 0 0
/m/02swsm /music/record_label/artist /m/04d_mtq 1 1 1 1
/m/03vtfp /music/record_label/artist /m/016l09 1 1 0 1
/m/011k11 /music/record_label/artist /m/01nn3m 1 1 0 0
/m/01cl0d /music/record_label/artist /m/014pg1 1 1 0 0
/m/03qk20 /music/record_label/artist /m/01ww_vs 1 1 0 0
/m/016ckq /music/record_label/artist /m/01mxqyk 1 1 0 0
/m/0gh4g0 /music/record_label/artist /m/07r1_ 1 1 0 0
/m/03rhqg /music/record_label/artist /m/05sq20 1 1 1 1
/m/0n85g /music/record_label/artist /m/019389 1 1 0 1
/m/0n85g /music/record_label/artist /m/02hzz 1 1 0 1
/m/0181dw /music/record_label/artist /m/01wj5hp 1 1 0 0
/m/0181dw /music/record_label/artist /m/025ldg 1 1 0 0
/m/03qy3l /music/record_label/artist /m/0jn38 1 1 0 0
/m/02p3cr5 /music/record_label/artist /m/01vsy7t 1 1 0 0
/m/01cf93 /music/record_label/artist /m/0259r0 0 0 0 0
/m/015kg1 /music/record_label/artist /m/01mr2g6 1 1 0 0
/m/03qjwc /music/record_label/artist /m/01vsy7t 1 1 0 0
/m/01w40h /music/record_label/artist /m/05szp 1 1 0 0
/m/043g7l /music/record_label/artist /m/0135xb 1 1 0 0
/m/03mp8k /music/record_label/artist /m/015f7 1 1 0 0
/m/015_1q /music/record_label/artist /m/01817f 1 1 1 1
/m/01dtcb /music/record_label/artist /m/01x0yrt 1 1 0 0
/m/02bh8z /music/record_label/artist /m/01vvpjj 1 1 0 0
/m/033hn8 /music/record_label/artist /m/09r8l 1 1 0 0
/m/041n43 /music/record_label/artist /m/017yfz 1 1 0 0
std confidence sum
/m/011k11 /music/record_label/artist /m/03h_yfh 1 1 0 0
/m/01trtc /music/record_label/artist /m/01q_wyj 1 1 1 1
/m/03rhqg /music/record_label/artist /m/01jgkj2 1 1 0 0
/m/0fb0v /music/record_label/artist /m/01vsy95 1 1 0 0
/m/01dtcb /music/record_label/artist /m/014_xj 1 1 0 1
/m/096ysw /music/record_label/artist /m/02mq_y 1 1 0 0
/m/03q58q /music/record_label/artist /m/0ql36 1 1 0 0
/m/043g7l /music/record_label/artist /m/01309x 0 1 0 0
/m/03rhqg /music/record_label/artist /m/01309x 1 1 0 1
/m/03rhqg /music/record_label/artist /m/02hzz 1 1 1 1
/m/017l96 /music/record_label/artist /m/01p0vf 1 1 1 1
/m/01dtcb /music/record_label/artist /m/014_lq 1 1 0 1
/m/01dtcb /music/record_label/artist /m/016fmf 1 1 0 0
/m/0g768 /music/record_label/artist /m/07s3vqk 1 1 0 1
/m/0g768 /music/record_label/artist /m/0137n0 1 1 0 1
/m/0k_kr /music/record_label/artist /m/02cw1m 1 1 0 0
/m/011k1h /music/record_label/artist /m/03j1p2n 0 1 0 0
/m/025t8bv /music/record_label/artist /m/011zf2 1 1 0 0
/m/01w565 /music/record_label/artist /m/01kymm 1 1 0 0
/m/02swsm /music/record_label/artist /m/0bk1p 1 1 0 0
/m/043ljr /music/record_label/artist /m/051m56 1 1 0 1
/m/01cf93 /music/record_label/artist /m/01vsy95 0 0 0 0
/m/01cszh /music/record_label/artist /m/086qd 1 1 0 0
/m/03qk20 /music/record_label/artist /m/01wyz92 0 0 0 0
/m/015_1q /music/record_label/artist /m/04f7c55 1 1 1 1
/m/01cl2y /music/record_label/artist /m/0m2l9 1 1 0 0
/m/01clyr /music/record_label/artist /m/01nz1q6 1 1 0 0
/m/011k1h /music/record_label/artist /m/01wqpnm 1 1 1 1
/m/025t8bv /music/record_label/artist /m/0dw4g 1 1 0 0
/m/01f_3w /music/record_label/artist /m/07ss8_ 1 1 0 0
/m/01cf93 /music/record_label/artist /m/016s0m 1 1 0 0
/m/01cszh /music/record_label/artist /m/0133x7 0 0 0 0
/m/06gst /music/record_label/artist /m/03f0fnk 0 0 0 0
/m/026s90 /music/record_label/artist /m/017mbb 1 1 0 0
/m/0fb0v /music/record_label/artist /m/0134pk 1 1 0 0
/m/0n85g /music/record_label/artist /m/01vv7sc 1 1 0 1
/m/03qy3l /music/record_label/artist /m/0134wr 1 1 0 0
/m/05clg8 /music/record_label/artist /m/01wqmm8 1 1 0 0
/m/011k1h /music/record_label/artist /m/02cw1m 1 1 0 0
/m/01cf93 /music/record_label/artist /m/0kzy0 1 1 0 0
/m/01trtc /music/record_label/artist /m/01w9wwg 1 1 0 1
/m/03mp8k /music/record_label/artist /m/06p03s 1 1 0 0
/m/03rhqg /music/record_label/artist /m/094xh 1 1 0 1
/m/0fb0v /music/record_label/artist /m/0137g1 1 1 0 0
/m/0fb0v /music/record_label/artist /m/0mjn2 1 1 0 0
/m/02bh8z /music/record_label/artist /m/020hyj 1 1 0 0
/m/033hn8 /music/record_label/artist /m/01mxt_ 1 1 0 0
/m/0181dw /music/record_label/artist /m/01n8gr 1 1 0 0
/m/011k1h /music/record_label/artist /m/01w60_p 1 1 0 0
/m/01w565 /music/record_label/artist /m/0411q 1 1 0 0
/m/011k11 /music/record_label/artist /m/031x_3 0 0 0 0
/m/03rhqg /music/record_label/artist /m/016l09 1 1 1 1
/m/017l96 /music/record_label/artist /m/01vsl3_ 1 1 0 0
/m/01jv1z /music/record_label/artist /m/017lb_ 1 1 0 0
/m/04fcjt /music/record_label/artist /m/01vzxld 1 1 0 0
/m/08pn_9 /music/record_label/artist /m/01w7nwm 1 1 0 0
/m/02bh8z /music/record_label/artist /m/01w7nwm 1 1 0 0
/m/02p4jf0 /music/record_label/artist /m/01wj5hp 1 1 0 0
/m/0n85g /music/record_label/artist /m/01wx756 1 1 0 1
/m/04gm7n /music/record_label/artist /m/016ksk 1 1 0 1
/m/01cszh /music/record_label/artist /m/05sq20 0 0 0 0
/m/015kg1 /music/record_label/artist /m/0dvqq 0 0 0 0
/m/03qk20 /music/record_label/artist /m/01czx 0 0 0 0
/m/015_1q /music/record_label/artist /m/0137n0 1 1 1 1
/m/015_1q /music/record_label/artist /m/01vvycq 1 1 1 1
/m/015_1q /music/record_label/artist /m/04d_mtq 1 1 0 1
/m/017l96 /music/record_label/artist /m/01fl3 1 1 0 1
/m/01clyr /music/record_label/artist /m/01wg3q 1 1 0 1
/m/01w56k /music/record_label/artist /m/08w4pm 1 1 0 0
/m/01wdtv /music/record_label/artist /m/03f0fnk 1 1 0 0
/m/05clg8 /music/record_label/artist /m/032nl2 1 1 0 0
/m/02p3cr5 /music/record_label/artist /m/01wv9xn 1 1 0 0
/m/01cf93 /music/record_label/artist /m/0132k4 1 1 0 1
/m/015_1q /music/record_label/artist /m/03j24kf 1 1 1 1
/m/03rhqg /music/record_label/artist /m/0ddkf 1 1 0 1
/m/017l96 /music/record_label/artist /m/01m65sp 1 1 1 1
/m/017l96 /music/record_label/artist /m/01nn6c 1 1 1 1
/m/01cl2y /music/record_label/artist /m/02qwg 0 1 0 0
/m/05k8m5 /music/record_label/artist /m/01t8399 1 1 0 0
/m/01t04r /music/record_label/artist /m/01p0vf 1 1 0 0
/m/02p11jq /music/record_label/artist /m/07g2v 1 1 1 1
/m/09d5h /music/record_label/artist /m/01wg6y 1 1 0 0
/m/016ckq /music/record_label/artist /m/012z8_ 1 1 0 0
/m/03x9yr /music/record_label/artist /m/06lxn 1 1 0 0
/m/0fb0v /music/record_label/artist /m/01f2q5 1 1 0 0
/m/02jjdr /music/record_label/artist /m/01m3b1t 1 1 0 1
/m/02bh8z /music/record_label/artist /m/03c602 1 1 0 0
/m/07s363 /music/record_label/artist /m/01v27pl 0 0 0 0
/m/0181dw /music/record_label/artist /m/01dq9q 1 1 1 1
/m/01w56k /music/record_label/artist /m/07mvp 1 1 0 0
/m/01gfq4 /music/record_label/artist /m/0135xb 1 1 0 0
/m/0181hw /music/record_label/artist /m/01vvybv 0 0 0 0
/m/03rhqg /music/record_label/artist /m/01czx 1 1 1 1
/m/0fb0v /music/record_label/artist /m/01nz1q6 1 1 1 1
/m/02bh8z /music/record_label/artist /m/063t3j 1 1 0 0
/m/0n85g /music/record_label/artist /m/024dw0 0 0 0 0
/m/0n85g /music/record_label/artist /m/01k_mc 1 1 0 1
/m/0n85g /music/record_label/artist /m/01wdqrx 1 1 0 0
/m/0181dw /music/record_label/artist /m/0137n0 1 1 0 1
/m/01clyr /music/record_label/artist /m/016jfw 1 1 1 1
/m/043g7l /music/record_label/artist /m/01wgjj5 1 1 0 1
/m/017l96 /music/record_label/artist /m/01w724 1 1 0 0
/m/011k1h /music/record_label/artist /m/06mj4 1 1 0 1
/m/073tm9 /music/record_label/artist /m/01w7nww 1 1 0 0
/m/012b30 /music/record_label/artist /m/0bg539 1 1 1 1
/m/01cl0d /music/record_label/artist /m/0gps0z 1 1 0 0
/m/043g7l /music/record_label/artist /m/06449 1 1 1 1
/m/015_1q /music/record_label/artist /m/01wmjkb 1 1 1 1
/m/026s90 /music/record_label/artist /m/0889x 1 1 0 0
/m/02bh8z /music/record_label/artist /m/0ycp3 1 1 0 0
/m/01cl2y /music/record_label/artist /m/01n8gr 1 1 0 0
/m/01cl2y /music/record_label/artist /m/02_fj 1 1 1 1
/m/01clyr /music/record_label/artist /m/02cw1m 1 1 0 0
/m/011k1h /music/record_label/artist /m/0cfgd 1 1 0 1
/m/0181hw /music/record_label/artist /m/01wxdn3 1 1 1 1
/m/073tm9 /music/record_label/artist /m/01f2q5 1 1 0 0
/m/01trtc /music/record_label/artist /m/03xl77 1 1 1 1
/m/015_1q /music/record_label/artist /m/01309x 1 1 1 1
/m/03rhqg /music/record_label/artist /m/06tp4h 1 1 1 1
/m/026s90 /music/record_label/artist /m/01304j 1 1 0 0
/m/0n85g /music/record_label/artist /m/03j1p2n 1 1 0 1
/m/0181dw /music/record_label/artist /m/0133x7 1 1 1 1
/m/01cf93 /music/record_label/artist /m/01rm8b 1 1 1 1
/m/011k11 /music/record_label/artist /m/0pqp3 1 1 0 1
/m/01w31x /music/record_label/artist /m/0274ck 1 1 0 0
/m/0kk9v /music/record_label/artist /m/016szr 0 0 0 0
/m/01w40h /music/record_label/artist /m/01vw87c 1 1 0 0
/m/043g7l /music/record_label/artist /m/01nn6c 1 1 0 1
/m/064r9cb /music/record_label/artist /m/01s7ns 1 1 0 0
/m/03rhqg /music/record_label/artist /m/048xh 1 1 1 1
/m/03rhqg /music/record_label/artist /m/04b7xr 1 1 1 1
/m/026k4d /music/record_label/artist /m/0244r8 1 1 1 1
/m/01w56k /music/record_label/artist /m/0m19t 1 1 0 0
/m/011k1h /music/record_label/artist /m/0c9d9 1 1 0 0
/m/02swsm /music/record_label/artist /m/01323p 1 1 0 0
/m/016ckq /music/record_label/artist /m/03q2t9 1 1 0 0
/m/03rhqg /music/record_label/artist /m/01vvpjj 1 1 1 1
/m/03rhqg /music/record_label/artist /m/0249kn 1 1 1 1
/m/03rhqg /music/record_label/artist /m/01k98nm 1 1 0 0
/m/0g768 /music/record_label/artist /m/02qsjt 1 1 0 1
/m/06x2ww /music/record_label/artist /m/06cc_1 1 1 0 0
/m/01cszh /music/record_label/artist /m/02ktrs 1 1 1 1
/m/01trtc /music/record_label/artist /m/0147dk 1 1 0 1
/m/01trtc /music/record_label/artist /m/0838y 1 1 1 1
/m/01w40h /music/record_label/artist /m/0flpy 1 1 0 0
/m/01w40h /music/record_label/artist /m/01k3qj 1 1 0 0
/m/043g7l /music/record_label/artist /m/02bgmr 1 1 0 0
/m/033hn8 /music/record_label/artist /m/0cg9y 1 1 1 1
/m/0g768 /music/record_label/artist /m/030155 1 1 1 1
/m/01cl2y /music/record_label/artist /m/01fl3 1 1 1 1
/m/03qy3l /music/record_label/artist /m/0pj9t 1 1 0 0
/m/01th4s /music/record_label/artist /m/02mq_y 1 1 1 1
/m/01w40h /music/record_label/artist /m/06m61 1 1 1 1
/m/015_1q /music/record_label/artist /m/05d8vw 1 1 1 1
/m/03rhqg /music/record_label/artist /m/01yndb 1 1 0 1
/m/0mcf4 /music/record_label/artist /m/09hnb 1 1 0 1
/m/0n85g /music/record_label/artist /m/01kx_81 1 1 0 0
/m/041n43 /music/record_label/artist /m/0137g1 1 1 0 0
/m/01wdtv /music/record_label/artist /m/07c0j 1 1 0 0
/m/011k11 /music/record_label/artist /m/020_4z 1 1 0 1
/m/01cl0d /music/record_label/artist /m/0b1hw 1 1 1 1
/m/043g7l /music/record_label/artist /m/01vvyfh 1 1 0 1
/m/015_1q /music/record_label/artist /m/015mrk 1 1 1 1
/m/015_1q /music/record_label/artist /m/04dqdk 1 1 1 1
/m/03rhqg /music/record_label/artist /m/01tl50z 1 1 0 1
/m/02p4jf0 /music/record_label/artist /m/01vv6_6 0 0 0 0
/m/01cl2y /music/record_label/artist /m/01vvpjj 1 1 0 1
/m/03rhqg /music/record_label/artist /m/07m4c 1 1 0 1
/m/03d96s /music/record_label/artist /m/047sxrj 1 1 0 0
/m/0mzkr /music/record_label/artist /m/0zjpz 1 1 0 0
/m/0g768 /music/record_label/artist /m/094xh 1 1 0 0
/m/0n85g /music/record_label/artist /m/01vrkdt 1 1 0 0
/m/01clyr /music/record_label/artist /m/07mvp 1 1 0 0
/m/02swsm /music/record_label/artist /m/015cxv 1 1 0 0
/m/02p3cr5 /music/record_label/artist /m/01vv7sc 1 1 0 0
/m/01cszh /music/record_label/artist /m/01304j 1 1 1 1
/m/03mp8k /music/record_label/artist /m/02k5sc 1 1 0 1
/m/03rhqg /music/record_label/artist /m/03sww 1 1 1 1
/m/017l96 /music/record_label/artist /m/01lz4tf 1 1 0 0
/m/0mzkr /music/record_label/artist /m/0jg77 0 0 0 0
/m/04fcjt /music/record_label/artist /m/016ksk 0 0 0 0
/m/01dtcb /music/record_label/artist /m/015bwt 1 1 0 1
/m/0g768 /music/record_label/artist /m/0h1nt 1 1 0 0
/m/011k1h /music/record_label/artist /m/01vsl3_ 1 1 1 1
/m/01n2m6 /music/record_label/artist /m/01vvydl 1 1 0 0
/m/0190vc /music/record_label/artist /m/0411q 1 1 0 0
/m/01w40h /music/record_label/artist /m/01wz_ml 0 0 0 0
/m/03rhqg /music/record_label/artist /m/01wwvt2 1 1 1 1
/m/01cl2y /music/record_label/artist /m/0dvqq 1 1 1 1
/m/04gm7n /music/record_label/artist /m/013423 1 1 0 0
/m/0bfp0l /music/record_label/artist /m/0bhvtc 1 1 0 1
/m/043ljr /music/record_label/artist /m/01vq3nl 1 1 1 1
/m/043ljr /music/record_label/artist /m/01kstn9 1 1 0 0
/m/015_1q /music/record_label/artist /m/01s21dg 1 1 1 1
/m/015_1q /music/record_label/artist /m/016t00 1 1 1 1
/m/0fb0v /music/record_label/artist /m/01xzb6 1 1 0 0
/m/03vtrv /music/record_label/artist /m/0167xy 1 1 0 0
/m/01clyr /music/record_label/artist /m/01fh0q 1 1 0 1
/m/01clyr /music/record_label/artist /m/01vn35l 1 1 0 1
/m/012b30 /music/record_label/artist /m/08n__5 1 1 1 1
/m/01w40h /music/record_label/artist /m/01n8gr 1 1 0 0
/m/017l96 /music/record_label/artist /m/0kzy0 1 1 0 0
/m/0mzkr /music/record_label/artist /m/03f1d47 1 1 0 1
/m/0g768 /music/record_label/artist /m/01pgk0 1 1 1 1
/m/01wdtv /music/record_label/artist /m/01n44c 0 0 0 0
/m/02p11jq /music/record_label/artist /m/03cfjg 1 1 0 1
/m/01cf93 /music/record_label/artist /m/048xh 0 0 0 0
/m/03rhqg /music/record_label/artist /m/023p29 1 1 0 1
/m/033hn8 /music/record_label/artist /m/01wn718 1 1 0 1
/m/0181dw /music/record_label/artist /m/0892sx 1 1 0 1
/m/03qy3l /music/record_label/artist /m/01v0sxx 1 1 0 1
/m/06x2ww /music/record_label/artist /m/02fn5r 1 1 0 0
/m/01cl0d /music/record_label/artist /m/028qyn 1 1 0 0
/m/023rwm /music/record_label/artist /m/0p76z 1 1 0 0
/m/03mp8k /music/record_label/artist /m/01l_vgt 0 1 0 0
/m/011k1h /music/record_label/artist /m/01r9fv 1 1 1 1
/m/01f_3w /music/record_label/artist /m/03h_0_z 1 1 0 0
/m/07gqbk /music/record_label/artist /m/01shhf 0 0 0 0
/m/041p3y /music/record_label/artist /m/016376 1 1 0 1
/m/01trtc /music/record_label/artist /m/01vrz41 1 1 0 0
/m/03rhqg /music/record_label/artist /m/01n44c 1 1 1 1
/m/026s90 /music/record_label/artist /m/0178kd 1 1 0 0
/m/056252 /music/record_label/artist /m/02p2zq 1 1 0 0
/m/0229rs /music/record_label/artist /m/01vrwfv 1 1 0 0
/m/02bh8z /music/record_label/artist /m/01pctb 1 1 1 1
/m/02nddq /music/record_label/artist /m/03f0qd7 1 1 0 1
/m/0181dw /music/record_label/artist /m/02r3zy 1 1 0 0
/m/011k1h /music/record_label/artist /m/0167xy 1 1 0 1
/m/012b30 /music/record_label/artist /m/0fpj9pm 0 0 0 0
/m/0cv9t5 /music/record_label/artist /m/0411q 0 0 0 0
/m/016ckq /music/record_label/artist /m/0163kf 1 1 0 1
/m/043g7l /music/record_label/artist /m/0hvbj 1 1 0 0
/m/04fcjt /music/record_label/artist /m/015bwt 1 1 0 1
/m/030jj7 /music/record_label/artist /m/03xhj6 1 1 0 1
/m/011k1h /music/record_label/artist /m/016ksk 1 1 1 1
/m/01w565 /music/record_label/artist /m/0fcsd 1 1 0 0
/m/09zcbg /music/record_label/artist /m/01518s 1 1 0 0
/m/01trtc /music/record_label/artist /m/01vs_v8 1 1 0 0
/m/015_1q /music/record_label/artist /m/01wgjj5 1 1 1 1
/m/015_1q /music/record_label/artist /m/01f9zw 1 1 1 1
/m/017l96 /music/record_label/artist /m/0b68vs 1 1 0 0
/m/017l96 /music/record_label/artist /m/01vrnsk 1 1 1 1
/m/0mzkr /music/record_label/artist /m/0qf3p 1 1 1 1
/m/0g768 /music/record_label/artist /m/0136p1 1 1 0 0
/m/0n85g /music/record_label/artist /m/07mvp 1 1 0 0
/m/02swsm /music/record_label/artist /m/04d_mtq 1 1 1 1
/m/03vtfp /music/record_label/artist /m/016l09 1 1 0 1
/m/011k11 /music/record_label/artist /m/01nn3m 1 1 0 0
/m/01cl0d /music/record_label/artist /m/014pg1 1 1 0 1
/m/03qk20 /music/record_label/artist /m/01ww_vs 1 1 0 0
/m/016ckq /music/record_label/artist /m/01mxqyk 1 1 0 0
/m/0gh4g0 /music/record_label/artist /m/07r1_ 1 1 0 0
/m/03rhqg /music/record_label/artist /m/05sq20 1 1 1 1
/m/0n85g /music/record_label/artist /m/019389 1 1 0 1
/m/0n85g /music/record_label/artist /m/02hzz 1 1 0 1
/m/0181dw /music/record_label/artist /m/01wj5hp 1 1 1 1
/m/0181dw /music/record_label/artist /m/025ldg 1 1 0 0
/m/03qy3l /music/record_label/artist /m/0jn38 1 1 0 0
/m/02p3cr5 /music/record_label/artist /m/01vsy7t 1 1 0 0
/m/01cf93 /music/record_label/artist /m/0259r0 0 0 0 0
/m/015kg1 /music/record_label/artist /m/01mr2g6 1 1 0 0
/m/03qjwc /music/record_label/artist /m/01vsy7t 1 1 0 0
/m/01w40h /music/record_label/artist /m/05szp 1 1 1 1
/m/043g7l /music/record_label/artist /m/0135xb 1 1 0 0
/m/03mp8k /music/record_label/artist /m/015f7 1 1 0 0
/m/015_1q /music/record_label/artist /m/01817f 1 1 1 1
/m/01dtcb /music/record_label/artist /m/01x0yrt 1 1 0 0
/m/02bh8z /music/record_label/artist /m/01vvpjj 1 1 0 1
/m/033hn8 /music/record_label/artist /m/09r8l 1 1 0 0
/m/041n43 /music/record_label/artist /m/017yfz 1 1 0 0
