pca confidence count
/m/0jhn7 /olympics/olympic_games/athletes./olympics/olympic_athlete_affiliation/country /m/09c7w0 0 1 0 1
/m/06sks6 /olympics/olympic_games/athletes./olympics/olympic_athlete_affiliation/country /m/06t8v 1 1 0 1
/m/0lv1x /olympics/olympic_games/athletes./olympics/olympic_athlete_affiliation/country /m/059j2 0 1 0 1
/m/06sks6 /olympics/olympic_games/athletes./olympics/olympic_athlete_affiliation/country /m/015fr 1 1 1 1
/m/06sks6 /olympics/olympic_games/athletes./olympics/olympic_athlete_affiliation/country /m/016wzw 1 1 0 1
/m/0l6ny /olympics/olympic_games/athletes./olympics/olympic_athlete_affiliation/country /m/0f8l9c 0 1 0 1
/m/0kbvv /olympics/olympic_games/athletes./olympics/olympic_athlete_affiliation/country /m/0165b 1 1 0 0
/m/018wrk /olympics/olympic_games/athletes./olympics/olympic_athlete_affiliation/country /m/03rjj 0 1 0 1
/m/0kbws /olympics/olympic_games/athletes./olympics/olympic_athlete_affiliation/country /m/0ctw_b 1 1 0 0
/m/0swff /olympics/olympic_games/athletes./olympics/olympic_athlete_affiliation/country /m/03rjj 0 1 0 1
/m/0l6vl /olympics/olympic_games/athletes./olympics/olympic_athlete_affiliation/country /m/06c1y 0 1 0 1
/m/0kbvv /olympics/olympic_games/athletes./olympics/olympic_athlete_affiliation/country /m/03rk0 1 1 0 0
/m/0kbvv /olympics/olympic_games/athletes./olympics/olympic_athlete_affiliation/country /m/07t21 1 1 0 1
/m/0kbws /olympics/olympic_games/athletes./olympics/olympic_athlete_affiliation/country /m/03rk0 1 1 0 0
/m/0kbvv /olympics/olympic_games/athletes./olympics/olympic_athlete_affiliation/country /m/06qd3 1 1 0 1
/m/0kbvv /olympics/olympic_games/athletes./olympics/olympic_athlete_affiliation/country /m/0345h 1 1 0 1
/m/0l6mp /olympics/olympic_games/athletes./olympics/olympic_athlete_affiliation/country /m/05vz3zq 0 1 0 0
/m/018ctl /olympics/olympic_games/athletes./olympics/olympic_athlete_affiliation/country /m/0k6nt 1 1 0 0
/m/06sks6 /olympics/olympic_games/athletes./olympics/olympic_athlete_affiliation/country /m/03_3d 1 1 0 1
/m/018ljb /olympics/olympic_games/athletes./olympics/olympic_athlete_affiliation/country /m/09c7w0 0 1 0 1
/m/0kbws /olympics/olympic_games/athletes./olympics/olympic_athlete_affiliation/country /m/03_3d 1 1 0 1
/m/06sks6 /olympics/olympic_games/athletes./olympics/olympic_athlete_affiliation/country /m/05sb1 1 1 1 1
/m/0jdk_ /olympics/olympic_games/athletes./olympics/olympic_athlete_affiliation/country /m/015fr 1 1 0 1
/m/0lbbj /olympics/olympic_games/athletes./olympics/olympic_athlete_affiliation/country /m/05vz3zq 0 1 0 0
/m/0kbws /olympics/olympic_games/athletes./olympics/olympic_athlete_affiliation/country /m/0161c 1 1 0 1
/m/0swbd /olympics/olympic_games/athletes./olympics/olympic_athlete_affiliation/country /m/03rk0 1 1 0 0
/m/06sks6 /olympics/olympic_games/athletes./olympics/olympic_athlete_affiliation/country /m/07dvs 1 1 1 1
/m/06sks6 /olympics/olympic_games/athletes./olympics/olympic_athlete_affiliation/country /m/06sff 1 1 1 1
/m/09n48 /olympics/olympic_games/athletes./olympics/olympic_athlete_affiliation/country /m/06npd 1 1 0 1
/m/0swbd /olympics/olympic_games/athletes./olympics/olympic_athlete_affiliation/country /m/059j2 1 1 0 1
/m/0kbvv /olympics/olympic_games/athletes./olympics/olympic_athlete_affiliation/country /m/0hg5 1 1 0 1
/m/06sks6 /olympics/olympic_games/athletes./olympics/olympic_athlete_affiliation/country /m/05l8y 1 1 1 1
/m/06sks6 /olympics/olympic_games/athletes./olympics/olympic_athlete_affiliation/country /m/02khs 1 1 1 1
/m/06sks6 /olympics/olympic_games/athletes./olympics/olympic_athlete_affiliation/country /m/027rn 1 1 1 1
/m/0l6mp /olympics/olympic_games/athletes./olympics/olympic_athlete_affiliation/country /m/0f8l9c 0 1 0 1
/m/0124ld /olympics/olympic_games/athletes./olympics/olympic_athlete_affiliation/country /m/05b4w 0 1 0 1
/m/0kbvb /olympics/olympic_games/athletes./olympics/olympic_athlete_affiliation/country /m/035qy 1 1 0 1
/m/01f1jf /olympics/olympic_games/athletes./olympics/olympic_athlete_affiliation/country /m/07ssc 0 1 0 1
/m/0swbd /olympics/olympic_games/athletes./olympics/olympic_athlete_affiliation/country /m/0f8l9c 0 1 0 1
/m/018ctl /olympics/olympic_games/athletes./olympics/olympic_athlete_affiliation/country /m/02vzc 1 1 0 1
/m/018ctl /olympics/olympic_games/athletes./olympics/olympic_athlete_affiliation/country /m/04g5k 1 1 0 0
/m/018ctl /olympics/olympic_games/athletes./olympics/olympic_athlete_affiliation/country /m/0345h 0 1 0 1
/m/0kbws /olympics/olympic_games/athletes./olympics/olympic_athlete_affiliation/country /m/0154j 1 1 0 1
/m/0kbvv /olympics/olympic_games/athletes./olympics/olympic_athlete_affiliation/country /m/0d0kn 1 1 0 0
/m/06sks6 /olympics/olympic_games/athletes./olympics/olympic_athlete_affiliation/country /m/034m8 1 1 1 1
/m/0kbvb /olympics/olympic_games/athletes./olympics/olympic_athlete_affiliation/country /m/0d0vqn 0 1 0 1
/m/0kbws /olympics/olympic_games/athletes./olympics/olympic_athlete_affiliation/country /m/07t21 1 1 0 1
/m/0blg2 /olympics/olympic_games/athletes./olympics/olympic_athlete_affiliation/country /m/03gj2 0 0 0 0
/m/0l6m5 /olympics/olympic_games/athletes./olympics/olympic_athlete_affiliation/country /m/09c7w0 0 1 0 1
/m/018ctl /olympics/olympic_games/athletes./olympics/olympic_athlete_affiliation/country /m/077qn 1 1 0 1
/m/0jhn7 /olympics/olympic_games/athletes./olympics/olympic_athlete_affiliation/country /m/01pj7 1 1 0 0
/m/06sks6 /olympics/olympic_games/athletes./olympics/olympic_athlete_affiliation/country /m/0d05q4 1 1 1 1
/m/09n48 /olympics/olympic_games/athletes./olympics/olympic_athlete_affiliation/country /m/03h64 1 1 0 0
/m/0kbws /olympics/olympic_games/athletes./olympics/olympic_athlete_affiliation/country /m/05v10 1 1 0 1
/m/06sks6 /olympics/olympic_games/athletes./olympics/olympic_athlete_affiliation/country /m/04g5k 1 1 0 1
/m/0l6mp /olympics/olympic_games/athletes./olympics/olympic_athlete_affiliation/country /m/0d060g 0 1 0 1
/m/0kbvb /olympics/olympic_games/athletes./olympics/olympic_athlete_affiliation/country /m/0chghy 1 1 0 1
/m/0kbvb /olympics/olympic_games/athletes./olympics/olympic_athlete_affiliation/country /m/0345h 0 1 0 1
/m/0lbd9 /olympics/olympic_games/athletes./olympics/olympic_athlete_affiliation/country /m/03f2w 1 1 0 0
/m/0lgxj /olympics/olympic_games/athletes./olympics/olympic_athlete_affiliation/country /m/0chghy 0 1 0 1
/m/09n48 /olympics/olympic_games/athletes./olympics/olympic_athlete_affiliation/country /m/01pj7 1 1 0 1
/m/0kbws /olympics/olympic_games/athletes./olympics/olympic_athlete_affiliation/country /m/05qhw 1 1 0 1
/m/09x3r /olympics/olympic_games/athletes./olympics/olympic_athlete_affiliation/country /m/02jx1 1 1 0 0
/m/0c_tl /olympics/olympic_games/athletes./olympics/olympic_athlete_affiliation/country /m/0345h 0 1 0 1
/m/06sks6 /olympics/olympic_games/athletes./olympics/olympic_athlete_affiliation/country /m/0166b 1 1 1 1
/m/06sks6 /olympics/olympic_games/athletes./olympics/olympic_athlete_affiliation/country /m/02lx0 1 1 1 1
/m/06sks6 /olympics/olympic_games/athletes./olympics/olympic_athlete_affiliation/country /m/07fsv 1 1 1 1
/m/0l6mp /olympics/olympic_games/athletes./olympics/olympic_athlete_affiliation/country /m/087vz 1 1 0 0
/m/0lgxj /olympics/olympic_games/athletes./olympics/olympic_athlete_affiliation/country /m/0d0vqn 0 1 0 1
/m/0kbvb /olympics/olympic_games/athletes./olympics/olympic_athlete_affiliation/country /m/06mzp 1 1 0 0
/m/0sxrz /olympics/olympic_games/athletes./olympics/olympic_athlete_affiliation/country /m/0chghy 1 1 0 1
/m/0lbd9 /olympics/olympic_games/athletes./olympics/olympic_athlete_affiliation/country /m/03rjj 0 1 0 1
/m/0kbws /olympics/olympic_games/athletes./olympics/olympic_athlete_affiliation/country /m/0jdx 1 1 0 1
/m/0jhn7 /olympics/olympic_games/athletes./olympics/olympic_athlete_affiliation/country /m/059j2 0 1 0 1
/m/0kbws /olympics/olympic_games/athletes./olympics/olympic_athlete_affiliation/country /m/027rn 1 1 0 1
/m/06sks6 /olympics/olympic_games/athletes./olympics/olympic_athlete_affiliation/country /m/01p8s 1 1 1 1
/m/0l6m5 /olympics/olympic_games/athletes./olympics/olympic_athlete_affiliation/country /m/03spz 0 1 0 0
/m/0kbws /olympics/olympic_games/athletes./olympics/olympic_athlete_affiliation/country /m/06mzp 1 1 0 0
/m/0lgxj /olympics/olympic_games/athletes./olympics/olympic_athlete_affiliation/country /m/0345h 0 1 0 1
/m/06sks6 /olympics/olympic_games/athletes./olympics/olympic_athlete_affiliation/country /m/01n6c 1 1 1 1
/m/0lgxj /olympics/olympic_games/athletes./olympics/olympic_athlete_affiliation/country /m/059j2 0 1 0 1
/m/06sks6 /olympics/olympic_games/athletes./olympics/olympic_athlete_affiliation/country /m/03h2c 1 1 1 1
/m/06sks6 /olympics/olympic_games/athletes./olympics/olympic_athlete_affiliation/country /m/03_r3 1 1 1 1
/m/09n48 /olympics/olympic_games/athletes./olympics/olympic_athlete_affiliation/country /m/0d05w3 1 1 0 1
/m/06sks6 /olympics/olympic_games/athletes./olympics/olympic_athlete_affiliation/country /m/0hdx8 1 1 1 1
/m/0l998 /olympics/olympic_games/athletes./olympics/olympic_athlete_affiliation/country /m/0154j 0 1 0 1
/m/0l98s /olympics/olympic_games/athletes./olympics/olympic_athlete_affiliation/country /m/059j2 0 1 0 1
/m/06sks6 /olympics/olympic_games/athletes./olympics/olympic_athlete_affiliation/country /m/0d0vqn 1 1 0 1
/m/06sks6 /olympics/olympic_games/athletes./olympics/olympic_athlete_affiliation/country /m/0h8d 1 1 1 1
/m/06sks6 /olympics/olympic_games/athletes./olympics/olympic_athlete_affiliation/country /m/04vs9 1 1 1 1
/m/018ctl /olympics/olympic_games/athletes./olympics/olympic_athlete_affiliation/country /m/06srk 1 1 0 1
/m/0kbws /olympics/olympic_games/athletes./olympics/olympic_athlete_affiliation/country /m/03rjj 1 1 0 1
/m/018ctl /olympics/olympic_games/athletes./olympics/olympic_athlete_affiliation/country /m/03rjj 0 1 0 1
/m/06sks6 /olympics/olympic_games/athletes./olympics/olympic_athlete_affiliation/country /m/06m_5 1 1 1 1
/m/018ctl /olympics/olympic_games/athletes./olympics/olympic_athlete_affiliation/country /m/06mzp 1 1 0 0
std confidence count
/m/0jhn7 /olympics/olympic_games/athletes./olympics/olympic_athlete_affiliation/country /m/09c7w0 0 1 0 1
/m/06sks6 /olympics/olympic_games/athletes./olympics/olympic_athlete_affiliation/country /m/06t8v 1 1 0 0
/m/0lv1x /olympics/olympic_games/athletes./olympics/olympic_athlete_affiliation/country /m/059j2 0 1 0 0
/m/06sks6 /olympics/olympic_games/athletes./olympics/olympic_athlete_affiliation/country /m/015fr 1 1 1 1
/m/06sks6 /olympics/olympic_games/athletes./olympics/olympic_athlete_affiliation/country /m/016wzw 1 1 0 1
/m/0l6ny /olympics/olympic_games/athletes./olympics/olympic_athlete_affiliation/country /m/0f8l9c 0 1 0 1
/m/0kbvv /olympics/olympic_games/athletes./olympics/olympic_athlete_affiliation/country /m/0165b 1 1 0 0
/m/018wrk /olympics/olympic_games/athletes./olympics/olympic_athlete_affiliation/country /m/03rjj 0 1 0 1
/m/0kbws /olympics/olympic_games/athletes./olympics/olympic_athlete_affiliation/country /m/0ctw_b 1 1 0 0
/m/0swff /olympics/olympic_games/athletes./olympics/olympic_athlete_affiliation/country /m/03rjj 0 1 0 1
/m/0l6vl /olympics/olympic_games/athletes./olympics/olympic_athlete_affiliation/country /m/06c1y 0 1 0 1
/m/0kbvv /olympics/olympic_games/athletes./olympics/olympic_athlete_affiliation/country /m/03rk0 1 1 0 1
/m/0kbvv /olympics/olympic_games/athletes./olympics/olympic_athlete_affiliation/country /m/07t21 1 1 0 1
/m/0kbws /olympics/olympic_games/athletes./olympics/olympic_athlete_affiliation/country /m/03rk0 1 1 0 1
/m/0kbvv /olympics/olympic_games/athletes./olympics/olympic_athlete_affiliation/country /m/06qd3 1 1 0 1
/m/0kbvv /olympics/olympic_games/athletes./olympics/olympic_athlete_affiliation/country /m/0345h 1 1 0 1
/m/0l6mp /olympics/olympic_games/athletes./olympics/olympic_athlete_affiliation/country /m/05vz3zq 0 1 0 0
/m/018ctl /olympics/olympic_games/athletes./olympics/olympic_athlete_affiliation/country /m/0k6nt 1 1 0 0
/m/06sks6 /olympics/olympic_games/athletes./olympics/olympic_athlete_affiliation/country /m/03_3d 1 1 0 1
/m/018ljb /olympics/olympic_games/athletes./olympics/olympic_athlete_affiliation/country /m/09c7w0 0 1 0 1
/m/0kbws /olympics/olympic_games/athletes./olympics/olympic_athlete_affiliation/country /m/03_3d 1 1 0 1
/m/06sks6 /olympics/olympic_games/athletes./olympics/olympic_athlete_affiliation/country /m/05sb1 1 1 1 1
/m/0jdk_ /olympics/olympic_games/athletes./olympics/olympic_athlete_affiliation/country /m/015fr 1 1 0 1
/m/0lbbj /olympics/olympic_games/athletes./olympics/olympic_athlete_affiliation/country /m/05vz3zq 0 1 0 0
/m/0kbws /olympics/olympic_games/athletes./olympics/olympic_athlete_affiliation/country /m/0161c 1 1 0 1
/m/0swbd /olympics/olympic_games/athletes./olympics/olympic_athlete_affiliation/country /m/03rk0 1 1 0 0
/m/06sks6 /olympics/olympic_games/athletes./olympics/olympic_athlete_affiliation/country /m/07dvs 1 1 1 1
/m/06sks6 /olympics/olympic_games/athletes./olympics/olympic_athlete_affiliation/country /m/06sff 1 1 1 1
/m/09n48 /olympics/olympic_games/athletes./olympics/olympic_athlete_affiliation/country /m/06npd 1 1 0 1
/m/0swbd /olympics/olympic_games/athletes./olympics/olympic_athlete_affiliation/country /m/059j2 1 1 0 1
/m/0kbvv /olympics/olympic_games/athletes./olympics/olympic_athlete_affiliation/country /m/0hg5 1 1 0 1
/m/06sks6 /olympics/olympic_games/athletes./olympics/olympic_athlete_affiliation/country /m/05l8y 1 1 1 1
/m/06sks6 /olympics/olympic_games/athletes./olympics/olympic_athlete_affiliation/country /m/02khs 1 1 1 1
/m/06sks6 /olympics/olympic_games/athletes./olympics/olympic_athlete_affiliation/country /m/027rn 1 1 1 1
/m/0l6mp /olympics/olympic_games/athletes./olympics/olympic_athlete_affiliation/country /m/0f8l9c 0 1 0 1
/m/0124ld /olympics/olympic_games/athletes./olympics/olympic_athlete_affiliation/country /m/05b4w 0 1 0 1
/m/0kbvb /olympics/olympic_games/athletes./olympics/olympic_athlete_affiliation/country /m/035qy 1 1 0 1
/m/01f1jf /olympics/olympic_games/athletes./olympics/olympic_athlete_affiliation/country /m/07ssc 0 1 0 1
/m/0swbd /olympics/olympic_games/athletes./olympics/olympic_athlete_affiliation/country /m/0f8l9c 1 1 0 1
/m/018ctl /olympics/olympic_games/athletes./olympics/olympic_athlete_affiliation/country /m/02vzc 1 1 0 1
/m/018ctl /olympics/olympic_games/athletes./olympics/olympic_athlete_affiliation/country /m/04g5k 1 1 0 0
/m/018ctl /olympics/olympic_games/athletes./olympics/olympic_athlete_affiliation/country /m/0345h 0 1 0 1
/m/0kbws /olympics/olympic_games/athletes./olympics/olympic_athlete_affiliation/country /m/0154j 1 1 0 1
/m/0kbvv /olympics/olympic_games/athletes./olympics/olympic_athlete_affiliation/country /m/0d0kn 1 1 0 0
/m/06sks6 /olympics/olympic_games/athletes./olympics/olympic_athlete_affiliation/country /m/034m8 1 1 1 1
/m/0kbvb /olympics/olympic_games/athletes./olympics/olympic_athlete_affiliation/country /m/0d0vqn 0 1 0 1
/m/0kbws /olympics/olympic_games/athletes./olympics/olympic_athlete_affiliation/country /m/07t21 1 1 0 1
/m/0blg2 /olympics/olympic_games/athletes./olympics/olympic_athlete_affiliation/country /m/03gj2 0 0 0 0
/m/0l6m5 /olympics/olympic_games/athletes./olympics/olympic_athlete_affiliation/country /m/09c7w0 0 1 0 1
/m/018ctl /olympics/olympic_games/athletes./olympics/olympic_athlete_affiliation/country /m/077qn 1 1 0 1
/m/0jhn7 /olympics/olympic_games/athletes./olympics/olympic_athlete_affiliation/country /m/01pj7 1 1 0 0
/m/06sks6 /olympics/olympic_games/athletes./olympics/olympic_athlete_affiliation/country /m/0d05q4 1 1 1 1
/m/09n48 /olympics/olympic_games/athletes./olympics/olympic_athlete_affiliation/country /m/03h64 1 1 0 0
/m/0kbws /olympics/olympic_games/athletes./olympics/olympic_athlete_affiliation/country /m/05v10 1 1 0 1
/m/06sks6 /olympics/olympic_games/athletes./olympics/olympic_athlete_affiliation/country /m/04g5k 1 1 0 0
/m/0l6mp /olympics/olympic_games/athletes./olympics/olympic_athlete_affiliation/country /m/0d060g 0 1 0 1
/m/0kbvb /olympics/olympic_games/athletes./olympics/olympic_athlete_affiliation/country /m/0chghy 1 1 0 1
/m/0kbvb /olympics/olympic_games/athletes./olympics/olympic_athlete_affiliation/country /m/0345h 0 1 0 0
/m/0lbd9 /olympics/olympic_games/athletes./olympics/olympic_athlete_affiliation/country /m/03f2w 1 1 0 0
/m/0lgxj /olympics/olympic_games/athletes./olympics/olympic_athlete_affiliation/country /m/0chghy 0 1 0 0
/m/09n48 /olympics/olympic_games/athletes./olympics/olympic_athlete_affiliation/country /m/01pj7 1 1 0 1
/m/0kbws /olympics/olympic_games/athletes./olympics/olympic_athlete_affiliation/country /m/05qhw 1 1 0 1
/m/09x3r /olympics/olympic_games/athletes./olympics/olympic_athlete_affiliation/country /m/02jx1 1 1 0 0
/m/0c_tl /olympics/olympic_games/athletes./olympics/olympic_athlete_affiliation/country /m/0345h 0 1 0 1
/m/06sks6 /olympics/olympic_games/athletes./olympics/olympic_athlete_affiliation/country /m/0166b 1 1 1 1
/m/06sks6 /olympics/olympic_games/athletes./olympics/olympic_athlete_affiliation/country /m/02lx0 1 1 1 1
/m/06sks6 /olympics/olympic_games/athletes./olympics/olympic_athlete_affiliation/country /m/07fsv 1 1 1 1
/m/0l6mp /olympics/olympic_games/athletes./olympics/olympic_athlete_affiliation/country /m/087vz 1 1 0 0
/m/0lgxj /olympics/olympic_games/athletes./olympics/olympic_athlete_affiliation/country /m/0d0vqn 0 1 0 1
/m/0kbvb /olympics/olympic_games/athletes./olympics/olympic_athlete_affiliation/country /m/06mzp 1 1 0 0
/m/0sxrz /olympics/olympic_games/athletes./olympics/olympic_athlete_affiliation/country /m/0chghy 1 1 0 1
/m/0lbd9 /olympics/olympic_games/athletes./olympics/olympic_athlete_affiliation/country /m/03rjj 0 1 0 1
/m/0kbws /olympics/olympic_games/athletes./olympics/olympic_athlete_affiliation/country /m/0jdx 1 1 0 1
/m/0jhn7 /olympics/olympic_games/athletes./olympics/olympic_athlete_affiliation/country /m/059j2 0 1 0 0
/m/0kbws /olympics/olympic_games/athletes./olympics/olympic_athlete_affiliation/country /m/027rn 1 1 0 1
/m/06sks6 /olympics/olympic_games/athletes./olympics/olympic_athlete_affiliation/country /m/01p8s 1 1 1 1
/m/0l6m5 /olympics/olympic_games/athletes./olympics/olympic_athlete_affiliation/country /m/03spz 0 1 0 0
/m/0kbws /olympics/olympic_games/athletes./olympics/olympic_athlete_affiliation/country /m/06mzp 1 1 0 0
/m/0lgxj /olympics/olympic_games/athletes./olympics/olympic_athlete_affiliation/country /m/0345h 0 1 0 1
/m/06sks6 /olympics/olympic_games/athletes./olympics/olympic_athlete_affiliation/country /m/01n6c 1 1 1 1
/m/0lgxj /olympics/olympic_games/athletes./olympics/olympic_athlete_affiliation/country /m/059j2 0 1 0 0
/m/06sks6 /olympics/olympic_games/athletes./olympics/olympic_athlete_affiliation/country /m/03h2c 1 1 1 1
/m/06sks6 /olympics/olympic_games/athletes./olympics/olympic_athlete_affiliation/country /m/03_r3 1 1 1 1
/m/09n48 /olympics/olympic_games/athletes./olympics/olympic_athlete_affiliation/country /m/0d05w3 1 1 0 1
/m/06sks6 /olympics/olympic_games/athletes./olympics/olympic_athlete_affiliation/country /m/0hdx8 1 1 1 1
/m/0l998 /olympics/olympic_games/athletes./olympics/olympic_athlete_affiliation/country /m/0154j 0 1 0 1
/m/0l98s /olympics/olympic_games/athletes./olympics/olympic_athlete_affiliation/country /m/059j2 0 1 0 0
/m/06sks6 /olympics/olympic_games/athletes./olympics/olympic_athlete_affiliation/country /m/0d0vqn 1 1 0 1
/m/06sks6 /olympics/olympic_games/athletes./olympics/olympic_athlete_affiliation/country /m/0h8d 1 1 1 1
/m/06sks6 /olympics/olympic_games/athletes./olympics/olympic_athlete_affiliation/country /m/04vs9 1 1 1 1
/m/018ctl /olympics/olympic_games/athletes./olympics/olympic_athlete_affiliation/country /m/06srk 1 1 0 1
/m/0kbws /olympics/olympic_games/athletes./olympics/olympic_athlete_affiliation/country /m/03rjj 1 1 0 1
/m/018ctl /olympics/olympic_games/athletes./olympics/olympic_athlete_affiliation/country /m/03rjj 0 1 0 1
/m/06sks6 /olympics/olympic_games/athletes./olympics/olympic_athlete_affiliation/country /m/06m_5 1 1 1 1
/m/018ctl /olympics/olympic_games/athletes./olympics/olympic_athlete_affiliation/country /m/06mzp 1 1 0 0
pca confidence sum
/m/0jhn7 /olympics/olympic_games/athletes./olympics/olympic_athlete_affiliation/country /m/09c7w0 0 1 0 1
/m/06sks6 /olympics/olympic_games/athletes./olympics/olympic_athlete_affiliation/country /m/06t8v 1 1 1 1
/m/0lv1x /olympics/olympic_games/athletes./olympics/olympic_athlete_affiliation/country /m/059j2 0 0 0 0
/m/06sks6 /olympics/olympic_games/athletes./olympics/olympic_athlete_affiliation/country /m/015fr 1 1 1 1
/m/06sks6 /olympics/olympic_games/athletes./olympics/olympic_athlete_affiliation/country /m/016wzw 1 1 1 1
/m/0l6ny /olympics/olympic_games/athletes./olympics/olympic_athlete_affiliation/country /m/0f8l9c 0 1 0 0
/m/0kbvv /olympics/olympic_games/athletes./olympics/olympic_athlete_affiliation/country /m/0165b 1 1 0 0
/m/018wrk /olympics/olympic_games/athletes./olympics/olympic_athlete_affiliation/country /m/03rjj 0 0 0 0
/m/0kbws /olympics/olympic_games/athletes./olympics/olympic_athlete_affiliation/country /m/0ctw_b 1 1 0 1
/m/0swff /olympics/olympic_games/athletes./olympics/olympic_athlete_affiliation/country /m/03rjj 1 1 0 1
/m/0l6vl /olympics/olympic_games/athletes./olympics/olympic_athlete_affiliation/country /m/06c1y 0 1 0 0
/m/0kbvv /olympics/olympic_games/athletes./olympics/olympic_athlete_affiliation/country /m/03rk0 1 1 0 1
/m/0kbvv /olympics/olympic_games/athletes./olympics/olympic_athlete_affiliation/country /m/07t21 1 1 0 1
/m/0kbws /olympics/olympic_games/athletes./olympics/olympic_athlete_affiliation/country /m/03rk0 1 1 0 1
/m/0kbvv /olympics/olympic_games/athletes./olympics/olympic_athlete_affiliation/country /m/06qd3 1 1 0 1
/m/0kbvv /olympics/olympic_games/athletes./olympics/olympic_athlete_affiliation/country /m/0345h 1 1 0 1
/m/0l6mp /olympics/olympic_games/athletes./olympics/olympic_athlete_affiliation/country /m/05vz3zq 0 0 0 0
/m/018ctl /olympics/olympic_games/athletes./olympics/olympic_athlete_affiliation/country /m/0k6nt 1 1 0 0
/m/06sks6 /olympics/olympic_games/athletes./olympics/olympic_athlete_affiliation/country /m/03_3d 1 1 1 1
/m/018ljb /olympics/olympic_games/athletes./olympics/olympic_athlete_affiliation/country /m/09c7w0 0 1 0 1
/m/0kbws /olympics/olympic_games/athletes./olympics/olympic_athlete_affiliation/country /m/03_3d 1 1 0 1
/m/06sks6 /olympics/olympic_games/athletes./olympics/olympic_athlete_affiliation/country /m/05sb1 1 1 1 1
/m/0jdk_ /olympics/olympic_games/athletes./olympics/olympic_athlete_affiliation/country /m/015fr 1 1 0 1
/m/0lbbj /olympics/olympic_games/athletes./olympics/olympic_athlete_affiliation/country /m/05vz3zq 0 0 0 0
/m/0kbws /olympics/olympic_games/athletes./olympics/olympic_athlete_affiliation/country /m/0161c 1 1 0 1
/m/0swbd /olympics/olympic_games/athletes./olympics/olympic_athlete_affiliation/country /m/03rk0 1 1 0 0
/m/06sks6 /olympics/olympic_games/athletes./olympics/olympic_athlete_affiliation/country /m/07dvs 1 1 1 1
/m/06sks6 /olympics/olympic_games/athletes./olympics/olympic_athlete_affiliation/country /m/06sff 1 1 1 1
/m/09n48 /olympics/olympic_games/athletes./olympics/olympic_athlete_affiliation/country /m/06npd 1 1 0 0
/m/0swbd /olympics/olympic_games/athletes./olympics/olympic_athlete_affiliation/country /m/059j2 1 1 0 1
/m/0kbvv /olympics/olympic_games/athletes./olympics/olympic_athlete_affiliation/country /m/0hg5 1 1 0 0
/m/06sks6 /olympics/olympic_games/athletes./olympics/olympic_athlete_affiliation/country /m/05l8y 1 1 1 1
/m/06sks6 /olympics/olympic_games/athletes./olympics/olympic_athlete_affiliation/country /m/02khs 1 1 1 1
/m/06sks6 /olympics/olympic_games/athletes./olympics/olympic_athlete_affiliation/country /m/027rn 1 1 1 1
/m/0l6mp /olympics/olympic_games/athletes./olympics/olympic_athlete_affiliation/country /m/0f8l9c 0 1 0 1
/m/0124ld /olympics/olympic_games/athletes./olympics/olympic_athlete_affiliation/country /m/05b4w 0 0 0 0
/m/0kbvb /olympics/olympic_games/athletes./olympics/olympic_athlete_affiliation/country /m/035qy 1 1 0 0
/m/01f1jf /olympics/olympic_games/athletes./olympics/olympic_athlete_affiliation/country /m/07ssc 0 1 0 0
/m/0swbd /olympics/olympic_games/athletes./olympics/olympic_athlete_affiliation/country /m/0f8l9c 1 1 0 1
/m/018ctl /olympics/olympic_games/athletes./olympics/olympic_athlete_affiliation/country /m/02vzc 1 1 0 0
/m/018ctl /olympics/olympic_games/athletes./olympics/olympic_athlete_affiliation/country /m/04g5k 1 1 0 1
/m/018ctl /olympics/olympic_games/athletes./olympics/olympic_athlete_affiliation/country /m/0345h 1 1 0 1
/m/0kbws /olympics/olympic_games/athletes./olympics/olympic_athlete_affiliation/country /m/0154j 1 1 0 1
/m/0kbvv /olympics/olympic_games/athletes./olympics/olympic_athlete_affiliation/country /m/0d0kn 1 1 0 1
/m/06sks6 /olympics/olympic_games/athletes./olympics/olympic_athlete_affiliation/country /m/034m8 1 1 1 1
/m/0kbvb /olympics/olympic_games/athletes./olympics/olympic_athlete_affiliation/country /m/0d0vqn 1 1 0 1
/m/0kbws /olympics/olympic_games/athletes./olympics/olympic_athlete_affiliation/country /m/07t21 1 1 0 1
/m/0blg2 /olympics/olympic_games/athletes./olympics/olympic_athlete_affiliation/country /m/03gj2 0 1 0 0
/m/0l6m5 /olympics/olympic_games/athletes./olympics/olympic_athlete_affiliation/country /m/09c7w0 1 1 0 1
/m/018ctl /olympics/olympic_games/athletes./olympics/olympic_athlete_affiliation/country /m/077qn 1 1 0 0
/m/0jhn7 /olympics/olympic_games/athletes./olympics/olympic_athlete_affiliation/country /m/01pj7 1 1 0 0
/m/06sks6 /olympics/olympic_games/athletes./olympics/olympic_athlete_affiliation/country /m/0d05q4 1 1 1 1
/m/09n48 /olympics/olympic_games/athletes./olympics/olympic_athlete_affiliation/country /m/03h64 1 1 0 0
/m/0kbws /olympics/olympic_games/athletes./olympics/olympic_athlete_affiliation/country /m/05v10 1 1 0 1
/m/06sks6 /olympics/olympic_games/athletes./olympics/olympic_athlete_affiliation/country /m/04g5k 1 1 1 1
/m/0l6mp /olympics/olympic_games/athletes./olympics/olympic_athlete_affiliation/country /m/0d060g 0 1 0 0
/m/0kbvb /olympics/olympic_games/athletes./olympics/olympic_athlete_affiliation/country /m/0chghy 1 1 0 1
/m/0kbvb /olympics/olympic_games/athletes./olympics/olympic_athlete_affiliation/country /m/0345h 1 1 0 1
/m/0lbd9 /olympics/olympic_games/athletes./olympics/olympic_athlete_affiliation/country /m/03f2w 0 0 0 0
/m/0lgxj /olympics/olympic_games/athletes./olympics/olympic_athlete_affiliation/country /m/0chghy 0 1 0 0
/m/09n48 /olympics/olympic_games/athletes./olympics/olympic_athlete_affiliation/country /m/01pj7 1 1 0 1
/m/0kbws /olympics/olympic_games/athletes./olympics/olympic_athlete_affiliation/country /m/05qhw 1 1 0 1
/m/09x3r /olympics/olympic_games/athletes./olympics/olympic_athlete_affiliation/country /m/02jx1 0 0 0 0
/m/0c_tl /olympics/olympic_games/athletes./olympics/olympic_athlete_affiliation/country /m/0345h 0 1 0 0
/m/06sks6 /olympics/olympic_games/athletes./olympics/olympic_athlete_affiliation/country /m/0166b 1 1 1 1
/m/06sks6 /olympics/olympic_games/athletes./olympics/olympic_athlete_affiliation/country /m/02lx0 1 1 1 1
/m/06sks6 /olympics/olympic_games/athletes./olympics/olympic_athlete_affiliation/country /m/07fsv 1 1 1 1
/m/0l6mp /olympics/olympic_games/athletes./olympics/olympic_athlete_affiliation/country /m/087vz 0 0 0 0
/m/0lgxj /olympics/olympic_games/athletes./olympics/olympic_athlete_affiliation/country /m/0d0vqn 0 1 0 1
/m/0kbvb /olympics/olympic_games/athletes./olympics/olympic_athlete_affiliation/country /m/06mzp 1 1 0 0
/m/0sxrz /olympics/olympic_games/athletes./olympics/olympic_athlete_affiliation/country /m/0chghy 0 1 0 0
/m/0lbd9 /olympics/olympic_games/athletes./olympics/olympic_athlete_affiliation/country /m/03rjj 0 1 0 1
/m/0kbws /olympics/olympic_games/athletes./olympics/olympic_athlete_affiliation/country /m/0jdx 1 1 0 1
/m/0jhn7 /olympics/olympic_games/athletes./olympics/olympic_athlete_affiliation/country /m/059j2 0 1 0 1
/m/0kbws /olympics/olympic_games/athletes./olympics/olympic_athlete_affiliation/country /m/027rn 1 1 0 1
/m/06sks6 /olympics/olympic_games/athletes./olympics/olympic_athlete_affiliation/country /m/01p8s 1 1 1 1
/m/0l6m5 /olympics/olympic_games/athletes./olympics/olympic_athlete_affiliation/country /m/03spz 1 1 0 0
/m/0kbws /olympics/olympic_games/athletes./olympics/olympic_athlete_affiliation/country /m/06mzp 1 1 0 1
/m/0lgxj /olympics/olympic_games/athletes./olympics/olympic_athlete_affiliation/country /m/0345h 0 1 0 0
/m/06sks6 /olympics/olympic_games/athletes./olympics/olympic_athlete_affiliation/country /m/01n6c 1 1 1 1
/m/0lgxj /olympics/olympic_games/athletes./olympics/olympic_athlete_affiliation/country /m/059j2 0 1 0 0
/m/06sks6 /olympics/olympic_games/athletes./olympics/olympic_athlete_affiliation/country /m/03h2c 1 1 1 1
/m/06sks6 /olympics/olympic_games/athletes./olympics/olympic_athlete_affiliation/country /m/03_r3 1 1 1 1
/m/09n48 /olympics/olympic_games/athletes./olympics/olympic_athlete_affiliation/country /m/0d05w3 1 1 0 1
/m/06sks6 /olympics/olympic_games/athletes./olympics/olympic_athlete_affiliation/country /m/0hdx8 1 1 1 1
/m/0l998 /olympics/olympic_games/athletes./olympics/olympic_athlete_affiliation/country /m/0154j 0 1 0 0
/m/0l98s /olympics/olympic_games/athletes./olympics/olympic_athlete_affiliation/country /m/059j2 0 1 0 0
/m/06sks6 /olympics/olympic_games/athletes./olympics/olympic_athlete_affiliation/country /m/0d0vqn 1 1 1 1
/m/06sks6 /olympics/olympic_games/athletes./olympics/olympic_athlete_affiliation/country /m/0h8d 1 1 1 1
/m/06sks6 /olympics/olympic_games/athletes./olympics/olympic_athlete_affiliation/country /m/04vs9 1 1 1 1
/m/018ctl /olympics/olympic_games/athletes./olympics/olympic_athlete_affiliation/country /m/06srk 1 1 0 0
/m/0kbws /olympics/olympic_games/athletes./olympics/olympic_athlete_affiliation/country /m/03rjj 1 1 0 1
/m/018ctl /olympics/olympic_games/athletes./olympics/olympic_athlete_affiliation/country /m/03rjj 1 1 0 1
/m/06sks6 /olympics/olympic_games/athletes./olympics/olympic_athlete_affiliation/country /m/06m_5 1 1 1 1
/m/018ctl /olympics/olympic_games/athletes./olympics/olympic_athlete_affiliation/country /m/06mzp 1 1 0 0
std confidence sum
/m/0jhn7 /olympics/olympic_games/athletes./olympics/olympic_athlete_affiliation/country /m/09c7w0 0 1 0 1
/m/06sks6 /olympics/olympic_games/athletes./olympics/olympic_athlete_affiliation/country /m/06t8v 1 1 1 1
/m/0lv1x /olympics/olympic_games/athletes./olympics/olympic_athlete_affiliation/country /m/059j2 0 0 0 0
/m/06sks6 /olympics/olympic_games/athletes./olympics/olympic_athlete_affiliation/country /m/015fr 1 1 1 1
/m/06sks6 /olympics/olympic_games/athletes./olympics/olympic_athlete_affiliation/country /m/016wzw 1 1 1 1
/m/0l6ny /olympics/olympic_games/athletes./olympics/olympic_athlete_affiliation/country /m/0f8l9c 0 1 0 0
/m/0kbvv /olympics/olympic_games/athletes./olympics/olympic_athlete_affiliation/country /m/0165b 1 1 0 0
/m/018wrk /olympics/olympic_games/athletes./olympics/olympic_athlete_affiliation/country /m/03rjj 0 0 0 0
/m/0kbws /olympics/olympic_games/athletes./olympics/olympic_athlete_affiliation/country /m/0ctw_b 1 1 0 1
/m/0swff /olympics/olympic_games/athletes./olympics/olympic_athlete_affiliation/country /m/03rjj 1 1 0 1
/m/0l6vl /olympics/olympic_games/athletes./olympics/olympic_athlete_affiliation/country /m/06c1y 0 1 0 0
/m/0kbvv /olympics/olympic_games/athletes./olympics/olympic_athlete_affiliation/country /m/03rk0 1 1 0 1
/m/0kbvv /olympics/olympic_games/athletes./olympics/olympic_athlete_affiliation/country /m/07t21 1 1 0 1
/m/0kbws /olympics/olympic_games/athletes./olympics/olympic_athlete_affiliation/country /m/03rk0 1 1 0 1
/m/0kbvv /olympics/olympic_games/athletes./olympics/olympic_athlete_affiliation/country /m/06qd3 1 1 0 1
/m/0kbvv /olympics/olympic_games/athletes./olympics/olympic_athlete_affiliation/country /m/0345h 1 1 0 1
/m/0l6mp /olympics/olympic_games/athletes./olympics/olympic_athlete_affiliation/country /m/05vz3zq 0 0 0 0
/m/018ctl /olympics/olympic_games/athletes./olympics/olympic_athlete_affiliation/country /m/0k6nt 1 1 0 0
/m/06sks6 /olympics/olympic_games/athletes./olympics/olympic_athlete_affiliation/country /m/03_3d 1 1 1 1
/m/018ljb /olympics/olympic_games/athletes./olympics/olympic_athlete_affiliation/country /m/09c7w0 0 1 0 1
/m/0kbws /olympics/olympic_games/athletes./olympics/olympic_athlete_affiliation/country /m/03_3d 1 1 0 1
/m/06sks6 /olympics/olympic_games/athletes./olympics/olympic_athlete_affiliation/country /m/05sb1 1 1 1 1
/m/0jdk_ /olympics/olympic_games/athletes./olympics/olympic_athlete_affiliation/country /m/015fr 1 1 0 1
/m/0lbbj /olympics/olympic_games/athletes./olympics/olympic_athlete_affiliation/country /m/05vz3zq 0 0 0 0
/m/0kbws /olympics/olympic_games/athletes./olympics/olympic_athlete_affiliation/country /m/0161c 1 1 0 1
/m/0swbd /olympics/olympic_games/athletes./olympics/olympic_athlete_affiliation/country /m/03rk0 1 1 0 0
/m/06sks6 /olympics/olympic_games/athletes./olympics/olympic_athlete_affiliation/country /m/07dvs 1 1 1 1
/m/06sks6 /olympics/olympic_games/athletes./olympics/olympic_athlete_affiliation/country /m/06sff 1 1 1 1
/m/09n48 /olympics/olympic_games/athletes./olympics/olympic_athlete_affiliation/country /m/06npd 1 1 0 0
/m/0swbd /olympics/olympic_games/athletes./olympics/olympic_athlete_affiliation/country /m/059j2 1 1 0 1
/m/0kbvv /olympics/olympic_games/athletes./olympics/olympic_athlete_affiliation/country /m/0hg5 1 1 0 0
/m/06sks6 /olympics/olympic_games/athletes./olympics/olympic_athlete_affiliation/country /m/05l8y 1 1 1 1
/m/06sks6 /olympics/olympic_games/athletes./olympics/olympic_athlete_affiliation/country /m/02khs 1 1 1 1
/m/06sks6 /olympics/olympic_games/athletes./olympics/olympic_athlete_affiliation/country /m/027rn 1 1 1 1
/m/0l6mp /olympics/olympic_games/athletes./olympics/olympic_athlete_affiliation/country /m/0f8l9c 0 1 0 1
/m/0124ld /olympics/olympic_games/athletes./olympics/olympic_athlete_affiliation/country /m/05b4w 0 0 0 0
/m/0kbvb /olympics/olympic_games/athletes./olympics/olympic_athlete_affiliation/country /m/035qy 1 1 0 0
/m/01f1jf /olympics/olympic_games/athletes./olympics/olympic_athlete_affiliation/country /m/07ssc 0 1 0 0
/m/0swbd /olympics/olympic_games/athletes./olympics/olympic_athlete_affiliation/country /m/0f8l9c 1 1 0 1
/m/018ctl /olympics/olympic_games/athletes./olympics/olympic_athlete_affiliation/country /m/02vzc 1 1 0 0
/m/018ctl /olympics/olympic_games/athletes./olympics/olympic_athlete_affiliation/country /m/04g5k 1 1 0 1
/m/018ctl /olympics/olympic_games/athletes./olympics/olympic_athlete_affiliation/country /m/0345h 1 1 0 1
/m/0kbws /olympics/olympic_games/athletes./olympics/olympic_athlete_affiliation/country /m/0154j 1 1 0 1
/m/0kbvv /olympics/olympic_games/athletes./olympics/olympic_athlete_affiliation/country /m/0d0kn 1 1 0 1
/m/06sks6 /olympics/olympic_games/athletes./olympics/olympic_athlete_affiliation/country /m/034m8 1 1 1 1
/m/0kbvb /olympics/olympic_games/athletes./olympics/olympic_athlete_affiliation/country /m/0d0vqn 1 1 0 1
/m/0kbws /olympics/olympic_games/athletes./olympics/olympic_athlete_affiliation/country /m/07t21 1 1 0 1
/m/0blg2 /olympics/olympic_games/athletes./olympics/olympic_athlete_affiliation/country /m/03gj2 0 1 0 0
/m/0l6m5 /olympics/olympic_games/athletes./olympics/olympic_athlete_affiliation/country /m/09c7w0 1 1 0 1
/m/018ctl /olympics/olympic_games/athletes./olympics/olympic_athlete_affiliation/country /m/077qn 1 1 0 0
/m/0jhn7 /olympics/olympic_games/athletes./olympics/olympic_athlete_affiliation/country /m/01pj7 1 1 0 0
/m/06sks6 /olympics/olympic_games/athletes./olympics/olympic_athlete_affiliation/country /m/0d05q4 1 1 1 1
/m/09n48 /olympics/olympic_games/athletes./olympics/olympic_athlete_affiliation/country /m/03h64 1 1 0 0
/m/0kbws /olympics/olympic_games/athletes./olympics/olympic_athlete_affiliation/country /m/05v10 1 1 0 1
/m/06sks6 /olympics/olympic_games/athletes./olympics/olympic_athlete_affiliation/country /m/04g5k 1 1 1 1
/m/0l6mp /olympics/olympic_games/athletes./olympics/olympic_athlete_affiliation/country /m/0d060g 0 1 0 0
/m/0kbvb /olympics/olympic_games/athletes./olympics/olympic_athlete_affiliation/country /m/0chghy 1 1 0 1
/m/0kbvb /olympics/olympic_games/athletes./olympics/olympic_athlete_affiliation/country /m/0345h 1 1 0 1
/m/0lbd9 /olympics/olympic_games/athletes./olympics/olympic_athlete_affiliation/country /m/03f2w 0 0 0 0
/m/0lgxj /olympics/olympic_games/athletes./olympics/olympic_athlete_affiliation/country /m/0chghy 0 1 0 0
/m/09n48 /olympics/olympic_games/athletes./olympics/olympic_athlete_affiliation/country /m/01pj7 1 1 0 1
/m/0kbws /olympics/olympic_games/athletes./olympics/olympic_athlete_affiliation/country /m/05qhw 1 1 0 1
/m/09x3r /olympics/olympic_games/athletes./olympics/olympic_athlete_affiliation/country /m/02jx1 0 1 0 0
/m/0c_tl /olympics/olympic_games/athletes./olympics/olympic_athlete_affiliation/country /m/0345h 0 1 0 0
/m/06sks6 /olympics/olympic_games/athletes./olympics/olympic_athlete_affiliation/country /m/0166b 1 1 1 1
/m/06sks6 /olympics/olympic_games/athletes./olympics/olympic_athlete_affiliation/country /m/02lx0 1 1 1 1
/m/06sks6 /olympics/olympic_games/athletes./olympics/olympic_athlete_affiliation/country /m/07fsv 1 1 1 1
/m/0l6mp /olympics/olympic_games/athletes./olympics/olympic_athlete_affiliation/country /m/087vz 0 0 0 0
/m/0lgxj /olympics/olympic_games/athletes./olympics/olympic_athlete_affiliation/country /m/0d0vqn 0 1 0 1
/m/0kbvb /olympics/olympic_games/athletes./olympics/olympic_athlete_affiliation/country /m/06mzp 1 1 0 0
/m/0sxrz /olympics/olympic_games/athletes./olympics/olympic_athlete_affiliation/country /m/0chghy 0 1 0 0
/m/0lbd9 /olympics/olympic_games/athletes./olympics/olympic_athlete_affiliation/country /m/03rjj 0 1 0 1
/m/0kbws /olympics/olympic_games/athletes./olympics/olympic_athlete_affiliation/country /m/0jdx 1 1 0 1
/m/0jhn7 /olympics/olympic_games/athletes./olympics/olympic_athlete_affiliation/country /m/059j2 0 1 0 1
/m/0kbws /olympics/olympic_games/athletes./olympics/olympic_athlete_affiliation/country /m/027rn 1 1 0 1
/m/06sks6 /olympics/olympic_games/athletes./olympics/olympic_athlete_affiliation/country /m/01p8s 1 1 1 1
/m/0l6m5 /olympics/olympic_games/athletes./olympics/olympic_athlete_affiliation/country /m/03spz 1 1 0 0
/m/0kbws /olympics/olympic_games/athletes./olympics/olympic_athlete_affiliation/country /m/06mzp 1 1 0 1
/m/0lgxj /olympics/olympic_games/athletes./olympics/olympic_athlete_affiliation/country /m/0345h 0 1 0 0
/m/06sks6 /olympics/olympic_games/athletes./olympics/olympic_athlete_affiliation/country /m/01n6c 1 1 1 1
/m/0lgxj /olympics/olympic_games/athletes./olympics/olympic_athlete_affiliation/country /m/059j2 0 1 0 0
/m/06sks6 /olympics/olympic_games/athletes./olympics/olympic_athlete_affiliation/country /m/03h2c 1 1 1 1
/m/06sks6 /olympics/olympic_games/athletes./olympics/olympic_athlete_affiliation/country /m/03_r3 1 1 1 1
/m/09n48 /olympics/olympic_games/athletes./olympics/olympic_athlete_affiliation/country /m/0d05w3 1 1 0 1
/m/06sks6 /olympics/olympic_games/athletes./olympics/olympic_athlete_affiliation/country /m/0hdx8 1 1 1 1
/m/0l998 /olympics/olympic_games/athletes./olympics/olympic_athlete_affiliation/country /m/0154j 0 1 0 0
/m/0l98s /olympics/olympic_games/athletes./olympics/olympic_athlete_affiliation/country /m/059j2 0 1 0 0
/m/06sks6 /olympics/olympic_games/athletes./olympics/olympic_athlete_affiliation/country /m/0d0vqn 1 1 1 1
/m/06sks6 /olympics/olympic_games/athletes./olympics/olympic_athlete_affiliation/country /m/0h8d 1 1 1 1
/m/06sks6 /olympics/olympic_games/athletes./olympics/olympic_athlete_affiliation/country /m/04vs9 1 1 1 1
/m/018ctl /olympics/olympic_games/athletes./olympics/olympic_athlete_affiliation/country /m/06srk 1 1 0 0
/m/0kbws /olympics/olympic_games/athletes./olympics/olympic_athlete_affiliation/country /m/03rjj 1 1 0 1
/m/018ctl /olympics/olympic_games/athletes./olympics/olympic_athlete_affiliation/country /m/03rjj 1 1 0 1
/m/06sks6 /olympics/olympic_games/athletes./olympics/olympic_athlete_affiliation/country /m/06m_5 1 1 1 1
/m/018ctl /olympics/olympic_games/athletes./olympics/olympic_athlete_affiliation/country /m/06mzp 1 1 0 0
