pca confidence count
/m/018l5l /music/voice/singers /m/0gps0z 1 1 1 1
/m/018l5l /music/voice/singers /m/0x3n 1 1 0 1
/m/0l14wj /music/voice/singers /m/01pq5j7 1 1 1 1
/m/018l5l /music/voice/singers /m/01vs_v8 1 1 1 1
/m/0j210 /music/voice/singers /m/0x3b7 1 1 0 0
/m/018l5l /music/voice/singers /m/03f1d47 1 1 0 0
/m/0l14wj /music/voice/singers /m/0g476 1 1 0 0
/m/018l5l /music/voice/singers /m/0kszw 1 1 1 1
/m/0j210 /music/voice/singers /m/02qw2xb 1 1 1 1
/m/018l5l /music/voice/singers /m/01vvyvk 1 1 0 0
/m/0j210 /music/voice/singers /m/015882 1 1 0 0
std confidence count
/m/018l5l /music/voice/singers /m/0gps0z 1 1 1 1
/m/018l5l /music/voice/singers /m/0x3n 1 1 1 1
/m/0l14wj /music/voice/singers /m/01pq5j7 1 1 1 1
/m/018l5l /music/voice/singers /m/01vs_v8 1 1 1 1
/m/0j210 /music/voice/singers /m/0x3b7 1 1 1 1
/m/018l5l /music/voice/singers /m/03f1d47 1 1 1 1
/m/0l14wj /music/voice/singers /m/0g476 1 1 0 0
/m/018l5l /music/voice/singers /m/0kszw 1 1 1 1
/m/0j210 /music/voice/singers /m/02qw2xb 1 1 1 1
/m/018l5l /music/voice/singers /m/01vvyvk 1 1 1 1
/m/0j210 /music/voice/singers /m/015882 1 1 0 0
pca confidence sum
/m/018l5l /music/voice/singers /m/0gps0z 1 1 1 1
/m/018l5l /music/voice/singers /m/0x3n 1 1 1 1
/m/0l14wj /music/voice/singers /m/01pq5j7 1 1 1 1
/m/018l5l /music/voice/singers /m/01vs_v8 1 1 1 1
/m/0j210 /music/voice/singers /m/0x3b7 1 1 0 0
/m/018l5l /music/voice/singers /m/03f1d47 1 1 1 1
/m/0l14wj /music/voice/singers /m/0g476 1 1 0 0
/m/018l5l /music/voice/singers /m/0kszw 1 1 1 1
/m/0j210 /music/voice/singers /m/02qw2xb 1 1 0 0
/m/018l5l /music/voice/singers /m/01vvyvk 1 1 0 0
/m/0j210 /music/voice/singers /m/015882 1 1 0 0
std confidence sum
/m/018l5l /music/voice/singers /m/0gps0z 1 1 1 1
/m/018l5l /music/voice/singers /m/0x3n 1 1 1 1
/m/0l14wj /music/voice/singers /m/01pq5j7 1 1 1 1
/m/018l5l /music/voice/singers /m/01vs_v8 1 1 1 1
/m/0j210 /music/voice/singers /m/0x3b7 1 1 0 0
/m/018l5l /music/voice/singers /m/03f1d47 1 1 1 1
/m/0l14wj /music/voice/singers /m/0g476 1 1 0 0
/m/018l5l /music/voice/singers /m/0kszw 1 1 1 1
/m/0j210 /music/voice/singers /m/02qw2xb 1 1 1 1
/m/018l5l /music/voice/singers /m/01vvyvk 1 1 0 0
/m/0j210 /music/voice/singers /m/015882 1 1 0 0
