pca confidence count
/m/026kmvf /olympics/olympic_athlete/country./olympics/olympic_athlete_affiliation/sport /m/02vx4 1 1 0 0
/m/09l9xt /olympics/olympic_athlete/country./olympics/olympic_athlete_affiliation/sport /m/02vx4 0 1 0 0
/m/0879xc /olympics/olympic_athlete/country./olympics/olympic_athlete_affiliation/sport /m/02vx4 0 1 0 0
/m/083qy7 /olympics/olympic_athlete/country./olympics/olympic_athlete_affiliation/sport /m/02vx4 0 1 0 0
/m/03cvfg /olympics/olympic_athlete/country./olympics/olympic_athlete_affiliation/sport /m/06z6r 1 1 1 1
/m/02rnns /olympics/olympic_athlete/country./olympics/olympic_athlete_affiliation/sport /m/02vx4 0 0 0 0
/m/02y8bn /olympics/olympic_athlete/country./olympics/olympic_athlete_affiliation/sport /m/03tmr 1 1 0 1
/m/01x2_q /olympics/olympic_athlete/country./olympics/olympic_athlete_affiliation/sport /m/03tmr 1 1 1 1
std confidence count
/m/026kmvf /olympics/olympic_athlete/country./olympics/olympic_athlete_affiliation/sport /m/02vx4 1 1 0 0
/m/09l9xt /olympics/olympic_athlete/country./olympics/olympic_athlete_affiliation/sport /m/02vx4 0 1 0 0
/m/0879xc /olympics/olympic_athlete/country./olympics/olympic_athlete_affiliation/sport /m/02vx4 0 1 0 0
/m/083qy7 /olympics/olympic_athlete/country./olympics/olympic_athlete_affiliation/sport /m/02vx4 0 1 0 0
/m/03cvfg /olympics/olympic_athlete/country./olympics/olympic_athlete_affiliation/sport /m/06z6r 1 1 1 1
/m/02rnns /olympics/olympic_athlete/country./olympics/olympic_athlete_affiliation/sport /m/02vx4 0 0 0 0
/m/02y8bn /olympics/olympic_athlete/country./olympics/olympic_athlete_affiliation/sport /m/03tmr 1 1 0 1
/m/01x2_q /olympics/olympic_athlete/country./olympics/olympic_athlete_affiliation/sport /m/03tmr 1 1 1 1
pca confidence sum
/m/026kmvf /olympics/olympic_athlete/country./olympics/olympic_athlete_affiliation/sport /m/02vx4 1 1 0 0
/m/09l9xt /olympics/olympic_athlete/country./olympics/olympic_athlete_affiliation/sport /m/02vx4 0 1 0 0
/m/0879xc /olympics/olympic_athlete/country./olympics/olympic_athlete_affiliation/sport /m/02vx4 0 1 0 0
/m/083qy7 /olympics/olympic_athlete/country./olympics/olympic_athlete_affiliation/sport /m/02vx4 0 0 0 0
/m/03cvfg /olympics/olympic_athlete/country./olympics/olympic_athlete_affiliation/sport /m/06z6r 1 1 1 1
/m/02rnns /olympics/olympic_athlete/country./olympics/olympic_athlete_affiliation/sport /m/02vx4 0 0 0 0
/m/02y8bn /olympics/olympic_athlete/country./olympics/olympic_athlete_affiliation/sport /m/03tmr 1 1 0 1
/m/01x2_q /olympics/olympic_athlete/country./olympics/olympic_athlete_affiliation/sport /m/03tmr 1 1 1 1
std confidence sum
/m/026kmvf /olympics/olympic_athlete/country./olympics/olympic_athlete_affiliation/sport /m/02vx4 1 1 0 0
/m/09l9xt /olympics/olympic_athlete/country./olympics/olympic_athlete_affiliation/sport /m/02vx4 0 1 0 0
/m/0879xc /olympics/olympic_athlete/country./olympics/olympic_athlete_affiliation/sport /m/02vx4 0 1 0 0
/m/083qy7 /olympics/olympic_athlete/country./olympics/olympic_athlete_affiliation/sport /m/02vx4 0 1 0 0
/m/03cvfg /olympics/olympic_athlete/country./olympics/olympic_athlete_affiliation/sport /m/06z6r 1 1 1 1
/m/02rnns /olympics/olympic_athlete/country./olympics/olympic_athlete_affiliation/sport /m/02vx4 0 0 0 0
/m/02y8bn /olympics/olympic_athlete/country./olympics/olympic_athlete_affiliation/sport /m/03tmr 1 1 0 1
/m/01x2_q /olympics/olympic_athlete/country./olympics/olympic_athlete_affiliation/sport /m/03tmr 1 1 1 1
