pca confidence count
/m/0l6mp /olympics/olympic_games/medals_awarded./olympics/olympic_medal_honor/medal /m/02lq67 0 1 0 1
/m/0124ld /olympics/olympic_games/medals_awarded./olympics/olympic_medal_honor/medal /m/02lq5w 0 1 0 0
/m/0sx8l /olympics/olympic_games/medals_awarded./olympics/olympic_medal_honor/medal /m/02lq67 0 1 0 1
/m/015l4k /olympics/olympic_games/medals_awarded./olympics/olympic_medal_honor/medal /m/02lq67 0 1 0 1
/m/018ljb /olympics/olympic_games/medals_awarded./olympics/olympic_medal_honor/medal /m/02lpp7 0 1 0 0
/m/0sx8l /olympics/olympic_games/medals_awarded./olympics/olympic_medal_honor/medal /m/02lq5w 0 1 0 0
/m/0jkvj /olympics/olympic_games/medals_awarded./olympics/olympic_medal_honor/medal /m/02lpp7 0 1 0 0
/m/01f1jy /olympics/olympic_games/medals_awarded./olympics/olympic_medal_honor/medal /m/02lq5w 0 1 0 0
/m/0nbjq /olympics/olympic_games/medals_awarded./olympics/olympic_medal_honor/medal /m/02lq5w 0 1 0 0
/m/0c_tl /olympics/olympic_games/medals_awarded./olympics/olympic_medal_honor/medal /m/02lpp7 0 1 0 0
/m/0lbd9 /olympics/olympic_games/medals_awarded./olympics/olympic_medal_honor/medal /m/02lq5w 0 1 0 0
/m/019n8z /olympics/olympic_games/medals_awarded./olympics/olympic_medal_honor/medal /m/02lq67 0 1 0 1
/m/018ljb /olympics/olympic_games/medals_awarded./olympics/olympic_medal_honor/medal /m/02lq5w 0 1 0 0
/m/0sx7r /olympics/olympic_games/medals_awarded./olympics/olympic_medal_honor/medal /m/02lq5w 0 1 0 0
/m/01f1kd /olympics/olympic_games/medals_awarded./olympics/olympic_medal_honor/medal /m/02lpp7 0 1 0 0
/m/01f1jy /olympics/olympic_games/medals_awarded./olympics/olympic_medal_honor/medal /m/02lpp7 0 1 0 0
std confidence count
/m/0l6mp /olympics/olympic_games/medals_awarded./olympics/olympic_medal_honor/medal /m/02lq67 0 1 0 1
/m/0124ld /olympics/olympic_games/medals_awarded./olympics/olympic_medal_honor/medal /m/02lq5w 0 1 0 1
/m/0sx8l /olympics/olympic_games/medals_awarded./olympics/olympic_medal_honor/medal /m/02lq67 0 1 0 1
/m/015l4k /olympics/olympic_games/medals_awarded./olympics/olympic_medal_honor/medal /m/02lq67 0 1 0 1
/m/018ljb /olympics/olympic_games/medals_awarded./olympics/olympic_medal_honor/medal /m/02lpp7 0 1 0 1
/m/0sx8l /olympics/olympic_games/medals_awarded./olympics/olympic_medal_honor/medal /m/02lq5w 0 1 0 1
/m/0jkvj /olympics/olympic_games/medals_awarded./olympics/olympic_medal_honor/medal /m/02lpp7 0 1 0 1
/m/01f1jy /olympics/olympic_games/medals_awarded./olympics/olympic_medal_honor/medal /m/02lq5w 0 1 0 1
/m/0nbjq /olympics/olympic_games/medals_awarded./olympics/olympic_medal_honor/medal /m/02lq5w 0 1 0 1
/m/0c_tl /olympics/olympic_games/medals_awarded./olympics/olympic_medal_honor/medal /m/02lpp7 0 1 0 1
/m/0lbd9 /olympics/olympic_games/medals_awarded./olympics/olympic_medal_honor/medal /m/02lq5w 0 1 0 1
/m/019n8z /olympics/olympic_games/medals_awarded./olympics/olympic_medal_honor/medal /m/02lq67 0 1 0 1
/m/018ljb /olympics/olympic_games/medals_awarded./olympics/olympic_medal_honor/medal /m/02lq5w 0 1 0 1
/m/0sx7r /olympics/olympic_games/medals_awarded./olympics/olympic_medal_honor/medal /m/02lq5w 0 1 0 1
/m/01f1kd /olympics/olympic_games/medals_awarded./olympics/olympic_medal_honor/medal /m/02lpp7 0 1 0 1
/m/01f1jy /olympics/olympic_games/medals_awarded./olympics/olympic_medal_honor/medal /m/02lpp7 0 1 0 1
pca confidence sum
/m/0l6mp /olympics/olympic_games/medals_awarded./olympics/olympic_medal_honor/medal /m/02lq67 0 1 0 1
/m/0124ld /olympics/olympic_games/medals_awarded./olympics/olympic_medal_honor/medal /m/02lq5w 0 1 0 1
/m/0sx8l /olympics/olympic_games/medals_awarded./olympics/olympic_medal_honor/medal /m/02lq67 0 1 0 1
/m/015l4k /olympics/olympic_games/medals_awarded./olympics/olympic_medal_honor/medal /m/02lq67 0 1 0 1
/m/018ljb /olympics/olympic_games/medals_awarded./olympics/olympic_medal_honor/medal /m/02lpp7 0 1 0 1
/m/0sx8l /olympics/olympic_games/medals_awarded./olympics/olympic_medal_honor/medal /m/02lq5w 0 1 0 1
/m/0jkvj /olympics/olympic_games/medals_awarded./olympics/olympic_medal_honor/medal /m/02lpp7 0 1 0 1
/m/01f1jy /olympics/olympic_games/medals_awarded./olympics/olympic_medal_honor/medal /m/02lq5w 0 1 0 1
/m/0nbjq /olympics/olympic_games/medals_awarded./olympics/olympic_medal_honor/medal /m/02lq5w 0 1 0 1
/m/0c_tl /olympics/olympic_games/medals_awarded./olympics/olympic_medal_honor/medal /m/02lpp7 0 1 0 1
/m/0lbd9 /olympics/olympic_games/medals_awarded./olympics/olympic_medal_honor/medal /m/02lq5w 0 1 0 1
/m/019n8z /olympics/olympic_games/medals_awarded./olympics/olympic_medal_honor/medal /m/02lq67 0 1 0 1
/m/018ljb /olympics/olympic_games/medals_awarded./olympics/olympic_medal_honor/medal /m/02lq5w 0 1 0 1
/m/0sx7r /olympics/olympic_games/medals_awarded./olympics/olympic_medal_honor/medal /m/02lq5w 0 1 0 1
/m/01f1kd /olympics/olympic_games/medals_awarded./olympics/olympic_medal_honor/medal /m/02lpp7 0 1 0 1
/m/01f1jy /olympics/olympic_games/medals_awarded./olympics/olympic_medal_honor/medal /m/02lpp7 0 1 0 1
std confidence sum
/m/0l6mp /olympics/olympic_games/medals_awarded./olympics/olympic_medal_honor/medal /m/02lq67 0 1 0 1
/m/0124ld /olympics/olympic_games/medals_awarded./olympics/olympic_medal_honor/medal /m/02lq5w 0 1 0 1
/m/0sx8l /olympics/olympic_games/medals_awarded./olympics/olympic_medal_honor/medal /m/02lq67 0 1 0 1
/m/015l4k /olympics/olympic_games/medals_awarded./olympics/olympic_medal_honor/medal /m/02lq67 0 1 0 1
/m/018ljb /olympics/olympic_games/medals_awarded./olympics/olympic_medal_honor/medal /m/02lpp7 0 1 0 1
/m/0sx8l /olympics/olympic_games/medals_awarded./olympics/olympic_medal_honor/medal /m/02lq5w 0 1 0 1
/m/0jkvj /olympics/olympic_games/medals_awarded./olympics/olympic_medal_honor/medal /m/02lpp7 0 1 0 1
/m/01f1jy /olympics/olympic_games/medals_awarded./olympics/olympic_medal_honor/medal /m/02lq5w 0 1 0 1
/m/0nbjq /olympics/olympic_games/medals_awarded./olympics/olympic_medal_honor/medal /m/02lq5w 0 1 0 1
/m/0c_tl /olympics/olympic_games/medals_awarded./olympics/olympic_medal_honor/medal /m/02lpp7 0 1 0 1
/m/0lbd9 /olympics/olympic_games/medals_awarded./olympics/olympic_medal_honor/medal /m/02lq5w 0 1 0 1
/m/019n8z /olympics/olympic_games/medals_awarded./olympics/olympic_medal_honor/medal /m/02lq67 0 1 0 1
/m/018ljb /olympics/olympic_games/medals_awarded./olympics/olympic_medal_honor/medal /m/02lq5w 0 1 0 1
/m/0sx7r /olympics/olympic_games/medals_awarded./olympics/olympic_medal_honor/medal /m/02lq5w 0 1 0 1
/m/01f1kd /olympics/olympic_games/medals_awarded./olympics/olympic_medal_honor/medal /m/02lpp7 0 1 0 1
/m/01f1jy /olympics/olympic_games/medals_awarded./olympics/olympic_medal_honor/medal /m/02lpp7 0 1 0 1
