pca confidence count
/m/016k4x /organization/organization/geographic_scope /m/0d060g 1 1 0 1
/m/0gjqq /organization/organization/geographic_scope /m/0345h 1 1 0 0
/m/01x8f6 /organization/organization/geographic_scope /m/0d060g 1 1 0 0
/m/01fpdh /organization/organization/geographic_scope /m/0d060g 1 1 0 1
/m/01qdcv /organization/organization/geographic_scope /m/0f8l9c 1 1 0 0
/m/0py9b /organization/organization/geographic_scope /m/09nm_ 1 1 0 0
/m/012wvj /organization/organization/geographic_scope /m/03rt9 1 1 1 1
/m/07wbk /organization/organization/geographic_scope /m/09c7w0 1 1 1 1
/m/07wpm /organization/organization/geographic_scope /m/07ssc 0 0 0 0
std confidence count
/m/016k4x /organization/organization/geographic_scope /m/0d060g 1 1 0 1
/m/0gjqq /organization/organization/geographic_scope /m/0345h 1 1 1 1
/m/01x8f6 /organization/organization/geographic_scope /m/0d060g 1 1 0 1
/m/01fpdh /organization/organization/geographic_scope /m/0d060g 1 1 0 1
/m/01qdcv /organization/organization/geographic_scope /m/0f8l9c 1 1 1 1
/m/0py9b /organization/organization/geographic_scope /m/09nm_ 1 1 0 1
/m/012wvj /organization/organization/geographic_scope /m/03rt9 1 1 1 1
/m/07wbk /organization/organization/geographic_scope /m/09c7w0 1 1 0 1
/m/07wpm /organization/organization/geographic_scope /m/07ssc 1 1 0 1
pca confidence sum
/m/016k4x /organization/organization/geographic_scope /m/0d060g 0 0 0 0
/m/0gjqq /organization/organization/geographic_scope /m/0345h 0 0 0 0
/m/01x8f6 /organization/organization/geographic_scope /m/0d060g 0 0 0 0
/m/01fpdh /organization/organization/geographic_scope /m/0d060g 1 1 0 1
/m/01qdcv /organization/organization/geographic_scope /m/0f8l9c 0 0 0 0
/m/0py9b /organization/organization/geographic_scope /m/09nm_ 1 1 0 0
/m/012wvj /organization/organization/geographic_scope /m/03rt9 1 1 0 0
/m/07wbk /organization/organization/geographic_scope /m/09c7w0 1 1 1 1
/m/07wpm /organization/organization/geographic_scope /m/07ssc 0 0 0 0
std confidence sum
/m/016k4x /organization/organization/geographic_scope /m/0d060g 1 1 0 1
/m/0gjqq /organization/organization/geographic_scope /m/0345h 1 1 1 1
/m/01x8f6 /organization/organization/geographic_scope /m/0d060g 0 1 0 0
/m/01fpdh /organization/organization/geographic_scope /m/0d060g 1 1 0 1
/m/01qdcv /organization/organization/geographic_scope /m/0f8l9c 1 1 1 1
/m/0py9b /organization/organization/geographic_scope /m/09nm_ 1 1 0 1
/m/012wvj /organization/organization/geographic_scope /m/03rt9 1 1 1 1
/m/07wbk /organization/organization/geographic_scope /m/09c7w0 1 1 0 1
/m/07wpm /organization/organization/geographic_scope /m/07ssc 1 1 0 1
