pca confidence count
/m/034h1h /organization/membership_organization/members./organization/organization_membership/member /m/05krk 1 1 1 1
/m/0gkjy /organization/membership_organization/members./organization/organization_membership/member /m/036b_ 1 1 0 1
/m/02vk52z /organization/membership_organization/members./organization/organization_membership/member /m/06t2t 1 1 0 1
/m/02vk52z /organization/membership_organization/members./organization/organization_membership/member /m/06vbd 1 1 0 1
/m/0j7v_ /organization/membership_organization/members./organization/organization_membership/member /m/04vs9 1 1 0 1
/m/02vk52z /organization/membership_organization/members./organization/organization_membership/member /m/01mjq 1 1 0 1
/m/04k4l /organization/membership_organization/members./organization/organization_membership/member /m/07f1x 1 1 0 0
/m/018cqq /organization/membership_organization/members./organization/organization_membership/member /m/0345h 1 1 0 1
/m/07t65 /organization/membership_organization/members./organization/organization_membership/member /m/07dvs 1 1 0 1
/m/0_2v /organization/membership_organization/members./organization/organization_membership/member /m/0k6nt 1 1 0 1
/m/02vk52z /organization/membership_organization/members./organization/organization_membership/member /m/0d05w3 1 1 0 1
/m/0gkjy /organization/membership_organization/members./organization/organization_membership/member /m/03548 1 1 0 1
/m/059dn /organization/membership_organization/members./organization/organization_membership/member /m/0345h 1 1 0 0
/m/07t65 /organization/membership_organization/members./organization/organization_membership/member /m/03_3d 1 1 0 1
/m/07t65 /organization/membership_organization/members./organization/organization_membership/member /m/0d0vqn 1 1 0 1
/m/0_2v /organization/membership_organization/members./organization/organization_membership/member /m/047lj 1 1 0 1
/m/07t65 /organization/membership_organization/members./organization/organization_membership/member /m/06s9y 1 1 1 1
/m/07t65 /organization/membership_organization/members./organization/organization_membership/member /m/07z5n 1 1 0 1
/m/0_2v /organization/membership_organization/members./organization/organization_membership/member /m/04g61 1 1 0 1
/m/041288 /organization/membership_organization/members./organization/organization_membership/member /m/03548 1 1 0 1
/m/02vk52z /organization/membership_organization/members./organization/organization_membership/member /m/0169t 1 1 0 1
/m/02vk52z /organization/membership_organization/members./organization/organization_membership/member /m/06mkj 1 1 0 1
/m/02vk52z /organization/membership_organization/members./organization/organization_membership/member /m/01ls2 1 1 0 1
/m/02vk52z /organization/membership_organization/members./organization/organization_membership/member /m/0ctw_b 1 1 0 0
/m/0j7v_ /organization/membership_organization/members./organization/organization_membership/member /m/0164b 1 1 0 0
/m/034h1h /organization/membership_organization/members./organization/organization_membership/member /m/01p5xy 1 1 1 1
/m/0b6css /organization/membership_organization/members./organization/organization_membership/member /m/04gqr 1 1 0 1
/m/02vk52z /organization/membership_organization/members./organization/organization_membership/member /m/05sb1 1 1 0 1
/m/07t65 /organization/membership_organization/members./organization/organization_membership/member /m/05br2 1 1 1 1
/m/07t65 /organization/membership_organization/members./organization/organization_membership/member /m/03gj2 1 1 0 1
/m/01rz1 /organization/membership_organization/members./organization/organization_membership/member /m/015qh 1 1 0 1
/m/02vk52z /organization/membership_organization/members./organization/organization_membership/member /m/04g61 1 1 0 1
/m/07t65 /organization/membership_organization/members./organization/organization_membership/member /m/0d060g 1 1 0 1
/m/0j7v_ /organization/membership_organization/members./organization/organization_membership/member /m/03rt9 1 1 0 1
/m/04m8fy /organization/membership_organization/members./organization/organization_membership/member /m/0716t2 1 1 1 1
/m/041288 /organization/membership_organization/members./organization/organization_membership/member /m/027nb 1 1 0 1
/m/01rz1 /organization/membership_organization/members./organization/organization_membership/member /m/077qn 1 1 0 1
/m/02vk52z /organization/membership_organization/members./organization/organization_membership/member /m/0164v 1 1 0 1
/m/018cqq /organization/membership_organization/members./organization/organization_membership/member /m/01p1v 1 1 0 1
/m/07t65 /organization/membership_organization/members./organization/organization_membership/member /m/07ssc 1 1 0 1
/m/041288 /organization/membership_organization/members./organization/organization_membership/member /m/0166v 1 1 0 1
/m/01rz1 /organization/membership_organization/members./organization/organization_membership/member /m/0154j 1 1 0 1
/m/041288 /organization/membership_organization/members./organization/organization_membership/member /m/04v09 1 1 0 1
/m/07t65 /organization/membership_organization/members./organization/organization_membership/member /m/02vzc 1 1 0 1
/m/041288 /organization/membership_organization/members./organization/organization_membership/member /m/0164v 1 1 0 1
/m/0b6css /organization/membership_organization/members./organization/organization_membership/member /m/07f5x 1 1 0 1
/m/01rz1 /organization/membership_organization/members./organization/organization_membership/member /m/0345h 1 1 0 0
/m/0j7v_ /organization/membership_organization/members./organization/organization_membership/member /m/07tp2 1 1 0 1
/m/0j7v_ /organization/membership_organization/members./organization/organization_membership/member /m/07dzf 1 1 0 1
/m/0gkjy /organization/membership_organization/members./organization/organization_membership/member /m/0169t 1 1 0 1
/m/0_2v /organization/membership_organization/members./organization/organization_membership/member /m/03rt9 1 1 0 1
/m/02vk52z /organization/membership_organization/members./organization/organization_membership/member /m/019rg5 1 1 0 1
/m/0_2v /organization/membership_organization/members./organization/organization_membership/member /m/047t_ 1 1 0 1
/m/0b6css /organization/membership_organization/members./organization/organization_membership/member /m/0hzlz 1 1 0 1
/m/02vk52z /organization/membership_organization/members./organization/organization_membership/member /m/019pcs 1 1 0 1
/m/07t65 /organization/membership_organization/members./organization/organization_membership/member /m/04w58 1 1 1 1
/m/07t65 /organization/membership_organization/members./organization/organization_membership/member /m/05r4w 1 1 0 1
/m/0gkjy /organization/membership_organization/members./organization/organization_membership/member /m/0hdx8 1 1 0 1
/m/01rz1 /organization/membership_organization/members./organization/organization_membership/member /m/0h7x 1 1 0 1
/m/07t65 /organization/membership_organization/members./organization/organization_membership/member /m/04gzd 1 1 0 1
/m/01rz1 /organization/membership_organization/members./organization/organization_membership/member /m/06t8v 1 1 0 1
/m/07t65 /organization/membership_organization/members./organization/organization_membership/member /m/0d0kn 1 1 0 1
/m/0j7v_ /organization/membership_organization/members./organization/organization_membership/member /m/027nb 1 1 0 1
/m/0b6css /organization/membership_organization/members./organization/organization_membership/member /m/0164v 1 1 0 1
/m/07t65 /organization/membership_organization/members./organization/organization_membership/member /m/07bxhl 1 1 0 1
/m/0j7v_ /organization/membership_organization/members./organization/organization_membership/member /m/0hzlz 1 1 0 1
/m/0b6css /organization/membership_organization/members./organization/organization_membership/member /m/04vjh 1 1 0 1
/m/0gkjy /organization/membership_organization/members./organization/organization_membership/member /m/04hzj 1 1 0 1
/m/02vk52z /organization/membership_organization/members./organization/organization_membership/member /m/05v10 1 1 0 1
/m/02vk52z /organization/membership_organization/members./organization/organization_membership/member /m/01p1b 1 1 0 1
/m/02vk52z /organization/membership_organization/members./organization/organization_membership/member /m/01z88t 1 1 0 1
/m/0j7v_ /organization/membership_organization/members./organization/organization_membership/member /m/05cgv 1 1 0 1
/m/041288 /organization/membership_organization/members./organization/organization_membership/member /m/0162v 1 1 0 1
/m/0_2v /organization/membership_organization/members./organization/organization_membership/member /m/0jdd 1 1 0 1
/m/041288 /organization/membership_organization/members./organization/organization_membership/member /m/036b_ 1 1 0 1
/m/041288 /organization/membership_organization/members./organization/organization_membership/member /m/01nyl 1 1 0 1
/m/02vk52z /organization/membership_organization/members./organization/organization_membership/member /m/04v09 1 1 0 1
/m/018cqq /organization/membership_organization/members./organization/organization_membership/member /m/0ctw_b 1 1 0 0
/m/07t65 /organization/membership_organization/members./organization/organization_membership/member /m/088vb 1 1 0 1
/m/04k4l /organization/membership_organization/members./organization/organization_membership/member /m/03rt9 1 1 0 1
/m/0b6css /organization/membership_organization/members./organization/organization_membership/member /m/06mkj 1 1 0 0
/m/02vk52z /organization/membership_organization/members./organization/organization_membership/member /m/015qh 1 1 0 1
/m/07t65 /organization/membership_organization/members./organization/organization_membership/member /m/0jt3tjf 1 1 1 1
/m/07t65 /organization/membership_organization/members./organization/organization_membership/member /m/04g5k 1 1 0 1
/m/07t65 /organization/membership_organization/members./organization/organization_membership/member /m/0jdd 1 1 1 1
/m/07t65 /organization/membership_organization/members./organization/organization_membership/member /m/0345_ 1 1 0 1
/m/04k4l /organization/membership_organization/members./organization/organization_membership/member /m/02k54 1 1 0 1
/m/041288 /organization/membership_organization/members./organization/organization_membership/member /m/04hzj 1 1 0 1
/m/07t65 /organization/membership_organization/members./organization/organization_membership/member /m/06t2t 1 1 0 1
/m/034h1h /organization/membership_organization/members./organization/organization_membership/member /m/07vyf 1 1 1 1
/m/041288 /organization/membership_organization/members./organization/organization_membership/member /m/04hvw 1 1 0 1
/m/01rz1 /organization/membership_organization/members./organization/organization_membership/member /m/03rt9 1 1 0 1
/m/07t65 /organization/membership_organization/members./organization/organization_membership/member /m/01p8s 1 1 0 1
/m/01rz1 /organization/membership_organization/members./organization/organization_membership/member /m/01pj7 1 1 0 1
std confidence count
/m/034h1h /organization/membership_organization/members./organization/organization_membership/member /m/05krk 1 1 1 1
/m/0gkjy /organization/membership_organization/members./organization/organization_membership/member /m/036b_ 1 1 0 1
/m/02vk52z /organization/membership_organization/members./organization/organization_membership/member /m/06t2t 1 1 0 1
/m/02vk52z /organization/membership_organization/members./organization/organization_membership/member /m/06vbd 1 1 1 1
/m/0j7v_ /organization/membership_organization/members./organization/organization_membership/member /m/04vs9 1 1 0 1
/m/02vk52z /organization/membership_organization/members./organization/organization_membership/member /m/01mjq 1 1 0 1
/m/04k4l /organization/membership_organization/members./organization/organization_membership/member /m/07f1x 1 1 0 0
/m/018cqq /organization/membership_organization/members./organization/organization_membership/member /m/0345h 1 1 0 0
/m/07t65 /organization/membership_organization/members./organization/organization_membership/member /m/07dvs 1 1 0 1
/m/0_2v /organization/membership_organization/members./organization/organization_membership/member /m/0k6nt 1 1 0 1
/m/02vk52z /organization/membership_organization/members./organization/organization_membership/member /m/0d05w3 1 1 0 1
/m/0gkjy /organization/membership_organization/members./organization/organization_membership/member /m/03548 1 1 0 1
/m/059dn /organization/membership_organization/members./organization/organization_membership/member /m/0345h 1 1 0 0
/m/07t65 /organization/membership_organization/members./organization/organization_membership/member /m/03_3d 1 1 0 0
/m/07t65 /organization/membership_organization/members./organization/organization_membership/member /m/0d0vqn 1 1 0 1
/m/0_2v /organization/membership_organization/members./organization/organization_membership/member /m/047lj 1 1 0 1
/m/07t65 /organization/membership_organization/members./organization/organization_membership/member /m/06s9y 1 1 1 1
/m/07t65 /organization/membership_organization/members./organization/organization_membership/member /m/07z5n 1 1 0 1
/m/0_2v /organization/membership_organization/members./organization/organization_membership/member /m/04g61 1 1 0 1
/m/041288 /organization/membership_organization/members./organization/organization_membership/member /m/03548 1 1 0 1
/m/02vk52z /organization/membership_organization/members./organization/organization_membership/member /m/0169t 1 1 0 1
/m/02vk52z /organization/membership_organization/members./organization/organization_membership/member /m/06mkj 1 1 0 1
/m/02vk52z /organization/membership_organization/members./organization/organization_membership/member /m/01ls2 1 1 0 1
/m/02vk52z /organization/membership_organization/members./organization/organization_membership/member /m/0ctw_b 1 1 0 0
/m/0j7v_ /organization/membership_organization/members./organization/organization_membership/member /m/0164b 1 1 0 0
/m/034h1h /organization/membership_organization/members./organization/organization_membership/member /m/01p5xy 1 1 1 1
/m/0b6css /organization/membership_organization/members./organization/organization_membership/member /m/04gqr 1 1 0 1
/m/02vk52z /organization/membership_organization/members./organization/organization_membership/member /m/05sb1 1 1 0 1
/m/07t65 /organization/membership_organization/members./organization/organization_membership/member /m/05br2 1 1 1 1
/m/07t65 /organization/membership_organization/members./organization/organization_membership/member /m/03gj2 1 1 0 1
/m/01rz1 /organization/membership_organization/members./organization/organization_membership/member /m/015qh 1 1 0 1
/m/02vk52z /organization/membership_organization/members./organization/organization_membership/member /m/04g61 1 1 0 1
/m/07t65 /organization/membership_organization/members./organization/organization_membership/member /m/0d060g 1 1 0 1
/m/0j7v_ /organization/membership_organization/members./organization/organization_membership/member /m/03rt9 1 1 0 1
/m/04m8fy /organization/membership_organization/members./organization/organization_membership/member /m/0716t2 1 1 1 1
/m/041288 /organization/membership_organization/members./organization/organization_membership/member /m/027nb 1 1 0 1
/m/01rz1 /organization/membership_organization/members./organization/organization_membership/member /m/077qn 1 1 0 0
/m/02vk52z /organization/membership_organization/members./organization/organization_membership/member /m/0164v 1 1 0 1
/m/018cqq /organization/membership_organization/members./organization/organization_membership/member /m/01p1v 1 1 0 1
/m/07t65 /organization/membership_organization/members./organization/organization_membership/member /m/07ssc 1 1 0 1
/m/041288 /organization/membership_organization/members./organization/organization_membership/member /m/0166v 1 1 0 1
/m/01rz1 /organization/membership_organization/members./organization/organization_membership/member /m/0154j 1 1 0 1
/m/041288 /organization/membership_organization/members./organization/organization_membership/member /m/04v09 1 1 0 1
/m/07t65 /organization/membership_organization/members./organization/organization_membership/member /m/02vzc 1 1 0 1
/m/041288 /organization/membership_organization/members./organization/organization_membership/member /m/0164v 1 1 0 1
/m/0b6css /organization/membership_organization/members./organization/organization_membership/member /m/07f5x 1 1 0 1
/m/01rz1 /organization/membership_organization/members./organization/organization_membership/member /m/0345h 1 1 0 0
/m/0j7v_ /organization/membership_organization/members./organization/organization_membership/member /m/07tp2 1 1 0 1
/m/0j7v_ /organization/membership_organization/members./organization/organization_membership/member /m/07dzf 1 1 0 1
/m/0gkjy /organization/membership_organization/members./organization/organization_membership/member /m/0169t 1 1 0 1
/m/0_2v /organization/membership_organization/members./organization/organization_membership/member /m/03rt9 1 1 0 1
/m/02vk52z /organization/membership_organization/members./organization/organization_membership/member /m/019rg5 1 1 0 1
/m/0_2v /organization/membership_organization/members./organization/organization_membership/member /m/047t_ 1 1 0 1
/m/0b6css /organization/membership_organization/members./organization/organization_membership/member /m/0hzlz 1 1 0 1
/m/02vk52z /organization/membership_organization/members./organization/organization_membership/member /m/019pcs 1 1 0 1
/m/07t65 /organization/membership_organization/members./organization/organization_membership/member /m/04w58 1 1 1 1
/m/07t65 /organization/membership_organization/members./organization/organization_membership/member /m/05r4w 1 1 0 1
/m/0gkjy /organization/membership_organization/members./organization/organization_membership/member /m/0hdx8 1 1 0 1
/m/01rz1 /organization/membership_organization/members./organization/organization_membership/member /m/0h7x 1 1 0 1
/m/07t65 /organization/membership_organization/members./organization/organization_membership/member /m/04gzd 1 1 0 1
/m/01rz1 /organization/membership_organization/members./organization/organization_membership/member /m/06t8v 1 1 0 0
/m/07t65 /organization/membership_organization/members./organization/organization_membership/member /m/0d0kn 1 1 0 1
/m/0j7v_ /organization/membership_organization/members./organization/organization_membership/member /m/027nb 1 1 0 1
/m/0b6css /organization/membership_organization/members./organization/organization_membership/member /m/0164v 1 1 0 1
/m/07t65 /organization/membership_organization/members./organization/organization_membership/member /m/07bxhl 1 1 0 1
/m/0j7v_ /organization/membership_organization/members./organization/organization_membership/member /m/0hzlz 1 1 0 1
/m/0b6css /organization/membership_organization/members./organization/organization_membership/member /m/04vjh 1 1 0 1
/m/0gkjy /organization/membership_organization/members./organization/organization_membership/member /m/04hzj 1 1 0 1
/m/02vk52z /organization/membership_organization/members./organization/organization_membership/member /m/05v10 1 1 0 1
/m/02vk52z /organization/membership_organization/members./organization/organization_membership/member /m/01p1b 1 1 0 1
/m/02vk52z /organization/membership_organization/members./organization/organization_membership/member /m/01z88t 1 1 0 1
/m/0j7v_ /organization/membership_organization/members./organization/organization_membership/member /m/05cgv 1 1 0 1
/m/041288 /organization/membership_organization/members./organization/organization_membership/member /m/0162v 1 1 0 1
/m/0_2v /organization/membership_organization/members./organization/organization_membership/member /m/0jdd 1 1 0 1
/m/041288 /organization/membership_organization/members./organization/organization_membership/member /m/036b_ 1 1 0 1
/m/041288 /organization/membership_organization/members./organization/organization_membership/member /m/01nyl 1 1 0 1
/m/02vk52z /organization/membership_organization/members./organization/organization_membership/member /m/04v09 1 1 0 1
/m/018cqq /organization/membership_organization/members./organization/organization_membership/member /m/0ctw_b 1 1 0 0
/m/07t65 /organization/membership_organization/members./organization/organization_membership/member /m/088vb 1 1 0 1
/m/04k4l /organization/membership_organization/members./organization/organization_membership/member /m/03rt9 1 1 0 1
/m/0b6css /organization/membership_organization/members./organization/organization_membership/member /m/06mkj 1 1 0 1
/m/02vk52z /organization/membership_organization/members./organization/organization_membership/member /m/015qh 1 1 0 1
/m/07t65 /organization/membership_organization/members./organization/organization_membership/member /m/0jt3tjf 1 1 0 1
/m/07t65 /organization/membership_organization/members./organization/organization_membership/member /m/04g5k 1 1 0 1
/m/07t65 /organization/membership_organization/members./organization/organization_membership/member /m/0jdd 1 1 1 1
/m/07t65 /organization/membership_organization/members./organization/organization_membership/member /m/0345_ 1 1 0 1
/m/04k4l /organization/membership_organization/members./organization/organization_membership/member /m/02k54 1 1 0 1
/m/041288 /organization/membership_organization/members./organization/organization_membership/member /m/04hzj 1 1 0 1
/m/07t65 /organization/membership_organization/members./organization/organization_membership/member /m/06t2t 1 1 0 1
/m/034h1h /organization/membership_organization/members./organization/organization_membership/member /m/07vyf 1 1 1 1
/m/041288 /organization/membership_organization/members./organization/organization_membership/member /m/04hvw 1 1 0 1
/m/01rz1 /organization/membership_organization/members./organization/organization_membership/member /m/03rt9 1 1 0 1
/m/07t65 /organization/membership_organization/members./organization/organization_membership/member /m/01p8s 1 1 0 1
/m/01rz1 /organization/membership_organization/members./organization/organization_membership/member /m/01pj7 1 1 0 1
pca confidence sum
/m/034h1h /organization/membership_organization/members./organization/organization_membership/member /m/05krk 1 1 1 1
/m/0gkjy /organization/membership_organization/members./organization/organization_membership/member /m/036b_ 1 1 0 1
/m/02vk52z /organization/membership_organization/members./organization/organization_membership/member /m/06t2t 1 1 1 1
/m/02vk52z /organization/membership_organization/members./organization/organization_membership/member /m/06vbd 1 1 1 1
/m/0j7v_ /organization/membership_organization/members./organization/organization_membership/member /m/04vs9 1 1 0 0
/m/02vk52z /organization/membership_organization/members./organization/organization_membership/member /m/01mjq 1 1 1 1
/m/04k4l /organization/membership_organization/members./organization/organization_membership/member /m/07f1x 1 1 0 1
/m/018cqq /organization/membership_organization/members./organization/organization_membership/member /m/0345h 1 1 0 1
/m/07t65 /organization/membership_organization/members./organization/organization_membership/member /m/07dvs 1 1 1 1
/m/0_2v /organization/membership_organization/members./organization/organization_membership/member /m/0k6nt 1 1 0 1
/m/02vk52z /organization/membership_organization/members./organization/organization_membership/member /m/0d05w3 1 1 0 1
/m/0gkjy /organization/membership_organization/members./organization/organization_membership/member /m/03548 1 1 0 1
/m/059dn /organization/membership_organization/members./organization/organization_membership/member /m/0345h 0 1 0 0
/m/07t65 /organization/membership_organization/members./organization/organization_membership/member /m/03_3d 1 1 0 1
/m/07t65 /organization/membership_organization/members./organization/organization_membership/member /m/0d0vqn 1 1 0 1
/m/0_2v /organization/membership_organization/members./organization/organization_membership/member /m/047lj 1 1 0 1
/m/07t65 /organization/membership_organization/members./organization/organization_membership/member /m/06s9y 1 1 1 1
/m/07t65 /organization/membership_organization/members./organization/organization_membership/member /m/07z5n 1 1 0 1
/m/0_2v /organization/membership_organization/members./organization/organization_membership/member /m/04g61 1 1 0 1
/m/041288 /organization/membership_organization/members./organization/organization_membership/member /m/03548 1 1 0 1
/m/02vk52z /organization/membership_organization/members./organization/organization_membership/member /m/0169t 1 1 0 1
/m/02vk52z /organization/membership_organization/members./organization/organization_membership/member /m/06mkj 1 1 1 1
/m/02vk52z /organization/membership_organization/members./organization/organization_membership/member /m/01ls2 1 1 1 1
/m/02vk52z /organization/membership_organization/members./organization/organization_membership/member /m/0ctw_b 1 1 1 1
/m/0j7v_ /organization/membership_organization/members./organization/organization_membership/member /m/0164b 1 1 0 1
/m/034h1h /organization/membership_organization/members./organization/organization_membership/member /m/01p5xy 1 1 1 1
/m/0b6css /organization/membership_organization/members./organization/organization_membership/member /m/04gqr 1 1 0 1
/m/02vk52z /organization/membership_organization/members./organization/organization_membership/member /m/05sb1 1 1 1 1
/m/07t65 /organization/membership_organization/members./organization/organization_membership/member /m/05br2 1 1 1 1
/m/07t65 /organization/membership_organization/members./organization/organization_membership/member /m/03gj2 1 1 0 1
/m/01rz1 /organization/membership_organization/members./organization/organization_membership/member /m/015qh 1 1 0 0
/m/02vk52z /organization/membership_organization/members./organization/organization_membership/member /m/04g61 1 1 0 1
/m/07t65 /organization/membership_organization/members./organization/organization_membership/member /m/0d060g 1 1 0 1
/m/0j7v_ /organization/membership_organization/members./organization/organization_membership/member /m/03rt9 1 1 0 0
/m/04m8fy /organization/membership_organization/members./organization/organization_membership/member /m/0716t2 1 1 0 0
/m/041288 /organization/membership_organization/members./organization/organization_membership/member /m/027nb 1 1 0 1
/m/01rz1 /organization/membership_organization/members./organization/organization_membership/member /m/077qn 1 1 0 0
/m/02vk52z /organization/membership_organization/members./organization/organization_membership/member /m/0164v 1 1 0 1
/m/018cqq /organization/membership_organization/members./organization/organization_membership/member /m/01p1v 1 1 0 1
/m/07t65 /organization/membership_organization/members./organization/organization_membership/member /m/07ssc 1 1 0 1
/m/041288 /organization/membership_organization/members./organization/organization_membership/member /m/0166v 1 1 0 1
/m/01rz1 /organization/membership_organization/members./organization/organization_membership/member /m/0154j 1 1 0 1
/m/041288 /organization/membership_organization/members./organization/organization_membership/member /m/04v09 1 1 0 1
/m/07t65 /organization/membership_organization/members./organization/organization_membership/member /m/02vzc 1 1 0 1
/m/041288 /organization/membership_organization/members./organization/organization_membership/member /m/0164v 1 1 0 1
/m/0b6css /organization/membership_organization/members./organization/organization_membership/member /m/07f5x 1 1 0 1
/m/01rz1 /organization/membership_organization/members./organization/organization_membership/member /m/0345h 1 1 0 0
/m/0j7v_ /organization/membership_organization/members./organization/organization_membership/member /m/07tp2 1 1 0 0
/m/0j7v_ /organization/membership_organization/members./organization/organization_membership/member /m/07dzf 1 1 0 1
/m/0gkjy /organization/membership_organization/members./organization/organization_membership/member /m/0169t 1 1 0 1
/m/0_2v /organization/membership_organization/members./organization/organization_membership/member /m/03rt9 1 1 0 1
/m/02vk52z /organization/membership_organization/members./organization/organization_membership/member /m/019rg5 1 1 0 1
/m/0_2v /organization/membership_organization/members./organization/organization_membership/member /m/047t_ 1 1 0 0
/m/0b6css /organization/membership_organization/members./organization/organization_membership/member /m/0hzlz 1 1 0 0
/m/02vk52z /organization/membership_organization/members./organization/organization_membership/member /m/019pcs 1 1 0 1
/m/07t65 /organization/membership_organization/members./organization/organization_membership/member /m/04w58 1 1 1 1
/m/07t65 /organization/membership_organization/members./organization/organization_membership/member /m/05r4w 1 1 0 1
/m/0gkjy /organization/membership_organization/members./organization/organization_membership/member /m/0hdx8 1 1 0 1
/m/01rz1 /organization/membership_organization/members./organization/organization_membership/member /m/0h7x 1 1 0 1
/m/07t65 /organization/membership_organization/members./organization/organization_membership/member /m/04gzd 1 1 0 1
/m/01rz1 /organization/membership_organization/members./organization/organization_membership/member /m/06t8v 1 1 0 0
/m/07t65 /organization/membership_organization/members./organization/organization_membership/member /m/0d0kn 1 1 0 1
/m/0j7v_ /organization/membership_organization/members./organization/organization_membership/member /m/027nb 1 1 0 0
/m/0b6css /organization/membership_organization/members./organization/organization_membership/member /m/0164v 1 1 0 1
/m/07t65 /organization/membership_organization/members./organization/organization_membership/member /m/07bxhl 1 1 1 1
/m/0j7v_ /organization/membership_organization/members./organization/organization_membership/member /m/0hzlz 1 1 0 0
/m/0b6css /organization/membership_organization/members./organization/organization_membership/member /m/04vjh 1 1 0 1
/m/0gkjy /organization/membership_organization/members./organization/organization_membership/member /m/04hzj 1 1 0 1
/m/02vk52z /organization/membership_organization/members./organization/organization_membership/member /m/05v10 1 1 0 1
/m/02vk52z /organization/membership_organization/members./organization/organization_membership/member /m/01p1b 1 1 0 1
/m/02vk52z /organization/membership_organization/members./organization/organization_membership/member /m/01z88t 1 1 0 1
/m/0j7v_ /organization/membership_organization/members./organization/organization_membership/member /m/05cgv 1 1 0 0
/m/041288 /organization/membership_organization/members./organization/organization_membership/member /m/0162v 1 1 0 1
/m/0_2v /organization/membership_organization/members./organization/organization_membership/member /m/0jdd 1 1 0 1
/m/041288 /organization/membership_organization/members./organization/organization_membership/member /m/036b_ 1 1 0 1
/m/041288 /organization/membership_organization/members./organization/organization_membership/member /m/01nyl 1 1 0 1
/m/02vk52z /organization/membership_organization/members./organization/organization_membership/member /m/04v09 1 1 0 1
/m/018cqq /organization/membership_organization/members./organization/organization_membership/member /m/0ctw_b 1 1 0 1
/m/07t65 /organization/membership_organization/members./organization/organization_membership/member /m/088vb 1 1 1 1
/m/04k4l /organization/membership_organization/members./organization/organization_membership/member /m/03rt9 1 1 0 1
/m/0b6css /organization/membership_organization/members./organization/organization_membership/member /m/06mkj 1 1 0 1
/m/02vk52z /organization/membership_organization/members./organization/organization_membership/member /m/015qh 1 1 1 1
/m/07t65 /organization/membership_organization/members./organization/organization_membership/member /m/0jt3tjf 1 1 1 1
/m/07t65 /organization/membership_organization/members./organization/organization_membership/member /m/04g5k 1 1 0 1
/m/07t65 /organization/membership_organization/members./organization/organization_membership/member /m/0jdd 1 1 0 1
/m/07t65 /organization/membership_organization/members./organization/organization_membership/member /m/0345_ 1 1 1 1
/m/04k4l /organization/membership_organization/members./organization/organization_membership/member /m/02k54 1 1 0 1
/m/041288 /organization/membership_organization/members./organization/organization_membership/member /m/04hzj 1 1 0 1
/m/07t65 /organization/membership_organization/members./organization/organization_membership/member /m/06t2t 1 1 0 1
/m/034h1h /organization/membership_organization/members./organization/organization_membership/member /m/07vyf 1 1 1 1
/m/041288 /organization/membership_organization/members./organization/organization_membership/member /m/04hvw 1 1 0 1
/m/01rz1 /organization/membership_organization/members./organization/organization_membership/member /m/03rt9 1 1 0 1
/m/07t65 /organization/membership_organization/members./organization/organization_membership/member /m/01p8s 1 1 1 1
/m/01rz1 /organization/membership_organization/members./organization/organization_membership/member /m/01pj7 1 1 0 0
std confidence sum
/m/034h1h /organization/membership_organization/members./organization/organization_membership/member /m/05krk 1 1 1 1
/m/0gkjy /organization/membership_organization/members./organization/organization_membership/member /m/036b_ 1 1 0 1
/m/02vk52z /organization/membership_organization/members./organization/organization_membership/member /m/06t2t 1 1 1 1
/m/02vk52z /organization/membership_organization/members./organization/organization_membership/member /m/06vbd 1 1 1 1
/m/0j7v_ /organization/membership_organization/members./organization/organization_membership/member /m/04vs9 1 1 0 0
/m/02vk52z /organization/membership_organization/members./organization/organization_membership/member /m/01mjq 1 1 1 1
/m/04k4l /organization/membership_organization/members./organization/organization_membership/member /m/07f1x 1 1 0 1
/m/018cqq /organization/membership_organization/members./organization/organization_membership/member /m/0345h 1 1 0 1
/m/07t65 /organization/membership_organization/members./organization/organization_membership/member /m/07dvs 1 1 1 1
/m/0_2v /organization/membership_organization/members./organization/organization_membership/member /m/0k6nt 1 1 0 1
/m/02vk52z /organization/membership_organization/members./organization/organization_membership/member /m/0d05w3 1 1 1 1
/m/0gkjy /organization/membership_organization/members./organization/organization_membership/member /m/03548 1 1 0 1
/m/059dn /organization/membership_organization/members./organization/organization_membership/member /m/0345h 0 1 0 0
/m/07t65 /organization/membership_organization/members./organization/organization_membership/member /m/03_3d 1 1 0 1
/m/07t65 /organization/membership_organization/members./organization/organization_membership/member /m/0d0vqn 1 1 0 1
/m/0_2v /organization/membership_organization/members./organization/organization_membership/member /m/047lj 1 1 0 1
/m/07t65 /organization/membership_organization/members./organization/organization_membership/member /m/06s9y 1 1 1 1
/m/07t65 /organization/membership_organization/members./organization/organization_membership/member /m/07z5n 1 1 0 1
/m/0_2v /organization/membership_organization/members./organization/organization_membership/member /m/04g61 1 1 0 1
/m/041288 /organization/membership_organization/members./organization/organization_membership/member /m/03548 1 1 0 1
/m/02vk52z /organization/membership_organization/members./organization/organization_membership/member /m/0169t 1 1 0 1
/m/02vk52z /organization/membership_organization/members./organization/organization_membership/member /m/06mkj 1 1 1 1
/m/02vk52z /organization/membership_organization/members./organization/organization_membership/member /m/01ls2 1 1 1 1
/m/02vk52z /organization/membership_organization/members./organization/organization_membership/member /m/0ctw_b 1 1 1 1
/m/0j7v_ /organization/membership_organization/members./organization/organization_membership/member /m/0164b 1 1 0 1
/m/034h1h /organization/membership_organization/members./organization/organization_membership/member /m/01p5xy 1 1 1 1
/m/0b6css /organization/membership_organization/members./organization/organization_membership/member /m/04gqr 1 1 0 1
/m/02vk52z /organization/membership_organization/members./organization/organization_membership/member /m/05sb1 1 1 1 1
/m/07t65 /organization/membership_organization/members./organization/organization_membership/member /m/05br2 1 1 1 1
/m/07t65 /organization/membership_organization/members./organization/organization_membership/member /m/03gj2 1 1 0 1
/m/01rz1 /organization/membership_organization/members./organization/organization_membership/member /m/015qh 1 1 0 0
/m/02vk52z /organization/membership_organization/members./organization/organization_membership/member /m/04g61 1 1 0 1
/m/07t65 /organization/membership_organization/members./organization/organization_membership/member /m/0d060g 1 1 0 1
/m/0j7v_ /organization/membership_organization/members./organization/organization_membership/member /m/03rt9 1 1 0 0
/m/04m8fy /organization/membership_organization/members./organization/organization_membership/member /m/0716t2 1 1 1 1
/m/041288 /organization/membership_organization/members./organization/organization_membership/member /m/027nb 1 1 0 1
/m/01rz1 /organization/membership_organization/members./organization/organization_membership/member /m/077qn 1 1 0 0
/m/02vk52z /organization/membership_organization/members./organization/organization_membership/member /m/0164v 1 1 0 1
/m/018cqq /organization/membership_organization/members./organization/organization_membership/member /m/01p1v 1 1 0 1
/m/07t65 /organization/membership_organization/members./organization/organization_membership/member /m/07ssc 1 1 0 1
/m/041288 /organization/membership_organization/members./organization/organization_membership/member /m/0166v 1 1 0 1
/m/01rz1 /organization/membership_organization/members./organization/organization_membership/member /m/0154j 1 1 0 1
/m/041288 /organization/membership_organization/members./organization/organization_membership/member /m/04v09 1 1 0 1
/m/07t65 /organization/membership_organization/members./organization/organization_membership/member /m/02vzc 1 1 0 1
/m/041288 /organization/membership_organization/members./organization/organization_membership/member /m/0164v 1 1 0 1
/m/0b6css /organization/membership_organization/members./organization/organization_membership/member /m/07f5x 1 1 0 1
/m/01rz1 /organization/membership_organization/members./organization/organization_membership/member /m/0345h 1 1 0 0
/m/0j7v_ /organization/membership_organization/members./organization/organization_membership/member /m/07tp2 1 1 0 0
/m/0j7v_ /organization/membership_organization/members./organization/organization_membership/member /m/07dzf 1 1 0 1
/m/0gkjy /organization/membership_organization/members./organization/organization_membership/member /m/0169t 1 1 0 1
/m/0_2v /organization/membership_organization/members./organization/organization_membership/member /m/03rt9 1 1 0 1
/m/02vk52z /organization/membership_organization/members./organization/organization_membership/member /m/019rg5 1 1 0 1
/m/0_2v /organization/membership_organization/members./organization/organization_membership/member /m/047t_ 1 1 0 0
/m/0b6css /organization/membership_organization/members./organization/organization_membership/member /m/0hzlz 1 1 0 0
/m/02vk52z /organization/membership_organization/members./organization/organization_membership/member /m/019pcs 1 1 0 1
/m/07t65 /organization/membership_organization/members./organization/organization_membership/member /m/04w58 1 1 1 1
/m/07t65 /organization/membership_organization/members./organization/organization_membership/member /m/05r4w 1 1 0 1
/m/0gkjy /organization/membership_organization/members./organization/organization_membership/member /m/0hdx8 1 1 0 1
/m/01rz1 /organization/membership_organization/members./organization/organization_membership/member /m/0h7x 1 1 0 1
/m/07t65 /organization/membership_organization/members./organization/organization_membership/member /m/04gzd 1 1 0 1
/m/01rz1 /organization/membership_organization/members./organization/organization_membership/member /m/06t8v 1 1 0 0
/m/07t65 /organization/membership_organization/members./organization/organization_membership/member /m/0d0kn 1 1 0 1
/m/0j7v_ /organization/membership_organization/members./organization/organization_membership/member /m/027nb 1 1 0 0
/m/0b6css /organization/membership_organization/members./organization/organization_membership/member /m/0164v 1 1 0 1
/m/07t65 /organization/membership_organization/members./organization/organization_membership/member /m/07bxhl 1 1 1 1
/m/0j7v_ /organization/membership_organization/members./organization/organization_membership/member /m/0hzlz 1 1 0 0
/m/0b6css /organization/membership_organization/members./organization/organization_membership/member /m/04vjh 1 1 0 1
/m/0gkjy /organization/membership_organization/members./organization/organization_membership/member /m/04hzj 1 1 0 1
/m/02vk52z /organization/membership_organization/members./organization/organization_membership/member /m/05v10 1 1 1 1
/m/02vk52z /organization/membership_organization/members./organization/organization_membership/member /m/01p1b 1 1 0 1
/m/02vk52z /organization/membership_organization/members./organization/organization_membership/member /m/01z88t 1 1 0 1
/m/0j7v_ /organization/membership_organization/members./organization/organization_membership/member /m/05cgv 1 1 0 0
/m/041288 /organization/membership_organization/members./organization/organization_membership/member /m/0162v 1 1 0 1
/m/0_2v /organization/membership_organization/members./organization/organization_membership/member /m/0jdd 1 1 0 1
/m/041288 /organization/membership_organization/members./organization/organization_membership/member /m/036b_ 1 1 0 1
/m/041288 /organization/membership_organization/members./organization/organization_membership/member /m/01nyl 1 1 0 1
/m/02vk52z /organization/membership_organization/members./organization/organization_membership/member /m/04v09 1 1 0 1
/m/018cqq /organization/membership_organization/members./organization/organization_membership/member /m/0ctw_b 1 1 0 1
/m/07t65 /organization/membership_organization/members./organization/organization_membership/member /m/088vb 1 1 1 1
/m/04k4l /organization/membership_organization/members./organization/organization_membership/member /m/03rt9 1 1 0 1
/m/0b6css /organization/membership_organization/members./organization/organization_membership/member /m/06mkj 1 1 0 1
/m/02vk52z /organization/membership_organization/members./organization/organization_membership/member /m/015qh 1 1 1 1
/m/07t65 /organization/membership_organization/members./organization/organization_membership/member /m/0jt3tjf 1 1 1 1
/m/07t65 /organization/membership_organization/members./organization/organization_membership/member /m/04g5k 1 1 0 1
/m/07t65 /organization/membership_organization/members./organization/organization_membership/member /m/0jdd 1 1 0 1
/m/07t65 /organization/membership_organization/members./organization/organization_membership/member /m/0345_ 1 1 0 1
/m/04k4l /organization/membership_organization/members./organization/organization_membership/member /m/02k54 1 1 0 1
/m/041288 /organization/membership_organization/members./organization/organization_membership/member /m/04hzj 1 1 0 1
/m/07t65 /organization/membership_organization/members./organization/organization_membership/member /m/06t2t 1 1 0 1
/m/034h1h /organization/membership_organization/members./organization/organization_membership/member /m/07vyf 1 1 1 1
/m/041288 /organization/membership_organization/members./organization/organization_membership/member /m/04hvw 1 1 0 1
/m/01rz1 /organization/membership_organization/members./organization/organization_membership/member /m/03rt9 1 1 0 1
/m/07t65 /organization/membership_organization/members./organization/organization_membership/member /m/01p8s 1 1 1 1
/m/01rz1 /organization/membership_organization/members./organization/organization_membership/member /m/01pj7 1 1 0 0
