pca confidence count
/m/0152x_ /organization/organization/place_founded /m/05fjf 0 0 0 0
/m/019rl6 /organization/organization/place_founded /m/0r6cx 0 0 0 0
/m/035nm /organization/organization/place_founded /m/0m2rv 0 0 0 0
/m/01nds /organization/organization/place_founded /m/0dqyw 1 1 1 1
/m/01hpf6 /organization/organization/place_founded /m/0dqyw 0 0 0 0
/m/05qd_ /organization/organization/place_founded /m/030qb3t 1 1 0 0
/m/01s73z /organization/organization/place_founded /m/0wqwj 0 0 0 0
/m/04f0xq /organization/organization/place_founded /m/059rby 0 0 0 0
/m/026wmz6 /organization/organization/place_founded /m/06c62 0 0 0 0
/m/014dd0 /organization/organization/place_founded /m/0rh6k 0 0 0 0
/m/05s34b /organization/organization/place_founded /m/02_286 0 0 0 0
/m/027jw0c /organization/organization/place_founded /m/02z0j 0 0 0 0
/m/04sv4 /organization/organization/place_founded /m/0djd3 0 0 0 0
/m/0k8z /organization/organization/place_founded /m/01n7q 0 0 0 0
/m/01yx7f /organization/organization/place_founded /m/0d6lp 0 0 0 0
/m/0gvbw /organization/organization/place_founded /m/0cr3d 0 0 0 0
/m/01_4lx /organization/organization/place_founded /m/02_286 0 0 0 0
/m/015_1q /organization/organization/place_founded /m/0rh6k 0 0 0 0
/m/027lf1 /organization/organization/place_founded /m/01_d4 0 0 0 0
/m/04htfd /organization/organization/place_founded /m/02_286 0 0 0 0
/m/0dwl2 /organization/organization/place_founded /m/010r6f 1 1 0 0
/m/05b5c /organization/organization/place_founded /m/0hzgf 0 0 0 0
std confidence count
/m/0152x_ /organization/organization/place_founded /m/05fjf 0 0 0 0
/m/019rl6 /organization/organization/place_founded /m/0r6cx 0 0 0 0
/m/035nm /organization/organization/place_founded /m/0m2rv 0 0 0 0
/m/01nds /organization/organization/place_founded /m/0dqyw 1 1 1 1
/m/01hpf6 /organization/organization/place_founded /m/0dqyw 0 0 0 0
/m/05qd_ /organization/organization/place_founded /m/030qb3t 0 0 0 0
/m/01s73z /organization/organization/place_founded /m/0wqwj 0 0 0 0
/m/04f0xq /organization/organization/place_founded /m/059rby 0 0 0 0
/m/026wmz6 /organization/organization/place_founded /m/06c62 0 0 0 0
/m/014dd0 /organization/organization/place_founded /m/0rh6k 1 1 0 0
/m/05s34b /organization/organization/place_founded /m/02_286 0 0 0 0
/m/027jw0c /organization/organization/place_founded /m/02z0j 0 0 0 0
/m/04sv4 /organization/organization/place_founded /m/0djd3 0 0 0 0
/m/0k8z /organization/organization/place_founded /m/01n7q 1 1 0 0
/m/01yx7f /organization/organization/place_founded /m/0d6lp 0 0 0 0
/m/0gvbw /organization/organization/place_founded /m/0cr3d 0 0 0 0
/m/01_4lx /organization/organization/place_founded /m/02_286 0 0 0 0
/m/015_1q /organization/organization/place_founded /m/0rh6k 0 0 0 0
/m/027lf1 /organization/organization/place_founded /m/01_d4 0 0 0 0
/m/04htfd /organization/organization/place_founded /m/02_286 0 0 0 0
/m/0dwl2 /organization/organization/place_founded /m/010r6f 1 1 1 1
/m/05b5c /organization/organization/place_founded /m/0hzgf 0 0 0 0
pca confidence sum
/m/0152x_ /organization/organization/place_founded /m/05fjf 0 0 0 0
/m/019rl6 /organization/organization/place_founded /m/0r6cx 0 0 0 0
/m/035nm /organization/organization/place_founded /m/0m2rv 0 0 0 0
/m/01nds /organization/organization/place_founded /m/0dqyw 1 1 1 1
/m/01hpf6 /organization/organization/place_founded /m/0dqyw 0 0 0 0
/m/05qd_ /organization/organization/place_founded /m/030qb3t 0 1 0 0
/m/01s73z /organization/organization/place_founded /m/0wqwj 0 0 0 0
/m/04f0xq /organization/organization/place_founded /m/059rby 0 0 0 0
/m/026wmz6 /organization/organization/place_founded /m/06c62 0 0 0 0
/m/014dd0 /organization/organization/place_founded /m/0rh6k 0 0 0 0
/m/05s34b /organization/organization/place_founded /m/02_286 0 0 0 0
/m/027jw0c /organization/organization/place_founded /m/02z0j 0 0 0 0
/m/04sv4 /organization/organization/place_founded /m/0djd3 0 0 0 0
/m/0k8z /organization/organization/place_founded /m/01n7q 0 0 0 0
/m/01yx7f /organization/organization/place_founded /m/0d6lp 0 0 0 0
/m/0gvbw /organization/organization/place_founded /m/0cr3d 0 0 0 0
/m/01_4lx /organization/organization/place_founded /m/02_286 0 0 0 0
/m/015_1q /organization/organization/place_founded /m/0rh6k 0 0 0 0
/m/027lf1 /organization/organization/place_founded /m/01_d4 0 0 0 0
/m/04htfd /organization/organization/place_founded /m/02_286 0 0 0 0
/m/0dwl2 /organization/organization/place_founded /m/010r6f 1 1 0 0
/m/05b5c /organization/organization/place_founded /m/0hzgf 0 0 0 0
std confidence sum
/m/0152x_ /organization/organization/place_founded /m/05fjf 0 0 0 0
/m/019rl6 /organization/organization/place_founded /m/0r6cx 0 0 0 0
/m/035nm /organization/organization/place_founded /m/0m2rv 0 0 0 0
/m/01nds /organization/organization/place_founded /m/0dqyw 1 1 1 1
/m/01hpf6 /organization/organization/place_founded /m/0dqyw 0 0 0 0
/m/05qd_ /organization/organization/place_founded /m/030qb3t 0 0 0 0
/m/01s73z /organization/organization/place_founded /m/0wqwj 0 0 0 0
/m/04f0xq /organization/organization/place_founded /m/059rby 0 0 0 0
/m/026wmz6 /organization/organization/place_founded /m/06c62 0 0 0 0
/m/014dd0 /organization/organization/place_founded /m/0rh6k 1 1 0 0
/m/05s34b /organization/organization/place_founded /m/02_286 0 0 0 0
/m/027jw0c /organization/organization/place_founded /m/02z0j 0 0 0 0
/m/04sv4 /organization/organization/place_founded /m/0djd3 0 0 0 0
/m/0k8z /organization/organization/place_founded /m/01n7q 1 1 0 0
/m/01yx7f /organization/organization/place_founded /m/0d6lp 0 0 0 0
/m/0gvbw /organization/organization/place_founded /m/0cr3d 0 0 0 0
/m/01_4lx /organization/organization/place_founded /m/02_286 0 0 0 0
/m/015_1q /organization/organization/place_founded /m/0rh6k 0 0 0 0
/m/027lf1 /organization/organization/place_founded /m/01_d4 0 0 0 0
/m/04htfd /organization/organization/place_founded /m/02_286 0 0 0 0
/m/0dwl2 /organization/organization/place_founded /m/010r6f 1 1 1 1
/m/05b5c /organization/organization/place_founded /m/0hzgf 0 0 0 0
