pca confidence count
/m/06kb_ /people/deceased_person/place_of_cremation /m/0nb1s 1 1 0 0
/m/019gz /people/deceased_person/place_of_cremation /m/0nb1s 1 1 0 0
/m/063_t /people/deceased_person/place_of_cremation /m/0nb1s 1 1 0 0
/m/061zc_ /people/deceased_person/place_of_cremation /m/04vmp 0 0 0 0
/m/01t_wfl /people/deceased_person/place_of_cremation /m/0n9r8 0 0 0 0
/m/01dbhb /people/deceased_person/place_of_cremation /m/02_286 1 1 0 0
std confidence count
/m/06kb_ /people/deceased_person/place_of_cremation /m/0nb1s 0 0 0 0
/m/019gz /people/deceased_person/place_of_cremation /m/0nb1s 1 1 0 1
/m/063_t /people/deceased_person/place_of_cremation /m/0nb1s 1 1 0 1
/m/061zc_ /people/deceased_person/place_of_cremation /m/04vmp 0 0 0 0
/m/01t_wfl /people/deceased_person/place_of_cremation /m/0n9r8 0 0 0 0
/m/01dbhb /people/deceased_person/place_of_cremation /m/02_286 1 1 0 0
pca confidence sum
/m/06kb_ /people/deceased_person/place_of_cremation /m/0nb1s 0 0 0 0
/m/019gz /people/deceased_person/place_of_cremation /m/0nb1s 0 0 0 0
/m/063_t /people/deceased_person/place_of_cremation /m/0nb1s 1 1 0 0
/m/061zc_ /people/deceased_person/place_of_cremation /m/04vmp 0 0 0 0
/m/01t_wfl /people/deceased_person/place_of_cremation /m/0n9r8 0 0 0 0
/m/01dbhb /people/deceased_person/place_of_cremation /m/02_286 1 1 0 0
std confidence sum
/m/06kb_ /people/deceased_person/place_of_cremation /m/0nb1s 0 0 0 0
/m/019gz /people/deceased_person/place_of_cremation /m/0nb1s 1 1 0 1
/m/063_t /people/deceased_person/place_of_cremation /m/0nb1s 1 1 0 1
/m/061zc_ /people/deceased_person/place_of_cremation /m/04vmp 0 0 0 0
/m/01t_wfl /people/deceased_person/place_of_cremation /m/0n9r8 0 0 0 0
/m/01dbhb /people/deceased_person/place_of_cremation /m/02_286 1 1 0 0
