pca confidence count
/m/01fwqn /soccer/football_team/league./soccer/football_league_participation/league /m/0355pl 0 1 0 0
/m/01kj5h /soccer/football_team/league./soccer/football_league_participation/league /m/0355pl 0 1 0 0
/m/047g98 /soccer/football_team/league./soccer/football_league_participation/league /m/03zv9 1 1 0 0
/m/01j95f /soccer/football_team/league./soccer/football_league_participation/league /m/0355pl 0 1 0 0
/m/046fz5 /soccer/football_team/league./soccer/football_league_participation/league /m/0356lc 1 1 0 0
/m/03ylxn /soccer/football_team/league./soccer/football_league_participation/league /m/0356lc 1 1 0 1
/m/043y95 /soccer/football_team/league./soccer/football_league_participation/league /m/0356lc 1 1 0 1
/m/0199gx /soccer/football_team/league./soccer/football_league_participation/league /m/0355pl 0 1 0 0
std confidence count
/m/01fwqn /soccer/football_team/league./soccer/football_league_participation/league /m/0355pl 0 1 0 1
/m/01kj5h /soccer/football_team/league./soccer/football_league_participation/league /m/0355pl 0 1 0 1
/m/047g98 /soccer/football_team/league./soccer/football_league_participation/league /m/03zv9 1 1 0 1
/m/01j95f /soccer/football_team/league./soccer/football_league_participation/league /m/0355pl 0 1 0 1
/m/046fz5 /soccer/football_team/league./soccer/football_league_participation/league /m/0356lc 1 1 0 1
/m/03ylxn /soccer/football_team/league./soccer/football_league_participation/league /m/0356lc 0 1 0 1
/m/043y95 /soccer/football_team/league./soccer/football_league_participation/league /m/0356lc 1 1 0 1
/m/0199gx /soccer/football_team/league./soccer/football_league_participation/league /m/0355pl 1 1 0 1
pca confidence sum
/m/01fwqn /soccer/football_team/league./soccer/football_league_participation/league /m/0355pl 0 1 0 0
/m/01kj5h /soccer/football_team/league./soccer/football_league_participation/league /m/0355pl 0 1 0 0
/m/047g98 /soccer/football_team/league./soccer/football_league_participation/league /m/03zv9 1 1 0 1
/m/01j95f /soccer/football_team/league./soccer/football_league_participation/league /m/0355pl 0 0 0 0
/m/046fz5 /soccer/football_team/league./soccer/football_league_participation/league /m/0356lc 1 1 0 1
/m/03ylxn /soccer/football_team/league./soccer/football_league_participation/league /m/0356lc 1 1 0 1
/m/043y95 /soccer/football_team/league./soccer/football_league_participation/league /m/0356lc 1 1 0 1
/m/0199gx /soccer/football_team/league./soccer/football_league_participation/league /m/0355pl 0 1 0 0
std confidence sum
/m/01fwqn /soccer/football_team/league./soccer/football_league_participation/league /m/0355pl 0 1 0 0
/m/01kj5h /soccer/football_team/league./soccer/football_league_participation/league /m/0355pl 0 1 0 0
/m/047g98 /soccer/football_team/league./soccer/football_league_participation/league /m/03zv9 0 1 0 0
/m/01j95f /soccer/football_team/league./soccer/football_league_participation/league /m/0355pl 0 0 0 0
/m/046fz5 /soccer/football_team/league./soccer/football_league_participation/league /m/0356lc 1 1 0 1
/m/03ylxn /soccer/football_team/league./soccer/football_league_participation/league /m/0356lc 1 1 0 1
/m/043y95 /soccer/football_team/league./soccer/football_league_participation/league /m/0356lc 1 1 0 1
/m/0199gx /soccer/football_team/league./soccer/football_league_participation/league /m/0355pl 0 1 0 0
