pca confidence count
/m/02sg4b /sports/sports_position/players./baseball/baseball_roster_position/team /m/07l4z 1 1 0 1
/m/02lyr4 /sports/sports_position/players./baseball/baseball_roster_position/team /m/04c9bn 1 1 0 1
/m/02rsl1 /sports/sports_position/players./baseball/baseball_roster_position/team /m/049n7 1 1 0 0
/m/017drs /sports/sports_position/players./baseball/baseball_roster_position/team /m/01d6g 1 1 0 1
/m/02lyr4 /sports/sports_position/players./baseball/baseball_roster_position/team /m/07l8f 1 1 0 1
/m/02wszf /sports/sports_position/players./baseball/baseball_roster_position/team /m/0132_h 1 1 0 1
/m/049k4w /sports/sports_position/players./baseball/baseball_roster_position/team /m/07l8x 1 1 0 1
/m/02lyr4 /sports/sports_position/players./baseball/baseball_roster_position/team /m/01yhm 1 1 0 1
/m/02wszf /sports/sports_position/players./baseball/baseball_roster_position/team /m/04913k 1 1 0 1
/m/02rsl1 /sports/sports_position/players./baseball/baseball_roster_position/team /m/07l8x 1 1 0 1
/m/02rsl1 /sports/sports_position/players./baseball/baseball_roster_position/team /m/01ypc 1 1 0 1
/m/02dwpf /sports/sports_position/players./baseball/baseball_roster_position/team /m/0713r 1 1 0 1
/m/02dwpf /sports/sports_position/players./baseball/baseball_roster_position/team /m/0x2p 1 1 0 1
/m/01z9v6 /sports/sports_position/players./baseball/baseball_roster_position/team /m/06x68 1 1 0 1
/m/02lyr4 /sports/sports_position/players./baseball/baseball_roster_position/team /m/01ync 1 1 0 1
/m/02wszf /sports/sports_position/players./baseball/baseball_roster_position/team /m/0cqt41 1 1 0 1
/m/028c_8 /sports/sports_position/players./baseball/baseball_roster_position/team /m/03qrh9 1 1 1 1
/m/017drs /sports/sports_position/players./baseball/baseball_roster_position/team /m/07l8x 1 1 0 1
/m/02lyr4 /sports/sports_position/players./baseball/baseball_roster_position/team /m/07147 1 1 0 1
/m/02rsl1 /sports/sports_position/players./baseball/baseball_roster_position/team /m/0713r 1 1 0 1
/m/01z9v6 /sports/sports_position/players./baseball/baseball_roster_position/team /m/05xvj 1 1 0 1
/m/02wszf /sports/sports_position/players./baseball/baseball_roster_position/team /m/05m_8 1 1 0 1
/m/02s7tr /sports/sports_position/players./baseball/baseball_roster_position/team /m/0713r 1 1 0 1
/m/01z9v6 /sports/sports_position/players./baseball/baseball_roster_position/team /m/0x0d 1 1 0 1
/m/01z9v6 /sports/sports_position/players./baseball/baseball_roster_position/team /m/01v3x8 1 1 0 1
std confidence count
/m/02sg4b /sports/sports_position/players./baseball/baseball_roster_position/team /m/07l4z 1 1 0 1
/m/02lyr4 /sports/sports_position/players./baseball/baseball_roster_position/team /m/04c9bn 1 1 0 1
/m/02rsl1 /sports/sports_position/players./baseball/baseball_roster_position/team /m/049n7 1 1 0 0
/m/017drs /sports/sports_position/players./baseball/baseball_roster_position/team /m/01d6g 1 1 0 1
/m/02lyr4 /sports/sports_position/players./baseball/baseball_roster_position/team /m/07l8f 1 1 0 1
/m/02wszf /sports/sports_position/players./baseball/baseball_roster_position/team /m/0132_h 1 1 0 1
/m/049k4w /sports/sports_position/players./baseball/baseball_roster_position/team /m/07l8x 1 1 0 1
/m/02lyr4 /sports/sports_position/players./baseball/baseball_roster_position/team /m/01yhm 1 1 0 1
/m/02wszf /sports/sports_position/players./baseball/baseball_roster_position/team /m/04913k 1 1 0 1
/m/02rsl1 /sports/sports_position/players./baseball/baseball_roster_position/team /m/07l8x 1 1 0 1
/m/02rsl1 /sports/sports_position/players./baseball/baseball_roster_position/team /m/01ypc 1 1 0 1
/m/02dwpf /sports/sports_position/players./baseball/baseball_roster_position/team /m/0713r 1 1 0 1
/m/02dwpf /sports/sports_position/players./baseball/baseball_roster_position/team /m/0x2p 1 1 0 1
/m/01z9v6 /sports/sports_position/players./baseball/baseball_roster_position/team /m/06x68 1 1 0 1
/m/02lyr4 /sports/sports_position/players./baseball/baseball_roster_position/team /m/01ync 1 1 0 1
/m/02wszf /sports/sports_position/players./baseball/baseball_roster_position/team /m/0cqt41 1 1 0 1
/m/028c_8 /sports/sports_position/players./baseball/baseball_roster_position/team /m/03qrh9 1 1 1 1
/m/017drs /sports/sports_position/players./baseball/baseball_roster_position/team /m/07l8x 1 1 0 1
/m/02lyr4 /sports/sports_position/players./baseball/baseball_roster_position/team /m/07147 1 1 0 1
/m/02rsl1 /sports/sports_position/players./baseball/baseball_roster_position/team /m/0713r 1 1 0 1
/m/01z9v6 /sports/sports_position/players./baseball/baseball_roster_position/team /m/05xvj 1 1 0 1
/m/02wszf /sports/sports_position/players./baseball/baseball_roster_position/team /m/05m_8 1 1 0 1
/m/02s7tr /sports/sports_position/players./baseball/baseball_roster_position/team /m/0713r 1 1 0 1
/m/01z9v6 /sports/sports_position/players./baseball/baseball_roster_position/team /m/0x0d 1 1 0 1
/m/01z9v6 /sports/sports_position/players./baseball/baseball_roster_position/team /m/01v3x8 1 1 0 1
pca confidence sum
/m/02sg4b /sports/sports_position/players./baseball/baseball_roster_position/team /m/07l4z 1 1 0 0
/m/02lyr4 /sports/sports_position/players./baseball/baseball_roster_position/team /m/04c9bn 1 1 0 1
/m/02rsl1 /sports/sports_position/players./baseball/baseball_roster_position/team /m/049n7 0 1 0 0
/m/017drs /sports/sports_position/players./baseball/baseball_roster_position/team /m/01d6g 1 1 0 0
/m/02lyr4 /sports/sports_position/players./baseball/baseball_roster_position/team /m/07l8f 1 1 0 1
/m/02wszf /sports/sports_position/players./baseball/baseball_roster_position/team /m/0132_h 1 1 0 1
/m/049k4w /sports/sports_position/players./baseball/baseball_roster_position/team /m/07l8x 1 1 0 1
/m/02lyr4 /sports/sports_position/players./baseball/baseball_roster_position/team /m/01yhm 1 1 0 1
/m/02wszf /sports/sports_position/players./baseball/baseball_roster_position/team /m/04913k 1 1 0 1
/m/02rsl1 /sports/sports_position/players./baseball/baseball_roster_position/team /m/07l8x 0 1 0 0
/m/02rsl1 /sports/sports_position/players./baseball/baseball_roster_position/team /m/01ypc 0 1 0 0
/m/02dwpf /sports/sports_position/players./baseball/baseball_roster_position/team /m/0713r 1 1 0 1
/m/02dwpf /sports/sports_position/players./baseball/baseball_roster_position/team /m/0x2p 1 1 0 0
/m/01z9v6 /sports/sports_position/players./baseball/baseball_roster_position/team /m/06x68 1 1 0 1
/m/02lyr4 /sports/sports_position/players./baseball/baseball_roster_position/team /m/01ync 1 1 0 1
/m/02wszf /sports/sports_position/players./baseball/baseball_roster_position/team /m/0cqt41 1 1 0 1
/m/028c_8 /sports/sports_position/players./baseball/baseball_roster_position/team /m/03qrh9 1 1 0 1
/m/017drs /sports/sports_position/players./baseball/baseball_roster_position/team /m/07l8x 1 1 0 0
/m/02lyr4 /sports/sports_position/players./baseball/baseball_roster_position/team /m/07147 1 1 0 1
/m/02rsl1 /sports/sports_position/players./baseball/baseball_roster_position/team /m/0713r 0 1 0 0
/m/01z9v6 /sports/sports_position/players./baseball/baseball_roster_position/team /m/05xvj 1 1 0 1
/m/02wszf /sports/sports_position/players./baseball/baseball_roster_position/team /m/05m_8 1 1 0 1
/m/02s7tr /sports/sports_position/players./baseball/baseball_roster_position/team /m/0713r 1 1 0 0
/m/01z9v6 /sports/sports_position/players./baseball/baseball_roster_position/team /m/0x0d 1 1 0 1
/m/01z9v6 /sports/sports_position/players./baseball/baseball_roster_position/team /m/01v3x8 1 1 0 1
std confidence sum
/m/02sg4b /sports/sports_position/players./baseball/baseball_roster_position/team /m/07l4z 1 1 0 0
/m/02lyr4 /sports/sports_position/players./baseball/baseball_roster_position/team /m/04c9bn 1 1 0 1
/m/02rsl1 /sports/sports_position/players./baseball/baseball_roster_position/team /m/049n7 0 1 0 0
/m/017drs /sports/sports_position/players./baseball/baseball_roster_position/team /m/01d6g 1 1 0 0
/m/02lyr4 /sports/sports_position/players./baseball/baseball_roster_position/team /m/07l8f 1 1 0 1
/m/02wszf /sports/sports_position/players./baseball/baseball_roster_position/team /m/0132_h 1 1 0 1
/m/049k4w /sports/sports_position/players./baseball/baseball_roster_position/team /m/07l8x 1 1 0 1
/m/02lyr4 /sports/sports_position/players./baseball/baseball_roster_position/team /m/01yhm 1 1 0 1
/m/02wszf /sports/sports_position/players./baseball/baseball_roster_position/team /m/04913k 1 1 0 1
/m/02rsl1 /sports/sports_position/players./baseball/baseball_roster_position/team /m/07l8x 0 1 0 0
/m/02rsl1 /sports/sports_position/players./baseball/baseball_roster_position/team /m/01ypc 0 1 0 0
/m/02dwpf /sports/sports_position/players./baseball/baseball_roster_position/team /m/0713r 1 1 0 1
/m/02dwpf /sports/sports_position/players./baseball/baseball_roster_position/team /m/0x2p 1 1 0 0
/m/01z9v6 /sports/sports_position/players./baseball/baseball_roster_position/team /m/06x68 1 1 0 1
/m/02lyr4 /sports/sports_position/players./baseball/baseball_roster_position/team /m/01ync 1 1 0 1
/m/02wszf /sports/sports_position/players./baseball/baseball_roster_position/team /m/0cqt41 1 1 0 1
/m/028c_8 /sports/sports_position/players./baseball/baseball_roster_position/team /m/03qrh9 1 1 0 1
/m/017drs /sports/sports_position/players./baseball/baseball_roster_position/team /m/07l8x 1 1 0 0
/m/02lyr4 /sports/sports_position/players./baseball/baseball_roster_position/team /m/07147 1 1 0 1
/m/02rsl1 /sports/sports_position/players./baseball/baseball_roster_position/team /m/0713r 0 1 0 0
/m/01z9v6 /sports/sports_position/players./baseball/baseball_roster_position/team /m/05xvj 1 1 0 1
/m/02wszf /sports/sports_position/players./baseball/baseball_roster_position/team /m/05m_8 1 1 0 1
/m/02s7tr /sports/sports_position/players./baseball/baseball_roster_position/team /m/0713r 1 1 0 0
/m/01z9v6 /sports/sports_position/players./baseball/baseball_roster_position/team /m/0x0d 1 1 0 1
/m/01z9v6 /sports/sports_position/players./baseball/baseball_roster_position/team /m/01v3x8 1 1 1 1
