pca confidence count
/m/0jnpc /sports/sports_team/roster./ice_hockey/hockey_roster_position/position /m/02qvzf 0 0 0 0
/m/0hn2q /sports/sports_team/roster./ice_hockey/hockey_roster_position/position /m/02qvzf 0 0 0 0
/m/0bszz /sports/sports_team/roster./ice_hockey/hockey_roster_position/position /m/02qvl7 0 1 0 0
/m/0c41y70 /sports/sports_team/roster./ice_hockey/hockey_roster_position/position /m/02qvdc 0 0 0 0
/m/0j5m6 /sports/sports_team/roster./ice_hockey/hockey_roster_position/position /m/02qvdc 0 1 0 0
/m/0j5m6 /sports/sports_team/roster./ice_hockey/hockey_roster_position/position /m/02qvzf 0 0 0 0
/m/0c1gj5 /sports/sports_team/roster./ice_hockey/hockey_roster_position/position /m/02qvgy 0 1 0 0
/m/0jnrk /sports/sports_team/roster./ice_hockey/hockey_roster_position/position /m/02qvdc 0 1 0 0
/m/0jnrk /sports/sports_team/roster./ice_hockey/hockey_roster_position/position /m/02qvl7 0 1 0 0
/m/02r7lqg /sports/sports_team/roster./ice_hockey/hockey_roster_position/position /m/02qvgy 0 1 0 0
/m/02hqt6 /sports/sports_team/roster./ice_hockey/hockey_roster_position/position /m/02qvl7 0 1 0 0
/m/048ldh /sports/sports_team/roster./ice_hockey/hockey_roster_position/position /m/02qvdc 0 0 0 0
/m/04l5d0 /sports/sports_team/roster./ice_hockey/hockey_roster_position/position /m/02qvdc 0 0 0 0
/m/0jnr_ /sports/sports_team/roster./ice_hockey/hockey_roster_position/position /m/02qvl7 0 1 0 0
/m/04l5d0 /sports/sports_team/roster./ice_hockey/hockey_roster_position/position /m/02qvzf 0 0 0 0
/m/0jnr_ /sports/sports_team/roster./ice_hockey/hockey_roster_position/position /m/02qvzf 0 0 0 0
/m/04l57x /sports/sports_team/roster./ice_hockey/hockey_roster_position/position /m/02qvdc 0 0 0 0
/m/0gx159f /sports/sports_team/roster./ice_hockey/hockey_roster_position/position /m/02qvgy 1 1 0 0
/m/0hmt3 /sports/sports_team/roster./ice_hockey/hockey_roster_position/position /m/02qvdc 0 0 0 0
/m/0hn6d /sports/sports_team/roster./ice_hockey/hockey_roster_position/position /m/02qvl7 0 1 0 0
/m/0jnnx /sports/sports_team/roster./ice_hockey/hockey_roster_position/position /m/02qvl7 0 1 0 0
/m/02fp3 /sports/sports_team/roster./ice_hockey/hockey_roster_position/position /m/02qvzf 0 0 0 0
std confidence count
/m/0jnpc /sports/sports_team/roster./ice_hockey/hockey_roster_position/position /m/02qvzf 1 1 0 1
/m/0hn2q /sports/sports_team/roster./ice_hockey/hockey_roster_position/position /m/02qvzf 0 1 0 0
/m/0bszz /sports/sports_team/roster./ice_hockey/hockey_roster_position/position /m/02qvl7 0 1 0 1
/m/0c41y70 /sports/sports_team/roster./ice_hockey/hockey_roster_position/position /m/02qvdc 0 1 0 0
/m/0j5m6 /sports/sports_team/roster./ice_hockey/hockey_roster_position/position /m/02qvdc 1 1 0 1
/m/0j5m6 /sports/sports_team/roster./ice_hockey/hockey_roster_position/position /m/02qvzf 1 1 0 1
/m/0c1gj5 /sports/sports_team/roster./ice_hockey/hockey_roster_position/position /m/02qvgy 1 1 0 1
/m/0jnrk /sports/sports_team/roster./ice_hockey/hockey_roster_position/position /m/02qvdc 1 1 0 1
/m/0jnrk /sports/sports_team/roster./ice_hockey/hockey_roster_position/position /m/02qvl7 0 1 0 1
/m/02r7lqg /sports/sports_team/roster./ice_hockey/hockey_roster_position/position /m/02qvgy 1 1 0 1
/m/02hqt6 /sports/sports_team/roster./ice_hockey/hockey_roster_position/position /m/02qvl7 1 1 0 1
/m/048ldh /sports/sports_team/roster./ice_hockey/hockey_roster_position/position /m/02qvdc 0 1 0 0
/m/04l5d0 /sports/sports_team/roster./ice_hockey/hockey_roster_position/position /m/02qvdc 1 1 0 1
/m/0jnr_ /sports/sports_team/roster./ice_hockey/hockey_roster_position/position /m/02qvl7 0 1 0 1
/m/04l5d0 /sports/sports_team/roster./ice_hockey/hockey_roster_position/position /m/02qvzf 0 1 0 0
/m/0jnr_ /sports/sports_team/roster./ice_hockey/hockey_roster_position/position /m/02qvzf 1 1 0 1
/m/04l57x /sports/sports_team/roster./ice_hockey/hockey_roster_position/position /m/02qvdc 0 1 0 0
/m/0gx159f /sports/sports_team/roster./ice_hockey/hockey_roster_position/position /m/02qvgy 1 1 0 1
/m/0hmt3 /sports/sports_team/roster./ice_hockey/hockey_roster_position/position /m/02qvdc 0 1 0 0
/m/0hn6d /sports/sports_team/roster./ice_hockey/hockey_roster_position/position /m/02qvl7 0 1 0 1
/m/0jnnx /sports/sports_team/roster./ice_hockey/hockey_roster_position/position /m/02qvl7 0 1 0 1
/m/02fp3 /sports/sports_team/roster./ice_hockey/hockey_roster_position/position /m/02qvzf 0 1 0 0
pca confidence sum
/m/0jnpc /sports/sports_team/roster./ice_hockey/hockey_roster_position/position /m/02qvzf 0 1 0 1
/m/0hn2q /sports/sports_team/roster./ice_hockey/hockey_roster_position/position /m/02qvzf 0 1 0 1
/m/0bszz /sports/sports_team/roster./ice_hockey/hockey_roster_position/position /m/02qvl7 0 1 0 1
/m/0c41y70 /sports/sports_team/roster./ice_hockey/hockey_roster_position/position /m/02qvdc 1 1 0 1
/m/0j5m6 /sports/sports_team/roster./ice_hockey/hockey_roster_position/position /m/02qvdc 1 1 0 1
/m/0j5m6 /sports/sports_team/roster./ice_hockey/hockey_roster_position/position /m/02qvzf 1 1 0 1
/m/0c1gj5 /sports/sports_team/roster./ice_hockey/hockey_roster_position/position /m/02qvgy 0 1 0 1
/m/0jnrk /sports/sports_team/roster./ice_hockey/hockey_roster_position/position /m/02qvdc 1 1 0 1
/m/0jnrk /sports/sports_team/roster./ice_hockey/hockey_roster_position/position /m/02qvl7 1 1 0 1
/m/02r7lqg /sports/sports_team/roster./ice_hockey/hockey_roster_position/position /m/02qvgy 1 1 0 1
/m/02hqt6 /sports/sports_team/roster./ice_hockey/hockey_roster_position/position /m/02qvl7 1 1 0 1
/m/048ldh /sports/sports_team/roster./ice_hockey/hockey_roster_position/position /m/02qvdc 1 1 0 1
/m/04l5d0 /sports/sports_team/roster./ice_hockey/hockey_roster_position/position /m/02qvdc 0 1 0 1
/m/0jnr_ /sports/sports_team/roster./ice_hockey/hockey_roster_position/position /m/02qvl7 0 1 0 1
/m/04l5d0 /sports/sports_team/roster./ice_hockey/hockey_roster_position/position /m/02qvzf 1 1 0 1
/m/0jnr_ /sports/sports_team/roster./ice_hockey/hockey_roster_position/position /m/02qvzf 0 1 0 1
/m/04l57x /sports/sports_team/roster./ice_hockey/hockey_roster_position/position /m/02qvdc 0 1 0 1
/m/0gx159f /sports/sports_team/roster./ice_hockey/hockey_roster_position/position /m/02qvgy 1 1 0 1
/m/0hmt3 /sports/sports_team/roster./ice_hockey/hockey_roster_position/position /m/02qvdc 0 1 0 1
/m/0hn6d /sports/sports_team/roster./ice_hockey/hockey_roster_position/position /m/02qvl7 0 1 0 1
/m/0jnnx /sports/sports_team/roster./ice_hockey/hockey_roster_position/position /m/02qvl7 0 1 0 1
/m/02fp3 /sports/sports_team/roster./ice_hockey/hockey_roster_position/position /m/02qvzf 0 1 0 1
std confidence sum
/m/0jnpc /sports/sports_team/roster./ice_hockey/hockey_roster_position/position /m/02qvzf 0 1 0 1
/m/0hn2q /sports/sports_team/roster./ice_hockey/hockey_roster_position/position /m/02qvzf 0 1 0 1
/m/0bszz /sports/sports_team/roster./ice_hockey/hockey_roster_position/position /m/02qvl7 0 1 0 1
/m/0c41y70 /sports/sports_team/roster./ice_hockey/hockey_roster_position/position /m/02qvdc 1 1 0 1
/m/0j5m6 /sports/sports_team/roster./ice_hockey/hockey_roster_position/position /m/02qvdc 0 1 0 1
/m/0j5m6 /sports/sports_team/roster./ice_hockey/hockey_roster_position/position /m/02qvzf 1 1 0 1
/m/0c1gj5 /sports/sports_team/roster./ice_hockey/hockey_roster_position/position /m/02qvgy 1 1 0 1
/m/0jnrk /sports/sports_team/roster./ice_hockey/hockey_roster_position/position /m/02qvdc 1 1 0 1
/m/0jnrk /sports/sports_team/roster./ice_hockey/hockey_roster_position/position /m/02qvl7 1 1 0 1
/m/02r7lqg /sports/sports_team/roster./ice_hockey/hockey_roster_position/position /m/02qvgy 1 1 0 1
/m/02hqt6 /sports/sports_team/roster./ice_hockey/hockey_roster_position/position /m/02qvl7 0 1 0 1
/m/048ldh /sports/sports_team/roster./ice_hockey/hockey_roster_position/position /m/02qvdc 1 1 0 1
/m/04l5d0 /sports/sports_team/roster./ice_hockey/hockey_roster_position/position /m/02qvdc 0 1 0 1
/m/0jnr_ /sports/sports_team/roster./ice_hockey/hockey_roster_position/position /m/02qvl7 0 1 0 1
/m/04l5d0 /sports/sports_team/roster./ice_hockey/hockey_roster_position/position /m/02qvzf 1 1 0 1
/m/0jnr_ /sports/sports_team/roster./ice_hockey/hockey_roster_position/position /m/02qvzf 0 1 0 1
/m/04l57x /sports/sports_team/roster./ice_hockey/hockey_roster_position/position /m/02qvdc 0 1 0 1
/m/0gx159f /sports/sports_team/roster./ice_hockey/hockey_roster_position/position /m/02qvgy 1 1 0 1
/m/0hmt3 /sports/sports_team/roster./ice_hockey/hockey_roster_position/position /m/02qvdc 0 1 0 1
/m/0hn6d /sports/sports_team/roster./ice_hockey/hockey_roster_position/position /m/02qvl7 0 1 0 1
/m/0jnnx /sports/sports_team/roster./ice_hockey/hockey_roster_position/position /m/02qvl7 0 1 0 1
/m/02fp3 /sports/sports_team/roster./ice_hockey/hockey_roster_position/position /m/02qvzf 0 1 0 1
