pca confidence count
/m/043q4d /tv/non_character_role/tv_regular_personal_appearances./tv/tv_regular_personal_appearance/program /m/050kh5 1 1 0 1
/m/02k13d /tv/non_character_role/tv_regular_personal_appearances./tv/tv_regular_personal_appearance/program /m/01j7mr 1 1 1 1
/m/043q4d /tv/non_character_role/tv_regular_personal_appearances./tv/tv_regular_personal_appearance/program /m/07s8z_l 1 1 1 1
/m/043q4d /tv/non_character_role/tv_regular_personal_appearances./tv/tv_regular_personal_appearance/program /m/03bww6 1 1 1 1
std confidence count
/m/043q4d /tv/non_character_role/tv_regular_personal_appearances./tv/tv_regular_personal_appearance/program /m/050kh5 1 1 0 1
/m/02k13d /tv/non_character_role/tv_regular_personal_appearances./tv/tv_regular_personal_appearance/program /m/01j7mr 1 1 1 1
/m/043q4d /tv/non_character_role/tv_regular_personal_appearances./tv/tv_regular_personal_appearance/program /m/07s8z_l 1 1 1 1
/m/043q4d /tv/non_character_role/tv_regular_personal_appearances./tv/tv_regular_personal_appearance/program /m/03bww6 1 1 1 1
pca confidence sum
/m/043q4d /tv/non_character_role/tv_regular_personal_appearances./tv/tv_regular_personal_appearance/program /m/050kh5 1 1 1 1
/m/02k13d /tv/non_character_role/tv_regular_personal_appearances./tv/tv_regular_personal_appearance/program /m/01j7mr 1 1 1 1
/m/043q4d /tv/non_character_role/tv_regular_personal_appearances./tv/tv_regular_personal_appearance/program /m/07s8z_l 1 1 1 1
/m/043q4d /tv/non_character_role/tv_regular_personal_appearances./tv/tv_regular_personal_appearance/program /m/03bww6 1 1 1 1
std confidence sum
/m/043q4d /tv/non_character_role/tv_regular_personal_appearances./tv/tv_regular_personal_appearance/program /m/050kh5 1 1 1 1
/m/02k13d /tv/non_character_role/tv_regular_personal_appearances./tv/tv_regular_personal_appearance/program /m/01j7mr 1 1 1 1
/m/043q4d /tv/non_character_role/tv_regular_personal_appearances./tv/tv_regular_personal_appearance/program /m/07s8z_l 1 1 1 1
/m/043q4d /tv/non_character_role/tv_regular_personal_appearances./tv/tv_regular_personal_appearance/program /m/03bww6 1 1 1 1
