pca confidence count
/m/0438pz /tv/tv_producer/programs_produced./tv/tv_producer_term/program /m/02sqkh 1 1 0 0
/m/0h27vc /tv/tv_producer/programs_produced./tv/tv_producer_term/program /m/0d68qy 0 1 0 0
/m/06q8hf /tv/tv_producer/programs_produced./tv/tv_producer_term/program /m/05fgr_ 1 1 0 0
/m/0488g9 /tv/tv_producer/programs_produced./tv/tv_producer_term/program /m/05nlzq 1 1 1 1
/m/0dbc1s /tv/tv_producer/programs_produced./tv/tv_producer_term/program /m/01ft14 1 1 0 1
/m/02wk_43 /tv/tv_producer/programs_produced./tv/tv_producer_term/program /m/01s81 1 1 0 0
/m/05ty4m /tv/tv_producer/programs_produced./tv/tv_producer_term/program /m/0124k9 1 1 0 0
/m/026dd2b /tv/tv_producer/programs_produced./tv/tv_producer_term/program /m/01y6dz 1 1 1 1
/m/021yw7 /tv/tv_producer/programs_produced./tv/tv_producer_term/program /m/03y3bp7 1 1 0 0
/m/01p8r8 /tv/tv_producer/programs_produced./tv/tv_producer_term/program /m/099pks 1 1 1 1
/m/07g7h2 /tv/tv_producer/programs_produced./tv/tv_producer_term/program /m/0h3mh3q 1 1 0 0
/m/04pg29 /tv/tv_producer/programs_produced./tv/tv_producer_term/program /m/03ln8b 0 0 0 0
/m/07jrjb /tv/tv_producer/programs_produced./tv/tv_producer_term/program /m/01lv85 1 1 0 0
/m/02kmx6 /tv/tv_producer/programs_produced./tv/tv_producer_term/program /m/0q9nj 1 1 1 1
/m/03wbzp /tv/tv_producer/programs_produced./tv/tv_producer_term/program /m/0g60z 1 1 0 0
/m/0cj2t3 /tv/tv_producer/programs_produced./tv/tv_producer_term/program /m/08jgk1 1 1 0 1
/m/0f721s /tv/tv_producer/programs_produced./tv/tv_producer_term/program /m/07zhjj 1 1 0 0
/m/0pz7h /tv/tv_producer/programs_produced./tv/tv_producer_term/program /m/0d68qy 1 1 1 1
/m/0b4rf3 /tv/tv_producer/programs_produced./tv/tv_producer_term/program /m/06mr2s 1 1 0 0
/m/04pz5c /tv/tv_producer/programs_produced./tv/tv_producer_term/program /m/01ft14 1 1 0 1
/m/02f9wb /tv/tv_producer/programs_produced./tv/tv_producer_term/program /m/0d66j2 1 1 0 0
/m/098n5 /tv/tv_producer/programs_produced./tv/tv_producer_term/program /m/014gjp 1 1 0 0
/m/026dx /tv/tv_producer/programs_produced./tv/tv_producer_term/program /m/07gbf 1 1 0 0
/m/01v80y /tv/tv_producer/programs_produced./tv/tv_producer_term/program /m/024hbv 1 1 0 0
/m/0pqzh /tv/tv_producer/programs_produced./tv/tv_producer_term/program /m/0d_rw 1 1 1 1
/m/06jrhz /tv/tv_producer/programs_produced./tv/tv_producer_term/program /m/0170k0 1 1 1 1
/m/03ktjq /tv/tv_producer/programs_produced./tv/tv_producer_term/program /m/0l76z 0 0 0 0
/m/057d89 /tv/tv_producer/programs_produced./tv/tv_producer_term/program /m/01b65l 1 1 0 1
/m/07b3r9 /tv/tv_producer/programs_produced./tv/tv_producer_term/program /m/01fszq 1 1 0 0
/m/0b1f49 /tv/tv_producer/programs_produced./tv/tv_producer_term/program /m/0124k9 1 1 0 0
/m/03xp8d5 /tv/tv_producer/programs_produced./tv/tv_producer_term/program /m/0kfpm 1 1 0 0
/m/057d89 /tv/tv_producer/programs_produced./tv/tv_producer_term/program /m/01b64v 1 1 0 0
/m/04h68j /tv/tv_producer/programs_produced./tv/tv_producer_term/program /m/07g9f 1 1 0 0
/m/02tn0_ /tv/tv_producer/programs_produced./tv/tv_producer_term/program /m/0l76z 0 0 0 0
/m/04t2l2 /tv/tv_producer/programs_produced./tv/tv_producer_term/program /m/08jgk1 1 1 0 1
/m/0697kh /tv/tv_producer/programs_produced./tv/tv_producer_term/program /m/0828jw 1 1 0 1
/m/01my4f /tv/tv_producer/programs_produced./tv/tv_producer_term/program /m/030p35 1 1 0 0
/m/02wk_43 /tv/tv_producer/programs_produced./tv/tv_producer_term/program /m/0330r 1 1 0 0
/m/03cs_xw /tv/tv_producer/programs_produced./tv/tv_producer_term/program /m/07zhjj 1 1 0 0
/m/07qcbw /tv/tv_producer/programs_produced./tv/tv_producer_term/program /m/0180mw 1 1 0 0
std confidence count
/m/0438pz /tv/tv_producer/programs_produced./tv/tv_producer_term/program /m/02sqkh 1 1 0 1
/m/0h27vc /tv/tv_producer/programs_produced./tv/tv_producer_term/program /m/0d68qy 0 1 0 0
/m/06q8hf /tv/tv_producer/programs_produced./tv/tv_producer_term/program /m/05fgr_ 1 1 0 1
/m/0488g9 /tv/tv_producer/programs_produced./tv/tv_producer_term/program /m/05nlzq 1 1 1 1
/m/0dbc1s /tv/tv_producer/programs_produced./tv/tv_producer_term/program /m/01ft14 1 1 0 1
/m/02wk_43 /tv/tv_producer/programs_produced./tv/tv_producer_term/program /m/01s81 1 1 0 1
/m/05ty4m /tv/tv_producer/programs_produced./tv/tv_producer_term/program /m/0124k9 1 1 0 1
/m/026dd2b /tv/tv_producer/programs_produced./tv/tv_producer_term/program /m/01y6dz 1 1 1 1
/m/021yw7 /tv/tv_producer/programs_produced./tv/tv_producer_term/program /m/03y3bp7 1 1 0 1
/m/01p8r8 /tv/tv_producer/programs_produced./tv/tv_producer_term/program /m/099pks 1 1 1 1
/m/07g7h2 /tv/tv_producer/programs_produced./tv/tv_producer_term/program /m/0h3mh3q 1 1 0 1
/m/04pg29 /tv/tv_producer/programs_produced./tv/tv_producer_term/program /m/03ln8b 1 1 1 1
/m/07jrjb /tv/tv_producer/programs_produced./tv/tv_producer_term/program /m/01lv85 1 1 1 1
/m/02kmx6 /tv/tv_producer/programs_produced./tv/tv_producer_term/program /m/0q9nj 1 1 1 1
/m/03wbzp /tv/tv_producer/programs_produced./tv/tv_producer_term/program /m/0g60z 1 1 1 1
/m/0cj2t3 /tv/tv_producer/programs_produced./tv/tv_producer_term/program /m/08jgk1 0 1 0 1
/m/0f721s /tv/tv_producer/programs_produced./tv/tv_producer_term/program /m/07zhjj 1 1 0 1
/m/0pz7h /tv/tv_producer/programs_produced./tv/tv_producer_term/program /m/0d68qy 0 1 0 0
/m/0b4rf3 /tv/tv_producer/programs_produced./tv/tv_producer_term/program /m/06mr2s 1 1 0 1
/m/04pz5c /tv/tv_producer/programs_produced./tv/tv_producer_term/program /m/01ft14 1 1 0 1
/m/02f9wb /tv/tv_producer/programs_produced./tv/tv_producer_term/program /m/0d66j2 1 1 1 1
/m/098n5 /tv/tv_producer/programs_produced./tv/tv_producer_term/program /m/014gjp 1 1 1 1
/m/026dx /tv/tv_producer/programs_produced./tv/tv_producer_term/program /m/07gbf 1 1 1 1
/m/01v80y /tv/tv_producer/programs_produced./tv/tv_producer_term/program /m/024hbv 1 1 1 1
/m/0pqzh /tv/tv_producer/programs_produced./tv/tv_producer_term/program /m/0d_rw 1 1 1 1
/m/06jrhz /tv/tv_producer/programs_produced./tv/tv_producer_term/program /m/0170k0 1 1 1 1
/m/03ktjq /tv/tv_producer/programs_produced./tv/tv_producer_term/program /m/0l76z 0 0 0 0
/m/057d89 /tv/tv_producer/programs_produced./tv/tv_producer_term/program /m/01b65l 1 1 1 1
/m/07b3r9 /tv/tv_producer/programs_produced./tv/tv_producer_term/program /m/01fszq 1 1 1 1
/m/0b1f49 /tv/tv_producer/programs_produced./tv/tv_producer_term/program /m/0124k9 1 1 0 1
/m/03xp8d5 /tv/tv_producer/programs_produced./tv/tv_producer_term/program /m/0kfpm 1 1 1 1
/m/057d89 /tv/tv_producer/programs_produced./tv/tv_producer_term/program /m/01b64v 1 1 0 1
/m/04h68j /tv/tv_producer/programs_produced./tv/tv_producer_term/program /m/07g9f 1 1 0 1
/m/02tn0_ /tv/tv_producer/programs_produced./tv/tv_producer_term/program /m/0l76z 1 1 0 1
/m/04t2l2 /tv/tv_producer/programs_produced./tv/tv_producer_term/program /m/08jgk1 1 1 0 1
/m/0697kh /tv/tv_producer/programs_produced./tv/tv_producer_term/program /m/0828jw 1 1 0 1
/m/01my4f /tv/tv_producer/programs_produced./tv/tv_producer_term/program /m/030p35 1 1 1 1
/m/02wk_43 /tv/tv_producer/programs_produced./tv/tv_producer_term/program /m/0330r 1 1 0 1
/m/03cs_xw /tv/tv_producer/programs_produced./tv/tv_producer_term/program /m/07zhjj 1 1 1 1
/m/07qcbw /tv/tv_producer/programs_produced./tv/tv_producer_term/program /m/0180mw 1 1 0 1
pca confidence sum
/m/0438pz /tv/tv_producer/programs_produced./tv/tv_producer_term/program /m/02sqkh 1 1 1 1
/m/0h27vc /tv/tv_producer/programs_produced./tv/tv_producer_term/program /m/0d68qy 0 1 0 0
/m/06q8hf /tv/tv_producer/programs_produced./tv/tv_producer_term/program /m/05fgr_ 1 1 0 1
/m/0488g9 /tv/tv_producer/programs_produced./tv/tv_producer_term/program /m/05nlzq 1 1 0 0
/m/0dbc1s /tv/tv_producer/programs_produced./tv/tv_producer_term/program /m/01ft14 1 1 0 1
/m/02wk_43 /tv/tv_producer/programs_produced./tv/tv_producer_term/program /m/01s81 1 1 0 1
/m/05ty4m /tv/tv_producer/programs_produced./tv/tv_producer_term/program /m/0124k9 1 1 0 0
/m/026dd2b /tv/tv_producer/programs_produced./tv/tv_producer_term/program /m/01y6dz 1 1 0 0
/m/021yw7 /tv/tv_producer/programs_produced./tv/tv_producer_term/program /m/03y3bp7 1 1 1 1
/m/01p8r8 /tv/tv_producer/programs_produced./tv/tv_producer_term/program /m/099pks 1 1 1 1
/m/07g7h2 /tv/tv_producer/programs_produced./tv/tv_producer_term/program /m/0h3mh3q 1 1 0 1
/m/04pg29 /tv/tv_producer/programs_produced./tv/tv_producer_term/program /m/03ln8b 1 1 1 1
/m/07jrjb /tv/tv_producer/programs_produced./tv/tv_producer_term/program /m/01lv85 1 1 0 0
/m/02kmx6 /tv/tv_producer/programs_produced./tv/tv_producer_term/program /m/0q9nj 1 1 1 1
/m/03wbzp /tv/tv_producer/programs_produced./tv/tv_producer_term/program /m/0g60z 1 1 0 0
/m/0cj2t3 /tv/tv_producer/programs_produced./tv/tv_producer_term/program /m/08jgk1 0 1 0 1
/m/0f721s /tv/tv_producer/programs_produced./tv/tv_producer_term/program /m/07zhjj 1 1 0 0
/m/0pz7h /tv/tv_producer/programs_produced./tv/tv_producer_term/program /m/0d68qy 1 1 1 1
/m/0b4rf3 /tv/tv_producer/programs_produced./tv/tv_producer_term/program /m/06mr2s 1 1 1 1
/m/04pz5c /tv/tv_producer/programs_produced./tv/tv_producer_term/program /m/01ft14 1 1 0 0
/m/02f9wb /tv/tv_producer/programs_produced./tv/tv_producer_term/program /m/0d66j2 0 0 0 0
/m/098n5 /tv/tv_producer/programs_produced./tv/tv_producer_term/program /m/014gjp 1 1 1 1
/m/026dx /tv/tv_producer/programs_produced./tv/tv_producer_term/program /m/07gbf 1 1 1 1
/m/01v80y /tv/tv_producer/programs_produced./tv/tv_producer_term/program /m/024hbv 1 1 0 0
/m/0pqzh /tv/tv_producer/programs_produced./tv/tv_producer_term/program /m/0d_rw 1 1 1 1
/m/06jrhz /tv/tv_producer/programs_produced./tv/tv_producer_term/program /m/0170k0 1 1 1 1
/m/03ktjq /tv/tv_producer/programs_produced./tv/tv_producer_term/program /m/0l76z 0 0 0 0
/m/057d89 /tv/tv_producer/programs_produced./tv/tv_producer_term/program /m/01b65l 1 1 0 0
/m/07b3r9 /tv/tv_producer/programs_produced./tv/tv_producer_term/program /m/01fszq 1 1 0 0
/m/0b1f49 /tv/tv_producer/programs_produced./tv/tv_producer_term/program /m/0124k9 1 1 0 0
/m/03xp8d5 /tv/tv_producer/programs_produced./tv/tv_producer_term/program /m/0kfpm 1 1 1 1
/m/057d89 /tv/tv_producer/programs_produced./tv/tv_producer_term/program /m/01b64v 1 1 0 0
/m/04h68j /tv/tv_producer/programs_produced./tv/tv_producer_term/program /m/07g9f 1 1 0 0
/m/02tn0_ /tv/tv_producer/programs_produced./tv/tv_producer_term/program /m/0l76z 0 1 0 0
/m/04t2l2 /tv/tv_producer/programs_produced./tv/tv_producer_term/program /m/08jgk1 1 1 0 1
/m/0697kh /tv/tv_producer/programs_produced./tv/tv_producer_term/program /m/0828jw 1 1 0 1
/m/01my4f /tv/tv_producer/programs_produced./tv/tv_producer_term/program /m/030p35 1 1 0 0
/m/02wk_43 /tv/tv_producer/programs_produced./tv/tv_producer_term/program /m/0330r 1 1 0 0
/m/03cs_xw /tv/tv_producer/programs_produced./tv/tv_producer_term/program /m/07zhjj 1 1 0 0
/m/07qcbw /tv/tv_producer/programs_produced./tv/tv_producer_term/program /m/0180mw 1 1 0 0
std confidence sum
/m/0438pz /tv/tv_producer/programs_produced./tv/tv_producer_term/program /m/02sqkh 1 1 1 1
/m/0h27vc /tv/tv_producer/programs_produced./tv/tv_producer_term/program /m/0d68qy 0 1 0 0
/m/06q8hf /tv/tv_producer/programs_produced./tv/tv_producer_term/program /m/05fgr_ 1 1 0 0
/m/0488g9 /tv/tv_producer/programs_produced./tv/tv_producer_term/program /m/05nlzq 1 1 0 1
/m/0dbc1s /tv/tv_producer/programs_produced./tv/tv_producer_term/program /m/01ft14 1 1 0 1
/m/02wk_43 /tv/tv_producer/programs_produced./tv/tv_producer_term/program /m/01s81 1 1 0 1
/m/05ty4m /tv/tv_producer/programs_produced./tv/tv_producer_term/program /m/0124k9 1 1 0 1
/m/026dd2b /tv/tv_producer/programs_produced./tv/tv_producer_term/program /m/01y6dz 1 1 0 0
/m/021yw7 /tv/tv_producer/programs_produced./tv/tv_producer_term/program /m/03y3bp7 1 1 1 1
/m/01p8r8 /tv/tv_producer/programs_produced./tv/tv_producer_term/program /m/099pks 1 1 1 1
/m/07g7h2 /tv/tv_producer/programs_produced./tv/tv_producer_term/program /m/0h3mh3q 1 1 0 1
/m/04pg29 /tv/tv_producer/programs_produced./tv/tv_producer_term/program /m/03ln8b 1 1 1 1
/m/07jrjb /tv/tv_producer/programs_produced./tv/tv_producer_term/program /m/01lv85 1 1 1 1
/m/02kmx6 /tv/tv_producer/programs_produced./tv/tv_producer_term/program /m/0q9nj 1 1 1 1
/m/03wbzp /tv/tv_producer/programs_produced./tv/tv_producer_term/program /m/0g60z 1 1 0 1
/m/0cj2t3 /tv/tv_producer/programs_produced./tv/tv_producer_term/program /m/08jgk1 0 1 0 1
/m/0f721s /tv/tv_producer/programs_produced./tv/tv_producer_term/program /m/07zhjj 1 1 0 0
/m/0pz7h /tv/tv_producer/programs_produced./tv/tv_producer_term/program /m/0d68qy 1 1 1 1
/m/0b4rf3 /tv/tv_producer/programs_produced./tv/tv_producer_term/program /m/06mr2s 1 1 0 1
/m/04pz5c /tv/tv_producer/programs_produced./tv/tv_producer_term/program /m/01ft14 1 1 0 1
/m/02f9wb /tv/tv_producer/programs_produced./tv/tv_producer_term/program /m/0d66j2 1 1 0 0
/m/098n5 /tv/tv_producer/programs_produced./tv/tv_producer_term/program /m/014gjp 1 1 1 1
/m/026dx /tv/tv_producer/programs_produced./tv/tv_producer_term/program /m/07gbf 1 1 1 1
/m/01v80y /tv/tv_producer/programs_produced./tv/tv_producer_term/program /m/024hbv 1 1 1 1
/m/0pqzh /tv/tv_producer/programs_produced./tv/tv_producer_term/program /m/0d_rw 1 1 1 1
/m/06jrhz /tv/tv_producer/programs_produced./tv/tv_producer_term/program /m/0170k0 1 1 1 1
/m/03ktjq /tv/tv_producer/programs_produced./tv/tv_producer_term/program /m/0l76z 0 0 0 0
/m/057d89 /tv/tv_producer/programs_produced./tv/tv_producer_term/program /m/01b65l 1 1 1 1
/m/07b3r9 /tv/tv_producer/programs_produced./tv/tv_producer_term/program /m/01fszq 1 1 1 1
/m/0b1f49 /tv/tv_producer/programs_produced./tv/tv_producer_term/program /m/0124k9 1 1 0 1
/m/03xp8d5 /tv/tv_producer/programs_produced./tv/tv_producer_term/program /m/0kfpm 1 1 1 1
/m/057d89 /tv/tv_producer/programs_produced./tv/tv_producer_term/program /m/01b64v 1 1 1 1
/m/04h68j /tv/tv_producer/programs_produced./tv/tv_producer_term/program /m/07g9f 1 1 0 1
/m/02tn0_ /tv/tv_producer/programs_produced./tv/tv_producer_term/program /m/0l76z 1 1 0 0
/m/04t2l2 /tv/tv_producer/programs_produced./tv/tv_producer_term/program /m/08jgk1 1 1 0 1
/m/0697kh /tv/tv_producer/programs_produced./tv/tv_producer_term/program /m/0828jw 1 1 0 1
/m/01my4f /tv/tv_producer/programs_produced./tv/tv_producer_term/program /m/030p35 1 1 1 1
/m/02wk_43 /tv/tv_producer/programs_produced./tv/tv_producer_term/program /m/0330r 1 1 0 1
/m/03cs_xw /tv/tv_producer/programs_produced./tv/tv_producer_term/program /m/07zhjj 1 1 0 1
/m/07qcbw /tv/tv_producer/programs_produced./tv/tv_producer_term/program /m/0180mw 1 1 0 1
