pca confidence count
/m/05sy0cv /tv/tv_program/tv_producer./tv/tv_producer_term/producer_type /m/0ckd1 0 0 0 0
/m/01h72l /tv/tv_program/tv_producer./tv/tv_producer_term/producer_type /m/0ckd1 0 1 0 1
/m/0hz55 /tv/tv_program/tv_producer./tv/tv_producer_term/producer_type /m/0ckd1 0 1 0 1
/m/02qfh /tv/tv_program/tv_producer./tv/tv_producer_term/producer_type /m/0ckd1 0 0 0 0
/m/08jgk1 /tv/tv_program/tv_producer./tv/tv_producer_term/producer_type /m/0ckd1 0 1 0 1
/m/07vqnc /tv/tv_program/tv_producer./tv/tv_producer_term/producer_type /m/0ckd1 0 0 0 0
/m/043qqt5 /tv/tv_program/tv_producer./tv/tv_producer_term/producer_type /m/0ckd1 0 0 0 0
/m/02rlj20 /tv/tv_program/tv_producer./tv/tv_producer_term/producer_type /m/0ckd1 0 0 0 0
/m/039cq4 /tv/tv_program/tv_producer./tv/tv_producer_term/producer_type /m/0ckd1 0 1 0 1
/m/02k_4g /tv/tv_program/tv_producer./tv/tv_producer_term/producer_type /m/0ckd1 0 1 0 1
/m/02_1q9 /tv/tv_program/tv_producer./tv/tv_producer_term/producer_type /m/0ckd1 0 1 0 1
std confidence count
/m/05sy0cv /tv/tv_program/tv_producer./tv/tv_producer_term/producer_type /m/0ckd1 0 1 0 0
/m/01h72l /tv/tv_program/tv_producer./tv/tv_producer_term/producer_type /m/0ckd1 0 0 0 0
/m/0hz55 /tv/tv_program/tv_producer./tv/tv_producer_term/producer_type /m/0ckd1 0 1 0 1
/m/02qfh /tv/tv_program/tv_producer./tv/tv_producer_term/producer_type /m/0ckd1 0 0 0 0
/m/08jgk1 /tv/tv_program/tv_producer./tv/tv_producer_term/producer_type /m/0ckd1 0 0 0 0
/m/07vqnc /tv/tv_program/tv_producer./tv/tv_producer_term/producer_type /m/0ckd1 0 0 0 0
/m/043qqt5 /tv/tv_program/tv_producer./tv/tv_producer_term/producer_type /m/0ckd1 0 0 0 0
/m/02rlj20 /tv/tv_program/tv_producer./tv/tv_producer_term/producer_type /m/0ckd1 0 0 0 0
/m/039cq4 /tv/tv_program/tv_producer./tv/tv_producer_term/producer_type /m/0ckd1 0 0 0 0
/m/02k_4g /tv/tv_program/tv_producer./tv/tv_producer_term/producer_type /m/0ckd1 0 1 0 1
/m/02_1q9 /tv/tv_program/tv_producer./tv/tv_producer_term/producer_type /m/0ckd1 0 1 0 0
pca confidence sum
/m/05sy0cv /tv/tv_program/tv_producer./tv/tv_producer_term/producer_type /m/0ckd1 0 0 0 0
/m/01h72l /tv/tv_program/tv_producer./tv/tv_producer_term/producer_type /m/0ckd1 0 1 0 1
/m/0hz55 /tv/tv_program/tv_producer./tv/tv_producer_term/producer_type /m/0ckd1 0 1 0 1
/m/02qfh /tv/tv_program/tv_producer./tv/tv_producer_term/producer_type /m/0ckd1 0 0 0 0
/m/08jgk1 /tv/tv_program/tv_producer./tv/tv_producer_term/producer_type /m/0ckd1 0 1 0 1
/m/07vqnc /tv/tv_program/tv_producer./tv/tv_producer_term/producer_type /m/0ckd1 0 0 0 0
/m/043qqt5 /tv/tv_program/tv_producer./tv/tv_producer_term/producer_type /m/0ckd1 0 0 0 0
/m/02rlj20 /tv/tv_program/tv_producer./tv/tv_producer_term/producer_type /m/0ckd1 0 0 0 0
/m/039cq4 /tv/tv_program/tv_producer./tv/tv_producer_term/producer_type /m/0ckd1 0 1 0 1
/m/02k_4g /tv/tv_program/tv_producer./tv/tv_producer_term/producer_type /m/0ckd1 0 1 0 1
/m/02_1q9 /tv/tv_program/tv_producer./tv/tv_producer_term/producer_type /m/0ckd1 0 1 0 1
std confidence sum
/m/05sy0cv /tv/tv_program/tv_producer./tv/tv_producer_term/producer_type /m/0ckd1 0 0 0 0
/m/01h72l /tv/tv_program/tv_producer./tv/tv_producer_term/producer_type /m/0ckd1 0 1 0 0
/m/0hz55 /tv/tv_program/tv_producer./tv/tv_producer_term/producer_type /m/0ckd1 0 1 0 1
/m/02qfh /tv/tv_program/tv_producer./tv/tv_producer_term/producer_type /m/0ckd1 0 0 0 0
/m/08jgk1 /tv/tv_program/tv_producer./tv/tv_producer_term/producer_type /m/0ckd1 0 1 0 1
/m/07vqnc /tv/tv_program/tv_producer./tv/tv_producer_term/producer_type /m/0ckd1 0 0 0 0
/m/043qqt5 /tv/tv_program/tv_producer./tv/tv_producer_term/producer_type /m/0ckd1 0 0 0 0
/m/02rlj20 /tv/tv_program/tv_producer./tv/tv_producer_term/producer_type /m/0ckd1 0 0 0 0
/m/039cq4 /tv/tv_program/tv_producer./tv/tv_producer_term/producer_type /m/0ckd1 0 1 0 1
/m/02k_4g /tv/tv_program/tv_producer./tv/tv_producer_term/producer_type /m/0ckd1 0 1 0 1
/m/02_1q9 /tv/tv_program/tv_producer./tv/tv_producer_term/producer_type /m/0ckd1 0 1 0 1
