pca confidence count
/m/0275_pj /tv/tv_writer/tv_programs./tv/tv_program_writer_relationship/tv_program /m/01b66t 1 1 0 1
/m/0brkwj /tv/tv_writer/tv_programs./tv/tv_program_writer_relationship/tv_program /m/0cskb 1 1 0 1
/m/01wyy_ /tv/tv_writer/tv_programs./tv/tv_program_writer_relationship/tv_program /m/06k176 1 1 1 1
/m/08chdb /tv/tv_writer/tv_programs./tv/tv_program_writer_relationship/tv_program /m/01b66d 0 1 0 1
/m/0821j /tv/tv_writer/tv_programs./tv/tv_program_writer_relationship/tv_program /m/07g9f 0 0 0 0
/m/01svq8 /tv/tv_writer/tv_programs./tv/tv_program_writer_relationship/tv_program /m/039cq4 0 0 0 0
/m/0d9_96 /tv/tv_writer/tv_programs./tv/tv_program_writer_relationship/tv_program /m/019nnl 1 1 0 0
/m/023jq1 /tv/tv_writer/tv_programs./tv/tv_program_writer_relationship/tv_program /m/08cx5g 1 1 0 0
/m/0pz7h /tv/tv_writer/tv_programs./tv/tv_program_writer_relationship/tv_program /m/0d68qy 0 0 0 0
/m/0fxky3 /tv/tv_writer/tv_programs./tv/tv_program_writer_relationship/tv_program /m/01ft14 1 1 0 0
/m/063lqs /tv/tv_writer/tv_programs./tv/tv_program_writer_relationship/tv_program /m/01b64v 1 1 0 1
/m/059j4x /tv/tv_writer/tv_programs./tv/tv_program_writer_relationship/tv_program /m/0fhzwl 1 1 1 1
/m/0d7hg4 /tv/tv_writer/tv_programs./tv/tv_program_writer_relationship/tv_program /m/0828jw 1 1 0 0
/m/0cp9f9 /tv/tv_writer/tv_programs./tv/tv_program_writer_relationship/tv_program /m/02rzdcp 1 1 0 0
/m/02cm2m /tv/tv_writer/tv_programs./tv/tv_program_writer_relationship/tv_program /m/06y_n 1 1 0 1
/m/03ckxdg /tv/tv_writer/tv_programs./tv/tv_program_writer_relationship/tv_program /m/0gj50 1 1 0 1
/m/021bk /tv/tv_writer/tv_programs./tv/tv_program_writer_relationship/tv_program /m/039cq4 0 0 0 0
/m/01y8d4 /tv/tv_writer/tv_programs./tv/tv_program_writer_relationship/tv_program /m/03g9xj 1 1 0 1
/m/0693l /tv/tv_writer/tv_programs./tv/tv_program_writer_relationship/tv_program /m/01kt_j 1 1 1 1
/m/050023 /tv/tv_writer/tv_programs./tv/tv_program_writer_relationship/tv_program /m/0phrl 1 1 0 1
/m/0275_pj /tv/tv_writer/tv_programs./tv/tv_program_writer_relationship/tv_program /m/01b66d 1 1 0 1
/m/026n9h3 /tv/tv_writer/tv_programs./tv/tv_program_writer_relationship/tv_program /m/02_1kl 1 1 1 1
/m/0bqs56 /tv/tv_writer/tv_programs./tv/tv_program_writer_relationship/tv_program /m/039cq4 0 0 0 0
/m/070m12 /tv/tv_writer/tv_programs./tv/tv_program_writer_relationship/tv_program /m/01b66t 0 1 0 0
/m/0bc71w /tv/tv_writer/tv_programs./tv/tv_program_writer_relationship/tv_program /m/0cwrr 1 1 0 1
/m/06brp0 /tv/tv_writer/tv_programs./tv/tv_program_writer_relationship/tv_program /m/02hct1 1 1 0 0
/m/03772 /tv/tv_writer/tv_programs./tv/tv_program_writer_relationship/tv_program /m/0524b41 1 1 0 0
/m/0b05xm /tv/tv_writer/tv_programs./tv/tv_program_writer_relationship/tv_program /m/07g9f 1 1 0 0
/m/03clrng /tv/tv_writer/tv_programs./tv/tv_program_writer_relationship/tv_program /m/0gj50 1 1 0 1
/m/02_2v2 /tv/tv_writer/tv_programs./tv/tv_program_writer_relationship/tv_program /m/0gj50 1 1 1 1
/m/06jnvs /tv/tv_writer/tv_programs./tv/tv_program_writer_relationship/tv_program /m/039cq4 0 0 0 0
/m/027xbpw /tv/tv_writer/tv_programs./tv/tv_program_writer_relationship/tv_program /m/019nnl 1 1 0 1
/m/067xw /tv/tv_writer/tv_programs./tv/tv_program_writer_relationship/tv_program /m/01j95 1 1 0 1
/m/026n6cs /tv/tv_writer/tv_programs./tv/tv_program_writer_relationship/tv_program /m/01y6dz 1 1 0 1
/m/03cws8h /tv/tv_writer/tv_programs./tv/tv_program_writer_relationship/tv_program /m/05zr0xl 1 1 0 1
/m/04m_zp /tv/tv_writer/tv_programs./tv/tv_program_writer_relationship/tv_program /m/015g28 0 0 0 0
/m/0p_2r /tv/tv_writer/tv_programs./tv/tv_program_writer_relationship/tv_program /m/039cq4 1 1 0 1
std confidence count
/m/0275_pj /tv/tv_writer/tv_programs./tv/tv_program_writer_relationship/tv_program /m/01b66t 1 1 0 1
/m/0brkwj /tv/tv_writer/tv_programs./tv/tv_program_writer_relationship/tv_program /m/0cskb 1 1 0 1
/m/01wyy_ /tv/tv_writer/tv_programs./tv/tv_program_writer_relationship/tv_program /m/06k176 1 1 1 1
/m/08chdb /tv/tv_writer/tv_programs./tv/tv_program_writer_relationship/tv_program /m/01b66d 0 1 0 1
/m/0821j /tv/tv_writer/tv_programs./tv/tv_program_writer_relationship/tv_program /m/07g9f 1 1 0 1
/m/01svq8 /tv/tv_writer/tv_programs./tv/tv_program_writer_relationship/tv_program /m/039cq4 0 1 0 1
/m/0d9_96 /tv/tv_writer/tv_programs./tv/tv_program_writer_relationship/tv_program /m/019nnl 1 1 0 1
/m/023jq1 /tv/tv_writer/tv_programs./tv/tv_program_writer_relationship/tv_program /m/08cx5g 1 1 1 1
/m/0pz7h /tv/tv_writer/tv_programs./tv/tv_program_writer_relationship/tv_program /m/0d68qy 1 1 1 1
/m/0fxky3 /tv/tv_writer/tv_programs./tv/tv_program_writer_relationship/tv_program /m/01ft14 1 1 0 1
/m/063lqs /tv/tv_writer/tv_programs./tv/tv_program_writer_relationship/tv_program /m/01b64v 1 1 0 1
/m/059j4x /tv/tv_writer/tv_programs./tv/tv_program_writer_relationship/tv_program /m/0fhzwl 1 1 1 1
/m/0d7hg4 /tv/tv_writer/tv_programs./tv/tv_program_writer_relationship/tv_program /m/0828jw 1 1 0 1
/m/0cp9f9 /tv/tv_writer/tv_programs./tv/tv_program_writer_relationship/tv_program /m/02rzdcp 1 1 0 1
/m/02cm2m /tv/tv_writer/tv_programs./tv/tv_program_writer_relationship/tv_program /m/06y_n 1 1 0 1
/m/03ckxdg /tv/tv_writer/tv_programs./tv/tv_program_writer_relationship/tv_program /m/0gj50 1 1 0 1
/m/021bk /tv/tv_writer/tv_programs./tv/tv_program_writer_relationship/tv_program /m/039cq4 0 1 0 1
/m/01y8d4 /tv/tv_writer/tv_programs./tv/tv_program_writer_relationship/tv_program /m/03g9xj 1 1 0 1
/m/0693l /tv/tv_writer/tv_programs./tv/tv_program_writer_relationship/tv_program /m/01kt_j 1 1 1 1
/m/050023 /tv/tv_writer/tv_programs./tv/tv_program_writer_relationship/tv_program /m/0phrl 1 1 0 1
/m/0275_pj /tv/tv_writer/tv_programs./tv/tv_program_writer_relationship/tv_program /m/01b66d 1 1 0 1
/m/026n9h3 /tv/tv_writer/tv_programs./tv/tv_program_writer_relationship/tv_program /m/02_1kl 1 1 1 1
/m/0bqs56 /tv/tv_writer/tv_programs./tv/tv_program_writer_relationship/tv_program /m/039cq4 0 1 0 1
/m/070m12 /tv/tv_writer/tv_programs./tv/tv_program_writer_relationship/tv_program /m/01b66t 0 1 0 0
/m/0bc71w /tv/tv_writer/tv_programs./tv/tv_program_writer_relationship/tv_program /m/0cwrr 1 1 0 1
/m/06brp0 /tv/tv_writer/tv_programs./tv/tv_program_writer_relationship/tv_program /m/02hct1 1 1 0 0
/m/03772 /tv/tv_writer/tv_programs./tv/tv_program_writer_relationship/tv_program /m/0524b41 1 1 1 1
/m/0b05xm /tv/tv_writer/tv_programs./tv/tv_program_writer_relationship/tv_program /m/07g9f 1 1 0 1
/m/03clrng /tv/tv_writer/tv_programs./tv/tv_program_writer_relationship/tv_program /m/0gj50 1 1 0 1
/m/02_2v2 /tv/tv_writer/tv_programs./tv/tv_program_writer_relationship/tv_program /m/0gj50 1 1 0 1
/m/06jnvs /tv/tv_writer/tv_programs./tv/tv_program_writer_relationship/tv_program /m/039cq4 0 1 0 1
/m/027xbpw /tv/tv_writer/tv_programs./tv/tv_program_writer_relationship/tv_program /m/019nnl 1 1 0 1
/m/067xw /tv/tv_writer/tv_programs./tv/tv_program_writer_relationship/tv_program /m/01j95 1 1 0 1
/m/026n6cs /tv/tv_writer/tv_programs./tv/tv_program_writer_relationship/tv_program /m/01y6dz 1 1 0 1
/m/03cws8h /tv/tv_writer/tv_programs./tv/tv_program_writer_relationship/tv_program /m/05zr0xl 1 1 0 1
/m/04m_zp /tv/tv_writer/tv_programs./tv/tv_program_writer_relationship/tv_program /m/015g28 1 1 0 0
/m/0p_2r /tv/tv_writer/tv_programs./tv/tv_program_writer_relationship/tv_program /m/039cq4 1 1 0 1
pca confidence sum
/m/0275_pj /tv/tv_writer/tv_programs./tv/tv_program_writer_relationship/tv_program /m/01b66t 0 1 0 1
/m/0brkwj /tv/tv_writer/tv_programs./tv/tv_program_writer_relationship/tv_program /m/0cskb 0 0 0 0
/m/01wyy_ /tv/tv_writer/tv_programs./tv/tv_program_writer_relationship/tv_program /m/06k176 1 1 1 1
/m/08chdb /tv/tv_writer/tv_programs./tv/tv_program_writer_relationship/tv_program /m/01b66d 0 1 0 0
/m/0821j /tv/tv_writer/tv_programs./tv/tv_program_writer_relationship/tv_program /m/07g9f 0 0 0 0
/m/01svq8 /tv/tv_writer/tv_programs./tv/tv_program_writer_relationship/tv_program /m/039cq4 0 0 0 0
/m/0d9_96 /tv/tv_writer/tv_programs./tv/tv_program_writer_relationship/tv_program /m/019nnl 1 1 0 1
/m/023jq1 /tv/tv_writer/tv_programs./tv/tv_program_writer_relationship/tv_program /m/08cx5g 1 1 0 0
/m/0pz7h /tv/tv_writer/tv_programs./tv/tv_program_writer_relationship/tv_program /m/0d68qy 1 1 1 1
/m/0fxky3 /tv/tv_writer/tv_programs./tv/tv_program_writer_relationship/tv_program /m/01ft14 1 1 0 0
/m/063lqs /tv/tv_writer/tv_programs./tv/tv_program_writer_relationship/tv_program /m/01b64v 1 1 0 0
/m/059j4x /tv/tv_writer/tv_programs./tv/tv_program_writer_relationship/tv_program /m/0fhzwl 1 1 0 0
/m/0d7hg4 /tv/tv_writer/tv_programs./tv/tv_program_writer_relationship/tv_program /m/0828jw 1 1 0 0
/m/0cp9f9 /tv/tv_writer/tv_programs./tv/tv_program_writer_relationship/tv_program /m/02rzdcp 1 1 0 1
/m/02cm2m /tv/tv_writer/tv_programs./tv/tv_program_writer_relationship/tv_program /m/06y_n 1 1 0 0
/m/03ckxdg /tv/tv_writer/tv_programs./tv/tv_program_writer_relationship/tv_program /m/0gj50 0 1 0 0
/m/021bk /tv/tv_writer/tv_programs./tv/tv_program_writer_relationship/tv_program /m/039cq4 0 0 0 0
/m/01y8d4 /tv/tv_writer/tv_programs./tv/tv_program_writer_relationship/tv_program /m/03g9xj 1 1 0 1
/m/0693l /tv/tv_writer/tv_programs./tv/tv_program_writer_relationship/tv_program /m/01kt_j 1 1 0 0
/m/050023 /tv/tv_writer/tv_programs./tv/tv_program_writer_relationship/tv_program /m/0phrl 1 1 0 1
/m/0275_pj /tv/tv_writer/tv_programs./tv/tv_program_writer_relationship/tv_program /m/01b66d 1 1 0 0
/m/026n9h3 /tv/tv_writer/tv_programs./tv/tv_program_writer_relationship/tv_program /m/02_1kl 0 0 0 0
/m/0bqs56 /tv/tv_writer/tv_programs./tv/tv_program_writer_relationship/tv_program /m/039cq4 0 0 0 0
/m/070m12 /tv/tv_writer/tv_programs./tv/tv_program_writer_relationship/tv_program /m/01b66t 0 1 0 0
/m/0bc71w /tv/tv_writer/tv_programs./tv/tv_program_writer_relationship/tv_program /m/0cwrr 1 1 0 1
/m/06brp0 /tv/tv_writer/tv_programs./tv/tv_program_writer_relationship/tv_program /m/02hct1 1 1 0 0
/m/03772 /tv/tv_writer/tv_programs./tv/tv_program_writer_relationship/tv_program /m/0524b41 1 1 1 1
/m/0b05xm /tv/tv_writer/tv_programs./tv/tv_program_writer_relationship/tv_program /m/07g9f 1 1 0 0
/m/03clrng /tv/tv_writer/tv_programs./tv/tv_program_writer_relationship/tv_program /m/0gj50 1 1 0 1
/m/02_2v2 /tv/tv_writer/tv_programs./tv/tv_program_writer_relationship/tv_program /m/0gj50 1 1 0 1
/m/06jnvs /tv/tv_writer/tv_programs./tv/tv_program_writer_relationship/tv_program /m/039cq4 0 0 0 0
/m/027xbpw /tv/tv_writer/tv_programs./tv/tv_program_writer_relationship/tv_program /m/019nnl 1 1 0 1
/m/067xw /tv/tv_writer/tv_programs./tv/tv_program_writer_relationship/tv_program /m/01j95 1 1 0 1
/m/026n6cs /tv/tv_writer/tv_programs./tv/tv_program_writer_relationship/tv_program /m/01y6dz 0 1 0 0
/m/03cws8h /tv/tv_writer/tv_programs./tv/tv_program_writer_relationship/tv_program /m/05zr0xl 1 1 0 1
/m/04m_zp /tv/tv_writer/tv_programs./tv/tv_program_writer_relationship/tv_program /m/015g28 1 1 0 0
/m/0p_2r /tv/tv_writer/tv_programs./tv/tv_program_writer_relationship/tv_program /m/039cq4 1 1 0 0
std confidence sum
/m/0275_pj /tv/tv_writer/tv_programs./tv/tv_program_writer_relationship/tv_program /m/01b66t 0 1 0 0
/m/0brkwj /tv/tv_writer/tv_programs./tv/tv_program_writer_relationship/tv_program /m/0cskb 1 1 0 0
/m/01wyy_ /tv/tv_writer/tv_programs./tv/tv_program_writer_relationship/tv_program /m/06k176 1 1 1 1
/m/08chdb /tv/tv_writer/tv_programs./tv/tv_program_writer_relationship/tv_program /m/01b66d 0 0 0 0
/m/0821j /tv/tv_writer/tv_programs./tv/tv_program_writer_relationship/tv_program /m/07g9f 0 1 0 0
/m/01svq8 /tv/tv_writer/tv_programs./tv/tv_program_writer_relationship/tv_program /m/039cq4 0 0 0 0
/m/0d9_96 /tv/tv_writer/tv_programs./tv/tv_program_writer_relationship/tv_program /m/019nnl 1 1 0 1
/m/023jq1 /tv/tv_writer/tv_programs./tv/tv_program_writer_relationship/tv_program /m/08cx5g 1 1 1 1
/m/0pz7h /tv/tv_writer/tv_programs./tv/tv_program_writer_relationship/tv_program /m/0d68qy 1 1 0 1
/m/0fxky3 /tv/tv_writer/tv_programs./tv/tv_program_writer_relationship/tv_program /m/01ft14 1 1 0 1
/m/063lqs /tv/tv_writer/tv_programs./tv/tv_program_writer_relationship/tv_program /m/01b64v 1 1 0 0
/m/059j4x /tv/tv_writer/tv_programs./tv/tv_program_writer_relationship/tv_program /m/0fhzwl 1 1 1 1
/m/0d7hg4 /tv/tv_writer/tv_programs./tv/tv_program_writer_relationship/tv_program /m/0828jw 1 1 0 1
/m/0cp9f9 /tv/tv_writer/tv_programs./tv/tv_program_writer_relationship/tv_program /m/02rzdcp 1 1 0 1
/m/02cm2m /tv/tv_writer/tv_programs./tv/tv_program_writer_relationship/tv_program /m/06y_n 1 1 0 1
/m/03ckxdg /tv/tv_writer/tv_programs./tv/tv_program_writer_relationship/tv_program /m/0gj50 0 1 0 0
/m/021bk /tv/tv_writer/tv_programs./tv/tv_program_writer_relationship/tv_program /m/039cq4 0 0 0 0
/m/01y8d4 /tv/tv_writer/tv_programs./tv/tv_program_writer_relationship/tv_program /m/03g9xj 1 1 0 1
/m/0693l /tv/tv_writer/tv_programs./tv/tv_program_writer_relationship/tv_program /m/01kt_j 1 1 0 0
/m/050023 /tv/tv_writer/tv_programs./tv/tv_program_writer_relationship/tv_program /m/0phrl 1 1 0 1
/m/0275_pj /tv/tv_writer/tv_programs./tv/tv_program_writer_relationship/tv_program /m/01b66d 1 1 0 0
/m/026n9h3 /tv/tv_writer/tv_programs./tv/tv_program_writer_relationship/tv_program /m/02_1kl 1 1 0 0
/m/0bqs56 /tv/tv_writer/tv_programs./tv/tv_program_writer_relationship/tv_program /m/039cq4 0 0 0 0
/m/070m12 /tv/tv_writer/tv_programs./tv/tv_program_writer_relationship/tv_program /m/01b66t 0 1 0 0
/m/0bc71w /tv/tv_writer/tv_programs./tv/tv_program_writer_relationship/tv_program /m/0cwrr 1 1 0 1
/m/06brp0 /tv/tv_writer/tv_programs./tv/tv_program_writer_relationship/tv_program /m/02hct1 1 1 0 0
/m/03772 /tv/tv_writer/tv_programs./tv/tv_program_writer_relationship/tv_program /m/0524b41 1 1 0 1
/m/0b05xm /tv/tv_writer/tv_programs./tv/tv_program_writer_relationship/tv_program /m/07g9f 1 1 0 1
/m/03clrng /tv/tv_writer/tv_programs./tv/tv_program_writer_relationship/tv_program /m/0gj50 1 1 0 1
/m/02_2v2 /tv/tv_writer/tv_programs./tv/tv_program_writer_relationship/tv_program /m/0gj50 1 1 0 1
/m/06jnvs /tv/tv_writer/tv_programs./tv/tv_program_writer_relationship/tv_program /m/039cq4 0 0 0 0
/m/027xbpw /tv/tv_writer/tv_programs./tv/tv_program_writer_relationship/tv_program /m/019nnl 1 1 0 1
/m/067xw /tv/tv_writer/tv_programs./tv/tv_program_writer_relationship/tv_program /m/01j95 1 1 0 1
/m/026n6cs /tv/tv_writer/tv_programs./tv/tv_program_writer_relationship/tv_program /m/01y6dz 0 0 0 0
/m/03cws8h /tv/tv_writer/tv_programs./tv/tv_program_writer_relationship/tv_program /m/05zr0xl 1 1 0 1
/m/04m_zp /tv/tv_writer/tv_programs./tv/tv_program_writer_relationship/tv_program /m/015g28 1 1 0 0
/m/0p_2r /tv/tv_writer/tv_programs./tv/tv_program_writer_relationship/tv_program /m/039cq4 1 1 1 1
