pca confidence count
/m/0cgzj /user/alexbl/honorary_title/titled_person/honorary_title./user/alexbl/honorary_title/honorary_title_holding/honorary_title /m/01gzdk 0 0 0 0
/m/0l6px /user/alexbl/honorary_title/titled_person/honorary_title./user/alexbl/honorary_title/honorary_title_holding/honorary_title /m/08gd_r 1 1 0 1
/m/0js9s /user/alexbl/honorary_title/titled_person/honorary_title./user/alexbl/honorary_title/honorary_title_holding/honorary_title /m/01gzdk 0 0 0 0
/m/03j24kf /user/alexbl/honorary_title/titled_person/honorary_title./user/alexbl/honorary_title/honorary_title_holding/honorary_title /m/01gzdk 0 0 0 0
std confidence count
/m/0cgzj /user/alexbl/honorary_title/titled_person/honorary_title./user/alexbl/honorary_title/honorary_title_holding/honorary_title /m/01gzdk 0 1 0 1
/m/0l6px /user/alexbl/honorary_title/titled_person/honorary_title./user/alexbl/honorary_title/honorary_title_holding/honorary_title /m/08gd_r 1 1 0 1
/m/0js9s /user/alexbl/honorary_title/titled_person/honorary_title./user/alexbl/honorary_title/honorary_title_holding/honorary_title /m/01gzdk 0 0 0 0
/m/03j24kf /user/alexbl/honorary_title/titled_person/honorary_title./user/alexbl/honorary_title/honorary_title_holding/honorary_title /m/01gzdk 0 1 0 1
pca confidence sum
/m/0cgzj /user/alexbl/honorary_title/titled_person/honorary_title./user/alexbl/honorary_title/honorary_title_holding/honorary_title /m/01gzdk 0 0 0 0
/m/0l6px /user/alexbl/honorary_title/titled_person/honorary_title./user/alexbl/honorary_title/honorary_title_holding/honorary_title /m/08gd_r 1 1 0 1
/m/0js9s /user/alexbl/honorary_title/titled_person/honorary_title./user/alexbl/honorary_title/honorary_title_holding/honorary_title /m/01gzdk 0 0 0 0
/m/03j24kf /user/alexbl/honorary_title/titled_person/honorary_title./user/alexbl/honorary_title/honorary_title_holding/honorary_title /m/01gzdk 0 0 0 0
std confidence sum
/m/0cgzj /user/alexbl/honorary_title/titled_person/honorary_title./user/alexbl/honorary_title/honorary_title_holding/honorary_title /m/01gzdk 0 0 0 0
/m/0l6px /user/alexbl/honorary_title/titled_person/honorary_title./user/alexbl/honorary_title/honorary_title_holding/honorary_title /m/08gd_r 1 1 0 1
/m/0js9s /user/alexbl/honorary_title/titled_person/honorary_title./user/alexbl/honorary_title/honorary_title_holding/honorary_title /m/01gzdk 0 0 0 0
/m/03j24kf /user/alexbl/honorary_title/titled_person/honorary_title./user/alexbl/honorary_title/honorary_title_holding/honorary_title /m/01gzdk 0 0 0 0
