m_65801 hasChild m_40275 0 0 0 0
m_40275 hasChild m_37619 0 0 0 0
m_52018 hasChild m_73421 1 1 1 1 1 1
m_35533 hasChild m_67450 0 0 0 0
m_70884 hasChild m_7129 0 0 0 0
m_93404 hasChild m_56801 0 0 0 0
m_5600 hasChild m_64459 0 0 0 0
m_22294 hasChild m_121162 1 1 1 1 1 1
m_67498 hasChild m_18805 0 0 0 0
m_95942 hasChild m_100234 0 0 0 0
m_909 hasChild m_69293 0 0 0 0
m_70961 hasChild m_35559 0 0 0 0
m_53838 hasChild m_55388 0 0 0 0
m_72341 hasChild m_67523 0 0 0 0
m_70999 hasChild m_88241 0 0 0 0
m_79816 hasChild m_11792 0 0 0 0
m_119216 hasChild m_37661 0 0 0 0
m_45980 hasChild m_58304 0 0 0 0
m_13991 hasChild m_13993 0 0 0 0
m_89928 hasChild m_29525 0 0 0 0
m_31493 hasChild m_23920 0 0 0 0
m_37448 hasChild m_37453 0 0 0 0
m_18945 hasChild m_84457 0 0 0 0
m_50730 hasChild m_88281 0 0 0 0
