m_40061 directed m_17955 0 0 0 0
m_57595 directed m_67654 1 1 1 1 1 1
m_37124 directed m_19642 0 0 0 0
m_115607 directed m_15919 0 0 0 0
m_94654 directed m_36454 1 1 1 1 1 1
m_55614 directed m_35057 1 1 1 1 1 1
m_98041 directed m_108421 0 0 0 0
m_94079 directed m_105394 0 0 0 0
m_55916 directed m_13846 0 0 0 0
m_35765 directed m_112721 0 0 0 0
m_81769 directed m_46703 0 0 0 0
m_58782 directed m_48851 1 1 1 1 1 1
m_37950 directed m_120314 0 0 0 0
m_74943 directed m_108434 0 0 0 0
m_20593 directed m_33423 0 0 0 0
m_45517 directed m_108222 0 0 0 0
m_95233 directed m_109448 0 0 0 0
m_95241 directed m_108173 0 0 0 0
m_26762 directed m_88470 0 0 0 0
m_30872 directed m_75414 1 1 1 1 1 1
m_52498 directed m_108171 0 0 0 0
m_107485 directed m_45793 0 0 0 0
m_56754 directed m_78216 1 1 1 1 1 1
m_7205 directed m_526 0 0 0 0
m_30884 directed m_23187 0 0 0 0
m_104833 directed m_82300 1 1 1 1 1 1
m_2798 directed m_117585 1 1 1 1 1 1
m_21618 directed m_69392 0 0 0 0
m_81696 directed m_90011 0 0 0 0
m_39793 directed m_106171 0 0 0 0
