m_103650 wroteMusicFor m_102275 1 1 1 1 1 1
m_65291 wroteMusicFor m_118171 0 0 0 0
m_53544 wroteMusicFor m_29091 0 0 0 0
m_114579 wroteMusicFor m_12479 0 0 0 0
m_95744 wroteMusicFor m_109379 0 0 0 0
m_98178 wroteMusicFor m_107900 0 0 0 0
m_87708 wroteMusicFor m_13089 0 0 0 0
m_12149 wroteMusicFor m_47863 0 0 0 0
m_112222 wroteMusicFor m_49076 0 0 0 0
m_10776 wroteMusicFor m_49613 0 0 0 0
m_40043 wroteMusicFor m_108217 0 0 0 0
m_24710 wroteMusicFor m_105695 0 0 0 0
m_32503 wroteMusicFor m_17967 0 0 0 0
m_74782 wroteMusicFor m_114934 0 0 0 0
m_56770 wroteMusicFor m_89748 0 0 0 0
m_74782 wroteMusicFor m_89229 0 0 0 0
m_104636 wroteMusicFor m_73969 0 0 0 0
m_46187 wroteMusicFor m_17271 0 0 0 0
m_40043 wroteMusicFor m_108736 0 0 0 0
m_3880 wroteMusicFor m_48009 0 0 0 0
m_12977 wroteMusicFor m_108493 0 0 0 0
m_25483 wroteMusicFor m_111408 0 0 0 0
m_70527 wroteMusicFor m_66873 1 1 1 1 1 1
m_65843 wroteMusicFor m_108972 0 0 0 0
m_112014 wroteMusicFor m_58685 0 0 0 0
m_40984 wroteMusicFor m_53932 0 0 0 0
m_14931 wroteMusicFor m_89426 0 0 0 0
m_65291 wroteMusicFor m_109086 0 0 0 0
m_13010 wroteMusicFor m_62138 0 0 0 0
m_26420 wroteMusicFor m_36152 0 0 0 0
m_56338 wroteMusicFor m_113331 0 0 0 0
m_51780 wroteMusicFor m_92924 0 0 0 0
