m_93783 isConnectedTo m_5386 1 1 1 1 1 1
m_90781 isConnectedTo m_66346 1 1 1 1 1 1
m_105860 isConnectedTo m_64382 0 0 0 0
m_66339 isConnectedTo m_90642 1 1 1 1 1 1
m_16838 isConnectedTo m_29488 1 1 1 1 1 1
m_66883 isConnectedTo m_117240 0 0 0 0
m_45794 isConnectedTo m_105672 1 1 1 1 1 1
m_110869 isConnectedTo m_46081 1 1 1 1 1 1
m_38170 isConnectedTo m_101202 1 1 1 1 1 1
m_57384 isConnectedTo m_67359 1 1 1 1 1 1
m_107542 isConnectedTo m_69606 1 1 1 1 1 1
m_44682 isConnectedTo m_66427 0 0 0 0
m_18681 isConnectedTo m_15272 1 1 1 1 1 1
m_77574 isConnectedTo m_45551 1 1 1 1 1 1
m_63737 isConnectedTo m_19572 1 1 1 1 1 1
m_88775 isConnectedTo m_14746 0 0 0 0
m_38079 isConnectedTo m_81542 1 1 1 1 1 1
m_16821 isConnectedTo m_119993 1 1 1 1 1 1
m_88228 isConnectedTo m_84400 1 1 1 1 1 1
m_70812 isConnectedTo m_107084 0 0 0 0
m_102680 isConnectedTo m_85147 1 1 1 1 1 1
m_100979 isConnectedTo m_37251 1 1 1 1 1 1
m_102674 isConnectedTo m_44513 1 1 1 1 1 1
m_60629 isConnectedTo m_111878 0 0 0 0
m_77574 isConnectedTo m_37718 1 1 1 1 1 1
m_115318 isConnectedTo m_92471 0 0 0 0
m_117318 isConnectedTo m_89457 1 1 1 1 1 1
m_44612 isConnectedTo m_101292 1 1 1 1 1 1
m_15272 isConnectedTo m_111975 1 1 1 1 1 1
m_29922 isConnectedTo m_29514 1 1 1 1 1 1
m_98866 isConnectedTo m_66678 1 1 1 1 1 1
m_121045 isConnectedTo m_79347 1 1 1 1 1 1
m_98866 isConnectedTo m_105459 1 1 1 1 1 1
m_11856 isConnectedTo m_20789 0 0 0 0
m_80759 isConnectedTo m_114928 1 1 1 1 1 1
m_48835 isConnectedTo m_11571 1 1 1 1 1 1
m_29514 isConnectedTo m_9012 0 0 0 0
m_21686 isConnectedTo m_63260 0 0 0 0
m_19215 isConnectedTo m_82617 0 0 0 0
m_14050 isConnectedTo m_10881 1 1 1 1 1 1
m_97419 isConnectedTo m_116326 0 0 0 0
m_85147 isConnectedTo m_4843 1 1 1 1 1 1
m_1883 isConnectedTo m_61065 0 0 0 0
m_18181 isConnectedTo m_96032 0 0 0 0
m_85444 isConnectedTo m_28743 0 0 0 0
m_89055 isConnectedTo m_116200 1 1 1 1 1 1
m_102140 isConnectedTo m_23710 1 1 1 1 1 1
m_16011 isConnectedTo m_23710 1 1 1 1 1 1
m_45790 isConnectedTo m_19066 1 1 1 1 1 1
m_39285 isConnectedTo m_39287 1 1 1 1 1 1
m_31125 isConnectedTo m_69121 1 1 1 1 1 1
m_101533 isConnectedTo m_8924 1 1 1 1 1 1
m_44559 isConnectedTo m_33477 1 1 1 1 1 1
m_11708 isConnectedTo m_110256 0 0 0 0
m_56066 isConnectedTo m_20789 1 1 1 1 1 1
m_93025 isConnectedTo m_102261 0 0 0 0
m_10070 isConnectedTo m_100177 1 1 1 1 1 1
m_101202 isConnectedTo m_90632 1 1 1 1 1 1
m_45443 isConnectedTo m_18731 1 1 1 1 1 1
m_79347 isConnectedTo m_102674 1 1 1 1 1 1
m_106230 isConnectedTo m_81614 1 1 1 1 1 1
m_99784 isConnectedTo m_34973 0 0 0 0
m_112200 isConnectedTo m_110503 1 1 1 1 1 1
m_59001 isConnectedTo m_70114 1 1 1 1 1 1
m_15251 isConnectedTo m_14402 1 1 1 1 1 1
m_91185 isConnectedTo m_23436 0 0 0 0
m_121045 isConnectedTo m_47944 1 1 1 1 1 1
m_96032 isConnectedTo m_101900 1 1 1 1 1 1
m_49664 isConnectedTo m_90610 0 0 0 0
m_120741 isConnectedTo m_103486 1 1 1 1 1 1
m_12048 isConnectedTo m_104114 1 1 1 1 1 1
m_88497 isConnectedTo m_89934 1 1 1 1 1 1
m_115318 isConnectedTo m_69609 1 1 1 1 1 1
m_98315 isConnectedTo m_66344 1 1 1 1 1 1
m_91848 isConnectedTo m_27175 0 0 0 0
m_62844 isConnectedTo m_45849 1 1 1 1 1 1
m_30594 isConnectedTo m_39071 0 0 0 0
m_15272 isConnectedTo m_16028 0 0 0 0
m_38054 isConnectedTo m_105459 1 1 1 1 1 1
m_101219 isConnectedTo m_110663 0 0 0 0
m_37251 isConnectedTo m_119428 1 1 1 1 1 1
m_21981 isConnectedTo m_97902 1 1 1 1 1 1
m_95965 isConnectedTo m_50359 0 0 0 0
m_44682 isConnectedTo m_46081 1 1 1 1 1 1
m_47349 isConnectedTo m_72099 1 1 1 1 1 1
m_5433 isConnectedTo m_21939 1 1 1 1 1 1
m_79355 isConnectedTo m_79400 1 1 1 1 1 1
m_68616 isConnectedTo m_76167 0 0 0 0
m_60660 isConnectedTo m_13123 0 0 0 0
m_103486 isConnectedTo m_112358 1 1 1 1 1 1
m_103486 isConnectedTo m_12086 1 1 1 1 1 1
m_30167 isConnectedTo m_47349 1 1 1 1 1 1
m_98947 isConnectedTo m_12087 0 0 0 0
m_102674 isConnectedTo m_45608 0 0 0 0
m_38170 isConnectedTo m_106780 1 1 1 1 1 1
m_101900 isConnectedTo m_11567 1 1 1 1 1 1
m_37179 isConnectedTo m_84400 1 1 1 1 1 1
m_19396 isConnectedTo m_66264 1 1 1 1 1 1
m_48283 isConnectedTo m_121344 0 0 0 0
m_21686 isConnectedTo m_62105 1 1 1 1 1 1
m_64190 isConnectedTo m_112200 1 1 1 1 1 1
m_18582 isConnectedTo m_66778 0 0 0 0
m_8605 isConnectedTo m_110752 1 1 1 1 1 1
m_15881 isConnectedTo m_63022 1 1 1 1 1 1
m_77491 isConnectedTo m_11856 1 1 1 1 1 1
m_21939 isConnectedTo m_115318 1 1 1 1 1 1
m_965 isConnectedTo m_64091 1 1 1 1 1 1
m_100904 isConnectedTo m_119640 1 1 1 1 1 1
m_1085 isConnectedTo m_112257 1 1 1 1 1 1
m_10306 isConnectedTo m_110617 1 1 1 1 1 1
m_110337 isConnectedTo m_67371 1 1 1 1 1 1
m_76742 isConnectedTo m_90658 0 0 0 0
m_107395 isConnectedTo m_76493 0 0 0 0
m_102608 isConnectedTo m_83966 1 1 1 1 1 1
m_15272 isConnectedTo m_4516 0 0 0 0
m_88228 isConnectedTo m_45608 1 1 1 1 1 1
m_81525 isConnectedTo m_48086 1 1 1 1 1 1
m_48113 isConnectedTo m_50114 1 1 1 1 1 1
m_117318 isConnectedTo m_78716 0 0 0 0
m_84270 isConnectedTo m_76167 0 0 0 0
m_120105 isConnectedTo m_120483 1 1 1 1 1 1
m_39160 isConnectedTo m_102742 0 0 0 0
m_5433 isConnectedTo m_45161 0 0 0 0
m_116200 isConnectedTo m_49030 1 1 1 1 1 1
m_119850 isConnectedTo m_19862 0 0 0 0
m_92908 isConnectedTo m_94855 1 1 1 1 1 1
m_56066 isConnectedTo m_88497 1 1 1 1 1 1
m_74539 isConnectedTo m_101199 1 1 1 1 1 1
m_66264 isConnectedTo m_11496 0 0 0 0
m_93783 isConnectedTo m_29922 1 1 1 1 1 1
m_98208 isConnectedTo m_106177 1 1 1 1 1 1
m_105860 isConnectedTo m_10549 0 0 0 0
m_107084 isConnectedTo m_89483 0 0 0 0
m_63417 isConnectedTo m_63022 0 0 0 0
m_60728 isConnectedTo m_107276 0 0 0 0
m_15713 isConnectedTo m_64190 1 1 1 1 1 1
m_98474 isConnectedTo m_10533 0 0 0 0
m_91428 isConnectedTo m_63449 0 0 0 0
m_29489 isConnectedTo m_23906 0 0 0 0
m_28919 isConnectedTo m_64382 0 0 0 0
m_56066 isConnectedTo m_90658 1 1 1 1 1 1
m_69121 isConnectedTo m_37251 1 1 1 1 1 1
m_71408 isConnectedTo m_58104 0 0 0 0
m_84023 isConnectedTo m_10242 1 1 1 1 1 1
m_49459 isConnectedTo m_69727 0 0 0 0
m_19862 isConnectedTo m_106805 1 1 1 1 1 1
m_19776 isConnectedTo m_93783 1 1 1 1 1 1
m_31203 isConnectedTo m_30809 0 0 0 0
m_45443 isConnectedTo m_106808 1 1 1 1 1 1
m_97581 isConnectedTo m_112827 1 1 1 1 1 1
