/m/05zrvfd /award/award_category/nominees./award/award_nomination/nominated_for /m/04y9mm8 14274 14267 0 0 0 0
/m/09sdmz /award/award_category/nominees./award/award_nomination/nominated_for /m/09gq0x5 37 27 0 0 0 0
/m/09sdmz /award/award_category/nominees./award/award_nomination/nominated_for /m/011yn5 45 35 0 0 0 0
/m/02x2gy0 /award/award_category/nominees./award/award_nomination/nominated_for /m/04jplwp 25 21 0 0 0 0
/m/0f_nbyh /award/award_category/nominees./award/award_nomination/nominated_for /m/07yk1xz 12945 12919 0 0 0 0
/m/0p9sw /award/award_category/nominees./award/award_nomination/nominated_for /m/02zk08 116 100 0 0 0 0
/m/099c8n /award/award_category/nominees./award/award_nomination/nominated_for /m/064lsn 32 24 0 0 0 0
/m/09v8db5 /award/award_category/nominees./award/award_nomination/nominated_for /m/0gl02yg 5 4 1 1 0 0
/m/0gs9p /award/award_category/nominees./award/award_nomination/nominated_for /m/01fx4k 26 16 0 0 0 0
/m/0gs9p /award/award_category/nominees./award/award_nomination/nominated_for /m/0jym0 25 15 0 0 0 0
/m/03hkv_r /award/award_category/nominees./award/award_nomination/nominated_for /m/01jrbv 64 49 0 0 0 0
/m/05ztjjw /award/award_category/nominees./award/award_nomination/nominated_for /m/01hv3t 7902 7859 0 0 0 0
/m/02pqp12 /award/award_category/nominees./award/award_nomination/nominated_for /m/092vkg 106 94 0 0 0 0
/m/02r0csl /award/award_category/nominees./award/award_nomination/nominated_for /m/0ch26b_ 38 29 0 0 0 0
/m/02g3v6 /award/award_category/nominees./award/award_nomination/nominated_for /m/034b6k 5781 5753 0 0 0 0
/m/0gr51 /award/award_category/nominees./award/award_nomination/nominated_for /m/0jqd3 122 107 0 0 0 0
/m/0gqwc /award/award_category/nominees./award/award_nomination/nominated_for /m/0416y94 40 27 0 0 0 0
/m/02hsq3m /award/award_category/nominees./award/award_nomination/nominated_for /m/01d2v1 408 393 0 0 0 0
/m/019f4v /award/award_category/nominees./award/award_nomination/nominated_for /m/0jsf6 19 6 0 1 0 0
/m/0f4x7 /award/award_category/nominees./award/award_nomination/nominated_for /m/07jnt 20 15 0 0 0 0
/m/0f4x7 /award/award_category/nominees./award/award_nomination/nominated_for /m/02p86pb 65 55 0 0 0 0
/m/0f4x7 /award/award_category/nominees./award/award_nomination/nominated_for /m/09gb_4p 19 14 0 0 0 0
/m/09sb52 /award/award_category/nominees./award/award_nomination/nominated_for /m/04165w 65 58 0 0 0 0
/m/02y_rq5 /award/award_category/nominees./award/award_nomination/nominated_for /m/01fwzk 3867 3859 0 0 0 0
/m/0gqxm /award/award_category/nominees./award/award_nomination/nominated_for /m/05nlx4 34 24 0 0 0 0
/m/040njc /award/award_category/nominees./award/award_nomination/nominated_for /m/0jwvf 23 15 0 0 0 0
/m/040njc /award/award_category/nominees./award/award_nomination/nominated_for /m/0dr3sl 156 142 0 0 0 0
/m/02qvyrt /award/award_category/nominees./award/award_nomination/nominated_for /m/02_kd 52 44 0 0 0 0
/m/02x4sn8 /award/award_category/nominees./award/award_nomination/nominated_for /m/03vyw8 44 36 0 0 0 0
/m/02rdyk7 /award/award_category/nominees./award/award_nomination/nominated_for /m/04b2qn 57 46 0 0 0 0
/m/0gqy2 /award/award_category/nominees./award/award_nomination/nominated_for /m/06cm5 17 10 0 1 0 0
/m/0gr0m /award/award_category/nominees./award/award_nomination/nominated_for /m/0jsqk 100 89 0 0 0 0
/m/0gr4k /award/award_category/nominees./award/award_nomination/nominated_for /m/0sxfd 21 7 0 1 0 0
/m/0gr4k /award/award_category/nominees./award/award_nomination/nominated_for /m/0bcp9b 137 119 0 0 0 0
/m/0l8z1 /award/award_category/nominees./award/award_nomination/nominated_for /m/02p76f9 83 73 0 0 0 0
/m/03hkv_r /award/award_category/nominees./award/award_nomination/nominated_for /m/0416y94 56 41 0 0 0 0
/m/05ztjjw /award/award_category/nominees./award/award_nomination/nominated_for /m/07024 16 14 0 0 0 0
/m/02r0csl /award/award_category/nominees./award/award_nomination/nominated_for /m/05567m 8979 8921 0 0 0 0
/m/02g3v6 /award/award_category/nominees./award/award_nomination/nominated_for /m/0btpm6 27 21 0 0 0 0
/m/07cbcy /award/award_category/nominees./award/award_nomination/nominated_for /m/0b9rdk 10946 10918 0 0 0 0
/m/02z0dfh /award/award_category/nominees./award/award_nomination/nominated_for /m/01f8f7 38 27 0 0 0 0
/m/02r22gf /award/award_category/nominees./award/award_nomination/nominated_for /m/02ll45 6686 6646 0 0 0 0
/m/0gqwc /award/award_category/nominees./award/award_nomination/nominated_for /m/0bm2g 65 51 0 0 0 0
/m/019f4v /award/award_category/nominees./award/award_nomination/nominated_for /m/08xvpn 45 26 0 0 0 0
/m/02x1dht /award/award_category/nominees./award/award_nomination/nominated_for /m/0gvt53w 49 37 0 0 0 0
/m/05ztrmj /award/award_category/nominees./award/award_nomination/nominated_for /m/0dcz8_ 5658 5645 0 0 0 0
/m/0gqyl /award/award_category/nominees./award/award_nomination/nominated_for /m/04mzf8 82 74 0 0 0 0
/m/03hj5vf /award/award_category/nominees./award/award_nomination/nominated_for /m/0cbv4g 12340 12321 0 0 0 0
/m/09qrn4 /award/award_category/nominees./award/award_nomination/nominated_for /m/01rp13 33 20 0 0 0 0
/m/0bdw1g /award/award_category/nominees./award/award_nomination/nominated_for /m/03j63k 6533 6525 0 0 0 0
/m/040njc /award/award_category/nominees./award/award_nomination/nominated_for /m/0h1x5f 60 49 0 0 0 0
/m/02qvyrt /award/award_category/nominees./award/award_nomination/nominated_for /m/027r9t 4465 4447 0 0 0 0
/m/099tbz /award/award_category/nominees./award/award_nomination/nominated_for /m/0h3xztt 43 29 0 0 0 0
/m/057xs89 /award/award_category/nominees./award/award_nomination/nominated_for /m/01hr1 26 17 0 0 0 0
/m/057xs89 /award/award_category/nominees./award/award_nomination/nominated_for /m/02xtxw 41 32 0 0 0 0
/m/0gr42 /award/award_category/nominees./award/award_nomination/nominated_for /m/0kb57 10265 10233 0 0 0 0
/m/0gqy2 /award/award_category/nominees./award/award_nomination/nominated_for /m/0glbqt 19 12 0 0 0 0
/m/0gqy2 /award/award_category/nominees./award/award_nomination/nominated_for /m/04j13sx 18 11 0 0 0 0
/m/094qd5 /award/award_category/nominees./award/award_nomination/nominated_for /m/09hy79 9406 9384 0 0 0 0
/m/094qd5 /award/award_category/nominees./award/award_nomination/nominated_for /m/0h95927 48 36 0 0 0 0
/m/04kxsb /award/award_category/nominees./award/award_nomination/nominated_for /m/0bmhvpr 11831 11805 0 0 0 0
/m/04kxsb /award/award_category/nominees./award/award_nomination/nominated_for /m/02wk7b 7718 7695 0 0 0 0
/m/0p9sw /award/award_category/nominees./award/award_nomination/nominated_for /m/0fpv_3_ 116 100 0 0 0 0
/m/0l8z1 /award/award_category/nominees./award/award_nomination/nominated_for /m/0260bz 21 16 0 0 0 0
/m/02n9nmz /award/award_category/nominees./award/award_nomination/nominated_for /m/05cvgl 31 21 0 0 0 0
/m/02x17s4 /award/award_category/nominees./award/award_nomination/nominated_for /m/071nw5 29 22 0 0 0 0
/m/02w9sd7 /award/award_category/nominees./award/award_nomination/nominated_for /m/0c0zq 7726 7712 0 0 0 0
/m/04dn09n /award/award_category/nominees./award/award_nomination/nominated_for /m/0320fn 74 57 0 0 0 0
/m/040njc /award/award_category/nominees./award/award_nomination/nominated_for /m/0sxg4 29 21 0 0 0 0
/m/09qv_s /award/award_category/nominees./award/award_nomination/nominated_for /m/02cbg0 47 40 0 0 0 0
/m/02rdxsh /award/award_category/nominees./award/award_nomination/nominated_for /m/0sxlb 11637 11591 0 0 0 0
/m/05p1dby /award/award_category/nominees./award/award_nomination/nominated_for /m/06bc59 80 69 0 0 0 0
/m/02ppm4q /award/award_category/nominees./award/award_nomination/nominated_for /m/028_yv 39 34 0 0 0 0
/m/04kxsb /award/award_category/nominees./award/award_nomination/nominated_for /m/02vqsll 66 56 0 0 0 0
/m/04kxsb /award/award_category/nominees./award/award_nomination/nominated_for /m/01chpn 1897 1885 0 0 0 0
/m/02x2gy0 /award/award_category/nominees./award/award_nomination/nominated_for /m/07vf5c 4793 4775 0 0 0 0
/m/027dtxw /award/award_category/nominees./award/award_nomination/nominated_for /m/03cvvlg 1216 1202 0 0 0 0
/m/027dtxw /award/award_category/nominees./award/award_nomination/nominated_for /m/04qw17 13189 13147 0 0 0 0
/m/05zvj3m /award/award_category/nominees./award/award_nomination/nominated_for /m/07pd_j 10 4 1 1 0 0
/m/0gs9p /award/award_category/nominees./award/award_nomination/nominated_for /m/0286gm1 24 14 0 0 0 0
/m/0gq_v /award/award_category/nominees./award/award_nomination/nominated_for /m/04w7rn 134 101 0 0 0 0
/m/03hkv_r /award/award_category/nominees./award/award_nomination/nominated_for /m/02jxbw 2604 2584 0 0 0 0
/m/02n9nmz /award/award_category/nominees./award/award_nomination/nominated_for /m/02cbhg 46 33 0 0 0 0
/m/099jhq /award/award_category/nominees./award/award_nomination/nominated_for /m/04q827 35 28 0 0 0 0
/m/099jhq /award/award_category/nominees./award/award_nomination/nominated_for /m/04vr_f 24 18 0 0 0 0
/m/0k611 /award/award_category/nominees./award/award_nomination/nominated_for /m/01jw67 101 82 0 0 0 0
/m/0k611 /award/award_category/nominees./award/award_nomination/nominated_for /m/0y_pg 32 23 0 0 0 0
/m/05ztjjw /award/award_category/nominees./award/award_nomination/nominated_for /m/0ds33 6990 6956 0 0 0 0
/m/05ztjjw /award/award_category/nominees./award/award_nomination/nominated_for /m/09k56b7 11438 11389 0 0 0 0
/m/02g3v6 /award/award_category/nominees./award/award_nomination/nominated_for /m/02dpl9 7567 7533 0 0 0 0
/m/02z0dfh /award/award_category/nominees./award/award_nomination/nominated_for /m/04b_jc 21 11 0 0 0 0
/m/02r22gf /award/award_category/nominees./award/award_nomination/nominated_for /m/0jqn5 47 33 0 0 0 0
/m/05pcn59 /award/award_category/nominees./award/award_nomination/nominated_for /m/05vxdh 42 36 0 0 0 0
/m/09sb52 /award/award_category/nominees./award/award_nomination/nominated_for /m/02rx2m5 39 34 0 0 0 0
/m/0fhpv4 /award/award_category/nominees./award/award_nomination/nominated_for /m/02c638 29 16 0 0 0 0
/m/0gs96 /award/award_category/nominees./award/award_nomination/nominated_for /m/027fwmt 34 29 0 0 0 0
/m/02y_rq5 /award/award_category/nominees./award/award_nomination/nominated_for /m/047n8xt 7826 7819 0 0 0 0
/m/05b4l5x /award/award_category/nominees./award/award_nomination/nominated_for /m/03nx8mj 31 22 0 0 0 0
/m/05p09zm /award/award_category/nominees./award/award_nomination/nominated_for /m/03cmsqb 41 33 0 0 0 0
/m/018wdw /award/award_category/nominees./award/award_nomination/nominated_for /m/01xq8v 51 40 0 0 0 0
/m/0bp_b2 /award/award_category/nominees./award/award_nomination/nominated_for /m/063ykwt 16 11 0 0 0 0
/m/02qyntr /award/award_category/nominees./award/award_nomination/nominated_for /m/0gwjw0c 83 59 0 0 0 0
/m/02qyntr /award/award_category/nominees./award/award_nomination/nominated_for /m/04j13sx 82 58 0 0 0 0
/m/0fq9zdn /award/award_category/nominees./award/award_nomination/nominated_for /m/0djkrp 8683 8675 0 0 0 0
/m/09qv_s /award/award_category/nominees./award/award_nomination/nominated_for /m/011yth 25 20 0 0 0 0
/m/057xs89 /award/award_category/nominees./award/award_nomination/nominated_for /m/033g4d 52 43 0 0 0 0
/m/054krc /award/award_category/nominees./award/award_nomination/nominated_for /m/0pd57 66 60 0 0 0 0
/m/0gr42 /award/award_category/nominees./award/award_nomination/nominated_for /m/03y0pn 12 9 0 1 0 0
/m/0gr4k /award/award_category/nominees./award/award_nomination/nominated_for /m/097zcz 27 13 0 0 0 0
/m/05zx7xk /award/award_category/nominees./award/award_nomination/nominated_for /m/01dvbd 14 12 0 0 0 0
/m/04kxsb /award/award_category/nominees./award/award_nomination/nominated_for /m/064lsn 48 38 0 0 0 0
/m/04kxsb /award/award_category/nominees./award/award_nomination/nominated_for /m/07l50_1 39 30 0 0 0 0
/m/04kxsb /award/award_category/nominees./award/award_nomination/nominated_for /m/0gvt53w 39 30 0 0 0 0
/m/09qwmm /award/award_category/nominees./award/award_nomination/nominated_for /m/016z9n 28 21 0 0 0 0
/m/0l8z1 /award/award_category/nominees./award/award_nomination/nominated_for /m/011yl_ 75 65 0 0 0 0
/m/0gs9p /award/award_category/nominees./award/award_nomination/nominated_for /m/04wddl 70 53 0 0 0 0
/m/0gq_v /award/award_category/nominees./award/award_nomination/nominated_for /m/0hv4t 58 36 0 0 0 0
/m/0k611 /award/award_category/nominees./award/award_nomination/nominated_for /m/0bbgvp 114 95 0 0 0 0
/m/03hl6lc /award/award_category/nominees./award/award_nomination/nominated_for /m/02pw_n 45 33 0 0 0 0
/m/03hl6lc /award/award_category/nominees./award/award_nomination/nominated_for /m/08nvyr 26 16 0 0 0 0
/m/03r8v_ /award/award_category/nominees./award/award_nomination/nominated_for /m/0f42nz 13367 13363 0 0 0 0
/m/02r22gf /award/award_category/nominees./award/award_nomination/nominated_for /m/02q6gfp 8359 8312 0 0 0 0
/m/0gr51 /award/award_category/nominees./award/award_nomination/nominated_for /m/0k4fz 55 44 0 0 0 0
/m/0gqwc /award/award_category/nominees./award/award_nomination/nominated_for /m/02rv_dz 49 36 0 0 0 0
/m/02qyp19 /award/award_category/nominees./award/award_nomination/nominated_for /m/011yph 4311 4292 0 0 0 0
/m/05pcn59 /award/award_category/nominees./award/award_nomination/nominated_for /m/01xq8v 63 57 0 0 0 0
/m/0gqyl /award/award_category/nominees./award/award_nomination/nominated_for /m/09tkzy 36 30 0 0 0 0
/m/04dn09n /award/award_category/nominees./award/award_nomination/nominated_for /m/0661ql3 74 57 0 0 0 0
/m/040njc /award/award_category/nominees./award/award_nomination/nominated_for /m/0hvvf 27 19 0 0 0 0
/m/040njc /award/award_category/nominees./award/award_nomination/nominated_for /m/09p0ct 148 134 0 0 0 0
/m/02qyntr /award/award_category/nominees./award/award_nomination/nominated_for /m/0k_9j 69 45 0 0 0 0
/m/02qyntr /award/award_category/nominees./award/award_nomination/nominated_for /m/05znxx 82 58 0 0 0 0
/m/09qv_s /award/award_category/nominees./award/award_nomination/nominated_for /m/07jnt 47 40 0 0 0 0
/m/0gq9h /award/award_category/nominees./award/award_nomination/nominated_for /m/0p_tz 24 16 0 0 0 0
/m/0gq9h /award/award_category/nominees./award/award_nomination/nominated_for /m/0n0bp 13 6 0 1 0 0
/m/094qd5 /award/award_category/nominees./award/award_nomination/nominated_for /m/0cvkv5 2188 2172 0 0 0 0
/m/0gr4k /award/award_category/nominees./award/award_nomination/nominated_for /m/021y7yw 139 121 0 0 0 0
/m/04kxsb /award/award_category/nominees./award/award_nomination/nominated_for /m/05jzt3 12758 12728 0 0 0 0
/m/04kxsb /award/award_category/nominees./award/award_nomination/nominated_for /m/011yfd 13283 13252 0 0 0 0
/m/02x2gy0 /award/award_category/nominees./award/award_nomination/nominated_for /m/07yvsn 26 21 0 0 0 0
/m/0l8z1 /award/award_category/nominees./award/award_nomination/nominated_for /m/07jnt 79 69 0 0 0 0
/m/027dtxw /award/award_category/nominees./award/award_nomination/nominated_for /m/0mcl0 12010 11975 0 0 0 0
/m/027dtxw /award/award_category/nominees./award/award_nomination/nominated_for /m/0422v0 46 36 0 0 0 0
/m/05f4m9q /award/award_category/nominees./award/award_nomination/nominated_for /m/01mszz 23 16 0 0 0 0
/m/02pqp12 /award/award_category/nominees./award/award_nomination/nominated_for /m/0ch26b_ 40 29 0 0 0 0
/m/02pqp12 /award/award_category/nominees./award/award_nomination/nominated_for /m/0bth54 6282 6269 0 0 0 0
/m/0gqwc /award/award_category/nominees./award/award_nomination/nominated_for /m/05vxdh 89 75 0 0 0 0
/m/019f4v /award/award_category/nominees./award/award_nomination/nominated_for /m/011yn5 106 82 0 0 0 0
/m/02qyp19 /award/award_category/nominees./award/award_nomination/nominated_for /m/02qr69m 53 43 0 0 0 0
/m/0f4x7 /award/award_category/nominees./award/award_nomination/nominated_for /m/0g68zt 116 105 0 0 0 0
/m/02qsfzv /award/award_category/nominees./award/award_nomination/nominated_for /m/0dl9_4 12819 12811 0 0 0 0
/m/040njc /award/award_category/nominees./award/award_nomination/nominated_for /m/017jd9 16 8 0 1 0 0
/m/02qvyrt /award/award_category/nominees./award/award_nomination/nominated_for /m/0209xj 54 46 0 0 0 0
/m/057xs89 /award/award_category/nominees./award/award_nomination/nominated_for /m/047wh1 52 43 0 0 0 0
/m/02x1z2s /award/award_category/nominees./award/award_nomination/nominated_for /m/05c26ss 35 27 0 0 0 0
/m/02pzz3p /award/award_category/nominees./award/award_nomination/nominated_for /m/034fl9 12105 12101 0 0 0 0
/m/0gqzz /award/award_category/nominees./award/award_nomination/nominated_for /m/07y9w5 4093 4082 0 0 0 0
/m/0gq9h /award/award_category/nominees./award/award_nomination/nominated_for /m/0cqnss 45 26 0 0 0 0
/m/0gqy2 /award/award_category/nominees./award/award_nomination/nominated_for /m/07j8r 22 15 0 0 0 0
/m/094qd5 /award/award_category/nominees./award/award_nomination/nominated_for /m/0pv3x 39 27 0 0 0 0
/m/0gr0m /award/award_category/nominees./award/award_nomination/nominated_for /m/01cmp9 99 88 0 0 0 0
/m/05zvj3m /award/award_category/nominees./award/award_nomination/nominated_for /m/026wlxw 43 32 0 0 0 0
/m/03hkv_r /award/award_category/nominees./award/award_nomination/nominated_for /m/09p0ct 5110 5083 0 0 0 0
/m/02n9nmz /award/award_category/nominees./award/award_nomination/nominated_for /m/06_x996 42 30 0 0 0 0
/m/03hl6lc /award/award_category/nominees./award/award_nomination/nominated_for /m/01sxly 45 33 0 0 0 0
/m/02r0csl /award/award_category/nominees./award/award_nomination/nominated_for /m/0hfzr 36 28 0 0 0 0
/m/02z0dfh /award/award_category/nominees./award/award_nomination/nominated_for /m/0_b9f 29 18 0 0 0 0
/m/07bdd_ /award/award_category/nominees./award/award_nomination/nominated_for /m/01771z 22 11 0 0 0 0
/m/02qyp19 /award/award_category/nominees./award/award_nomination/nominated_for /m/07j94 13711 13671 0 0 0 0
/m/09sb52 /award/award_category/nominees./award/award_nomination/nominated_for /m/03cvvlg 41 36 0 0 0 0
/m/09qs08 /award/award_category/nominees./award/award_nomination/nominated_for /m/05zr0xl 20 13 0 0 0 0
/m/0gqyl /award/award_category/nominees./award/award_nomination/nominated_for /m/0gyfp9c 47 40 0 0 0 0
/m/0gs96 /award/award_category/nominees./award/award_nomination/nominated_for /m/0sxlb 77 64 0 0 0 0
/m/0gs96 /award/award_category/nominees./award/award_nomination/nominated_for /m/08xvpn 80 67 0 0 0 0
/m/03qgjwc /award/award_category/nominees./award/award_nomination/nominated_for /m/01qncf 16 13 0 0 0 0
/m/04ljl_l /award/award_category/nominees./award/award_nomination/nominated_for /m/06zn1c 7863 7838 0 0 0 0
/m/040njc /award/award_category/nominees./award/award_nomination/nominated_for /m/092vkg 40 29 0 0 0 0
/m/099t8j /award/award_category/nominees./award/award_nomination/nominated_for /m/01chpn 26 21 0 0 0 0
/m/02qyntr /award/award_category/nominees./award/award_nomination/nominated_for /m/0bth54 60 37 0 0 0 0
/m/05b1610 /award/award_category/nominees./award/award_nomination/nominated_for /m/03rtz1 82 64 0 0 0 0
/m/02x4wr9 /award/award_category/nominees./award/award_nomination/nominated_for /m/02s4l6 37 32 0 0 0 0
/m/0gkts9 /award/award_category/nominees./award/award_nomination/nominated_for /m/01j67j 2698 2693 0 0 0 0
/m/0cjyzs /award/award_category/nominees./award/award_nomination/nominated_for /m/05zr0xl 12 5 0 1 0 0
/m/0gr0m /award/award_category/nominees./award/award_nomination/nominated_for /m/0fgpvf 99 88 0 0 0 0
/m/02x2gy0 /award/award_category/nominees./award/award_nomination/nominated_for /m/0260bz 6249 6226 0 0 0 0
/m/09qwmm /award/award_category/nominees./award/award_nomination/nominated_for /m/0416y94 24 17 0 0 0 0
/m/09qwmm /award/award_category/nominees./award/award_nomination/nominated_for /m/03_gz8 28 21 0 0 0 0
/m/0p9sw /award/award_category/nominees./award/award_nomination/nominated_for /m/0ddt_ 24 17 0 0 0 0
/m/099c8n /award/award_category/nominees./award/award_nomination/nominated_for /m/03hj5lq 34 26 0 0 0 0
/m/099c8n /award/award_category/nominees./award/award_nomination/nominated_for /m/01chpn 32 24 0 0 0 0
/m/0gs9p /award/award_category/nominees./award/award_nomination/nominated_for /m/0h95927 38 25 0 0 0 0
/m/0gq_v /award/award_category/nominees./award/award_nomination/nominated_for /m/043n1r5 126 93 0 0 0 0
/m/03hkv_r /award/award_category/nominees./award/award_nomination/nominated_for /m/0pv3x 2406 2383 0 0 0 0
/m/02n9nmz /award/award_category/nominees./award/award_nomination/nominated_for /m/03r0g9 60 47 0 0 0 0
/m/02n9nmz /award/award_category/nominees./award/award_nomination/nominated_for /m/04vr_f 36 25 0 0 0 0
/m/03hl6lc /award/award_category/nominees./award/award_nomination/nominated_for /m/047d21r 54 42 0 0 0 0
/m/02pqp12 /award/award_category/nominees./award/award_nomination/nominated_for /m/09p7fh 106 94 0 0 0 0
/m/02r0csl /award/award_category/nominees./award/award_nomination/nominated_for /m/0yxf4 12055 11984 0 0 0 0
/m/02x1dht /award/award_category/nominees./award/award_nomination/nominated_for /m/0404j37 13061 13024 0 0 0 0
/m/0gs96 /award/award_category/nominees./award/award_nomination/nominated_for /m/0cqnss 63 53 0 0 0 0
/m/0fm3kw /award/award_category/nominees./award/award_nomination/nominated_for /m/04q24zv 6765 6764 0 0 0 0
/m/05b4l5x /award/award_category/nominees./award/award_nomination/nominated_for /m/01s7w3 1089 1076 0 0 0 0
/m/018wdw /award/award_category/nominees./award/award_nomination/nominated_for /m/0bth54 51 40 0 0 0 0
/m/0bp_b2 /award/award_category/nominees./award/award_nomination/nominated_for /m/015ppk 23 16 0 0 0 0
/m/0fc9js /award/award_category/nominees./award/award_nomination/nominated_for /m/039cq4 6 4 1 1 0 0
/m/02qvyrt /award/award_category/nominees./award/award_nomination/nominated_for /m/0b9rdk 5673 5646 0 0 0 0
/m/0gq9h /award/award_category/nominees./award/award_nomination/nominated_for /m/0qm9n 62 38 0 0 0 0
/m/0gq9h /award/award_category/nominees./award/award_nomination/nominated_for /m/0bkq7 15 7 0 1 0 0
/m/0gqy2 /award/award_category/nominees./award/award_nomination/nominated_for /m/011ydl 20 13 0 0 0 0
/m/0gqy2 /award/award_category/nominees./award/award_nomination/nominated_for /m/0dgst_d 85 77 0 0 0 0
/m/0gr0m /award/award_category/nominees./award/award_nomination/nominated_for /m/0cc5qkt 99 88 0 0 0 0
/m/0gr0m /award/award_category/nominees./award/award_nomination/nominated_for /m/07tlfx 90 79 0 0 0 0
/m/0gr4k /award/award_category/nominees./award/award_nomination/nominated_for /m/0p7pw 31 17 0 0 0 0
/m/04kxsb /award/award_category/nominees./award/award_nomination/nominated_for /m/04vr_f 47 37 0 0 0 0
/m/0p9sw /award/award_category/nominees./award/award_nomination/nominated_for /m/0hfzr 111 95 0 0 0 0
/m/0gs9p /award/award_category/nominees./award/award_nomination/nominated_for /m/0c0zq 41 28 0 0 0 0
/m/0bdw6t /award/award_category/nominees./award/award_nomination/nominated_for /m/01b_lz 32 20 0 0 0 0
/m/03hl6lc /award/award_category/nominees./award/award_nomination/nominated_for /m/01xvjb 11272 11229 0 0 0 0
/m/02pqp12 /award/award_category/nominees./award/award_nomination/nominated_for /m/028_yv 102 90 0 0 0 0
/m/02r22gf /award/award_category/nominees./award/award_nomination/nominated_for /m/016z7s 8814 8765 0 0 0 0
/m/0gr51 /award/award_category/nominees./award/award_nomination/nominated_for /m/01sxly 73 59 0 0 0 0
/m/02hsq3m /award/award_category/nominees./award/award_nomination/nominated_for /m/02c7k4 4249 4218 0 0 0 0
/m/09v4bym /award/award_category/nominees./award/award_nomination/nominated_for /m/0233bn 5 3 1 1 0 0
/m/09v4bym /award/award_category/nominees./award/award_nomination/nominated_for /m/08j7lh 12424 12408 0 0 0 0
/m/07bdd_ /award/award_category/nominees./award/award_nomination/nominated_for /m/06zn1c 13215 13187 0 0 0 0
/m/0f4x7 /award/award_category/nominees./award/award_nomination/nominated_for /m/0llcx 18 13 0 0 0 0
/m/0f4x7 /award/award_category/nominees./award/award_nomination/nominated_for /m/0j90s 13 8 0 1 0 0
/m/0j298t8 /award/award_category/nominees./award/award_nomination/nominated_for /m/05pt0l 5198 5195 0 0 0 0
/m/05ztrmj /award/award_category/nominees./award/award_nomination/nominated_for /m/047d21r 55 45 0 0 0 0
/m/09v51c2 /award/award_category/nominees./award/award_nomination/nominated_for /m/01f8f7 11 1 0 1 0 1
/m/03hj5vf /award/award_category/nominees./award/award_nomination/nominated_for /m/06fpsx 16 14 0 0 0 0
/m/09td7p /award/award_category/nominees./award/award_nomination/nominated_for /m/0g5879y 7047 7031 0 0 0 0
/m/0fbtbt /award/award_category/nominees./award/award_nomination/nominated_for /m/0300ml 6804 6781 0 0 0 0
/m/0bp_b2 /award/award_category/nominees./award/award_nomination/nominated_for /m/039fgy 11847 11834 0 0 0 0
/m/099t8j /award/award_category/nominees./award/award_nomination/nominated_for /m/049xgc 27 22 0 0 0 0
/m/02qvyrt /award/award_category/nominees./award/award_nomination/nominated_for /m/0gy7bj4 7040 7010 0 0 0 0
/m/09qv_s /award/award_category/nominees./award/award_nomination/nominated_for /m/0dl9_4 33 27 0 0 0 0
/m/057xs89 /award/award_category/nominees./award/award_nomination/nominated_for /m/02xs6_ 52 43 0 0 0 0
/m/02x1z2s /award/award_category/nominees./award/award_nomination/nominated_for /m/06ztvyx 35 27 0 0 0 0
/m/03ccq3s /award/award_category/nominees./award/award_nomination/nominated_for /m/0330r 12 9 0 1 0 0
/m/054krc /award/award_category/nominees./award/award_nomination/nominated_for /m/0c8qq 66 60 0 0 0 0
/m/094qd5 /award/award_category/nominees./award/award_nomination/nominated_for /m/011yxy 40 28 0 0 0 0
/m/0gr0m /award/award_category/nominees./award/award_nomination/nominated_for /m/0b_5d 79 70 0 0 0 0
/m/0gr4k /award/award_category/nominees./award/award_nomination/nominated_for /m/08zrbl 25 11 0 0 0 0
/m/0gr4k /award/award_category/nominees./award/award_nomination/nominated_for /m/0pd57 28 14 0 0 0 0
/m/0p9sw /award/award_category/nominees./award/award_nomination/nominated_for /m/0dtfn 23 17 0 0 0 0
/m/0p9sw /award/award_category/nominees./award/award_nomination/nominated_for /m/01f8hf 102 86 0 0 0 0
/m/027dtxw /award/award_category/nominees./award/award_nomination/nominated_for /m/016z7s 53 43 0 0 0 0
/m/05zvj3m /award/award_category/nominees./award/award_nomination/nominated_for /m/0372j5 19 12 0 0 0 0
/m/0gq_v /award/award_category/nominees./award/award_nomination/nominated_for /m/0bdjd 127 94 0 0 0 0
/m/03hkv_r /award/award_category/nominees./award/award_nomination/nominated_for /m/0fpv_3_ 5645 5612 0 0 0 0
/m/05ztjjw /award/award_category/nominees./award/award_nomination/nominated_for /m/0gldyz 7759 7721 0 0 0 0
/m/03hl6lc /award/award_category/nominees./award/award_nomination/nominated_for /m/0y_pg 8515 8478 0 0 0 0
/m/0cqhb3 /award/award_category/nominees./award/award_nomination/nominated_for /m/030p35 14 7 0 1 0 0
/m/07bdd_ /award/award_category/nominees./award/award_nomination/nominated_for /m/01r97z 53 35 0 0 0 0
/m/019f4v /award/award_category/nominees./award/award_nomination/nominated_for /m/02dr9j 90 67 0 0 0 0
/m/0f4x7 /award/award_category/nominees./award/award_nomination/nominated_for /m/0_b3d 19 14 0 0 0 0
/m/0f4x7 /award/award_category/nominees./award/award_nomination/nominated_for /m/07l50_1 52 42 0 0 0 0
/m/02x1dht /award/award_category/nominees./award/award_nomination/nominated_for /m/02rv_dz 66 51 0 0 0 0
/m/04ljl_l /award/award_category/nominees./award/award_nomination/nominated_for /m/03rtz1 38 26 0 0 0 0
/m/018wdw /award/award_category/nominees./award/award_nomination/nominated_for /m/08phg9 41 32 0 0 0 0
/m/018wdw /award/award_category/nominees./award/award_nomination/nominated_for /m/034b6k 3264 3247 0 0 0 0
/m/02g2yr /award/award_category/nominees./award/award_nomination/nominated_for /m/03fts 2615 2614 0 0 0 0
/m/0fq9zdn /award/award_category/nominees./award/award_nomination/nominated_for /m/0crs0b8 9914 9901 0 0 0 0
/m/05p1dby /award/award_category/nominees./award/award_nomination/nominated_for /m/03qcfvw 76 65 0 0 0 0
/m/02pzz3p /award/award_category/nominees./award/award_nomination/nominated_for /m/02_1rq 7 4 1 1 0 0
/m/054krc /award/award_category/nominees./award/award_nomination/nominated_for /m/0j80w 60 55 0 0 0 0
/m/0gqy2 /award/award_category/nominees./award/award_nomination/nominated_for /m/051zy_b 84 76 0 0 0 0
/m/0gqy2 /award/award_category/nominees./award/award_nomination/nominated_for /m/0h03fhx 47 40 0 0 0 0
/m/094qd5 /award/award_category/nominees./award/award_nomination/nominated_for /m/0j43swk 39 27 0 0 0 0
/m/02ppm4q /award/award_category/nominees./award/award_nomination/nominated_for /m/02k1pr 31 26 0 0 0 0
/m/05q8pss /award/award_category/nominees./award/award_nomination/nominated_for /m/032016 13497 13486 0 0 0 0
/m/0p9sw /award/award_category/nominees./award/award_nomination/nominated_for /m/01fx6y 103 87 0 0 0 0
/m/099c8n /award/award_category/nominees./award/award_nomination/nominated_for /m/011ypx 14 9 0 1 0 0
/m/099c8n /award/award_category/nominees./award/award_nomination/nominated_for /m/09p0ct 32 24 0 0 0 0
/m/0fq9zdv /award/award_category/nominees./award/award_nomination/nominated_for /m/035zr0 10681 10658 0 0 0 0
/m/0fq9zdv /award/award_category/nominees./award/award_nomination/nominated_for /m/021y7yw 3041 3030 0 0 0 0
/m/0gq_v /award/award_category/nominees./award/award_nomination/nominated_for /m/0cz_ym 137 104 0 0 0 0
/m/0bdw6t /award/award_category/nominees./award/award_nomination/nominated_for /m/080dwhx 28 16 0 0 0 0
/m/099jhq /award/award_category/nominees./award/award_nomination/nominated_for /m/09tqkv2 34 27 0 0 0 0
/m/0k611 /award/award_category/nominees./award/award_nomination/nominated_for /m/050gkf 102 83 0 0 0 0
/m/0gqwc /award/award_category/nominees./award/award_nomination/nominated_for /m/0kbhf 83 69 0 0 0 0
/m/0gqwc /award/award_category/nominees./award/award_nomination/nominated_for /m/04vq33 59 45 0 0 0 0
/m/02x1dht /award/award_category/nominees./award/award_nomination/nominated_for /m/02d478 9 4 1 1 0 0
/m/099flj /award/award_category/nominees./award/award_nomination/nominated_for /m/026qnh6 5054 5047 0 0 0 0
/m/04ljl_l /award/award_category/nominees./award/award_nomination/nominated_for /m/037xlx 26 16 0 0 0 0
/m/0fm3kw /award/award_category/nominees./award/award_nomination/nominated_for /m/0g5838s 12553 12549 0 0 0 0
/m/0bp_b2 /award/award_category/nominees./award/award_nomination/nominated_for /m/0n2bh 2783 2775 0 0 0 0
/m/02qvyrt /award/award_category/nominees./award/award_nomination/nominated_for /m/0hv4t 52 44 0 0 0 0
/m/0gq9h /award/award_category/nominees./award/award_nomination/nominated_for /m/07cdz 14 6 0 1 0 0
/m/02rdyk7 /award/award_category/nominees./award/award_nomination/nominated_for /m/05mrf_p 30 21 0 0 0 0
/m/0gr4k /award/award_category/nominees./award/award_nomination/nominated_for /m/0j80w 29 15 0 0 0 0
/m/0gr4k /award/award_category/nominees./award/award_nomination/nominated_for /m/0ywrc 26 12 0 0 0 0
/m/0gr4k /award/award_category/nominees./award/award_nomination/nominated_for /m/072x7s 43 26 0 0 0 0
/m/0gr4k /award/award_category/nominees./award/award_nomination/nominated_for /m/05hjnw 22 8 0 1 0 0
/m/0gr4k /award/award_category/nominees./award/award_nomination/nominated_for /m/0bj25 30 16 0 0 0 0
/m/02ppm4q /award/award_category/nominees./award/award_nomination/nominated_for /m/0gmgwnv 31 26 0 0 0 0
/m/04kxsb /award/award_category/nominees./award/award_nomination/nominated_for /m/0194zl 66 56 0 0 0 0
/m/05zrvfd /award/award_category/nominees./award/award_nomination/nominated_for /m/07s3m4g 7245 7240 0 0 0 0
/m/02x2gy0 /award/award_category/nominees./award/award_nomination/nominated_for /m/0gmcwlb 14113 14070 0 0 0 0
/m/0l8z1 /award/award_category/nominees./award/award_nomination/nominated_for /m/011ysn 57 47 0 0 0 0
/m/0gs9p /award/award_category/nominees./award/award_nomination/nominated_for /m/049xgc 36 23 0 0 0 0
/m/0gq_v /award/award_category/nominees./award/award_nomination/nominated_for /m/0kb57 48 29 0 0 0 0
/m/03c7tr1 /award/award_category/nominees./award/award_nomination/nominated_for /m/0419kt 48 39 0 0 0 0
/m/03c7tr1 /award/award_category/nominees./award/award_nomination/nominated_for /m/02sg5v 8512 8497 0 0 0 0
/m/099jhq /award/award_category/nominees./award/award_nomination/nominated_for /m/07yk1xz 33 26 0 0 0 0
/m/0k611 /award/award_category/nominees./award/award_nomination/nominated_for /m/0llcx 21 13 0 0 0 0
/m/02pqp12 /award/award_category/nominees./award/award_nomination/nominated_for /m/05cvgl 31 21 0 0 0 0
/m/07bdd_ /award/award_category/nominees./award/award_nomination/nominated_for /m/03cvwkr 87 66 0 0 0 0
/m/0f4x7 /award/award_category/nominees./award/award_nomination/nominated_for /m/026p4q7 114 103 0 0 0 0
/m/0f4x7 /award/award_category/nominees./award/award_nomination/nominated_for /m/011yfd 22 17 0 0 0 0
/m/0f4x7 /award/award_category/nominees./award/award_nomination/nominated_for /m/0gcpc 19 14 0 0 0 0
/m/0gkr9q /award/award_category/nominees./award/award_nomination/nominated_for /m/0ddd0gc 35 25 0 0 0 0
/m/05ztrmj /award/award_category/nominees./award/award_nomination/nominated_for /m/034qzw 53 43 0 0 0 0
/m/0gqyl /award/award_category/nominees./award/award_nomination/nominated_for /m/0j90s 70 62 0 0 0 0
/m/02y_rq5 /award/award_category/nominees./award/award_nomination/nominated_for /m/01jc6q 13802 13788 0 0 0 0
/m/04dn09n /award/award_category/nominees./award/award_nomination/nominated_for /m/021y7yw 144 125 0 0 0 0
/m/09ly2r6 /award/award_category/nominees./award/award_nomination/nominated_for /m/09gq0x5 9 7 1 1 0 0
/m/0gqxm /award/award_category/nominees./award/award_nomination/nominated_for /m/02z0f6l 8979 8952 0 0 0 0
/m/02g2yr /award/award_category/nominees./award/award_nomination/nominated_for /m/014_x2 17 16 0 0 0 0
/m/02qvyrt /award/award_category/nominees./award/award_nomination/nominated_for /m/02phtzk 44 36 0 0 0 0
/m/02qvyrt /award/award_category/nominees./award/award_nomination/nominated_for /m/0fgpvf 49 41 0 0 0 0
/m/0cqgl9 /award/award_category/nominees./award/award_nomination/nominated_for /m/05z43v 747 743 0 0 0 0
/m/0ck27z /award/award_category/nominees./award/award_nomination/nominated_for /m/030p35 19 14 0 0 0 0
/m/03ccq3s /award/award_category/nominees./award/award_nomination/nominated_for /m/02r1ysd 26 21 0 0 0 0
/m/0gqy2 /award/award_category/nominees./award/award_nomination/nominated_for /m/0qm98 18 11 0 0 0 0
/m/0gqy2 /award/award_category/nominees./award/award_nomination/nominated_for /m/07yk1xz 52 45 0 0 0 0
/m/02py_sj /award/award_category/nominees./award/award_nomination/nominated_for /m/01b65l 3 2 1 1 0 0
/m/04kxsb /award/award_category/nominees./award/award_nomination/nominated_for /m/049xgc 65 55 0 0 0 0
/m/063y_ky /award/award_category/nominees./award/award_nomination/nominated_for /m/0fz3b1 26 24 0 0 0 0
/m/099c8n /award/award_category/nominees./award/award_nomination/nominated_for /m/05c46y6 29 21 0 0 0 0
/m/09qvc0 /award/award_category/nominees./award/award_nomination/nominated_for /m/03ln8b 5682 5678 0 0 0 0
/m/05zvj3m /award/award_category/nominees./award/award_nomination/nominated_for /m/065zlr 45 33 0 0 0 0
/m/05zvj3m /award/award_category/nominees./award/award_nomination/nominated_for /m/02v63m 46 33 0 0 0 0
/m/0gs9p /award/award_category/nominees./award/award_nomination/nominated_for /m/0f4_l 26 16 0 0 0 0
/m/0gs9p /award/award_category/nominees./award/award_nomination/nominated_for /m/012mrr 52 36 0 0 0 0
/m/0fms83 /award/award_category/nominees./award/award_nomination/nominated_for /m/07l50vn 4979 4977 0 0 0 0
/m/0gq_v /award/award_category/nominees./award/award_nomination/nominated_for /m/01gvsn 46 27 0 0 0 0
/m/03hkv_r /award/award_category/nominees./award/award_nomination/nominated_for /m/083shs 49 35 0 0 0 0
/m/03hkv_r /award/award_category/nominees./award/award_nomination/nominated_for /m/02rx2m5 48 34 0 0 0 0
/m/03hl6lc /award/award_category/nominees./award/award_nomination/nominated_for /m/0sxmx 29 18 0 0 0 0
/m/03hl6lc /award/award_category/nominees./award/award_nomination/nominated_for /m/09k56b7 11429 11384 0 0 0 0
/m/02pqp12 /award/award_category/nominees./award/award_nomination/nominated_for /m/0yyts 55 43 0 0 0 0
/m/02xj3rw /award/award_category/nominees./award/award_nomination/nominated_for /m/08nhfc1 11579 11565 0 0 0 0
/m/02r0csl /award/award_category/nominees./award/award_nomination/nominated_for /m/01mgw 6997 6944 0 0 0 0
/m/02r0csl /award/award_category/nominees./award/award_nomination/nominated_for /m/09q5w2 13775 13697 0 0 0 0
/m/02r22gf /award/award_category/nominees./award/award_nomination/nominated_for /m/02vxq9m 32 21 0 0 0 0
/m/0gr51 /award/award_category/nominees./award/award_nomination/nominated_for /m/041td_ 70 56 0 0 0 0
/m/0gqwc /award/award_category/nominees./award/award_nomination/nominated_for /m/09tqkv2 67 53 0 0 0 0
/m/02x258x /award/award_category/nominees./award/award_nomination/nominated_for /m/07z6xs 193 186 0 0 0 0
/m/099flj /award/award_category/nominees./award/award_nomination/nominated_for /m/05zy3sc 8 7 1 1 0 0
/m/0bdwqv /award/award_category/nominees./award/award_nomination/nominated_for /m/04glx0 26 24 0 0 0 0
/m/05ztrmj /award/award_category/nominees./award/award_nomination/nominated_for /m/02_sr1 9 4 1 1 0 0
/m/0fhpv4 /award/award_category/nominees./award/award_nomination/nominated_for /m/0h03fhx 10444 10421 0 0 0 0
/m/0gs96 /award/award_category/nominees./award/award_nomination/nominated_for /m/01gvsn 20 16 0 0 0 0
/m/04ljl_l /award/award_category/nominees./award/award_nomination/nominated_for /m/05pdh86 16 8 0 1 0 0
/m/09v1lrz /award/award_category/nominees./award/award_nomination/nominated_for /m/0dkv90 141 140 0 0 0 0
/m/05b4l5x /award/award_category/nominees./award/award_nomination/nominated_for /m/07sgdw 24 15 0 0 0 0
/m/040njc /award/award_category/nominees./award/award_nomination/nominated_for /m/09p3_s 19 11 0 0 0 0
/m/02g2wv /award/award_category/nominees./award/award_nomination/nominated_for /m/01hv3t 24 24 0 0 0 0
/m/02rdxsh /award/award_category/nominees./award/award_nomination/nominated_for /m/02rcdc2 4 4 1 1 0 0
/m/02py_sj /award/award_category/nominees./award/award_nomination/nominated_for /m/02_1q9 3143 3142 0 0 0 0
/m/0gr4k /award/award_category/nominees./award/award_nomination/nominated_for /m/0m_mm 29 15 0 0 0 0
/m/0f_nbyh /award/award_category/nominees./award/award_nomination/nominated_for /m/011yn5 37 23 0 0 0 0
/m/0f_nbyh /award/award_category/nominees./award/award_nomination/nominated_for /m/04hwbq 9913 9888 0 0 0 0
/m/0p9sw /award/award_category/nominees./award/award_nomination/nominated_for /m/0hmm7 68 54 0 0 0 0
/m/027dtxw /award/award_category/nominees./award/award_nomination/nominated_for /m/02lxrv 45 35 0 0 0 0
/m/027dtxw /award/award_category/nominees./award/award_nomination/nominated_for /m/015qqg 45 35 0 0 0 0
/m/0gq_v /award/award_category/nominees./award/award_nomination/nominated_for /m/0jsf6 43 27 0 0 0 0
/m/02qrbbx /award/award_category/nominees./award/award_nomination/nominated_for /m/0g5q34q 2261 2261 0 0 0 0
/m/02x17s4 /award/award_category/nominees./award/award_nomination/nominated_for /m/02cbhg 31 23 0 0 0 0
/m/02z0dfh /award/award_category/nominees./award/award_nomination/nominated_for /m/06fpsx 24 14 0 0 0 0
/m/0gr51 /award/award_category/nominees./award/award_nomination/nominated_for /m/02hfk5 111 96 0 0 0 0
/m/0gqwc /award/award_category/nominees./award/award_nomination/nominated_for /m/021y7yw 49 36 0 0 0 0
/m/019f4v /award/award_category/nominees./award/award_nomination/nominated_for /m/03cfkrw 118 94 0 0 0 0
/m/0f4x7 /award/award_category/nominees./award/award_nomination/nominated_for /m/011ykb 18 13 0 0 0 0
/m/05ztrmj /award/award_category/nominees./award/award_nomination/nominated_for /m/08hmch 55 45 0 0 0 0
/m/0fbtbt /award/award_category/nominees./award/award_nomination/nominated_for /m/039c26 11 1 0 1 0 1
/m/0fbtbt /award/award_category/nominees./award/award_nomination/nominated_for /m/07g9f 11 1 0 1 0 1
/m/02qvyrt /award/award_category/nominees./award/award_nomination/nominated_for /m/0dr_4 13094 13045 0 0 0 0
/m/02qyntr /award/award_category/nominees./award/award_nomination/nominated_for /m/09cr8 26 12 0 0 0 0
/m/099cng /award/award_category/nominees./award/award_nomination/nominated_for /m/0gvvm6l 1468 1466 0 0 0 0
/m/0c422z4 /award/award_category/nominees./award/award_nomination/nominated_for /m/0ds3t5x 552 548 0 0 0 0
/m/0gq9h /award/award_category/nominees./award/award_nomination/nominated_for /m/0fpv_3_ 15 7 0 1 0 0
/m/02rdyk7 /award/award_category/nominees./award/award_nomination/nominated_for /m/03hkch7 34 24 0 0 0 0
/m/0fbvqf /award/award_category/nominees./award/award_nomination/nominated_for /m/063ykwt 24 16 0 0 0 0
/m/0gr4k /award/award_category/nominees./award/award_nomination/nominated_for /m/05c5z8j 93 75 0 0 0 0
/m/04kxsb /award/award_category/nominees./award/award_nomination/nominated_for /m/0c9k8 45 36 0 0 0 0
/m/063y_ky /award/award_category/nominees./award/award_nomination/nominated_for /m/0bvn25 11191 11170 0 0 0 0
/m/05zr6wv /award/award_category/nominees./award/award_nomination/nominated_for /m/057lbk 60 52 0 0 0 0
/m/05zr6wv /award/award_category/nominees./award/award_nomination/nominated_for /m/0dr3sl 57 49 0 0 0 0
/m/0f_nbyh /award/award_category/nominees./award/award_nomination/nominated_for /m/0ds3t5x 62 48 0 0 0 0
/m/0p9sw /award/award_category/nominees./award/award_nomination/nominated_for /m/07xvf 94 78 0 0 0 0
/m/0gq_v /award/award_category/nominees./award/award_nomination/nominated_for /m/0b2v79 118 89 0 0 0 0
/m/0gq_v /award/award_category/nominees./award/award_nomination/nominated_for /m/02jxrw 125 92 0 0 0 0
/m/03hkv_r /award/award_category/nominees./award/award_nomination/nominated_for /m/09z2b7 852 837 0 0 0 0
/m/02pqp12 /award/award_category/nominees./award/award_nomination/nominated_for /m/0fpv_3_ 46 35 0 0 0 0
/m/02pqp12 /award/award_category/nominees./award/award_nomination/nominated_for /m/0sxmx 44 33 0 0 0 0
/m/02r0csl /award/award_category/nominees./award/award_nomination/nominated_for /m/02lxrv 27 21 0 0 0 0
/m/02qrbbx /award/award_category/nominees./award/award_nomination/nominated_for /m/03f7xg 10747 10743 0 0 0 0
/m/07bdd_ /award/award_category/nominees./award/award_nomination/nominated_for /m/0dp7wt 88 67 0 0 0 0
/m/019f4v /award/award_category/nominees./award/award_nomination/nominated_for /m/0bmhvpr 26 9 0 1 0 0
/m/02x258x /award/award_category/nominees./award/award_nomination/nominated_for /m/019vhk 45 38 0 0 0 0
/m/0f4x7 /award/award_category/nominees./award/award_nomination/nominated_for /m/02cbg0 97 87 0 0 0 0
/m/0bdwqv /award/award_category/nominees./award/award_nomination/nominated_for /m/043mk4y 26 24 0 0 0 0
/m/054knh /award/award_category/nominees./award/award_nomination/nominated_for /m/0gpx6 11522 11500 0 0 0 0
/m/0gs96 /award/award_category/nominees./award/award_nomination/nominated_for /m/0gl3hr 68 58 0 0 0 0
/m/0gs96 /award/award_category/nominees./award/award_nomination/nominated_for /m/0qmd5 80 67 0 0 0 0
/m/04ljl_l /award/award_category/nominees./award/award_nomination/nominated_for /m/02sfnv 69 52 0 0 0 0
/m/04ljl_l /award/award_category/nominees./award/award_nomination/nominated_for /m/042g97 69 52 0 0 0 0
/m/02y_rq5 /award/award_category/nominees./award/award_nomination/nominated_for /m/0_b9f 20 15 0 0 0 0
/m/09td7p /award/award_category/nominees./award/award_nomination/nominated_for /m/09gq0x5 8304 8287 0 0 0 0
/m/04dn09n /award/award_category/nominees./award/award_nomination/nominated_for /m/0bj25 74 57 0 0 0 0
/m/018wdw /award/award_category/nominees./award/award_nomination/nominated_for /m/01hr1 11768 11734 0 0 0 0
/m/0bdw1g /award/award_category/nominees./award/award_nomination/nominated_for /m/02zk08 4528 4521 0 0 0 0
/m/040njc /award/award_category/nominees./award/award_nomination/nominated_for /m/01hv3t 23 15 0 0 0 0
/m/040njc /award/award_category/nominees./award/award_nomination/nominated_for /m/0k20s 26 18 0 0 0 0
/m/02pzz3p /award/award_category/nominees./award/award_nomination/nominated_for /m/02_1ky 9286 9282 0 0 0 0
/m/054krc /award/award_category/nominees./award/award_nomination/nominated_for /m/0cc5qkt 61 56 0 0 0 0
/m/0cjyzs /award/award_category/nominees./award/award_nomination/nominated_for /m/02rkkn1 18 7 0 1 0 0
/m/0gr0m /award/award_category/nominees./award/award_nomination/nominated_for /m/09tkzy 92 81 0 0 0 0
/m/0gr0m /award/award_category/nominees./award/award_nomination/nominated_for /m/0m5s5 106 95 0 0 0 0
/m/027dtxw /award/award_category/nominees./award/award_nomination/nominated_for /m/0b4lkx 45 35 0 0 0 0
/m/09v8db5 /award/award_category/nominees./award/award_nomination/nominated_for /m/0df92l 7 5 1 1 0 0
/m/05f4m9q /award/award_category/nominees./award/award_nomination/nominated_for /m/03z20c 42 32 0 0 0 0
/m/05f4m9q /award/award_category/nominees./award/award_nomination/nominated_for /m/04ddm4 3327 3308 0 0 0 0
/m/05f4m9q /award/award_category/nominees./award/award_nomination/nominated_for /m/04fv5b 13561 13523 0 0 0 0
/m/0gs9p /award/award_category/nominees./award/award_nomination/nominated_for /m/0209xj 21 11 0 0 0 0
/m/0gs9p /award/award_category/nominees./award/award_nomination/nominated_for /m/0b73_1d 33 22 0 0 0 0
/m/0cjcbg /award/award_category/nominees./award/award_nomination/nominated_for /m/05h95s 12690 12686 0 0 0 0
/m/0k611 /award/award_category/nominees./award/award_nomination/nominated_for /m/02jxbw 43 31 0 0 0 0
/m/0k611 /award/award_category/nominees./award/award_nomination/nominated_for /m/02k1pr 54 42 0 0 0 0
/m/02r0csl /award/award_category/nominees./award/award_nomination/nominated_for /m/017180 5469 5433 0 0 0 0
/m/07cbcy /award/award_category/nominees./award/award_nomination/nominated_for /m/0bv8h2 4779 4758 0 0 0 0
/m/02hsq3m /award/award_category/nominees./award/award_nomination/nominated_for /m/011xg5 37 26 0 0 0 0
/m/0cqhb3 /award/award_category/nominees./award/award_nomination/nominated_for /m/01fx1l 7739 7730 0 0 0 0
/m/07bdd_ /award/award_category/nominees./award/award_nomination/nominated_for /m/03nx8mj 39 25 0 0 0 0
/m/07bdd_ /award/award_category/nominees./award/award_nomination/nominated_for /m/03t79f 72 52 0 0 0 0
/m/019f4v /award/award_category/nominees./award/award_nomination/nominated_for /m/0_b9f 29 12 0 0 0 0
/m/09sb52 /award/award_category/nominees./award/award_nomination/nominated_for /m/0404j37 33 28 0 0 0 0
/m/0gkr9q /award/award_category/nominees./award/award_nomination/nominated_for /m/0gvsh7l 35 25 0 0 0 0
/m/09v478h /award/award_category/nominees./award/award_nomination/nominated_for /m/01f8gz 14086 14080 0 0 0 0
/m/02qvyrt /award/award_category/nominees./award/award_nomination/nominated_for /m/0ch26b_ 51 43 0 0 0 0
/m/099tbz /award/award_category/nominees./award/award_nomination/nominated_for /m/09tqkv2 11336 11308 0 0 0 0
/m/057xs89 /award/award_category/nominees./award/award_nomination/nominated_for /m/0900j5 4947 4931 0 0 0 0
/m/02rdxsh /award/award_category/nominees./award/award_nomination/nominated_for /m/0h6r5 12750 12700 0 0 0 0
/m/0drtkx /award/award_category/nominees./award/award_nomination/nominated_for /m/0g56t9t 8391 8375 0 0 0 0
/m/0c422z4 /award/award_category/nominees./award/award_nomination/nominated_for /m/09k56b7 13 12 0 0 0 0
/m/054krc /award/award_category/nominees./award/award_nomination/nominated_for /m/02k1pr 60 55 0 0 0 0
/m/0gr42 /award/award_category/nominees./award/award_nomination/nominated_for /m/0gd0c7x 8652 8622 0 0 0 0
/m/0dgr5xp /award/award_category/nominees./award/award_nomination/nominated_for /m/043n0v_ 7 6 1 1 0 0
/m/0gqy2 /award/award_category/nominees./award/award_nomination/nominated_for /m/02d44q 66 58 0 0 0 0
/m/063y_ky /award/award_category/nominees./award/award_nomination/nominated_for /m/0258dh 26 24 0 0 0 0
/m/02x73k6 /award/award_category/nominees./award/award_nomination/nominated_for /m/01jc6q 26 18 0 0 0 0
/m/02x2gy0 /award/award_category/nominees./award/award_nomination/nominated_for /m/0prh7 8963 8935 0 0 0 0
/m/0cqhk0 /award/award_category/nominees./award/award_nomination/nominated_for /m/030k94 21 14 0 0 0 0
/m/0l8z1 /award/award_category/nominees./award/award_nomination/nominated_for /m/035xwd 80 70 0 0 0 0
/m/0l8z1 /award/award_category/nominees./award/award_nomination/nominated_for /m/09tcg4 63 53 0 0 0 0
/m/099c8n /award/award_category/nominees./award/award_nomination/nominated_for /m/0dr_4 9 5 1 1 0 0
/m/027dtxw /award/award_category/nominees./award/award_nomination/nominated_for /m/012mrr 10513 10474 0 0 0 0
/m/03hkv_r /award/award_category/nominees./award/award_nomination/nominated_for /m/0c0nhgv 40 28 0 0 0 0
/m/03hkv_r /award/award_category/nominees./award/award_nomination/nominated_for /m/0_9l_ 41 29 0 0 0 0
/m/0k611 /award/award_category/nominees./award/award_nomination/nominated_for /m/035yn8 32 23 0 0 0 0
/m/02r0csl /award/award_category/nominees./award/award_nomination/nominated_for /m/04165w 12853 12779 0 0 0 0
/m/02g3v6 /award/award_category/nominees./award/award_nomination/nominated_for /m/01hp5 3674 3656 0 0 0 0
/m/0gqwc /award/award_category/nominees./award/award_nomination/nominated_for /m/01gvpz 49 36 0 0 0 0
/m/0gqwc /award/award_category/nominees./award/award_nomination/nominated_for /m/0qm9n 49 36 0 0 0 0
/m/02hsq3m /award/award_category/nominees./award/award_nomination/nominated_for /m/02wgk1 15 6 0 1 0 0
/m/02x1dht /award/award_category/nominees./award/award_nomination/nominated_for /m/01rwpj 7295 7269 0 0 0 0
/m/0gkr9q /award/award_category/nominees./award/award_nomination/nominated_for /m/02rzdcp 35 25 0 0 0 0
/m/0gkr9q /award/award_category/nominees./award/award_nomination/nominated_for /m/01kt_j 35 25 0 0 0 0
/m/0gs96 /award/award_category/nominees./award/award_nomination/nominated_for /m/04k9y6 58 51 0 0 0 0
/m/04ljl_l /award/award_category/nominees./award/award_nomination/nominated_for /m/07sp4l 52 36 0 0 0 0
/m/02w9sd7 /award/award_category/nominees./award/award_nomination/nominated_for /m/015whm 34 26 0 0 0 0
/m/04dn09n /award/award_category/nominees./award/award_nomination/nominated_for /m/016yxn 134 116 0 0 0 0
/m/040njc /award/award_category/nominees./award/award_nomination/nominated_for /m/0m9p3 101 88 0 0 0 0
/m/07kjk7c /award/award_category/nominees./award/award_nomination/nominated_for /m/043mk4y 1269 1263 0 0 0 0
/m/099cng /award/award_category/nominees./award/award_nomination/nominated_for /m/093l8p 27 25 0 0 0 0
/m/02x1z2s /award/award_category/nominees./award/award_nomination/nominated_for /m/09lxv9 31 24 0 0 0 0
/m/02x1z2s /award/award_category/nominees./award/award_nomination/nominated_for /m/01hvjx 36 28 0 0 0 0
/m/02x4sn8 /award/award_category/nominees./award/award_nomination/nominated_for /m/0b76t12 5128 5115 0 0 0 0
/m/02x4wr9 /award/award_category/nominees./award/award_nomination/nominated_for /m/09gb_4p 40 35 0 0 0 0
/m/094qd5 /award/award_category/nominees./award/award_nomination/nominated_for /m/0jqj5 39 27 0 0 0 0
/m/0cjyzs /award/award_category/nominees./award/award_nomination/nominated_for /m/03ln8b 18 7 0 1 0 0
/m/02ppm4q /award/award_category/nominees./award/award_nomination/nominated_for /m/03b1sb 31 26 0 0 0 0
/m/0l8z1 /award/award_category/nominees./award/award_nomination/nominated_for /m/02cbg0 83 73 0 0 0 0
/m/099c8n /award/award_category/nominees./award/award_nomination/nominated_for /m/0b73_1d 32 24 0 0 0 0
/m/099c8n /award/award_category/nominees./award/award_nomination/nominated_for /m/02r1c18 34 26 0 0 0 0
/m/0gq_v /award/award_category/nominees./award/award_nomination/nominated_for /m/02z0f6l 127 94 0 0 0 0
/m/099jhq /award/award_category/nominees./award/award_nomination/nominated_for /m/02rx2m5 46 39 0 0 0 0
/m/05ztjjw /award/award_category/nominees./award/award_nomination/nominated_for /m/0bpm4yw 14 12 0 0 0 0
/m/03hl6lc /award/award_category/nominees./award/award_nomination/nominated_for /m/0fh694 80 68 0 0 0 0
/m/02pqp12 /award/award_category/nominees./award/award_nomination/nominated_for /m/0ggbhy7 106 94 0 0 0 0
/m/02r22gf /award/award_category/nominees./award/award_nomination/nominated_for /m/04x4gw 5328 5291 0 0 0 0
/m/0gqwc /award/award_category/nominees./award/award_nomination/nominated_for /m/0dr_4 38 25 0 0 0 0
/m/07bdd_ /award/award_category/nominees./award/award_nomination/nominated_for /m/04tc1g 64 45 0 0 0 0
/m/0f4x7 /award/award_category/nominees./award/award_nomination/nominated_for /m/04165w 93 83 0 0 0 0
/m/0f4x7 /award/award_category/nominees./award/award_nomination/nominated_for /m/01lsl 16 11 0 0 0 0
/m/0f4x7 /award/award_category/nominees./award/award_nomination/nominated_for /m/011ypx 18 13 0 0 0 0
/m/0gqyl /award/award_category/nominees./award/award_nomination/nominated_for /m/0dsvzh 46 39 0 0 0 0
/m/03hj5vf /award/award_category/nominees./award/award_nomination/nominated_for /m/0bs5vty 11 9 0 1 0 0
/m/09qrn4 /award/award_category/nominees./award/award_nomination/nominated_for /m/02r1ysd 33 20 0 0 0 0
/m/09td7p /award/award_category/nominees./award/award_nomination/nominated_for /m/09z2b7 35 28 0 0 0 0
/m/07kjk7c /award/award_category/nominees./award/award_nomination/nominated_for /m/02kk_c 19 15 0 0 0 0
/m/02qvyrt /award/award_category/nominees./award/award_nomination/nominated_for /m/0h03fhx 39 32 0 0 0 0
/m/0gq9h /award/award_category/nominees./award/award_nomination/nominated_for /m/02vnmc9 41 23 0 0 0 0
/m/0gqy2 /award/award_category/nominees./award/award_nomination/nominated_for /m/01vfqh 84 76 0 0 0 0
/m/0gr4k /award/award_category/nominees./award/award_nomination/nominated_for /m/0dt8xq 90 72 0 0 0 0
/m/063y_ky /award/award_category/nominees./award/award_nomination/nominated_for /m/0170th 21 19 0 0 0 0
/m/02x2gy0 /award/award_category/nominees./award/award_nomination/nominated_for /m/0gh65c5 5114 5095 0 0 0 0
/m/09qwmm /award/award_category/nominees./award/award_nomination/nominated_for /m/07k2mq 28 21 0 0 0 0
/m/0gs9p /award/award_category/nominees./award/award_nomination/nominated_for /m/0jzw 16 9 0 1 0 0
/m/0gq_v /award/award_category/nominees./award/award_nomination/nominated_for /m/025scjj 24 12 0 0 0 0
/m/03c7tr1 /award/award_category/nominees./award/award_nomination/nominated_for /m/09sh8k 23 16 0 0 0 0
/m/0k611 /award/award_category/nominees./award/award_nomination/nominated_for /m/011yn5 113 94 0 0 0 0
/m/05ztjjw /award/award_category/nominees./award/award_nomination/nominated_for /m/017d93 116 113 0 0 0 0
/m/02r0csl /award/award_category/nominees./award/award_nomination/nominated_for /m/095zlp 6803 6760 0 0 0 0
/m/019f4v /award/award_category/nominees./award/award_nomination/nominated_for /m/015qqg 30 13 0 0 0 0
/m/0f4x7 /award/award_category/nominees./award/award_nomination/nominated_for /m/06t6dz 95 85 0 0 0 0
/m/099flj /award/award_category/nominees./award/award_nomination/nominated_for /m/0bmhvpr 2327 2324 0 0 0 0
/m/0gqyl /award/award_category/nominees./award/award_nomination/nominated_for /m/016z7s 94 86 0 0 0 0
/m/04dn09n /award/award_category/nominees./award/award_nomination/nominated_for /m/071nw5 73 56 0 0 0 0
/m/040njc /award/award_category/nominees./award/award_nomination/nominated_for /m/0286hyp 51 40 0 0 0 0
/m/02qvyrt /award/award_category/nominees./award/award_nomination/nominated_for /m/09p3_s 50 42 0 0 0 0
/m/02x4sn8 /award/award_category/nominees./award/award_nomination/nominated_for /m/0dzz6g 5051 5038 0 0 0 0
/m/054krc /award/award_category/nominees./award/award_nomination/nominated_for /m/016z5x 67 61 0 0 0 0
/m/0gq9h /award/award_category/nominees./award/award_nomination/nominated_for /m/072x7s 18 10 0 1 0 0
/m/09tqxt /award/award_category/nominees./award/award_nomination/nominated_for /m/05c26ss 2585 2578 0 0 0 0
/m/0gr0m /award/award_category/nominees./award/award_nomination/nominated_for /m/07jnt 59 51 0 0 0 0
/m/0gr4k /award/award_category/nominees./award/award_nomination/nominated_for /m/0pv3x 26 12 0 0 0 0
/m/02x73k6 /award/award_category/nominees./award/award_nomination/nominated_for /m/01rwpj 33 24 0 0 0 0
/m/02x73k6 /award/award_category/nominees./award/award_nomination/nominated_for /m/09q23x 33 24 0 0 0 0
/m/09qwmm /award/award_category/nominees./award/award_nomination/nominated_for /m/02q6gfp 28 21 0 0 0 0
/m/027dtxw /award/award_category/nominees./award/award_nomination/nominated_for /m/017jd9 44 34 0 0 0 0
/m/0gs9p /award/award_category/nominees./award/award_nomination/nominated_for /m/01z452 120 102 0 0 0 0
/m/0gs9p /award/award_category/nominees./award/award_nomination/nominated_for /m/0k4bc 39 26 0 0 0 0
/m/02wkmx /award/award_category/nominees./award/award_nomination/nominated_for /m/0gpx6 12757 12752 0 0 0 0
/m/05ztjjw /award/award_category/nominees./award/award_nomination/nominated_for /m/02p76f9 10441 10396 0 0 0 0
/m/02pqp12 /award/award_category/nominees./award/award_nomination/nominated_for /m/0c0zq 54 42 0 0 0 0
/m/02r0csl /award/award_category/nominees./award/award_nomination/nominated_for /m/0k4p0 6333 6289 0 0 0 0
/m/02g3v6 /award/award_category/nominees./award/award_nomination/nominated_for /m/04pk1f 5999 5969 0 0 0 0
/m/02hsq3m /award/award_category/nominees./award/award_nomination/nominated_for /m/01ln5z 10020 9970 0 0 0 0
/m/09v4bym /award/award_category/nominees./award/award_nomination/nominated_for /m/02qd04y 10 4 1 1 0 0
/m/019f4v /award/award_category/nominees./award/award_nomination/nominated_for /m/04cj79 132 108 0 0 0 0
/m/05q5t0b /award/award_category/nominees./award/award_nomination/nominated_for /m/03cvwkr 4020 4017 0 0 0 0
/m/0f4x7 /award/award_category/nominees./award/award_nomination/nominated_for /m/0ggbhy7 97 87 0 0 0 0
/m/09sb52 /award/award_category/nominees./award/award_nomination/nominated_for /m/0pv3x 41 36 0 0 0 0
/m/0gs96 /award/award_category/nominees./award/award_nomination/nominated_for /m/0_b9f 77 64 0 0 0 0
/m/0gs96 /award/award_category/nominees./award/award_nomination/nominated_for /m/04165w 77 64 0 0 0 0
/m/09td7p /award/award_category/nominees./award/award_nomination/nominated_for /m/011ykb 6506 6491 0 0 0 0
/m/09qvf4 /award/award_category/nominees./award/award_nomination/nominated_for /m/0cs134 11 7 0 1 0 0
/m/040njc /award/award_category/nominees./award/award_nomination/nominated_for /m/02mpyh 86 73 0 0 0 0
/m/02qyntr /award/award_category/nominees./award/award_nomination/nominated_for /m/017gl1 82 58 0 0 0 0
/m/0cqgl9 /award/award_category/nominees./award/award_nomination/nominated_for /m/0dl6fv 22 18 0 0 0 0
/m/0gq9h /award/award_category/nominees./award/award_nomination/nominated_for /m/05v38p 83 54 0 0 0 0
/m/02x4wr9 /award/award_category/nominees./award/award_nomination/nominated_for /m/0djlxb 19 15 0 0 0 0
/m/0gr0m /award/award_category/nominees./award/award_nomination/nominated_for /m/015gm8 47 40 0 0 0 0
/m/0gr4k /award/award_category/nominees./award/award_nomination/nominated_for /m/0jym0 24 10 0 1 0 0
/m/04kxsb /award/award_category/nominees./award/award_nomination/nominated_for /m/0bdjd 66 56 0 0 0 0
/m/09sdmz /award/award_category/nominees./award/award_nomination/nominated_for /m/01hqhm 37 27 0 0 0 0
/m/0l8z1 /award/award_category/nominees./award/award_nomination/nominated_for /m/029zqn 79 69 0 0 0 0
/m/099c8n /award/award_category/nominees./award/award_nomination/nominated_for /m/03qnc6q 9 5 1 1 0 0
/m/099c8n /award/award_category/nominees./award/award_nomination/nominated_for /m/01hqhm 24 16 0 0 0 0
/m/04ldyx1 /award/award_category/nominees./award/award_nomination/nominated_for /m/0828jw 8580 8577 0 0 0 0
/m/0gs9p /award/award_category/nominees./award/award_nomination/nominated_for /m/0m_q0 42 29 0 0 0 0
/m/0gq_v /award/award_category/nominees./award/award_nomination/nominated_for /m/0661ql3 62 39 0 0 0 0
/m/0gq_v /award/award_category/nominees./award/award_nomination/nominated_for /m/0jzw 46 27 0 0 0 0
/m/0bdw6t /award/award_category/nominees./award/award_nomination/nominated_for /m/017f3m 21 9 0 1 0 0
/m/02pqp12 /award/award_category/nominees./award/award_nomination/nominated_for /m/027pfg 102 90 0 0 0 0
/m/02g3v6 /award/award_category/nominees./award/award_nomination/nominated_for /m/03177r 18 14 0 0 0 0
/m/0gr51 /award/award_category/nominees./award/award_nomination/nominated_for /m/02v8kmz 81 67 0 0 0 0
/m/027gs1_ /award/award_category/nominees./award/award_nomination/nominated_for /m/02czd5 27 18 0 0 0 0
/m/0cqhb3 /award/award_category/nominees./award/award_nomination/nominated_for /m/02rzdcp 15 8 0 1 0 0
/m/02x258x /award/award_category/nominees./award/award_nomination/nominated_for /m/017jd9 20 16 0 0 0 0
/m/09sb52 /award/award_category/nominees./award/award_nomination/nominated_for /m/04b2qn 33 28 0 0 0 0
/m/02x1dht /award/award_category/nominees./award/award_nomination/nominated_for /m/0c0zq 46 34 0 0 0 0
/m/0bdwqv /award/award_category/nominees./award/award_nomination/nominated_for /m/025ts_z 13636 13631 0 0 0 0
/m/04ljl_l /award/award_category/nominees./award/award_nomination/nominated_for /m/02hxhz 69 52 0 0 0 0
/m/027qq9b /award/award_category/nominees./award/award_nomination/nominated_for /m/0147w8 4999 4992 0 0 0 0
/m/09qrn4 /award/award_category/nominees./award/award_nomination/nominated_for /m/0d68qy 12 3 0 1 0 0
/m/02w9sd7 /award/award_category/nominees./award/award_nomination/nominated_for /m/0y_hb 15 8 0 1 0 0
/m/0fbtbt /award/award_category/nominees./award/award_nomination/nominated_for /m/0m123 823 802 0 0 0 0
/m/0gqxm /award/award_category/nominees./award/award_nomination/nominated_for /m/05y0cr 38 27 0 0 0 0
/m/02qyntr /award/award_category/nominees./award/award_nomination/nominated_for /m/0b6tzs 58 35 0 0 0 0
/m/02x4sn8 /award/award_category/nominees./award/award_nomination/nominated_for /m/0h95927 45 36 0 0 0 0
/m/02x4x18 /award/award_category/nominees./award/award_nomination/nominated_for /m/016kv6 2295 2292 0 0 0 0
/m/0gq9h /award/award_category/nominees./award/award_nomination/nominated_for /m/011yxy 23 15 0 0 0 0
/m/0gr0m /award/award_category/nominees./award/award_nomination/nominated_for /m/05dy7p 59 51 0 0 0 0
/m/0gr4k /award/award_category/nominees./award/award_nomination/nominated_for /m/0kcn7 30 16 0 0 0 0
/m/02ppm4q /award/award_category/nominees./award/award_nomination/nominated_for /m/0fgpvf 11564 11539 0 0 0 0
/m/02x73k6 /award/award_category/nominees./award/award_nomination/nominated_for /m/0h6r5 26 18 0 0 0 0
/m/02x73k6 /award/award_category/nominees./award/award_nomination/nominated_for /m/0blpg 21 14 0 0 0 0
/m/09sdmz /award/award_category/nominees./award/award_nomination/nominated_for /m/01rwpj 37 27 0 0 0 0
/m/02x2gy0 /award/award_category/nominees./award/award_nomination/nominated_for /m/09q5w2 6730 6712 0 0 0 0
/m/0fq9zdv /award/award_category/nominees./award/award_nomination/nominated_for /m/01dvbd 7378 7364 0 0 0 0
/m/05zvj3m /award/award_category/nominees./award/award_nomination/nominated_for /m/0fz3b1 735 721 0 0 0 0
/m/05ztjjw /award/award_category/nominees./award/award_nomination/nominated_for /m/07f_t4 2228 2215 0 0 0 0
/m/03hl6lc /award/award_category/nominees./award/award_nomination/nominated_for /m/05jf85 9983 9937 0 0 0 0
/m/02xj3rw /award/award_category/nominees./award/award_nomination/nominated_for /m/02d49z 12985 12969 0 0 0 0
/m/02r0csl /award/award_category/nominees./award/award_nomination/nominated_for /m/02s4l6 3875 3848 0 0 0 0
/m/0gr51 /award/award_category/nominees./award/award_nomination/nominated_for /m/0dtfn 70 56 0 0 0 0
/m/02hsq3m /award/award_category/nominees./award/award_nomination/nominated_for /m/0pb33 13046 12978 0 0 0 0
/m/02hsq3m /award/award_category/nominees./award/award_nomination/nominated_for /m/012s1d 13979 13910 0 0 0 0
/m/027gs1_ /award/award_category/nominees./award/award_nomination/nominated_for /m/07zhjj 34 24 0 0 0 0
/m/019f4v /award/award_category/nominees./award/award_nomination/nominated_for /m/0yx7h 47 28 0 0 0 0
/m/02qyp19 /award/award_category/nominees./award/award_nomination/nominated_for /m/011yhm 36 27 0 0 0 0
/m/09sb52 /award/award_category/nominees./award/award_nomination/nominated_for /m/095zlp 41 36 0 0 0 0
/m/0bdwqv /award/award_category/nominees./award/award_nomination/nominated_for /m/08y2fn 25 23 0 0 0 0
/m/0gs96 /award/award_category/nominees./award/award_nomination/nominated_for /m/01k5y0 7854 7829 0 0 0 0
/m/0gs96 /award/award_category/nominees./award/award_nomination/nominated_for /m/0f7hw 80 67 0 0 0 0
/m/03qgjwc /award/award_category/nominees./award/award_nomination/nominated_for /m/0fpmrm3 10 7 1 1 0 0
/m/09v7wsg /award/award_category/nominees./award/award_nomination/nominated_for /m/0d68qy 6 4 1 1 0 0
/m/02qvyrt /award/award_category/nominees./award/award_nomination/nominated_for /m/0ctb4g 7341 7311 0 0 0 0
/m/099tbz /award/award_category/nominees./award/award_nomination/nominated_for /m/020bv3 5610 5589 0 0 0 0
/m/09qv_s /award/award_category/nominees./award/award_nomination/nominated_for /m/0404j37 2465 2455 0 0 0 0
/m/057xs89 /award/award_category/nominees./award/award_nomination/nominated_for /m/026wlxw 52 43 0 0 0 0
/m/0gq9h /award/award_category/nominees./award/award_nomination/nominated_for /m/0g9lm2 17 9 0 1 0 0
/m/0gq9h /award/award_category/nominees./award/award_nomination/nominated_for /m/0jswp 56 34 0 0 0 0
/m/0gqy2 /award/award_category/nominees./award/award_nomination/nominated_for /m/011yhm 22 15 0 0 0 0
/m/0fm3b5 /award/award_category/nominees./award/award_nomination/nominated_for /m/06823p 3587 3583 0 0 0 0
/m/094qd5 /award/award_category/nominees./award/award_nomination/nominated_for /m/0m313 14 9 0 1 0 0
/m/0cjyzs /award/award_category/nominees./award/award_nomination/nominated_for /m/07zhjj 18 7 0 1 0 0
/m/02ppm4q /award/award_category/nominees./award/award_nomination/nominated_for /m/0yxm1 31 26 0 0 0 0
/m/02ppm4q /award/award_category/nominees./award/award_nomination/nominated_for /m/09k56b7 31 26 0 0 0 0
/m/05q8pss /award/award_category/nominees./award/award_nomination/nominated_for /m/07nnp_ 9828 9819 0 0 0 0
/m/09sdmz /award/award_category/nominees./award/award_nomination/nominated_for /m/09q5w2 37 27 0 0 0 0
/m/05zr6wv /award/award_category/nominees./award/award_nomination/nominated_for /m/034qrh 22 18 0 0 0 0
/m/02x2gy0 /award/award_category/nominees./award/award_nomination/nominated_for /m/0c34mt 13494 13454 0 0 0 0
/m/05f4m9q /award/award_category/nominees./award/award_nomination/nominated_for /m/04fzfj 38 29 0 0 0 0
/m/0gq_v /award/award_category/nominees./award/award_nomination/nominated_for /m/0dnw1 37 21 0 0 0 0
/m/03hkv_r /award/award_category/nominees./award/award_nomination/nominated_for /m/0cbv4g 5116 5087 0 0 0 0
/m/03hkv_r /award/award_category/nominees./award/award_nomination/nominated_for /m/02vqsll 47 33 0 0 0 0
/m/099jhq /award/award_category/nominees./award/award_nomination/nominated_for /m/0gmgwnv 46 39 0 0 0 0
/m/03hl6lc /award/award_category/nominees./award/award_nomination/nominated_for /m/06fpsx 43 31 0 0 0 0
/m/02r0csl /award/award_category/nominees./award/award_nomination/nominated_for /m/0ndwt2w 9502 9444 0 0 0 0
/m/09sb52 /award/award_category/nominees./award/award_nomination/nominated_for /m/0462hhb 42 37 0 0 0 0
/m/02qwzkm /award/award_category/nominees./award/award_nomination/nominated_for /m/0cw3yd 9890 9887 0 0 0 0
/m/05ztrmj /award/award_category/nominees./award/award_nomination/nominated_for /m/0ddt_ 7 3 1 1 0 0
/m/02y_rq5 /award/award_category/nominees./award/award_nomination/nominated_for /m/01jw67 26 21 0 0 0 0
/m/03hj5vf /award/award_category/nominees./award/award_nomination/nominated_for /m/02825kb 4 3 1 1 0 0
/m/02w9sd7 /award/award_category/nominees./award/award_nomination/nominated_for /m/0284b56 32 24 0 0 0 0
/m/02qsfzv /award/award_category/nominees./award/award_nomination/nominated_for /m/01srq2 8229 8223 0 0 0 0
/m/040njc /award/award_category/nominees./award/award_nomination/nominated_for /m/0g4vmj8 148 134 0 0 0 0
/m/040njc /award/award_category/nominees./award/award_nomination/nominated_for /m/0p_sc 24 16 0 0 0 0
/m/099t8j /award/award_category/nominees./award/award_nomination/nominated_for /m/0gmcwlb 33 28 0 0 0 0
/m/02qvyrt /award/award_category/nominees./award/award_nomination/nominated_for /m/0jzw 41 34 0 0 0 0
/m/02qyntr /award/award_category/nominees./award/award_nomination/nominated_for /m/01mgw 83 59 0 0 0 0
/m/02qyntr /award/award_category/nominees./award/award_nomination/nominated_for /m/0b4lkx 84 60 0 0 0 0
/m/099tbz /award/award_category/nominees./award/award_nomination/nominated_for /m/01gkp1 44 30 0 0 0 0
/m/02x4x18 /award/award_category/nominees./award/award_nomination/nominated_for /m/02_06s 10 7 1 1 0 0
/m/054krc /award/award_category/nominees./award/award_nomination/nominated_for /m/0bth54 61 56 0 0 0 0
/m/0gq9h /award/award_category/nominees./award/award_nomination/nominated_for /m/051zy_b 44 25 0 0 0 0
/m/0gqy2 /award/award_category/nominees./award/award_nomination/nominated_for /m/07tlfx 65 57 0 0 0 0
/m/094qd5 /award/award_category/nominees./award/award_nomination/nominated_for /m/0416y94 39 27 0 0 0 0
/m/02ppm4q /award/award_category/nominees./award/award_nomination/nominated_for /m/08rr3p 31 26 0 0 0 0
/m/0p9sw /award/award_category/nominees./award/award_nomination/nominated_for /m/0298n7 110 94 0 0 0 0
/m/0p9sw /award/award_category/nominees./award/award_nomination/nominated_for /m/0291ck 121 105 0 0 0 0
/m/0l8z1 /award/award_category/nominees./award/award_nomination/nominated_for /m/0404j37 71 61 0 0 0 0
/m/099c8n /award/award_category/nominees./award/award_nomination/nominated_for /m/0bnzd 32 24 0 0 0 0
/m/05f4m9q /award/award_category/nominees./award/award_nomination/nominated_for /m/0296rz 60 50 0 0 0 0
/m/02n9nmz /award/award_category/nominees./award/award_nomination/nominated_for /m/09sr0 47 34 0 0 0 0
/m/02pqp12 /award/award_category/nominees./award/award_nomination/nominated_for /m/011yr9 19 11 0 0 0 0
/m/02r0csl /award/award_category/nominees./award/award_nomination/nominated_for /m/03cfkrw 5714 5674 0 0 0 0
/m/02x17s4 /award/award_category/nominees./award/award_nomination/nominated_for /m/017gl1 36 27 0 0 0 0
/m/02g3v6 /award/award_category/nominees./award/award_nomination/nominated_for /m/02ny6g 12391 12347 0 0 0 0
/m/0gqng /award/award_category/nominees./award/award_nomination/nominated_for /m/02rb607 7 4 1 1 0 0
/m/02hsq3m /award/award_category/nominees./award/award_nomination/nominated_for /m/0404j37 2086 2063 0 0 0 0
/m/02x258x /award/award_category/nominees./award/award_nomination/nominated_for /m/049xgc 43 37 0 0 0 0
/m/02x258x /award/award_category/nominees./award/award_nomination/nominated_for /m/06gb1w 2080 2062 0 0 0 0
/m/02qyp19 /award/award_category/nominees./award/award_nomination/nominated_for /m/02yy9r 4730 4712 0 0 0 0
/m/0641kkh /award/award_category/nominees./award/award_nomination/nominated_for /m/01hq1 3 3 1 1 0 0
/m/02x8n1n /award/award_category/nominees./award/award_nomination/nominated_for /m/0djlxb 12219 12210 0 0 0 0
/m/09td7p /award/award_category/nominees./award/award_nomination/nominated_for /m/04jplwp 42 35 0 0 0 0
/m/04dn09n /award/award_category/nominees./award/award_nomination/nominated_for /m/09q23x 95 77 0 0 0 0
/m/05b4l5x /award/award_category/nominees./award/award_nomination/nominated_for /m/047wh1 9327 9308 0 0 0 0
/m/0gqxm /award/award_category/nominees./award/award_nomination/nominated_for /m/0dcz8_ 5428 5409 0 0 0 0
/m/040njc /award/award_category/nominees./award/award_nomination/nominated_for /m/01cmp9 21 13 0 0 0 0
/m/0bp_b2 /award/award_category/nominees./award/award_nomination/nominated_for /m/06w7mlh 23 16 0 0 0 0
/m/02qvyrt /award/award_category/nominees./award/award_nomination/nominated_for /m/049xgc 52 44 0 0 0 0
/m/02qvyrt /award/award_category/nominees./award/award_nomination/nominated_for /m/017jd9 45 37 0 0 0 0
/m/05zvq6g /award/award_category/nominees./award/award_nomination/nominated_for /m/05y0cr 8669 8660 0 0 0 0
/m/0fq9zdn /award/award_category/nominees./award/award_nomination/nominated_for /m/0g9wdmc 10824 10812 0 0 0 0
/m/09qv_s /award/award_category/nominees./award/award_nomination/nominated_for /m/0170th 47 40 0 0 0 0
/m/057xs89 /award/award_category/nominees./award/award_nomination/nominated_for /m/0639bg 14050 14023 0 0 0 0
/m/05p1dby /award/award_category/nominees./award/award_nomination/nominated_for /m/0dc7hc 30 22 0 0 0 0
/m/0gq9h /award/award_category/nominees./award/award_nomination/nominated_for /m/04165w 42 23 0 0 0 0
/m/0gq9h /award/award_category/nominees./award/award_nomination/nominated_for /m/0h1x5f 103 73 0 0 0 0
/m/0gqy2 /award/award_category/nominees./award/award_nomination/nominated_for /m/0c38gj 84 76 0 0 0 0
/m/094qd5 /award/award_category/nominees./award/award_nomination/nominated_for /m/015whm 48 36 0 0 0 0
/m/04kxsb /award/award_category/nominees./award/award_nomination/nominated_for /m/01242_ 66 56 0 0 0 0
/m/0p9sw /award/award_category/nominees./award/award_nomination/nominated_for /m/08720 59 45 0 0 0 0
/m/0l8z1 /award/award_category/nominees./award/award_nomination/nominated_for /m/04jwly 79 69 0 0 0 0
/m/0gs9p /award/award_category/nominees./award/award_nomination/nominated_for /m/08zrbl 36 23 0 0 0 0
/m/03hkv_r /award/award_category/nominees./award/award_nomination/nominated_for /m/071nw5 48 34 0 0 0 0
/m/02pqp12 /award/award_category/nominees./award/award_nomination/nominated_for /m/05ldxl 41 30 0 0 0 0
/m/019f4v /award/award_category/nominees./award/award_nomination/nominated_for /m/072x7s 31 14 0 0 0 0
/m/019f4v /award/award_category/nominees./award/award_nomination/nominated_for /m/0n04r 47 28 0 0 0 0
/m/02qyp19 /award/award_category/nominees./award/award_nomination/nominated_for /m/016ks5 46 37 0 0 0 0
/m/05pcn59 /award/award_category/nominees./award/award_nomination/nominated_for /m/02ylg6 59 53 0 0 0 0
/m/0gqyl /award/award_category/nominees./award/award_nomination/nominated_for /m/0bnzd 56 49 0 0 0 0
/m/0gqyl /award/award_category/nominees./award/award_nomination/nominated_for /m/01z452 64 56 0 0 0 0
/m/04ljl_l /award/award_category/nominees./award/award_nomination/nominated_for /m/01r97z 54 38 0 0 0 0
/m/0fbtbt /award/award_category/nominees./award/award_nomination/nominated_for /m/039fgy 25 9 0 1 0 0
/m/02qyntr /award/award_category/nominees./award/award_nomination/nominated_for /m/0pb33 87 63 0 0 0 0
/m/02qyntr /award/award_category/nominees./award/award_nomination/nominated_for /m/011yhm 58 35 0 0 0 0
/m/0ck27z /award/award_category/nominees./award/award_nomination/nominated_for /m/030k94 19 14 0 0 0 0
/m/02x4sn8 /award/award_category/nominees./award/award_nomination/nominated_for /m/0bnzd 27 19 0 0 0 0
/m/0gq9h /award/award_category/nominees./award/award_nomination/nominated_for /m/0c9k8 39 22 0 0 0 0
/m/0gq9h /award/award_category/nominees./award/award_nomination/nominated_for /m/027ct7c 17 9 0 1 0 0
/m/094qd5 /award/award_category/nominees./award/award_nomination/nominated_for /m/01fx6y 4657 4639 0 0 0 0
/m/0fq9zcx /award/award_category/nominees./award/award_nomination/nominated_for /m/089j8p 11255 11246 0 0 0 0
/m/0gr0m /award/award_category/nominees./award/award_nomination/nominated_for /m/0pd64 28 24 0 0 0 0
/m/0gr0m /award/award_category/nominees./award/award_nomination/nominated_for /m/02p86pb 30 25 0 0 0 0
/m/0gr4k /award/award_category/nominees./award/award_nomination/nominated_for /m/032_wv 78 60 0 0 0 0
/m/0gr4k /award/award_category/nominees./award/award_nomination/nominated_for /m/05sbv3 43 26 0 0 0 0
/m/02ppm4q /award/award_category/nominees./award/award_nomination/nominated_for /m/047d21r 39 34 0 0 0 0
/m/02qyxs5 /award/award_category/nominees./award/award_nomination/nominated_for /m/050f0s 24 19 0 0 0 0
/m/0f_nbyh /award/award_category/nominees./award/award_nomination/nominated_for /m/09gb_4p 46 32 0 0 0 0
/m/0l8z1 /award/award_category/nominees./award/award_nomination/nominated_for /m/02jxrw 45 38 0 0 0 0
/m/0gs9p /award/award_category/nominees./award/award_nomination/nominated_for /m/0b4lkx 22 12 0 0 0 0
/m/0gq_v /award/award_category/nominees./award/award_nomination/nominated_for /m/0b73_1d 62 39 0 0 0 0
/m/0gq_v /award/award_category/nominees./award/award_nomination/nominated_for /m/0147sh 24 12 0 0 0 0
/m/0k611 /award/award_category/nominees./award/award_nomination/nominated_for /m/0j43swk 33 24 0 0 0 0
/m/05ztjjw /award/award_category/nominees./award/award_nomination/nominated_for /m/0661ql3 2088 2080 0 0 0 0
/m/02pqp12 /award/award_category/nominees./award/award_nomination/nominated_for /m/02vqsll 65 53 0 0 0 0
/m/02pqp12 /award/award_category/nominees./award/award_nomination/nominated_for /m/04lhc4 54 42 0 0 0 0
/m/02r0csl /award/award_category/nominees./award/award_nomination/nominated_for /m/0k2cb 14113 14035 0 0 0 0
/m/07cbcy /award/award_category/nominees./award/award_nomination/nominated_for /m/0258dh 28 15 0 0 0 0
/m/099ck7 /award/award_category/nominees./award/award_nomination/nominated_for /m/0c0nhgv 30 22 0 0 0 0
/m/02qyp19 /award/award_category/nominees./award/award_nomination/nominated_for /m/09q5w2 53 43 0 0 0 0
/m/0f4x7 /award/award_category/nominees./award/award_nomination/nominated_for /m/0h95927 19 14 0 0 0 0
/m/09sb52 /award/award_category/nominees./award/award_nomination/nominated_for /m/03hkch7 40 35 0 0 0 0
/m/0gqyl /award/award_category/nominees./award/award_nomination/nominated_for /m/0cq7kw 82 74 0 0 0 0
/m/0gs96 /award/award_category/nominees./award/award_nomination/nominated_for /m/01vfqh 2082 2067 0 0 0 0
/m/0gkvb7 /award/award_category/nominees./award/award_nomination/nominated_for /m/0ph24 4754 4751 0 0 0 0
/m/0fbtbt /award/award_category/nominees./award/award_nomination/nominated_for /m/0dsx3f 31 12 0 0 0 0
/m/0gqxm /award/award_category/nominees./award/award_nomination/nominated_for /m/01vksx 23 17 0 0 0 0
/m/0gqxm /award/award_category/nominees./award/award_nomination/nominated_for /m/01hq1 30 21 0 0 0 0
/m/040njc /award/award_category/nominees./award/award_nomination/nominated_for /m/026390q 85 72 0 0 0 0
/m/0bp_b2 /award/award_category/nominees./award/award_nomination/nominated_for /m/01j67j 23 16 0 0 0 0
/m/099t8j /award/award_category/nominees./award/award_nomination/nominated_for /m/0fh694 26 21 0 0 0 0
/m/054krc /award/award_category/nominees./award/award_nomination/nominated_for /m/0fgrm 65 59 0 0 0 0
/m/0gq9h /award/award_category/nominees./award/award_nomination/nominated_for /m/0h3k3f 21 13 0 0 0 0
/m/0gq9h /award/award_category/nominees./award/award_nomination/nominated_for /m/02p86pb 14 6 0 1 0 0
/m/0gq9h /award/award_category/nominees./award/award_nomination/nominated_for /m/08nvyr 14 6 0 1 0 0
/m/0gq9h /award/award_category/nominees./award/award_nomination/nominated_for /m/05znxx 60 37 0 0 0 0
/m/0gr4k /award/award_category/nominees./award/award_nomination/nominated_for /m/03cw411 42 25 0 0 0 0
/m/02x73k6 /award/award_category/nominees./award/award_nomination/nominated_for /m/0k4p0 43 34 0 0 0 0
/m/02x2gy0 /award/award_category/nominees./award/award_nomination/nominated_for /m/02jxrw 4677 4662 0 0 0 0
/m/0f_nbyh /award/award_category/nominees./award/award_nomination/nominated_for /m/05jzt3 9840 9819 0 0 0 0
/m/05zvj3m /award/award_category/nominees./award/award_nomination/nominated_for /m/034qzw 37 28 0 0 0 0
/m/0gs9p /award/award_category/nominees./award/award_nomination/nominated_for /m/0jswp 50 35 0 0 0 0
/m/09qv3c /award/award_category/nominees./award/award_nomination/nominated_for /m/03nt59 15 7 0 1 0 0
/m/02wkmx /award/award_category/nominees./award/award_nomination/nominated_for /m/02ylg6 31 28 0 0 0 0
/m/03c7tr1 /award/award_category/nominees./award/award_nomination/nominated_for /m/0fphf3v 28 20 0 0 0 0
/m/0k611 /award/award_category/nominees./award/award_nomination/nominated_for /m/0bykpk 35 26 0 0 0 0
/m/02pqp12 /award/award_category/nominees./award/award_nomination/nominated_for /m/012mrr 41 30 0 0 0 0
/m/02r0csl /award/award_category/nominees./award/award_nomination/nominated_for /m/0btpm6 2572 2552 0 0 0 0
/m/099ck7 /award/award_category/nominees./award/award_nomination/nominated_for /m/08zrbl 24 17 0 0 0 0
/m/02r22gf /award/award_category/nominees./award/award_nomination/nominated_for /m/02n9bh 53 38 0 0 0 0
/m/0gr51 /award/award_category/nominees./award/award_nomination/nominated_for /m/02_kd 72 58 0 0 0 0
/m/0gqwc /award/award_category/nominees./award/award_nomination/nominated_for /m/02nczh 41 28 0 0 0 0
/m/05q5t0b /award/award_category/nominees./award/award_nomination/nominated_for /m/0372j5 10 9 1 1 0 0
/m/026mmy /award/award_category/nominees./award/award_nomination/nominated_for /m/02cbhg 10 10 1 1 0 0
/m/0gs96 /award/award_category/nominees./award/award_nomination/nominated_for /m/072zl1 80 67 0 0 0 0
/m/0gs96 /award/award_category/nominees./award/award_nomination/nominated_for /m/095zlp 62 52 0 0 0 0
/m/02w9sd7 /award/award_category/nominees./award/award_nomination/nominated_for /m/03hj3b3 12867 12847 0 0 0 0
/m/040njc /award/award_category/nominees./award/award_nomination/nominated_for /m/011yxg 36 25 0 0 0 0
/m/040njc /award/award_category/nominees./award/award_nomination/nominated_for /m/0yxf4 23 15 0 0 0 0
/m/07kjk7c /award/award_category/nominees./award/award_nomination/nominated_for /m/015g28 18 14 0 0 0 0
/m/099cng /award/award_category/nominees./award/award_nomination/nominated_for /m/02cbhg 2967 2963 0 0 0 0
/m/057xs89 /award/award_category/nominees./award/award_nomination/nominated_for /m/02yvct 37 28 0 0 0 0
/m/02rdxsh /award/award_category/nominees./award/award_nomination/nominated_for /m/093dqjy 8417 8382 0 0 0 0
/m/0fdtd7 /award/award_category/nominees./award/award_nomination/nominated_for /m/05dl1s 9 7 1 1 0 0
/m/0gqy2 /award/award_category/nominees./award/award_nomination/nominated_for /m/04x4vj 83 75 0 0 0 0
/m/09tqxt /award/award_category/nominees./award/award_nomination/nominated_for /m/06w839_ 2892 2884 0 0 0 0
/m/0gr0m /award/award_category/nominees./award/award_nomination/nominated_for /m/019vhk 99 88 0 0 0 0
/m/02x73k6 /award/award_category/nominees./award/award_nomination/nominated_for /m/0sxlb 28 20 0 0 0 0
/m/0p9sw /award/award_category/nominees./award/award_nomination/nominated_for /m/026p4q7 85 69 0 0 0 0
/m/0gs9p /award/award_category/nominees./award/award_nomination/nominated_for /m/07s846j 24 14 0 0 0 0
/m/0gs9p /award/award_category/nominees./award/award_nomination/nominated_for /m/0bcndz 41 28 0 0 0 0
/m/02n9nmz /award/award_category/nominees./award/award_nomination/nominated_for /m/01chpn 45 32 0 0 0 0
/m/0k611 /award/award_category/nominees./award/award_nomination/nominated_for /m/0jzw 30 22 0 0 0 0
/m/05ztjjw /award/award_category/nominees./award/award_nomination/nominated_for /m/02fqrf 12089 12033 0 0 0 0
/m/02r0csl /award/award_category/nominees./award/award_nomination/nominated_for /m/047wh1 34 26 0 0 0 0
/m/02g3v6 /award/award_category/nominees./award/award_nomination/nominated_for /m/027fwmt 10458 10418 0 0 0 0
/m/02qwdhq /award/award_category/nominees./award/award_nomination/nominated_for /m/02hfk5 651 650 0 0 0 0
/m/02z0dfh /award/award_category/nominees./award/award_nomination/nominated_for /m/0p_tz 8914 8892 0 0 0 0
/m/02r22gf /award/award_category/nominees./award/award_nomination/nominated_for /m/09tkzy 9141 9088 0 0 0 0
/m/02hsq3m /award/award_category/nominees./award/award_nomination/nominated_for /m/0ndwt2w 40 28 0 0 0 0
/m/02x258x /award/award_category/nominees./award/award_nomination/nominated_for /m/09cr8 30 24 0 0 0 0
/m/0f4x7 /award/award_category/nominees./award/award_nomination/nominated_for /m/0bx0l 19 14 0 0 0 0
/m/0fhpv4 /award/award_category/nominees./award/award_nomination/nominated_for /m/09k56b7 7484 7464 0 0 0 0
/m/0gs96 /award/award_category/nominees./award/award_nomination/nominated_for /m/0jvt9 74 62 0 0 0 0
/m/04ljl_l /award/award_category/nominees./award/award_nomination/nominated_for /m/0ch3qr1 30 20 0 0 0 0
/m/02w9sd7 /award/award_category/nominees./award/award_nomination/nominated_for /m/04q827 43 34 0 0 0 0
/m/05p09zm /award/award_category/nominees./award/award_nomination/nominated_for /m/01mszz 24 16 0 0 0 0
/m/018wdw /award/award_category/nominees./award/award_nomination/nominated_for /m/0c38gj 6812 6791 0 0 0 0
/m/040njc /award/award_category/nominees./award/award_nomination/nominated_for /m/07cdz 25 17 0 0 0 0
/m/02x4sn8 /award/award_category/nominees./award/award_nomination/nominated_for /m/0170yd 36 28 0 0 0 0
/m/054ks3 /award/award_category/nominees./award/award_nomination/nominated_for /m/07tw_b 4601 4599 0 0 0 0
/m/0gr0m /award/award_category/nominees./award/award_nomination/nominated_for /m/0yx_w 70 61 0 0 0 0
/m/0gr0m /award/award_category/nominees./award/award_nomination/nominated_for /m/0n0bp 100 89 0 0 0 0
/m/05zr6wv /award/award_category/nominees./award/award_nomination/nominated_for /m/01cssf 40 35 0 0 0 0
/m/05zr6wv /award/award_category/nominees./award/award_nomination/nominated_for /m/02xtxw 30 26 0 0 0 0
/m/09qwmm /award/award_category/nominees./award/award_nomination/nominated_for /m/02jxrw 28 21 0 0 0 0
/m/099c8n /award/award_category/nominees./award/award_nomination/nominated_for /m/03xf_m 9 5 1 1 0 0
/m/05zvj3m /award/award_category/nominees./award/award_nomination/nominated_for /m/034qrh 23 15 0 0 0 0
/m/0fms83 /award/award_category/nominees./award/award_nomination/nominated_for /m/091z_p 3 3 1 1 0 0
/m/02n9nmz /award/award_category/nominees./award/award_nomination/nominated_for /m/025rxjq 59 46 0 0 0 0
/m/07cbcy /award/award_category/nominees./award/award_nomination/nominated_for /m/085wqm 65 46 0 0 0 0
/m/02r22gf /award/award_category/nominees./award/award_nomination/nominated_for /m/0jqj5 12018 11959 0 0 0 0
/m/02r22gf /award/award_category/nominees./award/award_nomination/nominated_for /m/0ctb4g 3111 3083 0 0 0 0
/m/019f4v /award/award_category/nominees./award/award_nomination/nominated_for /m/03hj3b3 32 15 0 0 0 0
/m/0262s1 /award/award_category/nominees./award/award_nomination/nominated_for /m/014nq4 14 14 0 0 0 0
/m/02qyp19 /award/award_category/nominees./award/award_nomination/nominated_for /m/047d21r 10292 10261 0 0 0 0
/m/0f4x7 /award/award_category/nominees./award/award_nomination/nominated_for /m/016z5x 112 102 0 0 0 0
/m/02x1dht /award/award_category/nominees./award/award_nomination/nominated_for /m/043t8t 54 42 0 0 0 0
/m/0gqyl /award/award_category/nominees./award/award_nomination/nominated_for /m/021y7yw 37 31 0 0 0 0
/m/0fhpv4 /award/award_category/nominees./award/award_nomination/nominated_for /m/0g4vmj8 39 25 0 0 0 0
/m/0bfvw2 /award/award_category/nominees./award/award_nomination/nominated_for /m/04sskp 3823 3819 0 0 0 0
/m/0bp_b2 /award/award_category/nominees./award/award_nomination/nominated_for /m/02nf2c 2053 2044 0 0 0 0
/m/0cqgl9 /award/award_category/nominees./award/award_nomination/nominated_for /m/043mk4y 16 12 0 0 0 0
/m/0gq9h /award/award_category/nominees./award/award_nomination/nominated_for /m/0hfzr 43 24 0 0 0 0
/m/0gqy2 /award/award_category/nominees./award/award_nomination/nominated_for /m/09cr8 12 7 0 1 0 0
/m/0gr4k /award/award_category/nominees./award/award_nomination/nominated_for /m/092vkg 30 16 0 0 0 0
/m/02ppm4q /award/award_category/nominees./award/award_nomination/nominated_for /m/0bh8drv 6233 6217 0 0 0 0
/m/02_3zj /award/award_category/nominees./award/award_nomination/nominated_for /m/01b66t 10943 10935 0 0 0 0
/m/099c8n /award/award_category/nominees./award/award_nomination/nominated_for /m/0661ql3 34 26 0 0 0 0
/m/0gq_v /award/award_category/nominees./award/award_nomination/nominated_for /m/0298n7 62 39 0 0 0 0
/m/0gq_v /award/award_category/nominees./award/award_nomination/nominated_for /m/0ndwt2w 141 108 0 0 0 0
/m/0bdw6t /award/award_category/nominees./award/award_nomination/nominated_for /m/0828jw 20 8 0 1 0 0
/m/05ztjjw /award/award_category/nominees./award/award_nomination/nominated_for /m/0bth54 8925 8878 0 0 0 0
/m/03hl6lc /award/award_category/nominees./award/award_nomination/nominated_for /m/03mz5b 13253 13199 0 0 0 0
/m/02pqp12 /award/award_category/nominees./award/award_nomination/nominated_for /m/0_b9f 54 42 0 0 0 0
/m/07cbcy /award/award_category/nominees./award/award_nomination/nominated_for /m/09wnnb 36 19 0 0 0 0
/m/07cbcy /award/award_category/nominees./award/award_nomination/nominated_for /m/0dc7hc 58 39 0 0 0 0
/m/099ck7 /award/award_category/nominees./award/award_nomination/nominated_for /m/04b2qn 40 31 0 0 0 0
/m/02z0dfh /award/award_category/nominees./award/award_nomination/nominated_for /m/02r858_ 29 18 0 0 0 0
/m/02r22gf /award/award_category/nominees./award/award_nomination/nominated_for /m/091z_p 8530 8479 0 0 0 0
/m/0gr51 /award/award_category/nominees./award/award_nomination/nominated_for /m/0kb1g 93 79 0 0 0 0
/m/019f4v /award/award_category/nominees./award/award_nomination/nominated_for /m/0404j37 29 12 0 0 0 0
/m/019f4v /award/award_category/nominees./award/award_nomination/nominated_for /m/011yxg 48 29 0 0 0 0
/m/0f4x7 /award/award_category/nominees./award/award_nomination/nominated_for /m/0gt14 87 77 0 0 0 0
/m/02x1dht /award/award_category/nominees./award/award_nomination/nominated_for /m/017z49 44 32 0 0 0 0
/m/05ztrmj /award/award_category/nominees./award/award_nomination/nominated_for /m/01v1ln 26 19 0 0 0 0
/m/04ljl_l /award/award_category/nominees./award/award_nomination/nominated_for /m/0bz6sq 69 52 0 0 0 0
/m/05p09zm /award/award_category/nominees./award/award_nomination/nominated_for /m/03cd0x 50 42 0 0 0 0
/m/040njc /award/award_category/nominees./award/award_nomination/nominated_for /m/0jdr0 26 18 0 0 0 0
/m/040njc /award/award_category/nominees./award/award_nomination/nominated_for /m/05sbv3 26 18 0 0 0 0
/m/02qvyrt /award/award_category/nominees./award/award_nomination/nominated_for /m/016mhd 6223 6196 0 0 0 0
/m/05b1610 /award/award_category/nominees./award/award_nomination/nominated_for /m/0f2sx4 43 29 0 0 0 0
/m/02x4x18 /award/award_category/nominees./award/award_nomination/nominated_for /m/04gp58p 21 18 0 0 0 0
/m/09v92_x /award/award_category/nominees./award/award_nomination/nominated_for /m/0dkv90 14 6 0 1 0 0
/m/0gkts9 /award/award_category/nominees./award/award_nomination/nominated_for /m/02pqs8l 16 13 0 0 0 0
/m/094qd5 /award/award_category/nominees./award/award_nomination/nominated_for /m/01k60v 39 27 0 0 0 0
/m/02ppm4q /award/award_category/nominees./award/award_nomination/nominated_for /m/0hv8w 9317 9297 0 0 0 0
/m/05q8pss /award/award_category/nominees./award/award_nomination/nominated_for /m/06wzvr 9505 9497 0 0 0 0
