/m/02_kd /award/award_winning_work/awards_won./award/award_honor/award /m/02pqp12 8216 8215 0 0 0 0
/m/0ds3t5x /award/award_winning_work/awards_won./award/award_honor/award /m/027cyf7 6395 6393 0 0 0 0
/m/0_b9f /award/award_winning_work/awards_won./award/award_honor/award /m/09cn0c 8 6 1 1 0 0
/m/0330r /award/award_winning_work/awards_won./award/award_honor/award /m/0m7yy 1 1 1 1 1 1
/m/02jxrw /award/award_winning_work/awards_won./award/award_honor/award /m/02x2gy0 1377 1374 0 0 0 0
/m/0209hj /award/award_winning_work/awards_won./award/award_honor/award /m/027986c 12 6 0 1 0 0
/m/023ny6 /award/award_winning_work/awards_won./award/award_honor/award /m/027gs1_ 6257 6257 0 0 0 0
/m/02_06s /award/award_winning_work/awards_won./award/award_honor/award /m/09cn0c 6 6 1 1 0 0
/m/0dr_4 /award/award_winning_work/awards_won./award/award_honor/award /m/02qt02v 13 10 0 1 0 0
/m/0sxlb /award/award_winning_work/awards_won./award/award_honor/award /m/09d28z 10 8 1 1 0 0
/m/0dtfn /award/award_winning_work/awards_won./award/award_honor/award /m/0262s1 21 17 0 0 0 0
/m/04vr_f /award/award_winning_work/awards_won./award/award_honor/award /m/027c924 21 20 0 0 0 0
/m/02wk7b /award/award_winning_work/awards_won./award/award_honor/award /m/02y_j8g 13294 13293 0 0 0 0
/m/0bs4r /award/award_winning_work/awards_won./award/award_honor/award /m/0gs9p 1 1 1 1 1 1
/m/04v8x9 /award/award_winning_work/awards_won./award/award_honor/award /m/0gs96 2343 2334 0 0 0 0
/m/06cm5 /award/award_winning_work/awards_won./award/award_honor/award /m/027c95y 11 11 0 0 0 0
/m/0_b9f /award/award_winning_work/awards_won./award/award_honor/award /m/02y_rq5 7 5 1 1 0 0
/m/0167bx /award/award_winning_work/awards_won./award/award_honor/award /m/0dt49 0 0 0 0
/m/0k20s /award/award_winning_work/awards_won./award/award_honor/award /m/02wwsh8 9 7 1 1 0 0
/m/0gxfz /award/award_winning_work/awards_won./award/award_honor/award /m/09cn0c 6 5 1 1 0 0
/m/01qz5 /award/award_winning_work/awards_won./award/award_honor/award /m/0gq9h 5 4 1 1 0 0
/m/08cfr1 /award/award_winning_work/awards_won./award/award_honor/award /m/02wwsh8 1476 1476 0 0 0 0
/m/0llcx /award/award_winning_work/awards_won./award/award_honor/award /m/0k611 10 9 1 1 0 0
/m/0661ql3 /award/award_winning_work/awards_won./award/award_honor/award /m/02g3ft 8 7 1 1 0 0
/m/01chpn /award/award_winning_work/awards_won./award/award_honor/award /m/02n9nmz 12 12 0 0 0 0
/m/011ysn /award/award_winning_work/awards_won./award/award_honor/award /m/05h5nb8 12 12 0 0 0 0
/m/01qvz8 /award/award_winning_work/awards_won./award/award_honor/award /m/07bdd_ 5 2 1 1 0 0
/m/0m63c /award/award_winning_work/awards_won./award/award_honor/award /m/054krc 4 4 1 1 0 0
/m/0dgst_d /award/award_winning_work/awards_won./award/award_honor/award /m/02x4x18 4 4 1 1 0 0
/m/0170th /award/award_winning_work/awards_won./award/award_honor/award /m/05h5nb8 3607 3605 0 0 0 0
/m/0jnwx /award/award_winning_work/awards_won./award/award_honor/award /m/05zvj3m 8 8 1 1 0 0
/m/07cz2 /award/award_winning_work/awards_won./award/award_honor/award /m/02g3ft 12787 12785 0 0 0 0
/m/0jsf6 /award/award_winning_work/awards_won./award/award_honor/award /m/0gq_v 15 13 0 0 0 0
/m/0sxmx /award/award_winning_work/awards_won./award/award_honor/award /m/02qt02v 14 9 0 1 0 0
/m/09r94m /award/award_winning_work/awards_won./award/award_honor/award /m/027b9ly 5999 5998 0 0 0 0
/m/0dsx3f /award/award_winning_work/awards_won./award/award_honor/award /m/0m7yy 1 1 1 1 1 1
/m/03kq98 /award/award_winning_work/awards_won./award/award_honor/award /m/0m7yy 2 1 1 1 0 1
/m/0hmr4 /award/award_winning_work/awards_won./award/award_honor/award /m/09cn0c 11 6 0 1 0 0
/m/0k4p0 /award/award_winning_work/awards_won./award/award_honor/award /m/02r0csl 6719 6718 0 0 0 0
/m/0k4kk /award/award_winning_work/awards_won./award/award_honor/award /m/0gr42 5813 5812 0 0 0 0
/m/07gp9 /award/award_winning_work/awards_won./award/award_honor/award /m/02r22gf 8 5 1 1 0 0
/m/01fx4k /award/award_winning_work/awards_won./award/award_honor/award /m/02z1nbg 6 6 1 1 0 0
/m/04xbq3 /award/award_winning_work/awards_won./award/award_honor/award /m/0m7yy 1 1 1 1 1 1
/m/01n30p /award/award_winning_work/awards_won./award/award_honor/award /m/02x8n1n 5 4 1 1 0 0
/m/0gt14 /award/award_winning_work/awards_won./award/award_honor/award /m/0czp_ 91 91 0 0 0 0
/m/09ps01 /award/award_winning_work/awards_won./award/award_honor/award /m/05zx7xk 2 2 1 1 0 0
/m/092vkg /award/award_winning_work/awards_won./award/award_honor/award /m/02x4w6g 7 5 1 1 0 0
/m/0m123 /award/award_winning_work/awards_won./award/award_honor/award /m/0fbtbt 1156 1155 0 0 0 0
/m/0qmhk /award/award_winning_work/awards_won./award/award_honor/award /m/02wkmx 6667 6666 0 0 0 0
/m/026390q /award/award_winning_work/awards_won./award/award_honor/award /m/02z1nbg 8 6 1 1 0 0
/m/06_x996 /award/award_winning_work/awards_won./award/award_honor/award /m/02n9nmz 12 11 0 0 0 0
/m/0yyg4 /award/award_winning_work/awards_won./award/award_honor/award /m/027c95y 14 12 0 0 0 0
/m/0sxfd /award/award_winning_work/awards_won./award/award_honor/award /m/0gr4k 10 7 1 1 0 0
/m/05zr0xl /award/award_winning_work/awards_won./award/award_honor/award /m/0cjyzs 2 1 1 1 0 1
/m/07cdz /award/award_winning_work/awards_won./award/award_honor/award /m/040njc 12 10 0 1 0 0
/m/09p3_s /award/award_winning_work/awards_won./award/award_honor/award /m/09cn0c 1187 1187 0 0 0 0
/m/01h1bf /award/award_winning_work/awards_won./award/award_honor/award /m/0m7yy 1 1 1 1 1 1
/m/0pb33 /award/award_winning_work/awards_won./award/award_honor/award /m/02qyntr 12450 12447 0 0 0 0
/m/0_b9f /award/award_winning_work/awards_won./award/award_honor/award /m/02y_j8g 8 6 1 1 0 0
/m/0300ml /award/award_winning_work/awards_won./award/award_honor/award /m/02xcb6n 8279 8279 0 0 0 0
/m/03b1l8 /award/award_winning_work/awards_won./award/award_honor/award /m/03ybrwc 1663 1661 0 0 0 0
/m/04qw17 /award/award_winning_work/awards_won./award/award_honor/award /m/027571b 9 8 1 1 0 0
/m/08vd2q /award/award_winning_work/awards_won./award/award_honor/award /m/02pqp12 8 7 1 1 0 0
/m/017gm7 /award/award_winning_work/awards_won./award/award_honor/award /m/02g3v6 10 10 1 1 0 0
/m/0cf08 /award/award_winning_work/awards_won./award/award_honor/award /m/0k611 9 9 1 1 0 0
/m/05p9_ql /award/award_winning_work/awards_won./award/award_honor/award /m/09qj50 12 12 0 0 0 0
/m/0f4yh /award/award_winning_work/awards_won./award/award_honor/award /m/02g3ft 14 11 0 0 0 0
/m/03cvvlg /award/award_winning_work/awards_won./award/award_honor/award /m/027cyf7 13213 13212 0 0 0 0
/m/01qxc7 /award/award_winning_work/awards_won./award/award_honor/award /m/0gqxm 3 2 1 1 0 0
/m/0ch3qr1 /award/award_winning_work/awards_won./award/award_honor/award /m/04ljl_l 9 4 1 1 0 0
/m/04b2qn /award/award_winning_work/awards_won./award/award_honor/award /m/09sb52 7 7 1 1 0 0
/m/0g60z /award/award_winning_work/awards_won./award/award_honor/award /m/0bdx29 12 8 0 1 0 0
/m/03q0r1 /award/award_winning_work/awards_won./award/award_honor/award /m/025m8l 7 6 1 1 0 0
/m/07s846j /award/award_winning_work/awards_won./award/award_honor/award /m/03hkv_r 12 9 0 1 0 0
/m/0ktx_ /award/award_winning_work/awards_won./award/award_honor/award /m/0gr4k 5 4 1 1 0 0
/m/01r97z /award/award_winning_work/awards_won./award/award_honor/award /m/07bdd_ 3 2 1 1 0 0
/m/0gj50 /award/award_winning_work/awards_won./award/award_honor/award /m/02p_7cr 7970 7967 0 0 0 0
/m/01xq8v /award/award_winning_work/awards_won./award/award_honor/award /m/018wdw 11119 11116 0 0 0 0
/m/0gvvm6l /award/award_winning_work/awards_won./award/award_honor/award /m/0gqng 6 4 1 1 0 0
/m/03rz2b /award/award_winning_work/awards_won./award/award_honor/award /m/0789r6 2 2 1 1 0 0
/m/0299hs /award/award_winning_work/awards_won./award/award_honor/award /m/018wdw 13089 13088 0 0 0 0
/m/0462hhb /award/award_winning_work/awards_won./award/award_honor/award /m/0fq9zdn 5 4 1 1 0 0
/m/0h6r5 /award/award_winning_work/awards_won./award/award_honor/award /m/02rdxsh 14062 14061 0 0 0 0
/m/0c0zq /award/award_winning_work/awards_won./award/award_honor/award /m/0gs9p 1 1 1 1 1 1
/m/0dzz6g /award/award_winning_work/awards_won./award/award_honor/award /m/09cn0c 3 3 1 1 0 0
/m/04qw17 /award/award_winning_work/awards_won./award/award_honor/award /m/027b9k6 9 8 1 1 0 0
/m/0dzlbx /award/award_winning_work/awards_won./award/award_honor/award /m/02g2wv 3 3 1 1 0 0
/m/03b1l8 /award/award_winning_work/awards_won./award/award_honor/award /m/09cn0c 6 5 1 1 0 0
/m/02v570 /award/award_winning_work/awards_won./award/award_honor/award /m/02wkmx 5 3 1 1 0 0
/m/0y_pg /award/award_winning_work/awards_won./award/award_honor/award /m/02ppm4q 6 4 1 1 0 0
/m/04mcw4 /award/award_winning_work/awards_won./award/award_honor/award /m/05p1dby 3 3 1 1 0 0
/m/0hmm7 /award/award_winning_work/awards_won./award/award_honor/award /m/027c924 9 9 1 1 0 0
/m/02q5g1z /award/award_winning_work/awards_won./award/award_honor/award /m/027b9k6 14 14 0 0 0 0
/m/0221zw /award/award_winning_work/awards_won./award/award_honor/award /m/02wkmx 4 4 1 1 0 0
/m/03nt59 /award/award_winning_work/awards_won./award/award_honor/award /m/09qv3c 9 8 1 1 0 0
/m/06fpsx /award/award_winning_work/awards_won./award/award_honor/award /m/03hj5vf 3504 3503 0 0 0 0
/m/02rv_dz /award/award_winning_work/awards_won./award/award_honor/award /m/02x1dht 10678 10676 0 0 0 0
/m/05hjnw /award/award_winning_work/awards_won./award/award_honor/award /m/02w_6xj 14 12 0 0 0 0
/m/03j63k /award/award_winning_work/awards_won./award/award_honor/award /m/0bdw1g 4916 4915 0 0 0 0
/m/07024 /award/award_winning_work/awards_won./award/award_honor/award /m/02w_6xj 14 12 0 0 0 0
/m/02q52q /award/award_winning_work/awards_won./award/award_honor/award /m/0gqz2 5766 5765 0 0 0 0
/m/01p3ty /award/award_winning_work/awards_won./award/award_honor/award /m/03r8v_ 3 2 1 1 0 0
/m/05hjnw /award/award_winning_work/awards_won./award/award_honor/award /m/09cm54 10 9 1 1 0 0
/m/0vjr /award/award_winning_work/awards_won./award/award_honor/award /m/0m7yy 1 1 1 1 1 1
/m/0h3k3f /award/award_winning_work/awards_won./award/award_honor/award /m/02z1nbg 11 9 0 1 0 0
/m/016yxn /award/award_winning_work/awards_won./award/award_honor/award /m/027986c 11573 11572 0 0 0 0
/m/0qm98 /award/award_winning_work/awards_won./award/award_honor/award /m/0gqy2 15 11 0 0 0 0
/m/03f7xg /award/award_winning_work/awards_won./award/award_honor/award /m/02qrbbx 3699 3699 0 0 0 0
/m/0c0zq /award/award_winning_work/awards_won./award/award_honor/award /m/027b9k6 5879 5874 0 0 0 0
/m/01vfqh /award/award_winning_work/awards_won./award/award_honor/award /m/027b9k6 10 10 1 1 0 0
/m/0cvkv5 /award/award_winning_work/awards_won./award/award_honor/award /m/09ly2r6 2 2 1 1 0 0
/m/0ywrc /award/award_winning_work/awards_won./award/award_honor/award /m/0gr4k 15 8 0 1 0 0
/m/02_1q9 /award/award_winning_work/awards_won./award/award_honor/award /m/02py_sj 11234 11231 0 0 0 0
/m/03y0pn /award/award_winning_work/awards_won./award/award_honor/award /m/0gr42 13 13 0 0 0 0
/m/093l8p /award/award_winning_work/awards_won./award/award_honor/award /m/02z1nbg 6 5 1 1 0 0
/m/0404j37 /award/award_winning_work/awards_won./award/award_honor/award /m/02rdxsh 10422 10414 0 0 0 0
/m/015ppk /award/award_winning_work/awards_won./award/award_honor/award /m/0m7yy 1 1 1 1 1 1
/m/0bkq7 /award/award_winning_work/awards_won./award/award_honor/award /m/0gq9h 1 1 1 1 1 1
