/m/06cv1 /base/popstra/celebrity/friendship./base/popstra/friendship/participant /m/0693l 5523 5523 0 0 0 0
/m/01pllx /base/popstra/celebrity/friendship./base/popstra/friendship/participant /m/01vvb4m 4525 4524 0 0 0 0
/m/0bq2g /base/popstra/celebrity/friendship./base/popstra/friendship/participant /m/012x2b 1864 1863 0 0 0 0
/m/0157m /base/popstra/celebrity/friendship./base/popstra/friendship/participant /m/06pj8 4583 4582 0 0 0 0
/m/0f4vbz /base/popstra/celebrity/friendship./base/popstra/friendship/participant /m/014zcr 6 3 1 1 0 0
/m/0pmhf /base/popstra/celebrity/friendship./base/popstra/friendship/participant /m/0c1pj 5068 5067 0 0 0 0
/m/0jfx1 /base/popstra/celebrity/friendship./base/popstra/friendship/participant /m/01mwsnc 4303 4301 0 0 0 0
/m/01vx5w7 /base/popstra/celebrity/friendship./base/popstra/friendship/participant /m/015z4j 8285 8285 0 0 0 0
/m/01mwsnc /base/popstra/celebrity/friendship./base/popstra/friendship/participant /m/0jfx1 4569 4569 0 0 0 0
/m/01fs_4 /base/popstra/celebrity/friendship./base/popstra/friendship/participant /m/0161h5 0 0 0 0
/m/0693l /base/popstra/celebrity/friendship./base/popstra/friendship/participant /m/06cv1 6935 6934 0 0 0 0
/m/05dbf /base/popstra/celebrity/friendship./base/popstra/friendship/participant /m/02r6c_ 9044 9041 0 0 0 0
/m/048lv /base/popstra/celebrity/friendship./base/popstra/friendship/participant /m/01wxyx1 10224 10222 0 0 0 0
/m/01vsgrn /base/popstra/celebrity/friendship./base/popstra/friendship/participant /m/01vrz41 6105 6102 0 0 0 0
/m/02qfhb /base/popstra/celebrity/friendship./base/popstra/friendship/participant /m/01gq0b 13065 13064 0 0 0 0
/m/07cjqy /base/popstra/celebrity/friendship./base/popstra/friendship/participant /m/0fby2t 10012 10009 0 0 0 0
/m/01vrz41 /base/popstra/celebrity/friendship./base/popstra/friendship/participant /m/01vsgrn 13848 13846 0 0 0 0
/m/013w7j /base/popstra/celebrity/friendship./base/popstra/friendship/participant /m/04xrx 108 107 0 0 0 0
/m/06pj8 /base/popstra/celebrity/friendship./base/popstra/friendship/participant /m/0157m 280 279 0 0 0 0
/m/02r6c_ /base/popstra/celebrity/friendship./base/popstra/friendship/participant /m/05dbf 0 0 0 0
/m/01skmp /base/popstra/celebrity/friendship./base/popstra/friendship/participant /m/01x6jd 1228 1228 0 0 0 0
/m/01x6jd /base/popstra/celebrity/friendship./base/popstra/friendship/participant /m/01skmp 0 0 0 0
/m/0gyx4 /base/popstra/celebrity/friendship./base/popstra/friendship/participant /m/03knl 9462 9460 0 0 0 0
/m/09889g /base/popstra/celebrity/friendship./base/popstra/friendship/participant /m/01f5q5 11 6 0 1 0 0
/m/01wmgrf /base/popstra/celebrity/friendship./base/popstra/friendship/participant /m/02ktrs 7649 7649 0 0 0 0
/m/0bxtg /base/popstra/celebrity/friendship./base/popstra/friendship/participant /m/02v3yy 9073 9071 0 0 0 0
/m/01rr9f /base/popstra/celebrity/friendship./base/popstra/friendship/participant /m/048lv 12615 12608 0 0 0 0
/m/02k4gv /base/popstra/celebrity/friendship./base/popstra/friendship/participant /m/0kxbc 0 0 0 0
/m/019pm_ /base/popstra/celebrity/friendship./base/popstra/friendship/participant /m/02f8lw 6422 6421 0 0 0 0
/m/012x2b /base/popstra/celebrity/friendship./base/popstra/friendship/participant /m/0bq2g 1 1 1 1 1 1
/m/01hcj2 /base/popstra/celebrity/friendship./base/popstra/friendship/participant /m/0bksh 7914 7913 0 0 0 0
/m/0c1pj /base/popstra/celebrity/friendship./base/popstra/friendship/participant /m/0pmhf 9673 9672 0 0 0 0
