/m/014mlp /education/educational_degree/people_with_this_degree./education/education/institution /m/01x5fb 252 139 0 0 0 0
/m/02mjs7 /education/educational_degree/people_with_this_degree./education/education/institution /m/04gxp2 7 1 1 1 0 1
/m/02h4rq6 /education/educational_degree/people_with_this_degree./education/education/institution /m/01l8t8 119 32 0 0 0 0
/m/0bkj86 /education/educational_degree/people_with_this_degree./education/education/institution /m/0373qt 122 73 0 0 0 0
/m/02_xgp2 /education/educational_degree/people_with_this_degree./education/education/institution /m/013719 131 73 0 0 0 0
/m/019v9k /education/educational_degree/people_with_this_degree./education/education/institution /m/01r3y2 106 34 0 0 0 0
/m/019v9k /education/educational_degree/people_with_this_degree./education/education/institution /m/02qvvv 89 23 0 0 0 0
/m/016t_3 /education/educational_degree/people_with_this_degree./education/education/institution /m/02kxx1 246 179 0 0 0 0
/m/013zdg /education/educational_degree/people_with_this_degree./education/education/institution /m/01rc6f 72 51 0 0 0 0
/m/014mlp /education/educational_degree/people_with_this_degree./education/education/institution /m/07vyf 112 28 0 0 0 0
/m/014mlp /education/educational_degree/people_with_this_degree./education/education/institution /m/01bzw5 206 96 0 0 0 0
/m/014mlp /education/educational_degree/people_with_this_degree./education/education/institution /m/01pxcf 148 47 0 0 0 0
/m/014mlp /education/educational_degree/people_with_this_degree./education/education/institution /m/01hjy5 125 32 0 0 0 0
/m/014mlp /education/educational_degree/people_with_this_degree./education/education/institution /m/031hxk 130 35 0 0 0 0
/m/03bwzr4 /education/educational_degree/people_with_this_degree./education/education/institution /m/0dzst 39 2 0 1 0 0
/m/02h4rq6 /education/educational_degree/people_with_this_degree./education/education/institution /m/02sjgpq 41 2 0 1 0 0
/m/0bkj86 /education/educational_degree/people_with_this_degree./education/education/institution /m/0kz2w 41 6 0 1 0 0
/m/02_xgp2 /education/educational_degree/people_with_this_degree./education/education/institution /m/07w0v 37 1 0 1 0 1
/m/04zx3q1 /education/educational_degree/people_with_this_degree./education/education/institution /m/01l8t8 38 12 0 0 0 0
/m/019v9k /education/educational_degree/people_with_this_degree./education/education/institution /m/01n_g9 73 14 0 0 0 0
/m/019v9k /education/educational_degree/people_with_this_degree./education/education/institution /m/02ckl3 230 131 0 0 0 0
/m/016t_3 /education/educational_degree/people_with_this_degree./education/education/institution /m/06thjt 285 214 0 0 0 0
/m/014mlp /education/educational_degree/people_with_this_degree./education/education/institution /m/0778p 206 96 0 0 0 0
/m/014mlp /education/educational_degree/people_with_this_degree./education/education/institution /m/0885n 88 17 0 0 0 0
/m/03bwzr4 /education/educational_degree/people_with_this_degree./education/education/institution /m/02bb47 81 32 0 0 0 0
/m/01kxxq /education/educational_degree/people_with_this_degree./education/education/institution /m/017cy9 3 1 1 1 0 1
/m/02_xgp2 /education/educational_degree/people_with_this_degree./education/education/institution /m/02pbzv 231 172 0 0 0 0
/m/019v9k /education/educational_degree/people_with_this_degree./education/education/institution /m/01pl14 82 19 0 0 0 0
/m/01ysy9 /education/educational_degree/people_with_this_degree./education/education/institution /m/01y888 7 3 1 1 0 0
/m/022h5x /education/educational_degree/people_with_this_degree./education/education/institution /m/02w6bq 23 13 0 0 0 0
/m/014mlp /education/educational_degree/people_with_this_degree./education/education/institution /m/07t90 83 16 0 0 0 0
/m/02mjs7 /education/educational_degree/people_with_this_degree./education/education/institution /m/07wrz 95 89 0 0 0 0
/m/0bkj86 /education/educational_degree/people_with_this_degree./education/education/institution /m/05krk 66 27 0 0 0 0
/m/0bkj86 /education/educational_degree/people_with_this_degree./education/education/institution /m/0ylsr 252 194 0 0 0 0
/m/02_xgp2 /education/educational_degree/people_with_this_degree./education/education/institution /m/01y17m 49 6 0 1 0 0
/m/04zx3q1 /education/educational_degree/people_with_this_degree./education/education/institution /m/04rwx 32 6 0 1 0 0
/m/013zdg /education/educational_degree/people_with_this_degree./education/education/institution /m/02rky4 81 60 0 0 0 0
/m/014mlp /education/educational_degree/people_with_this_degree./education/education/institution /m/05x_5 43 2 0 1 0 0
/m/014mlp /education/educational_degree/people_with_this_degree./education/education/institution /m/07vhb 53 4 0 1 0 0
/m/014mlp /education/educational_degree/people_with_this_degree./education/education/institution /m/034q81 117 29 0 0 0 0
/m/014mlp /education/educational_degree/people_with_this_degree./education/education/institution /m/080z7 146 46 0 0 0 0
/m/02h4rq6 /education/educational_degree/people_with_this_degree./education/education/institution /m/04chyn 156 60 0 0 0 0
/m/027f2w /education/educational_degree/people_with_this_degree./education/education/institution /m/020vx9 21 2 0 1 0 0
/m/0bkj86 /education/educational_degree/people_with_this_degree./education/education/institution /m/0yls9 126 76 0 0 0 0
/m/04zx3q1 /education/educational_degree/people_with_this_degree./education/education/institution /m/02cttt 40 14 0 0 0 0
/m/019v9k /education/educational_degree/people_with_this_degree./education/education/institution /m/07x4c 101 31 0 0 0 0
/m/019v9k /education/educational_degree/people_with_this_degree./education/education/institution /m/02jx_v 361 257 0 0 0 0
/m/016t_3 /education/educational_degree/people_with_this_degree./education/education/institution /m/07vfj 43 3 0 1 0 0
/m/016t_3 /education/educational_degree/people_with_this_degree./education/education/institution /m/01pxcf 94 41 0 0 0 0
/m/02cq61 /education/educational_degree/people_with_this_degree./education/education/institution /m/07tg4 5 2 1 1 0 0
/m/07s6fsf /education/educational_degree/people_with_this_degree./education/education/institution /m/08815 49 16 0 0 0 0
/m/014mlp /education/educational_degree/people_with_this_degree./education/education/institution /m/016sd3 268 152 0 0 0 0
/m/014mlp /education/educational_degree/people_with_this_degree./education/education/institution /m/033q4k 180 72 0 0 0 0
/m/02h4rq6 /education/educational_degree/people_with_this_degree./education/education/institution /m/011xy1 153 57 0 0 0 0
/m/02h4rq6 /education/educational_degree/people_with_this_degree./education/education/institution /m/05hf_5 207 105 0 0 0 0
/m/0bkj86 /education/educational_degree/people_with_this_degree./education/education/institution /m/0345gh 87 44 0 0 0 0
/m/02_xgp2 /education/educational_degree/people_with_this_degree./education/education/institution /m/023zl 84 32 0 0 0 0
/m/01rr_d /education/educational_degree/people_with_this_degree./education/education/institution /m/01pxcf 22 11 0 0 0 0
/m/019v9k /education/educational_degree/people_with_this_degree./education/education/institution /m/0ghvb 138 55 0 0 0 0
/m/019v9k /education/educational_degree/people_with_this_degree./education/education/institution /m/01jq34 141 58 0 0 0 0
/m/016t_3 /education/educational_degree/people_with_this_degree./education/education/institution /m/0bsnm 161 98 0 0 0 0
/m/016t_3 /education/educational_degree/people_with_this_degree./education/education/institution /m/02km0m 306 233 0 0 0 0
/m/016t_3 /education/educational_degree/people_with_this_degree./education/education/institution /m/01f1r4 44 3 0 1 0 0
/m/03mkk4 /education/educational_degree/people_with_this_degree./education/education/institution /m/0bwfn 20 12 0 0 0 0
/m/03mkk4 /education/educational_degree/people_with_this_degree./education/education/institution /m/07wlf 26 18 0 0 0 0
/m/07s6fsf /education/educational_degree/people_with_this_degree./education/education/institution /m/01r3w7 121 82 0 0 0 0
/m/014mlp /education/educational_degree/people_with_this_degree./education/education/institution /m/0cwx_ 60 7 0 1 0 0
/m/014mlp /education/educational_degree/people_with_this_degree./education/education/institution /m/03zj9 186 78 0 0 0 0
/m/03bwzr4 /education/educational_degree/people_with_this_degree./education/education/institution /m/01swxv 122 61 0 0 0 0
/m/03bwzr4 /education/educational_degree/people_with_this_degree./education/education/institution /m/04chyn 142 77 0 0 0 0
/m/02h4rq6 /education/educational_degree/people_with_this_degree./education/education/institution /m/025rcc 95 17 0 0 0 0
/m/02_xgp2 /education/educational_degree/people_with_this_degree./education/education/institution /m/0lvng 53 8 0 1 0 0
/m/016t_3 /education/educational_degree/people_with_this_degree./education/education/institution /m/031n5b 145 86 0 0 0 0
/m/013zdg /education/educational_degree/people_with_this_degree./education/education/institution /m/0j_sncb 19 2 0 1 0 0
/m/022h5x /education/educational_degree/people_with_this_degree./education/education/institution /m/04hgpt 13 3 0 1 0 0
/m/07s6fsf /education/educational_degree/people_with_this_degree./education/education/institution /m/08qnnv 37 6 0 1 0 0
/m/014mlp /education/educational_degree/people_with_this_degree./education/education/institution /m/014zws 105 23 0 0 0 0
/m/0bkj86 /education/educational_degree/people_with_this_degree./education/education/institution /m/01_f90 298 239 0 0 0 0
/m/02_xgp2 /education/educational_degree/people_with_this_degree./education/education/institution /m/015q1n 38 1 0 1 0 1
/m/02_xgp2 /education/educational_degree/people_with_this_degree./education/education/institution /m/020vx9 202 143 0 0 0 0
/m/02_xgp2 /education/educational_degree/people_with_this_degree./education/education/institution /m/0lfgr 57 11 0 0 0 0
/m/019v9k /education/educational_degree/people_with_this_degree./education/education/institution /m/02183k 110 36 0 0 0 0
/m/016t_3 /education/educational_degree/people_with_this_degree./education/education/institution /m/01r3y2 226 159 0 0 0 0
/m/022h5x /education/educational_degree/people_with_this_degree./education/education/institution /m/065y4w7 13 3 0 1 0 0
/m/014mlp /education/educational_degree/people_with_this_degree./education/education/institution /m/01rtm4 65 10 0 1 0 0
/m/02h4rq6 /education/educational_degree/people_with_this_degree./education/education/institution /m/0b1xl 60 4 0 1 0 0
/m/04zx3q1 /education/educational_degree/people_with_this_degree./education/education/institution /m/0bsnm 94 64 0 0 0 0
/m/03mkk4 /education/educational_degree/people_with_this_degree./education/education/institution /m/07t90 25 17 0 0 0 0
/m/014mlp /education/educational_degree/people_with_this_degree./education/education/institution /m/0ym69 331 213 0 0 0 0
/m/014mlp /education/educational_degree/people_with_this_degree./education/education/institution /m/052nd 61 7 0 1 0 0
/m/014mlp /education/educational_degree/people_with_this_degree./education/education/institution /m/01q0kg 114 28 0 0 0 0
/m/02h4rq6 /education/educational_degree/people_with_this_degree./education/education/institution /m/06bw5 121 34 0 0 0 0
/m/02h4rq6 /education/educational_degree/people_with_this_degree./education/education/institution /m/0k__z 70 8 0 1 0 0
/m/04zx3q1 /education/educational_degree/people_with_this_degree./education/education/institution /m/013nky 143 113 0 0 0 0
/m/019v9k /education/educational_degree/people_with_this_degree./education/education/institution /m/01q7q2 45 3 0 1 0 0
/m/019v9k /education/educational_degree/people_with_this_degree./education/education/institution /m/07w4j 158 72 0 0 0 0
/m/016t_3 /education/educational_degree/people_with_this_degree./education/education/institution /m/02gnmp 75 25 0 0 0 0
/m/013zdg /education/educational_degree/people_with_this_degree./education/education/institution /m/01w5m 17 1 0 1 0 1
/m/022h5x /education/educational_degree/people_with_this_degree./education/education/institution /m/01h8rk 13 3 0 1 0 0
/m/03mkk4 /education/educational_degree/people_with_this_degree./education/education/institution /m/0g8rj 30 22 0 0 0 0
/m/07s6fsf /education/educational_degree/people_with_this_degree./education/education/institution /m/02dj3 249 208 0 0 0 0
/m/014mlp /education/educational_degree/people_with_this_degree./education/education/institution /m/01qd_r 76 14 0 0 0 0
/m/014mlp /education/educational_degree/people_with_this_degree./education/education/institution /m/01k3s2 81 15 0 0 0 0
/m/03bwzr4 /education/educational_degree/people_with_this_degree./education/education/institution /m/01hjy5 75 26 0 0 0 0
/m/02h4rq6 /education/educational_degree/people_with_this_degree./education/education/institution /m/07vfj 42 2 0 1 0 0
/m/02h4rq6 /education/educational_degree/people_with_this_degree./education/education/institution /m/01_r9k 136 43 0 0 0 0
/m/0bkj86 /education/educational_degree/people_with_this_degree./education/education/institution /m/037fqp 211 156 0 0 0 0
/m/019v9k /education/educational_degree/people_with_this_degree./education/education/institution /m/0dplh 160 73 0 0 0 0
/m/02cq61 /education/educational_degree/people_with_this_degree./education/education/institution /m/013719 8629 8620 0 0 0 0
/m/014mlp /education/educational_degree/people_with_this_degree./education/education/institution /m/02301 78 14 0 0 0 0
/m/03bwzr4 /education/educational_degree/people_with_this_degree./education/education/institution /m/02d_zc 164 97 0 0 0 0
/m/02h4rq6 /education/educational_degree/people_with_this_degree./education/education/institution /m/0cwx_ 58 4 0 1 0 0
/m/04zx3q1 /education/educational_degree/people_with_this_degree./education/education/institution /m/05d9y_ 246 215 0 0 0 0
/m/01rr_d /education/educational_degree/people_with_this_degree./education/education/institution /m/0820xz 21 10 0 1 0 0
/m/019v9k /education/educational_degree/people_with_this_degree./education/education/institution /m/0cwx_ 67 12 0 0 0 0
/m/019v9k /education/educational_degree/people_with_this_degree./education/education/institution /m/0vkl2 256 155 0 0 0 0
/m/03mkk4 /education/educational_degree/people_with_this_degree./education/education/institution /m/09f2j 8 1 1 1 0 1
/m/0bjrnt /education/educational_degree/people_with_this_degree./education/education/institution /m/0ymcz 17 9 0 1 0 0
/m/014mlp /education/educational_degree/people_with_this_degree./education/education/institution /m/0lyjf 125 32 0 0 0 0
/m/014mlp /education/educational_degree/people_with_this_degree./education/education/institution /m/07w0v 51 3 0 1 0 0
/m/014mlp /education/educational_degree/people_with_this_degree./education/education/institution /m/0dzst 97 22 0 0 0 0
/m/014mlp /education/educational_degree/people_with_this_degree./education/education/institution /m/07wtc 90 18 0 0 0 0
/m/014mlp /education/educational_degree/people_with_this_degree./education/education/institution /m/01j_cy 50 3 0 1 0 0
/m/02h4rq6 /education/educational_degree/people_with_this_degree./education/education/institution /m/02zd2b 161 64 0 0 0 0
/m/02h4rq6 /education/educational_degree/people_with_this_degree./education/education/institution /m/015q1n 82 14 0 0 0 0
/m/02h4rq6 /education/educational_degree/people_with_this_degree./education/education/institution /m/01q7q2 83 14 0 0 0 0
/m/028dcg /education/educational_degree/people_with_this_degree./education/education/institution /m/03np_7 6 1 1 1 0 1
/m/02cq61 /education/educational_degree/people_with_this_degree./education/education/institution /m/02mj7c 3759 3755 0 0 0 0
/m/07s6fsf /education/educational_degree/people_with_this_degree./education/education/institution /m/03np_7 40 9 0 1 0 0
/m/02h4rq6 /education/educational_degree/people_with_this_degree./education/education/institution /m/0bqxw 147 53 0 0 0 0
/m/0bkj86 /education/educational_degree/people_with_this_degree./education/education/institution /m/01bk1y 109 62 0 0 0 0
/m/019v9k /education/educational_degree/people_with_this_degree./education/education/institution /m/01jpyb 73 14 0 0 0 0
/m/019v9k /education/educational_degree/people_with_this_degree./education/education/institution /m/012mzw 39 2 0 1 0 0
/m/016t_3 /education/educational_degree/people_with_this_degree./education/education/institution /m/01r47h 193 126 0 0 0 0
/m/01gkg3 /education/educational_degree/people_with_this_degree./education/education/institution /m/02dq8f 6 4 1 1 0 0
/m/07s6fsf /education/educational_degree/people_with_this_degree./education/education/institution /m/065y4w7 31 2 0 1 0 0
/m/014mlp /education/educational_degree/people_with_this_degree./education/education/institution /m/0345gh 90 18 0 0 0 0
/m/03bwzr4 /education/educational_degree/people_with_this_degree./education/education/institution /m/06b19 214 146 0 0 0 0
/m/0bkj86 /education/educational_degree/people_with_this_degree./education/education/institution /m/01h8rk 95 50 0 0 0 0
/m/02_xgp2 /education/educational_degree/people_with_this_degree./education/education/institution /m/02d_zc 235 176 0 0 0 0
/m/01rr_d /education/educational_degree/people_with_this_degree./education/education/institution /m/01n4w_ 22 11 0 0 0 0
/m/019v9k /education/educational_degree/people_with_this_degree./education/education/institution /m/07wrz 55 8 0 1 0 0
/m/019v9k /education/educational_degree/people_with_this_degree./education/education/institution /m/0c5x_ 44 2 0 1 0 0
/m/028dcg /education/educational_degree/people_with_this_degree./education/education/institution /m/021996 12 7 0 1 0 0
/m/014mlp /education/educational_degree/people_with_this_degree./education/education/institution /m/01q8hj 65 10 0 1 0 0
/m/03bwzr4 /education/educational_degree/people_with_this_degree./education/education/institution /m/0160nk 44 5 0 1 0 0
/m/03bwzr4 /education/educational_degree/people_with_this_degree./education/education/institution /m/0bthb 63 17 0 0 0 0
/m/03bwzr4 /education/educational_degree/people_with_this_degree./education/education/institution /m/0jksm 79 30 0 0 0 0
/m/02h4rq6 /education/educational_degree/people_with_this_degree./education/education/institution /m/03gn1x 177 79 0 0 0 0
/m/01kxxq /education/educational_degree/people_with_this_degree./education/education/institution /m/0gjv_ 3403 3400 0 0 0 0
/m/019v9k /education/educational_degree/people_with_this_degree./education/education/institution /m/086xm 124 44 0 0 0 0
/m/013zdg /education/educational_degree/people_with_this_degree./education/education/institution /m/03ksy 57 36 0 0 0 0
/m/014mlp /education/educational_degree/people_with_this_degree./education/education/institution /m/07tds 75 14 0 0 0 0
/m/014mlp /education/educational_degree/people_with_this_degree./education/education/institution /m/04rkkv 384 264 0 0 0 0
/m/014mlp /education/educational_degree/people_with_this_degree./education/education/institution /m/01hl_w 130 35 0 0 0 0
/m/02h4rq6 /education/educational_degree/people_with_this_degree./education/education/institution /m/017v3q 123 35 0 0 0 0
/m/027f2w /education/educational_degree/people_with_this_degree./education/education/institution /m/016ndm 63 42 0 0 0 0
/m/0bkj86 /education/educational_degree/people_with_this_degree./education/education/institution /m/02kzfw 157 106 0 0 0 0
/m/02_xgp2 /education/educational_degree/people_with_this_degree./education/education/institution /m/07ccs 39 1 0 1 0 1
/m/01rr_d /education/educational_degree/people_with_this_degree./education/education/institution /m/01qd_r 10 1 1 1 0 1
/m/019v9k /education/educational_degree/people_with_this_degree./education/education/institution /m/0bqxw 123 43 0 0 0 0
/m/016t_3 /education/educational_degree/people_with_this_degree./education/education/institution /m/09kvv 42 3 0 1 0 0
/m/016t_3 /education/educational_degree/people_with_this_degree./education/education/institution /m/07th_ 219 152 0 0 0 0
/m/016t_3 /education/educational_degree/people_with_this_degree./education/education/institution /m/027ybp 55 11 0 0 0 0
/m/016t_3 /education/educational_degree/people_with_this_degree./education/education/institution /m/0kw4j 122 65 0 0 0 0
/m/016t_3 /education/educational_degree/people_with_this_degree./education/education/institution /m/02tz9z 110 54 0 0 0 0
/m/03mkk4 /education/educational_degree/people_with_this_degree./education/education/institution /m/01j_9c 21 13 0 0 0 0
/m/02mjs7 /education/educational_degree/people_with_this_degree./education/education/institution /m/0hsb3 2697 2689 0 0 0 0
/m/03bwzr4 /education/educational_degree/people_with_this_degree./education/education/institution /m/0325dj 280 211 0 0 0 0
/m/02h4rq6 /education/educational_degree/people_with_this_degree./education/education/institution /m/01hr11 132 39 0 0 0 0
/m/019v9k /education/educational_degree/people_with_this_degree./education/education/institution /m/01_f90 302 200 0 0 0 0
/m/014mlp /education/educational_degree/people_with_this_degree./education/education/institution /m/037s9x 203 94 0 0 0 0
/m/02mjs7 /education/educational_degree/people_with_this_degree./education/education/institution /m/014zws 7 1 1 1 0 1
/m/0bkj86 /education/educational_degree/people_with_this_degree./education/education/institution /m/07tds 32 1 0 1 0 1
/m/019v9k /education/educational_degree/people_with_this_degree./education/education/institution /m/0ym20 277 176 0 0 0 0
/m/019v9k /education/educational_degree/people_with_this_degree./education/education/institution /m/02jztz 119 41 0 0 0 0
/m/028dcg /education/educational_degree/people_with_this_degree./education/education/institution /m/0gl5_ 7354 7348 0 0 0 0
/m/013zdg /education/educational_degree/people_with_this_degree./education/education/institution /m/01y17m 96 75 0 0 0 0
/m/014mlp /education/educational_degree/people_with_this_degree./education/education/institution /m/03gn1x 47 2 0 1 0 0
/m/014mlp /education/educational_degree/people_with_this_degree./education/education/institution /m/0yl_3 107 25 0 0 0 0
/m/014mlp /education/educational_degree/people_with_this_degree./education/education/institution /m/02hp70 103 22 0 0 0 0
/m/03bwzr4 /education/educational_degree/people_with_this_degree./education/education/institution /m/0dy04 95 39 0 0 0 0
/m/0bkj86 /education/educational_degree/people_with_this_degree./education/education/institution /m/011xy1 162 109 0 0 0 0
/m/0bkj86 /education/educational_degree/people_with_this_degree./education/education/institution /m/02x9cv 206 151 0 0 0 0
/m/02_xgp2 /education/educational_degree/people_with_this_degree./education/education/institution /m/01hc1j 46 4 0 1 0 0
/m/016t_3 /education/educational_degree/people_with_this_degree./education/education/institution /m/07wm6 128 70 0 0 0 0
/m/016t_3 /education/educational_degree/people_with_this_degree./education/education/institution /m/01nnsv 87 35 0 0 0 0
/m/07s6fsf /education/educational_degree/people_with_this_degree./education/education/institution /m/07wrz 46 15 0 0 0 0
/m/014mlp /education/educational_degree/people_with_this_degree./education/education/institution /m/02cttt 122 32 0 0 0 0
/m/014mlp /education/educational_degree/people_with_this_degree./education/education/institution /m/01y9qr 236 125 0 0 0 0
/m/02h4rq6 /education/educational_degree/people_with_this_degree./education/education/institution /m/01dbns 87 15 0 0 0 0
/m/02h4rq6 /education/educational_degree/people_with_this_degree./education/education/institution /m/03x33n 77 12 0 0 0 0
/m/02h4rq6 /education/educational_degree/people_with_this_degree./education/education/institution /m/014xf6 85 14 0 0 0 0
/m/02_xgp2 /education/educational_degree/people_with_this_degree./education/education/institution /m/0ymcz 202 143 0 0 0 0
/m/019v9k /education/educational_degree/people_with_this_degree./education/education/institution /m/02ccqg 170 83 0 0 0 0
/m/07s6fsf /education/educational_degree/people_with_this_degree./education/education/institution /m/017zq0 126 87 0 0 0 0
/m/014mlp /education/educational_degree/people_with_this_degree./education/education/institution /m/027ydt 104 22 0 0 0 0
/m/014mlp /education/educational_degree/people_with_this_degree./education/education/institution /m/049dk 64 10 0 1 0 0
/m/014mlp /education/educational_degree/people_with_this_degree./education/education/institution /m/0jhjl 94 21 0 0 0 0
/m/014mlp /education/educational_degree/people_with_this_degree./education/education/institution /m/02mzg9 152 49 0 0 0 0
/m/03bwzr4 /education/educational_degree/people_with_this_degree./education/education/institution /m/02pptm 89 35 0 0 0 0
/m/02h4rq6 /education/educational_degree/people_with_this_degree./education/education/institution /m/0jksm 87 15 0 0 0 0
/m/0bkj86 /education/educational_degree/people_with_this_degree./education/education/institution /m/0885n 73 31 0 0 0 0
/m/04zx3q1 /education/educational_degree/people_with_this_degree./education/education/institution /m/01qd_r 37 11 0 0 0 0
/m/019v9k /education/educational_degree/people_with_this_degree./education/education/institution /m/01c57n 294 192 0 0 0 0
/m/019v9k /education/educational_degree/people_with_this_degree./education/education/institution /m/0kz2w 59 8 0 1 0 0
/m/028dcg /education/educational_degree/people_with_this_degree./education/education/institution /m/02s62q 3251 3244 0 0 0 0
/m/016t_3 /education/educational_degree/people_with_this_degree./education/education/institution /m/021996 146 86 0 0 0 0
/m/022h5x /education/educational_degree/people_with_this_degree./education/education/institution /m/07t90 12 2 0 1 0 0
/m/014mlp /education/educational_degree/people_with_this_degree./education/education/institution /m/01xcgf 2141 2020 0 0 0 0
/m/014mlp /education/educational_degree/people_with_this_degree./education/education/institution /m/013719 217 106 0 0 0 0
/m/014mlp /education/educational_degree/people_with_this_degree./education/education/institution /m/01jq4b 165 59 0 0 0 0
/m/02h4rq6 /education/educational_degree/people_with_this_degree./education/education/institution /m/0jpn8 63 4 0 1 0 0
/m/02h4rq6 /education/educational_degree/people_with_this_degree./education/education/institution /m/02fy0z 84 14 0 0 0 0
/m/02h4rq6 /education/educational_degree/people_with_this_degree./education/education/institution /m/01jvxb 48 2 0 1 0 0
/m/02h4rq6 /education/educational_degree/people_with_this_degree./education/education/institution /m/07vyf 98 18 0 0 0 0
/m/02_xgp2 /education/educational_degree/people_with_this_degree./education/education/institution /m/025ttz4 77 27 0 0 0 0
/m/02_xgp2 /education/educational_degree/people_with_this_degree./education/education/institution /m/014xf6 63 15 0 0 0 0
/m/01rr_d /education/educational_degree/people_with_this_degree./education/education/institution /m/01v2xl 35 24 0 0 0 0
/m/01rr_d /education/educational_degree/people_with_this_degree./education/education/institution /m/02583l 36 25 0 0 0 0
/m/019v9k /education/educational_degree/people_with_this_degree./education/education/institution /m/01y20v 193 101 0 0 0 0
/m/013zdg /education/educational_degree/people_with_this_degree./education/education/institution /m/01j_cy 41 20 0 0 0 0
/m/01gkg3 /education/educational_degree/people_with_this_degree./education/education/institution /m/01ngz1 6 4 1 1 0 0
/m/02cq61 /education/educational_degree/people_with_this_degree./education/education/institution /m/04_j5s 4100 4096 0 0 0 0
/m/014mlp /education/educational_degree/people_with_this_degree./education/education/institution /m/01clyb 148 47 0 0 0 0
/m/02mjs7 /education/educational_degree/people_with_this_degree./education/education/institution /m/01nnsv 7 1 1 1 0 1
/m/03bwzr4 /education/educational_degree/people_with_this_degree./education/education/institution /m/0820xz 254 186 0 0 0 0
/m/02_xgp2 /education/educational_degree/people_with_this_degree./education/education/institution /m/01clyb 296 235 0 0 0 0
/m/019v9k /education/educational_degree/people_with_this_degree./education/education/institution /m/01wdj_ 73 14 0 0 0 0
/m/019v9k /education/educational_degree/people_with_this_degree./education/education/institution /m/0hd7j 72 14 0 0 0 0
/m/016t_3 /education/educational_degree/people_with_this_degree./education/education/institution /m/02bb47 163 100 0 0 0 0
/m/022h5x /education/educational_degree/people_with_this_degree./education/education/institution /m/0lyjf 14 4 0 1 0 0
/m/02m4yg /education/educational_degree/people_with_this_degree./education/education/institution /m/02jztz 5 2 1 1 0 0
/m/07s6fsf /education/educational_degree/people_with_this_degree./education/education/institution /m/0160nk 55 22 0 0 0 0
/m/014mlp /education/educational_degree/people_with_this_degree./education/education/institution /m/015fs3 102 22 0 0 0 0
/m/014mlp /education/educational_degree/people_with_this_degree./education/education/institution /m/03wv2g 256 141 0 0 0 0
/m/03bwzr4 /education/educational_degree/people_with_this_degree./education/education/institution /m/01y06y 194 126 0 0 0 0
/m/02h4rq6 /education/educational_degree/people_with_this_degree./education/education/institution /m/03tw2s 128 39 0 0 0 0
/m/028dcg /education/educational_degree/people_with_this_degree./education/education/institution /m/08815 6 1 1 1 0 1
/m/016t_3 /education/educational_degree/people_with_this_degree./education/education/institution /m/01wv24 99 45 0 0 0 0
/m/016t_3 /education/educational_degree/people_with_this_degree./education/education/institution /m/022lly 128 70 0 0 0 0
/m/03mkk4 /education/educational_degree/people_with_this_degree./education/education/institution /m/02m0b0 34 26 0 0 0 0
/m/02cq61 /education/educational_degree/people_with_this_degree./education/education/institution /m/08815 5 2 1 1 0 0
/m/014mlp /education/educational_degree/people_with_this_degree./education/education/institution /m/07wrz 74 14 0 0 0 0
/m/03bwzr4 /education/educational_degree/people_with_this_degree./education/education/institution /m/01jsn5 85 33 0 0 0 0
/m/02h4rq6 /education/educational_degree/people_with_this_degree./education/education/institution /m/0p5wz 125 36 0 0 0 0
/m/02h4rq6 /education/educational_degree/people_with_this_degree./education/education/institution /m/02rg_4 92 16 0 0 0 0
/m/02h4rq6 /education/educational_degree/people_with_this_degree./education/education/institution /m/02cbvn 172 74 0 0 0 0
/m/027f2w /education/educational_degree/people_with_this_degree./education/education/institution /m/0820xz 96 75 0 0 0 0
/m/019v9k /education/educational_degree/people_with_this_degree./education/education/institution /m/01w3v 40 2 0 1 0 0
/m/0bjrnt /education/educational_degree/people_with_this_degree./education/education/institution /m/07wrz 15 7 0 1 0 0
/m/02mjs7 /education/educational_degree/people_with_this_degree./education/education/institution /m/0lk0l 10603 10588 0 0 0 0
/m/02h4rq6 /education/educational_degree/people_with_this_degree./education/education/institution /m/0gjv_ 71 8 0 1 0 0
/m/02h4rq6 /education/educational_degree/people_with_this_degree./education/education/institution /m/01pq4w 40 2 0 1 0 0
/m/02h4rq6 /education/educational_degree/people_with_this_degree./education/education/institution /m/02dj3 175 77 0 0 0 0
/m/016t_3 /education/educational_degree/people_with_this_degree./education/education/institution /m/04sylm 286 214 0 0 0 0
/m/016t_3 /education/educational_degree/people_with_this_degree./education/education/institution /m/0dzst 41 2 0 1 0 0
/m/016t_3 /education/educational_degree/people_with_this_degree./education/education/institution /m/01p79b 172 107 0 0 0 0
/m/02cq61 /education/educational_degree/people_with_this_degree./education/education/institution /m/04gxp2 5 2 1 1 0 0
/m/07s6fsf /education/educational_degree/people_with_this_degree./education/education/institution /m/0trv 33 3 0 1 0 0
/m/014mlp /education/educational_degree/people_with_this_degree./education/education/institution /m/027mdh 123 32 0 0 0 0
/m/02h4rq6 /education/educational_degree/people_with_this_degree./education/education/institution /m/0j_sncb 53 2 0 1 0 0
/m/02_xgp2 /education/educational_degree/people_with_this_degree./education/education/institution /m/01zzy3 389 327 0 0 0 0
/m/019v9k /education/educational_degree/people_with_this_degree./education/education/institution /m/06pwq 37 2 0 1 0 0
/m/019v9k /education/educational_degree/people_with_this_degree./education/education/institution /m/02zcnq 160 73 0 0 0 0
/m/016t_3 /education/educational_degree/people_with_this_degree./education/education/institution /m/017z88 338 264 0 0 0 0
/m/014mlp /education/educational_degree/people_with_this_degree./education/education/institution /m/058z2d 150 49 0 0 0 0
/m/014mlp /education/educational_degree/people_with_this_degree./education/education/institution /m/01y20v 79 14 0 0 0 0
/m/03bwzr4 /education/educational_degree/people_with_this_degree./education/education/institution /m/02x9g_ 162 96 0 0 0 0
/m/02h4rq6 /education/educational_degree/people_with_this_degree./education/education/institution /m/02hwww 130 39 0 0 0 0
/m/02h4rq6 /education/educational_degree/people_with_this_degree./education/education/institution /m/029d_ 43 2 0 1 0 0
/m/02h4rq6 /education/educational_degree/people_with_this_degree./education/education/institution /m/02jx_v 318 214 0 0 0 0
/m/02h4rq6 /education/educational_degree/people_with_this_degree./education/education/institution /m/03l78j 182 83 0 0 0 0
/m/02_xgp2 /education/educational_degree/people_with_this_degree./education/education/institution /m/02hmw9 252 191 0 0 0 0
/m/019v9k /education/educational_degree/people_with_this_degree./education/education/institution /m/0187nd 63 9 0 1 0 0
/m/019v9k /education/educational_degree/people_with_this_degree./education/education/institution /m/02mzg9 144 60 0 0 0 0
/m/019v9k /education/educational_degree/people_with_this_degree./education/education/institution /m/02j04_ 107 34 0 0 0 0
/m/02m4yg /education/educational_degree/people_with_this_degree./education/education/institution /m/01dq0z 5 2 1 1 0 0
/m/02m4yg /education/educational_degree/people_with_this_degree./education/education/institution /m/02zd460 5 2 1 1 0 0
/m/014mlp /education/educational_degree/people_with_this_degree./education/education/institution /m/02gnh0 116 29 0 0 0 0
/m/03bwzr4 /education/educational_degree/people_with_this_degree./education/education/institution /m/057bxr 145 80 0 0 0 0
/m/02h4rq6 /education/educational_degree/people_with_this_degree./education/education/institution /m/022xml 199 98 0 0 0 0
/m/02_xgp2 /education/educational_degree/people_with_this_degree./education/education/institution /m/02fjzt 93 38 0 0 0 0
/m/02_xgp2 /education/educational_degree/people_with_this_degree./education/education/institution /m/01ptt7 108 52 0 0 0 0
/m/019v9k /education/educational_degree/people_with_this_degree./education/education/institution /m/0bx8pn 58 8 0 1 0 0
/m/019v9k /education/educational_degree/people_with_this_degree./education/education/institution /m/01nm8w 53 8 0 1 0 0
/m/028dcg /education/educational_degree/people_with_this_degree./education/education/institution /m/07t90 12 7 0 1 0 0
