/m/0dq3c /business/job_title/people_with_this_title./business/employment_tenure/company /m/02l48d 18 9 0 1 0 0
/m/0dq3c /business/job_title/people_with_this_title./business/employment_tenure/company /m/01b39j 57 38 0 0 0 0
/m/014l7h /business/job_title/people_with_this_title./business/employment_tenure/company /m/0g5lhl7 2 2 1 1 0 0
/m/0krdk /business/job_title/people_with_this_title./business/employment_tenure/company /m/018p5f 48 29 0 0 0 0
/m/02md_2 /business/job_title/people_with_this_title./business/employment_tenure/company /m/0371rb 4 2 1 1 0 0
/m/014l7h /business/job_title/people_with_this_title./business/employment_tenure/company /m/017vb_ 6936 6929 0 0 0 0
/m/09d6p2 /business/job_title/people_with_this_title./business/employment_tenure/company /m/02bh8z 14 10 0 1 0 0
/m/0dq3c /business/job_title/people_with_this_title./business/employment_tenure/company /m/02y7t7 59 40 0 0 0 0
/m/05_wyz /business/job_title/people_with_this_title./business/employment_tenure/company /m/01ym8l 29 22 0 0 0 0
/m/0krdk /business/job_title/people_with_this_title./business/employment_tenure/company /m/0z07 47 28 0 0 0 0
/m/015czt /business/job_title/people_with_this_title./business/employment_tenure/company /m/07wg3 0 0 0 0
/m/09d6p2 /business/job_title/people_with_this_title./business/employment_tenure/company /m/01qd_r 1407 1401 0 0 0 0
/m/021q1c /business/job_title/people_with_this_title./business/employment_tenure/company /m/02gnh0 196 183 0 0 0 0
/m/0142rn /business/job_title/people_with_this_title./business/employment_tenure/company /m/03s7h 3 2 1 1 0 0
/m/021q0l /business/job_title/people_with_this_title./business/employment_tenure/company /m/07tgn 10 2 1 1 0 0
/m/0dq3c /business/job_title/people_with_this_title./business/employment_tenure/company /m/061v5m 60 41 0 0 0 0
/m/014l7h /business/job_title/people_with_this_title./business/employment_tenure/company /m/06v99d 6 5 1 1 0 0
/m/060c4 /business/job_title/people_with_this_title./business/employment_tenure/company /m/07tds 159 107 0 0 0 0
/m/02md_2 /business/job_title/people_with_this_title./business/employment_tenure/company /m/0175rc 4 2 1 1 0 0
/m/09d6p2 /business/job_title/people_with_this_title./business/employment_tenure/company /m/02630g 20 15 0 0 0 0
/m/02211by /business/job_title/people_with_this_title./business/employment_tenure/company /m/01c7j1 49 43 0 0 0 0
/m/01rk91 /business/job_title/people_with_this_title./business/employment_tenure/company /m/05gnf 4553 4549 0 0 0 0
/m/060c4 /business/job_title/people_with_this_title./business/employment_tenure/company /m/01p5yn 505 449 0 0 0 0
/m/01yc02 /business/job_title/people_with_this_title./business/employment_tenure/company /m/03v52f 18 11 0 0 0 0
/m/060c4 /business/job_title/people_with_this_title./business/employment_tenure/company /m/04htfd 29 2 0 1 0 0
/m/060c4 /business/job_title/people_with_this_title./business/employment_tenure/company /m/01_lh1 43 9 0 1 0 0
/m/014l7h /business/job_title/people_with_this_title./business/employment_tenure/company /m/01y81r 1744 1743 0 0 0 0
/m/014l7h /business/job_title/people_with_this_title./business/employment_tenure/company /m/0152x_ 9282 9276 0 0 0 0
/m/060c4 /business/job_title/people_with_this_title./business/employment_tenure/company /m/016tw3 238 184 0 0 0 0
/m/04192r /business/job_title/people_with_this_title./business/employment_tenure/company /m/04f0xq 10693 10685 0 0 0 0
/m/02y6fz /business/job_title/people_with_this_title./business/employment_tenure/company /m/06wpc 9267 9265 0 0 0 0
/m/02md_2 /business/job_title/people_with_this_title./business/employment_tenure/company /m/06pwq 7 5 1 1 0 0
/m/021q1c /business/job_title/people_with_this_title./business/employment_tenure/company /m/01k7xz 166 153 0 0 0 0
/m/021q1c /business/job_title/people_with_this_title./business/employment_tenure/company /m/03ksy 14 1 0 1 0 1
/m/02211by /business/job_title/people_with_this_title./business/employment_tenure/company /m/0k8z 10 4 1 1 0 0
/m/08jcfy /business/job_title/people_with_this_title./business/employment_tenure/company /m/01v2xl 5325 5324 0 0 0 0
/m/060c4 /business/job_title/people_with_this_title./business/employment_tenure/company /m/01bfjy 83 36 0 0 0 0
/m/0dq3c /business/job_title/people_with_this_title./business/employment_tenure/company /m/0206k5 36 25 0 0 0 0
/m/07t3gd /business/job_title/people_with_this_title./business/employment_tenure/company /m/03mnk 474 467 0 0 0 0
/m/02k13d /business/job_title/people_with_this_title./business/employment_tenure/company /m/02z_b 5156 5154 0 0 0 0
/m/060c4 /business/job_title/people_with_this_title./business/employment_tenure/company /m/018_q8 37 8 0 1 0 0
/m/04n1q6 /business/job_title/people_with_this_title./business/employment_tenure/company /m/06fq2 5697 5692 0 0 0 0
/m/0dq_5 /business/job_title/people_with_this_title./business/employment_tenure/company /m/04kqk 165 128 0 0 0 0
/m/060c4 /business/job_title/people_with_this_title./business/employment_tenure/company /m/02p10m 69 24 0 0 0 0
/m/05k17c /business/job_title/people_with_this_title./business/employment_tenure/company /m/01jtp7 20 11 0 0 0 0
/m/0krdk /business/job_title/people_with_this_title./business/employment_tenure/company /m/04qhdf 26 9 0 1 0 0
/m/09lq2c /business/job_title/people_with_this_title./business/employment_tenure/company /m/01npw8 5534 5531 0 0 0 0
/m/021q1c /business/job_title/people_with_this_title./business/employment_tenure/company /m/017j69 30 17 0 0 0 0
/m/05_wyz /business/job_title/people_with_this_title./business/employment_tenure/company /m/02zs4 19 13 0 0 0 0
/m/060c4 /business/job_title/people_with_this_title./business/employment_tenure/company /m/0841v 43 9 0 1 0 0
/m/02y6fz /business/job_title/people_with_this_title./business/employment_tenure/company /m/0jmnl 11416 11409 0 0 0 0
/m/028fjr /business/job_title/people_with_this_title./business/employment_tenure/company /m/03qbm 12846 12842 0 0 0 0
/m/02k13d /business/job_title/people_with_this_title./business/employment_tenure/company /m/0c0sl 11560 11554 0 0 0 0
/m/021q1c /business/job_title/people_with_this_title./business/employment_tenure/company /m/025v3k 15 2 0 1 0 0
/m/0krdk /business/job_title/people_with_this_title./business/employment_tenure/company /m/04htfd 23 7 0 1 0 0
/m/060c4 /business/job_title/people_with_this_title./business/employment_tenure/company /m/04rcl7 553 497 0 0 0 0
/m/09d6p2 /business/job_title/people_with_this_title./business/employment_tenure/company /m/02bm1v 27 22 0 0 0 0
/m/09d6p2 /business/job_title/people_with_this_title./business/employment_tenure/company /m/03ksy 15 10 0 1 0 0
/m/05_wyz /business/job_title/people_with_this_title./business/employment_tenure/company /m/07_dn 6 2 1 1 0 0
/m/060c4 /business/job_title/people_with_this_title./business/employment_tenure/company /m/05g76 77 30 0 0 0 0
/m/060c4 /business/job_title/people_with_this_title./business/employment_tenure/company /m/0jvs0 33 5 0 1 0 0
/m/02md_2 /business/job_title/people_with_this_title./business/employment_tenure/company /m/05l71 3199 3192 0 0 0 0
/m/07t3gd /business/job_title/people_with_this_title./business/employment_tenure/company /m/03v6t 11 4 0 1 0 0
/m/09d6p2 /business/job_title/people_with_this_title./business/employment_tenure/company /m/0l8sx 28 22 0 0 0 0
/m/01yc02 /business/job_title/people_with_this_title./business/employment_tenure/company /m/01pf21 11 5 0 1 0 0
/m/0dq_5 /business/job_title/people_with_this_title./business/employment_tenure/company /m/0jbk9 62 29 0 0 0 0
/m/0142rn /business/job_title/people_with_this_title./business/employment_tenure/company /m/0py9b 2 1 1 1 0 1
/m/060c4 /business/job_title/people_with_this_title./business/employment_tenure/company /m/02bm1v 56 15 0 0 0 0
/m/060c4 /business/job_title/people_with_this_title./business/employment_tenure/company /m/04fv0k 41 9 0 1 0 0
/m/09d6p2 /business/job_title/people_with_this_title./business/employment_tenure/company /m/04htfd 20 15 0 0 0 0
/m/0krdk /business/job_title/people_with_this_title./business/employment_tenure/company /m/03s7h 17 2 0 1 0 0
/m/0krdk /business/job_title/people_with_this_title./business/employment_tenure/company /m/01pf21 28 11 0 0 0 0
/m/04n1q6 /business/job_title/people_with_this_title./business/employment_tenure/company /m/04rwx 4387 4382 0 0 0 0
/m/09d6p2 /business/job_title/people_with_this_title./business/employment_tenure/company /m/01n073 7 4 1 1 0 0
/m/05_wyz /business/job_title/people_with_this_title./business/employment_tenure/company /m/0hpt3 18 12 0 0 0 0
/m/05_wyz /business/job_title/people_with_this_title./business/employment_tenure/company /m/035nm 18 12 0 0 0 0
/m/0dq_5 /business/job_title/people_with_this_title./business/employment_tenure/company /m/01frpd 37 14 0 0 0 0
/m/0dq3c /business/job_title/people_with_this_title./business/employment_tenure/company /m/0plw 62 42 0 0 0 0
/m/0142rn /business/job_title/people_with_this_title./business/employment_tenure/company /m/0537b 4 3 1 1 0 0
/m/060c4 /business/job_title/people_with_this_title./business/employment_tenure/company /m/03bnb 37 8 0 1 0 0
/m/014l7h /business/job_title/people_with_this_title./business/employment_tenure/company /m/049rl0 6 5 1 1 0 0
/m/028fjr /business/job_title/people_with_this_title./business/employment_tenure/company /m/0300cp 6172 6171 0 0 0 0
/m/060c4 /business/job_title/people_with_this_title./business/employment_tenure/company /m/03mnk 45 10 0 1 0 0
/m/0dq3c /business/job_title/people_with_this_title./business/employment_tenure/company /m/06py2 11 6 0 1 0 0
