/m/018dh3 /common/topic/webpage./common/webpage/category /m/08mbj5d 1 1 1 1 1 1
/m/012mzw /common/topic/webpage./common/webpage/category /m/08mbj5d 1 1 1 1 1 1
/m/01vv6xv /common/topic/webpage./common/webpage/category /m/08mbj5d 1 1 1 1 1 1
/m/01sg4_ /common/topic/webpage./common/webpage/category /m/08mbj5d 0 0 0 0
/m/01d4cb /common/topic/webpage./common/webpage/category /m/08mbj5d 1 1 1 1 1 1
/m/01rr31 /common/topic/webpage./common/webpage/category /m/08mbj5d 1 1 1 1 1 1
/m/0ddfwj1 /common/topic/webpage./common/webpage/category /m/08mbj5d 1 1 1 1 1 1
/m/03pvt /common/topic/webpage./common/webpage/category /m/08mbj5d 1 1 1 1 1 1
/m/0164nb /common/topic/webpage./common/webpage/category /m/08mbj5d 1 1 1 1 1 1
/m/01hw6wq /common/topic/webpage./common/webpage/category /m/08mbj5d 1 1 1 1 1 1
/m/05lfwd /common/topic/webpage./common/webpage/category /m/08mbj5d 1 1 1 1 1 1
/m/04r1t /common/topic/webpage./common/webpage/category /m/08mbj5d 1 1 1 1 1 1
/m/015f47 /common/topic/webpage./common/webpage/category /m/08mbj5d 0 0 0 0
/m/02x8s9 /common/topic/webpage./common/webpage/category /m/08mbj5d 1 1 1 1 1 1
/m/019fbp /common/topic/webpage./common/webpage/category /m/08mbj5d 1 1 1 1 1 1
/m/085h1 /common/topic/webpage./common/webpage/category /m/08mbj5d 0 0 0 0
/m/020923 /common/topic/webpage./common/webpage/category /m/08mbj5d 1 1 1 1 1 1
/m/01xlqd /common/topic/webpage./common/webpage/category /m/08mbj5d 1 1 1 1 1 1
/m/04gd8j /common/topic/webpage./common/webpage/category /m/08mbj5d 1 1 1 1 1 1
/m/01n7qlf /common/topic/webpage./common/webpage/category /m/08mbj5d 1 1 1 1 1 1
/m/0jltp /common/topic/webpage./common/webpage/category /m/08mbj5d 1 1 1 1 1 1
/m/01fv4z /common/topic/webpage./common/webpage/category /m/08mbj5d 0 0 0 0
/m/013f1h /common/topic/webpage./common/webpage/category /m/08mbj5d 1 1 1 1 1 1
/m/0bxbb /common/topic/webpage./common/webpage/category /m/08mbj5d 1 1 1 1 1 1
/m/0560w /common/topic/webpage./common/webpage/category /m/08mbj5d 1 1 1 1 1 1
/m/09kn9 /common/topic/webpage./common/webpage/category /m/08mbj5d 1 1 1 1 1 1
/m/0jrny /common/topic/webpage./common/webpage/category /m/08mbj5d 1 1 1 1 1 1
/m/0h7t36 /common/topic/webpage./common/webpage/category /m/08mbj5d 1 1 1 1 1 1
/m/0783m_ /common/topic/webpage./common/webpage/category /m/08mbj5d 1 1 1 1 1 1
/m/0dc_ms /common/topic/webpage./common/webpage/category /m/08mbj5d 1 1 1 1 1 1
/m/03f2_rc /common/topic/webpage./common/webpage/category /m/08mbj5d 1 1 1 1 1 1
/m/03g5_y /common/topic/webpage./common/webpage/category /m/08mbj5d 1 1 1 1 1 1
/m/017yxq /common/topic/webpage./common/webpage/category /m/08mbj5d 1 1 1 1 1 1
/m/01y6dz /common/topic/webpage./common/webpage/category /m/08mbj5d 1 1 1 1 1 1
/m/018n1k /common/topic/webpage./common/webpage/category /m/08mbj5d 1 1 1 1 1 1
/m/01m23s /common/topic/webpage./common/webpage/category /m/08mbj5d 1 1 1 1 1 1
/m/02r1ysd /common/topic/webpage./common/webpage/category /m/08mbj5d 1 1 1 1 1 1
/m/0lk90 /common/topic/webpage./common/webpage/category /m/08mbj5d 1 1 1 1 1 1
/m/0j1yf /common/topic/webpage./common/webpage/category /m/08mbj5d 1 1 1 1 1 1
/m/014m1m /common/topic/webpage./common/webpage/category /m/08mbj5d 1 1 1 1 1 1
/m/0bpk2 /common/topic/webpage./common/webpage/category /m/08mbj5d 1 1 1 1 1 1
/m/09bjv /common/topic/webpage./common/webpage/category /m/08mbj5d 1 1 1 1 1 1
/m/01wvxw1 /common/topic/webpage./common/webpage/category /m/08mbj5d 1 1 1 1 1 1
/m/02h758 /common/topic/webpage./common/webpage/category /m/08mbj5d 1 1 1 1 1 1
/m/01xr2s /common/topic/webpage./common/webpage/category /m/08mbj5d 1 1 1 1 1 1
/m/014q2g /common/topic/webpage./common/webpage/category /m/08mbj5d 1 1 1 1 1 1
/m/0_75d /common/topic/webpage./common/webpage/category /m/08mbj5d 1 1 1 1 1 1
/m/06rf7 /common/topic/webpage./common/webpage/category /m/08mbj5d 1 1 1 1 1 1
/m/0c3ybss /common/topic/webpage./common/webpage/category /m/08mbj5d 1 1 1 1 1 1
/m/0gy3w /common/topic/webpage./common/webpage/category /m/08mbj5d 1 1 1 1 1 1
/m/016l09 /common/topic/webpage./common/webpage/category /m/08mbj5d 1 1 1 1 1 1
/m/0svqs /common/topic/webpage./common/webpage/category /m/08mbj5d 1 1 1 1 1 1
/m/020yvh /common/topic/webpage./common/webpage/category /m/08mbj5d 1 1 1 1 1 1
/m/0282x /common/topic/webpage./common/webpage/category /m/08mbj5d 1 1 1 1 1 1
/m/0432_5 /common/topic/webpage./common/webpage/category /m/08mbj5d 1 1 1 1 1 1
/m/06449 /common/topic/webpage./common/webpage/category /m/08mbj5d 1 1 1 1 1 1
/m/02prw4h /common/topic/webpage./common/webpage/category /m/08mbj5d 1 1 1 1 1 1
/m/0l2tk /common/topic/webpage./common/webpage/category /m/08mbj5d 1 1 1 1 1 1
/m/050kh5 /common/topic/webpage./common/webpage/category /m/08mbj5d 1 1 1 1 1 1
/m/0mn0v /common/topic/webpage./common/webpage/category /m/08mbj5d 1 1 1 1 1 1
/m/0k9p4 /common/topic/webpage./common/webpage/category /m/08mbj5d 1 1 1 1 1 1
/m/05b1610 /common/topic/webpage./common/webpage/category /m/08mbj5d 1 1 1 1 1 1
/m/0nmj /common/topic/webpage./common/webpage/category /m/08mbj5d 1 1 1 1 1 1
/m/0pkgt /common/topic/webpage./common/webpage/category /m/08mbj5d 1 1 1 1 1 1
/m/01cpqk /common/topic/webpage./common/webpage/category /m/08mbj5d 1 1 1 1 1 1
/m/01k23t /common/topic/webpage./common/webpage/category /m/08mbj5d 1 1 1 1 1 1
/m/013yq /common/topic/webpage./common/webpage/category /m/08mbj5d 1 1 1 1 1 1
/m/017ht /common/topic/webpage./common/webpage/category /m/08mbj5d 0 0 0 0
/m/05q_mg /common/topic/webpage./common/webpage/category /m/08mbj5d 1 1 1 1 1 1
/m/01p726 /common/topic/webpage./common/webpage/category /m/08mbj5d 1 1 1 1 1 1
/m/02wbnv /common/topic/webpage./common/webpage/category /m/08mbj5d 1 1 1 1 1 1
/m/0581vn8 /common/topic/webpage./common/webpage/category /m/08mbj5d 1 1 1 1 1 1
/m/01z_jj /common/topic/webpage./common/webpage/category /m/08mbj5d 1 1 1 1 1 1
/m/027dpx /common/topic/webpage./common/webpage/category /m/08mbj5d 1 1 1 1 1 1
/m/0gys2jp /common/topic/webpage./common/webpage/category /m/08mbj5d 1 1 1 1 1 1
/m/04bpm6 /common/topic/webpage./common/webpage/category /m/08mbj5d 1 1 1 1 1 1
/m/03m6zs /common/topic/webpage./common/webpage/category /m/08mbj5d 1 1 1 1 1 1
/m/0cchk3 /common/topic/webpage./common/webpage/category /m/08mbj5d 1 1 1 1 1 1
/m/03ftmg /common/topic/webpage./common/webpage/category /m/08mbj5d 1 1 1 1 1 1
/m/01t38b /common/topic/webpage./common/webpage/category /m/08mbj5d 1 1 1 1 1 1
/m/02lz1s /common/topic/webpage./common/webpage/category /m/08mbj5d 1 1 1 1 1 1
/m/0645k5 /common/topic/webpage./common/webpage/category /m/08mbj5d 1 1 1 1 1 1
/m/05qd_ /common/topic/webpage./common/webpage/category /m/08mbj5d 1 1 1 1 1 1
/m/07p7g /common/topic/webpage./common/webpage/category /m/08mbj5d 0 0 0 0
/m/01s7w3 /common/topic/webpage./common/webpage/category /m/08mbj5d 1 1 1 1 1 1
/m/0wsr /common/topic/webpage./common/webpage/category /m/08mbj5d 1 1 1 1 1 1
/m/04pk1f /common/topic/webpage./common/webpage/category /m/08mbj5d 1 1 1 1 1 1
/m/03hmt9b /common/topic/webpage./common/webpage/category /m/08mbj5d 1 1 1 1 1 1
/m/015rmq /common/topic/webpage./common/webpage/category /m/08mbj5d 1 1 1 1 1 1
/m/086h6p /common/topic/webpage./common/webpage/category /m/08mbj5d 0 0 0 0
/m/0lw_s /common/topic/webpage./common/webpage/category /m/08mbj5d 1 1 1 1 1 1
/m/0cks1m /common/topic/webpage./common/webpage/category /m/08mbj5d 1 1 1 1 1 1
/m/05rfst /common/topic/webpage./common/webpage/category /m/08mbj5d 1 1 1 1 1 1
/m/068g3p /common/topic/webpage./common/webpage/category /m/08mbj5d 1 1 1 1 1 1
/m/03fnjv /common/topic/webpage./common/webpage/category /m/08mbj5d 0 0 0 0
/m/07bcn /common/topic/webpage./common/webpage/category /m/08mbj5d 1 1 1 1 1 1
/m/01cbt3 /common/topic/webpage./common/webpage/category /m/08mbj5d 1 1 1 1 1 1
/m/0q9nj /common/topic/webpage./common/webpage/category /m/08mbj5d 1 1 1 1 1 1
/m/07vn_9 /common/topic/webpage./common/webpage/category /m/08mbj5d 1 1 1 1 1 1
/m/02lf1j /common/topic/webpage./common/webpage/category /m/08mbj5d 1 1 1 1 1 1
/m/015fsv /common/topic/webpage./common/webpage/category /m/08mbj5d 1 1 1 1 1 1
/m/0fnb4 /common/topic/webpage./common/webpage/category /m/08mbj5d 1 1 1 1 1 1
/m/0db94w /common/topic/webpage./common/webpage/category /m/08mbj5d 1 1 1 1 1 1
/m/07kbp5 /common/topic/webpage./common/webpage/category /m/08mbj5d 1 1 1 1 1 1
/m/07srw /common/topic/webpage./common/webpage/category /m/08mbj5d 1 1 1 1 1 1
/m/0ys4f /common/topic/webpage./common/webpage/category /m/08mbj5d 1 1 1 1 1 1
/m/01yg9y /common/topic/webpage./common/webpage/category /m/08mbj5d 1 1 1 1 1 1
/m/01s560x /common/topic/webpage./common/webpage/category /m/08mbj5d 1 1 1 1 1 1
/m/02x9cv /common/topic/webpage./common/webpage/category /m/08mbj5d 1 1 1 1 1 1
/m/0rydq /common/topic/webpage./common/webpage/category /m/08mbj5d 1 1 1 1 1 1
/m/01nm8w /common/topic/webpage./common/webpage/category /m/08mbj5d 1 1 1 1 1 1
/m/06btq /common/topic/webpage./common/webpage/category /m/08mbj5d 1 1 1 1 1 1
/m/02y_lrp /common/topic/webpage./common/webpage/category /m/08mbj5d 1 1 1 1 1 1
/m/0djlxb /common/topic/webpage./common/webpage/category /m/08mbj5d 1 1 1 1 1 1
/m/01kyln /common/topic/webpage./common/webpage/category /m/08mbj5d 1 1 1 1 1 1
/m/0jpy_ /common/topic/webpage./common/webpage/category /m/08mbj5d 1 1 1 1 1 1
/m/01vrx35 /common/topic/webpage./common/webpage/category /m/08mbj5d 1 1 1 1 1 1
/m/0_lr1 /common/topic/webpage./common/webpage/category /m/08mbj5d 1 1 1 1 1 1
/m/0__wm /common/topic/webpage./common/webpage/category /m/08mbj5d 1 1 1 1 1 1
/m/02jxmr /common/topic/webpage./common/webpage/category /m/08mbj5d 1 1 1 1 1 1
/m/0h3lt /common/topic/webpage./common/webpage/category /m/08mbj5d 1 1 1 1 1 1
/m/033cw /common/topic/webpage./common/webpage/category /m/08mbj5d 1 1 1 1 1 1
/m/027xq5 /common/topic/webpage./common/webpage/category /m/08mbj5d 0 0 0 0
/m/010z5n /common/topic/webpage./common/webpage/category /m/08mbj5d 1 1 1 1 1 1
/m/09bw4_ /common/topic/webpage./common/webpage/category /m/08mbj5d 1 1 1 1 1 1
/m/0f42nz /common/topic/webpage./common/webpage/category /m/08mbj5d 1 1 1 1 1 1
/m/02ps55 /common/topic/webpage./common/webpage/category /m/08mbj5d 1 1 1 1 1 1
/m/03f4xvm /common/topic/webpage./common/webpage/category /m/08mbj5d 1 1 1 1 1 1
/m/087c7 /common/topic/webpage./common/webpage/category /m/08mbj5d 1 1 1 1 1 1
/m/0sbbq /common/topic/webpage./common/webpage/category /m/08mbj5d 1 1 1 1 1 1
/m/0167v4 /common/topic/webpage./common/webpage/category /m/08mbj5d 1 1 1 1 1 1
/m/01r9fv /common/topic/webpage./common/webpage/category /m/08mbj5d 1 1 1 1 1 1
/m/07cz2 /common/topic/webpage./common/webpage/category /m/08mbj5d 1 1 1 1 1 1
/m/01lv85 /common/topic/webpage./common/webpage/category /m/08mbj5d 1 1 1 1 1 1
/m/0bsxd3 /common/topic/webpage./common/webpage/category /m/08mbj5d 1 1 1 1 1 1
/m/05lb30 /common/topic/webpage./common/webpage/category /m/08mbj5d 1 1 1 1 1 1
/m/018pj3 /common/topic/webpage./common/webpage/category /m/08mbj5d 1 1 1 1 1 1
/m/086qd /common/topic/webpage./common/webpage/category /m/08mbj5d 1 1 1 1 1 1
/m/0179q0 /common/topic/webpage./common/webpage/category /m/08mbj5d 1 1 1 1 1 1
/m/04k05 /common/topic/webpage./common/webpage/category /m/08mbj5d 1 1 1 1 1 1
/m/0cvw9 /common/topic/webpage./common/webpage/category /m/08mbj5d 1 1 1 1 1 1
/m/06m61 /common/topic/webpage./common/webpage/category /m/08mbj5d 1 1 1 1 1 1
/m/0f1nl /common/topic/webpage./common/webpage/category /m/08mbj5d 1 1 1 1 1 1
/m/034qbx /common/topic/webpage./common/webpage/category /m/08mbj5d 1 1 1 1 1 1
/m/0q48z /common/topic/webpage./common/webpage/category /m/08mbj5d 1 1 1 1 1 1
/m/02301 /common/topic/webpage./common/webpage/category /m/08mbj5d 1 1 1 1 1 1
/m/0304nh /common/topic/webpage./common/webpage/category /m/08mbj5d 1 1 1 1 1 1
/m/02qdyj /common/topic/webpage./common/webpage/category /m/08mbj5d 1 1 1 1 1 1
/m/01cz7r /common/topic/webpage./common/webpage/category /m/08mbj5d 1 1 1 1 1 1
/m/0ccvx /common/topic/webpage./common/webpage/category /m/08mbj5d 1 1 1 1 1 1
/m/01r9c_ /common/topic/webpage./common/webpage/category /m/08mbj5d 1 1 1 1 1 1
/m/01r9md /common/topic/webpage./common/webpage/category /m/08mbj5d 1 1 1 1 1 1
/m/0kr_t /common/topic/webpage./common/webpage/category /m/08mbj5d 1 1 1 1 1 1
/m/01vw20_ /common/topic/webpage./common/webpage/category /m/08mbj5d 1 1 1 1 1 1
/m/06y9c2 /common/topic/webpage./common/webpage/category /m/08mbj5d 1 1 1 1 1 1
/m/0m75g /common/topic/webpage./common/webpage/category /m/08mbj5d 1 1 1 1 1 1
/m/0bxtyq /common/topic/webpage./common/webpage/category /m/08mbj5d 1 1 1 1 1 1
/m/01fsyp /common/topic/webpage./common/webpage/category /m/08mbj5d 1 1 1 1 1 1
/m/0244r8 /common/topic/webpage./common/webpage/category /m/08mbj5d 1 1 1 1 1 1
/m/0sxdg /common/topic/webpage./common/webpage/category /m/08mbj5d 1 1 1 1 1 1
/m/02bh9 /common/topic/webpage./common/webpage/category /m/08mbj5d 1 1 1 1 1 1
/m/0xnt5 /common/topic/webpage./common/webpage/category /m/08mbj5d 1 1 1 1 1 1
/m/02dw1_ /common/topic/webpage./common/webpage/category /m/08mbj5d 1 1 1 1 1 1
/m/0d9xq /common/topic/webpage./common/webpage/category /m/08mbj5d 1 1 1 1 1 1
/m/0r0ss /common/topic/webpage./common/webpage/category /m/08mbj5d 1 1 1 1 1 1
/m/0fhp9 /common/topic/webpage./common/webpage/category /m/08mbj5d 1 1 1 1 1 1
/m/016yr0 /common/topic/webpage./common/webpage/category /m/08mbj5d 1 1 1 1 1 1
/m/0t6hk /common/topic/webpage./common/webpage/category /m/08mbj5d 1 1 1 1 1 1
/m/02wvfxl /common/topic/webpage./common/webpage/category /m/08mbj5d 1 1 1 1 1 1
/m/0p8r1 /common/topic/webpage./common/webpage/category /m/08mbj5d 1 1 1 1 1 1
/m/01nn3m /common/topic/webpage./common/webpage/category /m/08mbj5d 1 1 1 1 1 1
/m/0bsnm /common/topic/webpage./common/webpage/category /m/08mbj5d 1 1 1 1 1 1
/m/036dyy /common/topic/webpage./common/webpage/category /m/08mbj5d 1 1 1 1 1 1
/m/02_0d2 /common/topic/webpage./common/webpage/category /m/08mbj5d 1 1 1 1 1 1
/m/01cwcr /common/topic/webpage./common/webpage/category /m/08mbj5d 1 1 1 1 1 1
/m/018qd6 /common/topic/webpage./common/webpage/category /m/08mbj5d 1 1 1 1 1 1
/m/01n4w_ /common/topic/webpage./common/webpage/category /m/08mbj5d 1 1 1 1 1 1
/m/01l9p /common/topic/webpage./common/webpage/category /m/08mbj5d 1 1 1 1 1 1
/m/016dsy /common/topic/webpage./common/webpage/category /m/08mbj5d 1 1 1 1 1 1
/m/05qgd9 /common/topic/webpage./common/webpage/category /m/08mbj5d 1 1 1 1 1 1
/m/03bx2lk /common/topic/webpage./common/webpage/category /m/08mbj5d 1 1 1 1 1 1
/m/0l_q9 /common/topic/webpage./common/webpage/category /m/08mbj5d 1 1 1 1 1 1
/m/01_d4 /common/topic/webpage./common/webpage/category /m/08mbj5d 1 1 1 1 1 1
/m/0f2s6 /common/topic/webpage./common/webpage/category /m/08mbj5d 1 1 1 1 1 1
/m/01tx9m /common/topic/webpage./common/webpage/category /m/08mbj5d 1 1 1 1 1 1
/m/02hp70 /common/topic/webpage./common/webpage/category /m/08mbj5d 1 1 1 1 1 1
/m/04bbpm /common/topic/webpage./common/webpage/category /m/08mbj5d 1 1 1 1 1 1
/m/0bt4g /common/topic/webpage./common/webpage/category /m/08mbj5d 1 1 1 1 1 1
/m/016ckq /common/topic/webpage./common/webpage/category /m/08mbj5d 1 1 1 1 1 1
/m/0bqxw /common/topic/webpage./common/webpage/category /m/08mbj5d 1 1 1 1 1 1
/m/01y68z /common/topic/webpage./common/webpage/category /m/08mbj5d 1 1 1 1 1 1
/m/01vrncs /common/topic/webpage./common/webpage/category /m/08mbj5d 1 1 1 1 1 1
/m/02hft3 /common/topic/webpage./common/webpage/category /m/08mbj5d 1 1 1 1 1 1
/m/01vsyjy /common/topic/webpage./common/webpage/category /m/08mbj5d 1 1 1 1 1 1
/m/02wvf2s /common/topic/webpage./common/webpage/category /m/08mbj5d 0 0 0 0
/m/03sww /common/topic/webpage./common/webpage/category /m/08mbj5d 1 1 1 1 1 1
/m/01qwb5 /common/topic/webpage./common/webpage/category /m/08mbj5d 1 1 1 1 1 1
/m/0x25q /common/topic/webpage./common/webpage/category /m/08mbj5d 1 1 1 1 1 1
/m/0dm5l /common/topic/webpage./common/webpage/category /m/08mbj5d 1 1 1 1 1 1
/m/04mcw4 /common/topic/webpage./common/webpage/category /m/08mbj5d 1 1 1 1 1 1
/m/01l63 /common/topic/webpage./common/webpage/category /m/08mbj5d 1 1 1 1 1 1
/m/02xfj0 /common/topic/webpage./common/webpage/category /m/08mbj5d 1 1 1 1 1 1
/m/013crh /common/topic/webpage./common/webpage/category /m/08mbj5d 1 1 1 1 1 1
/m/014pg1 /common/topic/webpage./common/webpage/category /m/08mbj5d 1 1 1 1 1 1
/m/0d58_ /common/topic/webpage./common/webpage/category /m/08mbj5d 1 1 1 1 1 1
/m/0wp9b /common/topic/webpage./common/webpage/category /m/08mbj5d 1 1 1 1 1 1
/m/0xrz2 /common/topic/webpage./common/webpage/category /m/08mbj5d 1 1 1 1 1 1
/m/047c9l /common/topic/webpage./common/webpage/category /m/08mbj5d 1 1 1 1 1 1
/m/01f62 /common/topic/webpage./common/webpage/category /m/08mbj5d 1 1 1 1 1 1
/m/01tt27 /common/topic/webpage./common/webpage/category /m/08mbj5d 0 0 0 0
/m/0qr4n /common/topic/webpage./common/webpage/category /m/08mbj5d 1 1 1 1 1 1
/m/0fxrk /common/topic/webpage./common/webpage/category /m/08mbj5d 0 0 0 0
/m/0mzy7 /common/topic/webpage./common/webpage/category /m/08mbj5d 1 1 1 1 1 1
/m/0jbyg /common/topic/webpage./common/webpage/category /m/08mbj5d 1 1 1 1 1 1
/m/0gmf0nj /common/topic/webpage./common/webpage/category /m/08mbj5d 1 1 1 1 1 1
/m/012vd6 /common/topic/webpage./common/webpage/category /m/08mbj5d 1 1 1 1 1 1
/m/01qmy04 /common/topic/webpage./common/webpage/category /m/08mbj5d 1 1 1 1 1 1
/m/01zb_g /common/topic/webpage./common/webpage/category /m/08mbj5d 0 0 0 0
/m/03qx_f /common/topic/webpage./common/webpage/category /m/08mbj5d 1 1 1 1 1 1
/m/02mt51 /common/topic/webpage./common/webpage/category /m/08mbj5d 1 1 1 1 1 1
/m/01v0sxx /common/topic/webpage./common/webpage/category /m/08mbj5d 1 1 1 1 1 1
/m/0t_3w /common/topic/webpage./common/webpage/category /m/08mbj5d 1 1 1 1 1 1
/m/0f6_4 /common/topic/webpage./common/webpage/category /m/08mbj5d 1 1 1 1 1 1
/m/04cbtrw /common/topic/webpage./common/webpage/category /m/08mbj5d 1 1 1 1 1 1
/m/04pmnt /common/topic/webpage./common/webpage/category /m/08mbj5d 1 1 1 1 1 1
/m/018grr /common/topic/webpage./common/webpage/category /m/08mbj5d 1 1 1 1 1 1
/m/04qb6g /common/topic/webpage./common/webpage/category /m/08mbj5d 1 1 1 1 1 1
/m/0kb3n /common/topic/webpage./common/webpage/category /m/08mbj5d 1 1 1 1 1 1
/m/013fn /common/topic/webpage./common/webpage/category /m/08mbj5d 1 1 1 1 1 1
/m/07rfp /common/topic/webpage./common/webpage/category /m/08mbj5d 1 1 1 1 1 1
/m/04gp58p /common/topic/webpage./common/webpage/category /m/08mbj5d 1 1 1 1 1 1
/m/02xpy5 /common/topic/webpage./common/webpage/category /m/08mbj5d 1 1 1 1 1 1
/m/0fn7r /common/topic/webpage./common/webpage/category /m/08mbj5d 1 1 1 1 1 1
/m/028q7m /common/topic/webpage./common/webpage/category /m/08mbj5d 0 0 0 0
/m/0d075m /common/topic/webpage./common/webpage/category /m/08mbj5d 1 1 1 1 1 1
/m/01mskc3 /common/topic/webpage./common/webpage/category /m/08mbj5d 1 1 1 1 1 1
/m/018ldw /common/topic/webpage./common/webpage/category /m/08mbj5d 1 1 1 1 1 1
/m/06br6t /common/topic/webpage./common/webpage/category /m/08mbj5d 1 1 1 1 1 1
/m/0fw2f /common/topic/webpage./common/webpage/category /m/08mbj5d 1 1 1 1 1 1
/m/04knvh /common/topic/webpage./common/webpage/category /m/08mbj5d 0 0 0 0
/m/06rjp /common/topic/webpage./common/webpage/category /m/08mbj5d 1 1 1 1 1 1
/m/0408np /common/topic/webpage./common/webpage/category /m/08mbj5d 1 1 1 1 1 1
/m/04l3_z /common/topic/webpage./common/webpage/category /m/08mbj5d 1 1 1 1 1 1
/m/03kxdw /common/topic/webpage./common/webpage/category /m/08mbj5d 1 1 1 1 1 1
/m/01p9hgt /common/topic/webpage./common/webpage/category /m/08mbj5d 1 1 1 1 1 1
/m/0393g /common/topic/webpage./common/webpage/category /m/08mbj5d 0 0 0 0
/m/0dr31 /common/topic/webpage./common/webpage/category /m/08mbj5d 1 1 1 1 1 1
/m/01qkqwg /common/topic/webpage./common/webpage/category /m/08mbj5d 1 1 1 1 1 1
/m/0n1rj /common/topic/webpage./common/webpage/category /m/08mbj5d 1 1 1 1 1 1
/m/02fs_d /common/topic/webpage./common/webpage/category /m/08mbj5d 1 1 1 1 1 1
/m/026m3y /common/topic/webpage./common/webpage/category /m/08mbj5d 1 1 1 1 1 1
/m/046lt /common/topic/webpage./common/webpage/category /m/08mbj5d 1 1 1 1 1 1
/m/0gs6vr /common/topic/webpage./common/webpage/category /m/08mbj5d 1 1 1 1 1 1
/m/0jpn8 /common/topic/webpage./common/webpage/category /m/08mbj5d 1 1 1 1 1 1
/m/02zd2b /common/topic/webpage./common/webpage/category /m/08mbj5d 1 1 1 1 1 1
/m/0s987 /common/topic/webpage./common/webpage/category /m/08mbj5d 1 1 1 1 1 1
/m/07wbk /common/topic/webpage./common/webpage/category /m/08mbj5d 1 1 1 1 1 1
/m/01y9pk /common/topic/webpage./common/webpage/category /m/08mbj5d 1 1 1 1 1 1
/m/059_c /common/topic/webpage./common/webpage/category /m/08mbj5d 1 1 1 1 1 1
/m/0135p7 /common/topic/webpage./common/webpage/category /m/08mbj5d 1 1 1 1 1 1
/m/0ftns /common/topic/webpage./common/webpage/category /m/08mbj5d 0 0 0 0
/m/03bnd9 /common/topic/webpage./common/webpage/category /m/08mbj5d 1 1 1 1 1 1
/m/04bs3j /common/topic/webpage./common/webpage/category /m/08mbj5d 1 1 1 1 1 1
/m/09j_g /common/topic/webpage./common/webpage/category /m/08mbj5d 1 1 1 1 1 1
/m/01g_k3 /common/topic/webpage./common/webpage/category /m/08mbj5d 1 1 1 1 1 1
/m/06bss /common/topic/webpage./common/webpage/category /m/08mbj5d 1 1 1 1 1 1
/m/01wgcvn /common/topic/webpage./common/webpage/category /m/08mbj5d 1 1 1 1 1 1
/m/02_01w /common/topic/webpage./common/webpage/category /m/08mbj5d 1 1 1 1 1 1
/m/05fjf /common/topic/webpage./common/webpage/category /m/08mbj5d 1 1 1 1 1 1
/m/0_kfv /common/topic/webpage./common/webpage/category /m/08mbj5d 1 1 1 1 1 1
/m/03h4mp /common/topic/webpage./common/webpage/category /m/08mbj5d 1 1 1 1 1 1
/m/0zpfy /common/topic/webpage./common/webpage/category /m/08mbj5d 1 1 1 1 1 1
/m/0830vk /common/topic/webpage./common/webpage/category /m/08mbj5d 1 1 1 1 1 1
/m/0cbv4g /common/topic/webpage./common/webpage/category /m/08mbj5d 1 1 1 1 1 1
/m/06hwzy /common/topic/webpage./common/webpage/category /m/08mbj5d 1 1 1 1 1 1
/m/016nvh /common/topic/webpage./common/webpage/category /m/08mbj5d 1 1 1 1 1 1
/m/0cjcbg /common/topic/webpage./common/webpage/category /m/08mbj5d 1 1 1 1 1 1
/m/0btpm6 /common/topic/webpage./common/webpage/category /m/08mbj5d 1 1 1 1 1 1
/m/0p7h7 /common/topic/webpage./common/webpage/category /m/08mbj5d 1 1 1 1 1 1
/m/07wrz /common/topic/webpage./common/webpage/category /m/08mbj5d 1 1 1 1 1 1
/m/09c7b /common/topic/webpage./common/webpage/category /m/08mbj5d 0 0 0 0
/m/03c_cxn /common/topic/webpage./common/webpage/category /m/08mbj5d 1 1 1 1 1 1
/m/01x2tm8 /common/topic/webpage./common/webpage/category /m/08mbj5d 1 1 1 1 1 1
/m/0c8tk /common/topic/webpage./common/webpage/category /m/08mbj5d 1 1 1 1 1 1
/m/04mkft /common/topic/webpage./common/webpage/category /m/08mbj5d 1 1 1 1 1 1
/m/08815 /common/topic/webpage./common/webpage/category /m/08mbj5d 1 1 1 1 1 1
/m/0dlm_ /common/topic/webpage./common/webpage/category /m/08mbj5d 0 0 0 0
/m/01skmp /common/topic/webpage./common/webpage/category /m/08mbj5d 1 1 1 1 1 1
/m/013hvr /common/topic/webpage./common/webpage/category /m/08mbj5d 0 0 0 0
/m/0fw3f /common/topic/webpage./common/webpage/category /m/08mbj5d 1 1 1 1 1 1
/m/0r04p /common/topic/webpage./common/webpage/category /m/08mbj5d 1 1 1 1 1 1
/m/01tsbmv /common/topic/webpage./common/webpage/category /m/08mbj5d 1 1 1 1 1 1
/m/01w524f /common/topic/webpage./common/webpage/category /m/08mbj5d 1 1 1 1 1 1
/m/0173s9 /common/topic/webpage./common/webpage/category /m/08mbj5d 1 1 1 1 1 1
/m/02ndf1 /common/topic/webpage./common/webpage/category /m/08mbj5d 1 1 1 1 1 1
/m/0sl2w /common/topic/webpage./common/webpage/category /m/08mbj5d 1 1 1 1 1 1
/m/0162kb /common/topic/webpage./common/webpage/category /m/08mbj5d 0 0 0 0
/m/01fxck /common/topic/webpage./common/webpage/category /m/08mbj5d 1 1 1 1 1 1
/m/0tnkg /common/topic/webpage./common/webpage/category /m/08mbj5d 1 1 1 1 1 1
/m/0146pg /common/topic/webpage./common/webpage/category /m/08mbj5d 1 1 1 1 1 1
/m/01q9mk /common/topic/webpage./common/webpage/category /m/08mbj5d 0 0 0 0
/m/0kc9f /common/topic/webpage./common/webpage/category /m/08mbj5d 1 1 1 1 1 1
/m/02cpp /common/topic/webpage./common/webpage/category /m/08mbj5d 1 1 1 1 1 1
/m/04mhbh /common/topic/webpage./common/webpage/category /m/08mbj5d 1 1 1 1 1 1
/m/02y9bj /common/topic/webpage./common/webpage/category /m/08mbj5d 1 1 1 1 1 1
/m/03hfmm /common/topic/webpage./common/webpage/category /m/08mbj5d 1 1 1 1 1 1
/m/02ts3h /common/topic/webpage./common/webpage/category /m/08mbj5d 1 1 1 1 1 1
/m/04_j5s /common/topic/webpage./common/webpage/category /m/08mbj5d 1 1 1 1 1 1
/m/0xqf3 /common/topic/webpage./common/webpage/category /m/08mbj5d 1 1 1 1 1 1
/m/0qf3p /common/topic/webpage./common/webpage/category /m/08mbj5d 1 1 1 1 1 1
/m/017v3q /common/topic/webpage./common/webpage/category /m/08mbj5d 1 1 1 1 1 1
/m/0373qg /common/topic/webpage./common/webpage/category /m/08mbj5d 1 1 1 1 1 1
/m/01qf54 /common/topic/webpage./common/webpage/category /m/08mbj5d 1 1 1 1 1 1
/m/01lw3kh /common/topic/webpage./common/webpage/category /m/08mbj5d 1 1 1 1 1 1
/m/012ljv /common/topic/webpage./common/webpage/category /m/08mbj5d 1 1 1 1 1 1
/m/08966 /common/topic/webpage./common/webpage/category /m/08mbj5d 1 1 1 1 1 1
/m/05zjtn4 /common/topic/webpage./common/webpage/category /m/08mbj5d 1 1 1 1 1 1
/m/04gdr /common/topic/webpage./common/webpage/category /m/08mbj5d 1 1 1 1 1 1
/m/01tlyq /common/topic/webpage./common/webpage/category /m/08mbj5d 1 1 1 1 1 1
/m/017xm3 /common/topic/webpage./common/webpage/category /m/08mbj5d 1 1 1 1 1 1
/m/02rky4 /common/topic/webpage./common/webpage/category /m/08mbj5d 1 1 1 1 1 1
/m/0ddjy /common/topic/webpage./common/webpage/category /m/08mbj5d 1 1 1 1 1 1
/m/01b1mj /common/topic/webpage./common/webpage/category /m/08mbj5d 1 1 1 1 1 1
/m/02c9dj /common/topic/webpage./common/webpage/category /m/08mbj5d 1 1 1 1 1 1
/m/01p7x7 /common/topic/webpage./common/webpage/category /m/08mbj5d 1 1 1 1 1 1
/m/01t7jy /common/topic/webpage./common/webpage/category /m/08mbj5d 1 1 1 1 1 1
/m/016wvy /common/topic/webpage./common/webpage/category /m/08mbj5d 1 1 1 1 1 1
/m/05q5t0b /common/topic/webpage./common/webpage/category /m/08mbj5d 1 1 1 1 1 1
/m/03j1p2n /common/topic/webpage./common/webpage/category /m/08mbj5d 1 1 1 1 1 1
/m/01k_mc /common/topic/webpage./common/webpage/category /m/08mbj5d 1 1 1 1 1 1
/m/0x335 /common/topic/webpage./common/webpage/category /m/08mbj5d 1 1 1 1 1 1
/m/0130sy /common/topic/webpage./common/webpage/category /m/08mbj5d 1 1 1 1 1 1
/m/03_8r /common/topic/webpage./common/webpage/category /m/08mbj5d 0 0 0 0
/m/01n2m6 /common/topic/webpage./common/webpage/category /m/08mbj5d 1 1 1 1 1 1
/m/02gjp /common/topic/webpage./common/webpage/category /m/08mbj5d 0 0 0 0
/m/06xpp7 /common/topic/webpage./common/webpage/category /m/08mbj5d 1 1 1 1 1 1
/m/010h9y /common/topic/webpage./common/webpage/category /m/08mbj5d 1 1 1 1 1 1
/m/0283sdr /common/topic/webpage./common/webpage/category /m/08mbj5d 1 1 1 1 1 1
/m/05xq9 /common/topic/webpage./common/webpage/category /m/08mbj5d 1 1 1 1 1 1
/m/0t015 /common/topic/webpage./common/webpage/category /m/08mbj5d 1 1 1 1 1 1
/m/026lg0s /common/topic/webpage./common/webpage/category /m/08mbj5d 0 0 0 0
/m/0qzhw /common/topic/webpage./common/webpage/category /m/08mbj5d 1 1 1 1 1 1
/m/01kph_c /common/topic/webpage./common/webpage/category /m/08mbj5d 1 1 1 1 1 1
/m/01pk8b /common/topic/webpage./common/webpage/category /m/08mbj5d 1 1 1 1 1 1
/m/01svw8n /common/topic/webpage./common/webpage/category /m/08mbj5d 1 1 1 1 1 1
/m/01qgr3 /common/topic/webpage./common/webpage/category /m/08mbj5d 1 1 1 1 1 1
/m/02t_tp /common/topic/webpage./common/webpage/category /m/08mbj5d 1 1 1 1 1 1
/m/01j_06 /common/topic/webpage./common/webpage/category /m/08mbj5d 1 1 1 1 1 1
/m/01wv9xn /common/topic/webpage./common/webpage/category /m/08mbj5d 1 1 1 1 1 1
/m/01wbz9 /common/topic/webpage./common/webpage/category /m/08mbj5d 1 1 1 1 1 1
/m/02mpb /common/topic/webpage./common/webpage/category /m/08mbj5d 1 1 1 1 1 1
/m/027ct7c /common/topic/webpage./common/webpage/category /m/08mbj5d 1 1 1 1 1 1
/m/01vwyqp /common/topic/webpage./common/webpage/category /m/08mbj5d 1 1 1 1 1 1
/m/0f__1 /common/topic/webpage./common/webpage/category /m/08mbj5d 1 1 1 1 1 1
/m/043ljr /common/topic/webpage./common/webpage/category /m/08mbj5d 1 1 1 1 1 1
/m/05qw5 /common/topic/webpage./common/webpage/category /m/08mbj5d 1 1 1 1 1 1
/m/01qckn /common/topic/webpage./common/webpage/category /m/08mbj5d 1 1 1 1 1 1
/m/0b06q /common/topic/webpage./common/webpage/category /m/08mbj5d 0 0 0 0
/m/0wh3 /common/topic/webpage./common/webpage/category /m/08mbj5d 1 1 1 1 1 1
/m/0ftvz /common/topic/webpage./common/webpage/category /m/08mbj5d 1 1 1 1 1 1
/m/0fhzwl /common/topic/webpage./common/webpage/category /m/08mbj5d 1 1 1 1 1 1
/m/0r6ff /common/topic/webpage./common/webpage/category /m/08mbj5d 1 1 1 1 1 1
/m/05fky /common/topic/webpage./common/webpage/category /m/08mbj5d 1 1 1 1 1 1
/m/077rj /common/topic/webpage./common/webpage/category /m/08mbj5d 1 1 1 1 1 1
/m/0c0cs /common/topic/webpage./common/webpage/category /m/08mbj5d 0 0 0 0
/m/0gpx6 /common/topic/webpage./common/webpage/category /m/08mbj5d 1 1 1 1 1 1
/m/079yb /common/topic/webpage./common/webpage/category /m/08mbj5d 1 1 1 1 1 1
/m/01s9ftn /common/topic/webpage./common/webpage/category /m/08mbj5d 1 1 1 1 1 1
/m/0280061 /common/topic/webpage./common/webpage/category /m/08mbj5d 1 1 1 1 1 1
/m/02rgz4 /common/topic/webpage./common/webpage/category /m/08mbj5d 1 1 1 1 1 1
/m/01bqnc /common/topic/webpage./common/webpage/category /m/08mbj5d 1 1 1 1 1 1
/m/02pbrn /common/topic/webpage./common/webpage/category /m/08mbj5d 1 1 1 1 1 1
/m/05d8vw /common/topic/webpage./common/webpage/category /m/08mbj5d 1 1 1 1 1 1
/m/023rwm /common/topic/webpage./common/webpage/category /m/08mbj5d 1 1 1 1 1 1
/m/06zpgb2 /common/topic/webpage./common/webpage/category /m/08mbj5d 1 1 1 1 1 1
/m/02hrb2 /common/topic/webpage./common/webpage/category /m/08mbj5d 1 1 1 1 1 1
/m/0151ns /common/topic/webpage./common/webpage/category /m/08mbj5d 1 1 1 1 1 1
/m/0nqph /common/topic/webpage./common/webpage/category /m/08mbj5d 1 1 1 1 1 1
/m/0161sp /common/topic/webpage./common/webpage/category /m/08mbj5d 1 1 1 1 1 1
/m/0xddr /common/topic/webpage./common/webpage/category /m/08mbj5d 1 1 1 1 1 1
/m/0345kr /common/topic/webpage./common/webpage/category /m/08mbj5d 1 1 1 1 1 1
/m/02rq7nd /common/topic/webpage./common/webpage/category /m/08mbj5d 1 1 1 1 1 1
/m/0qkyj /common/topic/webpage./common/webpage/category /m/08mbj5d 1 1 1 1 1 1
/m/02dq8f /common/topic/webpage./common/webpage/category /m/08mbj5d 1 1 1 1 1 1
/m/0889d /common/topic/webpage./common/webpage/category /m/08mbj5d 0 0 0 0
/m/024y8p /common/topic/webpage./common/webpage/category /m/08mbj5d 1 1 1 1 1 1
/m/02pptm /common/topic/webpage./common/webpage/category /m/08mbj5d 1 1 1 1 1 1
/m/0r8c8 /common/topic/webpage./common/webpage/category /m/08mbj5d 1 1 1 1 1 1
/m/09z1lg /common/topic/webpage./common/webpage/category /m/08mbj5d 1 1 1 1 1 1
/m/02nfjp /common/topic/webpage./common/webpage/category /m/08mbj5d 1 1 1 1 1 1
/m/07_pf /common/topic/webpage./common/webpage/category /m/08mbj5d 1 1 1 1 1 1
/m/07x4c /common/topic/webpage./common/webpage/category /m/08mbj5d 1 1 1 1 1 1
/m/01vw26l /common/topic/webpage./common/webpage/category /m/08mbj5d 1 1 1 1 1 1
/m/0fpj4lx /common/topic/webpage./common/webpage/category /m/08mbj5d 1 1 1 1 1 1
