/m/016t_3 /education/educational_degree/people_with_this_degree./education/education/major_field_of_study /m/03ytc 62 10 0 1 0 0
/m/03bwzr4 /education/educational_degree/people_with_this_degree./education/education/major_field_of_study /m/037mh8 30 4 0 1 0 0
/m/02h4rq6 /education/educational_degree/people_with_this_degree./education/education/major_field_of_study /m/041y2 36 1 0 1 0 1
/m/016t_3 /education/educational_degree/people_with_this_degree./education/education/major_field_of_study /m/040p_q 68 14 0 0 0 0
/m/019v9k /education/educational_degree/people_with_this_degree./education/education/major_field_of_study /m/02lp1 37 3 0 1 0 0
/m/016t_3 /education/educational_degree/people_with_this_degree./education/education/major_field_of_study /m/01h788 77 20 0 0 0 0
/m/01ysy9 /education/educational_degree/people_with_this_degree./education/education/major_field_of_study /m/04_tv 11 6 0 1 0 0
/m/0bkj86 /education/educational_degree/people_with_this_degree./education/education/major_field_of_study /m/01r4k 35 5 0 1 0 0
/m/02_xgp2 /education/educational_degree/people_with_this_degree./education/education/major_field_of_study /m/01540 28 2 0 1 0 0
/m/028dcg /education/educational_degree/people_with_this_degree./education/education/major_field_of_study /m/011s0 10 8 1 1 0 0
/m/014mlp /education/educational_degree/people_with_this_degree./education/education/major_field_of_study /m/06nm1 59 10 0 1 0 0
/m/03bwzr4 /education/educational_degree/people_with_this_degree./education/education/major_field_of_study /m/01tbp 21 2 0 1 0 0
/m/04zx3q1 /education/educational_degree/people_with_this_degree./education/education/major_field_of_study /m/0l5mz 49 21 0 0 0 0
/m/07s6fsf /education/educational_degree/people_with_this_degree./education/education/major_field_of_study /m/09s1f 11 7 0 1 0 0
/m/02h4rq6 /education/educational_degree/people_with_this_degree./education/education/major_field_of_study /m/04_tv 38 1 0 1 0 1
/m/0bkj86 /education/educational_degree/people_with_this_degree./education/education/major_field_of_study /m/0h5k 33 5 0 1 0 0
/m/04zx3q1 /education/educational_degree/people_with_this_degree./education/education/major_field_of_study /m/04x_3 36 10 0 1 0 0
/m/02h4rq6 /education/educational_degree/people_with_this_degree./education/education/major_field_of_study /m/04g7x 60 12 0 0 0 0
/m/019v9k /education/educational_degree/people_with_this_degree./education/education/major_field_of_study /m/04rlf 45 6 0 1 0 0
/m/01ysy9 /education/educational_degree/people_with_this_degree./education/education/major_field_of_study /m/0l5mz 17 11 0 0 0 0
/m/01gkg3 /education/educational_degree/people_with_this_degree./education/education/major_field_of_study /m/04rjg 11 9 0 1 0 0
/m/014mlp /education/educational_degree/people_with_this_degree./education/education/major_field_of_study /m/01x3g 72 19 0 0 0 0
/m/0bkj86 /education/educational_degree/people_with_this_degree./education/education/major_field_of_study /m/02jfc 58 19 0 0 0 0
/m/019v9k /education/educational_degree/people_with_this_degree./education/education/major_field_of_study /m/064_8sq 67 15 0 0 0 0
/m/0bjrnt /education/educational_degree/people_with_this_degree./education/education/major_field_of_study /m/03lrls 71 56 0 0 0 0
/m/014mlp /education/educational_degree/people_with_this_degree./education/education/major_field_of_study /m/01zc2w 67 17 0 0 0 0
/m/02_xgp2 /education/educational_degree/people_with_this_degree./education/education/major_field_of_study /m/01r4k 41 9 0 1 0 0
/m/071tyz /education/educational_degree/people_with_this_degree./education/education/major_field_of_study /m/02j62 2 1 1 1 0 1
/m/03bwzr4 /education/educational_degree/people_with_this_degree./education/education/major_field_of_study /m/0w7s 32 4 0 1 0 0
/m/03bwzr4 /education/educational_degree/people_with_this_degree./education/education/major_field_of_study /m/023907r 80 40 0 0 0 0
/m/0bjrnt /education/educational_degree/people_with_this_degree./education/education/major_field_of_study /m/062z7 24 13 0 0 0 0
/m/02h4rq6 /education/educational_degree/people_with_this_degree./education/education/major_field_of_study /m/02mgp 86 36 0 0 0 0
/m/0bkj86 /education/educational_degree/people_with_this_degree./education/education/major_field_of_study /m/01lj9 22 1 0 1 0 1
/m/07s6fsf /education/educational_degree/people_with_this_degree./education/education/major_field_of_study /m/0_jm 6 2 1 1 0 0
/m/0bkj86 /education/educational_degree/people_with_this_degree./education/education/major_field_of_study /m/036nz 40 7 0 1 0 0
/m/019v9k /education/educational_degree/people_with_this_degree./education/education/major_field_of_study /m/06ms6 53 8 0 1 0 0
/m/019v9k /education/educational_degree/people_with_this_degree./education/education/major_field_of_study /m/02mgp 96 37 0 0 0 0
/m/028dcg /education/educational_degree/people_with_this_degree./education/education/major_field_of_study /m/03r8gp 11 9 0 1 0 0
/m/028dcg /education/educational_degree/people_with_this_degree./education/education/major_field_of_study /m/03qsdpk 5 3 1 1 0 0
/m/016t_3 /education/educational_degree/people_with_this_degree./education/education/major_field_of_study /m/09s1f 57 9 0 1 0 0
/m/071tyz /education/educational_degree/people_with_this_degree./education/education/major_field_of_study /m/06ms6 2 1 1 1 0 1
/m/0bjrnt /education/educational_degree/people_with_this_degree./education/education/major_field_of_study /m/06ms6 7 3 1 1 0 0
/m/02h4rq6 /education/educational_degree/people_with_this_degree./education/education/major_field_of_study /m/0pf2 45 4 0 1 0 0
/m/028dcg /education/educational_degree/people_with_this_degree./education/education/major_field_of_study /m/05qfh 1 1 1 1 1 1
/m/014mlp /education/educational_degree/people_with_this_degree./education/education/major_field_of_study /m/02_7t 40 2 0 1 0 0
/m/03bwzr4 /education/educational_degree/people_with_this_degree./education/education/major_field_of_study /m/04_tv 28 3 0 1 0 0
/m/03bwzr4 /education/educational_degree/people_with_this_degree./education/education/major_field_of_study /m/06q83 51 15 0 0 0 0
/m/016t_3 /education/educational_degree/people_with_this_degree./education/education/major_field_of_study /m/02mgp 99 35 0 0 0 0
/m/03bwzr4 /education/educational_degree/people_with_this_degree./education/education/major_field_of_study /m/01bt59 36 6 0 1 0 0
/m/016t_3 /education/educational_degree/people_with_this_degree./education/education/major_field_of_study /m/036nz 72 16 0 0 0 0
/m/071tyz /education/educational_degree/people_with_this_degree./education/education/major_field_of_study /m/02cm61 9 7 1 1 0 0
/m/014mlp /education/educational_degree/people_with_this_degree./education/education/major_field_of_study /m/05qjc 105 45 0 0 0 0
/m/027f2w /education/educational_degree/people_with_this_degree./education/education/major_field_of_study /m/0193x 5 5 1 1 0 0
/m/01kxxq /education/educational_degree/people_with_this_degree./education/education/major_field_of_study /m/0_jm 4 3 1 1 0 0
/m/019v9k /education/educational_degree/people_with_this_degree./education/education/major_field_of_study /m/01jzxy 51 8 0 1 0 0
/m/01kxxq /education/educational_degree/people_with_this_degree./education/education/major_field_of_study /m/02j62 3 2 1 1 0 0
/m/0bkj86 /education/educational_degree/people_with_this_degree./education/education/major_field_of_study /m/0g26h 25 1 0 1 0 1
/m/027f2w /education/educational_degree/people_with_this_degree./education/education/major_field_of_study /m/04sh3 4 4 1 1 0 0
/m/02_xgp2 /education/educational_degree/people_with_this_degree./education/education/major_field_of_study /m/05b6c 43 10 0 1 0 0
/m/016t_3 /education/educational_degree/people_with_this_degree./education/education/major_field_of_study /m/06q83 80 22 0 0 0 0
/m/02_xgp2 /education/educational_degree/people_with_this_degree./education/education/major_field_of_study /m/01400v 35 6 0 1 0 0
/m/016t_3 /education/educational_degree/people_with_this_degree./education/education/major_field_of_study /m/01400v 32 1 0 1 0 1
/m/016t_3 /education/educational_degree/people_with_this_degree./education/education/major_field_of_study /m/02822 42 4 0 1 0 0
