/m/0b7l4x /film/film/production_companies /m/03sb38 9236 9233 0 0 0 0
/m/02c7k4 /film/film/production_companies /m/01795t 1 1 1 1 1 1
/m/0djkrp /film/film/production_companies /m/025jfl 10073 10073 0 0 0 0
/m/0dtfn /film/film/production_companies /m/0kx4m 1 1 1 1 1 1
/m/023gxx /film/film/production_companies /m/09b3v 2 1 1 1 0 1
/m/0btpm6 /film/film/production_companies /m/02hvd 1 1 1 1 1 1
/m/03whyr /film/film/production_companies /m/09b3v 2 1 1 1 0 1
/m/02vqsll /film/film/production_companies /m/03sb38 5950 5946 0 0 0 0
/m/02d003 /film/film/production_companies /m/06rq1k 1 1 1 1 1 1
/m/03clwtw /film/film/production_companies /m/0c41qv 9 9 1 1 0 0
/m/023g6w /film/film/production_companies /m/02slt7 5559 5559 0 0 0 0
/m/014_x2 /film/film/production_companies /m/0c41qv 2 2 1 1 0 0
/m/0_7w6 /film/film/production_companies /m/04rcl7 4 3 1 1 0 0
/m/02fqxm /film/film/production_companies /m/03sb38 937 936 0 0 0 0
/m/0cmf0m0 /film/film/production_companies /m/056ws9 2 2 1 1 0 0
/m/024l2y /film/film/production_companies /m/03xsby 7034 7033 0 0 0 0
/m/01l_pn /film/film/production_companies /m/03rwz3 5407 5407 0 0 0 0
/m/07gghl /film/film/production_companies /m/046b0s 1 1 1 1 1 1
/m/065dc4 /film/film/production_companies /m/08wjc1 9560 9560 0 0 0 0
/m/08nvyr /film/film/production_companies /m/04f525m 5523 5523 0 0 0 0
/m/07gp9 /film/film/production_companies /m/02slt7 3231 3230 0 0 0 0
/m/0cd2vh9 /film/film/production_companies /m/0c_j5d 7278 7277 0 0 0 0
/m/05z_kps /film/film/production_companies /m/05mgj0 7663 7662 0 0 0 0
/m/02r1c18 /film/film/production_companies /m/03sb38 2 1 1 1 0 1
/m/048yqf /film/film/production_companies /m/0c_j5d 2 2 1 1 0 0
/m/0cc5mcj /film/film/production_companies /m/04cygb3 9456 9453 0 0 0 0
/m/01gwk3 /film/film/production_companies /m/086k8 4 4 1 1 0 0
/m/09sr0 /film/film/production_companies /m/03sb38 5 3 1 1 0 0
/m/09v3jyg /film/film/production_companies /m/04rcl7 3 3 1 1 0 0
/m/02725hs /film/film/production_companies /m/03sb38 5 3 1 1 0 0
/m/085wqm /film/film/production_companies /m/016tw3 2 2 1 1 0 0
/m/03hp2y1 /film/film/production_companies /m/03sb38 3 3 1 1 0 0
/m/065dc4 /film/film/production_companies /m/04rtpt 1 1 1 1 1 1
/m/047gpsd /film/film/production_companies /m/054lpb6 4 4 1 1 0 0
/m/02fqrf /film/film/production_companies /m/02hvd 3 3 1 1 0 0
/m/01y9jr /film/film/production_companies /m/017s11 9614 9614 0 0 0 0
/m/0gcrg /film/film/production_companies /m/0g1rw 5152 5152 0 0 0 0
/m/01zfzb /film/film/production_companies /m/031rq5 8451 8450 0 0 0 0
/m/01j8wk /film/film/production_companies /m/046b0s 10063 10062 0 0 0 0
/m/01s7w3 /film/film/production_companies /m/030_1_ 3 1 1 1 0 1
/m/053tj7 /film/film/production_companies /m/08wjc1 3860 3858 0 0 0 0
/m/06fcqw /film/film/production_companies /m/04rcl7 3 1 1 1 0 1
/m/07cz2 /film/film/production_companies /m/05h4t7 1 1 1 1 1 1
/m/0cz_ym /film/film/production_companies /m/04rtpt 3 2 1 1 0 0
/m/06ztvyx /film/film/production_companies /m/056ws9 3 3 1 1 0 0
/m/0d90m /film/film/production_companies /m/0c_j5d 4 4 1 1 0 0
/m/05t0_2v /film/film/production_companies /m/054lpb6 2 2 1 1 0 0
/m/09sh8k /film/film/production_companies /m/027jw0c 10725 10723 0 0 0 0
/m/0gyy53 /film/film/production_companies /m/054lpb6 3 2 1 1 0 0
/m/09jcj6 /film/film/production_companies /m/05nn2c 2 1 1 1 0 1
/m/01_1pv /film/film/production_companies /m/04rcl7 4 3 1 1 0 0
/m/07kh6f3 /film/film/production_companies /m/01gb54 3 3 1 1 0 0
/m/09bw4_ /film/film/production_companies /m/0c41qv 1 1 1 1 1 1
/m/037cr1 /film/film/production_companies /m/025hwq 4007 4006 0 0 0 0
/m/0d87hc /film/film/production_companies /m/016tw3 1 1 1 1 1 1
/m/03ntbmw /film/film/production_companies /m/059x3p 1 1 1 1 1 1
/m/02d003 /film/film/production_companies /m/025hwq 1709 1708 0 0 0 0
/m/02pxmgz /film/film/production_companies /m/05rrtf 2 2 1 1 0 0
/m/047vp1n /film/film/production_companies /m/032j_n 1 1 1 1 1 1
/m/0b73_1d /film/film/production_companies /m/030_1_ 11727 11727 0 0 0 0
/m/05_5_22 /film/film/production_companies /m/05rrtf 10132 10131 0 0 0 0
/m/02tgz4 /film/film/production_companies /m/06rq1k 2 1 1 1 0 1
/m/01cz7r /film/film/production_companies /m/02j_j0 2 2 1 1 0 0
/m/01ffx4 /film/film/production_companies /m/01w92 7354 7354 0 0 0 0
/m/0ccck7 /film/film/production_companies /m/016tw3 3 3 1 1 0 0
/m/0qm8b /film/film/production_companies /m/025hwq 13839 13838 0 0 0 0
/m/08984j /film/film/production_companies /m/025hwq 7363 7360 0 0 0 0
/m/03h3x5 /film/film/production_companies /m/03yxwq 11043 11042 0 0 0 0
/m/03wjm2 /film/film/production_companies /m/05rrtf 2 2 1 1 0 0
/m/03tbg6 /film/film/production_companies /m/046b0s 4 3 1 1 0 0
/m/0btbyn /film/film/production_companies /m/054lpb6 6 5 1 1 0 0
/m/05h43ls /film/film/production_companies /m/03jvmp 9566 9564 0 0 0 0
/m/0gzy02 /film/film/production_companies /m/017s11 7 6 1 1 0 0
/m/03cd0x /film/film/production_companies /m/046b0s 3 2 1 1 0 0
/m/011yd2 /film/film/production_companies /m/04rtpt 2 1 1 1 0 1
/m/02704ff /film/film/production_companies /m/054lpb6 7 5 1 1 0 0
/m/0f40w /film/film/production_companies /m/05qd_ 6 6 1 1 0 0
/m/07p62k /film/film/production_companies /m/017s11 12199 12196 0 0 0 0
/m/01bb9r /film/film/production_companies /m/046b0s 6 5 1 1 0 0
/m/0gl3hr /film/film/production_companies /m/0g1rw 2511 2511 0 0 0 0
/m/09rx7tx /film/film/production_companies /m/04rqd 2 1 1 1 0 1
/m/076tq0z /film/film/production_companies /m/054lpb6 2 2 1 1 0 0
/m/03z20c /film/film/production_companies /m/06rq1k 1 1 1 1 1 1
/m/02wgbb /film/film/production_companies /m/030_1_ 1 1 1 1 1 1
