/m/0418wg /film/film/language /m/02bjrlw 3 1 1 1 0 1
/m/026lgs /film/film/language /m/02h40lc 1 1 1 1 1 1
/m/0pc62 /film/film/language /m/03_9r 13308 13306 0 0 0 0
/m/0kv9d3 /film/film/language /m/064_8sq 2 1 1 1 0 1
/m/0272_vz /film/film/language /m/0349s 719 718 0 0 0 0
/m/027m67 /film/film/language /m/03115z 4 3 1 1 0 0
/m/09gkx35 /film/film/language /m/03x42 2 1 1 1 0 1
/m/0243cq /film/film/language /m/02h40lc 1 1 1 1 1 1
/m/02z9hqn /film/film/language /m/03_9r 2 2 1 1 0 0
/m/047gn4y /film/film/language /m/02h40lc 1 1 1 1 1 1
/m/049mql /film/film/language /m/02h40lc 1 1 1 1 1 1
/m/0g5pvv /film/film/language /m/02h40lc 1 1 1 1 1 1
/m/04w7rn /film/film/language /m/064_8sq 2 1 1 1 0 1
/m/016yxn /film/film/language /m/02h40lc 1 1 1 1 1 1
/m/02gqm3 /film/film/language /m/02h40lc 1 1 1 1 1 1
/m/064lsn /film/film/language /m/04306rv 5 4 1 1 0 0
/m/0642xf3 /film/film/language /m/02hwyss 5490 5489 0 0 0 0
/m/01mgw /film/film/language /m/0653m 2 2 1 1 0 0
/m/02ctc6 /film/film/language /m/03hkp 6594 6593 0 0 0 0
/m/025twgt /film/film/language /m/02h40lc 1 1 1 1 1 1
/m/07w8fz /film/film/language /m/02h40lc 1 1 1 1 1 1
/m/0ggbfwf /film/film/language /m/02h40lc 1 1 1 1 1 1
/m/01718w /film/film/language /m/0653m 13027 13025 0 0 0 0
/m/087pfc /film/film/language /m/05zjd 105 104 0 0 0 0
/m/09tqkv2 /film/film/language /m/02h40lc 1 1 1 1 1 1
/m/02825nf /film/film/language /m/02hwhyv 3230 3229 0 0 0 0
/m/0dln8jk /film/film/language /m/02h40lc 1 1 1 1 1 1
/m/05n6sq /film/film/language /m/02h40lc 1 1 1 1 1 1
/m/0g56t9t /film/film/language /m/02h40lc 1 1 1 1 1 1
/m/03pc89 /film/film/language /m/02h40lc 1 1 1 1 1 1
/m/0298n7 /film/film/language /m/02h40lc 1 1 1 1 1 1
/m/0f2sx4 /film/film/language /m/02h40lc 1 1 1 1 1 1
/m/07cw4 /film/film/language /m/06nm1 3 2 1 1 0 0
/m/0cbn7c /film/film/language /m/02h40lc 1 1 1 1 1 1
/m/0g5pv3 /film/film/language /m/02bjrlw 5 4 1 1 0 0
/m/04fzfj /film/film/language /m/06nm1 4 2 1 1 0 0
/m/0ddfwj1 /film/film/language /m/02h40lc 1 1 1 1 1 1
/m/043tvp3 /film/film/language /m/02bjrlw 3 2 1 1 0 0
/m/0164qt /film/film/language /m/06b_j 8 7 1 1 0 0
/m/02fj8n /film/film/language /m/01wgr 13311 13309 0 0 0 0
/m/0p7qm /film/film/language /m/02h40lc 1 1 1 1 1 1
/m/01k5y0 /film/film/language /m/02h40lc 1 1 1 1 1 1
/m/0cd2vh9 /film/film/language /m/064_8sq 2 1 1 1 0 1
/m/02mpyh /film/film/language /m/02h40lc 1 1 1 1 1 1
/m/02cbg0 /film/film/language /m/02h40lc 1 1 1 1 1 1
/m/0fh2v5 /film/film/language /m/06nm1 3 2 1 1 0 0
/m/06fqlk /film/film/language /m/02bjrlw 6763 6759 0 0 0 0
/m/0299hs /film/film/language /m/02h40lc 1 1 1 1 1 1
/m/035yn8 /film/film/language /m/04306rv 4 2 1 1 0 0
/m/08gsvw /film/film/language /m/02bjrlw 2 1 1 1 0 1
/m/02vr3gz /film/film/language /m/06nm1 2 2 1 1 0 0
/m/03p2xc /film/film/language /m/02h40lc 1 1 1 1 1 1
/m/02tqm5 /film/film/language /m/02h40lc 1 1 1 1 1 1
/m/02wtp6 /film/film/language /m/02h40lc 1 1 1 1 1 1
/m/09k56b7 /film/film/language /m/02bjrlw 4030 4028 0 0 0 0
/m/0bt4g /film/film/language /m/02h40lc 1 1 1 1 1 1
/m/069q4f /film/film/language /m/02h40lc 1 1 1 1 1 1
/m/015ynm /film/film/language /m/02h40lc 1 1 1 1 1 1
/m/0gzy02 /film/film/language /m/0349s 3366 3364 0 0 0 0
/m/035yn8 /film/film/language /m/064_8sq 2 1 1 1 0 1
/m/04yg13l /film/film/language /m/0t_2 5017 5015 0 0 0 0
/m/0b4lkx /film/film/language /m/02h40lc 1 1 1 1 1 1
/m/034qmv /film/film/language /m/03k50 10598 10594 0 0 0 0
/m/0yx1m /film/film/language /m/02h40lc 1 1 1 1 1 1
/m/02qkwl /film/film/language /m/02h40lc 1 1 1 1 1 1
/m/0fh2v5 /film/film/language /m/0jzc 10138 10134 0 0 0 0
/m/02gd6x /film/film/language /m/04306rv 4 2 1 1 0 0
/m/0cmdwwg /film/film/language /m/02h40lc 1 1 1 1 1 1
/m/058kh7 /film/film/language /m/02h40lc 1 1 1 1 1 1
/m/0gkz15s /film/film/language /m/02h40lc 1 1 1 1 1 1
/m/05nlx4 /film/film/language /m/02h40lc 1 1 1 1 1 1
/m/0yyts /film/film/language /m/02h40lc 1 1 1 1 1 1
/m/0f4_l /film/film/language /m/06nm1 5 3 1 1 0 0
/m/02_sr1 /film/film/language /m/0653m 4 2 1 1 0 0
/m/016z9n /film/film/language /m/02h40lc 1 1 1 1 1 1
/m/01k5y0 /film/film/language /m/064_8sq 2 1 1 1 0 1
/m/0dnqr /film/film/language /m/0349s 7055 7053 0 0 0 0
/m/0416y94 /film/film/language /m/02h40lc 1 1 1 1 1 1
/m/040_lv /film/film/language /m/064_8sq 4 2 1 1 0 0
/m/02ht1k /film/film/language /m/02h40lc 1 1 1 1 1 1
/m/072x7s /film/film/language /m/02bjrlw 6940 6937 0 0 0 0
/m/0y_9q /film/film/language /m/02h40lc 1 1 1 1 1 1
/m/046488 /film/film/language /m/064_8sq 5 4 1 1 0 0
/m/065dc4 /film/film/language /m/064_8sq 3 2 1 1 0 0
/m/0bz3jx /film/film/language /m/0jzc 8899 8896 0 0 0 0
/m/016ky6 /film/film/language /m/02h40lc 1 1 1 1 1 1
/m/0g3zrd /film/film/language /m/02h40lc 1 1 1 1 1 1
/m/03h0byn /film/film/language /m/02h40lc 1 1 1 1 1 1
/m/04z257 /film/film/language /m/04306rv 3 2 1 1 0 0
/m/0c1sgd3 /film/film/language /m/02h40lc 1 1 1 1 1 1
/m/0g5qs2k /film/film/language /m/02h40lc 1 1 1 1 1 1
/m/09sh8k /film/film/language /m/02h40lc 1 1 1 1 1 1
/m/0340hj /film/film/language /m/064_8sq 4 3 1 1 0 0
/m/01qb559 /film/film/language /m/02h40lc 1 1 1 1 1 1
/m/02v8kmz /film/film/language /m/02h40lc 1 1 1 1 1 1
/m/072x7s /film/film/language /m/03hkp 10520 10516 0 0 0 0
/m/0571m /film/film/language /m/06nm1 3 2 1 1 0 0
/m/06cgf /film/film/language /m/02h40lc 1 1 1 1 1 1
/m/0bcp9b /film/film/language /m/06b_j 6 3 1 1 0 0
/m/0c38gj /film/film/language /m/0x82 6555 6554 0 0 0 0
/m/0b76kw1 /film/film/language /m/02h40lc 1 1 1 1 1 1
/m/0dl9_4 /film/film/language /m/02h40lc 1 1 1 1 1 1
/m/0hwpz /film/film/language /m/04306rv 2 1 1 1 0 1
/m/03h3x5 /film/film/language /m/0345h 6843 6842 0 0 0 0
/m/05fm6m /film/film/language /m/02h40lc 1 1 1 1 1 1
/m/02fqrf /film/film/language /m/02hxcvy 197 196 0 0 0 0
/m/0qmhk /film/film/language /m/06nm1 3 2 1 1 0 0
/m/02z3r8t /film/film/language /m/064_8sq 2 1 1 1 0 1
/m/03mgx6z /film/film/language /m/02h40lc 1 1 1 1 1 1
/m/0bh72t /film/film/language /m/03_9r 2 1 1 1 0 1
/m/0cc97st /film/film/language /m/02h40lc 1 1 1 1 1 1
/m/0407yfx /film/film/language /m/02h40lc 1 1 1 1 1 1
/m/0fpmrm3 /film/film/language /m/02h40lc 1 1 1 1 1 1
/m/034qzw /film/film/language /m/02h40lc 1 1 1 1 1 1
/m/09rfh9 /film/film/language /m/02h40lc 1 1 1 1 1 1
/m/0dnkmq /film/film/language /m/05zjd 14337 14335 0 0 0 0
/m/02jxrw /film/film/language /m/06nm1 3 2 1 1 0 0
/m/0j3d9tn /film/film/language /m/02h40lc 1 1 1 1 1 1
/m/01jrbb /film/film/language /m/02h40lc 1 1 1 1 1 1
/m/08052t3 /film/film/language /m/04306rv 3339 3337 0 0 0 0
/m/0cq806 /film/film/language /m/04h9h 11986 11983 0 0 0 0
/m/0jqzt /film/film/language /m/02h40lc 1 1 1 1 1 1
/m/0900j5 /film/film/language /m/02h40lc 1 1 1 1 1 1
/m/0fq27fp /film/film/language /m/02h40lc 1 1 1 1 1 1
/m/02d413 /film/film/language /m/02h40lc 1 1 1 1 1 1
/m/062zm5h /film/film/language /m/06b_j 3605 3604 0 0 0 0
/m/04vh83 /film/film/language /m/04h9h 5786 5785 0 0 0 0
/m/02q7yfq /film/film/language /m/06nm1 3 2 1 1 0 0
/m/0pd4f /film/film/language /m/02h40lc 1 1 1 1 1 1
/m/0drnwh /film/film/language /m/02h40lc 1 1 1 1 1 1
/m/05vc35 /film/film/language /m/03_9r 2 1 1 1 0 1
/m/01v1ln /film/film/language /m/012w70 607 605 0 0 0 0
/m/0bdjd /film/film/language /m/02h40lc 1 1 1 1 1 1
/m/03wbqc4 /film/film/language /m/02h40lc 1 1 1 1 1 1
/m/0kvgnq /film/film/language /m/02h40lc 1 1 1 1 1 1
/m/0kvgtf /film/film/language /m/02h40lc 1 1 1 1 1 1
/m/04wddl /film/film/language /m/064_8sq 2 1 1 1 0 1
/m/06t6dz /film/film/language /m/02h40lc 1 1 1 1 1 1
/m/08sfxj /film/film/language /m/02h40lc 1 1 1 1 1 1
/m/011ypx /film/film/language /m/02h40lc 1 1 1 1 1 1
/m/0bm2g /film/film/language /m/02h40lc 1 1 1 1 1 1
/m/014knw /film/film/language /m/06b_j 1708 1706 0 0 0 0
/m/0bbw2z6 /film/film/language /m/064_8sq 3 1 1 1 0 1
/m/0353tm /film/film/language /m/02h40lc 1 1 1 1 1 1
/m/0407yj_ /film/film/language /m/03_9r 2 1 1 1 0 1
/m/01771z /film/film/language /m/02h40lc 1 1 1 1 1 1
/m/01_1pv /film/film/language /m/02h40lc 1 1 1 1 1 1
/m/01sbv9 /film/film/language /m/02h40lc 1 1 1 1 1 1
/m/019kyn /film/film/language /m/02h40lc 1 1 1 1 1 1
/m/0gys2jp /film/film/language /m/03115z 13579 13576 0 0 0 0
/m/02z9hqn /film/film/language /m/04306rv 13971 13970 0 0 0 0
/m/0ds3t5x /film/film/language /m/02h40lc 1 1 1 1 1 1
/m/026zlh9 /film/film/language /m/02h40lc 1 1 1 1 1 1
/m/01bb9r /film/film/language /m/02h40lc 1 1 1 1 1 1
/m/0h2zvzr /film/film/language /m/03k50 2 1 1 1 0 1
/m/02rmd_2 /film/film/language /m/02h40lc 1 1 1 1 1 1
/m/07sp4l /film/film/language /m/02h40lc 1 1 1 1 1 1
/m/0h3k3f /film/film/language /m/02h40lc 1 1 1 1 1 1
/m/07bxqz /film/film/language /m/02h40lc 1 1 1 1 1 1
/m/03176f /film/film/language /m/02h40lc 1 1 1 1 1 1
/m/0dgq80b /film/film/language /m/02h40lc 1 1 1 1 1 1
/m/076xkdz /film/film/language /m/03_9r 2 2 1 1 0 0
/m/048yqf /film/film/language /m/02h40lc 1 1 1 1 1 1
/m/01cmp9 /film/film/language /m/02ztjwg 5236 5235 0 0 0 0
/m/02rrh1w /film/film/language /m/06nm1 2 1 1 1 0 1
/m/01d2v1 /film/film/language /m/02h40lc 1 1 1 1 1 1
/m/0dln8jk /film/film/language /m/0c_v2 13853 13852 0 0 0 0
/m/03nfnx /film/film/language /m/02h40lc 1 1 1 1 1 1
/m/0q9sg /film/film/language /m/02h40lc 1 1 1 1 1 1
/m/047svrl /film/film/language /m/02h40lc 1 1 1 1 1 1
/m/0c38gj /film/film/language /m/02h40lc 1 1 1 1 1 1
/m/06q8qh /film/film/language /m/02h40lc 1 1 1 1 1 1
/m/047fjjr /film/film/language /m/02h40lc 1 1 1 1 1 1
/m/05b_gq /film/film/language /m/02bjrlw 2 1 1 1 0 1
/m/01qvz8 /film/film/language /m/02h40lc 1 1 1 1 1 1
/m/07kdkfj /film/film/language /m/02bjrlw 1359 1358 0 0 0 0
/m/0p_qr /film/film/language /m/02h40lc 1 1 1 1 1 1
/m/064n1pz /film/film/language /m/02h40lc 1 1 1 1 1 1
/m/0cc846d /film/film/language /m/02h40lc 1 1 1 1 1 1
/m/0ndsl1x /film/film/language /m/02h40lc 1 1 1 1 1 1
/m/01hp5 /film/film/language /m/064_8sq 4 3 1 1 0 0
/m/0gzlb9 /film/film/language /m/02h40lc 1 1 1 1 1 1
/m/02dwj /film/film/language /m/06b_j 2597 2596 0 0 0 0
/m/07qg8v /film/film/language /m/02h40lc 1 1 1 1 1 1
/m/01pvxl /film/film/language /m/064_8sq 3 2 1 1 0 0
/m/0dc7hc /film/film/language /m/02h40lc 1 1 1 1 1 1
/m/02xs6_ /film/film/language /m/02bjrlw 13655 13653 0 0 0 0
/m/03kg2v /film/film/language /m/02h40lc 1 1 1 1 1 1
/m/04n52p6 /film/film/language /m/064_8sq 3 2 1 1 0 0
/m/0cw3yd /film/film/language /m/02h40lc 1 1 1 1 1 1
/m/0bh8yn3 /film/film/language /m/02h40lc 1 1 1 1 1 1
/m/0d6b7 /film/film/language /m/04306rv 2 2 1 1 0 0
/m/02rqwhl /film/film/language /m/02h40lc 1 1 1 1 1 1
/m/0k419 /film/film/language /m/02bjrlw 3 2 1 1 0 0
/m/0p_tz /film/film/language /m/064_8sq 2 1 1 1 0 1
/m/0cpllql /film/film/language /m/02h40lc 1 1 1 1 1 1
/m/03q0r1 /film/film/language /m/02bjrlw 3 2 1 1 0 0
/m/027ct7c /film/film/language /m/03hkp 5268 5267 0 0 0 0
/m/0bq8tmw /film/film/language /m/02h40lc 1 1 1 1 1 1
/m/028cg00 /film/film/language /m/03115z 811 809 0 0 0 0
/m/033g4d /film/film/language /m/012w70 11209 11205 0 0 0 0
/m/05ft32 /film/film/language /m/02h40lc 1 1 1 1 1 1
/m/0yx7h /film/film/language /m/02h40lc 1 1 1 1 1 1
/m/0btpm6 /film/film/language /m/0653m 9787 9786 0 0 0 0
/m/04gp58p /film/film/language /m/02h40lc 1 1 1 1 1 1
/m/05q7874 /film/film/language /m/02h40lc 1 1 1 1 1 1
/m/0c0yh4 /film/film/language /m/064_8sq 2 1 1 1 0 1
/m/0194zl /film/film/language /m/02h40lc 1 1 1 1 1 1
/m/011ywj /film/film/language /m/02h40lc 1 1 1 1 1 1
/m/03q0r1 /film/film/language /m/0880p 6488 6486 0 0 0 0
/m/043t8t /film/film/language /m/02h40lc 1 1 1 1 1 1
/m/0gy4k /film/film/language /m/02h40lc 1 1 1 1 1 1
/m/04dsnp /film/film/language /m/064_8sq 3 1 1 1 0 1
/m/0322yj /film/film/language /m/02h40lc 1 1 1 1 1 1
/m/0gh6j94 /film/film/language /m/064_8sq 2 1 1 1 0 1
/m/020y73 /film/film/language /m/02h40lc 1 1 1 1 1 1
/m/02prwdh /film/film/language /m/02h40lc 1 1 1 1 1 1
/m/0404j37 /film/film/language /m/02h40lc 1 1 1 1 1 1
/m/0m3gy /film/film/language /m/02h40lc 1 1 1 1 1 1
/m/01gc7 /film/film/language /m/04h9h 3700 3698 0 0 0 0
/m/02_fm2 /film/film/language /m/02h40lc 1 1 1 1 1 1
/m/03tps5 /film/film/language /m/06nm1 3 2 1 1 0 0
/m/05nyqk /film/film/language /m/02h40lc 1 1 1 1 1 1
/m/01_0f7 /film/film/language /m/0jzc 3110 3107 0 0 0 0
/m/0ds2n /film/film/language /m/02h40lc 1 1 1 1 1 1
/m/05q4y12 /film/film/language /m/02h40lc 1 1 1 1 1 1
/m/01xvjb /film/film/language /m/02h40lc 1 1 1 1 1 1
/m/04grkmd /film/film/language /m/02h40lc 1 1 1 1 1 1
/m/0c40vxk /film/film/language /m/02h40lc 1 1 1 1 1 1
/m/0ptxj /film/film/language /m/02h40lc 1 1 1 1 1 1
/m/0ckrnn /film/film/language /m/02h40lc 1 1 1 1 1 1
/m/07xvf /film/film/language /m/02h40lc 1 1 1 1 1 1
/m/04h41v /film/film/language /m/02h40lc 1 1 1 1 1 1
/m/0cmc26r /film/film/language /m/02h40lc 1 1 1 1 1 1
/m/02825nf /film/film/language /m/02h40lc 1 1 1 1 1 1
/m/04v8h1 /film/film/language /m/02h40lc 1 1 1 1 1 1
/m/0661ql3 /film/film/language /m/064_8sq 3 2 1 1 0 0
/m/021pqy /film/film/language /m/02h40lc 1 1 1 1 1 1
/m/01zfzb /film/film/language /m/02h40lc 1 1 1 1 1 1
/m/0bmch_x /film/film/language /m/02hwyss 3382 3380 0 0 0 0
/m/01_1hw /film/film/language /m/02hxc3j 7843 7841 0 0 0 0
/m/0bs5k8r /film/film/language /m/0653m 3 2 1 1 0 0
/m/04sntd /film/film/language /m/02h40lc 1 1 1 1 1 1
/m/047bynf /film/film/language /m/02h40lc 1 1 1 1 1 1
/m/04h4c9 /film/film/language /m/04306rv 4 4 1 1 0 0
/m/072x7s /film/film/language /m/02h40lc 1 1 1 1 1 1
/m/07g_0c /film/film/language /m/02h40lc 1 1 1 1 1 1
/m/0b6tzs /film/film/language /m/06nm1 2 1 1 1 0 1
/m/0g83dv /film/film/language /m/06x8y 6210 6209 0 0 0 0
/m/03hxsv /film/film/language /m/02h40lc 1 1 1 1 1 1
/m/0bmpm /film/film/language /m/02h40lc 1 1 1 1 1 1
/m/07nt8p /film/film/language /m/02h40lc 1 1 1 1 1 1
/m/02wwmhc /film/film/language /m/06nm1 2 1 1 1 0 1
/m/04t6fk /film/film/language /m/04306rv 2594 2593 0 0 0 0
/m/0125xq /film/film/language /m/02h40lc 1 1 1 1 1 1
/m/06zn1c /film/film/language /m/02h40lc 1 1 1 1 1 1
/m/01f69m /film/film/language /m/02h40lc 1 1 1 1 1 1
/m/02qr69m /film/film/language /m/02h40lc 1 1 1 1 1 1
/m/01v1ln /film/film/language /m/0295r 13639 13635 0 0 0 0
/m/0bl3nn /film/film/language /m/02bjrlw 2 1 1 1 0 1
/m/04954r /film/film/language /m/06nm1 4 2 1 1 0 0
/m/027gy0k /film/film/language /m/02h40lc 1 1 1 1 1 1
/m/023p33 /film/film/language /m/02h40lc 1 1 1 1 1 1
/m/02q87z6 /film/film/language /m/02h40lc 1 1 1 1 1 1
/m/0fh2v5 /film/film/language /m/04306rv 5 3 1 1 0 0
/m/0c9t0y /film/film/language /m/02h40lc 1 1 1 1 1 1
/m/01f8f7 /film/film/language /m/03_9r 9156 9154 0 0 0 0
/m/03z106 /film/film/language /m/07zrf 775 773 0 0 0 0
/m/047n8xt /film/film/language /m/064_8sq 2 1 1 1 0 1
/m/05pbl56 /film/film/language /m/02hwhyv 3705 3704 0 0 0 0
/m/0dgq_kn /film/film/language /m/02h40lc 1 1 1 1 1 1
/m/0bcp9b /film/film/language /m/02h40lc 1 1 1 1 1 1
/m/016z5x /film/film/language /m/02h40lc 1 1 1 1 1 1
/m/09q5w2 /film/film/language /m/02h40lc 1 1 1 1 1 1
/m/023cjg /film/film/language /m/02h40lc 1 1 1 1 1 1
/m/06__m6 /film/film/language /m/02h40lc 1 1 1 1 1 1
/m/03cw411 /film/film/language /m/0349s 5614 5612 0 0 0 0
/m/0fh2v5 /film/film/language /m/02h40lc 1 1 1 1 1 1
/m/0qm8b /film/film/language /m/02h40lc 1 1 1 1 1 1
/m/035yn8 /film/film/language /m/0jzc 11338 11334 0 0 0 0
/m/01f8gz /film/film/language /m/012w70 3 2 1 1 0 0
/m/02tcgh /film/film/language /m/0688f 6 5 1 1 0 0
/m/02q0k7v /film/film/language /m/0jzc 10931 10930 0 0 0 0
/m/0g9z_32 /film/film/language /m/0jzc 519 518 0 0 0 0
/m/0d_2fb /film/film/language /m/02h40lc 1 1 1 1 1 1
/m/07ykkx5 /film/film/language /m/02h40lc 1 1 1 1 1 1
/m/07l450 /film/film/language /m/071fb 5618 5615 0 0 0 0
/m/04g73n /film/film/language /m/02h40lc 1 1 1 1 1 1
/m/0140g4 /film/film/language /m/02h40lc 1 1 1 1 1 1
/m/0291ck /film/film/language /m/04306rv 4219 4218 0 0 0 0
/m/03cffvv /film/film/language /m/02h40lc 1 1 1 1 1 1
/m/02r1c18 /film/film/language /m/03hkp 4897 4896 0 0 0 0
/m/0415ggl /film/film/language /m/02h40lc 1 1 1 1 1 1
/m/02825nf /film/film/language /m/012w70 1421 1420 0 0 0 0
/m/09gq0x5 /film/film/language /m/02h40lc 1 1 1 1 1 1
/m/03qcfvw /film/film/language /m/02h40lc 1 1 1 1 1 1
/m/0888c3 /film/film/language /m/02h40lc 1 1 1 1 1 1
/m/02r8hh_ /film/film/language /m/04306rv 3 1 1 1 0 1
/m/0gs973 /film/film/language /m/02h40lc 1 1 1 1 1 1
/m/0209hj /film/film/language /m/02h40lc 1 1 1 1 1 1
/m/01chpn /film/film/language /m/02h40lc 1 1 1 1 1 1
/m/02v570 /film/film/language /m/02h40lc 1 1 1 1 1 1
/m/04q01mn /film/film/language /m/02h40lc 1 1 1 1 1 1
/m/0gjk1d /film/film/language /m/02h40lc 1 1 1 1 1 1
/m/0db94w /film/film/language /m/02h40lc 1 1 1 1 1 1
/m/0g5838s /film/film/language /m/06mp7 9488 9486 0 0 0 0
/m/034qzw /film/film/language /m/06nm1 5 4 1 1 0 0
/m/03n3gl /film/film/language /m/02h40lc 1 1 1 1 1 1
/m/013q0p /film/film/language /m/02h40lc 1 1 1 1 1 1
/m/08fbnx /film/film/language /m/03_9r 2 1 1 1 0 1
/m/05r3qc /film/film/language /m/02h40lc 1 1 1 1 1 1
/m/0g5qmbz /film/film/language /m/02h40lc 1 1 1 1 1 1
/m/0fz3b1 /film/film/language /m/02h40lc 1 1 1 1 1 1
/m/02y_lrp /film/film/language /m/02h40lc 1 1 1 1 1 1
