/m/02vjp3 /film/film/other_crew./film/film_crew_gig/crewmember /m/0272kv 7809 7808 0 0 0 0
/m/027pfg /film/film/other_crew./film/film_crew_gig/crewmember /m/0284n42 8 7 1 1 0 0
/m/0419kt /film/film/other_crew./film/film_crew_gig/crewmember /m/04ktcgn 3 3 1 1 0 0
/m/03tps5 /film/film/other_crew./film/film_crew_gig/crewmember /m/0b79gfg 5447 5447 0 0 0 0
/m/032sl_ /film/film/other_crew./film/film_crew_gig/crewmember /m/04ktcgn 2 1 1 1 0 1
/m/024mpp /film/film/other_crew./film/film_crew_gig/crewmember /m/02xc1w4 9 8 1 1 0 0
/m/035s95 /film/film/other_crew./film/film_crew_gig/crewmember /m/051z6rz 5 5 1 1 0 0
/m/04mcw4 /film/film/other_crew./film/film_crew_gig/crewmember /m/04wp63 1 1 1 1 1 1
/m/04vr_f /film/film/other_crew./film/film_crew_gig/crewmember /m/095zvfg 1 1 1 1 1 1
/m/04hk0w /film/film/other_crew./film/film_crew_gig/crewmember /m/03m49ly 3816 3816 0 0 0 0
/m/03hkch7 /film/film/other_crew./film/film_crew_gig/crewmember /m/02xc1w4 6663 6663 0 0 0 0
/m/0f4_l /film/film/other_crew./film/film_crew_gig/crewmember /m/02xc1w4 4 4 1 1 0 0
/m/03s6l2 /film/film/other_crew./film/film_crew_gig/crewmember /m/021yc7p 2806 2806 0 0 0 0
/m/06r2_ /film/film/other_crew./film/film_crew_gig/crewmember /m/03h26tm 10337 10337 0 0 0 0
/m/035yn8 /film/film/other_crew./film/film_crew_gig/crewmember /m/021yc7p 13307 13307 0 0 0 0
/m/07cyl /film/film/other_crew./film/film_crew_gig/crewmember /m/095zvfg 6176 6174 0 0 0 0
/m/03tbg6 /film/film/other_crew./film/film_crew_gig/crewmember /m/051z6rz 9 9 1 1 0 0
/m/04hk0w /film/film/other_crew./film/film_crew_gig/crewmember /m/027y151 7032 7031 0 0 0 0
/m/07y9w5 /film/film/other_crew./film/film_crew_gig/crewmember /m/094tsh6 775 774 0 0 0 0
/m/02vqhv0 /film/film/other_crew./film/film_crew_gig/crewmember /m/027rwmr 11511 11510 0 0 0 0
/m/0j_t1 /film/film/other_crew./film/film_crew_gig/crewmember /m/09dvgb8 2061 2061 0 0 0 0
/m/065_cjc /film/film/other_crew./film/film_crew_gig/crewmember /m/02xc1w4 10 10 1 1 0 0
/m/01s9vc /film/film/other_crew./film/film_crew_gig/crewmember /m/015wc0 11316 11316 0 0 0 0
/m/087wc7n /film/film/other_crew./film/film_crew_gig/crewmember /m/0bbxx9b 1 1 1 1 1 1
/m/07jxpf /film/film/other_crew./film/film_crew_gig/crewmember /m/027y151 919 919 0 0 0 0
/m/01d2v1 /film/film/other_crew./film/film_crew_gig/crewmember /m/09pjnd 2846 2846 0 0 0 0
