/m/0226cw /government/politician/government_positions_held./government/government_position_held/legislative_sessions /m/07p__7 3 1 1 1 0 1
/m/03txms /government/politician/government_positions_held./government/government_position_held/legislative_sessions /m/070m6c 1 1 1 1 1 1
/m/03txms /government/politician/government_positions_held./government/government_position_held/legislative_sessions /m/02bqn1 12 3 0 1 0 0
/m/0194xc /government/politician/government_positions_held./government/government_position_held/legislative_sessions /m/04gp1d 17 2 0 1 0 0
/m/0bymv /government/politician/government_positions_held./government/government_position_held/legislative_sessions /m/024tcq 10 1 1 1 0 1
/m/042fk /government/politician/government_positions_held./government/government_position_held/legislative_sessions /m/01gtcq 4 1 1 1 0 1
/m/042d1 /government/politician/government_positions_held./government/government_position_held/legislative_sessions /m/01grmk 1 1 1 1 1 1
/m/06bss /government/politician/government_positions_held./government/government_position_held/legislative_sessions /m/02bp37 23 3 0 1 0 0
/m/021sv1 /government/politician/government_positions_held./government/government_position_held/legislative_sessions /m/03z5xd 11 1 0 1 0 1
/m/02hy5d /government/politician/government_positions_held./government/government_position_held/legislative_sessions /m/03z5xd 17 1 0 1 0 1
/m/02hy5d /government/politician/government_positions_held./government/government_position_held/legislative_sessions /m/060ny2 18 1 0 1 0 1
/m/012v1t /government/politician/government_positions_held./government/government_position_held/legislative_sessions /m/024tcq 12 1 0 1 0 1
/m/0194xc /government/politician/government_positions_held./government/government_position_held/legislative_sessions /m/02glc4 23 4 0 1 0 0
/m/0226cw /government/politician/government_positions_held./government/government_position_held/legislative_sessions /m/04gp1d 20 1 0 1 0 1
/m/03txms /government/politician/government_positions_held./government/government_position_held/legislative_sessions /m/02bp37 8 2 1 1 0 0
/m/0226cw /government/politician/government_positions_held./government/government_position_held/legislative_sessions /m/02bn_p 9 1 1 1 0 1
/m/06hx2 /government/politician/government_positions_held./government/government_position_held/legislative_sessions /m/05l2z4 1 1 1 1 1 1
/m/042d1 /government/politician/government_positions_held./government/government_position_held/legislative_sessions /m/01grnp 1 1 1 1 1 1
/m/06bss /government/politician/government_positions_held./government/government_position_held/legislative_sessions /m/02bqn1 20 3 0 1 0 0
/m/0424m /government/politician/government_positions_held./government/government_position_held/legislative_sessions /m/01grp0 1 1 1 1 1 1
/m/06bss /government/politician/government_positions_held./government/government_position_held/legislative_sessions /m/03tcbx 22 3 0 1 0 0
/m/0d3qd0 /government/politician/government_positions_held./government/government_position_held/legislative_sessions /m/070m6c 11 2 0 1 0 0
/m/0424m /government/politician/government_positions_held./government/government_position_held/legislative_sessions /m/01grpc 1 1 1 1 1 1
/m/03txms /government/politician/government_positions_held./government/government_position_held/legislative_sessions /m/02bn_p 10 2 1 1 0 0
/m/024_vw /government/politician/government_positions_held./government/government_position_held/legislative_sessions /m/0495ys 20 1 0 1 0 1
/m/0194xc /government/politician/government_positions_held./government/government_position_held/legislative_sessions /m/06f0dc 2 1 1 1 0 1
/m/02hy5d /government/politician/government_positions_held./government/government_position_held/legislative_sessions /m/02glc4 22 1 0 1 0 1
/m/021sv1 /government/politician/government_positions_held./government/government_position_held/legislative_sessions /m/03tcbx 24 2 0 1 0 0
/m/06bss /government/politician/government_positions_held./government/government_position_held/legislative_sessions /m/06r713 15 2 0 1 0 0
/m/06bss /government/politician/government_positions_held./government/government_position_held/legislative_sessions /m/07p__7 2 1 1 1 0 1
