/m/09c7w0 /location/country/second_level_divisions /m/0fczy 95 20 0 0 0 0
/m/09c7w0 /location/country/second_level_divisions /m/0myfz 83 14 0 0 0 0
/m/09c7w0 /location/country/second_level_divisions /m/0mwq7 83 14 0 0 0 0
/m/0d060g /location/country/second_level_divisions /m/01x42h 25 24 0 0 0 0
/m/09c7w0 /location/country/second_level_divisions /m/0nt6b 84 14 0 0 0 0
/m/09c7w0 /location/country/second_level_divisions /m/0nvvw 61 2 0 1 0 0
/m/09c7w0 /location/country/second_level_divisions /m/0kv4k 83 14 0 0 0 0
/m/09c7w0 /location/country/second_level_divisions /m/0mtl5 71 7 0 1 0 0
/m/09c7w0 /location/country/second_level_divisions /m/0mn8t 118 41 0 0 0 0
/m/09c7w0 /location/country/second_level_divisions /m/0p0cw 80 13 0 0 0 0
/m/09c7w0 /location/country/second_level_divisions /m/0n5dt 62 2 0 1 0 0
/m/09c7w0 /location/country/second_level_divisions /m/0d1y7 61 2 0 1 0 0
/m/09c7w0 /location/country/second_level_divisions /m/0nvt9 60 1 0 1 0 1
/m/09c7w0 /location/country/second_level_divisions /m/0n5by 82 14 0 0 0 0
/m/09c7w0 /location/country/second_level_divisions /m/0nm9y 85 14 0 0 0 0
/m/09c7w0 /location/country/second_level_divisions /m/0k3l5 59 1 0 1 0 1
/m/09c7w0 /location/country/second_level_divisions /m/0nt4s 124 46 0 0 0 0
/m/09c7w0 /location/country/second_level_divisions /m/0nhr5 86 14 0 0 0 0
/m/09c7w0 /location/country/second_level_divisions /m/0nf3h 119 42 0 0 0 0
/m/09c7w0 /location/country/second_level_divisions /m/0nm6z 80 13 0 0 0 0
/m/09c7w0 /location/country/second_level_divisions /m/0drr3 84 14 0 0 0 0
/m/09c7w0 /location/country/second_level_divisions /m/0cyn3 120 43 0 0 0 0
/m/09c7w0 /location/country/second_level_divisions /m/0ntwb 96 20 0 0 0 0
/m/09c7w0 /location/country/second_level_divisions /m/0ms1n 70 7 0 1 0 0
/m/05qhw /location/country/second_level_divisions /m/071g6 11168 11167 0 0 0 0
/m/09c7w0 /location/country/second_level_divisions /m/0flbm 84 14 0 0 0 0
/m/09c7w0 /location/country/second_level_divisions /m/0jryt 83 14 0 0 0 0
/m/09c7w0 /location/country/second_level_divisions /m/0n2vl 83 14 0 0 0 0
/m/09c7w0 /location/country/second_level_divisions /m/0mqs0 123 46 0 0 0 0
/m/09c7w0 /location/country/second_level_divisions /m/0mp08 120 43 0 0 0 0
/m/09c7w0 /location/country/second_level_divisions /m/0n1xp 82 14 0 0 0 0
/m/09c7w0 /location/country/second_level_divisions /m/0d_kd 121 44 0 0 0 0
/m/09c7w0 /location/country/second_level_divisions /m/0nm9h 229 149 0 0 0 0
/m/09c7w0 /location/country/second_level_divisions /m/0nvrd 60 1 0 1 0 1
/m/09c7w0 /location/country/second_level_divisions /m/0m2kw 83 14 0 0 0 0
/m/09c7w0 /location/country/second_level_divisions /m/0lmgy 123 46 0 0 0 0
/m/09c7w0 /location/country/second_level_divisions /m/0mrf1 89 16 0 0 0 0
/m/09c7w0 /location/country/second_level_divisions /m/0mnrb 30 1 0 1 0 1
/m/09c7w0 /location/country/second_level_divisions /m/0k3jq 61 2 0 1 0 0
/m/09c7w0 /location/country/second_level_divisions /m/0mwl2 82 14 0 0 0 0
/m/09c7w0 /location/country/second_level_divisions /m/0mm0p 88 15 0 0 0 0
/m/09c7w0 /location/country/second_level_divisions /m/0mwk9 227 147 0 0 0 0
/m/09c7w0 /location/country/second_level_divisions /m/0njvn 121 44 0 0 0 0
/m/09c7w0 /location/country/second_level_divisions /m/0jrhl 82 14 0 0 0 0
/m/09c7w0 /location/country/second_level_divisions /m/0mwx6 81 13 0 0 0 0
/m/09c7w0 /location/country/second_level_divisions /m/0k3kg 78 13 0 0 0 0
