/m/02jx1 /location/location/contains /m/013t85 138 73 0 0 0 0
/m/02jx1 /location/location/contains /m/0m0bj 120 55 0 0 0 0
/m/07b_l /location/location/contains /m/013m43 24 4 0 1 0 0
/m/030qb3t /location/location/contains /m/0k049 13440 13431 0 0 0 0
/m/017t44 /location/location/contains /m/018jcq 1634 1634 0 0 0 0
/m/02j9z /location/location/contains /m/03rt9 28 18 0 0 0 0
/m/02gt5s /location/location/contains /m/0vg8x 10279 10275 0 0 0 0
/m/01n7q /location/location/contains /m/0dwh5 54 21 0 0 0 0
/m/0vbk /location/location/contains /m/0qt85 13338 13333 0 0 0 0
/m/05fjf /location/location/contains /m/0n5j_ 11 1 0 1 0 1
/m/0d060g /location/location/contains /m/0fnx1 35 3 0 1 0 0
/m/09c7w0 /location/location/contains /m/01q0kg 184 78 0 0 0 0
/m/09c7w0 /location/location/contains /m/01m8dg 408 280 0 0 0 0
/m/02jx1 /location/location/contains /m/04jpl 70 24 0 0 0 0
/m/07c5l /location/location/contains /m/0162v 11 5 0 1 0 0
/m/0498y /location/location/contains /m/0f__1 8 2 1 1 0 0
/m/02qkt /location/location/contains /m/03_xj 64 48 0 0 0 0
/m/0kvt9 /location/location/contains /m/0lfyx 1871 1870 0 0 0 0
/m/03v1s /location/location/contains /m/0nt4s 10 1 1 1 0 1
/m/01qh7 /location/location/contains /m/05bnq8 13396 13392 0 0 0 0
/m/09c7w0 /location/location/contains /m/02zcnq 186 80 0 0 0 0
/m/0l2xl /location/location/contains /m/0mhdz 8 4 1 1 0 0
/m/07ssc /location/location/contains /m/0133ch 50 15 0 0 0 0
/m/07ssc /location/location/contains /m/0cdw6 109 44 0 0 0 0
/m/06mzp /location/location/contains /m/01y888 15 2 0 1 0 0
/m/073q1 /location/location/contains /m/09pmkv 4 3 1 1 0 0
/m/04ykg /location/location/contains /m/0nh0f 15 5 0 1 0 0
/m/09c7w0 /location/location/contains /m/0vrmb 227 110 0 0 0 0
/m/09c7w0 /location/location/contains /m/02s8qk 187 81 0 0 0 0
/m/081yw /location/location/contains /m/0mmr1 3783 3765 0 0 0 0
/m/0gx1l /location/location/contains /m/07vjm 12515 12514 0 0 0 0
/m/02jx1 /location/location/contains /m/014b4h 8186 8117 0 0 0 0
/m/02jx1 /location/location/contains /m/0cdw6 138 73 0 0 0 0
/m/06mx8 /location/location/contains /m/02w9s 1950 1950 0 0 0 0
/m/0cdbq /location/location/contains /m/02sn34 3181 3180 0 0 0 0
/m/01n7q /location/location/contains /m/06xpp7 46 17 0 0 0 0
/m/012m_ /location/location/contains /m/05ywg 2 2 1 1 0 0
/m/073q1 /location/location/contains /m/01xbgx 4 3 1 1 0 0
/m/03rjj /location/location/contains /m/0hb37 53 9 0 1 0 0
/m/05fjf /location/location/contains /m/0qlrh 21 6 0 1 0 0
/m/019rg5 /location/location/contains /m/0820xz 2 2 1 1 0 0
/m/0345h /location/location/contains /m/0m7yh 51 8 0 1 0 0
/m/09c7w0 /location/location/contains /m/027b43 194 84 0 0 0 0
/m/0261m /location/location/contains /m/06s0l 7 6 1 1 0 0
/m/081yw /location/location/contains /m/0mm0p 19 5 0 1 0 0
/m/04swx /location/location/contains /m/01xyy 9483 9479 0 0 0 0
/m/05nrg /location/location/contains /m/0283sdr 14 8 0 1 0 0
/m/09c7w0 /location/location/contains /m/02htv6 186 80 0 0 0 0
/m/09c7w0 /location/location/contains /m/0th3k 408 280 0 0 0 0
/m/07z1m /location/location/contains /m/034lk7 18 1 0 1 0 1
/m/02xry /location/location/contains /m/0rql_ 24 1 0 1 0 1
/m/0ljsz /location/location/contains /m/05zl0 12196 12195 0 0 0 0
/m/04jpl /location/location/contains /m/01_c4 15 6 0 1 0 0
/m/0j1z8 /location/location/contains /m/0j1z8 3 2 1 1 0 0
/m/01n7q /location/location/contains /m/07vfz 46 17 0 0 0 0
/m/0d05q4 /location/location/contains /m/0ft0s 7160 7158 0 0 0 0
/m/01x73 /location/location/contains /m/0m2gk 9 1 1 1 0 1
/m/09c7w0 /location/location/contains /m/0lyjf 180 74 0 0 0 0
/m/09c7w0 /location/location/contains /m/01wdj_ 186 80 0 0 0 0
/m/02jx1 /location/location/contains /m/01rvgx 118 53 0 0 0 0
/m/02jx1 /location/location/contains /m/0143hl 75 26 0 0 0 0
/m/02xry /location/location/contains /m/0rp46 21 1 0 1 0 1
/m/02qkt /location/location/contains /m/03spz 13 10 0 1 0 0
/m/05g2v /location/location/contains /m/06frc 2109 2108 0 0 0 0
/m/02j9z /location/location/contains /m/087vz 60 48 0 0 0 0
/m/05fky /location/location/contains /m/0ynfz 6 2 1 1 0 0
/m/09c7w0 /location/location/contains /m/01bm_ 182 76 0 0 0 0
/m/09c7w0 /location/location/contains /m/0qzhw 269 146 0 0 0 0
/m/05tbn /location/location/contains /m/0mww2 32 6 0 1 0 0
/m/059g4 /location/location/contains /m/0lm0n 49 43 0 0 0 0
/m/081yw /location/location/contains /m/0mlyw 18 4 0 1 0 0
/m/07b_l /location/location/contains /m/0104lr 481 454 0 0 0 0
/m/04rrx /location/location/contains /m/0njcw 14273 14245 0 0 0 0
/m/04rrx /location/location/contains /m/0vp5f 17 3 0 1 0 0
/m/01jr6 /location/location/contains /m/02zd460 6 5 1 1 0 0
/m/02qkt /location/location/contains /m/02w9s 58 43 0 0 0 0
/m/0f2pf9 /location/location/contains /m/0225bv 720 720 0 0 0 0
/m/0bzty /location/location/contains /m/01tsq8 4 1 1 1 0 1
/m/0chghy /location/location/contains /m/01r9nk 11193 11172 0 0 0 0
/m/0nlh7 /location/location/contains /m/01k3s2 1 1 1 1 1 1
/m/04pnx /location/location/contains /m/03gyl 7945 7941 0 0 0 0
/m/03rjj /location/location/contains /m/0fjsl 36 5 0 1 0 0
/m/04rrd /location/location/contains /m/0cy8v 15 4 0 1 0 0
/m/0d05q4 /location/location/contains /m/01cgxp 10424 10422 0 0 0 0
/m/0qpn9 /location/location/contains /m/0qpqn 10990 10990 0 0 0 0
/m/09c7w0 /location/location/contains /m/0smfm 409 281 0 0 0 0
/m/09c7w0 /location/location/contains /m/0xqf3 267 144 0 0 0 0
/m/0g3bw /location/location/contains /m/02lf_x 7807 7801 0 0 0 0
/m/05tbn /location/location/contains /m/013ksx 23 4 0 1 0 0
/m/0r02m /location/location/contains /m/03hdz8 7690 7689 0 0 0 0
/m/0nlg4 /location/location/contains /m/0nc7s 14208 14207 0 0 0 0
/m/059s8 /location/location/contains /m/04_lb 6246 6244 0 0 0 0
/m/0p07l /location/location/contains /m/0k9wp 3 2 1 1 0 0
/m/02j9z /location/location/contains /m/01x5fb 8780 8756 0 0 0 0
/m/059ss /location/location/contains /m/0j8p6 2 1 1 1 0 1
/m/0cc56 /location/location/contains /m/0f94t 3269 3265 0 0 0 0
/m/09c7w0 /location/location/contains /m/0r80l 282 158 0 0 0 0
/m/09c7w0 /location/location/contains /m/0rqf1 234 114 0 0 0 0
/m/09c7w0 /location/location/contains /m/03v6t 185 79 0 0 0 0
/m/05tbn /location/location/contains /m/0mws3 32 6 0 1 0 0
/m/02jx1 /location/location/contains /m/05l5n 42 6 0 1 0 0
/m/01cx_ /location/location/contains /m/01gr00 12623 12617 0 0 0 0
/m/0hx5f /location/location/contains /m/07wtc 0 0 0 0
/m/05k7sb /location/location/contains /m/0qkcb 27 6 0 1 0 0
/m/0d060g /location/location/contains /m/0pmp2 32 3 0 1 0 0
/m/09c7w0 /location/location/contains /m/0rjg8 268 145 0 0 0 0
/m/09c7w0 /location/location/contains /m/01h8rk 180 74 0 0 0 0
/m/09c7w0 /location/location/contains /m/07vfz 188 81 0 0 0 0
/m/04_1l0v /location/location/contains /m/05k7sb 9 8 1 1 0 0
/m/081mh /location/location/contains /m/010z5n 7881 7875 0 0 0 0
/m/04wgh /location/location/contains /m/054rw 3772 3771 0 0 0 0
/m/07ssc /location/location/contains /m/01h8sf 114 47 0 0 0 0
/m/01n7q /location/location/contains /m/0l2mg 71 27 0 0 0 0
/m/0b90_r /location/location/contains /m/0pswc 16 11 0 0 0 0
/m/03v0t /location/location/contains /m/0nvd8 29 7 0 1 0 0
/m/09c7w0 /location/location/contains /m/0jkhr 181 75 0 0 0 0
/m/09c7w0 /location/location/contains /m/02zkz7 192 84 0 0 0 0
/m/02jx1 /location/location/contains /m/094vy 119 54 0 0 0 0
/m/05rgl /location/location/contains /m/034tl 6 6 1 1 0 0
/m/0d234 /location/location/contains /m/01hx2t 1 1 1 1 1 1
/m/0gsl0 /location/location/contains /m/0lw_s 0 0 0 0
/m/07ssc /location/location/contains /m/09bkv 47 12 0 0 0 0
/m/01x73 /location/location/contains /m/08815 26 9 0 1 0 0
/m/05nrg /location/location/contains /m/05br2 7229 7215 0 0 0 0
/m/0d0x8 /location/location/contains /m/0lhn5 13 2 0 1 0 0
/m/09c7w0 /location/location/contains /m/010bxh 582 453 0 0 0 0
/m/09c7w0 /location/location/contains /m/01rc6f 187 81 0 0 0 0
/m/05sb1 /location/location/contains /m/05xb7q 13 3 0 1 0 0
/m/0154j /location/location/contains /m/01nm8w 3 2 1 1 0 0
/m/0czr9_ /location/location/contains /m/0n5_t 9335 9332 0 0 0 0
/m/02j9z /location/location/contains /m/03b79 70 57 0 0 0 0
/m/0chghy /location/location/contains /m/04rkkv 41 20 0 0 0 0
/m/0j5g9 /location/location/contains /m/02049g 6170 6161 0 0 0 0
/m/02gt5s /location/location/contains /m/0vm39 8654 8651 0 0 0 0
/m/07ssc /location/location/contains /m/025r_t 42 8 0 1 0 0
/m/07ssc /location/location/contains /m/014d4v 47 12 0 0 0 0
/m/01n7q /location/location/contains /m/0r0ls 57 21 0 0 0 0
/m/073q1 /location/location/contains /m/02lx0 9549 9544 0 0 0 0
/m/03rjj /location/location/contains /m/0d99m 59 13 0 0 0 0
/m/04ykg /location/location/contains /m/0nh57 8 2 1 1 0 0
/m/03v0t /location/location/contains /m/0nv99 30 7 0 1 0 0
/m/09c7w0 /location/location/contains /m/013nws 409 281 0 0 0 0
/m/081yw /location/location/contains /m/0kf9p 11 2 0 1 0 0
/m/02jx1 /location/location/contains /m/01z8f0 65 20 0 0 0 0
/m/0j1_3 /location/location/contains /m/01vfwd 9598 9596 0 0 0 0
/m/04rrx /location/location/contains /m/08809 19 3 0 1 0 0
/m/0mpdw /location/location/contains /m/0mnm2 3867 3867 0 0 0 0
/m/06mkj /location/location/contains /m/07q3s 8 4 1 1 0 0
/m/02j9z /location/location/contains /m/026zt 40 29 0 0 0 0
/m/0824r /location/location/contains /m/03l6bs 365 352 0 0 0 0
/m/07ssc /location/location/contains /m/01z645 11281 11194 0 0 0 0
/m/07ssc /location/location/contains /m/018m5q 47 12 0 0 0 0
/m/05fjf /location/location/contains /m/0xr0t 19 6 0 1 0 0
/m/0d060g /location/location/contains /m/02qjb7z 45 6 0 1 0 0
/m/059j2 /location/location/contains /m/0lvng 35 12 0 0 0 0
/m/02xry /location/location/contains /m/0lhql 26 1 0 1 0 1
/m/0j0k /location/location/contains /m/05v8c 35 18 0 0 0 0
/m/07ssc /location/location/contains /m/01t21q 48 13 0 0 0 0
/m/01n7q /location/location/contains /m/0r80l 52 21 0 0 0 0
/m/073q1 /location/location/contains /m/0g8bw 16 14 0 0 0 0
/m/09c7w0 /location/location/contains /m/021w0_ 205 93 0 0 0 0
/m/09c7w0 /location/location/contains /m/01nhgd 186 80 0 0 0 0
/m/09c7w0 /location/location/contains /m/0_75d 267 144 0 0 0 0
/m/059f4 /location/location/contains /m/0n5y4 5 1 1 1 0 1
/m/07c5l /location/location/contains /m/034m8 6 2 1 1 0 0
/m/0824r /location/location/contains /m/0ml25 6 1 1 1 0 1
/m/07ssc /location/location/contains /m/013t85 109 44 0 0 0 0
/m/073q1 /location/location/contains /m/0167v 8418 8413 0 0 0 0
/m/09c7w0 /location/location/contains /m/0rxyk 405 277 0 0 0 0
/m/09c7w0 /location/location/contains /m/01xysf 193 84 0 0 0 0
/m/09c7w0 /location/location/contains /m/0ghvb 192 84 0 0 0 0
/m/081yw /location/location/contains /m/0mlzk 15 4 0 1 0 0
/m/02jx1 /location/location/contains /m/0cy07 93 37 0 0 0 0
/m/07z1m /location/location/contains /m/0mnsf 24 4 0 1 0 0
/m/0gj4fx /location/location/contains /m/0n5_g 4290 4288 0 0 0 0
/m/04_1l0v /location/location/contains /m/04rrd 9 8 1 1 0 0
/m/05bcl /location/location/contains /m/01vmv_ 4 1 1 1 0 1
/m/0ccvx /location/location/contains /m/01qcx_ 2735 2734 0 0 0 0
/m/0kpys /location/location/contains /m/0284jb 10 6 1 1 0 0
/m/04jpl /location/location/contains /m/01zzk4 2912 2893 0 0 0 0
/m/09c7w0 /location/location/contains /m/06fq2 177 72 0 0 0 0
/m/09c7w0 /location/location/contains /m/031n5b 212 98 0 0 0 0
/m/09c7w0 /location/location/contains /m/0yx74 484 355 0 0 0 0
/m/05tbn /location/location/contains /m/0g0syc 10221 10188 0 0 0 0
/m/02jx1 /location/location/contains /m/01clyb 77 27 0 0 0 0
/m/07b_l /location/location/contains /m/0mrf1 374 347 0 0 0 0
/m/04rrx /location/location/contains /m/043z0 23 4 0 1 0 0
/m/030qb3t /location/location/contains /m/0k_mf 11379 11371 0 0 0 0
/m/06q1r /location/location/contains /m/030nwm 14 3 0 1 0 0
/m/06mz5 /location/location/contains /m/0_rwf 12978 12976 0 0 0 0
/m/0vmt /location/location/contains /m/0qr4n 12 4 0 1 0 0
/m/07ssc /location/location/contains /m/01z2sn 105 41 0 0 0 0
/m/09c7w0 /location/location/contains /m/0r3wm 199 89 0 0 0 0
/m/09c7w0 /location/location/contains /m/027kp3 218 103 0 0 0 0
/m/09c7w0 /location/location/contains /m/0t_07 276 152 0 0 0 0
/m/09c7w0 /location/location/contains /m/01r47h 184 78 0 0 0 0
/m/09c7w0 /location/location/contains /m/0r3tb 235 114 0 0 0 0
/m/02jx1 /location/location/contains /m/02mg7n 131 66 0 0 0 0
/m/02jx1 /location/location/contains /m/0138t4 86 32 0 0 0 0
/m/0bzjf /location/location/contains /m/03qhnx 12551 12547 0 0 0 0
/m/0k3k1 /location/location/contains /m/01m2n1 3741 3737 0 0 0 0
/m/049nq /location/location/contains /m/051ls 16 3 0 1 0 0
/m/0bzty /location/location/contains /m/0ggyr 3 1 1 1 0 1
/m/07ssc /location/location/contains /m/0kqb0 36 7 0 1 0 0
/m/07ssc /location/location/contains /m/026m3y 46 11 0 0 0 0
/m/09c7w0 /location/location/contains /m/02d6c 267 144 0 0 0 0
/m/09c7w0 /location/location/contains /m/023zl 361 235 0 0 0 0
/m/07b_l /location/location/contains /m/013m4v 25 4 0 1 0 0
/m/04_1l0v /location/location/contains /m/04ych 9 8 1 1 0 0
/m/0hjy /location/location/contains /m/0l_v1 4607 4604 0 0 0 0
/m/06pvr /location/location/contains /m/0r771 3478 3467 0 0 0 0
/m/05k7sb /location/location/contains /m/0k3ll 15 1 0 1 0 1
/m/0d060g /location/location/contains /m/02583l 46 6 0 1 0 0
/m/0345h /location/location/contains /m/0ps1q 49 8 0 1 0 0
/m/05nrg /location/location/contains /m/0chgzm 2517 2511 0 0 0 0
/m/09c7w0 /location/location/contains /m/0gy3w 193 84 0 0 0 0
/m/09c7w0 /location/location/contains /m/01jszm 186 80 0 0 0 0
/m/0cv5l /location/location/contains /m/0hc8h 2799 2798 0 0 0 0
/m/02jx1 /location/location/contains /m/0lbfv 117 52 0 0 0 0
/m/04_1l0v /location/location/contains /m/026mj 3761 3760 0 0 0 0
/m/05qhw /location/location/contains /m/071g6 10332 10326 0 0 0 0
/m/02qkt /location/location/contains /m/03rk0 12 9 0 1 0 0
/m/05kr_ /location/location/contains /m/01t3h6 16 5 0 1 0 0
/m/0chghy /location/location/contains /m/02bm8 21 4 0 1 0 0
/m/01tjt2 /location/location/contains /m/01yj2 2 1 1 1 0 1
/m/0k_s5 /location/location/contains /m/0k_mf 7180 7178 0 0 0 0
/m/05fjf /location/location/contains /m/0xrz2 21 6 0 1 0 0
/m/04ly1 /location/location/contains /m/0tlq9 19 8 0 1 0 0
/m/0d060g /location/location/contains /m/080h2 43 6 0 1 0 0
/m/09c7w0 /location/location/contains /m/0r3w7 282 158 0 0 0 0
/m/09c7w0 /location/location/contains /m/0rrhp 268 145 0 0 0 0
/m/03rk0 /location/location/contains /m/03gdf1 55 11 0 0 0 0
/m/05tbn /location/location/contains /m/0zpfy 43 13 0 0 0 0
/m/0m0bj /location/location/contains /m/01tzfz 0 0 0 0
/m/02jx1 /location/location/contains /m/01z28b 18 1 0 1 0 1
/m/02xry /location/location/contains /m/03qzj4 38 8 0 1 0 0
/m/0dj0x /location/location/contains /m/0g9k4 7080 7078 0 0 0 0
/m/02qkt /location/location/contains /m/04j53 33 21 0 0 0 0
/m/029jpy /location/location/contains /m/07_f2 9 8 1 1 0 0
/m/02j9z /location/location/contains /m/03rjj 16 7 0 1 0 0
/m/04jpl /location/location/contains /m/0nccd 6809 6784 0 0 0 0
/m/06bnz /location/location/contains /m/01v15f 4258 4251 0 0 0 0
/m/03rjj /location/location/contains /m/03qhnx 4410 4362 0 0 0 0
/m/04rrd /location/location/contains /m/0cc1v 21 6 0 1 0 0
/m/0d060g /location/location/contains /m/0778_3 74 23 0 0 0 0
/m/09c7w0 /location/location/contains /m/027ydt 184 78 0 0 0 0
/m/07c5l /location/location/contains /m/02k8k 5 2 1 1 0 0
/m/048kw /location/location/contains /m/0214m4 127 126 0 0 0 0
/m/0jgd /location/location/contains /m/02tb17 7 3 1 1 0 0
/m/06n3y /location/location/contains /m/0p2n 14 10 0 1 0 0
/m/0fvvz /location/location/contains /m/01pl14 5 4 1 1 0 0
/m/059rby /location/location/contains /m/0y1rf 42 14 0 0 0 0
/m/09c7w0 /location/location/contains /m/02j416 185 79 0 0 0 0
/m/09c7w0 /location/location/contains /m/0xgpv 463 335 0 0 0 0
/m/09c7w0 /location/location/contains /m/01hx2t 182 76 0 0 0 0
/m/09c7w0 /location/location/contains /m/01qgr3 186 80 0 0 0 0
/m/09c7w0 /location/location/contains /m/01mb87 593 464 0 0 0 0
/m/02jx1 /location/location/contains /m/01jvxb 118 53 0 0 0 0
/m/07z1m /location/location/contains /m/0mn0v 5306 5281 0 0 0 0
/m/07b_l /location/location/contains /m/0msck 39 13 0 0 0 0
/m/029jpy /location/location/contains /m/06btq 9 8 1 1 0 0
/m/094vy /location/location/contains /m/0m75g 8180 8178 0 0 0 0
/m/04pnx /location/location/contains /m/05qx1 6259 6258 0 0 0 0
/m/059rby /location/location/contains /m/0f4zv 21 1 0 1 0 1
/m/01sn04 /location/location/contains /m/01jzyx 0 0 0 0
/m/0d060g /location/location/contains /m/01vqq1 60 16 0 0 0 0
/m/09c7w0 /location/location/contains /m/0kqj1 188 81 0 0 0 0
/m/09c7w0 /location/location/contains /m/0sb1r 268 145 0 0 0 0
/m/02jx1 /location/location/contains /m/0978r 34 4 0 1 0 0
/m/02jx1 /location/location/contains /m/0n96z 59 17 0 0 0 0
/m/06yxd /location/location/contains /m/0mvxt 13 2 0 1 0 0
/m/03s0w /location/location/contains /m/0t0n5 13 2 0 1 0 0
/m/07c5l /location/location/contains /m/0160w 11 5 0 1 0 0
/m/030qb3t /location/location/contains /m/0k_p5 11768 11759 0 0 0 0
/m/0j0k /location/location/contains /m/0jhd 25 13 0 0 0 0
/m/0mwl2 /location/location/contains /m/013ksx 2 1 1 1 0 1
/m/02j9z /location/location/contains /m/01lvrm 9145 9120 0 0 0 0
/m/05k7sb /location/location/contains /m/0tz1j 36 9 0 1 0 0
/m/02v3m7 /location/location/contains /m/014b6c 4 4 1 1 0 0
/m/09c7w0 /location/location/contains /m/0v0d9 279 155 0 0 0 0
/m/05tbn /location/location/contains /m/09dfcj 34 6 0 1 0 0
/m/059g4 /location/location/contains /m/01gc8c 38 32 0 0 0 0
/m/02jx1 /location/location/contains /m/01gln9 84 31 0 0 0 0
/m/0tln7 /location/location/contains /m/019tfm 0 0 0 0
/m/07c5l /location/location/contains /m/09lxtg 11 5 0 1 0 0
/m/06c1y /location/location/contains /m/02pbzv 2 1 1 1 0 1
/m/015fr /location/location/contains /m/09wwlj 14104 14100 0 0 0 0
/m/05kr_ /location/location/contains /m/0154fs 3079 3063 0 0 0 0
/m/049yf /location/location/contains /m/049wm 3630 3627 0 0 0 0
/m/01n7q /location/location/contains /m/0r15k 55 21 0 0 0 0
/m/0j3b /location/location/contains /m/036b_ 14523 14519 0 0 0 0
/m/03v0t /location/location/contains /m/0ntwb 32 8 0 1 0 0
/m/09c7w0 /location/location/contains /m/0rydq 232 113 0 0 0 0
/m/017jq /location/location/contains /m/03jn4 7834 7834 0 0 0 0
/m/04_1l0v /location/location/contains /m/05tbn 9 8 1 1 0 0
/m/05bcl /location/location/contains /m/02hgz 12126 12121 0 0 0 0
/m/06q1r /location/location/contains /m/0p8bz 5084 5067 0 0 0 0
/m/04jpl /location/location/contains /m/015g1w 29 17 0 0 0 0
/m/02rtlp5 /location/location/contains /m/0n4mk 0 0 0 0
/m/09c7w0 /location/location/contains /m/0qkcb 135 32 0 0 0 0
/m/09c7w0 /location/location/contains /m/05qgd9 182 76 0 0 0 0
/m/09c7w0 /location/location/contains /m/07vjm 176 72 0 0 0 0
/m/09c7w0 /location/location/contains /m/01lnyf 185 79 0 0 0 0
/m/07b_l /location/location/contains /m/0kpw3 7173 7141 0 0 0 0
/m/049nq /location/location/contains /m/07g0_ 6 1 1 1 0 1
/m/0cxgc /location/location/contains /m/01dzq6 13522 13518 0 0 0 0
/m/06q1r /location/location/contains /m/01zk9d 17 5 0 1 0 0
/m/07h34 /location/location/contains /m/0_wm_ 15 3 0 1 0 0
/m/01n7q /location/location/contains /m/0qxzd 56 21 0 0 0 0
/m/04rrd /location/location/contains /m/0tt6k 14 4 0 1 0 0
/m/07b_l /location/location/contains /m/010bnr 2979 2950 0 0 0 0
/m/030qb3t /location/location/contains /m/0281rb 11673 11664 0 0 0 0
/m/04wsz /location/location/contains /m/0j1z8 2 1 1 1 0 1
/m/02qkt /location/location/contains /m/06npd 11 9 0 1 0 0
/m/0212ny /location/location/contains /m/02sn34 0 0 0 0
/m/0f8l9c /location/location/contains /m/04gdr 44 11 0 0 0 0
/m/07ssc /location/location/contains /m/03lkp 52 17 0 0 0 0
/m/0b90_r /location/location/contains /m/039cpd 10 6 1 1 0 0
/m/0nvt9 /location/location/contains /m/0s4sj 9332 9330 0 0 0 0
/m/09c7w0 /location/location/contains /m/03b12 405 277 0 0 0 0
/m/09c7w0 /location/location/contains /m/02qvvv 187 81 0 0 0 0
/m/09c7w0 /location/location/contains /m/010t4v 407 279 0 0 0 0
/m/02qkt /location/location/contains /m/0d0kn 24 16 0 0 0 0
/m/0gyh /location/location/contains /m/03x1s8 10 3 1 1 0 0
/m/0gyh /location/location/contains /m/0q74c 11285 11274 0 0 0 0
/m/0vmt /location/location/contains /m/0qpn9 15 5 0 1 0 0
/m/07ssc /location/location/contains /m/01v2xl 104 41 0 0 0 0
/m/03v1s /location/location/contains /m/03y5ky 7500 7488 0 0 0 0
