/m/01hww_ /music/performance_role/regular_performances./music/group_membership/group /m/01q99h 5142 5140 0 0 0 0
/m/02hnl /music/performance_role/regular_performances./music/group_membership/group /m/02mq_y 21 2 0 1 0 0
/m/02hnl /music/performance_role/regular_performances./music/group_membership/group /m/04qmr 72 6 0 1 0 0
/m/028tv0 /music/performance_role/regular_performances./music/group_membership/group /m/016vn3 26 21 0 0 0 0
/m/028tv0 /music/performance_role/regular_performances./music/group_membership/group /m/0394y 10 8 1 1 0 0
/m/03bx0bm /music/performance_role/regular_performances./music/group_membership/group /m/0khth 73 32 0 0 0 0
/m/05148p4 /music/performance_role/regular_performances./music/group_membership/group /m/0167_s 95 21 0 0 0 0
/m/02hnl /music/performance_role/regular_performances./music/group_membership/group /m/07r1_ 44 3 0 1 0 0
/m/02g9p4 /music/performance_role/regular_performances./music/group_membership/group /m/07mvp 1 1 1 1 1 1
/m/06w87 /music/performance_role/regular_performances./music/group_membership/group /m/01jkqfz 13085 13085 0 0 0 0
/m/0gkd1 /music/performance_role/regular_performances./music/group_membership/group /m/01czx 13 11 0 0 0 0
/m/0l14j_ /music/performance_role/regular_performances./music/group_membership/group /m/0p76z 13 11 0 0 0 0
/m/018vs /music/performance_role/regular_performances./music/group_membership/group /m/07bzp 77 30 0 0 0 0
/m/01vj9c /music/performance_role/regular_performances./music/group_membership/group /m/017_hq 22 17 0 0 0 0
/m/02hnl /music/performance_role/regular_performances./music/group_membership/group /m/07rnh 86 9 0 1 0 0
/m/02hnl /music/performance_role/regular_performances./music/group_membership/group /m/01_wfj 68 5 0 1 0 0
/m/02hnl /music/performance_role/regular_performances./music/group_membership/group /m/048xh 34 2 0 1 0 0
/m/02hnl /music/performance_role/regular_performances./music/group_membership/group /m/0dw4g 74 6 0 1 0 0
/m/028tv0 /music/performance_role/regular_performances./music/group_membership/group /m/01518s 9 7 1 1 0 0
/m/013y1f /music/performance_role/regular_performances./music/group_membership/group /m/02mq_y 3 1 1 1 0 1
/m/018vs /music/performance_role/regular_performances./music/group_membership/group /m/01kcms4 75 28 0 0 0 0
/m/0l14md /music/performance_role/regular_performances./music/group_membership/group /m/048xh 13 4 0 1 0 0
/m/05148p4 /music/performance_role/regular_performances./music/group_membership/group /m/07rnh 29 3 0 1 0 0
/m/05148p4 /music/performance_role/regular_performances./music/group_membership/group /m/02cw1m 33 4 0 1 0 0
/m/042v_gx /music/performance_role/regular_performances./music/group_membership/group /m/0kr_t 17 17 0 0 0 0
/m/028tv0 /music/performance_role/regular_performances./music/group_membership/group /m/081wh1 17 14 0 0 0 0
/m/018vs /music/performance_role/regular_performances./music/group_membership/group /m/01518s 79 32 0 0 0 0
/m/0l14md /music/performance_role/regular_performances./music/group_membership/group /m/079kr 14 5 0 1 0 0
/m/05148p4 /music/performance_role/regular_performances./music/group_membership/group /m/07n68 98 24 0 0 0 0
/m/05148p4 /music/performance_role/regular_performances./music/group_membership/group /m/04qzm 102 26 0 0 0 0
/m/05r5c /music/performance_role/regular_performances./music/group_membership/group /m/01lf293 31 18 0 0 0 0
/m/05r5c /music/performance_role/regular_performances./music/group_membership/group /m/01s560x 27 14 0 0 0 0
/m/05r5c /music/performance_role/regular_performances./music/group_membership/group /m/0bk1p 5 3 1 1 0 0
/m/02hnl /music/performance_role/regular_performances./music/group_membership/group /m/01q99h 4 1 1 1 0 1
/m/02hnl /music/performance_role/regular_performances./music/group_membership/group /m/01jcxwp 61 4 0 1 0 0
/m/02hnl /music/performance_role/regular_performances./music/group_membership/group /m/0123r4 34 2 0 1 0 0
/m/018vs /music/performance_role/regular_performances./music/group_membership/group /m/0kr_t 1 1 1 1 1 1
/m/018vs /music/performance_role/regular_performances./music/group_membership/group /m/03q_w5 50 15 0 0 0 0
/m/0l14md /music/performance_role/regular_performances./music/group_membership/group /m/01516r 82 41 0 0 0 0
/m/0l14md /music/performance_role/regular_performances./music/group_membership/group /m/01fchy 10 3 1 1 0 0
/m/0dwr4 /music/performance_role/regular_performances./music/group_membership/group /m/05563d 5 5 1 1 0 0
/m/01vj9c /music/performance_role/regular_performances./music/group_membership/group /m/0pqp3 23 18 0 0 0 0
/m/05148p4 /music/performance_role/regular_performances./music/group_membership/group /m/01wv9xn 41 5 0 1 0 0
/m/0l14qv /music/performance_role/regular_performances./music/group_membership/group /m/0bpk2 59 51 0 0 0 0
/m/02hnl /music/performance_role/regular_performances./music/group_membership/group /m/015cxv 50 3 0 1 0 0
/m/02w3w /music/performance_role/regular_performances./music/group_membership/group /m/01jkqfz 21 21 0 0 0 0
/m/01dnws /music/performance_role/regular_performances./music/group_membership/group /m/02mq_y 8042 8039 0 0 0 0
/m/02sgy /music/performance_role/regular_performances./music/group_membership/group /m/047cx 21 20 0 0 0 0
/m/018vs /music/performance_role/regular_performances./music/group_membership/group /m/0d193h 43 13 0 0 0 0
/m/05148p4 /music/performance_role/regular_performances./music/group_membership/group /m/02hzz 49 7 0 1 0 0
/m/05r5c /music/performance_role/regular_performances./music/group_membership/group /m/047cx 44 28 0 0 0 0
/m/085jw /music/performance_role/regular_performances./music/group_membership/group /m/01qqwp9 2 2 1 1 0 0
/m/02hnl /music/performance_role/regular_performances./music/group_membership/group /m/01j59b0 48 3 0 1 0 0
/m/02hnl /music/performance_role/regular_performances./music/group_membership/group /m/0fb2l 83 8 0 1 0 0
/m/018vs /music/performance_role/regular_performances./music/group_membership/group /m/09z1lg 90 43 0 0 0 0
/m/018vs /music/performance_role/regular_performances./music/group_membership/group /m/0p76z 77 30 0 0 0 0
/m/0mkg /music/performance_role/regular_performances./music/group_membership/group /m/02r3zy 16 13 0 0 0 0
/m/02hnl /music/performance_role/regular_performances./music/group_membership/group /m/0m19t 50 3 0 1 0 0
/m/05148p4 /music/performance_role/regular_performances./music/group_membership/group /m/01czx 18 1 0 1 0 1
/m/07_l6 /music/performance_role/regular_performances./music/group_membership/group /m/02mq_y 3323 3321 0 0 0 0
/m/06ncr /music/performance_role/regular_performances./music/group_membership/group /m/0178kd 19 16 0 0 0 0
/m/0342h /music/performance_role/regular_performances./music/group_membership/group /m/03t9sp 102 10 0 1 0 0
/m/05148p4 /music/performance_role/regular_performances./music/group_membership/group /m/02cpp 100 25 0 0 0 0
/m/05148p4 /music/performance_role/regular_performances./music/group_membership/group /m/015srx 65 11 0 0 0 0
/m/0gkd1 /music/performance_role/regular_performances./music/group_membership/group /m/01s560x 2 1 1 1 0 1
/m/02hnl /music/performance_role/regular_performances./music/group_membership/group /m/01shhf 85 9 0 1 0 0
/m/028tv0 /music/performance_role/regular_performances./music/group_membership/group /m/01dpts 12 10 0 1 0 0
/m/018vs /music/performance_role/regular_performances./music/group_membership/group /m/0fsyx 85 38 0 0 0 0
/m/06ncr /music/performance_role/regular_performances./music/group_membership/group /m/01lf293 13 10 0 1 0 0
/m/03t22m /music/performance_role/regular_performances./music/group_membership/group /m/01lf293 2 2 1 1 0 0
/m/04rzd /music/performance_role/regular_performances./music/group_membership/group /m/0249kn 10 6 1 1 0 0
/m/02hnl /music/performance_role/regular_performances./music/group_membership/group /m/01dpts 51 4 0 1 0 0
/m/02hnl /music/performance_role/regular_performances./music/group_membership/group /m/03q_w5 93 11 0 0 0 0
/m/018vs /music/performance_role/regular_performances./music/group_membership/group /m/089pg7 44 13 0 0 0 0
/m/0342h /music/performance_role/regular_performances./music/group_membership/group /m/0167_s 80 7 0 1 0 0
/m/0342h /music/performance_role/regular_performances./music/group_membership/group /m/0178_w 35 1 0 1 0 1
/m/05148p4 /music/performance_role/regular_performances./music/group_membership/group /m/0jg77 46 7 0 1 0 0
/m/02hnl /music/performance_role/regular_performances./music/group_membership/group /m/0134s5 81 7 0 1 0 0
/m/07gql /music/performance_role/regular_performances./music/group_membership/group /m/01vrwfv 3710 3707 0 0 0 0
/m/01vj9c /music/performance_role/regular_performances./music/group_membership/group /m/027kwc 20 15 0 0 0 0
/m/03qjg /music/performance_role/regular_performances./music/group_membership/group /m/015cqh 46 33 0 0 0 0
/m/02hnl /music/performance_role/regular_performances./music/group_membership/group /m/01fchy 7 1 1 1 0 1
/m/02hnl /music/performance_role/regular_performances./music/group_membership/group /m/02vgh 56 4 0 1 0 0
/m/0l14md /music/performance_role/regular_performances./music/group_membership/group /m/0fcsd 61 25 0 0 0 0
/m/02hnl /music/performance_role/regular_performances./music/group_membership/group /m/03g5jw 65 5 0 1 0 0
/m/028tv0 /music/performance_role/regular_performances./music/group_membership/group /m/04r1t 11 9 0 1 0 0
/m/05148p4 /music/performance_role/regular_performances./music/group_membership/group /m/0cfgd 56 7 0 1 0 0
/m/05r5c /music/performance_role/regular_performances./music/group_membership/group /m/07mvp 2 2 1 1 0 0
/m/02hnl /music/performance_role/regular_performances./music/group_membership/group /m/046p9 28 2 0 1 0 0
/m/02hnl /music/performance_role/regular_performances./music/group_membership/group /m/02_5x9 50 3 0 1 0 0
/m/07m2y /music/performance_role/regular_performances./music/group_membership/group /m/01lf293 2663 2663 0 0 0 0
/m/05r5c /music/performance_role/regular_performances./music/group_membership/group /m/09lwrt 3 2 1 1 0 0
/m/02hnl /music/performance_role/regular_performances./music/group_membership/group /m/013w2r 8 1 1 1 0 1
/m/0l14j_ /music/performance_role/regular_performances./music/group_membership/group /m/02dw1_ 13 11 0 0 0 0
/m/018vs /music/performance_role/regular_performances./music/group_membership/group /m/01t_xp_ 79 32 0 0 0 0
/m/01vj9c /music/performance_role/regular_performances./music/group_membership/group /m/07hgm 32 25 0 0 0 0
/m/05148p4 /music/performance_role/regular_performances./music/group_membership/group /m/02ht0ln 67 13 0 0 0 0
/m/03bx0bm /music/performance_role/regular_performances./music/group_membership/group /m/016ppr 65 25 0 0 0 0
/m/06w87 /music/performance_role/regular_performances./music/group_membership/group /m/0khth 7 7 1 1 0 0
/m/01vj9c /music/performance_role/regular_performances./music/group_membership/group /m/0560w 23 18 0 0 0 0
/m/01vj9c /music/performance_role/regular_performances./music/group_membership/group /m/01518s 30 23 0 0 0 0
/m/02hnl /music/performance_role/regular_performances./music/group_membership/group /m/0jn38 60 4 0 1 0 0
/m/03bx0bm /music/performance_role/regular_performances./music/group_membership/group /m/016vj5 73 32 0 0 0 0
/m/018vs /music/performance_role/regular_performances./music/group_membership/group /m/0jltp 59 22 0 0 0 0
/m/028tv0 /music/performance_role/regular_performances./music/group_membership/group /m/0150jk 27 21 0 0 0 0
/m/03bx0bm /music/performance_role/regular_performances./music/group_membership/group /m/07c0j 45 10 0 1 0 0
/m/018j2 /music/performance_role/regular_performances./music/group_membership/group /m/0p8h0 10 8 1 1 0 0
/m/0l14md /music/performance_role/regular_performances./music/group_membership/group /m/0b_xm 19 7 0 1 0 0
/m/0342h /music/performance_role/regular_performances./music/group_membership/group /m/014kyy 55 2 0 1 0 0
/m/0342h /music/performance_role/regular_performances./music/group_membership/group /m/081wh1 79 7 0 1 0 0
/m/01vj9c /music/performance_role/regular_performances./music/group_membership/group /m/07m4c 32 25 0 0 0 0
/m/011k_j /music/performance_role/regular_performances./music/group_membership/group /m/0dvqq 8 8 1 1 0 0
/m/02snj9 /music/performance_role/regular_performances./music/group_membership/group /m/04qzm 6 4 1 1 0 0
/m/05r5c /music/performance_role/regular_performances./music/group_membership/group /m/09jm8 33 19 0 0 0 0
/m/06w7v /music/performance_role/regular_performances./music/group_membership/group /m/02mq_y 6797 6793 0 0 0 0
/m/0l14md /music/performance_role/regular_performances./music/group_membership/group /m/01s560x 51 19 0 0 0 0
/m/0l14md /music/performance_role/regular_performances./music/group_membership/group /m/0l8g0 63 27 0 0 0 0
/m/06ncr /music/performance_role/regular_performances./music/group_membership/group /m/01l_w0 16 13 0 0 0 0
/m/0342h /music/performance_role/regular_performances./music/group_membership/group /m/0jg77 60 2 0 1 0 0
/m/01vj9c /music/performance_role/regular_performances./music/group_membership/group /m/04k05 5 3 1 1 0 0
/m/05148p4 /music/performance_role/regular_performances./music/group_membership/group /m/0qmny 85 15 0 0 0 0
/m/05148p4 /music/performance_role/regular_performances./music/group_membership/group /m/07n3s 97 23 0 0 0 0
/m/05r5c /music/performance_role/regular_performances./music/group_membership/group /m/0khth 3 2 1 1 0 0
/m/0l14md /music/performance_role/regular_performances./music/group_membership/group /m/02dw1_ 41 14 0 0 0 0
/m/01s0ps /music/performance_role/regular_performances./music/group_membership/group /m/0163m1 11 10 0 1 0 0
/m/02bxd /music/performance_role/regular_performances./music/group_membership/group /m/046p9 532 532 0 0 0 0
/m/05148p4 /music/performance_role/regular_performances./music/group_membership/group /m/07qnf 84 15 0 0 0 0
/m/05148p4 /music/performance_role/regular_performances./music/group_membership/group /m/06mj4 91 18 0 0 0 0
/m/04rzd /music/performance_role/regular_performances./music/group_membership/group /m/02mq_y 14 9 0 1 0 0
/m/02hnl /music/performance_role/regular_performances./music/group_membership/group /m/017959 64 5 0 1 0 0
/m/03bx0bm /music/performance_role/regular_performances./music/group_membership/group /m/0knhk 60 21 0 0 0 0
/m/018vs /music/performance_role/regular_performances./music/group_membership/group /m/0g_g2 45 13 0 0 0 0
/m/0l14md /music/performance_role/regular_performances./music/group_membership/group /m/0394y 51 19 0 0 0 0
/m/0342h /music/performance_role/regular_performances./music/group_membership/group /m/018ndc 48 2 0 1 0 0
/m/01vj9c /music/performance_role/regular_performances./music/group_membership/group /m/01vrwfv 10 6 1 1 0 0
/m/0319l /music/performance_role/regular_performances./music/group_membership/group /m/027kwc 1509 1507 0 0 0 0
/m/05r5c /music/performance_role/regular_performances./music/group_membership/group /m/0l8g0 55 37 0 0 0 0
/m/042v_gx /music/performance_role/regular_performances./music/group_membership/group /m/0pqp3 17 17 0 0 0 0
/m/02hnl /music/performance_role/regular_performances./music/group_membership/group /m/011_vz 80 7 0 1 0 0
/m/018vs /music/performance_role/regular_performances./music/group_membership/group /m/0178kd 44 13 0 0 0 0
/m/0l14md /music/performance_role/regular_performances./music/group_membership/group /m/05k79 34 13 0 0 0 0
/m/01vj9c /music/performance_role/regular_performances./music/group_membership/group /m/014pg1 21 16 0 0 0 0
/m/05148p4 /music/performance_role/regular_performances./music/group_membership/group /m/02jqjm 45 6 0 1 0 0
/m/02hnl /music/performance_role/regular_performances./music/group_membership/group /m/089pg7 89 9 0 1 0 0
/m/01v1d8 /music/performance_role/regular_performances./music/group_membership/group /m/02_5x9 1 1 1 1 1 1
/m/0l14md /music/performance_role/regular_performances./music/group_membership/group /m/016lj_ 73 36 0 0 0 0
/m/0l14md /music/performance_role/regular_performances./music/group_membership/group /m/0187x8 29 10 0 1 0 0
/m/06ncr /music/performance_role/regular_performances./music/group_membership/group /m/03k3b 16 13 0 0 0 0
/m/018j2 /music/performance_role/regular_performances./music/group_membership/group /m/018ndc 2 2 1 1 0 0
/m/0342h /music/performance_role/regular_performances./music/group_membership/group /m/016vn3 31 1 0 1 0 1
/m/01hww_ /music/performance_role/regular_performances./music/group_membership/group /m/02dw1_ 4 2 1 1 0 0
/m/05148p4 /music/performance_role/regular_performances./music/group_membership/group /m/0249kn 89 18 0 0 0 0
/m/07xzm /music/performance_role/regular_performances./music/group_membership/group /m/01k_yf 3304 3304 0 0 0 0
/m/07y_7 /music/performance_role/regular_performances./music/group_membership/group /m/0134wr 1 1 1 1 1 1
/m/018vs /music/performance_role/regular_performances./music/group_membership/group /m/01wv9xn 18 4 0 1 0 0
/m/018vs /music/performance_role/regular_performances./music/group_membership/group /m/017lb_ 23 6 0 1 0 0
/m/0342h /music/performance_role/regular_performances./music/group_membership/group /m/0b1zz 77 7 0 1 0 0
/m/02hnl /music/performance_role/regular_performances./music/group_membership/group /m/0ycp3 80 7 0 1 0 0
/m/03bx0bm /music/performance_role/regular_performances./music/group_membership/group /m/09z1lg 96 55 0 0 0 0
/m/03bx0bm /music/performance_role/regular_performances./music/group_membership/group /m/0ycp3 57 18 0 0 0 0
/m/02k84w /music/performance_role/regular_performances./music/group_membership/group /m/01cblr 6 5 1 1 0 0
/m/018vs /music/performance_role/regular_performances./music/group_membership/group /m/01lf293 12 2 0 1 0 0
/m/0l14md /music/performance_role/regular_performances./music/group_membership/group /m/0167_s 70 33 0 0 0 0
/m/05148p4 /music/performance_role/regular_performances./music/group_membership/group /m/0fsyx 14 1 0 1 0 1
/m/02hnl /music/performance_role/regular_performances./music/group_membership/group /m/03d9d6 73 6 0 1 0 0
/m/0l14md /music/performance_role/regular_performances./music/group_membership/group /m/03g5jw 30 10 0 1 0 0
/m/05842k /music/performance_role/regular_performances./music/group_membership/group /m/011xhx 5 5 1 1 0 0
