/m/09k0h5 /organization/organization/headquarters./location/mailing_address/state_province_region /m/07dfk 2 2 1 1 0 0
/m/0z07 /organization/organization/headquarters./location/mailing_address/state_province_region /m/07b_l 1 1 1 1 1 1
/m/0kcdl /organization/organization/headquarters./location/mailing_address/state_province_region /m/059rby 1 1 1 1 1 1
/m/01q0kg /organization/organization/headquarters./location/mailing_address/state_province_region /m/01n7q 1 1 1 1 1 1
/m/03bnb /organization/organization/headquarters./location/mailing_address/state_province_region /m/01x73 2 2 1 1 0 0
/m/0k9ts /organization/organization/headquarters./location/mailing_address/state_province_region /m/0d0x8 1 1 1 1 1 1
/m/0xwj /organization/organization/headquarters./location/mailing_address/state_province_region /m/059rby 1 1 1 1 1 1
/m/0206k5 /organization/organization/headquarters./location/mailing_address/state_province_region /m/03v0t 1 1 1 1 1 1
/m/01qygl /organization/organization/headquarters./location/mailing_address/state_province_region /m/05kkh 1 1 1 1 1 1
/m/01c6k4 /organization/organization/headquarters./location/mailing_address/state_province_region /m/05k7sb 6005 6005 0 0 0 0
/m/0kc6x /organization/organization/headquarters./location/mailing_address/state_province_region /m/01x73 233 233 0 0 0 0
/m/06xpp7 /organization/organization/headquarters./location/mailing_address/state_province_region /m/01n7q 1 1 1 1 1 1
/m/01prf3 /organization/organization/headquarters./location/mailing_address/state_province_region /m/05tbn 1 1 1 1 1 1
/m/04f525m /organization/organization/headquarters./location/mailing_address/state_province_region /m/01n7q 1 1 1 1 1 1
/m/0c41qv /organization/organization/headquarters./location/mailing_address/state_province_region /m/01n7q 1 1 1 1 1 1
/m/01b39j /organization/organization/headquarters./location/mailing_address/state_province_region /m/04ykg 3 3 1 1 0 0
/m/02sdwt /organization/organization/headquarters./location/mailing_address/state_province_region /m/059rby 1 1 1 1 1 1
/m/0plw /organization/organization/headquarters./location/mailing_address/state_province_region /m/07z1m 7438 7437 0 0 0 0
/m/018p5f /organization/organization/headquarters./location/mailing_address/state_province_region /m/07b_l 1 1 1 1 1 1
/m/04f0xq /organization/organization/headquarters./location/mailing_address/state_province_region /m/05fjf 11904 11904 0 0 0 0
/m/01dtcb /organization/organization/headquarters./location/mailing_address/state_province_region /m/01n7q 2 2 1 1 0 0
/m/05cl8y /organization/organization/headquarters./location/mailing_address/state_province_region /m/059rby 1 1 1 1 1 1
/m/03x1s8 /organization/organization/headquarters./location/mailing_address/state_province_region /m/0gyh 1 1 1 1 1 1
/m/012x8m /organization/organization/headquarters./location/mailing_address/state_province_region /m/07b_l 0 0 0 0
/m/041bnw /organization/organization/headquarters./location/mailing_address/state_province_region /m/01n7q 1 1 1 1 1 1
/m/09glbnt /organization/organization/headquarters./location/mailing_address/state_province_region /m/059rby 12217 12217 0 0 0 0
/m/0gztl /organization/organization/headquarters./location/mailing_address/state_province_region /m/07b_l 1 1 1 1 1 1
/m/0kz2w /organization/organization/headquarters./location/mailing_address/state_province_region /m/05k7sb 2484 2484 0 0 0 0
/m/01z3bz /organization/organization/headquarters./location/mailing_address/state_province_region /m/017v_ 1 1 1 1 1 1
/m/01f99l /organization/organization/headquarters./location/mailing_address/state_province_region /m/050ks 6808 6808 0 0 0 0
/m/02rky4 /organization/organization/headquarters./location/mailing_address/state_province_region /m/01n7q 4 4 1 1 0 0
/m/0bsnm /organization/organization/headquarters./location/mailing_address/state_province_region /m/0694j 1 1 1 1 1 1
/m/05ftw3 /organization/organization/headquarters./location/mailing_address/state_province_region /m/065zr 2 2 1 1 0 0
/m/02wbnv /organization/organization/headquarters./location/mailing_address/state_province_region /m/01n7q 2 2 1 1 0 0
/m/022fj_ /organization/organization/headquarters./location/mailing_address/state_province_region /m/02xry 1 1 1 1 1 1
/m/019rl6 /organization/organization/headquarters./location/mailing_address/state_province_region /m/01n7q 1 1 1 1 1 1
/m/01c57n /organization/organization/headquarters./location/mailing_address/state_province_region /m/0g39h 1 1 1 1 1 1
/m/088gzp /organization/organization/headquarters./location/mailing_address/state_province_region /m/09f07 4912 4912 0 0 0 0
/m/027lf1 /organization/organization/headquarters./location/mailing_address/state_province_region /m/03v0t 1 1 1 1 1 1
