/m/0dq_5 /organization/role/leaders./organization/leadership/organization /m/04f0xq 13 8 0 1 0 0
/m/0dq_5 /organization/role/leaders./organization/leadership/organization /m/01frpd 21 12 0 0 0 0
/m/0dq_5 /organization/role/leaders./organization/leadership/organization /m/07zlqp 217 160 0 0 0 0
/m/060c4 /organization/role/leaders./organization/leadership/organization /m/02lv2v 137 54 0 0 0 0
/m/060c4 /organization/role/leaders./organization/leadership/organization /m/02y9bj 119 39 0 0 0 0
/m/060c4 /organization/role/leaders./organization/leadership/organization /m/02j04_ 128 45 0 0 0 0
/m/060c4 /organization/role/leaders./organization/leadership/organization /m/07tds 106 30 0 0 0 0
/m/0dq_5 /organization/role/leaders./organization/leadership/organization /m/086k8 112 64 0 0 0 0
/m/0dq_5 /organization/role/leaders./organization/leadership/organization /m/04f525m 172 116 0 0 0 0
/m/0dq_5 /organization/role/leaders./organization/leadership/organization /m/084l5 36 17 0 0 0 0
/m/0dq_5 /organization/role/leaders./organization/leadership/organization /m/054lpb6 163 108 0 0 0 0
/m/060c4 /organization/role/leaders./organization/leadership/organization /m/03205_ 122 41 0 0 0 0
/m/0hm4q /organization/role/leaders./organization/leadership/organization /m/02_jjm 14 7 0 1 0 0
/m/060c4 /organization/role/leaders./organization/leadership/organization /m/06thjt 119 39 0 0 0 0
/m/060c4 /organization/role/leaders./organization/leadership/organization /m/019q50 255 162 0 0 0 0
/m/060c4 /organization/role/leaders./organization/leadership/organization /m/03x23q 129 46 0 0 0 0
/m/060c4 /organization/role/leaders./organization/leadership/organization /m/01rr31 129 46 0 0 0 0
/m/060c4 /organization/role/leaders./organization/leadership/organization /m/03np_7 121 40 0 0 0 0
/m/060c4 /organization/role/leaders./organization/leadership/organization /m/01tpvt 310 215 0 0 0 0
/m/060c4 /organization/role/leaders./organization/leadership/organization /m/01y8zd 91 20 0 0 0 0
/m/060c4 /organization/role/leaders./organization/leadership/organization /m/0225bv 81 14 0 0 0 0
/m/060c4 /organization/role/leaders./organization/leadership/organization /m/0p7tb 129 46 0 0 0 0
/m/060c4 /organization/role/leaders./organization/leadership/organization /m/02yr3z 122 41 0 0 0 0
/m/0dq_5 /organization/role/leaders./organization/leadership/organization /m/049mr 73 36 0 0 0 0
/m/060c4 /organization/role/leaders./organization/leadership/organization /m/015y3j 115 35 0 0 0 0
/m/07xl34 /organization/role/leaders./organization/leadership/organization /m/02cbvn 149 113 0 0 0 0
/m/060c4 /organization/role/leaders./organization/leadership/organization /m/02hp6p 129 46 0 0 0 0
/m/07xl34 /organization/role/leaders./organization/leadership/organization /m/01v3ht 73 38 0 0 0 0
/m/07xl34 /organization/role/leaders./organization/leadership/organization /m/0ymb6 72 37 0 0 0 0
/m/07xl34 /organization/role/leaders./organization/leadership/organization /m/01nmgc 158 122 0 0 0 0
/m/05k17c /organization/role/leaders./organization/leadership/organization /m/014zws 20 11 0 0 0 0
/m/060c4 /organization/role/leaders./organization/leadership/organization /m/01nhgd 127 44 0 0 0 0
/m/060c4 /organization/role/leaders./organization/leadership/organization /m/038czx 129 46 0 0 0 0
/m/0hm4q /organization/role/leaders./organization/leadership/organization /m/09b_0m 14 7 0 1 0 0
/m/05k17c /organization/role/leaders./organization/leadership/organization /m/04gxp2 21 12 0 0 0 0
/m/07xl34 /organization/role/leaders./organization/leadership/organization /m/02_cx_ 143 107 0 0 0 0
/m/060c4 /organization/role/leaders./organization/leadership/organization /m/01g7_r 114 35 0 0 0 0
/m/0hm4q /organization/role/leaders./organization/leadership/organization /m/01nrnm 11302 11292 0 0 0 0
/m/060c4 /organization/role/leaders./organization/leadership/organization /m/02cttt 124 42 0 0 0 0
/m/060c4 /organization/role/leaders./organization/leadership/organization /m/0172jm 165 79 0 0 0 0
/m/060c4 /organization/role/leaders./organization/leadership/organization /m/06nvzg 178 88 0 0 0 0
/m/07xl34 /organization/role/leaders./organization/leadership/organization /m/01h8sf 68 33 0 0 0 0
/m/060c4 /organization/role/leaders./organization/leadership/organization /m/019dwp 86 17 0 0 0 0
/m/07xl34 /organization/role/leaders./organization/leadership/organization /m/01g4yw 69 34 0 0 0 0
/m/07xl34 /organization/role/leaders./organization/leadership/organization /m/01gpkz 70 35 0 0 0 0
/m/060c4 /organization/role/leaders./organization/leadership/organization /m/01hb1t 127 44 0 0 0 0
/m/060c4 /organization/role/leaders./organization/leadership/organization /m/01q8hj 173 85 0 0 0 0
/m/060c4 /organization/role/leaders./organization/leadership/organization /m/027xx3 172 85 0 0 0 0
/m/060c4 /organization/role/leaders./organization/leadership/organization /m/0gl5_ 112 34 0 0 0 0
/m/060c4 /organization/role/leaders./organization/leadership/organization /m/02m0b0 123 41 0 0 0 0
/m/060c4 /organization/role/leaders./organization/leadership/organization /m/065y4w7 66 7 0 1 0 0
/m/060c4 /organization/role/leaders./organization/leadership/organization /m/0123j6 447 351 0 0 0 0
/m/060c4 /organization/role/leaders./organization/leadership/organization /m/01p896 127 44 0 0 0 0
/m/060c4 /organization/role/leaders./organization/leadership/organization /m/04sylm 120 39 0 0 0 0
/m/060c4 /organization/role/leaders./organization/leadership/organization /m/01r3y2 138 54 0 0 0 0
/m/060c4 /organization/role/leaders./organization/leadership/organization /m/01y9st 75 10 0 1 0 0
/m/060c4 /organization/role/leaders./organization/leadership/organization /m/02l424 113 35 0 0 0 0
/m/060c4 /organization/role/leaders./organization/leadership/organization /m/037s9x 122 41 0 0 0 0
/m/08jcfy /organization/role/leaders./organization/leadership/organization /m/0m4yg 2828 2824 0 0 0 0
/m/060c4 /organization/role/leaders./organization/leadership/organization /m/01nkcn 126 44 0 0 0 0
/m/060c4 /organization/role/leaders./organization/leadership/organization /m/02lwv5 129 46 0 0 0 0
/m/060c4 /organization/role/leaders./organization/leadership/organization /m/01vs5c 68 8 0 1 0 0
/m/060c4 /organization/role/leaders./organization/leadership/organization /m/01pl14 49 1 0 1 0 1
/m/060c4 /organization/role/leaders./organization/leadership/organization /m/023znp 127 44 0 0 0 0
/m/07xl34 /organization/role/leaders./organization/leadership/organization /m/01hnb 334 297 0 0 0 0
/m/05c0jwl /organization/role/leaders./organization/leadership/organization /m/0yldt 26 14 0 0 0 0
/m/0dq_5 /organization/role/leaders./organization/leadership/organization /m/0g2c8 133 82 0 0 0 0
/m/060c4 /organization/role/leaders./organization/leadership/organization /m/015fsv 124 42 0 0 0 0
/m/07xl34 /organization/role/leaders./organization/leadership/organization /m/0hd7j 139 103 0 0 0 0
/m/07xl34 /organization/role/leaders./organization/leadership/organization /m/01b_d4 140 104 0 0 0 0
