/m/04ztj /people/marriage_union_type/unions_of_this_type./people/marriage/location_of_ceremony /m/04hqz 266 115 0 0 0 0
/m/04ztj /people/marriage_union_type/unions_of_this_type./people/marriage/location_of_ceremony /m/0f04v 87 17 0 0 0 0
/m/04ztj /people/marriage_union_type/unions_of_this_type./people/marriage/location_of_ceremony /m/0ng8v 831 641 0 0 0 0
/m/04ztj /people/marriage_union_type/unions_of_this_type./people/marriage/location_of_ceremony /m/0jpy_ 515 329 0 0 0 0
/m/04ztj /people/marriage_union_type/unions_of_this_type./people/marriage/location_of_ceremony /m/0nm9h 813 623 0 0 0 0
/m/04ztj /people/marriage_union_type/unions_of_this_type./people/marriage/location_of_ceremony /m/0fq8f 155 49 0 0 0 0
/m/04ztj /people/marriage_union_type/unions_of_this_type./people/marriage/location_of_ceremony /m/0b_yz 171 51 0 0 0 0
/m/04ztj /people/marriage_union_type/unions_of_this_type./people/marriage/location_of_ceremony /m/01x73 61 9 0 1 0 0
/m/04ztj /people/marriage_union_type/unions_of_this_type./people/marriage/location_of_ceremony /m/0typ5 810 620 0 0 0 0
/m/04ztj /people/marriage_union_type/unions_of_this_type./people/marriage/location_of_ceremony /m/0cv3w 108 24 0 0 0 0
/m/04ztj /people/marriage_union_type/unions_of_this_type./people/marriage/location_of_ceremony /m/059_c 355 183 0 0 0 0
/m/04ztj /people/marriage_union_type/unions_of_this_type./people/marriage/location_of_ceremony /m/0tz41 561 375 0 0 0 0
/m/04ztj /people/marriage_union_type/unions_of_this_type./people/marriage/location_of_ceremony /m/0843m 625 436 0 0 0 0
/m/04ztj /people/marriage_union_type/unions_of_this_type./people/marriage/location_of_ceremony /m/0n3g 168 51 0 0 0 0
/m/04ztj /people/marriage_union_type/unions_of_this_type./people/marriage/location_of_ceremony /m/06t2t 81 17 0 0 0 0
/m/04ztj /people/marriage_union_type/unions_of_this_type./people/marriage/location_of_ceremony /m/05ywg 98 18 0 0 0 0
/m/04ztj /people/marriage_union_type/unions_of_this_type./people/marriage/location_of_ceremony /m/0kc40 658 469 0 0 0 0
/m/04ztj /people/marriage_union_type/unions_of_this_type./people/marriage/location_of_ceremony /m/0l35f 204 70 0 0 0 0
/m/04ztj /people/marriage_union_type/unions_of_this_type./people/marriage/location_of_ceremony /m/0dhd5 2292 2101 0 0 0 0
/m/04ztj /people/marriage_union_type/unions_of_this_type./people/marriage/location_of_ceremony /m/0dr31 527 341 0 0 0 0
/m/04ztj /people/marriage_union_type/unions_of_this_type./people/marriage/location_of_ceremony /m/0177z 96 18 0 0 0 0
/m/04ztj /people/marriage_union_type/unions_of_this_type./people/marriage/location_of_ceremony /m/0zz6w 815 625 0 0 0 0
/m/04ztj /people/marriage_union_type/unions_of_this_type./people/marriage/location_of_ceremony /m/0fcyj 843 653 0 0 0 0
/m/04ztj /people/marriage_union_type/unions_of_this_type./people/marriage/location_of_ceremony /m/05bkf 452 268 0 0 0 0
/m/04ztj /people/marriage_union_type/unions_of_this_type./people/marriage/location_of_ceremony /m/0f1sm 150 46 0 0 0 0
/m/04ztj /people/marriage_union_type/unions_of_this_type./people/marriage/location_of_ceremony /m/0dqyw 298 135 0 0 0 0
/m/04ztj /people/marriage_union_type/unions_of_this_type./people/marriage/location_of_ceremony /m/0rd6b 172 51 0 0 0 0
/m/04ztj /people/marriage_union_type/unions_of_this_type./people/marriage/location_of_ceremony /m/01ly5m 275 119 0 0 0 0
/m/04ztj /people/marriage_union_type/unions_of_this_type./people/marriage/location_of_ceremony /m/02hvkf 609 422 0 0 0 0
/m/04ztj /people/marriage_union_type/unions_of_this_type./people/marriage/location_of_ceremony /m/04n3l 385 210 0 0 0 0
/m/04ztj /people/marriage_union_type/unions_of_this_type./people/marriage/location_of_ceremony /m/0jhz_ 740 550 0 0 0 0
/m/04ztj /people/marriage_union_type/unions_of_this_type./people/marriage/location_of_ceremony /m/019fv4 527 341 0 0 0 0
/m/04ztj /people/marriage_union_type/unions_of_this_type./people/marriage/location_of_ceremony /m/04jt2 610 423 0 0 0 0
/m/04ztj /people/marriage_union_type/unions_of_this_type./people/marriage/location_of_ceremony /m/0fhnf 526 340 0 0 0 0
/m/04ztj /people/marriage_union_type/unions_of_this_type./people/marriage/location_of_ceremony /m/0d1y7 179 52 0 0 0 0
/m/04ztj /people/marriage_union_type/unions_of_this_type./people/marriage/location_of_ceremony /m/021lkq 795 605 0 0 0 0
/m/04ztj /people/marriage_union_type/unions_of_this_type./people/marriage/location_of_ceremony /m/0dfcn 826 636 0 0 0 0
/m/04ztj /people/marriage_union_type/unions_of_this_type./people/marriage/location_of_ceremony /m/03khn 96 18 0 0 0 0
/m/04ztj /people/marriage_union_type/unions_of_this_type./people/marriage/location_of_ceremony /m/02wt0 341 173 0 0 0 0
/m/04ztj /people/marriage_union_type/unions_of_this_type./people/marriage/location_of_ceremony /m/0dzt9 133 36 0 0 0 0
/m/04ztj /people/marriage_union_type/unions_of_this_type./people/marriage/location_of_ceremony /m/068p2 136 38 0 0 0 0
/m/04ztj /people/marriage_union_type/unions_of_this_type./people/marriage/location_of_ceremony /m/03gh4 165 51 0 0 0 0
/m/04ztj /people/marriage_union_type/unions_of_this_type./people/marriage/location_of_ceremony /m/0rj0z 384 209 0 0 0 0
/m/04ztj /people/marriage_union_type/unions_of_this_type./people/marriage/location_of_ceremony /m/05jbn 96 18 0 0 0 0
/m/04ztj /people/marriage_union_type/unions_of_this_type./people/marriage/location_of_ceremony /m/05k7sb 244 101 0 0 0 0
/m/04ztj /people/marriage_union_type/unions_of_this_type./people/marriage/location_of_ceremony /m/061k5 609 422 0 0 0 0
/m/04ztj /people/marriage_union_type/unions_of_this_type./people/marriage/location_of_ceremony /m/0qx1w 805 615 0 0 0 0
/m/04ztj /people/marriage_union_type/unions_of_this_type./people/marriage/location_of_ceremony /m/0gv10 176 51 0 0 0 0
/m/04ztj /people/marriage_union_type/unions_of_this_type./people/marriage/location_of_ceremony /m/0qr8z 176 51 0 0 0 0
/m/04ztj /people/marriage_union_type/unions_of_this_type./people/marriage/location_of_ceremony /m/0cy41 526 340 0 0 0 0
/m/04ztj /people/marriage_union_type/unions_of_this_type./people/marriage/location_of_ceremony /m/0yyh 173 51 0 0 0 0
/m/04ztj /people/marriage_union_type/unions_of_this_type./people/marriage/location_of_ceremony /m/0cpyv 385 210 0 0 0 0
/m/04ztj /people/marriage_union_type/unions_of_this_type./people/marriage/location_of_ceremony /m/09949m 627 438 0 0 0 0
