/m/01wxdn3 /people/person/nationality /m/07ssc 3 3 1 1 0 0
/m/063g7l /people/person/nationality /m/09c7w0 1 1 1 1 1 1
/m/023kzp /people/person/nationality /m/09c7w0 1 1 1 1 1 1
/m/055c8 /people/person/nationality /m/09c7w0 1 1 1 1 1 1
/m/02dlfh /people/person/nationality /m/09c7w0 1 1 1 1 1 1
/m/0j_c /people/person/nationality /m/02jx1 6 6 1 1 0 0
/m/02bfxb /people/person/nationality /m/0ctw_b 1 1 1 1 1 1
/m/030pr /people/person/nationality /m/09c7w0 1 1 1 1 1 1
/m/016k62 /people/person/nationality /m/03spz 2 1 1 1 0 1
/m/01mvth /people/person/nationality /m/09c7w0 1 1 1 1 1 1
/m/0lh0c /people/person/nationality /m/09c7w0 1 1 1 1 1 1
/m/08nz99 /people/person/nationality /m/09c7w0 1 1 1 1 1 1
/m/018d6l /people/person/nationality /m/07ssc 2 2 1 1 0 0
/m/0jfx1 /people/person/nationality /m/09c7w0 1 1 1 1 1 1
/m/051wwp /people/person/nationality /m/09c7w0 1 1 1 1 1 1
/m/0f1jhc /people/person/nationality /m/09c7w0 1 1 1 1 1 1
/m/043js /people/person/nationality /m/09c7w0 1 1 1 1 1 1
/m/05yvfd /people/person/nationality /m/03rk0 1 1 1 1 1 1
/m/01mt1fy /people/person/nationality /m/09c7w0 1 1 1 1 1 1
/m/0mj0c /people/person/nationality /m/09c7w0 1 1 1 1 1 1
/m/07gkgp /people/person/nationality /m/0d060g 11744 11744 0 0 0 0
/m/0psss /people/person/nationality /m/02jx1 9 8 1 1 0 0
/m/04l19_ /people/person/nationality /m/09c7w0 1 1 1 1 1 1
/m/049tjg /people/person/nationality /m/09c7w0 1 1 1 1 1 1
/m/01ty7ll /people/person/nationality /m/09c7w0 1 1 1 1 1 1
/m/01x0sy /people/person/nationality /m/09c7w0 1 1 1 1 1 1
/m/03jj93 /people/person/nationality /m/02jx1 1 1 1 1 1 1
/m/02xb2bt /people/person/nationality /m/02jx1 1 1 1 1 1 1
/m/015q43 /people/person/nationality /m/07ssc 3 3 1 1 0 0
/m/0f2c8g /people/person/nationality /m/03rk0 1 1 1 1 1 1
/m/03f22dp /people/person/nationality /m/03rk0 1 1 1 1 1 1
/m/070w7s /people/person/nationality /m/09c7w0 1 1 1 1 1 1
/m/0cj2w /people/person/nationality /m/07ssc 1 1 1 1 1 1
/m/01p9hgt /people/person/nationality /m/02jx1 3 3 1 1 0 0
/m/017yfz /people/person/nationality /m/09c7w0 1 1 1 1 1 1
/m/04v048 /people/person/nationality /m/09c7w0 1 1 1 1 1 1
/m/0gs1_ /people/person/nationality /m/09c7w0 1 1 1 1 1 1
/m/0f14q /people/person/nationality /m/09c7w0 1 1 1 1 1 1
/m/0d9v9q /people/person/nationality /m/0162v 11071 11069 0 0 0 0
/m/01pcz9 /people/person/nationality /m/0chghy 2 1 1 1 0 1
/m/06_bq1 /people/person/nationality /m/09c7w0 1 1 1 1 1 1
/m/027l0b /people/person/nationality /m/09c7w0 1 1 1 1 1 1
/m/01jbx1 /people/person/nationality /m/09c7w0 1 1 1 1 1 1
/m/0133sq /people/person/nationality /m/02jx1 2 2 1 1 0 0
/m/027kmrb /people/person/nationality /m/09c7w0 1 1 1 1 1 1
/m/05ty4m /people/person/nationality /m/09c7w0 1 1 1 1 1 1
/m/01m3b1t /people/person/nationality /m/09c7w0 1 1 1 1 1 1
/m/014kg4 /people/person/nationality /m/09c7w0 1 1 1 1 1 1
/m/07c37 /people/person/nationality /m/07ssc 4 4 1 1 0 0
/m/02tc5y /people/person/nationality /m/02jx1 1 1 1 1 1 1
/m/022_lg /people/person/nationality /m/09c7w0 1 1 1 1 1 1
/m/04cw0j /people/person/nationality /m/09c7w0 1 1 1 1 1 1
/m/042d1 /people/person/nationality /m/09c7w0 1 1 1 1 1 1
/m/01nhkxp /people/person/nationality /m/09c7w0 1 1 1 1 1 1
/m/0bt4r4 /people/person/nationality /m/09c7w0 1 1 1 1 1 1
/m/02tr7d /people/person/nationality /m/06q1r 2 2 1 1 0 0
/m/0f1vrl /people/person/nationality /m/09c7w0 2 2 1 1 0 0
/m/02hy9p /people/person/nationality /m/09c7w0 1 1 1 1 1 1
/m/0f4vbz /people/person/nationality /m/09c7w0 1 1 1 1 1 1
/m/0fvt2 /people/person/nationality /m/07ssc 3 3 1 1 0 0
/m/03x22w /people/person/nationality /m/0chghy 7 7 1 1 0 0
/m/03kwtb /people/person/nationality /m/02jx1 1 1 1 1 1 1
/m/01h4rj /people/person/nationality /m/09c7w0 1 1 1 1 1 1
/m/07t3x8 /people/person/nationality /m/03rk0 1 1 1 1 1 1
/m/0lzkm /people/person/nationality /m/09c7w0 1 1 1 1 1 1
/m/091n7z /people/person/nationality /m/09c7w0 1 1 1 1 1 1
/m/047jhq /people/person/nationality /m/03rk0 1 1 1 1 1 1
/m/06l6nj /people/person/nationality /m/09c7w0 1 1 1 1 1 1
/m/06g4_ /people/person/nationality /m/07ssc 3 2 1 1 0 0
/m/0fw2d3 /people/person/nationality /m/0f8l9c 2 2 1 1 0 0
/m/03xn3s2 /people/person/nationality /m/09c7w0 1 1 1 1 1 1
/m/09bx1k /people/person/nationality /m/09c7w0 1 1 1 1 1 1
/m/05_zc7 /people/person/nationality /m/03rk0 1 1 1 1 1 1
/m/03s9v /people/person/nationality /m/024pcx 9008 9008 0 0 0 0
/m/09hnb /people/person/nationality /m/09c7w0 1 1 1 1 1 1
/m/0k269 /people/person/nationality /m/07ssc 2 2 1 1 0 0
/m/01wy61y /people/person/nationality /m/03_3d 2 2 1 1 0 0
/m/03xp8d5 /people/person/nationality /m/09c7w0 1 1 1 1 1 1
/m/0kp2_ /people/person/nationality /m/09c7w0 1 1 1 1 1 1
/m/0n6kf /people/person/nationality /m/09c7w0 1 1 1 1 1 1
/m/0pgm3 /people/person/nationality /m/09c7w0 1 1 1 1 1 1
/m/01npcy7 /people/person/nationality /m/09c7w0 1 1 1 1 1 1
/m/01hbq0 /people/person/nationality /m/09c7w0 1 1 1 1 1 1
/m/0g72r /people/person/nationality /m/09c7w0 1 1 1 1 1 1
/m/011vx3 /people/person/nationality /m/09c7w0 1 1 1 1 1 1
/m/042f1 /people/person/nationality /m/09c7w0 1 1 1 1 1 1
/m/0ct_yc /people/person/nationality /m/02jx1 5001 5000 0 0 0 0
/m/027pdrh /people/person/nationality /m/07ssc 1 1 1 1 1 1
/m/05gpy /people/person/nationality /m/09c7w0 1 1 1 1 1 1
/m/012j8z /people/person/nationality /m/0d060g 3 2 1 1 0 0
/m/0bz5v2 /people/person/nationality /m/07ssc 2 2 1 1 0 0
/m/02pjvc /people/person/nationality /m/03rjj 708 707 0 0 0 0
/m/06y9c2 /people/person/nationality /m/09c7w0 1 1 1 1 1 1
/m/089kpp /people/person/nationality /m/0ctw_b 3 3 1 1 0 0
/m/017lqp /people/person/nationality /m/07ssc 4 4 1 1 0 0
/m/023l9y /people/person/nationality /m/02jx1 2 2 1 1 0 0
/m/02lfp4 /people/person/nationality /m/02jx1 3 3 1 1 0 0
/m/042gr4 /people/person/nationality /m/03_3d 2 2 1 1 0 0
/m/06nz46 /people/person/nationality /m/02jx1 3 3 1 1 0 0
/m/0130sy /people/person/nationality /m/02jx1 2 1 1 1 0 1
/m/047hpm /people/person/nationality /m/03rjj 11261 11260 0 0 0 0
/m/065mm1 /people/person/nationality /m/09c7w0 1 1 1 1 1 1
/m/0kbg6 /people/person/nationality /m/07ssc 2 1 1 1 0 1
/m/01w02sy /people/person/nationality /m/09c7w0 1 1 1 1 1 1
/m/01v90t /people/person/nationality /m/02jx1 2 1 1 1 0 1
/m/02h48 /people/person/nationality /m/09c7w0 1 1 1 1 1 1
/m/01g4bk /people/person/nationality /m/03_3d 1 1 1 1 1 1
/m/0kj34 /people/person/nationality /m/02jx1 2 1 1 1 0 1
/m/04bz7q /people/person/nationality /m/09c7w0 1 1 1 1 1 1
/m/0fs9jn /people/person/nationality /m/0d060g 6880 6880 0 0 0 0
/m/08m4c8 /people/person/nationality /m/0345h 11095 11094 0 0 0 0
/m/02y49 /people/person/nationality /m/09c7w0 1 1 1 1 1 1
/m/03dpqd /people/person/nationality /m/0chghy 6 4 1 1 0 0
/m/02h9_l /people/person/nationality /m/09c7w0 1 1 1 1 1 1
/m/01xyt7 /people/person/nationality /m/09c7w0 1 1 1 1 1 1
/m/037d35 /people/person/nationality /m/09c7w0 1 1 1 1 1 1
/m/03j9ml /people/person/nationality /m/09c7w0 1 1 1 1 1 1
/m/01vsgrn /people/person/nationality /m/09c7w0 1 1 1 1 1 1
/m/0ck91 /people/person/nationality /m/02jx1 3 2 1 1 0 0
/m/01dhpj /people/person/nationality /m/06mkj 12709 12706 0 0 0 0
/m/06wm0z /people/person/nationality /m/09c7w0 1 1 1 1 1 1
/m/05drq5 /people/person/nationality /m/09c7w0 1 1 1 1 1 1
/m/023361 /people/person/nationality /m/09c7w0 1 1 1 1 1 1
/m/016qtt /people/person/nationality /m/09c7w0 1 1 1 1 1 1
/m/01vvycq /people/person/nationality /m/09c7w0 1 1 1 1 1 1
/m/02wb6d /people/person/nationality /m/09c7w0 1 1 1 1 1 1
/m/0hw1j /people/person/nationality /m/09c7w0 1 1 1 1 1 1
/m/01vv6_6 /people/person/nationality /m/02jx1 2 1 1 1 0 1
/m/01nn6c /people/person/nationality /m/07ssc 1 1 1 1 1 1
/m/03bxh /people/person/nationality /m/0345h 6 5 1 1 0 0
/m/012vct /people/person/nationality /m/09c7w0 1 1 1 1 1 1
/m/03fw60 /people/person/nationality /m/03rk0 7327 7327 0 0 0 0
/m/05m9f9 /people/person/nationality /m/09c7w0 1 1 1 1 1 1
/m/01wbl_r /people/person/nationality /m/05r7t 1 1 1 1 1 1
/m/076df9 /people/person/nationality /m/09c7w0 1 1 1 1 1 1
/m/05tk7y /people/person/nationality /m/015fr 1377 1377 0 0 0 0
/m/04znsy /people/person/nationality /m/09c7w0 1 1 1 1 1 1
/m/0311wg /people/person/nationality /m/09c7w0 1 1 1 1 1 1
/m/01lqf49 /people/person/nationality /m/09c7w0 1 1 1 1 1 1
/m/03xmy1 /people/person/nationality /m/0k6nt 776 776 0 0 0 0
/m/020jqv /people/person/nationality /m/09c7w0 1 1 1 1 1 1
/m/05cx7x /people/person/nationality /m/09c7w0 1 1 1 1 1 1
/m/01p85y /people/person/nationality /m/0d060g 4 4 1 1 0 0
/m/03l3jy /people/person/nationality /m/09c7w0 1 1 1 1 1 1
/m/0hcvy /people/person/nationality /m/07ssc 3 2 1 1 0 0
/m/06cc_1 /people/person/nationality /m/09c7w0 1 1 1 1 1 1
/m/0f6lx /people/person/nationality /m/09c7w0 1 1 1 1 1 1
/m/066m4g /people/person/nationality /m/09c7w0 1 1 1 1 1 1
/m/04ls53 /people/person/nationality /m/03rjj 7918 7917 0 0 0 0
/m/01s21dg /people/person/nationality /m/09c7w0 1 1 1 1 1 1
/m/0gdqy /people/person/nationality /m/06mzp 1790 1789 0 0 0 0
/m/0hnp7 /people/person/nationality /m/09c7w0 1 1 1 1 1 1
/m/01d1yr /people/person/nationality /m/0d05w3 4 4 1 1 0 0
/m/045gzq /people/person/nationality /m/09c7w0 1 1 1 1 1 1
/m/0894_x /people/person/nationality /m/0d060g 5389 5388 0 0 0 0
/m/02ryx0 /people/person/nationality /m/09c7w0 1 1 1 1 1 1
/m/038nv6 /people/person/nationality /m/09c7w0 1 1 1 1 1 1
/m/02hhtj /people/person/nationality /m/07ylj 5634 5633 0 0 0 0
/m/045931 /people/person/nationality /m/09c7w0 1 1 1 1 1 1
/m/025vry /people/person/nationality /m/09c7w0 2 2 1 1 0 0
/m/01nrq5 /people/person/nationality /m/09c7w0 1 1 1 1 1 1
/m/05dxl_ /people/person/nationality /m/09c7w0 1 1 1 1 1 1
/m/04m_kpx /people/person/nationality /m/03rk0 1 1 1 1 1 1
/m/0126rp /people/person/nationality /m/07ssc 2 2 1 1 0 0
/m/0p50v /people/person/nationality /m/02jx1 1 1 1 1 1 1
/m/03f4xvm /people/person/nationality /m/09c7w0 1 1 1 1 1 1
/m/01ksr1 /people/person/nationality /m/09c7w0 1 1 1 1 1 1
/m/01c6l /people/person/nationality /m/09c7w0 1 1 1 1 1 1
/m/09cdxn /people/person/nationality /m/09c7w0 1 1 1 1 1 1
/m/01vx5w7 /people/person/nationality /m/09c7w0 2 2 1 1 0 0
/m/0127gn /people/person/nationality /m/09c7w0 1 1 1 1 1 1
/m/01j5x6 /people/person/nationality /m/02jx1 2 2 1 1 0 0
/m/0gv5c /people/person/nationality /m/09c7w0 1 1 1 1 1 1
/m/01pgzn_ /people/person/nationality /m/09c7w0 1 1 1 1 1 1
/m/012cph /people/person/nationality /m/09c7w0 1 1 1 1 1 1
/m/04gycf /people/person/nationality /m/09c7w0 1 1 1 1 1 1
/m/0gry51 /people/person/nationality /m/09c7w0 1 1 1 1 1 1
/m/02vkvcz /people/person/nationality /m/07ssc 1 1 1 1 1 1
/m/0ddkf /people/person/nationality /m/09c7w0 1 1 1 1 1 1
/m/016732 /people/person/nationality /m/09c7w0 1 1 1 1 1 1
/m/03j3pg9 /people/person/nationality /m/09c7w0 1 1 1 1 1 1
/m/014zn0 /people/person/nationality /m/09c7w0 1 1 1 1 1 1
/m/0151zx /people/person/nationality /m/07ssc 1 1 1 1 1 1
/m/07q1v4 /people/person/nationality /m/09c7w0 1 1 1 1 1 1
/m/02jxsq /people/person/nationality /m/03rk0 1 1 1 1 1 1
/m/017l4 /people/person/nationality /m/0d0vqn 1 1 1 1 1 1
/m/0hr3g /people/person/nationality /m/0345h 1 1 1 1 1 1
/m/02778qt /people/person/nationality /m/09c7w0 1 1 1 1 1 1
/m/02clgg /people/person/nationality /m/09c7w0 1 1 1 1 1 1
/m/02lk1s /people/person/nationality /m/09c7w0 1 1 1 1 1 1
/m/085q5 /people/person/nationality /m/09c7w0 1 1 1 1 1 1
/m/020_95 /people/person/nationality /m/09c7w0 1 1 1 1 1 1
/m/047g6 /people/person/nationality /m/07ssc 2 1 1 1 0 1
/m/03pvt /people/person/nationality /m/09c7w0 1 1 1 1 1 1
/m/01n5309 /people/person/nationality /m/09c7w0 1 1 1 1 1 1
/m/02js9p /people/person/nationality /m/09c7w0 1 1 1 1 1 1
/m/07ddz9 /people/person/nationality /m/09c7w0 1 1 1 1 1 1
/m/03s2y9 /people/person/nationality /m/09c7w0 1 1 1 1 1 1
/m/0cgfb /people/person/nationality /m/02jx1 1 1 1 1 1 1
/m/017r2 /people/person/nationality /m/0345h 1 1 1 1 1 1
/m/048svj /people/person/nationality /m/03rk0 1 1 1 1 1 1
/m/01wttr1 /people/person/nationality /m/09c7w0 2 1 1 1 0 1
/m/04jb97 /people/person/nationality /m/0d05w3 3 2 1 1 0 0
/m/01ycck /people/person/nationality /m/02jx1 4 4 1 1 0 0
/m/036hf4 /people/person/nationality /m/0d060g 3 3 1 1 0 0
/m/026y23w /people/person/nationality /m/02jx1 2 1 1 1 0 1
/m/014g9y /people/person/nationality /m/0f8l9c 2 1 1 1 0 1
/m/03h_yfh /people/person/nationality /m/09c7w0 1 1 1 1 1 1
/m/0gdh5 /people/person/nationality /m/09c7w0 2 1 1 1 0 1
/m/01n7qlf /people/person/nationality /m/09c7w0 1 1 1 1 1 1
/m/019vgs /people/person/nationality /m/09c7w0 1 1 1 1 1 1
/m/02tkzn /people/person/nationality /m/09c7w0 1 1 1 1 1 1
/m/02vntj /people/person/nationality /m/09c7w0 1 1 1 1 1 1
/m/03nk3t /people/person/nationality /m/02jx1 1 1 1 1 1 1
/m/03lt8g /people/person/nationality /m/09c7w0 1 1 1 1 1 1
/m/01wmgrf /people/person/nationality /m/09c7w0 1 1 1 1 1 1
/m/03cvv4 /people/person/nationality /m/09c7w0 1 1 1 1 1 1
/m/07nv3_ /people/person/nationality /m/0chghy 3 3 1 1 0 0
/m/05f7snc /people/person/nationality /m/09c7w0 1 1 1 1 1 1
/m/025vl4m /people/person/nationality /m/09c7w0 1 1 1 1 1 1
/m/03bnv /people/person/nationality /m/02jx1 3 3 1 1 0 0
/m/016h9b /people/person/nationality /m/02jx1 1 1 1 1 1 1
/m/04mlmx /people/person/nationality /m/0d060g 2 1 1 1 0 1
/m/039xcr /people/person/nationality /m/09c7w0 1 1 1 1 1 1
/m/0210f1 /people/person/nationality /m/09c7w0 1 1 1 1 1 1
/m/0244r8 /people/person/nationality /m/0chghy 4683 4683 0 0 0 0
/m/0454s1 /people/person/nationality /m/09c7w0 1 1 1 1 1 1
/m/04f62k /people/person/nationality /m/03_3d 1 1 1 1 1 1
/m/086nl7 /people/person/nationality /m/09c7w0 1 1 1 1 1 1
/m/03kpvp /people/person/nationality /m/09c7w0 1 1 1 1 1 1
/m/0c8br /people/person/nationality /m/09c7w0 1 1 1 1 1 1
/m/01vw_dv /people/person/nationality /m/09c7w0 1 1 1 1 1 1
/m/0b_dy /people/person/nationality /m/02jx1 3 3 1 1 0 0
/m/01vvyfh /people/person/nationality /m/07ssc 1 1 1 1 1 1
/m/0c00lh /people/person/nationality /m/0d060g 2 1 1 1 0 1
/m/01l1rw /people/person/nationality /m/09c7w0 1 1 1 1 1 1
/m/0m31m /people/person/nationality /m/07ssc 1 1 1 1 1 1
/m/0hcvy /people/person/nationality /m/02jx1 2 2 1 1 0 0
/m/05gnf9 /people/person/nationality /m/09c7w0 1 1 1 1 1 1
/m/03_0p /people/person/nationality /m/09c7w0 1 1 1 1 1 1
/m/012x4t /people/person/nationality /m/09c7w0 1 1 1 1 1 1
/m/02_hj4 /people/person/nationality /m/09c7w0 1 1 1 1 1 1
/m/03_js /people/person/nationality /m/09c7w0 1 1 1 1 1 1
/m/0gcdzz /people/person/nationality /m/09c7w0 1 1 1 1 1 1
/m/09nz_c /people/person/nationality /m/09c7w0 1 1 1 1 1 1
/m/02v49c /people/person/nationality /m/09c7w0 2 1 1 1 0 1
/m/02qlkc3 /people/person/nationality /m/09c7w0 1 1 1 1 1 1
/m/06gn7r /people/person/nationality /m/03rk0 1 1 1 1 1 1
/m/018qql /people/person/nationality /m/09c7w0 1 1 1 1 1 1
/m/02pzc4 /people/person/nationality /m/09c7w0 1 1 1 1 1 1
/m/0139q5 /people/person/nationality /m/0d05w3 2 2 1 1 0 0
/m/027lfrs /people/person/nationality /m/03rk0 1 1 1 1 1 1
/m/0993r /people/person/nationality /m/09c7w0 1 1 1 1 1 1
/m/03mv0b /people/person/nationality /m/02jx1 6 6 1 1 0 0
/m/0cb77r /people/person/nationality /m/09c7w0 1 1 1 1 1 1
/m/04bd8y /people/person/nationality /m/09c7w0 1 1 1 1 1 1
/m/06r3p2 /people/person/nationality /m/09c7w0 1 1 1 1 1 1
/m/05d1y /people/person/nationality /m/012m_ 9 8 1 1 0 0
/m/03bpn6 /people/person/nationality /m/09c7w0 1 1 1 1 1 1
/m/03_6y /people/person/nationality /m/09c7w0 1 1 1 1 1 1
/m/07h1h5 /people/person/nationality /m/0k6nt 1 1 1 1 1 1
/m/06qgvf /people/person/nationality /m/09c7w0 1 1 1 1 1 1
/m/03gm48 /people/person/nationality /m/09c7w0 1 1 1 1 1 1
/m/06x58 /people/person/nationality /m/0b90_r 5 4 1 1 0 0
/m/0hky /people/person/nationality /m/07ssc 6 5 1 1 0 0
/m/01sg7_ /people/person/nationality /m/09c7w0 1 1 1 1 1 1
/m/023p29 /people/person/nationality /m/09c7w0 1 1 1 1 1 1
/m/03c6v3 /people/person/nationality /m/09c7w0 1 1 1 1 1 1
/m/01bbwp /people/person/nationality /m/07ssc 2 2 1 1 0 0
/m/04mn81 /people/person/nationality /m/09c7w0 1 1 1 1 1 1
/m/01vb6z /people/person/nationality /m/09c7w0 1 1 1 1 1 1
/m/0854hr /people/person/nationality /m/09c7w0 1 1 1 1 1 1
/m/0gd_s /people/person/nationality /m/09c7w0 1 1 1 1 1 1
/m/0bxtyq /people/person/nationality /m/09c7w0 1 1 1 1 1 1
/m/01520h /people/person/nationality /m/09c7w0 1 1 1 1 1 1
/m/05cj4r /people/person/nationality /m/02jx1 3 3 1 1 0 0
/m/01l1ls /people/person/nationality /m/09c7w0 1 1 1 1 1 1
/m/07h1q /people/person/nationality /m/0345h 1 1 1 1 1 1
/m/019r_1 /people/person/nationality /m/09c7w0 1 1 1 1 1 1
/m/0d9xq /people/person/nationality /m/09c7w0 1 1 1 1 1 1
/m/03xyp_ /people/person/nationality /m/077qn 5 4 1 1 0 0
/m/021r7r /people/person/nationality /m/09c7w0 1 1 1 1 1 1
/m/0dbb3 /people/person/nationality /m/09c7w0 1 1 1 1 1 1
/m/01lz4tf /people/person/nationality /m/09c7w0 1 1 1 1 1 1
/m/03h_0_z /people/person/nationality /m/09c7w0 1 1 1 1 1 1
/m/0436kgz /people/person/nationality /m/06mkj 4930 4930 0 0 0 0
/m/0652ty /people/person/nationality /m/0d060g 3 3 1 1 0 0
/m/0bt23 /people/person/nationality /m/09c7w0 1 1 1 1 1 1
/m/01xwqn /people/person/nationality /m/09c7w0 1 1 1 1 1 1
/m/04fzk /people/person/nationality /m/09c7w0 2 2 1 1 0 0
/m/03mp9s /people/person/nationality /m/09c7w0 1 1 1 1 1 1
/m/030b93 /people/person/nationality /m/09c7w0 1 1 1 1 1 1
/m/011lpr /people/person/nationality /m/09c7w0 1 1 1 1 1 1
/m/01515w /people/person/nationality /m/09c7w0 1 1 1 1 1 1
/m/01wwvc5 /people/person/nationality /m/09c7w0 1 1 1 1 1 1
/m/0blbxk /people/person/nationality /m/09c7w0 1 1 1 1 1 1
/m/0c8hct /people/person/nationality /m/09c7w0 1 1 1 1 1 1
/m/020_4z /people/person/nationality /m/07ssc 1 1 1 1 1 1
/m/03jm6c /people/person/nationality /m/09c7w0 1 1 1 1 1 1
/m/06pjs /people/person/nationality /m/09c7w0 1 1 1 1 1 1
/m/02fgm7 /people/person/nationality /m/0chghy 5 5 1 1 0 0
/m/06g2d1 /people/person/nationality /m/09c7w0 1 1 1 1 1 1
/m/06sn8m /people/person/nationality /m/09c7w0 1 1 1 1 1 1
/m/010xjr /people/person/nationality /m/03rt9 1 1 1 1 1 1
/m/0f87jy /people/person/nationality /m/09c7w0 1 1 1 1 1 1
/m/04ktcgn /people/person/nationality /m/09c7w0 1 1 1 1 1 1
/m/016yvw /people/person/nationality /m/02jx1 3 2 1 1 0 0
/m/09yrh /people/person/nationality /m/09c7w0 1 1 1 1 1 1
/m/02508x /people/person/nationality /m/02jx1 2 1 1 1 0 1
/m/0821j /people/person/nationality /m/0d060g 4 3 1 1 0 0
/m/05ml_s /people/person/nationality /m/09c7w0 1 1 1 1 1 1
/m/0g476 /people/person/nationality /m/09c7w0 1 1 1 1 1 1
/m/034np8 /people/person/nationality /m/09c7w0 1 1 1 1 1 1
/m/0dvld /people/person/nationality /m/07ssc 1 1 1 1 1 1
/m/048cl /people/person/nationality /m/01k6y1 941 939 0 0 0 0
/m/017g2y /people/person/nationality /m/09c7w0 1 1 1 1 1 1
/m/04bbv7 /people/person/nationality /m/09c7w0 1 1 1 1 1 1
/m/0kbn5 /people/person/nationality /m/09c7w0 1 1 1 1 1 1
/m/01hkck /people/person/nationality /m/09c7w0 1 1 1 1 1 1
/m/05qhnq /people/person/nationality /m/0chghy 2 2 1 1 0 0
/m/03k1vm /people/person/nationality /m/09c7w0 1 1 1 1 1 1
/m/043zg /people/person/nationality /m/09c7w0 1 1 1 1 1 1
/m/0b9f7t /people/person/nationality /m/03_3d 1 1 1 1 1 1
/m/01sp81 /people/person/nationality /m/06v36 11548 11547 0 0 0 0
/m/02q6cv4 /people/person/nationality /m/09c7w0 1 1 1 1 1 1
/m/01wskg /people/person/nationality /m/02jx1 4 4 1 1 0 0
/m/01wj9y9 /people/person/nationality /m/09c7w0 1 1 1 1 1 1
/m/082xp /people/person/nationality /m/02jx1 2 2 1 1 0 0
/m/037lyl /people/person/nationality /m/09c7w0 1 1 1 1 1 1
/m/080knyg /people/person/nationality /m/09c7w0 1 1 1 1 1 1
/m/03qd_ /people/person/nationality /m/09c7w0 1 1 1 1 1 1
/m/014ps4 /people/person/nationality /m/09c7w0 1 1 1 1 1 1
/m/07j8kh /people/person/nationality /m/09c7w0 1 1 1 1 1 1
/m/01wk3c /people/person/nationality /m/06q1r 1 1 1 1 1 1
/m/02jt1k /people/person/nationality /m/09c7w0 1 1 1 1 1 1
/m/01pqy_ /people/person/nationality /m/09c7w0 1 1 1 1 1 1
/m/0cjsxp /people/person/nationality /m/09c7w0 1 1 1 1 1 1
/m/01rnpy /people/person/nationality /m/02jx1 2 2 1 1 0 0
/m/04jwp /people/person/nationality /m/02jx1 3 3 1 1 0 0
/m/01dhpj /people/person/nationality /m/0604m 2859 2856 0 0 0 0
/m/06p0s1 /people/person/nationality /m/07ssc 1 1 1 1 1 1
/m/0bdlj /people/person/nationality /m/09c7w0 1 1 1 1 1 1
/m/05728w1 /people/person/nationality /m/09c7w0 1 1 1 1 1 1
/m/04093 /people/person/nationality /m/0f8l9c 2 2 1 1 0 0
/m/023n39 /people/person/nationality /m/09c7w0 1 1 1 1 1 1
/m/02qx5h /people/person/nationality /m/09c7w0 1 1 1 1 1 1
/m/0ct9_ /people/person/nationality /m/0f8l9c 3 3 1 1 0 0
/m/0127m7 /people/person/nationality /m/09c7w0 1 1 1 1 1 1
/m/04d2yp /people/person/nationality /m/09c7w0 1 1 1 1 1 1
/m/0b05xm /people/person/nationality /m/09c7w0 1 1 1 1 1 1
/m/01d5vk /people/person/nationality /m/09c7w0 1 1 1 1 1 1
/m/053yx /people/person/nationality /m/09c7w0 1 1 1 1 1 1
/m/043q6n_ /people/person/nationality /m/09c7w0 1 1 1 1 1 1
/m/09ftwr /people/person/nationality /m/09c7w0 1 1 1 1 1 1
/m/01vs_v8 /people/person/nationality /m/09c7w0 1 1 1 1 1 1
/m/02zq43 /people/person/nationality /m/02jx1 3 3 1 1 0 0
/m/02xwq9 /people/person/nationality /m/09c7w0 1 1 1 1 1 1
/m/03s2dj /people/person/nationality /m/02jx1 4585 4585 0 0 0 0
/m/033071 /people/person/nationality /m/09c7w0 1 1 1 1 1 1
/m/025j1t /people/person/nationality /m/09c7w0 1 1 1 1 1 1
/m/019389 /people/person/nationality /m/09c7w0 1 1 1 1 1 1
/m/06p03s /people/person/nationality /m/02jx1 2 2 1 1 0 0
/m/0g9zcgx /people/person/nationality /m/09c7w0 1 1 1 1 1 1
/m/0fthdk /people/person/nationality /m/09c7w0 1 1 1 1 1 1
/m/04wf_b /people/person/nationality /m/09c7w0 1 1 1 1 1 1
/m/01ww_vs /people/person/nationality /m/02jx1 1 1 1 1 1 1
/m/065jlv /people/person/nationality /m/03rt9 1 1 1 1 1 1
/m/0487c3 /people/person/nationality /m/035yg 8 6 1 1 0 0
/m/05slvm /people/person/nationality /m/0d060g 4 4 1 1 0 0
/m/09qh1 /people/person/nationality /m/02jx1 2 1 1 1 0 1
/m/0326tc /people/person/nationality /m/02jx1 1 1 1 1 1 1
/m/09mq4m /people/person/nationality /m/07ssc 2700 2700 0 0 0 0
/m/02jyhv /people/person/nationality /m/09c7w0 1 1 1 1 1 1
/m/02p59ry /people/person/nationality /m/0d05w3 1 1 1 1 1 1
/m/01svw8n /people/person/nationality /m/09c7w0 1 1 1 1 1 1
/m/01p0w_ /people/person/nationality /m/02jx1 2 2 1 1 0 0
/m/0436f4 /people/person/nationality /m/09c7w0 1 1 1 1 1 1
/m/02vwckw /people/person/nationality /m/09c7w0 1 1 1 1 1 1
/m/023jq1 /people/person/nationality /m/0j5g9 2 1 1 1 0 1
/m/034hck /people/person/nationality /m/02vzc 10901 10900 0 0 0 0
/m/04ns3gy /people/person/nationality /m/09c7w0 1 1 1 1 1 1
/m/02dbn2 /people/person/nationality /m/0chghy 1 1 1 1 1 1
/m/035rnz /people/person/nationality /m/09c7w0 1 1 1 1 1 1
/m/02hblj /people/person/nationality /m/09c7w0 1 1 1 1 1 1
/m/04gycf /people/person/nationality /m/03rjj 9006 9005 0 0 0 0
/m/0c1ps1 /people/person/nationality /m/09c7w0 1 1 1 1 1 1
/m/0p8jf /people/person/nationality /m/09c7w0 1 1 1 1 1 1
/m/0gn30 /people/person/nationality /m/09c7w0 1 1 1 1 1 1
/m/040696 /people/person/nationality /m/06bnz 2 1 1 1 0 1
/m/03flwk /people/person/nationality /m/09c7w0 1 1 1 1 1 1
/m/0cw67g /people/person/nationality /m/09c7w0 1 1 1 1 1 1
/m/083qy7 /people/person/nationality /m/0b90_r 1 1 1 1 1 1
/m/0g9zjp /people/person/nationality /m/02jx1 12549 12549 0 0 0 0
/m/06rq2l /people/person/nationality /m/09c7w0 1 1 1 1 1 1
/m/03cn92 /people/person/nationality /m/09c7w0 1 1 1 1 1 1
/m/04hqbbz /people/person/nationality /m/03rk0 1 1 1 1 1 1
/m/06pcz0 /people/person/nationality /m/09c7w0 1 1 1 1 1 1
/m/013tcv /people/person/nationality /m/0chghy 1 1 1 1 1 1
/m/0p51w /people/person/nationality /m/0h7x 2 1 1 1 0 1
/m/04b19t /people/person/nationality /m/03rk0 1 1 1 1 1 1
/m/023slg /people/person/nationality /m/09c7w0 1 1 1 1 1 1
/m/01p0vf /people/person/nationality /m/02jx1 3 3 1 1 0 0
/m/01svq8 /people/person/nationality /m/09c7w0 1 1 1 1 1 1
/m/02m92h /people/person/nationality /m/09c7w0 1 1 1 1 1 1
/m/01v3vp /people/person/nationality /m/09c7w0 1 1 1 1 1 1
/m/01skmp /people/person/nationality /m/09c7w0 1 1 1 1 1 1
/m/017vkx /people/person/nationality /m/02jx1 1 1 1 1 1 1
/m/01wdqrx /people/person/nationality /m/09c7w0 1 1 1 1 1 1
/m/07z1_q /people/person/nationality /m/09c7w0 1 1 1 1 1 1
/m/02t_99 /people/person/nationality /m/09c7w0 1 1 1 1 1 1
/m/0f0p0 /people/person/nationality /m/09c7w0 1 1 1 1 1 1
/m/0m32_ /people/person/nationality /m/09c7w0 1 1 1 1 1 1
/m/01wz_ml /people/person/nationality /m/09c7w0 1 1 1 1 1 1
/m/07kb5 /people/person/nationality /m/03rjj 3 3 1 1 0 0
/m/024zq /people/person/nationality /m/09c7w0 1 1 1 1 1 1
/m/0jcx /people/person/nationality /m/059z0 14518 14514 0 0 0 0
/m/02my3z /people/person/nationality /m/0345h 2 1 1 1 0 1
/m/0flpy /people/person/nationality /m/09c7w0 1 1 1 1 1 1
/m/0bkf72 /people/person/nationality /m/09c7w0 1 1 1 1 1 1
/m/01l4g5 /people/person/nationality /m/0d060g 2 2 1 1 0 0
/m/0n6f8 /people/person/nationality /m/09c7w0 1 1 1 1 1 1
/m/02j490 /people/person/nationality /m/09c7w0 1 1 1 1 1 1
/m/01dw9z /people/person/nationality /m/09c7w0 1 1 1 1 1 1
/m/019f9z /people/person/nationality /m/09c7w0 1 1 1 1 1 1
/m/05cqhl /people/person/nationality /m/09c7w0 1 1 1 1 1 1
/m/0627sn /people/person/nationality /m/07ssc 2 2 1 1 0 0
/m/05m7zg /people/person/nationality /m/06q1r 6956 6956 0 0 0 0
/m/0qkj7 /people/person/nationality /m/09c7w0 1 1 1 1 1 1
/m/033cw /people/person/nationality /m/09c7w0 1 1 1 1 1 1
/m/0f1vrl /people/person/nationality /m/03spz 4680 4679 0 0 0 0
/m/0gd_b_ /people/person/nationality /m/09c7w0 1 1 1 1 1 1
/m/02f2dn /people/person/nationality /m/07ssc 1 1 1 1 1 1
/m/01zh29 /people/person/nationality /m/03rk0 1 1 1 1 1 1
/m/051q39 /people/person/nationality /m/06mkj 13423 13423 0 0 0 0
/m/01wz01 /people/person/nationality /m/09c7w0 1 1 1 1 1 1
/m/09gb9xh /people/person/nationality /m/09c7w0 1 1 1 1 1 1
/m/0522wp /people/person/nationality /m/0345h 2 2 1 1 0 0
/m/016yr0 /people/person/nationality /m/0b90_r 6198 6197 0 0 0 0
/m/0g7vxv /people/person/nationality /m/02jx1 659 658 0 0 0 0
/m/062ftr /people/person/nationality /m/09c7w0 1 1 1 1 1 1
/m/01gvyp /people/person/nationality /m/09c7w0 1 1 1 1 1 1
/m/02_4fn /people/person/nationality /m/06qd3 2 2 1 1 0 0
/m/08h79x /people/person/nationality /m/09c7w0 1 1 1 1 1 1
/m/045hz5 /people/person/nationality /m/03rk0 1 1 1 1 1 1
/m/015882 /people/person/nationality /m/09c7w0 1 1 1 1 1 1
/m/01_k1z /people/person/nationality /m/09c7w0 1 1 1 1 1 1
/m/02r99xw /people/person/nationality /m/03rk0 1 1 1 1 1 1
/m/01pp3p /people/person/nationality /m/09c7w0 1 1 1 1 1 1
/m/073749 /people/person/nationality /m/09c7w0 1 1 1 1 1 1
/m/02qny_ /people/person/nationality /m/09c7w0 1 1 1 1 1 1
/m/01k98nm /people/person/nationality /m/09c7w0 1 1 1 1 1 1
/m/0sz28 /people/person/nationality /m/09c7w0 1 1 1 1 1 1
/m/09pl3s /people/person/nationality /m/09c7w0 2 1 1 1 0 1
/m/0kh6b /people/person/nationality /m/07ssc 1 1 1 1 1 1
/m/028qdb /people/person/nationality /m/09c7w0 1 1 1 1 1 1
/m/01x2_q /people/person/nationality /m/0d060g 5447 5446 0 0 0 0
/m/07_m9_ /people/person/nationality /m/0h7x 5 5 1 1 0 0
/m/02xnjd /people/person/nationality /m/09c7w0 1 1 1 1 1 1
/m/0dhrqx /people/person/nationality /m/03spz 4668 4668 0 0 0 0
/m/01kym3 /people/person/nationality /m/03_3d 1 1 1 1 1 1
/m/029ql /people/person/nationality /m/09c7w0 1 1 1 1 1 1
/m/01gvr1 /people/person/nationality /m/09c7w0 1 1 1 1 1 1
/m/015grj /people/person/nationality /m/09c7w0 1 1 1 1 1 1
/m/0bk4s /people/person/nationality /m/07ssc 10599 10598 0 0 0 0
/m/01rr9f /people/person/nationality /m/09c7w0 1 1 1 1 1 1
/m/02rybfn /people/person/nationality /m/09c7w0 1 1 1 1 1 1
/m/01vrx3g /people/person/nationality /m/09c7w0 1 1 1 1 1 1
/m/01qvgl /people/person/nationality /m/09c7w0 1 1 1 1 1 1
/m/026rm_y /people/person/nationality /m/0h7x 1 1 1 1 1 1
/m/04wg38 /people/person/nationality /m/09c7w0 1 1 1 1 1 1
/m/0149xx /people/person/nationality /m/0jhd 1 1 1 1 1 1
/m/042xh /people/person/nationality /m/02jx1 3 2 1 1 0 0
/m/01g0jn /people/person/nationality /m/09c7w0 1 1 1 1 1 1
/m/0hky /people/person/nationality /m/02jx1 3 3 1 1 0 0
/m/0bqytm /people/person/nationality /m/0345h 1 1 1 1 1 1
/m/0dfjb8 /people/person/nationality /m/03rk0 1 1 1 1 1 1
/m/0bbvr84 /people/person/nationality /m/09c7w0 1 1 1 1 1 1
/m/08_83x /people/person/nationality /m/07ssc 3 3 1 1 0 0
/m/01s7ns /people/person/nationality /m/06mkj 4 3 1 1 0 0
/m/01fxck /people/person/nationality /m/09c7w0 1 1 1 1 1 1
/m/01wbsdz /people/person/nationality /m/09c7w0 1 1 1 1 1 1
/m/02465 /people/person/nationality /m/07ssc 5 5 1 1 0 0
/m/03f2_rc /people/person/nationality /m/09c7w0 1 1 1 1 1 1
/m/05fnl9 /people/person/nationality /m/09c7w0 1 1 1 1 1 1
/m/0525b /people/person/nationality /m/02jx1 3 3 1 1 0 0
/m/05v1sb /people/person/nationality /m/09c7w0 1 1 1 1 1 1
/m/0l8v5 /people/person/nationality /m/0d060g 4 4 1 1 0 0
/m/03d8njj /people/person/nationality /m/03rk0 1 1 1 1 1 1
/m/01309x /people/person/nationality /m/09c7w0 1 1 1 1 1 1
/m/01vzz1c /people/person/nationality /m/07ssc 2 1 1 1 0 1
/m/0d4fqn /people/person/nationality /m/09c7w0 1 1 1 1 1 1
/m/016dp0 /people/person/nationality /m/02jx1 1 1 1 1 1 1
/m/017f4y /people/person/nationality /m/09c7w0 1 1 1 1 1 1
/m/01z5tr /people/person/nationality /m/09c7w0 1 1 1 1 1 1
