/m/08d6bd /people/person/languages /m/0688f 6 5 1 1 0 0
/m/0bt7ws /people/person/languages /m/02h40lc 1 1 1 1 1 1
/m/03_l8m /people/person/languages /m/02h40lc 1 1 1 1 1 1
/m/039bp /people/person/languages /m/02h40lc 1 1 1 1 1 1
/m/0gr36 /people/person/languages /m/02h40lc 1 1 1 1 1 1
/m/0f7hc /people/person/languages /m/02h40lc 1 1 1 1 1 1
/m/0pj8m /people/person/languages /m/01c7y 10199 10197 0 0 0 0
/m/0hr3g /people/person/languages /m/04306rv 14488 14488 0 0 0 0
/m/04cmrt /people/person/languages /m/09s02 5 2 1 1 0 0
/m/047s_cr /people/person/languages /m/03k50 1 1 1 1 1 1
/m/03_dj /people/person/languages /m/02h40lc 1 1 1 1 1 1
/m/0fn8jc /people/person/languages /m/02h40lc 1 1 1 1 1 1
/m/02114t /people/person/languages /m/02h40lc 1 1 1 1 1 1
/m/0427y /people/person/languages /m/02h40lc 1 1 1 1 1 1
/m/01w724 /people/person/languages /m/02h40lc 1 1 1 1 1 1
/m/02hh8j /people/person/languages /m/064_8sq 2 2 1 1 0 0
/m/08bqy9 /people/person/languages /m/03k50 2 1 1 1 0 1
/m/01vh3r /people/person/languages /m/02bjrlw 2 1 1 1 0 1
/m/049k07 /people/person/languages /m/02h40lc 1 1 1 1 1 1
/m/03qmj9 /people/person/languages /m/02h40lc 1 1 1 1 1 1
/m/01r42_g /people/person/languages /m/06nm1 2 2 1 1 0 0
/m/05gc0h /people/person/languages /m/0999q 4 4 1 1 0 0
/m/01vh08 /people/person/languages /m/02h40lc 1 1 1 1 1 1
/m/02t__3 /people/person/languages /m/02h40lc 1 1 1 1 1 1
/m/0cbkc /people/person/languages /m/02h40lc 1 1 1 1 1 1
/m/03xmy1 /people/person/languages /m/02h40lc 1 1 1 1 1 1
/m/0czkbt /people/person/languages /m/02h40lc 1 1 1 1 1 1
/m/044k8 /people/person/languages /m/02h40lc 1 1 1 1 1 1
/m/0dqcm /people/person/languages /m/06nm1 8064 8061 0 0 0 0
/m/0265z9l /people/person/languages /m/03k50 2 1 1 1 0 1
/m/01v3bn /people/person/languages /m/02h40lc 1 1 1 1 1 1
/m/04y0yc /people/person/languages /m/03k50 1 1 1 1 1 1
/m/020trj /people/person/languages /m/02h40lc 1 1 1 1 1 1
/m/08s0m7 /people/person/languages /m/03k50 2 2 1 1 0 0
/m/01trf3 /people/person/languages /m/02h40lc 1 1 1 1 1 1
/m/01qnfc /people/person/languages /m/03_9r 2 2 1 1 0 0
/m/0flpy /people/person/languages /m/02h40lc 1 1 1 1 1 1
/m/035wq7 /people/person/languages /m/02h40lc 1 1 1 1 1 1
/m/029_3 /people/person/languages /m/02h40lc 1 1 1 1 1 1
/m/045hz5 /people/person/languages /m/03k50 1 1 1 1 1 1
/m/050llt /people/person/languages /m/02h40lc 1 1 1 1 1 1
/m/032l1 /people/person/languages /m/06b_j 2 2 1 1 0 0
/m/01x2tm8 /people/person/languages /m/09s02 6 2 1 1 0 0
/m/0dfjb8 /people/person/languages /m/09bnf 8665 8661 0 0 0 0
/m/01vsqvs /people/person/languages /m/02h40lc 1 1 1 1 1 1
/m/03x31g /people/person/languages /m/01c7y 3608 3603 0 0 0 0
/m/04bdxl /people/person/languages /m/02h40lc 1 1 1 1 1 1
/m/015010 /people/person/languages /m/064_8sq 2 1 1 1 0 1
/m/023mdt /people/person/languages /m/02h40lc 1 1 1 1 1 1
/m/01sl1q /people/person/languages /m/02h40lc 1 1 1 1 1 1
/m/0fn5bx /people/person/languages /m/02h40lc 1 1 1 1 1 1
/m/084z0w /people/person/languages /m/03k50 2 1 1 1 0 1
/m/03lt8g /people/person/languages /m/06nm1 2 1 1 1 0 1
/m/047jhq /people/person/languages /m/0688f 4 3 1 1 0 0
/m/028k57 /people/person/languages /m/02h40lc 1 1 1 1 1 1
/m/02r_d4 /people/person/languages /m/02h40lc 1 1 1 1 1 1
/m/015c2f /people/person/languages /m/02h40lc 1 1 1 1 1 1
/m/01wttr1 /people/person/languages /m/055qm 11440 11439 0 0 0 0
/m/0139q5 /people/person/languages /m/03115z 5 3 1 1 0 0
/m/0klh7 /people/person/languages /m/02h40lc 1 1 1 1 1 1
/m/0cbkc /people/person/languages /m/064_8sq 2 1 1 1 0 1
/m/03jj93 /people/person/languages /m/02h40lc 1 1 1 1 1 1
/m/039crh /people/person/languages /m/06nm1 4 2 1 1 0 0
/m/0kh6b /people/person/languages /m/02h40lc 1 1 1 1 1 1
/m/01xdf5 /people/person/languages /m/02h40lc 1 1 1 1 1 1
/m/02js_6 /people/person/languages /m/02h40lc 1 1 1 1 1 1
/m/03f02ct /people/person/languages /m/03k50 1 1 1 1 1 1
/m/02qnyr7 /people/person/languages /m/09s02 5 5 1 1 0 0
/m/0k8y7 /people/person/languages /m/06b_j 6075 6074 0 0 0 0
/m/04cmrt /people/person/languages /m/0688f 6 2 1 1 0 0
/m/07f3xb /people/person/languages /m/02bjrlw 3 2 1 1 0 0
/m/049tjg /people/person/languages /m/02h40lc 1 1 1 1 1 1
/m/02lq10 /people/person/languages /m/02h40lc 1 1 1 1 1 1
/m/05ty4m /people/person/languages /m/02h40lc 1 1 1 1 1 1
/m/0h0yt /people/person/languages /m/02h40lc 1 1 1 1 1 1
/m/012d40 /people/person/languages /m/06nm1 12666 12663 0 0 0 0
/m/01wj18h /people/person/languages /m/02h40lc 1 1 1 1 1 1
/m/0164nb /people/person/languages /m/02h40lc 1 1 1 1 1 1
/m/01x4sb /people/person/languages /m/02h40lc 1 1 1 1 1 1
/m/0bqch /people/person/languages /m/064_8sq 2 2 1 1 0 0
/m/04twmk /people/person/languages /m/02h40lc 1 1 1 1 1 1
/m/0chw_ /people/person/languages /m/02bjrlw 2 2 1 1 0 0
/m/01pl9g /people/person/languages /m/02h40lc 1 1 1 1 1 1
/m/01w58n3 /people/person/languages /m/06nm1 3 2 1 1 0 0
/m/08k1lz /people/person/languages /m/02h40lc 1 1 1 1 1 1
/m/04k15 /people/person/languages /m/04306rv 2 2 1 1 0 0
/m/040db /people/person/languages /m/06nm1 2 2 1 1 0 0
/m/01l1hr /people/person/languages /m/02h40lc 1 1 1 1 1 1
/m/06jzh /people/person/languages /m/02h40lc 1 1 1 1 1 1
/m/0dfjb8 /people/person/languages /m/03k50 2 1 1 1 0 1
/m/03y82t6 /people/person/languages /m/02h40lc 1 1 1 1 1 1
/m/0tj9 /people/person/languages /m/03k50 2 1 1 1 0 1
/m/039crh /people/person/languages /m/064_8sq 3 2 1 1 0 0
/m/0232lm /people/person/languages /m/02h40lc 1 1 1 1 1 1
/m/02byfd /people/person/languages /m/02bjrlw 3 2 1 1 0 0
/m/02y_2y /people/person/languages /m/02h40lc 1 1 1 1 1 1
/m/01mqc_ /people/person/languages /m/02h40lc 1 1 1 1 1 1
/m/03f1zhf /people/person/languages /m/04306rv 10272 10270 0 0 0 0
