/m/02lyr4 /sports/sports_position/players./sports/sports_team_roster/team /m/01d5z 6822 6820 0 0 0 0
/m/0dgrmp /sports/sports_position/players./sports/sports_team_roster/team /m/02b0y3 78 52 0 0 0 0
/m/0355dz /sports/sports_position/players./sports/sports_team_roster/team /m/02ptzz0 1141 1141 0 0 0 0
/m/02g_7z /sports/sports_position/players./sports/sports_team_roster/team /m/025v1sx 44 16 0 0 0 0
/m/02_ssl /sports/sports_position/players./sports/sports_team_roster/team /m/02plv57 4589 4588 0 0 0 0
/m/02qvzf /sports/sports_position/players./sports/sports_team_roster/team /m/0jnr_ 2817 2815 0 0 0 0
/m/02_j1w /sports/sports_position/players./sports/sports_team_roster/team /m/058dm9 54 35 0 0 0 0
/m/02_ssl /sports/sports_position/players./sports/sports_team_roster/team /m/0jm9w 10630 10625 0 0 0 0
/m/02sf_r /sports/sports_position/players./sports/sports_team_roster/team /m/02plv57 13166 13163 0 0 0 0
/m/04nfpk /sports/sports_position/players./sports/sports_team_roster/team /m/026l1lq 48 25 0 0 0 0
/m/05b3ts /sports/sports_position/players./sports/sports_team_roster/team /m/0fbq2n 28 8 0 1 0 0
/m/02nzb8 /sports/sports_position/players./sports/sports_team_roster/team /m/037css 67 47 0 0 0 0
/m/017drs /sports/sports_position/players./sports/sports_team_roster/team /m/049n7 5510 5509 0 0 0 0
/m/02nzb8 /sports/sports_position/players./sports/sports_team_roster/team /m/07sqbl 65 46 0 0 0 0
/m/01z9v6 /sports/sports_position/players./sports/sports_team_roster/team /m/05g76 78 78 0 0 0 0
/m/0355dz /sports/sports_position/players./sports/sports_team_roster/team /m/0jmhr 4 4 1 1 0 0
/m/0dgrmp /sports/sports_position/players./sports/sports_team_roster/team /m/02b14q 78 52 0 0 0 0
/m/02qvdc /sports/sports_position/players./sports/sports_team_roster/team /m/04l5d0 5 5 1 1 0 0
/m/02rsl1 /sports/sports_position/players./sports/sports_team_roster/team /m/049n7 6071 6070 0 0 0 0
/m/02_j1w /sports/sports_position/players./sports/sports_team_roster/team /m/05p8bf9 56 37 0 0 0 0
/m/02dwpf /sports/sports_position/players./sports/sports_team_roster/team /m/01slc 4125 4125 0 0 0 0
/m/0dgrmp /sports/sports_position/players./sports/sports_team_roster/team /m/02b1mr 82 56 0 0 0 0
