01469222 _member_holonym 01467986 1 1 1 1 1 1
12473011 _member_holonym 12423565 0 0 0 0
12194147 _member_holonym 12193964 1 1 1 1 1 1
12766869 _member_holonym 12766241 1 1 1 1 1 1
11795366 _member_holonym 11794267 1 1 1 1 1 1
01758019 _member_holonym 01753721 1 1 1 1 1 1
12797368 _member_holonym 12797213 1 1 1 1 1 1
12005656 _member_holonym 12005500 1 1 1 1 1 1
12446200 _member_holonym 12445848 1 1 1 1 1 1
02662239 _member_holonym 02662081 1 1 1 1 1 1
12287388 _member_holonym 12280487 1 1 1 1 1 1
02332315 _member_holonym 02331479 1 1 1 1 1 1
01768402 _member_holonym 01767199 1 1 1 1 1 1
11844651 _member_holonym 11841529 0 0 0 0
12577895 _member_holonym 12577000 1 1 1 1 1 1
11664929 _member_holonym 11551211 1 1 1 1 1 1
12475035 _member_holonym 12474828 1 1 1 1 1 1
12565368 _member_holonym 12564840 1 1 1 1 1 1
01668257 _member_holonym 01667570 1 1 1 1 1 1
04033425 _member_holonym 07956721 1 1 1 1 1 1
11556187 _member_holonym 12410381 1 1 1 1 1 1
11666854 _member_holonym 11665781 0 0 0 0
12566331 _member_holonym 12564840 1 1 1 1 1 1
12239100 _member_holonym 12226322 1 1 1 1 1 1
01944217 _member_holonym 01952162 1 1 1 1 1 1
12393527 _member_holonym 12391745 1 1 1 1 1 1
12605019 _member_holonym 11668952 1 1 1 1 1 1
12744850 _member_holonym 12744656 1 1 1 1 1 1
01498989 _member_holonym 01498822 1 1 1 1 1 1
02617689 _member_holonym 02617029 1 1 1 1 1 1
02275372 _member_holonym 02274516 1 1 1 1 1 1
12611479 _member_holonym 12611243 1 1 1 1 1 1
01647803 _member_holonym 01639369 1 1 1 1 1 1
10405694 _member_holonym 13837840 1 1 1 1 1 1
02332606 _member_holonym 02331479 1 1 1 1 1 1
12717644 _member_holonym 12717524 1 1 1 1 1 1
02595902 _member_holonym 02593863 1 1 1 1 1 1
02059393 _member_holonym 02058933 1 1 1 1 1 1
12735009 _member_holonym 12734722 1 1 1 1 1 1
12469936 _member_holonym 12423565 1 1 1 1 1 1
12201761 _member_holonym 12194776 1 1 1 1 1 1
12052630 _member_holonym 12039743 1 1 1 1 1 1
11886380 _member_holonym 11867525 1 1 1 1 1 1
02435689 _member_holonym 02398732 1 1 1 1 1 1
11758628 _member_holonym 11754188 1 1 1 1 1 1
09729530 _member_holonym 08847694 1 1 1 1 1 1
12806015 _member_holonym 12804866 1 1 1 1 1 1
02201252 _member_holonym 02199999 1 1 1 1 1 1
11555413 _member_holonym 11665781 1 1 1 1 1 1
01535842 _member_holonym 01529036 1 1 1 1 1 1
12060380 _member_holonym 12039743 1 1 1 1 1 1
02082632 _member_holonym 02082498 1 1 1 1 1 1
12974457 _member_holonym 12974286 1 1 1 1 1 1
12529500 _member_holonym 12529353 1 1 1 1 1 1
02072665 _member_holonym 02072209 0 0 0 0
12402051 _member_holonym 12401122 1 1 1 1 1 1
12623368 _member_holonym 12619306 0 0 0 0
02470451 _member_holonym 02469588 1 1 1 1 1 1
01711297 _member_holonym 01710348 1 1 1 1 1 1
02291940 _member_holonym 02291391 1 1 1 1 1 1
12698905 _member_holonym 12694707 1 1 1 1 1 1
01608086 _member_holonym 01605119 1 1 1 1 1 1
10148165 _member_holonym 08256735 1 1 1 1 1 1
11847841 _member_holonym 11841529 1 1 1 1 1 1
02652668 _member_holonym 02652335 1 1 1 1 1 1
11639445 _member_holonym 11638902 1 1 1 1 1 1
01770967 _member_holonym 01770553 1 1 1 1 1 1
02224323 _member_holonym 02222718 0 0 0 0
01957591 _member_holonym 01956924 1 1 1 1 1 1
02054966 _member_holonym 02054834 0 0 0 0
12401122 _member_holonym 12398682 1 1 1 1 1 1
11659627 _member_holonym 11659500 1 1 1 1 1 1
09713501 _member_holonym 08902422 1 1 1 1 1 1
01413188 _member_holonym 01412085 1 1 1 1 1 1
13016457 _member_holonym 12998349 1 1 1 1 1 1
02243351 _member_holonym 02241184 1 1 1 1 1 1
11922374 _member_holonym 11921949 1 1 1 1 1 1
02183697 _member_holonym 02159271 1 1 1 1 1 1
02221240 _member_holonym 02219234 1 1 1 1 1 1
12906498 _member_holonym 12906334 1 1 1 1 1 1
01548143 _member_holonym 01547459 1 1 1 1 1 1
12915400 _member_holonym 12914433 1 1 1 1 1 1
02305245 _member_holonym 02273545 1 1 1 1 1 1
13196545 _member_holonym 13192025 1 1 1 1 1 1
01785831 _member_holonym 01784427 1 1 1 1 1 1
12548280 _member_holonym 12548134 1 1 1 1 1 1
02130308 _member_holonym 02130190 1 1 1 1 1 1
08103777 _member_holonym 08102555 1 1 1 1 1 1
12714949 _member_holonym 12714550 1 1 1 1 1 1
12745788 _member_holonym 12740196 1 1 1 1 1 1
03351768 _member_holonym 03351434 1 1 1 1 1 1
11797016 _member_holonym 11796744 1 1 1 1 1 1
01680264 _member_holonym 01680137 1 1 1 1 1 1
12171966 _member_holonym 12171750 1 1 1 1 1 1
09711530 _member_holonym 08783583 1 1 1 1 1 1
11740208 _member_holonym 11739530 1 1 1 1 1 1
02607630 _member_holonym 02553196 1 1 1 1 1 1
02325211 _member_holonym 02323715 1 1 1 1 1 1
08101410 _member_holonym 08110373 1 1 1 1 1 1
02280223 _member_holonym 02273545 1 1 1 1 1 1
01585890 _member_holonym 01584004 1 1 1 1 1 1
01746565 _member_holonym 01744657 0 0 0 0
02503127 _member_holonym 02502902 0 0 0 0
12367611 _member_holonym 12367306 1 1 1 1 1 1
02430929 _member_holonym 02429695 1 1 1 1 1 1
02082056 _member_holonym 01886220 1 1 1 1 1 1
01932800 _member_holonym 01929396 1 1 1 1 1 1
12812665 _member_holonym 12811856 1 1 1 1 1 1
11739809 _member_holonym 11739530 1 1 1 1 1 1
02185167 _member_holonym 02185007 1 1 1 1 1 1
12739801 _member_holonym 12739595 1 1 1 1 1 1
02214972 _member_holonym 02205896 1 1 1 1 1 1
13027190 _member_holonym 13026763 1 1 1 1 1 1
13208468 _member_holonym 13205482 1 1 1 1 1 1
02125311 _member_holonym 02121234 0 0 0 0
01923171 _member_holonym 01313093 1 1 1 1 1 1
12353754 _member_holonym 12353604 1 1 1 1 1 1
09698108 _member_holonym 08730550 1 1 1 1 1 1
13192625 _member_holonym 13192025 1 1 1 1 1 1
12992022 _member_holonym 12991488 1 1 1 1 1 1
12332218 _member_holonym 12331415 1 1 1 1 1 1
11799732 _member_holonym 11799520 0 0 0 0
12020507 _member_holonym 12020388 1 1 1 1 1 1
01886220 _member_holonym 01861465 1 1 1 1 1 1
02279442 _member_holonym 02273545 1 1 1 1 1 1
09673495 _member_holonym 08900535 1 1 1 1 1 1
12800586 _member_holonym 12800327 1 1 1 1 1 1
01805199 _member_holonym 01802309 1 1 1 1 1 1
12111882 _member_holonym 12100538 1 1 1 1 1 1
13219067 _member_holonym 13218900 1 1 1 1 1 1
01375204 _member_holonym 01374989 1 1 1 1 1 1
01775062 _member_holonym 01774918 1 1 1 1 1 1
02461556 _member_holonym 02461372 1 1 1 1 1 1
02489589 _member_holonym 02489288 1 1 1 1 1 1
12798632 _member_holonym 12798041 1 1 1 1 1 1
12762583 _member_holonym 12758639 1 1 1 1 1 1
01938312 _member_holonym 01938155 0 0 0 0
02260183 _member_holonym 02159271 1 1 1 1 1 1
12106786 _member_holonym 12106540 0 0 0 0
12524518 _member_holonym 12501745 1 1 1 1 1 1
12131216 _member_holonym 12100538 1 1 1 1 1 1
12419592 _member_holonym 12418680 1 1 1 1 1 1
12251740 _member_holonym 12251577 1 1 1 1 1 1
12558230 _member_holonym 12556030 1 1 1 1 1 1
10237676 _member_holonym 08029421 1 1 1 1 1 1
11620248 _member_holonym 11607739 1 1 1 1 1 1
01457276 _member_holonym 01453852 1 1 1 1 1 1
12711182 _member_holonym 12707432 1 1 1 1 1 1
06836822 _member_holonym 06498569 1 1 1 1 1 1
11845557 _member_holonym 11845387 1 1 1 1 1 1
12345280 _member_holonym 12345136 1 1 1 1 1 1
02654890 _member_holonym 02652335 1 1 1 1 1 1
02220055 _member_holonym 02219901 1 1 1 1 1 1
01389507 _member_holonym 01389188 1 1 1 1 1 1
01936391 _member_holonym 01936219 1 1 1 1 1 1
01786879 _member_holonym 01768402 1 1 1 1 1 1
08739206 _member_holonym 08176077 1 1 1 1 1 1
12171503 _member_holonym 12170415 1 1 1 1 1 1
12268096 _member_holonym 12260208 1 1 1 1 1 1
01964636 _member_holonym 01955463 1 1 1 1 1 1
13046285 _member_holonym 13038944 1 1 1 1 1 1
12952022 _member_holonym 12951465 1 1 1 1 1 1
01403052 _member_holonym 01402831 1 1 1 1 1 1
01972411 _member_holonym 01972283 1 1 1 1 1 1
12727729 _member_holonym 12724201 1 1 1 1 1 1
11942144 _member_holonym 11911591 1 1 1 1 1 1
12683950 _member_holonym 12684640 1 1 1 1 1 1
11850521 _member_holonym 11850337 1 1 1 1 1 1
12172715 _member_holonym 12169776 1 1 1 1 1 1
01522952 _member_holonym 01522789 1 1 1 1 1 1
01392380 _member_holonym 01391569 1 1 1 1 1 1
01670378 _member_holonym 01669883 1 1 1 1 1 1
01808989 _member_holonym 01808785 1 1 1 1 1 1
12445138 _member_holonym 12423565 1 1 1 1 1 1
12131767 _member_holonym 12131216 1 1 1 1 1 1
13006377 _member_holonym 13000372 1 1 1 1 1 1
01403805 _member_holonym 01402169 1 1 1 1 1 1
01457082 _member_holonym 01456939 1 1 1 1 1 1
01963017 _member_holonym 01955463 1 1 1 1 1 1
01539573 _member_holonym 01539377 1 1 1 1 1 1
10480730 _member_holonym 08287586 1 1 1 1 1 1
13205482 _member_holonym 13169674 1 1 1 1 1 1
12166003 _member_holonym 12157276 1 1 1 1 1 1
12577686 _member_holonym 12577000 1 1 1 1 1 1
12321077 _member_holonym 12319687 1 1 1 1 1 1
01387208 _member_holonym 01386494 0 0 0 0
02415253 _member_holonym 02411427 1 1 1 1 1 1
13067532 _member_holonym 13066631 1 1 1 1 1 1
12902887 _member_holonym 12892226 1 1 1 1 1 1
09694109 _member_holonym 08849753 1 1 1 1 1 1
09698644 _member_holonym 08734385 1 1 1 1 1 1
02300173 _member_holonym 02300018 1 1 1 1 1 1
12235479 _member_holonym 12235263 1 1 1 1 1 1
02000618 _member_holonym 01999374 1 1 1 1 1 1
12130759 _member_holonym 12100538 1 1 1 1 1 1
12164215 _member_holonym 12157276 1 1 1 1 1 1
11941261 _member_holonym 11911591 1 1 1 1 1 1
08305942 _member_holonym 08293982 0 0 0 0
02017607 _member_holonym 02014646 1 1 1 1 1 1
12169776 _member_holonym 12169526 1 1 1 1 1 1
02621107 _member_holonym 02553196 1 1 1 1 1 1
02367993 _member_holonym 02367131 1 1 1 1 1 1
12884523 _member_holonym 12876032 1 1 1 1 1 1
01533339 _member_holonym 01533169 1 1 1 1 1 1
02147747 _member_holonym 02145084 1 1 1 1 1 1
12333530 _member_holonym 12333397 1 1 1 1 1 1
02076535 _member_holonym 02075727 1 1 1 1 1 1
12708654 _member_holonym 12707432 1 1 1 1 1 1
12985010 _member_holonym 12984802 1 1 1 1 1 1
11604393 _member_holonym 11604225 1 1 1 1 1 1
13022078 _member_holonym 13016457 1 1 1 1 1 1
01621127 _member_holonym 01620967 1 1 1 1 1 1
12454159 _member_holonym 12454021 1 1 1 1 1 1
12780852 _member_holonym 12779233 1 1 1 1 1 1
02540983 _member_holonym 02540637 1 1 1 1 1 1
11908718 _member_holonym 11900058 1 1 1 1 1 1
11943299 _member_holonym 11911591 1 1 1 1 1 1
01932495 _member_holonym 01932358 1 1 1 1 1 1
08751494 _member_holonym 08176077 1 1 1 1 1 1
11599165 _member_holonym 11598991 1 1 1 1 1 1
02607345 _member_holonym 02606194 1 1 1 1 1 1
01453852 _member_holonym 02527813 1 1 1 1 1 1
12610933 _member_holonym 11667562 1 1 1 1 1 1
01623284 _member_holonym 01621714 1 1 1 1 1 1
01419332 _member_holonym 01419082 1 1 1 1 1 1
01390287 _member_holonym 01389875 1 1 1 1 1 1
12321873 _member_holonym 12319687 1 1 1 1 1 1
12108742 _member_holonym 12100538 1 1 1 1 1 1
02282903 _member_holonym 02282716 1 1 1 1 1 1
11957912 _member_holonym 11911591 1 1 1 1 1 1
11703669 _member_holonym 11703386 0 0 0 0
12471366 _member_holonym 12423565 1 1 1 1 1 1
02391049 _member_holonym 02373843 1 1 1 1 1 1
01491235 _member_holonym 01488539 1 1 1 1 1 1
01574801 _member_holonym 01574671 1 1 1 1 1 1
09029457 _member_holonym 08172103 1 1 1 1 1 1
01412279 _member_holonym 01412085 1 1 1 1 1 1
02471072 _member_holonym 02470451 0 0 0 0
08110373 _member_holonym 08108972 1 1 1 1 1 1
12512947 _member_holonym 12501745 1 1 1 1 1 1
09435965 _member_holonym 09232841 1 1 1 1 1 1
12009616 _member_holonym 11911591 1 1 1 1 1 1
12168565 _member_holonym 12168385 1 1 1 1 1 1
12934479 _member_holonym 12934368 1 1 1 1 1 1
12615427 _member_holonym 12610933 1 1 1 1 1 1
01468712 _member_holonym 01468532 1 1 1 1 1 1
02409202 _member_holonym 02408217 1 1 1 1 1 1
12771597 _member_holonym 12770277 1 1 1 1 1 1
12122245 _member_holonym 12122124 1 1 1 1 1 1
01957739 _member_holonym 01957591 1 1 1 1 1 1
13079203 _member_holonym 13077479 1 1 1 1 1 1
02173571 _member_holonym 02171633 1 1 1 1 1 1
01710348 _member_holonym 01708778 0 0 0 0
12002197 _member_holonym 11911591 1 1 1 1 1 1
11959489 _member_holonym 11911591 1 1 1 1 1 1
01526635 _member_holonym 01524885 1 1 1 1 1 1
11839297 _member_holonym 11835806 1 1 1 1 1 1
01583373 _member_holonym 01582625 1 1 1 1 1 1
02492536 _member_holonym 02491590 1 1 1 1 1 1
12317296 _member_holonym 12317164 1 1 1 1 1 1
02302620 _member_holonym 02301072 1 1 1 1 1 1
11639863 _member_holonym 11629501 1 1 1 1 1 1
10778345 _member_holonym 08149160 1 1 1 1 1 1
12244153 _member_holonym 12243927 1 1 1 1 1 1
01589582 _member_holonym 01589125 1 1 1 1 1 1
01520789 _member_holonym 01502262 1 1 1 1 1 1
12479066 _member_holonym 12476036 1 1 1 1 1 1
09920771 _member_holonym 08188638 1 1 1 1 1 1
13184492 _member_holonym 13169674 1 1 1 1 1 1
02397529 _member_holonym 02397377 1 1 1 1 1 1
12509476 _member_holonym 12509297 1 1 1 1 1 1
12051792 _member_holonym 12051285 1 1 1 1 1 1
02544960 _member_holonym 02544754 1 1 1 1 1 1
12699922 _member_holonym 12699778 1 1 1 1 1 1
12002428 _member_holonym 12002197 1 1 1 1 1 1
02558724 _member_holonym 02553196 1 1 1 1 1 1
12512460 _member_holonym 12501745 1 1 1 1 1 1
12608778 _member_holonym 12605019 1 1 1 1 1 1
