01008719 _synset_domain_topic_of 08441203 1 1 1 1 1 1
00043902 _synset_domain_topic_of 00471613 1 1 1 1 1 1
00740342 _synset_domain_topic_of 08441203 1 1 1 1 1 1
00538571 _synset_domain_topic_of 06084469 1 1 1 1 1 1
07047011 _synset_domain_topic_of 07020895 1 1 1 1 1 1
00343730 _synset_domain_topic_of 00528667 1 1 1 1 1 1
01741864 _synset_domain_topic_of 00916464 1 1 1 1 1 1
01187620 _synset_domain_topic_of 08441203 1 1 1 1 1 1
01959927 _synset_domain_topic_of 00450335 1 1 1 1 1 1
08312559 _synset_domain_topic_of 06226057 0 0 0 0
05399847 _synset_domain_topic_of 01471682 0 0 0 0
05204004 _synset_domain_topic_of 08199025 1 1 1 1 1 1
01920698 _synset_domain_topic_of 00523513 1 1 1 1 1 1
08023843 _synset_domain_topic_of 00759694 1 1 1 1 1 1
05055503 _synset_domain_topic_of 00017222 1 1 1 1 1 1
04103918 _synset_domain_topic_of 02691156 1 1 1 1 1 1
01418037 _synset_domain_topic_of 00243918 1 1 1 1 1 1
06590885 _synset_domain_topic_of 06677302 1 1 1 1 1 1
10347446 _synset_domain_topic_of 08199025 1 1 1 1 1 1
08024096 _synset_domain_topic_of 00759694 1 1 1 1 1 1
06013584 _synset_domain_topic_of 06000644 1 1 1 1 1 1
00139919 _synset_domain_topic_of 00469651 1 1 1 1 1 1
01021794 _synset_domain_topic_of 00903559 1 1 1 1 1 1
07032753 _synset_domain_topic_of 07071942 1 1 1 1 1 1
13617308 _synset_domain_topic_of 00922327 1 1 1 1 1 1
07243837 _synset_domain_topic_of 01032368 1 1 1 1 1 1
00080705 _synset_domain_topic_of 00612160 1 1 1 1 1 1
10551265 _synset_domain_topic_of 15259284 1 1 1 1 1 1
01960779 _synset_domain_topic_of 00299217 1 1 1 1 1 1
01958868 _synset_domain_topic_of 00299217 1 1 1 1 1 1
02242464 _synset_domain_topic_of 01090446 1 1 1 1 1 1
00558008 _synset_domain_topic_of 00463543 2 1 1 1 0 1
06669864 _synset_domain_topic_of 06000644 1 1 1 1 1 1
09791248 _synset_domain_topic_of 04323026 1 1 1 1 1 1
01703023 _synset_domain_topic_of 07092592 1 1 1 1 1 1
06023022 _synset_domain_topic_of 06018465 1 1 1 1 1 1
04579986 _synset_domain_topic_of 00503237 1 1 1 1 1 1
02138766 _synset_domain_topic_of 00903559 1 1 1 1 1 1
00567044 _synset_domain_topic_of 00479887 1 1 1 1 1 1
10092488 _synset_domain_topic_of 00475787 2 1 1 1 0 1
01693138 _synset_domain_topic_of 00933420 1 1 1 1 1 1
09425344 _synset_domain_topic_of 06115701 0 0 0 0
13812607 _synset_domain_topic_of 06143546 1 1 1 1 1 1
09590495 _synset_domain_topic_of 09689152 0 0 0 0
01472638 _synset_domain_topic_of 01861778 1 1 1 1 1 1
00998886 _synset_domain_topic_of 06128570 1 1 1 1 1 1
00471576 _synset_domain_topic_of 06090869 1 1 1 1 1 1
02835887 _synset_domain_topic_of 06090869 1 1 1 1 1 1
09809749 _synset_domain_topic_of 08199025 1 1 1 1 1 1
01216515 _synset_domain_topic_of 08199025 1 1 1 1 1 1
08018189 _synset_domain_topic_of 00759694 1 1 1 1 1 1
08032594 _synset_domain_topic_of 00759694 1 1 1 1 1 1
01084331 _synset_domain_topic_of 00464894 1 1 1 1 1 1
07986771 _synset_domain_topic_of 05778131 0 0 0 0
01407904 _synset_domain_topic_of 00464894 1 1 1 1 1 1
03421768 _synset_domain_topic_of 08199025 1 1 1 1 1 1
04429756 _synset_domain_topic_of 03082979 1 1 1 1 1 1
15224293 _synset_domain_topic_of 08441203 1 1 1 1 1 1
01733213 _synset_domain_topic_of 00543233 1 1 1 1 1 1
03350602 _synset_domain_topic_of 00454237 1 1 1 1 1 1
08594886 _synset_domain_topic_of 08199025 1 1 1 1 1 1
01190561 _synset_domain_topic_of 08441203 1 1 1 1 1 1
13550089 _synset_domain_topic_of 06055946 1 1 1 1 1 1
01941987 _synset_domain_topic_of 00300441 1 1 1 1 1 1
01690294 _synset_domain_topic_of 00933420 1 1 1 1 1 1
01408153 _synset_domain_topic_of 00464894 1 1 1 1 1 1
01704953 _synset_domain_topic_of 00929718 1 1 1 1 1 1
14557898 _synset_domain_topic_of 06043075 1 1 1 1 1 1
10484858 _synset_domain_topic_of 08441203 1 1 1 1 1 1
05186306 _synset_domain_topic_of 08441203 1 1 1 1 1 1
00607542 _synset_domain_topic_of 03405725 1 1 1 1 1 1
01949674 _synset_domain_topic_of 00815801 1 1 1 1 1 1
03204558 _synset_domain_topic_of 06128570 1 1 1 1 1 1
03762434 _synset_domain_topic_of 06234825 1 1 1 1 1 1
09185440 _synset_domain_topic_of 00704305 1 1 1 1 1 1
04922338 _synset_domain_topic_of 06075527 1 1 1 1 1 1
05828552 _synset_domain_topic_of 06136258 1 1 1 1 1 1
10213429 _synset_domain_topic_of 06136258 1 1 1 1 1 1
08107191 _synset_domain_topic_of 06037666 1 1 1 1 1 1
09798811 _synset_domain_topic_of 06453849 1 1 1 1 1 1
10711483 _synset_domain_topic_of 00523513 1 1 1 1 1 1
10702307 _synset_domain_topic_of 08199025 1 1 1 1 1 1
13537429 _synset_domain_topic_of 00017222 1 1 1 1 1 1
14832193 _synset_domain_topic_of 06079620 1 1 1 1 1 1
01076863 _synset_domain_topic_of 08199025 1 1 1 1 1 1
04978561 _synset_domain_topic_of 06128570 1 1 1 1 1 1
01739263 _synset_domain_topic_of 00911048 1 1 1 1 1 1
05223550 _synset_domain_topic_of 06057539 1 1 1 1 1 1
00981180 _synset_domain_topic_of 08199025 1 1 1 1 1 1
04374735 _synset_domain_topic_of 06232880 1 1 1 1 1 1
00045114 _synset_domain_topic_of 06232880 1 1 1 1 1 1
09513902 _synset_domain_topic_of 15253139 1 1 1 1 1 1
00139586 _synset_domain_topic_of 06084469 0 0 0 0
00744004 _synset_domain_topic_of 01124794 1 1 1 1 1 1
00320536 _synset_domain_topic_of 00243918 1 1 1 1 1 1
15298011 _synset_domain_topic_of 06128570 1 1 1 1 1 1
01190172 _synset_domain_topic_of 08441203 1 1 1 1 1 1
06744154 _synset_domain_topic_of 06169050 1 1 1 1 1 1
00509039 _synset_domain_topic_of 03082979 1 1 1 1 1 1
00529101 _synset_domain_topic_of 00528667 1 1 1 1 1 1
10294139 _synset_domain_topic_of 08199025 0 0 0 0
01476685 _synset_domain_topic_of 06037666 1 1 1 1 1 1
06021247 _synset_domain_topic_of 06018465 1 1 1 1 1 1
00296263 _synset_domain_topic_of 02691156 1 1 1 1 1 1
01949218 _synset_domain_topic_of 00815801 1 1 1 1 1 1
09788237 _synset_domain_topic_of 08441203 1 1 1 1 1 1
00823129 _synset_domain_topic_of 08081668 1 1 1 1 1 1
09246883 _synset_domain_topic_of 06084469 1 1 1 1 1 1
07321517 _synset_domain_topic_of 06236802 1 1 1 1 1 1
09843956 _synset_domain_topic_of 00471613 1 1 1 1 1 1
02150039 _synset_domain_topic_of 06043075 1 1 1 1 1 1
10259780 _synset_domain_topic_of 08199025 1 1 1 1 1 1
03338287 _synset_domain_topic_of 06047430 0 0 0 0
06720371 _synset_domain_topic_of 08441203 1 1 1 1 1 1
