06845599 _member_of_domain_usage 03754979 3 1 1 1 0 1
06845599 _member_of_domain_usage 03587715 3 1 1 1 0 1
08860123 _member_of_domain_usage 01252566 1 1 1 1 1 1
06845599 _member_of_domain_usage 03189995 3 1 1 1 0 1
06845599 _member_of_domain_usage 03739136 3 1 1 1 0 1
07105475 _member_of_domain_usage 15267945 1 1 1 1 1 1
06951067 _member_of_domain_usage 10589243 1 1 1 1 1 1
06295235 _member_of_domain_usage 03825080 1 1 1 1 1 1
06845599 _member_of_domain_usage 04011409 3 1 1 1 0 1
07105475 _member_of_domain_usage 00036580 1 1 1 1 1 1
06717170 _member_of_domain_usage 10076033 0 0 0 0
06845599 _member_of_domain_usage 04090064 3 1 1 1 0 1
07157273 _member_of_domain_usage 13769672 4 1 1 1 0 1
06295235 _member_of_domain_usage 04356056 1 1 1 1 1 1
06295235 _member_of_domain_usage 03688192 1 1 1 1 1 1
07075172 _member_of_domain_usage 08245425 3 1 1 1 0 1
06845599 _member_of_domain_usage 03048094 3 1 1 1 0 1
07124340 _member_of_domain_usage 00846021 0 0 0 0
06845599 _member_of_domain_usage 04135710 3 1 1 1 0 1
06605046 _member_of_domain_usage 00095873 1 1 1 1 1 1
06295235 _member_of_domain_usage 02887489 1 1 1 1 1 1
07075172 _member_of_domain_usage 00144722 3 1 1 1 0 1
06845599 _member_of_domain_usage 04527808 3 1 1 1 0 1
06845599 _member_of_domain_usage 03197804 3 1 1 1 0 1
