08860123 _member_of_domain_region 05688486 2 1 1 1 0 1
08780881 _member_of_domain_region 10595361 1 1 1 1 1 1
08792548 _member_of_domain_region 08011523 1 1 1 1 1 1
08860123 _member_of_domain_region 10513509 0 0 0 0
09044862 _member_of_domain_region 07647496 1 1 1 1 1 1
08860123 _member_of_domain_region 00504844 2 1 1 1 0 1
09044862 _member_of_domain_region 13752911 1 1 1 1 1 1
08792548 _member_of_domain_region 08039312 1 1 1 1 1 1
08860123 _member_of_domain_region 00470966 0 0 0 0
08860123 _member_of_domain_region 05689109 2 1 1 1 0 1
08860123 _member_of_domain_region 10525878 2 1 1 1 0 1
08860123 _member_of_domain_region 03476684 2 1 1 1 0 1
08860123 _member_of_domain_region 13249245 2 1 1 1 0 1
08860123 _member_of_domain_region 10229721 2 1 1 1 0 1
08860123 _member_of_domain_region 05909384 2 1 1 1 0 1
08959683 _member_of_domain_region 08032594 1 1 1 1 1 1
08860123 _member_of_domain_region 07933799 2 1 1 1 0 1
08972521 _member_of_domain_region 10525878 1 1 1 1 1 1
08860123 _member_of_domain_region 10786992 1 1 1 1 1 1
08860123 _member_of_domain_region 03318294 0 0 0 0
08981244 _member_of_domain_region 08011266 1 1 1 1 1 1
08860123 _member_of_domain_region 15138241 2 1 1 1 0 1
08780881 _member_of_domain_region 09542541 1 1 1 1 1 1
08941681 _member_of_domain_region 01271107 1 1 1 1 1 1
08860123 _member_of_domain_region 00292386 2 1 1 1 0 1
08860123 _member_of_domain_region 03415252 2 1 1 1 0 1
