01459242 _part_of 01461646 1 1 1 1 1 1
03902220 _part_of 03918480 1 1 1 1 1 1
03223686 _part_of 03224032 1 1 1 1 1 1
15232712 _part_of 15232406 1 1 1 1 1 1
11432758 _part_of 13850674 1 1 1 1 1 1
09390424 _part_of 09202405 0 0 0 0
02684649 _part_of 04200637 1 1 1 1 1 1
09342729 _part_of 08830456 1 1 1 1 1 1
08718577 _part_of 09189411 1 1 1 1 1 1
08729452 _part_of 08723006 1 1 1 1 1 1
00500280 _part_of 00499924 1 1 1 1 1 1
03327234 _part_of 08514865 1 1 1 1 1 1
08991491 _part_of 08991182 1 1 1 1 1 1
04370456 _part_of 04370774 1 1 1 1 1 1
06394564 _part_of 06536853 1 1 1 1 1 1
03131038 _part_of 03058726 1 1 1 1 1 1
08787878 _part_of 08701942 1 1 1 1 1 1
14019441 _part_of 01460108 1 1 1 1 1 1
09192280 _part_of 09055015 1 1 1 1 1 1
09277686 _part_of 09466280 1 1 1 1 1 1
04182514 _part_of 04497962 1 1 1 1 1 1
08391696 _part_of 08391387 1 1 1 1 1 1
07666521 _part_of 02324850 1 1 1 1 1 1
05511618 _part_of 05216365 1 1 1 1 1 1
09224325 _part_of 09201301 1 1 1 1 1 1
01458302 _part_of 05457469 1 1 1 1 1 1
08610305 _part_of 09108164 1 1 1 1 1 1
09320985 _part_of 09138935 1 1 1 1 1 1
09338712 _part_of 09303647 1 1 1 1 1 1
05296253 _part_of 05461816 1 1 1 1 1 1
09026780 _part_of 09023321 1 1 1 1 1 1
05504107 _part_of 05502556 1 1 1 1 1 1
03531808 _part_of 04404997 1 1 1 1 1 1
02738741 _part_of 02862048 1 1 1 1 1 1
08897065 _part_of 08791167 0 0 0 0
05367735 _part_of 05395690 1 1 1 1 1 1
09235244 _part_of 08831004 1 1 1 1 1 1
08784905 _part_of 09350045 1 1 1 1 1 1
09168707 _part_of 09057311 1 1 1 1 1 1
14083200 _part_of 14086143 1 1 1 1 1 1
08818835 _part_of 08815858 1 1 1 1 1 1
02872529 _part_of 03077958 1 1 1 1 1 1
08896645 _part_of 08897065 1 1 1 1 1 1
03493333 _part_of 03082979 1 1 1 1 1 1
06838652 _part_of 06498569 1 1 1 1 1 1
04188368 _part_of 04194289 1 1 1 1 1 1
08493261 _part_of 09023321 1 1 1 1 1 1
09023118 _part_of 09275473 1 1 1 1 1 1
08944818 _part_of 08929922 1 1 1 1 1 1
13491060 _part_of 13538314 1 1 1 1 1 1
05279026 _part_of 01471682 1 1 1 1 1 1
09353437 _part_of 08849753 1 1 1 1 1 1
09471638 _part_of 09167101 1 1 1 1 1 1
05497363 _part_of 05491612 1 1 1 1 1 1
09188094 _part_of 09198106 1 1 1 1 1 1
03401721 _part_of 03791235 1 1 1 1 1 1
04519887 _part_of 02862048 1 1 1 1 1 1
08726582 _part_of 08725692 1 1 1 1 1 1
13504739 _part_of 13516597 1 1 1 1 1 1
08571139 _part_of 08524735 1 1 1 1 1 1
07781319 _part_of 02624551 1 1 1 1 1 1
01295373 _part_of 01311520 1 1 1 1 1 1
04539648 _part_of 02862048 1 1 1 1 1 1
09418169 _part_of 08766988 1 1 1 1 1 1
07747055 _part_of 12707781 1 1 1 1 1 1
09459114 _part_of 09304164 1 1 1 1 1 1
09211735 _part_of 09211266 1 1 1 1 1 1
09361517 _part_of 09359803 1 1 1 1 1 1
04433585 _part_of 04048075 1 1 1 1 1 1
08808452 _part_of 08808292 1 1 1 1 1 1
04368496 _part_of 03786194 1 1 1 1 1 1
15242599 _part_of 15242719 1 1 1 1 1 1
09169038 _part_of 08910668 1 1 1 1 1 1
08915784 _part_of 08713772 1 1 1 1 1 1
09340203 _part_of 09159003 1 1 1 1 1 1
03996655 _part_of 03997027 1 1 1 1 1 1
08764561 _part_of 09204977 1 1 1 1 1 1
02322712 _part_of 02512053 0 0 0 0
05418717 _part_of 05511618 1 1 1 1 1 1
08858248 _part_of 09209263 1 1 1 1 1 1
06438748 _part_of 06449735 1 1 1 1 1 1
09323221 _part_of 08906952 1 1 1 1 1 1
08846135 _part_of 08845555 1 1 1 1 1 1
08933287 _part_of 08932568 1 1 1 1 1 1
08837864 _part_of 08837552 1 1 1 1 1 1
09130076 _part_of 08564307 2 1 1 1 0 1
03288225 _part_of 04062179 0 0 0 0
08779504 _part_of 09275473 1 1 1 1 1 1
07707451 _part_of 12205694 1 1 1 1 1 1
08755852 _part_of 08756202 1 1 1 1 1 1
09107626 _part_of 09105821 1 1 1 1 1 1
05102101 _part_of 05101815 1 1 1 1 1 1
07817599 _part_of 12021499 1 1 1 1 1 1
09330913 _part_of 09043052 1 1 1 1 1 1
08889191 _part_of 08888676 1 1 1 1 1 1
08917503 _part_of 08916316 1 1 1 1 1 1
08810051 _part_of 08811215 1 1 1 1 1 1
02934168 _part_of 02933990 1 1 1 1 1 1
13650447 _part_of 13660178 1 1 1 1 1 1
05512835 _part_of 05511061 1 1 1 1 1 1
03308853 _part_of 02872752 1 1 1 1 1 1
08742743 _part_of 08740875 0 0 0 0
15279596 _part_of 15279957 1 1 1 1 1 1
03213826 _part_of 03213014 1 1 1 1 1 1
08924238 _part_of 08921850 1 1 1 1 1 1
08586825 _part_of 08550966 1 1 1 1 1 1
15274305 _part_of 00463246 1 1 1 1 1 1
04019101 _part_of 04473432 1 1 1 1 1 1
05545212 _part_of 05219420 1 1 1 1 1 1
08082602 _part_of 08082236 1 1 1 1 1 1
08859173 _part_of 08858248 1 1 1 1 1 1
09007471 _part_of 09006413 1 1 1 1 1 1
03222722 _part_of 03224032 0 0 0 0
03536122 _part_of 03536568 1 1 1 1 1 1
08803883 _part_of 08801678 1 1 1 1 1 1
08143321 _part_of 08139795 1 1 1 1 1 1
08971914 _part_of 09382990 1 1 1 1 1 1
09421191 _part_of 08929922 1 1 1 1 1 1
07822323 _part_of 12358293 0 0 0 0
05479314 _part_of 05600637 1 1 1 1 1 1
15242029 _part_of 15181718 1 1 1 1 1 1
09482916 _part_of 09044862 1 1 1 1 1 1
05539138 _part_of 02472293 1 1 1 1 1 1
05392348 _part_of 05393230 1 1 1 1 1 1
08779830 _part_of 09006413 1 1 1 1 1 1
08792548 _part_of 08791167 1 1 1 1 1 1
03536568 _part_of 04384016 1 1 1 1 1 1
08755436 _part_of 08755214 1 1 1 1 1 1
08857260 _part_of 08853741 1 1 1 1 1 1
13289159 _part_of 13262663 0 0 0 0
08899776 _part_of 08897065 1 1 1 1 1 1
03683708 _part_of 02752311 1 1 1 1 1 1
08855505 _part_of 08853741 1 1 1 1 1 1
02808440 _part_of 02807731 1 1 1 1 1 1
09460888 _part_of 08813978 1 1 1 1 1 1
07580053 _part_of 07573696 1 1 1 1 1 1
08983742 _part_of 08982587 1 1 1 1 1 1
09169801 _part_of 08723006 1 1 1 1 1 1
07787429 _part_of 01957335 1 1 1 1 1 1
09277279 _part_of 09071690 1 1 1 1 1 1
09326299 _part_of 08815046 1 1 1 1 1 1
08923348 _part_of 08921850 1 1 1 1 1 1
08755852 _part_of 08747054 1 1 1 1 1 1
13874384 _part_of 13873502 1 1 1 1 1 1
03207305 _part_of 04039848 1 1 1 1 1 1
02158846 _part_of 02084071 1 1 1 1 1 1
09408977 _part_of 08929922 1 1 1 1 1 1
12576323 _part_of 12576029 1 1 1 1 1 1
09074431 _part_of 09071690 1 1 1 1 1 1
09340935 _part_of 09086173 1 1 1 1 1 1
09009490 _part_of 09006413 1 1 1 1 1 1
08797840 _part_of 08792548 0 0 0 0
05651068 _part_of 05650820 1 1 1 1 1 1
03881893 _part_of 04587648 1 1 1 1 1 1
04357121 _part_of 02958343 1 1 1 1 1 1
09090825 _part_of 09049599 2 1 1 1 0 1
06347996 _part_of 06377442 1 1 1 1 1 1
03138534 _part_of 03497657 1 1 1 1 1 1
11485582 _part_of 11485367 1 1 1 1 1 1
09239740 _part_of 09466280 1 1 1 1 1 1
06447897 _part_of 06453849 1 1 1 1 1 1
15286042 _part_of 00543233 1 1 1 1 1 1
08814664 _part_of 08813978 1 1 1 1 1 1
07764630 _part_of 12501202 1 1 1 1 1 1
05219420 _part_of 09917593 0 0 0 0
