pca confidence count
/m/019y64 /american_football/football_player/former_teams./american_football/football_historical_roster_position/team /m/05g3b 1 1 1 1
/m/03vrv9 /american_football/football_player/former_teams./american_football/football_historical_roster_position/team /m/05l71 1 1 0 1
/m/019y64 /american_football/football_player/former_teams./american_football/football_historical_roster_position/team /m/01jv_6 1 1 0 0
/m/03vrv9 /american_football/football_player/former_teams./american_football/football_historical_roster_position/team /m/05tfm 1 1 1 1
/m/03n69x /american_football/football_player/former_teams./american_football/football_historical_roster_position/team /m/01ct6 1 1 0 1
/m/0444x /american_football/football_player/former_teams./american_football/football_historical_roster_position/team /m/06rpd 1 1 0 0
/m/0234pg /american_football/football_player/former_teams./american_football/football_historical_roster_position/team /m/05l71 1 1 1 1
std confidence count
/m/019y64 /american_football/football_player/former_teams./american_football/football_historical_roster_position/team /m/05g3b 1 1 0 1
/m/03vrv9 /american_football/football_player/former_teams./american_football/football_historical_roster_position/team /m/05l71 1 1 0 1
/m/019y64 /american_football/football_player/former_teams./american_football/football_historical_roster_position/team /m/01jv_6 1 1 0 0
/m/03vrv9 /american_football/football_player/former_teams./american_football/football_historical_roster_position/team /m/05tfm 1 1 0 1
/m/03n69x /american_football/football_player/former_teams./american_football/football_historical_roster_position/team /m/01ct6 1 1 0 1
/m/0444x /american_football/football_player/former_teams./american_football/football_historical_roster_position/team /m/06rpd 1 1 0 1
/m/0234pg /american_football/football_player/former_teams./american_football/football_historical_roster_position/team /m/05l71 1 1 1 1
pca confidence sum
/m/019y64 /american_football/football_player/former_teams./american_football/football_historical_roster_position/team /m/05g3b 1 1 0 1
/m/03vrv9 /american_football/football_player/former_teams./american_football/football_historical_roster_position/team /m/05l71 1 1 0 1
/m/019y64 /american_football/football_player/former_teams./american_football/football_historical_roster_position/team /m/01jv_6 0 0 0 0
/m/03vrv9 /american_football/football_player/former_teams./american_football/football_historical_roster_position/team /m/05tfm 1 1 1 1
/m/03n69x /american_football/football_player/former_teams./american_football/football_historical_roster_position/team /m/01ct6 1 1 0 1
/m/0444x /american_football/football_player/former_teams./american_football/football_historical_roster_position/team /m/06rpd 1 1 0 1
/m/0234pg /american_football/football_player/former_teams./american_football/football_historical_roster_position/team /m/05l71 1 1 1 1
std confidence sum
/m/019y64 /american_football/football_player/former_teams./american_football/football_historical_roster_position/team /m/05g3b 1 1 0 1
/m/03vrv9 /american_football/football_player/former_teams./american_football/football_historical_roster_position/team /m/05l71 1 1 0 1
/m/019y64 /american_football/football_player/former_teams./american_football/football_historical_roster_position/team /m/01jv_6 0 0 0 0
/m/03vrv9 /american_football/football_player/former_teams./american_football/football_historical_roster_position/team /m/05tfm 1 1 1 1
/m/03n69x /american_football/football_player/former_teams./american_football/football_historical_roster_position/team /m/01ct6 1 1 0 1
/m/0444x /american_football/football_player/former_teams./american_football/football_historical_roster_position/team /m/06rpd 1 1 0 1
/m/0234pg /american_football/football_player/former_teams./american_football/football_historical_roster_position/team /m/05l71 1 1 1 1
