pca confidence count
/m/01tgwv /award/award_category/disciplines_or_subjects /m/06n90 1 1 0 1
/m/0265vt /award/award_category/disciplines_or_subjects /m/02xlf 1 1 0 1
/m/04686_j /award/award_category/disciplines_or_subjects /m/04g51 1 1 0 1
/m/0265wl /award/award_category/disciplines_or_subjects /m/0707q 1 1 0 1
/m/01tgwv /award/award_category/disciplines_or_subjects /m/02xlf 1 1 0 1
/m/01bb1c /award/award_category/disciplines_or_subjects /m/02xlf 1 1 0 1
/m/0262zm /award/award_category/disciplines_or_subjects /m/01hmnh 1 1 0 1
/m/0fm3kw /award/award_category/disciplines_or_subjects /m/02vxn 1 1 0 1
/m/01cdjp /award/award_category/disciplines_or_subjects /m/0dwly 1 1 1 1
/m/0223xd /award/award_category/disciplines_or_subjects /m/04g51 1 1 0 1
/m/058bzgm /award/award_category/disciplines_or_subjects /m/01hmnh 1 1 0 1
/m/040vk98 /award/award_category/disciplines_or_subjects /m/04g51 1 1 0 1
/m/04dn09n /award/award_category/disciplines_or_subjects /m/02vxn 1 1 0 0
/m/04686_j /award/award_category/disciplines_or_subjects /m/06n90 1 1 0 1
/m/0776h1v /award/award_category/disciplines_or_subjects /m/02vxn 1 1 1 1
/m/0fm3nb /award/award_category/disciplines_or_subjects /m/02vxn 1 1 0 1
/m/058bzgm /award/award_category/disciplines_or_subjects /m/03npn 1 1 0 1
std confidence count
/m/01tgwv /award/award_category/disciplines_or_subjects /m/06n90 1 1 0 1
/m/0265vt /award/award_category/disciplines_or_subjects /m/02xlf 1 1 0 1
/m/04686_j /award/award_category/disciplines_or_subjects /m/04g51 1 1 0 1
/m/0265wl /award/award_category/disciplines_or_subjects /m/0707q 1 1 0 1
/m/01tgwv /award/award_category/disciplines_or_subjects /m/02xlf 1 1 0 1
/m/01bb1c /award/award_category/disciplines_or_subjects /m/02xlf 1 1 0 1
/m/0262zm /award/award_category/disciplines_or_subjects /m/01hmnh 1 1 0 1
/m/0fm3kw /award/award_category/disciplines_or_subjects /m/02vxn 1 1 0 1
/m/01cdjp /award/award_category/disciplines_or_subjects /m/0dwly 1 1 1 1
/m/0223xd /award/award_category/disciplines_or_subjects /m/04g51 1 1 0 1
/m/058bzgm /award/award_category/disciplines_or_subjects /m/01hmnh 1 1 0 1
/m/040vk98 /award/award_category/disciplines_or_subjects /m/04g51 1 1 0 1
/m/04dn09n /award/award_category/disciplines_or_subjects /m/02vxn 1 1 1 1
/m/04686_j /award/award_category/disciplines_or_subjects /m/06n90 1 1 0 1
/m/0776h1v /award/award_category/disciplines_or_subjects /m/02vxn 1 1 1 1
/m/0fm3nb /award/award_category/disciplines_or_subjects /m/02vxn 1 1 0 1
/m/058bzgm /award/award_category/disciplines_or_subjects /m/03npn 1 1 0 1
pca confidence sum
/m/01tgwv /award/award_category/disciplines_or_subjects /m/06n90 1 1 0 1
/m/0265vt /award/award_category/disciplines_or_subjects /m/02xlf 1 1 0 1
/m/04686_j /award/award_category/disciplines_or_subjects /m/04g51 1 1 0 1
/m/0265wl /award/award_category/disciplines_or_subjects /m/0707q 1 1 0 0
/m/01tgwv /award/award_category/disciplines_or_subjects /m/02xlf 1 1 0 1
/m/01bb1c /award/award_category/disciplines_or_subjects /m/02xlf 1 1 0 1
/m/0262zm /award/award_category/disciplines_or_subjects /m/01hmnh 1 1 0 1
/m/0fm3kw /award/award_category/disciplines_or_subjects /m/02vxn 1 1 1 1
/m/01cdjp /award/award_category/disciplines_or_subjects /m/0dwly 1 1 1 1
/m/0223xd /award/award_category/disciplines_or_subjects /m/04g51 1 1 0 1
/m/058bzgm /award/award_category/disciplines_or_subjects /m/01hmnh 1 1 0 1
/m/040vk98 /award/award_category/disciplines_or_subjects /m/04g51 1 1 1 1
/m/04dn09n /award/award_category/disciplines_or_subjects /m/02vxn 1 1 1 1
/m/04686_j /award/award_category/disciplines_or_subjects /m/06n90 1 1 0 1
/m/0776h1v /award/award_category/disciplines_or_subjects /m/02vxn 1 1 1 1
/m/0fm3nb /award/award_category/disciplines_or_subjects /m/02vxn 1 1 1 1
/m/058bzgm /award/award_category/disciplines_or_subjects /m/03npn 1 1 0 0
std confidence sum
/m/01tgwv /award/award_category/disciplines_or_subjects /m/06n90 1 1 0 1
/m/0265vt /award/award_category/disciplines_or_subjects /m/02xlf 1 1 0 1
/m/04686_j /award/award_category/disciplines_or_subjects /m/04g51 1 1 0 1
/m/0265wl /award/award_category/disciplines_or_subjects /m/0707q 1 1 0 0
/m/01tgwv /award/award_category/disciplines_or_subjects /m/02xlf 1 1 0 1
/m/01bb1c /award/award_category/disciplines_or_subjects /m/02xlf 1 1 0 1
/m/0262zm /award/award_category/disciplines_or_subjects /m/01hmnh 1 1 0 1
/m/0fm3kw /award/award_category/disciplines_or_subjects /m/02vxn 1 1 1 1
/m/01cdjp /award/award_category/disciplines_or_subjects /m/0dwly 1 1 1 1
/m/0223xd /award/award_category/disciplines_or_subjects /m/04g51 1 1 0 1
/m/058bzgm /award/award_category/disciplines_or_subjects /m/01hmnh 1 1 0 1
/m/040vk98 /award/award_category/disciplines_or_subjects /m/04g51 1 1 0 1
/m/04dn09n /award/award_category/disciplines_or_subjects /m/02vxn 1 1 1 1
/m/04686_j /award/award_category/disciplines_or_subjects /m/06n90 1 1 0 1
/m/0776h1v /award/award_category/disciplines_or_subjects /m/02vxn 1 1 1 1
/m/0fm3nb /award/award_category/disciplines_or_subjects /m/02vxn 1 1 1 1
/m/058bzgm /award/award_category/disciplines_or_subjects /m/03npn 1 1 0 0
