pca confidence count
/m/02hcxm /award/award_presenting_organization/award_categories_presented /m/020qjg 1 1 1 1
/m/09xwz /award/award_presenting_organization/award_categories_presented /m/0gr4k 1 1 0 1
/m/04l8xw /award/award_presenting_organization/award_categories_presented /m/0bdwqv 0 1 0 0
/m/09xwz /award/award_presenting_organization/award_categories_presented /m/0k611 1 1 0 1
/m/09xwz /award/award_presenting_organization/award_categories_presented /m/0gq_v 0 1 0 0
/m/04l8xw /award/award_presenting_organization/award_categories_presented /m/02p_04b 0 0 0 0
/m/04l8xw /award/award_presenting_organization/award_categories_presented /m/0bdx29 0 1 0 1
/m/04l8xw /award/award_presenting_organization/award_categories_presented /m/0bdwft 0 1 0 0
/m/04rqd /award/award_presenting_organization/award_categories_presented /m/05zrvfd 0 0 0 0
/m/04l8xw /award/award_presenting_organization/award_categories_presented /m/07z2lx 0 0 0 0
std confidence count
/m/02hcxm /award/award_presenting_organization/award_categories_presented /m/020qjg 1 1 1 1
/m/09xwz /award/award_presenting_organization/award_categories_presented /m/0gr4k 0 1 0 1
/m/04l8xw /award/award_presenting_organization/award_categories_presented /m/0bdwqv 0 1 0 0
/m/09xwz /award/award_presenting_organization/award_categories_presented /m/0k611 0 1 0 1
/m/09xwz /award/award_presenting_organization/award_categories_presented /m/0gq_v 0 1 0 1
/m/04l8xw /award/award_presenting_organization/award_categories_presented /m/02p_04b 0 1 0 1
/m/04l8xw /award/award_presenting_organization/award_categories_presented /m/0bdx29 0 1 0 1
/m/04l8xw /award/award_presenting_organization/award_categories_presented /m/0bdwft 0 1 0 0
/m/04rqd /award/award_presenting_organization/award_categories_presented /m/05zrvfd 1 1 0 1
/m/04l8xw /award/award_presenting_organization/award_categories_presented /m/07z2lx 0 1 0 0
pca confidence sum
/m/02hcxm /award/award_presenting_organization/award_categories_presented /m/020qjg 1 1 1 1
/m/09xwz /award/award_presenting_organization/award_categories_presented /m/0gr4k 1 1 0 1
/m/04l8xw /award/award_presenting_organization/award_categories_presented /m/0bdwqv 0 1 0 0
/m/09xwz /award/award_presenting_organization/award_categories_presented /m/0k611 1 1 0 1
/m/09xwz /award/award_presenting_organization/award_categories_presented /m/0gq_v 0 1 0 0
/m/04l8xw /award/award_presenting_organization/award_categories_presented /m/02p_04b 0 1 0 0
/m/04l8xw /award/award_presenting_organization/award_categories_presented /m/0bdx29 0 1 0 1
/m/04l8xw /award/award_presenting_organization/award_categories_presented /m/0bdwft 0 1 0 0
/m/04rqd /award/award_presenting_organization/award_categories_presented /m/05zrvfd 0 0 0 0
/m/04l8xw /award/award_presenting_organization/award_categories_presented /m/07z2lx 0 0 0 0
std confidence sum
/m/02hcxm /award/award_presenting_organization/award_categories_presented /m/020qjg 1 1 1 1
/m/09xwz /award/award_presenting_organization/award_categories_presented /m/0gr4k 1 1 0 1
/m/04l8xw /award/award_presenting_organization/award_categories_presented /m/0bdwqv 0 1 0 0
/m/09xwz /award/award_presenting_organization/award_categories_presented /m/0k611 1 1 0 1
/m/09xwz /award/award_presenting_organization/award_categories_presented /m/0gq_v 1 1 0 1
/m/04l8xw /award/award_presenting_organization/award_categories_presented /m/02p_04b 0 1 0 0
/m/04l8xw /award/award_presenting_organization/award_categories_presented /m/0bdx29 0 1 0 1
/m/04l8xw /award/award_presenting_organization/award_categories_presented /m/0bdwft 0 1 0 0
/m/04rqd /award/award_presenting_organization/award_categories_presented /m/05zrvfd 0 0 0 0
/m/04l8xw /award/award_presenting_organization/award_categories_presented /m/07z2lx 0 0 0 0
