pca confidence count
/m/01ptsx /award/ranked_list/ranked_list_items./award/ranking/item /m/04sv4 0 0 0 0
/m/01ptsx /award/ranked_list/ranked_list_items./award/ranking/item /m/01tmng 0 0 0 0
/m/01ptsx /award/ranked_list/ranked_list_items./award/ranking/item /m/01hlwv 1 1 0 1
/m/09g7thr /award/ranked_list/ranked_list_items./award/ranking/item /m/014d4v 0 0 0 0
/m/09g7thr /award/ranked_list/ranked_list_items./award/ranking/item /m/01jssp 0 1 0 0
/m/05glt /award/ranked_list/ranked_list_items./award/ranking/item /m/0bt4g 0 0 0 0
/m/05glt /award/ranked_list/ranked_list_items./award/ranking/item /m/0c5dd 0 0 0 0
/m/04k4rt /award/ranked_list/ranked_list_items./award/ranking/item /m/01frpd 0 1 0 0
/m/026cl_m /award/ranked_list/ranked_list_items./award/ranking/item /m/0j1yf 0 0 0 0
/m/05glt /award/ranked_list/ranked_list_items./award/ranking/item /m/01bjbk 0 0 0 0
/m/04k4rt /award/ranked_list/ranked_list_items./award/ranking/item /m/0l8sx 0 1 0 0
/m/09g7thr /award/ranked_list/ranked_list_items./award/ranking/item /m/03ksy 1 1 0 1
/m/026cl_m /award/ranked_list/ranked_list_items./award/ranking/item /m/03f77 0 0 0 0
/m/04k4rt /award/ranked_list/ranked_list_items./award/ranking/item /m/0gvbw 0 1 0 0
/m/09g7thr /award/ranked_list/ranked_list_items./award/ranking/item /m/019q50 0 0 0 0
/m/01ptsx /award/ranked_list/ranked_list_items./award/ranking/item /m/0dmtp 0 0 0 0
/m/01pd60 /award/ranked_list/ranked_list_items./award/ranking/item /m/03sc8 0 1 0 0
/m/01ptsx /award/ranked_list/ranked_list_items./award/ranking/item /m/02630g 0 0 0 0
/m/09g7thr /award/ranked_list/ranked_list_items./award/ranking/item /m/0bwfn 1 1 0 1
/m/026cl_m /award/ranked_list/ranked_list_items./award/ranking/item /m/046lt 0 0 0 0
/m/01ptsx /award/ranked_list/ranked_list_items./award/ranking/item /m/03y7ml 0 0 0 0
/m/04k4rt /award/ranked_list/ranked_list_items./award/ranking/item /m/01hlwv 0 1 0 0
/m/01ptsx /award/ranked_list/ranked_list_items./award/ranking/item /m/0k8z 0 0 0 0
/m/09g7thr /award/ranked_list/ranked_list_items./award/ranking/item /m/01bcwk 0 0 0 0
/m/026cl_m /award/ranked_list/ranked_list_items./award/ranking/item /m/08f3b1 0 0 0 0
/m/01ptsx /award/ranked_list/ranked_list_items./award/ranking/item /m/06py2 0 0 0 0
/m/04k4rt /award/ranked_list/ranked_list_items./award/ranking/item /m/03phgz 0 1 0 0
/m/04k4rt /award/ranked_list/ranked_list_items./award/ranking/item /m/0841v 0 1 0 0
/m/04k4rt /award/ranked_list/ranked_list_items./award/ranking/item /m/01_bp 0 1 0 0
/m/05glt /award/ranked_list/ranked_list_items./award/ranking/item /m/0p9tm 0 0 0 0
/m/04k4rt /award/ranked_list/ranked_list_items./award/ranking/item /m/06q07 0 1 0 0
/m/05glt /award/ranked_list/ranked_list_items./award/ranking/item /m/0fy66 0 0 0 0
/m/05glt /award/ranked_list/ranked_list_items./award/ranking/item /m/0k5g9 0 0 0 0
/m/09g7thr /award/ranked_list/ranked_list_items./award/ranking/item /m/07wrz 0 1 0 0
/m/0dlj8q2 /award/ranked_list/ranked_list_items./award/ranking/item /m/07bz5 1 1 1 1
/m/01ptsx /award/ranked_list/ranked_list_items./award/ranking/item /m/0mgkg 0 0 0 0
/m/05glt /award/ranked_list/ranked_list_items./award/ranking/item /m/0gw7p 0 0 0 0
/m/05glt /award/ranked_list/ranked_list_items./award/ranking/item /m/0bm2g 0 0 0 0
/m/09g7thr /award/ranked_list/ranked_list_items./award/ranking/item /m/05krk 0 1 0 0
/m/09g7thr /award/ranked_list/ranked_list_items./award/ranking/item /m/07tgn 0 1 0 0
/m/05glt /award/ranked_list/ranked_list_items./award/ranking/item /m/0h6r5 0 0 0 0
/m/04k4rt /award/ranked_list/ranked_list_items./award/ranking/item /m/01yx7f 0 1 0 0
/m/09g7thr /award/ranked_list/ranked_list_items./award/ranking/item /m/05zl0 0 1 0 0
/m/01pd60 /award/ranked_list/ranked_list_items./award/ranking/item /m/0cv9b 0 1 0 0
/m/01ptsx /award/ranked_list/ranked_list_items./award/ranking/item /m/08z129 0 0 0 0
/m/05glt /award/ranked_list/ranked_list_items./award/ranking/item /m/0hfzr 1 1 0 0
/m/01ptsx /award/ranked_list/ranked_list_items./award/ranking/item /m/0hkqn 0 0 0 0
/m/01ptsx /award/ranked_list/ranked_list_items./award/ranking/item /m/0168nq 0 0 0 0
/m/05glt /award/ranked_list/ranked_list_items./award/ranking/item /m/0cy__l 0 0 0 0
/m/05glt /award/ranked_list/ranked_list_items./award/ranking/item /m/0bykpk 0 0 0 0
/m/01ptsx /award/ranked_list/ranked_list_items./award/ranking/item /m/0k9ts 0 0 0 0
std confidence count
/m/01ptsx /award/ranked_list/ranked_list_items./award/ranking/item /m/04sv4 0 1 0 0
/m/01ptsx /award/ranked_list/ranked_list_items./award/ranking/item /m/01tmng 0 1 0 0
/m/01ptsx /award/ranked_list/ranked_list_items./award/ranking/item /m/01hlwv 1 1 0 0
/m/09g7thr /award/ranked_list/ranked_list_items./award/ranking/item /m/014d4v 0 1 0 0
/m/09g7thr /award/ranked_list/ranked_list_items./award/ranking/item /m/01jssp 0 1 0 0
/m/05glt /award/ranked_list/ranked_list_items./award/ranking/item /m/0bt4g 0 1 0 0
/m/05glt /award/ranked_list/ranked_list_items./award/ranking/item /m/0c5dd 0 1 0 0
/m/04k4rt /award/ranked_list/ranked_list_items./award/ranking/item /m/01frpd 0 1 0 1
/m/026cl_m /award/ranked_list/ranked_list_items./award/ranking/item /m/0j1yf 0 0 0 0
/m/05glt /award/ranked_list/ranked_list_items./award/ranking/item /m/01bjbk 0 1 0 0
/m/04k4rt /award/ranked_list/ranked_list_items./award/ranking/item /m/0l8sx 0 1 0 1
/m/09g7thr /award/ranked_list/ranked_list_items./award/ranking/item /m/03ksy 0 1 0 0
/m/026cl_m /award/ranked_list/ranked_list_items./award/ranking/item /m/03f77 0 1 0 1
/m/04k4rt /award/ranked_list/ranked_list_items./award/ranking/item /m/0gvbw 0 1 0 1
/m/09g7thr /award/ranked_list/ranked_list_items./award/ranking/item /m/019q50 0 1 0 0
/m/01ptsx /award/ranked_list/ranked_list_items./award/ranking/item /m/0dmtp 0 1 0 0
/m/01pd60 /award/ranked_list/ranked_list_items./award/ranking/item /m/03sc8 1 1 0 1
/m/01ptsx /award/ranked_list/ranked_list_items./award/ranking/item /m/02630g 0 1 0 0
/m/09g7thr /award/ranked_list/ranked_list_items./award/ranking/item /m/0bwfn 0 1 0 0
/m/026cl_m /award/ranked_list/ranked_list_items./award/ranking/item /m/046lt 0 1 0 1
/m/01ptsx /award/ranked_list/ranked_list_items./award/ranking/item /m/03y7ml 0 1 0 0
/m/04k4rt /award/ranked_list/ranked_list_items./award/ranking/item /m/01hlwv 0 0 0 0
/m/01ptsx /award/ranked_list/ranked_list_items./award/ranking/item /m/0k8z 0 1 0 0
/m/09g7thr /award/ranked_list/ranked_list_items./award/ranking/item /m/01bcwk 0 0 0 0
/m/026cl_m /award/ranked_list/ranked_list_items./award/ranking/item /m/08f3b1 1 1 0 1
/m/01ptsx /award/ranked_list/ranked_list_items./award/ranking/item /m/06py2 0 1 0 0
/m/04k4rt /award/ranked_list/ranked_list_items./award/ranking/item /m/03phgz 0 1 0 1
/m/04k4rt /award/ranked_list/ranked_list_items./award/ranking/item /m/0841v 0 1 0 1
/m/04k4rt /award/ranked_list/ranked_list_items./award/ranking/item /m/01_bp 0 1 0 1
/m/05glt /award/ranked_list/ranked_list_items./award/ranking/item /m/0p9tm 0 1 0 0
/m/04k4rt /award/ranked_list/ranked_list_items./award/ranking/item /m/06q07 0 1 0 1
/m/05glt /award/ranked_list/ranked_list_items./award/ranking/item /m/0fy66 0 1 0 0
/m/05glt /award/ranked_list/ranked_list_items./award/ranking/item /m/0k5g9 0 1 0 0
/m/09g7thr /award/ranked_list/ranked_list_items./award/ranking/item /m/07wrz 0 1 0 0
/m/0dlj8q2 /award/ranked_list/ranked_list_items./award/ranking/item /m/07bz5 1 1 1 1
/m/01ptsx /award/ranked_list/ranked_list_items./award/ranking/item /m/0mgkg 0 1 0 0
/m/05glt /award/ranked_list/ranked_list_items./award/ranking/item /m/0gw7p 0 1 0 0
/m/05glt /award/ranked_list/ranked_list_items./award/ranking/item /m/0bm2g 0 1 0 0
/m/09g7thr /award/ranked_list/ranked_list_items./award/ranking/item /m/05krk 0 1 0 0
/m/09g7thr /award/ranked_list/ranked_list_items./award/ranking/item /m/07tgn 0 1 0 0
/m/05glt /award/ranked_list/ranked_list_items./award/ranking/item /m/0h6r5 0 1 0 0
/m/04k4rt /award/ranked_list/ranked_list_items./award/ranking/item /m/01yx7f 0 1 0 1
/m/09g7thr /award/ranked_list/ranked_list_items./award/ranking/item /m/05zl0 0 1 0 0
/m/01pd60 /award/ranked_list/ranked_list_items./award/ranking/item /m/0cv9b 0 1 0 1
/m/01ptsx /award/ranked_list/ranked_list_items./award/ranking/item /m/08z129 0 1 0 0
/m/05glt /award/ranked_list/ranked_list_items./award/ranking/item /m/0hfzr 0 1 0 0
/m/01ptsx /award/ranked_list/ranked_list_items./award/ranking/item /m/0hkqn 0 1 0 0
/m/01ptsx /award/ranked_list/ranked_list_items./award/ranking/item /m/0168nq 0 1 0 0
/m/05glt /award/ranked_list/ranked_list_items./award/ranking/item /m/0cy__l 0 0 0 0
/m/05glt /award/ranked_list/ranked_list_items./award/ranking/item /m/0bykpk 0 1 0 0
/m/01ptsx /award/ranked_list/ranked_list_items./award/ranking/item /m/0k9ts 0 1 0 0
pca confidence sum
/m/01ptsx /award/ranked_list/ranked_list_items./award/ranking/item /m/04sv4 1 1 0 1
/m/01ptsx /award/ranked_list/ranked_list_items./award/ranking/item /m/01tmng 0 0 0 0
/m/01ptsx /award/ranked_list/ranked_list_items./award/ranking/item /m/01hlwv 0 1 0 0
/m/09g7thr /award/ranked_list/ranked_list_items./award/ranking/item /m/014d4v 0 0 0 0
/m/09g7thr /award/ranked_list/ranked_list_items./award/ranking/item /m/01jssp 0 1 0 0
/m/05glt /award/ranked_list/ranked_list_items./award/ranking/item /m/0bt4g 0 0 0 0
/m/05glt /award/ranked_list/ranked_list_items./award/ranking/item /m/0c5dd 0 0 0 0
/m/04k4rt /award/ranked_list/ranked_list_items./award/ranking/item /m/01frpd 0 0 0 0
/m/026cl_m /award/ranked_list/ranked_list_items./award/ranking/item /m/0j1yf 0 0 0 0
/m/05glt /award/ranked_list/ranked_list_items./award/ranking/item /m/01bjbk 0 0 0 0
/m/04k4rt /award/ranked_list/ranked_list_items./award/ranking/item /m/0l8sx 0 1 0 0
/m/09g7thr /award/ranked_list/ranked_list_items./award/ranking/item /m/03ksy 1 1 0 1
/m/026cl_m /award/ranked_list/ranked_list_items./award/ranking/item /m/03f77 0 0 0 0
/m/04k4rt /award/ranked_list/ranked_list_items./award/ranking/item /m/0gvbw 0 1 0 0
/m/09g7thr /award/ranked_list/ranked_list_items./award/ranking/item /m/019q50 0 0 0 0
/m/01ptsx /award/ranked_list/ranked_list_items./award/ranking/item /m/0dmtp 0 1 0 1
/m/01pd60 /award/ranked_list/ranked_list_items./award/ranking/item /m/03sc8 0 1 0 1
/m/01ptsx /award/ranked_list/ranked_list_items./award/ranking/item /m/02630g 0 1 0 0
/m/09g7thr /award/ranked_list/ranked_list_items./award/ranking/item /m/0bwfn 1 1 0 1
/m/026cl_m /award/ranked_list/ranked_list_items./award/ranking/item /m/046lt 0 0 0 0
/m/01ptsx /award/ranked_list/ranked_list_items./award/ranking/item /m/03y7ml 0 1 0 0
/m/04k4rt /award/ranked_list/ranked_list_items./award/ranking/item /m/01hlwv 0 1 0 0
/m/01ptsx /award/ranked_list/ranked_list_items./award/ranking/item /m/0k8z 0 1 0 0
/m/09g7thr /award/ranked_list/ranked_list_items./award/ranking/item /m/01bcwk 0 0 0 0
/m/026cl_m /award/ranked_list/ranked_list_items./award/ranking/item /m/08f3b1 0 0 0 0
/m/01ptsx /award/ranked_list/ranked_list_items./award/ranking/item /m/06py2 0 1 0 0
/m/04k4rt /award/ranked_list/ranked_list_items./award/ranking/item /m/03phgz 0 0 0 0
/m/04k4rt /award/ranked_list/ranked_list_items./award/ranking/item /m/0841v 0 1 0 0
/m/04k4rt /award/ranked_list/ranked_list_items./award/ranking/item /m/01_bp 0 0 0 0
/m/05glt /award/ranked_list/ranked_list_items./award/ranking/item /m/0p9tm 0 0 0 0
/m/04k4rt /award/ranked_list/ranked_list_items./award/ranking/item /m/06q07 0 0 0 0
/m/05glt /award/ranked_list/ranked_list_items./award/ranking/item /m/0fy66 0 0 0 0
/m/05glt /award/ranked_list/ranked_list_items./award/ranking/item /m/0k5g9 0 0 0 0
/m/09g7thr /award/ranked_list/ranked_list_items./award/ranking/item /m/07wrz 0 1 0 0
/m/0dlj8q2 /award/ranked_list/ranked_list_items./award/ranking/item /m/07bz5 1 1 1 1
/m/01ptsx /award/ranked_list/ranked_list_items./award/ranking/item /m/0mgkg 0 1 0 0
/m/05glt /award/ranked_list/ranked_list_items./award/ranking/item /m/0gw7p 0 0 0 0
/m/05glt /award/ranked_list/ranked_list_items./award/ranking/item /m/0bm2g 0 0 0 0
/m/09g7thr /award/ranked_list/ranked_list_items./award/ranking/item /m/05krk 0 1 0 0
/m/09g7thr /award/ranked_list/ranked_list_items./award/ranking/item /m/07tgn 0 1 0 0
/m/05glt /award/ranked_list/ranked_list_items./award/ranking/item /m/0h6r5 0 0 0 0
/m/04k4rt /award/ranked_list/ranked_list_items./award/ranking/item /m/01yx7f 0 1 0 0
/m/09g7thr /award/ranked_list/ranked_list_items./award/ranking/item /m/05zl0 0 1 0 0
/m/01pd60 /award/ranked_list/ranked_list_items./award/ranking/item /m/0cv9b 0 0 0 0
/m/01ptsx /award/ranked_list/ranked_list_items./award/ranking/item /m/08z129 1 1 0 1
/m/05glt /award/ranked_list/ranked_list_items./award/ranking/item /m/0hfzr 1 1 0 0
/m/01ptsx /award/ranked_list/ranked_list_items./award/ranking/item /m/0hkqn 0 1 0 0
/m/01ptsx /award/ranked_list/ranked_list_items./award/ranking/item /m/0168nq 0 1 0 0
/m/05glt /award/ranked_list/ranked_list_items./award/ranking/item /m/0cy__l 0 0 0 0
/m/05glt /award/ranked_list/ranked_list_items./award/ranking/item /m/0bykpk 0 0 0 0
/m/01ptsx /award/ranked_list/ranked_list_items./award/ranking/item /m/0k9ts 0 1 0 0
std confidence sum
/m/01ptsx /award/ranked_list/ranked_list_items./award/ranking/item /m/04sv4 1 1 0 1
/m/01ptsx /award/ranked_list/ranked_list_items./award/ranking/item /m/01tmng 0 1 0 0
/m/01ptsx /award/ranked_list/ranked_list_items./award/ranking/item /m/01hlwv 0 1 0 0
/m/09g7thr /award/ranked_list/ranked_list_items./award/ranking/item /m/014d4v 0 0 0 0
/m/09g7thr /award/ranked_list/ranked_list_items./award/ranking/item /m/01jssp 0 1 0 0
/m/05glt /award/ranked_list/ranked_list_items./award/ranking/item /m/0bt4g 0 0 0 0
/m/05glt /award/ranked_list/ranked_list_items./award/ranking/item /m/0c5dd 0 0 0 0
/m/04k4rt /award/ranked_list/ranked_list_items./award/ranking/item /m/01frpd 0 0 0 0
/m/026cl_m /award/ranked_list/ranked_list_items./award/ranking/item /m/0j1yf 0 0 0 0
/m/05glt /award/ranked_list/ranked_list_items./award/ranking/item /m/01bjbk 0 0 0 0
/m/04k4rt /award/ranked_list/ranked_list_items./award/ranking/item /m/0l8sx 0 1 0 0
/m/09g7thr /award/ranked_list/ranked_list_items./award/ranking/item /m/03ksy 1 1 0 1
/m/026cl_m /award/ranked_list/ranked_list_items./award/ranking/item /m/03f77 1 1 0 1
/m/04k4rt /award/ranked_list/ranked_list_items./award/ranking/item /m/0gvbw 0 1 0 0
/m/09g7thr /award/ranked_list/ranked_list_items./award/ranking/item /m/019q50 0 0 0 0
/m/01ptsx /award/ranked_list/ranked_list_items./award/ranking/item /m/0dmtp 1 1 0 1
/m/01pd60 /award/ranked_list/ranked_list_items./award/ranking/item /m/03sc8 1 1 0 1
/m/01ptsx /award/ranked_list/ranked_list_items./award/ranking/item /m/02630g 0 1 0 0
/m/09g7thr /award/ranked_list/ranked_list_items./award/ranking/item /m/0bwfn 0 1 0 1
/m/026cl_m /award/ranked_list/ranked_list_items./award/ranking/item /m/046lt 0 1 0 0
/m/01ptsx /award/ranked_list/ranked_list_items./award/ranking/item /m/03y7ml 0 1 0 0
/m/04k4rt /award/ranked_list/ranked_list_items./award/ranking/item /m/01hlwv 0 1 0 0
/m/01ptsx /award/ranked_list/ranked_list_items./award/ranking/item /m/0k8z 0 1 0 0
/m/09g7thr /award/ranked_list/ranked_list_items./award/ranking/item /m/01bcwk 0 0 0 0
/m/026cl_m /award/ranked_list/ranked_list_items./award/ranking/item /m/08f3b1 0 1 0 0
/m/01ptsx /award/ranked_list/ranked_list_items./award/ranking/item /m/06py2 0 1 0 0
/m/04k4rt /award/ranked_list/ranked_list_items./award/ranking/item /m/03phgz 0 1 0 0
/m/04k4rt /award/ranked_list/ranked_list_items./award/ranking/item /m/0841v 0 1 0 0
/m/04k4rt /award/ranked_list/ranked_list_items./award/ranking/item /m/01_bp 0 0 0 0
/m/05glt /award/ranked_list/ranked_list_items./award/ranking/item /m/0p9tm 0 0 0 0
/m/04k4rt /award/ranked_list/ranked_list_items./award/ranking/item /m/06q07 0 0 0 0
/m/05glt /award/ranked_list/ranked_list_items./award/ranking/item /m/0fy66 0 0 0 0
/m/05glt /award/ranked_list/ranked_list_items./award/ranking/item /m/0k5g9 0 0 0 0
/m/09g7thr /award/ranked_list/ranked_list_items./award/ranking/item /m/07wrz 0 1 0 1
/m/0dlj8q2 /award/ranked_list/ranked_list_items./award/ranking/item /m/07bz5 1 1 1 1
/m/01ptsx /award/ranked_list/ranked_list_items./award/ranking/item /m/0mgkg 0 1 0 0
/m/05glt /award/ranked_list/ranked_list_items./award/ranking/item /m/0gw7p 0 0 0 0
/m/05glt /award/ranked_list/ranked_list_items./award/ranking/item /m/0bm2g 0 0 0 0
/m/09g7thr /award/ranked_list/ranked_list_items./award/ranking/item /m/05krk 0 1 0 0
/m/09g7thr /award/ranked_list/ranked_list_items./award/ranking/item /m/07tgn 0 1 0 0
/m/05glt /award/ranked_list/ranked_list_items./award/ranking/item /m/0h6r5 0 0 0 0
/m/04k4rt /award/ranked_list/ranked_list_items./award/ranking/item /m/01yx7f 0 1 0 0
/m/09g7thr /award/ranked_list/ranked_list_items./award/ranking/item /m/05zl0 0 1 0 0
/m/01pd60 /award/ranked_list/ranked_list_items./award/ranking/item /m/0cv9b 0 1 0 0
/m/01ptsx /award/ranked_list/ranked_list_items./award/ranking/item /m/08z129 1 1 0 1
/m/05glt /award/ranked_list/ranked_list_items./award/ranking/item /m/0hfzr 1 1 0 1
/m/01ptsx /award/ranked_list/ranked_list_items./award/ranking/item /m/0hkqn 0 1 0 0
/m/01ptsx /award/ranked_list/ranked_list_items./award/ranking/item /m/0168nq 0 1 0 0
/m/05glt /award/ranked_list/ranked_list_items./award/ranking/item /m/0cy__l 0 0 0 0
/m/05glt /award/ranked_list/ranked_list_items./award/ranking/item /m/0bykpk 0 0 0 0
/m/01ptsx /award/ranked_list/ranked_list_items./award/ranking/item /m/0k9ts 0 1 0 1
