pca confidence count
/m/025hl8 /base/bioventurist/bv_medical_condition/company_involved /m/01_lh1 1 1 1 1
/m/0qcr0 /base/bioventurist/bv_medical_condition/company_involved /m/01_lh1 1 1 0 1
/m/02k6hp /base/bioventurist/bv_medical_condition/company_involved /m/01_lh1 1 1 1 1
/m/0m32h /base/bioventurist/bv_medical_condition/company_involved /m/04f0xq 1 1 0 1
std confidence count
/m/025hl8 /base/bioventurist/bv_medical_condition/company_involved /m/01_lh1 1 1 1 1
/m/0qcr0 /base/bioventurist/bv_medical_condition/company_involved /m/01_lh1 1 1 0 1
/m/02k6hp /base/bioventurist/bv_medical_condition/company_involved /m/01_lh1 1 1 1 1
/m/0m32h /base/bioventurist/bv_medical_condition/company_involved /m/04f0xq 1 1 0 1
pca confidence sum
/m/025hl8 /base/bioventurist/bv_medical_condition/company_involved /m/01_lh1 1 1 1 1
/m/0qcr0 /base/bioventurist/bv_medical_condition/company_involved /m/01_lh1 1 1 0 1
/m/02k6hp /base/bioventurist/bv_medical_condition/company_involved /m/01_lh1 1 1 1 1
/m/0m32h /base/bioventurist/bv_medical_condition/company_involved /m/04f0xq 1 1 0 1
std confidence sum
/m/025hl8 /base/bioventurist/bv_medical_condition/company_involved /m/01_lh1 1 1 1 1
/m/0qcr0 /base/bioventurist/bv_medical_condition/company_involved /m/01_lh1 1 1 0 1
/m/02k6hp /base/bioventurist/bv_medical_condition/company_involved /m/01_lh1 1 1 1 1
/m/0m32h /base/bioventurist/bv_medical_condition/company_involved /m/04f0xq 1 1 0 1
