pca confidence count
/m/04wzr /base/localfood/seasonal_month/produce_available./base/localfood/produce_availability/produce /m/0fbw6 1 1 0 1
/m/05lf_ /base/localfood/seasonal_month/produce_available./base/localfood/produce_availability/produce /m/0fbw6 1 1 0 1
/m/06vkl /base/localfood/seasonal_month/produce_available./base/localfood/produce_availability/produce /m/014j1m 1 1 0 1
/m/040fv /base/localfood/seasonal_month/produce_available./base/localfood/produce_availability/produce /m/01645p 1 1 0 1
/m/0ll3 /base/localfood/seasonal_month/produce_available./base/localfood/produce_availability/produce /m/0fbw6 1 1 0 1
/m/04w_7 /base/localfood/seasonal_month/produce_available./base/localfood/produce_availability/produce /m/0fbdb 1 1 0 1
/m/05lf_ /base/localfood/seasonal_month/produce_available./base/localfood/produce_availability/produce /m/061_f 1 1 0 1
std confidence count
/m/04wzr /base/localfood/seasonal_month/produce_available./base/localfood/produce_availability/produce /m/0fbw6 1 1 0 1
/m/05lf_ /base/localfood/seasonal_month/produce_available./base/localfood/produce_availability/produce /m/0fbw6 1 1 0 1
/m/06vkl /base/localfood/seasonal_month/produce_available./base/localfood/produce_availability/produce /m/014j1m 1 1 0 1
/m/040fv /base/localfood/seasonal_month/produce_available./base/localfood/produce_availability/produce /m/01645p 1 1 0 1
/m/0ll3 /base/localfood/seasonal_month/produce_available./base/localfood/produce_availability/produce /m/0fbw6 1 1 0 1
/m/04w_7 /base/localfood/seasonal_month/produce_available./base/localfood/produce_availability/produce /m/0fbdb 1 1 0 1
/m/05lf_ /base/localfood/seasonal_month/produce_available./base/localfood/produce_availability/produce /m/061_f 1 1 0 1
pca confidence sum
/m/04wzr /base/localfood/seasonal_month/produce_available./base/localfood/produce_availability/produce /m/0fbw6 1 1 0 1
/m/05lf_ /base/localfood/seasonal_month/produce_available./base/localfood/produce_availability/produce /m/0fbw6 1 1 0 1
/m/06vkl /base/localfood/seasonal_month/produce_available./base/localfood/produce_availability/produce /m/014j1m 1 1 0 1
/m/040fv /base/localfood/seasonal_month/produce_available./base/localfood/produce_availability/produce /m/01645p 1 1 0 1
/m/0ll3 /base/localfood/seasonal_month/produce_available./base/localfood/produce_availability/produce /m/0fbw6 1 1 0 1
/m/04w_7 /base/localfood/seasonal_month/produce_available./base/localfood/produce_availability/produce /m/0fbdb 1 1 0 1
/m/05lf_ /base/localfood/seasonal_month/produce_available./base/localfood/produce_availability/produce /m/061_f 1 1 0 1
std confidence sum
/m/04wzr /base/localfood/seasonal_month/produce_available./base/localfood/produce_availability/produce /m/0fbw6 1 1 0 1
/m/05lf_ /base/localfood/seasonal_month/produce_available./base/localfood/produce_availability/produce /m/0fbw6 1 1 0 1
/m/06vkl /base/localfood/seasonal_month/produce_available./base/localfood/produce_availability/produce /m/014j1m 1 1 0 1
/m/040fv /base/localfood/seasonal_month/produce_available./base/localfood/produce_availability/produce /m/01645p 1 1 0 1
/m/0ll3 /base/localfood/seasonal_month/produce_available./base/localfood/produce_availability/produce /m/0fbw6 1 1 0 1
/m/04w_7 /base/localfood/seasonal_month/produce_available./base/localfood/produce_availability/produce /m/0fbdb 1 1 0 1
/m/05lf_ /base/localfood/seasonal_month/produce_available./base/localfood/produce_availability/produce /m/061_f 1 1 0 1
