pca confidence count
/m/05drr9 /base/saturdaynightlive/snl_cast_member/seasons./base/saturdaynightlive/snl_season_tenure/cast_members /m/04s430 1 1 0 0
/m/086nl7 /base/saturdaynightlive/snl_cast_member/seasons./base/saturdaynightlive/snl_season_tenure/cast_members /m/01v3s2_ 1 1 0 0
/m/07ymr5 /base/saturdaynightlive/snl_cast_member/seasons./base/saturdaynightlive/snl_season_tenure/cast_members /m/02k21g 1 1 0 1
/m/02k21g /base/saturdaynightlive/snl_cast_member/seasons./base/saturdaynightlive/snl_season_tenure/cast_members /m/07ymr5 1 1 0 0
/m/04h07s /base/saturdaynightlive/snl_cast_member/seasons./base/saturdaynightlive/snl_season_tenure/cast_members /m/01v3s2_ 0 1 0 0
/m/08vr94 /base/saturdaynightlive/snl_cast_member/seasons./base/saturdaynightlive/snl_season_tenure/cast_members /m/086nl7 1 1 0 0
/m/0pz7h /base/saturdaynightlive/snl_cast_member/seasons./base/saturdaynightlive/snl_season_tenure/cast_members /m/03q45x 1 1 0 1
std confidence count
/m/05drr9 /base/saturdaynightlive/snl_cast_member/seasons./base/saturdaynightlive/snl_season_tenure/cast_members /m/04s430 1 1 0 0
/m/086nl7 /base/saturdaynightlive/snl_cast_member/seasons./base/saturdaynightlive/snl_season_tenure/cast_members /m/01v3s2_ 1 1 0 0
/m/07ymr5 /base/saturdaynightlive/snl_cast_member/seasons./base/saturdaynightlive/snl_season_tenure/cast_members /m/02k21g 1 1 0 1
/m/02k21g /base/saturdaynightlive/snl_cast_member/seasons./base/saturdaynightlive/snl_season_tenure/cast_members /m/07ymr5 1 1 0 0
/m/04h07s /base/saturdaynightlive/snl_cast_member/seasons./base/saturdaynightlive/snl_season_tenure/cast_members /m/01v3s2_ 0 1 0 0
/m/08vr94 /base/saturdaynightlive/snl_cast_member/seasons./base/saturdaynightlive/snl_season_tenure/cast_members /m/086nl7 1 1 0 0
/m/0pz7h /base/saturdaynightlive/snl_cast_member/seasons./base/saturdaynightlive/snl_season_tenure/cast_members /m/03q45x 1 1 0 1
pca confidence sum
/m/05drr9 /base/saturdaynightlive/snl_cast_member/seasons./base/saturdaynightlive/snl_season_tenure/cast_members /m/04s430 0 1 0 0
/m/086nl7 /base/saturdaynightlive/snl_cast_member/seasons./base/saturdaynightlive/snl_season_tenure/cast_members /m/01v3s2_ 1 1 0 1
/m/07ymr5 /base/saturdaynightlive/snl_cast_member/seasons./base/saturdaynightlive/snl_season_tenure/cast_members /m/02k21g 0 1 0 0
/m/02k21g /base/saturdaynightlive/snl_cast_member/seasons./base/saturdaynightlive/snl_season_tenure/cast_members /m/07ymr5 1 1 0 1
/m/04h07s /base/saturdaynightlive/snl_cast_member/seasons./base/saturdaynightlive/snl_season_tenure/cast_members /m/01v3s2_ 1 1 0 0
/m/08vr94 /base/saturdaynightlive/snl_cast_member/seasons./base/saturdaynightlive/snl_season_tenure/cast_members /m/086nl7 1 1 0 0
/m/0pz7h /base/saturdaynightlive/snl_cast_member/seasons./base/saturdaynightlive/snl_season_tenure/cast_members /m/03q45x 1 1 0 0
std confidence sum
/m/05drr9 /base/saturdaynightlive/snl_cast_member/seasons./base/saturdaynightlive/snl_season_tenure/cast_members /m/04s430 0 1 0 0
/m/086nl7 /base/saturdaynightlive/snl_cast_member/seasons./base/saturdaynightlive/snl_season_tenure/cast_members /m/01v3s2_ 1 1 0 1
/m/07ymr5 /base/saturdaynightlive/snl_cast_member/seasons./base/saturdaynightlive/snl_season_tenure/cast_members /m/02k21g 1 1 0 0
/m/02k21g /base/saturdaynightlive/snl_cast_member/seasons./base/saturdaynightlive/snl_season_tenure/cast_members /m/07ymr5 1 1 0 0
/m/04h07s /base/saturdaynightlive/snl_cast_member/seasons./base/saturdaynightlive/snl_season_tenure/cast_members /m/01v3s2_ 1 1 0 0
/m/08vr94 /base/saturdaynightlive/snl_cast_member/seasons./base/saturdaynightlive/snl_season_tenure/cast_members /m/086nl7 1 1 0 0
/m/0pz7h /base/saturdaynightlive/snl_cast_member/seasons./base/saturdaynightlive/snl_season_tenure/cast_members /m/03q45x 1 1 0 0
