pca confidence count
/m/02d02 /baseball/baseball_team/current_roster./baseball/baseball_roster_position/position /m/028c_8 1 1 0 1
/m/0x2p /baseball/baseball_team/current_roster./baseball/baseball_roster_position/position /m/02dwn9 1 1 0 1
/m/07l8x /baseball/baseball_team/current_roster./baseball/baseball_roster_position/position /m/02dwn9 1 1 0 1
/m/0713r /baseball/baseball_team/current_roster./baseball/baseball_roster_position/position /m/01z9v6 1 1 0 1
/m/04mjl /baseball/baseball_team/current_roster./baseball/baseball_roster_position/position /m/01z9v6 1 1 0 1
/m/03lpp_ /baseball/baseball_team/current_roster./baseball/baseball_roster_position/position /m/02lyr4 1 1 0 1
/m/04wmvz /baseball/baseball_team/current_roster./baseball/baseball_roster_position/position /m/028c_8 1 1 0 1
/m/01yjl /baseball/baseball_team/current_roster./baseball/baseball_roster_position/position /m/02lyr4 1 1 0 1
/m/061xq /baseball/baseball_team/current_roster./baseball/baseball_roster_position/position /m/028c_8 1 1 0 1
/m/049n7 /baseball/baseball_team/current_roster./baseball/baseball_roster_position/position /m/02lyr4 1 1 0 1
/m/01v3x8 /baseball/baseball_team/current_roster./baseball/baseball_roster_position/position /m/01z9v6 1 1 1 1
/m/01ypc /baseball/baseball_team/current_roster./baseball/baseball_roster_position/position /m/02wszf 1 1 0 1
/m/02d02 /baseball/baseball_team/current_roster./baseball/baseball_roster_position/position /m/01z9v6 1 1 0 1
/m/01v3x8 /baseball/baseball_team/current_roster./baseball/baseball_roster_position/position /m/02lyr4 1 1 0 1
/m/05m_8 /baseball/baseball_team/current_roster./baseball/baseball_roster_position/position /m/028c_8 1 1 0 1
/m/02h8p8 /baseball/baseball_team/current_roster./baseball/baseball_roster_position/position /m/02lyr4 1 1 0 1
/m/0x2p /baseball/baseball_team/current_roster./baseball/baseball_roster_position/position /m/02rsl1 1 1 0 1
/m/01v3x8 /baseball/baseball_team/current_roster./baseball/baseball_roster_position/position /m/028c_8 1 1 0 1
/m/0713r /baseball/baseball_team/current_roster./baseball/baseball_roster_position/position /m/017drs 1 1 0 0
/m/0713r /baseball/baseball_team/current_roster./baseball/baseball_roster_position/position /m/02wszf 1 1 0 1
/m/0713r /baseball/baseball_team/current_roster./baseball/baseball_roster_position/position /m/02dwn9 1 1 0 1
std confidence count
/m/02d02 /baseball/baseball_team/current_roster./baseball/baseball_roster_position/position /m/028c_8 1 1 0 1
/m/0x2p /baseball/baseball_team/current_roster./baseball/baseball_roster_position/position /m/02dwn9 1 1 0 1
/m/07l8x /baseball/baseball_team/current_roster./baseball/baseball_roster_position/position /m/02dwn9 1 1 0 0
/m/0713r /baseball/baseball_team/current_roster./baseball/baseball_roster_position/position /m/01z9v6 1 1 0 1
/m/04mjl /baseball/baseball_team/current_roster./baseball/baseball_roster_position/position /m/01z9v6 1 1 0 1
/m/03lpp_ /baseball/baseball_team/current_roster./baseball/baseball_roster_position/position /m/02lyr4 1 1 0 1
/m/04wmvz /baseball/baseball_team/current_roster./baseball/baseball_roster_position/position /m/028c_8 1 1 0 1
/m/01yjl /baseball/baseball_team/current_roster./baseball/baseball_roster_position/position /m/02lyr4 1 1 0 1
/m/061xq /baseball/baseball_team/current_roster./baseball/baseball_roster_position/position /m/028c_8 1 1 0 1
/m/049n7 /baseball/baseball_team/current_roster./baseball/baseball_roster_position/position /m/02lyr4 1 1 0 1
/m/01v3x8 /baseball/baseball_team/current_roster./baseball/baseball_roster_position/position /m/01z9v6 1 1 0 1
/m/01ypc /baseball/baseball_team/current_roster./baseball/baseball_roster_position/position /m/02wszf 1 1 0 1
/m/02d02 /baseball/baseball_team/current_roster./baseball/baseball_roster_position/position /m/01z9v6 1 1 0 1
/m/01v3x8 /baseball/baseball_team/current_roster./baseball/baseball_roster_position/position /m/02lyr4 1 1 0 1
/m/05m_8 /baseball/baseball_team/current_roster./baseball/baseball_roster_position/position /m/028c_8 1 1 0 1
/m/02h8p8 /baseball/baseball_team/current_roster./baseball/baseball_roster_position/position /m/02lyr4 1 1 0 1
/m/0x2p /baseball/baseball_team/current_roster./baseball/baseball_roster_position/position /m/02rsl1 1 1 0 1
/m/01v3x8 /baseball/baseball_team/current_roster./baseball/baseball_roster_position/position /m/028c_8 1 1 0 1
/m/0713r /baseball/baseball_team/current_roster./baseball/baseball_roster_position/position /m/017drs 1 1 0 1
/m/0713r /baseball/baseball_team/current_roster./baseball/baseball_roster_position/position /m/02wszf 1 1 0 1
/m/0713r /baseball/baseball_team/current_roster./baseball/baseball_roster_position/position /m/02dwn9 1 1 0 1
pca confidence sum
/m/02d02 /baseball/baseball_team/current_roster./baseball/baseball_roster_position/position /m/028c_8 1 1 0 1
/m/0x2p /baseball/baseball_team/current_roster./baseball/baseball_roster_position/position /m/02dwn9 1 1 0 1
/m/07l8x /baseball/baseball_team/current_roster./baseball/baseball_roster_position/position /m/02dwn9 1 1 0 0
/m/0713r /baseball/baseball_team/current_roster./baseball/baseball_roster_position/position /m/01z9v6 1 1 0 1
/m/04mjl /baseball/baseball_team/current_roster./baseball/baseball_roster_position/position /m/01z9v6 1 1 0 1
/m/03lpp_ /baseball/baseball_team/current_roster./baseball/baseball_roster_position/position /m/02lyr4 1 1 0 1
/m/04wmvz /baseball/baseball_team/current_roster./baseball/baseball_roster_position/position /m/028c_8 1 1 0 1
/m/01yjl /baseball/baseball_team/current_roster./baseball/baseball_roster_position/position /m/02lyr4 1 1 0 1
/m/061xq /baseball/baseball_team/current_roster./baseball/baseball_roster_position/position /m/028c_8 1 1 0 1
/m/049n7 /baseball/baseball_team/current_roster./baseball/baseball_roster_position/position /m/02lyr4 1 1 0 1
/m/01v3x8 /baseball/baseball_team/current_roster./baseball/baseball_roster_position/position /m/01z9v6 1 1 0 1
/m/01ypc /baseball/baseball_team/current_roster./baseball/baseball_roster_position/position /m/02wszf 1 1 0 1
/m/02d02 /baseball/baseball_team/current_roster./baseball/baseball_roster_position/position /m/01z9v6 1 1 0 1
/m/01v3x8 /baseball/baseball_team/current_roster./baseball/baseball_roster_position/position /m/02lyr4 1 1 0 1
/m/05m_8 /baseball/baseball_team/current_roster./baseball/baseball_roster_position/position /m/028c_8 1 1 0 1
/m/02h8p8 /baseball/baseball_team/current_roster./baseball/baseball_roster_position/position /m/02lyr4 1 1 0 1
/m/0x2p /baseball/baseball_team/current_roster./baseball/baseball_roster_position/position /m/02rsl1 1 1 0 0
/m/01v3x8 /baseball/baseball_team/current_roster./baseball/baseball_roster_position/position /m/028c_8 1 1 0 1
/m/0713r /baseball/baseball_team/current_roster./baseball/baseball_roster_position/position /m/017drs 0 1 0 0
/m/0713r /baseball/baseball_team/current_roster./baseball/baseball_roster_position/position /m/02wszf 1 1 0 1
/m/0713r /baseball/baseball_team/current_roster./baseball/baseball_roster_position/position /m/02dwn9 1 1 0 1
std confidence sum
/m/02d02 /baseball/baseball_team/current_roster./baseball/baseball_roster_position/position /m/028c_8 1 1 0 1
/m/0x2p /baseball/baseball_team/current_roster./baseball/baseball_roster_position/position /m/02dwn9 1 1 0 1
/m/07l8x /baseball/baseball_team/current_roster./baseball/baseball_roster_position/position /m/02dwn9 1 1 0 0
/m/0713r /baseball/baseball_team/current_roster./baseball/baseball_roster_position/position /m/01z9v6 1 1 0 1
/m/04mjl /baseball/baseball_team/current_roster./baseball/baseball_roster_position/position /m/01z9v6 1 1 0 1
/m/03lpp_ /baseball/baseball_team/current_roster./baseball/baseball_roster_position/position /m/02lyr4 1 1 0 1
/m/04wmvz /baseball/baseball_team/current_roster./baseball/baseball_roster_position/position /m/028c_8 1 1 0 1
/m/01yjl /baseball/baseball_team/current_roster./baseball/baseball_roster_position/position /m/02lyr4 1 1 0 1
/m/061xq /baseball/baseball_team/current_roster./baseball/baseball_roster_position/position /m/028c_8 1 1 0 1
/m/049n7 /baseball/baseball_team/current_roster./baseball/baseball_roster_position/position /m/02lyr4 1 1 0 1
/m/01v3x8 /baseball/baseball_team/current_roster./baseball/baseball_roster_position/position /m/01z9v6 1 1 0 1
/m/01ypc /baseball/baseball_team/current_roster./baseball/baseball_roster_position/position /m/02wszf 1 1 0 1
/m/02d02 /baseball/baseball_team/current_roster./baseball/baseball_roster_position/position /m/01z9v6 1 1 0 1
/m/01v3x8 /baseball/baseball_team/current_roster./baseball/baseball_roster_position/position /m/02lyr4 1 1 0 1
/m/05m_8 /baseball/baseball_team/current_roster./baseball/baseball_roster_position/position /m/028c_8 1 1 0 1
/m/02h8p8 /baseball/baseball_team/current_roster./baseball/baseball_roster_position/position /m/02lyr4 1 1 1 1
/m/0x2p /baseball/baseball_team/current_roster./baseball/baseball_roster_position/position /m/02rsl1 1 1 0 0
/m/01v3x8 /baseball/baseball_team/current_roster./baseball/baseball_roster_position/position /m/028c_8 1 1 0 1
/m/0713r /baseball/baseball_team/current_roster./baseball/baseball_roster_position/position /m/017drs 0 1 0 0
/m/0713r /baseball/baseball_team/current_roster./baseball/baseball_roster_position/position /m/02wszf 1 1 0 1
/m/0713r /baseball/baseball_team/current_roster./baseball/baseball_roster_position/position /m/02dwn9 1 1 0 1
