pca confidence count
/m/02sf_r /basketball/basketball_position/player_roster_position./sports/sports_team_roster/team /m/0jm2v 0 0 0 0
/m/02sf_r /basketball/basketball_position/player_roster_position./sports/sports_team_roster/team /m/0jm3b 0 0 0 0
/m/0ctt4z /basketball/basketball_position/player_roster_position./sports/sports_team_roster/team /m/02pqcfz 0 1 0 0
/m/0ctt4z /basketball/basketball_position/player_roster_position./sports/sports_team_roster/team /m/0jm3v 0 1 0 0
/m/02_ssl /basketball/basketball_position/player_roster_position./sports/sports_team_roster/team /m/02ptzz0 0 1 0 1
/m/01pv51 /basketball/basketball_position/player_roster_position./sports/sports_team_roster/team /m/0bwjj 0 0 0 0
/m/01pv51 /basketball/basketball_position/player_roster_position./sports/sports_team_roster/team /m/0jm64 0 0 0 0
/m/0ctt4z /basketball/basketball_position/player_roster_position./sports/sports_team_roster/team /m/0jm7n 0 1 0 0
/m/02_ssl /basketball/basketball_position/player_roster_position./sports/sports_team_roster/team /m/0jmdb 0 0 0 0
/m/02sf_r /basketball/basketball_position/player_roster_position./sports/sports_team_roster/team /m/0jmj7 0 0 0 0
/m/02sf_r /basketball/basketball_position/player_roster_position./sports/sports_team_roster/team /m/0jm74 0 0 0 0
/m/0ctt4z /basketball/basketball_position/player_roster_position./sports/sports_team_roster/team /m/01jvgt 0 1 0 0
/m/02_ssl /basketball/basketball_position/player_roster_position./sports/sports_team_roster/team /m/0jmbv 0 0 0 0
/m/03558l /basketball/basketball_position/player_roster_position./sports/sports_team_roster/team /m/0jm8l 0 0 0 0
/m/03558l /basketball/basketball_position/player_roster_position./sports/sports_team_roster/team /m/02py8_w 0 0 0 0
/m/03558l /basketball/basketball_position/player_roster_position./sports/sports_team_roster/team /m/0jmfv 0 0 0 0
/m/02_ssl /basketball/basketball_position/player_roster_position./sports/sports_team_roster/team /m/0jm7n 0 0 0 0
/m/01pv51 /basketball/basketball_position/player_roster_position./sports/sports_team_roster/team /m/0jm2v 0 0 0 0
/m/02_ssl /basketball/basketball_position/player_roster_position./sports/sports_team_roster/team /m/01jvgt 0 0 0 0
/m/0355dz /basketball/basketball_position/player_roster_position./sports/sports_team_roster/team /m/0jm6n 0 0 0 0
/m/02_ssl /basketball/basketball_position/player_roster_position./sports/sports_team_roster/team /m/0jmmn 0 0 0 0
/m/0355dz /basketball/basketball_position/player_roster_position./sports/sports_team_roster/team /m/02ptzz0 0 0 0 0
/m/02_ssl /basketball/basketball_position/player_roster_position./sports/sports_team_roster/team /m/0jmgb 0 0 0 0
/m/03558l /basketball/basketball_position/player_roster_position./sports/sports_team_roster/team /m/0jmcb 0 0 0 0
std confidence count
/m/02sf_r /basketball/basketball_position/player_roster_position./sports/sports_team_roster/team /m/0jm2v 0 1 0 1
/m/02sf_r /basketball/basketball_position/player_roster_position./sports/sports_team_roster/team /m/0jm3b 0 1 0 1
/m/0ctt4z /basketball/basketball_position/player_roster_position./sports/sports_team_roster/team /m/02pqcfz 0 1 0 0
/m/0ctt4z /basketball/basketball_position/player_roster_position./sports/sports_team_roster/team /m/0jm3v 0 1 0 0
/m/02_ssl /basketball/basketball_position/player_roster_position./sports/sports_team_roster/team /m/02ptzz0 0 1 0 0
/m/01pv51 /basketball/basketball_position/player_roster_position./sports/sports_team_roster/team /m/0bwjj 0 1 0 1
/m/01pv51 /basketball/basketball_position/player_roster_position./sports/sports_team_roster/team /m/0jm64 0 1 0 1
/m/0ctt4z /basketball/basketball_position/player_roster_position./sports/sports_team_roster/team /m/0jm7n 0 1 0 0
/m/02_ssl /basketball/basketball_position/player_roster_position./sports/sports_team_roster/team /m/0jmdb 0 1 0 0
/m/02sf_r /basketball/basketball_position/player_roster_position./sports/sports_team_roster/team /m/0jmj7 0 1 0 1
/m/02sf_r /basketball/basketball_position/player_roster_position./sports/sports_team_roster/team /m/0jm74 0 1 0 1
/m/0ctt4z /basketball/basketball_position/player_roster_position./sports/sports_team_roster/team /m/01jvgt 0 1 0 0
/m/02_ssl /basketball/basketball_position/player_roster_position./sports/sports_team_roster/team /m/0jmbv 0 1 0 1
/m/03558l /basketball/basketball_position/player_roster_position./sports/sports_team_roster/team /m/0jm8l 0 1 0 1
/m/03558l /basketball/basketball_position/player_roster_position./sports/sports_team_roster/team /m/02py8_w 0 1 0 1
/m/03558l /basketball/basketball_position/player_roster_position./sports/sports_team_roster/team /m/0jmfv 0 1 0 1
/m/02_ssl /basketball/basketball_position/player_roster_position./sports/sports_team_roster/team /m/0jm7n 0 1 0 1
/m/01pv51 /basketball/basketball_position/player_roster_position./sports/sports_team_roster/team /m/0jm2v 0 1 0 1
/m/02_ssl /basketball/basketball_position/player_roster_position./sports/sports_team_roster/team /m/01jvgt 0 1 0 0
/m/0355dz /basketball/basketball_position/player_roster_position./sports/sports_team_roster/team /m/0jm6n 0 1 0 1
/m/02_ssl /basketball/basketball_position/player_roster_position./sports/sports_team_roster/team /m/0jmmn 0 1 0 0
/m/0355dz /basketball/basketball_position/player_roster_position./sports/sports_team_roster/team /m/02ptzz0 0 1 0 1
/m/02_ssl /basketball/basketball_position/player_roster_position./sports/sports_team_roster/team /m/0jmgb 0 1 0 0
/m/03558l /basketball/basketball_position/player_roster_position./sports/sports_team_roster/team /m/0jmcb 0 1 0 1
pca confidence sum
/m/02sf_r /basketball/basketball_position/player_roster_position./sports/sports_team_roster/team /m/0jm2v 1 1 0 1
/m/02sf_r /basketball/basketball_position/player_roster_position./sports/sports_team_roster/team /m/0jm3b 0 1 0 0
/m/0ctt4z /basketball/basketball_position/player_roster_position./sports/sports_team_roster/team /m/02pqcfz 0 1 0 0
/m/0ctt4z /basketball/basketball_position/player_roster_position./sports/sports_team_roster/team /m/0jm3v 0 1 0 0
/m/02_ssl /basketball/basketball_position/player_roster_position./sports/sports_team_roster/team /m/02ptzz0 0 1 0 0
/m/01pv51 /basketball/basketball_position/player_roster_position./sports/sports_team_roster/team /m/0bwjj 1 1 0 0
/m/01pv51 /basketball/basketball_position/player_roster_position./sports/sports_team_roster/team /m/0jm64 0 1 0 0
/m/0ctt4z /basketball/basketball_position/player_roster_position./sports/sports_team_roster/team /m/0jm7n 0 1 0 0
/m/02_ssl /basketball/basketball_position/player_roster_position./sports/sports_team_roster/team /m/0jmdb 0 1 0 0
/m/02sf_r /basketball/basketball_position/player_roster_position./sports/sports_team_roster/team /m/0jmj7 1 1 0 1
/m/02sf_r /basketball/basketball_position/player_roster_position./sports/sports_team_roster/team /m/0jm74 0 1 0 0
/m/0ctt4z /basketball/basketball_position/player_roster_position./sports/sports_team_roster/team /m/01jvgt 0 0 0 0
/m/02_ssl /basketball/basketball_position/player_roster_position./sports/sports_team_roster/team /m/0jmbv 1 1 0 1
/m/03558l /basketball/basketball_position/player_roster_position./sports/sports_team_roster/team /m/0jm8l 0 1 0 0
/m/03558l /basketball/basketball_position/player_roster_position./sports/sports_team_roster/team /m/02py8_w 0 1 0 0
/m/03558l /basketball/basketball_position/player_roster_position./sports/sports_team_roster/team /m/0jmfv 0 1 0 0
/m/02_ssl /basketball/basketball_position/player_roster_position./sports/sports_team_roster/team /m/0jm7n 0 1 0 0
/m/01pv51 /basketball/basketball_position/player_roster_position./sports/sports_team_roster/team /m/0jm2v 1 1 0 0
/m/02_ssl /basketball/basketball_position/player_roster_position./sports/sports_team_roster/team /m/01jvgt 0 1 0 0
/m/0355dz /basketball/basketball_position/player_roster_position./sports/sports_team_roster/team /m/0jm6n 0 1 0 0
/m/02_ssl /basketball/basketball_position/player_roster_position./sports/sports_team_roster/team /m/0jmmn 0 1 0 0
/m/0355dz /basketball/basketball_position/player_roster_position./sports/sports_team_roster/team /m/02ptzz0 0 0 0 0
/m/02_ssl /basketball/basketball_position/player_roster_position./sports/sports_team_roster/team /m/0jmgb 0 1 0 0
/m/03558l /basketball/basketball_position/player_roster_position./sports/sports_team_roster/team /m/0jmcb 0 1 0 0
std confidence sum
/m/02sf_r /basketball/basketball_position/player_roster_position./sports/sports_team_roster/team /m/0jm2v 1 1 0 1
/m/02sf_r /basketball/basketball_position/player_roster_position./sports/sports_team_roster/team /m/0jm3b 0 1 0 0
/m/0ctt4z /basketball/basketball_position/player_roster_position./sports/sports_team_roster/team /m/02pqcfz 0 1 0 0
/m/0ctt4z /basketball/basketball_position/player_roster_position./sports/sports_team_roster/team /m/0jm3v 0 1 0 0
/m/02_ssl /basketball/basketball_position/player_roster_position./sports/sports_team_roster/team /m/02ptzz0 0 1 0 0
/m/01pv51 /basketball/basketball_position/player_roster_position./sports/sports_team_roster/team /m/0bwjj 1 1 0 0
/m/01pv51 /basketball/basketball_position/player_roster_position./sports/sports_team_roster/team /m/0jm64 0 1 0 0
/m/0ctt4z /basketball/basketball_position/player_roster_position./sports/sports_team_roster/team /m/0jm7n 0 1 0 0
/m/02_ssl /basketball/basketball_position/player_roster_position./sports/sports_team_roster/team /m/0jmdb 0 1 0 0
/m/02sf_r /basketball/basketball_position/player_roster_position./sports/sports_team_roster/team /m/0jmj7 1 1 0 1
/m/02sf_r /basketball/basketball_position/player_roster_position./sports/sports_team_roster/team /m/0jm74 0 1 0 0
/m/0ctt4z /basketball/basketball_position/player_roster_position./sports/sports_team_roster/team /m/01jvgt 0 0 0 0
/m/02_ssl /basketball/basketball_position/player_roster_position./sports/sports_team_roster/team /m/0jmbv 1 1 0 1
/m/03558l /basketball/basketball_position/player_roster_position./sports/sports_team_roster/team /m/0jm8l 0 1 0 0
/m/03558l /basketball/basketball_position/player_roster_position./sports/sports_team_roster/team /m/02py8_w 0 1 0 0
/m/03558l /basketball/basketball_position/player_roster_position./sports/sports_team_roster/team /m/0jmfv 0 1 0 0
/m/02_ssl /basketball/basketball_position/player_roster_position./sports/sports_team_roster/team /m/0jm7n 0 1 0 0
/m/01pv51 /basketball/basketball_position/player_roster_position./sports/sports_team_roster/team /m/0jm2v 1 1 0 0
/m/02_ssl /basketball/basketball_position/player_roster_position./sports/sports_team_roster/team /m/01jvgt 0 1 0 0
/m/0355dz /basketball/basketball_position/player_roster_position./sports/sports_team_roster/team /m/0jm6n 0 1 0 0
/m/02_ssl /basketball/basketball_position/player_roster_position./sports/sports_team_roster/team /m/0jmmn 0 1 0 0
/m/0355dz /basketball/basketball_position/player_roster_position./sports/sports_team_roster/team /m/02ptzz0 0 0 0 0
/m/02_ssl /basketball/basketball_position/player_roster_position./sports/sports_team_roster/team /m/0jmgb 0 1 0 0
/m/03558l /basketball/basketball_position/player_roster_position./sports/sports_team_roster/team /m/0jmcb 0 1 0 0
