pca confidence count
/m/062z7 /education/field_of_study/students_majoring./education/education/specialization /m/0l5mz 1 1 0 0
/m/01mkq /education/field_of_study/students_majoring./education/education/specialization /m/034ns 0 0 0 0
/m/06bvp /education/field_of_study/students_majoring./education/education/specialization /m/092bf5 0 0 0 0
/m/01jzxy /education/field_of_study/students_majoring./education/education/specialization /m/05qdh 0 0 0 0
/m/02mgp /education/field_of_study/students_majoring./education/education/specialization /m/0phtk 0 0 0 0
/m/0g26h /education/field_of_study/students_majoring./education/education/specialization /m/0g4gr 1 1 0 0
/m/02sgy /education/field_of_study/students_majoring./education/education/specialization /m/06by7 0 0 0 0
std confidence count
/m/062z7 /education/field_of_study/students_majoring./education/education/specialization /m/0l5mz 1 1 0 0
/m/01mkq /education/field_of_study/students_majoring./education/education/specialization /m/034ns 0 0 0 0
/m/06bvp /education/field_of_study/students_majoring./education/education/specialization /m/092bf5 0 0 0 0
/m/01jzxy /education/field_of_study/students_majoring./education/education/specialization /m/05qdh 0 0 0 0
/m/02mgp /education/field_of_study/students_majoring./education/education/specialization /m/0phtk 0 0 0 0
/m/0g26h /education/field_of_study/students_majoring./education/education/specialization /m/0g4gr 1 1 0 0
/m/02sgy /education/field_of_study/students_majoring./education/education/specialization /m/06by7 0 0 0 0
pca confidence sum
/m/062z7 /education/field_of_study/students_majoring./education/education/specialization /m/0l5mz 1 1 0 0
/m/01mkq /education/field_of_study/students_majoring./education/education/specialization /m/034ns 0 0 0 0
/m/06bvp /education/field_of_study/students_majoring./education/education/specialization /m/092bf5 0 0 0 0
/m/01jzxy /education/field_of_study/students_majoring./education/education/specialization /m/05qdh 0 0 0 0
/m/02mgp /education/field_of_study/students_majoring./education/education/specialization /m/0phtk 0 0 0 0
/m/0g26h /education/field_of_study/students_majoring./education/education/specialization /m/0g4gr 1 1 0 1
/m/02sgy /education/field_of_study/students_majoring./education/education/specialization /m/06by7 0 0 0 0
std confidence sum
/m/062z7 /education/field_of_study/students_majoring./education/education/specialization /m/0l5mz 1 1 0 0
/m/01mkq /education/field_of_study/students_majoring./education/education/specialization /m/034ns 0 0 0 0
/m/06bvp /education/field_of_study/students_majoring./education/education/specialization /m/092bf5 0 0 0 0
/m/01jzxy /education/field_of_study/students_majoring./education/education/specialization /m/05qdh 0 0 0 0
/m/02mgp /education/field_of_study/students_majoring./education/education/specialization /m/0phtk 0 0 0 0
/m/0g26h /education/field_of_study/students_majoring./education/education/specialization /m/0g4gr 1 1 0 0
/m/02sgy /education/field_of_study/students_majoring./education/education/specialization /m/06by7 0 0 0 0
