pca confidence count
/m/03crcpt /film/editor/film /m/05z43v 1 1 0 0
/m/02kxbx3 /film/editor/film /m/0b6tzs 1 1 0 0
/m/04cy8rb /film/editor/film /m/0g5qs2k 1 1 0 0
/m/02qggqc /film/editor/film /m/0ds11z 0 0 0 0
/m/02kxbx3 /film/editor/film /m/011yhm 0 1 0 0
/m/03q8ch /film/editor/film /m/08xvpn 0 0 0 0
/m/02kxbwx /film/editor/film /m/07bwr 0 0 0 0
/m/03cp7b3 /film/editor/film /m/01f85k 1 1 1 1
/m/06cv1 /film/editor/film /m/025s1wg 1 1 1 1
/m/0bn3jg /film/editor/film /m/0fqt1ns 0 0 0 0
/m/06cv1 /film/editor/film /m/02q7yfq 1 1 0 1
/m/04cy8rb /film/editor/film /m/02pxmgz 0 0 0 0
/m/03q8ch /film/editor/film /m/025rvx0 0 1 0 0
/m/02kxbx3 /film/editor/film /m/01vfqh 0 1 0 0
/m/08h79x /film/editor/film /m/049xgc 1 1 0 1
/m/02kxbx3 /film/editor/film /m/02704ff 1 1 0 0
/m/0frnff /film/editor/film /m/0fy66 0 0 0 0
/m/02qggqc /film/editor/film /m/0g22z 0 0 0 0
/m/0bn3jg /film/editor/film /m/0cz_ym 1 1 0 1
/m/03nqbvz /film/editor/film /m/07cdz 1 1 0 1
/m/02lp3c /film/editor/film /m/0jzw 1 1 0 0
/m/02kxbx3 /film/editor/film /m/0dnvn3 0 1 0 0
/m/0kft /film/editor/film /m/0k2m6 1 1 1 1
/m/027pdrh /film/editor/film /m/016z5x 0 0 0 0
/m/04cy8rb /film/editor/film /m/0b7l4x 0 0 0 0
std confidence count
/m/03crcpt /film/editor/film /m/05z43v 1 1 0 1
/m/02kxbx3 /film/editor/film /m/0b6tzs 1 1 0 1
/m/04cy8rb /film/editor/film /m/0g5qs2k 1 1 0 1
/m/02qggqc /film/editor/film /m/0ds11z 0 1 0 1
/m/02kxbx3 /film/editor/film /m/011yhm 1 1 0 1
/m/03q8ch /film/editor/film /m/08xvpn 0 1 0 0
/m/02kxbwx /film/editor/film /m/07bwr 1 1 0 1
/m/03cp7b3 /film/editor/film /m/01f85k 1 1 0 1
/m/06cv1 /film/editor/film /m/025s1wg 1 1 0 1
/m/0bn3jg /film/editor/film /m/0fqt1ns 1 1 0 1
/m/06cv1 /film/editor/film /m/02q7yfq 1 1 0 1
/m/04cy8rb /film/editor/film /m/02pxmgz 0 1 0 1
/m/03q8ch /film/editor/film /m/025rvx0 0 1 0 1
/m/02kxbx3 /film/editor/film /m/01vfqh 1 1 0 1
/m/08h79x /film/editor/film /m/049xgc 1 1 0 1
/m/02kxbx3 /film/editor/film /m/02704ff 1 1 0 1
/m/0frnff /film/editor/film /m/0fy66 0 0 0 0
/m/02qggqc /film/editor/film /m/0g22z 0 1 0 1
/m/0bn3jg /film/editor/film /m/0cz_ym 1 1 0 1
/m/03nqbvz /film/editor/film /m/07cdz 1 1 0 1
/m/02lp3c /film/editor/film /m/0jzw 1 1 0 1
/m/02kxbx3 /film/editor/film /m/0dnvn3 1 1 0 1
/m/0kft /film/editor/film /m/0k2m6 1 1 1 1
/m/027pdrh /film/editor/film /m/016z5x 0 0 0 0
/m/04cy8rb /film/editor/film /m/0b7l4x 0 1 0 1
pca confidence sum
/m/03crcpt /film/editor/film /m/05z43v 0 0 0 0
/m/02kxbx3 /film/editor/film /m/0b6tzs 1 1 0 1
/m/04cy8rb /film/editor/film /m/0g5qs2k 0 0 0 0
/m/02qggqc /film/editor/film /m/0ds11z 0 1 0 0
/m/02kxbx3 /film/editor/film /m/011yhm 1 1 0 1
/m/03q8ch /film/editor/film /m/08xvpn 0 0 0 0
/m/02kxbwx /film/editor/film /m/07bwr 1 1 0 1
/m/03cp7b3 /film/editor/film /m/01f85k 1 1 1 1
/m/06cv1 /film/editor/film /m/025s1wg 1 1 1 1
/m/0bn3jg /film/editor/film /m/0fqt1ns 0 0 0 0
/m/06cv1 /film/editor/film /m/02q7yfq 1 1 0 1
/m/04cy8rb /film/editor/film /m/02pxmgz 0 0 0 0
/m/03q8ch /film/editor/film /m/025rvx0 0 1 0 0
/m/02kxbx3 /film/editor/film /m/01vfqh 1 1 0 1
/m/08h79x /film/editor/film /m/049xgc 1 1 0 1
/m/02kxbx3 /film/editor/film /m/02704ff 1 1 0 1
/m/0frnff /film/editor/film /m/0fy66 0 0 0 0
/m/02qggqc /film/editor/film /m/0g22z 0 0 0 0
/m/0bn3jg /film/editor/film /m/0cz_ym 1 1 1 1
/m/03nqbvz /film/editor/film /m/07cdz 1 1 0 1
/m/02lp3c /film/editor/film /m/0jzw 0 1 0 0
/m/02kxbx3 /film/editor/film /m/0dnvn3 1 1 0 1
/m/0kft /film/editor/film /m/0k2m6 1 1 1 1
/m/027pdrh /film/editor/film /m/016z5x 0 0 0 0
/m/04cy8rb /film/editor/film /m/0b7l4x 0 0 0 0
std confidence sum
/m/03crcpt /film/editor/film /m/05z43v 1 1 0 0
/m/02kxbx3 /film/editor/film /m/0b6tzs 1 1 0 1
/m/04cy8rb /film/editor/film /m/0g5qs2k 0 1 0 0
/m/02qggqc /film/editor/film /m/0ds11z 0 1 0 1
/m/02kxbx3 /film/editor/film /m/011yhm 1 1 0 1
/m/03q8ch /film/editor/film /m/08xvpn 0 1 0 0
/m/02kxbwx /film/editor/film /m/07bwr 1 1 0 1
/m/03cp7b3 /film/editor/film /m/01f85k 1 1 0 1
/m/06cv1 /film/editor/film /m/025s1wg 1 1 1 1
/m/0bn3jg /film/editor/film /m/0fqt1ns 0 1 0 0
/m/06cv1 /film/editor/film /m/02q7yfq 1 1 0 1
/m/04cy8rb /film/editor/film /m/02pxmgz 0 1 0 0
/m/03q8ch /film/editor/film /m/025rvx0 0 1 0 0
/m/02kxbx3 /film/editor/film /m/01vfqh 1 1 0 1
/m/08h79x /film/editor/film /m/049xgc 1 1 0 1
/m/02kxbx3 /film/editor/film /m/02704ff 1 1 0 1
/m/0frnff /film/editor/film /m/0fy66 0 0 0 0
/m/02qggqc /film/editor/film /m/0g22z 0 0 0 0
/m/0bn3jg /film/editor/film /m/0cz_ym 1 1 1 1
/m/03nqbvz /film/editor/film /m/07cdz 1 1 0 1
/m/02lp3c /film/editor/film /m/0jzw 1 1 0 1
/m/02kxbx3 /film/editor/film /m/0dnvn3 1 1 0 1
/m/0kft /film/editor/film /m/0k2m6 1 1 1 1
/m/027pdrh /film/editor/film /m/016z5x 0 0 0 0
/m/04cy8rb /film/editor/film /m/0b7l4x 0 1 0 0
