pca confidence count
/m/0bpm4yw /film/film/costume_design_by /m/03y1mlp 1 1 1 1
/m/0gndh /film/film/costume_design_by /m/025_nbr 1 1 1 1
/m/04vq33 /film/film/costume_design_by /m/0c6g29 1 1 0 0
/m/0k5g9 /film/film/costume_design_by /m/02cqbx 1 1 1 1
/m/0gys2jp /film/film/costume_design_by /m/03cp7b3 1 1 0 0
/m/05ldxl /film/film/costume_design_by /m/02pqgt8 1 1 1 1
/m/09g7vfw /film/film/costume_design_by /m/03mfqm 1 1 1 1
/m/0p9tm /film/film/costume_design_by /m/02cqbx 1 1 1 1
/m/0c57yj /film/film/costume_design_by /m/03mfqm 1 1 1 1
/m/0gcrg /film/film/costume_design_by /m/04vzv4 1 1 0 0
/m/03kxj2 /film/film/costume_design_by /m/026lyl4 1 1 0 0
/m/01y9r2 /film/film/costume_design_by /m/02w0dc0 1 1 0 0
/m/06rmdr /film/film/costume_design_by /m/06w33f8 1 1 1 1
/m/01f85k /film/film/costume_design_by /m/03cp7b3 1 1 1 1
/m/06sfk6 /film/film/costume_design_by /m/0bytfv 1 1 1 1
/m/01d2v1 /film/film/costume_design_by /m/026lyl4 1 1 0 0
/m/03prz_ /film/film/costume_design_by /m/02mxbd 1 1 1 1
/m/09cxm4 /film/film/costume_design_by /m/03gt0c5 1 1 0 0
/m/014zwb /film/film/costume_design_by /m/02w0dc0 1 1 0 0
/m/035_2h /film/film/costume_design_by /m/02pqgt8 1 1 0 0
/m/029jt9 /film/film/costume_design_by /m/02cqbx 1 1 0 1
std confidence count
/m/0bpm4yw /film/film/costume_design_by /m/03y1mlp 1 1 1 1
/m/0gndh /film/film/costume_design_by /m/025_nbr 1 1 1 1
/m/04vq33 /film/film/costume_design_by /m/0c6g29 1 1 1 1
/m/0k5g9 /film/film/costume_design_by /m/02cqbx 1 1 1 1
/m/0gys2jp /film/film/costume_design_by /m/03cp7b3 1 1 1 1
/m/05ldxl /film/film/costume_design_by /m/02pqgt8 1 1 1 1
/m/09g7vfw /film/film/costume_design_by /m/03mfqm 1 1 1 1
/m/0p9tm /film/film/costume_design_by /m/02cqbx 1 1 1 1
/m/0c57yj /film/film/costume_design_by /m/03mfqm 1 1 1 1
/m/0gcrg /film/film/costume_design_by /m/04vzv4 1 1 1 1
/m/03kxj2 /film/film/costume_design_by /m/026lyl4 1 1 1 1
/m/01y9r2 /film/film/costume_design_by /m/02w0dc0 1 1 1 1
/m/06rmdr /film/film/costume_design_by /m/06w33f8 1 1 1 1
/m/01f85k /film/film/costume_design_by /m/03cp7b3 1 1 1 1
/m/06sfk6 /film/film/costume_design_by /m/0bytfv 1 1 1 1
/m/01d2v1 /film/film/costume_design_by /m/026lyl4 1 1 1 1
/m/03prz_ /film/film/costume_design_by /m/02mxbd 1 1 1 1
/m/09cxm4 /film/film/costume_design_by /m/03gt0c5 1 1 1 1
/m/014zwb /film/film/costume_design_by /m/02w0dc0 1 1 1 1
/m/035_2h /film/film/costume_design_by /m/02pqgt8 1 1 1 1
/m/029jt9 /film/film/costume_design_by /m/02cqbx 1 1 0 1
pca confidence sum
/m/0bpm4yw /film/film/costume_design_by /m/03y1mlp 1 1 1 1
/m/0gndh /film/film/costume_design_by /m/025_nbr 1 1 0 0
/m/04vq33 /film/film/costume_design_by /m/0c6g29 1 1 1 1
/m/0k5g9 /film/film/costume_design_by /m/02cqbx 1 1 1 1
/m/0gys2jp /film/film/costume_design_by /m/03cp7b3 1 1 0 0
/m/05ldxl /film/film/costume_design_by /m/02pqgt8 1 1 0 0
/m/09g7vfw /film/film/costume_design_by /m/03mfqm 1 1 1 1
/m/0p9tm /film/film/costume_design_by /m/02cqbx 1 1 0 0
/m/0c57yj /film/film/costume_design_by /m/03mfqm 1 1 1 1
/m/0gcrg /film/film/costume_design_by /m/04vzv4 1 1 0 0
/m/03kxj2 /film/film/costume_design_by /m/026lyl4 1 1 0 0
/m/01y9r2 /film/film/costume_design_by /m/02w0dc0 1 1 0 0
/m/06rmdr /film/film/costume_design_by /m/06w33f8 1 1 1 1
/m/01f85k /film/film/costume_design_by /m/03cp7b3 1 1 1 1
/m/06sfk6 /film/film/costume_design_by /m/0bytfv 1 1 1 1
/m/01d2v1 /film/film/costume_design_by /m/026lyl4 1 1 0 0
/m/03prz_ /film/film/costume_design_by /m/02mxbd 1 1 1 1
/m/09cxm4 /film/film/costume_design_by /m/03gt0c5 1 1 0 0
/m/014zwb /film/film/costume_design_by /m/02w0dc0 1 1 0 0
/m/035_2h /film/film/costume_design_by /m/02pqgt8 1 1 0 0
/m/029jt9 /film/film/costume_design_by /m/02cqbx 1 1 1 1
std confidence sum
/m/0bpm4yw /film/film/costume_design_by /m/03y1mlp 1 1 1 1
/m/0gndh /film/film/costume_design_by /m/025_nbr 1 1 0 0
/m/04vq33 /film/film/costume_design_by /m/0c6g29 1 1 1 1
/m/0k5g9 /film/film/costume_design_by /m/02cqbx 1 1 1 1
/m/0gys2jp /film/film/costume_design_by /m/03cp7b3 1 1 1 1
/m/05ldxl /film/film/costume_design_by /m/02pqgt8 1 1 1 1
/m/09g7vfw /film/film/costume_design_by /m/03mfqm 1 1 1 1
/m/0p9tm /film/film/costume_design_by /m/02cqbx 1 1 1 1
/m/0c57yj /film/film/costume_design_by /m/03mfqm 1 1 1 1
/m/0gcrg /film/film/costume_design_by /m/04vzv4 1 1 0 0
/m/03kxj2 /film/film/costume_design_by /m/026lyl4 1 1 0 0
/m/01y9r2 /film/film/costume_design_by /m/02w0dc0 1 1 1 1
/m/06rmdr /film/film/costume_design_by /m/06w33f8 1 1 1 1
/m/01f85k /film/film/costume_design_by /m/03cp7b3 1 1 1 1
/m/06sfk6 /film/film/costume_design_by /m/0bytfv 1 1 1 1
/m/01d2v1 /film/film/costume_design_by /m/026lyl4 1 1 1 1
/m/03prz_ /film/film/costume_design_by /m/02mxbd 1 1 1 1
/m/09cxm4 /film/film/costume_design_by /m/03gt0c5 1 1 1 1
/m/014zwb /film/film/costume_design_by /m/02w0dc0 1 1 1 1
/m/035_2h /film/film/costume_design_by /m/02pqgt8 1 1 1 1
/m/029jt9 /film/film/costume_design_by /m/02cqbx 1 1 1 1
