pca confidence count
/m/09rx7tx /film/film/personal_appearances./film/personal_film_appearance/person /m/06pk8 1 1 0 0
/m/0g9z_32 /film/film/personal_appearances./film/personal_film_appearance/person /m/0d06m5 1 1 0 1
/m/03hkch7 /film/film/personal_appearances./film/personal_film_appearance/person /m/06c0j 0 0 0 0
/m/0bx_hnp /film/film/personal_appearances./film/personal_film_appearance/person /m/03bnv 1 1 0 1
/m/0dtzkt /film/film/personal_appearances./film/personal_film_appearance/person /m/02_t2t 0 0 0 0
/m/064q5v /film/film/personal_appearances./film/personal_film_appearance/person /m/028rk 1 1 0 0
/m/02847m9 /film/film/personal_appearances./film/personal_film_appearance/person /m/014q2g 1 1 0 1
/m/0g9lm2 /film/film/personal_appearances./film/personal_film_appearance/person /m/01jgpsh 1 1 0 0
/m/05nlx4 /film/film/personal_appearances./film/personal_film_appearance/person /m/014q2g 1 1 1 1
/m/03lrqw /film/film/personal_appearances./film/personal_film_appearance/person /m/01vsps 1 1 1 1
/m/04xbq3 /film/film/personal_appearances./film/personal_film_appearance/person /m/0p_47 0 0 0 0
/m/080lkt7 /film/film/personal_appearances./film/personal_film_appearance/person /m/0lrh 0 0 0 0
/m/0bx_hnp /film/film/personal_appearances./film/personal_film_appearance/person /m/02qwg 1 1 0 0
/m/087vnr5 /film/film/personal_appearances./film/personal_film_appearance/person /m/01g0jn 1 1 0 0
/m/0h1fktn /film/film/personal_appearances./film/personal_film_appearance/person /m/02qw2xb 1 1 0 0
/m/0cp08zg /film/film/personal_appearances./film/personal_film_appearance/person /m/05whq_9 1 1 1 1
/m/012jfb /film/film/personal_appearances./film/personal_film_appearance/person /m/01zlh5 1 1 0 0
std confidence count
/m/09rx7tx /film/film/personal_appearances./film/personal_film_appearance/person /m/06pk8 1 1 0 0
/m/0g9z_32 /film/film/personal_appearances./film/personal_film_appearance/person /m/0d06m5 1 1 0 1
/m/03hkch7 /film/film/personal_appearances./film/personal_film_appearance/person /m/06c0j 0 0 0 0
/m/0bx_hnp /film/film/personal_appearances./film/personal_film_appearance/person /m/03bnv 1 1 0 1
/m/0dtzkt /film/film/personal_appearances./film/personal_film_appearance/person /m/02_t2t 0 0 0 0
/m/064q5v /film/film/personal_appearances./film/personal_film_appearance/person /m/028rk 1 1 0 1
/m/02847m9 /film/film/personal_appearances./film/personal_film_appearance/person /m/014q2g 1 1 0 1
/m/0g9lm2 /film/film/personal_appearances./film/personal_film_appearance/person /m/01jgpsh 1 1 0 1
/m/05nlx4 /film/film/personal_appearances./film/personal_film_appearance/person /m/014q2g 1 1 1 1
/m/03lrqw /film/film/personal_appearances./film/personal_film_appearance/person /m/01vsps 1 1 1 1
/m/04xbq3 /film/film/personal_appearances./film/personal_film_appearance/person /m/0p_47 0 0 0 0
/m/080lkt7 /film/film/personal_appearances./film/personal_film_appearance/person /m/0lrh 0 0 0 0
/m/0bx_hnp /film/film/personal_appearances./film/personal_film_appearance/person /m/02qwg 1 1 0 1
/m/087vnr5 /film/film/personal_appearances./film/personal_film_appearance/person /m/01g0jn 1 1 1 1
/m/0h1fktn /film/film/personal_appearances./film/personal_film_appearance/person /m/02qw2xb 1 1 0 1
/m/0cp08zg /film/film/personal_appearances./film/personal_film_appearance/person /m/05whq_9 1 1 1 1
/m/012jfb /film/film/personal_appearances./film/personal_film_appearance/person /m/01zlh5 1 1 0 1
pca confidence sum
/m/09rx7tx /film/film/personal_appearances./film/personal_film_appearance/person /m/06pk8 1 1 0 0
/m/0g9z_32 /film/film/personal_appearances./film/personal_film_appearance/person /m/0d06m5 1 1 0 0
/m/03hkch7 /film/film/personal_appearances./film/personal_film_appearance/person /m/06c0j 0 0 0 0
/m/0bx_hnp /film/film/personal_appearances./film/personal_film_appearance/person /m/03bnv 1 1 0 1
/m/0dtzkt /film/film/personal_appearances./film/personal_film_appearance/person /m/02_t2t 0 0 0 0
/m/064q5v /film/film/personal_appearances./film/personal_film_appearance/person /m/028rk 1 1 0 0
/m/02847m9 /film/film/personal_appearances./film/personal_film_appearance/person /m/014q2g 1 1 1 1
/m/0g9lm2 /film/film/personal_appearances./film/personal_film_appearance/person /m/01jgpsh 0 0 0 0
/m/05nlx4 /film/film/personal_appearances./film/personal_film_appearance/person /m/014q2g 1 1 0 0
/m/03lrqw /film/film/personal_appearances./film/personal_film_appearance/person /m/01vsps 1 1 1 1
/m/04xbq3 /film/film/personal_appearances./film/personal_film_appearance/person /m/0p_47 0 0 0 0
/m/080lkt7 /film/film/personal_appearances./film/personal_film_appearance/person /m/0lrh 0 0 0 0
/m/0bx_hnp /film/film/personal_appearances./film/personal_film_appearance/person /m/02qwg 1 1 0 0
/m/087vnr5 /film/film/personal_appearances./film/personal_film_appearance/person /m/01g0jn 1 1 0 0
/m/0h1fktn /film/film/personal_appearances./film/personal_film_appearance/person /m/02qw2xb 1 1 0 0
/m/0cp08zg /film/film/personal_appearances./film/personal_film_appearance/person /m/05whq_9 1 1 1 1
/m/012jfb /film/film/personal_appearances./film/personal_film_appearance/person /m/01zlh5 1 1 0 0
std confidence sum
/m/09rx7tx /film/film/personal_appearances./film/personal_film_appearance/person /m/06pk8 1 1 0 0
/m/0g9z_32 /film/film/personal_appearances./film/personal_film_appearance/person /m/0d06m5 1 1 0 1
/m/03hkch7 /film/film/personal_appearances./film/personal_film_appearance/person /m/06c0j 0 0 0 0
/m/0bx_hnp /film/film/personal_appearances./film/personal_film_appearance/person /m/03bnv 1 1 0 1
/m/0dtzkt /film/film/personal_appearances./film/personal_film_appearance/person /m/02_t2t 0 0 0 0
/m/064q5v /film/film/personal_appearances./film/personal_film_appearance/person /m/028rk 1 1 0 1
/m/02847m9 /film/film/personal_appearances./film/personal_film_appearance/person /m/014q2g 1 1 0 1
/m/0g9lm2 /film/film/personal_appearances./film/personal_film_appearance/person /m/01jgpsh 1 1 0 1
/m/05nlx4 /film/film/personal_appearances./film/personal_film_appearance/person /m/014q2g 1 1 1 1
/m/03lrqw /film/film/personal_appearances./film/personal_film_appearance/person /m/01vsps 1 1 1 1
/m/04xbq3 /film/film/personal_appearances./film/personal_film_appearance/person /m/0p_47 0 0 0 0
/m/080lkt7 /film/film/personal_appearances./film/personal_film_appearance/person /m/0lrh 0 0 0 0
/m/0bx_hnp /film/film/personal_appearances./film/personal_film_appearance/person /m/02qwg 1 1 0 1
/m/087vnr5 /film/film/personal_appearances./film/personal_film_appearance/person /m/01g0jn 1 1 1 1
/m/0h1fktn /film/film/personal_appearances./film/personal_film_appearance/person /m/02qw2xb 1 1 0 0
/m/0cp08zg /film/film/personal_appearances./film/personal_film_appearance/person /m/05whq_9 1 1 1 1
/m/012jfb /film/film/personal_appearances./film/personal_film_appearance/person /m/01zlh5 1 1 0 1
