pca confidence count
/m/08wr3kg /film/film_casting_director/films_casting_directed /m/04q01mn 0 0 0 0
/m/09dv0sz /film/film_casting_director/films_casting_directed /m/0cc7hmk 0 0 0 0
/m/08wr3kg /film/film_casting_director/films_casting_directed /m/03s5lz 0 0 0 0
/m/0bxfmk /film/film_casting_director/films_casting_directed /m/02q56mk 0 0 0 0
/m/08wr3kg /film/film_casting_director/films_casting_directed /m/0sxfd 0 0 0 0
std confidence count
/m/08wr3kg /film/film_casting_director/films_casting_directed /m/04q01mn 0 1 0 0
/m/09dv0sz /film/film_casting_director/films_casting_directed /m/0cc7hmk 1 1 0 1
/m/08wr3kg /film/film_casting_director/films_casting_directed /m/03s5lz 0 1 0 0
/m/0bxfmk /film/film_casting_director/films_casting_directed /m/02q56mk 0 1 0 1
/m/08wr3kg /film/film_casting_director/films_casting_directed /m/0sxfd 0 1 0 0
pca confidence sum
/m/08wr3kg /film/film_casting_director/films_casting_directed /m/04q01mn 0 0 0 0
/m/09dv0sz /film/film_casting_director/films_casting_directed /m/0cc7hmk 0 0 0 0
/m/08wr3kg /film/film_casting_director/films_casting_directed /m/03s5lz 0 0 0 0
/m/0bxfmk /film/film_casting_director/films_casting_directed /m/02q56mk 0 0 0 0
/m/08wr3kg /film/film_casting_director/films_casting_directed /m/0sxfd 0 0 0 0
std confidence sum
/m/08wr3kg /film/film_casting_director/films_casting_directed /m/04q01mn 0 0 0 0
/m/09dv0sz /film/film_casting_director/films_casting_directed /m/0cc7hmk 1 1 0 1
/m/08wr3kg /film/film_casting_director/films_casting_directed /m/03s5lz 0 0 0 0
/m/0bxfmk /film/film_casting_director/films_casting_directed /m/02q56mk 0 0 0 0
/m/08wr3kg /film/film_casting_director/films_casting_directed /m/0sxfd 0 0 0 0
