pca confidence count
/m/027dcbn /film/film_character/portrayed_in_films./film/performance/actor /m/038rzr 0 0 0 0
/m/06rkl /film/film_character/portrayed_in_films./film/performance/actor /m/012j5h 0 0 0 0
/m/027dcbn /film/film_character/portrayed_in_films./film/performance/actor /m/0f0kz 0 0 0 0
/m/01d5g /film/film_character/portrayed_in_films./film/performance/actor /m/01yfm8 0 0 0 0
/m/04pzy /film/film_character/portrayed_in_films./film/performance/actor /m/0kjrx 0 0 0 0
/m/0147fv /film/film_character/portrayed_in_films./film/performance/actor /m/0k269 0 0 0 0
/m/0d9kl /film/film_character/portrayed_in_films./film/performance/actor /m/0223g8 1 1 0 0
/m/01d5g /film/film_character/portrayed_in_films./film/performance/actor /m/04wp3s 0 0 0 0
/m/0147fv /film/film_character/portrayed_in_films./film/performance/actor /m/09zmys 0 0 0 0
/m/070vn /film/film_character/portrayed_in_films./film/performance/actor /m/02tqkf 0 0 0 0
std confidence count
/m/027dcbn /film/film_character/portrayed_in_films./film/performance/actor /m/038rzr 0 0 0 0
/m/06rkl /film/film_character/portrayed_in_films./film/performance/actor /m/012j5h 1 1 0 1
/m/027dcbn /film/film_character/portrayed_in_films./film/performance/actor /m/0f0kz 1 1 0 1
/m/01d5g /film/film_character/portrayed_in_films./film/performance/actor /m/01yfm8 0 0 0 0
/m/04pzy /film/film_character/portrayed_in_films./film/performance/actor /m/0kjrx 0 0 0 0
/m/0147fv /film/film_character/portrayed_in_films./film/performance/actor /m/0k269 1 1 0 1
/m/0d9kl /film/film_character/portrayed_in_films./film/performance/actor /m/0223g8 1 1 0 1
/m/01d5g /film/film_character/portrayed_in_films./film/performance/actor /m/04wp3s 0 0 0 0
/m/0147fv /film/film_character/portrayed_in_films./film/performance/actor /m/09zmys 0 0 0 0
/m/070vn /film/film_character/portrayed_in_films./film/performance/actor /m/02tqkf 0 0 0 0
pca confidence sum
/m/027dcbn /film/film_character/portrayed_in_films./film/performance/actor /m/038rzr 0 0 0 0
/m/06rkl /film/film_character/portrayed_in_films./film/performance/actor /m/012j5h 0 0 0 0
/m/027dcbn /film/film_character/portrayed_in_films./film/performance/actor /m/0f0kz 0 0 0 0
/m/01d5g /film/film_character/portrayed_in_films./film/performance/actor /m/01yfm8 0 0 0 0
/m/04pzy /film/film_character/portrayed_in_films./film/performance/actor /m/0kjrx 0 0 0 0
/m/0147fv /film/film_character/portrayed_in_films./film/performance/actor /m/0k269 0 0 0 0
/m/0d9kl /film/film_character/portrayed_in_films./film/performance/actor /m/0223g8 1 1 0 0
/m/01d5g /film/film_character/portrayed_in_films./film/performance/actor /m/04wp3s 0 0 0 0
/m/0147fv /film/film_character/portrayed_in_films./film/performance/actor /m/09zmys 0 0 0 0
/m/070vn /film/film_character/portrayed_in_films./film/performance/actor /m/02tqkf 0 0 0 0
std confidence sum
/m/027dcbn /film/film_character/portrayed_in_films./film/performance/actor /m/038rzr 0 0 0 0
/m/06rkl /film/film_character/portrayed_in_films./film/performance/actor /m/012j5h 1 1 0 1
/m/027dcbn /film/film_character/portrayed_in_films./film/performance/actor /m/0f0kz 1 1 0 0
/m/01d5g /film/film_character/portrayed_in_films./film/performance/actor /m/01yfm8 0 0 0 0
/m/04pzy /film/film_character/portrayed_in_films./film/performance/actor /m/0kjrx 0 0 0 0
/m/0147fv /film/film_character/portrayed_in_films./film/performance/actor /m/0k269 0 1 0 0
/m/0d9kl /film/film_character/portrayed_in_films./film/performance/actor /m/0223g8 1 1 0 1
/m/01d5g /film/film_character/portrayed_in_films./film/performance/actor /m/04wp3s 0 0 0 0
/m/0147fv /film/film_character/portrayed_in_films./film/performance/actor /m/09zmys 0 0 0 0
/m/070vn /film/film_character/portrayed_in_films./film/performance/actor /m/02tqkf 0 0 0 0
