pca confidence count
/m/0735l /film/film_distribution_medium/films_distributed_in_this_medium./film/film_film_distributor_relationship/film /m/03nfnx 0 0 0 0
/m/0735l /film/film_distribution_medium/films_distributed_in_this_medium./film/film_film_distributor_relationship/film /m/02rv_dz 0 0 0 0
/m/0735l /film/film_distribution_medium/films_distributed_in_this_medium./film/film_film_distributor_relationship/film /m/02bj22 0 0 0 0
/m/0735l /film/film_distribution_medium/films_distributed_in_this_medium./film/film_film_distributor_relationship/film /m/0315rp 0 0 0 0
/m/0dq6p /film/film_distribution_medium/films_distributed_in_this_medium./film/film_film_distributor_relationship/film /m/031778 0 0 0 0
/m/0735l /film/film_distribution_medium/films_distributed_in_this_medium./film/film_film_distributor_relationship/film /m/01pvxl 0 0 0 0
/m/029j_ /film/film_distribution_medium/films_distributed_in_this_medium./film/film_film_distributor_relationship/film /m/02yvct 0 0 0 0
/m/0735l /film/film_distribution_medium/films_distributed_in_this_medium./film/film_film_distributor_relationship/film /m/05c46y6 0 0 0 0
/m/0735l /film/film_distribution_medium/films_distributed_in_this_medium./film/film_film_distributor_relationship/film /m/034qzw 0 0 0 0
/m/029j_ /film/film_distribution_medium/films_distributed_in_this_medium./film/film_film_distributor_relationship/film /m/0ddt_ 0 0 0 0
/m/0dq6p /film/film_distribution_medium/films_distributed_in_this_medium./film/film_film_distributor_relationship/film /m/0ds33 0 0 0 0
/m/0dq6p /film/film_distribution_medium/films_distributed_in_this_medium./film/film_film_distributor_relationship/film /m/0mbql 0 0 0 0
/m/0735l /film/film_distribution_medium/films_distributed_in_this_medium./film/film_film_distributor_relationship/film /m/0cd2vh9 0 0 0 0
/m/0735l /film/film_distribution_medium/films_distributed_in_this_medium./film/film_film_distributor_relationship/film /m/026p4q7 0 0 0 0
/m/0735l /film/film_distribution_medium/films_distributed_in_this_medium./film/film_film_distributor_relationship/film /m/0d_2fb 0 0 0 0
/m/0735l /film/film_distribution_medium/films_distributed_in_this_medium./film/film_film_distributor_relationship/film /m/0cz8mkh 0 0 0 0
/m/0735l /film/film_distribution_medium/films_distributed_in_this_medium./film/film_film_distributor_relationship/film /m/0639bg 0 0 0 0
/m/02nxhr /film/film_distribution_medium/films_distributed_in_this_medium./film/film_film_distributor_relationship/film /m/05567m 0 0 0 0
/m/02nxhr /film/film_distribution_medium/films_distributed_in_this_medium./film/film_film_distributor_relationship/film /m/0gfsq9 0 0 0 0
/m/0735l /film/film_distribution_medium/films_distributed_in_this_medium./film/film_film_distributor_relationship/film /m/01l2b3 0 0 0 0
/m/0735l /film/film_distribution_medium/films_distributed_in_this_medium./film/film_film_distributor_relationship/film /m/087pfc 0 0 0 0
/m/029j_ /film/film_distribution_medium/films_distributed_in_this_medium./film/film_film_distributor_relationship/film /m/06_wqk4 0 0 0 0
/m/0735l /film/film_distribution_medium/films_distributed_in_this_medium./film/film_film_distributor_relationship/film /m/02vz6dn 0 0 0 0
/m/029j_ /film/film_distribution_medium/films_distributed_in_this_medium./film/film_film_distributor_relationship/film /m/06gb1w 0 0 0 0
/m/02nxhr /film/film_distribution_medium/films_distributed_in_this_medium./film/film_film_distributor_relationship/film /m/01xlqd 0 0 0 0
/m/02nxhr /film/film_distribution_medium/films_distributed_in_this_medium./film/film_film_distributor_relationship/film /m/0bpm4yw 0 0 0 0
/m/0735l /film/film_distribution_medium/films_distributed_in_this_medium./film/film_film_distributor_relationship/film /m/0b6l1st 0 0 0 0
/m/0735l /film/film_distribution_medium/films_distributed_in_this_medium./film/film_film_distributor_relationship/film /m/0cp0ph6 0 0 0 0
/m/0dq6p /film/film_distribution_medium/films_distributed_in_this_medium./film/film_film_distributor_relationship/film /m/0dr_4 1 1 0 0
/m/029j_ /film/film_distribution_medium/films_distributed_in_this_medium./film/film_film_distributor_relationship/film /m/0bt4g 0 0 0 0
/m/0dq6p /film/film_distribution_medium/films_distributed_in_this_medium./film/film_film_distributor_relationship/film /m/01f7jt 0 0 0 0
/m/0735l /film/film_distribution_medium/films_distributed_in_this_medium./film/film_film_distributor_relationship/film /m/02gpkt 0 0 0 0
/m/0735l /film/film_distribution_medium/films_distributed_in_this_medium./film/film_film_distributor_relationship/film /m/04jm_hq 0 0 0 0
std confidence count
/m/0735l /film/film_distribution_medium/films_distributed_in_this_medium./film/film_film_distributor_relationship/film /m/03nfnx 0 1 0 0
/m/0735l /film/film_distribution_medium/films_distributed_in_this_medium./film/film_film_distributor_relationship/film /m/02rv_dz 0 1 0 1
/m/0735l /film/film_distribution_medium/films_distributed_in_this_medium./film/film_film_distributor_relationship/film /m/02bj22 0 1 0 1
/m/0735l /film/film_distribution_medium/films_distributed_in_this_medium./film/film_film_distributor_relationship/film /m/0315rp 0 1 0 0
/m/0dq6p /film/film_distribution_medium/films_distributed_in_this_medium./film/film_film_distributor_relationship/film /m/031778 1 1 0 1
/m/0735l /film/film_distribution_medium/films_distributed_in_this_medium./film/film_film_distributor_relationship/film /m/01pvxl 0 1 0 0
/m/029j_ /film/film_distribution_medium/films_distributed_in_this_medium./film/film_film_distributor_relationship/film /m/02yvct 0 1 0 1
/m/0735l /film/film_distribution_medium/films_distributed_in_this_medium./film/film_film_distributor_relationship/film /m/05c46y6 0 1 0 1
/m/0735l /film/film_distribution_medium/films_distributed_in_this_medium./film/film_film_distributor_relationship/film /m/034qzw 0 1 0 1
/m/029j_ /film/film_distribution_medium/films_distributed_in_this_medium./film/film_film_distributor_relationship/film /m/0ddt_ 0 1 0 1
/m/0dq6p /film/film_distribution_medium/films_distributed_in_this_medium./film/film_film_distributor_relationship/film /m/0ds33 0 0 0 0
/m/0dq6p /film/film_distribution_medium/films_distributed_in_this_medium./film/film_film_distributor_relationship/film /m/0mbql 0 1 0 1
/m/0735l /film/film_distribution_medium/films_distributed_in_this_medium./film/film_film_distributor_relationship/film /m/0cd2vh9 0 1 0 1
/m/0735l /film/film_distribution_medium/films_distributed_in_this_medium./film/film_film_distributor_relationship/film /m/026p4q7 0 1 0 1
/m/0735l /film/film_distribution_medium/films_distributed_in_this_medium./film/film_film_distributor_relationship/film /m/0d_2fb 0 1 0 0
/m/0735l /film/film_distribution_medium/films_distributed_in_this_medium./film/film_film_distributor_relationship/film /m/0cz8mkh 0 1 0 1
/m/0735l /film/film_distribution_medium/films_distributed_in_this_medium./film/film_film_distributor_relationship/film /m/0639bg 0 1 0 1
/m/02nxhr /film/film_distribution_medium/films_distributed_in_this_medium./film/film_film_distributor_relationship/film /m/05567m 0 0 0 0
/m/02nxhr /film/film_distribution_medium/films_distributed_in_this_medium./film/film_film_distributor_relationship/film /m/0gfsq9 0 0 0 0
/m/0735l /film/film_distribution_medium/films_distributed_in_this_medium./film/film_film_distributor_relationship/film /m/01l2b3 0 1 0 0
/m/0735l /film/film_distribution_medium/films_distributed_in_this_medium./film/film_film_distributor_relationship/film /m/087pfc 0 1 0 1
/m/029j_ /film/film_distribution_medium/films_distributed_in_this_medium./film/film_film_distributor_relationship/film /m/06_wqk4 0 1 0 0
/m/0735l /film/film_distribution_medium/films_distributed_in_this_medium./film/film_film_distributor_relationship/film /m/02vz6dn 0 1 0 1
/m/029j_ /film/film_distribution_medium/films_distributed_in_this_medium./film/film_film_distributor_relationship/film /m/06gb1w 0 1 0 1
/m/02nxhr /film/film_distribution_medium/films_distributed_in_this_medium./film/film_film_distributor_relationship/film /m/01xlqd 0 1 0 1
/m/02nxhr /film/film_distribution_medium/films_distributed_in_this_medium./film/film_film_distributor_relationship/film /m/0bpm4yw 1 1 0 1
/m/0735l /film/film_distribution_medium/films_distributed_in_this_medium./film/film_film_distributor_relationship/film /m/0b6l1st 0 1 0 1
/m/0735l /film/film_distribution_medium/films_distributed_in_this_medium./film/film_film_distributor_relationship/film /m/0cp0ph6 0 1 0 1
/m/0dq6p /film/film_distribution_medium/films_distributed_in_this_medium./film/film_film_distributor_relationship/film /m/0dr_4 0 1 0 1
/m/029j_ /film/film_distribution_medium/films_distributed_in_this_medium./film/film_film_distributor_relationship/film /m/0bt4g 0 1 0 1
/m/0dq6p /film/film_distribution_medium/films_distributed_in_this_medium./film/film_film_distributor_relationship/film /m/01f7jt 0 1 0 1
/m/0735l /film/film_distribution_medium/films_distributed_in_this_medium./film/film_film_distributor_relationship/film /m/02gpkt 0 1 0 0
/m/0735l /film/film_distribution_medium/films_distributed_in_this_medium./film/film_film_distributor_relationship/film /m/04jm_hq 0 1 0 1
pca confidence sum
/m/0735l /film/film_distribution_medium/films_distributed_in_this_medium./film/film_film_distributor_relationship/film /m/03nfnx 0 0 0 0
/m/0735l /film/film_distribution_medium/films_distributed_in_this_medium./film/film_film_distributor_relationship/film /m/02rv_dz 0 0 0 0
/m/0735l /film/film_distribution_medium/films_distributed_in_this_medium./film/film_film_distributor_relationship/film /m/02bj22 0 0 0 0
/m/0735l /film/film_distribution_medium/films_distributed_in_this_medium./film/film_film_distributor_relationship/film /m/0315rp 0 0 0 0
/m/0dq6p /film/film_distribution_medium/films_distributed_in_this_medium./film/film_film_distributor_relationship/film /m/031778 1 1 0 0
/m/0735l /film/film_distribution_medium/films_distributed_in_this_medium./film/film_film_distributor_relationship/film /m/01pvxl 0 0 0 0
/m/029j_ /film/film_distribution_medium/films_distributed_in_this_medium./film/film_film_distributor_relationship/film /m/02yvct 0 1 0 0
/m/0735l /film/film_distribution_medium/films_distributed_in_this_medium./film/film_film_distributor_relationship/film /m/05c46y6 0 0 0 0
/m/0735l /film/film_distribution_medium/films_distributed_in_this_medium./film/film_film_distributor_relationship/film /m/034qzw 0 0 0 0
/m/029j_ /film/film_distribution_medium/films_distributed_in_this_medium./film/film_film_distributor_relationship/film /m/0ddt_ 1 1 0 0
/m/0dq6p /film/film_distribution_medium/films_distributed_in_this_medium./film/film_film_distributor_relationship/film /m/0ds33 0 0 0 0
/m/0dq6p /film/film_distribution_medium/films_distributed_in_this_medium./film/film_film_distributor_relationship/film /m/0mbql 0 0 0 0
/m/0735l /film/film_distribution_medium/films_distributed_in_this_medium./film/film_film_distributor_relationship/film /m/0cd2vh9 0 0 0 0
/m/0735l /film/film_distribution_medium/films_distributed_in_this_medium./film/film_film_distributor_relationship/film /m/026p4q7 0 1 0 0
/m/0735l /film/film_distribution_medium/films_distributed_in_this_medium./film/film_film_distributor_relationship/film /m/0d_2fb 0 0 0 0
/m/0735l /film/film_distribution_medium/films_distributed_in_this_medium./film/film_film_distributor_relationship/film /m/0cz8mkh 0 0 0 0
/m/0735l /film/film_distribution_medium/films_distributed_in_this_medium./film/film_film_distributor_relationship/film /m/0639bg 0 0 0 0
/m/02nxhr /film/film_distribution_medium/films_distributed_in_this_medium./film/film_film_distributor_relationship/film /m/05567m 0 0 0 0
/m/02nxhr /film/film_distribution_medium/films_distributed_in_this_medium./film/film_film_distributor_relationship/film /m/0gfsq9 0 0 0 0
/m/0735l /film/film_distribution_medium/films_distributed_in_this_medium./film/film_film_distributor_relationship/film /m/01l2b3 0 0 0 0
/m/0735l /film/film_distribution_medium/films_distributed_in_this_medium./film/film_film_distributor_relationship/film /m/087pfc 0 0 0 0
/m/029j_ /film/film_distribution_medium/films_distributed_in_this_medium./film/film_film_distributor_relationship/film /m/06_wqk4 0 0 0 0
/m/0735l /film/film_distribution_medium/films_distributed_in_this_medium./film/film_film_distributor_relationship/film /m/02vz6dn 0 0 0 0
/m/029j_ /film/film_distribution_medium/films_distributed_in_this_medium./film/film_film_distributor_relationship/film /m/06gb1w 0 0 0 0
/m/02nxhr /film/film_distribution_medium/films_distributed_in_this_medium./film/film_film_distributor_relationship/film /m/01xlqd 0 0 0 0
/m/02nxhr /film/film_distribution_medium/films_distributed_in_this_medium./film/film_film_distributor_relationship/film /m/0bpm4yw 0 0 0 0
/m/0735l /film/film_distribution_medium/films_distributed_in_this_medium./film/film_film_distributor_relationship/film /m/0b6l1st 0 0 0 0
/m/0735l /film/film_distribution_medium/films_distributed_in_this_medium./film/film_film_distributor_relationship/film /m/0cp0ph6 0 0 0 0
/m/0dq6p /film/film_distribution_medium/films_distributed_in_this_medium./film/film_film_distributor_relationship/film /m/0dr_4 0 0 0 0
/m/029j_ /film/film_distribution_medium/films_distributed_in_this_medium./film/film_film_distributor_relationship/film /m/0bt4g 0 0 0 0
/m/0dq6p /film/film_distribution_medium/films_distributed_in_this_medium./film/film_film_distributor_relationship/film /m/01f7jt 0 0 0 0
/m/0735l /film/film_distribution_medium/films_distributed_in_this_medium./film/film_film_distributor_relationship/film /m/02gpkt 0 0 0 0
/m/0735l /film/film_distribution_medium/films_distributed_in_this_medium./film/film_film_distributor_relationship/film /m/04jm_hq 0 0 0 0
std confidence sum
/m/0735l /film/film_distribution_medium/films_distributed_in_this_medium./film/film_film_distributor_relationship/film /m/03nfnx 0 0 0 0
/m/0735l /film/film_distribution_medium/films_distributed_in_this_medium./film/film_film_distributor_relationship/film /m/02rv_dz 0 0 0 0
/m/0735l /film/film_distribution_medium/films_distributed_in_this_medium./film/film_film_distributor_relationship/film /m/02bj22 0 0 0 0
/m/0735l /film/film_distribution_medium/films_distributed_in_this_medium./film/film_film_distributor_relationship/film /m/0315rp 0 0 0 0
/m/0dq6p /film/film_distribution_medium/films_distributed_in_this_medium./film/film_film_distributor_relationship/film /m/031778 1 1 0 0
/m/0735l /film/film_distribution_medium/films_distributed_in_this_medium./film/film_film_distributor_relationship/film /m/01pvxl 0 0 0 0
/m/029j_ /film/film_distribution_medium/films_distributed_in_this_medium./film/film_film_distributor_relationship/film /m/02yvct 0 1 0 0
/m/0735l /film/film_distribution_medium/films_distributed_in_this_medium./film/film_film_distributor_relationship/film /m/05c46y6 0 0 0 0
/m/0735l /film/film_distribution_medium/films_distributed_in_this_medium./film/film_film_distributor_relationship/film /m/034qzw 0 0 0 0
/m/029j_ /film/film_distribution_medium/films_distributed_in_this_medium./film/film_film_distributor_relationship/film /m/0ddt_ 1 1 0 1
/m/0dq6p /film/film_distribution_medium/films_distributed_in_this_medium./film/film_film_distributor_relationship/film /m/0ds33 0 0 0 0
/m/0dq6p /film/film_distribution_medium/films_distributed_in_this_medium./film/film_film_distributor_relationship/film /m/0mbql 0 1 0 0
/m/0735l /film/film_distribution_medium/films_distributed_in_this_medium./film/film_film_distributor_relationship/film /m/0cd2vh9 0 0 0 0
/m/0735l /film/film_distribution_medium/films_distributed_in_this_medium./film/film_film_distributor_relationship/film /m/026p4q7 0 0 0 0
/m/0735l /film/film_distribution_medium/films_distributed_in_this_medium./film/film_film_distributor_relationship/film /m/0d_2fb 0 0 0 0
/m/0735l /film/film_distribution_medium/films_distributed_in_this_medium./film/film_film_distributor_relationship/film /m/0cz8mkh 0 0 0 0
/m/0735l /film/film_distribution_medium/films_distributed_in_this_medium./film/film_film_distributor_relationship/film /m/0639bg 0 0 0 0
/m/02nxhr /film/film_distribution_medium/films_distributed_in_this_medium./film/film_film_distributor_relationship/film /m/05567m 0 0 0 0
/m/02nxhr /film/film_distribution_medium/films_distributed_in_this_medium./film/film_film_distributor_relationship/film /m/0gfsq9 0 0 0 0
/m/0735l /film/film_distribution_medium/films_distributed_in_this_medium./film/film_film_distributor_relationship/film /m/01l2b3 0 0 0 0
/m/0735l /film/film_distribution_medium/films_distributed_in_this_medium./film/film_film_distributor_relationship/film /m/087pfc 0 0 0 0
/m/029j_ /film/film_distribution_medium/films_distributed_in_this_medium./film/film_film_distributor_relationship/film /m/06_wqk4 0 0 0 0
/m/0735l /film/film_distribution_medium/films_distributed_in_this_medium./film/film_film_distributor_relationship/film /m/02vz6dn 0 0 0 0
/m/029j_ /film/film_distribution_medium/films_distributed_in_this_medium./film/film_film_distributor_relationship/film /m/06gb1w 0 0 0 0
/m/02nxhr /film/film_distribution_medium/films_distributed_in_this_medium./film/film_film_distributor_relationship/film /m/01xlqd 0 0 0 0
/m/02nxhr /film/film_distribution_medium/films_distributed_in_this_medium./film/film_film_distributor_relationship/film /m/0bpm4yw 0 1 0 0
/m/0735l /film/film_distribution_medium/films_distributed_in_this_medium./film/film_film_distributor_relationship/film /m/0b6l1st 0 0 0 0
/m/0735l /film/film_distribution_medium/films_distributed_in_this_medium./film/film_film_distributor_relationship/film /m/0cp0ph6 0 0 0 0
/m/0dq6p /film/film_distribution_medium/films_distributed_in_this_medium./film/film_film_distributor_relationship/film /m/0dr_4 0 0 0 0
/m/029j_ /film/film_distribution_medium/films_distributed_in_this_medium./film/film_film_distributor_relationship/film /m/0bt4g 0 1 0 0
/m/0dq6p /film/film_distribution_medium/films_distributed_in_this_medium./film/film_film_distributor_relationship/film /m/01f7jt 0 1 0 0
/m/0735l /film/film_distribution_medium/films_distributed_in_this_medium./film/film_film_distributor_relationship/film /m/02gpkt 0 0 0 0
/m/0735l /film/film_distribution_medium/films_distributed_in_this_medium./film/film_film_distributor_relationship/film /m/04jm_hq 0 0 0 0
