pca confidence count
/m/0147fv /film/personal_film_appearance_type/film_appearances./film/personal_film_appearance/person /m/02l4rh 0 0 0 0
/m/0147fv /film/personal_film_appearance_type/film_appearances./film/personal_film_appearance/person /m/01w1kyf 0 0 0 0
/m/0147fv /film/personal_film_appearance_type/film_appearances./film/personal_film_appearance/person /m/01846t 0 0 0 0
/m/0147fv /film/personal_film_appearance_type/film_appearances./film/personal_film_appearance/person /m/02js_6 0 0 0 0
/m/0147fv /film/personal_film_appearance_type/film_appearances./film/personal_film_appearance/person /m/04sry 0 0 0 0
/m/0147fv /film/personal_film_appearance_type/film_appearances./film/personal_film_appearance/person /m/046zh 0 0 0 0
/m/0147fv /film/personal_film_appearance_type/film_appearances./film/personal_film_appearance/person /m/01t07j 0 0 0 0
/m/0147fv /film/personal_film_appearance_type/film_appearances./film/personal_film_appearance/person /m/01zz8t 0 0 0 0
/m/0147fv /film/personal_film_appearance_type/film_appearances./film/personal_film_appearance/person /m/02bj6k 0 0 0 0
/m/01jdpf /film/personal_film_appearance_type/film_appearances./film/personal_film_appearance/person /m/081lh 0 1 0 0
/m/01jdpf /film/personal_film_appearance_type/film_appearances./film/personal_film_appearance/person /m/01cpqk 0 0 0 0
/m/0147fv /film/personal_film_appearance_type/film_appearances./film/personal_film_appearance/person /m/0ywqc 0 0 0 0
/m/0147fv /film/personal_film_appearance_type/film_appearances./film/personal_film_appearance/person /m/01tcf7 0 0 0 0
/m/01jdpf /film/personal_film_appearance_type/film_appearances./film/personal_film_appearance/person /m/05whq_9 0 0 0 0
/m/0147fv /film/personal_film_appearance_type/film_appearances./film/personal_film_appearance/person /m/0z4s 0 1 0 0
/m/0147fv /film/personal_film_appearance_type/film_appearances./film/personal_film_appearance/person /m/03h_fqv 0 0 0 0
/m/0147fv /film/personal_film_appearance_type/film_appearances./film/personal_film_appearance/person /m/02j4sk 0 0 0 0
/m/0147fv /film/personal_film_appearance_type/film_appearances./film/personal_film_appearance/person /m/033tln 0 0 0 0
/m/0147fv /film/personal_film_appearance_type/film_appearances./film/personal_film_appearance/person /m/01pj3h 0 0 0 0
/m/0147fv /film/personal_film_appearance_type/film_appearances./film/personal_film_appearance/person /m/0l8v5 0 0 0 0
/m/0147fv /film/personal_film_appearance_type/film_appearances./film/personal_film_appearance/person /m/02wgln 0 0 0 0
/m/0147fv /film/personal_film_appearance_type/film_appearances./film/personal_film_appearance/person /m/01nm3s 0 0 0 0
/m/0147fv /film/personal_film_appearance_type/film_appearances./film/personal_film_appearance/person /m/02lfwp 0 0 0 0
/m/0147fv /film/personal_film_appearance_type/film_appearances./film/personal_film_appearance/person /m/03k7bd 0 0 0 0
/m/0147fv /film/personal_film_appearance_type/film_appearances./film/personal_film_appearance/person /m/01_rh4 0 0 0 0
/m/01jdpf /film/personal_film_appearance_type/film_appearances./film/personal_film_appearance/person /m/01htxr 0 0 0 0
/m/0147fv /film/personal_film_appearance_type/film_appearances./film/personal_film_appearance/person /m/0lgsq 0 0 0 0
/m/0147fv /film/personal_film_appearance_type/film_appearances./film/personal_film_appearance/person /m/0c12h 0 0 0 0
/m/0147fv /film/personal_film_appearance_type/film_appearances./film/personal_film_appearance/person /m/014kg4 0 0 0 0
/m/0147fv /film/personal_film_appearance_type/film_appearances./film/personal_film_appearance/person /m/0127m7 0 0 0 0
std confidence count
/m/0147fv /film/personal_film_appearance_type/film_appearances./film/personal_film_appearance/person /m/02l4rh 0 1 0 1
/m/0147fv /film/personal_film_appearance_type/film_appearances./film/personal_film_appearance/person /m/01w1kyf 0 1 0 1
/m/0147fv /film/personal_film_appearance_type/film_appearances./film/personal_film_appearance/person /m/01846t 0 1 0 1
/m/0147fv /film/personal_film_appearance_type/film_appearances./film/personal_film_appearance/person /m/02js_6 0 1 0 1
/m/0147fv /film/personal_film_appearance_type/film_appearances./film/personal_film_appearance/person /m/04sry 0 1 0 1
/m/0147fv /film/personal_film_appearance_type/film_appearances./film/personal_film_appearance/person /m/046zh 0 0 0 0
/m/0147fv /film/personal_film_appearance_type/film_appearances./film/personal_film_appearance/person /m/01t07j 0 1 0 0
/m/0147fv /film/personal_film_appearance_type/film_appearances./film/personal_film_appearance/person /m/01zz8t 0 1 0 1
/m/0147fv /film/personal_film_appearance_type/film_appearances./film/personal_film_appearance/person /m/02bj6k 0 1 0 1
/m/01jdpf /film/personal_film_appearance_type/film_appearances./film/personal_film_appearance/person /m/081lh 1 1 0 1
/m/01jdpf /film/personal_film_appearance_type/film_appearances./film/personal_film_appearance/person /m/01cpqk 0 1 0 1
/m/0147fv /film/personal_film_appearance_type/film_appearances./film/personal_film_appearance/person /m/0ywqc 0 1 0 1
/m/0147fv /film/personal_film_appearance_type/film_appearances./film/personal_film_appearance/person /m/01tcf7 0 1 0 1
/m/01jdpf /film/personal_film_appearance_type/film_appearances./film/personal_film_appearance/person /m/05whq_9 0 1 0 1
/m/0147fv /film/personal_film_appearance_type/film_appearances./film/personal_film_appearance/person /m/0z4s 0 0 0 0
/m/0147fv /film/personal_film_appearance_type/film_appearances./film/personal_film_appearance/person /m/03h_fqv 0 1 0 1
/m/0147fv /film/personal_film_appearance_type/film_appearances./film/personal_film_appearance/person /m/02j4sk 0 0 0 0
/m/0147fv /film/personal_film_appearance_type/film_appearances./film/personal_film_appearance/person /m/033tln 0 1 0 1
/m/0147fv /film/personal_film_appearance_type/film_appearances./film/personal_film_appearance/person /m/01pj3h 0 1 0 1
/m/0147fv /film/personal_film_appearance_type/film_appearances./film/personal_film_appearance/person /m/0l8v5 0 1 0 1
/m/0147fv /film/personal_film_appearance_type/film_appearances./film/personal_film_appearance/person /m/02wgln 0 1 0 1
/m/0147fv /film/personal_film_appearance_type/film_appearances./film/personal_film_appearance/person /m/01nm3s 0 1 0 1
/m/0147fv /film/personal_film_appearance_type/film_appearances./film/personal_film_appearance/person /m/02lfwp 0 1 0 1
/m/0147fv /film/personal_film_appearance_type/film_appearances./film/personal_film_appearance/person /m/03k7bd 0 1 0 1
/m/0147fv /film/personal_film_appearance_type/film_appearances./film/personal_film_appearance/person /m/01_rh4 0 1 0 1
/m/01jdpf /film/personal_film_appearance_type/film_appearances./film/personal_film_appearance/person /m/01htxr 0 1 0 1
/m/0147fv /film/personal_film_appearance_type/film_appearances./film/personal_film_appearance/person /m/0lgsq 0 1 0 1
/m/0147fv /film/personal_film_appearance_type/film_appearances./film/personal_film_appearance/person /m/0c12h 0 1 0 1
/m/0147fv /film/personal_film_appearance_type/film_appearances./film/personal_film_appearance/person /m/014kg4 0 1 0 1
/m/0147fv /film/personal_film_appearance_type/film_appearances./film/personal_film_appearance/person /m/0127m7 0 0 0 0
pca confidence sum
/m/0147fv /film/personal_film_appearance_type/film_appearances./film/personal_film_appearance/person /m/02l4rh 0 0 0 0
/m/0147fv /film/personal_film_appearance_type/film_appearances./film/personal_film_appearance/person /m/01w1kyf 0 0 0 0
/m/0147fv /film/personal_film_appearance_type/film_appearances./film/personal_film_appearance/person /m/01846t 0 0 0 0
/m/0147fv /film/personal_film_appearance_type/film_appearances./film/personal_film_appearance/person /m/02js_6 0 0 0 0
/m/0147fv /film/personal_film_appearance_type/film_appearances./film/personal_film_appearance/person /m/04sry 0 0 0 0
/m/0147fv /film/personal_film_appearance_type/film_appearances./film/personal_film_appearance/person /m/046zh 0 0 0 0
/m/0147fv /film/personal_film_appearance_type/film_appearances./film/personal_film_appearance/person /m/01t07j 0 0 0 0
/m/0147fv /film/personal_film_appearance_type/film_appearances./film/personal_film_appearance/person /m/01zz8t 0 0 0 0
/m/0147fv /film/personal_film_appearance_type/film_appearances./film/personal_film_appearance/person /m/02bj6k 0 0 0 0
/m/01jdpf /film/personal_film_appearance_type/film_appearances./film/personal_film_appearance/person /m/081lh 0 0 0 0
/m/01jdpf /film/personal_film_appearance_type/film_appearances./film/personal_film_appearance/person /m/01cpqk 0 0 0 0
/m/0147fv /film/personal_film_appearance_type/film_appearances./film/personal_film_appearance/person /m/0ywqc 0 0 0 0
/m/0147fv /film/personal_film_appearance_type/film_appearances./film/personal_film_appearance/person /m/01tcf7 0 0 0 0
/m/01jdpf /film/personal_film_appearance_type/film_appearances./film/personal_film_appearance/person /m/05whq_9 0 0 0 0
/m/0147fv /film/personal_film_appearance_type/film_appearances./film/personal_film_appearance/person /m/0z4s 0 1 0 0
/m/0147fv /film/personal_film_appearance_type/film_appearances./film/personal_film_appearance/person /m/03h_fqv 0 0 0 0
/m/0147fv /film/personal_film_appearance_type/film_appearances./film/personal_film_appearance/person /m/02j4sk 0 0 0 0
/m/0147fv /film/personal_film_appearance_type/film_appearances./film/personal_film_appearance/person /m/033tln 0 0 0 0
/m/0147fv /film/personal_film_appearance_type/film_appearances./film/personal_film_appearance/person /m/01pj3h 0 0 0 0
/m/0147fv /film/personal_film_appearance_type/film_appearances./film/personal_film_appearance/person /m/0l8v5 0 0 0 0
/m/0147fv /film/personal_film_appearance_type/film_appearances./film/personal_film_appearance/person /m/02wgln 0 0 0 0
/m/0147fv /film/personal_film_appearance_type/film_appearances./film/personal_film_appearance/person /m/01nm3s 0 0 0 0
/m/0147fv /film/personal_film_appearance_type/film_appearances./film/personal_film_appearance/person /m/02lfwp 0 0 0 0
/m/0147fv /film/personal_film_appearance_type/film_appearances./film/personal_film_appearance/person /m/03k7bd 0 0 0 0
/m/0147fv /film/personal_film_appearance_type/film_appearances./film/personal_film_appearance/person /m/01_rh4 0 0 0 0
/m/01jdpf /film/personal_film_appearance_type/film_appearances./film/personal_film_appearance/person /m/01htxr 0 0 0 0
/m/0147fv /film/personal_film_appearance_type/film_appearances./film/personal_film_appearance/person /m/0lgsq 0 0 0 0
/m/0147fv /film/personal_film_appearance_type/film_appearances./film/personal_film_appearance/person /m/0c12h 0 0 0 0
/m/0147fv /film/personal_film_appearance_type/film_appearances./film/personal_film_appearance/person /m/014kg4 0 0 0 0
/m/0147fv /film/personal_film_appearance_type/film_appearances./film/personal_film_appearance/person /m/0127m7 0 0 0 0
std confidence sum
/m/0147fv /film/personal_film_appearance_type/film_appearances./film/personal_film_appearance/person /m/02l4rh 0 0 0 0
/m/0147fv /film/personal_film_appearance_type/film_appearances./film/personal_film_appearance/person /m/01w1kyf 0 0 0 0
/m/0147fv /film/personal_film_appearance_type/film_appearances./film/personal_film_appearance/person /m/01846t 0 1 0 0
/m/0147fv /film/personal_film_appearance_type/film_appearances./film/personal_film_appearance/person /m/02js_6 0 0 0 0
/m/0147fv /film/personal_film_appearance_type/film_appearances./film/personal_film_appearance/person /m/04sry 0 0 0 0
/m/0147fv /film/personal_film_appearance_type/film_appearances./film/personal_film_appearance/person /m/046zh 0 0 0 0
/m/0147fv /film/personal_film_appearance_type/film_appearances./film/personal_film_appearance/person /m/01t07j 0 0 0 0
/m/0147fv /film/personal_film_appearance_type/film_appearances./film/personal_film_appearance/person /m/01zz8t 0 0 0 0
/m/0147fv /film/personal_film_appearance_type/film_appearances./film/personal_film_appearance/person /m/02bj6k 0 0 0 0
/m/01jdpf /film/personal_film_appearance_type/film_appearances./film/personal_film_appearance/person /m/081lh 1 1 0 0
/m/01jdpf /film/personal_film_appearance_type/film_appearances./film/personal_film_appearance/person /m/01cpqk 0 1 0 0
/m/0147fv /film/personal_film_appearance_type/film_appearances./film/personal_film_appearance/person /m/0ywqc 0 0 0 0
/m/0147fv /film/personal_film_appearance_type/film_appearances./film/personal_film_appearance/person /m/01tcf7 0 0 0 0
/m/01jdpf /film/personal_film_appearance_type/film_appearances./film/personal_film_appearance/person /m/05whq_9 0 0 0 0
/m/0147fv /film/personal_film_appearance_type/film_appearances./film/personal_film_appearance/person /m/0z4s 0 1 0 0
/m/0147fv /film/personal_film_appearance_type/film_appearances./film/personal_film_appearance/person /m/03h_fqv 0 0 0 0
/m/0147fv /film/personal_film_appearance_type/film_appearances./film/personal_film_appearance/person /m/02j4sk 0 0 0 0
/m/0147fv /film/personal_film_appearance_type/film_appearances./film/personal_film_appearance/person /m/033tln 0 0 0 0
/m/0147fv /film/personal_film_appearance_type/film_appearances./film/personal_film_appearance/person /m/01pj3h 0 0 0 0
/m/0147fv /film/personal_film_appearance_type/film_appearances./film/personal_film_appearance/person /m/0l8v5 0 0 0 0
/m/0147fv /film/personal_film_appearance_type/film_appearances./film/personal_film_appearance/person /m/02wgln 0 0 0 0
/m/0147fv /film/personal_film_appearance_type/film_appearances./film/personal_film_appearance/person /m/01nm3s 0 0 0 0
/m/0147fv /film/personal_film_appearance_type/film_appearances./film/personal_film_appearance/person /m/02lfwp 0 0 0 0
/m/0147fv /film/personal_film_appearance_type/film_appearances./film/personal_film_appearance/person /m/03k7bd 0 0 0 0
/m/0147fv /film/personal_film_appearance_type/film_appearances./film/personal_film_appearance/person /m/01_rh4 0 0 0 0
/m/01jdpf /film/personal_film_appearance_type/film_appearances./film/personal_film_appearance/person /m/01htxr 0 0 0 0
/m/0147fv /film/personal_film_appearance_type/film_appearances./film/personal_film_appearance/person /m/0lgsq 0 0 0 0
/m/0147fv /film/personal_film_appearance_type/film_appearances./film/personal_film_appearance/person /m/0c12h 0 0 0 0
/m/0147fv /film/personal_film_appearance_type/film_appearances./film/personal_film_appearance/person /m/014kg4 0 0 0 0
/m/0147fv /film/personal_film_appearance_type/film_appearances./film/personal_film_appearance/person /m/0127m7 0 0 0 0
