pca confidence count
/m/07_lq /food/diet/followers /m/06y3r 0 0 0 0
/m/07_hy /food/diet/followers /m/01rh0w 0 0 0 0
/m/07_lq /food/diet/followers /m/03bnv 1 1 0 0
/m/07_hy /food/diet/followers /m/04x1_w 0 0 0 0
/m/07_hy /food/diet/followers /m/03h8_g 0 0 0 0
/m/07_lq /food/diet/followers /m/01vrnsk 0 0 0 0
/m/07_hy /food/diet/followers /m/01f2f8 0 0 0 0
/m/07_hy /food/diet/followers /m/01w524f 0 0 0 0
/m/07_hy /food/diet/followers /m/015t56 0 0 0 0
/m/07_lq /food/diet/followers /m/086qd 0 0 0 0
/m/07_lq /food/diet/followers /m/09889g 1 1 0 0
/m/07_hy /food/diet/followers /m/049dyj 0 0 0 0
/m/07_lq /food/diet/followers /m/07r1h 0 0 0 0
/m/07_hy /food/diet/followers /m/01w7nww 0 0 0 0
/m/07_lq /food/diet/followers /m/0d6d2 0 0 0 0
std confidence count
/m/07_lq /food/diet/followers /m/06y3r 0 0 0 0
/m/07_hy /food/diet/followers /m/01rh0w 0 1 0 1
/m/07_lq /food/diet/followers /m/03bnv 1 1 0 1
/m/07_hy /food/diet/followers /m/04x1_w 0 1 0 1
/m/07_hy /food/diet/followers /m/03h8_g 0 1 0 1
/m/07_lq /food/diet/followers /m/01vrnsk 0 0 0 0
/m/07_hy /food/diet/followers /m/01f2f8 0 0 0 0
/m/07_hy /food/diet/followers /m/01w524f 0 1 0 1
/m/07_hy /food/diet/followers /m/015t56 0 1 0 1
/m/07_lq /food/diet/followers /m/086qd 0 0 0 0
/m/07_lq /food/diet/followers /m/09889g 1 1 0 1
/m/07_hy /food/diet/followers /m/049dyj 0 1 0 1
/m/07_lq /food/diet/followers /m/07r1h 0 0 0 0
/m/07_hy /food/diet/followers /m/01w7nww 1 1 0 1
/m/07_lq /food/diet/followers /m/0d6d2 0 1 0 1
pca confidence sum
/m/07_lq /food/diet/followers /m/06y3r 0 0 0 0
/m/07_hy /food/diet/followers /m/01rh0w 0 0 0 0
/m/07_lq /food/diet/followers /m/03bnv 0 1 0 0
/m/07_hy /food/diet/followers /m/04x1_w 0 0 0 0
/m/07_hy /food/diet/followers /m/03h8_g 0 0 0 0
/m/07_lq /food/diet/followers /m/01vrnsk 0 0 0 0
/m/07_hy /food/diet/followers /m/01f2f8 0 0 0 0
/m/07_hy /food/diet/followers /m/01w524f 0 0 0 0
/m/07_hy /food/diet/followers /m/015t56 0 0 0 0
/m/07_lq /food/diet/followers /m/086qd 0 0 0 0
/m/07_lq /food/diet/followers /m/09889g 1 1 0 0
/m/07_hy /food/diet/followers /m/049dyj 0 0 0 0
/m/07_lq /food/diet/followers /m/07r1h 0 0 0 0
/m/07_hy /food/diet/followers /m/01w7nww 0 0 0 0
/m/07_lq /food/diet/followers /m/0d6d2 0 0 0 0
std confidence sum
/m/07_lq /food/diet/followers /m/06y3r 0 0 0 0
/m/07_hy /food/diet/followers /m/01rh0w 0 1 0 0
/m/07_lq /food/diet/followers /m/03bnv 0 1 0 1
/m/07_hy /food/diet/followers /m/04x1_w 0 1 0 1
/m/07_hy /food/diet/followers /m/03h8_g 0 0 0 0
/m/07_lq /food/diet/followers /m/01vrnsk 0 0 0 0
/m/07_hy /food/diet/followers /m/01f2f8 0 0 0 0
/m/07_hy /food/diet/followers /m/01w524f 0 1 0 1
/m/07_hy /food/diet/followers /m/015t56 0 0 0 0
/m/07_lq /food/diet/followers /m/086qd 0 0 0 0
/m/07_lq /food/diet/followers /m/09889g 0 1 0 1
/m/07_hy /food/diet/followers /m/049dyj 0 0 0 0
/m/07_lq /food/diet/followers /m/07r1h 0 0 0 0
/m/07_hy /food/diet/followers /m/01w7nww 0 1 0 1
/m/07_lq /food/diet/followers /m/0d6d2 0 1 0 0
