pca confidence count
/m/04kcn /geography/lake/cities /m/0118d3 0 0 0 0
/m/04kcn /geography/lake/cities /m/0sn4f 0 0 0 0
/m/04kcn /geography/lake/cities /m/02h98sm 1 1 0 0
/m/04kcn /geography/lake/cities /m/01_d4 1 1 0 0
std confidence count
/m/04kcn /geography/lake/cities /m/0118d3 0 0 0 0
/m/04kcn /geography/lake/cities /m/0sn4f 0 0 0 0
/m/04kcn /geography/lake/cities /m/02h98sm 1 1 0 0
/m/04kcn /geography/lake/cities /m/01_d4 0 1 0 0
pca confidence sum
/m/04kcn /geography/lake/cities /m/0118d3 0 0 0 0
/m/04kcn /geography/lake/cities /m/0sn4f 0 0 0 0
/m/04kcn /geography/lake/cities /m/02h98sm 0 0 0 0
/m/04kcn /geography/lake/cities /m/01_d4 1 1 0 0
std confidence sum
/m/04kcn /geography/lake/cities /m/0118d3 0 0 0 0
/m/04kcn /geography/lake/cities /m/0sn4f 0 0 0 0
/m/04kcn /geography/lake/cities /m/02h98sm 1 1 0 0
/m/04kcn /geography/lake/cities /m/01_d4 1 1 0 0
