pca confidence count
/m/0fkvn /government/government_office_category/officeholders./government/government_position_held/office_position_or_title /m/0fqqygh 1 1 0 1
/m/0fkvn /government/government_office_category/officeholders./government/government_position_held/office_position_or_title /m/02p19pg 1 1 0 1
/m/01dz7z /government/government_office_category/officeholders./government/government_position_held/office_position_or_title /m/02xy5 1 1 1 1
/m/01q24l /government/government_office_category/officeholders./government/government_position_held/office_position_or_title /m/05qtj 1 1 1 1
std confidence count
/m/0fkvn /government/government_office_category/officeholders./government/government_position_held/office_position_or_title /m/0fqqygh 1 1 0 1
/m/0fkvn /government/government_office_category/officeholders./government/government_position_held/office_position_or_title /m/02p19pg 1 1 0 1
/m/01dz7z /government/government_office_category/officeholders./government/government_position_held/office_position_or_title /m/02xy5 1 1 1 1
/m/01q24l /government/government_office_category/officeholders./government/government_position_held/office_position_or_title /m/05qtj 1 1 1 1
pca confidence sum
/m/0fkvn /government/government_office_category/officeholders./government/government_position_held/office_position_or_title /m/0fqqygh 1 1 0 1
/m/0fkvn /government/government_office_category/officeholders./government/government_position_held/office_position_or_title /m/02p19pg 1 1 0 1
/m/01dz7z /government/government_office_category/officeholders./government/government_position_held/office_position_or_title /m/02xy5 1 1 1 1
/m/01q24l /government/government_office_category/officeholders./government/government_position_held/office_position_or_title /m/05qtj 1 1 0 0
std confidence sum
/m/0fkvn /government/government_office_category/officeholders./government/government_position_held/office_position_or_title /m/0fqqygh 1 1 0 1
/m/0fkvn /government/government_office_category/officeholders./government/government_position_held/office_position_or_title /m/02p19pg 1 1 0 1
/m/01dz7z /government/government_office_category/officeholders./government/government_position_held/office_position_or_title /m/02xy5 1 1 0 0
/m/01q24l /government/government_office_category/officeholders./government/government_position_held/office_position_or_title /m/05qtj 1 1 1 1
