pca confidence count
/m/060bp /government/government_office_category/officeholders./government/government_position_held/jurisdiction_of_office /m/04j53 0 0 0 0
/m/0fkvn /government/government_office_category/officeholders./government/government_position_held/jurisdiction_of_office /m/018qpq 0 1 0 0
/m/060bp /government/government_office_category/officeholders./government/government_position_held/jurisdiction_of_office /m/05cc1 0 0 0 0
/m/060c4 /government/government_office_category/officeholders./government/government_position_held/jurisdiction_of_office /m/0jt3tjf 0 0 0 0
/m/01q24l /government/government_office_category/officeholders./government/government_position_held/jurisdiction_of_office /m/0nbzp 0 0 0 0
/m/0fkvn /government/government_office_category/officeholders./government/government_position_held/jurisdiction_of_office /m/06btq 0 1 0 0
/m/0pqc5 /government/government_office_category/officeholders./government/government_position_held/jurisdiction_of_office /m/0dclg 1 1 0 1
/m/0pqc5 /government/government_office_category/officeholders./government/government_position_held/jurisdiction_of_office /m/0gp5l6 0 0 0 0
/m/0pqc5 /government/government_office_category/officeholders./government/government_position_held/jurisdiction_of_office /m/0f04v 0 0 0 0
/m/0fj45 /government/government_office_category/officeholders./government/government_position_held/jurisdiction_of_office /m/0ctw_b 1 1 1 1
/m/060c4 /government/government_office_category/officeholders./government/government_position_held/jurisdiction_of_office /m/01crd5 0 0 0 0
/m/0dq3c /government/government_office_category/officeholders./government/government_position_held/jurisdiction_of_office /m/0jdd 0 1 0 0
/m/02079p /government/government_office_category/officeholders./government/government_position_held/jurisdiction_of_office /m/0vh3 1 1 0 1
/m/04syw /government/government_office_category/officeholders./government/government_position_held/jurisdiction_of_office /m/0chghy 0 1 0 1
/m/04syw /government/government_office_category/officeholders./government/government_position_held/jurisdiction_of_office /m/025ndl 0 0 0 0
/m/04syw /government/government_office_category/officeholders./government/government_position_held/jurisdiction_of_office /m/07ssc 1 1 0 1
/m/0pqc5 /government/government_office_category/officeholders./government/government_position_held/jurisdiction_of_office /m/0kcw2 0 0 0 0
/m/0f6c3 /government/government_office_category/officeholders./government/government_position_held/jurisdiction_of_office /m/04ly1 0 1 0 0
/m/09n5b9 /government/government_office_category/officeholders./government/government_position_held/jurisdiction_of_office /m/05kj_ 0 1 0 0
/m/060c4 /government/government_office_category/officeholders./government/government_position_held/jurisdiction_of_office /m/034m8 0 0 0 0
/m/060c4 /government/government_office_category/officeholders./government/government_position_held/jurisdiction_of_office /m/05qx1 0 0 0 0
/m/0fkvn /government/government_office_category/officeholders./government/government_position_held/jurisdiction_of_office /m/0824r 0 1 0 0
/m/0fkvn /government/government_office_category/officeholders./government/government_position_held/jurisdiction_of_office /m/03v1s 0 1 0 0
/m/0fkvn /government/government_office_category/officeholders./government/government_position_held/jurisdiction_of_office /m/0fnb4 0 1 0 0
/m/0pqc5 /government/government_office_category/officeholders./government/government_position_held/jurisdiction_of_office /m/0ftlx 0 0 0 0
/m/060c4 /government/government_office_category/officeholders./government/government_position_held/jurisdiction_of_office /m/05cgv 0 0 0 0
/m/060c4 /government/government_office_category/officeholders./government/government_position_held/jurisdiction_of_office /m/06s_2 0 0 0 0
/m/0377k9 /government/government_office_category/officeholders./government/government_position_held/jurisdiction_of_office /m/03rk0 0 0 0 0
/m/01q24l /government/government_office_category/officeholders./government/government_position_held/jurisdiction_of_office /m/0r4z7 0 0 0 0
/m/09n5b9 /government/government_office_category/officeholders./government/government_position_held/jurisdiction_of_office /m/05kkh 0 1 0 0
/m/060bp /government/government_office_category/officeholders./government/government_position_held/jurisdiction_of_office /m/07ssc 0 1 0 0
/m/02079p /government/government_office_category/officeholders./government/government_position_held/jurisdiction_of_office /m/0ctw_b 1 1 0 1
/m/0fkvn /government/government_office_category/officeholders./government/government_position_held/jurisdiction_of_office /m/01x73 0 1 0 0
/m/060bp /government/government_office_category/officeholders./government/government_position_held/jurisdiction_of_office /m/06qd3 0 0 0 0
/m/04syw /government/government_office_category/officeholders./government/government_position_held/jurisdiction_of_office /m/0160w 1 1 0 1
/m/060c4 /government/government_office_category/officeholders./government/government_position_held/jurisdiction_of_office /m/0jgx 0 0 0 0
/m/0fkx3 /government/government_office_category/officeholders./government/government_position_held/jurisdiction_of_office /m/0847q 1 1 0 0
/m/02079p /government/government_office_category/officeholders./government/government_position_held/jurisdiction_of_office /m/07ylj 0 0 0 0
/m/0fkzq /government/government_office_category/officeholders./government/government_position_held/jurisdiction_of_office /m/03v1s 1 1 0 1
/m/01q24l /government/government_office_category/officeholders./government/government_position_held/jurisdiction_of_office /m/0k049 0 0 0 0
/m/0fkvn /government/government_office_category/officeholders./government/government_position_held/jurisdiction_of_office /m/0498y 1 1 0 0
/m/060c4 /government/government_office_category/officeholders./government/government_position_held/jurisdiction_of_office /m/05sb1 0 0 0 0
/m/0fkx3 /government/government_office_category/officeholders./government/government_position_held/jurisdiction_of_office /m/0d05w3 1 1 0 1
/m/0fkvn /government/government_office_category/officeholders./government/government_position_held/jurisdiction_of_office /m/07ytt 0 0 0 0
/m/060bp /government/government_office_category/officeholders./government/government_position_held/jurisdiction_of_office /m/04hvw 0 0 0 0
/m/060bp /government/government_office_category/officeholders./government/government_position_held/jurisdiction_of_office /m/03_r3 0 0 0 0
/m/0pqc5 /government/government_office_category/officeholders./government/government_position_held/jurisdiction_of_office /m/0nqph 0 0 0 0
/m/060c4 /government/government_office_category/officeholders./government/government_position_held/jurisdiction_of_office /m/02k8k 0 0 0 0
/m/01q24l /government/government_office_category/officeholders./government/government_position_held/jurisdiction_of_office /m/06hdk 0 0 0 0
/m/0fkvn /government/government_office_category/officeholders./government/government_position_held/jurisdiction_of_office /m/01n4w 0 1 0 0
/m/0fj45 /government/government_office_category/officeholders./government/government_position_held/jurisdiction_of_office /m/0bq0p9 1 1 0 1
/m/0fkvn /government/government_office_category/officeholders./government/government_position_held/jurisdiction_of_office /m/0gyh 0 1 0 0
/m/0fkvn /government/government_office_category/officeholders./government/government_position_held/jurisdiction_of_office /m/026mx4 0 0 0 0
/m/060bp /government/government_office_category/officeholders./government/government_position_held/jurisdiction_of_office /m/06dfg 0 0 0 0
/m/0pqc5 /government/government_office_category/officeholders./government/government_position_held/jurisdiction_of_office /m/05jbn 0 0 0 0
/m/060c4 /government/government_office_category/officeholders./government/government_position_held/jurisdiction_of_office /m/01mjq 0 0 0 0
/m/0fj45 /government/government_office_category/officeholders./government/government_position_held/jurisdiction_of_office /m/0l3h 1 1 0 1
/m/060bp /government/government_office_category/officeholders./government/government_position_held/jurisdiction_of_office /m/0h3y 0 1 0 0
/m/02079p /government/government_office_category/officeholders./government/government_position_held/jurisdiction_of_office /m/0hjy 1 1 0 1
/m/0pqc5 /government/government_office_category/officeholders./government/government_position_held/jurisdiction_of_office /m/01smm 0 0 0 0
/m/060c4 /government/government_office_category/officeholders./government/government_position_held/jurisdiction_of_office /m/04v09 0 0 0 0
/m/0f6c3 /government/government_office_category/officeholders./government/government_position_held/jurisdiction_of_office /m/07h34 0 1 0 0
/m/01q24l /government/government_office_category/officeholders./government/government_position_held/jurisdiction_of_office /m/01jr6 0 0 0 0
/m/01q24l /government/government_office_category/officeholders./government/government_position_held/jurisdiction_of_office /m/0r00l 0 0 0 0
/m/09d6p2 /government/government_office_category/officeholders./government/government_position_held/jurisdiction_of_office /m/06tw8 1 1 0 0
/m/0fkvn /government/government_office_category/officeholders./government/government_position_held/jurisdiction_of_office /m/0488g 0 1 0 0
/m/060bp /government/government_office_category/officeholders./government/government_position_held/jurisdiction_of_office /m/087vz 0 0 0 0
/m/0fkx3 /government/government_office_category/officeholders./government/government_position_held/jurisdiction_of_office /m/0165b 1 1 0 1
/m/060bp /government/government_office_category/officeholders./government/government_position_held/jurisdiction_of_office /m/06v36 0 0 0 0
/m/060bp /government/government_office_category/officeholders./government/government_position_held/jurisdiction_of_office /m/0bjv6 0 0 0 0
/m/060bp /government/government_office_category/officeholders./government/government_position_held/jurisdiction_of_office /m/04vjh 0 1 0 0
/m/01gkgk /government/government_office_category/officeholders./government/government_position_held/jurisdiction_of_office /m/05k7sb 0 0 0 0
/m/060bp /government/government_office_category/officeholders./government/government_position_held/jurisdiction_of_office /m/0chghy 0 0 0 0
/m/01_fjr /government/government_office_category/officeholders./government/government_position_held/jurisdiction_of_office /m/0chghy 1 1 0 0
/m/0pqc5 /government/government_office_category/officeholders./government/government_position_held/jurisdiction_of_office /m/0fvvz 0 0 0 0
/m/0pqc5 /government/government_office_category/officeholders./government/government_position_held/jurisdiction_of_office /m/0f2tj 0 0 0 0
/m/0fkvn /government/government_office_category/officeholders./government/government_position_held/jurisdiction_of_office /m/05r7t 0 0 0 0
/m/0fkvn /government/government_office_category/officeholders./government/government_position_held/jurisdiction_of_office /m/019fm7 0 1 0 0
/m/060bp /government/government_office_category/officeholders./government/government_position_held/jurisdiction_of_office /m/06m_5 0 0 0 0
/m/060bp /government/government_office_category/officeholders./government/government_position_held/jurisdiction_of_office /m/03f2w 0 0 0 0
/m/0pqc5 /government/government_office_category/officeholders./government/government_position_held/jurisdiction_of_office /m/0c5v2 0 0 0 0
/m/0p5vf /government/government_office_category/officeholders./government/government_position_held/jurisdiction_of_office /m/024pcx 0 1 0 0
/m/0dq3c /government/government_office_category/officeholders./government/government_position_held/jurisdiction_of_office /m/0165v 0 1 0 0
/m/01q24l /government/government_office_category/officeholders./government/government_position_held/jurisdiction_of_office /m/0r4xt 0 0 0 0
/m/0pqc5 /government/government_office_category/officeholders./government/government_position_held/jurisdiction_of_office /m/02cl1 1 1 0 1
/m/0p5vf /government/government_office_category/officeholders./government/government_position_held/jurisdiction_of_office /m/06t2t 0 0 0 0
/m/060bp /government/government_office_category/officeholders./government/government_position_held/jurisdiction_of_office /m/0169t 0 0 0 0
/m/0pqc5 /government/government_office_category/officeholders./government/government_position_held/jurisdiction_of_office /m/0ply0 0 0 0 0
/m/01q24l /government/government_office_category/officeholders./government/government_position_held/jurisdiction_of_office /m/0m2lt 0 0 0 0
/m/01q24l /government/government_office_category/officeholders./government/government_position_held/jurisdiction_of_office /m/0r1yc 0 0 0 0
/m/0fkvn /government/government_office_category/officeholders./government/government_position_held/jurisdiction_of_office /m/034m8 0 1 0 0
std confidence count
/m/060bp /government/government_office_category/officeholders./government/government_position_held/jurisdiction_of_office /m/04j53 0 1 0 0
/m/0fkvn /government/government_office_category/officeholders./government/government_position_held/jurisdiction_of_office /m/018qpq 0 1 0 0
/m/060bp /government/government_office_category/officeholders./government/government_position_held/jurisdiction_of_office /m/05cc1 0 0 0 0
/m/060c4 /government/government_office_category/officeholders./government/government_position_held/jurisdiction_of_office /m/0jt3tjf 0 1 0 0
/m/01q24l /government/government_office_category/officeholders./government/government_position_held/jurisdiction_of_office /m/0nbzp 0 1 0 1
/m/0fkvn /government/government_office_category/officeholders./government/government_position_held/jurisdiction_of_office /m/06btq 0 1 0 1
/m/0pqc5 /government/government_office_category/officeholders./government/government_position_held/jurisdiction_of_office /m/0dclg 0 1 0 1
/m/0pqc5 /government/government_office_category/officeholders./government/government_position_held/jurisdiction_of_office /m/0gp5l6 0 1 0 1
/m/0pqc5 /government/government_office_category/officeholders./government/government_position_held/jurisdiction_of_office /m/0f04v 0 1 0 1
/m/0fj45 /government/government_office_category/officeholders./government/government_position_held/jurisdiction_of_office /m/0ctw_b 1 1 1 1
/m/060c4 /government/government_office_category/officeholders./government/government_position_held/jurisdiction_of_office /m/01crd5 0 1 0 0
/m/0dq3c /government/government_office_category/officeholders./government/government_position_held/jurisdiction_of_office /m/0jdd 0 1 0 1
/m/02079p /government/government_office_category/officeholders./government/government_position_held/jurisdiction_of_office /m/0vh3 1 1 0 1
/m/04syw /government/government_office_category/officeholders./government/government_position_held/jurisdiction_of_office /m/0chghy 0 1 0 1
/m/04syw /government/government_office_category/officeholders./government/government_position_held/jurisdiction_of_office /m/025ndl 0 0 0 0
/m/04syw /government/government_office_category/officeholders./government/government_position_held/jurisdiction_of_office /m/07ssc 1 1 0 1
/m/0pqc5 /government/government_office_category/officeholders./government/government_position_held/jurisdiction_of_office /m/0kcw2 0 1 0 1
/m/0f6c3 /government/government_office_category/officeholders./government/government_position_held/jurisdiction_of_office /m/04ly1 0 1 0 0
/m/09n5b9 /government/government_office_category/officeholders./government/government_position_held/jurisdiction_of_office /m/05kj_ 0 1 0 0
/m/060c4 /government/government_office_category/officeholders./government/government_position_held/jurisdiction_of_office /m/034m8 0 0 0 0
/m/060c4 /government/government_office_category/officeholders./government/government_position_held/jurisdiction_of_office /m/05qx1 0 1 0 0
/m/0fkvn /government/government_office_category/officeholders./government/government_position_held/jurisdiction_of_office /m/0824r 0 1 0 1
/m/0fkvn /government/government_office_category/officeholders./government/government_position_held/jurisdiction_of_office /m/03v1s 0 1 0 1
/m/0fkvn /government/government_office_category/officeholders./government/government_position_held/jurisdiction_of_office /m/0fnb4 0 1 0 0
/m/0pqc5 /government/government_office_category/officeholders./government/government_position_held/jurisdiction_of_office /m/0ftlx 0 1 0 1
/m/060c4 /government/government_office_category/officeholders./government/government_position_held/jurisdiction_of_office /m/05cgv 0 1 0 0
/m/060c4 /government/government_office_category/officeholders./government/government_position_held/jurisdiction_of_office /m/06s_2 0 1 0 0
/m/0377k9 /government/government_office_category/officeholders./government/government_position_held/jurisdiction_of_office /m/03rk0 0 0 0 0
/m/01q24l /government/government_office_category/officeholders./government/government_position_held/jurisdiction_of_office /m/0r4z7 1 1 0 1
/m/09n5b9 /government/government_office_category/officeholders./government/government_position_held/jurisdiction_of_office /m/05kkh 0 1 0 1
/m/060bp /government/government_office_category/officeholders./government/government_position_held/jurisdiction_of_office /m/07ssc 0 1 0 0
/m/02079p /government/government_office_category/officeholders./government/government_position_held/jurisdiction_of_office /m/0ctw_b 1 1 0 1
/m/0fkvn /government/government_office_category/officeholders./government/government_position_held/jurisdiction_of_office /m/01x73 0 1 0 1
/m/060bp /government/government_office_category/officeholders./government/government_position_held/jurisdiction_of_office /m/06qd3 0 1 0 0
/m/04syw /government/government_office_category/officeholders./government/government_position_held/jurisdiction_of_office /m/0160w 1 1 0 1
/m/060c4 /government/government_office_category/officeholders./government/government_position_held/jurisdiction_of_office /m/0jgx 0 1 0 0
/m/0fkx3 /government/government_office_category/officeholders./government/government_position_held/jurisdiction_of_office /m/0847q 1 1 0 1
/m/02079p /government/government_office_category/officeholders./government/government_position_held/jurisdiction_of_office /m/07ylj 0 0 0 0
/m/0fkzq /government/government_office_category/officeholders./government/government_position_held/jurisdiction_of_office /m/03v1s 1 1 0 1
/m/01q24l /government/government_office_category/officeholders./government/government_position_held/jurisdiction_of_office /m/0k049 0 1 0 1
/m/0fkvn /government/government_office_category/officeholders./government/government_position_held/jurisdiction_of_office /m/0498y 0 1 0 1
/m/060c4 /government/government_office_category/officeholders./government/government_position_held/jurisdiction_of_office /m/05sb1 0 1 0 0
/m/0fkx3 /government/government_office_category/officeholders./government/government_position_held/jurisdiction_of_office /m/0d05w3 1 1 0 1
/m/0fkvn /government/government_office_category/officeholders./government/government_position_held/jurisdiction_of_office /m/07ytt 0 0 0 0
/m/060bp /government/government_office_category/officeholders./government/government_position_held/jurisdiction_of_office /m/04hvw 0 1 0 0
/m/060bp /government/government_office_category/officeholders./government/government_position_held/jurisdiction_of_office /m/03_r3 0 1 0 0
/m/0pqc5 /government/government_office_category/officeholders./government/government_position_held/jurisdiction_of_office /m/0nqph 0 1 0 1
/m/060c4 /government/government_office_category/officeholders./government/government_position_held/jurisdiction_of_office /m/02k8k 0 1 0 0
/m/01q24l /government/government_office_category/officeholders./government/government_position_held/jurisdiction_of_office /m/06hdk 0 1 0 1
/m/0fkvn /government/government_office_category/officeholders./government/government_position_held/jurisdiction_of_office /m/01n4w 0 1 0 0
/m/0fj45 /government/government_office_category/officeholders./government/government_position_held/jurisdiction_of_office /m/0bq0p9 1 1 0 1
/m/0fkvn /government/government_office_category/officeholders./government/government_position_held/jurisdiction_of_office /m/0gyh 0 1 0 1
/m/0fkvn /government/government_office_category/officeholders./government/government_position_held/jurisdiction_of_office /m/026mx4 0 0 0 0
/m/060bp /government/government_office_category/officeholders./government/government_position_held/jurisdiction_of_office /m/06dfg 0 1 0 0
/m/0pqc5 /government/government_office_category/officeholders./government/government_position_held/jurisdiction_of_office /m/05jbn 0 1 0 0
/m/060c4 /government/government_office_category/officeholders./government/government_position_held/jurisdiction_of_office /m/01mjq 0 1 0 0
/m/0fj45 /government/government_office_category/officeholders./government/government_position_held/jurisdiction_of_office /m/0l3h 1 1 0 1
/m/060bp /government/government_office_category/officeholders./government/government_position_held/jurisdiction_of_office /m/0h3y 0 1 0 0
/m/02079p /government/government_office_category/officeholders./government/government_position_held/jurisdiction_of_office /m/0hjy 1 1 0 1
/m/0pqc5 /government/government_office_category/officeholders./government/government_position_held/jurisdiction_of_office /m/01smm 0 1 0 0
/m/060c4 /government/government_office_category/officeholders./government/government_position_held/jurisdiction_of_office /m/04v09 0 1 0 0
/m/0f6c3 /government/government_office_category/officeholders./government/government_position_held/jurisdiction_of_office /m/07h34 0 1 0 0
/m/01q24l /government/government_office_category/officeholders./government/government_position_held/jurisdiction_of_office /m/01jr6 0 1 0 1
/m/01q24l /government/government_office_category/officeholders./government/government_position_held/jurisdiction_of_office /m/0r00l 0 1 0 1
/m/09d6p2 /government/government_office_category/officeholders./government/government_position_held/jurisdiction_of_office /m/06tw8 1 1 0 1
/m/0fkvn /government/government_office_category/officeholders./government/government_position_held/jurisdiction_of_office /m/0488g 0 1 0 1
/m/060bp /government/government_office_category/officeholders./government/government_position_held/jurisdiction_of_office /m/087vz 0 1 0 0
/m/0fkx3 /government/government_office_category/officeholders./government/government_position_held/jurisdiction_of_office /m/0165b 1 1 0 1
/m/060bp /government/government_office_category/officeholders./government/government_position_held/jurisdiction_of_office /m/06v36 0 1 0 0
/m/060bp /government/government_office_category/officeholders./government/government_position_held/jurisdiction_of_office /m/0bjv6 0 1 0 0
/m/060bp /government/government_office_category/officeholders./government/government_position_held/jurisdiction_of_office /m/04vjh 0 1 0 0
/m/01gkgk /government/government_office_category/officeholders./government/government_position_held/jurisdiction_of_office /m/05k7sb 0 0 0 0
/m/060bp /government/government_office_category/officeholders./government/government_position_held/jurisdiction_of_office /m/0chghy 0 1 0 0
/m/01_fjr /government/government_office_category/officeholders./government/government_position_held/jurisdiction_of_office /m/0chghy 1 1 0 1
/m/0pqc5 /government/government_office_category/officeholders./government/government_position_held/jurisdiction_of_office /m/0fvvz 0 1 0 1
/m/0pqc5 /government/government_office_category/officeholders./government/government_position_held/jurisdiction_of_office /m/0f2tj 0 1 0 1
/m/0fkvn /government/government_office_category/officeholders./government/government_position_held/jurisdiction_of_office /m/05r7t 0 0 0 0
/m/0fkvn /government/government_office_category/officeholders./government/government_position_held/jurisdiction_of_office /m/019fm7 0 1 0 0
/m/060bp /government/government_office_category/officeholders./government/government_position_held/jurisdiction_of_office /m/06m_5 0 0 0 0
/m/060bp /government/government_office_category/officeholders./government/government_position_held/jurisdiction_of_office /m/03f2w 0 1 0 0
/m/0pqc5 /government/government_office_category/officeholders./government/government_position_held/jurisdiction_of_office /m/0c5v2 0 1 0 1
/m/0p5vf /government/government_office_category/officeholders./government/government_position_held/jurisdiction_of_office /m/024pcx 0 1 0 1
/m/0dq3c /government/government_office_category/officeholders./government/government_position_held/jurisdiction_of_office /m/0165v 0 1 0 1
/m/01q24l /government/government_office_category/officeholders./government/government_position_held/jurisdiction_of_office /m/0r4xt 0 1 0 1
/m/0pqc5 /government/government_office_category/officeholders./government/government_position_held/jurisdiction_of_office /m/02cl1 0 1 0 1
/m/0p5vf /government/government_office_category/officeholders./government/government_position_held/jurisdiction_of_office /m/06t2t 0 0 0 0
/m/060bp /government/government_office_category/officeholders./government/government_position_held/jurisdiction_of_office /m/0169t 0 1 0 0
/m/0pqc5 /government/government_office_category/officeholders./government/government_position_held/jurisdiction_of_office /m/0ply0 0 1 0 1
/m/01q24l /government/government_office_category/officeholders./government/government_position_held/jurisdiction_of_office /m/0m2lt 0 1 0 1
/m/01q24l /government/government_office_category/officeholders./government/government_position_held/jurisdiction_of_office /m/0r1yc 1 1 0 1
/m/0fkvn /government/government_office_category/officeholders./government/government_position_held/jurisdiction_of_office /m/034m8 0 1 0 0
pca confidence sum
/m/060bp /government/government_office_category/officeholders./government/government_position_held/jurisdiction_of_office /m/04j53 0 0 0 0
/m/0fkvn /government/government_office_category/officeholders./government/government_position_held/jurisdiction_of_office /m/018qpq 0 0 0 0
/m/060bp /government/government_office_category/officeholders./government/government_position_held/jurisdiction_of_office /m/05cc1 0 0 0 0
/m/060c4 /government/government_office_category/officeholders./government/government_position_held/jurisdiction_of_office /m/0jt3tjf 0 0 0 0
/m/01q24l /government/government_office_category/officeholders./government/government_position_held/jurisdiction_of_office /m/0nbzp 0 0 0 0
/m/0fkvn /government/government_office_category/officeholders./government/government_position_held/jurisdiction_of_office /m/06btq 0 1 0 1
/m/0pqc5 /government/government_office_category/officeholders./government/government_position_held/jurisdiction_of_office /m/0dclg 1 1 0 1
/m/0pqc5 /government/government_office_category/officeholders./government/government_position_held/jurisdiction_of_office /m/0gp5l6 0 0 0 0
/m/0pqc5 /government/government_office_category/officeholders./government/government_position_held/jurisdiction_of_office /m/0f04v 1 1 0 1
/m/0fj45 /government/government_office_category/officeholders./government/government_position_held/jurisdiction_of_office /m/0ctw_b 1 1 0 0
/m/060c4 /government/government_office_category/officeholders./government/government_position_held/jurisdiction_of_office /m/01crd5 0 0 0 0
/m/0dq3c /government/government_office_category/officeholders./government/government_position_held/jurisdiction_of_office /m/0jdd 0 0 0 0
/m/02079p /government/government_office_category/officeholders./government/government_position_held/jurisdiction_of_office /m/0vh3 0 1 0 0
/m/04syw /government/government_office_category/officeholders./government/government_position_held/jurisdiction_of_office /m/0chghy 1 1 0 1
/m/04syw /government/government_office_category/officeholders./government/government_position_held/jurisdiction_of_office /m/025ndl 0 0 0 0
/m/04syw /government/government_office_category/officeholders./government/government_position_held/jurisdiction_of_office /m/07ssc 1 1 1 1
/m/0pqc5 /government/government_office_category/officeholders./government/government_position_held/jurisdiction_of_office /m/0kcw2 0 0 0 0
/m/0f6c3 /government/government_office_category/officeholders./government/government_position_held/jurisdiction_of_office /m/04ly1 0 1 0 1
/m/09n5b9 /government/government_office_category/officeholders./government/government_position_held/jurisdiction_of_office /m/05kj_ 0 1 0 0
/m/060c4 /government/government_office_category/officeholders./government/government_position_held/jurisdiction_of_office /m/034m8 0 0 0 0
/m/060c4 /government/government_office_category/officeholders./government/government_position_held/jurisdiction_of_office /m/05qx1 0 0 0 0
/m/0fkvn /government/government_office_category/officeholders./government/government_position_held/jurisdiction_of_office /m/0824r 0 1 0 1
/m/0fkvn /government/government_office_category/officeholders./government/government_position_held/jurisdiction_of_office /m/03v1s 0 1 0 1
/m/0fkvn /government/government_office_category/officeholders./government/government_position_held/jurisdiction_of_office /m/0fnb4 0 0 0 0
/m/0pqc5 /government/government_office_category/officeholders./government/government_position_held/jurisdiction_of_office /m/0ftlx 0 0 0 0
/m/060c4 /government/government_office_category/officeholders./government/government_position_held/jurisdiction_of_office /m/05cgv 0 0 0 0
/m/060c4 /government/government_office_category/officeholders./government/government_position_held/jurisdiction_of_office /m/06s_2 0 0 0 0
/m/0377k9 /government/government_office_category/officeholders./government/government_position_held/jurisdiction_of_office /m/03rk0 0 0 0 0
/m/01q24l /government/government_office_category/officeholders./government/government_position_held/jurisdiction_of_office /m/0r4z7 0 1 0 0
/m/09n5b9 /government/government_office_category/officeholders./government/government_position_held/jurisdiction_of_office /m/05kkh 0 1 0 1
/m/060bp /government/government_office_category/officeholders./government/government_position_held/jurisdiction_of_office /m/07ssc 1 1 0 1
/m/02079p /government/government_office_category/officeholders./government/government_position_held/jurisdiction_of_office /m/0ctw_b 1 1 0 0
/m/0fkvn /government/government_office_category/officeholders./government/government_position_held/jurisdiction_of_office /m/01x73 1 1 0 1
/m/060bp /government/government_office_category/officeholders./government/government_position_held/jurisdiction_of_office /m/06qd3 0 1 0 0
/m/04syw /government/government_office_category/officeholders./government/government_position_held/jurisdiction_of_office /m/0160w 1 1 0 1
/m/060c4 /government/government_office_category/officeholders./government/government_position_held/jurisdiction_of_office /m/0jgx 0 0 0 0
/m/0fkx3 /government/government_office_category/officeholders./government/government_position_held/jurisdiction_of_office /m/0847q 1 1 0 1
/m/02079p /government/government_office_category/officeholders./government/government_position_held/jurisdiction_of_office /m/07ylj 0 0 0 0
/m/0fkzq /government/government_office_category/officeholders./government/government_position_held/jurisdiction_of_office /m/03v1s 1 1 0 0
/m/01q24l /government/government_office_category/officeholders./government/government_position_held/jurisdiction_of_office /m/0k049 0 0 0 0
/m/0fkvn /government/government_office_category/officeholders./government/government_position_held/jurisdiction_of_office /m/0498y 1 1 0 1
/m/060c4 /government/government_office_category/officeholders./government/government_position_held/jurisdiction_of_office /m/05sb1 0 0 0 0
/m/0fkx3 /government/government_office_category/officeholders./government/government_position_held/jurisdiction_of_office /m/0d05w3 0 1 0 0
/m/0fkvn /government/government_office_category/officeholders./government/government_position_held/jurisdiction_of_office /m/07ytt 0 0 0 0
/m/060bp /government/government_office_category/officeholders./government/government_position_held/jurisdiction_of_office /m/04hvw 0 0 0 0
/m/060bp /government/government_office_category/officeholders./government/government_position_held/jurisdiction_of_office /m/03_r3 0 0 0 0
/m/0pqc5 /government/government_office_category/officeholders./government/government_position_held/jurisdiction_of_office /m/0nqph 0 0 0 0
/m/060c4 /government/government_office_category/officeholders./government/government_position_held/jurisdiction_of_office /m/02k8k 0 0 0 0
/m/01q24l /government/government_office_category/officeholders./government/government_position_held/jurisdiction_of_office /m/06hdk 0 0 0 0
/m/0fkvn /government/government_office_category/officeholders./government/government_position_held/jurisdiction_of_office /m/01n4w 0 1 0 0
/m/0fj45 /government/government_office_category/officeholders./government/government_position_held/jurisdiction_of_office /m/0bq0p9 0 1 0 0
/m/0fkvn /government/government_office_category/officeholders./government/government_position_held/jurisdiction_of_office /m/0gyh 0 1 0 1
/m/0fkvn /government/government_office_category/officeholders./government/government_position_held/jurisdiction_of_office /m/026mx4 0 0 0 0
/m/060bp /government/government_office_category/officeholders./government/government_position_held/jurisdiction_of_office /m/06dfg 0 0 0 0
/m/0pqc5 /government/government_office_category/officeholders./government/government_position_held/jurisdiction_of_office /m/05jbn 0 0 0 0
/m/060c4 /government/government_office_category/officeholders./government/government_position_held/jurisdiction_of_office /m/01mjq 0 0 0 0
/m/0fj45 /government/government_office_category/officeholders./government/government_position_held/jurisdiction_of_office /m/0l3h 0 1 0 0
/m/060bp /government/government_office_category/officeholders./government/government_position_held/jurisdiction_of_office /m/0h3y 0 0 0 0
/m/02079p /government/government_office_category/officeholders./government/government_position_held/jurisdiction_of_office /m/0hjy 1 1 0 0
/m/0pqc5 /government/government_office_category/officeholders./government/government_position_held/jurisdiction_of_office /m/01smm 0 0 0 0
/m/060c4 /government/government_office_category/officeholders./government/government_position_held/jurisdiction_of_office /m/04v09 0 0 0 0
/m/0f6c3 /government/government_office_category/officeholders./government/government_position_held/jurisdiction_of_office /m/07h34 0 1 0 1
/m/01q24l /government/government_office_category/officeholders./government/government_position_held/jurisdiction_of_office /m/01jr6 0 0 0 0
/m/01q24l /government/government_office_category/officeholders./government/government_position_held/jurisdiction_of_office /m/0r00l 0 0 0 0
/m/09d6p2 /government/government_office_category/officeholders./government/government_position_held/jurisdiction_of_office /m/06tw8 1 1 0 1
/m/0fkvn /government/government_office_category/officeholders./government/government_position_held/jurisdiction_of_office /m/0488g 0 1 0 1
/m/060bp /government/government_office_category/officeholders./government/government_position_held/jurisdiction_of_office /m/087vz 0 0 0 0
/m/0fkx3 /government/government_office_category/officeholders./government/government_position_held/jurisdiction_of_office /m/0165b 0 1 0 0
/m/060bp /government/government_office_category/officeholders./government/government_position_held/jurisdiction_of_office /m/06v36 0 0 0 0
/m/060bp /government/government_office_category/officeholders./government/government_position_held/jurisdiction_of_office /m/0bjv6 0 0 0 0
/m/060bp /government/government_office_category/officeholders./government/government_position_held/jurisdiction_of_office /m/04vjh 0 0 0 0
/m/01gkgk /government/government_office_category/officeholders./government/government_position_held/jurisdiction_of_office /m/05k7sb 0 0 0 0
/m/060bp /government/government_office_category/officeholders./government/government_position_held/jurisdiction_of_office /m/0chghy 1 1 0 0
/m/01_fjr /government/government_office_category/officeholders./government/government_position_held/jurisdiction_of_office /m/0chghy 1 1 1 1
/m/0pqc5 /government/government_office_category/officeholders./government/government_position_held/jurisdiction_of_office /m/0fvvz 0 0 0 0
/m/0pqc5 /government/government_office_category/officeholders./government/government_position_held/jurisdiction_of_office /m/0f2tj 0 1 0 0
/m/0fkvn /government/government_office_category/officeholders./government/government_position_held/jurisdiction_of_office /m/05r7t 0 0 0 0
/m/0fkvn /government/government_office_category/officeholders./government/government_position_held/jurisdiction_of_office /m/019fm7 0 0 0 0
/m/060bp /government/government_office_category/officeholders./government/government_position_held/jurisdiction_of_office /m/06m_5 0 0 0 0
/m/060bp /government/government_office_category/officeholders./government/government_position_held/jurisdiction_of_office /m/03f2w 0 0 0 0
/m/0pqc5 /government/government_office_category/officeholders./government/government_position_held/jurisdiction_of_office /m/0c5v2 0 0 0 0
/m/0p5vf /government/government_office_category/officeholders./government/government_position_held/jurisdiction_of_office /m/024pcx 0 0 0 0
/m/0dq3c /government/government_office_category/officeholders./government/government_position_held/jurisdiction_of_office /m/0165v 0 0 0 0
/m/01q24l /government/government_office_category/officeholders./government/government_position_held/jurisdiction_of_office /m/0r4xt 0 0 0 0
/m/0pqc5 /government/government_office_category/officeholders./government/government_position_held/jurisdiction_of_office /m/02cl1 1 1 0 1
/m/0p5vf /government/government_office_category/officeholders./government/government_position_held/jurisdiction_of_office /m/06t2t 0 0 0 0
/m/060bp /government/government_office_category/officeholders./government/government_position_held/jurisdiction_of_office /m/0169t 0 0 0 0
/m/0pqc5 /government/government_office_category/officeholders./government/government_position_held/jurisdiction_of_office /m/0ply0 0 1 0 1
/m/01q24l /government/government_office_category/officeholders./government/government_position_held/jurisdiction_of_office /m/0m2lt 0 0 0 0
/m/01q24l /government/government_office_category/officeholders./government/government_position_held/jurisdiction_of_office /m/0r1yc 0 1 0 0
/m/0fkvn /government/government_office_category/officeholders./government/government_position_held/jurisdiction_of_office /m/034m8 0 0 0 0
std confidence sum
/m/060bp /government/government_office_category/officeholders./government/government_position_held/jurisdiction_of_office /m/04j53 0 0 0 0
/m/0fkvn /government/government_office_category/officeholders./government/government_position_held/jurisdiction_of_office /m/018qpq 0 0 0 0
/m/060bp /government/government_office_category/officeholders./government/government_position_held/jurisdiction_of_office /m/05cc1 0 0 0 0
/m/060c4 /government/government_office_category/officeholders./government/government_position_held/jurisdiction_of_office /m/0jt3tjf 0 0 0 0
/m/01q24l /government/government_office_category/officeholders./government/government_position_held/jurisdiction_of_office /m/0nbzp 0 0 0 0
/m/0fkvn /government/government_office_category/officeholders./government/government_position_held/jurisdiction_of_office /m/06btq 0 1 0 1
/m/0pqc5 /government/government_office_category/officeholders./government/government_position_held/jurisdiction_of_office /m/0dclg 1 1 0 1
/m/0pqc5 /government/government_office_category/officeholders./government/government_position_held/jurisdiction_of_office /m/0gp5l6 0 0 0 0
/m/0pqc5 /government/government_office_category/officeholders./government/government_position_held/jurisdiction_of_office /m/0f04v 1 1 0 1
/m/0fj45 /government/government_office_category/officeholders./government/government_position_held/jurisdiction_of_office /m/0ctw_b 1 1 0 0
/m/060c4 /government/government_office_category/officeholders./government/government_position_held/jurisdiction_of_office /m/01crd5 0 0 0 0
/m/0dq3c /government/government_office_category/officeholders./government/government_position_held/jurisdiction_of_office /m/0jdd 0 0 0 0
/m/02079p /government/government_office_category/officeholders./government/government_position_held/jurisdiction_of_office /m/0vh3 0 1 0 0
/m/04syw /government/government_office_category/officeholders./government/government_position_held/jurisdiction_of_office /m/0chghy 1 1 0 1
/m/04syw /government/government_office_category/officeholders./government/government_position_held/jurisdiction_of_office /m/025ndl 0 0 0 0
/m/04syw /government/government_office_category/officeholders./government/government_position_held/jurisdiction_of_office /m/07ssc 1 1 0 1
/m/0pqc5 /government/government_office_category/officeholders./government/government_position_held/jurisdiction_of_office /m/0kcw2 0 0 0 0
/m/0f6c3 /government/government_office_category/officeholders./government/government_position_held/jurisdiction_of_office /m/04ly1 0 1 0 1
/m/09n5b9 /government/government_office_category/officeholders./government/government_position_held/jurisdiction_of_office /m/05kj_ 0 1 0 0
/m/060c4 /government/government_office_category/officeholders./government/government_position_held/jurisdiction_of_office /m/034m8 0 0 0 0
/m/060c4 /government/government_office_category/officeholders./government/government_position_held/jurisdiction_of_office /m/05qx1 0 0 0 0
/m/0fkvn /government/government_office_category/officeholders./government/government_position_held/jurisdiction_of_office /m/0824r 0 1 0 1
/m/0fkvn /government/government_office_category/officeholders./government/government_position_held/jurisdiction_of_office /m/03v1s 0 1 0 1
/m/0fkvn /government/government_office_category/officeholders./government/government_position_held/jurisdiction_of_office /m/0fnb4 0 0 0 0
/m/0pqc5 /government/government_office_category/officeholders./government/government_position_held/jurisdiction_of_office /m/0ftlx 0 0 0 0
/m/060c4 /government/government_office_category/officeholders./government/government_position_held/jurisdiction_of_office /m/05cgv 0 0 0 0
/m/060c4 /government/government_office_category/officeholders./government/government_position_held/jurisdiction_of_office /m/06s_2 0 0 0 0
/m/0377k9 /government/government_office_category/officeholders./government/government_position_held/jurisdiction_of_office /m/03rk0 0 0 0 0
/m/01q24l /government/government_office_category/officeholders./government/government_position_held/jurisdiction_of_office /m/0r4z7 0 1 0 0
/m/09n5b9 /government/government_office_category/officeholders./government/government_position_held/jurisdiction_of_office /m/05kkh 0 1 0 1
/m/060bp /government/government_office_category/officeholders./government/government_position_held/jurisdiction_of_office /m/07ssc 1 1 0 1
/m/02079p /government/government_office_category/officeholders./government/government_position_held/jurisdiction_of_office /m/0ctw_b 1 1 0 0
/m/0fkvn /government/government_office_category/officeholders./government/government_position_held/jurisdiction_of_office /m/01x73 1 1 0 1
/m/060bp /government/government_office_category/officeholders./government/government_position_held/jurisdiction_of_office /m/06qd3 0 1 0 0
/m/04syw /government/government_office_category/officeholders./government/government_position_held/jurisdiction_of_office /m/0160w 1 1 0 1
/m/060c4 /government/government_office_category/officeholders./government/government_position_held/jurisdiction_of_office /m/0jgx 0 0 0 0
/m/0fkx3 /government/government_office_category/officeholders./government/government_position_held/jurisdiction_of_office /m/0847q 1 1 0 1
/m/02079p /government/government_office_category/officeholders./government/government_position_held/jurisdiction_of_office /m/07ylj 0 0 0 0
/m/0fkzq /government/government_office_category/officeholders./government/government_position_held/jurisdiction_of_office /m/03v1s 1 1 0 0
/m/01q24l /government/government_office_category/officeholders./government/government_position_held/jurisdiction_of_office /m/0k049 0 1 0 0
/m/0fkvn /government/government_office_category/officeholders./government/government_position_held/jurisdiction_of_office /m/0498y 1 1 0 1
/m/060c4 /government/government_office_category/officeholders./government/government_position_held/jurisdiction_of_office /m/05sb1 0 0 0 0
/m/0fkx3 /government/government_office_category/officeholders./government/government_position_held/jurisdiction_of_office /m/0d05w3 1 1 0 0
/m/0fkvn /government/government_office_category/officeholders./government/government_position_held/jurisdiction_of_office /m/07ytt 0 0 0 0
/m/060bp /government/government_office_category/officeholders./government/government_position_held/jurisdiction_of_office /m/04hvw 0 0 0 0
/m/060bp /government/government_office_category/officeholders./government/government_position_held/jurisdiction_of_office /m/03_r3 0 0 0 0
/m/0pqc5 /government/government_office_category/officeholders./government/government_position_held/jurisdiction_of_office /m/0nqph 0 0 0 0
/m/060c4 /government/government_office_category/officeholders./government/government_position_held/jurisdiction_of_office /m/02k8k 0 0 0 0
/m/01q24l /government/government_office_category/officeholders./government/government_position_held/jurisdiction_of_office /m/06hdk 0 0 0 0
/m/0fkvn /government/government_office_category/officeholders./government/government_position_held/jurisdiction_of_office /m/01n4w 0 1 0 0
/m/0fj45 /government/government_office_category/officeholders./government/government_position_held/jurisdiction_of_office /m/0bq0p9 0 1 0 0
/m/0fkvn /government/government_office_category/officeholders./government/government_position_held/jurisdiction_of_office /m/0gyh 0 1 0 1
/m/0fkvn /government/government_office_category/officeholders./government/government_position_held/jurisdiction_of_office /m/026mx4 0 0 0 0
/m/060bp /government/government_office_category/officeholders./government/government_position_held/jurisdiction_of_office /m/06dfg 0 0 0 0
/m/0pqc5 /government/government_office_category/officeholders./government/government_position_held/jurisdiction_of_office /m/05jbn 0 1 0 0
/m/060c4 /government/government_office_category/officeholders./government/government_position_held/jurisdiction_of_office /m/01mjq 0 0 0 0
/m/0fj45 /government/government_office_category/officeholders./government/government_position_held/jurisdiction_of_office /m/0l3h 0 1 0 0
/m/060bp /government/government_office_category/officeholders./government/government_position_held/jurisdiction_of_office /m/0h3y 0 0 0 0
/m/02079p /government/government_office_category/officeholders./government/government_position_held/jurisdiction_of_office /m/0hjy 1 1 0 0
/m/0pqc5 /government/government_office_category/officeholders./government/government_position_held/jurisdiction_of_office /m/01smm 0 1 0 0
/m/060c4 /government/government_office_category/officeholders./government/government_position_held/jurisdiction_of_office /m/04v09 0 0 0 0
/m/0f6c3 /government/government_office_category/officeholders./government/government_position_held/jurisdiction_of_office /m/07h34 0 1 0 1
/m/01q24l /government/government_office_category/officeholders./government/government_position_held/jurisdiction_of_office /m/01jr6 0 1 0 0
/m/01q24l /government/government_office_category/officeholders./government/government_position_held/jurisdiction_of_office /m/0r00l 0 1 0 0
/m/09d6p2 /government/government_office_category/officeholders./government/government_position_held/jurisdiction_of_office /m/06tw8 1 1 0 1
/m/0fkvn /government/government_office_category/officeholders./government/government_position_held/jurisdiction_of_office /m/0488g 0 1 0 1
/m/060bp /government/government_office_category/officeholders./government/government_position_held/jurisdiction_of_office /m/087vz 0 0 0 0
/m/0fkx3 /government/government_office_category/officeholders./government/government_position_held/jurisdiction_of_office /m/0165b 1 1 0 0
/m/060bp /government/government_office_category/officeholders./government/government_position_held/jurisdiction_of_office /m/06v36 0 0 0 0
/m/060bp /government/government_office_category/officeholders./government/government_position_held/jurisdiction_of_office /m/0bjv6 0 0 0 0
/m/060bp /government/government_office_category/officeholders./government/government_position_held/jurisdiction_of_office /m/04vjh 0 0 0 0
/m/01gkgk /government/government_office_category/officeholders./government/government_position_held/jurisdiction_of_office /m/05k7sb 0 0 0 0
/m/060bp /government/government_office_category/officeholders./government/government_position_held/jurisdiction_of_office /m/0chghy 1 1 0 0
/m/01_fjr /government/government_office_category/officeholders./government/government_position_held/jurisdiction_of_office /m/0chghy 1 1 1 1
/m/0pqc5 /government/government_office_category/officeholders./government/government_position_held/jurisdiction_of_office /m/0fvvz 0 0 0 0
/m/0pqc5 /government/government_office_category/officeholders./government/government_position_held/jurisdiction_of_office /m/0f2tj 0 1 0 1
/m/0fkvn /government/government_office_category/officeholders./government/government_position_held/jurisdiction_of_office /m/05r7t 0 0 0 0
/m/0fkvn /government/government_office_category/officeholders./government/government_position_held/jurisdiction_of_office /m/019fm7 0 0 0 0
/m/060bp /government/government_office_category/officeholders./government/government_position_held/jurisdiction_of_office /m/06m_5 0 0 0 0
/m/060bp /government/government_office_category/officeholders./government/government_position_held/jurisdiction_of_office /m/03f2w 0 0 0 0
/m/0pqc5 /government/government_office_category/officeholders./government/government_position_held/jurisdiction_of_office /m/0c5v2 0 0 0 0
/m/0p5vf /government/government_office_category/officeholders./government/government_position_held/jurisdiction_of_office /m/024pcx 0 0 0 0
/m/0dq3c /government/government_office_category/officeholders./government/government_position_held/jurisdiction_of_office /m/0165v 0 0 0 0
/m/01q24l /government/government_office_category/officeholders./government/government_position_held/jurisdiction_of_office /m/0r4xt 0 1 0 0
/m/0pqc5 /government/government_office_category/officeholders./government/government_position_held/jurisdiction_of_office /m/02cl1 1 1 0 1
/m/0p5vf /government/government_office_category/officeholders./government/government_position_held/jurisdiction_of_office /m/06t2t 0 0 0 0
/m/060bp /government/government_office_category/officeholders./government/government_position_held/jurisdiction_of_office /m/0169t 0 0 0 0
/m/0pqc5 /government/government_office_category/officeholders./government/government_position_held/jurisdiction_of_office /m/0ply0 0 1 0 1
/m/01q24l /government/government_office_category/officeholders./government/government_position_held/jurisdiction_of_office /m/0m2lt 0 1 0 0
/m/01q24l /government/government_office_category/officeholders./government/government_position_held/jurisdiction_of_office /m/0r1yc 0 1 0 0
/m/0fkvn /government/government_office_category/officeholders./government/government_position_held/jurisdiction_of_office /m/034m8 0 0 0 0
