pca confidence count
/m/0bw8r /government/government_office_or_title/office_holders./government/government_position_held/appointed_by /m/028rk 0 0 0 0
/m/0bw8r /government/government_office_or_title/office_holders./government/government_position_held/appointed_by /m/07cbs 0 0 0 0
/m/07y07 /government/government_office_or_title/office_holders./government/government_position_held/appointed_by /m/03kdl 0 1 0 0
/m/07y07 /government/government_office_or_title/office_holders./government/government_position_held/appointed_by /m/07t2k 0 0 0 0
/m/07y07 /government/government_office_or_title/office_holders./government/government_position_held/appointed_by /m/083q7 0 0 0 0
/m/0bw8r /government/government_office_or_title/office_holders./government/government_position_held/appointed_by /m/0gzh 0 0 0 0
/m/0bw8r /government/government_office_or_title/office_holders./government/government_position_held/appointed_by /m/02mjmr 0 0 0 0
std confidence count
/m/0bw8r /government/government_office_or_title/office_holders./government/government_position_held/appointed_by /m/028rk 0 1 0 1
/m/0bw8r /government/government_office_or_title/office_holders./government/government_position_held/appointed_by /m/07cbs 0 1 0 1
/m/07y07 /government/government_office_or_title/office_holders./government/government_position_held/appointed_by /m/03kdl 0 1 0 0
/m/07y07 /government/government_office_or_title/office_holders./government/government_position_held/appointed_by /m/07t2k 0 1 0 0
/m/07y07 /government/government_office_or_title/office_holders./government/government_position_held/appointed_by /m/083q7 0 1 0 0
/m/0bw8r /government/government_office_or_title/office_holders./government/government_position_held/appointed_by /m/0gzh 0 1 0 1
/m/0bw8r /government/government_office_or_title/office_holders./government/government_position_held/appointed_by /m/02mjmr 0 1 0 1
pca confidence sum
/m/0bw8r /government/government_office_or_title/office_holders./government/government_position_held/appointed_by /m/028rk 0 1 0 0
/m/0bw8r /government/government_office_or_title/office_holders./government/government_position_held/appointed_by /m/07cbs 1 1 0 1
/m/07y07 /government/government_office_or_title/office_holders./government/government_position_held/appointed_by /m/03kdl 0 1 0 0
/m/07y07 /government/government_office_or_title/office_holders./government/government_position_held/appointed_by /m/07t2k 0 1 0 0
/m/07y07 /government/government_office_or_title/office_holders./government/government_position_held/appointed_by /m/083q7 0 1 0 0
/m/0bw8r /government/government_office_or_title/office_holders./government/government_position_held/appointed_by /m/0gzh 0 1 0 0
/m/0bw8r /government/government_office_or_title/office_holders./government/government_position_held/appointed_by /m/02mjmr 0 1 0 0
std confidence sum
/m/0bw8r /government/government_office_or_title/office_holders./government/government_position_held/appointed_by /m/028rk 0 1 0 1
/m/0bw8r /government/government_office_or_title/office_holders./government/government_position_held/appointed_by /m/07cbs 1 1 0 1
/m/07y07 /government/government_office_or_title/office_holders./government/government_position_held/appointed_by /m/03kdl 0 1 0 1
/m/07y07 /government/government_office_or_title/office_holders./government/government_position_held/appointed_by /m/07t2k 0 1 0 1
/m/07y07 /government/government_office_or_title/office_holders./government/government_position_held/appointed_by /m/083q7 0 1 0 1
/m/0bw8r /government/government_office_or_title/office_holders./government/government_position_held/appointed_by /m/0gzh 0 1 0 0
/m/0bw8r /government/government_office_or_title/office_holders./government/government_position_held/appointed_by /m/02mjmr 0 1 0 0
