pca confidence count
/m/09c7w0 /government/governmental_jurisdiction/governing_officials./government/government_position_held/district_represented /m/050l8 0 1 0 1
/m/0chghy /government/governmental_jurisdiction/governing_officials./government/government_position_held/district_represented /m/0vh3 1 1 0 1
/m/09c7w0 /government/governmental_jurisdiction/governing_officials./government/government_position_held/district_represented /m/059_c 0 1 0 1
/m/059f4 /government/governmental_jurisdiction/governing_officials./government/government_position_held/district_represented /m/0xhmb 1 1 0 0
/m/09c7w0 /government/governmental_jurisdiction/governing_officials./government/government_position_held/district_represented /m/05fjy 0 1 0 1
/m/09c7w0 /government/governmental_jurisdiction/governing_officials./government/government_position_held/district_represented /m/081mh 0 1 0 1
/m/0chghy /government/governmental_jurisdiction/governing_officials./government/government_position_held/district_represented /m/0g39h 1 1 0 1
/m/09c7w0 /government/governmental_jurisdiction/governing_officials./government/government_position_held/district_represented /m/02xry 0 1 0 1
/m/0chghy /government/governmental_jurisdiction/governing_officials./government/government_position_held/district_represented /m/0chgr2 1 1 1 1
std confidence count
/m/09c7w0 /government/governmental_jurisdiction/governing_officials./government/government_position_held/district_represented /m/050l8 0 1 0 1
/m/0chghy /government/governmental_jurisdiction/governing_officials./government/government_position_held/district_represented /m/0vh3 1 1 0 1
/m/09c7w0 /government/governmental_jurisdiction/governing_officials./government/government_position_held/district_represented /m/059_c 0 1 0 1
/m/059f4 /government/governmental_jurisdiction/governing_officials./government/government_position_held/district_represented /m/0xhmb 1 1 1 1
/m/09c7w0 /government/governmental_jurisdiction/governing_officials./government/government_position_held/district_represented /m/05fjy 0 1 0 0
/m/09c7w0 /government/governmental_jurisdiction/governing_officials./government/government_position_held/district_represented /m/081mh 0 1 0 1
/m/0chghy /government/governmental_jurisdiction/governing_officials./government/government_position_held/district_represented /m/0g39h 1 1 0 1
/m/09c7w0 /government/governmental_jurisdiction/governing_officials./government/government_position_held/district_represented /m/02xry 0 1 0 1
/m/0chghy /government/governmental_jurisdiction/governing_officials./government/government_position_held/district_represented /m/0chgr2 1 1 1 1
pca confidence sum
/m/09c7w0 /government/governmental_jurisdiction/governing_officials./government/government_position_held/district_represented /m/050l8 0 1 0 1
/m/0chghy /government/governmental_jurisdiction/governing_officials./government/government_position_held/district_represented /m/0vh3 1 1 0 1
/m/09c7w0 /government/governmental_jurisdiction/governing_officials./government/government_position_held/district_represented /m/059_c 0 1 0 1
/m/059f4 /government/governmental_jurisdiction/governing_officials./government/government_position_held/district_represented /m/0xhmb 0 0 0 0
/m/09c7w0 /government/governmental_jurisdiction/governing_officials./government/government_position_held/district_represented /m/05fjy 0 1 0 1
/m/09c7w0 /government/governmental_jurisdiction/governing_officials./government/government_position_held/district_represented /m/081mh 0 1 0 1
/m/0chghy /government/governmental_jurisdiction/governing_officials./government/government_position_held/district_represented /m/0g39h 1 1 0 1
/m/09c7w0 /government/governmental_jurisdiction/governing_officials./government/government_position_held/district_represented /m/02xry 0 1 0 1
/m/0chghy /government/governmental_jurisdiction/governing_officials./government/government_position_held/district_represented /m/0chgr2 1 1 1 1
std confidence sum
/m/09c7w0 /government/governmental_jurisdiction/governing_officials./government/government_position_held/district_represented /m/050l8 0 1 0 1
/m/0chghy /government/governmental_jurisdiction/governing_officials./government/government_position_held/district_represented /m/0vh3 1 1 0 1
/m/09c7w0 /government/governmental_jurisdiction/governing_officials./government/government_position_held/district_represented /m/059_c 0 1 0 1
/m/059f4 /government/governmental_jurisdiction/governing_officials./government/government_position_held/district_represented /m/0xhmb 1 1 0 0
/m/09c7w0 /government/governmental_jurisdiction/governing_officials./government/government_position_held/district_represented /m/05fjy 0 1 0 1
/m/09c7w0 /government/governmental_jurisdiction/governing_officials./government/government_position_held/district_represented /m/081mh 0 1 0 1
/m/0chghy /government/governmental_jurisdiction/governing_officials./government/government_position_held/district_represented /m/0g39h 1 1 0 1
/m/09c7w0 /government/governmental_jurisdiction/governing_officials./government/government_position_held/district_represented /m/02xry 0 1 0 1
/m/0chghy /government/governmental_jurisdiction/governing_officials./government/government_position_held/district_represented /m/0chgr2 1 1 1 1
