pca confidence count
/m/0bq0p9 /government/governmental_jurisdiction/governing_officials./government/government_position_held/appointed_by /m/0bvz6 1 1 0 0
/m/09c7w0 /government/governmental_jurisdiction/governing_officials./government/government_position_held/appointed_by /m/042d1 0 1 0 1
/m/09c7w0 /government/governmental_jurisdiction/governing_officials./government/government_position_held/appointed_by /m/0f7fy 0 1 0 0
/m/05v8c /government/governmental_jurisdiction/governing_officials./government/government_position_held/appointed_by /m/081t6 1 1 0 0
/m/09c7w0 /government/governmental_jurisdiction/governing_officials./government/government_position_held/appointed_by /m/038w8 0 1 0 0
/m/07ssc /government/governmental_jurisdiction/governing_officials./government/government_position_held/appointed_by /m/0kn4c 0 0 0 0
std confidence count
/m/0bq0p9 /government/governmental_jurisdiction/governing_officials./government/government_position_held/appointed_by /m/0bvz6 1 1 0 0
/m/09c7w0 /government/governmental_jurisdiction/governing_officials./government/government_position_held/appointed_by /m/042d1 0 1 0 1
/m/09c7w0 /government/governmental_jurisdiction/governing_officials./government/government_position_held/appointed_by /m/0f7fy 0 1 0 0
/m/05v8c /government/governmental_jurisdiction/governing_officials./government/government_position_held/appointed_by /m/081t6 1 1 0 1
/m/09c7w0 /government/governmental_jurisdiction/governing_officials./government/government_position_held/appointed_by /m/038w8 0 1 0 1
/m/07ssc /government/governmental_jurisdiction/governing_officials./government/government_position_held/appointed_by /m/0kn4c 1 1 0 1
pca confidence sum
/m/0bq0p9 /government/governmental_jurisdiction/governing_officials./government/government_position_held/appointed_by /m/0bvz6 1 1 0 0
/m/09c7w0 /government/governmental_jurisdiction/governing_officials./government/government_position_held/appointed_by /m/042d1 0 1 0 1
/m/09c7w0 /government/governmental_jurisdiction/governing_officials./government/government_position_held/appointed_by /m/0f7fy 0 1 0 0
/m/05v8c /government/governmental_jurisdiction/governing_officials./government/government_position_held/appointed_by /m/081t6 0 0 0 0
/m/09c7w0 /government/governmental_jurisdiction/governing_officials./government/government_position_held/appointed_by /m/038w8 0 1 0 0
/m/07ssc /government/governmental_jurisdiction/governing_officials./government/government_position_held/appointed_by /m/0kn4c 0 0 0 0
std confidence sum
/m/0bq0p9 /government/governmental_jurisdiction/governing_officials./government/government_position_held/appointed_by /m/0bvz6 1 1 0 0
/m/09c7w0 /government/governmental_jurisdiction/governing_officials./government/government_position_held/appointed_by /m/042d1 0 1 0 1
/m/09c7w0 /government/governmental_jurisdiction/governing_officials./government/government_position_held/appointed_by /m/0f7fy 0 1 0 0
/m/05v8c /government/governmental_jurisdiction/governing_officials./government/government_position_held/appointed_by /m/081t6 1 1 0 1
/m/09c7w0 /government/governmental_jurisdiction/governing_officials./government/government_position_held/appointed_by /m/038w8 0 1 0 1
/m/07ssc /government/governmental_jurisdiction/governing_officials./government/government_position_held/appointed_by /m/0kn4c 1 1 0 0
