pca confidence count
/m/07wbk /government/political_party/politicians_in_this_party./government/political_party_tenure/politician /m/0chsq 0 0 0 0
/m/0d075m /government/political_party/politicians_in_this_party./government/political_party_tenure/politician /m/02mjmr 1 1 0 1
/m/07wbk /government/political_party/politicians_in_this_party./government/political_party_tenure/politician /m/0cqt90 0 0 0 0
/m/07k5l /government/political_party/politicians_in_this_party./government/political_party_tenure/politician /m/01w03jv 1 1 1 1
/m/0135cw /government/political_party/politicians_in_this_party./government/political_party_tenure/politician /m/02n1p5 1 1 0 0
/m/07wbk /government/political_party/politicians_in_this_party./government/political_party_tenure/politician /m/081t6 0 1 0 0
/m/0d075m /government/political_party/politicians_in_this_party./government/political_party_tenure/politician /m/021sv1 1 1 0 1
/m/07wbk /government/political_party/politicians_in_this_party./government/political_party_tenure/politician /m/0cl_m 0 0 0 0
/m/07wdw /government/political_party/politicians_in_this_party./government/political_party_tenure/politician /m/0gzh 1 1 0 1
/m/0d075m /government/political_party/politicians_in_this_party./government/political_party_tenure/politician /m/06bss 0 1 0 0
/m/07wbk /government/political_party/politicians_in_this_party./government/political_party_tenure/politician /m/0gd9k 0 0 0 0
/m/07wbk /government/political_party/politicians_in_this_party./government/political_party_tenure/politician /m/0tc7 0 1 0 0
std confidence count
/m/07wbk /government/political_party/politicians_in_this_party./government/political_party_tenure/politician /m/0chsq 0 1 0 1
/m/0d075m /government/political_party/politicians_in_this_party./government/political_party_tenure/politician /m/02mjmr 0 1 0 1
/m/07wbk /government/political_party/politicians_in_this_party./government/political_party_tenure/politician /m/0cqt90 0 1 0 1
/m/07k5l /government/political_party/politicians_in_this_party./government/political_party_tenure/politician /m/01w03jv 1 1 1 1
/m/0135cw /government/political_party/politicians_in_this_party./government/political_party_tenure/politician /m/02n1p5 1 1 0 1
/m/07wbk /government/political_party/politicians_in_this_party./government/political_party_tenure/politician /m/081t6 0 1 0 1
/m/0d075m /government/political_party/politicians_in_this_party./government/political_party_tenure/politician /m/021sv1 0 1 0 1
/m/07wbk /government/political_party/politicians_in_this_party./government/political_party_tenure/politician /m/0cl_m 0 1 0 1
/m/07wdw /government/political_party/politicians_in_this_party./government/political_party_tenure/politician /m/0gzh 1 1 0 1
/m/0d075m /government/political_party/politicians_in_this_party./government/political_party_tenure/politician /m/06bss 0 1 0 0
/m/07wbk /government/political_party/politicians_in_this_party./government/political_party_tenure/politician /m/0gd9k 0 1 0 1
/m/07wbk /government/political_party/politicians_in_this_party./government/political_party_tenure/politician /m/0tc7 0 1 0 1
pca confidence sum
/m/07wbk /government/political_party/politicians_in_this_party./government/political_party_tenure/politician /m/0chsq 0 0 0 0
/m/0d075m /government/political_party/politicians_in_this_party./government/political_party_tenure/politician /m/02mjmr 0 1 0 1
/m/07wbk /government/political_party/politicians_in_this_party./government/political_party_tenure/politician /m/0cqt90 0 0 0 0
/m/07k5l /government/political_party/politicians_in_this_party./government/political_party_tenure/politician /m/01w03jv 1 1 1 1
/m/0135cw /government/political_party/politicians_in_this_party./government/political_party_tenure/politician /m/02n1p5 1 1 0 0
/m/07wbk /government/political_party/politicians_in_this_party./government/political_party_tenure/politician /m/081t6 0 1 0 0
/m/0d075m /government/political_party/politicians_in_this_party./government/political_party_tenure/politician /m/021sv1 1 1 0 1
/m/07wbk /government/political_party/politicians_in_this_party./government/political_party_tenure/politician /m/0cl_m 0 0 0 0
/m/07wdw /government/political_party/politicians_in_this_party./government/political_party_tenure/politician /m/0gzh 1 1 0 0
/m/0d075m /government/political_party/politicians_in_this_party./government/political_party_tenure/politician /m/06bss 1 1 0 1
/m/07wbk /government/political_party/politicians_in_this_party./government/political_party_tenure/politician /m/0gd9k 0 0 0 0
/m/07wbk /government/political_party/politicians_in_this_party./government/political_party_tenure/politician /m/0tc7 0 0 0 0
std confidence sum
/m/07wbk /government/political_party/politicians_in_this_party./government/political_party_tenure/politician /m/0chsq 0 0 0 0
/m/0d075m /government/political_party/politicians_in_this_party./government/political_party_tenure/politician /m/02mjmr 0 1 0 0
/m/07wbk /government/political_party/politicians_in_this_party./government/political_party_tenure/politician /m/0cqt90 0 0 0 0
/m/07k5l /government/political_party/politicians_in_this_party./government/political_party_tenure/politician /m/01w03jv 1 1 1 1
/m/0135cw /government/political_party/politicians_in_this_party./government/political_party_tenure/politician /m/02n1p5 1 1 0 1
/m/07wbk /government/political_party/politicians_in_this_party./government/political_party_tenure/politician /m/081t6 0 1 0 0
/m/0d075m /government/political_party/politicians_in_this_party./government/political_party_tenure/politician /m/021sv1 1 1 0 1
/m/07wbk /government/political_party/politicians_in_this_party./government/political_party_tenure/politician /m/0cl_m 0 0 0 0
/m/07wdw /government/political_party/politicians_in_this_party./government/political_party_tenure/politician /m/0gzh 1 1 0 0
/m/0d075m /government/political_party/politicians_in_this_party./government/political_party_tenure/politician /m/06bss 1 1 0 1
/m/07wbk /government/political_party/politicians_in_this_party./government/political_party_tenure/politician /m/0gd9k 0 0 0 0
/m/07wbk /government/political_party/politicians_in_this_party./government/political_party_tenure/politician /m/0tc7 0 0 0 0
