pca confidence count
/m/042f1 /government/politician/government_positions_held./government/government_position_held/office_position_or_title /m/0cgqx 1 1 0 1
/m/083q7 /government/politician/government_positions_held./government/government_position_held/office_position_or_title /m/01fggg 1 1 0 0
/m/081t6 /government/politician/government_positions_held./government/government_position_held/office_position_or_title /m/060d2 1 1 1 1
/m/0lzcs /government/politician/government_positions_held./government/government_position_held/office_position_or_title /m/060s9 1 1 1 1
/m/0157m /government/politician/government_positions_held./government/government_position_held/office_position_or_title /m/060d2 1 1 1 1
/m/06c97 /government/politician/government_positions_held./government/government_position_held/office_position_or_title /m/060d2 1 1 0 1
std confidence count
/m/042f1 /government/politician/government_positions_held./government/government_position_held/office_position_or_title /m/0cgqx 1 1 0 1
/m/083q7 /government/politician/government_positions_held./government/government_position_held/office_position_or_title /m/01fggg 1 1 0 0
/m/081t6 /government/politician/government_positions_held./government/government_position_held/office_position_or_title /m/060d2 1 1 1 1
/m/0lzcs /government/politician/government_positions_held./government/government_position_held/office_position_or_title /m/060s9 1 1 1 1
/m/0157m /government/politician/government_positions_held./government/government_position_held/office_position_or_title /m/060d2 1 1 1 1
/m/06c97 /government/politician/government_positions_held./government/government_position_held/office_position_or_title /m/060d2 1 1 0 1
pca confidence sum
/m/042f1 /government/politician/government_positions_held./government/government_position_held/office_position_or_title /m/0cgqx 1 1 0 0
/m/083q7 /government/politician/government_positions_held./government/government_position_held/office_position_or_title /m/01fggg 1 1 0 0
/m/081t6 /government/politician/government_positions_held./government/government_position_held/office_position_or_title /m/060d2 1 1 1 1
/m/0lzcs /government/politician/government_positions_held./government/government_position_held/office_position_or_title /m/060s9 1 1 1 1
/m/0157m /government/politician/government_positions_held./government/government_position_held/office_position_or_title /m/060d2 1 1 1 1
/m/06c97 /government/politician/government_positions_held./government/government_position_held/office_position_or_title /m/060d2 1 1 1 1
std confidence sum
/m/042f1 /government/politician/government_positions_held./government/government_position_held/office_position_or_title /m/0cgqx 1 1 0 0
/m/083q7 /government/politician/government_positions_held./government/government_position_held/office_position_or_title /m/01fggg 1 1 0 0
/m/081t6 /government/politician/government_positions_held./government/government_position_held/office_position_or_title /m/060d2 1 1 1 1
/m/0lzcs /government/politician/government_positions_held./government/government_position_held/office_position_or_title /m/060s9 1 1 1 1
/m/0157m /government/politician/government_positions_held./government/government_position_held/office_position_or_title /m/060d2 1 1 1 1
/m/06c97 /government/politician/government_positions_held./government/government_position_held/office_position_or_title /m/060d2 1 1 1 1
