pca confidence count
/m/02xhpl /media_common/adaptation/adapted_from /m/01gvts 0 0 0 0
/m/0gvvf4j /media_common/adaptation/adapted_from /m/04y9mm8 1 1 0 0
/m/033f8n /media_common/adaptation/adapted_from /m/033f8n 1 1 0 0
/m/0k54q /media_common/adaptation/adapted_from /m/0ctzf1 1 1 0 0
/m/04sh80 /media_common/adaptation/adapted_from /m/0d_rw 1 1 1 1
/m/01hvjx /media_common/adaptation/adapted_from /m/06y_n 1 1 1 1
/m/03bzyn4 /media_common/adaptation/adapted_from /m/0l76z 1 1 1 1
std confidence count
/m/02xhpl /media_common/adaptation/adapted_from /m/01gvts 0 0 0 0
/m/0gvvf4j /media_common/adaptation/adapted_from /m/04y9mm8 1 1 1 1
/m/033f8n /media_common/adaptation/adapted_from /m/033f8n 1 1 1 1
/m/0k54q /media_common/adaptation/adapted_from /m/0ctzf1 1 1 1 1
/m/04sh80 /media_common/adaptation/adapted_from /m/0d_rw 1 1 1 1
/m/01hvjx /media_common/adaptation/adapted_from /m/06y_n 1 1 1 1
/m/03bzyn4 /media_common/adaptation/adapted_from /m/0l76z 1 1 1 1
pca confidence sum
/m/02xhpl /media_common/adaptation/adapted_from /m/01gvts 0 0 0 0
/m/0gvvf4j /media_common/adaptation/adapted_from /m/04y9mm8 1 1 0 0
/m/033f8n /media_common/adaptation/adapted_from /m/033f8n 1 1 0 0
/m/0k54q /media_common/adaptation/adapted_from /m/0ctzf1 1 1 0 0
/m/04sh80 /media_common/adaptation/adapted_from /m/0d_rw 1 1 1 1
/m/01hvjx /media_common/adaptation/adapted_from /m/06y_n 1 1 1 1
/m/03bzyn4 /media_common/adaptation/adapted_from /m/0l76z 1 1 1 1
std confidence sum
/m/02xhpl /media_common/adaptation/adapted_from /m/01gvts 0 0 0 0
/m/0gvvf4j /media_common/adaptation/adapted_from /m/04y9mm8 1 1 1 1
/m/033f8n /media_common/adaptation/adapted_from /m/033f8n 1 1 1 1
/m/0k54q /media_common/adaptation/adapted_from /m/0ctzf1 1 1 1 1
/m/04sh80 /media_common/adaptation/adapted_from /m/0d_rw 1 1 1 1
/m/01hvjx /media_common/adaptation/adapted_from /m/06y_n 1 1 1 1
/m/03bzyn4 /media_common/adaptation/adapted_from /m/0l76z 1 1 1 1
