pca confidence count
/m/081pw /military/military_conflict/military_personnel_involved /m/036jp8 0 0 0 0
/m/081pw /military/military_conflict/military_personnel_involved /m/01y8cr 0 0 0 0
/m/081pw /military/military_conflict/military_personnel_involved /m/0ff3y 0 0 0 0
/m/081pw /military/military_conflict/military_personnel_involved /m/04n_g 0 0 0 0
/m/081pw /military/military_conflict/military_personnel_involved /m/01pp3p 0 0 0 0
/m/081pw /military/military_conflict/military_personnel_involved /m/044qx 0 0 0 0
/m/081pw /military/military_conflict/military_personnel_involved /m/02drd3 0 0 0 0
/m/07_nf /military/military_conflict/military_personnel_involved /m/01mylz 0 0 0 0
std confidence count
/m/081pw /military/military_conflict/military_personnel_involved /m/036jp8 0 1 0 1
/m/081pw /military/military_conflict/military_personnel_involved /m/01y8cr 0 1 0 1
/m/081pw /military/military_conflict/military_personnel_involved /m/0ff3y 0 0 0 0
/m/081pw /military/military_conflict/military_personnel_involved /m/04n_g 0 1 0 1
/m/081pw /military/military_conflict/military_personnel_involved /m/01pp3p 0 1 0 0
/m/081pw /military/military_conflict/military_personnel_involved /m/044qx 0 1 0 1
/m/081pw /military/military_conflict/military_personnel_involved /m/02drd3 0 1 0 1
/m/07_nf /military/military_conflict/military_personnel_involved /m/01mylz 1 1 0 1
pca confidence sum
/m/081pw /military/military_conflict/military_personnel_involved /m/036jp8 0 0 0 0
/m/081pw /military/military_conflict/military_personnel_involved /m/01y8cr 0 0 0 0
/m/081pw /military/military_conflict/military_personnel_involved /m/0ff3y 0 0 0 0
/m/081pw /military/military_conflict/military_personnel_involved /m/04n_g 0 0 0 0
/m/081pw /military/military_conflict/military_personnel_involved /m/01pp3p 0 0 0 0
/m/081pw /military/military_conflict/military_personnel_involved /m/044qx 0 0 0 0
/m/081pw /military/military_conflict/military_personnel_involved /m/02drd3 0 0 0 0
/m/07_nf /military/military_conflict/military_personnel_involved /m/01mylz 0 0 0 0
std confidence sum
/m/081pw /military/military_conflict/military_personnel_involved /m/036jp8 0 0 0 0
/m/081pw /military/military_conflict/military_personnel_involved /m/01y8cr 0 0 0 0
/m/081pw /military/military_conflict/military_personnel_involved /m/0ff3y 0 0 0 0
/m/081pw /military/military_conflict/military_personnel_involved /m/04n_g 0 0 0 0
/m/081pw /military/military_conflict/military_personnel_involved /m/01pp3p 0 0 0 0
/m/081pw /military/military_conflict/military_personnel_involved /m/044qx 0 0 0 0
/m/081pw /military/military_conflict/military_personnel_involved /m/02drd3 0 0 0 0
/m/07_nf /military/military_conflict/military_personnel_involved /m/01mylz 0 0 0 0
