pca confidence count
/m/09bg4l /military/military_commander/military_commands./military/military_command/military_conflict /m/048n7 1 1 0 0
/m/0j5b8 /military/military_commander/military_commands./military/military_command/military_conflict /m/01_3rn 1 1 0 1
/m/09jrf /military/military_commander/military_commands./military/military_command/military_conflict /m/0jnh 1 1 0 0
/m/01llxp /military/military_commander/military_commands./military/military_command/military_conflict /m/0c3mz 1 1 0 0
/m/09py7 /military/military_commander/military_commands./military/military_command/military_conflict /m/01y998 1 1 0 0
/m/03_lf /military/military_commander/military_commands./military/military_command/military_conflict /m/025rzfc 1 1 0 0
/m/07_m9_ /military/military_commander/military_commands./military/military_command/military_conflict /m/05nqz 1 1 0 0
/m/028rk /military/military_commander/military_commands./military/military_command/military_conflict /m/081pw 1 1 0 0
/m/09bg4l /military/military_commander/military_commands./military/military_command/military_conflict /m/081pw 1 1 0 0
/m/07t2k /military/military_commander/military_commands./military/military_command/military_conflict /m/0kbq 1 1 0 0
/m/02lmk /military/military_commander/military_commands./military/military_command/military_conflict /m/02kxjx 1 1 0 0
std confidence count
/m/09bg4l /military/military_commander/military_commands./military/military_command/military_conflict /m/048n7 1 1 0 1
/m/0j5b8 /military/military_commander/military_commands./military/military_command/military_conflict /m/01_3rn 1 1 0 1
/m/09jrf /military/military_commander/military_commands./military/military_command/military_conflict /m/0jnh 1 1 1 1
/m/01llxp /military/military_commander/military_commands./military/military_command/military_conflict /m/0c3mz 1 1 0 1
/m/09py7 /military/military_commander/military_commands./military/military_command/military_conflict /m/01y998 1 1 0 1
/m/03_lf /military/military_commander/military_commands./military/military_command/military_conflict /m/025rzfc 1 1 0 1
/m/07_m9_ /military/military_commander/military_commands./military/military_command/military_conflict /m/05nqz 1 1 0 1
/m/028rk /military/military_commander/military_commands./military/military_command/military_conflict /m/081pw 1 1 0 1
/m/09bg4l /military/military_commander/military_commands./military/military_command/military_conflict /m/081pw 1 1 1 1
/m/07t2k /military/military_commander/military_commands./military/military_command/military_conflict /m/0kbq 1 1 1 1
/m/02lmk /military/military_commander/military_commands./military/military_command/military_conflict /m/02kxjx 1 1 0 1
pca confidence sum
/m/09bg4l /military/military_commander/military_commands./military/military_command/military_conflict /m/048n7 1 1 0 0
/m/0j5b8 /military/military_commander/military_commands./military/military_command/military_conflict /m/01_3rn 1 1 0 1
/m/09jrf /military/military_commander/military_commands./military/military_command/military_conflict /m/0jnh 1 1 1 1
/m/01llxp /military/military_commander/military_commands./military/military_command/military_conflict /m/0c3mz 1 1 0 1
/m/09py7 /military/military_commander/military_commands./military/military_command/military_conflict /m/01y998 1 1 0 0
/m/03_lf /military/military_commander/military_commands./military/military_command/military_conflict /m/025rzfc 1 1 0 1
/m/07_m9_ /military/military_commander/military_commands./military/military_command/military_conflict /m/05nqz 1 1 0 1
/m/028rk /military/military_commander/military_commands./military/military_command/military_conflict /m/081pw 1 1 0 1
/m/09bg4l /military/military_commander/military_commands./military/military_command/military_conflict /m/081pw 1 1 0 0
/m/07t2k /military/military_commander/military_commands./military/military_command/military_conflict /m/0kbq 1 1 1 1
/m/02lmk /military/military_commander/military_commands./military/military_command/military_conflict /m/02kxjx 1 1 0 1
std confidence sum
/m/09bg4l /military/military_commander/military_commands./military/military_command/military_conflict /m/048n7 1 1 0 1
/m/0j5b8 /military/military_commander/military_commands./military/military_command/military_conflict /m/01_3rn 1 1 0 1
/m/09jrf /military/military_commander/military_commands./military/military_command/military_conflict /m/0jnh 1 1 1 1
/m/01llxp /military/military_commander/military_commands./military/military_command/military_conflict /m/0c3mz 1 1 0 1
/m/09py7 /military/military_commander/military_commands./military/military_command/military_conflict /m/01y998 1 1 0 0
/m/03_lf /military/military_commander/military_commands./military/military_command/military_conflict /m/025rzfc 1 1 0 1
/m/07_m9_ /military/military_commander/military_commands./military/military_command/military_conflict /m/05nqz 1 1 0 1
/m/028rk /military/military_commander/military_commands./military/military_command/military_conflict /m/081pw 1 1 0 1
/m/09bg4l /military/military_commander/military_commands./military/military_command/military_conflict /m/081pw 1 1 1 1
/m/07t2k /military/military_commander/military_commands./military/military_command/military_conflict /m/0kbq 1 1 1 1
/m/02lmk /military/military_commander/military_commands./military/military_command/military_conflict /m/02kxjx 1 1 0 1
