pca confidence count
/m/015czt /military/rank/used_by_services./military/military_service/military_force /m/01j_x 1 1 0 0
/m/012qdp /military/rank/used_by_services./military/military_service/military_force /m/01skqzw 1 1 0 1
/m/01c83m /military/rank/used_by_services./military/military_service/military_force /m/02fr2d 1 1 0 0
/m/015czt /military/rank/used_by_services./military/military_service/military_force /m/06hhp 1 1 0 1
std confidence count
/m/015czt /military/rank/used_by_services./military/military_service/military_force /m/01j_x 1 1 0 1
/m/012qdp /military/rank/used_by_services./military/military_service/military_force /m/01skqzw 1 1 0 1
/m/01c83m /military/rank/used_by_services./military/military_service/military_force /m/02fr2d 1 1 0 1
/m/015czt /military/rank/used_by_services./military/military_service/military_force /m/06hhp 1 1 0 1
pca confidence sum
/m/015czt /military/rank/used_by_services./military/military_service/military_force /m/01j_x 1 1 0 1
/m/012qdp /military/rank/used_by_services./military/military_service/military_force /m/01skqzw 1 1 0 1
/m/01c83m /military/rank/used_by_services./military/military_service/military_force /m/02fr2d 1 1 0 0
/m/015czt /military/rank/used_by_services./military/military_service/military_force /m/06hhp 1 1 0 1
std confidence sum
/m/015czt /military/rank/used_by_services./military/military_service/military_force /m/01j_x 1 1 0 1
/m/012qdp /military/rank/used_by_services./military/military_service/military_force /m/01skqzw 1 1 0 1
/m/01c83m /military/rank/used_by_services./military/military_service/military_force /m/02fr2d 1 1 0 0
/m/015czt /military/rank/used_by_services./military/military_service/military_force /m/06hhp 1 1 0 0
