pca confidence count
/m/026t6 /music/instrument/variation /m/0bm02 0 0 0 0
/m/0l14md /music/instrument/variation /m/0dwsp 0 1 0 0
/m/0l14_3 /music/instrument/variation /m/01xqw 0 0 0 0
/m/02qjv /music/instrument/variation /m/05ljv7 0 1 0 0
/m/01vj9c /music/instrument/variation /m/023r2x 1 1 0 0
/m/026t6 /music/instrument/variation /m/06rvn 1 1 0 0
/m/0342h /music/instrument/variation /m/01rhl 0 0 0 0
/m/0395lw /music/instrument/variation /m/0239kh 1 1 1 1
/m/05148p4 /music/instrument/variation /m/0dwvl 0 0 0 0
/m/0d8lm /music/instrument/variation /m/01xqw 0 0 0 0
/m/0fx80y /music/instrument/variation /m/0342h 0 1 0 0
std confidence count
/m/026t6 /music/instrument/variation /m/0bm02 0 0 0 0
/m/0l14md /music/instrument/variation /m/0dwsp 1 1 0 1
/m/0l14_3 /music/instrument/variation /m/01xqw 0 0 0 0
/m/02qjv /music/instrument/variation /m/05ljv7 1 1 0 1
/m/01vj9c /music/instrument/variation /m/023r2x 1 1 0 1
/m/026t6 /music/instrument/variation /m/06rvn 1 1 0 1
/m/0342h /music/instrument/variation /m/01rhl 0 0 0 0
/m/0395lw /music/instrument/variation /m/0239kh 1 1 1 1
/m/05148p4 /music/instrument/variation /m/0dwvl 1 1 0 1
/m/0d8lm /music/instrument/variation /m/01xqw 1 1 0 1
/m/0fx80y /music/instrument/variation /m/0342h 1 1 0 1
pca confidence sum
/m/026t6 /music/instrument/variation /m/0bm02 0 0 0 0
/m/0l14md /music/instrument/variation /m/0dwsp 0 0 0 0
/m/0l14_3 /music/instrument/variation /m/01xqw 0 1 0 0
/m/02qjv /music/instrument/variation /m/05ljv7 0 0 0 0
/m/01vj9c /music/instrument/variation /m/023r2x 1 1 0 0
/m/026t6 /music/instrument/variation /m/06rvn 1 1 0 0
/m/0342h /music/instrument/variation /m/01rhl 0 0 0 0
/m/0395lw /music/instrument/variation /m/0239kh 1 1 1 1
/m/05148p4 /music/instrument/variation /m/0dwvl 0 0 0 0
/m/0d8lm /music/instrument/variation /m/01xqw 0 0 0 0
/m/0fx80y /music/instrument/variation /m/0342h 1 1 0 1
std confidence sum
/m/026t6 /music/instrument/variation /m/0bm02 0 0 0 0
/m/0l14md /music/instrument/variation /m/0dwsp 0 0 0 0
/m/0l14_3 /music/instrument/variation /m/01xqw 0 1 0 0
/m/02qjv /music/instrument/variation /m/05ljv7 0 0 0 0
/m/01vj9c /music/instrument/variation /m/023r2x 1 1 0 1
/m/026t6 /music/instrument/variation /m/06rvn 1 1 0 0
/m/0342h /music/instrument/variation /m/01rhl 0 0 0 0
/m/0395lw /music/instrument/variation /m/0239kh 1 1 1 1
/m/05148p4 /music/instrument/variation /m/0dwvl 0 0 0 0
/m/0d8lm /music/instrument/variation /m/01xqw 0 0 0 0
/m/0fx80y /music/instrument/variation /m/0342h 1 1 0 1
