pca confidence count
/m/0dwvl /music/instrument/family /m/0l14md 1 1 0 1
/m/06rvn /music/instrument/family /m/0l14md 1 1 0 1
/m/01rhl /music/instrument/family /m/0342h 1 1 0 0
/m/01w4c9 /music/instrument/family /m/0l14md 1 1 0 1
/m/02bxd /music/instrument/family /m/01kcd 1 1 1 1
/m/051hrr /music/instrument/family /m/0l14md 1 1 0 0
/m/07y_7 /music/instrument/family /m/0d8lm 1 1 1 1
/m/0l14qv /music/instrument/family /m/01vdm0 1 1 0 1
/m/03q5t /music/instrument/family /m/0fx80y 1 1 0 1
/m/07m2y /music/instrument/family /m/01kcd 1 1 0 1
/m/03q5t /music/instrument/family /m/05148p4 1 1 1 1
/m/026t6 /music/instrument/family /m/0l14md 1 1 0 0
/m/07_l6 /music/instrument/family /m/0l14_3 0 0 0 0
/m/0bm02 /music/instrument/family /m/026t6 1 1 0 0
/m/01xqw /music/instrument/family /m/0l14_3 0 1 0 0
std confidence count
/m/0dwvl /music/instrument/family /m/0l14md 1 1 0 1
/m/06rvn /music/instrument/family /m/0l14md 1 1 1 1
/m/01rhl /music/instrument/family /m/0342h 1 1 0 0
/m/01w4c9 /music/instrument/family /m/0l14md 1 1 0 1
/m/02bxd /music/instrument/family /m/01kcd 1 1 1 1
/m/051hrr /music/instrument/family /m/0l14md 1 1 0 0
/m/07y_7 /music/instrument/family /m/0d8lm 1 1 1 1
/m/0l14qv /music/instrument/family /m/01vdm0 1 1 0 1
/m/03q5t /music/instrument/family /m/0fx80y 1 1 1 1
/m/07m2y /music/instrument/family /m/01kcd 1 1 0 1
/m/03q5t /music/instrument/family /m/05148p4 1 1 0 1
/m/026t6 /music/instrument/family /m/0l14md 1 1 1 1
/m/07_l6 /music/instrument/family /m/0l14_3 0 0 0 0
/m/0bm02 /music/instrument/family /m/026t6 1 1 0 1
/m/01xqw /music/instrument/family /m/0l14_3 1 1 0 0
pca confidence sum
/m/0dwvl /music/instrument/family /m/0l14md 1 1 0 0
/m/06rvn /music/instrument/family /m/0l14md 1 1 1 1
/m/01rhl /music/instrument/family /m/0342h 1 1 0 0
/m/01w4c9 /music/instrument/family /m/0l14md 1 1 1 1
/m/02bxd /music/instrument/family /m/01kcd 1 1 0 0
/m/051hrr /music/instrument/family /m/0l14md 1 1 0 0
/m/07y_7 /music/instrument/family /m/0d8lm 1 1 0 0
/m/0l14qv /music/instrument/family /m/01vdm0 0 1 0 0
/m/03q5t /music/instrument/family /m/0fx80y 1 1 1 1
/m/07m2y /music/instrument/family /m/01kcd 1 1 0 0
/m/03q5t /music/instrument/family /m/05148p4 1 1 0 1
/m/026t6 /music/instrument/family /m/0l14md 1 1 0 0
/m/07_l6 /music/instrument/family /m/0l14_3 0 0 0 0
/m/0bm02 /music/instrument/family /m/026t6 1 1 0 0
/m/01xqw /music/instrument/family /m/0l14_3 0 1 0 0
std confidence sum
/m/0dwvl /music/instrument/family /m/0l14md 1 1 0 0
/m/06rvn /music/instrument/family /m/0l14md 1 1 1 1
/m/01rhl /music/instrument/family /m/0342h 1 1 0 0
/m/01w4c9 /music/instrument/family /m/0l14md 1 1 1 1
/m/02bxd /music/instrument/family /m/01kcd 1 1 0 0
/m/051hrr /music/instrument/family /m/0l14md 1 1 0 0
/m/07y_7 /music/instrument/family /m/0d8lm 1 1 0 0
/m/0l14qv /music/instrument/family /m/01vdm0 0 1 0 0
/m/03q5t /music/instrument/family /m/0fx80y 1 1 1 1
/m/07m2y /music/instrument/family /m/01kcd 1 1 0 0
/m/03q5t /music/instrument/family /m/05148p4 1 1 0 1
/m/026t6 /music/instrument/family /m/0l14md 1 1 0 0
/m/07_l6 /music/instrument/family /m/0l14_3 0 0 0 0
/m/0bm02 /music/instrument/family /m/026t6 1 1 0 0
/m/01xqw /music/instrument/family /m/0l14_3 0 1 0 0
