pca confidence count
/m/03lty /music/genre/subgenre /m/06cp5 0 1 0 1
/m/059kh /music/genre/subgenre /m/05y8n7 0 0 0 0
/m/016clz /music/genre/subgenre /m/0g_bh 1 1 0 1
/m/026z9 /music/genre/subgenre /m/016_nr 1 1 0 1
/m/06cqb /music/genre/subgenre /m/0190y4 1 1 0 0
/m/0mmp3 /music/genre/subgenre /m/07gxw 1 1 0 1
/m/059kh /music/genre/subgenre /m/01_qp_ 1 1 0 1
/m/016cyt /music/genre/subgenre /m/0190y4 1 1 1 1
/m/05r6t /music/genre/subgenre /m/0pm85 1 1 0 1
/m/06by7 /music/genre/subgenre /m/02k_kn 1 1 0 1
/m/02yv6b /music/genre/subgenre /m/0dl5d 1 1 0 1
/m/0gywn /music/genre/subgenre /m/026z9 1 1 1 1
/m/06by7 /music/genre/subgenre /m/09nwwf 0 1 0 0
/m/02z7f3 /music/genre/subgenre /m/066d03 1 1 1 1
/m/0glt670 /music/genre/subgenre /m/016_nr 1 1 0 1
/m/016_rm /music/genre/subgenre /m/036jv 1 1 0 1
/m/02r6mf /music/genre/subgenre /m/0fd3y 1 1 1 1
/m/0nk3g /music/genre/subgenre /m/02856r 1 1 1 1
/m/05r6t /music/genre/subgenre /m/01hcvm 0 0 0 0
/m/05r6t /music/genre/subgenre /m/08cg36 1 1 0 1
/m/06by7 /music/genre/subgenre /m/05bt6j 0 1 0 0
/m/0ggq0m /music/genre/subgenre /m/01wqlc 1 1 1 1
/m/037n97 /music/genre/subgenre /m/0fxgg9 1 1 1 1
/m/0296y /music/genre/subgenre /m/05g7tj 0 0 0 0
/m/0155w /music/genre/subgenre /m/01lyv 0 0 0 0
/m/0233qs /music/genre/subgenre /m/0190yn 1 1 1 1
/m/09jw2 /music/genre/subgenre /m/08cg36 1 1 0 1
/m/016_nr /music/genre/subgenre /m/04h6m 1 1 0 1
/m/03lty /music/genre/subgenre /m/01dqhq 0 1 0 1
/m/05w3f /music/genre/subgenre /m/0grjmv 1 1 0 1
/m/03mb9 /music/genre/subgenre /m/01h0kx 1 1 0 1
/m/0y3_8 /music/genre/subgenre /m/0133k0 1 1 0 1
/m/0155w /music/genre/subgenre /m/01fbr2 0 0 0 0
/m/0glt670 /music/genre/subgenre /m/029h7y 1 1 0 1
/m/01243b /music/genre/subgenre /m/01_bkd 1 1 0 1
/m/05r6t /music/genre/subgenre /m/064lqk 1 1 0 1
/m/04f73rc /music/genre/subgenre /m/07bbw 1 1 1 1
/m/06by7 /music/genre/subgenre /m/01756d 0 1 0 0
/m/06by7 /music/genre/subgenre /m/03lty 0 1 0 0
/m/016clz /music/genre/subgenre /m/0175zz 0 0 0 0
/m/02yv6b /music/genre/subgenre /m/016jhr 1 1 1 1
/m/0y2tr /music/genre/subgenre /m/088vmr 1 1 1 1
/m/05r6t /music/genre/subgenre /m/01cbwl 1 1 0 1
/m/05r6t /music/genre/subgenre /m/059kh 1 1 0 1
/m/0172rj /music/genre/subgenre /m/08z0wx 0 0 0 0
/m/02x8m /music/genre/subgenre /m/037n97 1 1 0 1
/m/01jwt /music/genre/subgenre /m/03339m 0 0 0 0
/m/02mscn /music/genre/subgenre /m/0145rs 1 1 0 1
/m/08cyft /music/genre/subgenre /m/0163zw 1 1 0 1
/m/018ysx /music/genre/subgenre /m/020ngt 0 0 0 0
/m/08cyft /music/genre/subgenre /m/03mb9 1 1 0 1
/m/0gywn /music/genre/subgenre /m/07ym47 1 1 1 1
/m/07lnk /music/genre/subgenre /m/02w6s3 1 1 1 1
/m/0grjmv /music/genre/subgenre /m/0175zz 1 1 1 1
/m/06by7 /music/genre/subgenre /m/0dn16 0 0 0 0
/m/06by7 /music/genre/subgenre /m/02856r 0 1 0 0
/m/011j5x /music/genre/subgenre /m/03xnwz 1 1 0 1
/m/0m0jc /music/genre/subgenre /m/0lc1r 1 1 0 1
/m/06by7 /music/genre/subgenre /m/01pfpt 0 1 0 0
/m/018ysx /music/genre/subgenre /m/01243b 1 1 1 1
/m/0glt670 /music/genre/subgenre /m/016_v3 0 1 0 0
/m/06cqb /music/genre/subgenre /m/016_rm 1 1 0 1
/m/0fd3y /music/genre/subgenre /m/01hydr 0 0 0 0
/m/06by7 /music/genre/subgenre /m/017371 0 1 0 0
/m/0mmp3 /music/genre/subgenre /m/0xv2x 1 1 1 1
/m/0gywn /music/genre/subgenre /m/016_nr 1 1 1 1
/m/0glt670 /music/genre/subgenre /m/021_z5 1 1 0 1
/m/05r6t /music/genre/subgenre /m/03p7rp 1 1 0 1
/m/0mmp3 /music/genre/subgenre /m/0y3_8 0 1 0 0
/m/07gxw /music/genre/subgenre /m/01z9l_ 1 1 0 1
/m/0163zw /music/genre/subgenre /m/02t8gf 1 1 1 1
/m/01243b /music/genre/subgenre /m/0dls3 1 1 0 1
/m/03_d0 /music/genre/subgenre /m/01kcty 0 1 0 0
/m/06j6l /music/genre/subgenre /m/064t9 1 1 0 1
/m/04f73rc /music/genre/subgenre /m/01_bkd 0 0 0 0
/m/05r6t /music/genre/subgenre /m/01g888 1 1 0 1
/m/0glt670 /music/genre/subgenre /m/04h6m 1 1 0 1
/m/03lty /music/genre/subgenre /m/016clz 0 1 0 1
/m/0jmwg /music/genre/subgenre /m/01hcvm 1 1 0 1
/m/03fpx /music/genre/subgenre /m/021vlg 1 1 1 1
/m/01wqlc /music/genre/subgenre /m/0fd3y 1 1 1 1
/m/01m1y /music/genre/subgenre /m/01lyv 1 1 1 1
/m/09jw2 /music/genre/subgenre /m/0xjl2 1 1 1 1
/m/01lyv /music/genre/subgenre /m/026g51 1 1 0 1
/m/016_rm /music/genre/subgenre /m/025tjk_ 1 1 0 1
/m/026z9 /music/genre/subgenre /m/04pcmw 1 1 1 1
/m/05bt6j /music/genre/subgenre /m/059kh 1 1 1 1
/m/0827d /music/genre/subgenre /m/064t9 1 1 0 1
/m/06j6l /music/genre/subgenre /m/0nk3g 1 1 0 1
/m/06by7 /music/genre/subgenre /m/08cg36 0 1 0 0
/m/06by7 /music/genre/subgenre /m/01243b 0 1 0 0
/m/0jrv_ /music/genre/subgenre /m/01jwt 1 1 0 1
/m/0dl5d /music/genre/subgenre /m/0bytsc 0 0 0 0
/m/016_nr /music/genre/subgenre /m/0glt670 1 1 1 1
/m/0glt670 /music/genre/subgenre /m/07d2d 1 1 0 1
/m/01243b /music/genre/subgenre /m/0190_q 1 1 0 1
/m/03lty /music/genre/subgenre /m/04_sqm 0 1 0 1
/m/0ggq0m /music/genre/subgenre /m/04b675 1 1 1 1
/m/03lty /music/genre/subgenre /m/028cl7 0 1 0 1
std confidence count
/m/03lty /music/genre/subgenre /m/06cp5 0 1 0 1
/m/059kh /music/genre/subgenre /m/05y8n7 0 0 0 0
/m/016clz /music/genre/subgenre /m/0g_bh 1 1 0 1
/m/026z9 /music/genre/subgenre /m/016_nr 1 1 0 1
/m/06cqb /music/genre/subgenre /m/0190y4 1 1 0 0
/m/0mmp3 /music/genre/subgenre /m/07gxw 1 1 0 1
/m/059kh /music/genre/subgenre /m/01_qp_ 1 1 0 1
/m/016cyt /music/genre/subgenre /m/0190y4 1 1 1 1
/m/05r6t /music/genre/subgenre /m/0pm85 1 1 0 1
/m/06by7 /music/genre/subgenre /m/02k_kn 0 1 0 0
/m/02yv6b /music/genre/subgenre /m/0dl5d 1 1 0 1
/m/0gywn /music/genre/subgenre /m/026z9 1 1 1 1
/m/06by7 /music/genre/subgenre /m/09nwwf 0 1 0 0
/m/02z7f3 /music/genre/subgenre /m/066d03 1 1 1 1
/m/0glt670 /music/genre/subgenre /m/016_nr 1 1 0 1
/m/016_rm /music/genre/subgenre /m/036jv 1 1 0 1
/m/02r6mf /music/genre/subgenre /m/0fd3y 1 1 1 1
/m/0nk3g /music/genre/subgenre /m/02856r 1 1 1 1
/m/05r6t /music/genre/subgenre /m/01hcvm 0 0 0 0
/m/05r6t /music/genre/subgenre /m/08cg36 1 1 0 1
/m/06by7 /music/genre/subgenre /m/05bt6j 0 1 0 0
/m/0ggq0m /music/genre/subgenre /m/01wqlc 1 1 1 1
/m/037n97 /music/genre/subgenre /m/0fxgg9 1 1 1 1
/m/0296y /music/genre/subgenre /m/05g7tj 0 0 0 0
/m/0155w /music/genre/subgenre /m/01lyv 0 0 0 0
/m/0233qs /music/genre/subgenre /m/0190yn 1 1 1 1
/m/09jw2 /music/genre/subgenre /m/08cg36 1 1 0 1
/m/016_nr /music/genre/subgenre /m/04h6m 1 1 0 1
/m/03lty /music/genre/subgenre /m/01dqhq 0 1 0 1
/m/05w3f /music/genre/subgenre /m/0grjmv 1 1 0 1
/m/03mb9 /music/genre/subgenre /m/01h0kx 1 1 0 1
/m/0y3_8 /music/genre/subgenre /m/0133k0 1 1 0 1
/m/0155w /music/genre/subgenre /m/01fbr2 0 0 0 0
/m/0glt670 /music/genre/subgenre /m/029h7y 1 1 0 1
/m/01243b /music/genre/subgenre /m/01_bkd 1 1 0 1
/m/05r6t /music/genre/subgenre /m/064lqk 1 1 0 1
/m/04f73rc /music/genre/subgenre /m/07bbw 1 1 1 1
/m/06by7 /music/genre/subgenre /m/01756d 0 1 0 0
/m/06by7 /music/genre/subgenre /m/03lty 0 1 0 0
/m/016clz /music/genre/subgenre /m/0175zz 0 0 0 0
/m/02yv6b /music/genre/subgenre /m/016jhr 1 1 1 1
/m/0y2tr /music/genre/subgenre /m/088vmr 1 1 1 1
/m/05r6t /music/genre/subgenre /m/01cbwl 1 1 0 1
/m/05r6t /music/genre/subgenre /m/059kh 1 1 0 1
/m/0172rj /music/genre/subgenre /m/08z0wx 0 0 0 0
/m/02x8m /music/genre/subgenre /m/037n97 1 1 0 1
/m/01jwt /music/genre/subgenre /m/03339m 0 0 0 0
/m/02mscn /music/genre/subgenre /m/0145rs 1 1 0 1
/m/08cyft /music/genre/subgenre /m/0163zw 1 1 0 1
/m/018ysx /music/genre/subgenre /m/020ngt 0 0 0 0
/m/08cyft /music/genre/subgenre /m/03mb9 1 1 0 1
/m/0gywn /music/genre/subgenre /m/07ym47 1 1 1 1
/m/07lnk /music/genre/subgenre /m/02w6s3 1 1 1 1
/m/0grjmv /music/genre/subgenre /m/0175zz 1 1 1 1
/m/06by7 /music/genre/subgenre /m/0dn16 0 0 0 0
/m/06by7 /music/genre/subgenre /m/02856r 0 1 0 0
/m/011j5x /music/genre/subgenre /m/03xnwz 1 1 0 1
/m/0m0jc /music/genre/subgenre /m/0lc1r 1 1 0 1
/m/06by7 /music/genre/subgenre /m/01pfpt 0 1 0 0
/m/018ysx /music/genre/subgenre /m/01243b 1 1 1 1
/m/0glt670 /music/genre/subgenre /m/016_v3 0 1 0 0
/m/06cqb /music/genre/subgenre /m/016_rm 1 1 0 1
/m/0fd3y /music/genre/subgenre /m/01hydr 0 0 0 0
/m/06by7 /music/genre/subgenre /m/017371 0 1 0 0
/m/0mmp3 /music/genre/subgenre /m/0xv2x 1 1 1 1
/m/0gywn /music/genre/subgenre /m/016_nr 1 1 1 1
/m/0glt670 /music/genre/subgenre /m/021_z5 1 1 0 1
/m/05r6t /music/genre/subgenre /m/03p7rp 1 1 0 1
/m/0mmp3 /music/genre/subgenre /m/0y3_8 0 1 0 0
/m/07gxw /music/genre/subgenre /m/01z9l_ 1 1 0 1
/m/0163zw /music/genre/subgenre /m/02t8gf 1 1 1 1
/m/01243b /music/genre/subgenre /m/0dls3 1 1 0 1
/m/03_d0 /music/genre/subgenre /m/01kcty 0 1 0 0
/m/06j6l /music/genre/subgenre /m/064t9 1 1 0 1
/m/04f73rc /music/genre/subgenre /m/01_bkd 0 0 0 0
/m/05r6t /music/genre/subgenre /m/01g888 1 1 0 1
/m/0glt670 /music/genre/subgenre /m/04h6m 1 1 0 1
/m/03lty /music/genre/subgenre /m/016clz 0 1 0 1
/m/0jmwg /music/genre/subgenre /m/01hcvm 1 1 0 1
/m/03fpx /music/genre/subgenre /m/021vlg 1 1 1 1
/m/01wqlc /music/genre/subgenre /m/0fd3y 1 1 1 1
/m/01m1y /music/genre/subgenre /m/01lyv 1 1 1 1
/m/09jw2 /music/genre/subgenre /m/0xjl2 1 1 1 1
/m/01lyv /music/genre/subgenre /m/026g51 1 1 0 1
/m/016_rm /music/genre/subgenre /m/025tjk_ 1 1 0 1
/m/026z9 /music/genre/subgenre /m/04pcmw 1 1 1 1
/m/05bt6j /music/genre/subgenre /m/059kh 1 1 1 1
/m/0827d /music/genre/subgenre /m/064t9 1 1 0 1
/m/06j6l /music/genre/subgenre /m/0nk3g 1 1 0 1
/m/06by7 /music/genre/subgenre /m/08cg36 0 1 0 0
/m/06by7 /music/genre/subgenre /m/01243b 0 1 0 0
/m/0jrv_ /music/genre/subgenre /m/01jwt 1 1 0 1
/m/0dl5d /music/genre/subgenre /m/0bytsc 0 0 0 0
/m/016_nr /music/genre/subgenre /m/0glt670 1 1 1 1
/m/0glt670 /music/genre/subgenre /m/07d2d 1 1 0 1
/m/01243b /music/genre/subgenre /m/0190_q 1 1 0 1
/m/03lty /music/genre/subgenre /m/04_sqm 0 1 0 1
/m/0ggq0m /music/genre/subgenre /m/04b675 1 1 1 1
/m/03lty /music/genre/subgenre /m/028cl7 0 1 0 1
pca confidence sum
/m/03lty /music/genre/subgenre /m/06cp5 0 1 0 0
/m/059kh /music/genre/subgenre /m/05y8n7 0 0 0 0
/m/016clz /music/genre/subgenre /m/0g_bh 1 1 0 1
/m/026z9 /music/genre/subgenre /m/016_nr 1 1 0 0
/m/06cqb /music/genre/subgenre /m/0190y4 0 1 0 0
/m/0mmp3 /music/genre/subgenre /m/07gxw 1 1 0 1
/m/059kh /music/genre/subgenre /m/01_qp_ 1 1 0 0
/m/016cyt /music/genre/subgenre /m/0190y4 1 1 1 1
/m/05r6t /music/genre/subgenre /m/0pm85 1 1 0 1
/m/06by7 /music/genre/subgenre /m/02k_kn 0 1 0 0
/m/02yv6b /music/genre/subgenre /m/0dl5d 1 1 0 0
/m/0gywn /music/genre/subgenre /m/026z9 1 1 0 1
/m/06by7 /music/genre/subgenre /m/09nwwf 0 1 0 0
/m/02z7f3 /music/genre/subgenre /m/066d03 1 1 1 1
/m/0glt670 /music/genre/subgenre /m/016_nr 1 1 0 1
/m/016_rm /music/genre/subgenre /m/036jv 1 1 0 0
/m/02r6mf /music/genre/subgenre /m/0fd3y 1 1 1 1
/m/0nk3g /music/genre/subgenre /m/02856r 1 1 1 1
/m/05r6t /music/genre/subgenre /m/01hcvm 0 0 0 0
/m/05r6t /music/genre/subgenre /m/08cg36 0 1 0 1
/m/06by7 /music/genre/subgenre /m/05bt6j 0 1 0 0
/m/0ggq0m /music/genre/subgenre /m/01wqlc 1 1 0 0
/m/037n97 /music/genre/subgenre /m/0fxgg9 1 1 1 1
/m/0296y /music/genre/subgenre /m/05g7tj 0 0 0 0
/m/0155w /music/genre/subgenre /m/01lyv 0 1 0 0
/m/0233qs /music/genre/subgenre /m/0190yn 1 1 1 1
/m/09jw2 /music/genre/subgenre /m/08cg36 1 1 0 0
/m/016_nr /music/genre/subgenre /m/04h6m 1 1 0 1
/m/03lty /music/genre/subgenre /m/01dqhq 0 1 0 0
/m/05w3f /music/genre/subgenre /m/0grjmv 1 1 0 1
/m/03mb9 /music/genre/subgenre /m/01h0kx 1 1 0 0
/m/0y3_8 /music/genre/subgenre /m/0133k0 1 1 0 1
/m/0155w /music/genre/subgenre /m/01fbr2 0 0 0 0
/m/0glt670 /music/genre/subgenre /m/029h7y 1 1 0 1
/m/01243b /music/genre/subgenre /m/01_bkd 1 1 0 1
/m/05r6t /music/genre/subgenre /m/064lqk 0 1 0 0
/m/04f73rc /music/genre/subgenre /m/07bbw 1 1 0 0
/m/06by7 /music/genre/subgenre /m/01756d 0 0 0 0
/m/06by7 /music/genre/subgenre /m/03lty 0 1 0 0
/m/016clz /music/genre/subgenre /m/0175zz 0 0 0 0
/m/02yv6b /music/genre/subgenre /m/016jhr 1 1 0 0
/m/0y2tr /music/genre/subgenre /m/088vmr 1 1 1 1
/m/05r6t /music/genre/subgenre /m/01cbwl 0 1 0 1
/m/05r6t /music/genre/subgenre /m/059kh 0 1 0 1
/m/0172rj /music/genre/subgenre /m/08z0wx 0 0 0 0
/m/02x8m /music/genre/subgenre /m/037n97 1 1 0 1
/m/01jwt /music/genre/subgenre /m/03339m 0 0 0 0
/m/02mscn /music/genre/subgenre /m/0145rs 1 1 0 0
/m/08cyft /music/genre/subgenre /m/0163zw 1 1 0 1
/m/018ysx /music/genre/subgenre /m/020ngt 0 0 0 0
/m/08cyft /music/genre/subgenre /m/03mb9 1 1 0 1
/m/0gywn /music/genre/subgenre /m/07ym47 1 1 0 1
/m/07lnk /music/genre/subgenre /m/02w6s3 1 1 1 1
/m/0grjmv /music/genre/subgenre /m/0175zz 1 1 0 0
/m/06by7 /music/genre/subgenre /m/0dn16 0 0 0 0
/m/06by7 /music/genre/subgenre /m/02856r 0 0 0 0
/m/011j5x /music/genre/subgenre /m/03xnwz 1 1 0 1
/m/0m0jc /music/genre/subgenre /m/0lc1r 1 1 0 0
/m/06by7 /music/genre/subgenre /m/01pfpt 0 1 0 0
/m/018ysx /music/genre/subgenre /m/01243b 1 1 1 1
/m/0glt670 /music/genre/subgenre /m/016_v3 0 1 0 0
/m/06cqb /music/genre/subgenre /m/016_rm 1 1 0 0
/m/0fd3y /music/genre/subgenre /m/01hydr 0 0 0 0
/m/06by7 /music/genre/subgenre /m/017371 0 0 0 0
/m/0mmp3 /music/genre/subgenre /m/0xv2x 1 1 1 1
/m/0gywn /music/genre/subgenre /m/016_nr 1 1 1 1
/m/0glt670 /music/genre/subgenre /m/021_z5 0 1 0 1
/m/05r6t /music/genre/subgenre /m/03p7rp 1 1 0 1
/m/0mmp3 /music/genre/subgenre /m/0y3_8 0 1 0 0
/m/07gxw /music/genre/subgenre /m/01z9l_ 1 1 0 0
/m/0163zw /music/genre/subgenre /m/02t8gf 1 1 1 1
/m/01243b /music/genre/subgenre /m/0dls3 0 1 0 1
/m/03_d0 /music/genre/subgenre /m/01kcty 0 1 0 0
/m/06j6l /music/genre/subgenre /m/064t9 1 1 0 1
/m/04f73rc /music/genre/subgenre /m/01_bkd 0 0 0 0
/m/05r6t /music/genre/subgenre /m/01g888 0 1 0 0
/m/0glt670 /music/genre/subgenre /m/04h6m 1 1 0 1
/m/03lty /music/genre/subgenre /m/016clz 0 1 0 0
/m/0jmwg /music/genre/subgenre /m/01hcvm 1 1 0 0
/m/03fpx /music/genre/subgenre /m/021vlg 1 1 1 1
/m/01wqlc /music/genre/subgenre /m/0fd3y 1 1 1 1
/m/01m1y /music/genre/subgenre /m/01lyv 1 1 1 1
/m/09jw2 /music/genre/subgenre /m/0xjl2 1 1 1 1
/m/01lyv /music/genre/subgenre /m/026g51 1 1 0 0
/m/016_rm /music/genre/subgenre /m/025tjk_ 1 1 0 0
/m/026z9 /music/genre/subgenre /m/04pcmw 1 1 1 1
/m/05bt6j /music/genre/subgenre /m/059kh 1 1 1 1
/m/0827d /music/genre/subgenre /m/064t9 1 1 0 1
/m/06j6l /music/genre/subgenre /m/0nk3g 1 1 0 1
/m/06by7 /music/genre/subgenre /m/08cg36 0 0 0 0
/m/06by7 /music/genre/subgenre /m/01243b 0 1 0 0
/m/0jrv_ /music/genre/subgenre /m/01jwt 1 1 0 0
/m/0dl5d /music/genre/subgenre /m/0bytsc 0 0 0 0
/m/016_nr /music/genre/subgenre /m/0glt670 1 1 0 1
/m/0glt670 /music/genre/subgenre /m/07d2d 0 1 0 1
/m/01243b /music/genre/subgenre /m/0190_q 0 1 0 1
/m/03lty /music/genre/subgenre /m/04_sqm 0 1 0 0
/m/0ggq0m /music/genre/subgenre /m/04b675 1 1 0 0
/m/03lty /music/genre/subgenre /m/028cl7 0 1 0 0
std confidence sum
/m/03lty /music/genre/subgenre /m/06cp5 0 1 0 0
/m/059kh /music/genre/subgenre /m/05y8n7 0 0 0 0
/m/016clz /music/genre/subgenre /m/0g_bh 1 1 0 1
/m/026z9 /music/genre/subgenre /m/016_nr 1 1 0 0
/m/06cqb /music/genre/subgenre /m/0190y4 1 1 0 0
/m/0mmp3 /music/genre/subgenre /m/07gxw 1 1 0 1
/m/059kh /music/genre/subgenre /m/01_qp_ 1 1 0 1
/m/016cyt /music/genre/subgenre /m/0190y4 1 1 1 1
/m/05r6t /music/genre/subgenre /m/0pm85 1 1 0 1
/m/06by7 /music/genre/subgenre /m/02k_kn 0 1 0 0
/m/02yv6b /music/genre/subgenre /m/0dl5d 1 1 0 1
/m/0gywn /music/genre/subgenre /m/026z9 1 1 0 1
/m/06by7 /music/genre/subgenre /m/09nwwf 0 1 0 0
/m/02z7f3 /music/genre/subgenre /m/066d03 1 1 1 1
/m/0glt670 /music/genre/subgenre /m/016_nr 1 1 0 1
/m/016_rm /music/genre/subgenre /m/036jv 1 1 0 1
/m/02r6mf /music/genre/subgenre /m/0fd3y 1 1 1 1
/m/0nk3g /music/genre/subgenre /m/02856r 1 1 1 1
/m/05r6t /music/genre/subgenre /m/01hcvm 0 0 0 0
/m/05r6t /music/genre/subgenre /m/08cg36 0 1 0 1
/m/06by7 /music/genre/subgenre /m/05bt6j 0 1 0 0
/m/0ggq0m /music/genre/subgenre /m/01wqlc 1 1 1 1
/m/037n97 /music/genre/subgenre /m/0fxgg9 1 1 1 1
/m/0296y /music/genre/subgenre /m/05g7tj 0 0 0 0
/m/0155w /music/genre/subgenre /m/01lyv 0 1 0 0
/m/0233qs /music/genre/subgenre /m/0190yn 1 1 1 1
/m/09jw2 /music/genre/subgenre /m/08cg36 1 1 0 1
/m/016_nr /music/genre/subgenre /m/04h6m 1 1 0 1
/m/03lty /music/genre/subgenre /m/01dqhq 0 1 0 0
/m/05w3f /music/genre/subgenre /m/0grjmv 1 1 0 1
/m/03mb9 /music/genre/subgenre /m/01h0kx 1 1 0 1
/m/0y3_8 /music/genre/subgenre /m/0133k0 1 1 0 1
/m/0155w /music/genre/subgenre /m/01fbr2 0 0 0 0
/m/0glt670 /music/genre/subgenre /m/029h7y 1 1 0 1
/m/01243b /music/genre/subgenre /m/01_bkd 1 1 0 1
/m/05r6t /music/genre/subgenre /m/064lqk 0 1 0 0
/m/04f73rc /music/genre/subgenre /m/07bbw 1 1 0 0
/m/06by7 /music/genre/subgenre /m/01756d 0 0 0 0
/m/06by7 /music/genre/subgenre /m/03lty 0 1 0 0
/m/016clz /music/genre/subgenre /m/0175zz 0 0 0 0
/m/02yv6b /music/genre/subgenre /m/016jhr 1 1 1 1
/m/0y2tr /music/genre/subgenre /m/088vmr 1 1 1 1
/m/05r6t /music/genre/subgenre /m/01cbwl 0 1 0 1
/m/05r6t /music/genre/subgenre /m/059kh 0 1 0 1
/m/0172rj /music/genre/subgenre /m/08z0wx 0 0 0 0
/m/02x8m /music/genre/subgenre /m/037n97 1 1 0 1
/m/01jwt /music/genre/subgenre /m/03339m 0 0 0 0
/m/02mscn /music/genre/subgenre /m/0145rs 1 1 0 1
/m/08cyft /music/genre/subgenre /m/0163zw 1 1 0 1
/m/018ysx /music/genre/subgenre /m/020ngt 0 0 0 0
/m/08cyft /music/genre/subgenre /m/03mb9 1 1 0 1
/m/0gywn /music/genre/subgenre /m/07ym47 1 1 1 1
/m/07lnk /music/genre/subgenre /m/02w6s3 1 1 1 1
/m/0grjmv /music/genre/subgenre /m/0175zz 1 1 1 1
/m/06by7 /music/genre/subgenre /m/0dn16 0 0 0 0
/m/06by7 /music/genre/subgenre /m/02856r 0 0 0 0
/m/011j5x /music/genre/subgenre /m/03xnwz 1 1 0 1
/m/0m0jc /music/genre/subgenre /m/0lc1r 1 1 0 1
/m/06by7 /music/genre/subgenre /m/01pfpt 0 1 0 0
/m/018ysx /music/genre/subgenre /m/01243b 1 1 1 1
/m/0glt670 /music/genre/subgenre /m/016_v3 0 1 0 0
/m/06cqb /music/genre/subgenre /m/016_rm 1 1 0 1
/m/0fd3y /music/genre/subgenre /m/01hydr 0 0 0 0
/m/06by7 /music/genre/subgenre /m/017371 0 0 0 0
/m/0mmp3 /music/genre/subgenre /m/0xv2x 1 1 1 1
/m/0gywn /music/genre/subgenre /m/016_nr 1 1 1 1
/m/0glt670 /music/genre/subgenre /m/021_z5 0 1 0 1
/m/05r6t /music/genre/subgenre /m/03p7rp 1 1 0 1
/m/0mmp3 /music/genre/subgenre /m/0y3_8 0 1 0 0
/m/07gxw /music/genre/subgenre /m/01z9l_ 1 1 0 0
/m/0163zw /music/genre/subgenre /m/02t8gf 1 1 1 1
/m/01243b /music/genre/subgenre /m/0dls3 0 1 0 1
/m/03_d0 /music/genre/subgenre /m/01kcty 0 1 0 0
/m/06j6l /music/genre/subgenre /m/064t9 1 1 0 1
/m/04f73rc /music/genre/subgenre /m/01_bkd 0 0 0 0
/m/05r6t /music/genre/subgenre /m/01g888 0 1 0 0
/m/0glt670 /music/genre/subgenre /m/04h6m 1 1 0 1
/m/03lty /music/genre/subgenre /m/016clz 0 1 0 0
/m/0jmwg /music/genre/subgenre /m/01hcvm 1 1 0 0
/m/03fpx /music/genre/subgenre /m/021vlg 1 1 1 1
/m/01wqlc /music/genre/subgenre /m/0fd3y 1 1 1 1
/m/01m1y /music/genre/subgenre /m/01lyv 1 1 1 1
/m/09jw2 /music/genre/subgenre /m/0xjl2 1 1 1 1
/m/01lyv /music/genre/subgenre /m/026g51 1 1 0 0
/m/016_rm /music/genre/subgenre /m/025tjk_ 1 1 0 1
/m/026z9 /music/genre/subgenre /m/04pcmw 1 1 1 1
/m/05bt6j /music/genre/subgenre /m/059kh 1 1 1 1
/m/0827d /music/genre/subgenre /m/064t9 1 1 0 1
/m/06j6l /music/genre/subgenre /m/0nk3g 1 1 0 1
/m/06by7 /music/genre/subgenre /m/08cg36 0 0 0 0
/m/06by7 /music/genre/subgenre /m/01243b 0 1 0 0
/m/0jrv_ /music/genre/subgenre /m/01jwt 1 1 0 0
/m/0dl5d /music/genre/subgenre /m/0bytsc 0 0 0 0
/m/016_nr /music/genre/subgenre /m/0glt670 1 1 0 1
/m/0glt670 /music/genre/subgenre /m/07d2d 0 1 0 1
/m/01243b /music/genre/subgenre /m/0190_q 0 1 0 1
/m/03lty /music/genre/subgenre /m/04_sqm 0 1 0 0
/m/0ggq0m /music/genre/subgenre /m/04b675 1 1 1 1
/m/03lty /music/genre/subgenre /m/028cl7 0 1 0 0
