pca confidence count
/m/01hww_ /music/performance_role/regular_performances./music/group_membership/group /m/01q99h 1 1 0 0
/m/02hnl /music/performance_role/regular_performances./music/group_membership/group /m/02mq_y 0 0 0 0
/m/02hnl /music/performance_role/regular_performances./music/group_membership/group /m/04qmr 0 0 0 0
/m/028tv0 /music/performance_role/regular_performances./music/group_membership/group /m/016vn3 0 0 0 0
/m/028tv0 /music/performance_role/regular_performances./music/group_membership/group /m/0394y 0 0 0 0
/m/03bx0bm /music/performance_role/regular_performances./music/group_membership/group /m/0khth 0 0 0 0
/m/05148p4 /music/performance_role/regular_performances./music/group_membership/group /m/0167_s 0 0 0 0
/m/02hnl /music/performance_role/regular_performances./music/group_membership/group /m/07r1_ 0 0 0 0
/m/02g9p4 /music/performance_role/regular_performances./music/group_membership/group /m/07mvp 1 1 0 0
/m/06w87 /music/performance_role/regular_performances./music/group_membership/group /m/01jkqfz 0 0 0 0
/m/0gkd1 /music/performance_role/regular_performances./music/group_membership/group /m/01czx 1 1 0 0
/m/0l14j_ /music/performance_role/regular_performances./music/group_membership/group /m/0p76z 1 1 0 0
/m/018vs /music/performance_role/regular_performances./music/group_membership/group /m/07bzp 0 0 0 0
/m/01vj9c /music/performance_role/regular_performances./music/group_membership/group /m/017_hq 0 0 0 0
/m/02hnl /music/performance_role/regular_performances./music/group_membership/group /m/07rnh 0 0 0 0
/m/02hnl /music/performance_role/regular_performances./music/group_membership/group /m/01_wfj 0 0 0 0
/m/02hnl /music/performance_role/regular_performances./music/group_membership/group /m/048xh 0 0 0 0
/m/02hnl /music/performance_role/regular_performances./music/group_membership/group /m/0dw4g 0 0 0 0
/m/028tv0 /music/performance_role/regular_performances./music/group_membership/group /m/01518s 0 0 0 0
/m/013y1f /music/performance_role/regular_performances./music/group_membership/group /m/02mq_y 1 1 0 0
/m/018vs /music/performance_role/regular_performances./music/group_membership/group /m/01kcms4 0 0 0 0
/m/0l14md /music/performance_role/regular_performances./music/group_membership/group /m/048xh 0 0 0 0
/m/05148p4 /music/performance_role/regular_performances./music/group_membership/group /m/07rnh 0 0 0 0
/m/05148p4 /music/performance_role/regular_performances./music/group_membership/group /m/02cw1m 0 0 0 0
/m/042v_gx /music/performance_role/regular_performances./music/group_membership/group /m/0kr_t 0 1 0 0
/m/028tv0 /music/performance_role/regular_performances./music/group_membership/group /m/081wh1 0 0 0 0
/m/018vs /music/performance_role/regular_performances./music/group_membership/group /m/01518s 0 0 0 0
/m/0l14md /music/performance_role/regular_performances./music/group_membership/group /m/079kr 0 0 0 0
/m/05148p4 /music/performance_role/regular_performances./music/group_membership/group /m/07n68 0 0 0 0
/m/05148p4 /music/performance_role/regular_performances./music/group_membership/group /m/04qzm 0 0 0 0
/m/05r5c /music/performance_role/regular_performances./music/group_membership/group /m/01lf293 0 0 0 0
/m/05r5c /music/performance_role/regular_performances./music/group_membership/group /m/01s560x 0 0 0 0
/m/05r5c /music/performance_role/regular_performances./music/group_membership/group /m/0bk1p 0 0 0 0
/m/02hnl /music/performance_role/regular_performances./music/group_membership/group /m/01q99h 0 0 0 0
/m/02hnl /music/performance_role/regular_performances./music/group_membership/group /m/01jcxwp 0 0 0 0
/m/02hnl /music/performance_role/regular_performances./music/group_membership/group /m/0123r4 0 0 0 0
/m/018vs /music/performance_role/regular_performances./music/group_membership/group /m/0kr_t 0 0 0 0
/m/018vs /music/performance_role/regular_performances./music/group_membership/group /m/03q_w5 0 0 0 0
/m/0l14md /music/performance_role/regular_performances./music/group_membership/group /m/01516r 0 0 0 0
/m/0l14md /music/performance_role/regular_performances./music/group_membership/group /m/01fchy 0 0 0 0
/m/0dwr4 /music/performance_role/regular_performances./music/group_membership/group /m/05563d 1 1 1 1
/m/01vj9c /music/performance_role/regular_performances./music/group_membership/group /m/0pqp3 0 0 0 0
/m/05148p4 /music/performance_role/regular_performances./music/group_membership/group /m/01wv9xn 0 0 0 0
/m/0l14qv /music/performance_role/regular_performances./music/group_membership/group /m/0bpk2 0 1 0 0
/m/02hnl /music/performance_role/regular_performances./music/group_membership/group /m/015cxv 0 0 0 0
/m/02w3w /music/performance_role/regular_performances./music/group_membership/group /m/01jkqfz 1 1 0 0
/m/01dnws /music/performance_role/regular_performances./music/group_membership/group /m/02mq_y 1 1 1 1
/m/02sgy /music/performance_role/regular_performances./music/group_membership/group /m/047cx 0 0 0 0
/m/018vs /music/performance_role/regular_performances./music/group_membership/group /m/0d193h 0 0 0 0
/m/05148p4 /music/performance_role/regular_performances./music/group_membership/group /m/02hzz 0 0 0 0
/m/05r5c /music/performance_role/regular_performances./music/group_membership/group /m/047cx 0 0 0 0
/m/085jw /music/performance_role/regular_performances./music/group_membership/group /m/01qqwp9 1 1 0 1
/m/02hnl /music/performance_role/regular_performances./music/group_membership/group /m/01j59b0 0 0 0 0
/m/02hnl /music/performance_role/regular_performances./music/group_membership/group /m/0fb2l 0 0 0 0
/m/018vs /music/performance_role/regular_performances./music/group_membership/group /m/09z1lg 0 0 0 0
/m/018vs /music/performance_role/regular_performances./music/group_membership/group /m/0p76z 0 0 0 0
/m/0mkg /music/performance_role/regular_performances./music/group_membership/group /m/02r3zy 1 1 0 0
/m/02hnl /music/performance_role/regular_performances./music/group_membership/group /m/0m19t 0 0 0 0
/m/05148p4 /music/performance_role/regular_performances./music/group_membership/group /m/01czx 0 0 0 0
/m/07_l6 /music/performance_role/regular_performances./music/group_membership/group /m/02mq_y 1 1 0 0
/m/06ncr /music/performance_role/regular_performances./music/group_membership/group /m/0178kd 1 1 0 0
/m/0342h /music/performance_role/regular_performances./music/group_membership/group /m/03t9sp 0 0 0 0
/m/05148p4 /music/performance_role/regular_performances./music/group_membership/group /m/02cpp 0 0 0 0
/m/05148p4 /music/performance_role/regular_performances./music/group_membership/group /m/015srx 0 0 0 0
/m/0gkd1 /music/performance_role/regular_performances./music/group_membership/group /m/01s560x 1 1 0 0
/m/02hnl /music/performance_role/regular_performances./music/group_membership/group /m/01shhf 0 0 0 0
/m/028tv0 /music/performance_role/regular_performances./music/group_membership/group /m/01dpts 0 0 0 0
/m/018vs /music/performance_role/regular_performances./music/group_membership/group /m/0fsyx 0 0 0 0
/m/06ncr /music/performance_role/regular_performances./music/group_membership/group /m/01lf293 1 1 0 0
/m/03t22m /music/performance_role/regular_performances./music/group_membership/group /m/01lf293 1 1 0 0
/m/04rzd /music/performance_role/regular_performances./music/group_membership/group /m/0249kn 1 1 0 0
/m/02hnl /music/performance_role/regular_performances./music/group_membership/group /m/01dpts 0 0 0 0
/m/02hnl /music/performance_role/regular_performances./music/group_membership/group /m/03q_w5 0 0 0 0
/m/018vs /music/performance_role/regular_performances./music/group_membership/group /m/089pg7 0 0 0 0
/m/0342h /music/performance_role/regular_performances./music/group_membership/group /m/0167_s 0 0 0 0
/m/0342h /music/performance_role/regular_performances./music/group_membership/group /m/0178_w 0 0 0 0
/m/05148p4 /music/performance_role/regular_performances./music/group_membership/group /m/0jg77 0 0 0 0
/m/02hnl /music/performance_role/regular_performances./music/group_membership/group /m/0134s5 0 0 0 0
/m/07gql /music/performance_role/regular_performances./music/group_membership/group /m/01vrwfv 1 1 0 0
/m/01vj9c /music/performance_role/regular_performances./music/group_membership/group /m/027kwc 0 0 0 0
/m/03qjg /music/performance_role/regular_performances./music/group_membership/group /m/015cqh 0 0 0 0
/m/02hnl /music/performance_role/regular_performances./music/group_membership/group /m/01fchy 0 0 0 0
/m/02hnl /music/performance_role/regular_performances./music/group_membership/group /m/02vgh 0 0 0 0
/m/0l14md /music/performance_role/regular_performances./music/group_membership/group /m/0fcsd 0 0 0 0
/m/02hnl /music/performance_role/regular_performances./music/group_membership/group /m/03g5jw 0 0 0 0
/m/028tv0 /music/performance_role/regular_performances./music/group_membership/group /m/04r1t 0 0 0 0
/m/05148p4 /music/performance_role/regular_performances./music/group_membership/group /m/0cfgd 0 0 0 0
/m/05r5c /music/performance_role/regular_performances./music/group_membership/group /m/07mvp 0 0 0 0
/m/02hnl /music/performance_role/regular_performances./music/group_membership/group /m/046p9 0 0 0 0
/m/02hnl /music/performance_role/regular_performances./music/group_membership/group /m/02_5x9 0 0 0 0
/m/07m2y /music/performance_role/regular_performances./music/group_membership/group /m/01lf293 0 0 0 0
/m/05r5c /music/performance_role/regular_performances./music/group_membership/group /m/09lwrt 0 0 0 0
/m/02hnl /music/performance_role/regular_performances./music/group_membership/group /m/013w2r 0 0 0 0
/m/0l14j_ /music/performance_role/regular_performances./music/group_membership/group /m/02dw1_ 1 1 0 0
/m/018vs /music/performance_role/regular_performances./music/group_membership/group /m/01t_xp_ 0 0 0 0
/m/01vj9c /music/performance_role/regular_performances./music/group_membership/group /m/07hgm 0 0 0 0
/m/05148p4 /music/performance_role/regular_performances./music/group_membership/group /m/02ht0ln 0 0 0 0
/m/03bx0bm /music/performance_role/regular_performances./music/group_membership/group /m/016ppr 0 0 0 0
/m/06w87 /music/performance_role/regular_performances./music/group_membership/group /m/0khth 1 1 0 0
/m/01vj9c /music/performance_role/regular_performances./music/group_membership/group /m/0560w 0 0 0 0
/m/01vj9c /music/performance_role/regular_performances./music/group_membership/group /m/01518s 0 0 0 0
/m/02hnl /music/performance_role/regular_performances./music/group_membership/group /m/0jn38 0 0 0 0
/m/03bx0bm /music/performance_role/regular_performances./music/group_membership/group /m/016vj5 0 0 0 0
/m/018vs /music/performance_role/regular_performances./music/group_membership/group /m/0jltp 0 0 0 0
/m/028tv0 /music/performance_role/regular_performances./music/group_membership/group /m/0150jk 0 0 0 0
/m/03bx0bm /music/performance_role/regular_performances./music/group_membership/group /m/07c0j 0 0 0 0
/m/018j2 /music/performance_role/regular_performances./music/group_membership/group /m/0p8h0 0 1 0 0
/m/0l14md /music/performance_role/regular_performances./music/group_membership/group /m/0b_xm 0 0 0 0
/m/0342h /music/performance_role/regular_performances./music/group_membership/group /m/014kyy 0 0 0 0
/m/0342h /music/performance_role/regular_performances./music/group_membership/group /m/081wh1 0 0 0 0
/m/01vj9c /music/performance_role/regular_performances./music/group_membership/group /m/07m4c 0 0 0 0
/m/011k_j /music/performance_role/regular_performances./music/group_membership/group /m/0dvqq 1 1 0 1
/m/02snj9 /music/performance_role/regular_performances./music/group_membership/group /m/04qzm 1 1 0 1
/m/05r5c /music/performance_role/regular_performances./music/group_membership/group /m/09jm8 0 0 0 0
/m/06w7v /music/performance_role/regular_performances./music/group_membership/group /m/02mq_y 0 0 0 0
/m/0l14md /music/performance_role/regular_performances./music/group_membership/group /m/01s560x 0 0 0 0
/m/0l14md /music/performance_role/regular_performances./music/group_membership/group /m/0l8g0 0 0 0 0
/m/06ncr /music/performance_role/regular_performances./music/group_membership/group /m/01l_w0 0 0 0 0
/m/0342h /music/performance_role/regular_performances./music/group_membership/group /m/0jg77 0 0 0 0
/m/01vj9c /music/performance_role/regular_performances./music/group_membership/group /m/04k05 0 0 0 0
/m/05148p4 /music/performance_role/regular_performances./music/group_membership/group /m/0qmny 0 0 0 0
/m/05148p4 /music/performance_role/regular_performances./music/group_membership/group /m/07n3s 0 0 0 0
/m/05r5c /music/performance_role/regular_performances./music/group_membership/group /m/0khth 0 0 0 0
/m/0l14md /music/performance_role/regular_performances./music/group_membership/group /m/02dw1_ 0 0 0 0
/m/01s0ps /music/performance_role/regular_performances./music/group_membership/group /m/0163m1 1 1 0 0
/m/02bxd /music/performance_role/regular_performances./music/group_membership/group /m/046p9 1 1 1 1
/m/05148p4 /music/performance_role/regular_performances./music/group_membership/group /m/07qnf 0 0 0 0
/m/05148p4 /music/performance_role/regular_performances./music/group_membership/group /m/06mj4 0 0 0 0
/m/04rzd /music/performance_role/regular_performances./music/group_membership/group /m/02mq_y 0 0 0 0
/m/02hnl /music/performance_role/regular_performances./music/group_membership/group /m/017959 0 0 0 0
/m/03bx0bm /music/performance_role/regular_performances./music/group_membership/group /m/0knhk 0 0 0 0
/m/018vs /music/performance_role/regular_performances./music/group_membership/group /m/0g_g2 0 0 0 0
/m/0l14md /music/performance_role/regular_performances./music/group_membership/group /m/0394y 0 0 0 0
/m/0342h /music/performance_role/regular_performances./music/group_membership/group /m/018ndc 0 0 0 0
/m/01vj9c /music/performance_role/regular_performances./music/group_membership/group /m/01vrwfv 0 0 0 0
/m/0319l /music/performance_role/regular_performances./music/group_membership/group /m/027kwc 1 1 0 0
/m/05r5c /music/performance_role/regular_performances./music/group_membership/group /m/0l8g0 0 0 0 0
/m/042v_gx /music/performance_role/regular_performances./music/group_membership/group /m/0pqp3 0 1 0 0
/m/02hnl /music/performance_role/regular_performances./music/group_membership/group /m/011_vz 0 0 0 0
/m/018vs /music/performance_role/regular_performances./music/group_membership/group /m/0178kd 0 0 0 0
/m/0l14md /music/performance_role/regular_performances./music/group_membership/group /m/05k79 0 0 0 0
/m/01vj9c /music/performance_role/regular_performances./music/group_membership/group /m/014pg1 0 0 0 0
/m/05148p4 /music/performance_role/regular_performances./music/group_membership/group /m/02jqjm 0 0 0 0
/m/02hnl /music/performance_role/regular_performances./music/group_membership/group /m/089pg7 0 0 0 0
/m/01v1d8 /music/performance_role/regular_performances./music/group_membership/group /m/02_5x9 1 1 1 1
/m/0l14md /music/performance_role/regular_performances./music/group_membership/group /m/016lj_ 0 0 0 0
/m/0l14md /music/performance_role/regular_performances./music/group_membership/group /m/0187x8 0 0 0 0
/m/06ncr /music/performance_role/regular_performances./music/group_membership/group /m/03k3b 0 1 0 0
/m/018j2 /music/performance_role/regular_performances./music/group_membership/group /m/018ndc 0 1 0 0
/m/0342h /music/performance_role/regular_performances./music/group_membership/group /m/016vn3 0 0 0 0
/m/01hww_ /music/performance_role/regular_performances./music/group_membership/group /m/02dw1_ 1 1 0 0
/m/05148p4 /music/performance_role/regular_performances./music/group_membership/group /m/0249kn 0 0 0 0
/m/07xzm /music/performance_role/regular_performances./music/group_membership/group /m/01k_yf 1 1 0 0
/m/07y_7 /music/performance_role/regular_performances./music/group_membership/group /m/0134wr 1 1 0 0
/m/018vs /music/performance_role/regular_performances./music/group_membership/group /m/01wv9xn 0 0 0 0
/m/018vs /music/performance_role/regular_performances./music/group_membership/group /m/017lb_ 0 0 0 0
/m/0342h /music/performance_role/regular_performances./music/group_membership/group /m/0b1zz 0 0 0 0
/m/02hnl /music/performance_role/regular_performances./music/group_membership/group /m/0ycp3 0 0 0 0
/m/03bx0bm /music/performance_role/regular_performances./music/group_membership/group /m/09z1lg 0 0 0 0
/m/03bx0bm /music/performance_role/regular_performances./music/group_membership/group /m/0ycp3 0 0 0 0
/m/02k84w /music/performance_role/regular_performances./music/group_membership/group /m/01cblr 1 1 0 0
/m/018vs /music/performance_role/regular_performances./music/group_membership/group /m/01lf293 0 0 0 0
/m/0l14md /music/performance_role/regular_performances./music/group_membership/group /m/0167_s 0 0 0 0
/m/05148p4 /music/performance_role/regular_performances./music/group_membership/group /m/0fsyx 0 0 0 0
/m/02hnl /music/performance_role/regular_performances./music/group_membership/group /m/03d9d6 0 0 0 0
/m/0l14md /music/performance_role/regular_performances./music/group_membership/group /m/03g5jw 0 0 0 0
/m/05842k /music/performance_role/regular_performances./music/group_membership/group /m/011xhx 0 0 0 0
std confidence count
/m/01hww_ /music/performance_role/regular_performances./music/group_membership/group /m/01q99h 1 1 0 1
/m/02hnl /music/performance_role/regular_performances./music/group_membership/group /m/02mq_y 0 1 0 0
/m/02hnl /music/performance_role/regular_performances./music/group_membership/group /m/04qmr 0 1 0 0
/m/028tv0 /music/performance_role/regular_performances./music/group_membership/group /m/016vn3 0 0 0 0
/m/028tv0 /music/performance_role/regular_performances./music/group_membership/group /m/0394y 0 1 0 1
/m/03bx0bm /music/performance_role/regular_performances./music/group_membership/group /m/0khth 0 1 0 1
/m/05148p4 /music/performance_role/regular_performances./music/group_membership/group /m/0167_s 0 0 0 0
/m/02hnl /music/performance_role/regular_performances./music/group_membership/group /m/07r1_ 0 1 0 0
/m/02g9p4 /music/performance_role/regular_performances./music/group_membership/group /m/07mvp 1 1 1 1
/m/06w87 /music/performance_role/regular_performances./music/group_membership/group /m/01jkqfz 0 0 0 0
/m/0gkd1 /music/performance_role/regular_performances./music/group_membership/group /m/01czx 1 1 0 1
/m/0l14j_ /music/performance_role/regular_performances./music/group_membership/group /m/0p76z 1 1 0 1
/m/018vs /music/performance_role/regular_performances./music/group_membership/group /m/07bzp 0 1 0 1
/m/01vj9c /music/performance_role/regular_performances./music/group_membership/group /m/017_hq 1 1 0 1
/m/02hnl /music/performance_role/regular_performances./music/group_membership/group /m/07rnh 0 1 0 0
/m/02hnl /music/performance_role/regular_performances./music/group_membership/group /m/01_wfj 0 1 0 0
/m/02hnl /music/performance_role/regular_performances./music/group_membership/group /m/048xh 0 1 0 0
/m/02hnl /music/performance_role/regular_performances./music/group_membership/group /m/0dw4g 0 1 0 0
/m/028tv0 /music/performance_role/regular_performances./music/group_membership/group /m/01518s 0 1 0 1
/m/013y1f /music/performance_role/regular_performances./music/group_membership/group /m/02mq_y 1 1 0 1
/m/018vs /music/performance_role/regular_performances./music/group_membership/group /m/01kcms4 0 0 0 0
/m/0l14md /music/performance_role/regular_performances./music/group_membership/group /m/048xh 0 1 0 0
/m/05148p4 /music/performance_role/regular_performances./music/group_membership/group /m/07rnh 0 1 0 1
/m/05148p4 /music/performance_role/regular_performances./music/group_membership/group /m/02cw1m 0 1 0 0
/m/042v_gx /music/performance_role/regular_performances./music/group_membership/group /m/0kr_t 1 1 0 1
/m/028tv0 /music/performance_role/regular_performances./music/group_membership/group /m/081wh1 0 1 0 1
/m/018vs /music/performance_role/regular_performances./music/group_membership/group /m/01518s 0 1 0 1
/m/0l14md /music/performance_role/regular_performances./music/group_membership/group /m/079kr 0 1 0 1
/m/05148p4 /music/performance_role/regular_performances./music/group_membership/group /m/07n68 0 0 0 0
/m/05148p4 /music/performance_role/regular_performances./music/group_membership/group /m/04qzm 0 1 0 0
/m/05r5c /music/performance_role/regular_performances./music/group_membership/group /m/01lf293 0 1 0 1
/m/05r5c /music/performance_role/regular_performances./music/group_membership/group /m/01s560x 0 1 0 1
/m/05r5c /music/performance_role/regular_performances./music/group_membership/group /m/0bk1p 1 1 0 1
/m/02hnl /music/performance_role/regular_performances./music/group_membership/group /m/01q99h 0 1 0 1
/m/02hnl /music/performance_role/regular_performances./music/group_membership/group /m/01jcxwp 0 1 0 0
/m/02hnl /music/performance_role/regular_performances./music/group_membership/group /m/0123r4 0 1 0 0
/m/018vs /music/performance_role/regular_performances./music/group_membership/group /m/0kr_t 0 1 0 0
/m/018vs /music/performance_role/regular_performances./music/group_membership/group /m/03q_w5 0 1 0 1
/m/0l14md /music/performance_role/regular_performances./music/group_membership/group /m/01516r 0 1 0 1
/m/0l14md /music/performance_role/regular_performances./music/group_membership/group /m/01fchy 0 1 0 1
/m/0dwr4 /music/performance_role/regular_performances./music/group_membership/group /m/05563d 1 1 1 1
/m/01vj9c /music/performance_role/regular_performances./music/group_membership/group /m/0pqp3 0 1 0 1
/m/05148p4 /music/performance_role/regular_performances./music/group_membership/group /m/01wv9xn 0 1 0 0
/m/0l14qv /music/performance_role/regular_performances./music/group_membership/group /m/0bpk2 0 1 0 1
/m/02hnl /music/performance_role/regular_performances./music/group_membership/group /m/015cxv 0 1 0 0
/m/02w3w /music/performance_role/regular_performances./music/group_membership/group /m/01jkqfz 1 1 1 1
/m/01dnws /music/performance_role/regular_performances./music/group_membership/group /m/02mq_y 1 1 1 1
/m/02sgy /music/performance_role/regular_performances./music/group_membership/group /m/047cx 0 0 0 0
/m/018vs /music/performance_role/regular_performances./music/group_membership/group /m/0d193h 0 1 0 1
/m/05148p4 /music/performance_role/regular_performances./music/group_membership/group /m/02hzz 0 1 0 0
/m/05r5c /music/performance_role/regular_performances./music/group_membership/group /m/047cx 0 1 0 1
/m/085jw /music/performance_role/regular_performances./music/group_membership/group /m/01qqwp9 1 1 0 1
/m/02hnl /music/performance_role/regular_performances./music/group_membership/group /m/01j59b0 0 1 0 0
/m/02hnl /music/performance_role/regular_performances./music/group_membership/group /m/0fb2l 0 1 0 0
/m/018vs /music/performance_role/regular_performances./music/group_membership/group /m/09z1lg 0 0 0 0
/m/018vs /music/performance_role/regular_performances./music/group_membership/group /m/0p76z 0 1 0 1
/m/0mkg /music/performance_role/regular_performances./music/group_membership/group /m/02r3zy 1 1 0 1
/m/02hnl /music/performance_role/regular_performances./music/group_membership/group /m/0m19t 0 1 0 0
/m/05148p4 /music/performance_role/regular_performances./music/group_membership/group /m/01czx 0 1 0 1
/m/07_l6 /music/performance_role/regular_performances./music/group_membership/group /m/02mq_y 1 1 1 1
/m/06ncr /music/performance_role/regular_performances./music/group_membership/group /m/0178kd 1 1 1 1
/m/0342h /music/performance_role/regular_performances./music/group_membership/group /m/03t9sp 0 1 0 0
/m/05148p4 /music/performance_role/regular_performances./music/group_membership/group /m/02cpp 0 1 0 0
/m/05148p4 /music/performance_role/regular_performances./music/group_membership/group /m/015srx 0 0 0 0
/m/0gkd1 /music/performance_role/regular_performances./music/group_membership/group /m/01s560x 1 1 0 1
/m/02hnl /music/performance_role/regular_performances./music/group_membership/group /m/01shhf 0 1 0 0
/m/028tv0 /music/performance_role/regular_performances./music/group_membership/group /m/01dpts 0 1 0 1
/m/018vs /music/performance_role/regular_performances./music/group_membership/group /m/0fsyx 0 1 0 1
/m/06ncr /music/performance_role/regular_performances./music/group_membership/group /m/01lf293 1 1 0 1
/m/03t22m /music/performance_role/regular_performances./music/group_membership/group /m/01lf293 1 1 1 1
/m/04rzd /music/performance_role/regular_performances./music/group_membership/group /m/0249kn 1 1 0 1
/m/02hnl /music/performance_role/regular_performances./music/group_membership/group /m/01dpts 0 1 0 0
/m/02hnl /music/performance_role/regular_performances./music/group_membership/group /m/03q_w5 0 1 0 0
/m/018vs /music/performance_role/regular_performances./music/group_membership/group /m/089pg7 0 1 0 1
/m/0342h /music/performance_role/regular_performances./music/group_membership/group /m/0167_s 0 1 0 0
/m/0342h /music/performance_role/regular_performances./music/group_membership/group /m/0178_w 0 1 0 1
/m/05148p4 /music/performance_role/regular_performances./music/group_membership/group /m/0jg77 0 1 0 0
/m/02hnl /music/performance_role/regular_performances./music/group_membership/group /m/0134s5 0 1 0 0
/m/07gql /music/performance_role/regular_performances./music/group_membership/group /m/01vrwfv 1 1 0 1
/m/01vj9c /music/performance_role/regular_performances./music/group_membership/group /m/027kwc 1 1 0 1
/m/03qjg /music/performance_role/regular_performances./music/group_membership/group /m/015cqh 1 1 0 1
/m/02hnl /music/performance_role/regular_performances./music/group_membership/group /m/01fchy 0 1 0 0
/m/02hnl /music/performance_role/regular_performances./music/group_membership/group /m/02vgh 0 1 0 0
/m/0l14md /music/performance_role/regular_performances./music/group_membership/group /m/0fcsd 0 1 0 1
/m/02hnl /music/performance_role/regular_performances./music/group_membership/group /m/03g5jw 0 1 0 0
/m/028tv0 /music/performance_role/regular_performances./music/group_membership/group /m/04r1t 0 1 0 1
/m/05148p4 /music/performance_role/regular_performances./music/group_membership/group /m/0cfgd 0 1 0 0
/m/05r5c /music/performance_role/regular_performances./music/group_membership/group /m/07mvp 0 1 0 0
/m/02hnl /music/performance_role/regular_performances./music/group_membership/group /m/046p9 0 1 0 0
/m/02hnl /music/performance_role/regular_performances./music/group_membership/group /m/02_5x9 0 1 0 0
/m/07m2y /music/performance_role/regular_performances./music/group_membership/group /m/01lf293 0 0 0 0
/m/05r5c /music/performance_role/regular_performances./music/group_membership/group /m/09lwrt 1 1 0 1
/m/02hnl /music/performance_role/regular_performances./music/group_membership/group /m/013w2r 0 1 0 0
/m/0l14j_ /music/performance_role/regular_performances./music/group_membership/group /m/02dw1_ 1 1 0 1
/m/018vs /music/performance_role/regular_performances./music/group_membership/group /m/01t_xp_ 0 0 0 0
/m/01vj9c /music/performance_role/regular_performances./music/group_membership/group /m/07hgm 0 1 0 1
/m/05148p4 /music/performance_role/regular_performances./music/group_membership/group /m/02ht0ln 0 1 0 0
/m/03bx0bm /music/performance_role/regular_performances./music/group_membership/group /m/016ppr 0 1 0 1
/m/06w87 /music/performance_role/regular_performances./music/group_membership/group /m/0khth 1 1 1 1
/m/01vj9c /music/performance_role/regular_performances./music/group_membership/group /m/0560w 0 1 0 1
/m/01vj9c /music/performance_role/regular_performances./music/group_membership/group /m/01518s 0 1 0 1
/m/02hnl /music/performance_role/regular_performances./music/group_membership/group /m/0jn38 0 1 0 0
/m/03bx0bm /music/performance_role/regular_performances./music/group_membership/group /m/016vj5 0 1 0 1
/m/018vs /music/performance_role/regular_performances./music/group_membership/group /m/0jltp 0 1 0 0
/m/028tv0 /music/performance_role/regular_performances./music/group_membership/group /m/0150jk 1 1 0 1
/m/03bx0bm /music/performance_role/regular_performances./music/group_membership/group /m/07c0j 1 1 1 1
/m/018j2 /music/performance_role/regular_performances./music/group_membership/group /m/0p8h0 1 1 0 1
/m/0l14md /music/performance_role/regular_performances./music/group_membership/group /m/0b_xm 1 1 0 1
/m/0342h /music/performance_role/regular_performances./music/group_membership/group /m/014kyy 0 1 0 0
/m/0342h /music/performance_role/regular_performances./music/group_membership/group /m/081wh1 0 1 0 0
/m/01vj9c /music/performance_role/regular_performances./music/group_membership/group /m/07m4c 0 1 0 1
/m/011k_j /music/performance_role/regular_performances./music/group_membership/group /m/0dvqq 1 1 0 1
/m/02snj9 /music/performance_role/regular_performances./music/group_membership/group /m/04qzm 1 1 0 1
/m/05r5c /music/performance_role/regular_performances./music/group_membership/group /m/09jm8 1 1 0 1
/m/06w7v /music/performance_role/regular_performances./music/group_membership/group /m/02mq_y 0 0 0 0
/m/0l14md /music/performance_role/regular_performances./music/group_membership/group /m/01s560x 0 0 0 0
/m/0l14md /music/performance_role/regular_performances./music/group_membership/group /m/0l8g0 0 1 0 1
/m/06ncr /music/performance_role/regular_performances./music/group_membership/group /m/01l_w0 0 0 0 0
/m/0342h /music/performance_role/regular_performances./music/group_membership/group /m/0jg77 0 1 0 0
/m/01vj9c /music/performance_role/regular_performances./music/group_membership/group /m/04k05 1 1 0 1
/m/05148p4 /music/performance_role/regular_performances./music/group_membership/group /m/0qmny 0 1 0 0
/m/05148p4 /music/performance_role/regular_performances./music/group_membership/group /m/07n3s 0 1 0 0
/m/05r5c /music/performance_role/regular_performances./music/group_membership/group /m/0khth 1 1 0 1
/m/0l14md /music/performance_role/regular_performances./music/group_membership/group /m/02dw1_ 0 1 0 1
/m/01s0ps /music/performance_role/regular_performances./music/group_membership/group /m/0163m1 1 1 0 1
/m/02bxd /music/performance_role/regular_performances./music/group_membership/group /m/046p9 1 1 1 1
/m/05148p4 /music/performance_role/regular_performances./music/group_membership/group /m/07qnf 0 1 0 0
/m/05148p4 /music/performance_role/regular_performances./music/group_membership/group /m/06mj4 0 1 0 0
/m/04rzd /music/performance_role/regular_performances./music/group_membership/group /m/02mq_y 0 0 0 0
/m/02hnl /music/performance_role/regular_performances./music/group_membership/group /m/017959 0 1 0 0
/m/03bx0bm /music/performance_role/regular_performances./music/group_membership/group /m/0knhk 0 0 0 0
/m/018vs /music/performance_role/regular_performances./music/group_membership/group /m/0g_g2 0 1 0 1
/m/0l14md /music/performance_role/regular_performances./music/group_membership/group /m/0394y 0 0 0 0
/m/0342h /music/performance_role/regular_performances./music/group_membership/group /m/018ndc 0 1 0 1
/m/01vj9c /music/performance_role/regular_performances./music/group_membership/group /m/01vrwfv 1 1 0 1
/m/0319l /music/performance_role/regular_performances./music/group_membership/group /m/027kwc 1 1 0 1
/m/05r5c /music/performance_role/regular_performances./music/group_membership/group /m/0l8g0 0 1 0 1
/m/042v_gx /music/performance_role/regular_performances./music/group_membership/group /m/0pqp3 1 1 0 1
/m/02hnl /music/performance_role/regular_performances./music/group_membership/group /m/011_vz 0 1 0 0
/m/018vs /music/performance_role/regular_performances./music/group_membership/group /m/0178kd 1 1 0 1
/m/0l14md /music/performance_role/regular_performances./music/group_membership/group /m/05k79 0 0 0 0
/m/01vj9c /music/performance_role/regular_performances./music/group_membership/group /m/014pg1 0 1 0 1
/m/05148p4 /music/performance_role/regular_performances./music/group_membership/group /m/02jqjm 0 1 0 0
/m/02hnl /music/performance_role/regular_performances./music/group_membership/group /m/089pg7 0 1 0 0
/m/01v1d8 /music/performance_role/regular_performances./music/group_membership/group /m/02_5x9 1 1 1 1
/m/0l14md /music/performance_role/regular_performances./music/group_membership/group /m/016lj_ 0 1 0 1
/m/0l14md /music/performance_role/regular_performances./music/group_membership/group /m/0187x8 0 0 0 0
/m/06ncr /music/performance_role/regular_performances./music/group_membership/group /m/03k3b 1 1 0 1
/m/018j2 /music/performance_role/regular_performances./music/group_membership/group /m/018ndc 1 1 0 1
/m/0342h /music/performance_role/regular_performances./music/group_membership/group /m/016vn3 0 1 0 1
/m/01hww_ /music/performance_role/regular_performances./music/group_membership/group /m/02dw1_ 1 1 0 1
/m/05148p4 /music/performance_role/regular_performances./music/group_membership/group /m/0249kn 0 1 0 0
/m/07xzm /music/performance_role/regular_performances./music/group_membership/group /m/01k_yf 1 1 1 1
/m/07y_7 /music/performance_role/regular_performances./music/group_membership/group /m/0134wr 1 1 1 1
/m/018vs /music/performance_role/regular_performances./music/group_membership/group /m/01wv9xn 0 1 0 0
/m/018vs /music/performance_role/regular_performances./music/group_membership/group /m/017lb_ 0 1 0 1
/m/0342h /music/performance_role/regular_performances./music/group_membership/group /m/0b1zz 0 1 0 0
/m/02hnl /music/performance_role/regular_performances./music/group_membership/group /m/0ycp3 0 1 0 0
/m/03bx0bm /music/performance_role/regular_performances./music/group_membership/group /m/09z1lg 0 1 0 1
/m/03bx0bm /music/performance_role/regular_performances./music/group_membership/group /m/0ycp3 0 1 0 1
/m/02k84w /music/performance_role/regular_performances./music/group_membership/group /m/01cblr 1 1 0 1
/m/018vs /music/performance_role/regular_performances./music/group_membership/group /m/01lf293 0 1 0 1
/m/0l14md /music/performance_role/regular_performances./music/group_membership/group /m/0167_s 0 1 0 1
/m/05148p4 /music/performance_role/regular_performances./music/group_membership/group /m/0fsyx 0 1 0 1
/m/02hnl /music/performance_role/regular_performances./music/group_membership/group /m/03d9d6 0 1 0 0
/m/0l14md /music/performance_role/regular_performances./music/group_membership/group /m/03g5jw 1 1 0 1
/m/05842k /music/performance_role/regular_performances./music/group_membership/group /m/011xhx 1 1 0 0
pca confidence sum
/m/01hww_ /music/performance_role/regular_performances./music/group_membership/group /m/01q99h 0 0 0 0
/m/02hnl /music/performance_role/regular_performances./music/group_membership/group /m/02mq_y 0 0 0 0
/m/02hnl /music/performance_role/regular_performances./music/group_membership/group /m/04qmr 0 1 0 1
/m/028tv0 /music/performance_role/regular_performances./music/group_membership/group /m/016vn3 0 1 0 0
/m/028tv0 /music/performance_role/regular_performances./music/group_membership/group /m/0394y 0 0 0 0
/m/03bx0bm /music/performance_role/regular_performances./music/group_membership/group /m/0khth 0 0 0 0
/m/05148p4 /music/performance_role/regular_performances./music/group_membership/group /m/0167_s 0 0 0 0
/m/02hnl /music/performance_role/regular_performances./music/group_membership/group /m/07r1_ 0 1 0 0
/m/02g9p4 /music/performance_role/regular_performances./music/group_membership/group /m/07mvp 1 1 1 1
/m/06w87 /music/performance_role/regular_performances./music/group_membership/group /m/01jkqfz 0 0 0 0
/m/0gkd1 /music/performance_role/regular_performances./music/group_membership/group /m/01czx 0 0 0 0
/m/0l14j_ /music/performance_role/regular_performances./music/group_membership/group /m/0p76z 0 0 0 0
/m/018vs /music/performance_role/regular_performances./music/group_membership/group /m/07bzp 0 0 0 0
/m/01vj9c /music/performance_role/regular_performances./music/group_membership/group /m/017_hq 0 0 0 0
/m/02hnl /music/performance_role/regular_performances./music/group_membership/group /m/07rnh 0 0 0 0
/m/02hnl /music/performance_role/regular_performances./music/group_membership/group /m/01_wfj 0 0 0 0
/m/02hnl /music/performance_role/regular_performances./music/group_membership/group /m/048xh 0 0 0 0
/m/02hnl /music/performance_role/regular_performances./music/group_membership/group /m/0dw4g 1 1 0 1
/m/028tv0 /music/performance_role/regular_performances./music/group_membership/group /m/01518s 0 0 0 0
/m/013y1f /music/performance_role/regular_performances./music/group_membership/group /m/02mq_y 0 0 0 0
/m/018vs /music/performance_role/regular_performances./music/group_membership/group /m/01kcms4 0 0 0 0
/m/0l14md /music/performance_role/regular_performances./music/group_membership/group /m/048xh 0 0 0 0
/m/05148p4 /music/performance_role/regular_performances./music/group_membership/group /m/07rnh 0 0 0 0
/m/05148p4 /music/performance_role/regular_performances./music/group_membership/group /m/02cw1m 0 1 0 0
/m/042v_gx /music/performance_role/regular_performances./music/group_membership/group /m/0kr_t 0 0 0 0
/m/028tv0 /music/performance_role/regular_performances./music/group_membership/group /m/081wh1 0 0 0 0
/m/018vs /music/performance_role/regular_performances./music/group_membership/group /m/01518s 0 0 0 0
/m/0l14md /music/performance_role/regular_performances./music/group_membership/group /m/079kr 0 0 0 0
/m/05148p4 /music/performance_role/regular_performances./music/group_membership/group /m/07n68 0 0 0 0
/m/05148p4 /music/performance_role/regular_performances./music/group_membership/group /m/04qzm 0 0 0 0
/m/05r5c /music/performance_role/regular_performances./music/group_membership/group /m/01lf293 0 0 0 0
/m/05r5c /music/performance_role/regular_performances./music/group_membership/group /m/01s560x 0 0 0 0
/m/05r5c /music/performance_role/regular_performances./music/group_membership/group /m/0bk1p 0 0 0 0
/m/02hnl /music/performance_role/regular_performances./music/group_membership/group /m/01q99h 0 1 0 0
/m/02hnl /music/performance_role/regular_performances./music/group_membership/group /m/01jcxwp 0 1 0 0
/m/02hnl /music/performance_role/regular_performances./music/group_membership/group /m/0123r4 0 0 0 0
/m/018vs /music/performance_role/regular_performances./music/group_membership/group /m/0kr_t 0 1 0 1
/m/018vs /music/performance_role/regular_performances./music/group_membership/group /m/03q_w5 0 0 0 0
/m/0l14md /music/performance_role/regular_performances./music/group_membership/group /m/01516r 0 0 0 0
/m/0l14md /music/performance_role/regular_performances./music/group_membership/group /m/01fchy 0 0 0 0
/m/0dwr4 /music/performance_role/regular_performances./music/group_membership/group /m/05563d 0 0 0 0
/m/01vj9c /music/performance_role/regular_performances./music/group_membership/group /m/0pqp3 0 0 0 0
/m/05148p4 /music/performance_role/regular_performances./music/group_membership/group /m/01wv9xn 0 1 0 0
/m/0l14qv /music/performance_role/regular_performances./music/group_membership/group /m/0bpk2 0 0 0 0
/m/02hnl /music/performance_role/regular_performances./music/group_membership/group /m/015cxv 0 0 0 0
/m/02w3w /music/performance_role/regular_performances./music/group_membership/group /m/01jkqfz 0 0 0 0
/m/01dnws /music/performance_role/regular_performances./music/group_membership/group /m/02mq_y 1 1 0 0
/m/02sgy /music/performance_role/regular_performances./music/group_membership/group /m/047cx 0 0 0 0
/m/018vs /music/performance_role/regular_performances./music/group_membership/group /m/0d193h 0 1 0 0
/m/05148p4 /music/performance_role/regular_performances./music/group_membership/group /m/02hzz 0 0 0 0
/m/05r5c /music/performance_role/regular_performances./music/group_membership/group /m/047cx 0 0 0 0
/m/085jw /music/performance_role/regular_performances./music/group_membership/group /m/01qqwp9 0 0 0 0
/m/02hnl /music/performance_role/regular_performances./music/group_membership/group /m/01j59b0 0 0 0 0
/m/02hnl /music/performance_role/regular_performances./music/group_membership/group /m/0fb2l 0 0 0 0
/m/018vs /music/performance_role/regular_performances./music/group_membership/group /m/09z1lg 0 0 0 0
/m/018vs /music/performance_role/regular_performances./music/group_membership/group /m/0p76z 0 0 0 0
/m/0mkg /music/performance_role/regular_performances./music/group_membership/group /m/02r3zy 0 0 0 0
/m/02hnl /music/performance_role/regular_performances./music/group_membership/group /m/0m19t 0 0 0 0
/m/05148p4 /music/performance_role/regular_performances./music/group_membership/group /m/01czx 0 1 0 0
/m/07_l6 /music/performance_role/regular_performances./music/group_membership/group /m/02mq_y 0 0 0 0
/m/06ncr /music/performance_role/regular_performances./music/group_membership/group /m/0178kd 1 1 0 0
/m/0342h /music/performance_role/regular_performances./music/group_membership/group /m/03t9sp 0 0 0 0
/m/05148p4 /music/performance_role/regular_performances./music/group_membership/group /m/02cpp 0 0 0 0
/m/05148p4 /music/performance_role/regular_performances./music/group_membership/group /m/015srx 0 0 0 0
/m/0gkd1 /music/performance_role/regular_performances./music/group_membership/group /m/01s560x 1 1 0 0
/m/02hnl /music/performance_role/regular_performances./music/group_membership/group /m/01shhf 0 0 0 0
/m/028tv0 /music/performance_role/regular_performances./music/group_membership/group /m/01dpts 0 0 0 0
/m/018vs /music/performance_role/regular_performances./music/group_membership/group /m/0fsyx 0 0 0 0
/m/06ncr /music/performance_role/regular_performances./music/group_membership/group /m/01lf293 0 0 0 0
/m/03t22m /music/performance_role/regular_performances./music/group_membership/group /m/01lf293 0 0 0 0
/m/04rzd /music/performance_role/regular_performances./music/group_membership/group /m/0249kn 0 0 0 0
/m/02hnl /music/performance_role/regular_performances./music/group_membership/group /m/01dpts 0 0 0 0
/m/02hnl /music/performance_role/regular_performances./music/group_membership/group /m/03q_w5 0 0 0 0
/m/018vs /music/performance_role/regular_performances./music/group_membership/group /m/089pg7 0 1 0 0
/m/0342h /music/performance_role/regular_performances./music/group_membership/group /m/0167_s 0 0 0 0
/m/0342h /music/performance_role/regular_performances./music/group_membership/group /m/0178_w 0 0 0 0
/m/05148p4 /music/performance_role/regular_performances./music/group_membership/group /m/0jg77 0 0 0 0
/m/02hnl /music/performance_role/regular_performances./music/group_membership/group /m/0134s5 0 0 0 0
/m/07gql /music/performance_role/regular_performances./music/group_membership/group /m/01vrwfv 0 0 0 0
/m/01vj9c /music/performance_role/regular_performances./music/group_membership/group /m/027kwc 0 0 0 0
/m/03qjg /music/performance_role/regular_performances./music/group_membership/group /m/015cqh 0 0 0 0
/m/02hnl /music/performance_role/regular_performances./music/group_membership/group /m/01fchy 0 1 0 0
/m/02hnl /music/performance_role/regular_performances./music/group_membership/group /m/02vgh 0 1 0 0
/m/0l14md /music/performance_role/regular_performances./music/group_membership/group /m/0fcsd 0 0 0 0
/m/02hnl /music/performance_role/regular_performances./music/group_membership/group /m/03g5jw 0 1 0 1
/m/028tv0 /music/performance_role/regular_performances./music/group_membership/group /m/04r1t 0 0 0 0
/m/05148p4 /music/performance_role/regular_performances./music/group_membership/group /m/0cfgd 0 1 0 0
/m/05r5c /music/performance_role/regular_performances./music/group_membership/group /m/07mvp 0 1 0 0
/m/02hnl /music/performance_role/regular_performances./music/group_membership/group /m/046p9 0 1 0 1
/m/02hnl /music/performance_role/regular_performances./music/group_membership/group /m/02_5x9 0 0 0 0
/m/07m2y /music/performance_role/regular_performances./music/group_membership/group /m/01lf293 0 0 0 0
/m/05r5c /music/performance_role/regular_performances./music/group_membership/group /m/09lwrt 0 0 0 0
/m/02hnl /music/performance_role/regular_performances./music/group_membership/group /m/013w2r 0 1 0 0
/m/0l14j_ /music/performance_role/regular_performances./music/group_membership/group /m/02dw1_ 0 0 0 0
/m/018vs /music/performance_role/regular_performances./music/group_membership/group /m/01t_xp_ 0 0 0 0
/m/01vj9c /music/performance_role/regular_performances./music/group_membership/group /m/07hgm 0 0 0 0
/m/05148p4 /music/performance_role/regular_performances./music/group_membership/group /m/02ht0ln 0 0 0 0
/m/03bx0bm /music/performance_role/regular_performances./music/group_membership/group /m/016ppr 0 0 0 0
/m/06w87 /music/performance_role/regular_performances./music/group_membership/group /m/0khth 0 0 0 0
/m/01vj9c /music/performance_role/regular_performances./music/group_membership/group /m/0560w 0 0 0 0
/m/01vj9c /music/performance_role/regular_performances./music/group_membership/group /m/01518s 0 0 0 0
/m/02hnl /music/performance_role/regular_performances./music/group_membership/group /m/0jn38 0 0 0 0
/m/03bx0bm /music/performance_role/regular_performances./music/group_membership/group /m/016vj5 0 0 0 0
/m/018vs /music/performance_role/regular_performances./music/group_membership/group /m/0jltp 0 0 0 0
/m/028tv0 /music/performance_role/regular_performances./music/group_membership/group /m/0150jk 0 1 0 0
/m/03bx0bm /music/performance_role/regular_performances./music/group_membership/group /m/07c0j 0 1 0 1
/m/018j2 /music/performance_role/regular_performances./music/group_membership/group /m/0p8h0 0 0 0 0
/m/0l14md /music/performance_role/regular_performances./music/group_membership/group /m/0b_xm 1 1 0 0
/m/0342h /music/performance_role/regular_performances./music/group_membership/group /m/014kyy 0 0 0 0
/m/0342h /music/performance_role/regular_performances./music/group_membership/group /m/081wh1 0 0 0 0
/m/01vj9c /music/performance_role/regular_performances./music/group_membership/group /m/07m4c 0 0 0 0
/m/011k_j /music/performance_role/regular_performances./music/group_membership/group /m/0dvqq 0 0 0 0
/m/02snj9 /music/performance_role/regular_performances./music/group_membership/group /m/04qzm 0 0 0 0
/m/05r5c /music/performance_role/regular_performances./music/group_membership/group /m/09jm8 0 0 0 0
/m/06w7v /music/performance_role/regular_performances./music/group_membership/group /m/02mq_y 0 0 0 0
/m/0l14md /music/performance_role/regular_performances./music/group_membership/group /m/01s560x 0 0 0 0
/m/0l14md /music/performance_role/regular_performances./music/group_membership/group /m/0l8g0 0 0 0 0
/m/06ncr /music/performance_role/regular_performances./music/group_membership/group /m/01l_w0 0 0 0 0
/m/0342h /music/performance_role/regular_performances./music/group_membership/group /m/0jg77 0 0 0 0
/m/01vj9c /music/performance_role/regular_performances./music/group_membership/group /m/04k05 1 1 0 0
/m/05148p4 /music/performance_role/regular_performances./music/group_membership/group /m/0qmny 0 0 0 0
/m/05148p4 /music/performance_role/regular_performances./music/group_membership/group /m/07n3s 0 0 0 0
/m/05r5c /music/performance_role/regular_performances./music/group_membership/group /m/0khth 1 1 0 0
/m/0l14md /music/performance_role/regular_performances./music/group_membership/group /m/02dw1_ 0 0 0 0
/m/01s0ps /music/performance_role/regular_performances./music/group_membership/group /m/0163m1 0 0 0 0
/m/02bxd /music/performance_role/regular_performances./music/group_membership/group /m/046p9 1 1 0 0
/m/05148p4 /music/performance_role/regular_performances./music/group_membership/group /m/07qnf 0 0 0 0
/m/05148p4 /music/performance_role/regular_performances./music/group_membership/group /m/06mj4 0 1 0 0
/m/04rzd /music/performance_role/regular_performances./music/group_membership/group /m/02mq_y 0 0 0 0
/m/02hnl /music/performance_role/regular_performances./music/group_membership/group /m/017959 0 1 0 1
/m/03bx0bm /music/performance_role/regular_performances./music/group_membership/group /m/0knhk 0 0 0 0
/m/018vs /music/performance_role/regular_performances./music/group_membership/group /m/0g_g2 0 0 0 0
/m/0l14md /music/performance_role/regular_performances./music/group_membership/group /m/0394y 0 0 0 0
/m/0342h /music/performance_role/regular_performances./music/group_membership/group /m/018ndc 0 0 0 0
/m/01vj9c /music/performance_role/regular_performances./music/group_membership/group /m/01vrwfv 0 0 0 0
/m/0319l /music/performance_role/regular_performances./music/group_membership/group /m/027kwc 1 1 0 0
/m/05r5c /music/performance_role/regular_performances./music/group_membership/group /m/0l8g0 0 0 0 0
/m/042v_gx /music/performance_role/regular_performances./music/group_membership/group /m/0pqp3 0 0 0 0
/m/02hnl /music/performance_role/regular_performances./music/group_membership/group /m/011_vz 0 1 0 0
/m/018vs /music/performance_role/regular_performances./music/group_membership/group /m/0178kd 1 1 0 1
/m/0l14md /music/performance_role/regular_performances./music/group_membership/group /m/05k79 0 0 0 0
/m/01vj9c /music/performance_role/regular_performances./music/group_membership/group /m/014pg1 0 0 0 0
/m/05148p4 /music/performance_role/regular_performances./music/group_membership/group /m/02jqjm 0 1 0 0
/m/02hnl /music/performance_role/regular_performances./music/group_membership/group /m/089pg7 0 1 0 0
/m/01v1d8 /music/performance_role/regular_performances./music/group_membership/group /m/02_5x9 0 0 0 0
/m/0l14md /music/performance_role/regular_performances./music/group_membership/group /m/016lj_ 0 0 0 0
/m/0l14md /music/performance_role/regular_performances./music/group_membership/group /m/0187x8 0 1 0 0
/m/06ncr /music/performance_role/regular_performances./music/group_membership/group /m/03k3b 0 0 0 0
/m/018j2 /music/performance_role/regular_performances./music/group_membership/group /m/018ndc 0 0 0 0
/m/0342h /music/performance_role/regular_performances./music/group_membership/group /m/016vn3 0 1 0 0
/m/01hww_ /music/performance_role/regular_performances./music/group_membership/group /m/02dw1_ 0 0 0 0
/m/05148p4 /music/performance_role/regular_performances./music/group_membership/group /m/0249kn 0 0 0 0
/m/07xzm /music/performance_role/regular_performances./music/group_membership/group /m/01k_yf 0 0 0 0
/m/07y_7 /music/performance_role/regular_performances./music/group_membership/group /m/0134wr 1 1 0 0
/m/018vs /music/performance_role/regular_performances./music/group_membership/group /m/01wv9xn 0 1 0 1
/m/018vs /music/performance_role/regular_performances./music/group_membership/group /m/017lb_ 0 0 0 0
/m/0342h /music/performance_role/regular_performances./music/group_membership/group /m/0b1zz 0 0 0 0
/m/02hnl /music/performance_role/regular_performances./music/group_membership/group /m/0ycp3 0 1 0 0
/m/03bx0bm /music/performance_role/regular_performances./music/group_membership/group /m/09z1lg 0 0 0 0
/m/03bx0bm /music/performance_role/regular_performances./music/group_membership/group /m/0ycp3 0 0 0 0
/m/02k84w /music/performance_role/regular_performances./music/group_membership/group /m/01cblr 0 0 0 0
/m/018vs /music/performance_role/regular_performances./music/group_membership/group /m/01lf293 0 0 0 0
/m/0l14md /music/performance_role/regular_performances./music/group_membership/group /m/0167_s 0 0 0 0
/m/05148p4 /music/performance_role/regular_performances./music/group_membership/group /m/0fsyx 0 0 0 0
/m/02hnl /music/performance_role/regular_performances./music/group_membership/group /m/03d9d6 0 1 0 0
/m/0l14md /music/performance_role/regular_performances./music/group_membership/group /m/03g5jw 0 1 0 0
/m/05842k /music/performance_role/regular_performances./music/group_membership/group /m/011xhx 0 0 0 0
std confidence sum
/m/01hww_ /music/performance_role/regular_performances./music/group_membership/group /m/01q99h 1 1 0 0
/m/02hnl /music/performance_role/regular_performances./music/group_membership/group /m/02mq_y 0 1 0 0
/m/02hnl /music/performance_role/regular_performances./music/group_membership/group /m/04qmr 0 1 0 1
/m/028tv0 /music/performance_role/regular_performances./music/group_membership/group /m/016vn3 0 1 0 0
/m/028tv0 /music/performance_role/regular_performances./music/group_membership/group /m/0394y 0 0 0 0
/m/03bx0bm /music/performance_role/regular_performances./music/group_membership/group /m/0khth 0 1 0 0
/m/05148p4 /music/performance_role/regular_performances./music/group_membership/group /m/0167_s 0 0 0 0
/m/02hnl /music/performance_role/regular_performances./music/group_membership/group /m/07r1_ 0 1 0 1
/m/02g9p4 /music/performance_role/regular_performances./music/group_membership/group /m/07mvp 1 1 1 1
/m/06w87 /music/performance_role/regular_performances./music/group_membership/group /m/01jkqfz 0 0 0 0
/m/0gkd1 /music/performance_role/regular_performances./music/group_membership/group /m/01czx 0 1 0 0
/m/0l14j_ /music/performance_role/regular_performances./music/group_membership/group /m/0p76z 1 1 0 0
/m/018vs /music/performance_role/regular_performances./music/group_membership/group /m/07bzp 0 0 0 0
/m/01vj9c /music/performance_role/regular_performances./music/group_membership/group /m/017_hq 0 1 0 0
/m/02hnl /music/performance_role/regular_performances./music/group_membership/group /m/07rnh 0 1 0 0
/m/02hnl /music/performance_role/regular_performances./music/group_membership/group /m/01_wfj 0 1 0 0
/m/02hnl /music/performance_role/regular_performances./music/group_membership/group /m/048xh 0 1 0 1
/m/02hnl /music/performance_role/regular_performances./music/group_membership/group /m/0dw4g 1 1 0 1
/m/028tv0 /music/performance_role/regular_performances./music/group_membership/group /m/01518s 0 0 0 0
/m/013y1f /music/performance_role/regular_performances./music/group_membership/group /m/02mq_y 1 1 0 1
/m/018vs /music/performance_role/regular_performances./music/group_membership/group /m/01kcms4 0 0 0 0
/m/0l14md /music/performance_role/regular_performances./music/group_membership/group /m/048xh 0 0 0 0
/m/05148p4 /music/performance_role/regular_performances./music/group_membership/group /m/07rnh 0 1 0 0
/m/05148p4 /music/performance_role/regular_performances./music/group_membership/group /m/02cw1m 0 1 0 0
/m/042v_gx /music/performance_role/regular_performances./music/group_membership/group /m/0kr_t 0 0 0 0
/m/028tv0 /music/performance_role/regular_performances./music/group_membership/group /m/081wh1 0 1 0 0
/m/018vs /music/performance_role/regular_performances./music/group_membership/group /m/01518s 0 0 0 0
/m/0l14md /music/performance_role/regular_performances./music/group_membership/group /m/079kr 0 0 0 0
/m/05148p4 /music/performance_role/regular_performances./music/group_membership/group /m/07n68 0 0 0 0
/m/05148p4 /music/performance_role/regular_performances./music/group_membership/group /m/04qzm 0 0 0 0
/m/05r5c /music/performance_role/regular_performances./music/group_membership/group /m/01lf293 0 0 0 0
/m/05r5c /music/performance_role/regular_performances./music/group_membership/group /m/01s560x 0 1 0 0
/m/05r5c /music/performance_role/regular_performances./music/group_membership/group /m/0bk1p 0 1 0 0
/m/02hnl /music/performance_role/regular_performances./music/group_membership/group /m/01q99h 0 1 0 1
/m/02hnl /music/performance_role/regular_performances./music/group_membership/group /m/01jcxwp 0 1 0 1
/m/02hnl /music/performance_role/regular_performances./music/group_membership/group /m/0123r4 0 1 0 1
/m/018vs /music/performance_role/regular_performances./music/group_membership/group /m/0kr_t 0 1 0 0
/m/018vs /music/performance_role/regular_performances./music/group_membership/group /m/03q_w5 0 0 0 0
/m/0l14md /music/performance_role/regular_performances./music/group_membership/group /m/01516r 0 0 0 0
/m/0l14md /music/performance_role/regular_performances./music/group_membership/group /m/01fchy 0 1 0 0
/m/0dwr4 /music/performance_role/regular_performances./music/group_membership/group /m/05563d 1 1 0 0
/m/01vj9c /music/performance_role/regular_performances./music/group_membership/group /m/0pqp3 0 0 0 0
/m/05148p4 /music/performance_role/regular_performances./music/group_membership/group /m/01wv9xn 0 1 0 1
/m/0l14qv /music/performance_role/regular_performances./music/group_membership/group /m/0bpk2 0 0 0 0
/m/02hnl /music/performance_role/regular_performances./music/group_membership/group /m/015cxv 0 1 0 0
/m/02w3w /music/performance_role/regular_performances./music/group_membership/group /m/01jkqfz 1 1 0 0
/m/01dnws /music/performance_role/regular_performances./music/group_membership/group /m/02mq_y 1 1 0 0
/m/02sgy /music/performance_role/regular_performances./music/group_membership/group /m/047cx 0 0 0 0
/m/018vs /music/performance_role/regular_performances./music/group_membership/group /m/0d193h 0 1 0 0
/m/05148p4 /music/performance_role/regular_performances./music/group_membership/group /m/02hzz 0 1 0 0
/m/05r5c /music/performance_role/regular_performances./music/group_membership/group /m/047cx 0 1 0 0
/m/085jw /music/performance_role/regular_performances./music/group_membership/group /m/01qqwp9 1 1 0 0
/m/02hnl /music/performance_role/regular_performances./music/group_membership/group /m/01j59b0 0 1 0 0
/m/02hnl /music/performance_role/regular_performances./music/group_membership/group /m/0fb2l 0 1 0 0
/m/018vs /music/performance_role/regular_performances./music/group_membership/group /m/09z1lg 0 0 0 0
/m/018vs /music/performance_role/regular_performances./music/group_membership/group /m/0p76z 0 0 0 0
/m/0mkg /music/performance_role/regular_performances./music/group_membership/group /m/02r3zy 1 1 0 0
/m/02hnl /music/performance_role/regular_performances./music/group_membership/group /m/0m19t 0 1 0 0
/m/05148p4 /music/performance_role/regular_performances./music/group_membership/group /m/01czx 0 1 0 1
/m/07_l6 /music/performance_role/regular_performances./music/group_membership/group /m/02mq_y 1 1 0 1
/m/06ncr /music/performance_role/regular_performances./music/group_membership/group /m/0178kd 1 1 0 1
/m/0342h /music/performance_role/regular_performances./music/group_membership/group /m/03t9sp 0 0 0 0
/m/05148p4 /music/performance_role/regular_performances./music/group_membership/group /m/02cpp 0 1 0 0
/m/05148p4 /music/performance_role/regular_performances./music/group_membership/group /m/015srx 0 0 0 0
/m/0gkd1 /music/performance_role/regular_performances./music/group_membership/group /m/01s560x 1 1 0 1
/m/02hnl /music/performance_role/regular_performances./music/group_membership/group /m/01shhf 0 1 0 0
/m/028tv0 /music/performance_role/regular_performances./music/group_membership/group /m/01dpts 0 0 0 0
/m/018vs /music/performance_role/regular_performances./music/group_membership/group /m/0fsyx 0 1 0 0
/m/06ncr /music/performance_role/regular_performances./music/group_membership/group /m/01lf293 1 1 0 1
/m/03t22m /music/performance_role/regular_performances./music/group_membership/group /m/01lf293 1 1 0 0
/m/04rzd /music/performance_role/regular_performances./music/group_membership/group /m/0249kn 0 1 0 0
/m/02hnl /music/performance_role/regular_performances./music/group_membership/group /m/01dpts 0 1 0 0
/m/02hnl /music/performance_role/regular_performances./music/group_membership/group /m/03q_w5 0 1 0 0
/m/018vs /music/performance_role/regular_performances./music/group_membership/group /m/089pg7 0 1 0 0
/m/0342h /music/performance_role/regular_performances./music/group_membership/group /m/0167_s 0 1 0 0
/m/0342h /music/performance_role/regular_performances./music/group_membership/group /m/0178_w 0 1 0 0
/m/05148p4 /music/performance_role/regular_performances./music/group_membership/group /m/0jg77 0 1 0 0
/m/02hnl /music/performance_role/regular_performances./music/group_membership/group /m/0134s5 0 1 0 0
/m/07gql /music/performance_role/regular_performances./music/group_membership/group /m/01vrwfv 1 1 0 0
/m/01vj9c /music/performance_role/regular_performances./music/group_membership/group /m/027kwc 0 1 0 0
/m/03qjg /music/performance_role/regular_performances./music/group_membership/group /m/015cqh 0 1 0 0
/m/02hnl /music/performance_role/regular_performances./music/group_membership/group /m/01fchy 0 1 0 1
/m/02hnl /music/performance_role/regular_performances./music/group_membership/group /m/02vgh 0 1 0 1
/m/0l14md /music/performance_role/regular_performances./music/group_membership/group /m/0fcsd 0 0 0 0
/m/02hnl /music/performance_role/regular_performances./music/group_membership/group /m/03g5jw 0 1 0 1
/m/028tv0 /music/performance_role/regular_performances./music/group_membership/group /m/04r1t 0 0 0 0
/m/05148p4 /music/performance_role/regular_performances./music/group_membership/group /m/0cfgd 0 1 0 1
/m/05r5c /music/performance_role/regular_performances./music/group_membership/group /m/07mvp 1 1 0 1
/m/02hnl /music/performance_role/regular_performances./music/group_membership/group /m/046p9 0 1 0 1
/m/02hnl /music/performance_role/regular_performances./music/group_membership/group /m/02_5x9 0 1 0 0
/m/07m2y /music/performance_role/regular_performances./music/group_membership/group /m/01lf293 0 0 0 0
/m/05r5c /music/performance_role/regular_performances./music/group_membership/group /m/09lwrt 0 1 0 0
/m/02hnl /music/performance_role/regular_performances./music/group_membership/group /m/013w2r 0 1 0 1
/m/0l14j_ /music/performance_role/regular_performances./music/group_membership/group /m/02dw1_ 1 1 0 0
/m/018vs /music/performance_role/regular_performances./music/group_membership/group /m/01t_xp_ 0 0 0 0
/m/01vj9c /music/performance_role/regular_performances./music/group_membership/group /m/07hgm 0 0 0 0
/m/05148p4 /music/performance_role/regular_performances./music/group_membership/group /m/02ht0ln 0 0 0 0
/m/03bx0bm /music/performance_role/regular_performances./music/group_membership/group /m/016ppr 0 0 0 0
/m/06w87 /music/performance_role/regular_performances./music/group_membership/group /m/0khth 1 1 0 0
/m/01vj9c /music/performance_role/regular_performances./music/group_membership/group /m/0560w 0 0 0 0
/m/01vj9c /music/performance_role/regular_performances./music/group_membership/group /m/01518s 0 1 0 0
/m/02hnl /music/performance_role/regular_performances./music/group_membership/group /m/0jn38 0 1 0 1
/m/03bx0bm /music/performance_role/regular_performances./music/group_membership/group /m/016vj5 0 1 0 0
/m/018vs /music/performance_role/regular_performances./music/group_membership/group /m/0jltp 0 0 0 0
/m/028tv0 /music/performance_role/regular_performances./music/group_membership/group /m/0150jk 0 1 0 0
/m/03bx0bm /music/performance_role/regular_performances./music/group_membership/group /m/07c0j 0 1 0 0
/m/018j2 /music/performance_role/regular_performances./music/group_membership/group /m/0p8h0 0 0 0 0
/m/0l14md /music/performance_role/regular_performances./music/group_membership/group /m/0b_xm 1 1 0 1
/m/0342h /music/performance_role/regular_performances./music/group_membership/group /m/014kyy 0 1 0 0
/m/0342h /music/performance_role/regular_performances./music/group_membership/group /m/081wh1 0 1 0 0
/m/01vj9c /music/performance_role/regular_performances./music/group_membership/group /m/07m4c 0 1 0 0
/m/011k_j /music/performance_role/regular_performances./music/group_membership/group /m/0dvqq 1 1 0 0
/m/02snj9 /music/performance_role/regular_performances./music/group_membership/group /m/04qzm 1 1 0 0
/m/05r5c /music/performance_role/regular_performances./music/group_membership/group /m/09jm8 0 1 0 0
/m/06w7v /music/performance_role/regular_performances./music/group_membership/group /m/02mq_y 0 0 0 0
/m/0l14md /music/performance_role/regular_performances./music/group_membership/group /m/01s560x 0 1 0 0
/m/0l14md /music/performance_role/regular_performances./music/group_membership/group /m/0l8g0 0 0 0 0
/m/06ncr /music/performance_role/regular_performances./music/group_membership/group /m/01l_w0 0 0 0 0
/m/0342h /music/performance_role/regular_performances./music/group_membership/group /m/0jg77 0 1 0 0
/m/01vj9c /music/performance_role/regular_performances./music/group_membership/group /m/04k05 1 1 0 0
/m/05148p4 /music/performance_role/regular_performances./music/group_membership/group /m/0qmny 0 1 0 0
/m/05148p4 /music/performance_role/regular_performances./music/group_membership/group /m/07n3s 0 0 0 0
/m/05r5c /music/performance_role/regular_performances./music/group_membership/group /m/0khth 1 1 1 1
/m/0l14md /music/performance_role/regular_performances./music/group_membership/group /m/02dw1_ 0 1 0 0
/m/01s0ps /music/performance_role/regular_performances./music/group_membership/group /m/0163m1 1 1 0 0
/m/02bxd /music/performance_role/regular_performances./music/group_membership/group /m/046p9 1 1 1 1
/m/05148p4 /music/performance_role/regular_performances./music/group_membership/group /m/07qnf 0 1 0 0
/m/05148p4 /music/performance_role/regular_performances./music/group_membership/group /m/06mj4 0 1 0 1
/m/04rzd /music/performance_role/regular_performances./music/group_membership/group /m/02mq_y 0 0 0 0
/m/02hnl /music/performance_role/regular_performances./music/group_membership/group /m/017959 0 1 0 1
/m/03bx0bm /music/performance_role/regular_performances./music/group_membership/group /m/0knhk 0 0 0 0
/m/018vs /music/performance_role/regular_performances./music/group_membership/group /m/0g_g2 0 1 0 0
/m/0l14md /music/performance_role/regular_performances./music/group_membership/group /m/0394y 0 0 0 0
/m/0342h /music/performance_role/regular_performances./music/group_membership/group /m/018ndc 0 1 0 0
/m/01vj9c /music/performance_role/regular_performances./music/group_membership/group /m/01vrwfv 0 1 0 0
/m/0319l /music/performance_role/regular_performances./music/group_membership/group /m/027kwc 1 1 0 1
/m/05r5c /music/performance_role/regular_performances./music/group_membership/group /m/0l8g0 0 0 0 0
/m/042v_gx /music/performance_role/regular_performances./music/group_membership/group /m/0pqp3 0 0 0 0
/m/02hnl /music/performance_role/regular_performances./music/group_membership/group /m/011_vz 0 1 0 1
/m/018vs /music/performance_role/regular_performances./music/group_membership/group /m/0178kd 1 1 0 1
/m/0l14md /music/performance_role/regular_performances./music/group_membership/group /m/05k79 0 0 0 0
/m/01vj9c /music/performance_role/regular_performances./music/group_membership/group /m/014pg1 0 1 0 0
/m/05148p4 /music/performance_role/regular_performances./music/group_membership/group /m/02jqjm 0 1 0 0
/m/02hnl /music/performance_role/regular_performances./music/group_membership/group /m/089pg7 0 1 0 1
/m/01v1d8 /music/performance_role/regular_performances./music/group_membership/group /m/02_5x9 1 1 0 0
/m/0l14md /music/performance_role/regular_performances./music/group_membership/group /m/016lj_ 0 0 0 0
/m/0l14md /music/performance_role/regular_performances./music/group_membership/group /m/0187x8 0 1 0 0
/m/06ncr /music/performance_role/regular_performances./music/group_membership/group /m/03k3b 0 1 0 0
/m/018j2 /music/performance_role/regular_performances./music/group_membership/group /m/018ndc 1 1 0 1
/m/0342h /music/performance_role/regular_performances./music/group_membership/group /m/016vn3 0 1 0 1
/m/01hww_ /music/performance_role/regular_performances./music/group_membership/group /m/02dw1_ 1 1 0 0
/m/05148p4 /music/performance_role/regular_performances./music/group_membership/group /m/0249kn 0 0 0 0
/m/07xzm /music/performance_role/regular_performances./music/group_membership/group /m/01k_yf 1 1 0 0
/m/07y_7 /music/performance_role/regular_performances./music/group_membership/group /m/0134wr 1 1 1 1
/m/018vs /music/performance_role/regular_performances./music/group_membership/group /m/01wv9xn 1 1 0 1
/m/018vs /music/performance_role/regular_performances./music/group_membership/group /m/017lb_ 0 1 0 0
/m/0342h /music/performance_role/regular_performances./music/group_membership/group /m/0b1zz 0 1 0 0
/m/02hnl /music/performance_role/regular_performances./music/group_membership/group /m/0ycp3 0 1 0 1
/m/03bx0bm /music/performance_role/regular_performances./music/group_membership/group /m/09z1lg 0 0 0 0
/m/03bx0bm /music/performance_role/regular_performances./music/group_membership/group /m/0ycp3 0 1 0 0
/m/02k84w /music/performance_role/regular_performances./music/group_membership/group /m/01cblr 1 1 0 0
/m/018vs /music/performance_role/regular_performances./music/group_membership/group /m/01lf293 0 1 0 0
/m/0l14md /music/performance_role/regular_performances./music/group_membership/group /m/0167_s 0 0 0 0
/m/05148p4 /music/performance_role/regular_performances./music/group_membership/group /m/0fsyx 0 1 0 0
/m/02hnl /music/performance_role/regular_performances./music/group_membership/group /m/03d9d6 0 1 0 1
/m/0l14md /music/performance_role/regular_performances./music/group_membership/group /m/03g5jw 0 1 0 0
/m/05842k /music/performance_role/regular_performances./music/group_membership/group /m/011xhx 0 0 0 0
