pca confidence count
/m/0lbbj /olympics/olympic_games/sports /m/03_8r 0 1 0 0
/m/0l6mp /olympics/olympic_games/sports /m/0w0d 0 1 0 0
/m/018qb4 /olympics/olympic_games/sports /m/02y8z 0 1 0 0
/m/0sx92 /olympics/olympic_games/sports /m/02_5h 1 1 0 0
/m/018wrk /olympics/olympic_games/sports /m/0w0d 0 1 0 0
/m/0sxrz /olympics/olympic_games/sports /m/0bynt 0 1 0 0
/m/0l6vl /olympics/olympic_games/sports /m/0486tv 0 1 0 0
/m/0lgxj /olympics/olympic_games/sports /m/03hr1p 0 1 0 0
/m/018wrk /olympics/olympic_games/sports /m/0bynt 1 1 0 0
/m/0l98s /olympics/olympic_games/sports /m/018w8 0 1 0 0
/m/0l6m5 /olympics/olympic_games/sports /m/02y8z 0 1 0 0
/m/0kbvv /olympics/olympic_games/sports /m/01yfj 1 1 0 0
/m/0l6vl /olympics/olympic_games/sports /m/01hp22 0 1 0 0
/m/0jhn7 /olympics/olympic_games/sports /m/0w0d 0 0 0 0
/m/0jhn7 /olympics/olympic_games/sports /m/018w8 0 0 0 0
/m/0sx92 /olympics/olympic_games/sports /m/01dys 1 1 0 0
/m/015l4k /olympics/olympic_games/sports /m/09wz9 1 1 0 0
/m/018ljb /olympics/olympic_games/sports /m/071t0 0 1 0 0
/m/018ljb /olympics/olympic_games/sports /m/07bs0 0 1 0 0
/m/0jkvj /olympics/olympic_games/sports /m/03fyrh 0 1 0 0
/m/018wrk /olympics/olympic_games/sports /m/02y8z 0 1 0 0
/m/0sxrz /olympics/olympic_games/sports /m/02bkg 0 1 0 0
/m/018ljb /olympics/olympic_games/sports /m/06f41 1 1 0 0
/m/0l6ny /olympics/olympic_games/sports /m/01hp22 0 1 0 0
/m/0sx7r /olympics/olympic_games/sports /m/09_bl 0 1 0 0
/m/0jkvj /olympics/olympic_games/sports /m/01cgz 0 1 0 0
/m/06sks6 /olympics/olympic_games/sports /m/06z68 0 1 0 0
/m/0blfl /olympics/olympic_games/sports /m/03tmr 1 1 0 0
/m/0sx8l /olympics/olympic_games/sports /m/03tmr 1 1 0 0
/m/0l98s /olympics/olympic_games/sports /m/064vjs 0 1 0 0
/m/0jdk_ /olympics/olympic_games/sports /m/0486tv 0 1 0 0
/m/0lbbj /olympics/olympic_games/sports /m/02vx4 0 1 0 0
/m/09x3r /olympics/olympic_games/sports /m/06f41 0 1 0 0
/m/0c_tl /olympics/olympic_games/sports /m/07bs0 1 1 0 0
/m/0blfl /olympics/olympic_games/sports /m/0152n0 1 1 0 0
/m/0ldqf /olympics/olympic_games/sports /m/06z6r 0 1 0 0
/m/0blg2 /olympics/olympic_games/sports /m/02bkg 0 1 0 0
/m/018ctl /olympics/olympic_games/sports /m/09_b4 1 1 0 0
/m/0jdk_ /olympics/olympic_games/sports /m/018w8 0 1 0 0
/m/06sks6 /olympics/olympic_games/sports /m/064vjs 0 1 0 0
/m/0l6mp /olympics/olympic_games/sports /m/03hr1p 0 1 0 0
/m/0jdk_ /olympics/olympic_games/sports /m/019w9j 0 0 0 0
/m/09n48 /olympics/olympic_games/sports /m/09_bl 0 1 0 0
/m/09x3r /olympics/olympic_games/sports /m/07jjt 0 1 0 0
/m/0l6ny /olympics/olympic_games/sports /m/0bynt 0 1 0 0
/m/0kbvv /olympics/olympic_games/sports /m/02_5h 1 1 0 0
/m/0kbvv /olympics/olympic_games/sports /m/03tmr 1 1 0 0
/m/018qb4 /olympics/olympic_games/sports /m/06f41 0 1 0 0
/m/018ctl /olympics/olympic_games/sports /m/09wz9 0 1 0 0
/m/0kbws /olympics/olympic_games/sports /m/06f41 1 1 0 0
/m/0l6vl /olympics/olympic_games/sports /m/06f41 0 1 0 0
/m/0l6mp /olympics/olympic_games/sports /m/0486tv 0 1 0 0
/m/0kbvb /olympics/olympic_games/sports /m/0w0d 0 1 0 0
/m/0lbbj /olympics/olympic_games/sports /m/06f41 0 1 0 0
/m/0l6m5 /olympics/olympic_games/sports /m/0crlz 0 1 0 0
/m/018ctl /olympics/olympic_games/sports /m/06zgc 1 1 0 0
/m/0blg2 /olympics/olympic_games/sports /m/07jjt 0 1 0 0
/m/0jhn7 /olympics/olympic_games/sports /m/035d1m 0 0 0 0
/m/0sxrz /olympics/olympic_games/sports /m/07jjt 0 1 0 0
/m/0blg2 /olympics/olympic_games/sports /m/03hr1p 0 1 0 0
/m/09x3r /olympics/olympic_games/sports /m/018w8 0 1 0 0
/m/018ctl /olympics/olympic_games/sports /m/09_94 1 1 0 0
/m/0lbd9 /olympics/olympic_games/sports /m/01cgz 0 1 0 0
/m/0sx7r /olympics/olympic_games/sports /m/09wz9 0 1 0 0
/m/0kbvb /olympics/olympic_games/sports /m/07bs0 0 0 0 0
/m/01f1kd /olympics/olympic_games/sports /m/09w1n 1 1 0 0
/m/0kbws /olympics/olympic_games/sports /m/064vjs 0 1 0 0
/m/016r9z /olympics/olympic_games/sports /m/07bs0 0 1 0 0
/m/0kbvv /olympics/olympic_games/sports /m/09_b4 0 1 0 0
/m/0l6vl /olympics/olympic_games/sports /m/0w0d 0 1 0 0
/m/0l6mp /olympics/olympic_games/sports /m/03_8r 0 1 0 0
/m/018ljb /olympics/olympic_games/sports /m/096f8 0 1 0 0
/m/0kbvv /olympics/olympic_games/sports /m/09wz9 1 1 0 0
/m/0l6mp /olympics/olympic_games/sports /m/07jbh 0 1 0 0
/m/018ctl /olympics/olympic_games/sports /m/01yfj 1 1 0 0
/m/0l6ny /olympics/olympic_games/sports /m/02y8z 1 1 0 0
/m/015l4k /olympics/olympic_games/sports /m/06zgc 0 1 0 0
/m/0ldqf /olympics/olympic_games/sports /m/06wrt 0 1 0 0
/m/0l6m5 /olympics/olympic_games/sports /m/0486tv 0 1 0 0
std confidence count
/m/0lbbj /olympics/olympic_games/sports /m/03_8r 0 1 0 0
/m/0l6mp /olympics/olympic_games/sports /m/0w0d 0 1 0 1
/m/018qb4 /olympics/olympic_games/sports /m/02y8z 0 1 0 0
/m/0sx92 /olympics/olympic_games/sports /m/02_5h 1 1 0 1
/m/018wrk /olympics/olympic_games/sports /m/0w0d 1 1 0 1
/m/0sxrz /olympics/olympic_games/sports /m/0bynt 0 1 0 0
/m/0l6vl /olympics/olympic_games/sports /m/0486tv 0 1 0 0
/m/0lgxj /olympics/olympic_games/sports /m/03hr1p 0 1 0 0
/m/018wrk /olympics/olympic_games/sports /m/0bynt 1 1 0 1
/m/0l98s /olympics/olympic_games/sports /m/018w8 0 1 0 1
/m/0l6m5 /olympics/olympic_games/sports /m/02y8z 0 1 0 0
/m/0kbvv /olympics/olympic_games/sports /m/01yfj 1 1 0 1
/m/0l6vl /olympics/olympic_games/sports /m/01hp22 1 1 0 1
/m/0jhn7 /olympics/olympic_games/sports /m/0w0d 0 1 0 1
/m/0jhn7 /olympics/olympic_games/sports /m/018w8 0 1 0 1
/m/0sx92 /olympics/olympic_games/sports /m/01dys 1 1 0 1
/m/015l4k /olympics/olympic_games/sports /m/09wz9 1 1 0 1
/m/018ljb /olympics/olympic_games/sports /m/071t0 0 1 0 1
/m/018ljb /olympics/olympic_games/sports /m/07bs0 0 1 0 0
/m/0jkvj /olympics/olympic_games/sports /m/03fyrh 0 1 0 1
/m/018wrk /olympics/olympic_games/sports /m/02y8z 1 1 0 1
/m/0sxrz /olympics/olympic_games/sports /m/02bkg 0 1 0 0
/m/018ljb /olympics/olympic_games/sports /m/06f41 1 1 0 1
/m/0l6ny /olympics/olympic_games/sports /m/01hp22 0 1 0 0
/m/0sx7r /olympics/olympic_games/sports /m/09_bl 0 1 0 1
/m/0jkvj /olympics/olympic_games/sports /m/01cgz 0 1 0 1
/m/06sks6 /olympics/olympic_games/sports /m/06z68 0 1 0 1
/m/0blfl /olympics/olympic_games/sports /m/03tmr 1 1 0 1
/m/0sx8l /olympics/olympic_games/sports /m/03tmr 1 1 0 1
/m/0l98s /olympics/olympic_games/sports /m/064vjs 0 1 0 0
/m/0jdk_ /olympics/olympic_games/sports /m/0486tv 0 1 0 1
/m/0lbbj /olympics/olympic_games/sports /m/02vx4 0 1 0 1
/m/09x3r /olympics/olympic_games/sports /m/06f41 0 1 0 1
/m/0c_tl /olympics/olympic_games/sports /m/07bs0 1 1 0 1
/m/0blfl /olympics/olympic_games/sports /m/0152n0 1 1 0 1
/m/0ldqf /olympics/olympic_games/sports /m/06z6r 1 1 0 1
/m/0blg2 /olympics/olympic_games/sports /m/02bkg 0 1 0 1
/m/018ctl /olympics/olympic_games/sports /m/09_b4 1 1 0 1
/m/0jdk_ /olympics/olympic_games/sports /m/018w8 0 1 0 1
/m/06sks6 /olympics/olympic_games/sports /m/064vjs 0 1 0 1
/m/0l6mp /olympics/olympic_games/sports /m/03hr1p 1 1 0 1
/m/0jdk_ /olympics/olympic_games/sports /m/019w9j 0 1 0 0
/m/09n48 /olympics/olympic_games/sports /m/09_bl 0 1 0 1
/m/09x3r /olympics/olympic_games/sports /m/07jjt 0 1 0 1
/m/0l6ny /olympics/olympic_games/sports /m/0bynt 0 1 0 1
/m/0kbvv /olympics/olympic_games/sports /m/02_5h 1 1 0 1
/m/0kbvv /olympics/olympic_games/sports /m/03tmr 1 1 0 1
/m/018qb4 /olympics/olympic_games/sports /m/06f41 0 1 0 0
/m/018ctl /olympics/olympic_games/sports /m/09wz9 0 1 0 0
/m/0kbws /olympics/olympic_games/sports /m/06f41 1 1 0 0
/m/0l6vl /olympics/olympic_games/sports /m/06f41 1 1 0 1
/m/0l6mp /olympics/olympic_games/sports /m/0486tv 0 1 0 1
/m/0kbvb /olympics/olympic_games/sports /m/0w0d 0 1 0 1
/m/0lbbj /olympics/olympic_games/sports /m/06f41 0 1 0 1
/m/0l6m5 /olympics/olympic_games/sports /m/0crlz 0 1 0 1
/m/018ctl /olympics/olympic_games/sports /m/06zgc 1 1 0 1
/m/0blg2 /olympics/olympic_games/sports /m/07jjt 0 1 0 1
/m/0jhn7 /olympics/olympic_games/sports /m/035d1m 0 1 0 1
/m/0sxrz /olympics/olympic_games/sports /m/07jjt 0 1 0 0
/m/0blg2 /olympics/olympic_games/sports /m/03hr1p 0 1 0 1
/m/09x3r /olympics/olympic_games/sports /m/018w8 0 1 0 1
/m/018ctl /olympics/olympic_games/sports /m/09_94 1 1 0 1
/m/0lbd9 /olympics/olympic_games/sports /m/01cgz 1 1 0 1
/m/0sx7r /olympics/olympic_games/sports /m/09wz9 1 1 0 1
/m/0kbvb /olympics/olympic_games/sports /m/07bs0 0 1 0 0
/m/01f1kd /olympics/olympic_games/sports /m/09w1n 1 1 0 1
/m/0kbws /olympics/olympic_games/sports /m/064vjs 1 1 0 0
/m/016r9z /olympics/olympic_games/sports /m/07bs0 0 1 0 1
/m/0kbvv /olympics/olympic_games/sports /m/09_b4 1 1 0 1
/m/0l6vl /olympics/olympic_games/sports /m/0w0d 0 1 0 0
/m/0l6mp /olympics/olympic_games/sports /m/03_8r 0 1 0 1
/m/018ljb /olympics/olympic_games/sports /m/096f8 1 1 0 1
/m/0kbvv /olympics/olympic_games/sports /m/09wz9 1 1 1 1
/m/0l6mp /olympics/olympic_games/sports /m/07jbh 0 1 0 1
/m/018ctl /olympics/olympic_games/sports /m/01yfj 1 1 0 1
/m/0l6ny /olympics/olympic_games/sports /m/02y8z 1 1 0 1
/m/015l4k /olympics/olympic_games/sports /m/06zgc 1 1 0 1
/m/0ldqf /olympics/olympic_games/sports /m/06wrt 0 1 0 0
/m/0l6m5 /olympics/olympic_games/sports /m/0486tv 0 1 0 1
pca confidence sum
/m/0lbbj /olympics/olympic_games/sports /m/03_8r 0 1 0 1
/m/0l6mp /olympics/olympic_games/sports /m/0w0d 0 1 0 1
/m/018qb4 /olympics/olympic_games/sports /m/02y8z 1 1 0 1
/m/0sx92 /olympics/olympic_games/sports /m/02_5h 1 1 0 1
/m/018wrk /olympics/olympic_games/sports /m/0w0d 0 1 0 1
/m/0sxrz /olympics/olympic_games/sports /m/0bynt 1 1 0 1
/m/0l6vl /olympics/olympic_games/sports /m/0486tv 0 1 0 1
/m/0lgxj /olympics/olympic_games/sports /m/03hr1p 1 1 0 1
/m/018wrk /olympics/olympic_games/sports /m/0bynt 1 1 0 1
/m/0l98s /olympics/olympic_games/sports /m/018w8 0 1 0 1
/m/0l6m5 /olympics/olympic_games/sports /m/02y8z 1 1 0 1
/m/0kbvv /olympics/olympic_games/sports /m/01yfj 0 1 0 1
/m/0l6vl /olympics/olympic_games/sports /m/01hp22 1 1 0 1
/m/0jhn7 /olympics/olympic_games/sports /m/0w0d 0 1 0 1
/m/0jhn7 /olympics/olympic_games/sports /m/018w8 0 1 0 1
/m/0sx92 /olympics/olympic_games/sports /m/01dys 1 1 0 1
/m/015l4k /olympics/olympic_games/sports /m/09wz9 1 1 0 1
/m/018ljb /olympics/olympic_games/sports /m/071t0 0 1 0 0
/m/018ljb /olympics/olympic_games/sports /m/07bs0 0 1 0 0
/m/0jkvj /olympics/olympic_games/sports /m/03fyrh 0 1 0 1
/m/018wrk /olympics/olympic_games/sports /m/02y8z 1 1 0 1
/m/0sxrz /olympics/olympic_games/sports /m/02bkg 0 1 0 1
/m/018ljb /olympics/olympic_games/sports /m/06f41 1 1 0 1
/m/0l6ny /olympics/olympic_games/sports /m/01hp22 1 1 0 1
/m/0sx7r /olympics/olympic_games/sports /m/09_bl 0 1 0 1
/m/0jkvj /olympics/olympic_games/sports /m/01cgz 1 1 0 1
/m/06sks6 /olympics/olympic_games/sports /m/06z68 0 1 0 0
/m/0blfl /olympics/olympic_games/sports /m/03tmr 1 1 0 0
/m/0sx8l /olympics/olympic_games/sports /m/03tmr 1 1 0 1
/m/0l98s /olympics/olympic_games/sports /m/064vjs 0 1 0 1
/m/0jdk_ /olympics/olympic_games/sports /m/0486tv 0 1 0 1
/m/0lbbj /olympics/olympic_games/sports /m/02vx4 0 1 0 1
/m/09x3r /olympics/olympic_games/sports /m/06f41 1 1 0 1
/m/0c_tl /olympics/olympic_games/sports /m/07bs0 0 1 0 0
/m/0blfl /olympics/olympic_games/sports /m/0152n0 1 1 0 0
/m/0ldqf /olympics/olympic_games/sports /m/06z6r 1 1 0 1
/m/0blg2 /olympics/olympic_games/sports /m/02bkg 0 1 0 1
/m/018ctl /olympics/olympic_games/sports /m/09_b4 1 1 0 0
/m/0jdk_ /olympics/olympic_games/sports /m/018w8 0 1 0 1
/m/06sks6 /olympics/olympic_games/sports /m/064vjs 0 1 0 1
/m/0l6mp /olympics/olympic_games/sports /m/03hr1p 1 1 0 1
/m/0jdk_ /olympics/olympic_games/sports /m/019w9j 0 1 0 0
/m/09n48 /olympics/olympic_games/sports /m/09_bl 0 1 0 1
/m/09x3r /olympics/olympic_games/sports /m/07jjt 0 1 0 1
/m/0l6ny /olympics/olympic_games/sports /m/0bynt 1 1 0 1
/m/0kbvv /olympics/olympic_games/sports /m/02_5h 0 1 0 1
/m/0kbvv /olympics/olympic_games/sports /m/03tmr 1 1 0 1
/m/018qb4 /olympics/olympic_games/sports /m/06f41 1 1 0 1
/m/018ctl /olympics/olympic_games/sports /m/09wz9 1 1 0 0
/m/0kbws /olympics/olympic_games/sports /m/06f41 1 1 0 0
/m/0l6vl /olympics/olympic_games/sports /m/06f41 1 1 0 1
/m/0l6mp /olympics/olympic_games/sports /m/0486tv 0 1 0 1
/m/0kbvb /olympics/olympic_games/sports /m/0w0d 0 1 0 1
/m/0lbbj /olympics/olympic_games/sports /m/06f41 1 1 0 1
/m/0l6m5 /olympics/olympic_games/sports /m/0crlz 0 1 0 1
/m/018ctl /olympics/olympic_games/sports /m/06zgc 1 1 0 0
/m/0blg2 /olympics/olympic_games/sports /m/07jjt 0 1 0 1
/m/0jhn7 /olympics/olympic_games/sports /m/035d1m 0 1 0 0
/m/0sxrz /olympics/olympic_games/sports /m/07jjt 0 1 0 1
/m/0blg2 /olympics/olympic_games/sports /m/03hr1p 0 1 0 1
/m/09x3r /olympics/olympic_games/sports /m/018w8 0 1 0 0
/m/018ctl /olympics/olympic_games/sports /m/09_94 0 1 0 0
/m/0lbd9 /olympics/olympic_games/sports /m/01cgz 1 1 0 1
/m/0sx7r /olympics/olympic_games/sports /m/09wz9 1 1 0 1
/m/0kbvb /olympics/olympic_games/sports /m/07bs0 0 1 0 0
/m/01f1kd /olympics/olympic_games/sports /m/09w1n 1 1 0 1
/m/0kbws /olympics/olympic_games/sports /m/064vjs 0 1 0 0
/m/016r9z /olympics/olympic_games/sports /m/07bs0 0 0 0 0
/m/0kbvv /olympics/olympic_games/sports /m/09_b4 0 1 0 1
/m/0l6vl /olympics/olympic_games/sports /m/0w0d 0 1 0 1
/m/0l6mp /olympics/olympic_games/sports /m/03_8r 0 1 0 1
/m/018ljb /olympics/olympic_games/sports /m/096f8 0 1 0 0
/m/0kbvv /olympics/olympic_games/sports /m/09wz9 1 1 0 1
/m/0l6mp /olympics/olympic_games/sports /m/07jbh 0 1 0 1
/m/018ctl /olympics/olympic_games/sports /m/01yfj 0 1 0 0
/m/0l6ny /olympics/olympic_games/sports /m/02y8z 1 1 0 1
/m/015l4k /olympics/olympic_games/sports /m/06zgc 1 1 0 1
/m/0ldqf /olympics/olympic_games/sports /m/06wrt 1 1 0 1
/m/0l6m5 /olympics/olympic_games/sports /m/0486tv 1 1 0 1
std confidence sum
/m/0lbbj /olympics/olympic_games/sports /m/03_8r 0 1 0 1
/m/0l6mp /olympics/olympic_games/sports /m/0w0d 0 1 0 1
/m/018qb4 /olympics/olympic_games/sports /m/02y8z 1 1 0 1
/m/0sx92 /olympics/olympic_games/sports /m/02_5h 1 1 0 1
/m/018wrk /olympics/olympic_games/sports /m/0w0d 0 1 0 1
/m/0sxrz /olympics/olympic_games/sports /m/0bynt 1 1 1 1
/m/0l6vl /olympics/olympic_games/sports /m/0486tv 0 1 0 1
/m/0lgxj /olympics/olympic_games/sports /m/03hr1p 1 1 0 1
/m/018wrk /olympics/olympic_games/sports /m/0bynt 1 1 0 1
/m/0l98s /olympics/olympic_games/sports /m/018w8 0 1 0 1
/m/0l6m5 /olympics/olympic_games/sports /m/02y8z 1 1 0 1
/m/0kbvv /olympics/olympic_games/sports /m/01yfj 0 1 0 1
/m/0l6vl /olympics/olympic_games/sports /m/01hp22 1 1 0 1
/m/0jhn7 /olympics/olympic_games/sports /m/0w0d 0 1 0 1
/m/0jhn7 /olympics/olympic_games/sports /m/018w8 0 1 0 1
/m/0sx92 /olympics/olympic_games/sports /m/01dys 1 1 0 1
/m/015l4k /olympics/olympic_games/sports /m/09wz9 1 1 0 1
/m/018ljb /olympics/olympic_games/sports /m/071t0 0 1 0 0
/m/018ljb /olympics/olympic_games/sports /m/07bs0 0 1 0 0
/m/0jkvj /olympics/olympic_games/sports /m/03fyrh 0 1 0 1
/m/018wrk /olympics/olympic_games/sports /m/02y8z 1 1 0 1
/m/0sxrz /olympics/olympic_games/sports /m/02bkg 0 1 0 1
/m/018ljb /olympics/olympic_games/sports /m/06f41 1 1 0 1
/m/0l6ny /olympics/olympic_games/sports /m/01hp22 1 1 0 1
/m/0sx7r /olympics/olympic_games/sports /m/09_bl 0 1 0 1
/m/0jkvj /olympics/olympic_games/sports /m/01cgz 1 1 0 1
/m/06sks6 /olympics/olympic_games/sports /m/06z68 0 1 0 0
/m/0blfl /olympics/olympic_games/sports /m/03tmr 1 1 0 1
/m/0sx8l /olympics/olympic_games/sports /m/03tmr 1 1 0 1
/m/0l98s /olympics/olympic_games/sports /m/064vjs 0 1 0 1
/m/0jdk_ /olympics/olympic_games/sports /m/0486tv 0 1 0 1
/m/0lbbj /olympics/olympic_games/sports /m/02vx4 0 1 0 1
/m/09x3r /olympics/olympic_games/sports /m/06f41 1 1 0 1
/m/0c_tl /olympics/olympic_games/sports /m/07bs0 0 1 0 0
/m/0blfl /olympics/olympic_games/sports /m/0152n0 1 1 0 1
/m/0ldqf /olympics/olympic_games/sports /m/06z6r 1 1 0 1
/m/0blg2 /olympics/olympic_games/sports /m/02bkg 0 1 0 1
/m/018ctl /olympics/olympic_games/sports /m/09_b4 1 1 0 0
/m/0jdk_ /olympics/olympic_games/sports /m/018w8 0 1 0 1
/m/06sks6 /olympics/olympic_games/sports /m/064vjs 0 1 0 1
/m/0l6mp /olympics/olympic_games/sports /m/03hr1p 1 1 0 1
/m/0jdk_ /olympics/olympic_games/sports /m/019w9j 0 1 0 0
/m/09n48 /olympics/olympic_games/sports /m/09_bl 0 1 0 1
/m/09x3r /olympics/olympic_games/sports /m/07jjt 0 1 0 1
/m/0l6ny /olympics/olympic_games/sports /m/0bynt 1 1 0 1
/m/0kbvv /olympics/olympic_games/sports /m/02_5h 1 1 0 1
/m/0kbvv /olympics/olympic_games/sports /m/03tmr 1 1 0 1
/m/018qb4 /olympics/olympic_games/sports /m/06f41 1 1 0 1
/m/018ctl /olympics/olympic_games/sports /m/09wz9 1 1 0 0
/m/0kbws /olympics/olympic_games/sports /m/06f41 1 1 0 0
/m/0l6vl /olympics/olympic_games/sports /m/06f41 1 1 0 1
/m/0l6mp /olympics/olympic_games/sports /m/0486tv 0 1 0 1
/m/0kbvb /olympics/olympic_games/sports /m/0w0d 0 1 0 1
/m/0lbbj /olympics/olympic_games/sports /m/06f41 1 1 0 1
/m/0l6m5 /olympics/olympic_games/sports /m/0crlz 0 1 0 1
/m/018ctl /olympics/olympic_games/sports /m/06zgc 1 1 0 0
/m/0blg2 /olympics/olympic_games/sports /m/07jjt 0 1 0 1
/m/0jhn7 /olympics/olympic_games/sports /m/035d1m 0 1 0 0
/m/0sxrz /olympics/olympic_games/sports /m/07jjt 0 1 0 1
/m/0blg2 /olympics/olympic_games/sports /m/03hr1p 0 1 0 1
/m/09x3r /olympics/olympic_games/sports /m/018w8 0 1 0 0
/m/018ctl /olympics/olympic_games/sports /m/09_94 0 1 0 0
/m/0lbd9 /olympics/olympic_games/sports /m/01cgz 1 1 0 1
/m/0sx7r /olympics/olympic_games/sports /m/09wz9 1 1 0 1
/m/0kbvb /olympics/olympic_games/sports /m/07bs0 0 1 0 1
/m/01f1kd /olympics/olympic_games/sports /m/09w1n 1 1 0 1
/m/0kbws /olympics/olympic_games/sports /m/064vjs 0 1 0 0
/m/016r9z /olympics/olympic_games/sports /m/07bs0 0 0 0 0
/m/0kbvv /olympics/olympic_games/sports /m/09_b4 0 1 0 1
/m/0l6vl /olympics/olympic_games/sports /m/0w0d 0 1 0 1
/m/0l6mp /olympics/olympic_games/sports /m/03_8r 0 1 0 1
/m/018ljb /olympics/olympic_games/sports /m/096f8 0 1 0 0
/m/0kbvv /olympics/olympic_games/sports /m/09wz9 1 1 0 1
/m/0l6mp /olympics/olympic_games/sports /m/07jbh 0 1 0 1
/m/018ctl /olympics/olympic_games/sports /m/01yfj 0 1 0 0
/m/0l6ny /olympics/olympic_games/sports /m/02y8z 1 1 0 1
/m/015l4k /olympics/olympic_games/sports /m/06zgc 1 1 0 1
/m/0ldqf /olympics/olympic_games/sports /m/06wrt 1 1 0 1
/m/0l6m5 /olympics/olympic_games/sports /m/0486tv 1 1 0 1
