pca confidence count
/m/0lbd9 /olympics/olympic_games/medals_awarded./olympics/olympic_medal_honor/country /m/0b90_r 0 0 0 0
/m/0kbws /olympics/olympic_games/medals_awarded./olympics/olympic_medal_honor/country /m/04wgh 0 0 0 0
/m/0sx7r /olympics/olympic_games/medals_awarded./olympics/olympic_medal_honor/country /m/06mzp 0 1 0 0
/m/0jdk_ /olympics/olympic_games/medals_awarded./olympics/olympic_medal_honor/country /m/01p8s 0 0 0 0
/m/0blg2 /olympics/olympic_games/medals_awarded./olympics/olympic_medal_honor/country /m/02vzc 0 1 0 0
/m/0ldqf /olympics/olympic_games/medals_awarded./olympics/olympic_medal_honor/country /m/06qd3 0 0 0 0
/m/0l6m5 /olympics/olympic_games/medals_awarded./olympics/olympic_medal_honor/country /m/0d05w3 0 0 0 0
/m/0lbbj /olympics/olympic_games/medals_awarded./olympics/olympic_medal_honor/country /m/07fj_ 0 0 0 0
/m/0sxrz /olympics/olympic_games/medals_awarded./olympics/olympic_medal_honor/country /m/0d0vqn 0 0 0 0
/m/09n48 /olympics/olympic_games/medals_awarded./olympics/olympic_medal_honor/country /m/02vzc 0 1 0 0
/m/0sx7r /olympics/olympic_games/medals_awarded./olympics/olympic_medal_honor/country /m/03rjj 0 1 0 0
/m/018qb4 /olympics/olympic_games/medals_awarded./olympics/olympic_medal_honor/country /m/035qy 0 1 0 0
/m/0kbvb /olympics/olympic_games/medals_awarded./olympics/olympic_medal_honor/country /m/0d05w3 0 0 0 0
/m/018wrk /olympics/olympic_games/medals_awarded./olympics/olympic_medal_honor/country /m/07ssc 0 1 0 0
/m/0l6vl /olympics/olympic_games/medals_awarded./olympics/olympic_medal_honor/country /m/07ssc 0 1 0 0
/m/0jkvj /olympics/olympic_games/medals_awarded./olympics/olympic_medal_honor/country /m/05r7t 0 0 0 0
/m/06sks6 /olympics/olympic_games/medals_awarded./olympics/olympic_medal_honor/country /m/0d060g 0 0 0 0
/m/0l6mp /olympics/olympic_games/medals_awarded./olympics/olympic_medal_honor/country /m/06qd3 0 0 0 0
/m/01f1kd /olympics/olympic_games/medals_awarded./olympics/olympic_medal_honor/country /m/03f2w 0 1 0 0
/m/0l998 /olympics/olympic_games/medals_awarded./olympics/olympic_medal_honor/country /m/082fr 0 0 0 0
/m/0sx8l /olympics/olympic_games/medals_awarded./olympics/olympic_medal_honor/country /m/0d0vqn 0 1 0 0
/m/0l6m5 /olympics/olympic_games/medals_awarded./olympics/olympic_medal_honor/country /m/04wgh 0 0 0 0
/m/0lbd9 /olympics/olympic_games/medals_awarded./olympics/olympic_medal_honor/country /m/06c62 1 1 0 0
/m/0l6mp /olympics/olympic_games/medals_awarded./olympics/olympic_medal_honor/country /m/06mkj 0 0 0 0
/m/0l98s /olympics/olympic_games/medals_awarded./olympics/olympic_medal_honor/country /m/0d060g 0 1 0 0
/m/0l6m5 /olympics/olympic_games/medals_awarded./olympics/olympic_medal_honor/country /m/0chghy 0 0 0 0
/m/019n8z /olympics/olympic_games/medals_awarded./olympics/olympic_medal_honor/country /m/059j2 0 1 0 0
/m/0kbvv /olympics/olympic_games/medals_awarded./olympics/olympic_medal_honor/country /m/0h7x 0 1 0 0
/m/06sks6 /olympics/olympic_games/medals_awarded./olympics/olympic_medal_honor/country /m/04wgh 0 0 0 0
/m/015l4k /olympics/olympic_games/medals_awarded./olympics/olympic_medal_honor/country /m/03f2w 0 1 0 0
/m/0kbvb /olympics/olympic_games/medals_awarded./olympics/olympic_medal_honor/country /m/04g61 0 0 0 0
/m/0l6ny /olympics/olympic_games/medals_awarded./olympics/olympic_medal_honor/country /m/02vzc 0 0 0 0
/m/0jkvj /olympics/olympic_games/medals_awarded./olympics/olympic_medal_honor/country /m/0h7x 0 0 0 0
/m/0kbws /olympics/olympic_games/medals_awarded./olympics/olympic_medal_honor/country /m/0jgx 0 0 0 0
/m/0swff /olympics/olympic_games/medals_awarded./olympics/olympic_medal_honor/country /m/0d060g 0 0 0 0
/m/0jhn7 /olympics/olympic_games/medals_awarded./olympics/olympic_medal_honor/country /m/05r7t 0 0 0 0
/m/06sks6 /olympics/olympic_games/medals_awarded./olympics/olympic_medal_honor/country /m/03_3d 0 0 0 0
/m/0kbvb /olympics/olympic_games/medals_awarded./olympics/olympic_medal_honor/country /m/0j1z8 0 0 0 0
/m/0l998 /olympics/olympic_games/medals_awarded./olympics/olympic_medal_honor/country /m/059j2 0 0 0 0
/m/0l6m5 /olympics/olympic_games/medals_awarded./olympics/olympic_medal_honor/country /m/03gj2 0 0 0 0
/m/0l6ny /olympics/olympic_games/medals_awarded./olympics/olympic_medal_honor/country /m/07f1x 0 0 0 0
/m/0jhn7 /olympics/olympic_games/medals_awarded./olympics/olympic_medal_honor/country /m/03_3d 0 0 0 0
/m/0jhn7 /olympics/olympic_games/medals_awarded./olympics/olympic_medal_honor/country /m/035qy 0 0 0 0
/m/0lv1x /olympics/olympic_games/medals_awarded./olympics/olympic_medal_honor/country /m/05v8c 0 0 0 0
/m/0sx8l /olympics/olympic_games/medals_awarded./olympics/olympic_medal_honor/country /m/01mk6 0 1 0 0
/m/0lk8j /olympics/olympic_games/medals_awarded./olympics/olympic_medal_honor/country /m/06mkj 0 0 0 0
/m/0l6vl /olympics/olympic_games/medals_awarded./olympics/olympic_medal_honor/country /m/015fr 0 1 0 0
/m/0jhn7 /olympics/olympic_games/medals_awarded./olympics/olympic_medal_honor/country /m/07t_x 0 0 0 0
/m/0l98s /olympics/olympic_games/medals_awarded./olympics/olympic_medal_honor/country /m/04hqz 0 0 0 0
/m/0l98s /olympics/olympic_games/medals_awarded./olympics/olympic_medal_honor/country /m/0jgd 0 0 0 0
/m/0l6m5 /olympics/olympic_games/medals_awarded./olympics/olympic_medal_honor/country /m/019pcs 0 0 0 0
/m/0l6m5 /olympics/olympic_games/medals_awarded./olympics/olympic_medal_honor/country /m/015qh 0 0 0 0
/m/0jdk_ /olympics/olympic_games/medals_awarded./olympics/olympic_medal_honor/country /m/04w4s 0 0 0 0
/m/0c_tl /olympics/olympic_games/medals_awarded./olympics/olympic_medal_honor/country /m/0h7x 1 1 0 0
/m/0l6m5 /olympics/olympic_games/medals_awarded./olympics/olympic_medal_honor/country /m/03ryn 0 0 0 0
/m/01f1jy /olympics/olympic_games/medals_awarded./olympics/olympic_medal_honor/country /m/09c7w0 1 1 0 0
/m/09x3r /olympics/olympic_games/medals_awarded./olympics/olympic_medal_honor/country /m/0chghy 0 0 0 0
/m/0l998 /olympics/olympic_games/medals_awarded./olympics/olympic_medal_honor/country /m/05qhw 0 0 0 0
/m/0sx8l /olympics/olympic_games/medals_awarded./olympics/olympic_medal_honor/country /m/04j53 0 1 0 0
/m/0l6mp /olympics/olympic_games/medals_awarded./olympics/olympic_medal_honor/country /m/05v8c 0 0 0 0
/m/09n48 /olympics/olympic_games/medals_awarded./olympics/olympic_medal_honor/country /m/0163v 0 1 0 0
/m/0kbws /olympics/olympic_games/medals_awarded./olympics/olympic_medal_honor/country /m/07t_x 0 0 0 0
/m/0lv1x /olympics/olympic_games/medals_awarded./olympics/olympic_medal_honor/country /m/03rt9 0 0 0 0
/m/0sx92 /olympics/olympic_games/medals_awarded./olympics/olympic_medal_honor/country /m/0h7x 0 1 0 0
/m/0lbd9 /olympics/olympic_games/medals_awarded./olympics/olympic_medal_honor/country /m/015qh 0 0 0 0
/m/0l6ny /olympics/olympic_games/medals_awarded./olympics/olympic_medal_honor/country /m/035qy 0 0 0 0
/m/015pkt /olympics/olympic_games/medals_awarded./olympics/olympic_medal_honor/country /m/09c7w0 1 1 0 0
/m/09x3r /olympics/olympic_games/medals_awarded./olympics/olympic_medal_honor/country /m/01mk6 0 0 0 0
/m/0lgxj /olympics/olympic_games/medals_awarded./olympics/olympic_medal_honor/country /m/07ssc 0 0 0 0
/m/0l998 /olympics/olympic_games/medals_awarded./olympics/olympic_medal_honor/country /m/03rjj 0 0 0 0
/m/0l998 /olympics/olympic_games/medals_awarded./olympics/olympic_medal_honor/country /m/04w8f 0 0 0 0
/m/0lv1x /olympics/olympic_games/medals_awarded./olympics/olympic_medal_honor/country /m/06mzp 0 0 0 0
/m/019n8z /olympics/olympic_games/medals_awarded./olympics/olympic_medal_honor/country /m/082fr 0 0 0 0
/m/0lbd9 /olympics/olympic_games/medals_awarded./olympics/olympic_medal_honor/country /m/03shp 0 0 0 0
/m/0blg2 /olympics/olympic_games/medals_awarded./olympics/olympic_medal_honor/country /m/06mzp 0 1 0 0
/m/09x3r /olympics/olympic_games/medals_awarded./olympics/olympic_medal_honor/country /m/03rjj 0 0 0 0
/m/06sks6 /olympics/olympic_games/medals_awarded./olympics/olympic_medal_honor/country /m/03h64 0 0 0 0
/m/06sks6 /olympics/olympic_games/medals_awarded./olympics/olympic_medal_honor/country /m/03rjj 0 0 0 0
/m/0lbd9 /olympics/olympic_games/medals_awarded./olympics/olympic_medal_honor/country /m/0k6nt 0 0 0 0
/m/09n48 /olympics/olympic_games/medals_awarded./olympics/olympic_medal_honor/country /m/03rjj 0 1 0 0
/m/0swbd /olympics/olympic_games/medals_awarded./olympics/olympic_medal_honor/country /m/0h7x 0 1 0 0
/m/0jkvj /olympics/olympic_games/medals_awarded./olympics/olympic_medal_honor/country /m/05b7q 0 0 0 0
/m/06sks6 /olympics/olympic_games/medals_awarded./olympics/olympic_medal_honor/country /m/05b7q 0 0 0 0
/m/0sx92 /olympics/olympic_games/medals_awarded./olympics/olympic_medal_honor/country /m/082fr 0 1 0 0
/m/0l6m5 /olympics/olympic_games/medals_awarded./olympics/olympic_medal_honor/country /m/03rj0 0 0 0 0
/m/0jdk_ /olympics/olympic_games/medals_awarded./olympics/olympic_medal_honor/country /m/05b7q 0 0 0 0
/m/0l6ny /olympics/olympic_games/medals_awarded./olympics/olympic_medal_honor/country /m/06c1y 0 0 0 0
/m/0kbws /olympics/olympic_games/medals_awarded./olympics/olympic_medal_honor/country /m/04w8f 0 0 0 0
/m/0lk8j /olympics/olympic_games/medals_awarded./olympics/olympic_medal_honor/country /m/0k6nt 0 0 0 0
/m/06sks6 /olympics/olympic_games/medals_awarded./olympics/olympic_medal_honor/country /m/0154j 0 0 0 0
/m/0jdk_ /olympics/olympic_games/medals_awarded./olympics/olympic_medal_honor/country /m/06mkj 0 0 0 0
/m/0lk8j /olympics/olympic_games/medals_awarded./olympics/olympic_medal_honor/country /m/05qhw 0 0 0 0
/m/0jhn7 /olympics/olympic_games/medals_awarded./olympics/olympic_medal_honor/country /m/07fj_ 0 0 0 0
/m/0blfl /olympics/olympic_games/medals_awarded./olympics/olympic_medal_honor/country /m/07ssc 0 1 0 0
/m/0jdk_ /olympics/olympic_games/medals_awarded./olympics/olympic_medal_honor/country /m/059j2 0 0 0 0
/m/0lbd9 /olympics/olympic_games/medals_awarded./olympics/olympic_medal_honor/country /m/04wgh 0 0 0 0
/m/09n48 /olympics/olympic_games/medals_awarded./olympics/olympic_medal_honor/country /m/0345h 0 0 0 0
/m/0kbws /olympics/olympic_games/medals_awarded./olympics/olympic_medal_honor/country /m/03gj2 0 0 0 0
/m/0jhn7 /olympics/olympic_games/medals_awarded./olympics/olympic_medal_honor/country /m/015qh 0 0 0 0
/m/0l6mp /olympics/olympic_games/medals_awarded./olympics/olympic_medal_honor/country /m/07ssc 0 0 0 0
/m/018qb4 /olympics/olympic_games/medals_awarded./olympics/olympic_medal_honor/country /m/0hzlz 0 1 0 0
/m/01f1kd /olympics/olympic_games/medals_awarded./olympics/olympic_medal_honor/country /m/05vz3zq 0 0 0 0
/m/0sxrz /olympics/olympic_games/medals_awarded./olympics/olympic_medal_honor/country /m/0hzlz 0 1 0 0
/m/01f1jy /olympics/olympic_games/medals_awarded./olympics/olympic_medal_honor/country /m/06mkj 0 1 0 0
/m/09x3r /olympics/olympic_games/medals_awarded./olympics/olympic_medal_honor/country /m/02vzc 0 0 0 0
/m/0kbvb /olympics/olympic_games/medals_awarded./olympics/olympic_medal_honor/country /m/02khs 0 0 0 0
/m/0jdk_ /olympics/olympic_games/medals_awarded./olympics/olympic_medal_honor/country /m/0345h 0 0 0 0
/m/09n48 /olympics/olympic_games/medals_awarded./olympics/olympic_medal_honor/country /m/09c7w0 1 1 0 0
/m/0sx7r /olympics/olympic_games/medals_awarded./olympics/olympic_medal_honor/country /m/03_3d 0 1 0 0
/m/0l998 /olympics/olympic_games/medals_awarded./olympics/olympic_medal_honor/country /m/07ylj 0 0 0 0
/m/01f1jy /olympics/olympic_games/medals_awarded./olympics/olympic_medal_honor/country /m/03f2w 0 1 0 0
/m/0l6ny /olympics/olympic_games/medals_awarded./olympics/olympic_medal_honor/country /m/06f32 0 0 0 0
/m/0kbws /olympics/olympic_games/medals_awarded./olympics/olympic_medal_honor/country /m/06mzp 0 0 0 0
/m/016r9z /olympics/olympic_games/medals_awarded./olympics/olympic_medal_honor/country /m/0h7x 1 1 0 0
/m/0l998 /olympics/olympic_games/medals_awarded./olympics/olympic_medal_honor/country /m/07ssc 0 0 0 0
/m/0l6ny /olympics/olympic_games/medals_awarded./olympics/olympic_medal_honor/country /m/05r7t 0 0 0 0
/m/06sks6 /olympics/olympic_games/medals_awarded./olympics/olympic_medal_honor/country /m/0d0kn 0 0 0 0
/m/0lv1x /olympics/olympic_games/medals_awarded./olympics/olympic_medal_honor/country /m/01p1v 0 0 0 0
/m/0jdk_ /olympics/olympic_games/medals_awarded./olympics/olympic_medal_honor/country /m/0bjv6 0 0 0 0
/m/0l6ny /olympics/olympic_games/medals_awarded./olympics/olympic_medal_honor/country /m/0k6nt 0 0 0 0
/m/0jkvj /olympics/olympic_games/medals_awarded./olympics/olympic_medal_honor/country /m/06mzp 0 0 0 0
/m/0lv1x /olympics/olympic_games/medals_awarded./olympics/olympic_medal_honor/country /m/0jgd 0 0 0 0
/m/0ldqf /olympics/olympic_games/medals_awarded./olympics/olympic_medal_honor/country /m/0hzlz 0 0 0 0
/m/01f1jf /olympics/olympic_games/medals_awarded./olympics/olympic_medal_honor/country /m/05b4w 0 0 0 0
/m/0swff /olympics/olympic_games/medals_awarded./olympics/olympic_medal_honor/country /m/0h7x 0 1 0 0
/m/0swff /olympics/olympic_games/medals_awarded./olympics/olympic_medal_honor/country /m/06t8v 0 0 0 0
/m/0l6mp /olympics/olympic_games/medals_awarded./olympics/olympic_medal_honor/country /m/05vz3zq 0 0 0 0
/m/0kbvb /olympics/olympic_games/medals_awarded./olympics/olympic_medal_honor/country /m/07fj_ 0 0 0 0
/m/0lbd9 /olympics/olympic_games/medals_awarded./olympics/olympic_medal_honor/country /m/019pcs 0 0 0 0
/m/0nbjq /olympics/olympic_games/medals_awarded./olympics/olympic_medal_honor/country /m/0f8l9c 0 0 0 0
/m/0l6ny /olympics/olympic_games/medals_awarded./olympics/olympic_medal_honor/country /m/0154j 0 0 0 0
/m/0l6ny /olympics/olympic_games/medals_awarded./olympics/olympic_medal_honor/country /m/0d0vqn 0 0 0 0
/m/06sks6 /olympics/olympic_games/medals_awarded./olympics/olympic_medal_honor/country /m/07f1x 0 0 0 0
/m/018ctl /olympics/olympic_games/medals_awarded./olympics/olympic_medal_honor/country /m/0d05w3 0 0 0 0
/m/0l998 /olympics/olympic_games/medals_awarded./olympics/olympic_medal_honor/country /m/03_3d 0 0 0 0
/m/0l98s /olympics/olympic_games/medals_awarded./olympics/olympic_medal_honor/country /m/07ssc 0 1 0 0
/m/0l98s /olympics/olympic_games/medals_awarded./olympics/olympic_medal_honor/country /m/087vz 0 1 0 0
std confidence count
/m/0lbd9 /olympics/olympic_games/medals_awarded./olympics/olympic_medal_honor/country /m/0b90_r 1 1 0 1
/m/0kbws /olympics/olympic_games/medals_awarded./olympics/olympic_medal_honor/country /m/04wgh 0 1 0 0
/m/0sx7r /olympics/olympic_games/medals_awarded./olympics/olympic_medal_honor/country /m/06mzp 1 1 0 1
/m/0jdk_ /olympics/olympic_games/medals_awarded./olympics/olympic_medal_honor/country /m/01p8s 0 0 0 0
/m/0blg2 /olympics/olympic_games/medals_awarded./olympics/olympic_medal_honor/country /m/02vzc 0 1 0 1
/m/0ldqf /olympics/olympic_games/medals_awarded./olympics/olympic_medal_honor/country /m/06qd3 0 0 0 0
/m/0l6m5 /olympics/olympic_games/medals_awarded./olympics/olympic_medal_honor/country /m/0d05w3 0 1 0 0
/m/0lbbj /olympics/olympic_games/medals_awarded./olympics/olympic_medal_honor/country /m/07fj_ 0 1 0 0
/m/0sxrz /olympics/olympic_games/medals_awarded./olympics/olympic_medal_honor/country /m/0d0vqn 0 1 0 1
/m/09n48 /olympics/olympic_games/medals_awarded./olympics/olympic_medal_honor/country /m/02vzc 0 1 0 1
/m/0sx7r /olympics/olympic_games/medals_awarded./olympics/olympic_medal_honor/country /m/03rjj 1 1 0 1
/m/018qb4 /olympics/olympic_games/medals_awarded./olympics/olympic_medal_honor/country /m/035qy 1 1 0 1
/m/0kbvb /olympics/olympic_games/medals_awarded./olympics/olympic_medal_honor/country /m/0d05w3 0 1 0 0
/m/018wrk /olympics/olympic_games/medals_awarded./olympics/olympic_medal_honor/country /m/07ssc 1 1 0 1
/m/0l6vl /olympics/olympic_games/medals_awarded./olympics/olympic_medal_honor/country /m/07ssc 1 1 0 1
/m/0jkvj /olympics/olympic_games/medals_awarded./olympics/olympic_medal_honor/country /m/05r7t 0 1 0 1
/m/06sks6 /olympics/olympic_games/medals_awarded./olympics/olympic_medal_honor/country /m/0d060g 0 1 0 1
/m/0l6mp /olympics/olympic_games/medals_awarded./olympics/olympic_medal_honor/country /m/06qd3 0 1 0 0
/m/01f1kd /olympics/olympic_games/medals_awarded./olympics/olympic_medal_honor/country /m/03f2w 1 1 0 1
/m/0l998 /olympics/olympic_games/medals_awarded./olympics/olympic_medal_honor/country /m/082fr 0 1 0 1
/m/0sx8l /olympics/olympic_games/medals_awarded./olympics/olympic_medal_honor/country /m/0d0vqn 1 1 0 1
/m/0l6m5 /olympics/olympic_games/medals_awarded./olympics/olympic_medal_honor/country /m/04wgh 0 0 0 0
/m/0lbd9 /olympics/olympic_games/medals_awarded./olympics/olympic_medal_honor/country /m/06c62 0 1 0 1
/m/0l6mp /olympics/olympic_games/medals_awarded./olympics/olympic_medal_honor/country /m/06mkj 0 1 0 1
/m/0l98s /olympics/olympic_games/medals_awarded./olympics/olympic_medal_honor/country /m/0d060g 1 1 0 1
/m/0l6m5 /olympics/olympic_games/medals_awarded./olympics/olympic_medal_honor/country /m/0chghy 0 1 0 0
/m/019n8z /olympics/olympic_games/medals_awarded./olympics/olympic_medal_honor/country /m/059j2 0 1 0 0
/m/0kbvv /olympics/olympic_games/medals_awarded./olympics/olympic_medal_honor/country /m/0h7x 0 1 0 1
/m/06sks6 /olympics/olympic_games/medals_awarded./olympics/olympic_medal_honor/country /m/04wgh 0 1 0 1
/m/015l4k /olympics/olympic_games/medals_awarded./olympics/olympic_medal_honor/country /m/03f2w 1 1 0 1
/m/0kbvb /olympics/olympic_games/medals_awarded./olympics/olympic_medal_honor/country /m/04g61 0 1 0 0
/m/0l6ny /olympics/olympic_games/medals_awarded./olympics/olympic_medal_honor/country /m/02vzc 0 1 0 1
/m/0jkvj /olympics/olympic_games/medals_awarded./olympics/olympic_medal_honor/country /m/0h7x 0 1 0 1
/m/0kbws /olympics/olympic_games/medals_awarded./olympics/olympic_medal_honor/country /m/0jgx 0 1 0 0
/m/0swff /olympics/olympic_games/medals_awarded./olympics/olympic_medal_honor/country /m/0d060g 0 1 0 0
/m/0jhn7 /olympics/olympic_games/medals_awarded./olympics/olympic_medal_honor/country /m/05r7t 0 0 0 0
/m/06sks6 /olympics/olympic_games/medals_awarded./olympics/olympic_medal_honor/country /m/03_3d 0 1 0 0
/m/0kbvb /olympics/olympic_games/medals_awarded./olympics/olympic_medal_honor/country /m/0j1z8 0 1 0 0
/m/0l998 /olympics/olympic_games/medals_awarded./olympics/olympic_medal_honor/country /m/059j2 0 1 0 1
/m/0l6m5 /olympics/olympic_games/medals_awarded./olympics/olympic_medal_honor/country /m/03gj2 0 1 0 0
/m/0l6ny /olympics/olympic_games/medals_awarded./olympics/olympic_medal_honor/country /m/07f1x 0 1 0 1
/m/0jhn7 /olympics/olympic_games/medals_awarded./olympics/olympic_medal_honor/country /m/03_3d 0 1 0 1
/m/0jhn7 /olympics/olympic_games/medals_awarded./olympics/olympic_medal_honor/country /m/035qy 0 1 0 1
/m/0lv1x /olympics/olympic_games/medals_awarded./olympics/olympic_medal_honor/country /m/05v8c 0 1 0 1
/m/0sx8l /olympics/olympic_games/medals_awarded./olympics/olympic_medal_honor/country /m/01mk6 0 1 0 0
/m/0lk8j /olympics/olympic_games/medals_awarded./olympics/olympic_medal_honor/country /m/06mkj 0 1 0 1
/m/0l6vl /olympics/olympic_games/medals_awarded./olympics/olympic_medal_honor/country /m/015fr 0 1 0 1
/m/0jhn7 /olympics/olympic_games/medals_awarded./olympics/olympic_medal_honor/country /m/07t_x 0 0 0 0
/m/0l98s /olympics/olympic_games/medals_awarded./olympics/olympic_medal_honor/country /m/04hqz 0 1 0 1
/m/0l98s /olympics/olympic_games/medals_awarded./olympics/olympic_medal_honor/country /m/0jgd 0 1 0 1
/m/0l6m5 /olympics/olympic_games/medals_awarded./olympics/olympic_medal_honor/country /m/019pcs 0 1 0 0
/m/0l6m5 /olympics/olympic_games/medals_awarded./olympics/olympic_medal_honor/country /m/015qh 0 0 0 0
/m/0jdk_ /olympics/olympic_games/medals_awarded./olympics/olympic_medal_honor/country /m/04w4s 0 1 0 0
/m/0c_tl /olympics/olympic_games/medals_awarded./olympics/olympic_medal_honor/country /m/0h7x 1 1 0 1
/m/0l6m5 /olympics/olympic_games/medals_awarded./olympics/olympic_medal_honor/country /m/03ryn 0 0 0 0
/m/01f1jy /olympics/olympic_games/medals_awarded./olympics/olympic_medal_honor/country /m/09c7w0 1 1 1 1
/m/09x3r /olympics/olympic_games/medals_awarded./olympics/olympic_medal_honor/country /m/0chghy 1 1 0 1
/m/0l998 /olympics/olympic_games/medals_awarded./olympics/olympic_medal_honor/country /m/05qhw 1 1 0 1
/m/0sx8l /olympics/olympic_games/medals_awarded./olympics/olympic_medal_honor/country /m/04j53 1 1 0 1
/m/0l6mp /olympics/olympic_games/medals_awarded./olympics/olympic_medal_honor/country /m/05v8c 0 1 0 0
/m/09n48 /olympics/olympic_games/medals_awarded./olympics/olympic_medal_honor/country /m/0163v 0 1 0 1
/m/0kbws /olympics/olympic_games/medals_awarded./olympics/olympic_medal_honor/country /m/07t_x 0 1 0 0
/m/0lv1x /olympics/olympic_games/medals_awarded./olympics/olympic_medal_honor/country /m/03rt9 0 1 0 1
/m/0sx92 /olympics/olympic_games/medals_awarded./olympics/olympic_medal_honor/country /m/0h7x 0 1 0 1
/m/0lbd9 /olympics/olympic_games/medals_awarded./olympics/olympic_medal_honor/country /m/015qh 0 1 0 1
/m/0l6ny /olympics/olympic_games/medals_awarded./olympics/olympic_medal_honor/country /m/035qy 0 1 0 1
/m/015pkt /olympics/olympic_games/medals_awarded./olympics/olympic_medal_honor/country /m/09c7w0 1 1 1 1
/m/09x3r /olympics/olympic_games/medals_awarded./olympics/olympic_medal_honor/country /m/01mk6 0 1 0 1
/m/0lgxj /olympics/olympic_games/medals_awarded./olympics/olympic_medal_honor/country /m/07ssc 0 1 0 0
/m/0l998 /olympics/olympic_games/medals_awarded./olympics/olympic_medal_honor/country /m/03rjj 1 1 0 1
/m/0l998 /olympics/olympic_games/medals_awarded./olympics/olympic_medal_honor/country /m/04w8f 0 1 0 1
/m/0lv1x /olympics/olympic_games/medals_awarded./olympics/olympic_medal_honor/country /m/06mzp 0 1 0 1
/m/019n8z /olympics/olympic_games/medals_awarded./olympics/olympic_medal_honor/country /m/082fr 0 0 0 0
/m/0lbd9 /olympics/olympic_games/medals_awarded./olympics/olympic_medal_honor/country /m/03shp 0 1 0 1
/m/0blg2 /olympics/olympic_games/medals_awarded./olympics/olympic_medal_honor/country /m/06mzp 0 1 0 1
/m/09x3r /olympics/olympic_games/medals_awarded./olympics/olympic_medal_honor/country /m/03rjj 1 1 0 1
/m/06sks6 /olympics/olympic_games/medals_awarded./olympics/olympic_medal_honor/country /m/03h64 0 1 0 0
/m/06sks6 /olympics/olympic_games/medals_awarded./olympics/olympic_medal_honor/country /m/03rjj 0 1 0 1
/m/0lbd9 /olympics/olympic_games/medals_awarded./olympics/olympic_medal_honor/country /m/0k6nt 0 1 0 1
/m/09n48 /olympics/olympic_games/medals_awarded./olympics/olympic_medal_honor/country /m/03rjj 1 1 0 1
/m/0swbd /olympics/olympic_games/medals_awarded./olympics/olympic_medal_honor/country /m/0h7x 0 1 0 1
/m/0jkvj /olympics/olympic_games/medals_awarded./olympics/olympic_medal_honor/country /m/05b7q 0 1 0 1
/m/06sks6 /olympics/olympic_games/medals_awarded./olympics/olympic_medal_honor/country /m/05b7q 0 1 0 0
/m/0sx92 /olympics/olympic_games/medals_awarded./olympics/olympic_medal_honor/country /m/082fr 0 1 0 1
/m/0l6m5 /olympics/olympic_games/medals_awarded./olympics/olympic_medal_honor/country /m/03rj0 0 0 0 0
/m/0jdk_ /olympics/olympic_games/medals_awarded./olympics/olympic_medal_honor/country /m/05b7q 0 0 0 0
/m/0l6ny /olympics/olympic_games/medals_awarded./olympics/olympic_medal_honor/country /m/06c1y 1 1 0 1
/m/0kbws /olympics/olympic_games/medals_awarded./olympics/olympic_medal_honor/country /m/04w8f 0 1 0 0
/m/0lk8j /olympics/olympic_games/medals_awarded./olympics/olympic_medal_honor/country /m/0k6nt 0 1 0 1
/m/06sks6 /olympics/olympic_games/medals_awarded./olympics/olympic_medal_honor/country /m/0154j 0 1 0 0
/m/0jdk_ /olympics/olympic_games/medals_awarded./olympics/olympic_medal_honor/country /m/06mkj 0 1 0 0
/m/0lk8j /olympics/olympic_games/medals_awarded./olympics/olympic_medal_honor/country /m/05qhw 0 1 0 1
/m/0jhn7 /olympics/olympic_games/medals_awarded./olympics/olympic_medal_honor/country /m/07fj_ 0 0 0 0
/m/0blfl /olympics/olympic_games/medals_awarded./olympics/olympic_medal_honor/country /m/07ssc 1 1 0 1
/m/0jdk_ /olympics/olympic_games/medals_awarded./olympics/olympic_medal_honor/country /m/059j2 1 1 0 1
/m/0lbd9 /olympics/olympic_games/medals_awarded./olympics/olympic_medal_honor/country /m/04wgh 0 1 0 1
/m/09n48 /olympics/olympic_games/medals_awarded./olympics/olympic_medal_honor/country /m/0345h 0 0 0 0
/m/0kbws /olympics/olympic_games/medals_awarded./olympics/olympic_medal_honor/country /m/03gj2 0 1 0 0
/m/0jhn7 /olympics/olympic_games/medals_awarded./olympics/olympic_medal_honor/country /m/015qh 0 1 0 1
/m/0l6mp /olympics/olympic_games/medals_awarded./olympics/olympic_medal_honor/country /m/07ssc 1 1 0 1
/m/018qb4 /olympics/olympic_games/medals_awarded./olympics/olympic_medal_honor/country /m/0hzlz 0 1 0 1
/m/01f1kd /olympics/olympic_games/medals_awarded./olympics/olympic_medal_honor/country /m/05vz3zq 0 0 0 0
/m/0sxrz /olympics/olympic_games/medals_awarded./olympics/olympic_medal_honor/country /m/0hzlz 0 1 0 1
/m/01f1jy /olympics/olympic_games/medals_awarded./olympics/olympic_medal_honor/country /m/06mkj 1 1 0 1
/m/09x3r /olympics/olympic_games/medals_awarded./olympics/olympic_medal_honor/country /m/02vzc 0 1 0 1
/m/0kbvb /olympics/olympic_games/medals_awarded./olympics/olympic_medal_honor/country /m/02khs 0 1 0 0
/m/0jdk_ /olympics/olympic_games/medals_awarded./olympics/olympic_medal_honor/country /m/0345h 0 1 0 0
/m/09n48 /olympics/olympic_games/medals_awarded./olympics/olympic_medal_honor/country /m/09c7w0 1 1 1 1
/m/0sx7r /olympics/olympic_games/medals_awarded./olympics/olympic_medal_honor/country /m/03_3d 1 1 0 1
/m/0l998 /olympics/olympic_games/medals_awarded./olympics/olympic_medal_honor/country /m/07ylj 0 1 0 1
/m/01f1jy /olympics/olympic_games/medals_awarded./olympics/olympic_medal_honor/country /m/03f2w 1 1 0 1
/m/0l6ny /olympics/olympic_games/medals_awarded./olympics/olympic_medal_honor/country /m/06f32 0 1 0 1
/m/0kbws /olympics/olympic_games/medals_awarded./olympics/olympic_medal_honor/country /m/06mzp 0 1 0 0
/m/016r9z /olympics/olympic_games/medals_awarded./olympics/olympic_medal_honor/country /m/0h7x 1 1 0 1
/m/0l998 /olympics/olympic_games/medals_awarded./olympics/olympic_medal_honor/country /m/07ssc 1 1 0 1
/m/0l6ny /olympics/olympic_games/medals_awarded./olympics/olympic_medal_honor/country /m/05r7t 0 1 0 1
/m/06sks6 /olympics/olympic_games/medals_awarded./olympics/olympic_medal_honor/country /m/0d0kn 0 1 0 0
/m/0lv1x /olympics/olympic_games/medals_awarded./olympics/olympic_medal_honor/country /m/01p1v 0 1 0 1
/m/0jdk_ /olympics/olympic_games/medals_awarded./olympics/olympic_medal_honor/country /m/0bjv6 0 0 0 0
/m/0l6ny /olympics/olympic_games/medals_awarded./olympics/olympic_medal_honor/country /m/0k6nt 0 1 0 1
/m/0jkvj /olympics/olympic_games/medals_awarded./olympics/olympic_medal_honor/country /m/06mzp 0 1 0 1
/m/0lv1x /olympics/olympic_games/medals_awarded./olympics/olympic_medal_honor/country /m/0jgd 0 1 0 1
/m/0ldqf /olympics/olympic_games/medals_awarded./olympics/olympic_medal_honor/country /m/0hzlz 0 1 0 0
/m/01f1jf /olympics/olympic_games/medals_awarded./olympics/olympic_medal_honor/country /m/05b4w 0 0 0 0
/m/0swff /olympics/olympic_games/medals_awarded./olympics/olympic_medal_honor/country /m/0h7x 1 1 0 1
/m/0swff /olympics/olympic_games/medals_awarded./olympics/olympic_medal_honor/country /m/06t8v 0 1 0 1
/m/0l6mp /olympics/olympic_games/medals_awarded./olympics/olympic_medal_honor/country /m/05vz3zq 0 1 0 1
/m/0kbvb /olympics/olympic_games/medals_awarded./olympics/olympic_medal_honor/country /m/07fj_ 0 0 0 0
/m/0lbd9 /olympics/olympic_games/medals_awarded./olympics/olympic_medal_honor/country /m/019pcs 0 1 0 1
/m/0nbjq /olympics/olympic_games/medals_awarded./olympics/olympic_medal_honor/country /m/0f8l9c 1 1 0 1
/m/0l6ny /olympics/olympic_games/medals_awarded./olympics/olympic_medal_honor/country /m/0154j 0 1 0 1
/m/0l6ny /olympics/olympic_games/medals_awarded./olympics/olympic_medal_honor/country /m/0d0vqn 0 1 0 1
/m/06sks6 /olympics/olympic_games/medals_awarded./olympics/olympic_medal_honor/country /m/07f1x 0 1 0 0
/m/018ctl /olympics/olympic_games/medals_awarded./olympics/olympic_medal_honor/country /m/0d05w3 0 1 0 0
/m/0l998 /olympics/olympic_games/medals_awarded./olympics/olympic_medal_honor/country /m/03_3d 0 1 0 1
/m/0l98s /olympics/olympic_games/medals_awarded./olympics/olympic_medal_honor/country /m/07ssc 1 1 0 1
/m/0l98s /olympics/olympic_games/medals_awarded./olympics/olympic_medal_honor/country /m/087vz 1 1 0 1
pca confidence sum
/m/0lbd9 /olympics/olympic_games/medals_awarded./olympics/olympic_medal_honor/country /m/0b90_r 0 1 0 0
/m/0kbws /olympics/olympic_games/medals_awarded./olympics/olympic_medal_honor/country /m/04wgh 0 0 0 0
/m/0sx7r /olympics/olympic_games/medals_awarded./olympics/olympic_medal_honor/country /m/06mzp 0 1 0 0
/m/0jdk_ /olympics/olympic_games/medals_awarded./olympics/olympic_medal_honor/country /m/01p8s 0 0 0 0
/m/0blg2 /olympics/olympic_games/medals_awarded./olympics/olympic_medal_honor/country /m/02vzc 0 1 0 0
/m/0ldqf /olympics/olympic_games/medals_awarded./olympics/olympic_medal_honor/country /m/06qd3 0 1 0 0
/m/0l6m5 /olympics/olympic_games/medals_awarded./olympics/olympic_medal_honor/country /m/0d05w3 0 1 0 0
/m/0lbbj /olympics/olympic_games/medals_awarded./olympics/olympic_medal_honor/country /m/07fj_ 0 0 0 0
/m/0sxrz /olympics/olympic_games/medals_awarded./olympics/olympic_medal_honor/country /m/0d0vqn 0 1 0 0
/m/09n48 /olympics/olympic_games/medals_awarded./olympics/olympic_medal_honor/country /m/02vzc 0 1 0 0
/m/0sx7r /olympics/olympic_games/medals_awarded./olympics/olympic_medal_honor/country /m/03rjj 1 1 0 1
/m/018qb4 /olympics/olympic_games/medals_awarded./olympics/olympic_medal_honor/country /m/035qy 0 1 0 0
/m/0kbvb /olympics/olympic_games/medals_awarded./olympics/olympic_medal_honor/country /m/0d05w3 0 1 0 0
/m/018wrk /olympics/olympic_games/medals_awarded./olympics/olympic_medal_honor/country /m/07ssc 1 1 0 0
/m/0l6vl /olympics/olympic_games/medals_awarded./olympics/olympic_medal_honor/country /m/07ssc 1 1 0 0
/m/0jkvj /olympics/olympic_games/medals_awarded./olympics/olympic_medal_honor/country /m/05r7t 0 0 0 0
/m/06sks6 /olympics/olympic_games/medals_awarded./olympics/olympic_medal_honor/country /m/0d060g 0 1 0 1
/m/0l6mp /olympics/olympic_games/medals_awarded./olympics/olympic_medal_honor/country /m/06qd3 0 1 0 0
/m/01f1kd /olympics/olympic_games/medals_awarded./olympics/olympic_medal_honor/country /m/03f2w 0 0 0 0
/m/0l998 /olympics/olympic_games/medals_awarded./olympics/olympic_medal_honor/country /m/082fr 0 0 0 0
/m/0sx8l /olympics/olympic_games/medals_awarded./olympics/olympic_medal_honor/country /m/0d0vqn 0 0 0 0
/m/0l6m5 /olympics/olympic_games/medals_awarded./olympics/olympic_medal_honor/country /m/04wgh 0 0 0 0
/m/0lbd9 /olympics/olympic_games/medals_awarded./olympics/olympic_medal_honor/country /m/06c62 0 0 0 0
/m/0l6mp /olympics/olympic_games/medals_awarded./olympics/olympic_medal_honor/country /m/06mkj 0 1 0 0
/m/0l98s /olympics/olympic_games/medals_awarded./olympics/olympic_medal_honor/country /m/0d060g 1 1 0 1
/m/0l6m5 /olympics/olympic_games/medals_awarded./olympics/olympic_medal_honor/country /m/0chghy 1 1 0 1
/m/019n8z /olympics/olympic_games/medals_awarded./olympics/olympic_medal_honor/country /m/059j2 0 1 0 0
/m/0kbvv /olympics/olympic_games/medals_awarded./olympics/olympic_medal_honor/country /m/0h7x 0 0 0 0
/m/06sks6 /olympics/olympic_games/medals_awarded./olympics/olympic_medal_honor/country /m/04wgh 0 0 0 0
/m/015l4k /olympics/olympic_games/medals_awarded./olympics/olympic_medal_honor/country /m/03f2w 0 0 0 0
/m/0kbvb /olympics/olympic_games/medals_awarded./olympics/olympic_medal_honor/country /m/04g61 0 0 0 0
/m/0l6ny /olympics/olympic_games/medals_awarded./olympics/olympic_medal_honor/country /m/02vzc 0 1 0 0
/m/0jkvj /olympics/olympic_games/medals_awarded./olympics/olympic_medal_honor/country /m/0h7x 0 0 0 0
/m/0kbws /olympics/olympic_games/medals_awarded./olympics/olympic_medal_honor/country /m/0jgx 0 1 0 0
/m/0swff /olympics/olympic_games/medals_awarded./olympics/olympic_medal_honor/country /m/0d060g 1 1 0 1
/m/0jhn7 /olympics/olympic_games/medals_awarded./olympics/olympic_medal_honor/country /m/05r7t 0 0 0 0
/m/06sks6 /olympics/olympic_games/medals_awarded./olympics/olympic_medal_honor/country /m/03_3d 0 1 0 1
/m/0kbvb /olympics/olympic_games/medals_awarded./olympics/olympic_medal_honor/country /m/0j1z8 0 0 0 0
/m/0l998 /olympics/olympic_games/medals_awarded./olympics/olympic_medal_honor/country /m/059j2 1 1 0 1
/m/0l6m5 /olympics/olympic_games/medals_awarded./olympics/olympic_medal_honor/country /m/03gj2 0 1 0 1
/m/0l6ny /olympics/olympic_games/medals_awarded./olympics/olympic_medal_honor/country /m/07f1x 0 0 0 0
/m/0jhn7 /olympics/olympic_games/medals_awarded./olympics/olympic_medal_honor/country /m/03_3d 0 1 0 1
/m/0jhn7 /olympics/olympic_games/medals_awarded./olympics/olympic_medal_honor/country /m/035qy 0 1 0 1
/m/0lv1x /olympics/olympic_games/medals_awarded./olympics/olympic_medal_honor/country /m/05v8c 0 0 0 0
/m/0sx8l /olympics/olympic_games/medals_awarded./olympics/olympic_medal_honor/country /m/01mk6 0 1 0 0
/m/0lk8j /olympics/olympic_games/medals_awarded./olympics/olympic_medal_honor/country /m/06mkj 0 1 0 0
/m/0l6vl /olympics/olympic_games/medals_awarded./olympics/olympic_medal_honor/country /m/015fr 0 1 0 0
/m/0jhn7 /olympics/olympic_games/medals_awarded./olympics/olympic_medal_honor/country /m/07t_x 0 0 0 0
/m/0l98s /olympics/olympic_games/medals_awarded./olympics/olympic_medal_honor/country /m/04hqz 0 0 0 0
/m/0l98s /olympics/olympic_games/medals_awarded./olympics/olympic_medal_honor/country /m/0jgd 0 1 0 0
/m/0l6m5 /olympics/olympic_games/medals_awarded./olympics/olympic_medal_honor/country /m/019pcs 0 0 0 0
/m/0l6m5 /olympics/olympic_games/medals_awarded./olympics/olympic_medal_honor/country /m/015qh 0 1 0 0
/m/0jdk_ /olympics/olympic_games/medals_awarded./olympics/olympic_medal_honor/country /m/04w4s 0 0 0 0
/m/0c_tl /olympics/olympic_games/medals_awarded./olympics/olympic_medal_honor/country /m/0h7x 0 1 0 0
/m/0l6m5 /olympics/olympic_games/medals_awarded./olympics/olympic_medal_honor/country /m/03ryn 0 0 0 0
/m/01f1jy /olympics/olympic_games/medals_awarded./olympics/olympic_medal_honor/country /m/09c7w0 1 1 1 1
/m/09x3r /olympics/olympic_games/medals_awarded./olympics/olympic_medal_honor/country /m/0chghy 1 1 0 1
/m/0l998 /olympics/olympic_games/medals_awarded./olympics/olympic_medal_honor/country /m/05qhw 1 1 0 1
/m/0sx8l /olympics/olympic_games/medals_awarded./olympics/olympic_medal_honor/country /m/04j53 0 0 0 0
/m/0l6mp /olympics/olympic_games/medals_awarded./olympics/olympic_medal_honor/country /m/05v8c 0 1 0 0
/m/09n48 /olympics/olympic_games/medals_awarded./olympics/olympic_medal_honor/country /m/0163v 0 0 0 0
/m/0kbws /olympics/olympic_games/medals_awarded./olympics/olympic_medal_honor/country /m/07t_x 0 0 0 0
/m/0lv1x /olympics/olympic_games/medals_awarded./olympics/olympic_medal_honor/country /m/03rt9 0 1 0 0
/m/0sx92 /olympics/olympic_games/medals_awarded./olympics/olympic_medal_honor/country /m/0h7x 0 0 0 0
/m/0lbd9 /olympics/olympic_games/medals_awarded./olympics/olympic_medal_honor/country /m/015qh 0 0 0 0
/m/0l6ny /olympics/olympic_games/medals_awarded./olympics/olympic_medal_honor/country /m/035qy 0 1 0 0
/m/015pkt /olympics/olympic_games/medals_awarded./olympics/olympic_medal_honor/country /m/09c7w0 1 1 1 1
/m/09x3r /olympics/olympic_games/medals_awarded./olympics/olympic_medal_honor/country /m/01mk6 0 0 0 0
/m/0lgxj /olympics/olympic_games/medals_awarded./olympics/olympic_medal_honor/country /m/07ssc 1 1 0 1
/m/0l998 /olympics/olympic_games/medals_awarded./olympics/olympic_medal_honor/country /m/03rjj 1 1 0 1
/m/0l998 /olympics/olympic_games/medals_awarded./olympics/olympic_medal_honor/country /m/04w8f 0 0 0 0
/m/0lv1x /olympics/olympic_games/medals_awarded./olympics/olympic_medal_honor/country /m/06mzp 0 1 0 0
/m/019n8z /olympics/olympic_games/medals_awarded./olympics/olympic_medal_honor/country /m/082fr 0 0 0 0
/m/0lbd9 /olympics/olympic_games/medals_awarded./olympics/olympic_medal_honor/country /m/03shp 0 0 0 0
/m/0blg2 /olympics/olympic_games/medals_awarded./olympics/olympic_medal_honor/country /m/06mzp 0 1 0 0
/m/09x3r /olympics/olympic_games/medals_awarded./olympics/olympic_medal_honor/country /m/03rjj 1 1 0 1
/m/06sks6 /olympics/olympic_games/medals_awarded./olympics/olympic_medal_honor/country /m/03h64 0 1 0 1
/m/06sks6 /olympics/olympic_games/medals_awarded./olympics/olympic_medal_honor/country /m/03rjj 1 1 0 1
/m/0lbd9 /olympics/olympic_games/medals_awarded./olympics/olympic_medal_honor/country /m/0k6nt 0 1 0 0
/m/09n48 /olympics/olympic_games/medals_awarded./olympics/olympic_medal_honor/country /m/03rjj 1 1 0 1
/m/0swbd /olympics/olympic_games/medals_awarded./olympics/olympic_medal_honor/country /m/0h7x 0 0 0 0
/m/0jkvj /olympics/olympic_games/medals_awarded./olympics/olympic_medal_honor/country /m/05b7q 0 0 0 0
/m/06sks6 /olympics/olympic_games/medals_awarded./olympics/olympic_medal_honor/country /m/05b7q 0 0 0 0
/m/0sx92 /olympics/olympic_games/medals_awarded./olympics/olympic_medal_honor/country /m/082fr 0 0 0 0
/m/0l6m5 /olympics/olympic_games/medals_awarded./olympics/olympic_medal_honor/country /m/03rj0 0 1 0 0
/m/0jdk_ /olympics/olympic_games/medals_awarded./olympics/olympic_medal_honor/country /m/05b7q 0 0 0 0
/m/0l6ny /olympics/olympic_games/medals_awarded./olympics/olympic_medal_honor/country /m/06c1y 0 0 0 0
/m/0kbws /olympics/olympic_games/medals_awarded./olympics/olympic_medal_honor/country /m/04w8f 0 0 0 0
/m/0lk8j /olympics/olympic_games/medals_awarded./olympics/olympic_medal_honor/country /m/0k6nt 0 1 0 0
/m/06sks6 /olympics/olympic_games/medals_awarded./olympics/olympic_medal_honor/country /m/0154j 0 1 0 1
/m/0jdk_ /olympics/olympic_games/medals_awarded./olympics/olympic_medal_honor/country /m/06mkj 0 1 0 1
/m/0lk8j /olympics/olympic_games/medals_awarded./olympics/olympic_medal_honor/country /m/05qhw 0 1 0 0
/m/0jhn7 /olympics/olympic_games/medals_awarded./olympics/olympic_medal_honor/country /m/07fj_ 0 0 0 0
/m/0blfl /olympics/olympic_games/medals_awarded./olympics/olympic_medal_honor/country /m/07ssc 1 1 0 1
/m/0jdk_ /olympics/olympic_games/medals_awarded./olympics/olympic_medal_honor/country /m/059j2 1 1 0 1
/m/0lbd9 /olympics/olympic_games/medals_awarded./olympics/olympic_medal_honor/country /m/04wgh 0 0 0 0
/m/09n48 /olympics/olympic_games/medals_awarded./olympics/olympic_medal_honor/country /m/0345h 0 1 0 0
/m/0kbws /olympics/olympic_games/medals_awarded./olympics/olympic_medal_honor/country /m/03gj2 0 1 0 1
/m/0jhn7 /olympics/olympic_games/medals_awarded./olympics/olympic_medal_honor/country /m/015qh 0 1 0 1
/m/0l6mp /olympics/olympic_games/medals_awarded./olympics/olympic_medal_honor/country /m/07ssc 1 1 0 1
/m/018qb4 /olympics/olympic_games/medals_awarded./olympics/olympic_medal_honor/country /m/0hzlz 0 1 0 0
/m/01f1kd /olympics/olympic_games/medals_awarded./olympics/olympic_medal_honor/country /m/05vz3zq 0 0 0 0
/m/0sxrz /olympics/olympic_games/medals_awarded./olympics/olympic_medal_honor/country /m/0hzlz 0 1 0 0
/m/01f1jy /olympics/olympic_games/medals_awarded./olympics/olympic_medal_honor/country /m/06mkj 0 0 0 0
/m/09x3r /olympics/olympic_games/medals_awarded./olympics/olympic_medal_honor/country /m/02vzc 0 1 0 0
/m/0kbvb /olympics/olympic_games/medals_awarded./olympics/olympic_medal_honor/country /m/02khs 0 0 0 0
/m/0jdk_ /olympics/olympic_games/medals_awarded./olympics/olympic_medal_honor/country /m/0345h 1 1 0 1
/m/09n48 /olympics/olympic_games/medals_awarded./olympics/olympic_medal_honor/country /m/09c7w0 1 1 1 1
/m/0sx7r /olympics/olympic_games/medals_awarded./olympics/olympic_medal_honor/country /m/03_3d 0 1 0 0
/m/0l998 /olympics/olympic_games/medals_awarded./olympics/olympic_medal_honor/country /m/07ylj 0 0 0 0
/m/01f1jy /olympics/olympic_games/medals_awarded./olympics/olympic_medal_honor/country /m/03f2w 0 0 0 0
/m/0l6ny /olympics/olympic_games/medals_awarded./olympics/olympic_medal_honor/country /m/06f32 0 1 0 0
/m/0kbws /olympics/olympic_games/medals_awarded./olympics/olympic_medal_honor/country /m/06mzp 0 1 0 1
/m/016r9z /olympics/olympic_games/medals_awarded./olympics/olympic_medal_honor/country /m/0h7x 0 0 0 0
/m/0l998 /olympics/olympic_games/medals_awarded./olympics/olympic_medal_honor/country /m/07ssc 1 1 0 1
/m/0l6ny /olympics/olympic_games/medals_awarded./olympics/olympic_medal_honor/country /m/05r7t 0 0 0 0
/m/06sks6 /olympics/olympic_games/medals_awarded./olympics/olympic_medal_honor/country /m/0d0kn 0 1 0 0
/m/0lv1x /olympics/olympic_games/medals_awarded./olympics/olympic_medal_honor/country /m/01p1v 0 0 0 0
/m/0jdk_ /olympics/olympic_games/medals_awarded./olympics/olympic_medal_honor/country /m/0bjv6 0 0 0 0
/m/0l6ny /olympics/olympic_games/medals_awarded./olympics/olympic_medal_honor/country /m/0k6nt 0 1 0 0
/m/0jkvj /olympics/olympic_games/medals_awarded./olympics/olympic_medal_honor/country /m/06mzp 0 1 0 0
/m/0lv1x /olympics/olympic_games/medals_awarded./olympics/olympic_medal_honor/country /m/0jgd 0 1 0 0
/m/0ldqf /olympics/olympic_games/medals_awarded./olympics/olympic_medal_honor/country /m/0hzlz 0 0 0 0
/m/01f1jf /olympics/olympic_games/medals_awarded./olympics/olympic_medal_honor/country /m/05b4w 1 1 0 0
/m/0swff /olympics/olympic_games/medals_awarded./olympics/olympic_medal_honor/country /m/0h7x 0 1 0 0
/m/0swff /olympics/olympic_games/medals_awarded./olympics/olympic_medal_honor/country /m/06t8v 0 0 0 0
/m/0l6mp /olympics/olympic_games/medals_awarded./olympics/olympic_medal_honor/country /m/05vz3zq 0 0 0 0
/m/0kbvb /olympics/olympic_games/medals_awarded./olympics/olympic_medal_honor/country /m/07fj_ 0 0 0 0
/m/0lbd9 /olympics/olympic_games/medals_awarded./olympics/olympic_medal_honor/country /m/019pcs 0 0 0 0
/m/0nbjq /olympics/olympic_games/medals_awarded./olympics/olympic_medal_honor/country /m/0f8l9c 1 1 0 1
/m/0l6ny /olympics/olympic_games/medals_awarded./olympics/olympic_medal_honor/country /m/0154j 0 1 0 0
/m/0l6ny /olympics/olympic_games/medals_awarded./olympics/olympic_medal_honor/country /m/0d0vqn 1 1 0 1
/m/06sks6 /olympics/olympic_games/medals_awarded./olympics/olympic_medal_honor/country /m/07f1x 0 1 0 0
/m/018ctl /olympics/olympic_games/medals_awarded./olympics/olympic_medal_honor/country /m/0d05w3 0 0 0 0
/m/0l998 /olympics/olympic_games/medals_awarded./olympics/olympic_medal_honor/country /m/03_3d 0 1 0 0
/m/0l98s /olympics/olympic_games/medals_awarded./olympics/olympic_medal_honor/country /m/07ssc 1 1 0 1
/m/0l98s /olympics/olympic_games/medals_awarded./olympics/olympic_medal_honor/country /m/087vz 0 0 0 0
std confidence sum
/m/0lbd9 /olympics/olympic_games/medals_awarded./olympics/olympic_medal_honor/country /m/0b90_r 0 1 0 0
/m/0kbws /olympics/olympic_games/medals_awarded./olympics/olympic_medal_honor/country /m/04wgh 0 0 0 0
/m/0sx7r /olympics/olympic_games/medals_awarded./olympics/olympic_medal_honor/country /m/06mzp 0 1 0 0
/m/0jdk_ /olympics/olympic_games/medals_awarded./olympics/olympic_medal_honor/country /m/01p8s 0 0 0 0
/m/0blg2 /olympics/olympic_games/medals_awarded./olympics/olympic_medal_honor/country /m/02vzc 0 1 0 1
/m/0ldqf /olympics/olympic_games/medals_awarded./olympics/olympic_medal_honor/country /m/06qd3 0 1 0 0
/m/0l6m5 /olympics/olympic_games/medals_awarded./olympics/olympic_medal_honor/country /m/0d05w3 0 1 0 0
/m/0lbbj /olympics/olympic_games/medals_awarded./olympics/olympic_medal_honor/country /m/07fj_ 0 0 0 0
/m/0sxrz /olympics/olympic_games/medals_awarded./olympics/olympic_medal_honor/country /m/0d0vqn 0 1 0 0
/m/09n48 /olympics/olympic_games/medals_awarded./olympics/olympic_medal_honor/country /m/02vzc 0 1 0 0
/m/0sx7r /olympics/olympic_games/medals_awarded./olympics/olympic_medal_honor/country /m/03rjj 1 1 0 1
/m/018qb4 /olympics/olympic_games/medals_awarded./olympics/olympic_medal_honor/country /m/035qy 0 1 0 0
/m/0kbvb /olympics/olympic_games/medals_awarded./olympics/olympic_medal_honor/country /m/0d05w3 0 1 0 0
/m/018wrk /olympics/olympic_games/medals_awarded./olympics/olympic_medal_honor/country /m/07ssc 1 1 0 0
/m/0l6vl /olympics/olympic_games/medals_awarded./olympics/olympic_medal_honor/country /m/07ssc 0 1 0 0
/m/0jkvj /olympics/olympic_games/medals_awarded./olympics/olympic_medal_honor/country /m/05r7t 0 0 0 0
/m/06sks6 /olympics/olympic_games/medals_awarded./olympics/olympic_medal_honor/country /m/0d060g 0 1 0 1
/m/0l6mp /olympics/olympic_games/medals_awarded./olympics/olympic_medal_honor/country /m/06qd3 0 1 0 0
/m/01f1kd /olympics/olympic_games/medals_awarded./olympics/olympic_medal_honor/country /m/03f2w 0 0 0 0
/m/0l998 /olympics/olympic_games/medals_awarded./olympics/olympic_medal_honor/country /m/082fr 0 0 0 0
/m/0sx8l /olympics/olympic_games/medals_awarded./olympics/olympic_medal_honor/country /m/0d0vqn 0 0 0 0
/m/0l6m5 /olympics/olympic_games/medals_awarded./olympics/olympic_medal_honor/country /m/04wgh 0 0 0 0
/m/0lbd9 /olympics/olympic_games/medals_awarded./olympics/olympic_medal_honor/country /m/06c62 0 0 0 0
/m/0l6mp /olympics/olympic_games/medals_awarded./olympics/olympic_medal_honor/country /m/06mkj 0 1 0 0
/m/0l98s /olympics/olympic_games/medals_awarded./olympics/olympic_medal_honor/country /m/0d060g 1 1 0 1
/m/0l6m5 /olympics/olympic_games/medals_awarded./olympics/olympic_medal_honor/country /m/0chghy 1 1 0 1
/m/019n8z /olympics/olympic_games/medals_awarded./olympics/olympic_medal_honor/country /m/059j2 0 1 0 0
/m/0kbvv /olympics/olympic_games/medals_awarded./olympics/olympic_medal_honor/country /m/0h7x 0 0 0 0
/m/06sks6 /olympics/olympic_games/medals_awarded./olympics/olympic_medal_honor/country /m/04wgh 0 0 0 0
/m/015l4k /olympics/olympic_games/medals_awarded./olympics/olympic_medal_honor/country /m/03f2w 0 0 0 0
/m/0kbvb /olympics/olympic_games/medals_awarded./olympics/olympic_medal_honor/country /m/04g61 0 0 0 0
/m/0l6ny /olympics/olympic_games/medals_awarded./olympics/olympic_medal_honor/country /m/02vzc 0 1 0 0
/m/0jkvj /olympics/olympic_games/medals_awarded./olympics/olympic_medal_honor/country /m/0h7x 0 0 0 0
/m/0kbws /olympics/olympic_games/medals_awarded./olympics/olympic_medal_honor/country /m/0jgx 0 1 0 0
/m/0swff /olympics/olympic_games/medals_awarded./olympics/olympic_medal_honor/country /m/0d060g 1 1 0 1
/m/0jhn7 /olympics/olympic_games/medals_awarded./olympics/olympic_medal_honor/country /m/05r7t 0 0 0 0
/m/06sks6 /olympics/olympic_games/medals_awarded./olympics/olympic_medal_honor/country /m/03_3d 0 1 0 1
/m/0kbvb /olympics/olympic_games/medals_awarded./olympics/olympic_medal_honor/country /m/0j1z8 0 0 0 0
/m/0l998 /olympics/olympic_games/medals_awarded./olympics/olympic_medal_honor/country /m/059j2 1 1 0 1
/m/0l6m5 /olympics/olympic_games/medals_awarded./olympics/olympic_medal_honor/country /m/03gj2 0 1 0 1
/m/0l6ny /olympics/olympic_games/medals_awarded./olympics/olympic_medal_honor/country /m/07f1x 0 0 0 0
/m/0jhn7 /olympics/olympic_games/medals_awarded./olympics/olympic_medal_honor/country /m/03_3d 0 1 0 1
/m/0jhn7 /olympics/olympic_games/medals_awarded./olympics/olympic_medal_honor/country /m/035qy 0 1 0 1
/m/0lv1x /olympics/olympic_games/medals_awarded./olympics/olympic_medal_honor/country /m/05v8c 0 0 0 0
/m/0sx8l /olympics/olympic_games/medals_awarded./olympics/olympic_medal_honor/country /m/01mk6 0 1 0 0
/m/0lk8j /olympics/olympic_games/medals_awarded./olympics/olympic_medal_honor/country /m/06mkj 0 1 0 1
/m/0l6vl /olympics/olympic_games/medals_awarded./olympics/olympic_medal_honor/country /m/015fr 0 1 0 0
/m/0jhn7 /olympics/olympic_games/medals_awarded./olympics/olympic_medal_honor/country /m/07t_x 0 0 0 0
/m/0l98s /olympics/olympic_games/medals_awarded./olympics/olympic_medal_honor/country /m/04hqz 0 0 0 0
/m/0l98s /olympics/olympic_games/medals_awarded./olympics/olympic_medal_honor/country /m/0jgd 0 1 0 0
/m/0l6m5 /olympics/olympic_games/medals_awarded./olympics/olympic_medal_honor/country /m/019pcs 0 0 0 0
/m/0l6m5 /olympics/olympic_games/medals_awarded./olympics/olympic_medal_honor/country /m/015qh 0 1 0 0
/m/0jdk_ /olympics/olympic_games/medals_awarded./olympics/olympic_medal_honor/country /m/04w4s 0 0 0 0
/m/0c_tl /olympics/olympic_games/medals_awarded./olympics/olympic_medal_honor/country /m/0h7x 1 1 0 0
/m/0l6m5 /olympics/olympic_games/medals_awarded./olympics/olympic_medal_honor/country /m/03ryn 0 0 0 0
/m/01f1jy /olympics/olympic_games/medals_awarded./olympics/olympic_medal_honor/country /m/09c7w0 1 1 1 1
/m/09x3r /olympics/olympic_games/medals_awarded./olympics/olympic_medal_honor/country /m/0chghy 1 1 0 1
/m/0l998 /olympics/olympic_games/medals_awarded./olympics/olympic_medal_honor/country /m/05qhw 1 1 0 1
/m/0sx8l /olympics/olympic_games/medals_awarded./olympics/olympic_medal_honor/country /m/04j53 0 0 0 0
/m/0l6mp /olympics/olympic_games/medals_awarded./olympics/olympic_medal_honor/country /m/05v8c 0 1 0 0
/m/09n48 /olympics/olympic_games/medals_awarded./olympics/olympic_medal_honor/country /m/0163v 0 0 0 0
/m/0kbws /olympics/olympic_games/medals_awarded./olympics/olympic_medal_honor/country /m/07t_x 0 0 0 0
/m/0lv1x /olympics/olympic_games/medals_awarded./olympics/olympic_medal_honor/country /m/03rt9 0 1 0 0
/m/0sx92 /olympics/olympic_games/medals_awarded./olympics/olympic_medal_honor/country /m/0h7x 0 0 0 0
/m/0lbd9 /olympics/olympic_games/medals_awarded./olympics/olympic_medal_honor/country /m/015qh 0 0 0 0
/m/0l6ny /olympics/olympic_games/medals_awarded./olympics/olympic_medal_honor/country /m/035qy 0 1 0 0
/m/015pkt /olympics/olympic_games/medals_awarded./olympics/olympic_medal_honor/country /m/09c7w0 1 1 1 1
/m/09x3r /olympics/olympic_games/medals_awarded./olympics/olympic_medal_honor/country /m/01mk6 0 0 0 0
/m/0lgxj /olympics/olympic_games/medals_awarded./olympics/olympic_medal_honor/country /m/07ssc 1 1 0 1
/m/0l998 /olympics/olympic_games/medals_awarded./olympics/olympic_medal_honor/country /m/03rjj 0 1 0 1
/m/0l998 /olympics/olympic_games/medals_awarded./olympics/olympic_medal_honor/country /m/04w8f 0 0 0 0
/m/0lv1x /olympics/olympic_games/medals_awarded./olympics/olympic_medal_honor/country /m/06mzp 0 1 0 0
/m/019n8z /olympics/olympic_games/medals_awarded./olympics/olympic_medal_honor/country /m/082fr 0 0 0 0
/m/0lbd9 /olympics/olympic_games/medals_awarded./olympics/olympic_medal_honor/country /m/03shp 0 0 0 0
/m/0blg2 /olympics/olympic_games/medals_awarded./olympics/olympic_medal_honor/country /m/06mzp 0 1 0 0
/m/09x3r /olympics/olympic_games/medals_awarded./olympics/olympic_medal_honor/country /m/03rjj 1 1 0 1
/m/06sks6 /olympics/olympic_games/medals_awarded./olympics/olympic_medal_honor/country /m/03h64 0 1 0 1
/m/06sks6 /olympics/olympic_games/medals_awarded./olympics/olympic_medal_honor/country /m/03rjj 1 1 0 1
/m/0lbd9 /olympics/olympic_games/medals_awarded./olympics/olympic_medal_honor/country /m/0k6nt 0 1 0 0
/m/09n48 /olympics/olympic_games/medals_awarded./olympics/olympic_medal_honor/country /m/03rjj 1 1 0 1
/m/0swbd /olympics/olympic_games/medals_awarded./olympics/olympic_medal_honor/country /m/0h7x 0 0 0 0
/m/0jkvj /olympics/olympic_games/medals_awarded./olympics/olympic_medal_honor/country /m/05b7q 0 0 0 0
/m/06sks6 /olympics/olympic_games/medals_awarded./olympics/olympic_medal_honor/country /m/05b7q 0 0 0 0
/m/0sx92 /olympics/olympic_games/medals_awarded./olympics/olympic_medal_honor/country /m/082fr 0 0 0 0
/m/0l6m5 /olympics/olympic_games/medals_awarded./olympics/olympic_medal_honor/country /m/03rj0 0 1 0 0
/m/0jdk_ /olympics/olympic_games/medals_awarded./olympics/olympic_medal_honor/country /m/05b7q 0 0 0 0
/m/0l6ny /olympics/olympic_games/medals_awarded./olympics/olympic_medal_honor/country /m/06c1y 0 0 0 0
/m/0kbws /olympics/olympic_games/medals_awarded./olympics/olympic_medal_honor/country /m/04w8f 0 0 0 0
/m/0lk8j /olympics/olympic_games/medals_awarded./olympics/olympic_medal_honor/country /m/0k6nt 0 1 0 0
/m/06sks6 /olympics/olympic_games/medals_awarded./olympics/olympic_medal_honor/country /m/0154j 0 1 0 1
/m/0jdk_ /olympics/olympic_games/medals_awarded./olympics/olympic_medal_honor/country /m/06mkj 0 1 0 1
/m/0lk8j /olympics/olympic_games/medals_awarded./olympics/olympic_medal_honor/country /m/05qhw 0 1 0 0
/m/0jhn7 /olympics/olympic_games/medals_awarded./olympics/olympic_medal_honor/country /m/07fj_ 0 0 0 0
/m/0blfl /olympics/olympic_games/medals_awarded./olympics/olympic_medal_honor/country /m/07ssc 1 1 0 1
/m/0jdk_ /olympics/olympic_games/medals_awarded./olympics/olympic_medal_honor/country /m/059j2 1 1 0 1
/m/0lbd9 /olympics/olympic_games/medals_awarded./olympics/olympic_medal_honor/country /m/04wgh 0 0 0 0
/m/09n48 /olympics/olympic_games/medals_awarded./olympics/olympic_medal_honor/country /m/0345h 0 1 0 1
/m/0kbws /olympics/olympic_games/medals_awarded./olympics/olympic_medal_honor/country /m/03gj2 0 1 0 1
/m/0jhn7 /olympics/olympic_games/medals_awarded./olympics/olympic_medal_honor/country /m/015qh 0 1 0 1
/m/0l6mp /olympics/olympic_games/medals_awarded./olympics/olympic_medal_honor/country /m/07ssc 1 1 0 1
/m/018qb4 /olympics/olympic_games/medals_awarded./olympics/olympic_medal_honor/country /m/0hzlz 0 1 0 0
/m/01f1kd /olympics/olympic_games/medals_awarded./olympics/olympic_medal_honor/country /m/05vz3zq 0 0 0 0
/m/0sxrz /olympics/olympic_games/medals_awarded./olympics/olympic_medal_honor/country /m/0hzlz 0 1 0 0
/m/01f1jy /olympics/olympic_games/medals_awarded./olympics/olympic_medal_honor/country /m/06mkj 0 0 0 0
/m/09x3r /olympics/olympic_games/medals_awarded./olympics/olympic_medal_honor/country /m/02vzc 0 1 0 0
/m/0kbvb /olympics/olympic_games/medals_awarded./olympics/olympic_medal_honor/country /m/02khs 0 0 0 0
/m/0jdk_ /olympics/olympic_games/medals_awarded./olympics/olympic_medal_honor/country /m/0345h 1 1 0 1
/m/09n48 /olympics/olympic_games/medals_awarded./olympics/olympic_medal_honor/country /m/09c7w0 1 1 1 1
/m/0sx7r /olympics/olympic_games/medals_awarded./olympics/olympic_medal_honor/country /m/03_3d 0 1 0 0
/m/0l998 /olympics/olympic_games/medals_awarded./olympics/olympic_medal_honor/country /m/07ylj 0 0 0 0
/m/01f1jy /olympics/olympic_games/medals_awarded./olympics/olympic_medal_honor/country /m/03f2w 0 0 0 0
/m/0l6ny /olympics/olympic_games/medals_awarded./olympics/olympic_medal_honor/country /m/06f32 0 0 0 0
/m/0kbws /olympics/olympic_games/medals_awarded./olympics/olympic_medal_honor/country /m/06mzp 0 1 0 1
/m/016r9z /olympics/olympic_games/medals_awarded./olympics/olympic_medal_honor/country /m/0h7x 0 1 0 0
/m/0l998 /olympics/olympic_games/medals_awarded./olympics/olympic_medal_honor/country /m/07ssc 1 1 0 1
/m/0l6ny /olympics/olympic_games/medals_awarded./olympics/olympic_medal_honor/country /m/05r7t 0 0 0 0
/m/06sks6 /olympics/olympic_games/medals_awarded./olympics/olympic_medal_honor/country /m/0d0kn 0 1 0 0
/m/0lv1x /olympics/olympic_games/medals_awarded./olympics/olympic_medal_honor/country /m/01p1v 0 0 0 0
/m/0jdk_ /olympics/olympic_games/medals_awarded./olympics/olympic_medal_honor/country /m/0bjv6 0 0 0 0
/m/0l6ny /olympics/olympic_games/medals_awarded./olympics/olympic_medal_honor/country /m/0k6nt 0 1 0 0
/m/0jkvj /olympics/olympic_games/medals_awarded./olympics/olympic_medal_honor/country /m/06mzp 0 1 0 0
/m/0lv1x /olympics/olympic_games/medals_awarded./olympics/olympic_medal_honor/country /m/0jgd 0 1 0 0
/m/0ldqf /olympics/olympic_games/medals_awarded./olympics/olympic_medal_honor/country /m/0hzlz 0 0 0 0
/m/01f1jf /olympics/olympic_games/medals_awarded./olympics/olympic_medal_honor/country /m/05b4w 1 1 0 0
/m/0swff /olympics/olympic_games/medals_awarded./olympics/olympic_medal_honor/country /m/0h7x 0 1 0 0
/m/0swff /olympics/olympic_games/medals_awarded./olympics/olympic_medal_honor/country /m/06t8v 0 0 0 0
/m/0l6mp /olympics/olympic_games/medals_awarded./olympics/olympic_medal_honor/country /m/05vz3zq 0 0 0 0
/m/0kbvb /olympics/olympic_games/medals_awarded./olympics/olympic_medal_honor/country /m/07fj_ 0 0 0 0
/m/0lbd9 /olympics/olympic_games/medals_awarded./olympics/olympic_medal_honor/country /m/019pcs 0 0 0 0
/m/0nbjq /olympics/olympic_games/medals_awarded./olympics/olympic_medal_honor/country /m/0f8l9c 1 1 0 1
/m/0l6ny /olympics/olympic_games/medals_awarded./olympics/olympic_medal_honor/country /m/0154j 0 1 0 0
/m/0l6ny /olympics/olympic_games/medals_awarded./olympics/olympic_medal_honor/country /m/0d0vqn 1 1 0 1
/m/06sks6 /olympics/olympic_games/medals_awarded./olympics/olympic_medal_honor/country /m/07f1x 0 1 0 0
/m/018ctl /olympics/olympic_games/medals_awarded./olympics/olympic_medal_honor/country /m/0d05w3 0 0 0 0
/m/0l998 /olympics/olympic_games/medals_awarded./olympics/olympic_medal_honor/country /m/03_3d 0 1 0 0
/m/0l98s /olympics/olympic_games/medals_awarded./olympics/olympic_medal_honor/country /m/07ssc 1 1 0 1
/m/0l98s /olympics/olympic_games/medals_awarded./olympics/olympic_medal_honor/country /m/087vz 0 0 0 0
