pca confidence count
/m/04fc6c /organization/organization/child./organization/organization_relationship/child /m/073tm9 1 1 1 1
/m/03rwz3 /organization/organization/child./organization/organization_relationship/child /m/06jntd 1 1 0 0
/m/0g1rw /organization/organization/child./organization/organization_relationship/child /m/01f_mw 1 1 1 1
/m/09d5h /organization/organization/child./organization/organization_relationship/child /m/030_1m 1 1 1 1
/m/01_4lx /organization/organization/child./organization/organization_relationship/child /m/07zl6m 1 1 1 1
/m/0sxdg /organization/organization/child./organization/organization_relationship/child /m/06jplb 1 1 0 1
/m/05q78ky /organization/organization/child./organization/organization_relationship/child /m/01yf92 1 1 1 1
/m/01s73z /organization/organization/child./organization/organization_relationship/child /m/02_l39 1 1 0 1
/m/09k0h5 /organization/organization/child./organization/organization_relationship/child /m/02pfymy 1 1 0 0
/m/02bh8z /organization/organization/child./organization/organization_relationship/child /m/041bnw 0 1 0 0
/m/01dtcb /organization/organization/child./organization/organization_relationship/child /m/01clyr 1 1 0 1
/m/0181hw /organization/organization/child./organization/organization_relationship/child /m/016tw3 1 1 1 1
/m/02_l39 /organization/organization/child./organization/organization_relationship/child /m/024rbz 1 1 0 0
/m/0fb0v /organization/organization/child./organization/organization_relationship/child /m/0181hw 1 1 1 1
/m/01n073 /organization/organization/child./organization/organization_relationship/child /m/05925 1 1 0 0
/m/03mdt /organization/organization/child./organization/organization_relationship/child /m/030_1m 1 1 0 1
/m/01dycg /organization/organization/child./organization/organization_relationship/child /m/07rfp 1 1 0 0
/m/01w5m /organization/organization/child./organization/organization_relationship/child /m/095kp 1 1 1 1
/m/0l8sx /organization/organization/child./organization/organization_relationship/child /m/04mkft 0 0 0 0
/m/03xsby /organization/organization/child./organization/organization_relationship/child /m/09mfvx 1 1 0 1
/m/0sxdg /organization/organization/child./organization/organization_relationship/child /m/0f721s 1 1 0 1
std confidence count
/m/04fc6c /organization/organization/child./organization/organization_relationship/child /m/073tm9 1 1 1 1
/m/03rwz3 /organization/organization/child./organization/organization_relationship/child /m/06jntd 1 1 0 1
/m/0g1rw /organization/organization/child./organization/organization_relationship/child /m/01f_mw 1 1 1 1
/m/09d5h /organization/organization/child./organization/organization_relationship/child /m/030_1m 1 1 1 1
/m/01_4lx /organization/organization/child./organization/organization_relationship/child /m/07zl6m 1 1 1 1
/m/0sxdg /organization/organization/child./organization/organization_relationship/child /m/06jplb 1 1 0 1
/m/05q78ky /organization/organization/child./organization/organization_relationship/child /m/01yf92 1 1 1 1
/m/01s73z /organization/organization/child./organization/organization_relationship/child /m/02_l39 1 1 0 1
/m/09k0h5 /organization/organization/child./organization/organization_relationship/child /m/02pfymy 1 1 0 0
/m/02bh8z /organization/organization/child./organization/organization_relationship/child /m/041bnw 1 1 0 1
/m/01dtcb /organization/organization/child./organization/organization_relationship/child /m/01clyr 1 1 0 1
/m/0181hw /organization/organization/child./organization/organization_relationship/child /m/016tw3 1 1 1 1
/m/02_l39 /organization/organization/child./organization/organization_relationship/child /m/024rbz 1 1 0 1
/m/0fb0v /organization/organization/child./organization/organization_relationship/child /m/0181hw 1 1 1 1
/m/01n073 /organization/organization/child./organization/organization_relationship/child /m/05925 1 1 1 1
/m/03mdt /organization/organization/child./organization/organization_relationship/child /m/030_1m 1 1 0 1
/m/01dycg /organization/organization/child./organization/organization_relationship/child /m/07rfp 1 1 1 1
/m/01w5m /organization/organization/child./organization/organization_relationship/child /m/095kp 1 1 1 1
/m/0l8sx /organization/organization/child./organization/organization_relationship/child /m/04mkft 0 1 0 0
/m/03xsby /organization/organization/child./organization/organization_relationship/child /m/09mfvx 1 1 0 1
/m/0sxdg /organization/organization/child./organization/organization_relationship/child /m/0f721s 1 1 0 1
pca confidence sum
/m/04fc6c /organization/organization/child./organization/organization_relationship/child /m/073tm9 1 1 1 1
/m/03rwz3 /organization/organization/child./organization/organization_relationship/child /m/06jntd 1 1 0 0
/m/0g1rw /organization/organization/child./organization/organization_relationship/child /m/01f_mw 1 1 0 0
/m/09d5h /organization/organization/child./organization/organization_relationship/child /m/030_1m 1 1 0 0
/m/01_4lx /organization/organization/child./organization/organization_relationship/child /m/07zl6m 1 1 0 0
/m/0sxdg /organization/organization/child./organization/organization_relationship/child /m/06jplb 1 1 0 1
/m/05q78ky /organization/organization/child./organization/organization_relationship/child /m/01yf92 1 1 1 1
/m/01s73z /organization/organization/child./organization/organization_relationship/child /m/02_l39 1 1 0 0
/m/09k0h5 /organization/organization/child./organization/organization_relationship/child /m/02pfymy 1 1 0 0
/m/02bh8z /organization/organization/child./organization/organization_relationship/child /m/041bnw 0 0 0 0
/m/01dtcb /organization/organization/child./organization/organization_relationship/child /m/01clyr 1 1 0 1
/m/0181hw /organization/organization/child./organization/organization_relationship/child /m/016tw3 1 1 0 0
/m/02_l39 /organization/organization/child./organization/organization_relationship/child /m/024rbz 1 1 0 0
/m/0fb0v /organization/organization/child./organization/organization_relationship/child /m/0181hw 1 1 1 1
/m/01n073 /organization/organization/child./organization/organization_relationship/child /m/05925 1 1 0 0
/m/03mdt /organization/organization/child./organization/organization_relationship/child /m/030_1m 1 1 0 0
/m/01dycg /organization/organization/child./organization/organization_relationship/child /m/07rfp 1 1 0 0
/m/01w5m /organization/organization/child./organization/organization_relationship/child /m/095kp 1 1 1 1
/m/0l8sx /organization/organization/child./organization/organization_relationship/child /m/04mkft 0 0 0 0
/m/03xsby /organization/organization/child./organization/organization_relationship/child /m/09mfvx 1 1 0 0
/m/0sxdg /organization/organization/child./organization/organization_relationship/child /m/0f721s 1 1 0 1
std confidence sum
/m/04fc6c /organization/organization/child./organization/organization_relationship/child /m/073tm9 1 1 1 1
/m/03rwz3 /organization/organization/child./organization/organization_relationship/child /m/06jntd 1 1 0 1
/m/0g1rw /organization/organization/child./organization/organization_relationship/child /m/01f_mw 1 1 1 1
/m/09d5h /organization/organization/child./organization/organization_relationship/child /m/030_1m 1 1 1 1
/m/01_4lx /organization/organization/child./organization/organization_relationship/child /m/07zl6m 1 1 1 1
/m/0sxdg /organization/organization/child./organization/organization_relationship/child /m/06jplb 1 1 0 1
/m/05q78ky /organization/organization/child./organization/organization_relationship/child /m/01yf92 1 1 1 1
/m/01s73z /organization/organization/child./organization/organization_relationship/child /m/02_l39 1 1 0 0
/m/09k0h5 /organization/organization/child./organization/organization_relationship/child /m/02pfymy 1 1 0 0
/m/02bh8z /organization/organization/child./organization/organization_relationship/child /m/041bnw 0 0 0 0
/m/01dtcb /organization/organization/child./organization/organization_relationship/child /m/01clyr 0 1 0 0
/m/0181hw /organization/organization/child./organization/organization_relationship/child /m/016tw3 1 1 1 1
/m/02_l39 /organization/organization/child./organization/organization_relationship/child /m/024rbz 1 1 0 0
/m/0fb0v /organization/organization/child./organization/organization_relationship/child /m/0181hw 1 1 1 1
/m/01n073 /organization/organization/child./organization/organization_relationship/child /m/05925 1 1 1 1
/m/03mdt /organization/organization/child./organization/organization_relationship/child /m/030_1m 1 1 0 0
/m/01dycg /organization/organization/child./organization/organization_relationship/child /m/07rfp 1 1 0 0
/m/01w5m /organization/organization/child./organization/organization_relationship/child /m/095kp 1 1 1 1
/m/0l8sx /organization/organization/child./organization/organization_relationship/child /m/04mkft 0 1 0 0
/m/03xsby /organization/organization/child./organization/organization_relationship/child /m/09mfvx 1 1 0 1
/m/0sxdg /organization/organization/child./organization/organization_relationship/child /m/0f721s 1 1 0 1
