pca confidence count
/m/06c97 /organization/organization_founder/organizations_founded /m/05f4p 1 1 1 1
/m/03rjj /organization/organization_founder/organizations_founded /m/01rz1 1 1 1 1
/m/04fyhv /organization/organization_founder/organizations_founded /m/04f525m 1 1 1 1
/m/04rfq /organization/organization_founder/organizations_founded /m/09xwz 1 1 0 1
/m/01s7qqw /organization/organization_founder/organizations_founded /m/01w5gp 0 0 0 0
/m/04xzm /organization/organization_founder/organizations_founded /m/02189 1 1 0 1
/m/083q7 /organization/organization_founder/organizations_founded /m/04k4l 1 1 0 1
/m/07hyk /organization/organization_founder/organizations_founded /m/0bqc_ 1 1 0 1
/m/0cw10 /organization/organization_founder/organizations_founded /m/02mw6c 1 1 1 1
/m/0424m /organization/organization_founder/organizations_founded /m/0d075m 1 1 0 0
/m/06jz0 /organization/organization_founder/organizations_founded /m/031rq5 1 1 1 1
/m/081nh /organization/organization_founder/organizations_founded /m/09b3v 1 1 1 1
/m/06pj8 /organization/organization_founder/organizations_founded /m/01gb54 1 1 0 0
/m/016732 /organization/organization_founder/organizations_founded /m/05byxm 1 1 0 0
/m/05hj_k /organization/organization_founder/organizations_founded /m/0jz9f 1 1 0 0
/m/025hzx /organization/organization_founder/organizations_founded /m/025hwq 1 1 0 1
std confidence count
/m/06c97 /organization/organization_founder/organizations_founded /m/05f4p 1 1 1 1
/m/03rjj /organization/organization_founder/organizations_founded /m/01rz1 1 1 1 1
/m/04fyhv /organization/organization_founder/organizations_founded /m/04f525m 1 1 1 1
/m/04rfq /organization/organization_founder/organizations_founded /m/09xwz 1 1 0 1
/m/01s7qqw /organization/organization_founder/organizations_founded /m/01w5gp 0 0 0 0
/m/04xzm /organization/organization_founder/organizations_founded /m/02189 1 1 0 1
/m/083q7 /organization/organization_founder/organizations_founded /m/04k4l 1 1 0 1
/m/07hyk /organization/organization_founder/organizations_founded /m/0bqc_ 1 1 1 1
/m/0cw10 /organization/organization_founder/organizations_founded /m/02mw6c 1 1 1 1
/m/0424m /organization/organization_founder/organizations_founded /m/0d075m 1 1 0 1
/m/06jz0 /organization/organization_founder/organizations_founded /m/031rq5 1 1 1 1
/m/081nh /organization/organization_founder/organizations_founded /m/09b3v 1 1 1 1
/m/06pj8 /organization/organization_founder/organizations_founded /m/01gb54 1 1 0 1
/m/016732 /organization/organization_founder/organizations_founded /m/05byxm 1 1 0 0
/m/05hj_k /organization/organization_founder/organizations_founded /m/0jz9f 1 1 0 0
/m/025hzx /organization/organization_founder/organizations_founded /m/025hwq 1 1 0 1
pca confidence sum
/m/06c97 /organization/organization_founder/organizations_founded /m/05f4p 1 1 1 1
/m/03rjj /organization/organization_founder/organizations_founded /m/01rz1 1 1 1 1
/m/04fyhv /organization/organization_founder/organizations_founded /m/04f525m 1 1 0 0
/m/04rfq /organization/organization_founder/organizations_founded /m/09xwz 1 1 0 1
/m/01s7qqw /organization/organization_founder/organizations_founded /m/01w5gp 0 0 0 0
/m/04xzm /organization/organization_founder/organizations_founded /m/02189 1 1 0 1
/m/083q7 /organization/organization_founder/organizations_founded /m/04k4l 1 1 0 0
/m/07hyk /organization/organization_founder/organizations_founded /m/0bqc_ 1 1 0 0
/m/0cw10 /organization/organization_founder/organizations_founded /m/02mw6c 1 1 1 1
/m/0424m /organization/organization_founder/organizations_founded /m/0d075m 1 1 0 0
/m/06jz0 /organization/organization_founder/organizations_founded /m/031rq5 1 1 1 1
/m/081nh /organization/organization_founder/organizations_founded /m/09b3v 1 1 1 1
/m/06pj8 /organization/organization_founder/organizations_founded /m/01gb54 1 1 0 1
/m/016732 /organization/organization_founder/organizations_founded /m/05byxm 1 1 0 0
/m/05hj_k /organization/organization_founder/organizations_founded /m/0jz9f 1 1 0 0
/m/025hzx /organization/organization_founder/organizations_founded /m/025hwq 1 1 0 1
std confidence sum
/m/06c97 /organization/organization_founder/organizations_founded /m/05f4p 1 1 1 1
/m/03rjj /organization/organization_founder/organizations_founded /m/01rz1 1 1 1 1
/m/04fyhv /organization/organization_founder/organizations_founded /m/04f525m 1 1 1 1
/m/04rfq /organization/organization_founder/organizations_founded /m/09xwz 1 1 0 1
/m/01s7qqw /organization/organization_founder/organizations_founded /m/01w5gp 0 0 0 0
/m/04xzm /organization/organization_founder/organizations_founded /m/02189 1 1 0 1
/m/083q7 /organization/organization_founder/organizations_founded /m/04k4l 1 1 0 0
/m/07hyk /organization/organization_founder/organizations_founded /m/0bqc_ 1 1 0 0
/m/0cw10 /organization/organization_founder/organizations_founded /m/02mw6c 1 1 1 1
/m/0424m /organization/organization_founder/organizations_founded /m/0d075m 1 1 0 0
/m/06jz0 /organization/organization_founder/organizations_founded /m/031rq5 1 1 1 1
/m/081nh /organization/organization_founder/organizations_founded /m/09b3v 1 1 1 1
/m/06pj8 /organization/organization_founder/organizations_founded /m/01gb54 1 1 0 1
/m/016732 /organization/organization_founder/organizations_founded /m/05byxm 1 1 0 0
/m/05hj_k /organization/organization_founder/organizations_founded /m/0jz9f 1 1 0 0
/m/025hzx /organization/organization_founder/organizations_founded /m/025hwq 1 1 0 0
