pca confidence count
/m/0dq_5 /organization/role/leaders./organization/leadership/person /m/01s7z0 0 0 0 0
/m/060c4 /organization/role/leaders./organization/leadership/person /m/0xnc3 0 0 0 0
/m/0dq_5 /organization/role/leaders./organization/leadership/person /m/01vsgrn 1 1 0 0
/m/0dq_5 /organization/role/leaders./organization/leadership/person /m/021yw7 0 0 0 0
std confidence count
/m/0dq_5 /organization/role/leaders./organization/leadership/person /m/01s7z0 0 1 0 1
/m/060c4 /organization/role/leaders./organization/leadership/person /m/0xnc3 1 1 1 1
/m/0dq_5 /organization/role/leaders./organization/leadership/person /m/01vsgrn 1 1 0 1
/m/0dq_5 /organization/role/leaders./organization/leadership/person /m/021yw7 0 1 0 1
pca confidence sum
/m/0dq_5 /organization/role/leaders./organization/leadership/person /m/01s7z0 0 0 0 0
/m/060c4 /organization/role/leaders./organization/leadership/person /m/0xnc3 0 0 0 0
/m/0dq_5 /organization/role/leaders./organization/leadership/person /m/01vsgrn 1 1 0 0
/m/0dq_5 /organization/role/leaders./organization/leadership/person /m/021yw7 0 0 0 0
std confidence sum
/m/0dq_5 /organization/role/leaders./organization/leadership/person /m/01s7z0 0 1 0 0
/m/060c4 /organization/role/leaders./organization/leadership/person /m/0xnc3 1 1 1 1
/m/0dq_5 /organization/role/leaders./organization/leadership/person /m/01vsgrn 1 1 0 0
/m/0dq_5 /organization/role/leaders./organization/leadership/person /m/021yw7 0 0 0 0
