pca confidence count
/m/012w3 /people/appointed_role/appointment./people/appointment/appointed_by /m/034rd 0 1 0 1
/m/012w3 /people/appointed_role/appointment./people/appointment/appointed_by /m/0c_md_ 0 1 0 1
/m/012w3 /people/appointed_role/appointment./people/appointment/appointed_by /m/0f7fy 0 1 0 1
/m/07vsl /people/appointed_role/appointment./people/appointment/appointed_by /m/02mjmr 1 1 0 0
/m/012w3 /people/appointed_role/appointment./people/appointment/appointed_by /m/038w8 0 1 0 0
/m/012w3 /people/appointed_role/appointment./people/appointment/appointed_by /m/0rlz 0 1 0 1
/m/012w3 /people/appointed_role/appointment./people/appointment/appointed_by /m/07hyk 1 1 0 1
/m/012w3 /people/appointed_role/appointment./people/appointment/appointed_by /m/083p7 0 1 0 1
/m/012w3 /people/appointed_role/appointment./people/appointment/appointed_by /m/06c0j 0 1 0 1
std confidence count
/m/012w3 /people/appointed_role/appointment./people/appointment/appointed_by /m/034rd 0 1 0 0
/m/012w3 /people/appointed_role/appointment./people/appointment/appointed_by /m/0c_md_ 0 1 0 0
/m/012w3 /people/appointed_role/appointment./people/appointment/appointed_by /m/0f7fy 0 1 0 0
/m/07vsl /people/appointed_role/appointment./people/appointment/appointed_by /m/02mjmr 1 1 1 1
/m/012w3 /people/appointed_role/appointment./people/appointment/appointed_by /m/038w8 0 1 0 0
/m/012w3 /people/appointed_role/appointment./people/appointment/appointed_by /m/0rlz 0 1 0 0
/m/012w3 /people/appointed_role/appointment./people/appointment/appointed_by /m/07hyk 0 1 0 0
/m/012w3 /people/appointed_role/appointment./people/appointment/appointed_by /m/083p7 0 1 0 0
/m/012w3 /people/appointed_role/appointment./people/appointment/appointed_by /m/06c0j 0 1 0 0
pca confidence sum
/m/012w3 /people/appointed_role/appointment./people/appointment/appointed_by /m/034rd 0 1 0 1
/m/012w3 /people/appointed_role/appointment./people/appointment/appointed_by /m/0c_md_ 0 1 0 1
/m/012w3 /people/appointed_role/appointment./people/appointment/appointed_by /m/0f7fy 0 1 0 1
/m/07vsl /people/appointed_role/appointment./people/appointment/appointed_by /m/02mjmr 1 1 0 0
/m/012w3 /people/appointed_role/appointment./people/appointment/appointed_by /m/038w8 0 1 0 0
/m/012w3 /people/appointed_role/appointment./people/appointment/appointed_by /m/0rlz 0 1 0 1
/m/012w3 /people/appointed_role/appointment./people/appointment/appointed_by /m/07hyk 0 1 0 1
/m/012w3 /people/appointed_role/appointment./people/appointment/appointed_by /m/083p7 0 1 0 1
/m/012w3 /people/appointed_role/appointment./people/appointment/appointed_by /m/06c0j 0 1 0 1
std confidence sum
/m/012w3 /people/appointed_role/appointment./people/appointment/appointed_by /m/034rd 0 1 0 1
/m/012w3 /people/appointed_role/appointment./people/appointment/appointed_by /m/0c_md_ 0 1 0 1
/m/012w3 /people/appointed_role/appointment./people/appointment/appointed_by /m/0f7fy 0 1 0 0
/m/07vsl /people/appointed_role/appointment./people/appointment/appointed_by /m/02mjmr 1 1 1 1
/m/012w3 /people/appointed_role/appointment./people/appointment/appointed_by /m/038w8 0 1 0 0
/m/012w3 /people/appointed_role/appointment./people/appointment/appointed_by /m/0rlz 0 1 0 1
/m/012w3 /people/appointed_role/appointment./people/appointment/appointed_by /m/07hyk 0 1 0 1
/m/012w3 /people/appointed_role/appointment./people/appointment/appointed_by /m/083p7 1 1 0 1
/m/012w3 /people/appointed_role/appointment./people/appointment/appointed_by /m/06c0j 0 1 0 1
