pca confidence count
/m/0c7g7 /protected_sites/natural_or_cultural_site_designation/sites./protected_sites/natural_or_cultural_site_listing/listed_site /m/07ytt 0 0 0 0
/m/0c7g7 /protected_sites/natural_or_cultural_site_designation/sites./protected_sites/natural_or_cultural_site_listing/listed_site /m/095w_ 0 0 0 0
/m/0h52w /protected_sites/natural_or_cultural_site_designation/sites./protected_sites/natural_or_cultural_site_listing/listed_site /m/0269kx 0 0 0 0
/m/0c7g7 /protected_sites/natural_or_cultural_site_designation/sites./protected_sites/natural_or_cultural_site_listing/listed_site /m/0d1yn 0 0 0 0
/m/0c7g7 /protected_sites/natural_or_cultural_site_designation/sites./protected_sites/natural_or_cultural_site_listing/listed_site /m/02gjp 0 0 0 0
/m/0c7g7 /protected_sites/natural_or_cultural_site_designation/sites./protected_sites/natural_or_cultural_site_listing/listed_site /m/09b93 0 0 0 0
/m/0c7g7 /protected_sites/natural_or_cultural_site_designation/sites./protected_sites/natural_or_cultural_site_listing/listed_site /m/0fr_b 0 0 0 0
std confidence count
/m/0c7g7 /protected_sites/natural_or_cultural_site_designation/sites./protected_sites/natural_or_cultural_site_listing/listed_site /m/07ytt 0 0 0 0
/m/0c7g7 /protected_sites/natural_or_cultural_site_designation/sites./protected_sites/natural_or_cultural_site_listing/listed_site /m/095w_ 0 1 0 1
/m/0h52w /protected_sites/natural_or_cultural_site_designation/sites./protected_sites/natural_or_cultural_site_listing/listed_site /m/0269kx 0 1 0 1
/m/0c7g7 /protected_sites/natural_or_cultural_site_designation/sites./protected_sites/natural_or_cultural_site_listing/listed_site /m/0d1yn 0 0 0 0
/m/0c7g7 /protected_sites/natural_or_cultural_site_designation/sites./protected_sites/natural_or_cultural_site_listing/listed_site /m/02gjp 0 1 0 1
/m/0c7g7 /protected_sites/natural_or_cultural_site_designation/sites./protected_sites/natural_or_cultural_site_listing/listed_site /m/09b93 0 1 0 1
/m/0c7g7 /protected_sites/natural_or_cultural_site_designation/sites./protected_sites/natural_or_cultural_site_listing/listed_site /m/0fr_b 0 1 0 1
pca confidence sum
/m/0c7g7 /protected_sites/natural_or_cultural_site_designation/sites./protected_sites/natural_or_cultural_site_listing/listed_site /m/07ytt 0 0 0 0
/m/0c7g7 /protected_sites/natural_or_cultural_site_designation/sites./protected_sites/natural_or_cultural_site_listing/listed_site /m/095w_ 0 0 0 0
/m/0h52w /protected_sites/natural_or_cultural_site_designation/sites./protected_sites/natural_or_cultural_site_listing/listed_site /m/0269kx 0 0 0 0
/m/0c7g7 /protected_sites/natural_or_cultural_site_designation/sites./protected_sites/natural_or_cultural_site_listing/listed_site /m/0d1yn 0 0 0 0
/m/0c7g7 /protected_sites/natural_or_cultural_site_designation/sites./protected_sites/natural_or_cultural_site_listing/listed_site /m/02gjp 0 0 0 0
/m/0c7g7 /protected_sites/natural_or_cultural_site_designation/sites./protected_sites/natural_or_cultural_site_listing/listed_site /m/09b93 0 0 0 0
/m/0c7g7 /protected_sites/natural_or_cultural_site_designation/sites./protected_sites/natural_or_cultural_site_listing/listed_site /m/0fr_b 0 0 0 0
std confidence sum
/m/0c7g7 /protected_sites/natural_or_cultural_site_designation/sites./protected_sites/natural_or_cultural_site_listing/listed_site /m/07ytt 0 0 0 0
/m/0c7g7 /protected_sites/natural_or_cultural_site_designation/sites./protected_sites/natural_or_cultural_site_listing/listed_site /m/095w_ 0 1 0 0
/m/0h52w /protected_sites/natural_or_cultural_site_designation/sites./protected_sites/natural_or_cultural_site_listing/listed_site /m/0269kx 0 1 0 1
/m/0c7g7 /protected_sites/natural_or_cultural_site_designation/sites./protected_sites/natural_or_cultural_site_listing/listed_site /m/0d1yn 0 0 0 0
/m/0c7g7 /protected_sites/natural_or_cultural_site_designation/sites./protected_sites/natural_or_cultural_site_listing/listed_site /m/02gjp 0 1 0 0
/m/0c7g7 /protected_sites/natural_or_cultural_site_designation/sites./protected_sites/natural_or_cultural_site_listing/listed_site /m/09b93 0 1 0 0
/m/0c7g7 /protected_sites/natural_or_cultural_site_designation/sites./protected_sites/natural_or_cultural_site_listing/listed_site /m/0fr_b 0 1 0 0
