pca confidence count
/m/03zv9 /soccer/football_league/teams./soccer/football_league_participation/team /m/04_bfq 1 1 0 0
/m/0356lc /soccer/football_league/teams./soccer/football_league_participation/team /m/04n8xs 1 1 0 0
/m/03zv9 /soccer/football_league/teams./soccer/football_league_participation/team /m/045xx 1 1 0 0
/m/0355pl /soccer/football_league/teams./soccer/football_league_participation/team /m/01x4wq 0 1 0 0
/m/0355pl /soccer/football_league/teams./soccer/football_league_participation/team /m/0284h6 1 1 0 0
/m/03zv9 /soccer/football_league/teams./soccer/football_league_participation/team /m/03x6m 1 1 0 1
/m/0356lc /soccer/football_league/teams./soccer/football_league_participation/team /m/0449sw 1 1 0 1
/m/03zv9 /soccer/football_league/teams./soccer/football_league_participation/team /m/07r78j 0 1 0 0
std confidence count
/m/03zv9 /soccer/football_league/teams./soccer/football_league_participation/team /m/04_bfq 1 1 0 1
/m/0356lc /soccer/football_league/teams./soccer/football_league_participation/team /m/04n8xs 0 1 0 1
/m/03zv9 /soccer/football_league/teams./soccer/football_league_participation/team /m/045xx 1 1 0 1
/m/0355pl /soccer/football_league/teams./soccer/football_league_participation/team /m/01x4wq 1 1 0 1
/m/0355pl /soccer/football_league/teams./soccer/football_league_participation/team /m/0284h6 1 1 0 1
/m/03zv9 /soccer/football_league/teams./soccer/football_league_participation/team /m/03x6m 1 1 0 1
/m/0356lc /soccer/football_league/teams./soccer/football_league_participation/team /m/0449sw 1 1 0 1
/m/03zv9 /soccer/football_league/teams./soccer/football_league_participation/team /m/07r78j 0 1 0 1
pca confidence sum
/m/03zv9 /soccer/football_league/teams./soccer/football_league_participation/team /m/04_bfq 0 1 0 0
/m/0356lc /soccer/football_league/teams./soccer/football_league_participation/team /m/04n8xs 0 1 0 0
/m/03zv9 /soccer/football_league/teams./soccer/football_league_participation/team /m/045xx 0 1 0 0
/m/0355pl /soccer/football_league/teams./soccer/football_league_participation/team /m/01x4wq 0 1 0 0
/m/0355pl /soccer/football_league/teams./soccer/football_league_participation/team /m/0284h6 0 1 0 0
/m/03zv9 /soccer/football_league/teams./soccer/football_league_participation/team /m/03x6m 1 1 0 1
/m/0356lc /soccer/football_league/teams./soccer/football_league_participation/team /m/0449sw 1 1 0 1
/m/03zv9 /soccer/football_league/teams./soccer/football_league_participation/team /m/07r78j 0 1 0 0
std confidence sum
/m/03zv9 /soccer/football_league/teams./soccer/football_league_participation/team /m/04_bfq 0 1 0 0
/m/0356lc /soccer/football_league/teams./soccer/football_league_participation/team /m/04n8xs 0 1 0 1
/m/03zv9 /soccer/football_league/teams./soccer/football_league_participation/team /m/045xx 0 1 0 0
/m/0355pl /soccer/football_league/teams./soccer/football_league_participation/team /m/01x4wq 0 1 0 0
/m/0355pl /soccer/football_league/teams./soccer/football_league_participation/team /m/0284h6 0 1 0 0
/m/03zv9 /soccer/football_league/teams./soccer/football_league_participation/team /m/03x6m 1 1 0 1
/m/0356lc /soccer/football_league/teams./soccer/football_league_participation/team /m/0449sw 1 1 0 1
/m/03zv9 /soccer/football_league/teams./soccer/football_league_participation/team /m/07r78j 1 1 0 1
