pca confidence count
/m/02nzb8 /soccer/football_position/players /m/02qny_ 0 0 0 0
/m/02nzb8 /soccer/football_position/players /m/0f1pyf 0 1 0 0
/m/02sdk9v /soccer/football_position/players /m/06yj20 0 0 0 0
/m/02nzb8 /soccer/football_position/players /m/026n047 0 0 0 0
/m/02sdk9v /soccer/football_position/players /m/06qjgc 0 1 0 0
/m/02nzb8 /soccer/football_position/players /m/0c2rr7 0 1 0 0
/m/0dgrmp /soccer/football_position/players /m/04v68c 1 1 0 1
/m/02nzb8 /soccer/football_position/players /m/02y9ln 0 0 0 0
/m/02sdk9v /soccer/football_position/players /m/07zr66 1 1 0 1
std confidence count
/m/02nzb8 /soccer/football_position/players /m/02qny_ 0 1 0 1
/m/02nzb8 /soccer/football_position/players /m/0f1pyf 0 1 0 1
/m/02sdk9v /soccer/football_position/players /m/06yj20 0 1 0 0
/m/02nzb8 /soccer/football_position/players /m/026n047 0 1 0 1
/m/02sdk9v /soccer/football_position/players /m/06qjgc 0 1 0 1
/m/02nzb8 /soccer/football_position/players /m/0c2rr7 0 1 0 1
/m/0dgrmp /soccer/football_position/players /m/04v68c 1 1 0 1
/m/02nzb8 /soccer/football_position/players /m/02y9ln 0 1 0 1
/m/02sdk9v /soccer/football_position/players /m/07zr66 0 1 0 1
pca confidence sum
/m/02nzb8 /soccer/football_position/players /m/02qny_ 0 1 0 0
/m/02nzb8 /soccer/football_position/players /m/0f1pyf 0 1 0 1
/m/02sdk9v /soccer/football_position/players /m/06yj20 0 0 0 0
/m/02nzb8 /soccer/football_position/players /m/026n047 0 1 0 1
/m/02sdk9v /soccer/football_position/players /m/06qjgc 0 1 0 0
/m/02nzb8 /soccer/football_position/players /m/0c2rr7 0 1 0 1
/m/0dgrmp /soccer/football_position/players /m/04v68c 1 1 0 1
/m/02nzb8 /soccer/football_position/players /m/02y9ln 0 1 0 1
/m/02sdk9v /soccer/football_position/players /m/07zr66 0 1 0 1
std confidence sum
/m/02nzb8 /soccer/football_position/players /m/02qny_ 0 1 0 1
/m/02nzb8 /soccer/football_position/players /m/0f1pyf 0 1 0 1
/m/02sdk9v /soccer/football_position/players /m/06yj20 0 0 0 0
/m/02nzb8 /soccer/football_position/players /m/026n047 0 1 0 1
/m/02sdk9v /soccer/football_position/players /m/06qjgc 0 1 0 0
/m/02nzb8 /soccer/football_position/players /m/0c2rr7 0 1 0 1
/m/0dgrmp /soccer/football_position/players /m/04v68c 1 1 0 1
/m/02nzb8 /soccer/football_position/players /m/02y9ln 0 1 0 1
/m/02sdk9v /soccer/football_position/players /m/07zr66 0 1 0 1
