pca confidence count
/m/06s27s /sports/pro_athlete/teams./baseball/baseball_historical_roster_position/team /m/0x0d 1 1 1 1
/m/0f2zc /sports/pro_athlete/teams./baseball/baseball_historical_roster_position/team /m/01ypc 1 1 1 1
/m/03n69x /sports/pro_athlete/teams./baseball/baseball_historical_roster_position/team /m/0713r 1 1 0 1
/m/06s27s /sports/pro_athlete/teams./baseball/baseball_historical_roster_position/team /m/051wf 1 1 0 1
std confidence count
/m/06s27s /sports/pro_athlete/teams./baseball/baseball_historical_roster_position/team /m/0x0d 1 1 1 1
/m/0f2zc /sports/pro_athlete/teams./baseball/baseball_historical_roster_position/team /m/01ypc 1 1 1 1
/m/03n69x /sports/pro_athlete/teams./baseball/baseball_historical_roster_position/team /m/0713r 1 1 0 1
/m/06s27s /sports/pro_athlete/teams./baseball/baseball_historical_roster_position/team /m/051wf 1 1 0 1
pca confidence sum
/m/06s27s /sports/pro_athlete/teams./baseball/baseball_historical_roster_position/team /m/0x0d 1 1 1 1
/m/0f2zc /sports/pro_athlete/teams./baseball/baseball_historical_roster_position/team /m/01ypc 1 1 1 1
/m/03n69x /sports/pro_athlete/teams./baseball/baseball_historical_roster_position/team /m/0713r 1 1 0 1
/m/06s27s /sports/pro_athlete/teams./baseball/baseball_historical_roster_position/team /m/051wf 1 1 0 1
std confidence sum
/m/06s27s /sports/pro_athlete/teams./baseball/baseball_historical_roster_position/team /m/0x0d 1 1 1 1
/m/0f2zc /sports/pro_athlete/teams./baseball/baseball_historical_roster_position/team /m/01ypc 1 1 1 1
/m/03n69x /sports/pro_athlete/teams./baseball/baseball_historical_roster_position/team /m/0713r 1 1 0 1
/m/06s27s /sports/pro_athlete/teams./baseball/baseball_historical_roster_position/team /m/051wf 1 1 0 1
