pca confidence count
/m/02sg4b /sports/sports_position/players./baseball/baseball_roster_position/team /m/07l4z 1 1 0 1
/m/02lyr4 /sports/sports_position/players./baseball/baseball_roster_position/team /m/04c9bn 0 0 0 0
/m/02rsl1 /sports/sports_position/players./baseball/baseball_roster_position/team /m/049n7 1 1 0 1
/m/017drs /sports/sports_position/players./baseball/baseball_roster_position/team /m/01d6g 1 1 0 1
/m/02lyr4 /sports/sports_position/players./baseball/baseball_roster_position/team /m/07l8f 0 0 0 0
/m/02wszf /sports/sports_position/players./baseball/baseball_roster_position/team /m/0132_h 0 0 0 0
/m/049k4w /sports/sports_position/players./baseball/baseball_roster_position/team /m/07l8x 1 1 0 1
/m/02lyr4 /sports/sports_position/players./baseball/baseball_roster_position/team /m/01yhm 0 0 0 0
/m/02wszf /sports/sports_position/players./baseball/baseball_roster_position/team /m/04913k 0 0 0 0
/m/02rsl1 /sports/sports_position/players./baseball/baseball_roster_position/team /m/07l8x 1 1 0 1
/m/02rsl1 /sports/sports_position/players./baseball/baseball_roster_position/team /m/01ypc 1 1 0 1
/m/02dwpf /sports/sports_position/players./baseball/baseball_roster_position/team /m/0713r 1 1 0 1
/m/02dwpf /sports/sports_position/players./baseball/baseball_roster_position/team /m/0x2p 1 1 0 1
/m/01z9v6 /sports/sports_position/players./baseball/baseball_roster_position/team /m/06x68 0 0 0 0
/m/02lyr4 /sports/sports_position/players./baseball/baseball_roster_position/team /m/01ync 0 0 0 0
/m/02wszf /sports/sports_position/players./baseball/baseball_roster_position/team /m/0cqt41 0 0 0 0
/m/028c_8 /sports/sports_position/players./baseball/baseball_roster_position/team /m/03qrh9 0 0 0 0
/m/017drs /sports/sports_position/players./baseball/baseball_roster_position/team /m/07l8x 1 1 0 1
/m/02lyr4 /sports/sports_position/players./baseball/baseball_roster_position/team /m/07147 0 0 0 0
/m/02rsl1 /sports/sports_position/players./baseball/baseball_roster_position/team /m/0713r 1 1 0 1
/m/01z9v6 /sports/sports_position/players./baseball/baseball_roster_position/team /m/05xvj 0 0 0 0
/m/02wszf /sports/sports_position/players./baseball/baseball_roster_position/team /m/05m_8 0 0 0 0
/m/02s7tr /sports/sports_position/players./baseball/baseball_roster_position/team /m/0713r 0 1 0 0
/m/01z9v6 /sports/sports_position/players./baseball/baseball_roster_position/team /m/0x0d 0 0 0 0
/m/01z9v6 /sports/sports_position/players./baseball/baseball_roster_position/team /m/01v3x8 0 0 0 0
std confidence count
/m/02sg4b /sports/sports_position/players./baseball/baseball_roster_position/team /m/07l4z 1 1 0 1
/m/02lyr4 /sports/sports_position/players./baseball/baseball_roster_position/team /m/04c9bn 0 1 0 1
/m/02rsl1 /sports/sports_position/players./baseball/baseball_roster_position/team /m/049n7 1 1 0 1
/m/017drs /sports/sports_position/players./baseball/baseball_roster_position/team /m/01d6g 1 1 0 1
/m/02lyr4 /sports/sports_position/players./baseball/baseball_roster_position/team /m/07l8f 0 1 0 1
/m/02wszf /sports/sports_position/players./baseball/baseball_roster_position/team /m/0132_h 0 1 0 0
/m/049k4w /sports/sports_position/players./baseball/baseball_roster_position/team /m/07l8x 1 1 0 1
/m/02lyr4 /sports/sports_position/players./baseball/baseball_roster_position/team /m/01yhm 0 1 0 1
/m/02wszf /sports/sports_position/players./baseball/baseball_roster_position/team /m/04913k 0 1 0 0
/m/02rsl1 /sports/sports_position/players./baseball/baseball_roster_position/team /m/07l8x 1 1 0 1
/m/02rsl1 /sports/sports_position/players./baseball/baseball_roster_position/team /m/01ypc 1 1 0 1
/m/02dwpf /sports/sports_position/players./baseball/baseball_roster_position/team /m/0713r 1 1 0 1
/m/02dwpf /sports/sports_position/players./baseball/baseball_roster_position/team /m/0x2p 1 1 0 1
/m/01z9v6 /sports/sports_position/players./baseball/baseball_roster_position/team /m/06x68 0 1 0 1
/m/02lyr4 /sports/sports_position/players./baseball/baseball_roster_position/team /m/01ync 0 1 0 1
/m/02wszf /sports/sports_position/players./baseball/baseball_roster_position/team /m/0cqt41 0 1 0 0
/m/028c_8 /sports/sports_position/players./baseball/baseball_roster_position/team /m/03qrh9 0 1 0 1
/m/017drs /sports/sports_position/players./baseball/baseball_roster_position/team /m/07l8x 1 1 0 1
/m/02lyr4 /sports/sports_position/players./baseball/baseball_roster_position/team /m/07147 0 1 0 1
/m/02rsl1 /sports/sports_position/players./baseball/baseball_roster_position/team /m/0713r 1 1 0 1
/m/01z9v6 /sports/sports_position/players./baseball/baseball_roster_position/team /m/05xvj 0 1 0 1
/m/02wszf /sports/sports_position/players./baseball/baseball_roster_position/team /m/05m_8 0 1 0 0
/m/02s7tr /sports/sports_position/players./baseball/baseball_roster_position/team /m/0713r 1 1 0 1
/m/01z9v6 /sports/sports_position/players./baseball/baseball_roster_position/team /m/0x0d 0 1 0 1
/m/01z9v6 /sports/sports_position/players./baseball/baseball_roster_position/team /m/01v3x8 0 1 0 1
pca confidence sum
/m/02sg4b /sports/sports_position/players./baseball/baseball_roster_position/team /m/07l4z 1 1 0 1
/m/02lyr4 /sports/sports_position/players./baseball/baseball_roster_position/team /m/04c9bn 0 1 0 0
/m/02rsl1 /sports/sports_position/players./baseball/baseball_roster_position/team /m/049n7 1 1 0 1
/m/017drs /sports/sports_position/players./baseball/baseball_roster_position/team /m/01d6g 1 1 0 1
/m/02lyr4 /sports/sports_position/players./baseball/baseball_roster_position/team /m/07l8f 0 1 0 1
/m/02wszf /sports/sports_position/players./baseball/baseball_roster_position/team /m/0132_h 0 1 0 0
/m/049k4w /sports/sports_position/players./baseball/baseball_roster_position/team /m/07l8x 1 1 0 1
/m/02lyr4 /sports/sports_position/players./baseball/baseball_roster_position/team /m/01yhm 0 1 0 1
/m/02wszf /sports/sports_position/players./baseball/baseball_roster_position/team /m/04913k 0 1 0 1
/m/02rsl1 /sports/sports_position/players./baseball/baseball_roster_position/team /m/07l8x 1 1 0 1
/m/02rsl1 /sports/sports_position/players./baseball/baseball_roster_position/team /m/01ypc 1 1 0 1
/m/02dwpf /sports/sports_position/players./baseball/baseball_roster_position/team /m/0713r 1 1 0 1
/m/02dwpf /sports/sports_position/players./baseball/baseball_roster_position/team /m/0x2p 1 1 0 1
/m/01z9v6 /sports/sports_position/players./baseball/baseball_roster_position/team /m/06x68 0 1 0 1
/m/02lyr4 /sports/sports_position/players./baseball/baseball_roster_position/team /m/01ync 0 1 0 1
/m/02wszf /sports/sports_position/players./baseball/baseball_roster_position/team /m/0cqt41 1 1 0 1
/m/028c_8 /sports/sports_position/players./baseball/baseball_roster_position/team /m/03qrh9 0 1 0 0
/m/017drs /sports/sports_position/players./baseball/baseball_roster_position/team /m/07l8x 1 1 0 1
/m/02lyr4 /sports/sports_position/players./baseball/baseball_roster_position/team /m/07147 0 1 0 1
/m/02rsl1 /sports/sports_position/players./baseball/baseball_roster_position/team /m/0713r 1 1 0 1
/m/01z9v6 /sports/sports_position/players./baseball/baseball_roster_position/team /m/05xvj 0 1 0 1
/m/02wszf /sports/sports_position/players./baseball/baseball_roster_position/team /m/05m_8 0 1 0 1
/m/02s7tr /sports/sports_position/players./baseball/baseball_roster_position/team /m/0713r 1 1 0 0
/m/01z9v6 /sports/sports_position/players./baseball/baseball_roster_position/team /m/0x0d 0 1 0 1
/m/01z9v6 /sports/sports_position/players./baseball/baseball_roster_position/team /m/01v3x8 0 1 0 0
std confidence sum
/m/02sg4b /sports/sports_position/players./baseball/baseball_roster_position/team /m/07l4z 1 1 0 1
/m/02lyr4 /sports/sports_position/players./baseball/baseball_roster_position/team /m/04c9bn 0 1 0 1
/m/02rsl1 /sports/sports_position/players./baseball/baseball_roster_position/team /m/049n7 1 1 0 1
/m/017drs /sports/sports_position/players./baseball/baseball_roster_position/team /m/01d6g 1 1 0 1
/m/02lyr4 /sports/sports_position/players./baseball/baseball_roster_position/team /m/07l8f 0 1 0 1
/m/02wszf /sports/sports_position/players./baseball/baseball_roster_position/team /m/0132_h 0 1 0 1
/m/049k4w /sports/sports_position/players./baseball/baseball_roster_position/team /m/07l8x 1 1 0 1
/m/02lyr4 /sports/sports_position/players./baseball/baseball_roster_position/team /m/01yhm 0 1 0 1
/m/02wszf /sports/sports_position/players./baseball/baseball_roster_position/team /m/04913k 0 1 0 1
/m/02rsl1 /sports/sports_position/players./baseball/baseball_roster_position/team /m/07l8x 1 1 0 1
/m/02rsl1 /sports/sports_position/players./baseball/baseball_roster_position/team /m/01ypc 1 1 0 1
/m/02dwpf /sports/sports_position/players./baseball/baseball_roster_position/team /m/0713r 1 1 0 1
/m/02dwpf /sports/sports_position/players./baseball/baseball_roster_position/team /m/0x2p 1 1 0 1
/m/01z9v6 /sports/sports_position/players./baseball/baseball_roster_position/team /m/06x68 0 1 0 1
/m/02lyr4 /sports/sports_position/players./baseball/baseball_roster_position/team /m/01ync 0 1 0 1
/m/02wszf /sports/sports_position/players./baseball/baseball_roster_position/team /m/0cqt41 1 1 0 1
/m/028c_8 /sports/sports_position/players./baseball/baseball_roster_position/team /m/03qrh9 0 1 0 1
/m/017drs /sports/sports_position/players./baseball/baseball_roster_position/team /m/07l8x 1 1 0 1
/m/02lyr4 /sports/sports_position/players./baseball/baseball_roster_position/team /m/07147 0 1 0 1
/m/02rsl1 /sports/sports_position/players./baseball/baseball_roster_position/team /m/0713r 1 1 0 1
/m/01z9v6 /sports/sports_position/players./baseball/baseball_roster_position/team /m/05xvj 0 1 0 1
/m/02wszf /sports/sports_position/players./baseball/baseball_roster_position/team /m/05m_8 0 1 0 1
/m/02s7tr /sports/sports_position/players./baseball/baseball_roster_position/team /m/0713r 1 1 0 0
/m/01z9v6 /sports/sports_position/players./baseball/baseball_roster_position/team /m/0x0d 0 1 0 1
/m/01z9v6 /sports/sports_position/players./baseball/baseball_roster_position/team /m/01v3x8 0 1 0 1
