pca confidence count
/m/02_ssl /sports/sports_position/players./basketball/basketball_roster_position/team /m/0jmdb 0 0 0 0
/m/01pv51 /sports/sports_position/players./basketball/basketball_roster_position/team /m/0jmk7 0 0 0 0
/m/03558l /sports/sports_position/players./basketball/basketball_roster_position/team /m/01k8vh 0 0 0 0
/m/0355dz /sports/sports_position/players./basketball/basketball_roster_position/team /m/0bwjj 0 0 0 0
/m/02sf_r /sports/sports_position/players./basketball/basketball_roster_position/team /m/0jm8l 0 0 0 0
/m/02_ssl /sports/sports_position/players./basketball/basketball_roster_position/team /m/0jmmn 0 0 0 0
/m/02_ssl /sports/sports_position/players./basketball/basketball_roster_position/team /m/0jmh7 0 0 0 0
/m/03558l /sports/sports_position/players./basketball/basketball_roster_position/team /m/0jmk7 0 0 0 0
/m/03558l /sports/sports_position/players./basketball/basketball_roster_position/team /m/02qk2d5 0 0 0 0
/m/0ctt4z /sports/sports_position/players./basketball/basketball_roster_position/team /m/0jmbv 0 1 0 0
/m/0355dz /sports/sports_position/players./basketball/basketball_roster_position/team /m/0jmcv 0 0 0 0
/m/01pv51 /sports/sports_position/players./basketball/basketball_roster_position/team /m/0jmjr 0 0 0 0
/m/02_ssl /sports/sports_position/players./basketball/basketball_roster_position/team /m/02r2qt7 0 0 0 0
/m/03558l /sports/sports_position/players./basketball/basketball_roster_position/team /m/0jm74 0 0 0 0
/m/02sf_r /sports/sports_position/players./basketball/basketball_roster_position/team /m/0jmgb 0 0 0 0
/m/01pv51 /sports/sports_position/players./basketball/basketball_roster_position/team /m/0jm8l 0 0 0 0
/m/01pv51 /sports/sports_position/players./basketball/basketball_roster_position/team /m/0jm64 0 0 0 0
/m/0355dz /sports/sports_position/players./basketball/basketball_roster_position/team /m/0jmmn 0 0 0 0
/m/0355dz /sports/sports_position/players./basketball/basketball_roster_position/team /m/02pzy52 0 0 0 0
/m/01pv51 /sports/sports_position/players./basketball/basketball_roster_position/team /m/02plv57 0 0 0 0
/m/02_ssl /sports/sports_position/players./basketball/basketball_roster_position/team /m/03y9p40 0 0 0 0
/m/02sf_r /sports/sports_position/players./basketball/basketball_roster_position/team /m/01k8vh 0 0 0 0
/m/03558l /sports/sports_position/players./basketball/basketball_roster_position/team /m/0jm5b 0 0 0 0
/m/01pv51 /sports/sports_position/players./basketball/basketball_roster_position/team /m/0bwjj 0 0 0 0
/m/03558l /sports/sports_position/players./basketball/basketball_roster_position/team /m/0jmgb 0 0 0 0
/m/0619m3 /sports/sports_position/players./basketball/basketball_roster_position/team /m/02r2qt7 1 1 0 1
/m/0355dz /sports/sports_position/players./basketball/basketball_roster_position/team /m/0jmdb 0 0 0 0
/m/02_ssl /sports/sports_position/players./basketball/basketball_roster_position/team /m/0jm8l 0 0 0 0
/m/02sf_r /sports/sports_position/players./basketball/basketball_roster_position/team /m/0jm3v 0 0 0 0
/m/02sf_r /sports/sports_position/players./basketball/basketball_roster_position/team /m/0bwjj 0 0 0 0
std confidence count
/m/02_ssl /sports/sports_position/players./basketball/basketball_roster_position/team /m/0jmdb 0 1 0 0
/m/01pv51 /sports/sports_position/players./basketball/basketball_roster_position/team /m/0jmk7 0 1 0 1
/m/03558l /sports/sports_position/players./basketball/basketball_roster_position/team /m/01k8vh 0 1 0 1
/m/0355dz /sports/sports_position/players./basketball/basketball_roster_position/team /m/0bwjj 0 1 0 1
/m/02sf_r /sports/sports_position/players./basketball/basketball_roster_position/team /m/0jm8l 0 1 0 1
/m/02_ssl /sports/sports_position/players./basketball/basketball_roster_position/team /m/0jmmn 0 1 0 1
/m/02_ssl /sports/sports_position/players./basketball/basketball_roster_position/team /m/0jmh7 0 1 0 0
/m/03558l /sports/sports_position/players./basketball/basketball_roster_position/team /m/0jmk7 0 1 0 0
/m/03558l /sports/sports_position/players./basketball/basketball_roster_position/team /m/02qk2d5 0 1 0 0
/m/0ctt4z /sports/sports_position/players./basketball/basketball_roster_position/team /m/0jmbv 0 1 0 1
/m/0355dz /sports/sports_position/players./basketball/basketball_roster_position/team /m/0jmcv 0 1 0 1
/m/01pv51 /sports/sports_position/players./basketball/basketball_roster_position/team /m/0jmjr 0 1 0 1
/m/02_ssl /sports/sports_position/players./basketball/basketball_roster_position/team /m/02r2qt7 0 1 0 1
/m/03558l /sports/sports_position/players./basketball/basketball_roster_position/team /m/0jm74 0 1 0 0
/m/02sf_r /sports/sports_position/players./basketball/basketball_roster_position/team /m/0jmgb 0 1 0 1
/m/01pv51 /sports/sports_position/players./basketball/basketball_roster_position/team /m/0jm8l 0 1 0 1
/m/01pv51 /sports/sports_position/players./basketball/basketball_roster_position/team /m/0jm64 0 1 0 1
/m/0355dz /sports/sports_position/players./basketball/basketball_roster_position/team /m/0jmmn 0 1 0 1
/m/0355dz /sports/sports_position/players./basketball/basketball_roster_position/team /m/02pzy52 0 1 0 1
/m/01pv51 /sports/sports_position/players./basketball/basketball_roster_position/team /m/02plv57 0 1 0 1
/m/02_ssl /sports/sports_position/players./basketball/basketball_roster_position/team /m/03y9p40 0 1 0 0
/m/02sf_r /sports/sports_position/players./basketball/basketball_roster_position/team /m/01k8vh 0 1 0 1
/m/03558l /sports/sports_position/players./basketball/basketball_roster_position/team /m/0jm5b 0 1 0 0
/m/01pv51 /sports/sports_position/players./basketball/basketball_roster_position/team /m/0bwjj 0 1 0 1
/m/03558l /sports/sports_position/players./basketball/basketball_roster_position/team /m/0jmgb 0 1 0 0
/m/0619m3 /sports/sports_position/players./basketball/basketball_roster_position/team /m/02r2qt7 1 1 0 1
/m/0355dz /sports/sports_position/players./basketball/basketball_roster_position/team /m/0jmdb 0 1 0 1
/m/02_ssl /sports/sports_position/players./basketball/basketball_roster_position/team /m/0jm8l 0 1 0 1
/m/02sf_r /sports/sports_position/players./basketball/basketball_roster_position/team /m/0jm3v 0 1 0 1
/m/02sf_r /sports/sports_position/players./basketball/basketball_roster_position/team /m/0bwjj 0 1 0 1
pca confidence sum
/m/02_ssl /sports/sports_position/players./basketball/basketball_roster_position/team /m/0jmdb 0 1 0 1
/m/01pv51 /sports/sports_position/players./basketball/basketball_roster_position/team /m/0jmk7 1 1 1 1
/m/03558l /sports/sports_position/players./basketball/basketball_roster_position/team /m/01k8vh 1 1 0 1
/m/0355dz /sports/sports_position/players./basketball/basketball_roster_position/team /m/0bwjj 0 1 0 0
/m/02sf_r /sports/sports_position/players./basketball/basketball_roster_position/team /m/0jm8l 0 1 0 1
/m/02_ssl /sports/sports_position/players./basketball/basketball_roster_position/team /m/0jmmn 0 1 0 1
/m/02_ssl /sports/sports_position/players./basketball/basketball_roster_position/team /m/0jmh7 0 1 0 1
/m/03558l /sports/sports_position/players./basketball/basketball_roster_position/team /m/0jmk7 1 1 0 1
/m/03558l /sports/sports_position/players./basketball/basketball_roster_position/team /m/02qk2d5 0 1 0 0
/m/0ctt4z /sports/sports_position/players./basketball/basketball_roster_position/team /m/0jmbv 0 1 0 0
/m/0355dz /sports/sports_position/players./basketball/basketball_roster_position/team /m/0jmcv 0 1 0 0
/m/01pv51 /sports/sports_position/players./basketball/basketball_roster_position/team /m/0jmjr 1 1 0 1
/m/02_ssl /sports/sports_position/players./basketball/basketball_roster_position/team /m/02r2qt7 0 1 0 0
/m/03558l /sports/sports_position/players./basketball/basketball_roster_position/team /m/0jm74 0 1 0 1
/m/02sf_r /sports/sports_position/players./basketball/basketball_roster_position/team /m/0jmgb 0 1 0 0
/m/01pv51 /sports/sports_position/players./basketball/basketball_roster_position/team /m/0jm8l 0 1 0 0
/m/01pv51 /sports/sports_position/players./basketball/basketball_roster_position/team /m/0jm64 0 1 0 0
/m/0355dz /sports/sports_position/players./basketball/basketball_roster_position/team /m/0jmmn 0 1 0 0
/m/0355dz /sports/sports_position/players./basketball/basketball_roster_position/team /m/02pzy52 0 1 0 0
/m/01pv51 /sports/sports_position/players./basketball/basketball_roster_position/team /m/02plv57 0 1 0 0
/m/02_ssl /sports/sports_position/players./basketball/basketball_roster_position/team /m/03y9p40 0 1 0 1
/m/02sf_r /sports/sports_position/players./basketball/basketball_roster_position/team /m/01k8vh 1 1 0 1
/m/03558l /sports/sports_position/players./basketball/basketball_roster_position/team /m/0jm5b 0 1 0 1
/m/01pv51 /sports/sports_position/players./basketball/basketball_roster_position/team /m/0bwjj 0 1 0 1
/m/03558l /sports/sports_position/players./basketball/basketball_roster_position/team /m/0jmgb 0 1 0 1
/m/0619m3 /sports/sports_position/players./basketball/basketball_roster_position/team /m/02r2qt7 1 1 0 0
/m/0355dz /sports/sports_position/players./basketball/basketball_roster_position/team /m/0jmdb 1 1 0 1
/m/02_ssl /sports/sports_position/players./basketball/basketball_roster_position/team /m/0jm8l 0 1 0 1
/m/02sf_r /sports/sports_position/players./basketball/basketball_roster_position/team /m/0jm3v 0 1 0 1
/m/02sf_r /sports/sports_position/players./basketball/basketball_roster_position/team /m/0bwjj 0 1 0 1
std confidence sum
/m/02_ssl /sports/sports_position/players./basketball/basketball_roster_position/team /m/0jmdb 0 1 0 1
/m/01pv51 /sports/sports_position/players./basketball/basketball_roster_position/team /m/0jmk7 1 1 1 1
/m/03558l /sports/sports_position/players./basketball/basketball_roster_position/team /m/01k8vh 1 1 0 1
/m/0355dz /sports/sports_position/players./basketball/basketball_roster_position/team /m/0bwjj 0 1 0 0
/m/02sf_r /sports/sports_position/players./basketball/basketball_roster_position/team /m/0jm8l 0 1 0 1
/m/02_ssl /sports/sports_position/players./basketball/basketball_roster_position/team /m/0jmmn 0 1 0 1
/m/02_ssl /sports/sports_position/players./basketball/basketball_roster_position/team /m/0jmh7 0 1 0 1
/m/03558l /sports/sports_position/players./basketball/basketball_roster_position/team /m/0jmk7 1 1 0 1
/m/03558l /sports/sports_position/players./basketball/basketball_roster_position/team /m/02qk2d5 0 1 0 0
/m/0ctt4z /sports/sports_position/players./basketball/basketball_roster_position/team /m/0jmbv 0 1 0 0
/m/0355dz /sports/sports_position/players./basketball/basketball_roster_position/team /m/0jmcv 0 1 0 0
/m/01pv51 /sports/sports_position/players./basketball/basketball_roster_position/team /m/0jmjr 1 1 0 1
/m/02_ssl /sports/sports_position/players./basketball/basketball_roster_position/team /m/02r2qt7 0 1 0 1
/m/03558l /sports/sports_position/players./basketball/basketball_roster_position/team /m/0jm74 0 1 0 1
/m/02sf_r /sports/sports_position/players./basketball/basketball_roster_position/team /m/0jmgb 0 1 0 0
/m/01pv51 /sports/sports_position/players./basketball/basketball_roster_position/team /m/0jm8l 0 1 0 0
/m/01pv51 /sports/sports_position/players./basketball/basketball_roster_position/team /m/0jm64 0 1 0 1
/m/0355dz /sports/sports_position/players./basketball/basketball_roster_position/team /m/0jmmn 0 1 0 0
/m/0355dz /sports/sports_position/players./basketball/basketball_roster_position/team /m/02pzy52 0 1 0 0
/m/01pv51 /sports/sports_position/players./basketball/basketball_roster_position/team /m/02plv57 0 1 0 0
/m/02_ssl /sports/sports_position/players./basketball/basketball_roster_position/team /m/03y9p40 0 1 0 1
/m/02sf_r /sports/sports_position/players./basketball/basketball_roster_position/team /m/01k8vh 1 1 0 1
/m/03558l /sports/sports_position/players./basketball/basketball_roster_position/team /m/0jm5b 0 1 0 1
/m/01pv51 /sports/sports_position/players./basketball/basketball_roster_position/team /m/0bwjj 1 1 0 1
/m/03558l /sports/sports_position/players./basketball/basketball_roster_position/team /m/0jmgb 0 1 0 1
/m/0619m3 /sports/sports_position/players./basketball/basketball_roster_position/team /m/02r2qt7 1 1 0 0
/m/0355dz /sports/sports_position/players./basketball/basketball_roster_position/team /m/0jmdb 1 1 0 1
/m/02_ssl /sports/sports_position/players./basketball/basketball_roster_position/team /m/0jm8l 0 1 0 1
/m/02sf_r /sports/sports_position/players./basketball/basketball_roster_position/team /m/0jm3v 0 1 0 1
/m/02sf_r /sports/sports_position/players./basketball/basketball_roster_position/team /m/0bwjj 0 1 0 1
