pca confidence count
/m/04vn5 /sports/sports_team/roster./american_football/football_historical_roster_position/position_s /m/02g_6j 1 1 0 1
/m/0ws7 /sports/sports_team/roster./american_football/football_historical_roster_position/position_s /m/02g_6j 1 1 0 1
/m/04ls81 /sports/sports_team/roster./american_football/football_historical_roster_position/position_s /m/02g_7z 1 1 0 1
/m/01c_d /sports/sports_team/roster./american_football/football_historical_roster_position/position_s /m/047g8h 0 1 0 0
/m/025v26c /sports/sports_team/roster./american_football/football_historical_roster_position/position_s /m/06b1q 1 1 0 0
/m/051q5 /sports/sports_team/roster./american_football/football_historical_roster_position/position_s /m/01_9c1 1 1 0 1
/m/01y3c /sports/sports_team/roster./american_football/football_historical_roster_position/position_s /m/047g8h 0 1 0 0
/m/0fbq2n /sports/sports_team/roster./american_football/football_historical_roster_position/position_s /m/05b3ts 1 1 0 0
/m/025_64l /sports/sports_team/roster./american_football/football_historical_roster_position/position_s /m/02g_6x 1 1 0 0
/m/05g3b /sports/sports_team/roster./american_football/football_historical_roster_position/position_s /m/02g_6j 1 1 0 1
/m/0fsb_6 /sports/sports_team/roster./american_football/football_historical_roster_position/position_s /m/01snvb 0 1 0 1
/m/01y3c /sports/sports_team/roster./american_football/football_historical_roster_position/position_s /m/023wyl 0 1 0 0
/m/026cmdc /sports/sports_team/roster./american_football/football_historical_roster_position/position_s /m/01r3hr 1 1 0 1
/m/043tz8m /sports/sports_team/roster./american_football/football_historical_roster_position/position_s /m/01snvb 1 1 0 0
/m/02896 /sports/sports_team/roster./american_football/football_historical_roster_position/position_s /m/02g_6x 1 1 0 1
/m/0fgg8c /sports/sports_team/roster./american_football/football_historical_roster_position/position_s /m/06b1q 1 1 0 0
/m/05tfm /sports/sports_team/roster./american_football/football_historical_roster_position/position_s /m/02vkdwz 0 1 0 1
/m/05tfm /sports/sports_team/roster./american_football/football_historical_roster_position/position_s /m/06b1q 0 1 0 1
/m/02vklm3 /sports/sports_team/roster./american_football/football_historical_roster_position/position_s /m/02g_6j 1 1 0 1
/m/03lsq /sports/sports_team/roster./american_football/football_historical_roster_position/position_s /m/05zm34 0 1 0 1
/m/0ws7 /sports/sports_team/roster./american_football/football_historical_roster_position/position_s /m/05b3ts 0 1 0 1
/m/0289q /sports/sports_team/roster./american_football/football_historical_roster_position/position_s /m/02g_6x 0 1 0 1
/m/03bxpt0 /sports/sports_team/roster./american_football/football_historical_roster_position/position_s /m/02g_6x 1 1 0 1
/m/025v1sx /sports/sports_team/roster./american_football/football_historical_roster_position/position_s /m/02g_6x 1 1 0 1
/m/0wsr /sports/sports_team/roster./american_football/football_historical_roster_position/position_s /m/02qpbqj 0 1 0 1
/m/02896 /sports/sports_team/roster./american_football/football_historical_roster_position/position_s /m/023wyl 0 1 0 1
/m/01y3v /sports/sports_team/roster./american_football/football_historical_roster_position/position_s /m/06b1q 0 1 0 1
/m/084l5 /sports/sports_team/roster./american_football/football_historical_roster_position/position_s /m/06b1q 1 1 0 1
/m/02wvf2s /sports/sports_team/roster./american_football/football_historical_roster_position/position_s /m/01r3hr 1 1 1 1
/m/03b3j /sports/sports_team/roster./american_football/football_historical_roster_position/position_s /m/02vkdwz 0 1 0 1
/m/0ws7 /sports/sports_team/roster./american_football/football_historical_roster_position/position_s /m/023wyl 0 1 0 1
/m/026bt_h /sports/sports_team/roster./american_football/football_historical_roster_position/position_s /m/01_9c1 1 1 0 0
/m/04n7ps6 /sports/sports_team/roster./american_football/football_historical_roster_position/position_s /m/01_9c1 1 1 0 1
/m/03wnh /sports/sports_team/roster./american_football/football_historical_roster_position/position_s /m/0b13yt 1 1 0 1
/m/01y3c /sports/sports_team/roster./american_football/football_historical_roster_position/position_s /m/02g_6j 1 1 0 1
/m/0ft5vs /sports/sports_team/roster./american_football/football_historical_roster_position/position_s /m/02g_6x 1 1 0 1
/m/0ws7 /sports/sports_team/roster./american_football/football_historical_roster_position/position_s /m/02g_7z 1 1 0 1
/m/06x76 /sports/sports_team/roster./american_football/football_historical_roster_position/position_s /m/05b3ts 0 1 0 1
/m/02896 /sports/sports_team/roster./american_football/football_historical_roster_position/position_s /m/06b1q 0 1 0 1
/m/01y3v /sports/sports_team/roster./american_football/football_historical_roster_position/position_s /m/0b13yt 1 1 0 1
/m/03ttn0 /sports/sports_team/roster./american_football/football_historical_roster_position/position_s /m/02vkdwz 1 1 0 0
/m/057xkj_ /sports/sports_team/roster./american_football/football_historical_roster_position/position_s /m/02g_7z 1 1 0 0
/m/03hfx6c /sports/sports_team/roster./american_football/football_historical_roster_position/position_s /m/02vkdwz 1 1 0 1
/m/01ct6 /sports/sports_team/roster./american_football/football_historical_roster_position/position_s /m/047g8h 1 1 0 0
/m/03wnh /sports/sports_team/roster./american_football/football_historical_roster_position/position_s /m/01_9c1 1 1 0 1
/m/01xvb /sports/sports_team/roster./american_football/football_historical_roster_position/position_s /m/02g_6j 1 1 0 1
/m/07l2m /sports/sports_team/roster./american_football/football_historical_roster_position/position_s /m/05b3ts 0 1 0 1
/m/05gg4 /sports/sports_team/roster./american_football/football_historical_roster_position/position_s /m/01r3hr 0 1 0 1
/m/01y3c /sports/sports_team/roster./american_football/football_historical_roster_position/position_s /m/05b3ts 0 1 0 0
/m/06x76 /sports/sports_team/roster./american_football/football_historical_roster_position/position_s /m/023wyl 0 1 0 1
/m/03hfxkn /sports/sports_team/roster./american_football/football_historical_roster_position/position_s /m/01r3hr 1 1 0 1
/m/07k53y /sports/sports_team/roster./american_football/football_historical_roster_position/position_s /m/02g_6x 1 1 0 1
/m/03wnh /sports/sports_team/roster./american_football/football_historical_roster_position/position_s /m/02g_7z 1 1 0 1
/m/04czgbh /sports/sports_team/roster./american_football/football_historical_roster_position/position_s /m/06b1q 1 1 0 1
/m/05g3v /sports/sports_team/roster./american_football/football_historical_roster_position/position_s /m/047g8h 1 1 0 1
/m/03b3j /sports/sports_team/roster./american_football/football_historical_roster_position/position_s /m/01r3hr 0 1 0 1
/m/01xvb /sports/sports_team/roster./american_football/football_historical_roster_position/position_s /m/05b3ts 0 1 0 1
/m/01y49 /sports/sports_team/roster./american_football/football_historical_roster_position/position_s /m/02g_7z 1 1 0 1
/m/051q5 /sports/sports_team/roster./american_football/football_historical_roster_position/position_s /m/02qpbqj 1 1 0 1
/m/0487_ /sports/sports_team/roster./american_football/football_historical_roster_position/position_s /m/023wyl 1 1 0 1
/m/0fjzsy /sports/sports_team/roster./american_football/football_historical_roster_position/position_s /m/02vkdwz 1 1 0 1
/m/07l2m /sports/sports_team/roster./american_football/football_historical_roster_position/position_s /m/02qpbqj 1 1 0 1
/m/07kbp5 /sports/sports_team/roster./american_football/football_historical_roster_position/position_s /m/047g8h 1 1 0 1
/m/0ft5vs /sports/sports_team/roster./american_football/football_historical_roster_position/position_s /m/05b3ts 1 1 0 1
/m/07k53y /sports/sports_team/roster./american_football/football_historical_roster_position/position_s /m/02g_7z 1 1 0 1
/m/04czgbh /sports/sports_team/roster./american_football/football_historical_roster_position/position_s /m/02g_7z 1 1 0 1
/m/02wvfxz /sports/sports_team/roster./american_football/football_historical_roster_position/position_s /m/05b3ts 1 1 0 1
/m/03wnh /sports/sports_team/roster./american_football/football_historical_roster_position/position_s /m/04nfpk 1 1 0 1
/m/070xg /sports/sports_team/roster./american_football/football_historical_roster_position/position_s /m/02g_7z 1 1 0 1
/m/01y49 /sports/sports_team/roster./american_football/football_historical_roster_position/position_s /m/02qpbqj 0 1 0 1
/m/051q5 /sports/sports_team/roster./american_football/football_historical_roster_position/position_s /m/04nfpk 1 1 0 1
/m/025_64l /sports/sports_team/roster./american_football/football_historical_roster_position/position_s /m/06b1q 1 1 0 0
/m/07k53y /sports/sports_team/roster./american_football/football_historical_roster_position/position_s /m/01_9c1 1 1 0 1
/m/057xkj_ /sports/sports_team/roster./american_football/football_historical_roster_position/position_s /m/02g_6x 1 1 0 0
/m/03lsq /sports/sports_team/roster./american_football/football_historical_roster_position/position_s /m/0bgv8y 0 1 0 1
/m/01y3v /sports/sports_team/roster./american_football/football_historical_roster_position/position_s /m/01r3hr 1 1 0 1
/m/05tg3 /sports/sports_team/roster./american_football/football_historical_roster_position/position_s /m/02g_6j 1 1 0 1
/m/070xg /sports/sports_team/roster./american_football/football_historical_roster_position/position_s /m/023wyl 1 1 0 1
/m/05tfm /sports/sports_team/roster./american_football/football_historical_roster_position/position_s /m/03h42s4 0 1 0 1
/m/043vc /sports/sports_team/roster./american_football/football_historical_roster_position/position_s /m/06b1q 0 1 0 1
/m/02896 /sports/sports_team/roster./american_football/football_historical_roster_position/position_s /m/047g8h 0 1 0 1
/m/02663p2 /sports/sports_team/roster./american_football/football_historical_roster_position/position_s /m/01r3hr 1 1 0 0
/m/06rpd /sports/sports_team/roster./american_football/football_historical_roster_position/position_s /m/02g_6x 0 1 0 1
/m/057xlyq /sports/sports_team/roster./american_football/football_historical_roster_position/position_s /m/023wyl 1 1 0 0
std confidence count
/m/04vn5 /sports/sports_team/roster./american_football/football_historical_roster_position/position_s /m/02g_6j 1 1 0 1
/m/0ws7 /sports/sports_team/roster./american_football/football_historical_roster_position/position_s /m/02g_6j 1 1 0 1
/m/04ls81 /sports/sports_team/roster./american_football/football_historical_roster_position/position_s /m/02g_7z 1 1 0 1
/m/01c_d /sports/sports_team/roster./american_football/football_historical_roster_position/position_s /m/047g8h 0 1 0 1
/m/025v26c /sports/sports_team/roster./american_football/football_historical_roster_position/position_s /m/06b1q 1 1 0 0
/m/051q5 /sports/sports_team/roster./american_football/football_historical_roster_position/position_s /m/01_9c1 1 1 0 1
/m/01y3c /sports/sports_team/roster./american_football/football_historical_roster_position/position_s /m/047g8h 0 1 0 1
/m/0fbq2n /sports/sports_team/roster./american_football/football_historical_roster_position/position_s /m/05b3ts 1 1 0 0
/m/025_64l /sports/sports_team/roster./american_football/football_historical_roster_position/position_s /m/02g_6x 1 1 0 0
/m/05g3b /sports/sports_team/roster./american_football/football_historical_roster_position/position_s /m/02g_6j 1 1 0 1
/m/0fsb_6 /sports/sports_team/roster./american_football/football_historical_roster_position/position_s /m/01snvb 0 1 0 1
/m/01y3c /sports/sports_team/roster./american_football/football_historical_roster_position/position_s /m/023wyl 1 1 0 1
/m/026cmdc /sports/sports_team/roster./american_football/football_historical_roster_position/position_s /m/01r3hr 1 1 0 1
/m/043tz8m /sports/sports_team/roster./american_football/football_historical_roster_position/position_s /m/01snvb 1 1 0 0
/m/02896 /sports/sports_team/roster./american_football/football_historical_roster_position/position_s /m/02g_6x 1 1 0 1
/m/0fgg8c /sports/sports_team/roster./american_football/football_historical_roster_position/position_s /m/06b1q 1 1 0 0
/m/05tfm /sports/sports_team/roster./american_football/football_historical_roster_position/position_s /m/02vkdwz 0 1 0 1
/m/05tfm /sports/sports_team/roster./american_football/football_historical_roster_position/position_s /m/06b1q 0 1 0 1
/m/02vklm3 /sports/sports_team/roster./american_football/football_historical_roster_position/position_s /m/02g_6j 1 1 0 1
/m/03lsq /sports/sports_team/roster./american_football/football_historical_roster_position/position_s /m/05zm34 0 1 0 1
/m/0ws7 /sports/sports_team/roster./american_football/football_historical_roster_position/position_s /m/05b3ts 0 1 0 1
/m/0289q /sports/sports_team/roster./american_football/football_historical_roster_position/position_s /m/02g_6x 0 1 0 1
/m/03bxpt0 /sports/sports_team/roster./american_football/football_historical_roster_position/position_s /m/02g_6x 1 1 0 1
/m/025v1sx /sports/sports_team/roster./american_football/football_historical_roster_position/position_s /m/02g_6x 1 1 0 1
/m/0wsr /sports/sports_team/roster./american_football/football_historical_roster_position/position_s /m/02qpbqj 0 1 0 1
/m/02896 /sports/sports_team/roster./american_football/football_historical_roster_position/position_s /m/023wyl 0 1 0 1
/m/01y3v /sports/sports_team/roster./american_football/football_historical_roster_position/position_s /m/06b1q 0 1 0 1
/m/084l5 /sports/sports_team/roster./american_football/football_historical_roster_position/position_s /m/06b1q 1 1 0 1
/m/02wvf2s /sports/sports_team/roster./american_football/football_historical_roster_position/position_s /m/01r3hr 1 1 1 1
/m/03b3j /sports/sports_team/roster./american_football/football_historical_roster_position/position_s /m/02vkdwz 0 1 0 1
/m/0ws7 /sports/sports_team/roster./american_football/football_historical_roster_position/position_s /m/023wyl 0 1 0 1
/m/026bt_h /sports/sports_team/roster./american_football/football_historical_roster_position/position_s /m/01_9c1 1 1 0 0
/m/04n7ps6 /sports/sports_team/roster./american_football/football_historical_roster_position/position_s /m/01_9c1 1 1 0 1
/m/03wnh /sports/sports_team/roster./american_football/football_historical_roster_position/position_s /m/0b13yt 1 1 0 1
/m/01y3c /sports/sports_team/roster./american_football/football_historical_roster_position/position_s /m/02g_6j 1 1 0 1
/m/0ft5vs /sports/sports_team/roster./american_football/football_historical_roster_position/position_s /m/02g_6x 1 1 0 1
/m/0ws7 /sports/sports_team/roster./american_football/football_historical_roster_position/position_s /m/02g_7z 1 1 0 1
/m/06x76 /sports/sports_team/roster./american_football/football_historical_roster_position/position_s /m/05b3ts 0 1 0 1
/m/02896 /sports/sports_team/roster./american_football/football_historical_roster_position/position_s /m/06b1q 0 1 0 1
/m/01y3v /sports/sports_team/roster./american_football/football_historical_roster_position/position_s /m/0b13yt 1 1 0 1
/m/03ttn0 /sports/sports_team/roster./american_football/football_historical_roster_position/position_s /m/02vkdwz 1 1 0 0
/m/057xkj_ /sports/sports_team/roster./american_football/football_historical_roster_position/position_s /m/02g_7z 1 1 0 0
/m/03hfx6c /sports/sports_team/roster./american_football/football_historical_roster_position/position_s /m/02vkdwz 1 1 0 1
/m/01ct6 /sports/sports_team/roster./american_football/football_historical_roster_position/position_s /m/047g8h 1 1 0 0
/m/03wnh /sports/sports_team/roster./american_football/football_historical_roster_position/position_s /m/01_9c1 1 1 0 1
/m/01xvb /sports/sports_team/roster./american_football/football_historical_roster_position/position_s /m/02g_6j 1 1 0 1
/m/07l2m /sports/sports_team/roster./american_football/football_historical_roster_position/position_s /m/05b3ts 0 1 0 1
/m/05gg4 /sports/sports_team/roster./american_football/football_historical_roster_position/position_s /m/01r3hr 0 1 0 1
/m/01y3c /sports/sports_team/roster./american_football/football_historical_roster_position/position_s /m/05b3ts 1 1 0 1
/m/06x76 /sports/sports_team/roster./american_football/football_historical_roster_position/position_s /m/023wyl 0 1 0 1
/m/03hfxkn /sports/sports_team/roster./american_football/football_historical_roster_position/position_s /m/01r3hr 1 1 0 1
/m/07k53y /sports/sports_team/roster./american_football/football_historical_roster_position/position_s /m/02g_6x 1 1 0 1
/m/03wnh /sports/sports_team/roster./american_football/football_historical_roster_position/position_s /m/02g_7z 1 1 0 1
/m/04czgbh /sports/sports_team/roster./american_football/football_historical_roster_position/position_s /m/06b1q 1 1 0 1
/m/05g3v /sports/sports_team/roster./american_football/football_historical_roster_position/position_s /m/047g8h 1 1 0 1
/m/03b3j /sports/sports_team/roster./american_football/football_historical_roster_position/position_s /m/01r3hr 0 1 0 1
/m/01xvb /sports/sports_team/roster./american_football/football_historical_roster_position/position_s /m/05b3ts 0 1 0 1
/m/01y49 /sports/sports_team/roster./american_football/football_historical_roster_position/position_s /m/02g_7z 1 1 0 1
/m/051q5 /sports/sports_team/roster./american_football/football_historical_roster_position/position_s /m/02qpbqj 1 1 0 1
/m/0487_ /sports/sports_team/roster./american_football/football_historical_roster_position/position_s /m/023wyl 1 1 0 1
/m/0fjzsy /sports/sports_team/roster./american_football/football_historical_roster_position/position_s /m/02vkdwz 1 1 0 1
/m/07l2m /sports/sports_team/roster./american_football/football_historical_roster_position/position_s /m/02qpbqj 1 1 0 1
/m/07kbp5 /sports/sports_team/roster./american_football/football_historical_roster_position/position_s /m/047g8h 1 1 0 1
/m/0ft5vs /sports/sports_team/roster./american_football/football_historical_roster_position/position_s /m/05b3ts 1 1 0 1
/m/07k53y /sports/sports_team/roster./american_football/football_historical_roster_position/position_s /m/02g_7z 1 1 0 1
/m/04czgbh /sports/sports_team/roster./american_football/football_historical_roster_position/position_s /m/02g_7z 1 1 0 1
/m/02wvfxz /sports/sports_team/roster./american_football/football_historical_roster_position/position_s /m/05b3ts 1 1 0 1
/m/03wnh /sports/sports_team/roster./american_football/football_historical_roster_position/position_s /m/04nfpk 1 1 0 1
/m/070xg /sports/sports_team/roster./american_football/football_historical_roster_position/position_s /m/02g_7z 1 1 0 1
/m/01y49 /sports/sports_team/roster./american_football/football_historical_roster_position/position_s /m/02qpbqj 0 1 0 1
/m/051q5 /sports/sports_team/roster./american_football/football_historical_roster_position/position_s /m/04nfpk 1 1 0 1
/m/025_64l /sports/sports_team/roster./american_football/football_historical_roster_position/position_s /m/06b1q 1 1 0 0
/m/07k53y /sports/sports_team/roster./american_football/football_historical_roster_position/position_s /m/01_9c1 1 1 0 1
/m/057xkj_ /sports/sports_team/roster./american_football/football_historical_roster_position/position_s /m/02g_6x 1 1 0 0
/m/03lsq /sports/sports_team/roster./american_football/football_historical_roster_position/position_s /m/0bgv8y 0 1 0 1
/m/01y3v /sports/sports_team/roster./american_football/football_historical_roster_position/position_s /m/01r3hr 1 1 0 1
/m/05tg3 /sports/sports_team/roster./american_football/football_historical_roster_position/position_s /m/02g_6j 1 1 0 1
/m/070xg /sports/sports_team/roster./american_football/football_historical_roster_position/position_s /m/023wyl 1 1 0 1
/m/05tfm /sports/sports_team/roster./american_football/football_historical_roster_position/position_s /m/03h42s4 0 1 0 1
/m/043vc /sports/sports_team/roster./american_football/football_historical_roster_position/position_s /m/06b1q 0 1 0 1
/m/02896 /sports/sports_team/roster./american_football/football_historical_roster_position/position_s /m/047g8h 0 1 0 1
/m/02663p2 /sports/sports_team/roster./american_football/football_historical_roster_position/position_s /m/01r3hr 1 1 0 0
/m/06rpd /sports/sports_team/roster./american_football/football_historical_roster_position/position_s /m/02g_6x 0 1 0 1
/m/057xlyq /sports/sports_team/roster./american_football/football_historical_roster_position/position_s /m/023wyl 1 1 0 0
pca confidence sum
/m/04vn5 /sports/sports_team/roster./american_football/football_historical_roster_position/position_s /m/02g_6j 1 1 0 1
/m/0ws7 /sports/sports_team/roster./american_football/football_historical_roster_position/position_s /m/02g_6j 1 1 1 1
/m/04ls81 /sports/sports_team/roster./american_football/football_historical_roster_position/position_s /m/02g_7z 1 1 0 1
/m/01c_d /sports/sports_team/roster./american_football/football_historical_roster_position/position_s /m/047g8h 1 1 0 1
/m/025v26c /sports/sports_team/roster./american_football/football_historical_roster_position/position_s /m/06b1q 1 1 0 0
/m/051q5 /sports/sports_team/roster./american_football/football_historical_roster_position/position_s /m/01_9c1 1 1 0 1
/m/01y3c /sports/sports_team/roster./american_football/football_historical_roster_position/position_s /m/047g8h 0 1 0 0
/m/0fbq2n /sports/sports_team/roster./american_football/football_historical_roster_position/position_s /m/05b3ts 1 1 0 0
/m/025_64l /sports/sports_team/roster./american_football/football_historical_roster_position/position_s /m/02g_6x 1 1 1 1
/m/05g3b /sports/sports_team/roster./american_football/football_historical_roster_position/position_s /m/02g_6j 1 1 0 1
/m/0fsb_6 /sports/sports_team/roster./american_football/football_historical_roster_position/position_s /m/01snvb 0 1 0 0
/m/01y3c /sports/sports_team/roster./american_football/football_historical_roster_position/position_s /m/023wyl 1 1 0 1
/m/026cmdc /sports/sports_team/roster./american_football/football_historical_roster_position/position_s /m/01r3hr 1 1 0 1
/m/043tz8m /sports/sports_team/roster./american_football/football_historical_roster_position/position_s /m/01snvb 0 0 0 0
/m/02896 /sports/sports_team/roster./american_football/football_historical_roster_position/position_s /m/02g_6x 1 1 0 1
/m/0fgg8c /sports/sports_team/roster./american_football/football_historical_roster_position/position_s /m/06b1q 1 1 0 0
/m/05tfm /sports/sports_team/roster./american_football/football_historical_roster_position/position_s /m/02vkdwz 0 1 0 1
/m/05tfm /sports/sports_team/roster./american_football/football_historical_roster_position/position_s /m/06b1q 1 1 0 1
/m/02vklm3 /sports/sports_team/roster./american_football/football_historical_roster_position/position_s /m/02g_6j 1 1 0 1
/m/03lsq /sports/sports_team/roster./american_football/football_historical_roster_position/position_s /m/05zm34 1 1 0 1
/m/0ws7 /sports/sports_team/roster./american_football/football_historical_roster_position/position_s /m/05b3ts 1 1 0 1
/m/0289q /sports/sports_team/roster./american_football/football_historical_roster_position/position_s /m/02g_6x 1 1 0 1
/m/03bxpt0 /sports/sports_team/roster./american_football/football_historical_roster_position/position_s /m/02g_6x 1 1 0 1
/m/025v1sx /sports/sports_team/roster./american_football/football_historical_roster_position/position_s /m/02g_6x 1 1 1 1
/m/0wsr /sports/sports_team/roster./american_football/football_historical_roster_position/position_s /m/02qpbqj 0 1 0 1
/m/02896 /sports/sports_team/roster./american_football/football_historical_roster_position/position_s /m/023wyl 1 1 0 1
/m/01y3v /sports/sports_team/roster./american_football/football_historical_roster_position/position_s /m/06b1q 1 1 1 1
/m/084l5 /sports/sports_team/roster./american_football/football_historical_roster_position/position_s /m/06b1q 1 1 0 1
/m/02wvf2s /sports/sports_team/roster./american_football/football_historical_roster_position/position_s /m/01r3hr 1 1 0 1
/m/03b3j /sports/sports_team/roster./american_football/football_historical_roster_position/position_s /m/02vkdwz 0 1 0 0
/m/0ws7 /sports/sports_team/roster./american_football/football_historical_roster_position/position_s /m/023wyl 1 1 0 1
/m/026bt_h /sports/sports_team/roster./american_football/football_historical_roster_position/position_s /m/01_9c1 1 1 0 0
/m/04n7ps6 /sports/sports_team/roster./american_football/football_historical_roster_position/position_s /m/01_9c1 1 1 0 1
/m/03wnh /sports/sports_team/roster./american_football/football_historical_roster_position/position_s /m/0b13yt 0 1 0 1
/m/01y3c /sports/sports_team/roster./american_football/football_historical_roster_position/position_s /m/02g_6j 1 1 0 1
/m/0ft5vs /sports/sports_team/roster./american_football/football_historical_roster_position/position_s /m/02g_6x 1 1 0 1
/m/0ws7 /sports/sports_team/roster./american_football/football_historical_roster_position/position_s /m/02g_7z 1 1 0 1
/m/06x76 /sports/sports_team/roster./american_football/football_historical_roster_position/position_s /m/05b3ts 1 1 0 1
/m/02896 /sports/sports_team/roster./american_football/football_historical_roster_position/position_s /m/06b1q 1 1 1 1
/m/01y3v /sports/sports_team/roster./american_football/football_historical_roster_position/position_s /m/0b13yt 0 1 0 0
/m/03ttn0 /sports/sports_team/roster./american_football/football_historical_roster_position/position_s /m/02vkdwz 0 1 0 0
/m/057xkj_ /sports/sports_team/roster./american_football/football_historical_roster_position/position_s /m/02g_7z 1 1 0 1
/m/03hfx6c /sports/sports_team/roster./american_football/football_historical_roster_position/position_s /m/02vkdwz 0 1 0 0
/m/01ct6 /sports/sports_team/roster./american_football/football_historical_roster_position/position_s /m/047g8h 0 1 0 0
/m/03wnh /sports/sports_team/roster./american_football/football_historical_roster_position/position_s /m/01_9c1 1 1 0 1
/m/01xvb /sports/sports_team/roster./american_football/football_historical_roster_position/position_s /m/02g_6j 1 1 0 1
/m/07l2m /sports/sports_team/roster./american_football/football_historical_roster_position/position_s /m/05b3ts 0 1 0 1
/m/05gg4 /sports/sports_team/roster./american_football/football_historical_roster_position/position_s /m/01r3hr 1 1 1 1
/m/01y3c /sports/sports_team/roster./american_football/football_historical_roster_position/position_s /m/05b3ts 1 1 0 1
/m/06x76 /sports/sports_team/roster./american_football/football_historical_roster_position/position_s /m/023wyl 1 1 0 1
/m/03hfxkn /sports/sports_team/roster./american_football/football_historical_roster_position/position_s /m/01r3hr 1 1 0 1
/m/07k53y /sports/sports_team/roster./american_football/football_historical_roster_position/position_s /m/02g_6x 1 1 0 1
/m/03wnh /sports/sports_team/roster./american_football/football_historical_roster_position/position_s /m/02g_7z 1 1 0 1
/m/04czgbh /sports/sports_team/roster./american_football/football_historical_roster_position/position_s /m/06b1q 1 1 1 1
/m/05g3v /sports/sports_team/roster./american_football/football_historical_roster_position/position_s /m/047g8h 0 1 0 0
/m/03b3j /sports/sports_team/roster./american_football/football_historical_roster_position/position_s /m/01r3hr 1 1 0 1
/m/01xvb /sports/sports_team/roster./american_football/football_historical_roster_position/position_s /m/05b3ts 0 1 0 1
/m/01y49 /sports/sports_team/roster./american_football/football_historical_roster_position/position_s /m/02g_7z 1 1 0 1
/m/051q5 /sports/sports_team/roster./american_football/football_historical_roster_position/position_s /m/02qpbqj 1 1 0 1
/m/0487_ /sports/sports_team/roster./american_football/football_historical_roster_position/position_s /m/023wyl 1 1 0 1
/m/0fjzsy /sports/sports_team/roster./american_football/football_historical_roster_position/position_s /m/02vkdwz 0 1 0 0
/m/07l2m /sports/sports_team/roster./american_football/football_historical_roster_position/position_s /m/02qpbqj 1 1 0 1
/m/07kbp5 /sports/sports_team/roster./american_football/football_historical_roster_position/position_s /m/047g8h 0 1 0 0
/m/0ft5vs /sports/sports_team/roster./american_football/football_historical_roster_position/position_s /m/05b3ts 1 1 0 1
/m/07k53y /sports/sports_team/roster./american_football/football_historical_roster_position/position_s /m/02g_7z 1 1 0 1
/m/04czgbh /sports/sports_team/roster./american_football/football_historical_roster_position/position_s /m/02g_7z 1 1 0 0
/m/02wvfxz /sports/sports_team/roster./american_football/football_historical_roster_position/position_s /m/05b3ts 1 1 0 0
/m/03wnh /sports/sports_team/roster./american_football/football_historical_roster_position/position_s /m/04nfpk 1 1 0 1
/m/070xg /sports/sports_team/roster./american_football/football_historical_roster_position/position_s /m/02g_7z 1 1 0 1
/m/01y49 /sports/sports_team/roster./american_football/football_historical_roster_position/position_s /m/02qpbqj 1 1 0 1
/m/051q5 /sports/sports_team/roster./american_football/football_historical_roster_position/position_s /m/04nfpk 1 1 0 1
/m/025_64l /sports/sports_team/roster./american_football/football_historical_roster_position/position_s /m/06b1q 1 1 0 1
/m/07k53y /sports/sports_team/roster./american_football/football_historical_roster_position/position_s /m/01_9c1 1 1 0 1
/m/057xkj_ /sports/sports_team/roster./american_football/football_historical_roster_position/position_s /m/02g_6x 1 1 0 1
/m/03lsq /sports/sports_team/roster./american_football/football_historical_roster_position/position_s /m/0bgv8y 0 1 0 0
/m/01y3v /sports/sports_team/roster./american_football/football_historical_roster_position/position_s /m/01r3hr 1 1 0 1
/m/05tg3 /sports/sports_team/roster./american_football/football_historical_roster_position/position_s /m/02g_6j 1 1 0 1
/m/070xg /sports/sports_team/roster./american_football/football_historical_roster_position/position_s /m/023wyl 1 1 0 1
/m/05tfm /sports/sports_team/roster./american_football/football_historical_roster_position/position_s /m/03h42s4 0 1 0 1
/m/043vc /sports/sports_team/roster./american_football/football_historical_roster_position/position_s /m/06b1q 1 1 0 1
/m/02896 /sports/sports_team/roster./american_football/football_historical_roster_position/position_s /m/047g8h 0 1 0 1
/m/02663p2 /sports/sports_team/roster./american_football/football_historical_roster_position/position_s /m/01r3hr 1 1 0 1
/m/06rpd /sports/sports_team/roster./american_football/football_historical_roster_position/position_s /m/02g_6x 1 1 0 1
/m/057xlyq /sports/sports_team/roster./american_football/football_historical_roster_position/position_s /m/023wyl 1 1 0 0
std confidence sum
/m/04vn5 /sports/sports_team/roster./american_football/football_historical_roster_position/position_s /m/02g_6j 1 1 0 1
/m/0ws7 /sports/sports_team/roster./american_football/football_historical_roster_position/position_s /m/02g_6j 1 1 1 1
/m/04ls81 /sports/sports_team/roster./american_football/football_historical_roster_position/position_s /m/02g_7z 1 1 0 1
/m/01c_d /sports/sports_team/roster./american_football/football_historical_roster_position/position_s /m/047g8h 1 1 0 1
/m/025v26c /sports/sports_team/roster./american_football/football_historical_roster_position/position_s /m/06b1q 1 1 0 1
/m/051q5 /sports/sports_team/roster./american_football/football_historical_roster_position/position_s /m/01_9c1 1 1 0 1
/m/01y3c /sports/sports_team/roster./american_football/football_historical_roster_position/position_s /m/047g8h 0 1 0 0
/m/0fbq2n /sports/sports_team/roster./american_football/football_historical_roster_position/position_s /m/05b3ts 1 1 0 0
/m/025_64l /sports/sports_team/roster./american_football/football_historical_roster_position/position_s /m/02g_6x 1 1 1 1
/m/05g3b /sports/sports_team/roster./american_football/football_historical_roster_position/position_s /m/02g_6j 1 1 0 1
/m/0fsb_6 /sports/sports_team/roster./american_football/football_historical_roster_position/position_s /m/01snvb 0 1 0 0
/m/01y3c /sports/sports_team/roster./american_football/football_historical_roster_position/position_s /m/023wyl 1 1 0 1
/m/026cmdc /sports/sports_team/roster./american_football/football_historical_roster_position/position_s /m/01r3hr 1 1 0 1
/m/043tz8m /sports/sports_team/roster./american_football/football_historical_roster_position/position_s /m/01snvb 0 0 0 0
/m/02896 /sports/sports_team/roster./american_football/football_historical_roster_position/position_s /m/02g_6x 1 1 0 1
/m/0fgg8c /sports/sports_team/roster./american_football/football_historical_roster_position/position_s /m/06b1q 1 1 0 0
/m/05tfm /sports/sports_team/roster./american_football/football_historical_roster_position/position_s /m/02vkdwz 0 1 0 1
/m/05tfm /sports/sports_team/roster./american_football/football_historical_roster_position/position_s /m/06b1q 1 1 0 1
/m/02vklm3 /sports/sports_team/roster./american_football/football_historical_roster_position/position_s /m/02g_6j 1 1 0 1
/m/03lsq /sports/sports_team/roster./american_football/football_historical_roster_position/position_s /m/05zm34 1 1 0 1
/m/0ws7 /sports/sports_team/roster./american_football/football_historical_roster_position/position_s /m/05b3ts 1 1 0 1
/m/0289q /sports/sports_team/roster./american_football/football_historical_roster_position/position_s /m/02g_6x 1 1 0 1
/m/03bxpt0 /sports/sports_team/roster./american_football/football_historical_roster_position/position_s /m/02g_6x 1 1 0 1
/m/025v1sx /sports/sports_team/roster./american_football/football_historical_roster_position/position_s /m/02g_6x 1 1 1 1
/m/0wsr /sports/sports_team/roster./american_football/football_historical_roster_position/position_s /m/02qpbqj 0 1 0 1
/m/02896 /sports/sports_team/roster./american_football/football_historical_roster_position/position_s /m/023wyl 1 1 0 1
/m/01y3v /sports/sports_team/roster./american_football/football_historical_roster_position/position_s /m/06b1q 1 1 1 1
/m/084l5 /sports/sports_team/roster./american_football/football_historical_roster_position/position_s /m/06b1q 1 1 0 1
/m/02wvf2s /sports/sports_team/roster./american_football/football_historical_roster_position/position_s /m/01r3hr 1 1 0 1
/m/03b3j /sports/sports_team/roster./american_football/football_historical_roster_position/position_s /m/02vkdwz 0 1 0 0
/m/0ws7 /sports/sports_team/roster./american_football/football_historical_roster_position/position_s /m/023wyl 1 1 0 1
/m/026bt_h /sports/sports_team/roster./american_football/football_historical_roster_position/position_s /m/01_9c1 1 1 0 0
/m/04n7ps6 /sports/sports_team/roster./american_football/football_historical_roster_position/position_s /m/01_9c1 1 1 0 1
/m/03wnh /sports/sports_team/roster./american_football/football_historical_roster_position/position_s /m/0b13yt 0 1 0 1
/m/01y3c /sports/sports_team/roster./american_football/football_historical_roster_position/position_s /m/02g_6j 1 1 0 1
/m/0ft5vs /sports/sports_team/roster./american_football/football_historical_roster_position/position_s /m/02g_6x 1 1 0 1
/m/0ws7 /sports/sports_team/roster./american_football/football_historical_roster_position/position_s /m/02g_7z 1 1 0 1
/m/06x76 /sports/sports_team/roster./american_football/football_historical_roster_position/position_s /m/05b3ts 1 1 0 1
/m/02896 /sports/sports_team/roster./american_football/football_historical_roster_position/position_s /m/06b1q 1 1 1 1
/m/01y3v /sports/sports_team/roster./american_football/football_historical_roster_position/position_s /m/0b13yt 0 1 0 0
/m/03ttn0 /sports/sports_team/roster./american_football/football_historical_roster_position/position_s /m/02vkdwz 0 1 0 0
/m/057xkj_ /sports/sports_team/roster./american_football/football_historical_roster_position/position_s /m/02g_7z 1 1 0 1
/m/03hfx6c /sports/sports_team/roster./american_football/football_historical_roster_position/position_s /m/02vkdwz 0 1 0 0
/m/01ct6 /sports/sports_team/roster./american_football/football_historical_roster_position/position_s /m/047g8h 0 1 0 0
/m/03wnh /sports/sports_team/roster./american_football/football_historical_roster_position/position_s /m/01_9c1 1 1 0 1
/m/01xvb /sports/sports_team/roster./american_football/football_historical_roster_position/position_s /m/02g_6j 1 1 0 1
/m/07l2m /sports/sports_team/roster./american_football/football_historical_roster_position/position_s /m/05b3ts 0 1 0 1
/m/05gg4 /sports/sports_team/roster./american_football/football_historical_roster_position/position_s /m/01r3hr 1 1 1 1
/m/01y3c /sports/sports_team/roster./american_football/football_historical_roster_position/position_s /m/05b3ts 1 1 0 1
/m/06x76 /sports/sports_team/roster./american_football/football_historical_roster_position/position_s /m/023wyl 1 1 0 1
/m/03hfxkn /sports/sports_team/roster./american_football/football_historical_roster_position/position_s /m/01r3hr 1 1 0 1
/m/07k53y /sports/sports_team/roster./american_football/football_historical_roster_position/position_s /m/02g_6x 1 1 0 1
/m/03wnh /sports/sports_team/roster./american_football/football_historical_roster_position/position_s /m/02g_7z 1 1 0 1
/m/04czgbh /sports/sports_team/roster./american_football/football_historical_roster_position/position_s /m/06b1q 1 1 1 1
/m/05g3v /sports/sports_team/roster./american_football/football_historical_roster_position/position_s /m/047g8h 0 1 0 0
/m/03b3j /sports/sports_team/roster./american_football/football_historical_roster_position/position_s /m/01r3hr 1 1 0 1
/m/01xvb /sports/sports_team/roster./american_football/football_historical_roster_position/position_s /m/05b3ts 0 1 0 1
/m/01y49 /sports/sports_team/roster./american_football/football_historical_roster_position/position_s /m/02g_7z 1 1 0 1
/m/051q5 /sports/sports_team/roster./american_football/football_historical_roster_position/position_s /m/02qpbqj 1 1 0 1
/m/0487_ /sports/sports_team/roster./american_football/football_historical_roster_position/position_s /m/023wyl 1 1 0 1
/m/0fjzsy /sports/sports_team/roster./american_football/football_historical_roster_position/position_s /m/02vkdwz 0 1 0 0
/m/07l2m /sports/sports_team/roster./american_football/football_historical_roster_position/position_s /m/02qpbqj 1 1 0 1
/m/07kbp5 /sports/sports_team/roster./american_football/football_historical_roster_position/position_s /m/047g8h 0 1 0 0
/m/0ft5vs /sports/sports_team/roster./american_football/football_historical_roster_position/position_s /m/05b3ts 1 1 0 1
/m/07k53y /sports/sports_team/roster./american_football/football_historical_roster_position/position_s /m/02g_7z 1 1 0 1
/m/04czgbh /sports/sports_team/roster./american_football/football_historical_roster_position/position_s /m/02g_7z 1 1 0 0
/m/02wvfxz /sports/sports_team/roster./american_football/football_historical_roster_position/position_s /m/05b3ts 1 1 0 0
/m/03wnh /sports/sports_team/roster./american_football/football_historical_roster_position/position_s /m/04nfpk 1 1 0 1
/m/070xg /sports/sports_team/roster./american_football/football_historical_roster_position/position_s /m/02g_7z 1 1 0 1
/m/01y49 /sports/sports_team/roster./american_football/football_historical_roster_position/position_s /m/02qpbqj 1 1 0 1
/m/051q5 /sports/sports_team/roster./american_football/football_historical_roster_position/position_s /m/04nfpk 1 1 0 1
/m/025_64l /sports/sports_team/roster./american_football/football_historical_roster_position/position_s /m/06b1q 1 1 0 1
/m/07k53y /sports/sports_team/roster./american_football/football_historical_roster_position/position_s /m/01_9c1 1 1 0 1
/m/057xkj_ /sports/sports_team/roster./american_football/football_historical_roster_position/position_s /m/02g_6x 1 1 0 1
/m/03lsq /sports/sports_team/roster./american_football/football_historical_roster_position/position_s /m/0bgv8y 0 1 0 0
/m/01y3v /sports/sports_team/roster./american_football/football_historical_roster_position/position_s /m/01r3hr 1 1 0 1
/m/05tg3 /sports/sports_team/roster./american_football/football_historical_roster_position/position_s /m/02g_6j 1 1 0 1
/m/070xg /sports/sports_team/roster./american_football/football_historical_roster_position/position_s /m/023wyl 1 1 0 1
/m/05tfm /sports/sports_team/roster./american_football/football_historical_roster_position/position_s /m/03h42s4 0 1 0 1
/m/043vc /sports/sports_team/roster./american_football/football_historical_roster_position/position_s /m/06b1q 1 1 0 1
/m/02896 /sports/sports_team/roster./american_football/football_historical_roster_position/position_s /m/047g8h 0 1 0 1
/m/02663p2 /sports/sports_team/roster./american_football/football_historical_roster_position/position_s /m/01r3hr 1 1 0 1
/m/06rpd /sports/sports_team/roster./american_football/football_historical_roster_position/position_s /m/02g_6x 1 1 0 1
/m/057xlyq /sports/sports_team/roster./american_football/football_historical_roster_position/position_s /m/023wyl 1 1 0 0
