pca confidence count
/m/09jwl /tv/non_character_role/tv_guest_personal_appearances./tv/tv_guest_personal_appearance/person /m/016vqk 0 0 0 0
/m/043q4d /tv/non_character_role/tv_guest_personal_appearances./tv/tv_guest_personal_appearance/person /m/01q32bd 1 1 0 1
/m/09jwl /tv/non_character_role/tv_guest_personal_appearances./tv/tv_guest_personal_appearance/person /m/0knhk 0 0 0 0
/m/09jwl /tv/non_character_role/tv_guest_personal_appearances./tv/tv_guest_personal_appearance/person /m/01dwrc 0 0 0 0
std confidence count
/m/09jwl /tv/non_character_role/tv_guest_personal_appearances./tv/tv_guest_personal_appearance/person /m/016vqk 1 1 0 1
/m/043q4d /tv/non_character_role/tv_guest_personal_appearances./tv/tv_guest_personal_appearance/person /m/01q32bd 1 1 0 1
/m/09jwl /tv/non_character_role/tv_guest_personal_appearances./tv/tv_guest_personal_appearance/person /m/0knhk 1 1 0 1
/m/09jwl /tv/non_character_role/tv_guest_personal_appearances./tv/tv_guest_personal_appearance/person /m/01dwrc 1 1 0 1
pca confidence sum
/m/09jwl /tv/non_character_role/tv_guest_personal_appearances./tv/tv_guest_personal_appearance/person /m/016vqk 0 0 0 0
/m/043q4d /tv/non_character_role/tv_guest_personal_appearances./tv/tv_guest_personal_appearance/person /m/01q32bd 0 0 0 0
/m/09jwl /tv/non_character_role/tv_guest_personal_appearances./tv/tv_guest_personal_appearance/person /m/0knhk 0 0 0 0
/m/09jwl /tv/non_character_role/tv_guest_personal_appearances./tv/tv_guest_personal_appearance/person /m/01dwrc 0 0 0 0
std confidence sum
/m/09jwl /tv/non_character_role/tv_guest_personal_appearances./tv/tv_guest_personal_appearance/person /m/016vqk 1 1 0 1
/m/043q4d /tv/non_character_role/tv_guest_personal_appearances./tv/tv_guest_personal_appearance/person /m/01q32bd 1 1 0 1
/m/09jwl /tv/non_character_role/tv_guest_personal_appearances./tv/tv_guest_personal_appearance/person /m/0knhk 1 1 0 1
/m/09jwl /tv/non_character_role/tv_guest_personal_appearances./tv/tv_guest_personal_appearance/person /m/01dwrc 1 1 0 1
