pca confidence count
/m/0ckd1 /tv/tv_producer_type/tv_producers_of_this_type./tv/tv_producer_term/producer /m/0fxky3 0 0 0 0
/m/0ckd1 /tv/tv_producer_type/tv_producers_of_this_type./tv/tv_producer_term/producer /m/026dd2b 0 0 0 0
/m/0ckd1 /tv/tv_producer_type/tv_producers_of_this_type./tv/tv_producer_term/producer /m/048wrb 0 0 0 0
/m/0ckd1 /tv/tv_producer_type/tv_producers_of_this_type./tv/tv_producer_term/producer /m/02773nt 0 1 0 0
/m/0ckd1 /tv/tv_producer_type/tv_producers_of_this_type./tv/tv_producer_term/producer /m/02kmx6 0 0 0 0
/m/0ckd1 /tv/tv_producer_type/tv_producers_of_this_type./tv/tv_producer_term/producer /m/0dbpyd 0 0 0 0
/m/0ckd1 /tv/tv_producer_type/tv_producers_of_this_type./tv/tv_producer_term/producer /m/026w_gk 0 1 0 0
/m/0ckd1 /tv/tv_producer_type/tv_producers_of_this_type./tv/tv_producer_term/producer /m/0884hk 0 1 0 0
/m/0ckd1 /tv/tv_producer_type/tv_producers_of_this_type./tv/tv_producer_term/producer /m/03bx_5q 0 0 0 0
/m/0ckd1 /tv/tv_producer_type/tv_producers_of_this_type./tv/tv_producer_term/producer /m/0438pz 0 0 0 0
/m/0ckd1 /tv/tv_producer_type/tv_producers_of_this_type./tv/tv_producer_term/producer /m/015pxr 0 1 0 0
/m/0ckd1 /tv/tv_producer_type/tv_producers_of_this_type./tv/tv_producer_term/producer /m/0gd9k 0 0 0 0
/m/0ckd1 /tv/tv_producer_type/tv_producers_of_this_type./tv/tv_producer_term/producer /m/03cs_xw 0 0 0 0
/m/0ckd1 /tv/tv_producer_type/tv_producers_of_this_type./tv/tv_producer_term/producer /m/02xp18 0 0 0 0
/m/0ckd1 /tv/tv_producer_type/tv_producers_of_this_type./tv/tv_producer_term/producer /m/01l1ls 0 0 0 0
/m/0ckd1 /tv/tv_producer_type/tv_producers_of_this_type./tv/tv_producer_term/producer /m/01d8yn 0 0 0 0
/m/0ckd1 /tv/tv_producer_type/tv_producers_of_this_type./tv/tv_producer_term/producer /m/0187y5 0 0 0 0
/m/0ckd1 /tv/tv_producer_type/tv_producers_of_this_type./tv/tv_producer_term/producer /m/0b7gxq 0 0 0 0
/m/0ckd1 /tv/tv_producer_type/tv_producers_of_this_type./tv/tv_producer_term/producer /m/01zlh5 0 0 0 0
/m/0ckd1 /tv/tv_producer_type/tv_producers_of_this_type./tv/tv_producer_term/producer /m/01gbbz 0 0 0 0
/m/0ckd1 /tv/tv_producer_type/tv_producers_of_this_type./tv/tv_producer_term/producer /m/014z8v 0 0 0 0
/m/0ckd1 /tv/tv_producer_type/tv_producers_of_this_type./tv/tv_producer_term/producer /m/026_dcw 0 1 0 0
/m/0ckd1 /tv/tv_producer_type/tv_producers_of_this_type./tv/tv_producer_term/producer /m/04l3_z 0 0 0 0
/m/0ckd1 /tv/tv_producer_type/tv_producers_of_this_type./tv/tv_producer_term/producer /m/06jnvs 0 1 0 0
/m/0ckd1 /tv/tv_producer_type/tv_producers_of_this_type./tv/tv_producer_term/producer /m/05mcjs 0 0 0 0
/m/0ckd1 /tv/tv_producer_type/tv_producers_of_this_type./tv/tv_producer_term/producer /m/01pctb 0 0 0 0
/m/0ckd1 /tv/tv_producer_type/tv_producers_of_this_type./tv/tv_producer_term/producer /m/0q5hw 0 1 0 0
/m/0ckd1 /tv/tv_producer_type/tv_producers_of_this_type./tv/tv_producer_term/producer /m/09gffmz 0 0 0 0
std confidence count
/m/0ckd1 /tv/tv_producer_type/tv_producers_of_this_type./tv/tv_producer_term/producer /m/0fxky3 0 0 0 0
/m/0ckd1 /tv/tv_producer_type/tv_producers_of_this_type./tv/tv_producer_term/producer /m/026dd2b 0 0 0 0
/m/0ckd1 /tv/tv_producer_type/tv_producers_of_this_type./tv/tv_producer_term/producer /m/048wrb 0 0 0 0
/m/0ckd1 /tv/tv_producer_type/tv_producers_of_this_type./tv/tv_producer_term/producer /m/02773nt 0 0 0 0
/m/0ckd1 /tv/tv_producer_type/tv_producers_of_this_type./tv/tv_producer_term/producer /m/02kmx6 0 0 0 0
/m/0ckd1 /tv/tv_producer_type/tv_producers_of_this_type./tv/tv_producer_term/producer /m/0dbpyd 0 1 0 0
/m/0ckd1 /tv/tv_producer_type/tv_producers_of_this_type./tv/tv_producer_term/producer /m/026w_gk 0 0 0 0
/m/0ckd1 /tv/tv_producer_type/tv_producers_of_this_type./tv/tv_producer_term/producer /m/0884hk 0 1 0 0
/m/0ckd1 /tv/tv_producer_type/tv_producers_of_this_type./tv/tv_producer_term/producer /m/03bx_5q 0 0 0 0
/m/0ckd1 /tv/tv_producer_type/tv_producers_of_this_type./tv/tv_producer_term/producer /m/0438pz 0 0 0 0
/m/0ckd1 /tv/tv_producer_type/tv_producers_of_this_type./tv/tv_producer_term/producer /m/015pxr 0 0 0 0
/m/0ckd1 /tv/tv_producer_type/tv_producers_of_this_type./tv/tv_producer_term/producer /m/0gd9k 0 0 0 0
/m/0ckd1 /tv/tv_producer_type/tv_producers_of_this_type./tv/tv_producer_term/producer /m/03cs_xw 0 0 0 0
/m/0ckd1 /tv/tv_producer_type/tv_producers_of_this_type./tv/tv_producer_term/producer /m/02xp18 0 0 0 0
/m/0ckd1 /tv/tv_producer_type/tv_producers_of_this_type./tv/tv_producer_term/producer /m/01l1ls 0 0 0 0
/m/0ckd1 /tv/tv_producer_type/tv_producers_of_this_type./tv/tv_producer_term/producer /m/01d8yn 0 0 0 0
/m/0ckd1 /tv/tv_producer_type/tv_producers_of_this_type./tv/tv_producer_term/producer /m/0187y5 0 0 0 0
/m/0ckd1 /tv/tv_producer_type/tv_producers_of_this_type./tv/tv_producer_term/producer /m/0b7gxq 0 0 0 0
/m/0ckd1 /tv/tv_producer_type/tv_producers_of_this_type./tv/tv_producer_term/producer /m/01zlh5 0 0 0 0
/m/0ckd1 /tv/tv_producer_type/tv_producers_of_this_type./tv/tv_producer_term/producer /m/01gbbz 0 0 0 0
/m/0ckd1 /tv/tv_producer_type/tv_producers_of_this_type./tv/tv_producer_term/producer /m/014z8v 0 0 0 0
/m/0ckd1 /tv/tv_producer_type/tv_producers_of_this_type./tv/tv_producer_term/producer /m/026_dcw 0 0 0 0
/m/0ckd1 /tv/tv_producer_type/tv_producers_of_this_type./tv/tv_producer_term/producer /m/04l3_z 0 0 0 0
/m/0ckd1 /tv/tv_producer_type/tv_producers_of_this_type./tv/tv_producer_term/producer /m/06jnvs 0 0 0 0
/m/0ckd1 /tv/tv_producer_type/tv_producers_of_this_type./tv/tv_producer_term/producer /m/05mcjs 0 1 0 0
/m/0ckd1 /tv/tv_producer_type/tv_producers_of_this_type./tv/tv_producer_term/producer /m/01pctb 0 0 0 0
/m/0ckd1 /tv/tv_producer_type/tv_producers_of_this_type./tv/tv_producer_term/producer /m/0q5hw 0 0 0 0
/m/0ckd1 /tv/tv_producer_type/tv_producers_of_this_type./tv/tv_producer_term/producer /m/09gffmz 0 0 0 0
pca confidence sum
/m/0ckd1 /tv/tv_producer_type/tv_producers_of_this_type./tv/tv_producer_term/producer /m/0fxky3 0 0 0 0
/m/0ckd1 /tv/tv_producer_type/tv_producers_of_this_type./tv/tv_producer_term/producer /m/026dd2b 0 0 0 0
/m/0ckd1 /tv/tv_producer_type/tv_producers_of_this_type./tv/tv_producer_term/producer /m/048wrb 0 0 0 0
/m/0ckd1 /tv/tv_producer_type/tv_producers_of_this_type./tv/tv_producer_term/producer /m/02773nt 0 1 0 0
/m/0ckd1 /tv/tv_producer_type/tv_producers_of_this_type./tv/tv_producer_term/producer /m/02kmx6 0 0 0 0
/m/0ckd1 /tv/tv_producer_type/tv_producers_of_this_type./tv/tv_producer_term/producer /m/0dbpyd 0 0 0 0
/m/0ckd1 /tv/tv_producer_type/tv_producers_of_this_type./tv/tv_producer_term/producer /m/026w_gk 0 1 0 0
/m/0ckd1 /tv/tv_producer_type/tv_producers_of_this_type./tv/tv_producer_term/producer /m/0884hk 0 1 0 0
/m/0ckd1 /tv/tv_producer_type/tv_producers_of_this_type./tv/tv_producer_term/producer /m/03bx_5q 0 0 0 0
/m/0ckd1 /tv/tv_producer_type/tv_producers_of_this_type./tv/tv_producer_term/producer /m/0438pz 0 0 0 0
/m/0ckd1 /tv/tv_producer_type/tv_producers_of_this_type./tv/tv_producer_term/producer /m/015pxr 0 1 0 0
/m/0ckd1 /tv/tv_producer_type/tv_producers_of_this_type./tv/tv_producer_term/producer /m/0gd9k 0 0 0 0
/m/0ckd1 /tv/tv_producer_type/tv_producers_of_this_type./tv/tv_producer_term/producer /m/03cs_xw 0 0 0 0
/m/0ckd1 /tv/tv_producer_type/tv_producers_of_this_type./tv/tv_producer_term/producer /m/02xp18 0 0 0 0
/m/0ckd1 /tv/tv_producer_type/tv_producers_of_this_type./tv/tv_producer_term/producer /m/01l1ls 0 0 0 0
/m/0ckd1 /tv/tv_producer_type/tv_producers_of_this_type./tv/tv_producer_term/producer /m/01d8yn 0 0 0 0
/m/0ckd1 /tv/tv_producer_type/tv_producers_of_this_type./tv/tv_producer_term/producer /m/0187y5 0 0 0 0
/m/0ckd1 /tv/tv_producer_type/tv_producers_of_this_type./tv/tv_producer_term/producer /m/0b7gxq 0 0 0 0
/m/0ckd1 /tv/tv_producer_type/tv_producers_of_this_type./tv/tv_producer_term/producer /m/01zlh5 0 0 0 0
/m/0ckd1 /tv/tv_producer_type/tv_producers_of_this_type./tv/tv_producer_term/producer /m/01gbbz 0 0 0 0
/m/0ckd1 /tv/tv_producer_type/tv_producers_of_this_type./tv/tv_producer_term/producer /m/014z8v 0 0 0 0
/m/0ckd1 /tv/tv_producer_type/tv_producers_of_this_type./tv/tv_producer_term/producer /m/026_dcw 0 1 0 0
/m/0ckd1 /tv/tv_producer_type/tv_producers_of_this_type./tv/tv_producer_term/producer /m/04l3_z 0 0 0 0
/m/0ckd1 /tv/tv_producer_type/tv_producers_of_this_type./tv/tv_producer_term/producer /m/06jnvs 0 1 0 0
/m/0ckd1 /tv/tv_producer_type/tv_producers_of_this_type./tv/tv_producer_term/producer /m/05mcjs 0 0 0 0
/m/0ckd1 /tv/tv_producer_type/tv_producers_of_this_type./tv/tv_producer_term/producer /m/01pctb 0 0 0 0
/m/0ckd1 /tv/tv_producer_type/tv_producers_of_this_type./tv/tv_producer_term/producer /m/0q5hw 0 1 0 0
/m/0ckd1 /tv/tv_producer_type/tv_producers_of_this_type./tv/tv_producer_term/producer /m/09gffmz 0 0 0 0
std confidence sum
/m/0ckd1 /tv/tv_producer_type/tv_producers_of_this_type./tv/tv_producer_term/producer /m/0fxky3 0 0 0 0
/m/0ckd1 /tv/tv_producer_type/tv_producers_of_this_type./tv/tv_producer_term/producer /m/026dd2b 0 0 0 0
/m/0ckd1 /tv/tv_producer_type/tv_producers_of_this_type./tv/tv_producer_term/producer /m/048wrb 0 0 0 0
/m/0ckd1 /tv/tv_producer_type/tv_producers_of_this_type./tv/tv_producer_term/producer /m/02773nt 0 1 0 0
/m/0ckd1 /tv/tv_producer_type/tv_producers_of_this_type./tv/tv_producer_term/producer /m/02kmx6 0 0 0 0
/m/0ckd1 /tv/tv_producer_type/tv_producers_of_this_type./tv/tv_producer_term/producer /m/0dbpyd 0 0 0 0
/m/0ckd1 /tv/tv_producer_type/tv_producers_of_this_type./tv/tv_producer_term/producer /m/026w_gk 0 1 0 0
/m/0ckd1 /tv/tv_producer_type/tv_producers_of_this_type./tv/tv_producer_term/producer /m/0884hk 0 1 0 0
/m/0ckd1 /tv/tv_producer_type/tv_producers_of_this_type./tv/tv_producer_term/producer /m/03bx_5q 0 0 0 0
/m/0ckd1 /tv/tv_producer_type/tv_producers_of_this_type./tv/tv_producer_term/producer /m/0438pz 0 0 0 0
/m/0ckd1 /tv/tv_producer_type/tv_producers_of_this_type./tv/tv_producer_term/producer /m/015pxr 0 0 0 0
/m/0ckd1 /tv/tv_producer_type/tv_producers_of_this_type./tv/tv_producer_term/producer /m/0gd9k 0 0 0 0
/m/0ckd1 /tv/tv_producer_type/tv_producers_of_this_type./tv/tv_producer_term/producer /m/03cs_xw 0 0 0 0
/m/0ckd1 /tv/tv_producer_type/tv_producers_of_this_type./tv/tv_producer_term/producer /m/02xp18 0 0 0 0
/m/0ckd1 /tv/tv_producer_type/tv_producers_of_this_type./tv/tv_producer_term/producer /m/01l1ls 0 0 0 0
/m/0ckd1 /tv/tv_producer_type/tv_producers_of_this_type./tv/tv_producer_term/producer /m/01d8yn 0 0 0 0
/m/0ckd1 /tv/tv_producer_type/tv_producers_of_this_type./tv/tv_producer_term/producer /m/0187y5 0 0 0 0
/m/0ckd1 /tv/tv_producer_type/tv_producers_of_this_type./tv/tv_producer_term/producer /m/0b7gxq 0 0 0 0
/m/0ckd1 /tv/tv_producer_type/tv_producers_of_this_type./tv/tv_producer_term/producer /m/01zlh5 0 0 0 0
/m/0ckd1 /tv/tv_producer_type/tv_producers_of_this_type./tv/tv_producer_term/producer /m/01gbbz 0 0 0 0
/m/0ckd1 /tv/tv_producer_type/tv_producers_of_this_type./tv/tv_producer_term/producer /m/014z8v 0 0 0 0
/m/0ckd1 /tv/tv_producer_type/tv_producers_of_this_type./tv/tv_producer_term/producer /m/026_dcw 0 1 0 0
/m/0ckd1 /tv/tv_producer_type/tv_producers_of_this_type./tv/tv_producer_term/producer /m/04l3_z 0 0 0 0
/m/0ckd1 /tv/tv_producer_type/tv_producers_of_this_type./tv/tv_producer_term/producer /m/06jnvs 0 0 0 0
/m/0ckd1 /tv/tv_producer_type/tv_producers_of_this_type./tv/tv_producer_term/producer /m/05mcjs 0 0 0 0
/m/0ckd1 /tv/tv_producer_type/tv_producers_of_this_type./tv/tv_producer_term/producer /m/01pctb 0 0 0 0
/m/0ckd1 /tv/tv_producer_type/tv_producers_of_this_type./tv/tv_producer_term/producer /m/0q5hw 0 1 0 0
/m/0ckd1 /tv/tv_producer_type/tv_producers_of_this_type./tv/tv_producer_term/producer /m/09gffmz 0 0 0 0
