pca confidence count
/m/0ckd1 /tv/tv_producer_type/tv_producers_of_this_type./tv/tv_producer_term/program /m/01bv8b 0 1 0 1
/m/0ckd1 /tv/tv_producer_type/tv_producers_of_this_type./tv/tv_producer_term/program /m/0h95b81 0 0 0 0
/m/0ckd1 /tv/tv_producer_type/tv_producers_of_this_type./tv/tv_producer_term/program /m/01vnbh 0 1 0 0
/m/0ckd1 /tv/tv_producer_type/tv_producers_of_this_type./tv/tv_producer_term/program /m/019g8j 0 0 0 0
/m/0ckd1 /tv/tv_producer_type/tv_producers_of_this_type./tv/tv_producer_term/program /m/02906 0 0 0 0
/m/0ckd1 /tv/tv_producer_type/tv_producers_of_this_type./tv/tv_producer_term/program /m/01h72l 0 1 0 0
/m/0ckd1 /tv/tv_producer_type/tv_producers_of_this_type./tv/tv_producer_term/program /m/01fszq 0 1 0 0
/m/0ckd1 /tv/tv_producer_type/tv_producers_of_this_type./tv/tv_producer_term/program /m/0124k9 0 1 0 1
/m/0ckd1 /tv/tv_producer_type/tv_producers_of_this_type./tv/tv_producer_term/program /m/02qfh 0 0 0 0
/m/0ckd1 /tv/tv_producer_type/tv_producers_of_this_type./tv/tv_producer_term/program /m/080dwhx 0 1 0 1
/m/0ckd1 /tv/tv_producer_type/tv_producers_of_this_type./tv/tv_producer_term/program /m/097h2 0 0 0 0
/m/0ckd1 /tv/tv_producer_type/tv_producers_of_this_type./tv/tv_producer_term/program /m/0gj50 0 1 0 1
/m/0ckd1 /tv/tv_producer_type/tv_producers_of_this_type./tv/tv_producer_term/program /m/02hct1 0 1 0 1
/m/0ckd1 /tv/tv_producer_type/tv_producers_of_this_type./tv/tv_producer_term/program /m/01y6dz 0 1 0 1
std confidence count
/m/0ckd1 /tv/tv_producer_type/tv_producers_of_this_type./tv/tv_producer_term/program /m/01bv8b 0 1 0 0
/m/0ckd1 /tv/tv_producer_type/tv_producers_of_this_type./tv/tv_producer_term/program /m/0h95b81 0 0 0 0
/m/0ckd1 /tv/tv_producer_type/tv_producers_of_this_type./tv/tv_producer_term/program /m/01vnbh 0 0 0 0
/m/0ckd1 /tv/tv_producer_type/tv_producers_of_this_type./tv/tv_producer_term/program /m/019g8j 0 0 0 0
/m/0ckd1 /tv/tv_producer_type/tv_producers_of_this_type./tv/tv_producer_term/program /m/02906 0 0 0 0
/m/0ckd1 /tv/tv_producer_type/tv_producers_of_this_type./tv/tv_producer_term/program /m/01h72l 0 0 0 0
/m/0ckd1 /tv/tv_producer_type/tv_producers_of_this_type./tv/tv_producer_term/program /m/01fszq 0 0 0 0
/m/0ckd1 /tv/tv_producer_type/tv_producers_of_this_type./tv/tv_producer_term/program /m/0124k9 0 0 0 0
/m/0ckd1 /tv/tv_producer_type/tv_producers_of_this_type./tv/tv_producer_term/program /m/02qfh 0 0 0 0
/m/0ckd1 /tv/tv_producer_type/tv_producers_of_this_type./tv/tv_producer_term/program /m/080dwhx 0 1 0 0
/m/0ckd1 /tv/tv_producer_type/tv_producers_of_this_type./tv/tv_producer_term/program /m/097h2 0 0 0 0
/m/0ckd1 /tv/tv_producer_type/tv_producers_of_this_type./tv/tv_producer_term/program /m/0gj50 0 1 0 0
/m/0ckd1 /tv/tv_producer_type/tv_producers_of_this_type./tv/tv_producer_term/program /m/02hct1 0 0 0 0
/m/0ckd1 /tv/tv_producer_type/tv_producers_of_this_type./tv/tv_producer_term/program /m/01y6dz 0 1 0 0
pca confidence sum
/m/0ckd1 /tv/tv_producer_type/tv_producers_of_this_type./tv/tv_producer_term/program /m/01bv8b 0 1 0 1
/m/0ckd1 /tv/tv_producer_type/tv_producers_of_this_type./tv/tv_producer_term/program /m/0h95b81 0 0 0 0
/m/0ckd1 /tv/tv_producer_type/tv_producers_of_this_type./tv/tv_producer_term/program /m/01vnbh 0 1 0 0
/m/0ckd1 /tv/tv_producer_type/tv_producers_of_this_type./tv/tv_producer_term/program /m/019g8j 0 0 0 0
/m/0ckd1 /tv/tv_producer_type/tv_producers_of_this_type./tv/tv_producer_term/program /m/02906 0 0 0 0
/m/0ckd1 /tv/tv_producer_type/tv_producers_of_this_type./tv/tv_producer_term/program /m/01h72l 0 1 0 0
/m/0ckd1 /tv/tv_producer_type/tv_producers_of_this_type./tv/tv_producer_term/program /m/01fszq 0 1 0 0
/m/0ckd1 /tv/tv_producer_type/tv_producers_of_this_type./tv/tv_producer_term/program /m/0124k9 0 1 0 1
/m/0ckd1 /tv/tv_producer_type/tv_producers_of_this_type./tv/tv_producer_term/program /m/02qfh 0 0 0 0
/m/0ckd1 /tv/tv_producer_type/tv_producers_of_this_type./tv/tv_producer_term/program /m/080dwhx 0 1 0 1
/m/0ckd1 /tv/tv_producer_type/tv_producers_of_this_type./tv/tv_producer_term/program /m/097h2 0 0 0 0
/m/0ckd1 /tv/tv_producer_type/tv_producers_of_this_type./tv/tv_producer_term/program /m/0gj50 0 1 0 1
/m/0ckd1 /tv/tv_producer_type/tv_producers_of_this_type./tv/tv_producer_term/program /m/02hct1 0 1 0 1
/m/0ckd1 /tv/tv_producer_type/tv_producers_of_this_type./tv/tv_producer_term/program /m/01y6dz 0 1 0 1
std confidence sum
/m/0ckd1 /tv/tv_producer_type/tv_producers_of_this_type./tv/tv_producer_term/program /m/01bv8b 0 1 0 1
/m/0ckd1 /tv/tv_producer_type/tv_producers_of_this_type./tv/tv_producer_term/program /m/0h95b81 0 0 0 0
/m/0ckd1 /tv/tv_producer_type/tv_producers_of_this_type./tv/tv_producer_term/program /m/01vnbh 0 1 0 0
/m/0ckd1 /tv/tv_producer_type/tv_producers_of_this_type./tv/tv_producer_term/program /m/019g8j 0 0 0 0
/m/0ckd1 /tv/tv_producer_type/tv_producers_of_this_type./tv/tv_producer_term/program /m/02906 0 0 0 0
/m/0ckd1 /tv/tv_producer_type/tv_producers_of_this_type./tv/tv_producer_term/program /m/01h72l 0 1 0 0
/m/0ckd1 /tv/tv_producer_type/tv_producers_of_this_type./tv/tv_producer_term/program /m/01fszq 0 1 0 0
/m/0ckd1 /tv/tv_producer_type/tv_producers_of_this_type./tv/tv_producer_term/program /m/0124k9 0 1 0 1
/m/0ckd1 /tv/tv_producer_type/tv_producers_of_this_type./tv/tv_producer_term/program /m/02qfh 0 0 0 0
/m/0ckd1 /tv/tv_producer_type/tv_producers_of_this_type./tv/tv_producer_term/program /m/080dwhx 0 1 0 1
/m/0ckd1 /tv/tv_producer_type/tv_producers_of_this_type./tv/tv_producer_term/program /m/097h2 0 0 0 0
/m/0ckd1 /tv/tv_producer_type/tv_producers_of_this_type./tv/tv_producer_term/program /m/0gj50 0 1 0 1
/m/0ckd1 /tv/tv_producer_type/tv_producers_of_this_type./tv/tv_producer_term/program /m/02hct1 0 1 0 1
/m/0ckd1 /tv/tv_producer_type/tv_producers_of_this_type./tv/tv_producer_term/program /m/01y6dz 0 1 0 1
