pca confidence count
/m/04s0m /user/alexander/philosophy/subject/philosophers /m/0372p 0 0 0 0
/m/02jhc /user/alexander/philosophy/subject/philosophers /m/01bpn 0 0 0 0
/m/05r79 /user/alexander/philosophy/subject/philosophers /m/0ct9_ 0 0 0 0
/m/05qt0 /user/alexander/philosophy/subject/philosophers /m/045bg 0 0 0 0
/m/0gt_hv /user/alexander/philosophy/subject/philosophers /m/047g6 0 1 0 0
/m/02jcc /user/alexander/philosophy/subject/philosophers /m/047g6 0 0 0 0
/m/04s0m /user/alexander/philosophy/subject/philosophers /m/0nk72 0 0 0 0
/m/05r79 /user/alexander/philosophy/subject/philosophers /m/032r1 0 0 0 0
/m/06mq7 /user/alexander/philosophy/subject/philosophers /m/0m93 0 0 0 0
/m/06ms6 /user/alexander/philosophy/subject/philosophers /m/048cl 1 1 1 1
std confidence count
/m/04s0m /user/alexander/philosophy/subject/philosophers /m/0372p 0 1 0 1
/m/02jhc /user/alexander/philosophy/subject/philosophers /m/01bpn 0 1 0 1
/m/05r79 /user/alexander/philosophy/subject/philosophers /m/0ct9_ 1 1 0 1
/m/05qt0 /user/alexander/philosophy/subject/philosophers /m/045bg 1 1 0 1
/m/0gt_hv /user/alexander/philosophy/subject/philosophers /m/047g6 1 1 0 1
/m/02jcc /user/alexander/philosophy/subject/philosophers /m/047g6 0 1 0 1
/m/04s0m /user/alexander/philosophy/subject/philosophers /m/0nk72 0 1 0 1
/m/05r79 /user/alexander/philosophy/subject/philosophers /m/032r1 0 1 0 0
/m/06mq7 /user/alexander/philosophy/subject/philosophers /m/0m93 0 0 0 0
/m/06ms6 /user/alexander/philosophy/subject/philosophers /m/048cl 1 1 1 1
pca confidence sum
/m/04s0m /user/alexander/philosophy/subject/philosophers /m/0372p 0 1 0 0
/m/02jhc /user/alexander/philosophy/subject/philosophers /m/01bpn 0 0 0 0
/m/05r79 /user/alexander/philosophy/subject/philosophers /m/0ct9_ 0 0 0 0
/m/05qt0 /user/alexander/philosophy/subject/philosophers /m/045bg 1 1 0 1
/m/0gt_hv /user/alexander/philosophy/subject/philosophers /m/047g6 1 1 0 1
/m/02jcc /user/alexander/philosophy/subject/philosophers /m/047g6 0 1 0 0
/m/04s0m /user/alexander/philosophy/subject/philosophers /m/0nk72 0 0 0 0
/m/05r79 /user/alexander/philosophy/subject/philosophers /m/032r1 0 1 0 0
/m/06mq7 /user/alexander/philosophy/subject/philosophers /m/0m93 0 0 0 0
/m/06ms6 /user/alexander/philosophy/subject/philosophers /m/048cl 1 1 0 0
std confidence sum
/m/04s0m /user/alexander/philosophy/subject/philosophers /m/0372p 0 1 0 0
/m/02jhc /user/alexander/philosophy/subject/philosophers /m/01bpn 0 0 0 0
/m/05r79 /user/alexander/philosophy/subject/philosophers /m/0ct9_ 0 0 0 0
/m/05qt0 /user/alexander/philosophy/subject/philosophers /m/045bg 1 1 0 1
/m/0gt_hv /user/alexander/philosophy/subject/philosophers /m/047g6 1 1 0 1
/m/02jcc /user/alexander/philosophy/subject/philosophers /m/047g6 0 1 0 0
/m/04s0m /user/alexander/philosophy/subject/philosophers /m/0nk72 0 1 0 0
/m/05r79 /user/alexander/philosophy/subject/philosophers /m/032r1 1 1 0 0
/m/06mq7 /user/alexander/philosophy/subject/philosophers /m/0m93 0 0 0 0
/m/06ms6 /user/alexander/philosophy/subject/philosophers /m/048cl 1 1 1 1
