pca confidence count
/m/06cv1 /base/popstra/celebrity/friendship./base/popstra/friendship/participant /m/0693l 0 0 0 0
/m/01pllx /base/popstra/celebrity/friendship./base/popstra/friendship/participant /m/01vvb4m 0 0 0 0
/m/0bq2g /base/popstra/celebrity/friendship./base/popstra/friendship/participant /m/012x2b 0 0 0 0
/m/0157m /base/popstra/celebrity/friendship./base/popstra/friendship/participant /m/06pj8 0 0 0 0
/m/0f4vbz /base/popstra/celebrity/friendship./base/popstra/friendship/participant /m/014zcr 1 1 0 0
/m/0pmhf /base/popstra/celebrity/friendship./base/popstra/friendship/participant /m/0c1pj 0 0 0 0
/m/0jfx1 /base/popstra/celebrity/friendship./base/popstra/friendship/participant /m/01mwsnc 0 0 0 0
/m/01vx5w7 /base/popstra/celebrity/friendship./base/popstra/friendship/participant /m/015z4j 0 0 0 0
/m/01mwsnc /base/popstra/celebrity/friendship./base/popstra/friendship/participant /m/0jfx1 0 0 0 0
/m/01fs_4 /base/popstra/celebrity/friendship./base/popstra/friendship/participant /m/0161h5 0 0 0 0
/m/0693l /base/popstra/celebrity/friendship./base/popstra/friendship/participant /m/06cv1 0 0 0 0
/m/05dbf /base/popstra/celebrity/friendship./base/popstra/friendship/participant /m/02r6c_ 0 0 0 0
/m/048lv /base/popstra/celebrity/friendship./base/popstra/friendship/participant /m/01wxyx1 0 0 0 0
/m/01vsgrn /base/popstra/celebrity/friendship./base/popstra/friendship/participant /m/01vrz41 0 0 0 0
/m/02qfhb /base/popstra/celebrity/friendship./base/popstra/friendship/participant /m/01gq0b 0 0 0 0
/m/07cjqy /base/popstra/celebrity/friendship./base/popstra/friendship/participant /m/0fby2t 0 0 0 0
/m/01vrz41 /base/popstra/celebrity/friendship./base/popstra/friendship/participant /m/01vsgrn 0 0 0 0
/m/013w7j /base/popstra/celebrity/friendship./base/popstra/friendship/participant /m/04xrx 0 0 0 0
/m/06pj8 /base/popstra/celebrity/friendship./base/popstra/friendship/participant /m/0157m 0 0 0 0
/m/02r6c_ /base/popstra/celebrity/friendship./base/popstra/friendship/participant /m/05dbf 0 0 0 0
/m/01skmp /base/popstra/celebrity/friendship./base/popstra/friendship/participant /m/01x6jd 0 0 0 0
/m/01x6jd /base/popstra/celebrity/friendship./base/popstra/friendship/participant /m/01skmp 0 0 0 0
/m/0gyx4 /base/popstra/celebrity/friendship./base/popstra/friendship/participant /m/03knl 0 0 0 0
/m/09889g /base/popstra/celebrity/friendship./base/popstra/friendship/participant /m/01f5q5 0 1 0 0
/m/01wmgrf /base/popstra/celebrity/friendship./base/popstra/friendship/participant /m/02ktrs 0 0 0 0
/m/0bxtg /base/popstra/celebrity/friendship./base/popstra/friendship/participant /m/02v3yy 0 0 0 0
/m/01rr9f /base/popstra/celebrity/friendship./base/popstra/friendship/participant /m/048lv 0 0 0 0
/m/02k4gv /base/popstra/celebrity/friendship./base/popstra/friendship/participant /m/0kxbc 0 0 0 0
/m/019pm_ /base/popstra/celebrity/friendship./base/popstra/friendship/participant /m/02f8lw 0 0 0 0
/m/012x2b /base/popstra/celebrity/friendship./base/popstra/friendship/participant /m/0bq2g 1 1 1 1
/m/01hcj2 /base/popstra/celebrity/friendship./base/popstra/friendship/participant /m/0bksh 0 0 0 0
/m/0c1pj /base/popstra/celebrity/friendship./base/popstra/friendship/participant /m/0pmhf 0 0 0 0
std confidence count
/m/06cv1 /base/popstra/celebrity/friendship./base/popstra/friendship/participant /m/0693l 0 0 0 0
/m/01pllx /base/popstra/celebrity/friendship./base/popstra/friendship/participant /m/01vvb4m 0 0 0 0
/m/0bq2g /base/popstra/celebrity/friendship./base/popstra/friendship/participant /m/012x2b 0 0 0 0
/m/0157m /base/popstra/celebrity/friendship./base/popstra/friendship/participant /m/06pj8 0 0 0 0
/m/0f4vbz /base/popstra/celebrity/friendship./base/popstra/friendship/participant /m/014zcr 1 1 0 0
/m/0pmhf /base/popstra/celebrity/friendship./base/popstra/friendship/participant /m/0c1pj 0 0 0 0
/m/0jfx1 /base/popstra/celebrity/friendship./base/popstra/friendship/participant /m/01mwsnc 0 0 0 0
/m/01vx5w7 /base/popstra/celebrity/friendship./base/popstra/friendship/participant /m/015z4j 0 0 0 0
/m/01mwsnc /base/popstra/celebrity/friendship./base/popstra/friendship/participant /m/0jfx1 0 0 0 0
/m/01fs_4 /base/popstra/celebrity/friendship./base/popstra/friendship/participant /m/0161h5 0 0 0 0
/m/0693l /base/popstra/celebrity/friendship./base/popstra/friendship/participant /m/06cv1 0 0 0 0
/m/05dbf /base/popstra/celebrity/friendship./base/popstra/friendship/participant /m/02r6c_ 0 0 0 0
/m/048lv /base/popstra/celebrity/friendship./base/popstra/friendship/participant /m/01wxyx1 0 0 0 0
/m/01vsgrn /base/popstra/celebrity/friendship./base/popstra/friendship/participant /m/01vrz41 0 0 0 0
/m/02qfhb /base/popstra/celebrity/friendship./base/popstra/friendship/participant /m/01gq0b 0 0 0 0
/m/07cjqy /base/popstra/celebrity/friendship./base/popstra/friendship/participant /m/0fby2t 0 0 0 0
/m/01vrz41 /base/popstra/celebrity/friendship./base/popstra/friendship/participant /m/01vsgrn 0 0 0 0
/m/013w7j /base/popstra/celebrity/friendship./base/popstra/friendship/participant /m/04xrx 0 0 0 0
/m/06pj8 /base/popstra/celebrity/friendship./base/popstra/friendship/participant /m/0157m 0 0 0 0
/m/02r6c_ /base/popstra/celebrity/friendship./base/popstra/friendship/participant /m/05dbf 0 0 0 0
/m/01skmp /base/popstra/celebrity/friendship./base/popstra/friendship/participant /m/01x6jd 0 0 0 0
/m/01x6jd /base/popstra/celebrity/friendship./base/popstra/friendship/participant /m/01skmp 0 0 0 0
/m/0gyx4 /base/popstra/celebrity/friendship./base/popstra/friendship/participant /m/03knl 0 0 0 0
/m/09889g /base/popstra/celebrity/friendship./base/popstra/friendship/participant /m/01f5q5 0 1 0 0
/m/01wmgrf /base/popstra/celebrity/friendship./base/popstra/friendship/participant /m/02ktrs 0 0 0 0
/m/0bxtg /base/popstra/celebrity/friendship./base/popstra/friendship/participant /m/02v3yy 0 0 0 0
/m/01rr9f /base/popstra/celebrity/friendship./base/popstra/friendship/participant /m/048lv 0 0 0 0
/m/02k4gv /base/popstra/celebrity/friendship./base/popstra/friendship/participant /m/0kxbc 0 0 0 0
/m/019pm_ /base/popstra/celebrity/friendship./base/popstra/friendship/participant /m/02f8lw 0 0 0 0
/m/012x2b /base/popstra/celebrity/friendship./base/popstra/friendship/participant /m/0bq2g 1 1 1 1
/m/01hcj2 /base/popstra/celebrity/friendship./base/popstra/friendship/participant /m/0bksh 0 0 0 0
/m/0c1pj /base/popstra/celebrity/friendship./base/popstra/friendship/participant /m/0pmhf 0 0 0 0
pca confidence sum
/m/06cv1 /base/popstra/celebrity/friendship./base/popstra/friendship/participant /m/0693l 0 0 0 0
/m/01pllx /base/popstra/celebrity/friendship./base/popstra/friendship/participant /m/01vvb4m 0 0 0 0
/m/0bq2g /base/popstra/celebrity/friendship./base/popstra/friendship/participant /m/012x2b 0 0 0 0
/m/0157m /base/popstra/celebrity/friendship./base/popstra/friendship/participant /m/06pj8 0 0 0 0
/m/0f4vbz /base/popstra/celebrity/friendship./base/popstra/friendship/participant /m/014zcr 1 1 0 0
/m/0pmhf /base/popstra/celebrity/friendship./base/popstra/friendship/participant /m/0c1pj 0 0 0 0
/m/0jfx1 /base/popstra/celebrity/friendship./base/popstra/friendship/participant /m/01mwsnc 0 0 0 0
/m/01vx5w7 /base/popstra/celebrity/friendship./base/popstra/friendship/participant /m/015z4j 0 0 0 0
/m/01mwsnc /base/popstra/celebrity/friendship./base/popstra/friendship/participant /m/0jfx1 0 0 0 0
/m/01fs_4 /base/popstra/celebrity/friendship./base/popstra/friendship/participant /m/0161h5 0 0 0 0
/m/0693l /base/popstra/celebrity/friendship./base/popstra/friendship/participant /m/06cv1 0 0 0 0
/m/05dbf /base/popstra/celebrity/friendship./base/popstra/friendship/participant /m/02r6c_ 0 0 0 0
/m/048lv /base/popstra/celebrity/friendship./base/popstra/friendship/participant /m/01wxyx1 0 0 0 0
/m/01vsgrn /base/popstra/celebrity/friendship./base/popstra/friendship/participant /m/01vrz41 0 0 0 0
/m/02qfhb /base/popstra/celebrity/friendship./base/popstra/friendship/participant /m/01gq0b 0 0 0 0
/m/07cjqy /base/popstra/celebrity/friendship./base/popstra/friendship/participant /m/0fby2t 0 0 0 0
/m/01vrz41 /base/popstra/celebrity/friendship./base/popstra/friendship/participant /m/01vsgrn 0 0 0 0
/m/013w7j /base/popstra/celebrity/friendship./base/popstra/friendship/participant /m/04xrx 0 0 0 0
/m/06pj8 /base/popstra/celebrity/friendship./base/popstra/friendship/participant /m/0157m 0 0 0 0
/m/02r6c_ /base/popstra/celebrity/friendship./base/popstra/friendship/participant /m/05dbf 0 0 0 0
/m/01skmp /base/popstra/celebrity/friendship./base/popstra/friendship/participant /m/01x6jd 0 0 0 0
/m/01x6jd /base/popstra/celebrity/friendship./base/popstra/friendship/participant /m/01skmp 0 0 0 0
/m/0gyx4 /base/popstra/celebrity/friendship./base/popstra/friendship/participant /m/03knl 0 0 0 0
/m/09889g /base/popstra/celebrity/friendship./base/popstra/friendship/participant /m/01f5q5 0 0 0 0
/m/01wmgrf /base/popstra/celebrity/friendship./base/popstra/friendship/participant /m/02ktrs 0 0 0 0
/m/0bxtg /base/popstra/celebrity/friendship./base/popstra/friendship/participant /m/02v3yy 0 0 0 0
/m/01rr9f /base/popstra/celebrity/friendship./base/popstra/friendship/participant /m/048lv 0 0 0 0
/m/02k4gv /base/popstra/celebrity/friendship./base/popstra/friendship/participant /m/0kxbc 0 0 0 0
/m/019pm_ /base/popstra/celebrity/friendship./base/popstra/friendship/participant /m/02f8lw 0 0 0 0
/m/012x2b /base/popstra/celebrity/friendship./base/popstra/friendship/participant /m/0bq2g 1 1 1 1
/m/01hcj2 /base/popstra/celebrity/friendship./base/popstra/friendship/participant /m/0bksh 0 0 0 0
/m/0c1pj /base/popstra/celebrity/friendship./base/popstra/friendship/participant /m/0pmhf 0 0 0 0
std confidence sum
/m/06cv1 /base/popstra/celebrity/friendship./base/popstra/friendship/participant /m/0693l 0 0 0 0
/m/01pllx /base/popstra/celebrity/friendship./base/popstra/friendship/participant /m/01vvb4m 0 0 0 0
/m/0bq2g /base/popstra/celebrity/friendship./base/popstra/friendship/participant /m/012x2b 0 0 0 0
/m/0157m /base/popstra/celebrity/friendship./base/popstra/friendship/participant /m/06pj8 0 0 0 0
/m/0f4vbz /base/popstra/celebrity/friendship./base/popstra/friendship/participant /m/014zcr 1 1 0 0
/m/0pmhf /base/popstra/celebrity/friendship./base/popstra/friendship/participant /m/0c1pj 0 0 0 0
/m/0jfx1 /base/popstra/celebrity/friendship./base/popstra/friendship/participant /m/01mwsnc 0 0 0 0
/m/01vx5w7 /base/popstra/celebrity/friendship./base/popstra/friendship/participant /m/015z4j 0 0 0 0
/m/01mwsnc /base/popstra/celebrity/friendship./base/popstra/friendship/participant /m/0jfx1 0 0 0 0
/m/01fs_4 /base/popstra/celebrity/friendship./base/popstra/friendship/participant /m/0161h5 0 0 0 0
/m/0693l /base/popstra/celebrity/friendship./base/popstra/friendship/participant /m/06cv1 0 0 0 0
/m/05dbf /base/popstra/celebrity/friendship./base/popstra/friendship/participant /m/02r6c_ 0 0 0 0
/m/048lv /base/popstra/celebrity/friendship./base/popstra/friendship/participant /m/01wxyx1 0 0 0 0
/m/01vsgrn /base/popstra/celebrity/friendship./base/popstra/friendship/participant /m/01vrz41 0 0 0 0
/m/02qfhb /base/popstra/celebrity/friendship./base/popstra/friendship/participant /m/01gq0b 0 0 0 0
/m/07cjqy /base/popstra/celebrity/friendship./base/popstra/friendship/participant /m/0fby2t 0 0 0 0
/m/01vrz41 /base/popstra/celebrity/friendship./base/popstra/friendship/participant /m/01vsgrn 0 0 0 0
/m/013w7j /base/popstra/celebrity/friendship./base/popstra/friendship/participant /m/04xrx 0 0 0 0
/m/06pj8 /base/popstra/celebrity/friendship./base/popstra/friendship/participant /m/0157m 0 0 0 0
/m/02r6c_ /base/popstra/celebrity/friendship./base/popstra/friendship/participant /m/05dbf 0 0 0 0
/m/01skmp /base/popstra/celebrity/friendship./base/popstra/friendship/participant /m/01x6jd 0 0 0 0
/m/01x6jd /base/popstra/celebrity/friendship./base/popstra/friendship/participant /m/01skmp 0 0 0 0
/m/0gyx4 /base/popstra/celebrity/friendship./base/popstra/friendship/participant /m/03knl 0 0 0 0
/m/09889g /base/popstra/celebrity/friendship./base/popstra/friendship/participant /m/01f5q5 0 1 0 0
/m/01wmgrf /base/popstra/celebrity/friendship./base/popstra/friendship/participant /m/02ktrs 0 0 0 0
/m/0bxtg /base/popstra/celebrity/friendship./base/popstra/friendship/participant /m/02v3yy 0 0 0 0
/m/01rr9f /base/popstra/celebrity/friendship./base/popstra/friendship/participant /m/048lv 0 0 0 0
/m/02k4gv /base/popstra/celebrity/friendship./base/popstra/friendship/participant /m/0kxbc 0 0 0 0
/m/019pm_ /base/popstra/celebrity/friendship./base/popstra/friendship/participant /m/02f8lw 0 0 0 0
/m/012x2b /base/popstra/celebrity/friendship./base/popstra/friendship/participant /m/0bq2g 1 1 1 1
/m/01hcj2 /base/popstra/celebrity/friendship./base/popstra/friendship/participant /m/0bksh 0 0 0 0
/m/0c1pj /base/popstra/celebrity/friendship./base/popstra/friendship/participant /m/0pmhf 0 0 0 0
