pca confidence count
/m/0g5lhl7 /base/schemastaging/organization_extra/phone_number./base/schemastaging/phone_sandbox/service_location /m/07ssc 1 1 1 1
/m/01s73z /base/schemastaging/organization_extra/phone_number./base/schemastaging/phone_sandbox/service_location /m/09c7w0 1 1 1 1
/m/01hlwv /base/schemastaging/organization_extra/phone_number./base/schemastaging/phone_sandbox/service_location /m/05r7t 0 0 0 0
/m/07zl6m /base/schemastaging/organization_extra/phone_number./base/schemastaging/phone_sandbox/service_location /m/059j2 0 0 0 0
/m/04sv4 /base/schemastaging/organization_extra/phone_number./base/schemastaging/phone_sandbox/service_location /m/07ssc 1 1 0 1
/m/06q07 /base/schemastaging/organization_extra/phone_number./base/schemastaging/phone_sandbox/service_location /m/0d060g 1 1 0 1
/m/0gvbw /base/schemastaging/organization_extra/phone_number./base/schemastaging/phone_sandbox/service_location /m/07ssc 1 1 0 1
/m/087c7 /base/schemastaging/organization_extra/phone_number./base/schemastaging/phone_sandbox/service_location /m/0d060g 1 1 0 0
/m/077w0b /base/schemastaging/organization_extra/phone_number./base/schemastaging/phone_sandbox/service_location /m/02j71 1 1 0 0
/m/018mxj /base/schemastaging/organization_extra/phone_number./base/schemastaging/phone_sandbox/service_location /m/035qy 0 0 0 0
/m/06p8m /base/schemastaging/organization_extra/phone_number./base/schemastaging/phone_sandbox/service_location /m/0chghy 0 0 0 0
/m/0l8sx /base/schemastaging/organization_extra/phone_number./base/schemastaging/phone_sandbox/service_location /m/09c7w0 1 1 1 1
/m/01y81r /base/schemastaging/organization_extra/phone_number./base/schemastaging/phone_sandbox/service_location /m/06y57 0 0 0 0
/m/0p4wb /base/schemastaging/organization_extra/phone_number./base/schemastaging/phone_sandbox/service_location /m/09c7w0 1 1 1 1
/m/06_9lg /base/schemastaging/organization_extra/phone_number./base/schemastaging/phone_sandbox/service_location /m/0cw51 0 0 0 0
/m/045c7b /base/schemastaging/organization_extra/phone_number./base/schemastaging/phone_sandbox/service_location /m/02j71 1 1 0 0
/m/03mnk /base/schemastaging/organization_extra/phone_number./base/schemastaging/phone_sandbox/service_location /m/09c7w0 1 1 1 1
/m/06_9lg /base/schemastaging/organization_extra/phone_number./base/schemastaging/phone_sandbox/service_location /m/0fk98 0 0 0 0
/m/01c6k4 /base/schemastaging/organization_extra/phone_number./base/schemastaging/phone_sandbox/service_location /m/0d05w3 0 0 0 0
/m/049dk /base/schemastaging/organization_extra/phone_number./base/schemastaging/phone_sandbox/service_location /m/09c7w0 1 1 1 1
/m/01c6k4 /base/schemastaging/organization_extra/phone_number./base/schemastaging/phone_sandbox/service_location /m/04pnx 0 0 0 0
/m/03_c8p /base/schemastaging/organization_extra/phone_number./base/schemastaging/phone_sandbox/service_location /m/07f1x 0 0 0 0
/m/018mxj /base/schemastaging/organization_extra/phone_number./base/schemastaging/phone_sandbox/service_location /m/01pj7 0 0 0 0
/m/05b5c /base/schemastaging/organization_extra/phone_number./base/schemastaging/phone_sandbox/service_location /m/0345h 1 1 0 1
/m/0cv9b /base/schemastaging/organization_extra/phone_number./base/schemastaging/phone_sandbox/service_location /m/0d05w3 1 1 0 0
/m/0cjdk /base/schemastaging/organization_extra/phone_number./base/schemastaging/phone_sandbox/service_location /m/09c7w0 1 1 1 1
/m/0226k3 /base/schemastaging/organization_extra/phone_number./base/schemastaging/phone_sandbox/service_location /m/0ctw_b 0 0 0 0
/m/0cv9b /base/schemastaging/organization_extra/phone_number./base/schemastaging/phone_sandbox/service_location /m/04wsz 0 0 0 0
/m/01c6k4 /base/schemastaging/organization_extra/phone_number./base/schemastaging/phone_sandbox/service_location /m/03_3d 0 0 0 0
/m/01bvx1 /base/schemastaging/organization_extra/phone_number./base/schemastaging/phone_sandbox/service_location /m/0d060g 1 1 0 0
/m/0p4wb /base/schemastaging/organization_extra/phone_number./base/schemastaging/phone_sandbox/service_location /m/0j1z8 0 0 0 0
/m/077w0b /base/schemastaging/organization_extra/phone_number./base/schemastaging/phone_sandbox/service_location /m/09lxtg 0 0 0 0
/m/077w0b /base/schemastaging/organization_extra/phone_number./base/schemastaging/phone_sandbox/service_location /m/0d060g 1 1 0 1
/m/07xyn1 /base/schemastaging/organization_extra/phone_number./base/schemastaging/phone_sandbox/service_location /m/02j71 1 1 0 0
/m/01c6k4 /base/schemastaging/organization_extra/phone_number./base/schemastaging/phone_sandbox/service_location /m/03rk0 0 0 0 0
/m/0196bp /base/schemastaging/organization_extra/phone_number./base/schemastaging/phone_sandbox/service_location /m/07ssc 1 1 0 0
/m/059yj /base/schemastaging/organization_extra/phone_number./base/schemastaging/phone_sandbox/service_location /m/09c7w0 1 1 1 1
/m/0p4wb /base/schemastaging/organization_extra/phone_number./base/schemastaging/phone_sandbox/service_location /m/0d05w3 0 0 0 0
std confidence count
/m/0g5lhl7 /base/schemastaging/organization_extra/phone_number./base/schemastaging/phone_sandbox/service_location /m/07ssc 1 1 0 0
/m/01s73z /base/schemastaging/organization_extra/phone_number./base/schemastaging/phone_sandbox/service_location /m/09c7w0 1 1 1 1
/m/01hlwv /base/schemastaging/organization_extra/phone_number./base/schemastaging/phone_sandbox/service_location /m/05r7t 0 0 0 0
/m/07zl6m /base/schemastaging/organization_extra/phone_number./base/schemastaging/phone_sandbox/service_location /m/059j2 0 0 0 0
/m/04sv4 /base/schemastaging/organization_extra/phone_number./base/schemastaging/phone_sandbox/service_location /m/07ssc 1 1 0 1
/m/06q07 /base/schemastaging/organization_extra/phone_number./base/schemastaging/phone_sandbox/service_location /m/0d060g 1 1 0 1
/m/0gvbw /base/schemastaging/organization_extra/phone_number./base/schemastaging/phone_sandbox/service_location /m/07ssc 1 1 0 1
/m/087c7 /base/schemastaging/organization_extra/phone_number./base/schemastaging/phone_sandbox/service_location /m/0d060g 1 1 0 0
/m/077w0b /base/schemastaging/organization_extra/phone_number./base/schemastaging/phone_sandbox/service_location /m/02j71 1 1 0 0
/m/018mxj /base/schemastaging/organization_extra/phone_number./base/schemastaging/phone_sandbox/service_location /m/035qy 0 0 0 0
/m/06p8m /base/schemastaging/organization_extra/phone_number./base/schemastaging/phone_sandbox/service_location /m/0chghy 0 0 0 0
/m/0l8sx /base/schemastaging/organization_extra/phone_number./base/schemastaging/phone_sandbox/service_location /m/09c7w0 1 1 1 1
/m/01y81r /base/schemastaging/organization_extra/phone_number./base/schemastaging/phone_sandbox/service_location /m/06y57 0 0 0 0
/m/0p4wb /base/schemastaging/organization_extra/phone_number./base/schemastaging/phone_sandbox/service_location /m/09c7w0 1 1 0 1
/m/06_9lg /base/schemastaging/organization_extra/phone_number./base/schemastaging/phone_sandbox/service_location /m/0cw51 0 0 0 0
/m/045c7b /base/schemastaging/organization_extra/phone_number./base/schemastaging/phone_sandbox/service_location /m/02j71 1 1 0 0
/m/03mnk /base/schemastaging/organization_extra/phone_number./base/schemastaging/phone_sandbox/service_location /m/09c7w0 1 1 1 1
/m/06_9lg /base/schemastaging/organization_extra/phone_number./base/schemastaging/phone_sandbox/service_location /m/0fk98 0 0 0 0
/m/01c6k4 /base/schemastaging/organization_extra/phone_number./base/schemastaging/phone_sandbox/service_location /m/0d05w3 0 0 0 0
/m/049dk /base/schemastaging/organization_extra/phone_number./base/schemastaging/phone_sandbox/service_location /m/09c7w0 1 1 1 1
/m/01c6k4 /base/schemastaging/organization_extra/phone_number./base/schemastaging/phone_sandbox/service_location /m/04pnx 0 0 0 0
/m/03_c8p /base/schemastaging/organization_extra/phone_number./base/schemastaging/phone_sandbox/service_location /m/07f1x 0 0 0 0
/m/018mxj /base/schemastaging/organization_extra/phone_number./base/schemastaging/phone_sandbox/service_location /m/01pj7 0 0 0 0
/m/05b5c /base/schemastaging/organization_extra/phone_number./base/schemastaging/phone_sandbox/service_location /m/0345h 1 1 0 1
/m/0cv9b /base/schemastaging/organization_extra/phone_number./base/schemastaging/phone_sandbox/service_location /m/0d05w3 1 1 0 0
/m/0cjdk /base/schemastaging/organization_extra/phone_number./base/schemastaging/phone_sandbox/service_location /m/09c7w0 1 1 1 1
/m/0226k3 /base/schemastaging/organization_extra/phone_number./base/schemastaging/phone_sandbox/service_location /m/0ctw_b 0 0 0 0
/m/0cv9b /base/schemastaging/organization_extra/phone_number./base/schemastaging/phone_sandbox/service_location /m/04wsz 0 0 0 0
/m/01c6k4 /base/schemastaging/organization_extra/phone_number./base/schemastaging/phone_sandbox/service_location /m/03_3d 0 0 0 0
/m/01bvx1 /base/schemastaging/organization_extra/phone_number./base/schemastaging/phone_sandbox/service_location /m/0d060g 1 1 0 1
/m/0p4wb /base/schemastaging/organization_extra/phone_number./base/schemastaging/phone_sandbox/service_location /m/0j1z8 0 0 0 0
/m/077w0b /base/schemastaging/organization_extra/phone_number./base/schemastaging/phone_sandbox/service_location /m/09lxtg 0 0 0 0
/m/077w0b /base/schemastaging/organization_extra/phone_number./base/schemastaging/phone_sandbox/service_location /m/0d060g 1 1 0 1
/m/07xyn1 /base/schemastaging/organization_extra/phone_number./base/schemastaging/phone_sandbox/service_location /m/02j71 1 1 0 0
/m/01c6k4 /base/schemastaging/organization_extra/phone_number./base/schemastaging/phone_sandbox/service_location /m/03rk0 0 0 0 0
/m/0196bp /base/schemastaging/organization_extra/phone_number./base/schemastaging/phone_sandbox/service_location /m/07ssc 1 1 0 0
/m/059yj /base/schemastaging/organization_extra/phone_number./base/schemastaging/phone_sandbox/service_location /m/09c7w0 1 1 1 1
/m/0p4wb /base/schemastaging/organization_extra/phone_number./base/schemastaging/phone_sandbox/service_location /m/0d05w3 0 0 0 0
pca confidence sum
/m/0g5lhl7 /base/schemastaging/organization_extra/phone_number./base/schemastaging/phone_sandbox/service_location /m/07ssc 1 1 1 1
/m/01s73z /base/schemastaging/organization_extra/phone_number./base/schemastaging/phone_sandbox/service_location /m/09c7w0 1 1 1 1
/m/01hlwv /base/schemastaging/organization_extra/phone_number./base/schemastaging/phone_sandbox/service_location /m/05r7t 0 0 0 0
/m/07zl6m /base/schemastaging/organization_extra/phone_number./base/schemastaging/phone_sandbox/service_location /m/059j2 0 0 0 0
/m/04sv4 /base/schemastaging/organization_extra/phone_number./base/schemastaging/phone_sandbox/service_location /m/07ssc 1 1 0 1
/m/06q07 /base/schemastaging/organization_extra/phone_number./base/schemastaging/phone_sandbox/service_location /m/0d060g 1 1 0 1
/m/0gvbw /base/schemastaging/organization_extra/phone_number./base/schemastaging/phone_sandbox/service_location /m/07ssc 1 1 0 1
/m/087c7 /base/schemastaging/organization_extra/phone_number./base/schemastaging/phone_sandbox/service_location /m/0d060g 1 1 0 1
/m/077w0b /base/schemastaging/organization_extra/phone_number./base/schemastaging/phone_sandbox/service_location /m/02j71 1 1 0 1
/m/018mxj /base/schemastaging/organization_extra/phone_number./base/schemastaging/phone_sandbox/service_location /m/035qy 0 0 0 0
/m/06p8m /base/schemastaging/organization_extra/phone_number./base/schemastaging/phone_sandbox/service_location /m/0chghy 0 0 0 0
/m/0l8sx /base/schemastaging/organization_extra/phone_number./base/schemastaging/phone_sandbox/service_location /m/09c7w0 1 1 1 1
/m/01y81r /base/schemastaging/organization_extra/phone_number./base/schemastaging/phone_sandbox/service_location /m/06y57 0 0 0 0
/m/0p4wb /base/schemastaging/organization_extra/phone_number./base/schemastaging/phone_sandbox/service_location /m/09c7w0 1 1 1 1
/m/06_9lg /base/schemastaging/organization_extra/phone_number./base/schemastaging/phone_sandbox/service_location /m/0cw51 0 0 0 0
/m/045c7b /base/schemastaging/organization_extra/phone_number./base/schemastaging/phone_sandbox/service_location /m/02j71 1 1 0 0
/m/03mnk /base/schemastaging/organization_extra/phone_number./base/schemastaging/phone_sandbox/service_location /m/09c7w0 1 1 1 1
/m/06_9lg /base/schemastaging/organization_extra/phone_number./base/schemastaging/phone_sandbox/service_location /m/0fk98 0 0 0 0
/m/01c6k4 /base/schemastaging/organization_extra/phone_number./base/schemastaging/phone_sandbox/service_location /m/0d05w3 0 0 0 0
/m/049dk /base/schemastaging/organization_extra/phone_number./base/schemastaging/phone_sandbox/service_location /m/09c7w0 1 1 1 1
/m/01c6k4 /base/schemastaging/organization_extra/phone_number./base/schemastaging/phone_sandbox/service_location /m/04pnx 0 0 0 0
/m/03_c8p /base/schemastaging/organization_extra/phone_number./base/schemastaging/phone_sandbox/service_location /m/07f1x 0 0 0 0
/m/018mxj /base/schemastaging/organization_extra/phone_number./base/schemastaging/phone_sandbox/service_location /m/01pj7 0 0 0 0
/m/05b5c /base/schemastaging/organization_extra/phone_number./base/schemastaging/phone_sandbox/service_location /m/0345h 1 1 0 0
/m/0cv9b /base/schemastaging/organization_extra/phone_number./base/schemastaging/phone_sandbox/service_location /m/0d05w3 1 1 0 0
/m/0cjdk /base/schemastaging/organization_extra/phone_number./base/schemastaging/phone_sandbox/service_location /m/09c7w0 1 1 1 1
/m/0226k3 /base/schemastaging/organization_extra/phone_number./base/schemastaging/phone_sandbox/service_location /m/0ctw_b 0 0 0 0
/m/0cv9b /base/schemastaging/organization_extra/phone_number./base/schemastaging/phone_sandbox/service_location /m/04wsz 0 0 0 0
/m/01c6k4 /base/schemastaging/organization_extra/phone_number./base/schemastaging/phone_sandbox/service_location /m/03_3d 0 0 0 0
/m/01bvx1 /base/schemastaging/organization_extra/phone_number./base/schemastaging/phone_sandbox/service_location /m/0d060g 1 1 0 0
/m/0p4wb /base/schemastaging/organization_extra/phone_number./base/schemastaging/phone_sandbox/service_location /m/0j1z8 0 0 0 0
/m/077w0b /base/schemastaging/organization_extra/phone_number./base/schemastaging/phone_sandbox/service_location /m/09lxtg 0 0 0 0
/m/077w0b /base/schemastaging/organization_extra/phone_number./base/schemastaging/phone_sandbox/service_location /m/0d060g 1 1 0 1
/m/07xyn1 /base/schemastaging/organization_extra/phone_number./base/schemastaging/phone_sandbox/service_location /m/02j71 1 1 0 0
/m/01c6k4 /base/schemastaging/organization_extra/phone_number./base/schemastaging/phone_sandbox/service_location /m/03rk0 0 0 0 0
/m/0196bp /base/schemastaging/organization_extra/phone_number./base/schemastaging/phone_sandbox/service_location /m/07ssc 1 1 0 0
/m/059yj /base/schemastaging/organization_extra/phone_number./base/schemastaging/phone_sandbox/service_location /m/09c7w0 1 1 1 1
/m/0p4wb /base/schemastaging/organization_extra/phone_number./base/schemastaging/phone_sandbox/service_location /m/0d05w3 0 0 0 0
std confidence sum
/m/0g5lhl7 /base/schemastaging/organization_extra/phone_number./base/schemastaging/phone_sandbox/service_location /m/07ssc 1 1 0 0
/m/01s73z /base/schemastaging/organization_extra/phone_number./base/schemastaging/phone_sandbox/service_location /m/09c7w0 1 1 1 1
/m/01hlwv /base/schemastaging/organization_extra/phone_number./base/schemastaging/phone_sandbox/service_location /m/05r7t 0 0 0 0
/m/07zl6m /base/schemastaging/organization_extra/phone_number./base/schemastaging/phone_sandbox/service_location /m/059j2 0 0 0 0
/m/04sv4 /base/schemastaging/organization_extra/phone_number./base/schemastaging/phone_sandbox/service_location /m/07ssc 1 1 0 1
/m/06q07 /base/schemastaging/organization_extra/phone_number./base/schemastaging/phone_sandbox/service_location /m/0d060g 1 1 0 1
/m/0gvbw /base/schemastaging/organization_extra/phone_number./base/schemastaging/phone_sandbox/service_location /m/07ssc 1 1 0 1
/m/087c7 /base/schemastaging/organization_extra/phone_number./base/schemastaging/phone_sandbox/service_location /m/0d060g 1 1 0 1
/m/077w0b /base/schemastaging/organization_extra/phone_number./base/schemastaging/phone_sandbox/service_location /m/02j71 1 1 0 1
/m/018mxj /base/schemastaging/organization_extra/phone_number./base/schemastaging/phone_sandbox/service_location /m/035qy 0 0 0 0
/m/06p8m /base/schemastaging/organization_extra/phone_number./base/schemastaging/phone_sandbox/service_location /m/0chghy 0 0 0 0
/m/0l8sx /base/schemastaging/organization_extra/phone_number./base/schemastaging/phone_sandbox/service_location /m/09c7w0 1 1 1 1
/m/01y81r /base/schemastaging/organization_extra/phone_number./base/schemastaging/phone_sandbox/service_location /m/06y57 0 0 0 0
/m/0p4wb /base/schemastaging/organization_extra/phone_number./base/schemastaging/phone_sandbox/service_location /m/09c7w0 1 1 1 1
/m/06_9lg /base/schemastaging/organization_extra/phone_number./base/schemastaging/phone_sandbox/service_location /m/0cw51 0 0 0 0
/m/045c7b /base/schemastaging/organization_extra/phone_number./base/schemastaging/phone_sandbox/service_location /m/02j71 1 1 0 0
/m/03mnk /base/schemastaging/organization_extra/phone_number./base/schemastaging/phone_sandbox/service_location /m/09c7w0 1 1 1 1
/m/06_9lg /base/schemastaging/organization_extra/phone_number./base/schemastaging/phone_sandbox/service_location /m/0fk98 0 0 0 0
/m/01c6k4 /base/schemastaging/organization_extra/phone_number./base/schemastaging/phone_sandbox/service_location /m/0d05w3 0 0 0 0
/m/049dk /base/schemastaging/organization_extra/phone_number./base/schemastaging/phone_sandbox/service_location /m/09c7w0 1 1 1 1
/m/01c6k4 /base/schemastaging/organization_extra/phone_number./base/schemastaging/phone_sandbox/service_location /m/04pnx 0 0 0 0
/m/03_c8p /base/schemastaging/organization_extra/phone_number./base/schemastaging/phone_sandbox/service_location /m/07f1x 0 0 0 0
/m/018mxj /base/schemastaging/organization_extra/phone_number./base/schemastaging/phone_sandbox/service_location /m/01pj7 0 0 0 0
/m/05b5c /base/schemastaging/organization_extra/phone_number./base/schemastaging/phone_sandbox/service_location /m/0345h 1 1 0 1
/m/0cv9b /base/schemastaging/organization_extra/phone_number./base/schemastaging/phone_sandbox/service_location /m/0d05w3 1 1 0 0
/m/0cjdk /base/schemastaging/organization_extra/phone_number./base/schemastaging/phone_sandbox/service_location /m/09c7w0 1 1 1 1
/m/0226k3 /base/schemastaging/organization_extra/phone_number./base/schemastaging/phone_sandbox/service_location /m/0ctw_b 0 0 0 0
/m/0cv9b /base/schemastaging/organization_extra/phone_number./base/schemastaging/phone_sandbox/service_location /m/04wsz 0 0 0 0
/m/01c6k4 /base/schemastaging/organization_extra/phone_number./base/schemastaging/phone_sandbox/service_location /m/03_3d 0 0 0 0
/m/01bvx1 /base/schemastaging/organization_extra/phone_number./base/schemastaging/phone_sandbox/service_location /m/0d060g 1 1 0 1
/m/0p4wb /base/schemastaging/organization_extra/phone_number./base/schemastaging/phone_sandbox/service_location /m/0j1z8 0 0 0 0
/m/077w0b /base/schemastaging/organization_extra/phone_number./base/schemastaging/phone_sandbox/service_location /m/09lxtg 0 0 0 0
/m/077w0b /base/schemastaging/organization_extra/phone_number./base/schemastaging/phone_sandbox/service_location /m/0d060g 1 1 0 1
/m/07xyn1 /base/schemastaging/organization_extra/phone_number./base/schemastaging/phone_sandbox/service_location /m/02j71 1 1 0 0
/m/01c6k4 /base/schemastaging/organization_extra/phone_number./base/schemastaging/phone_sandbox/service_location /m/03rk0 0 0 0 0
/m/0196bp /base/schemastaging/organization_extra/phone_number./base/schemastaging/phone_sandbox/service_location /m/07ssc 1 1 0 0
/m/059yj /base/schemastaging/organization_extra/phone_number./base/schemastaging/phone_sandbox/service_location /m/09c7w0 1 1 1 1
/m/0p4wb /base/schemastaging/organization_extra/phone_number./base/schemastaging/phone_sandbox/service_location /m/0d05w3 0 0 0 0
