pca confidence count
/m/03bwzr4 /education/educational_degree/people_with_this_degree./education/education/student /m/01zwy 0 0 0 0
/m/014mlp /education/educational_degree/people_with_this_degree./education/education/student /m/051cc 0 0 0 0
/m/014mlp /education/educational_degree/people_with_this_degree./education/education/student /m/0p_jc 0 0 0 0
/m/014mlp /education/educational_degree/people_with_this_degree./education/education/student /m/03_nq 0 0 0 0
/m/014mlp /education/educational_degree/people_with_this_degree./education/education/student /m/01gbb4 0 0 0 0
/m/019v9k /education/educational_degree/people_with_this_degree./education/education/student /m/01kb2j 0 0 0 0
/m/016t_3 /education/educational_degree/people_with_this_degree./education/education/student /m/063vn 0 0 0 0
/m/014mlp /education/educational_degree/people_with_this_degree./education/education/student /m/0pqzh 0 0 0 0
/m/019v9k /education/educational_degree/people_with_this_degree./education/education/student /m/01w_10 0 0 0 0
/m/013zdg /education/educational_degree/people_with_this_degree./education/education/student /m/012gx2 0 0 0 0
/m/014mlp /education/educational_degree/people_with_this_degree./education/education/student /m/071xj 0 0 0 0
/m/014mlp /education/educational_degree/people_with_this_degree./education/education/student /m/04l19_ 0 0 0 0
/m/0bkj86 /education/educational_degree/people_with_this_degree./education/education/student /m/01w8sf 0 0 0 0
/m/0bkj86 /education/educational_degree/people_with_this_degree./education/education/student /m/0969fd 0 1 0 0
/m/019v9k /education/educational_degree/people_with_this_degree./education/education/student /m/03gkn5 0 0 0 0
/m/02_xgp2 /education/educational_degree/people_with_this_degree./education/education/student /m/05bnp0 0 0 0 0
/m/01rr_d /education/educational_degree/people_with_this_degree./education/education/student /m/083pr 0 0 0 0
/m/019v9k /education/educational_degree/people_with_this_degree./education/education/student /m/06crk 0 0 0 0
/m/014mlp /education/educational_degree/people_with_this_degree./education/education/student /m/01d494 0 0 0 0
/m/014mlp /education/educational_degree/people_with_this_degree./education/education/student /m/070yzk 0 0 0 0
/m/02h4rq6 /education/educational_degree/people_with_this_degree./education/education/student /m/01mr2g6 0 0 0 0
/m/028dcg /education/educational_degree/people_with_this_degree./education/education/student /m/048hf 0 0 0 0
/m/014mlp /education/educational_degree/people_with_this_degree./education/education/student /m/02qjj7 0 0 0 0
/m/014mlp /education/educational_degree/people_with_this_degree./education/education/student /m/06gn7r 0 0 0 0
/m/014mlp /education/educational_degree/people_with_this_degree./education/education/student /m/01v_pj6 0 0 0 0
/m/014mlp /education/educational_degree/people_with_this_degree./education/education/student /m/01n5309 0 0 0 0
/m/014mlp /education/educational_degree/people_with_this_degree./education/education/student /m/02k21g 0 0 0 0
std confidence count
/m/03bwzr4 /education/educational_degree/people_with_this_degree./education/education/student /m/01zwy 1 1 0 0
/m/014mlp /education/educational_degree/people_with_this_degree./education/education/student /m/051cc 0 0 0 0
/m/014mlp /education/educational_degree/people_with_this_degree./education/education/student /m/0p_jc 0 0 0 0
/m/014mlp /education/educational_degree/people_with_this_degree./education/education/student /m/03_nq 0 0 0 0
/m/014mlp /education/educational_degree/people_with_this_degree./education/education/student /m/01gbb4 0 0 0 0
/m/019v9k /education/educational_degree/people_with_this_degree./education/education/student /m/01kb2j 0 0 0 0
/m/016t_3 /education/educational_degree/people_with_this_degree./education/education/student /m/063vn 0 0 0 0
/m/014mlp /education/educational_degree/people_with_this_degree./education/education/student /m/0pqzh 0 0 0 0
/m/019v9k /education/educational_degree/people_with_this_degree./education/education/student /m/01w_10 0 0 0 0
/m/013zdg /education/educational_degree/people_with_this_degree./education/education/student /m/012gx2 0 0 0 0
/m/014mlp /education/educational_degree/people_with_this_degree./education/education/student /m/071xj 0 0 0 0
/m/014mlp /education/educational_degree/people_with_this_degree./education/education/student /m/04l19_ 0 0 0 0
/m/0bkj86 /education/educational_degree/people_with_this_degree./education/education/student /m/01w8sf 0 0 0 0
/m/0bkj86 /education/educational_degree/people_with_this_degree./education/education/student /m/0969fd 1 1 0 0
/m/019v9k /education/educational_degree/people_with_this_degree./education/education/student /m/03gkn5 0 0 0 0
/m/02_xgp2 /education/educational_degree/people_with_this_degree./education/education/student /m/05bnp0 0 0 0 0
/m/01rr_d /education/educational_degree/people_with_this_degree./education/education/student /m/083pr 0 0 0 0
/m/019v9k /education/educational_degree/people_with_this_degree./education/education/student /m/06crk 0 0 0 0
/m/014mlp /education/educational_degree/people_with_this_degree./education/education/student /m/01d494 0 1 0 0
/m/014mlp /education/educational_degree/people_with_this_degree./education/education/student /m/070yzk 0 0 0 0
/m/02h4rq6 /education/educational_degree/people_with_this_degree./education/education/student /m/01mr2g6 0 0 0 0
/m/028dcg /education/educational_degree/people_with_this_degree./education/education/student /m/048hf 0 0 0 0
/m/014mlp /education/educational_degree/people_with_this_degree./education/education/student /m/02qjj7 0 0 0 0
/m/014mlp /education/educational_degree/people_with_this_degree./education/education/student /m/06gn7r 0 0 0 0
/m/014mlp /education/educational_degree/people_with_this_degree./education/education/student /m/01v_pj6 0 0 0 0
/m/014mlp /education/educational_degree/people_with_this_degree./education/education/student /m/01n5309 0 0 0 0
/m/014mlp /education/educational_degree/people_with_this_degree./education/education/student /m/02k21g 0 0 0 0
pca confidence sum
/m/03bwzr4 /education/educational_degree/people_with_this_degree./education/education/student /m/01zwy 0 0 0 0
/m/014mlp /education/educational_degree/people_with_this_degree./education/education/student /m/051cc 0 0 0 0
/m/014mlp /education/educational_degree/people_with_this_degree./education/education/student /m/0p_jc 0 0 0 0
/m/014mlp /education/educational_degree/people_with_this_degree./education/education/student /m/03_nq 0 0 0 0
/m/014mlp /education/educational_degree/people_with_this_degree./education/education/student /m/01gbb4 0 0 0 0
/m/019v9k /education/educational_degree/people_with_this_degree./education/education/student /m/01kb2j 0 0 0 0
/m/016t_3 /education/educational_degree/people_with_this_degree./education/education/student /m/063vn 0 0 0 0
/m/014mlp /education/educational_degree/people_with_this_degree./education/education/student /m/0pqzh 0 0 0 0
/m/019v9k /education/educational_degree/people_with_this_degree./education/education/student /m/01w_10 0 0 0 0
/m/013zdg /education/educational_degree/people_with_this_degree./education/education/student /m/012gx2 0 0 0 0
/m/014mlp /education/educational_degree/people_with_this_degree./education/education/student /m/071xj 0 0 0 0
/m/014mlp /education/educational_degree/people_with_this_degree./education/education/student /m/04l19_ 0 0 0 0
/m/0bkj86 /education/educational_degree/people_with_this_degree./education/education/student /m/01w8sf 0 0 0 0
/m/0bkj86 /education/educational_degree/people_with_this_degree./education/education/student /m/0969fd 1 1 0 0
/m/019v9k /education/educational_degree/people_with_this_degree./education/education/student /m/03gkn5 0 0 0 0
/m/02_xgp2 /education/educational_degree/people_with_this_degree./education/education/student /m/05bnp0 0 0 0 0
/m/01rr_d /education/educational_degree/people_with_this_degree./education/education/student /m/083pr 0 0 0 0
/m/019v9k /education/educational_degree/people_with_this_degree./education/education/student /m/06crk 0 0 0 0
/m/014mlp /education/educational_degree/people_with_this_degree./education/education/student /m/01d494 0 0 0 0
/m/014mlp /education/educational_degree/people_with_this_degree./education/education/student /m/070yzk 0 0 0 0
/m/02h4rq6 /education/educational_degree/people_with_this_degree./education/education/student /m/01mr2g6 0 0 0 0
/m/028dcg /education/educational_degree/people_with_this_degree./education/education/student /m/048hf 0 0 0 0
/m/014mlp /education/educational_degree/people_with_this_degree./education/education/student /m/02qjj7 0 0 0 0
/m/014mlp /education/educational_degree/people_with_this_degree./education/education/student /m/06gn7r 0 0 0 0
/m/014mlp /education/educational_degree/people_with_this_degree./education/education/student /m/01v_pj6 0 0 0 0
/m/014mlp /education/educational_degree/people_with_this_degree./education/education/student /m/01n5309 0 0 0 0
/m/014mlp /education/educational_degree/people_with_this_degree./education/education/student /m/02k21g 0 0 0 0
std confidence sum
/m/03bwzr4 /education/educational_degree/people_with_this_degree./education/education/student /m/01zwy 1 1 0 0
/m/014mlp /education/educational_degree/people_with_this_degree./education/education/student /m/051cc 0 0 0 0
/m/014mlp /education/educational_degree/people_with_this_degree./education/education/student /m/0p_jc 0 0 0 0
/m/014mlp /education/educational_degree/people_with_this_degree./education/education/student /m/03_nq 0 0 0 0
/m/014mlp /education/educational_degree/people_with_this_degree./education/education/student /m/01gbb4 0 0 0 0
/m/019v9k /education/educational_degree/people_with_this_degree./education/education/student /m/01kb2j 0 0 0 0
/m/016t_3 /education/educational_degree/people_with_this_degree./education/education/student /m/063vn 0 0 0 0
/m/014mlp /education/educational_degree/people_with_this_degree./education/education/student /m/0pqzh 0 0 0 0
/m/019v9k /education/educational_degree/people_with_this_degree./education/education/student /m/01w_10 0 0 0 0
/m/013zdg /education/educational_degree/people_with_this_degree./education/education/student /m/012gx2 0 0 0 0
/m/014mlp /education/educational_degree/people_with_this_degree./education/education/student /m/071xj 0 0 0 0
/m/014mlp /education/educational_degree/people_with_this_degree./education/education/student /m/04l19_ 0 0 0 0
/m/0bkj86 /education/educational_degree/people_with_this_degree./education/education/student /m/01w8sf 0 0 0 0
/m/0bkj86 /education/educational_degree/people_with_this_degree./education/education/student /m/0969fd 1 1 0 0
/m/019v9k /education/educational_degree/people_with_this_degree./education/education/student /m/03gkn5 0 0 0 0
/m/02_xgp2 /education/educational_degree/people_with_this_degree./education/education/student /m/05bnp0 0 0 0 0
/m/01rr_d /education/educational_degree/people_with_this_degree./education/education/student /m/083pr 0 0 0 0
/m/019v9k /education/educational_degree/people_with_this_degree./education/education/student /m/06crk 0 0 0 0
/m/014mlp /education/educational_degree/people_with_this_degree./education/education/student /m/01d494 0 0 0 0
/m/014mlp /education/educational_degree/people_with_this_degree./education/education/student /m/070yzk 0 0 0 0
/m/02h4rq6 /education/educational_degree/people_with_this_degree./education/education/student /m/01mr2g6 0 0 0 0
/m/028dcg /education/educational_degree/people_with_this_degree./education/education/student /m/048hf 0 0 0 0
/m/014mlp /education/educational_degree/people_with_this_degree./education/education/student /m/02qjj7 0 0 0 0
/m/014mlp /education/educational_degree/people_with_this_degree./education/education/student /m/06gn7r 0 0 0 0
/m/014mlp /education/educational_degree/people_with_this_degree./education/education/student /m/01v_pj6 0 0 0 0
/m/014mlp /education/educational_degree/people_with_this_degree./education/education/student /m/01n5309 0 0 0 0
/m/014mlp /education/educational_degree/people_with_this_degree./education/education/student /m/02k21g 0 0 0 0
