pca confidence count
/m/0dq3c /business/job_title/people_with_this_title./business/employment_tenure/company /m/02l48d 0 0 0 0
/m/0dq3c /business/job_title/people_with_this_title./business/employment_tenure/company /m/01b39j 0 0 0 0
/m/014l7h /business/job_title/people_with_this_title./business/employment_tenure/company /m/0g5lhl7 1 1 1 1
/m/0krdk /business/job_title/people_with_this_title./business/employment_tenure/company /m/018p5f 0 0 0 0
/m/02md_2 /business/job_title/people_with_this_title./business/employment_tenure/company /m/0371rb 1 1 0 0
/m/014l7h /business/job_title/people_with_this_title./business/employment_tenure/company /m/017vb_ 0 0 0 0
/m/09d6p2 /business/job_title/people_with_this_title./business/employment_tenure/company /m/02bh8z 0 0 0 0
/m/0dq3c /business/job_title/people_with_this_title./business/employment_tenure/company /m/02y7t7 0 0 0 0
/m/05_wyz /business/job_title/people_with_this_title./business/employment_tenure/company /m/01ym8l 0 0 0 0
/m/0krdk /business/job_title/people_with_this_title./business/employment_tenure/company /m/0z07 0 0 0 0
/m/015czt /business/job_title/people_with_this_title./business/employment_tenure/company /m/07wg3 0 0 0 0
/m/09d6p2 /business/job_title/people_with_this_title./business/employment_tenure/company /m/01qd_r 0 0 0 0
/m/021q1c /business/job_title/people_with_this_title./business/employment_tenure/company /m/02gnh0 0 0 0 0
/m/0142rn /business/job_title/people_with_this_title./business/employment_tenure/company /m/03s7h 1 1 0 0
/m/021q0l /business/job_title/people_with_this_title./business/employment_tenure/company /m/07tgn 0 1 0 0
/m/0dq3c /business/job_title/people_with_this_title./business/employment_tenure/company /m/061v5m 0 0 0 0
/m/014l7h /business/job_title/people_with_this_title./business/employment_tenure/company /m/06v99d 1 1 0 0
/m/060c4 /business/job_title/people_with_this_title./business/employment_tenure/company /m/07tds 0 0 0 0
/m/02md_2 /business/job_title/people_with_this_title./business/employment_tenure/company /m/0175rc 1 1 0 0
/m/09d6p2 /business/job_title/people_with_this_title./business/employment_tenure/company /m/02630g 0 0 0 0
/m/02211by /business/job_title/people_with_this_title./business/employment_tenure/company /m/01c7j1 0 0 0 0
/m/01rk91 /business/job_title/people_with_this_title./business/employment_tenure/company /m/05gnf 0 0 0 0
/m/060c4 /business/job_title/people_with_this_title./business/employment_tenure/company /m/01p5yn 0 0 0 0
/m/01yc02 /business/job_title/people_with_this_title./business/employment_tenure/company /m/03v52f 0 0 0 0
/m/060c4 /business/job_title/people_with_this_title./business/employment_tenure/company /m/04htfd 0 0 0 0
/m/060c4 /business/job_title/people_with_this_title./business/employment_tenure/company /m/01_lh1 0 0 0 0
/m/014l7h /business/job_title/people_with_this_title./business/employment_tenure/company /m/01y81r 0 0 0 0
/m/014l7h /business/job_title/people_with_this_title./business/employment_tenure/company /m/0152x_ 0 0 0 0
/m/060c4 /business/job_title/people_with_this_title./business/employment_tenure/company /m/016tw3 0 0 0 0
/m/04192r /business/job_title/people_with_this_title./business/employment_tenure/company /m/04f0xq 0 0 0 0
/m/02y6fz /business/job_title/people_with_this_title./business/employment_tenure/company /m/06wpc 0 0 0 0
/m/02md_2 /business/job_title/people_with_this_title./business/employment_tenure/company /m/06pwq 1 1 0 0
/m/021q1c /business/job_title/people_with_this_title./business/employment_tenure/company /m/01k7xz 0 0 0 0
/m/021q1c /business/job_title/people_with_this_title./business/employment_tenure/company /m/03ksy 0 1 0 1
/m/02211by /business/job_title/people_with_this_title./business/employment_tenure/company /m/0k8z 0 0 0 0
/m/08jcfy /business/job_title/people_with_this_title./business/employment_tenure/company /m/01v2xl 0 0 0 0
/m/060c4 /business/job_title/people_with_this_title./business/employment_tenure/company /m/01bfjy 0 0 0 0
/m/0dq3c /business/job_title/people_with_this_title./business/employment_tenure/company /m/0206k5 0 0 0 0
/m/07t3gd /business/job_title/people_with_this_title./business/employment_tenure/company /m/03mnk 0 0 0 0
/m/02k13d /business/job_title/people_with_this_title./business/employment_tenure/company /m/02z_b 0 0 0 0
/m/060c4 /business/job_title/people_with_this_title./business/employment_tenure/company /m/018_q8 0 0 0 0
/m/04n1q6 /business/job_title/people_with_this_title./business/employment_tenure/company /m/06fq2 0 0 0 0
/m/0dq_5 /business/job_title/people_with_this_title./business/employment_tenure/company /m/04kqk 0 0 0 0
/m/060c4 /business/job_title/people_with_this_title./business/employment_tenure/company /m/02p10m 0 0 0 0
/m/05k17c /business/job_title/people_with_this_title./business/employment_tenure/company /m/01jtp7 0 0 0 0
/m/0krdk /business/job_title/people_with_this_title./business/employment_tenure/company /m/04qhdf 0 0 0 0
/m/09lq2c /business/job_title/people_with_this_title./business/employment_tenure/company /m/01npw8 0 0 0 0
/m/021q1c /business/job_title/people_with_this_title./business/employment_tenure/company /m/017j69 0 0 0 0
/m/05_wyz /business/job_title/people_with_this_title./business/employment_tenure/company /m/02zs4 0 0 0 0
/m/060c4 /business/job_title/people_with_this_title./business/employment_tenure/company /m/0841v 0 0 0 0
/m/02y6fz /business/job_title/people_with_this_title./business/employment_tenure/company /m/0jmnl 0 0 0 0
/m/028fjr /business/job_title/people_with_this_title./business/employment_tenure/company /m/03qbm 0 0 0 0
/m/02k13d /business/job_title/people_with_this_title./business/employment_tenure/company /m/0c0sl 0 0 0 0
/m/021q1c /business/job_title/people_with_this_title./business/employment_tenure/company /m/025v3k 0 1 0 0
/m/0krdk /business/job_title/people_with_this_title./business/employment_tenure/company /m/04htfd 0 1 0 0
/m/060c4 /business/job_title/people_with_this_title./business/employment_tenure/company /m/04rcl7 0 0 0 0
/m/09d6p2 /business/job_title/people_with_this_title./business/employment_tenure/company /m/02bm1v 0 0 0 0
/m/09d6p2 /business/job_title/people_with_this_title./business/employment_tenure/company /m/03ksy 0 0 0 0
/m/05_wyz /business/job_title/people_with_this_title./business/employment_tenure/company /m/07_dn 1 1 0 0
/m/060c4 /business/job_title/people_with_this_title./business/employment_tenure/company /m/05g76 0 0 0 0
/m/060c4 /business/job_title/people_with_this_title./business/employment_tenure/company /m/0jvs0 0 0 0 0
/m/02md_2 /business/job_title/people_with_this_title./business/employment_tenure/company /m/05l71 0 0 0 0
/m/07t3gd /business/job_title/people_with_this_title./business/employment_tenure/company /m/03v6t 1 1 0 0
/m/09d6p2 /business/job_title/people_with_this_title./business/employment_tenure/company /m/0l8sx 0 0 0 0
/m/01yc02 /business/job_title/people_with_this_title./business/employment_tenure/company /m/01pf21 0 0 0 0
/m/0dq_5 /business/job_title/people_with_this_title./business/employment_tenure/company /m/0jbk9 0 0 0 0
/m/0142rn /business/job_title/people_with_this_title./business/employment_tenure/company /m/0py9b 1 1 0 0
/m/060c4 /business/job_title/people_with_this_title./business/employment_tenure/company /m/02bm1v 0 0 0 0
/m/060c4 /business/job_title/people_with_this_title./business/employment_tenure/company /m/04fv0k 0 0 0 0
/m/09d6p2 /business/job_title/people_with_this_title./business/employment_tenure/company /m/04htfd 0 0 0 0
/m/0krdk /business/job_title/people_with_this_title./business/employment_tenure/company /m/03s7h 0 0 0 0
/m/0krdk /business/job_title/people_with_this_title./business/employment_tenure/company /m/01pf21 0 0 0 0
/m/04n1q6 /business/job_title/people_with_this_title./business/employment_tenure/company /m/04rwx 0 0 0 0
/m/09d6p2 /business/job_title/people_with_this_title./business/employment_tenure/company /m/01n073 1 1 0 0
/m/05_wyz /business/job_title/people_with_this_title./business/employment_tenure/company /m/0hpt3 0 0 0 0
/m/05_wyz /business/job_title/people_with_this_title./business/employment_tenure/company /m/035nm 0 0 0 0
/m/0dq_5 /business/job_title/people_with_this_title./business/employment_tenure/company /m/01frpd 0 0 0 0
/m/0dq3c /business/job_title/people_with_this_title./business/employment_tenure/company /m/0plw 0 0 0 0
/m/0142rn /business/job_title/people_with_this_title./business/employment_tenure/company /m/0537b 1 1 0 0
/m/060c4 /business/job_title/people_with_this_title./business/employment_tenure/company /m/03bnb 0 0 0 0
/m/014l7h /business/job_title/people_with_this_title./business/employment_tenure/company /m/049rl0 1 1 0 0
/m/028fjr /business/job_title/people_with_this_title./business/employment_tenure/company /m/0300cp 0 0 0 0
/m/060c4 /business/job_title/people_with_this_title./business/employment_tenure/company /m/03mnk 0 0 0 0
/m/0dq3c /business/job_title/people_with_this_title./business/employment_tenure/company /m/06py2 0 0 0 0
std confidence count
/m/0dq3c /business/job_title/people_with_this_title./business/employment_tenure/company /m/02l48d 0 1 0 0
/m/0dq3c /business/job_title/people_with_this_title./business/employment_tenure/company /m/01b39j 0 0 0 0
/m/014l7h /business/job_title/people_with_this_title./business/employment_tenure/company /m/0g5lhl7 1 1 0 0
/m/0krdk /business/job_title/people_with_this_title./business/employment_tenure/company /m/018p5f 0 0 0 0
/m/02md_2 /business/job_title/people_with_this_title./business/employment_tenure/company /m/0371rb 1 1 0 0
/m/014l7h /business/job_title/people_with_this_title./business/employment_tenure/company /m/017vb_ 0 0 0 0
/m/09d6p2 /business/job_title/people_with_this_title./business/employment_tenure/company /m/02bh8z 0 1 0 0
/m/0dq3c /business/job_title/people_with_this_title./business/employment_tenure/company /m/02y7t7 0 0 0 0
/m/05_wyz /business/job_title/people_with_this_title./business/employment_tenure/company /m/01ym8l 0 0 0 0
/m/0krdk /business/job_title/people_with_this_title./business/employment_tenure/company /m/0z07 0 0 0 0
/m/015czt /business/job_title/people_with_this_title./business/employment_tenure/company /m/07wg3 0 0 0 0
/m/09d6p2 /business/job_title/people_with_this_title./business/employment_tenure/company /m/01qd_r 0 0 0 0
/m/021q1c /business/job_title/people_with_this_title./business/employment_tenure/company /m/02gnh0 0 0 0 0
/m/0142rn /business/job_title/people_with_this_title./business/employment_tenure/company /m/03s7h 1 1 0 0
/m/021q0l /business/job_title/people_with_this_title./business/employment_tenure/company /m/07tgn 1 1 0 0
/m/0dq3c /business/job_title/people_with_this_title./business/employment_tenure/company /m/061v5m 0 0 0 0
/m/014l7h /business/job_title/people_with_this_title./business/employment_tenure/company /m/06v99d 1 1 0 0
/m/060c4 /business/job_title/people_with_this_title./business/employment_tenure/company /m/07tds 0 0 0 0
/m/02md_2 /business/job_title/people_with_this_title./business/employment_tenure/company /m/0175rc 1 1 0 0
/m/09d6p2 /business/job_title/people_with_this_title./business/employment_tenure/company /m/02630g 0 0 0 0
/m/02211by /business/job_title/people_with_this_title./business/employment_tenure/company /m/01c7j1 0 0 0 0
/m/01rk91 /business/job_title/people_with_this_title./business/employment_tenure/company /m/05gnf 0 0 0 0
/m/060c4 /business/job_title/people_with_this_title./business/employment_tenure/company /m/01p5yn 0 0 0 0
/m/01yc02 /business/job_title/people_with_this_title./business/employment_tenure/company /m/03v52f 0 0 0 0
/m/060c4 /business/job_title/people_with_this_title./business/employment_tenure/company /m/04htfd 0 1 0 0
/m/060c4 /business/job_title/people_with_this_title./business/employment_tenure/company /m/01_lh1 0 1 0 0
/m/014l7h /business/job_title/people_with_this_title./business/employment_tenure/company /m/01y81r 0 0 0 0
/m/014l7h /business/job_title/people_with_this_title./business/employment_tenure/company /m/0152x_ 0 0 0 0
/m/060c4 /business/job_title/people_with_this_title./business/employment_tenure/company /m/016tw3 0 0 0 0
/m/04192r /business/job_title/people_with_this_title./business/employment_tenure/company /m/04f0xq 0 0 0 0
/m/02y6fz /business/job_title/people_with_this_title./business/employment_tenure/company /m/06wpc 0 0 0 0
/m/02md_2 /business/job_title/people_with_this_title./business/employment_tenure/company /m/06pwq 1 1 0 0
/m/021q1c /business/job_title/people_with_this_title./business/employment_tenure/company /m/01k7xz 0 0 0 0
/m/021q1c /business/job_title/people_with_this_title./business/employment_tenure/company /m/03ksy 0 1 0 1
/m/02211by /business/job_title/people_with_this_title./business/employment_tenure/company /m/0k8z 1 1 0 0
/m/08jcfy /business/job_title/people_with_this_title./business/employment_tenure/company /m/01v2xl 0 0 0 0
/m/060c4 /business/job_title/people_with_this_title./business/employment_tenure/company /m/01bfjy 0 0 0 0
/m/0dq3c /business/job_title/people_with_this_title./business/employment_tenure/company /m/0206k5 0 0 0 0
/m/07t3gd /business/job_title/people_with_this_title./business/employment_tenure/company /m/03mnk 0 0 0 0
/m/02k13d /business/job_title/people_with_this_title./business/employment_tenure/company /m/02z_b 0 0 0 0
/m/060c4 /business/job_title/people_with_this_title./business/employment_tenure/company /m/018_q8 0 1 0 0
/m/04n1q6 /business/job_title/people_with_this_title./business/employment_tenure/company /m/06fq2 0 0 0 0
/m/0dq_5 /business/job_title/people_with_this_title./business/employment_tenure/company /m/04kqk 0 0 0 0
/m/060c4 /business/job_title/people_with_this_title./business/employment_tenure/company /m/02p10m 0 0 0 0
/m/05k17c /business/job_title/people_with_this_title./business/employment_tenure/company /m/01jtp7 0 0 0 0
/m/0krdk /business/job_title/people_with_this_title./business/employment_tenure/company /m/04qhdf 0 1 0 0
/m/09lq2c /business/job_title/people_with_this_title./business/employment_tenure/company /m/01npw8 0 0 0 0
/m/021q1c /business/job_title/people_with_this_title./business/employment_tenure/company /m/017j69 0 0 0 0
/m/05_wyz /business/job_title/people_with_this_title./business/employment_tenure/company /m/02zs4 0 0 0 0
/m/060c4 /business/job_title/people_with_this_title./business/employment_tenure/company /m/0841v 0 1 0 0
/m/02y6fz /business/job_title/people_with_this_title./business/employment_tenure/company /m/0jmnl 0 0 0 0
/m/028fjr /business/job_title/people_with_this_title./business/employment_tenure/company /m/03qbm 0 0 0 0
/m/02k13d /business/job_title/people_with_this_title./business/employment_tenure/company /m/0c0sl 0 0 0 0
/m/021q1c /business/job_title/people_with_this_title./business/employment_tenure/company /m/025v3k 0 1 0 0
/m/0krdk /business/job_title/people_with_this_title./business/employment_tenure/company /m/04htfd 0 1 0 0
/m/060c4 /business/job_title/people_with_this_title./business/employment_tenure/company /m/04rcl7 0 0 0 0
/m/09d6p2 /business/job_title/people_with_this_title./business/employment_tenure/company /m/02bm1v 0 0 0 0
/m/09d6p2 /business/job_title/people_with_this_title./business/employment_tenure/company /m/03ksy 0 1 0 0
/m/05_wyz /business/job_title/people_with_this_title./business/employment_tenure/company /m/07_dn 1 1 0 0
/m/060c4 /business/job_title/people_with_this_title./business/employment_tenure/company /m/05g76 0 0 0 0
/m/060c4 /business/job_title/people_with_this_title./business/employment_tenure/company /m/0jvs0 0 1 0 0
/m/02md_2 /business/job_title/people_with_this_title./business/employment_tenure/company /m/05l71 0 0 0 0
/m/07t3gd /business/job_title/people_with_this_title./business/employment_tenure/company /m/03v6t 0 1 0 0
/m/09d6p2 /business/job_title/people_with_this_title./business/employment_tenure/company /m/0l8sx 0 0 0 0
/m/01yc02 /business/job_title/people_with_this_title./business/employment_tenure/company /m/01pf21 0 1 0 0
/m/0dq_5 /business/job_title/people_with_this_title./business/employment_tenure/company /m/0jbk9 0 0 0 0
/m/0142rn /business/job_title/people_with_this_title./business/employment_tenure/company /m/0py9b 1 1 0 1
/m/060c4 /business/job_title/people_with_this_title./business/employment_tenure/company /m/02bm1v 0 0 0 0
/m/060c4 /business/job_title/people_with_this_title./business/employment_tenure/company /m/04fv0k 0 1 0 0
/m/09d6p2 /business/job_title/people_with_this_title./business/employment_tenure/company /m/04htfd 0 0 0 0
/m/0krdk /business/job_title/people_with_this_title./business/employment_tenure/company /m/03s7h 0 1 0 0
/m/0krdk /business/job_title/people_with_this_title./business/employment_tenure/company /m/01pf21 0 0 0 0
/m/04n1q6 /business/job_title/people_with_this_title./business/employment_tenure/company /m/04rwx 0 0 0 0
/m/09d6p2 /business/job_title/people_with_this_title./business/employment_tenure/company /m/01n073 1 1 0 0
/m/05_wyz /business/job_title/people_with_this_title./business/employment_tenure/company /m/0hpt3 0 0 0 0
/m/05_wyz /business/job_title/people_with_this_title./business/employment_tenure/company /m/035nm 0 0 0 0
/m/0dq_5 /business/job_title/people_with_this_title./business/employment_tenure/company /m/01frpd 0 0 0 0
/m/0dq3c /business/job_title/people_with_this_title./business/employment_tenure/company /m/0plw 0 0 0 0
/m/0142rn /business/job_title/people_with_this_title./business/employment_tenure/company /m/0537b 1 1 0 0
/m/060c4 /business/job_title/people_with_this_title./business/employment_tenure/company /m/03bnb 0 1 0 0
/m/014l7h /business/job_title/people_with_this_title./business/employment_tenure/company /m/049rl0 1 1 0 0
/m/028fjr /business/job_title/people_with_this_title./business/employment_tenure/company /m/0300cp 0 0 0 0
/m/060c4 /business/job_title/people_with_this_title./business/employment_tenure/company /m/03mnk 0 1 0 0
/m/0dq3c /business/job_title/people_with_this_title./business/employment_tenure/company /m/06py2 0 1 0 0
pca confidence sum
/m/0dq3c /business/job_title/people_with_this_title./business/employment_tenure/company /m/02l48d 0 0 0 0
/m/0dq3c /business/job_title/people_with_this_title./business/employment_tenure/company /m/01b39j 0 0 0 0
/m/014l7h /business/job_title/people_with_this_title./business/employment_tenure/company /m/0g5lhl7 1 1 1 1
/m/0krdk /business/job_title/people_with_this_title./business/employment_tenure/company /m/018p5f 0 0 0 0
/m/02md_2 /business/job_title/people_with_this_title./business/employment_tenure/company /m/0371rb 1 1 0 0
/m/014l7h /business/job_title/people_with_this_title./business/employment_tenure/company /m/017vb_ 0 0 0 0
/m/09d6p2 /business/job_title/people_with_this_title./business/employment_tenure/company /m/02bh8z 0 0 0 0
/m/0dq3c /business/job_title/people_with_this_title./business/employment_tenure/company /m/02y7t7 0 0 0 0
/m/05_wyz /business/job_title/people_with_this_title./business/employment_tenure/company /m/01ym8l 0 0 0 0
/m/0krdk /business/job_title/people_with_this_title./business/employment_tenure/company /m/0z07 0 0 0 0
/m/015czt /business/job_title/people_with_this_title./business/employment_tenure/company /m/07wg3 0 0 0 0
/m/09d6p2 /business/job_title/people_with_this_title./business/employment_tenure/company /m/01qd_r 0 0 0 0
/m/021q1c /business/job_title/people_with_this_title./business/employment_tenure/company /m/02gnh0 0 0 0 0
/m/0142rn /business/job_title/people_with_this_title./business/employment_tenure/company /m/03s7h 1 1 0 0
/m/021q0l /business/job_title/people_with_this_title./business/employment_tenure/company /m/07tgn 0 1 0 1
/m/0dq3c /business/job_title/people_with_this_title./business/employment_tenure/company /m/061v5m 0 0 0 0
/m/014l7h /business/job_title/people_with_this_title./business/employment_tenure/company /m/06v99d 1 1 0 0
/m/060c4 /business/job_title/people_with_this_title./business/employment_tenure/company /m/07tds 0 0 0 0
/m/02md_2 /business/job_title/people_with_this_title./business/employment_tenure/company /m/0175rc 1 1 0 0
/m/09d6p2 /business/job_title/people_with_this_title./business/employment_tenure/company /m/02630g 0 0 0 0
/m/02211by /business/job_title/people_with_this_title./business/employment_tenure/company /m/01c7j1 0 0 0 0
/m/01rk91 /business/job_title/people_with_this_title./business/employment_tenure/company /m/05gnf 0 0 0 0
/m/060c4 /business/job_title/people_with_this_title./business/employment_tenure/company /m/01p5yn 0 0 0 0
/m/01yc02 /business/job_title/people_with_this_title./business/employment_tenure/company /m/03v52f 0 0 0 0
/m/060c4 /business/job_title/people_with_this_title./business/employment_tenure/company /m/04htfd 0 0 0 0
/m/060c4 /business/job_title/people_with_this_title./business/employment_tenure/company /m/01_lh1 0 0 0 0
/m/014l7h /business/job_title/people_with_this_title./business/employment_tenure/company /m/01y81r 0 0 0 0
/m/014l7h /business/job_title/people_with_this_title./business/employment_tenure/company /m/0152x_ 0 0 0 0
/m/060c4 /business/job_title/people_with_this_title./business/employment_tenure/company /m/016tw3 0 0 0 0
/m/04192r /business/job_title/people_with_this_title./business/employment_tenure/company /m/04f0xq 0 0 0 0
/m/02y6fz /business/job_title/people_with_this_title./business/employment_tenure/company /m/06wpc 0 0 0 0
/m/02md_2 /business/job_title/people_with_this_title./business/employment_tenure/company /m/06pwq 1 1 0 0
/m/021q1c /business/job_title/people_with_this_title./business/employment_tenure/company /m/01k7xz 0 0 0 0
/m/021q1c /business/job_title/people_with_this_title./business/employment_tenure/company /m/03ksy 0 1 0 1
/m/02211by /business/job_title/people_with_this_title./business/employment_tenure/company /m/0k8z 0 0 0 0
/m/08jcfy /business/job_title/people_with_this_title./business/employment_tenure/company /m/01v2xl 0 0 0 0
/m/060c4 /business/job_title/people_with_this_title./business/employment_tenure/company /m/01bfjy 0 0 0 0
/m/0dq3c /business/job_title/people_with_this_title./business/employment_tenure/company /m/0206k5 0 0 0 0
/m/07t3gd /business/job_title/people_with_this_title./business/employment_tenure/company /m/03mnk 0 0 0 0
/m/02k13d /business/job_title/people_with_this_title./business/employment_tenure/company /m/02z_b 0 0 0 0
/m/060c4 /business/job_title/people_with_this_title./business/employment_tenure/company /m/018_q8 0 0 0 0
/m/04n1q6 /business/job_title/people_with_this_title./business/employment_tenure/company /m/06fq2 0 0 0 0
/m/0dq_5 /business/job_title/people_with_this_title./business/employment_tenure/company /m/04kqk 0 0 0 0
/m/060c4 /business/job_title/people_with_this_title./business/employment_tenure/company /m/02p10m 0 0 0 0
/m/05k17c /business/job_title/people_with_this_title./business/employment_tenure/company /m/01jtp7 0 0 0 0
/m/0krdk /business/job_title/people_with_this_title./business/employment_tenure/company /m/04qhdf 0 0 0 0
/m/09lq2c /business/job_title/people_with_this_title./business/employment_tenure/company /m/01npw8 0 0 0 0
/m/021q1c /business/job_title/people_with_this_title./business/employment_tenure/company /m/017j69 0 0 0 0
/m/05_wyz /business/job_title/people_with_this_title./business/employment_tenure/company /m/02zs4 0 1 0 0
/m/060c4 /business/job_title/people_with_this_title./business/employment_tenure/company /m/0841v 0 0 0 0
/m/02y6fz /business/job_title/people_with_this_title./business/employment_tenure/company /m/0jmnl 0 0 0 0
/m/028fjr /business/job_title/people_with_this_title./business/employment_tenure/company /m/03qbm 0 0 0 0
/m/02k13d /business/job_title/people_with_this_title./business/employment_tenure/company /m/0c0sl 0 0 0 0
/m/021q1c /business/job_title/people_with_this_title./business/employment_tenure/company /m/025v3k 0 1 0 0
/m/0krdk /business/job_title/people_with_this_title./business/employment_tenure/company /m/04htfd 0 1 0 0
/m/060c4 /business/job_title/people_with_this_title./business/employment_tenure/company /m/04rcl7 0 0 0 0
/m/09d6p2 /business/job_title/people_with_this_title./business/employment_tenure/company /m/02bm1v 0 0 0 0
/m/09d6p2 /business/job_title/people_with_this_title./business/employment_tenure/company /m/03ksy 0 0 0 0
/m/05_wyz /business/job_title/people_with_this_title./business/employment_tenure/company /m/07_dn 0 1 0 0
/m/060c4 /business/job_title/people_with_this_title./business/employment_tenure/company /m/05g76 0 0 0 0
/m/060c4 /business/job_title/people_with_this_title./business/employment_tenure/company /m/0jvs0 0 0 0 0
/m/02md_2 /business/job_title/people_with_this_title./business/employment_tenure/company /m/05l71 0 0 0 0
/m/07t3gd /business/job_title/people_with_this_title./business/employment_tenure/company /m/03v6t 0 1 0 0
/m/09d6p2 /business/job_title/people_with_this_title./business/employment_tenure/company /m/0l8sx 0 0 0 0
/m/01yc02 /business/job_title/people_with_this_title./business/employment_tenure/company /m/01pf21 1 1 0 0
/m/0dq_5 /business/job_title/people_with_this_title./business/employment_tenure/company /m/0jbk9 0 0 0 0
/m/0142rn /business/job_title/people_with_this_title./business/employment_tenure/company /m/0py9b 1 1 0 1
/m/060c4 /business/job_title/people_with_this_title./business/employment_tenure/company /m/02bm1v 0 0 0 0
/m/060c4 /business/job_title/people_with_this_title./business/employment_tenure/company /m/04fv0k 0 0 0 0
/m/09d6p2 /business/job_title/people_with_this_title./business/employment_tenure/company /m/04htfd 0 0 0 0
/m/0krdk /business/job_title/people_with_this_title./business/employment_tenure/company /m/03s7h 0 1 0 1
/m/0krdk /business/job_title/people_with_this_title./business/employment_tenure/company /m/01pf21 0 1 0 0
/m/04n1q6 /business/job_title/people_with_this_title./business/employment_tenure/company /m/04rwx 0 0 0 0
/m/09d6p2 /business/job_title/people_with_this_title./business/employment_tenure/company /m/01n073 0 1 0 0
/m/05_wyz /business/job_title/people_with_this_title./business/employment_tenure/company /m/0hpt3 0 1 0 0
/m/05_wyz /business/job_title/people_with_this_title./business/employment_tenure/company /m/035nm 0 1 0 0
/m/0dq_5 /business/job_title/people_with_this_title./business/employment_tenure/company /m/01frpd 0 0 0 0
/m/0dq3c /business/job_title/people_with_this_title./business/employment_tenure/company /m/0plw 0 0 0 0
/m/0142rn /business/job_title/people_with_this_title./business/employment_tenure/company /m/0537b 1 1 0 0
/m/060c4 /business/job_title/people_with_this_title./business/employment_tenure/company /m/03bnb 0 0 0 0
/m/014l7h /business/job_title/people_with_this_title./business/employment_tenure/company /m/049rl0 1 1 0 0
/m/028fjr /business/job_title/people_with_this_title./business/employment_tenure/company /m/0300cp 0 0 0 0
/m/060c4 /business/job_title/people_with_this_title./business/employment_tenure/company /m/03mnk 0 0 0 0
/m/0dq3c /business/job_title/people_with_this_title./business/employment_tenure/company /m/06py2 0 0 0 0
std confidence sum
/m/0dq3c /business/job_title/people_with_this_title./business/employment_tenure/company /m/02l48d 0 0 0 0
/m/0dq3c /business/job_title/people_with_this_title./business/employment_tenure/company /m/01b39j 0 0 0 0
/m/014l7h /business/job_title/people_with_this_title./business/employment_tenure/company /m/0g5lhl7 1 1 1 1
/m/0krdk /business/job_title/people_with_this_title./business/employment_tenure/company /m/018p5f 0 0 0 0
/m/02md_2 /business/job_title/people_with_this_title./business/employment_tenure/company /m/0371rb 1 1 0 0
/m/014l7h /business/job_title/people_with_this_title./business/employment_tenure/company /m/017vb_ 0 0 0 0
/m/09d6p2 /business/job_title/people_with_this_title./business/employment_tenure/company /m/02bh8z 0 0 0 0
/m/0dq3c /business/job_title/people_with_this_title./business/employment_tenure/company /m/02y7t7 0 0 0 0
/m/05_wyz /business/job_title/people_with_this_title./business/employment_tenure/company /m/01ym8l 0 0 0 0
/m/0krdk /business/job_title/people_with_this_title./business/employment_tenure/company /m/0z07 0 0 0 0
/m/015czt /business/job_title/people_with_this_title./business/employment_tenure/company /m/07wg3 0 0 0 0
/m/09d6p2 /business/job_title/people_with_this_title./business/employment_tenure/company /m/01qd_r 0 0 0 0
/m/021q1c /business/job_title/people_with_this_title./business/employment_tenure/company /m/02gnh0 0 0 0 0
/m/0142rn /business/job_title/people_with_this_title./business/employment_tenure/company /m/03s7h 1 1 0 0
/m/021q0l /business/job_title/people_with_this_title./business/employment_tenure/company /m/07tgn 0 1 0 0
/m/0dq3c /business/job_title/people_with_this_title./business/employment_tenure/company /m/061v5m 0 0 0 0
/m/014l7h /business/job_title/people_with_this_title./business/employment_tenure/company /m/06v99d 1 1 0 0
/m/060c4 /business/job_title/people_with_this_title./business/employment_tenure/company /m/07tds 0 0 0 0
/m/02md_2 /business/job_title/people_with_this_title./business/employment_tenure/company /m/0175rc 1 1 0 0
/m/09d6p2 /business/job_title/people_with_this_title./business/employment_tenure/company /m/02630g 0 0 0 0
/m/02211by /business/job_title/people_with_this_title./business/employment_tenure/company /m/01c7j1 0 0 0 0
/m/01rk91 /business/job_title/people_with_this_title./business/employment_tenure/company /m/05gnf 0 0 0 0
/m/060c4 /business/job_title/people_with_this_title./business/employment_tenure/company /m/01p5yn 0 0 0 0
/m/01yc02 /business/job_title/people_with_this_title./business/employment_tenure/company /m/03v52f 0 0 0 0
/m/060c4 /business/job_title/people_with_this_title./business/employment_tenure/company /m/04htfd 0 0 0 0
/m/060c4 /business/job_title/people_with_this_title./business/employment_tenure/company /m/01_lh1 0 0 0 0
/m/014l7h /business/job_title/people_with_this_title./business/employment_tenure/company /m/01y81r 0 0 0 0
/m/014l7h /business/job_title/people_with_this_title./business/employment_tenure/company /m/0152x_ 0 0 0 0
/m/060c4 /business/job_title/people_with_this_title./business/employment_tenure/company /m/016tw3 0 0 0 0
/m/04192r /business/job_title/people_with_this_title./business/employment_tenure/company /m/04f0xq 0 0 0 0
/m/02y6fz /business/job_title/people_with_this_title./business/employment_tenure/company /m/06wpc 0 0 0 0
/m/02md_2 /business/job_title/people_with_this_title./business/employment_tenure/company /m/06pwq 1 1 0 0
/m/021q1c /business/job_title/people_with_this_title./business/employment_tenure/company /m/01k7xz 0 0 0 0
/m/021q1c /business/job_title/people_with_this_title./business/employment_tenure/company /m/03ksy 0 1 0 1
/m/02211by /business/job_title/people_with_this_title./business/employment_tenure/company /m/0k8z 0 0 0 0
/m/08jcfy /business/job_title/people_with_this_title./business/employment_tenure/company /m/01v2xl 0 0 0 0
/m/060c4 /business/job_title/people_with_this_title./business/employment_tenure/company /m/01bfjy 0 0 0 0
/m/0dq3c /business/job_title/people_with_this_title./business/employment_tenure/company /m/0206k5 0 0 0 0
/m/07t3gd /business/job_title/people_with_this_title./business/employment_tenure/company /m/03mnk 0 0 0 0
/m/02k13d /business/job_title/people_with_this_title./business/employment_tenure/company /m/02z_b 0 0 0 0
/m/060c4 /business/job_title/people_with_this_title./business/employment_tenure/company /m/018_q8 0 0 0 0
/m/04n1q6 /business/job_title/people_with_this_title./business/employment_tenure/company /m/06fq2 0 0 0 0
/m/0dq_5 /business/job_title/people_with_this_title./business/employment_tenure/company /m/04kqk 0 0 0 0
/m/060c4 /business/job_title/people_with_this_title./business/employment_tenure/company /m/02p10m 0 0 0 0
/m/05k17c /business/job_title/people_with_this_title./business/employment_tenure/company /m/01jtp7 0 0 0 0
/m/0krdk /business/job_title/people_with_this_title./business/employment_tenure/company /m/04qhdf 0 0 0 0
/m/09lq2c /business/job_title/people_with_this_title./business/employment_tenure/company /m/01npw8 0 0 0 0
/m/021q1c /business/job_title/people_with_this_title./business/employment_tenure/company /m/017j69 0 0 0 0
/m/05_wyz /business/job_title/people_with_this_title./business/employment_tenure/company /m/02zs4 0 1 0 0
/m/060c4 /business/job_title/people_with_this_title./business/employment_tenure/company /m/0841v 0 0 0 0
/m/02y6fz /business/job_title/people_with_this_title./business/employment_tenure/company /m/0jmnl 0 0 0 0
/m/028fjr /business/job_title/people_with_this_title./business/employment_tenure/company /m/03qbm 0 0 0 0
/m/02k13d /business/job_title/people_with_this_title./business/employment_tenure/company /m/0c0sl 0 0 0 0
/m/021q1c /business/job_title/people_with_this_title./business/employment_tenure/company /m/025v3k 0 1 0 0
/m/0krdk /business/job_title/people_with_this_title./business/employment_tenure/company /m/04htfd 0 1 0 0
/m/060c4 /business/job_title/people_with_this_title./business/employment_tenure/company /m/04rcl7 0 0 0 0
/m/09d6p2 /business/job_title/people_with_this_title./business/employment_tenure/company /m/02bm1v 0 0 0 0
/m/09d6p2 /business/job_title/people_with_this_title./business/employment_tenure/company /m/03ksy 0 0 0 0
/m/05_wyz /business/job_title/people_with_this_title./business/employment_tenure/company /m/07_dn 0 1 0 0
/m/060c4 /business/job_title/people_with_this_title./business/employment_tenure/company /m/05g76 0 0 0 0
/m/060c4 /business/job_title/people_with_this_title./business/employment_tenure/company /m/0jvs0 0 0 0 0
/m/02md_2 /business/job_title/people_with_this_title./business/employment_tenure/company /m/05l71 0 0 0 0
/m/07t3gd /business/job_title/people_with_this_title./business/employment_tenure/company /m/03v6t 0 1 0 0
/m/09d6p2 /business/job_title/people_with_this_title./business/employment_tenure/company /m/0l8sx 0 0 0 0
/m/01yc02 /business/job_title/people_with_this_title./business/employment_tenure/company /m/01pf21 1 1 0 0
/m/0dq_5 /business/job_title/people_with_this_title./business/employment_tenure/company /m/0jbk9 0 0 0 0
/m/0142rn /business/job_title/people_with_this_title./business/employment_tenure/company /m/0py9b 1 1 0 1
/m/060c4 /business/job_title/people_with_this_title./business/employment_tenure/company /m/02bm1v 0 0 0 0
/m/060c4 /business/job_title/people_with_this_title./business/employment_tenure/company /m/04fv0k 0 0 0 0
/m/09d6p2 /business/job_title/people_with_this_title./business/employment_tenure/company /m/04htfd 0 0 0 0
/m/0krdk /business/job_title/people_with_this_title./business/employment_tenure/company /m/03s7h 0 1 0 1
/m/0krdk /business/job_title/people_with_this_title./business/employment_tenure/company /m/01pf21 0 1 0 0
/m/04n1q6 /business/job_title/people_with_this_title./business/employment_tenure/company /m/04rwx 0 0 0 0
/m/09d6p2 /business/job_title/people_with_this_title./business/employment_tenure/company /m/01n073 0 0 0 0
/m/05_wyz /business/job_title/people_with_this_title./business/employment_tenure/company /m/0hpt3 0 1 0 0
/m/05_wyz /business/job_title/people_with_this_title./business/employment_tenure/company /m/035nm 1 1 0 0
/m/0dq_5 /business/job_title/people_with_this_title./business/employment_tenure/company /m/01frpd 0 0 0 0
/m/0dq3c /business/job_title/people_with_this_title./business/employment_tenure/company /m/0plw 0 0 0 0
/m/0142rn /business/job_title/people_with_this_title./business/employment_tenure/company /m/0537b 1 1 0 0
/m/060c4 /business/job_title/people_with_this_title./business/employment_tenure/company /m/03bnb 0 0 0 0
/m/014l7h /business/job_title/people_with_this_title./business/employment_tenure/company /m/049rl0 1 1 0 0
/m/028fjr /business/job_title/people_with_this_title./business/employment_tenure/company /m/0300cp 0 0 0 0
/m/060c4 /business/job_title/people_with_this_title./business/employment_tenure/company /m/03mnk 0 0 0 0
/m/0dq3c /business/job_title/people_with_this_title./business/employment_tenure/company /m/06py2 0 0 0 0
