pca confidence count
/m/04ycjk /education/university/domestic_tuition./measurement_unit/dated_money_value/currency /m/09nqf 1 1 1 1
/m/0m7yh /education/university/domestic_tuition./measurement_unit/dated_money_value/currency /m/02l6h 1 1 1 1
/m/06b7s9 /education/university/domestic_tuition./measurement_unit/dated_money_value/currency /m/09nqf 1 1 1 1
/m/01mpwj /education/university/domestic_tuition./measurement_unit/dated_money_value/currency /m/09nqf 1 1 1 1
/m/027xq5 /education/university/domestic_tuition./measurement_unit/dated_money_value/currency /m/01nv4h 1 1 1 1
std confidence count
/m/04ycjk /education/university/domestic_tuition./measurement_unit/dated_money_value/currency /m/09nqf 1 1 1 1
/m/0m7yh /education/university/domestic_tuition./measurement_unit/dated_money_value/currency /m/02l6h 1 1 0 0
/m/06b7s9 /education/university/domestic_tuition./measurement_unit/dated_money_value/currency /m/09nqf 1 1 1 1
/m/01mpwj /education/university/domestic_tuition./measurement_unit/dated_money_value/currency /m/09nqf 1 1 1 1
/m/027xq5 /education/university/domestic_tuition./measurement_unit/dated_money_value/currency /m/01nv4h 1 1 0 0
pca confidence sum
/m/04ycjk /education/university/domestic_tuition./measurement_unit/dated_money_value/currency /m/09nqf 1 1 1 1
/m/0m7yh /education/university/domestic_tuition./measurement_unit/dated_money_value/currency /m/02l6h 1 1 0 0
/m/06b7s9 /education/university/domestic_tuition./measurement_unit/dated_money_value/currency /m/09nqf 1 1 1 1
/m/01mpwj /education/university/domestic_tuition./measurement_unit/dated_money_value/currency /m/09nqf 1 1 1 1
/m/027xq5 /education/university/domestic_tuition./measurement_unit/dated_money_value/currency /m/01nv4h 1 1 1 1
std confidence sum
/m/04ycjk /education/university/domestic_tuition./measurement_unit/dated_money_value/currency /m/09nqf 1 1 1 1
/m/0m7yh /education/university/domestic_tuition./measurement_unit/dated_money_value/currency /m/02l6h 1 1 0 0
/m/06b7s9 /education/university/domestic_tuition./measurement_unit/dated_money_value/currency /m/09nqf 1 1 1 1
/m/01mpwj /education/university/domestic_tuition./measurement_unit/dated_money_value/currency /m/09nqf 1 1 1 1
/m/027xq5 /education/university/domestic_tuition./measurement_unit/dated_money_value/currency /m/01nv4h 1 1 0 0
