pca confidence count
/m/04q827 /film/film/film_production_design_by /m/0dh73w 1 1 1 1
/m/01q2nx /film/film/film_production_design_by /m/05b2f_k 0 0 0 0
/m/06kl78 /film/film/film_production_design_by /m/03mdw3c 1 1 1 1
/m/015x74 /film/film/film_production_design_by /m/0bytkq 1 1 0 0
/m/03tn80 /film/film/film_production_design_by /m/02x2t07 1 1 1 1
/m/0164qt /film/film/film_production_design_by /m/04_1nk 1 1 1 1
/m/025twgf /film/film/film_production_design_by /m/04kj2v 1 1 0 0
/m/057__d /film/film/film_production_design_by /m/0d5wn3 1 1 0 0
/m/021pqy /film/film/film_production_design_by /m/07s9tsr 0 0 0 0
/m/01d2v1 /film/film/film_production_design_by /m/0fqjks 0 0 0 0
std confidence count
/m/04q827 /film/film/film_production_design_by /m/0dh73w 1 1 1 1
/m/01q2nx /film/film/film_production_design_by /m/05b2f_k 0 0 0 0
/m/06kl78 /film/film/film_production_design_by /m/03mdw3c 1 1 1 1
/m/015x74 /film/film/film_production_design_by /m/0bytkq 1 1 0 0
/m/03tn80 /film/film/film_production_design_by /m/02x2t07 1 1 1 1
/m/0164qt /film/film/film_production_design_by /m/04_1nk 1 1 1 1
/m/025twgf /film/film/film_production_design_by /m/04kj2v 1 1 0 0
/m/057__d /film/film/film_production_design_by /m/0d5wn3 1 1 0 0
/m/021pqy /film/film/film_production_design_by /m/07s9tsr 0 0 0 0
/m/01d2v1 /film/film/film_production_design_by /m/0fqjks 0 0 0 0
pca confidence sum
/m/04q827 /film/film/film_production_design_by /m/0dh73w 1 1 1 1
/m/01q2nx /film/film/film_production_design_by /m/05b2f_k 0 0 0 0
/m/06kl78 /film/film/film_production_design_by /m/03mdw3c 1 1 1 1
/m/015x74 /film/film/film_production_design_by /m/0bytkq 1 1 0 0
/m/03tn80 /film/film/film_production_design_by /m/02x2t07 1 1 1 1
/m/0164qt /film/film/film_production_design_by /m/04_1nk 1 1 1 1
/m/025twgf /film/film/film_production_design_by /m/04kj2v 1 1 0 0
/m/057__d /film/film/film_production_design_by /m/0d5wn3 1 1 0 0
/m/021pqy /film/film/film_production_design_by /m/07s9tsr 0 0 0 0
/m/01d2v1 /film/film/film_production_design_by /m/0fqjks 0 0 0 0
std confidence sum
/m/04q827 /film/film/film_production_design_by /m/0dh73w 1 1 1 1
/m/01q2nx /film/film/film_production_design_by /m/05b2f_k 0 0 0 0
/m/06kl78 /film/film/film_production_design_by /m/03mdw3c 1 1 1 1
/m/015x74 /film/film/film_production_design_by /m/0bytkq 1 1 0 0
/m/03tn80 /film/film/film_production_design_by /m/02x2t07 1 1 1 1
/m/0164qt /film/film/film_production_design_by /m/04_1nk 1 1 1 1
/m/025twgf /film/film/film_production_design_by /m/04kj2v 1 1 0 0
/m/057__d /film/film/film_production_design_by /m/0d5wn3 1 1 0 0
/m/021pqy /film/film/film_production_design_by /m/07s9tsr 0 0 0 0
/m/01d2v1 /film/film/film_production_design_by /m/0fqjks 0 0 0 0
