pca confidence count
/m/053rxgm /film/film/executive_produced_by /m/0g_rs_ 1 1 1 1
/m/034qzw /film/film/executive_produced_by /m/06m6z6 0 0 0 0
/m/0d90m /film/film/executive_produced_by /m/021lby 0 0 0 0
/m/03bzyn4 /film/film/executive_produced_by /m/03c9pqt 1 1 1 1
/m/09z2b7 /film/film/executive_produced_by /m/05hj_k 1 1 1 1
/m/08hmch /film/film/executive_produced_by /m/079vf 1 1 1 1
/m/01bb9r /film/film/executive_produced_by /m/0glyyw 1 1 1 1
/m/035gnh /film/film/executive_produced_by /m/0ksf29 0 0 0 0
/m/0cc5mcj /film/film/executive_produced_by /m/0gg9_5q 1 1 0 0
/m/0bwhdbl /film/film/executive_produced_by /m/05hj_k 1 1 1 1
/m/04nnpw /film/film/executive_produced_by /m/05hj_k 1 1 0 1
/m/03tbg6 /film/film/executive_produced_by /m/0glyyw 1 1 0 0
/m/09k56b7 /film/film/executive_produced_by /m/02rchht 0 0 0 0
/m/01k1k4 /film/film/executive_produced_by /m/04q5zw 0 0 0 0
/m/02rrfzf /film/film/executive_produced_by /m/05hj_k 1 1 0 0
/m/02r8hh_ /film/film/executive_produced_by /m/02q_cc 0 0 0 0
/m/0dlngsd /film/film/executive_produced_by /m/0fvf9q 0 0 0 0
/m/027m5wv /film/film/executive_produced_by /m/05hj_k 1 1 1 1
/m/02vrgnr /film/film/executive_produced_by /m/05mvd62 0 0 0 0
/m/0kv238 /film/film/executive_produced_by /m/0gg9_5q 0 0 0 0
/m/09rvwmy /film/film/executive_produced_by /m/0g_rs_ 0 0 0 0
/m/0170z3 /film/film/executive_produced_by /m/027kmrb 0 0 0 0
/m/02q3fdr /film/film/executive_produced_by /m/04jspq 1 1 1 1
/m/01n30p /film/film/executive_produced_by /m/0d_skg 0 0 0 0
/m/07yk1xz /film/film/executive_produced_by /m/03h304l 1 1 1 1
/m/02tjl3 /film/film/executive_produced_by /m/07r1h 0 0 0 0
/m/0407yfx /film/film/executive_produced_by /m/05_k56 0 0 0 0
/m/0fs9vc /film/film/executive_produced_by /m/04jspq 1 1 1 1
/m/02c638 /film/film/executive_produced_by /m/0glyyw 1 1 1 1
/m/0gyy53 /film/film/executive_produced_by /m/02z6l5f 1 1 1 1
/m/08g_jw /film/film/executive_produced_by /m/02x20c9 1 1 1 1
/m/01svry /film/film/executive_produced_by /m/06q8hf 1 1 1 1
/m/02704ff /film/film/executive_produced_by /m/0b13g7 1 1 0 0
/m/089j8p /film/film/executive_produced_by /m/02z6l5f 1 1 0 0
/m/0g9lm2 /film/film/executive_produced_by /m/0fvf9q 1 1 0 0
/m/016y_f /film/film/executive_produced_by /m/030_3z 1 1 0 1
/m/026wlxw /film/film/executive_produced_by /m/0glyyw 1 1 1 1
/m/03cw411 /film/film/executive_produced_by /m/06q8hf 1 1 0 1
/m/057lbk /film/film/executive_produced_by /m/01r2c7 1 1 0 1
/m/0h95927 /film/film/executive_produced_by /m/06q8hf 1 1 0 1
/m/0353xq /film/film/executive_produced_by /m/01k_0fp 1 1 0 1
/m/09rvwmy /film/film/executive_produced_by /m/0dqmt0 0 0 0 0
/m/0cd2vh9 /film/film/executive_produced_by /m/079vf 1 1 1 1
/m/0298n7 /film/film/executive_produced_by /m/03h304l 1 1 0 0
/m/09rvcvl /film/film/executive_produced_by /m/02z2xdf 1 1 0 0
/m/02h22 /film/film/executive_produced_by /m/04w1j9 0 0 0 0
/m/07cz2 /film/film/executive_produced_by /m/0glyyw 1 1 1 1
/m/02v5_g /film/film/executive_produced_by /m/05hj_k 1 1 1 1
/m/04ydr95 /film/film/executive_produced_by /m/03v1w7 0 0 0 0
/m/0fjyzt /film/film/executive_produced_by /m/029m83 0 0 0 0
/m/02v63m /film/film/executive_produced_by /m/05hj_k 1 1 1 1
/m/01hq1 /film/film/executive_produced_by /m/06s26c 0 0 0 0
/m/06q8qh /film/film/executive_produced_by /m/02_340 0 0 0 0
/m/02yvct /film/film/executive_produced_by /m/06q8hf 1 1 0 1
/m/047rkcm /film/film/executive_produced_by /m/0gg9_5q 1 1 1 1
/m/02fqxm /film/film/executive_produced_by /m/07f8wg 0 0 0 0
/m/05567m /film/film/executive_produced_by /m/04q5zw 0 0 0 0
/m/047d21r /film/film/executive_produced_by /m/06q8hf 1 1 0 1
/m/06z8s_ /film/film/executive_produced_by /m/0glyyw 1 1 1 1
/m/034b6k /film/film/executive_produced_by /m/05prs8 0 0 0 0
/m/0yyn5 /film/film/executive_produced_by /m/0d6484 0 0 0 0
/m/0gjk1d /film/film/executive_produced_by /m/0b13g7 1 1 0 1
/m/01qb5d /film/film/executive_produced_by /m/079vf 1 1 1 1
/m/04jplwp /film/film/executive_produced_by /m/0gg9_5q 1 1 0 0
/m/01gglm /film/film/executive_produced_by /m/021lby 0 0 0 0
/m/05dss7 /film/film/executive_produced_by /m/08gf93 0 0 0 0
/m/03h4fq7 /film/film/executive_produced_by /m/027z0pl 1 1 1 1
/m/025rvx0 /film/film/executive_produced_by /m/030_3z 1 1 0 0
/m/017gl1 /film/film/executive_produced_by /m/06q8hf 1 1 1 1
/m/02qzh2 /film/film/executive_produced_by /m/05hj_k 1 1 0 1
/m/01f7jt /film/film/executive_produced_by /m/030_3z 1 1 0 1
/m/0660b9b /film/film/executive_produced_by /m/02z6l5f 1 1 1 1
/m/05v38p /film/film/executive_produced_by /m/06q8hf 1 1 1 1
std confidence count
/m/053rxgm /film/film/executive_produced_by /m/0g_rs_ 1 1 1 1
/m/034qzw /film/film/executive_produced_by /m/06m6z6 0 0 0 0
/m/0d90m /film/film/executive_produced_by /m/021lby 0 0 0 0
/m/03bzyn4 /film/film/executive_produced_by /m/03c9pqt 1 1 1 1
/m/09z2b7 /film/film/executive_produced_by /m/05hj_k 1 1 1 1
/m/08hmch /film/film/executive_produced_by /m/079vf 1 1 1 1
/m/01bb9r /film/film/executive_produced_by /m/0glyyw 1 1 1 1
/m/035gnh /film/film/executive_produced_by /m/0ksf29 0 0 0 0
/m/0cc5mcj /film/film/executive_produced_by /m/0gg9_5q 1 1 0 0
/m/0bwhdbl /film/film/executive_produced_by /m/05hj_k 1 1 1 1
/m/04nnpw /film/film/executive_produced_by /m/05hj_k 1 1 0 1
/m/03tbg6 /film/film/executive_produced_by /m/0glyyw 1 1 0 0
/m/09k56b7 /film/film/executive_produced_by /m/02rchht 0 0 0 0
/m/01k1k4 /film/film/executive_produced_by /m/04q5zw 0 0 0 0
/m/02rrfzf /film/film/executive_produced_by /m/05hj_k 1 1 0 0
/m/02r8hh_ /film/film/executive_produced_by /m/02q_cc 0 0 0 0
/m/0dlngsd /film/film/executive_produced_by /m/0fvf9q 0 0 0 0
/m/027m5wv /film/film/executive_produced_by /m/05hj_k 1 1 1 1
/m/02vrgnr /film/film/executive_produced_by /m/05mvd62 0 0 0 0
/m/0kv238 /film/film/executive_produced_by /m/0gg9_5q 0 0 0 0
/m/09rvwmy /film/film/executive_produced_by /m/0g_rs_ 0 0 0 0
/m/0170z3 /film/film/executive_produced_by /m/027kmrb 0 0 0 0
/m/02q3fdr /film/film/executive_produced_by /m/04jspq 1 1 1 1
/m/01n30p /film/film/executive_produced_by /m/0d_skg 0 0 0 0
/m/07yk1xz /film/film/executive_produced_by /m/03h304l 1 1 0 0
/m/02tjl3 /film/film/executive_produced_by /m/07r1h 0 0 0 0
/m/0407yfx /film/film/executive_produced_by /m/05_k56 0 0 0 0
/m/0fs9vc /film/film/executive_produced_by /m/04jspq 1 1 1 1
/m/02c638 /film/film/executive_produced_by /m/0glyyw 1 1 1 1
/m/0gyy53 /film/film/executive_produced_by /m/02z6l5f 1 1 1 1
/m/08g_jw /film/film/executive_produced_by /m/02x20c9 1 1 1 1
/m/01svry /film/film/executive_produced_by /m/06q8hf 1 1 1 1
/m/02704ff /film/film/executive_produced_by /m/0b13g7 1 1 0 0
/m/089j8p /film/film/executive_produced_by /m/02z6l5f 1 1 0 0
/m/0g9lm2 /film/film/executive_produced_by /m/0fvf9q 1 1 0 0
/m/016y_f /film/film/executive_produced_by /m/030_3z 1 1 0 1
/m/026wlxw /film/film/executive_produced_by /m/0glyyw 1 1 1 1
/m/03cw411 /film/film/executive_produced_by /m/06q8hf 1 1 1 1
/m/057lbk /film/film/executive_produced_by /m/01r2c7 1 1 0 1
/m/0h95927 /film/film/executive_produced_by /m/06q8hf 1 1 0 1
/m/0353xq /film/film/executive_produced_by /m/01k_0fp 1 1 0 1
/m/09rvwmy /film/film/executive_produced_by /m/0dqmt0 0 0 0 0
/m/0cd2vh9 /film/film/executive_produced_by /m/079vf 1 1 1 1
/m/0298n7 /film/film/executive_produced_by /m/03h304l 1 1 0 0
/m/09rvcvl /film/film/executive_produced_by /m/02z2xdf 1 1 0 0
/m/02h22 /film/film/executive_produced_by /m/04w1j9 0 0 0 0
/m/07cz2 /film/film/executive_produced_by /m/0glyyw 1 1 1 1
/m/02v5_g /film/film/executive_produced_by /m/05hj_k 1 1 1 1
/m/04ydr95 /film/film/executive_produced_by /m/03v1w7 0 0 0 0
/m/0fjyzt /film/film/executive_produced_by /m/029m83 0 0 0 0
/m/02v63m /film/film/executive_produced_by /m/05hj_k 1 1 1 1
/m/01hq1 /film/film/executive_produced_by /m/06s26c 0 0 0 0
/m/06q8qh /film/film/executive_produced_by /m/02_340 0 0 0 0
/m/02yvct /film/film/executive_produced_by /m/06q8hf 1 1 0 1
/m/047rkcm /film/film/executive_produced_by /m/0gg9_5q 1 1 1 1
/m/02fqxm /film/film/executive_produced_by /m/07f8wg 0 0 0 0
/m/05567m /film/film/executive_produced_by /m/04q5zw 0 0 0 0
/m/047d21r /film/film/executive_produced_by /m/06q8hf 1 1 1 1
/m/06z8s_ /film/film/executive_produced_by /m/0glyyw 1 1 1 1
/m/034b6k /film/film/executive_produced_by /m/05prs8 0 0 0 0
/m/0yyn5 /film/film/executive_produced_by /m/0d6484 0 0 0 0
/m/0gjk1d /film/film/executive_produced_by /m/0b13g7 1 1 0 0
/m/01qb5d /film/film/executive_produced_by /m/079vf 1 1 1 1
/m/04jplwp /film/film/executive_produced_by /m/0gg9_5q 1 1 0 0
/m/01gglm /film/film/executive_produced_by /m/021lby 0 0 0 0
/m/05dss7 /film/film/executive_produced_by /m/08gf93 0 0 0 0
/m/03h4fq7 /film/film/executive_produced_by /m/027z0pl 1 1 1 1
/m/025rvx0 /film/film/executive_produced_by /m/030_3z 1 1 0 0
/m/017gl1 /film/film/executive_produced_by /m/06q8hf 1 1 1 1
/m/02qzh2 /film/film/executive_produced_by /m/05hj_k 1 1 0 1
/m/01f7jt /film/film/executive_produced_by /m/030_3z 1 1 0 1
/m/0660b9b /film/film/executive_produced_by /m/02z6l5f 1 1 1 1
/m/05v38p /film/film/executive_produced_by /m/06q8hf 1 1 1 1
pca confidence sum
/m/053rxgm /film/film/executive_produced_by /m/0g_rs_ 1 1 0 0
/m/034qzw /film/film/executive_produced_by /m/06m6z6 0 0 0 0
/m/0d90m /film/film/executive_produced_by /m/021lby 0 0 0 0
/m/03bzyn4 /film/film/executive_produced_by /m/03c9pqt 1 1 1 1
/m/09z2b7 /film/film/executive_produced_by /m/05hj_k 1 1 1 1
/m/08hmch /film/film/executive_produced_by /m/079vf 1 1 1 1
/m/01bb9r /film/film/executive_produced_by /m/0glyyw 1 1 0 0
/m/035gnh /film/film/executive_produced_by /m/0ksf29 0 0 0 0
/m/0cc5mcj /film/film/executive_produced_by /m/0gg9_5q 1 1 0 0
/m/0bwhdbl /film/film/executive_produced_by /m/05hj_k 1 1 0 1
/m/04nnpw /film/film/executive_produced_by /m/05hj_k 1 1 0 1
/m/03tbg6 /film/film/executive_produced_by /m/0glyyw 1 1 0 0
/m/09k56b7 /film/film/executive_produced_by /m/02rchht 0 0 0 0
/m/01k1k4 /film/film/executive_produced_by /m/04q5zw 0 0 0 0
/m/02rrfzf /film/film/executive_produced_by /m/05hj_k 1 1 0 0
/m/02r8hh_ /film/film/executive_produced_by /m/02q_cc 0 0 0 0
/m/0dlngsd /film/film/executive_produced_by /m/0fvf9q 0 0 0 0
/m/027m5wv /film/film/executive_produced_by /m/05hj_k 1 1 1 1
/m/02vrgnr /film/film/executive_produced_by /m/05mvd62 0 0 0 0
/m/0kv238 /film/film/executive_produced_by /m/0gg9_5q 0 0 0 0
/m/09rvwmy /film/film/executive_produced_by /m/0g_rs_ 0 0 0 0
/m/0170z3 /film/film/executive_produced_by /m/027kmrb 0 0 0 0
/m/02q3fdr /film/film/executive_produced_by /m/04jspq 1 1 0 1
/m/01n30p /film/film/executive_produced_by /m/0d_skg 0 0 0 0
/m/07yk1xz /film/film/executive_produced_by /m/03h304l 1 1 0 0
/m/02tjl3 /film/film/executive_produced_by /m/07r1h 0 0 0 0
/m/0407yfx /film/film/executive_produced_by /m/05_k56 0 0 0 0
/m/0fs9vc /film/film/executive_produced_by /m/04jspq 1 1 1 1
/m/02c638 /film/film/executive_produced_by /m/0glyyw 1 1 0 0
/m/0gyy53 /film/film/executive_produced_by /m/02z6l5f 1 1 0 0
/m/08g_jw /film/film/executive_produced_by /m/02x20c9 1 1 0 0
/m/01svry /film/film/executive_produced_by /m/06q8hf 1 1 1 1
/m/02704ff /film/film/executive_produced_by /m/0b13g7 1 1 0 0
/m/089j8p /film/film/executive_produced_by /m/02z6l5f 1 1 0 0
/m/0g9lm2 /film/film/executive_produced_by /m/0fvf9q 1 1 0 0
/m/016y_f /film/film/executive_produced_by /m/030_3z 1 1 0 0
/m/026wlxw /film/film/executive_produced_by /m/0glyyw 1 1 1 1
/m/03cw411 /film/film/executive_produced_by /m/06q8hf 1 1 1 1
/m/057lbk /film/film/executive_produced_by /m/01r2c7 1 1 0 1
/m/0h95927 /film/film/executive_produced_by /m/06q8hf 1 1 0 1
/m/0353xq /film/film/executive_produced_by /m/01k_0fp 1 1 0 1
/m/09rvwmy /film/film/executive_produced_by /m/0dqmt0 0 0 0 0
/m/0cd2vh9 /film/film/executive_produced_by /m/079vf 1 1 1 1
/m/0298n7 /film/film/executive_produced_by /m/03h304l 1 1 0 0
/m/09rvcvl /film/film/executive_produced_by /m/02z2xdf 1 1 0 0
/m/02h22 /film/film/executive_produced_by /m/04w1j9 0 0 0 0
/m/07cz2 /film/film/executive_produced_by /m/0glyyw 1 1 1 1
/m/02v5_g /film/film/executive_produced_by /m/05hj_k 1 1 0 1
/m/04ydr95 /film/film/executive_produced_by /m/03v1w7 0 0 0 0
/m/0fjyzt /film/film/executive_produced_by /m/029m83 0 0 0 0
/m/02v63m /film/film/executive_produced_by /m/05hj_k 1 1 0 1
/m/01hq1 /film/film/executive_produced_by /m/06s26c 0 0 0 0
/m/06q8qh /film/film/executive_produced_by /m/02_340 0 0 0 0
/m/02yvct /film/film/executive_produced_by /m/06q8hf 1 1 1 1
/m/047rkcm /film/film/executive_produced_by /m/0gg9_5q 1 1 0 0
/m/02fqxm /film/film/executive_produced_by /m/07f8wg 0 0 0 0
/m/05567m /film/film/executive_produced_by /m/04q5zw 0 0 0 0
/m/047d21r /film/film/executive_produced_by /m/06q8hf 1 1 1 1
/m/06z8s_ /film/film/executive_produced_by /m/0glyyw 1 1 1 1
/m/034b6k /film/film/executive_produced_by /m/05prs8 0 0 0 0
/m/0yyn5 /film/film/executive_produced_by /m/0d6484 0 0 0 0
/m/0gjk1d /film/film/executive_produced_by /m/0b13g7 1 1 0 0
/m/01qb5d /film/film/executive_produced_by /m/079vf 1 1 1 1
/m/04jplwp /film/film/executive_produced_by /m/0gg9_5q 1 1 0 0
/m/01gglm /film/film/executive_produced_by /m/021lby 0 0 0 0
/m/05dss7 /film/film/executive_produced_by /m/08gf93 0 0 0 0
/m/03h4fq7 /film/film/executive_produced_by /m/027z0pl 1 1 0 0
/m/025rvx0 /film/film/executive_produced_by /m/030_3z 1 1 0 0
/m/017gl1 /film/film/executive_produced_by /m/06q8hf 1 1 1 1
/m/02qzh2 /film/film/executive_produced_by /m/05hj_k 1 1 0 1
/m/01f7jt /film/film/executive_produced_by /m/030_3z 1 1 0 1
/m/0660b9b /film/film/executive_produced_by /m/02z6l5f 1 1 1 1
/m/05v38p /film/film/executive_produced_by /m/06q8hf 1 1 1 1
std confidence sum
/m/053rxgm /film/film/executive_produced_by /m/0g_rs_ 1 1 1 1
/m/034qzw /film/film/executive_produced_by /m/06m6z6 0 0 0 0
/m/0d90m /film/film/executive_produced_by /m/021lby 0 0 0 0
/m/03bzyn4 /film/film/executive_produced_by /m/03c9pqt 1 1 1 1
/m/09z2b7 /film/film/executive_produced_by /m/05hj_k 1 1 1 1
/m/08hmch /film/film/executive_produced_by /m/079vf 1 1 1 1
/m/01bb9r /film/film/executive_produced_by /m/0glyyw 1 1 0 0
/m/035gnh /film/film/executive_produced_by /m/0ksf29 0 0 0 0
/m/0cc5mcj /film/film/executive_produced_by /m/0gg9_5q 1 1 0 0
/m/0bwhdbl /film/film/executive_produced_by /m/05hj_k 1 1 1 1
/m/04nnpw /film/film/executive_produced_by /m/05hj_k 1 1 0 1
/m/03tbg6 /film/film/executive_produced_by /m/0glyyw 1 1 0 0
/m/09k56b7 /film/film/executive_produced_by /m/02rchht 0 0 0 0
/m/01k1k4 /film/film/executive_produced_by /m/04q5zw 0 0 0 0
/m/02rrfzf /film/film/executive_produced_by /m/05hj_k 1 1 0 0
/m/02r8hh_ /film/film/executive_produced_by /m/02q_cc 0 0 0 0
/m/0dlngsd /film/film/executive_produced_by /m/0fvf9q 0 0 0 0
/m/027m5wv /film/film/executive_produced_by /m/05hj_k 1 1 1 1
/m/02vrgnr /film/film/executive_produced_by /m/05mvd62 0 0 0 0
/m/0kv238 /film/film/executive_produced_by /m/0gg9_5q 0 0 0 0
/m/09rvwmy /film/film/executive_produced_by /m/0g_rs_ 0 0 0 0
/m/0170z3 /film/film/executive_produced_by /m/027kmrb 0 0 0 0
/m/02q3fdr /film/film/executive_produced_by /m/04jspq 1 1 0 1
/m/01n30p /film/film/executive_produced_by /m/0d_skg 0 0 0 0
/m/07yk1xz /film/film/executive_produced_by /m/03h304l 1 1 0 0
/m/02tjl3 /film/film/executive_produced_by /m/07r1h 0 0 0 0
/m/0407yfx /film/film/executive_produced_by /m/05_k56 0 0 0 0
/m/0fs9vc /film/film/executive_produced_by /m/04jspq 1 1 1 1
/m/02c638 /film/film/executive_produced_by /m/0glyyw 1 1 1 1
/m/0gyy53 /film/film/executive_produced_by /m/02z6l5f 1 1 1 1
/m/08g_jw /film/film/executive_produced_by /m/02x20c9 1 1 1 1
/m/01svry /film/film/executive_produced_by /m/06q8hf 1 1 1 1
/m/02704ff /film/film/executive_produced_by /m/0b13g7 1 1 0 0
/m/089j8p /film/film/executive_produced_by /m/02z6l5f 1 1 0 0
/m/0g9lm2 /film/film/executive_produced_by /m/0fvf9q 1 1 0 0
/m/016y_f /film/film/executive_produced_by /m/030_3z 1 1 0 1
/m/026wlxw /film/film/executive_produced_by /m/0glyyw 1 1 1 1
/m/03cw411 /film/film/executive_produced_by /m/06q8hf 1 1 1 1
/m/057lbk /film/film/executive_produced_by /m/01r2c7 1 1 0 1
/m/0h95927 /film/film/executive_produced_by /m/06q8hf 1 1 0 1
/m/0353xq /film/film/executive_produced_by /m/01k_0fp 1 1 0 1
/m/09rvwmy /film/film/executive_produced_by /m/0dqmt0 0 0 0 0
/m/0cd2vh9 /film/film/executive_produced_by /m/079vf 1 1 1 1
/m/0298n7 /film/film/executive_produced_by /m/03h304l 1 1 0 0
/m/09rvcvl /film/film/executive_produced_by /m/02z2xdf 1 1 0 0
/m/02h22 /film/film/executive_produced_by /m/04w1j9 0 0 0 0
/m/07cz2 /film/film/executive_produced_by /m/0glyyw 1 1 1 1
/m/02v5_g /film/film/executive_produced_by /m/05hj_k 1 1 1 1
/m/04ydr95 /film/film/executive_produced_by /m/03v1w7 0 0 0 0
/m/0fjyzt /film/film/executive_produced_by /m/029m83 0 0 0 0
/m/02v63m /film/film/executive_produced_by /m/05hj_k 1 1 1 1
/m/01hq1 /film/film/executive_produced_by /m/06s26c 0 0 0 0
/m/06q8qh /film/film/executive_produced_by /m/02_340 0 0 0 0
/m/02yvct /film/film/executive_produced_by /m/06q8hf 1 1 1 1
/m/047rkcm /film/film/executive_produced_by /m/0gg9_5q 1 1 1 1
/m/02fqxm /film/film/executive_produced_by /m/07f8wg 0 0 0 0
/m/05567m /film/film/executive_produced_by /m/04q5zw 0 0 0 0
/m/047d21r /film/film/executive_produced_by /m/06q8hf 1 1 1 1
/m/06z8s_ /film/film/executive_produced_by /m/0glyyw 1 1 1 1
/m/034b6k /film/film/executive_produced_by /m/05prs8 0 0 0 0
/m/0yyn5 /film/film/executive_produced_by /m/0d6484 0 0 0 0
/m/0gjk1d /film/film/executive_produced_by /m/0b13g7 1 1 0 0
/m/01qb5d /film/film/executive_produced_by /m/079vf 1 1 1 1
/m/04jplwp /film/film/executive_produced_by /m/0gg9_5q 1 1 0 0
/m/01gglm /film/film/executive_produced_by /m/021lby 0 0 0 0
/m/05dss7 /film/film/executive_produced_by /m/08gf93 0 0 0 0
/m/03h4fq7 /film/film/executive_produced_by /m/027z0pl 1 1 1 1
/m/025rvx0 /film/film/executive_produced_by /m/030_3z 1 1 0 0
/m/017gl1 /film/film/executive_produced_by /m/06q8hf 1 1 1 1
/m/02qzh2 /film/film/executive_produced_by /m/05hj_k 1 1 0 1
/m/01f7jt /film/film/executive_produced_by /m/030_3z 1 1 0 1
/m/0660b9b /film/film/executive_produced_by /m/02z6l5f 1 1 1 1
/m/05v38p /film/film/executive_produced_by /m/06q8hf 1 1 1 1
