pca confidence count
/m/0d05w3 /military/military_combatant/military_conflicts./military/military_combatant_group/combatants /m/0g970 0 0 0 0
/m/05vz3zq /military/military_combatant/military_conflicts./military/military_combatant_group/combatants /m/015qh 0 0 0 0
/m/01mk6 /military/military_combatant/military_conflicts./military/military_combatant_group/combatants /m/015fr 0 1 0 0
/m/059j2 /military/military_combatant/military_conflicts./military/military_combatant_group/combatants /m/015fr 0 1 0 0
/m/05vz3zq /military/military_combatant/military_conflicts./military/military_combatant_group/combatants /m/0chghy 0 1 0 0
/m/0f8l9c /military/military_combatant/military_conflicts./military/military_combatant_group/combatants /m/024pcx 0 0 0 0
/m/0ctw_b /military/military_combatant/military_conflicts./military/military_combatant_group/combatants /m/0b90_r 0 0 0 0
/m/015fr /military/military_combatant/military_conflicts./military/military_combatant_group/combatants /m/01mk6 0 1 0 0
/m/0154j /military/military_combatant/military_conflicts./military/military_combatant_group/combatants /m/07ssc 0 1 0 0
/m/06bnz /military/military_combatant/military_conflicts./military/military_combatant_group/combatants /m/0f8l9c 0 1 0 0
/m/0f8l9c /military/military_combatant/military_conflicts./military/military_combatant_group/combatants /m/06bnz 0 0 0 0
/m/0345h /military/military_combatant/military_conflicts./military/military_combatant_group/combatants /m/07ssc 0 0 0 0
/m/02psqkz /military/military_combatant/military_conflicts./military/military_combatant_group/combatants /m/015qh 0 1 0 0
/m/024pcx /military/military_combatant/military_conflicts./military/military_combatant_group/combatants /m/0f8l9c 0 1 0 0
/m/05vz3zq /military/military_combatant/military_conflicts./military/military_combatant_group/combatants /m/07ssc 0 0 0 0
/m/015fr /military/military_combatant/military_conflicts./military/military_combatant_group/combatants /m/059j2 0 1 0 0
/m/07ssc /military/military_combatant/military_conflicts./military/military_combatant_group/combatants /m/05vz3zq 0 0 0 0
std confidence count
/m/0d05w3 /military/military_combatant/military_conflicts./military/military_combatant_group/combatants /m/0g970 0 0 0 0
/m/05vz3zq /military/military_combatant/military_conflicts./military/military_combatant_group/combatants /m/015qh 0 1 0 0
/m/01mk6 /military/military_combatant/military_conflicts./military/military_combatant_group/combatants /m/015fr 0 1 0 0
/m/059j2 /military/military_combatant/military_conflicts./military/military_combatant_group/combatants /m/015fr 0 1 0 0
/m/05vz3zq /military/military_combatant/military_conflicts./military/military_combatant_group/combatants /m/0chghy 0 1 0 0
/m/0f8l9c /military/military_combatant/military_conflicts./military/military_combatant_group/combatants /m/024pcx 0 0 0 0
/m/0ctw_b /military/military_combatant/military_conflicts./military/military_combatant_group/combatants /m/0b90_r 0 1 0 0
/m/015fr /military/military_combatant/military_conflicts./military/military_combatant_group/combatants /m/01mk6 0 1 0 0
/m/0154j /military/military_combatant/military_conflicts./military/military_combatant_group/combatants /m/07ssc 0 1 0 0
/m/06bnz /military/military_combatant/military_conflicts./military/military_combatant_group/combatants /m/0f8l9c 0 1 0 0
/m/0f8l9c /military/military_combatant/military_conflicts./military/military_combatant_group/combatants /m/06bnz 0 1 0 0
/m/0345h /military/military_combatant/military_conflicts./military/military_combatant_group/combatants /m/07ssc 0 1 0 0
/m/02psqkz /military/military_combatant/military_conflicts./military/military_combatant_group/combatants /m/015qh 0 1 0 0
/m/024pcx /military/military_combatant/military_conflicts./military/military_combatant_group/combatants /m/0f8l9c 1 1 0 0
/m/05vz3zq /military/military_combatant/military_conflicts./military/military_combatant_group/combatants /m/07ssc 0 1 0 0
/m/015fr /military/military_combatant/military_conflicts./military/military_combatant_group/combatants /m/059j2 0 1 0 0
/m/07ssc /military/military_combatant/military_conflicts./military/military_combatant_group/combatants /m/05vz3zq 0 1 0 0
pca confidence sum
/m/0d05w3 /military/military_combatant/military_conflicts./military/military_combatant_group/combatants /m/0g970 0 0 0 0
/m/05vz3zq /military/military_combatant/military_conflicts./military/military_combatant_group/combatants /m/015qh 0 0 0 0
/m/01mk6 /military/military_combatant/military_conflicts./military/military_combatant_group/combatants /m/015fr 0 1 0 0
/m/059j2 /military/military_combatant/military_conflicts./military/military_combatant_group/combatants /m/015fr 0 1 0 0
/m/05vz3zq /military/military_combatant/military_conflicts./military/military_combatant_group/combatants /m/0chghy 1 1 0 1
/m/0f8l9c /military/military_combatant/military_conflicts./military/military_combatant_group/combatants /m/024pcx 0 0 0 0
/m/0ctw_b /military/military_combatant/military_conflicts./military/military_combatant_group/combatants /m/0b90_r 0 1 0 0
/m/015fr /military/military_combatant/military_conflicts./military/military_combatant_group/combatants /m/01mk6 0 0 0 0
/m/0154j /military/military_combatant/military_conflicts./military/military_combatant_group/combatants /m/07ssc 1 1 0 1
/m/06bnz /military/military_combatant/military_conflicts./military/military_combatant_group/combatants /m/0f8l9c 1 1 0 1
/m/0f8l9c /military/military_combatant/military_conflicts./military/military_combatant_group/combatants /m/06bnz 0 1 0 0
/m/0345h /military/military_combatant/military_conflicts./military/military_combatant_group/combatants /m/07ssc 0 1 0 0
/m/02psqkz /military/military_combatant/military_conflicts./military/military_combatant_group/combatants /m/015qh 0 1 0 0
/m/024pcx /military/military_combatant/military_conflicts./military/military_combatant_group/combatants /m/0f8l9c 0 1 0 0
/m/05vz3zq /military/military_combatant/military_conflicts./military/military_combatant_group/combatants /m/07ssc 0 1 0 1
/m/015fr /military/military_combatant/military_conflicts./military/military_combatant_group/combatants /m/059j2 1 1 0 0
/m/07ssc /military/military_combatant/military_conflicts./military/military_combatant_group/combatants /m/05vz3zq 0 0 0 0
std confidence sum
/m/0d05w3 /military/military_combatant/military_conflicts./military/military_combatant_group/combatants /m/0g970 0 0 0 0
/m/05vz3zq /military/military_combatant/military_conflicts./military/military_combatant_group/combatants /m/015qh 0 0 0 0
/m/01mk6 /military/military_combatant/military_conflicts./military/military_combatant_group/combatants /m/015fr 0 1 0 0
/m/059j2 /military/military_combatant/military_conflicts./military/military_combatant_group/combatants /m/015fr 0 1 0 0
/m/05vz3zq /military/military_combatant/military_conflicts./military/military_combatant_group/combatants /m/0chghy 1 1 0 1
/m/0f8l9c /military/military_combatant/military_conflicts./military/military_combatant_group/combatants /m/024pcx 0 0 0 0
/m/0ctw_b /military/military_combatant/military_conflicts./military/military_combatant_group/combatants /m/0b90_r 0 1 0 0
/m/015fr /military/military_combatant/military_conflicts./military/military_combatant_group/combatants /m/01mk6 0 1 0 0
/m/0154j /military/military_combatant/military_conflicts./military/military_combatant_group/combatants /m/07ssc 0 1 0 0
/m/06bnz /military/military_combatant/military_conflicts./military/military_combatant_group/combatants /m/0f8l9c 1 1 0 1
/m/0f8l9c /military/military_combatant/military_conflicts./military/military_combatant_group/combatants /m/06bnz 0 1 0 0
/m/0345h /military/military_combatant/military_conflicts./military/military_combatant_group/combatants /m/07ssc 0 1 0 0
/m/02psqkz /military/military_combatant/military_conflicts./military/military_combatant_group/combatants /m/015qh 0 1 0 0
/m/024pcx /military/military_combatant/military_conflicts./military/military_combatant_group/combatants /m/0f8l9c 0 1 0 0
/m/05vz3zq /military/military_combatant/military_conflicts./military/military_combatant_group/combatants /m/07ssc 0 1 0 1
/m/015fr /military/military_combatant/military_conflicts./military/military_combatant_group/combatants /m/059j2 1 1 0 0
/m/07ssc /military/military_combatant/military_conflicts./military/military_combatant_group/combatants /m/05vz3zq 0 0 0 0
