pca confidence count
/m/029sk /medicine/disease/notable_people_with_this_condition /m/046lt 0 0 0 0
/m/0j8hd /medicine/disease/notable_people_with_this_condition /m/0lgsq 0 0 0 0
/m/029sk /medicine/disease/notable_people_with_this_condition /m/0gd_s 0 0 0 0
/m/02vrr /medicine/disease/notable_people_with_this_condition /m/016ypb 0 0 0 0
/m/029sk /medicine/disease/notable_people_with_this_condition /m/01bpnd 0 0 0 0
/m/02vrr /medicine/disease/notable_people_with_this_condition /m/04jvt 0 0 0 0
/m/0j8hd /medicine/disease/notable_people_with_this_condition /m/01817f 0 0 0 0
/m/068p_ /medicine/disease/notable_people_with_this_condition /m/016k62 0 0 0 0
/m/0h99n /medicine/disease/notable_people_with_this_condition /m/0bksh 0 1 0 0
/m/03p41 /medicine/disease/notable_people_with_this_condition /m/016dgz 1 1 0 1
/m/0h99n /medicine/disease/notable_people_with_this_condition /m/01rh0w 0 0 0 0
/m/03p41 /medicine/disease/notable_people_with_this_condition /m/02fgp0 1 1 0 1
/m/0h99n /medicine/disease/notable_people_with_this_condition /m/0fgg4 0 0 0 0
/m/0g02vk /medicine/disease/notable_people_with_this_condition /m/015vq_ 0 0 0 0
/m/02bft /medicine/disease/notable_people_with_this_condition /m/0rlz 0 0 0 0
std confidence count
/m/029sk /medicine/disease/notable_people_with_this_condition /m/046lt 0 0 0 0
/m/0j8hd /medicine/disease/notable_people_with_this_condition /m/0lgsq 0 0 0 0
/m/029sk /medicine/disease/notable_people_with_this_condition /m/0gd_s 0 0 0 0
/m/02vrr /medicine/disease/notable_people_with_this_condition /m/016ypb 0 0 0 0
/m/029sk /medicine/disease/notable_people_with_this_condition /m/01bpnd 0 0 0 0
/m/02vrr /medicine/disease/notable_people_with_this_condition /m/04jvt 0 0 0 0
/m/0j8hd /medicine/disease/notable_people_with_this_condition /m/01817f 0 0 0 0
/m/068p_ /medicine/disease/notable_people_with_this_condition /m/016k62 0 0 0 0
/m/0h99n /medicine/disease/notable_people_with_this_condition /m/0bksh 0 0 0 0
/m/03p41 /medicine/disease/notable_people_with_this_condition /m/016dgz 1 1 0 1
/m/0h99n /medicine/disease/notable_people_with_this_condition /m/01rh0w 0 0 0 0
/m/03p41 /medicine/disease/notable_people_with_this_condition /m/02fgp0 1 1 0 1
/m/0h99n /medicine/disease/notable_people_with_this_condition /m/0fgg4 0 0 0 0
/m/0g02vk /medicine/disease/notable_people_with_this_condition /m/015vq_ 0 0 0 0
/m/02bft /medicine/disease/notable_people_with_this_condition /m/0rlz 0 0 0 0
pca confidence sum
/m/029sk /medicine/disease/notable_people_with_this_condition /m/046lt 0 0 0 0
/m/0j8hd /medicine/disease/notable_people_with_this_condition /m/0lgsq 0 0 0 0
/m/029sk /medicine/disease/notable_people_with_this_condition /m/0gd_s 0 0 0 0
/m/02vrr /medicine/disease/notable_people_with_this_condition /m/016ypb 0 0 0 0
/m/029sk /medicine/disease/notable_people_with_this_condition /m/01bpnd 0 0 0 0
/m/02vrr /medicine/disease/notable_people_with_this_condition /m/04jvt 0 0 0 0
/m/0j8hd /medicine/disease/notable_people_with_this_condition /m/01817f 0 0 0 0
/m/068p_ /medicine/disease/notable_people_with_this_condition /m/016k62 0 0 0 0
/m/0h99n /medicine/disease/notable_people_with_this_condition /m/0bksh 0 1 0 0
/m/03p41 /medicine/disease/notable_people_with_this_condition /m/016dgz 0 0 0 0
/m/0h99n /medicine/disease/notable_people_with_this_condition /m/01rh0w 0 0 0 0
/m/03p41 /medicine/disease/notable_people_with_this_condition /m/02fgp0 1 1 0 0
/m/0h99n /medicine/disease/notable_people_with_this_condition /m/0fgg4 0 0 0 0
/m/0g02vk /medicine/disease/notable_people_with_this_condition /m/015vq_ 0 0 0 0
/m/02bft /medicine/disease/notable_people_with_this_condition /m/0rlz 0 0 0 0
std confidence sum
/m/029sk /medicine/disease/notable_people_with_this_condition /m/046lt 0 0 0 0
/m/0j8hd /medicine/disease/notable_people_with_this_condition /m/0lgsq 0 0 0 0
/m/029sk /medicine/disease/notable_people_with_this_condition /m/0gd_s 0 0 0 0
/m/02vrr /medicine/disease/notable_people_with_this_condition /m/016ypb 0 0 0 0
/m/029sk /medicine/disease/notable_people_with_this_condition /m/01bpnd 0 0 0 0
/m/02vrr /medicine/disease/notable_people_with_this_condition /m/04jvt 0 0 0 0
/m/0j8hd /medicine/disease/notable_people_with_this_condition /m/01817f 0 0 0 0
/m/068p_ /medicine/disease/notable_people_with_this_condition /m/016k62 0 0 0 0
/m/0h99n /medicine/disease/notable_people_with_this_condition /m/0bksh 0 1 0 0
/m/03p41 /medicine/disease/notable_people_with_this_condition /m/016dgz 1 1 0 1
/m/0h99n /medicine/disease/notable_people_with_this_condition /m/01rh0w 0 0 0 0
/m/03p41 /medicine/disease/notable_people_with_this_condition /m/02fgp0 1 1 0 1
/m/0h99n /medicine/disease/notable_people_with_this_condition /m/0fgg4 0 0 0 0
/m/0g02vk /medicine/disease/notable_people_with_this_condition /m/015vq_ 0 0 0 0
/m/02bft /medicine/disease/notable_people_with_this_condition /m/0rlz 0 0 0 0
