pca confidence count
/m/01c7qd /music/artist/contribution./music/recording_contribution/performance_role /m/03bx0bm 1 1 1 1
/m/03wjb7 /music/artist/contribution./music/recording_contribution/performance_role /m/0l15bq 1 1 0 0
/m/050z2 /music/artist/contribution./music/recording_contribution/performance_role /m/0d8lm 0 0 0 0
/m/07_3qd /music/artist/contribution./music/recording_contribution/performance_role /m/0395lw 1 1 0 0
/m/031x_3 /music/artist/contribution./music/recording_contribution/performance_role /m/0j210 0 0 0 0
/m/01w9mnm /music/artist/contribution./music/recording_contribution/performance_role /m/03bx0bm 1 1 1 1
/m/01wg3q /music/artist/contribution./music/recording_contribution/performance_role /m/0l14qv 1 1 0 0
/m/02s6sh /music/artist/contribution./music/recording_contribution/performance_role /m/02snj9 1 1 0 0
/m/027dpx /music/artist/contribution./music/recording_contribution/performance_role /m/0l14md 1 1 0 0
/m/0kxbc /music/artist/contribution./music/recording_contribution/performance_role /m/03bx0bm 1 1 1 1
/m/0x3b7 /music/artist/contribution./music/recording_contribution/performance_role /m/03bx0bm 1 1 1 1
/m/018gkb /music/artist/contribution./music/recording_contribution/performance_role /m/042v_gx 0 0 0 0
/m/06k02 /music/artist/contribution./music/recording_contribution/performance_role /m/02snj9 1 1 0 0
/m/0p5mw /music/artist/contribution./music/recording_contribution/performance_role /m/06w87 0 0 0 0
std confidence count
/m/01c7qd /music/artist/contribution./music/recording_contribution/performance_role /m/03bx0bm 1 1 1 1
/m/03wjb7 /music/artist/contribution./music/recording_contribution/performance_role /m/0l15bq 1 1 0 0
/m/050z2 /music/artist/contribution./music/recording_contribution/performance_role /m/0d8lm 0 0 0 0
/m/07_3qd /music/artist/contribution./music/recording_contribution/performance_role /m/0395lw 1 1 0 0
/m/031x_3 /music/artist/contribution./music/recording_contribution/performance_role /m/0j210 0 0 0 0
/m/01w9mnm /music/artist/contribution./music/recording_contribution/performance_role /m/03bx0bm 1 1 0 0
/m/01wg3q /music/artist/contribution./music/recording_contribution/performance_role /m/0l14qv 1 1 0 0
/m/02s6sh /music/artist/contribution./music/recording_contribution/performance_role /m/02snj9 1 1 0 0
/m/027dpx /music/artist/contribution./music/recording_contribution/performance_role /m/0l14md 1 1 0 0
/m/0kxbc /music/artist/contribution./music/recording_contribution/performance_role /m/03bx0bm 1 1 0 0
/m/0x3b7 /music/artist/contribution./music/recording_contribution/performance_role /m/03bx0bm 1 1 1 1
/m/018gkb /music/artist/contribution./music/recording_contribution/performance_role /m/042v_gx 0 0 0 0
/m/06k02 /music/artist/contribution./music/recording_contribution/performance_role /m/02snj9 1 1 0 0
/m/0p5mw /music/artist/contribution./music/recording_contribution/performance_role /m/06w87 0 0 0 0
pca confidence sum
/m/01c7qd /music/artist/contribution./music/recording_contribution/performance_role /m/03bx0bm 1 1 1 1
/m/03wjb7 /music/artist/contribution./music/recording_contribution/performance_role /m/0l15bq 1 1 0 0
/m/050z2 /music/artist/contribution./music/recording_contribution/performance_role /m/0d8lm 0 0 0 0
/m/07_3qd /music/artist/contribution./music/recording_contribution/performance_role /m/0395lw 1 1 0 0
/m/031x_3 /music/artist/contribution./music/recording_contribution/performance_role /m/0j210 0 0 0 0
/m/01w9mnm /music/artist/contribution./music/recording_contribution/performance_role /m/03bx0bm 1 1 1 1
/m/01wg3q /music/artist/contribution./music/recording_contribution/performance_role /m/0l14qv 1 1 0 0
/m/02s6sh /music/artist/contribution./music/recording_contribution/performance_role /m/02snj9 1 1 0 1
/m/027dpx /music/artist/contribution./music/recording_contribution/performance_role /m/0l14md 1 1 0 0
/m/0kxbc /music/artist/contribution./music/recording_contribution/performance_role /m/03bx0bm 1 1 1 1
/m/0x3b7 /music/artist/contribution./music/recording_contribution/performance_role /m/03bx0bm 1 1 1 1
/m/018gkb /music/artist/contribution./music/recording_contribution/performance_role /m/042v_gx 0 0 0 0
/m/06k02 /music/artist/contribution./music/recording_contribution/performance_role /m/02snj9 1 1 0 0
/m/0p5mw /music/artist/contribution./music/recording_contribution/performance_role /m/06w87 0 0 0 0
std confidence sum
/m/01c7qd /music/artist/contribution./music/recording_contribution/performance_role /m/03bx0bm 1 1 1 1
/m/03wjb7 /music/artist/contribution./music/recording_contribution/performance_role /m/0l15bq 1 1 0 0
/m/050z2 /music/artist/contribution./music/recording_contribution/performance_role /m/0d8lm 0 0 0 0
/m/07_3qd /music/artist/contribution./music/recording_contribution/performance_role /m/0395lw 1 1 0 0
/m/031x_3 /music/artist/contribution./music/recording_contribution/performance_role /m/0j210 0 0 0 0
/m/01w9mnm /music/artist/contribution./music/recording_contribution/performance_role /m/03bx0bm 1 1 0 0
/m/01wg3q /music/artist/contribution./music/recording_contribution/performance_role /m/0l14qv 1 1 0 0
/m/02s6sh /music/artist/contribution./music/recording_contribution/performance_role /m/02snj9 1 1 0 1
/m/027dpx /music/artist/contribution./music/recording_contribution/performance_role /m/0l14md 1 1 0 1
/m/0kxbc /music/artist/contribution./music/recording_contribution/performance_role /m/03bx0bm 1 1 1 1
/m/0x3b7 /music/artist/contribution./music/recording_contribution/performance_role /m/03bx0bm 1 1 1 1
/m/018gkb /music/artist/contribution./music/recording_contribution/performance_role /m/042v_gx 0 0 0 0
/m/06k02 /music/artist/contribution./music/recording_contribution/performance_role /m/02snj9 1 1 0 0
/m/0p5mw /music/artist/contribution./music/recording_contribution/performance_role /m/06w87 0 0 0 0
