pca confidence count
/m/0kbws /olympics/olympic_games/participating_countries /m/027jk 0 0 0 0
/m/0kbws /olympics/olympic_games/participating_countries /m/04vjh 0 0 0 0
/m/09x3r /olympics/olympic_games/participating_countries /m/06f32 0 0 0 0
/m/09n48 /olympics/olympic_games/participating_countries /m/02wt0 0 0 0 0
/m/015l4k /olympics/olympic_games/participating_countries /m/07ssc 0 0 0 0
/m/09n48 /olympics/olympic_games/participating_countries /m/03spz 0 0 0 0
/m/0c_tl /olympics/olympic_games/participating_countries /m/0d0vqn 0 0 0 0
/m/0kbws /olympics/olympic_games/participating_countries /m/05bmq 0 0 0 0
/m/0lgxj /olympics/olympic_games/participating_countries /m/05v8c 0 0 0 0
/m/018ctl /olympics/olympic_games/participating_countries /m/03spz 0 0 0 0
/m/09n48 /olympics/olympic_games/participating_countries /m/0168t 0 0 0 0
/m/0lgxj /olympics/olympic_games/participating_countries /m/0160w 0 0 0 0
/m/09n48 /olympics/olympic_games/participating_countries /m/0ctw_b 0 0 0 0
/m/0sx8l /olympics/olympic_games/participating_countries /m/05vz3zq 0 0 0 0
/m/0kbws /olympics/olympic_games/participating_countries /m/04hvw 0 0 0 0
/m/0lgxj /olympics/olympic_games/participating_countries /m/06m_5 0 0 0 0
/m/0sx8l /olympics/olympic_games/participating_countries /m/06c1y 0 0 0 0
/m/0kbws /olympics/olympic_games/participating_countries /m/09lxtg 0 0 0 0
/m/09n48 /olympics/olympic_games/participating_countries /m/07f1x 0 0 0 0
/m/0blfl /olympics/olympic_games/participating_countries /m/06qd3 0 0 0 0
/m/09n48 /olympics/olympic_games/participating_countries /m/0jt3tjf 0 0 0 0
/m/0kbws /olympics/olympic_games/participating_countries /m/056vv 0 0 0 0
/m/018ctl /olympics/olympic_games/participating_countries /m/03rk0 0 0 0 0
std confidence count
/m/0kbws /olympics/olympic_games/participating_countries /m/027jk 0 0 0 0
/m/0kbws /olympics/olympic_games/participating_countries /m/04vjh 0 0 0 0
/m/09x3r /olympics/olympic_games/participating_countries /m/06f32 0 0 0 0
/m/09n48 /olympics/olympic_games/participating_countries /m/02wt0 0 0 0 0
/m/015l4k /olympics/olympic_games/participating_countries /m/07ssc 1 1 0 0
/m/09n48 /olympics/olympic_games/participating_countries /m/03spz 0 0 0 0
/m/0c_tl /olympics/olympic_games/participating_countries /m/0d0vqn 0 0 0 0
/m/0kbws /olympics/olympic_games/participating_countries /m/05bmq 0 0 0 0
/m/0lgxj /olympics/olympic_games/participating_countries /m/05v8c 0 1 0 0
/m/018ctl /olympics/olympic_games/participating_countries /m/03spz 0 1 0 0
/m/09n48 /olympics/olympic_games/participating_countries /m/0168t 0 0 0 0
/m/0lgxj /olympics/olympic_games/participating_countries /m/0160w 0 0 0 0
/m/09n48 /olympics/olympic_games/participating_countries /m/0ctw_b 0 0 0 0
/m/0sx8l /olympics/olympic_games/participating_countries /m/05vz3zq 0 0 0 0
/m/0kbws /olympics/olympic_games/participating_countries /m/04hvw 0 0 0 0
/m/0lgxj /olympics/olympic_games/participating_countries /m/06m_5 0 0 0 0
/m/0sx8l /olympics/olympic_games/participating_countries /m/06c1y 0 1 0 0
/m/0kbws /olympics/olympic_games/participating_countries /m/09lxtg 0 0 0 0
/m/09n48 /olympics/olympic_games/participating_countries /m/07f1x 0 0 0 0
/m/0blfl /olympics/olympic_games/participating_countries /m/06qd3 0 0 0 0
/m/09n48 /olympics/olympic_games/participating_countries /m/0jt3tjf 0 0 0 0
/m/0kbws /olympics/olympic_games/participating_countries /m/056vv 0 0 0 0
/m/018ctl /olympics/olympic_games/participating_countries /m/03rk0 0 0 0 0
pca confidence sum
/m/0kbws /olympics/olympic_games/participating_countries /m/027jk 0 0 0 0
/m/0kbws /olympics/olympic_games/participating_countries /m/04vjh 0 0 0 0
/m/09x3r /olympics/olympic_games/participating_countries /m/06f32 0 0 0 0
/m/09n48 /olympics/olympic_games/participating_countries /m/02wt0 0 0 0 0
/m/015l4k /olympics/olympic_games/participating_countries /m/07ssc 1 1 0 0
/m/09n48 /olympics/olympic_games/participating_countries /m/03spz 0 1 0 0
/m/0c_tl /olympics/olympic_games/participating_countries /m/0d0vqn 1 1 0 0
/m/0kbws /olympics/olympic_games/participating_countries /m/05bmq 0 0 0 0
/m/0lgxj /olympics/olympic_games/participating_countries /m/05v8c 0 1 0 0
/m/018ctl /olympics/olympic_games/participating_countries /m/03spz 0 1 0 0
/m/09n48 /olympics/olympic_games/participating_countries /m/0168t 0 0 0 0
/m/0lgxj /olympics/olympic_games/participating_countries /m/0160w 0 0 0 0
/m/09n48 /olympics/olympic_games/participating_countries /m/0ctw_b 0 1 0 0
/m/0sx8l /olympics/olympic_games/participating_countries /m/05vz3zq 0 0 0 0
/m/0kbws /olympics/olympic_games/participating_countries /m/04hvw 0 0 0 0
/m/0lgxj /olympics/olympic_games/participating_countries /m/06m_5 0 0 0 0
/m/0sx8l /olympics/olympic_games/participating_countries /m/06c1y 0 0 0 0
/m/0kbws /olympics/olympic_games/participating_countries /m/09lxtg 0 0 0 0
/m/09n48 /olympics/olympic_games/participating_countries /m/07f1x 0 0 0 0
/m/0blfl /olympics/olympic_games/participating_countries /m/06qd3 0 0 0 0
/m/09n48 /olympics/olympic_games/participating_countries /m/0jt3tjf 0 0 0 0
/m/0kbws /olympics/olympic_games/participating_countries /m/056vv 0 0 0 0
/m/018ctl /olympics/olympic_games/participating_countries /m/03rk0 0 1 0 0
std confidence sum
/m/0kbws /olympics/olympic_games/participating_countries /m/027jk 0 0 0 0
/m/0kbws /olympics/olympic_games/participating_countries /m/04vjh 0 0 0 0
/m/09x3r /olympics/olympic_games/participating_countries /m/06f32 0 0 0 0
/m/09n48 /olympics/olympic_games/participating_countries /m/02wt0 0 0 0 0
/m/015l4k /olympics/olympic_games/participating_countries /m/07ssc 1 1 0 0
/m/09n48 /olympics/olympic_games/participating_countries /m/03spz 0 1 0 0
/m/0c_tl /olympics/olympic_games/participating_countries /m/0d0vqn 1 1 0 0
/m/0kbws /olympics/olympic_games/participating_countries /m/05bmq 0 0 0 0
/m/0lgxj /olympics/olympic_games/participating_countries /m/05v8c 0 1 0 0
/m/018ctl /olympics/olympic_games/participating_countries /m/03spz 0 1 0 0
/m/09n48 /olympics/olympic_games/participating_countries /m/0168t 0 0 0 0
/m/0lgxj /olympics/olympic_games/participating_countries /m/0160w 0 0 0 0
/m/09n48 /olympics/olympic_games/participating_countries /m/0ctw_b 0 1 0 0
/m/0sx8l /olympics/olympic_games/participating_countries /m/05vz3zq 0 0 0 0
/m/0kbws /olympics/olympic_games/participating_countries /m/04hvw 0 0 0 0
/m/0lgxj /olympics/olympic_games/participating_countries /m/06m_5 0 0 0 0
/m/0sx8l /olympics/olympic_games/participating_countries /m/06c1y 0 0 0 0
/m/0kbws /olympics/olympic_games/participating_countries /m/09lxtg 0 0 0 0
/m/09n48 /olympics/olympic_games/participating_countries /m/07f1x 0 0 0 0
/m/0blfl /olympics/olympic_games/participating_countries /m/06qd3 0 0 0 0
/m/09n48 /olympics/olympic_games/participating_countries /m/0jt3tjf 0 0 0 0
/m/0kbws /olympics/olympic_games/participating_countries /m/056vv 0 0 0 0
/m/018ctl /olympics/olympic_games/participating_countries /m/03rk0 0 1 0 0
