pca confidence count
/m/06mzp /olympics/olympic_participating_country/medals_won./olympics/olympic_medal_honor/olympics /m/0sx92 0 1 0 0
/m/0f8l9c /olympics/olympic_participating_country/medals_won./olympics/olympic_medal_honor/olympics /m/01f1jy 0 1 0 0
/m/087vz /olympics/olympic_participating_country/medals_won./olympics/olympic_medal_honor/olympics /m/0l998 1 1 0 0
/m/05b4w /olympics/olympic_participating_country/medals_won./olympics/olympic_medal_honor/olympics /m/01f1jf 0 0 0 0
/m/0345h /olympics/olympic_participating_country/medals_won./olympics/olympic_medal_honor/olympics /m/0lk8j 0 0 0 0
/m/01crd5 /olympics/olympic_participating_country/medals_won./olympics/olympic_medal_honor/olympics /m/0jdk_ 1 1 0 0
/m/01mk6 /olympics/olympic_participating_country/medals_won./olympics/olympic_medal_honor/olympics /m/019n8z 0 0 0 0
/m/04g61 /olympics/olympic_participating_country/medals_won./olympics/olympic_medal_honor/olympics /m/0sx7r 0 0 0 0
/m/015qh /olympics/olympic_participating_country/medals_won./olympics/olympic_medal_honor/olympics /m/0l6vl 0 1 0 0
/m/06mzp /olympics/olympic_participating_country/medals_won./olympics/olympic_medal_honor/olympics /m/0lbd9 0 1 0 0
/m/05v8c /olympics/olympic_participating_country/medals_won./olympics/olympic_medal_honor/olympics /m/0l6m5 1 1 0 0
/m/0d060g /olympics/olympic_participating_country/medals_won./olympics/olympic_medal_honor/olympics /m/01f1jy 0 1 0 0
/m/0chghy /olympics/olympic_participating_country/medals_won./olympics/olympic_medal_honor/olympics /m/0jkvj 0 1 0 0
/m/0k6nt /olympics/olympic_participating_country/medals_won./olympics/olympic_medal_honor/olympics /m/0lbbj 0 1 0 0
/m/05v8c /olympics/olympic_participating_country/medals_won./olympics/olympic_medal_honor/olympics /m/0jhn7 1 1 1 1
/m/0d060g /olympics/olympic_participating_country/medals_won./olympics/olympic_medal_honor/olympics /m/0kbvb 1 1 0 0
/m/0jgx /olympics/olympic_participating_country/medals_won./olympics/olympic_medal_honor/olympics /m/0jdk_ 1 1 0 0
/m/0154j /olympics/olympic_participating_country/medals_won./olympics/olympic_medal_honor/olympics /m/0l6mp 1 1 0 0
/m/0ctw_b /olympics/olympic_participating_country/medals_won./olympics/olympic_medal_honor/olympics /m/0l6m5 1 1 0 0
/m/05b4w /olympics/olympic_participating_country/medals_won./olympics/olympic_medal_honor/olympics /m/01f1kd 0 0 0 0
/m/07f1x /olympics/olympic_participating_country/medals_won./olympics/olympic_medal_honor/olympics /m/0jdk_ 1 1 0 1
/m/0chghy /olympics/olympic_participating_country/medals_won./olympics/olympic_medal_honor/olympics /m/0ldqf 0 1 0 0
/m/03_r3 /olympics/olympic_participating_country/medals_won./olympics/olympic_medal_honor/olympics /m/0l98s 0 1 0 0
/m/09lxtg /olympics/olympic_participating_country/medals_won./olympics/olympic_medal_honor/olympics /m/0kbws 1 1 0 0
/m/02vzc /olympics/olympic_participating_country/medals_won./olympics/olympic_medal_honor/olympics /m/0lv1x 0 1 0 0
/m/0160w /olympics/olympic_participating_country/medals_won./olympics/olympic_medal_honor/olympics /m/0l6m5 1 1 0 0
/m/0jgd /olympics/olympic_participating_country/medals_won./olympics/olympic_medal_honor/olympics /m/0jdk_ 1 1 0 0
/m/059j2 /olympics/olympic_participating_country/medals_won./olympics/olympic_medal_honor/olympics /m/0sxrz 0 1 0 0
/m/0h7x /olympics/olympic_participating_country/medals_won./olympics/olympic_medal_honor/olympics /m/0124ld 0 1 0 0
/m/02vzc /olympics/olympic_participating_country/medals_won./olympics/olympic_medal_honor/olympics /m/015l4k 0 1 0 0
/m/05r7t /olympics/olympic_participating_country/medals_won./olympics/olympic_medal_honor/olympics /m/0kbvb 1 1 0 0
/m/04w8f /olympics/olympic_participating_country/medals_won./olympics/olympic_medal_honor/olympics /m/0jkvj 0 1 0 0
/m/0d060g /olympics/olympic_participating_country/medals_won./olympics/olympic_medal_honor/olympics /m/019n8z 0 1 0 0
/m/06c1y /olympics/olympic_participating_country/medals_won./olympics/olympic_medal_honor/olympics /m/0l998 0 1 0 0
/m/07fj_ /olympics/olympic_participating_country/medals_won./olympics/olympic_medal_honor/olympics /m/0l998 1 1 0 0
/m/0jgd /olympics/olympic_participating_country/medals_won./olympics/olympic_medal_honor/olympics /m/0l6mp 1 1 0 0
/m/07t_x /olympics/olympic_participating_country/medals_won./olympics/olympic_medal_honor/olympics /m/0jdk_ 1 1 0 0
/m/015qh /olympics/olympic_participating_country/medals_won./olympics/olympic_medal_honor/olympics /m/0l998 0 1 0 0
/m/06npd /olympics/olympic_participating_country/medals_won./olympics/olympic_medal_honor/olympics /m/0kbvb 1 1 0 0
/m/06mzp /olympics/olympic_participating_country/medals_won./olympics/olympic_medal_honor/olympics /m/0jhn7 1 1 0 1
/m/0fv4v /olympics/olympic_participating_country/medals_won./olympics/olympic_medal_honor/olympics /m/0l6ny 1 1 0 0
/m/07t21 /olympics/olympic_participating_country/medals_won./olympics/olympic_medal_honor/olympics /m/0kbvb 1 1 0 0
/m/01mk6 /olympics/olympic_participating_country/medals_won./olympics/olympic_medal_honor/olympics /m/0lbd9 0 1 0 0
/m/0ctw_b /olympics/olympic_participating_country/medals_won./olympics/olympic_medal_honor/olympics /m/0l98s 0 1 0 0
/m/02vzc /olympics/olympic_participating_country/medals_won./olympics/olympic_medal_honor/olympics /m/01f1kd 0 1 0 0
/m/04wgh /olympics/olympic_participating_country/medals_won./olympics/olympic_medal_honor/olympics /m/0l6ny 1 1 0 0
/m/05cgv /olympics/olympic_participating_country/medals_won./olympics/olympic_medal_honor/olympics /m/0l98s 0 1 0 0
/m/0h7x /olympics/olympic_participating_country/medals_won./olympics/olympic_medal_honor/olympics /m/018qb4 0 1 0 0
/m/05v8c /olympics/olympic_participating_country/medals_won./olympics/olympic_medal_honor/olympics /m/0lk8j 0 1 0 0
/m/05vz3zq /olympics/olympic_participating_country/medals_won./olympics/olympic_medal_honor/olympics /m/015l4k 0 0 0 0
/m/0hzlz /olympics/olympic_participating_country/medals_won./olympics/olympic_medal_honor/olympics /m/018qb4 0 0 0 0
/m/0697s /olympics/olympic_participating_country/medals_won./olympics/olympic_medal_honor/olympics /m/0jdk_ 1 1 0 0
/m/03_r3 /olympics/olympic_participating_country/medals_won./olympics/olympic_medal_honor/olympics /m/0lgxj 1 1 0 1
/m/05qx1 /olympics/olympic_participating_country/medals_won./olympics/olympic_medal_honor/olympics /m/0kbws 1 1 0 0
/m/06qd3 /olympics/olympic_participating_country/medals_won./olympics/olympic_medal_honor/olympics /m/0ldqf 0 1 0 0
/m/035dk /olympics/olympic_participating_country/medals_won./olympics/olympic_medal_honor/olympics /m/0l98s 0 0 0 0
/m/0b90_r /olympics/olympic_participating_country/medals_won./olympics/olympic_medal_honor/olympics /m/0lk8j 0 1 0 0
/m/0jgx /olympics/olympic_participating_country/medals_won./olympics/olympic_medal_honor/olympics /m/0jhn7 1 1 0 0
/m/03rt9 /olympics/olympic_participating_country/medals_won./olympics/olympic_medal_honor/olympics /m/0jdk_ 1 1 0 1
/m/05b4w /olympics/olympic_participating_country/medals_won./olympics/olympic_medal_honor/olympics /m/0blg2 0 1 0 0
/m/0jgd /olympics/olympic_participating_country/medals_won./olympics/olympic_medal_honor/olympics /m/0lk8j 0 1 0 0
/m/0jgd /olympics/olympic_participating_country/medals_won./olympics/olympic_medal_honor/olympics /m/0l98s 0 1 0 0
/m/05r4w /olympics/olympic_participating_country/medals_won./olympics/olympic_medal_honor/olympics /m/0l6ny 1 1 0 0
std confidence count
/m/06mzp /olympics/olympic_participating_country/medals_won./olympics/olympic_medal_honor/olympics /m/0sx92 0 1 0 0
/m/0f8l9c /olympics/olympic_participating_country/medals_won./olympics/olympic_medal_honor/olympics /m/01f1jy 0 1 0 0
/m/087vz /olympics/olympic_participating_country/medals_won./olympics/olympic_medal_honor/olympics /m/0l998 1 1 0 0
/m/05b4w /olympics/olympic_participating_country/medals_won./olympics/olympic_medal_honor/olympics /m/01f1jf 0 0 0 0
/m/0345h /olympics/olympic_participating_country/medals_won./olympics/olympic_medal_honor/olympics /m/0lk8j 0 1 0 0
/m/01crd5 /olympics/olympic_participating_country/medals_won./olympics/olympic_medal_honor/olympics /m/0jdk_ 1 1 0 0
/m/01mk6 /olympics/olympic_participating_country/medals_won./olympics/olympic_medal_honor/olympics /m/019n8z 0 0 0 0
/m/04g61 /olympics/olympic_participating_country/medals_won./olympics/olympic_medal_honor/olympics /m/0sx7r 0 0 0 0
/m/015qh /olympics/olympic_participating_country/medals_won./olympics/olympic_medal_honor/olympics /m/0l6vl 0 1 0 0
/m/06mzp /olympics/olympic_participating_country/medals_won./olympics/olympic_medal_honor/olympics /m/0lbd9 0 1 0 0
/m/05v8c /olympics/olympic_participating_country/medals_won./olympics/olympic_medal_honor/olympics /m/0l6m5 0 1 0 0
/m/0d060g /olympics/olympic_participating_country/medals_won./olympics/olympic_medal_honor/olympics /m/01f1jy 0 1 0 0
/m/0chghy /olympics/olympic_participating_country/medals_won./olympics/olympic_medal_honor/olympics /m/0jkvj 0 1 0 0
/m/0k6nt /olympics/olympic_participating_country/medals_won./olympics/olympic_medal_honor/olympics /m/0lbbj 0 1 0 0
/m/05v8c /olympics/olympic_participating_country/medals_won./olympics/olympic_medal_honor/olympics /m/0jhn7 1 1 1 1
/m/0d060g /olympics/olympic_participating_country/medals_won./olympics/olympic_medal_honor/olympics /m/0kbvb 1 1 0 0
/m/0jgx /olympics/olympic_participating_country/medals_won./olympics/olympic_medal_honor/olympics /m/0jdk_ 1 1 0 0
/m/0154j /olympics/olympic_participating_country/medals_won./olympics/olympic_medal_honor/olympics /m/0l6mp 0 1 0 0
/m/0ctw_b /olympics/olympic_participating_country/medals_won./olympics/olympic_medal_honor/olympics /m/0l6m5 1 1 0 0
/m/05b4w /olympics/olympic_participating_country/medals_won./olympics/olympic_medal_honor/olympics /m/01f1kd 0 0 0 0
/m/07f1x /olympics/olympic_participating_country/medals_won./olympics/olympic_medal_honor/olympics /m/0jdk_ 1 1 0 1
/m/0chghy /olympics/olympic_participating_country/medals_won./olympics/olympic_medal_honor/olympics /m/0ldqf 0 1 0 0
/m/03_r3 /olympics/olympic_participating_country/medals_won./olympics/olympic_medal_honor/olympics /m/0l98s 0 1 0 0
/m/09lxtg /olympics/olympic_participating_country/medals_won./olympics/olympic_medal_honor/olympics /m/0kbws 1 1 0 1
/m/02vzc /olympics/olympic_participating_country/medals_won./olympics/olympic_medal_honor/olympics /m/0lv1x 0 1 0 0
/m/0160w /olympics/olympic_participating_country/medals_won./olympics/olympic_medal_honor/olympics /m/0l6m5 1 1 0 0
/m/0jgd /olympics/olympic_participating_country/medals_won./olympics/olympic_medal_honor/olympics /m/0jdk_ 1 1 0 0
/m/059j2 /olympics/olympic_participating_country/medals_won./olympics/olympic_medal_honor/olympics /m/0sxrz 0 1 0 0
/m/0h7x /olympics/olympic_participating_country/medals_won./olympics/olympic_medal_honor/olympics /m/0124ld 0 1 0 0
/m/02vzc /olympics/olympic_participating_country/medals_won./olympics/olympic_medal_honor/olympics /m/015l4k 0 1 0 0
/m/05r7t /olympics/olympic_participating_country/medals_won./olympics/olympic_medal_honor/olympics /m/0kbvb 1 1 0 0
/m/04w8f /olympics/olympic_participating_country/medals_won./olympics/olympic_medal_honor/olympics /m/0jkvj 0 1 0 0
/m/0d060g /olympics/olympic_participating_country/medals_won./olympics/olympic_medal_honor/olympics /m/019n8z 0 1 0 0
/m/06c1y /olympics/olympic_participating_country/medals_won./olympics/olympic_medal_honor/olympics /m/0l998 0 1 0 0
/m/07fj_ /olympics/olympic_participating_country/medals_won./olympics/olympic_medal_honor/olympics /m/0l998 1 1 0 0
/m/0jgd /olympics/olympic_participating_country/medals_won./olympics/olympic_medal_honor/olympics /m/0l6mp 1 1 0 0
/m/07t_x /olympics/olympic_participating_country/medals_won./olympics/olympic_medal_honor/olympics /m/0jdk_ 1 1 0 0
/m/015qh /olympics/olympic_participating_country/medals_won./olympics/olympic_medal_honor/olympics /m/0l998 0 1 0 0
/m/06npd /olympics/olympic_participating_country/medals_won./olympics/olympic_medal_honor/olympics /m/0kbvb 1 1 0 0
/m/06mzp /olympics/olympic_participating_country/medals_won./olympics/olympic_medal_honor/olympics /m/0jhn7 1 1 0 1
/m/0fv4v /olympics/olympic_participating_country/medals_won./olympics/olympic_medal_honor/olympics /m/0l6ny 1 1 0 0
/m/07t21 /olympics/olympic_participating_country/medals_won./olympics/olympic_medal_honor/olympics /m/0kbvb 1 1 0 0
/m/01mk6 /olympics/olympic_participating_country/medals_won./olympics/olympic_medal_honor/olympics /m/0lbd9 0 1 0 0
/m/0ctw_b /olympics/olympic_participating_country/medals_won./olympics/olympic_medal_honor/olympics /m/0l98s 0 1 0 0
/m/02vzc /olympics/olympic_participating_country/medals_won./olympics/olympic_medal_honor/olympics /m/01f1kd 0 1 0 0
/m/04wgh /olympics/olympic_participating_country/medals_won./olympics/olympic_medal_honor/olympics /m/0l6ny 1 1 0 0
/m/05cgv /olympics/olympic_participating_country/medals_won./olympics/olympic_medal_honor/olympics /m/0l98s 0 1 0 0
/m/0h7x /olympics/olympic_participating_country/medals_won./olympics/olympic_medal_honor/olympics /m/018qb4 0 1 0 0
/m/05v8c /olympics/olympic_participating_country/medals_won./olympics/olympic_medal_honor/olympics /m/0lk8j 0 0 0 0
/m/05vz3zq /olympics/olympic_participating_country/medals_won./olympics/olympic_medal_honor/olympics /m/015l4k 0 0 0 0
/m/0hzlz /olympics/olympic_participating_country/medals_won./olympics/olympic_medal_honor/olympics /m/018qb4 0 0 0 0
/m/0697s /olympics/olympic_participating_country/medals_won./olympics/olympic_medal_honor/olympics /m/0jdk_ 1 1 0 0
/m/03_r3 /olympics/olympic_participating_country/medals_won./olympics/olympic_medal_honor/olympics /m/0lgxj 1 1 0 1
/m/05qx1 /olympics/olympic_participating_country/medals_won./olympics/olympic_medal_honor/olympics /m/0kbws 1 1 0 0
/m/06qd3 /olympics/olympic_participating_country/medals_won./olympics/olympic_medal_honor/olympics /m/0ldqf 0 1 0 0
/m/035dk /olympics/olympic_participating_country/medals_won./olympics/olympic_medal_honor/olympics /m/0l98s 0 0 0 0
/m/0b90_r /olympics/olympic_participating_country/medals_won./olympics/olympic_medal_honor/olympics /m/0lk8j 0 1 0 0
/m/0jgx /olympics/olympic_participating_country/medals_won./olympics/olympic_medal_honor/olympics /m/0jhn7 1 1 0 0
/m/03rt9 /olympics/olympic_participating_country/medals_won./olympics/olympic_medal_honor/olympics /m/0jdk_ 1 1 0 1
/m/05b4w /olympics/olympic_participating_country/medals_won./olympics/olympic_medal_honor/olympics /m/0blg2 0 1 0 0
/m/0jgd /olympics/olympic_participating_country/medals_won./olympics/olympic_medal_honor/olympics /m/0lk8j 0 1 0 0
/m/0jgd /olympics/olympic_participating_country/medals_won./olympics/olympic_medal_honor/olympics /m/0l98s 0 1 0 0
/m/05r4w /olympics/olympic_participating_country/medals_won./olympics/olympic_medal_honor/olympics /m/0l6ny 1 1 0 0
pca confidence sum
/m/06mzp /olympics/olympic_participating_country/medals_won./olympics/olympic_medal_honor/olympics /m/0sx92 0 1 0 0
/m/0f8l9c /olympics/olympic_participating_country/medals_won./olympics/olympic_medal_honor/olympics /m/01f1jy 0 1 0 0
/m/087vz /olympics/olympic_participating_country/medals_won./olympics/olympic_medal_honor/olympics /m/0l998 1 1 0 0
/m/05b4w /olympics/olympic_participating_country/medals_won./olympics/olympic_medal_honor/olympics /m/01f1jf 0 1 0 0
/m/0345h /olympics/olympic_participating_country/medals_won./olympics/olympic_medal_honor/olympics /m/0lk8j 0 0 0 0
/m/01crd5 /olympics/olympic_participating_country/medals_won./olympics/olympic_medal_honor/olympics /m/0jdk_ 1 1 0 0
/m/01mk6 /olympics/olympic_participating_country/medals_won./olympics/olympic_medal_honor/olympics /m/019n8z 0 0 0 0
/m/04g61 /olympics/olympic_participating_country/medals_won./olympics/olympic_medal_honor/olympics /m/0sx7r 0 0 0 0
/m/015qh /olympics/olympic_participating_country/medals_won./olympics/olympic_medal_honor/olympics /m/0l6vl 0 1 0 0
/m/06mzp /olympics/olympic_participating_country/medals_won./olympics/olympic_medal_honor/olympics /m/0lbd9 0 1 0 1
/m/05v8c /olympics/olympic_participating_country/medals_won./olympics/olympic_medal_honor/olympics /m/0l6m5 1 1 0 0
/m/0d060g /olympics/olympic_participating_country/medals_won./olympics/olympic_medal_honor/olympics /m/01f1jy 0 1 0 0
/m/0chghy /olympics/olympic_participating_country/medals_won./olympics/olympic_medal_honor/olympics /m/0jkvj 0 1 0 0
/m/0k6nt /olympics/olympic_participating_country/medals_won./olympics/olympic_medal_honor/olympics /m/0lbbj 0 1 0 0
/m/05v8c /olympics/olympic_participating_country/medals_won./olympics/olympic_medal_honor/olympics /m/0jhn7 1 1 1 1
/m/0d060g /olympics/olympic_participating_country/medals_won./olympics/olympic_medal_honor/olympics /m/0kbvb 1 1 0 0
/m/0jgx /olympics/olympic_participating_country/medals_won./olympics/olympic_medal_honor/olympics /m/0jdk_ 1 1 0 0
/m/0154j /olympics/olympic_participating_country/medals_won./olympics/olympic_medal_honor/olympics /m/0l6mp 1 1 0 0
/m/0ctw_b /olympics/olympic_participating_country/medals_won./olympics/olympic_medal_honor/olympics /m/0l6m5 1 1 0 1
/m/05b4w /olympics/olympic_participating_country/medals_won./olympics/olympic_medal_honor/olympics /m/01f1kd 0 0 0 0
/m/07f1x /olympics/olympic_participating_country/medals_won./olympics/olympic_medal_honor/olympics /m/0jdk_ 1 1 0 1
/m/0chghy /olympics/olympic_participating_country/medals_won./olympics/olympic_medal_honor/olympics /m/0ldqf 0 1 0 0
/m/03_r3 /olympics/olympic_participating_country/medals_won./olympics/olympic_medal_honor/olympics /m/0l98s 0 1 0 1
/m/09lxtg /olympics/olympic_participating_country/medals_won./olympics/olympic_medal_honor/olympics /m/0kbws 1 1 0 0
/m/02vzc /olympics/olympic_participating_country/medals_won./olympics/olympic_medal_honor/olympics /m/0lv1x 0 1 0 0
/m/0160w /olympics/olympic_participating_country/medals_won./olympics/olympic_medal_honor/olympics /m/0l6m5 1 1 0 0
/m/0jgd /olympics/olympic_participating_country/medals_won./olympics/olympic_medal_honor/olympics /m/0jdk_ 1 1 0 0
/m/059j2 /olympics/olympic_participating_country/medals_won./olympics/olympic_medal_honor/olympics /m/0sxrz 0 1 0 0
/m/0h7x /olympics/olympic_participating_country/medals_won./olympics/olympic_medal_honor/olympics /m/0124ld 0 1 0 0
/m/02vzc /olympics/olympic_participating_country/medals_won./olympics/olympic_medal_honor/olympics /m/015l4k 0 1 0 0
/m/05r7t /olympics/olympic_participating_country/medals_won./olympics/olympic_medal_honor/olympics /m/0kbvb 1 1 0 0
/m/04w8f /olympics/olympic_participating_country/medals_won./olympics/olympic_medal_honor/olympics /m/0jkvj 0 1 0 0
/m/0d060g /olympics/olympic_participating_country/medals_won./olympics/olympic_medal_honor/olympics /m/019n8z 0 1 0 0
/m/06c1y /olympics/olympic_participating_country/medals_won./olympics/olympic_medal_honor/olympics /m/0l998 1 1 0 1
/m/07fj_ /olympics/olympic_participating_country/medals_won./olympics/olympic_medal_honor/olympics /m/0l998 1 1 0 0
/m/0jgd /olympics/olympic_participating_country/medals_won./olympics/olympic_medal_honor/olympics /m/0l6mp 1 1 0 0
/m/07t_x /olympics/olympic_participating_country/medals_won./olympics/olympic_medal_honor/olympics /m/0jdk_ 1 1 0 0
/m/015qh /olympics/olympic_participating_country/medals_won./olympics/olympic_medal_honor/olympics /m/0l998 1 1 0 0
/m/06npd /olympics/olympic_participating_country/medals_won./olympics/olympic_medal_honor/olympics /m/0kbvb 1 1 0 1
/m/06mzp /olympics/olympic_participating_country/medals_won./olympics/olympic_medal_honor/olympics /m/0jhn7 1 1 0 1
/m/0fv4v /olympics/olympic_participating_country/medals_won./olympics/olympic_medal_honor/olympics /m/0l6ny 1 1 0 0
/m/07t21 /olympics/olympic_participating_country/medals_won./olympics/olympic_medal_honor/olympics /m/0kbvb 1 1 0 1
/m/01mk6 /olympics/olympic_participating_country/medals_won./olympics/olympic_medal_honor/olympics /m/0lbd9 0 1 0 0
/m/0ctw_b /olympics/olympic_participating_country/medals_won./olympics/olympic_medal_honor/olympics /m/0l98s 0 1 0 1
/m/02vzc /olympics/olympic_participating_country/medals_won./olympics/olympic_medal_honor/olympics /m/01f1kd 0 1 0 0
/m/04wgh /olympics/olympic_participating_country/medals_won./olympics/olympic_medal_honor/olympics /m/0l6ny 1 1 0 0
/m/05cgv /olympics/olympic_participating_country/medals_won./olympics/olympic_medal_honor/olympics /m/0l98s 0 1 0 0
/m/0h7x /olympics/olympic_participating_country/medals_won./olympics/olympic_medal_honor/olympics /m/018qb4 0 1 0 0
/m/05v8c /olympics/olympic_participating_country/medals_won./olympics/olympic_medal_honor/olympics /m/0lk8j 0 0 0 0
/m/05vz3zq /olympics/olympic_participating_country/medals_won./olympics/olympic_medal_honor/olympics /m/015l4k 0 0 0 0
/m/0hzlz /olympics/olympic_participating_country/medals_won./olympics/olympic_medal_honor/olympics /m/018qb4 0 0 0 0
/m/0697s /olympics/olympic_participating_country/medals_won./olympics/olympic_medal_honor/olympics /m/0jdk_ 1 1 0 0
/m/03_r3 /olympics/olympic_participating_country/medals_won./olympics/olympic_medal_honor/olympics /m/0lgxj 1 1 0 1
/m/05qx1 /olympics/olympic_participating_country/medals_won./olympics/olympic_medal_honor/olympics /m/0kbws 1 1 0 0
/m/06qd3 /olympics/olympic_participating_country/medals_won./olympics/olympic_medal_honor/olympics /m/0ldqf 0 1 0 0
/m/035dk /olympics/olympic_participating_country/medals_won./olympics/olympic_medal_honor/olympics /m/0l98s 0 0 0 0
/m/0b90_r /olympics/olympic_participating_country/medals_won./olympics/olympic_medal_honor/olympics /m/0lk8j 0 1 0 0
/m/0jgx /olympics/olympic_participating_country/medals_won./olympics/olympic_medal_honor/olympics /m/0jhn7 1 1 0 0
/m/03rt9 /olympics/olympic_participating_country/medals_won./olympics/olympic_medal_honor/olympics /m/0jdk_ 1 1 0 1
/m/05b4w /olympics/olympic_participating_country/medals_won./olympics/olympic_medal_honor/olympics /m/0blg2 0 1 0 0
/m/0jgd /olympics/olympic_participating_country/medals_won./olympics/olympic_medal_honor/olympics /m/0lk8j 0 1 0 0
/m/0jgd /olympics/olympic_participating_country/medals_won./olympics/olympic_medal_honor/olympics /m/0l98s 0 1 0 0
/m/05r4w /olympics/olympic_participating_country/medals_won./olympics/olympic_medal_honor/olympics /m/0l6ny 1 1 0 0
std confidence sum
/m/06mzp /olympics/olympic_participating_country/medals_won./olympics/olympic_medal_honor/olympics /m/0sx92 0 1 0 0
/m/0f8l9c /olympics/olympic_participating_country/medals_won./olympics/olympic_medal_honor/olympics /m/01f1jy 0 1 0 0
/m/087vz /olympics/olympic_participating_country/medals_won./olympics/olympic_medal_honor/olympics /m/0l998 1 1 0 0
/m/05b4w /olympics/olympic_participating_country/medals_won./olympics/olympic_medal_honor/olympics /m/01f1jf 0 1 0 0
/m/0345h /olympics/olympic_participating_country/medals_won./olympics/olympic_medal_honor/olympics /m/0lk8j 0 0 0 0
/m/01crd5 /olympics/olympic_participating_country/medals_won./olympics/olympic_medal_honor/olympics /m/0jdk_ 1 1 0 0
/m/01mk6 /olympics/olympic_participating_country/medals_won./olympics/olympic_medal_honor/olympics /m/019n8z 0 0 0 0
/m/04g61 /olympics/olympic_participating_country/medals_won./olympics/olympic_medal_honor/olympics /m/0sx7r 0 0 0 0
/m/015qh /olympics/olympic_participating_country/medals_won./olympics/olympic_medal_honor/olympics /m/0l6vl 0 1 0 0
/m/06mzp /olympics/olympic_participating_country/medals_won./olympics/olympic_medal_honor/olympics /m/0lbd9 0 1 0 1
/m/05v8c /olympics/olympic_participating_country/medals_won./olympics/olympic_medal_honor/olympics /m/0l6m5 1 1 0 0
/m/0d060g /olympics/olympic_participating_country/medals_won./olympics/olympic_medal_honor/olympics /m/01f1jy 0 1 0 0
/m/0chghy /olympics/olympic_participating_country/medals_won./olympics/olympic_medal_honor/olympics /m/0jkvj 0 1 0 0
/m/0k6nt /olympics/olympic_participating_country/medals_won./olympics/olympic_medal_honor/olympics /m/0lbbj 0 1 0 0
/m/05v8c /olympics/olympic_participating_country/medals_won./olympics/olympic_medal_honor/olympics /m/0jhn7 1 1 1 1
/m/0d060g /olympics/olympic_participating_country/medals_won./olympics/olympic_medal_honor/olympics /m/0kbvb 1 1 0 0
/m/0jgx /olympics/olympic_participating_country/medals_won./olympics/olympic_medal_honor/olympics /m/0jdk_ 1 1 0 0
/m/0154j /olympics/olympic_participating_country/medals_won./olympics/olympic_medal_honor/olympics /m/0l6mp 1 1 0 0
/m/0ctw_b /olympics/olympic_participating_country/medals_won./olympics/olympic_medal_honor/olympics /m/0l6m5 1 1 0 1
/m/05b4w /olympics/olympic_participating_country/medals_won./olympics/olympic_medal_honor/olympics /m/01f1kd 0 0 0 0
/m/07f1x /olympics/olympic_participating_country/medals_won./olympics/olympic_medal_honor/olympics /m/0jdk_ 1 1 0 1
/m/0chghy /olympics/olympic_participating_country/medals_won./olympics/olympic_medal_honor/olympics /m/0ldqf 0 1 0 0
/m/03_r3 /olympics/olympic_participating_country/medals_won./olympics/olympic_medal_honor/olympics /m/0l98s 0 1 0 1
/m/09lxtg /olympics/olympic_participating_country/medals_won./olympics/olympic_medal_honor/olympics /m/0kbws 1 1 0 0
/m/02vzc /olympics/olympic_participating_country/medals_won./olympics/olympic_medal_honor/olympics /m/0lv1x 0 1 0 0
/m/0160w /olympics/olympic_participating_country/medals_won./olympics/olympic_medal_honor/olympics /m/0l6m5 1 1 0 0
/m/0jgd /olympics/olympic_participating_country/medals_won./olympics/olympic_medal_honor/olympics /m/0jdk_ 1 1 0 0
/m/059j2 /olympics/olympic_participating_country/medals_won./olympics/olympic_medal_honor/olympics /m/0sxrz 0 1 0 0
/m/0h7x /olympics/olympic_participating_country/medals_won./olympics/olympic_medal_honor/olympics /m/0124ld 0 1 0 0
/m/02vzc /olympics/olympic_participating_country/medals_won./olympics/olympic_medal_honor/olympics /m/015l4k 0 1 0 0
/m/05r7t /olympics/olympic_participating_country/medals_won./olympics/olympic_medal_honor/olympics /m/0kbvb 1 1 0 0
/m/04w8f /olympics/olympic_participating_country/medals_won./olympics/olympic_medal_honor/olympics /m/0jkvj 0 1 0 0
/m/0d060g /olympics/olympic_participating_country/medals_won./olympics/olympic_medal_honor/olympics /m/019n8z 0 1 0 0
/m/06c1y /olympics/olympic_participating_country/medals_won./olympics/olympic_medal_honor/olympics /m/0l998 1 1 0 1
/m/07fj_ /olympics/olympic_participating_country/medals_won./olympics/olympic_medal_honor/olympics /m/0l998 1 1 0 0
/m/0jgd /olympics/olympic_participating_country/medals_won./olympics/olympic_medal_honor/olympics /m/0l6mp 1 1 0 0
/m/07t_x /olympics/olympic_participating_country/medals_won./olympics/olympic_medal_honor/olympics /m/0jdk_ 1 1 0 0
/m/015qh /olympics/olympic_participating_country/medals_won./olympics/olympic_medal_honor/olympics /m/0l998 1 1 0 0
/m/06npd /olympics/olympic_participating_country/medals_won./olympics/olympic_medal_honor/olympics /m/0kbvb 1 1 0 1
/m/06mzp /olympics/olympic_participating_country/medals_won./olympics/olympic_medal_honor/olympics /m/0jhn7 1 1 0 1
/m/0fv4v /olympics/olympic_participating_country/medals_won./olympics/olympic_medal_honor/olympics /m/0l6ny 1 1 0 0
/m/07t21 /olympics/olympic_participating_country/medals_won./olympics/olympic_medal_honor/olympics /m/0kbvb 1 1 0 1
/m/01mk6 /olympics/olympic_participating_country/medals_won./olympics/olympic_medal_honor/olympics /m/0lbd9 0 1 0 0
/m/0ctw_b /olympics/olympic_participating_country/medals_won./olympics/olympic_medal_honor/olympics /m/0l98s 0 1 0 1
/m/02vzc /olympics/olympic_participating_country/medals_won./olympics/olympic_medal_honor/olympics /m/01f1kd 0 1 0 0
/m/04wgh /olympics/olympic_participating_country/medals_won./olympics/olympic_medal_honor/olympics /m/0l6ny 1 1 0 0
/m/05cgv /olympics/olympic_participating_country/medals_won./olympics/olympic_medal_honor/olympics /m/0l98s 0 1 0 0
/m/0h7x /olympics/olympic_participating_country/medals_won./olympics/olympic_medal_honor/olympics /m/018qb4 0 1 0 0
/m/05v8c /olympics/olympic_participating_country/medals_won./olympics/olympic_medal_honor/olympics /m/0lk8j 0 0 0 0
/m/05vz3zq /olympics/olympic_participating_country/medals_won./olympics/olympic_medal_honor/olympics /m/015l4k 0 0 0 0
/m/0hzlz /olympics/olympic_participating_country/medals_won./olympics/olympic_medal_honor/olympics /m/018qb4 0 0 0 0
/m/0697s /olympics/olympic_participating_country/medals_won./olympics/olympic_medal_honor/olympics /m/0jdk_ 1 1 0 0
/m/03_r3 /olympics/olympic_participating_country/medals_won./olympics/olympic_medal_honor/olympics /m/0lgxj 1 1 0 1
/m/05qx1 /olympics/olympic_participating_country/medals_won./olympics/olympic_medal_honor/olympics /m/0kbws 1 1 0 0
/m/06qd3 /olympics/olympic_participating_country/medals_won./olympics/olympic_medal_honor/olympics /m/0ldqf 0 1 0 0
/m/035dk /olympics/olympic_participating_country/medals_won./olympics/olympic_medal_honor/olympics /m/0l98s 0 0 0 0
/m/0b90_r /olympics/olympic_participating_country/medals_won./olympics/olympic_medal_honor/olympics /m/0lk8j 0 1 0 0
/m/0jgx /olympics/olympic_participating_country/medals_won./olympics/olympic_medal_honor/olympics /m/0jhn7 1 1 0 0
/m/03rt9 /olympics/olympic_participating_country/medals_won./olympics/olympic_medal_honor/olympics /m/0jdk_ 1 1 0 1
/m/05b4w /olympics/olympic_participating_country/medals_won./olympics/olympic_medal_honor/olympics /m/0blg2 0 1 0 0
/m/0jgd /olympics/olympic_participating_country/medals_won./olympics/olympic_medal_honor/olympics /m/0lk8j 0 1 0 0
/m/0jgd /olympics/olympic_participating_country/medals_won./olympics/olympic_medal_honor/olympics /m/0l98s 0 1 0 0
/m/05r4w /olympics/olympic_participating_country/medals_won./olympics/olympic_medal_honor/olympics /m/0l6ny 1 1 0 0
