pca confidence count
/m/05kh_ /people/person/spouse_s./people/marriage/spouse /m/01pl9g 0 0 0 0
/m/0b66qd /people/person/spouse_s./people/marriage/spouse /m/01ggbx 0 0 0 0
/m/023tp8 /people/person/spouse_s./people/marriage/spouse /m/0408np 0 0 0 0
/m/014g22 /people/person/spouse_s./people/marriage/spouse /m/01c65z 0 0 0 0
std confidence count
/m/05kh_ /people/person/spouse_s./people/marriage/spouse /m/01pl9g 0 0 0 0
/m/0b66qd /people/person/spouse_s./people/marriage/spouse /m/01ggbx 0 0 0 0
/m/023tp8 /people/person/spouse_s./people/marriage/spouse /m/0408np 0 0 0 0
/m/014g22 /people/person/spouse_s./people/marriage/spouse /m/01c65z 0 0 0 0
pca confidence sum
/m/05kh_ /people/person/spouse_s./people/marriage/spouse /m/01pl9g 0 0 0 0
/m/0b66qd /people/person/spouse_s./people/marriage/spouse /m/01ggbx 0 0 0 0
/m/023tp8 /people/person/spouse_s./people/marriage/spouse /m/0408np 0 0 0 0
/m/014g22 /people/person/spouse_s./people/marriage/spouse /m/01c65z 0 0 0 0
std confidence sum
/m/05kh_ /people/person/spouse_s./people/marriage/spouse /m/01pl9g 0 0 0 0
/m/0b66qd /people/person/spouse_s./people/marriage/spouse /m/01ggbx 0 0 0 0
/m/023tp8 /people/person/spouse_s./people/marriage/spouse /m/0408np 0 0 0 0
/m/014g22 /people/person/spouse_s./people/marriage/spouse /m/01c65z 0 0 0 0
