pca confidence count
/m/054kmq /soccer/football_player/current_team./sports/sports_team_roster/team /m/0xbm 0 0 0 0
/m/06sy4c /soccer/football_player/current_team./sports/sports_team_roster/team /m/01dtl 0 0 0 0
/m/07m69t /soccer/football_player/current_team./sports/sports_team_roster/team /m/02s2ys 0 0 0 0
/m/0d3mlc /soccer/football_player/current_team./sports/sports_team_roster/team /m/01l0__ 1 1 0 0
/m/04bsx1 /soccer/football_player/current_team./sports/sports_team_roster/team /m/0bl8l 0 0 0 0
/m/0czmk1 /soccer/football_player/current_team./sports/sports_team_roster/team /m/023fb 0 0 0 0
/m/0fw2d3 /soccer/football_player/current_team./sports/sports_team_roster/team /m/05169r 0 0 0 0
/m/0d9v9q /soccer/football_player/current_team./sports/sports_team_roster/team /m/02b15h 0 0 0 0
/m/07h1h5 /soccer/football_player/current_team./sports/sports_team_roster/team /m/029q3k 0 0 0 0
std confidence count
/m/054kmq /soccer/football_player/current_team./sports/sports_team_roster/team /m/0xbm 0 0 0 0
/m/06sy4c /soccer/football_player/current_team./sports/sports_team_roster/team /m/01dtl 0 0 0 0
/m/07m69t /soccer/football_player/current_team./sports/sports_team_roster/team /m/02s2ys 0 0 0 0
/m/0d3mlc /soccer/football_player/current_team./sports/sports_team_roster/team /m/01l0__ 1 1 0 0
/m/04bsx1 /soccer/football_player/current_team./sports/sports_team_roster/team /m/0bl8l 0 0 0 0
/m/0czmk1 /soccer/football_player/current_team./sports/sports_team_roster/team /m/023fb 0 0 0 0
/m/0fw2d3 /soccer/football_player/current_team./sports/sports_team_roster/team /m/05169r 0 0 0 0
/m/0d9v9q /soccer/football_player/current_team./sports/sports_team_roster/team /m/02b15h 0 0 0 0
/m/07h1h5 /soccer/football_player/current_team./sports/sports_team_roster/team /m/029q3k 0 0 0 0
pca confidence sum
/m/054kmq /soccer/football_player/current_team./sports/sports_team_roster/team /m/0xbm 0 0 0 0
/m/06sy4c /soccer/football_player/current_team./sports/sports_team_roster/team /m/01dtl 0 0 0 0
/m/07m69t /soccer/football_player/current_team./sports/sports_team_roster/team /m/02s2ys 0 0 0 0
/m/0d3mlc /soccer/football_player/current_team./sports/sports_team_roster/team /m/01l0__ 1 1 0 0
/m/04bsx1 /soccer/football_player/current_team./sports/sports_team_roster/team /m/0bl8l 0 0 0 0
/m/0czmk1 /soccer/football_player/current_team./sports/sports_team_roster/team /m/023fb 0 0 0 0
/m/0fw2d3 /soccer/football_player/current_team./sports/sports_team_roster/team /m/05169r 0 0 0 0
/m/0d9v9q /soccer/football_player/current_team./sports/sports_team_roster/team /m/02b15h 0 0 0 0
/m/07h1h5 /soccer/football_player/current_team./sports/sports_team_roster/team /m/029q3k 0 0 0 0
std confidence sum
/m/054kmq /soccer/football_player/current_team./sports/sports_team_roster/team /m/0xbm 0 0 0 0
/m/06sy4c /soccer/football_player/current_team./sports/sports_team_roster/team /m/01dtl 0 0 0 0
/m/07m69t /soccer/football_player/current_team./sports/sports_team_roster/team /m/02s2ys 0 0 0 0
/m/0d3mlc /soccer/football_player/current_team./sports/sports_team_roster/team /m/01l0__ 1 1 0 0
/m/04bsx1 /soccer/football_player/current_team./sports/sports_team_roster/team /m/0bl8l 0 0 0 0
/m/0czmk1 /soccer/football_player/current_team./sports/sports_team_roster/team /m/023fb 0 0 0 0
/m/0fw2d3 /soccer/football_player/current_team./sports/sports_team_roster/team /m/05169r 0 0 0 0
/m/0d9v9q /soccer/football_player/current_team./sports/sports_team_roster/team /m/02b15h 0 0 0 0
/m/07h1h5 /soccer/football_player/current_team./sports/sports_team_roster/team /m/029q3k 0 0 0 0
