/m/02_kd /award/award_winning_work/awards_won./award/award_honor/award /m/02pqp12 6914 6912 0 0 0 0
/m/0ds3t5x /award/award_winning_work/awards_won./award/award_honor/award /m/027cyf7 13728 13724 0 0 0 0
/m/0_b9f /award/award_winning_work/awards_won./award/award_honor/award /m/09cn0c 6 5 1 1 0 0
/m/0330r /award/award_winning_work/awards_won./award/award_honor/award /m/0m7yy 8 6 1 1 0 0
/m/02jxrw /award/award_winning_work/awards_won./award/award_honor/award /m/02x2gy0 9521 9517 0 0 0 0
/m/0209hj /award/award_winning_work/awards_won./award/award_honor/award /m/027986c 7 4 1 1 0 0
/m/023ny6 /award/award_winning_work/awards_won./award/award_honor/award /m/027gs1_ 536 532 0 0 0 0
/m/02_06s /award/award_winning_work/awards_won./award/award_honor/award /m/09cn0c 6 5 1 1 0 0
/m/0dr_4 /award/award_winning_work/awards_won./award/award_honor/award /m/02qt02v 5 4 1 1 0 0
/m/0sxlb /award/award_winning_work/awards_won./award/award_honor/award /m/09d28z 8 7 1 1 0 0
/m/0dtfn /award/award_winning_work/awards_won./award/award_honor/award /m/0262s1 7 5 1 1 0 0
/m/04vr_f /award/award_winning_work/awards_won./award/award_honor/award /m/027c924 28 26 0 0 0 0
/m/02wk7b /award/award_winning_work/awards_won./award/award_honor/award /m/02y_j8g 13478 13471 0 0 0 0
/m/0bs4r /award/award_winning_work/awards_won./award/award_honor/award /m/0gs9p 10 9 1 1 0 0
/m/04v8x9 /award/award_winning_work/awards_won./award/award_honor/award /m/0gs96 849 848 0 0 0 0
/m/06cm5 /award/award_winning_work/awards_won./award/award_honor/award /m/027c95y 6 4 1 1 0 0
/m/0_b9f /award/award_winning_work/awards_won./award/award_honor/award /m/02y_rq5 9 9 1 1 0 0
/m/0167bx /award/award_winning_work/awards_won./award/award_honor/award /m/0dt49 0 0 0 0
/m/0k20s /award/award_winning_work/awards_won./award/award_honor/award /m/02wwsh8 4 4 1 1 0 0
/m/0gxfz /award/award_winning_work/awards_won./award/award_honor/award /m/09cn0c 6 5 1 1 0 0
/m/01qz5 /award/award_winning_work/awards_won./award/award_honor/award /m/0gq9h 35 31 0 0 0 0
/m/08cfr1 /award/award_winning_work/awards_won./award/award_honor/award /m/02wwsh8 9355 9355 0 0 0 0
/m/0llcx /award/award_winning_work/awards_won./award/award_honor/award /m/0k611 28 25 0 0 0 0
/m/0661ql3 /award/award_winning_work/awards_won./award/award_honor/award /m/02g3ft 10 9 1 1 0 0
/m/01chpn /award/award_winning_work/awards_won./award/award_honor/award /m/02n9nmz 34 33 0 0 0 0
/m/011ysn /award/award_winning_work/awards_won./award/award_honor/award /m/05h5nb8 11 10 0 1 0 0
/m/01qvz8 /award/award_winning_work/awards_won./award/award_honor/award /m/07bdd_ 21 21 0 0 0 0
/m/0m63c /award/award_winning_work/awards_won./award/award_honor/award /m/054krc 15 13 0 0 0 0
/m/0dgst_d /award/award_winning_work/awards_won./award/award_honor/award /m/02x4x18 6 5 1 1 0 0
/m/0170th /award/award_winning_work/awards_won./award/award_honor/award /m/05h5nb8 14440 14438 0 0 0 0
/m/0jnwx /award/award_winning_work/awards_won./award/award_honor/award /m/05zvj3m 23 22 0 0 0 0
/m/07cz2 /award/award_winning_work/awards_won./award/award_honor/award /m/02g3ft 3334 3330 0 0 0 0
/m/0jsf6 /award/award_winning_work/awards_won./award/award_honor/award /m/0gq_v 19 15 0 0 0 0
/m/0sxmx /award/award_winning_work/awards_won./award/award_honor/award /m/02qt02v 9 6 1 1 0 0
/m/09r94m /award/award_winning_work/awards_won./award/award_honor/award /m/027b9ly 5364 5363 0 0 0 0
/m/0dsx3f /award/award_winning_work/awards_won./award/award_honor/award /m/0m7yy 6 4 1 1 0 0
/m/03kq98 /award/award_winning_work/awards_won./award/award_honor/award /m/0m7yy 30 25 0 0 0 0
/m/0hmr4 /award/award_winning_work/awards_won./award/award_honor/award /m/09cn0c 7 6 1 1 0 0
/m/0k4p0 /award/award_winning_work/awards_won./award/award_honor/award /m/02r0csl 12341 12332 0 0 0 0
/m/0k4kk /award/award_winning_work/awards_won./award/award_honor/award /m/0gr42 4325 4321 0 0 0 0
/m/07gp9 /award/award_winning_work/awards_won./award/award_honor/award /m/02r22gf 12 12 0 0 0 0
/m/01fx4k /award/award_winning_work/awards_won./award/award_honor/award /m/02z1nbg 5 3 1 1 0 0
/m/04xbq3 /award/award_winning_work/awards_won./award/award_honor/award /m/0m7yy 10 8 1 1 0 0
/m/01n30p /award/award_winning_work/awards_won./award/award_honor/award /m/02x8n1n 8 6 1 1 0 0
/m/0gt14 /award/award_winning_work/awards_won./award/award_honor/award /m/0czp_ 8270 8268 0 0 0 0
/m/09ps01 /award/award_winning_work/awards_won./award/award_honor/award /m/05zx7xk 7 5 1 1 0 0
/m/092vkg /award/award_winning_work/awards_won./award/award_honor/award /m/02x4w6g 9 8 1 1 0 0
/m/0m123 /award/award_winning_work/awards_won./award/award_honor/award /m/0fbtbt 12263 12257 0 0 0 0
/m/0qmhk /award/award_winning_work/awards_won./award/award_honor/award /m/02wkmx 1661 1658 0 0 0 0
/m/026390q /award/award_winning_work/awards_won./award/award_honor/award /m/02z1nbg 5 3 1 1 0 0
/m/06_x996 /award/award_winning_work/awards_won./award/award_honor/award /m/02n9nmz 21 21 0 0 0 0
/m/0yyg4 /award/award_winning_work/awards_won./award/award_honor/award /m/027c95y 17 15 0 0 0 0
/m/0sxfd /award/award_winning_work/awards_won./award/award_honor/award /m/0gr4k 16 16 0 0 0 0
/m/05zr0xl /award/award_winning_work/awards_won./award/award_honor/award /m/0cjyzs 3 2 1 1 0 0
/m/07cdz /award/award_winning_work/awards_won./award/award_honor/award /m/040njc 31 28 0 0 0 0
/m/09p3_s /award/award_winning_work/awards_won./award/award_honor/award /m/09cn0c 10285 10282 0 0 0 0
/m/01h1bf /award/award_winning_work/awards_won./award/award_honor/award /m/0m7yy 7 5 1 1 0 0
/m/0pb33 /award/award_winning_work/awards_won./award/award_honor/award /m/02qyntr 5594 5592 0 0 0 0
/m/0_b9f /award/award_winning_work/awards_won./award/award_honor/award /m/02y_j8g 3 2 1 1 0 0
/m/0300ml /award/award_winning_work/awards_won./award/award_honor/award /m/02xcb6n 6993 6989 0 0 0 0
/m/03b1l8 /award/award_winning_work/awards_won./award/award_honor/award /m/03ybrwc 3811 3811 0 0 0 0
/m/04qw17 /award/award_winning_work/awards_won./award/award_honor/award /m/027571b 6 5 1 1 0 0
/m/08vd2q /award/award_winning_work/awards_won./award/award_honor/award /m/02pqp12 15 15 0 0 0 0
/m/017gm7 /award/award_winning_work/awards_won./award/award_honor/award /m/02g3v6 9 9 1 1 0 0
/m/0cf08 /award/award_winning_work/awards_won./award/award_honor/award /m/0k611 17 14 0 0 0 0
/m/05p9_ql /award/award_winning_work/awards_won./award/award_honor/award /m/09qj50 15 12 0 0 0 0
/m/0f4yh /award/award_winning_work/awards_won./award/award_honor/award /m/02g3ft 23 21 0 0 0 0
/m/03cvvlg /award/award_winning_work/awards_won./award/award_honor/award /m/027cyf7 4771 4770 0 0 0 0
/m/01qxc7 /award/award_winning_work/awards_won./award/award_honor/award /m/0gqxm 10 8 1 1 0 0
/m/0ch3qr1 /award/award_winning_work/awards_won./award/award_honor/award /m/04ljl_l 31 25 0 0 0 0
/m/04b2qn /award/award_winning_work/awards_won./award/award_honor/award /m/09sb52 17 17 0 0 0 0
/m/0g60z /award/award_winning_work/awards_won./award/award_honor/award /m/0bdx29 6 4 1 1 0 0
/m/03q0r1 /award/award_winning_work/awards_won./award/award_honor/award /m/025m8l 13 13 0 0 0 0
/m/07s846j /award/award_winning_work/awards_won./award/award_honor/award /m/03hkv_r 14 13 0 0 0 0
/m/0ktx_ /award/award_winning_work/awards_won./award/award_honor/award /m/0gr4k 41 41 0 0 0 0
/m/01r97z /award/award_winning_work/awards_won./award/award_honor/award /m/07bdd_ 22 22 0 0 0 0
/m/0gj50 /award/award_winning_work/awards_won./award/award_honor/award /m/02p_7cr 12505 12505 0 0 0 0
/m/01xq8v /award/award_winning_work/awards_won./award/award_honor/award /m/018wdw 9860 9854 0 0 0 0
/m/0gvvm6l /award/award_winning_work/awards_won./award/award_honor/award /m/0gqng 8 5 1 1 0 0
/m/03rz2b /award/award_winning_work/awards_won./award/award_honor/award /m/0789r6 5 5 1 1 0 0
/m/0299hs /award/award_winning_work/awards_won./award/award_honor/award /m/018wdw 3655 3649 0 0 0 0
/m/0462hhb /award/award_winning_work/awards_won./award/award_honor/award /m/0fq9zdn 6 5 1 1 0 0
/m/0h6r5 /award/award_winning_work/awards_won./award/award_honor/award /m/02rdxsh 13711 13705 0 0 0 0
/m/0c0zq /award/award_winning_work/awards_won./award/award_honor/award /m/0gs9p 13 12 0 0 0 0
/m/0dzz6g /award/award_winning_work/awards_won./award/award_honor/award /m/09cn0c 5 4 1 1 0 0
/m/04qw17 /award/award_winning_work/awards_won./award/award_honor/award /m/027b9k6 8 6 1 1 0 0
/m/0dzlbx /award/award_winning_work/awards_won./award/award_honor/award /m/02g2wv 4 4 1 1 0 0
/m/03b1l8 /award/award_winning_work/awards_won./award/award_honor/award /m/09cn0c 7 6 1 1 0 0
/m/02v570 /award/award_winning_work/awards_won./award/award_honor/award /m/02wkmx 9 7 1 1 0 0
/m/0y_pg /award/award_winning_work/awards_won./award/award_honor/award /m/02ppm4q 8 8 1 1 0 0
/m/04mcw4 /award/award_winning_work/awards_won./award/award_honor/award /m/05p1dby 15 15 0 0 0 0
/m/0hmm7 /award/award_winning_work/awards_won./award/award_honor/award /m/027c924 8 6 1 1 0 0
/m/02q5g1z /award/award_winning_work/awards_won./award/award_honor/award /m/027b9k6 10 8 1 1 0 0
/m/0221zw /award/award_winning_work/awards_won./award/award_honor/award /m/02wkmx 9 7 1 1 0 0
/m/03nt59 /award/award_winning_work/awards_won./award/award_honor/award /m/09qv3c 14 11 0 0 0 0
/m/06fpsx /award/award_winning_work/awards_won./award/award_honor/award /m/03hj5vf 1676 1675 0 0 0 0
/m/02rv_dz /award/award_winning_work/awards_won./award/award_honor/award /m/02x1dht 13805 13802 0 0 0 0
/m/05hjnw /award/award_winning_work/awards_won./award/award_honor/award /m/02w_6xj 22 20 0 0 0 0
/m/03j63k /award/award_winning_work/awards_won./award/award_honor/award /m/0bdw1g 2182 2180 0 0 0 0
/m/07024 /award/award_winning_work/awards_won./award/award_honor/award /m/02w_6xj 7 5 1 1 0 0
/m/02q52q /award/award_winning_work/awards_won./award/award_honor/award /m/0gqz2 6138 6138 0 0 0 0
/m/01p3ty /award/award_winning_work/awards_won./award/award_honor/award /m/03r8v_ 5 4 1 1 0 0
/m/05hjnw /award/award_winning_work/awards_won./award/award_honor/award /m/09cm54 8 4 1 1 0 0
/m/0vjr /award/award_winning_work/awards_won./award/award_honor/award /m/0m7yy 8 6 1 1 0 0
/m/0h3k3f /award/award_winning_work/awards_won./award/award_honor/award /m/02z1nbg 9 7 1 1 0 0
/m/016yxn /award/award_winning_work/awards_won./award/award_honor/award /m/027986c 7234 7228 0 0 0 0
/m/0qm98 /award/award_winning_work/awards_won./award/award_honor/award /m/0gqy2 23 23 0 0 0 0
/m/03f7xg /award/award_winning_work/awards_won./award/award_honor/award /m/02qrbbx 627 627 0 0 0 0
/m/0c0zq /award/award_winning_work/awards_won./award/award_honor/award /m/027b9k6 3097 3093 0 0 0 0
/m/01vfqh /award/award_winning_work/awards_won./award/award_honor/award /m/027b9k6 13 10 0 1 0 0
/m/0cvkv5 /award/award_winning_work/awards_won./award/award_honor/award /m/09ly2r6 5 4 1 1 0 0
/m/0ywrc /award/award_winning_work/awards_won./award/award_honor/award /m/0gr4k 28 28 0 0 0 0
/m/02_1q9 /award/award_winning_work/awards_won./award/award_honor/award /m/02py_sj 9717 9715 0 0 0 0
/m/03y0pn /award/award_winning_work/awards_won./award/award_honor/award /m/0gr42 37 35 0 0 0 0
/m/093l8p /award/award_winning_work/awards_won./award/award_honor/award /m/02z1nbg 6 4 1 1 0 0
/m/0404j37 /award/award_winning_work/awards_won./award/award_honor/award /m/02rdxsh 8962 8959 0 0 0 0
/m/015ppk /award/award_winning_work/awards_won./award/award_honor/award /m/0m7yy 4 2 1 1 0 0
/m/0bkq7 /award/award_winning_work/awards_won./award/award_honor/award /m/0gq9h 9 8 1 1 0 0
