/m/01c9f2 /award/award_category/winners./award/award_honor/ceremony /m/01bx35 13 2 0 1 0 0
/m/01c9f2 /award/award_category/winners./award/award_honor/ceremony /m/01s695 4 2 1 1 0 0
/m/01ckbq /award/award_category/winners./award/award_honor/ceremony /m/013b2h 21 3 0 1 0 0
/m/0gq_v /award/award_category/winners./award/award_honor/ceremony /m/09306z 3 1 1 1 0 1
/m/0bdx29 /award/award_category/winners./award/award_honor/ceremony /m/07z31v 1 1 1 1 1 1
/m/0gq_d /award/award_category/winners./award/award_honor/ceremony /m/073hmq 3 1 1 1 0 1
/m/025m8l /award/award_category/winners./award/award_honor/ceremony /m/0jzphpx 4 1 1 1 0 1
/m/0f4x7 /award/award_category/winners./award/award_honor/ceremony /m/05hmp6 3 2 1 1 0 0
/m/0gkr9q /award/award_category/winners./award/award_honor/ceremony /m/07y9ts 1 1 1 1 1 1
/m/02gm9n /award/award_category/winners./award/award_honor/ceremony /m/0466p0j 10 1 1 1 0 1
/m/01bgqh /award/award_category/winners./award/award_honor/ceremony /m/02rjjll 18 1 0 1 0 1
/m/031b3h /award/award_category/winners./award/award_honor/ceremony /m/013b2h 23 3 0 1 0 0
/m/02flpq /award/award_category/winners./award/award_honor/ceremony /m/01s695 7 2 1 1 0 0
/m/02gx2k /award/award_category/winners./award/award_honor/ceremony /m/02cg41 7 1 1 1 0 1
/m/0gr4k /award/award_category/winners./award/award_honor/ceremony /m/0bzkvd 1 1 1 1 1 1
/m/09lvl1 /award/award_category/winners./award/award_honor/ceremony /m/0h_9252 11031 11025 0 0 0 0
/m/0gvx_ /award/award_category/winners./award/award_honor/ceremony /m/0bzk2h 6 6 1 1 0 0
/m/027s4dn /award/award_category/winners./award/award_honor/ceremony /m/09p2r9 10953 10953 0 0 0 0
/m/0f4x7 /award/award_category/winners./award/award_honor/ceremony /m/0fy59t 1 1 1 1 1 1
/m/054knh /award/award_category/winners./award/award_honor/ceremony /m/026kq4q 6193 6193 0 0 0 0
/m/0gqy2 /award/award_category/winners./award/award_honor/ceremony /m/0gmdkyy 1 1 1 1 1 1
/m/0gr0m /award/award_category/winners./award/award_honor/ceremony /m/0bzn6_ 8 6 1 1 0 0
/m/0gr0m /award/award_category/winners./award/award_honor/ceremony /m/0c4hgj 2 1 1 1 0 1
/m/0p9sw /award/award_category/winners./award/award_honor/ceremony /m/073hd1 6 5 1 1 0 0
/m/0bdw6t /award/award_category/winners./award/award_honor/ceremony /m/0bxs_d 9 8 1 1 0 0
/m/02x17s4 /award/award_category/winners./award/award_honor/ceremony /m/0fqpc7d 3 3 1 1 0 0
/m/0gqyl /award/award_category/winners./award/award_honor/ceremony /m/073hd1 1 1 1 1 1 1
/m/0gs96 /award/award_category/winners./award/award_honor/ceremony /m/05qb8vx 2 1 1 1 0 1
/m/07kjk7c /award/award_category/winners./award/award_honor/ceremony /m/0hn821n 2 1 1 1 0 1
/m/01dpdh /award/award_category/winners./award/award_honor/ceremony /m/05pd94v 9 3 1 1 0 0
/m/02g3gj /award/award_category/winners./award/award_honor/ceremony /m/01s695 17 3 0 1 0 0
/m/023vrq /award/award_category/winners./award/award_honor/ceremony /m/019bk0 3 1 1 1 0 1
/m/01ckcd /award/award_category/winners./award/award_honor/ceremony /m/0jzphpx 6 1 1 1 0 1
/m/0cqhk0 /award/award_category/winners./award/award_honor/ceremony /m/092t4b 1 1 1 1 1 1
/m/0gq_v /award/award_category/winners./award/award_honor/ceremony /m/073h1t 4 1 1 1 0 1
/m/0gq_d /award/award_category/winners./award/award_honor/ceremony /m/0fz2y7 4 2 1 1 0 0
/m/01c9jp /award/award_category/winners./award/award_honor/ceremony /m/01bx35 7 2 1 1 0 0
/m/0f4x7 /award/award_category/winners./award/award_honor/ceremony /m/0bzknt 3 1 1 1 0 1
/m/04dn09n /award/award_category/winners./award/award_honor/ceremony /m/026kq4q 1 1 1 1 1 1
/m/018wdw /award/award_category/winners./award/award_honor/ceremony /m/073h9x 1 1 1 1 1 1
/m/0257yf /award/award_category/winners./award/award_honor/ceremony /m/01bx35 8 2 1 1 0 0
/m/023vrq /award/award_category/winners./award/award_honor/ceremony /m/056878 5 1 1 1 0 1
/m/0gr4k /award/award_category/winners./award/award_honor/ceremony /m/0bzmt8 1 1 1 1 1 1
/m/0k611 /award/award_category/winners./award/award_honor/ceremony /m/03tn9w 3 1 1 1 0 1
/m/018wng /award/award_category/winners./award/award_honor/ceremony /m/0ftlkg 6 3 1 1 0 0
/m/099ck7 /award/award_category/winners./award/award_honor/ceremony /m/0clfdj 2 2 1 1 0 0
/m/09td7p /award/award_category/winners./award/award_honor/ceremony /m/058m5m4 1 1 1 1 1 1
/m/0fbtbt /award/award_category/winners./award/award_honor/ceremony /m/05c1t6z 1 1 1 1 1 1
/m/0bp_b2 /award/award_category/winners./award/award_honor/ceremony /m/07z31v 4 3 1 1 0 0
/m/02fv3t /award/award_category/winners./award/award_honor/ceremony /m/01c6qp 14 1 0 1 0 1
/m/09sdmz /award/award_category/winners./award/award_honor/ceremony /m/09g90vz 5 5 1 1 0 0
/m/0gq_d /award/award_category/winners./award/award_honor/ceremony /m/0c4hx0 3 3 1 1 0 0
/m/019f4v /award/award_category/winners./award/award_honor/ceremony /m/09p3h7 1 1 1 1 1 1
/m/0f4x7 /award/award_category/winners./award/award_honor/ceremony /m/02jp5r 4 1 1 1 0 1
/m/02g8mp /award/award_category/winners./award/award_honor/ceremony /m/013b2h 3 1 1 1 0 1
/m/02gm9n /award/award_category/winners./award/award_honor/ceremony /m/02rjjll 17 1 0 1 0 1
/m/025mbn /award/award_category/winners./award/award_honor/ceremony /m/013b2h 4 1 1 1 0 1
/m/02vm9nd /award/award_category/winners./award/award_honor/ceremony /m/0gkxgfq 9078 9075 0 0 0 0
/m/0ck27z /award/award_category/winners./award/award_honor/ceremony /m/0g55tzk 2 2 1 1 0 0
/m/0gr42 /award/award_category/winners./award/award_honor/ceremony /m/0bzknt 12 9 0 1 0 0
/m/02w7fs /award/award_category/winners./award/award_honor/ceremony /m/01mhwk 4 1 1 1 0 1
/m/0gr4k /award/award_category/winners./award/award_honor/ceremony /m/0fz0c2 5 3 1 1 0 0
/m/0gr07 /award/award_category/winners./award/award_honor/ceremony /m/0bz6sb 3222 3218 0 0 0 0
/m/024fxq /award/award_category/winners./award/award_honor/ceremony /m/0466p0j 5 1 1 1 0 1
/m/0cqhk0 /award/award_category/winners./award/award_honor/ceremony /m/058m5m4 2 2 1 1 0 0
/m/0l8z1 /award/award_category/winners./award/award_honor/ceremony /m/059x66 10 6 1 1 0 0
/m/01ck6h /award/award_category/winners./award/award_honor/ceremony /m/019bk0 25 4 0 1 0 0
/m/01dk00 /award/award_category/winners./award/award_honor/ceremony /m/0gx1673 3 2 1 1 0 0
/m/0gr51 /award/award_category/winners./award/award_honor/ceremony /m/073hmq 2 1 1 1 0 1
/m/0gqwc /award/award_category/winners./award/award_honor/ceremony /m/0bzmt8 1 1 1 1 1 1
/m/0czp_ /award/award_category/winners./award/award_honor/ceremony /m/0fz20l 5 3 1 1 0 0
/m/02ddq4 /award/award_category/winners./award/award_honor/ceremony /m/02cg41 3 1 1 1 0 1
/m/09tqxt /award/award_category/winners./award/award_honor/ceremony /m/0hr6lkl 7 7 1 1 0 0
/m/09qwmm /award/award_category/winners./award/award_honor/ceremony /m/0g55tzk 5 5 1 1 0 0
/m/024_41 /award/award_category/winners./award/award_honor/ceremony /m/01mh_q 13 3 0 1 0 0
/m/0gqng /award/award_category/winners./award/award_honor/ceremony /m/0ftlxj 5 4 1 1 0 0
/m/0gqmvn /award/award_category/winners./award/award_honor/ceremony /m/05c1t6z 6386 6385 0 0 0 0
/m/0bdw1g /award/award_category/winners./award/award_honor/ceremony /m/0gvstc3 1 1 1 1 1 1
/m/0gqxm /award/award_category/winners./award/award_honor/ceremony /m/05q7cj 3 1 1 1 0 1
/m/09qvf4 /award/award_category/winners./award/award_honor/ceremony /m/07y_p6 6 5 1 1 0 0
/m/025m8y /award/award_category/winners./award/award_honor/ceremony /m/02cg41 3 1 1 1 0 1
/m/03t5b6 /award/award_category/winners./award/award_honor/ceremony /m/01bx35 9 2 1 1 0 0
/m/03nl5k /award/award_category/winners./award/award_honor/ceremony /m/019bk0 6 1 1 1 0 1
/m/0gr0m /award/award_category/winners./award/award_honor/ceremony /m/0dthsy 1 1 1 1 1 1
/m/0gr4k /award/award_category/winners./award/award_honor/ceremony /m/02yv_b 3 1 1 1 0 1
/m/0gr07 /award/award_category/winners./award/award_honor/ceremony /m/0bzn6_ 8384 8378 0 0 0 0
/m/0257w4 /award/award_category/winners./award/award_honor/ceremony /m/05pd94v 13 4 0 1 0 0
/m/0gvx_ /award/award_category/winners./award/award_honor/ceremony /m/0ftlxj 1195 1193 0 0 0 0
/m/0gqng /award/award_category/winners./award/award_honor/ceremony /m/0c4hgj 5 2 1 1 0 0
/m/0gqyl /award/award_category/winners./award/award_honor/ceremony /m/0d__c3 9 6 1 1 0 0
/m/0gqyl /award/award_category/winners./award/award_honor/ceremony /m/0bzm__ 5389 5384 0 0 0 0
/m/03ncb2 /award/award_category/winners./award/award_honor/ceremony /m/01c6qp 5 1 1 1 0 1
/m/0fbtbt /award/award_category/winners./award/award_honor/ceremony /m/0gvstc3 2 1 1 1 0 1
/m/0gq9h /award/award_category/winners./award/award_honor/ceremony /m/02ywhz 1 1 1 1 1 1
/m/0gq9h /award/award_category/winners./award/award_honor/ceremony /m/073hkh 1 1 1 1 1 1
/m/025m8y /award/award_category/winners./award/award_honor/ceremony /m/01xqqp 3 1 1 1 0 1
/m/0gqy2 /award/award_category/winners./award/award_honor/ceremony /m/05qb8vx 2 1 1 1 0 1
/m/024_41 /award/award_category/winners./award/award_honor/ceremony /m/01c6qp 12 1 0 1 0 1
/m/0c4z8 /award/award_category/winners./award/award_honor/ceremony /m/0jzphpx 5 1 1 1 0 1
/m/0gr51 /award/award_category/winners./award/award_honor/ceremony /m/0bvhz9 3 1 1 1 0 1
/m/0gqwc /award/award_category/winners./award/award_honor/ceremony /m/073hgx 2 1 1 1 0 1
/m/0gqng /award/award_category/winners./award/award_honor/ceremony /m/073hgx 3 1 1 1 0 1
/m/0gqz2 /award/award_category/winners./award/award_honor/ceremony /m/0c53vt 3 1 1 1 0 1
/m/09v82c0 /award/award_category/winners./award/award_honor/ceremony /m/03nnm4t 3 2 1 1 0 0
/m/0gq9h /award/award_category/winners./award/award_honor/ceremony /m/09306z 2 1 1 1 0 1
/m/026mff /award/award_category/winners./award/award_honor/ceremony /m/013b2h 6 1 1 1 0 1
/m/026mfs /award/award_category/winners./award/award_honor/ceremony /m/02rjjll 5 1 1 1 0 1
/m/024fxq /award/award_category/winners./award/award_honor/ceremony /m/0jzphpx 16 6 0 1 0 0
/m/01c99j /award/award_category/winners./award/award_honor/ceremony /m/056878 5 1 1 1 0 1
/m/018wng /award/award_category/winners./award/award_honor/ceremony /m/04110lv 5 1 1 1 0 1
/m/0gq_d /award/award_category/winners./award/award_honor/ceremony /m/02yvhx 5 2 1 1 0 0
/m/0f4x7 /award/award_category/winners./award/award_honor/ceremony /m/073hmq 1 1 1 1 1 1
/m/0gqz2 /award/award_category/winners./award/award_honor/ceremony /m/02pgky2 5 1 1 1 0 1
/m/0gs96 /award/award_category/winners./award/award_honor/ceremony /m/0bzkgg 3 1 1 1 0 1
/m/01dpdh /award/award_category/winners./award/award_honor/ceremony /m/02cg41 9 3 1 1 0 0
/m/0gr42 /award/award_category/winners./award/award_honor/ceremony /m/0fz2y7 1968 1965 0 0 0 0
/m/02g3gj /award/award_category/winners./award/award_honor/ceremony /m/013b2h 31 6 0 1 0 0
/m/026mff /award/award_category/winners./award/award_honor/ceremony /m/05pd94v 8 3 1 1 0 0
/m/0gr07 /award/award_category/winners./award/award_honor/ceremony /m/0bvfqq 3 1 1 1 0 1
/m/01ckbq /award/award_category/winners./award/award_honor/ceremony /m/01s695 10 2 1 1 0 0
/m/0p9sw /award/award_category/winners./award/award_honor/ceremony /m/073h1t 3 1 1 1 0 1
/m/02grdc /award/award_category/winners./award/award_honor/ceremony /m/019bk0 20 3 0 1 0 0
/m/0k611 /award/award_category/winners./award/award_honor/ceremony /m/0bz6sb 9 7 1 1 0 0
/m/01c427 /award/award_category/winners./award/award_honor/ceremony /m/01bx35 6 2 1 1 0 0
/m/0gqng /award/award_category/winners./award/award_honor/ceremony /m/050yyb 4 1 1 1 0 1
/m/02nhxf /award/award_category/winners./award/award_honor/ceremony /m/0gx1673 2 1 1 1 0 1
/m/026mmy /award/award_category/winners./award/award_honor/ceremony /m/02rjjll 6 1 1 1 0 1
/m/025mbn /award/award_category/winners./award/award_honor/ceremony /m/01bx35 4 1 1 1 0 1
/m/025mbn /award/award_category/winners./award/award_honor/ceremony /m/01mhwk 4 1 1 1 0 1
/m/02x4wb /award/award_category/winners./award/award_honor/ceremony /m/0jzphpx 4 1 1 1 0 1
/m/0gr0m /award/award_category/winners./award/award_honor/ceremony /m/073h5b 2 1 1 1 0 1
/m/02hgm4 /award/award_category/winners./award/award_honor/ceremony /m/01mhwk 14 3 0 1 0 0
/m/0257__ /award/award_category/winners./award/award_honor/ceremony /m/056878 9 1 1 1 0 1
/m/0gs9p /award/award_category/winners./award/award_honor/ceremony /m/0c4hgj 13 10 0 1 0 0
/m/0k611 /award/award_category/winners./award/award_honor/ceremony /m/073h9x 2 1 1 1 0 1
/m/02flpc /award/award_category/winners./award/award_honor/ceremony /m/019bk0 8 1 1 1 0 1
/m/01c92g /award/award_category/winners./award/award_honor/ceremony /m/056878 8 1 1 1 0 1
/m/07kjk7c /award/award_category/winners./award/award_honor/ceremony /m/02q690_ 3 2 1 1 0 0
/m/02581c /award/award_category/winners./award/award_honor/ceremony /m/01bx35 6 2 1 1 0 0
/m/0257yf /award/award_category/winners./award/award_honor/ceremony /m/056878 20 1 0 1 0 1
/m/0gs9p /award/award_category/winners./award/award_honor/ceremony /m/02pgky2 7 3 1 1 0 0
/m/0gq_v /award/award_category/winners./award/award_honor/ceremony /m/0ftlkg 1 1 1 1 1 1
/m/03r00m /award/award_category/winners./award/award_honor/ceremony /m/02cg41 22 3 0 1 0 0
/m/0gvx_ /award/award_category/winners./award/award_honor/ceremony /m/073hkh 2424 2421 0 0 0 0
/m/01c92g /award/award_category/winners./award/award_honor/ceremony /m/019bk0 7 1 1 1 0 1
/m/0gqwc /award/award_category/winners./award/award_honor/ceremony /m/0bzn6_ 2 2 1 1 0 0
/m/027qq9b /award/award_category/winners./award/award_honor/ceremony /m/0jt3qpk 2 1 1 1 0 1
/m/01c9d1 /award/award_category/winners./award/award_honor/ceremony /m/02rjjll 4 1 1 1 0 1
/m/01dpdh /award/award_category/winners./award/award_honor/ceremony /m/01xqqp 8 2 1 1 0 0
/m/02gx2k /award/award_category/winners./award/award_honor/ceremony /m/0466p0j 17 1 0 1 0 1
/m/0gr07 /award/award_category/winners./award/award_honor/ceremony /m/02yv_b 5 1 1 1 0 1
/m/01ckcd /award/award_category/winners./award/award_honor/ceremony /m/01mh_q 15 3 0 1 0 0
/m/0cqh46 /award/award_category/winners./award/award_honor/ceremony /m/092c5f 4 4 1 1 0 0
/m/03t5n3 /award/award_category/winners./award/award_honor/ceremony /m/056878 23 1 0 1 0 1
/m/018wng /award/award_category/winners./award/award_honor/ceremony /m/0dznvw 3 1 1 1 0 1
/m/0c4z8 /award/award_category/winners./award/award_honor/ceremony /m/019bk0 4 1 1 1 0 1
/m/01c427 /award/award_category/winners./award/award_honor/ceremony /m/013b2h 4 1 1 1 0 1
/m/02nhxf /award/award_category/winners./award/award_honor/ceremony /m/01xqqp 2 1 1 1 0 1
/m/02sp_v /award/award_category/winners./award/award_honor/ceremony /m/0466p0j 2 1 1 1 0 1
/m/0fc9js /award/award_category/winners./award/award_honor/ceremony /m/02q690_ 2 1 1 1 0 1
/m/0drtkx /award/award_category/winners./award/award_honor/ceremony /m/0418154 3 3 1 1 0 0
/m/01dpdh /award/award_category/winners./award/award_honor/ceremony /m/01bx35 21 4 0 1 0 0
/m/019bnn /award/award_category/winners./award/award_honor/ceremony /m/09n4nb 29 5 0 1 0 0
/m/04ldyx1 /award/award_category/winners./award/award_honor/ceremony /m/0lp_cd3 3 2 1 1 0 0
/m/0257__ /award/award_category/winners./award/award_honor/ceremony /m/01xqqp 17 7 0 1 0 0
/m/01dk00 /award/award_category/winners./award/award_honor/ceremony /m/05pd94v 3 1 1 1 0 1
/m/0gvx_ /award/award_category/winners./award/award_honor/ceremony /m/0c4hnm 14230 14227 0 0 0 0
/m/0gqwc /award/award_category/winners./award/award_honor/ceremony /m/050yyb 1 1 1 1 1 1
/m/0f4x7 /award/award_category/winners./award/award_honor/ceremony /m/0bzkvd 1 1 1 1 1 1
/m/0gkr9q /award/award_category/winners./award/award_honor/ceremony /m/07z31v 1 1 1 1 1 1
/m/0gqyl /award/award_category/winners./award/award_honor/ceremony /m/02glmx 11 7 0 1 0 0
/m/0gs96 /award/award_category/winners./award/award_honor/ceremony /m/0ftlkg 3 2 1 1 0 0
/m/031b3h /award/award_category/winners./award/award_honor/ceremony /m/0gpjbt 7 1 1 1 0 1
/m/0gqxm /award/award_category/winners./award/award_honor/ceremony /m/073hmq 2 1 1 1 0 1
/m/01c9d1 /award/award_category/winners./award/award_honor/ceremony /m/01xqqp 4 2 1 1 0 0
/m/01dpdh /award/award_category/winners./award/award_honor/ceremony /m/01s695 21 4 0 1 0 0
/m/0gr42 /award/award_category/winners./award/award_honor/ceremony /m/073h1t 8 4 1 1 0 0
/m/026mml /award/award_category/winners./award/award_honor/ceremony /m/013b2h 13 3 0 1 0 0
/m/0gq9h /award/award_category/winners./award/award_honor/ceremony /m/05hmp6 1 1 1 1 1 1
/m/026mfs /award/award_category/winners./award/award_honor/ceremony /m/01bx35 5 2 1 1 0 0
/m/0gr4k /award/award_category/winners./award/award_honor/ceremony /m/059x66 1 1 1 1 1 1
/m/0257__ /award/award_category/winners./award/award_honor/ceremony /m/02rjjll 23 3 0 1 0 0
/m/09qv3c /award/award_category/winners./award/award_honor/ceremony /m/07y9ts 4 3 1 1 0 0
/m/02x17s4 /award/award_category/winners./award/award_honor/ceremony /m/09gkdln 5 5 1 1 0 0
/m/02flpc /award/award_category/winners./award/award_honor/ceremony /m/01mhwk 9 1 1 1 0 1
/m/03tk6z /award/award_category/winners./award/award_honor/ceremony /m/01c6qp 5 1 1 1 0 1
/m/02h3d1 /award/award_category/winners./award/award_honor/ceremony /m/019bk0 2 1 1 1 0 1
/m/03ncb2 /award/award_category/winners./award/award_honor/ceremony /m/056878 6 1 1 1 0 1
/m/0bfvw2 /award/award_category/winners./award/award_honor/ceremony /m/02q690_ 1 1 1 1 1 1
/m/02sp_v /award/award_category/winners./award/award_honor/ceremony /m/019bk0 1 1 1 1 1 1
/m/0fqpg6b /award/award_category/winners./award/award_honor/ceremony /m/0h98b3k 1 1 1 1 1 1
/m/02581c /award/award_category/winners./award/award_honor/ceremony /m/01mh_q 6 1 1 1 0 1
/m/054ky1 /award/award_category/winners./award/award_honor/ceremony /m/0hndn2q 3 3 1 1 0 0
/m/024fxq /award/award_category/winners./award/award_honor/ceremony /m/01mh_q 4 1 1 1 0 1
/m/02_3zj /award/award_category/winners./award/award_honor/ceremony /m/03nnm4t 3 2 1 1 0 0
/m/0c4z8 /award/award_category/winners./award/award_honor/ceremony /m/013b2h 16 3 0 1 0 0
/m/03tk6z /award/award_category/winners./award/award_honor/ceremony /m/09n4nb 12 2 0 1 0 0
/m/0cqhb3 /award/award_category/winners./award/award_honor/ceremony /m/092_25 1 1 1 1 1 1
/m/02x258x /award/award_category/winners./award/award_honor/ceremony /m/0275n3y 6 6 1 1 0 0
/m/02x1dht /award/award_category/winners./award/award_honor/ceremony /m/09gkdln 6 6 1 1 0 0
/m/0gqxm /award/award_category/winners./award/award_honor/ceremony /m/073h5b 1 1 1 1 1 1
/m/0cqgl9 /award/award_category/winners./award/award_honor/ceremony /m/092t4b 3 3 1 1 0 0
/m/0gr0m /award/award_category/winners./award/award_honor/ceremony /m/0c6vcj 2 1 1 1 0 1
/m/0gq_v /award/award_category/winners./award/award_honor/ceremony /m/02ywhz 3 1 1 1 0 1
/m/0gqyl /award/award_category/winners./award/award_honor/ceremony /m/0fz2y7 6887 6883 0 0 0 0
/m/0cqhmg /award/award_category/winners./award/award_honor/ceremony /m/09g90vz 1 1 1 1 1 1
/m/024_dt /award/award_category/winners./award/award_honor/ceremony /m/05pd94v 8 3 1 1 0 0
/m/09qvf4 /award/award_category/winners./award/award_honor/ceremony /m/0bx6zs 6 5 1 1 0 0
/m/01d38t /award/award_category/winners./award/award_honor/ceremony /m/09n4nb 4 1 1 1 0 1
/m/0bp_b2 /award/award_category/winners./award/award_honor/ceremony /m/0gx_st 3 2 1 1 0 0
/m/02gdjb /award/award_category/winners./award/award_honor/ceremony /m/09n4nb 13 2 0 1 0 0
/m/01c92g /award/award_category/winners./award/award_honor/ceremony /m/01mhwk 19 3 0 1 0 0
/m/027gs1_ /award/award_category/winners./award/award_honor/ceremony /m/07y_p6 3 2 1 1 0 0
/m/02gm9n /award/award_category/winners./award/award_honor/ceremony /m/02cg41 26 5 0 1 0 0
/m/09qj50 /award/award_category/winners./award/award_honor/ceremony /m/0hn821n 5 4 1 1 0 0
/m/0ck27z /award/award_category/winners./award/award_honor/ceremony /m/09g90vz 1 1 1 1 1 1
/m/01ck6v /award/award_category/winners./award/award_honor/ceremony /m/0gpjbt 11 1 0 1 0 1
/m/0gr0m /award/award_category/winners./award/award_honor/ceremony /m/0bz6l9 1 1 1 1 1 1
/m/0gr4k /award/award_category/winners./award/award_honor/ceremony /m/09306z 3 1 1 1 0 1
/m/0gq_v /award/award_category/winners./award/award_honor/ceremony /m/02yv_b 3 1 1 1 0 1
/m/02flpc /award/award_category/winners./award/award_honor/ceremony /m/01s695 16 3 0 1 0 0
/m/0c4z8 /award/award_category/winners./award/award_honor/ceremony /m/02cg41 15 3 0 1 0 0
/m/01c427 /award/award_category/winners./award/award_honor/ceremony /m/019bk0 12 1 0 1 0 1
/m/0gr51 /award/award_category/winners./award/award_honor/ceremony /m/0c4hnm 5 3 1 1 0 0
/m/0gq_d /award/award_category/winners./award/award_honor/ceremony /m/0fk0xk 4 2 1 1 0 0
/m/01cw51 /award/award_category/winners./award/award_honor/ceremony /m/01bx35 12 2 0 1 0 0
/m/01cw7s /award/award_category/winners./award/award_honor/ceremony /m/01mh_q 4 1 1 1 0 1
/m/02x1z2s /award/award_category/winners./award/award_honor/ceremony /m/0275n3y 1 1 1 1 1 1
/m/02gx2k /award/award_category/winners./award/award_honor/ceremony /m/0gpjbt 17 1 0 1 0 1
/m/054ky1 /award/award_category/winners./award/award_honor/ceremony /m/026kq4q 3 3 1 1 0 0
/m/0gqy2 /award/award_category/winners./award/award_honor/ceremony /m/0c53zb 5 4 1 1 0 0
/m/0fbvqf /award/award_category/winners./award/award_honor/ceremony /m/0gvstc3 4 2 1 1 0 0
/m/0gr0m /award/award_category/winners./award/award_honor/ceremony /m/03tn9w 2 1 1 1 0 1
/m/01ckrr /award/award_category/winners./award/award_honor/ceremony /m/01mhwk 3 1 1 1 0 1
/m/0p9sw /award/award_category/winners./award/award_honor/ceremony /m/0bzk8w 2 1 1 1 0 1
/m/0l8z1 /award/award_category/winners./award/award_honor/ceremony /m/02glmx 11 7 0 1 0 0
/m/0l8z1 /award/award_category/winners./award/award_honor/ceremony /m/0fzrtf 6 2 1 1 0 0
/m/0257__ /award/award_category/winners./award/award_honor/ceremony /m/0jzphpx 19 7 0 1 0 0
/m/0gs9p /award/award_category/winners./award/award_honor/ceremony /m/073hgx 7 3 1 1 0 0
/m/0gqng /award/award_category/winners./award/award_honor/ceremony /m/0bzknt 5 2 1 1 0 0
/m/02g8mp /award/award_category/winners./award/award_honor/ceremony /m/0466p0j 3 1 1 1 0 1
/m/03nc9d /award/award_category/winners./award/award_honor/ceremony /m/01bx35 15 2 0 1 0 0
/m/054ks3 /award/award_category/winners./award/award_honor/ceremony /m/09q_6t 3 3 1 1 0 0
/m/0fbvqf /award/award_category/winners./award/award_honor/ceremony /m/0hn821n 3 2 1 1 0 0
/m/02gdjb /award/award_category/winners./award/award_honor/ceremony /m/0466p0j 5 1 1 1 0 1
/m/0l8z1 /award/award_category/winners./award/award_honor/ceremony /m/0bvhz9 6 2 1 1 0 0
/m/03t5kl /award/award_category/winners./award/award_honor/ceremony /m/013b2h 28 4 0 1 0 0
/m/025m98 /award/award_category/winners./award/award_honor/ceremony /m/056878 16 1 0 1 0 1
/m/026mg3 /award/award_category/winners./award/award_honor/ceremony /m/01xqqp 1 1 1 1 1 1
/m/01cw51 /award/award_category/winners./award/award_honor/ceremony /m/01s695 3 1 1 1 0 1
/m/018wdw /award/award_category/winners./award/award_honor/ceremony /m/02pgky2 3 1 1 1 0 1
/m/023vrq /award/award_category/winners./award/award_honor/ceremony /m/02cg41 4 1 1 1 0 1
/m/0gr0m /award/award_category/winners./award/award_honor/ceremony /m/0fzrhn 4 2 1 1 0 0
/m/02gdjb /award/award_category/winners./award/award_honor/ceremony /m/013b2h 16 3 0 1 0 0
/m/02py7pj /award/award_category/winners./award/award_honor/ceremony /m/058m5m4 4 4 1 1 0 0
/m/0gqwc /award/award_category/winners./award/award_honor/ceremony /m/0c4hx0 1 1 1 1 1 1
/m/025m8l /award/award_category/winners./award/award_honor/ceremony /m/01s695 4 2 1 1 0 0
/m/0gs96 /award/award_category/winners./award/award_honor/ceremony /m/0c4hgj 4 1 1 1 0 1
/m/01cky2 /award/award_category/winners./award/award_honor/ceremony /m/01c6qp 4 1 1 1 0 1
/m/0gr0m /award/award_category/winners./award/award_honor/ceremony /m/059x66 3 1 1 1 0 1
/m/0257__ /award/award_category/winners./award/award_honor/ceremony /m/0gpjbt 21 1 0 1 0 1
/m/0gs9p /award/award_category/winners./award/award_honor/ceremony /m/0bzn6_ 1 1 1 1 1 1
/m/03q_g6 /award/award_category/winners./award/award_honor/ceremony /m/01c6qp 18 2 0 1 0 0
/m/0c4z8 /award/award_category/winners./award/award_honor/ceremony /m/02rjjll 5 1 1 1 0 1
/m/01c92g /award/award_category/winners./award/award_honor/ceremony /m/01s695 15 3 0 1 0 0
/m/0gr51 /award/award_category/winners./award/award_honor/ceremony /m/02yv_b 1 1 1 1 1 1
/m/02h3d1 /award/award_category/winners./award/award_honor/ceremony /m/0gpjbt 5 1 1 1 0 1
/m/09sb52 /award/award_category/winners./award/award_honor/ceremony /m/092c5f 1 1 1 1 1 1
/m/0gqyl /award/award_category/winners./award/award_honor/ceremony /m/073h1t 11 7 0 1 0 0
/m/0gqxm /award/award_category/winners./award/award_honor/ceremony /m/0bzn6_ 6 4 1 1 0 0
/m/03tcnt /award/award_category/winners./award/award_honor/ceremony /m/01mhwk 16 3 0 1 0 0
/m/02581c /award/award_category/winners./award/award_honor/ceremony /m/019bk0 22 3 0 1 0 0
/m/0gr42 /award/award_category/winners./award/award_honor/ceremony /m/073hgx 9 5 1 1 0 0
/m/0gq9h /award/award_category/winners./award/award_honor/ceremony /m/0bzk8w 2 1 1 1 0 1
/m/0cqhk0 /award/award_category/winners./award/award_honor/ceremony /m/027hjff 2 2 1 1 0 0
/m/03r00m /award/award_category/winners./award/award_honor/ceremony /m/09n4nb 26 4 0 1 0 0
/m/03ncb2 /award/award_category/winners./award/award_honor/ceremony /m/013b2h 6 1 1 1 0 1
/m/0gr0m /award/award_category/winners./award/award_honor/ceremony /m/0bzjvm 2 1 1 1 0 1
/m/0gr4k /award/award_category/winners./award/award_honor/ceremony /m/0fy59t 3 1 1 1 0 1
/m/056jm_ /award/award_category/winners./award/award_honor/ceremony /m/09n4nb 30 5 0 1 0 0
/m/024_41 /award/award_category/winners./award/award_honor/ceremony /m/0gx1673 5 4 1 1 0 0
/m/0k611 /award/award_category/winners./award/award_honor/ceremony /m/02pgky2 3 1 1 1 0 1
/m/027s4dn /award/award_category/winners./award/award_honor/ceremony /m/09pj68 8696 8695 0 0 0 0
/m/025m8l /award/award_category/winners./award/award_honor/ceremony /m/05pd94v 5 2 1 1 0 0
/m/0gqyl /award/award_category/winners./award/award_honor/ceremony /m/0bzlrh 7 3 1 1 0 0
/m/02ddq4 /award/award_category/winners./award/award_honor/ceremony /m/0jzphpx 4 1 1 1 0 1
/m/0249fn /award/award_category/winners./award/award_honor/ceremony /m/056878 6 1 1 1 0 1
/m/03nc9d /award/award_category/winners./award/award_honor/ceremony /m/09n4nb 24 4 0 1 0 0
/m/03nc9d /award/award_category/winners./award/award_honor/ceremony /m/01s695 7 2 1 1 0 0
/m/0p9sw /award/award_category/winners./award/award_honor/ceremony /m/0fz0c2 4 2 1 1 0 0
/m/0p9sw /award/award_category/winners./award/award_honor/ceremony /m/073hgx 5 1 1 1 0 1
/m/0p9sw /award/award_category/winners./award/award_honor/ceremony /m/0bzm__ 1 1 1 1 1 1
/m/0gs9p /award/award_category/winners./award/award_honor/ceremony /m/0fy6bh 5 3 1 1 0 0
/m/0gvx_ /award/award_category/winners./award/award_honor/ceremony /m/02hn5v 7 3 1 1 0 0
/m/03tk6z /award/award_category/winners./award/award_honor/ceremony /m/019bk0 3 1 1 1 0 1
/m/02g8mp /award/award_category/winners./award/award_honor/ceremony /m/02cg41 13 3 0 1 0 0
/m/02v703 /award/award_category/winners./award/award_honor/ceremony /m/01s695 4 2 1 1 0 0
/m/03nc9d /award/award_category/winners./award/award_honor/ceremony /m/056878 7 1 1 1 0 1
/m/0gq_v /award/award_category/winners./award/award_honor/ceremony /m/02glmx 3 1 1 1 0 1
/m/0gq_v /award/award_category/winners./award/award_honor/ceremony /m/0c53zb 2 1 1 1 0 1
/m/0k611 /award/award_category/winners./award/award_honor/ceremony /m/0dznvw 4 2 1 1 0 0
/m/025m98 /award/award_category/winners./award/award_honor/ceremony /m/01mh_q 3 1 1 1 0 1
/m/0f4x7 /award/award_category/winners./award/award_honor/ceremony /m/073h5b 2 1 1 1 0 1
/m/02gm9n /award/award_category/winners./award/award_honor/ceremony /m/013b2h 10 1 1 1 0 1
/m/01cw51 /award/award_category/winners./award/award_honor/ceremony /m/0466p0j 4 1 1 1 0 1
/m/0gqxm /award/award_category/winners./award/award_honor/ceremony /m/05qb8vx 3 1 1 1 0 1
/m/0drtkx /award/award_category/winners./award/award_honor/ceremony /m/0g5b0q5 7 7 1 1 0 0
/m/02581c /award/award_category/winners./award/award_honor/ceremony /m/0jzphpx 6 1 1 1 0 1
/m/0gr42 /award/award_category/winners./award/award_honor/ceremony /m/0c4hx0 8 7 1 1 0 0
/m/026mff /award/award_category/winners./award/award_honor/ceremony /m/02rjjll 6 1 1 1 0 1
/m/0p9sw /award/award_category/winners./award/award_honor/ceremony /m/0bzmt8 2 1 1 1 0 1
/m/0l8z1 /award/award_category/winners./award/award_honor/ceremony /m/0bzknt 7 4 1 1 0 0
/m/0gr51 /award/award_category/winners./award/award_honor/ceremony /m/03tn9w 1 1 1 1 1 1
/m/025m98 /award/award_category/winners./award/award_honor/ceremony /m/05pd94v 13 4 0 1 0 0
/m/0gqng /award/award_category/winners./award/award_honor/ceremony /m/02glmx 3 1 1 1 0 1
/m/0gqz2 /award/award_category/winners./award/award_honor/ceremony /m/02jp5r 3 1 1 1 0 1
/m/03m73lj /award/award_category/winners./award/award_honor/ceremony /m/0g55tzk 6 6 1 1 0 0
/m/0gqxm /award/award_category/winners./award/award_honor/ceremony /m/0bzmt8 3 1 1 1 0 1
/m/07kjk7c /award/award_category/winners./award/award_honor/ceremony /m/0bx6zs 4 3 1 1 0 0
/m/01dpdh /award/award_category/winners./award/award_honor/ceremony /m/01mhwk 20 4 0 1 0 0
/m/0gqzz /award/award_category/winners./award/award_honor/ceremony /m/04110lv 2 1 1 1 0 1
/m/026mml /award/award_category/winners./award/award_honor/ceremony /m/0jzphpx 4 1 1 1 0 1
/m/024vjd /award/award_category/winners./award/award_honor/ceremony /m/019bk0 3 1 1 1 0 1
