/m/0mgkg /base/schemastaging/organization_extra/phone_number./base/schemastaging/phone_sandbox/service_language /m/02h40lc 43 1 0 1 0 1
/m/05b5c /base/schemastaging/organization_extra/phone_number./base/schemastaging/phone_sandbox/service_language /m/01gp_d 1 1 1 1 1 1
/m/01nn79 /base/schemastaging/organization_extra/phone_number./base/schemastaging/phone_sandbox/service_language /m/064_8sq 14 5 0 1 0 0
/m/03mdt /base/schemastaging/organization_extra/phone_number./base/schemastaging/phone_sandbox/service_language /m/02h40lc 63 1 0 1 0 1
/m/04fv0k /base/schemastaging/organization_extra/phone_number./base/schemastaging/phone_sandbox/service_language /m/02h40lc 35 1 0 1 0 1
/m/06_9lg /base/schemastaging/organization_extra/phone_number./base/schemastaging/phone_sandbox/service_language /m/03k50 4966 4966 0 0 0 0
/m/07xyn1 /base/schemastaging/organization_extra/phone_number./base/schemastaging/phone_sandbox/service_language /m/02h40lc 89 2 0 1 0 0
/m/07tds /base/schemastaging/organization_extra/phone_number./base/schemastaging/phone_sandbox/service_language /m/02h40lc 61 1 0 1 0 1
/m/01yfp7 /base/schemastaging/organization_extra/phone_number./base/schemastaging/phone_sandbox/service_language /m/02h40lc 56 1 0 1 0 1
/m/03mnk /base/schemastaging/organization_extra/phone_number./base/schemastaging/phone_sandbox/service_language /m/02h40lc 80 1 0 1 0 1
/m/018mxj /base/schemastaging/organization_extra/phone_number./base/schemastaging/phone_sandbox/service_language /m/04306rv 13 6 0 1 0 0
/m/018mxj /base/schemastaging/organization_extra/phone_number./base/schemastaging/phone_sandbox/service_language /m/05qqm 1 1 1 1 1 1
/m/02fgdx /base/schemastaging/organization_extra/phone_number./base/schemastaging/phone_sandbox/service_language /m/02h40lc 84 2 0 1 0 0
/m/01c6k4 /base/schemastaging/organization_extra/phone_number./base/schemastaging/phone_sandbox/service_language /m/0295r 1 1 1 1 1 1
/m/055z7 /base/schemastaging/organization_extra/phone_number./base/schemastaging/phone_sandbox/service_language /m/064_8sq 19 10 0 1 0 0
/m/03_c8p /base/schemastaging/organization_extra/phone_number./base/schemastaging/phone_sandbox/service_language /m/02h40lc 69 1 0 1 0 1
/m/0vlf /base/schemastaging/organization_extra/phone_number./base/schemastaging/phone_sandbox/service_language /m/02h40lc 70 1 0 1 0 1
/m/04f0xq /base/schemastaging/organization_extra/phone_number./base/schemastaging/phone_sandbox/service_language /m/02h40lc 72 1 0 1 0 1
/m/07zl6m /base/schemastaging/organization_extra/phone_number./base/schemastaging/phone_sandbox/service_language /m/064_8sq 8 2 1 1 0 0
/m/07zl6m /base/schemastaging/organization_extra/phone_number./base/schemastaging/phone_sandbox/service_language /m/02bv9 3097 3097 0 0 0 0
/m/01m_zd /base/schemastaging/organization_extra/phone_number./base/schemastaging/phone_sandbox/service_language /m/02h40lc 52 1 0 1 0 1
