/m/01yx7f /base/schemastaging/organization_extra/phone_number./base/schemastaging/phone_sandbox/contact_category /m/03w5xm 106 48 0 0 0 0
/m/0dn_w /base/schemastaging/organization_extra/phone_number./base/schemastaging/phone_sandbox/contact_category /m/03w5xm 114 54 0 0 0 0
/m/07y2s /base/schemastaging/organization_extra/phone_number./base/schemastaging/phone_sandbox/contact_category /m/014dgf 7 1 1 1 0 1
/m/01bvx1 /base/schemastaging/organization_extra/phone_number./base/schemastaging/phone_sandbox/contact_category /m/02zdwq 135 109 0 0 0 0
/m/04fv0k /base/schemastaging/organization_extra/phone_number./base/schemastaging/phone_sandbox/contact_category /m/03w5xm 28 1 0 1 0 1
/m/05b5c /base/schemastaging/organization_extra/phone_number./base/schemastaging/phone_sandbox/contact_category /m/03w5xm 20 1 0 1 0 1
/m/01pq4w /base/schemastaging/organization_extra/phone_number./base/schemastaging/phone_sandbox/contact_category /m/02zdwq 99 73 0 0 0 0
/m/06p8m /base/schemastaging/organization_extra/phone_number./base/schemastaging/phone_sandbox/contact_category /m/03w5xm 55 10 0 1 0 0
/m/05w3y /base/schemastaging/organization_extra/phone_number./base/schemastaging/phone_sandbox/contact_category /m/03w5xm 44 6 0 1 0 0
/m/016tt2 /base/schemastaging/organization_extra/phone_number./base/schemastaging/phone_sandbox/contact_category /m/03w5xm 111 52 0 0 0 0
/m/02lv2v /base/schemastaging/organization_extra/phone_number./base/schemastaging/phone_sandbox/contact_category /m/02zdwq 126 100 0 0 0 0
/m/0bwfn /base/schemastaging/organization_extra/phone_number./base/schemastaging/phone_sandbox/contact_category /m/03w5xm 95 38 0 0 0 0
/m/02slt7 /base/schemastaging/organization_extra/phone_number./base/schemastaging/phone_sandbox/contact_category /m/02zdwq 32 15 0 0 0 0
/m/0168nq /base/schemastaging/organization_extra/phone_number./base/schemastaging/phone_sandbox/contact_category /m/03w5xm 61 13 0 0 0 0
/m/0dmtp /base/schemastaging/organization_extra/phone_number./base/schemastaging/phone_sandbox/contact_category /m/03w5xm 54 10 0 1 0 0
/m/0gy1_ /base/schemastaging/organization_extra/phone_number./base/schemastaging/phone_sandbox/contact_category /m/03w5xm 41 6 0 1 0 0
/m/0hkqn /base/schemastaging/organization_extra/phone_number./base/schemastaging/phone_sandbox/contact_category /m/02zdwq 111 85 0 0 0 0
/m/02vk52z /base/schemastaging/organization_extra/phone_number./base/schemastaging/phone_sandbox/contact_category /m/03w5xm 31 2 0 1 0 0
/m/05w3y /base/schemastaging/organization_extra/phone_number./base/schemastaging/phone_sandbox/contact_category /m/02zdwq 54 32 0 0 0 0
/m/058j2 /base/schemastaging/organization_extra/phone_number./base/schemastaging/phone_sandbox/contact_category /m/03w5xm 112 53 0 0 0 0
