/m/018ygt /base/schemastaging/person_extra/net_worth./measurement_unit/dated_money_value/currency /m/09nqf 300 137 0 0 0 0
/m/01wmjkb /base/schemastaging/person_extra/net_worth./measurement_unit/dated_money_value/currency /m/09nqf 177 59 0 0 0 0
/m/0146pg /base/schemastaging/person_extra/net_worth./measurement_unit/dated_money_value/currency /m/09nqf 826 568 0 0 0 0
/m/01pgzn_ /base/schemastaging/person_extra/net_worth./measurement_unit/dated_money_value/currency /m/09nqf 105 29 0 0 0 0
/m/022769 /base/schemastaging/person_extra/net_worth./measurement_unit/dated_money_value/currency /m/09nqf 563 343 0 0 0 0
/m/0bwh6 /base/schemastaging/person_extra/net_worth./measurement_unit/dated_money_value/currency /m/09nqf 974 698 0 0 0 0
/m/01vvycq /base/schemastaging/person_extra/net_worth./measurement_unit/dated_money_value/currency /m/09nqf 224 88 0 0 0 0
/m/02b25y /base/schemastaging/person_extra/net_worth./measurement_unit/dated_money_value/currency /m/09nqf 1208 915 0 0 0 0
/m/02yygk /base/schemastaging/person_extra/net_worth./measurement_unit/dated_money_value/currency /m/09nqf 491 285 0 0 0 0
/m/01f7j9 /base/schemastaging/person_extra/net_worth./measurement_unit/dated_money_value/currency /m/09nqf 709 464 0 0 0 0
/m/02vyw /base/schemastaging/person_extra/net_worth./measurement_unit/dated_money_value/currency /m/09nqf 708 464 0 0 0 0
/m/01p8r8 /base/schemastaging/person_extra/net_worth./measurement_unit/dated_money_value/currency /m/09nqf 2419 2099 0 0 0 0
/m/0134w7 /base/schemastaging/person_extra/net_worth./measurement_unit/dated_money_value/currency /m/09nqf 371 189 0 0 0 0
/m/01hxs4 /base/schemastaging/person_extra/net_worth./measurement_unit/dated_money_value/currency /m/09nqf 358 181 0 0 0 0
/m/0c1pj /base/schemastaging/person_extra/net_worth./measurement_unit/dated_money_value/currency /m/09nqf 889 620 0 0 0 0
/m/0dvmd /base/schemastaging/person_extra/net_worth./measurement_unit/dated_money_value/currency /m/09nqf 227 88 0 0 0 0
/m/01kp_1t /base/schemastaging/person_extra/net_worth./measurement_unit/dated_money_value/currency /m/09nqf 264 114 0 0 0 0
/m/01gct2 /base/schemastaging/person_extra/net_worth./measurement_unit/dated_money_value/currency /m/09nqf 69 14 0 0 0 0
/m/01vrz41 /base/schemastaging/person_extra/net_worth./measurement_unit/dated_money_value/currency /m/09nqf 340 172 0 0 0 0
/m/01w02sy /base/schemastaging/person_extra/net_worth./measurement_unit/dated_money_value/currency /m/09nqf 365 187 0 0 0 0
/m/0167km /base/schemastaging/person_extra/net_worth./measurement_unit/dated_money_value/currency /m/09nqf 1547 1239 0 0 0 0
/m/01vswwx /base/schemastaging/person_extra/net_worth./measurement_unit/dated_money_value/currency /m/09nqf 533 319 0 0 0 0
/m/0hfml /base/schemastaging/person_extra/net_worth./measurement_unit/dated_money_value/currency /m/09nqf 1055 772 0 0 0 0
/m/02z4b_8 /base/schemastaging/person_extra/net_worth./measurement_unit/dated_money_value/currency /m/09nqf 519 309 0 0 0 0
/m/02jq1 /base/schemastaging/person_extra/net_worth./measurement_unit/dated_money_value/currency /m/09nqf 1461 1156 0 0 0 0
/m/015z4j /base/schemastaging/person_extra/net_worth./measurement_unit/dated_money_value/currency /m/09nqf 653 420 0 0 0 0
/m/01xzb6 /base/schemastaging/person_extra/net_worth./measurement_unit/dated_money_value/currency /m/09nqf 550 332 0 0 0 0
/m/03q91d /base/schemastaging/person_extra/net_worth./measurement_unit/dated_money_value/currency /m/09nqf 2045 1725 0 0 0 0
/m/057176 /base/schemastaging/person_extra/net_worth./measurement_unit/dated_money_value/currency /m/09nqf 1335 1036 0 0 0 0
/m/062dn7 /base/schemastaging/person_extra/net_worth./measurement_unit/dated_money_value/currency /m/09nqf 494 288 0 0 0 0
/m/01l1b90 /base/schemastaging/person_extra/net_worth./measurement_unit/dated_money_value/currency /m/09nqf 499 293 0 0 0 0
/m/014zcr /base/schemastaging/person_extra/net_worth./measurement_unit/dated_money_value/currency /m/09nqf 437 238 0 0 0 0
/m/01kmd4 /base/schemastaging/person_extra/net_worth./measurement_unit/dated_money_value/currency /m/09nqf 650 417 0 0 0 0
/m/0cnl1c /base/schemastaging/person_extra/net_worth./measurement_unit/dated_money_value/currency /m/09nqf 1157 866 0 0 0 0
/m/04tnqn /base/schemastaging/person_extra/net_worth./measurement_unit/dated_money_value/currency /m/09nqf 255 108 0 0 0 0
/m/02lymt /base/schemastaging/person_extra/net_worth./measurement_unit/dated_money_value/currency /m/09nqf 891 622 0 0 0 0
/m/06_bq1 /base/schemastaging/person_extra/net_worth./measurement_unit/dated_money_value/currency /m/09nqf 614 385 0 0 0 0
/m/01my4f /base/schemastaging/person_extra/net_worth./measurement_unit/dated_money_value/currency /m/09nqf 936 662 0 0 0 0
/m/0c7xjb /base/schemastaging/person_extra/net_worth./measurement_unit/dated_money_value/currency /m/09nqf 587 362 0 0 0 0
/m/0pz91 /base/schemastaging/person_extra/net_worth./measurement_unit/dated_money_value/currency /m/09nqf 122 33 0 0 0 0
/m/01b9z4 /base/schemastaging/person_extra/net_worth./measurement_unit/dated_money_value/currency /m/09nqf 903 631 0 0 0 0
/m/0pnf3 /base/schemastaging/person_extra/net_worth./measurement_unit/dated_money_value/currency /m/09nqf 881 614 0 0 0 0
/m/0hqly /base/schemastaging/person_extra/net_worth./measurement_unit/dated_money_value/currency /m/09nqf 816 562 0 0 0 0
/m/058kqy /base/schemastaging/person_extra/net_worth./measurement_unit/dated_money_value/currency /m/09nqf 1530 1223 0 0 0 0
/m/044mvs /base/schemastaging/person_extra/net_worth./measurement_unit/dated_money_value/currency /m/09nqf 1585 1275 0 0 0 0
/m/020hh3 /base/schemastaging/person_extra/net_worth./measurement_unit/dated_money_value/currency /m/09nqf 1301 1003 0 0 0 0
/m/02cg2v /base/schemastaging/person_extra/net_worth./measurement_unit/dated_money_value/currency /m/09nqf 962 686 0 0 0 0
/m/04sry /base/schemastaging/person_extra/net_worth./measurement_unit/dated_money_value/currency /m/09nqf 580 357 0 0 0 0
/m/0lx2l /base/schemastaging/person_extra/net_worth./measurement_unit/dated_money_value/currency /m/09nqf 366 187 0 0 0 0
/m/0h7pj /base/schemastaging/person_extra/net_worth./measurement_unit/dated_money_value/currency /m/09nqf 349 174 0 0 0 0
/m/016jfw /base/schemastaging/person_extra/net_worth./measurement_unit/dated_money_value/currency /m/09nqf 1316 1017 0 0 0 0
/m/02633g /base/schemastaging/person_extra/net_worth./measurement_unit/dated_money_value/currency /m/09nqf 412 216 0 0 0 0
/m/015f7 /base/schemastaging/person_extra/net_worth./measurement_unit/dated_money_value/currency /m/09nqf 338 172 0 0 0 0
/m/0bxtg /base/schemastaging/person_extra/net_worth./measurement_unit/dated_money_value/currency /m/09nqf 581 357 0 0 0 0
/m/0fp_v1x /base/schemastaging/person_extra/net_worth./measurement_unit/dated_money_value/currency /m/09nqf 828 569 0 0 0 0
/m/02zyy4 /base/schemastaging/person_extra/net_worth./measurement_unit/dated_money_value/currency /m/09nqf 754 504 0 0 0 0
/m/0140t7 /base/schemastaging/person_extra/net_worth./measurement_unit/dated_money_value/currency /m/01nv4h 79 76 0 0 0 0
/m/03g5_y /base/schemastaging/person_extra/net_worth./measurement_unit/dated_money_value/currency /m/09nqf 320 154 0 0 0 0
/m/0cymln /base/schemastaging/person_extra/net_worth./measurement_unit/dated_money_value/currency /m/09nqf 657 422 0 0 0 0
/m/04gycf /base/schemastaging/person_extra/net_worth./measurement_unit/dated_money_value/currency /m/09nqf 389 200 0 0 0 0
