/m/02bfmn /film/actor/film./film/performance/film /m/04ghz4m 13688 13680 0 0 0 0
/m/05typm /film/actor/film./film/performance/film /m/0k2cb 14490 14485 0 0 0 0
/m/026c1 /film/actor/film./film/performance/film /m/03s6l2 13211 13205 0 0 0 0
/m/084m3 /film/actor/film./film/performance/film /m/034qrh 557 555 0 0 0 0
/m/06ltr /film/actor/film./film/performance/film /m/016ywb 5803 5798 0 0 0 0
/m/08k881 /film/actor/film./film/performance/film /m/01qncf 6685 6681 0 0 0 0
/m/08qvhv /film/actor/film./film/performance/film /m/0h3k3f 6468 6468 0 0 0 0
/m/06rq2l /film/actor/film./film/performance/film /m/0ch3qr1 7 6 1 1 0 0
/m/09yhzs /film/actor/film./film/performance/film /m/07_fj54 11318 11311 0 0 0 0
/m/01kwsg /film/actor/film./film/performance/film /m/05r3qc 6688 6685 0 0 0 0
/m/021b_ /film/actor/film./film/performance/film /m/03kx49 14124 14107 0 0 0 0
/m/08hsww /film/actor/film./film/performance/film /m/07x4qr 8675 8666 0 0 0 0
/m/030znt /film/actor/film./film/performance/film /m/0422v0 5043 5037 0 0 0 0
/m/01twdk /film/actor/film./film/performance/film /m/05dss7 6862 6862 0 0 0 0
/m/06x58 /film/actor/film./film/performance/film /m/03nqnnk 1381 1378 0 0 0 0
/m/0164r9 /film/actor/film./film/performance/film /m/01jwxx 0 0 0 0
/m/016kb7 /film/actor/film./film/performance/film /m/0b4lkx 9996 9993 0 0 0 0
/m/0170s4 /film/actor/film./film/performance/film /m/02d003 1273 1273 0 0 0 0
/m/028k57 /film/actor/film./film/performance/film /m/0gtsx8c 3 1 1 1 0 1
/m/0184jw /film/actor/film./film/performance/film /m/01chpn 9547 9539 0 0 0 0
/m/04j_gs /film/actor/film./film/performance/film /m/0gx1bnj 13896 13892 0 0 0 0
/m/0gx_p /film/actor/film./film/performance/film /m/02tktw 11902 11898 0 0 0 0
/m/01cj6y /film/actor/film./film/performance/film /m/011ysn 8455 8447 0 0 0 0
/m/07rzf /film/actor/film./film/performance/film /m/046f3p 11591 11587 0 0 0 0
/m/01l2fn /film/actor/film./film/performance/film /m/0gx1bnj 2811 2810 0 0 0 0
/m/02v406 /film/actor/film./film/performance/film /m/02sg5v 4972 4971 0 0 0 0
/m/0bxtg /film/actor/film./film/performance/film /m/04hwbq 2 1 1 1 0 1
/m/0392kz /film/actor/film./film/performance/film /m/02vw1w2 7257 7256 0 0 0 0
/m/03dn9v /film/actor/film./film/performance/film /m/099bhp 0 0 0 0
/m/02jr26 /film/actor/film./film/performance/film /m/06lpmt 365 364 0 0 0 0
/m/022g44 /film/actor/film./film/performance/film /m/09q5w2 1664 1663 0 0 0 0
/m/01k8rb /film/actor/film./film/performance/film /m/0kbwb 4864 4861 0 0 0 0
/m/0738b8 /film/actor/film./film/performance/film /m/02mc5v 7557 7554 0 0 0 0
/m/04m064 /film/actor/film./film/performance/film /m/08fn5b 9514 9509 0 0 0 0
/m/044lyq /film/actor/film./film/performance/film /m/0286vp 12374 12373 0 0 0 0
/m/07m77x /film/actor/film./film/performance/film /m/08952r 362 360 0 0 0 0
/m/05bpg3 /film/actor/film./film/performance/film /m/0b7l4x 5906 5902 0 0 0 0
/m/0mj1l /film/actor/film./film/performance/film /m/01rwyq 8942 8936 0 0 0 0
/m/0dlglj /film/actor/film./film/performance/film /m/08nvyr 6257 6256 0 0 0 0
/m/01vwllw /film/actor/film./film/performance/film /m/09hy79 8993 8988 0 0 0 0
/m/070yzk /film/actor/film./film/performance/film /m/01shy7 5263 5249 0 0 0 0
/m/05dbf /film/actor/film./film/performance/film /m/02_nsc 1960 1960 0 0 0 0
/m/02qx69 /film/actor/film./film/performance/film /m/02stbw 10 5 1 1 0 0
/m/016ypb /film/actor/film./film/performance/film /m/0cc846d 12993 12987 0 0 0 0
/m/02sjf5 /film/actor/film./film/performance/film /m/032clf 200 199 0 0 0 0
/m/01m42d0 /film/actor/film./film/performance/film /m/0gzy02 588 588 0 0 0 0
/m/01n7qlf /film/actor/film./film/performance/film /m/05650n 14207 14197 0 0 0 0
/m/03dpqd /film/actor/film./film/performance/film /m/043n1r5 7723 7722 0 0 0 0
/m/0byfz /film/actor/film./film/performance/film /m/0m9p3 9385 9377 0 0 0 0
/m/0mz73 /film/actor/film./film/performance/film /m/07z6xs 3362 3361 0 0 0 0
/m/09y20 /film/actor/film./film/performance/film /m/0ds11z 3651 3648 0 0 0 0
/m/021npv /film/actor/film./film/performance/film /m/04kzqz 5971 5968 0 0 0 0
/m/02wgln /film/actor/film./film/performance/film /m/05pdd86 5691 5690 0 0 0 0
/m/0pyww /film/actor/film./film/performance/film /m/0sxns 12679 12670 0 0 0 0
/m/02_j8x /film/actor/film./film/performance/film /m/02qhqz4 14416 14405 0 0 0 0
/m/0h7pj /film/actor/film./film/performance/film /m/01l_pn 812 811 0 0 0 0
/m/026l37 /film/actor/film./film/performance/film /m/0_816 9453 9448 0 0 0 0
/m/047hpm /film/actor/film./film/performance/film /m/02z3r8t 4383 4376 0 0 0 0
/m/06fc0b /film/actor/film./film/performance/film /m/0cbv4g 4059 4057 0 0 0 0
/m/0ywqc /film/actor/film./film/performance/film /m/02qr3k8 9333 9309 0 0 0 0
/m/01vvb4m /film/actor/film./film/performance/film /m/02725hs 8031 8030 0 0 0 0
/m/01xcqc /film/actor/film./film/performance/film /m/04sh80 13204 13198 0 0 0 0
/m/05kwx2 /film/actor/film./film/performance/film /m/031786 5 3 1 1 0 0
/m/032w8h /film/actor/film./film/performance/film /m/035s95 7939 7931 0 0 0 0
/m/0170pk /film/actor/film./film/performance/film /m/04z4j2 9838 9834 0 0 0 0
/m/0126rp /film/actor/film./film/performance/film /m/09xbpt 4 2 1 1 0 0
/m/050zr4 /film/actor/film./film/performance/film /m/0jdgr 10979 10974 0 0 0 0
/m/0d9kl /film/actor/film./film/performance/film /m/03h3x5 1565 1563 0 0 0 0
/m/02m501 /film/actor/film./film/performance/film /m/01b195 6978 6973 0 0 0 0
/m/03vgp7 /film/actor/film./film/performance/film /m/0299hs 5984 5982 0 0 0 0
/m/07nx9j /film/actor/film./film/performance/film /m/0340hj 5 3 1 1 0 0
/m/039wsf /film/actor/film./film/performance/film /m/0571m 7788 7785 0 0 0 0
/m/0blq0z /film/actor/film./film/performance/film /m/062zjtt 10658 10652 0 0 0 0
/m/014z8v /film/actor/film./film/performance/film /m/03l6q0 4946 4941 0 0 0 0
/m/02yplc /film/actor/film./film/performance/film /m/07yvsn 4558 4555 0 0 0 0
/m/0k9j_ /film/actor/film./film/performance/film /m/016y_f 6589 6585 0 0 0 0
/m/059xvg /film/actor/film./film/performance/film /m/0353tm 14446 14443 0 0 0 0
/m/051wwp /film/actor/film./film/performance/film /m/09qycb 13468 13460 0 0 0 0
/m/030hcs /film/actor/film./film/performance/film /m/0g3zrd 1000 998 0 0 0 0
/m/01xcfy /film/actor/film./film/performance/film /m/0g54xkt 10726 10723 0 0 0 0
/m/018grr /film/actor/film./film/performance/film /m/02ntb8 6 4 1 1 0 0
/m/01438g /film/actor/film./film/performance/film /m/01rnly 2456 2452 0 0 0 0
/m/0p__8 /film/actor/film./film/performance/film /m/02qydsh 2 1 1 1 0 1
/m/01kym3 /film/actor/film./film/performance/film /m/026q3s3 0 0 0 0
/m/03h_9lg /film/actor/film./film/performance/film /m/05650n 9537 9531 0 0 0 0
/m/0479b /film/actor/film./film/performance/film /m/0k2cb 12425 12422 0 0 0 0
/m/0hvb2 /film/actor/film./film/performance/film /m/0209hj 11664 11654 0 0 0 0
/m/01l9p /film/actor/film./film/performance/film /m/057__d 4250 4248 0 0 0 0
/m/022411 /film/actor/film./film/performance/film /m/047p798 11112 11108 0 0 0 0
/m/0bbf1f /film/actor/film./film/performance/film /m/06__m6 7207 7203 0 0 0 0
/m/015p3p /film/actor/film./film/performance/film /m/07q1m 7018 7017 0 0 0 0
/m/02j4sk /film/actor/film./film/performance/film /m/03kxj2 2907 2906 0 0 0 0
/m/025j1t /film/actor/film./film/performance/film /m/035s95 12244 12230 0 0 0 0
/m/0b_dy /film/actor/film./film/performance/film /m/08sfxj 401 401 0 0 0 0
/m/02dlfh /film/actor/film./film/performance/film /m/0640m69 4 2 1 1 0 0
/m/07m77x /film/actor/film./film/performance/film /m/027j9wd 583 581 0 0 0 0
/m/01mylz /film/actor/film./film/performance/film /m/01dc0c 2642 2639 0 0 0 0
/m/078mgh /film/actor/film./film/performance/film /m/023g6w 2185 2183 0 0 0 0
/m/0301yj /film/actor/film./film/performance/film /m/03vyw8 958 956 0 0 0 0
/m/01pllx /film/actor/film./film/performance/film /m/07h9gp 13596 13590 0 0 0 0
/m/01hkhq /film/actor/film./film/performance/film /m/09wnnb 4901 4899 0 0 0 0
/m/083chw /film/actor/film./film/performance/film /m/02rv_dz 2255 2255 0 0 0 0
/m/0gnbw /film/actor/film./film/performance/film /m/05nyqk 6758 6756 0 0 0 0
/m/01y_px /film/actor/film./film/performance/film /m/02qr3k8 7543 7523 0 0 0 0
/m/01chc7 /film/actor/film./film/performance/film /m/0bc1yhb 6247 6243 0 0 0 0
/m/07f0tw /film/actor/film./film/performance/film /m/09yxcz 1831 1831 0 0 0 0
/m/020_95 /film/actor/film./film/performance/film /m/02c638 8639 8635 0 0 0 0
/m/03dpqd /film/actor/film./film/performance/film /m/05fcbk7 11635 11626 0 0 0 0
/m/03m6pk /film/actor/film./film/performance/film /m/03ydlnj 5438 5437 0 0 0 0
/m/07rd7 /film/actor/film./film/performance/film /m/0661m4p 2256 2254 0 0 0 0
/m/03h2d4 /film/actor/film./film/performance/film /m/09gkx35 3779 3778 0 0 0 0
/m/02y_2y /film/actor/film./film/performance/film /m/0gzlb9 11 8 0 1 0 0
/m/0clvcx /film/actor/film./film/performance/film /m/02wk7b 12413 12413 0 0 0 0
/m/01wz01 /film/actor/film./film/performance/film /m/08ct6 2 1 1 1 0 1
/m/01r93l /film/actor/film./film/performance/film /m/0ch26b_ 10986 10980 0 0 0 0
/m/01r93l /film/actor/film./film/performance/film /m/0g83dv 1622 1621 0 0 0 0
/m/02js9p /film/actor/film./film/performance/film /m/0c57yj 14345 14336 0 0 0 0
/m/05nzw6 /film/actor/film./film/performance/film /m/05q54f5 5755 5751 0 0 0 0
/m/01s7zw /film/actor/film./film/performance/film /m/02ljhg 6348 6343 0 0 0 0
/m/03wpmd /film/actor/film./film/performance/film /m/01p3ty 14277 14271 0 0 0 0
/m/03n52j /film/actor/film./film/performance/film /m/02ht1k 7 1 1 1 0 1
/m/0bl2g /film/actor/film./film/performance/film /m/048xyn 3709 3706 0 0 0 0
/m/01wy5m /film/actor/film./film/performance/film /m/084302 11076 11069 0 0 0 0
/m/0c0k1 /film/actor/film./film/performance/film /m/0ddjy 18 17 0 0 0 0
/m/07r1h /film/actor/film./film/performance/film /m/0yx_w 5900 5900 0 0 0 0
/m/098n_m /film/actor/film./film/performance/film /m/02qcr 11171 11168 0 0 0 0
/m/09l3p /film/actor/film./film/performance/film /m/03h0byn 205 205 0 0 0 0
/m/0525b /film/actor/film./film/performance/film /m/085bd1 3599 3597 0 0 0 0
/m/04jb97 /film/actor/film./film/performance/film /m/028cg00 6870 6870 0 0 0 0
/m/01g257 /film/actor/film./film/performance/film /m/0ddf2bm 13152 13146 0 0 0 0
/m/0hsn_ /film/actor/film./film/performance/film /m/027pfg 11064 11056 0 0 0 0
/m/0935jw /film/actor/film./film/performance/film /m/0k54q 93 93 0 0 0 0
/m/044rvb /film/actor/film./film/performance/film /m/04s1zr 1843 1842 0 0 0 0
/m/03_1pg /film/actor/film./film/performance/film /m/0416y94 10356 10352 0 0 0 0
/m/030h95 /film/actor/film./film/performance/film /m/06lpmt 5535 5531 0 0 0 0
/m/09xrxq /film/actor/film./film/performance/film /m/0k2cb 1900 1900 0 0 0 0
/m/0521rl1 /film/actor/film./film/performance/film /m/0d4htf 6458 6455 0 0 0 0
/m/03h_fqv /film/actor/film./film/performance/film /m/016z43 8949 8948 0 0 0 0
/m/023v4_ /film/actor/film./film/performance/film /m/01qbg5 14013 14012 0 0 0 0
/m/059m45 /film/actor/film./film/performance/film /m/0kvgxk 13923 13915 0 0 0 0
/m/02_p8v /film/actor/film./film/performance/film /m/04jpg2p 6606 6602 0 0 0 0
/m/02f2dn /film/actor/film./film/performance/film /m/0f40w 11240 11236 0 0 0 0
/m/02sjf5 /film/actor/film./film/performance/film /m/0_7w6 7476 7476 0 0 0 0
/m/01fyzy /film/actor/film./film/performance/film /m/02qdrjx 1962 1959 0 0 0 0
/m/08vr94 /film/actor/film./film/performance/film /m/027j9wd 12855 12851 0 0 0 0
/m/01_f_5 /film/actor/film./film/performance/film /m/07g1sm 4 2 1 1 0 0
/m/04vq3h /film/actor/film./film/performance/film /m/0296rz 3102 3100 0 0 0 0
/m/01tfck /film/actor/film./film/performance/film /m/02ny6g 1013 1011 0 0 0 0
/m/02qfhb /film/actor/film./film/performance/film /m/03wjm2 7425 7421 0 0 0 0
/m/06hhrs /film/actor/film./film/performance/film /m/0h03fhx 274 274 0 0 0 0
/m/02dth1 /film/actor/film./film/performance/film /m/091rc5 2 1 1 1 0 1
/m/04954 /film/actor/film./film/performance/film /m/0ddf2bm 1414 1411 0 0 0 0
/m/09byk /film/actor/film./film/performance/film /m/03s6l2 12249 12242 0 0 0 0
/m/03s2dj /film/actor/film./film/performance/film /m/017z49 2712 2708 0 0 0 0
/m/0738b8 /film/actor/film./film/performance/film /m/02mt51 4136 4135 0 0 0 0
/m/016yvw /film/actor/film./film/performance/film /m/055td_ 9830 9825 0 0 0 0
/m/023mdt /film/actor/film./film/performance/film /m/0bm2nq 11595 11592 0 0 0 0
/m/0gz5hs /film/actor/film./film/performance/film /m/07bxqz 13712 13705 0 0 0 0
/m/01nrq5 /film/actor/film./film/performance/film /m/02sfnv 11959 11952 0 0 0 0
/m/02mhfy /film/actor/film./film/performance/film /m/01n30p 9872 9871 0 0 0 0
/m/02wd48 /film/actor/film./film/performance/film /m/0gwgn1k 1765 1764 0 0 0 0
/m/0170pk /film/actor/film./film/performance/film /m/05nlx4 3 1 1 1 0 1
/m/023zsh /film/actor/film./film/performance/film /m/0crd8q6 7168 7165 0 0 0 0
/m/018dnt /film/actor/film./film/performance/film /m/035_2h 11932 11922 0 0 0 0
/m/08pth9 /film/actor/film./film/performance/film /m/04ynx7 12469 12463 0 0 0 0
/m/02xv8m /film/actor/film./film/performance/film /m/0bv8h2 338 337 0 0 0 0
/m/05xpms /film/actor/film./film/performance/film /m/0f61tk 2490 2489 0 0 0 0
/m/02t1dv /film/actor/film./film/performance/film /m/02z9hqn 1 1 1 1 1 1
/m/0gy6z9 /film/actor/film./film/performance/film /m/02qmsr 11865 11859 0 0 0 0
/m/01j5ws /film/actor/film./film/performance/film /m/087vnr5 9490 9485 0 0 0 0
/m/03fbb6 /film/actor/film./film/performance/film /m/0g3zrd 6865 6858 0 0 0 0
/m/03_2td /film/actor/film./film/performance/film /m/04mcw4 5842 5842 0 0 0 0
/m/02jt1k /film/actor/film./film/performance/film /m/0dll_t2 7586 7584 0 0 0 0
/m/01vsn38 /film/actor/film./film/performance/film /m/0830vk 6542 6538 0 0 0 0
/m/01vsn38 /film/actor/film./film/performance/film /m/0gjk1d 772 771 0 0 0 0
/m/01wmxfs /film/actor/film./film/performance/film /m/0fb7sd 7320 7313 0 0 0 0
/m/0glmv /film/actor/film./film/performance/film /m/06rhz7 13147 13145 0 0 0 0
/m/02k6rq /film/actor/film./film/performance/film /m/026hh0m 14410 14407 0 0 0 0
/m/03k7bd /film/actor/film./film/performance/film /m/0g22z 5067 5065 0 0 0 0
/m/0k525 /film/actor/film./film/performance/film /m/060__7 14274 14268 0 0 0 0
/m/0k525 /film/actor/film./film/performance/film /m/02gpkt 1942 1940 0 0 0 0
/m/01wgcvn /film/actor/film./film/performance/film /m/0bm2nq 9043 9040 0 0 0 0
/m/0sw6g /film/actor/film./film/performance/film /m/050f0s 11302 11292 0 0 0 0
/m/02d45s /film/actor/film./film/performance/film /m/0292qb 2723 2722 0 0 0 0
/m/02j490 /film/actor/film./film/performance/film /m/07sp4l 1830 1829 0 0 0 0
/m/06g2d1 /film/actor/film./film/performance/film /m/0dzlbx 4206 4201 0 0 0 0
/m/01w9wwg /film/actor/film./film/performance/film /m/056xkh 12345 12334 0 0 0 0
/m/01gn36 /film/actor/film./film/performance/film /m/01bn3l 3364 3361 0 0 0 0
/m/06lht1 /film/actor/film./film/performance/film /m/040_lv 11363 11353 0 0 0 0
/m/0392kz /film/actor/film./film/performance/film /m/0cks1m 1 1 1 1 1 1
/m/06cl2w /film/actor/film./film/performance/film /m/0j43swk 198 197 0 0 0 0
/m/033071 /film/actor/film./film/performance/film /m/0n08r 10988 10980 0 0 0 0
/m/028d4v /film/actor/film./film/performance/film /m/04g73n 11751 11740 0 0 0 0
/m/031v3p /film/actor/film./film/performance/film /m/0443v1 10922 10917 0 0 0 0
/m/0686zv /film/actor/film./film/performance/film /m/07f_t4 9902 9898 0 0 0 0
/m/05mc99 /film/actor/film./film/performance/film /m/01jnc_ 10809 10798 0 0 0 0
/m/033w9g /film/actor/film./film/performance/film /m/0443v1 10565 10560 0 0 0 0
/m/016vg8 /film/actor/film./film/performance/film /m/0kvgtf 11629 11617 0 0 0 0
/m/04wf_b /film/actor/film./film/performance/film /m/0cc97st 14436 14427 0 0 0 0
/m/04fhn_ /film/actor/film./film/performance/film /m/0c3zjn7 4460 4458 0 0 0 0
/m/02kxwk /film/actor/film./film/performance/film /m/02q5g1z 4696 4694 0 0 0 0
/m/01rnxn /film/actor/film./film/performance/film /m/03t79f 13836 13829 0 0 0 0
/m/015dqj /film/actor/film./film/performance/film /m/0m9p3 6297 6291 0 0 0 0
/m/03_x5t /film/actor/film./film/performance/film /m/0bq6ntw 12847 12842 0 0 0 0
/m/03h2d4 /film/actor/film./film/performance/film /m/09fqgj 5079 5074 0 0 0 0
/m/0k269 /film/actor/film./film/performance/film /m/0435vm 293 293 0 0 0 0
/m/0k269 /film/actor/film./film/performance/film /m/02s4l6 14338 14335 0 0 0 0
/m/01vvybv /film/actor/film./film/performance/film /m/06cgf 0 0 0 0
/m/0333wf /film/actor/film./film/performance/film /m/0g3zrd 2835 2833 0 0 0 0
/m/01h4rj /film/actor/film./film/performance/film /m/04t6fk 581 580 0 0 0 0
/m/0pgm3 /film/actor/film./film/performance/film /m/03wy8t 12314 12301 0 0 0 0
/m/06dv3 /film/actor/film./film/performance/film /m/02q0k7v 1923 1922 0 0 0 0
/m/057_yx /film/actor/film./film/performance/film /m/016z5x 4646 4644 0 0 0 0
/m/071ynp /film/actor/film./film/performance/film /m/05vxdh 9801 9799 0 0 0 0
/m/01zg98 /film/actor/film./film/performance/film /m/01flv_ 7751 7746 0 0 0 0
/m/06sn8m /film/actor/film./film/performance/film /m/063y9fp 5352 5348 0 0 0 0
/m/018fwv /film/actor/film./film/performance/film /m/0cmdwwg 4242 4239 0 0 0 0
/m/02qgqt /film/actor/film./film/performance/film /m/0c0nhgv 9025 9023 0 0 0 0
/m/04jb97 /film/actor/film./film/performance/film /m/0gl02yg 4509 4507 0 0 0 0
/m/01k8rb /film/actor/film./film/performance/film /m/0m491 13158 13152 0 0 0 0
/m/041c4 /film/actor/film./film/performance/film /m/0dc7hc 2330 2329 0 0 0 0
/m/048wrb /film/actor/film./film/performance/film /m/05zpghd 3 2 1 1 0 0
/m/0bz5v2 /film/actor/film./film/performance/film /m/02y_lrp 11618 11612 0 0 0 0
/m/0mj1l /film/actor/film./film/performance/film /m/0421ng 11750 11742 0 0 0 0
/m/0lpjn /film/actor/film./film/performance/film /m/0bmfnjs 1872 1872 0 0 0 0
/m/0bksh /film/actor/film./film/performance/film /m/047gpsd 11309 11303 0 0 0 0
/m/02m501 /film/actor/film./film/performance/film /m/05nyqk 5808 5807 0 0 0 0
/m/05wjnt /film/actor/film./film/performance/film /m/02ryz24 6236 6230 0 0 0 0
/m/04mg6l /film/actor/film./film/performance/film /m/01r97z 4782 4781 0 0 0 0
/m/016nff /film/actor/film./film/performance/film /m/031778 4 1 1 1 0 1
/m/01rnxn /film/actor/film./film/performance/film /m/01738w 7558 7547 0 0 0 0
/m/0k269 /film/actor/film./film/performance/film /m/027pfg 10280 10275 0 0 0 0
/m/015vql /film/actor/film./film/performance/film /m/0c8qq 7585 7585 0 0 0 0
/m/05xd_v /film/actor/film./film/performance/film /m/016kv6 2841 2841 0 0 0 0
/m/01g969 /film/actor/film./film/performance/film /m/084qpk 14144 14126 0 0 0 0
/m/07m9cm /film/actor/film./film/performance/film /m/0fphf3v 4213 4206 0 0 0 0
/m/06crng /film/actor/film./film/performance/film /m/02qsqmq 235 235 0 0 0 0
/m/01kb2j /film/actor/film./film/performance/film /m/0315rp 11900 11897 0 0 0 0
/m/05nzw6 /film/actor/film./film/performance/film /m/0j_tw 7465 7464 0 0 0 0
/m/02_hj4 /film/actor/film./film/performance/film /m/02tjl3 2235 2234 0 0 0 0
/m/03crmd /film/actor/film./film/performance/film /m/01ffx4 7872 7871 0 0 0 0
/m/0chsq /film/actor/film./film/performance/film /m/0prh7 4716 4712 0 0 0 0
/m/0205dx /film/actor/film./film/performance/film /m/0llcx 11691 11691 0 0 0 0
/m/02cpb7 /film/actor/film./film/performance/film /m/047vnkj 7946 7937 0 0 0 0
/m/07r1h /film/actor/film./film/performance/film /m/018js4 3981 3977 0 0 0 0
/m/06lht1 /film/actor/film./film/performance/film /m/01jzyf 4721 4719 0 0 0 0
/m/03y_46 /film/actor/film./film/performance/film /m/03hxsv 4 2 1 1 0 0
/m/0c6g1l /film/actor/film./film/performance/film /m/076zy_g 11622 11618 0 0 0 0
/m/014zcr /film/actor/film./film/performance/film /m/02jkkv 3 2 1 1 0 0
/m/0c1pj /film/actor/film./film/performance/film /m/01pv91 10278 10275 0 0 0 0
/m/03q91d /film/actor/film./film/performance/film /m/0prrm 6698 6688 0 0 0 0
/m/055c8 /film/actor/film./film/performance/film /m/0287477 10087 10085 0 0 0 0
/m/032_jg /film/actor/film./film/performance/film /m/01k0vq 4 2 1 1 0 0
/m/03mp9s /film/actor/film./film/performance/film /m/0djlxb 13327 13322 0 0 0 0
/m/02v0ff /film/actor/film./film/performance/film /m/03mh94 12238 12226 0 0 0 0
/m/0dq9wx /film/actor/film./film/performance/film /m/026hxwx 2676 2675 0 0 0 0
/m/01p4r3 /film/actor/film./film/performance/film /m/04x4nv 4889 4889 0 0 0 0
/m/0bksh /film/actor/film./film/performance/film /m/0f8j13 1226 1223 0 0 0 0
/m/015t7v /film/actor/film./film/performance/film /m/0gtsxr4 10698 10697 0 0 0 0
/m/0gy6z9 /film/actor/film./film/performance/film /m/0gj9tn5 6 4 1 1 0 0
/m/07y8l9 /film/actor/film./film/performance/film /m/02vyyl8 13324 13320 0 0 0 0
/m/01yfm8 /film/actor/film./film/performance/film /m/08gg47 2297 2297 0 0 0 0
/m/0f13b /film/actor/film./film/performance/film /m/0872p_c 12395 12383 0 0 0 0
/m/02t_st /film/actor/film./film/performance/film /m/0gbfn9 1667 1665 0 0 0 0
/m/013zs9 /film/actor/film./film/performance/film /m/050xxm 10921 10912 0 0 0 0
/m/01wmcbg /film/actor/film./film/performance/film /m/0jqp3 4442 4440 0 0 0 0
/m/018009 /film/actor/film./film/performance/film /m/01vw8k 12783 12775 0 0 0 0
/m/0fbx6 /film/actor/film./film/performance/film /m/0kvgnq 2937 2936 0 0 0 0
/m/0fby2t /film/actor/film./film/performance/film /m/05_5_22 1 1 1 1 1 1
/m/016k6x /film/actor/film./film/performance/film /m/0g9z_32 4455 4451 0 0 0 0
/m/02cbs0 /film/actor/film./film/performance/film /m/03qcfvw 6076 6072 0 0 0 0
/m/01w5jwb /film/actor/film./film/performance/film /m/0gj96ln 7193 7189 0 0 0 0
/m/0gthm /film/actor/film./film/performance/film /m/03p2xc 2485 2480 0 0 0 0
/m/01nfys /film/actor/film./film/performance/film /m/08k40m 13001 12992 0 0 0 0
/m/014zcr /film/actor/film./film/performance/film /m/025s1wg 13494 13487 0 0 0 0
/m/01k53x /film/actor/film./film/performance/film /m/01k1k4 5162 5158 0 0 0 0
/m/0c4f4 /film/actor/film./film/performance/film /m/0bby9p5 3392 3390 0 0 0 0
/m/01zp33 /film/actor/film./film/performance/film /m/030z4z 10275 10271 0 0 0 0
/m/05zbm4 /film/actor/film./film/performance/film /m/0gm2_0 10136 10133 0 0 0 0
/m/06_bq1 /film/actor/film./film/performance/film /m/02z3r8t 659 657 0 0 0 0
/m/03mg35 /film/actor/film./film/performance/film /m/01738w 3284 3282 0 0 0 0
/m/058s44 /film/actor/film./film/performance/film /m/057lbk 2 1 1 1 0 1
/m/018ygt /film/actor/film./film/performance/film /m/0yyn5 9361 9357 0 0 0 0
/m/053xw6 /film/actor/film./film/performance/film /m/031786 8 5 1 1 0 0
/m/040z9 /film/actor/film./film/performance/film /m/09sr0 4363 4359 0 0 0 0
/m/0336mc /film/actor/film./film/performance/film /m/0bmch_x 5614 5611 0 0 0 0
/m/0f0kz /film/actor/film./film/performance/film /m/017jd9 5 3 1 1 0 0
/m/036c_0 /film/actor/film./film/performance/film /m/04t6fk 11295 11288 0 0 0 0
/m/0lkr7 /film/actor/film./film/performance/film /m/016y_f 5033 5029 0 0 0 0
/m/01z7_f /film/actor/film./film/performance/film /m/03wbqc4 872 872 0 0 0 0
/m/01jfrg /film/actor/film./film/performance/film /m/0pc62 5 3 1 1 0 0
/m/016nff /film/actor/film./film/performance/film /m/03hxsv 4 2 1 1 0 0
/m/016gr2 /film/actor/film./film/performance/film /m/0dgst_d 1475 1471 0 0 0 0
/m/01k_r5b /film/actor/film./film/performance/film /m/01jnc_ 109 108 0 0 0 0
/m/02nwxc /film/actor/film./film/performance/film /m/0320fn 7270 7263 0 0 0 0
/m/04w391 /film/actor/film./film/performance/film /m/04hk0w 506 506 0 0 0 0
/m/024bbl /film/actor/film./film/performance/film /m/03m5y9p 13501 13490 0 0 0 0
/m/01kb2j /film/actor/film./film/performance/film /m/0djlxb 4401 4399 0 0 0 0
/m/03j9ml /film/actor/film./film/performance/film /m/050f0s 1722 1722 0 0 0 0
/m/0k525 /film/actor/film./film/performance/film /m/05q96q6 10690 10686 0 0 0 0
/m/01wy5m /film/actor/film./film/performance/film /m/0g3zrd 5504 5501 0 0 0 0
/m/06j8wx /film/actor/film./film/performance/film /m/0h2zvzr 3999 3997 0 0 0 0
/m/02p65p /film/actor/film./film/performance/film /m/0hgnl3t 14092 14088 0 0 0 0
/m/01vhb0 /film/actor/film./film/performance/film /m/087vnr5 13662 13655 0 0 0 0
/m/02ndbd /film/actor/film./film/performance/film /m/02ndy4 9501 9498 0 0 0 0
/m/01kj0p /film/actor/film./film/performance/film /m/05v38p 14312 14311 0 0 0 0
/m/01nwwl /film/actor/film./film/performance/film /m/034qmv 10475 10464 0 0 0 0
/m/01nwwl /film/actor/film./film/performance/film /m/04qw17 9611 9610 0 0 0 0
/m/01ckhj /film/actor/film./film/performance/film /m/0dscrwf 8194 8193 0 0 0 0
/m/01wwvt2 /film/actor/film./film/performance/film /m/0c9t0y 5575 5571 0 0 0 0
/m/01nms7 /film/actor/film./film/performance/film /m/07sc6nw 0 0 0 0
/m/0zcbl /film/actor/film./film/performance/film /m/05k4my 5877 5876 0 0 0 0
/m/055c8 /film/actor/film./film/performance/film /m/01q2nx 4415 4410 0 0 0 0
/m/01j5sv /film/actor/film./film/performance/film /m/0b85mm 0 0 0 0
/m/010p3 /film/actor/film./film/performance/film /m/0cc97st 11232 11227 0 0 0 0
/m/03kbb8 /film/actor/film./film/performance/film /m/0cmdwwg 8475 8472 0 0 0 0
/m/06151l /film/actor/film./film/performance/film /m/084qpk 1796 1792 0 0 0 0
/m/04wp3s /film/actor/film./film/performance/film /m/05qbckf 10633 10630 0 0 0 0
/m/044mz_ /film/actor/film./film/performance/film /m/0fr63l 3626 3626 0 0 0 0
/m/02t__l /film/actor/film./film/performance/film /m/01m13b 4737 4735 0 0 0 0
/m/0n839 /film/actor/film./film/performance/film /m/034qmv 6927 6921 0 0 0 0
/m/01kb2j /film/actor/film./film/performance/film /m/07bwr 14283 14273 0 0 0 0
/m/0456xp /film/actor/film./film/performance/film /m/0456zg 8879 8875 0 0 0 0
/m/042z_g /film/actor/film./film/performance/film /m/05sxr_ 14423 14418 0 0 0 0
/m/01cj6y /film/actor/film./film/performance/film /m/03wy8t 10483 10470 0 0 0 0
/m/06wm0z /film/actor/film./film/performance/film /m/047bynf 8782 8781 0 0 0 0
/m/0bl2g /film/actor/film./film/performance/film /m/04k9y6 13135 13127 0 0 0 0
/m/057_yx /film/actor/film./film/performance/film /m/076zy_g 11650 11647 0 0 0 0
/m/015qq1 /film/actor/film./film/performance/film /m/037xlx 1423 1422 0 0 0 0
/m/047jhq /film/actor/film./film/performance/film /m/0f42nz 9216 9196 0 0 0 0
/m/01gbn6 /film/actor/film./film/performance/film /m/0fzm0g 2325 2322 0 0 0 0
/m/01kgg9 /film/actor/film./film/performance/film /m/01xlqd 14386 14384 0 0 0 0
/m/02d6n_ /film/actor/film./film/performance/film /m/01xlqd 6111 6111 0 0 0 0
/m/05gml8 /film/actor/film./film/performance/film /m/06rmdr 1195 1193 0 0 0 0
/m/038nv6 /film/actor/film./film/performance/film /m/0ds2n 11291 11281 0 0 0 0
/m/01wxyx1 /film/actor/film./film/performance/film /m/011wtv 6682 6677 0 0 0 0
/m/02gvwz /film/actor/film./film/performance/film /m/0642xf3 4734 4734 0 0 0 0
/m/0bdt8 /film/actor/film./film/performance/film /m/0ktpx 3766 3765 0 0 0 0
/m/07fq1y /film/actor/film./film/performance/film /m/0340hj 5 3 1 1 0 0
/m/01tvz5j /film/actor/film./film/performance/film /m/06__m6 4445 4443 0 0 0 0
/m/03kxdw /film/actor/film./film/performance/film /m/016017 6603 6597 0 0 0 0
/m/07nx9j /film/actor/film./film/performance/film /m/046f3p 11224 11220 0 0 0 0
/m/0blq0z /film/actor/film./film/performance/film /m/05n6sq 11737 11733 0 0 0 0
/m/015gsv /film/actor/film./film/performance/film /m/0340hj 5 3 1 1 0 0
/m/01rrwf6 /film/actor/film./film/performance/film /m/03h3x5 3249 3244 0 0 0 0
/m/01p7yb /film/actor/film./film/performance/film /m/0320fn 4823 4814 0 0 0 0
/m/01wbg84 /film/actor/film./film/performance/film /m/04jm_hq 6270 6268 0 0 0 0
/m/03p9hl /film/actor/film./film/performance/film /m/03phtz 6715 6713 0 0 0 0
/m/0pkr1 /film/actor/film./film/performance/film /m/034qmv 9366 9356 0 0 0 0
/m/032xhg /film/actor/film./film/performance/film /m/03clwtw 7169 7165 0 0 0 0
/m/0h5g_ /film/actor/film./film/performance/film /m/0bw20 2273 2271 0 0 0 0
/m/020trj /film/actor/film./film/performance/film /m/013q0p 13795 13789 0 0 0 0
/m/0bsb4j /film/actor/film./film/performance/film /m/0hwpz 14112 14108 0 0 0 0
/m/0315q3 /film/actor/film./film/performance/film /m/0315w4 13567 13564 0 0 0 0
/m/02_p5w /film/actor/film./film/performance/film /m/0k2sk 5241 5237 0 0 0 0
/m/05fnl9 /film/actor/film./film/performance/film /m/0g4vmj8 12897 12894 0 0 0 0
/m/02jr26 /film/actor/film./film/performance/film /m/0gy2y8r 5714 5713 0 0 0 0
/m/0svqs /film/actor/film./film/performance/film /m/0mbql 4766 4764 0 0 0 0
/m/063g7l /film/actor/film./film/performance/film /m/053rxgm 12857 12851 0 0 0 0
/m/03_1pg /film/actor/film./film/performance/film /m/0h1x5f 12871 12868 0 0 0 0
/m/02661h /film/actor/film./film/performance/film /m/02q7fl9 6544 6537 0 0 0 0
/m/013w7j /film/actor/film./film/performance/film /m/0344gc 2926 2925 0 0 0 0
/m/03cz9_ /film/actor/film./film/performance/film /m/02z5x7l 1 1 1 1 1 1
/m/0154qm /film/actor/film./film/performance/film /m/02mpyh 7175 7173 0 0 0 0
/m/017r13 /film/actor/film./film/performance/film /m/0d61px 755 753 0 0 0 0
/m/04wp3s /film/actor/film./film/performance/film /m/03fts 1589 1589 0 0 0 0
/m/03gm48 /film/actor/film./film/performance/film /m/05pbl56 8797 8796 0 0 0 0
/m/01lqnff /film/actor/film./film/performance/film /m/06gb1w 5033 5025 0 0 0 0
/m/02p21g /film/actor/film./film/performance/film /m/0f4_l 2894 2889 0 0 0 0
/m/06mnbn /film/actor/film./film/performance/film /m/02qsqmq 9152 9151 0 0 0 0
/m/02p7_k /film/actor/film./film/performance/film /m/02ljhg 7345 7335 0 0 0 0
/m/028k57 /film/actor/film./film/performance/film /m/01xvjb 13528 13523 0 0 0 0
/m/046qq /film/actor/film./film/performance/film /m/032sl_ 7727 7721 0 0 0 0
/m/02lkcc /film/actor/film./film/performance/film /m/08952r 10535 10527 0 0 0 0
/m/02wgln /film/actor/film./film/performance/film /m/0symg 10734 10727 0 0 0 0
/m/018yj6 /film/actor/film./film/performance/film /m/02v8kmz 2549 2548 0 0 0 0
/m/02js_6 /film/actor/film./film/performance/film /m/016017 4517 4514 0 0 0 0
/m/0kszw /film/actor/film./film/performance/film /m/09gq0x5 4256 4256 0 0 0 0
/m/0bxtg /film/actor/film./film/performance/film /m/0f4_2k 1 1 1 1 1 1
/m/0372kf /film/actor/film./film/performance/film /m/0sxfd 8309 8305 0 0 0 0
/m/0f2df /film/actor/film./film/performance/film /m/0ckrnn 3288 3286 0 0 0 0
/m/021vwt /film/actor/film./film/performance/film /m/049xgc 2166 2165 0 0 0 0
/m/014g_s /film/actor/film./film/performance/film /m/087vnr5 7067 7061 0 0 0 0
/m/01vvb4m /film/actor/film./film/performance/film /m/0b2km_ 322 322 0 0 0 0
/m/01rcmg /film/actor/film./film/performance/film /m/033pf1 10282 10276 0 0 0 0
/m/05l0j5 /film/actor/film./film/performance/film /m/09p35z 4358 4358 0 0 0 0
/m/04zqmj /film/actor/film./film/performance/film /m/0bth54 8407 8406 0 0 0 0
/m/0g2lq /film/actor/film./film/performance/film /m/0hv8w 8726 8724 0 0 0 0
/m/02kxwk /film/actor/film./film/performance/film /m/04w7rn 11719 11713 0 0 0 0
/m/048hf /film/actor/film./film/performance/film /m/0191n 6612 6610 0 0 0 0
/m/01jfrg /film/actor/film./film/performance/film /m/05zpghd 4316 4313 0 0 0 0
/m/029m83 /film/actor/film./film/performance/film /m/02qcr 13963 13958 0 0 0 0
/m/0dqcm /film/actor/film./film/performance/film /m/0dnw1 4459 4459 0 0 0 0
/m/0p_pd /film/actor/film./film/performance/film /m/02x8fs 1 1 1 1 1 1
/m/0kftt /film/actor/film./film/performance/film /m/0d4htf 4494 4490 0 0 0 0
/m/029q_y /film/actor/film./film/performance/film /m/02p86pb 1969 1966 0 0 0 0
/m/04mhxx /film/actor/film./film/performance/film /m/05n6sq 8028 8026 0 0 0 0
/m/0147dk /film/actor/film./film/performance/film /m/01xbxn 3213 3213 0 0 0 0
/m/01r93l /film/actor/film./film/performance/film /m/04k9y6 13716 13707 0 0 0 0
/m/03kts /film/actor/film./film/performance/film /m/02qk3fk 9730 9728 0 0 0 0
/m/025t9b /film/actor/film./film/performance/film /m/0ds33 7940 7935 0 0 0 0
/m/0161h5 /film/actor/film./film/performance/film /m/0_7w6 6023 6022 0 0 0 0
/m/0kjrx /film/actor/film./film/performance/film /m/0gmd3k7 14509 14503 0 0 0 0
/m/01cwcr /film/actor/film./film/performance/film /m/01npcx 13007 13003 0 0 0 0
/m/01vsy7t /film/actor/film./film/performance/film /m/01kjr0 4408 4407 0 0 0 0
/m/03h_9lg /film/actor/film./film/performance/film /m/06wbm8q 7030 7028 0 0 0 0
/m/02_p5w /film/actor/film./film/performance/film /m/09v3jyg 929 929 0 0 0 0
/m/0c9c0 /film/actor/film./film/performance/film /m/01sbv9 3 2 1 1 0 0
/m/01nfys /film/actor/film./film/performance/film /m/07yvsn 14537 14525 0 0 0 0
/m/05zbm4 /film/actor/film./film/performance/film /m/03qcfvw 8197 8189 0 0 0 0
/m/025j1t /film/actor/film./film/performance/film /m/0bxsk 6029 6021 0 0 0 0
/m/01d_4t /film/actor/film./film/performance/film /m/03h3x5 4693 4689 0 0 0 0
/m/0fb1q /film/actor/film./film/performance/film /m/085bd1 2269 2266 0 0 0 0
/m/045931 /film/actor/film./film/performance/film /m/09p4w8 11148 11140 0 0 0 0
/m/032w8h /film/actor/film./film/performance/film /m/0bmssv 5 4 1 1 0 0
/m/02661h /film/actor/film./film/performance/film /m/0bscw 2871 2870 0 0 0 0
/m/0301yj /film/actor/film./film/performance/film /m/03p2xc 12470 12457 0 0 0 0
/m/0pgjm /film/actor/film./film/performance/film /m/07tw_b 8406 8403 0 0 0 0
/m/02t1dv /film/actor/film./film/performance/film /m/0ckrgs 1 1 1 1 1 1
/m/01swck /film/actor/film./film/performance/film /m/047csmy 4 4 1 1 0 0
/m/0163r3 /film/actor/film./film/performance/film /m/01hvjx 10819 10812 0 0 0 0
/m/0f13b /film/actor/film./film/performance/film /m/0gc_c_ 13502 13500 0 0 0 0
/m/08vr94 /film/actor/film./film/performance/film /m/0g7pm1 13494 13483 0 0 0 0
/m/02l4pj /film/actor/film./film/performance/film /m/035s95 9288 9276 0 0 0 0
/m/0c_gcr /film/actor/film./film/performance/film /m/019vhk 12006 12001 0 0 0 0
/m/05ml_s /film/actor/film./film/performance/film /m/05t54s 14250 14247 0 0 0 0
/m/015pxr /film/actor/film./film/performance/film /m/04gv3db 2 1 1 1 0 1
/m/02js6_ /film/actor/film./film/performance/film /m/01zfzb 7625 7623 0 0 0 0
/m/0c0k1 /film/actor/film./film/performance/film /m/0dnqr 3 3 1 1 0 0
/m/086nl7 /film/actor/film./film/performance/film /m/02825kb 630 629 0 0 0 0
/m/01mqc_ /film/actor/film./film/performance/film /m/04x4nv 13175 13170 0 0 0 0
/m/078g3l /film/actor/film./film/performance/film /m/016ky6 9247 9245 0 0 0 0
/m/0c6g1l /film/actor/film./film/performance/film /m/0b7l4x 6339 6335 0 0 0 0
/m/09l3p /film/actor/film./film/performance/film /m/062zjtt 9889 9885 0 0 0 0
/m/057176 /film/actor/film./film/performance/film /m/05p1qyh 10830 10825 0 0 0 0
/m/01nwwl /film/actor/film./film/performance/film /m/04qk12 3372 3370 0 0 0 0
/m/041c4 /film/actor/film./film/performance/film /m/0164qt 7 7 1 1 0 0
/m/04__f /film/actor/film./film/performance/film /m/0gl3hr 10787 10785 0 0 0 0
/m/03nkts /film/actor/film./film/performance/film /m/043h78 1366 1366 0 0 0 0
/m/071ywj /film/actor/film./film/performance/film /m/03m5y9p 8117 8112 0 0 0 0
/m/02qw2xb /film/actor/film./film/performance/film /m/0h1fktn 3535 3534 0 0 0 0
/m/0143wl /film/actor/film./film/performance/film /m/03h3x5 3473 3469 0 0 0 0
/m/04yyhw /film/actor/film./film/performance/film /m/035_2h 11584 11576 0 0 0 0
/m/0151w_ /film/actor/film./film/performance/film /m/02j69w 12421 12417 0 0 0 0
/m/050zr4 /film/actor/film./film/performance/film /m/03t79f 14277 14270 0 0 0 0
/m/01chc7 /film/actor/film./film/performance/film /m/076xkps 11266 11262 0 0 0 0
/m/0151ns /film/actor/film./film/performance/film /m/0crc2cp 2822 2822 0 0 0 0
/m/085q5 /film/actor/film./film/performance/film /m/07bxqz 10659 10652 0 0 0 0
/m/085q5 /film/actor/film./film/performance/film /m/0dyb1 5 3 1 1 0 0
/m/019l68 /film/actor/film./film/performance/film /m/072192 8615 8612 0 0 0 0
/m/05cj4r /film/actor/film./film/performance/film /m/02wyzmv 0 0 0 0
/m/0k269 /film/actor/film./film/performance/film /m/03mh94 13202 13189 0 0 0 0
/m/02p21g /film/actor/film./film/performance/film /m/02pg45 9670 9663 0 0 0 0
/m/01l1b90 /film/actor/film./film/performance/film /m/0872p_c 10737 10724 0 0 0 0
/m/01wbg84 /film/actor/film./film/performance/film /m/02hxhz 1443 1441 0 0 0 0
/m/01ycbq /film/actor/film./film/performance/film /m/076xkps 1342 1342 0 0 0 0
/m/02zfdp /film/actor/film./film/performance/film /m/04w7rn 9382 9375 0 0 0 0
/m/05dtwm /film/actor/film./film/performance/film /m/0b2km_ 10114 10110 0 0 0 0
/m/02x02kb /film/actor/film./film/performance/film /m/01p3ty 5440 5438 0 0 0 0
/m/01xllf /film/actor/film./film/performance/film /m/02rrfzf 4515 4515 0 0 0 0
/m/0k525 /film/actor/film./film/performance/film /m/03cp4cn 4976 4972 0 0 0 0
/m/05w1vf /film/actor/film./film/performance/film /m/03b1sb 11767 11761 0 0 0 0
/m/01gbbz /film/actor/film./film/performance/film /m/02_1sj 13899 13885 0 0 0 0
/m/01dw4q /film/actor/film./film/performance/film /m/02rrfzf 12689 12685 0 0 0 0
/m/04shbh /film/actor/film./film/performance/film /m/05ch98 6644 6641 0 0 0 0
/m/03vrv9 /film/actor/film./film/performance/film /m/02ntb8 12272 12266 0 0 0 0
/m/01gw4f /film/actor/film./film/performance/film /m/07g1sm 3 2 1 1 0 0
/m/0372kf /film/actor/film./film/performance/film /m/04kzqz 2895 2895 0 0 0 0
/m/05fnl9 /film/actor/film./film/performance/film /m/05c26ss 2719 2713 0 0 0 0
/m/033jj1 /film/actor/film./film/performance/film /m/03tbg6 493 492 0 0 0 0
/m/016khd /film/actor/film./film/performance/film /m/011xg5 5395 5392 0 0 0 0
/m/022g44 /film/actor/film./film/performance/film /m/019vhk 1625 1623 0 0 0 0
/m/07ncs0 /film/actor/film./film/performance/film /m/03nm_fh 4 1 1 1 0 1
/m/03hhd3 /film/actor/film./film/performance/film /m/03h3x5 8703 8694 0 0 0 0
/m/0dzf_ /film/actor/film./film/performance/film /m/0bmssv 14313 14307 0 0 0 0
/m/06ltr /film/actor/film./film/performance/film /m/0b9rdk 1463 1463 0 0 0 0
/m/063g7l /film/actor/film./film/performance/film /m/0gffmn8 9672 9667 0 0 0 0
/m/01f7dd /film/actor/film./film/performance/film /m/049xgc 6371 6368 0 0 0 0
/m/022qw7 /film/actor/film./film/performance/film /m/09p4w8 6024 6019 0 0 0 0
/m/06qgvf /film/actor/film./film/performance/film /m/03h_yy 11418 11409 0 0 0 0
/m/0f5xn /film/actor/film./film/performance/film /m/062zm5h 17 14 0 0 0 0
/m/01kkx2 /film/actor/film./film/performance/film /m/0cwy47 4985 4984 0 0 0 0
/m/02h0f3 /film/actor/film./film/performance/film /m/05ypj5 4387 4384 0 0 0 0
/m/0175wg /film/actor/film./film/performance/film /m/09zf_q 11949 11947 0 0 0 0
/m/02jsgf /film/actor/film./film/performance/film /m/03qnvdl 4 2 1 1 0 0
/m/0432cd /film/actor/film./film/performance/film /m/03x7hd 8246 8240 0 0 0 0
/m/034np8 /film/actor/film./film/performance/film /m/0640y35 1 1 1 1 1 1
/m/0klh7 /film/actor/film./film/performance/film /m/033srr 2 1 1 1 0 1
/m/01mqnr /film/actor/film./film/performance/film /m/02qzmz6 531 531 0 0 0 0
/m/03q43g /film/actor/film./film/performance/film /m/03x7hd 6040 6036 0 0 0 0
/m/01mqc_ /film/actor/film./film/performance/film /m/035s95 7012 7002 0 0 0 0
/m/08x5c_ /film/actor/film./film/performance/film /m/060__7 7587 7584 0 0 0 0
/m/02d6n_ /film/actor/film./film/performance/film /m/01f8hf 11381 11380 0 0 0 0
/m/03cglm /film/actor/film./film/performance/film /m/01kff7 230 228 0 0 0 0
/m/09r9dp /film/actor/film./film/performance/film /m/080lkt7 7155 7150 0 0 0 0
/m/07cjqy /film/actor/film./film/performance/film /m/047svrl 6874 6871 0 0 0 0
/m/03jj93 /film/actor/film./film/performance/film /m/0cc5qkt 7241 7240 0 0 0 0
/m/053xw6 /film/actor/film./film/performance/film /m/01gc7 1909 1907 0 0 0 0
/m/030vnj /film/actor/film./film/performance/film /m/01l_pn 6202 6195 0 0 0 0
/m/083chw /film/actor/film./film/performance/film /m/047csmy 12957 12951 0 0 0 0
/m/070yzk /film/actor/film./film/performance/film /m/06g77c 9646 9641 0 0 0 0
/m/03ywyk /film/actor/film./film/performance/film /m/02nt3d 4700 4697 0 0 0 0
/m/01f6zc /film/actor/film./film/performance/film /m/031hcx 2 1 1 1 0 1
/m/0gd9k /film/actor/film./film/performance/film /m/048vhl 17 14 0 0 0 0
/m/01kt17 /film/actor/film./film/performance/film /m/0cwy47 3520 3519 0 0 0 0
/m/03m6pk /film/actor/film./film/performance/film /m/03_gz8 12762 12758 0 0 0 0
/m/031sg0 /film/actor/film./film/performance/film /m/0kvf3b 9407 9407 0 0 0 0
/m/01ycbq /film/actor/film./film/performance/film /m/01jwxx 0 0 0 0
/m/03v1jf /film/actor/film./film/performance/film /m/0cd2vh9 13208 13199 0 0 0 0
/m/015vql /film/actor/film./film/performance/film /m/0286hyp 2745 2744 0 0 0 0
/m/0btpx /film/actor/film./film/performance/film /m/03nqnnk 1726 1722 0 0 0 0
/m/02r_d4 /film/actor/film./film/performance/film /m/05zpghd 2012 2008 0 0 0 0
/m/0fsm8c /film/actor/film./film/performance/film /m/08052t3 318 318 0 0 0 0
/m/06mmb /film/actor/film./film/performance/film /m/020bv3 6099 6096 0 0 0 0
/m/01jgpsh /film/actor/film./film/performance/film /m/050xxm 11976 11966 0 0 0 0
/m/0pgm3 /film/actor/film./film/performance/film /m/011x_4 10340 10337 0 0 0 0
/m/03_wtr /film/actor/film./film/performance/film /m/0j43swk 6500 6495 0 0 0 0
/m/0c01c /film/actor/film./film/performance/film /m/01k0vq 3 2 1 1 0 0
/m/02gf_l /film/actor/film./film/performance/film /m/0k54q 6661 6659 0 0 0 0
/m/01vtj38 /film/actor/film./film/performance/film /m/07kb7vh 10449 10445 0 0 0 0
/m/01gq0b /film/actor/film./film/performance/film /m/01gwk3 9097 9097 0 0 0 0
/m/026l37 /film/actor/film./film/performance/film /m/06_wqk4 1191 1185 0 0 0 0
/m/02z1yj /film/actor/film./film/performance/film /m/09xbpt 8644 8641 0 0 0 0
/m/02qgqt /film/actor/film./film/performance/film /m/027r9t 8379 8375 0 0 0 0
/m/0ccqd7 /film/actor/film./film/performance/film /m/0gfzfj 1002 1001 0 0 0 0
/m/03pmzt /film/actor/film./film/performance/film /m/03cmsqb 9758 9755 0 0 0 0
/m/020x5r /film/actor/film./film/performance/film /m/0g_zyp 10697 10690 0 0 0 0
/m/0525b /film/actor/film./film/performance/film /m/01pv91 6564 6561 0 0 0 0
/m/08swgx /film/actor/film./film/performance/film /m/02wgk1 9866 9858 0 0 0 0
/m/01ft2l /film/actor/film./film/performance/film /m/0c57yj 14247 14238 0 0 0 0
/m/012q4n /film/actor/film./film/performance/film /m/0315rp 9599 9595 0 0 0 0
/m/0428bc /film/actor/film./film/performance/film /m/03sxd2 735 733 0 0 0 0
/m/016_mj /film/actor/film./film/performance/film /m/05c26ss 8459 8453 0 0 0 0
/m/044lyq /film/actor/film./film/performance/film /m/02tgz4 9313 9310 0 0 0 0
/m/049m19 /film/actor/film./film/performance/film /m/047q2k1 4237 4236 0 0 0 0
/m/0c35b1 /film/actor/film./film/performance/film /m/0963mq 4306 4301 0 0 0 0
/m/01k5zk /film/actor/film./film/performance/film /m/0jqn5 4872 4871 0 0 0 0
/m/0378zn /film/actor/film./film/performance/film /m/0fy34l 11285 11282 0 0 0 0
/m/01fwpt /film/actor/film./film/performance/film /m/025rxjq 3 2 1 1 0 0
/m/073749 /film/actor/film./film/performance/film /m/026hxwx 5833 5831 0 0 0 0
/m/07fpm3 /film/actor/film./film/performance/film /m/0d6_s 1094 1093 0 0 0 0
/m/01jfrg /film/actor/film./film/performance/film /m/0fb7sd 7941 7934 0 0 0 0
/m/01twdk /film/actor/film./film/performance/film /m/07kb7vh 12486 12479 0 0 0 0
/m/02lj6p /film/actor/film./film/performance/film /m/03nx8mj 11072 11067 0 0 0 0
/m/03fbb6 /film/actor/film./film/performance/film /m/02wwmhc 2552 2551 0 0 0 0
/m/01fkv0 /film/actor/film./film/performance/film /m/026wlxw 12033 12023 0 0 0 0
/m/031k24 /film/actor/film./film/performance/film /m/09gdm7q 2269 2268 0 0 0 0
/m/0227tr /film/actor/film./film/performance/film /m/03h3x5 8035 8028 0 0 0 0
/m/01bcq /film/actor/film./film/performance/film /m/03tps5 3 2 1 1 0 0
/m/0161h5 /film/actor/film./film/performance/film /m/029jt9 9528 9528 0 0 0 0
/m/06z8gn /film/actor/film./film/performance/film /m/023vcd 4199 4197 0 0 0 0
/m/02mxw0 /film/actor/film./film/performance/film /m/051ys82 14213 14207 0 0 0 0
/m/01l_yg /film/actor/film./film/performance/film /m/0k2sk 3196 3193 0 0 0 0
/m/05dbyt /film/actor/film./film/performance/film /m/05_5rjx 13328 13323 0 0 0 0
/m/03pp73 /film/actor/film./film/performance/film /m/02q0v8n 7102 7101 0 0 0 0
/m/0725ny /film/actor/film./film/performance/film /m/018nnz 6889 6887 0 0 0 0
/m/02t__3 /film/actor/film./film/performance/film /m/046f3p 6148 6145 0 0 0 0
/m/0315q3 /film/actor/film./film/performance/film /m/0c9t0y 10885 10876 0 0 0 0
/m/0241jw /film/actor/film./film/performance/film /m/0gs973 9418 9413 0 0 0 0
/m/01hcj2 /film/actor/film./film/performance/film /m/09lxv9 6609 6604 0 0 0 0
/m/0f7hc /film/actor/film./film/performance/film /m/0b1y_2 6138 6137 0 0 0 0
/m/02d6n_ /film/actor/film./film/performance/film /m/07gp9 2 1 1 1 0 1
/m/0372kf /film/actor/film./film/performance/film /m/01f69m 9814 9810 0 0 0 0
/m/01cpqk /film/actor/film./film/performance/film /m/07bxqz 4 3 1 1 0 0
/m/0168dy /film/actor/film./film/performance/film /m/04tqtl 6780 6773 0 0 0 0
/m/03n08b /film/actor/film./film/performance/film /m/0prrm 3566 3559 0 0 0 0
/m/0fgg4 /film/actor/film./film/performance/film /m/0c38gj 5985 5984 0 0 0 0
/m/01yzhn /film/actor/film./film/performance/film /m/0y_yw 9430 9427 0 0 0 0
/m/04fzk /film/actor/film./film/performance/film /m/0cp0t91 8054 8051 0 0 0 0
/m/0170pk /film/actor/film./film/performance/film /m/05pt0l 13585 13584 0 0 0 0
/m/01vh3r /film/actor/film./film/performance/film /m/03nfnx 3377 3371 0 0 0 0
/m/0fs9jn /film/actor/film./film/performance/film /m/076tw54 5988 5986 0 0 0 0
/m/03x22w /film/actor/film./film/performance/film /m/0g3zrd 14475 14464 0 0 0 0
/m/02_pft /film/actor/film./film/performance/film /m/0jvt9 11345 11334 0 0 0 0
/m/04v7kt /film/actor/film./film/performance/film /m/062zjtt 5080 5077 0 0 0 0
/m/0pmhf /film/actor/film./film/performance/film /m/076zy_g 7022 7021 0 0 0 0
/m/016dgz /film/actor/film./film/performance/film /m/0c_j9x 11978 11972 0 0 0 0
/m/01gkmx /film/actor/film./film/performance/film /m/0421ng 2428 2425 0 0 0 0
/m/013cr /film/actor/film./film/performance/film /m/04sh80 1691 1689 0 0 0 0
/m/05myd2 /film/actor/film./film/performance/film /m/0fphgb 7485 7479 0 0 0 0
/m/09y20 /film/actor/film./film/performance/film /m/03hxsv 4 2 1 1 0 0
/m/06z8gn /film/actor/film./film/performance/film /m/078sj4 1474 1472 0 0 0 0
/m/01pcql /film/actor/film./film/performance/film /m/062zm5h 128 125 0 0 0 0
/m/037gjc /film/actor/film./film/performance/film /m/0f8j13 6812 6806 0 0 0 0
/m/01mqh5 /film/actor/film./film/performance/film /m/0dcz8_ 2 1 1 1 0 1
/m/01phtd /film/actor/film./film/performance/film /m/03sxd2 8153 8148 0 0 0 0
/m/01kym3 /film/actor/film./film/performance/film /m/02z9hqn 1 1 1 1 1 1
/m/08wjf4 /film/actor/film./film/performance/film /m/0dzz6g 12654 12651 0 0 0 0
/m/01l9p /film/actor/film./film/performance/film /m/0992d9 0 0 0 0
/m/016zp5 /film/actor/film./film/performance/film /m/04ltlj 3085 3083 0 0 0 0
/m/0301bq /film/actor/film./film/performance/film /m/05fcbk7 795 793 0 0 0 0
/m/059xnf /film/actor/film./film/performance/film /m/02wgbb 8785 8780 0 0 0 0
/m/03w4sh /film/actor/film./film/performance/film /m/047qxs 12755 12751 0 0 0 0
/m/01f7dd /film/actor/film./film/performance/film /m/0170yd 1883 1880 0 0 0 0
/m/07yp0f /film/actor/film./film/performance/film /m/0992d9 0 0 0 0
/m/06b4wb /film/actor/film./film/performance/film /m/0jnwx 194 194 0 0 0 0
/m/02vr7 /film/actor/film./film/performance/film /m/03hfmm 13252 13243 0 0 0 0
/m/01pkhw /film/actor/film./film/performance/film /m/01_0f7 12651 12646 0 0 0 0
/m/01_xtx /film/actor/film./film/performance/film /m/06_wqk4 12638 12622 0 0 0 0
/m/03qd_ /film/actor/film./film/performance/film /m/01hv3t 8085 8080 0 0 0 0
/m/01wjrn /film/actor/film./film/performance/film /m/063y9fp 1534 1533 0 0 0 0
/m/0kftt /film/actor/film./film/performance/film /m/02qydsh 2 1 1 1 0 1
/m/01fkv0 /film/actor/film./film/performance/film /m/01_mdl 3 2 1 1 0 0
/m/0dgskx /film/actor/film./film/performance/film /m/016z7s 1583 1583 0 0 0 0
/m/01jb26 /film/actor/film./film/performance/film /m/0prrm 9044 9035 0 0 0 0
/m/01gw8b /film/actor/film./film/performance/film /m/0ds35l9 12 9 0 1 0 0
/m/030hbp /film/actor/film./film/performance/film /m/03lvwp 13946 13937 0 0 0 0
/m/01wy5m /film/actor/film./film/performance/film /m/03bxp5 10620 10616 0 0 0 0
/m/04bd8y /film/actor/film./film/performance/film /m/0315rp 12516 12511 0 0 0 0
/m/018db8 /film/actor/film./film/performance/film /m/046488 8780 8779 0 0 0 0
/m/0h7pj /film/actor/film./film/performance/film /m/0gffmn8 9 7 1 1 0 0
/m/014g22 /film/actor/film./film/performance/film /m/0421v9q 4487 4487 0 0 0 0
/m/0gpprt /film/actor/film./film/performance/film /m/033fqh 12533 12528 0 0 0 0
/m/015pkc /film/actor/film./film/performance/film /m/0f8j13 6025 6020 0 0 0 0
/m/05kwx2 /film/actor/film./film/performance/film /m/031hcx 6 2 1 1 0 0
/m/02t_vx /film/actor/film./film/performance/film /m/0170_p 9969 9964 0 0 0 0
/m/06ltr /film/actor/film./film/performance/film /m/02q8ms8 4458 4456 0 0 0 0
/m/01nr63 /film/actor/film./film/performance/film /m/05fm6m 6840 6834 0 0 0 0
/m/0jbp0 /film/actor/film./film/performance/film /m/014lc_ 2 1 1 1 0 1
/m/049g_xj /film/actor/film./film/performance/film /m/047p798 13997 13993 0 0 0 0
/m/03_wpf /film/actor/film./film/performance/film /m/03mgx6z 1 1 1 1 1 1
/m/0m6x4 /film/actor/film./film/performance/film /m/0gnkb 12830 12829 0 0 0 0
/m/0d_84 /film/actor/film./film/performance/film /m/02y_lrp 4619 4615 0 0 0 0
/m/03hh89 /film/actor/film./film/performance/film /m/07yvsn 7148 7143 0 0 0 0
/m/083chw /film/actor/film./film/performance/film /m/027r9t 7700 7695 0 0 0 0
/m/02tv80 /film/actor/film./film/performance/film /m/0jdgr 6599 6596 0 0 0 0
/m/07f0tw /film/actor/film./film/performance/film /m/07vfy4 5983 5983 0 0 0 0
/m/01v42g /film/actor/film./film/performance/film /m/01ffx4 2810 2808 0 0 0 0
/m/03jldb /film/actor/film./film/performance/film /m/0gtsxr4 5462 5461 0 0 0 0
/m/02nwxc /film/actor/film./film/performance/film /m/03vyw8 3003 2999 0 0 0 0
/m/014x77 /film/actor/film./film/performance/film /m/02q8ms8 14492 14487 0 0 0 0
/m/02bj6k /film/actor/film./film/performance/film /m/0416y94 11121 11120 0 0 0 0
/m/074tb5 /film/actor/film./film/performance/film /m/02704ff 1911 1909 0 0 0 0
/m/033hqf /film/actor/film./film/performance/film /m/0k4f3 5086 5085 0 0 0 0
/m/0ck91 /film/actor/film./film/performance/film /m/04yc76 10089 10084 0 0 0 0
/m/08jtv5 /film/actor/film./film/performance/film /m/02xbyr 3926 3925 0 0 0 0
/m/03vrv9 /film/actor/film./film/performance/film /m/029k4p 14249 14242 0 0 0 0
/m/02184q /film/actor/film./film/performance/film /m/018js4 14069 14064 0 0 0 0
/m/015vq_ /film/actor/film./film/performance/film /m/02vqhv0 2733 2733 0 0 0 0
/m/0h0yt /film/actor/film./film/performance/film /m/04jpg2p 8889 8883 0 0 0 0
/m/015grj /film/actor/film./film/performance/film /m/0bscw 4883 4878 0 0 0 0
/m/02qgyv /film/actor/film./film/performance/film /m/0cc97st 9513 9507 0 0 0 0
/m/01qr1_ /film/actor/film./film/performance/film /m/0456zg 10430 10426 0 0 0 0
/m/04fzk /film/actor/film./film/performance/film /m/03wy8t 8360 8351 0 0 0 0
/m/0lpjn /film/actor/film./film/performance/film /m/072zl1 8392 8387 0 0 0 0
/m/02m501 /film/actor/film./film/performance/film /m/05qbckf 4687 4685 0 0 0 0
/m/015rkw /film/actor/film./film/performance/film /m/03hxsv 10 8 1 1 0 0
/m/06qgvf /film/actor/film./film/performance/film /m/04tqtl 4323 4317 0 0 0 0
/m/03cxsvl /film/actor/film./film/performance/film /m/0h1fktn 7858 7856 0 0 0 0
/m/01pk3z /film/actor/film./film/performance/film /m/0h1cdwq 1 1 1 1 1 1
/m/0175wg /film/actor/film./film/performance/film /m/0gtv7pk 11770 11768 0 0 0 0
/m/06w2sn5 /film/actor/film./film/performance/film /m/0661m4p 7478 7473 0 0 0 0
/m/01pj5q /film/actor/film./film/performance/film /m/028_yv 6846 6841 0 0 0 0
/m/06z8gn /film/actor/film./film/performance/film /m/01svry 7614 7608 0 0 0 0
/m/032xhg /film/actor/film./film/performance/film /m/0g0x9c 2284 2282 0 0 0 0
/m/042gr4 /film/actor/film./film/performance/film /m/08fbnx 1 1 1 1 1 1
/m/016z2j /film/actor/film./film/performance/film /m/0320fn 8537 8529 0 0 0 0
/m/02p65p /film/actor/film./film/performance/film /m/0ptdz 5951 5950 0 0 0 0
/m/01gbn6 /film/actor/film./film/performance/film /m/07phbc 11987 11985 0 0 0 0
/m/0241jw /film/actor/film./film/performance/film /m/02dr9j 11763 11760 0 0 0 0
/m/01dw9z /film/actor/film./film/performance/film /m/034qbx 6059 6056 0 0 0 0
/m/039g82 /film/actor/film./film/performance/film /m/0kbwb 4809 4807 0 0 0 0
/m/023kzp /film/actor/film./film/performance/film /m/0c9t0y 10147 10140 0 0 0 0
/m/02mhfy /film/actor/film./film/performance/film /m/0291ck 10654 10650 0 0 0 0
/m/016vg8 /film/actor/film./film/performance/film /m/0bwhdbl 278 278 0 0 0 0
/m/0gnbw /film/actor/film./film/performance/film /m/0bpm4yw 3 2 1 1 0 0
/m/018p4y /film/actor/film./film/performance/film /m/014kq6 8 6 1 1 0 0
/m/015wfg /film/actor/film./film/performance/film /m/01b195 3114 3112 0 0 0 0
/m/015wfg /film/actor/film./film/performance/film /m/0jyb4 12192 12191 0 0 0 0
/m/09zmys /film/actor/film./film/performance/film /m/01gvts 4518 4518 0 0 0 0
/m/0139q5 /film/actor/film./film/performance/film /m/027m67 1 1 1 1 1 1
/m/04gc65 /film/actor/film./film/performance/film /m/07sc6nw 0 0 0 0
/m/0h7dd /film/actor/film./film/performance/film /m/0gnjh 6 6 1 1 0 0
/m/048lv /film/actor/film./film/performance/film /m/0yyn5 11013 11008 0 0 0 0
/m/01cwcr /film/actor/film./film/performance/film /m/02rrfzf 4 4 1 1 0 0
/m/0131kb /film/actor/film./film/performance/film /m/01wb95 5522 5514 0 0 0 0
/m/01ps2h8 /film/actor/film./film/performance/film /m/0cp0t91 8744 8743 0 0 0 0
/m/0jrny /film/actor/film./film/performance/film /m/05cvgl 14427 14423 0 0 0 0
/m/045gzq /film/actor/film./film/performance/film /m/0sxmx 10285 10280 0 0 0 0
/m/0c0k1 /film/actor/film./film/performance/film /m/02tktw 10071 10068 0 0 0 0
/m/0ly5n /film/actor/film./film/performance/film /m/0htww 12966 12963 0 0 0 0
/m/043hg /film/actor/film./film/performance/film /m/01rwyq 13508 13497 0 0 0 0
/m/0fpj4lx /film/actor/film./film/performance/film /m/0dzlbx 2748 2743 0 0 0 0
/m/02mjf2 /film/actor/film./film/performance/film /m/0260bz 9909 9905 0 0 0 0
/m/069nzr /film/actor/film./film/performance/film /m/0fb7sd 8464 8455 0 0 0 0
/m/0svqs /film/actor/film./film/performance/film /m/02v8kmz 8464 8455 0 0 0 0
/m/01w0yrc /film/actor/film./film/performance/film /m/0241y7 8222 8221 0 0 0 0
/m/0zcbl /film/actor/film./film/performance/film /m/06lpmt 12204 12194 0 0 0 0
/m/028d4v /film/actor/film./film/performance/film /m/01fmys 8503 8500 0 0 0 0
/m/028d4v /film/actor/film./film/performance/film /m/028kj0 7682 7680 0 0 0 0
/m/07r_dg /film/actor/film./film/performance/film /m/06w99h3 8429 8423 0 0 0 0
/m/01p8r8 /film/actor/film./film/performance/film /m/013q0p 4160 4157 0 0 0 0
/m/018ygt /film/actor/film./film/performance/film /m/01qxc7 1632 1632 0 0 0 0
/m/0blbxk /film/actor/film./film/performance/film /m/0g7pm1 7742 7736 0 0 0 0
/m/023zsh /film/actor/film./film/performance/film /m/03m5y9p 6004 5998 0 0 0 0
/m/02dbn2 /film/actor/film./film/performance/film /m/02pxst 5888 5886 0 0 0 0
/m/01n1gc /film/actor/film./film/performance/film /m/05567m 6067 6065 0 0 0 0
/m/0378zn /film/actor/film./film/performance/film /m/02825nf 5427 5424 0 0 0 0
/m/01pcrw /film/actor/film./film/performance/film /m/01mszz 7149 7142 0 0 0 0
/m/0292l3 /film/actor/film./film/performance/film /m/0dx8gj 8190 8189 0 0 0 0
/m/01v42g /film/actor/film./film/performance/film /m/0bz6sq 1234 1232 0 0 0 0
/m/01pnn3 /film/actor/film./film/performance/film /m/02_1sj 9525 9514 0 0 0 0
/m/016srn /film/actor/film./film/performance/film /m/01b195 10131 10128 0 0 0 0
/m/031y07 /film/actor/film./film/performance/film /m/0gzy02 11497 11491 0 0 0 0
/m/015t56 /film/actor/film./film/performance/film /m/01q2nx 9476 9466 0 0 0 0
/m/076689 /film/actor/film./film/performance/film /m/083skw 13604 13603 0 0 0 0
/m/030hbp /film/actor/film./film/performance/film /m/08sk8l 8458 8456 0 0 0 0
/m/01_rh4 /film/actor/film./film/performance/film /m/015bpl 12576 12571 0 0 0 0
/m/0sw6g /film/actor/film./film/performance/film /m/01pvxl 9939 9933 0 0 0 0
/m/0171cm /film/actor/film./film/performance/film /m/02mt51 2634 2633 0 0 0 0
/m/02lf1j /film/actor/film./film/performance/film /m/0dgrwqr 9719 9717 0 0 0 0
/m/04__f /film/actor/film./film/performance/film /m/01_mdl 13 11 0 0 0 0
/m/0408np /film/actor/film./film/performance/film /m/011ysn 1999 1996 0 0 0 0
/m/02661h /film/actor/film./film/performance/film /m/016dj8 4 4 1 1 0 0
/m/018ygt /film/actor/film./film/performance/film /m/0gj8t_b 10475 10468 0 0 0 0
/m/01wk7ql /film/actor/film./film/performance/film /m/05c9zr 7833 7828 0 0 0 0
/m/032zg9 /film/actor/film./film/performance/film /m/01qb559 12051 12045 0 0 0 0
/m/0dt645q /film/actor/film./film/performance/film /m/0bh72t 12265 12264 0 0 0 0
/m/06pcz0 /film/actor/film./film/performance/film /m/0cp0ph6 286 286 0 0 0 0
/m/0jfx1 /film/actor/film./film/performance/film /m/0n_hp 3389 3387 0 0 0 0
/m/018009 /film/actor/film./film/performance/film /m/01jrbb 869 868 0 0 0 0
/m/0147dk /film/actor/film./film/performance/film /m/057__d 1169 1168 0 0 0 0
/m/02r_d4 /film/actor/film./film/performance/film /m/098s2w 8071 8067 0 0 0 0
/m/0fsm8c /film/actor/film./film/performance/film /m/0by1wkq 14477 14473 0 0 0 0
/m/02mxw0 /film/actor/film./film/performance/film /m/09q23x 10612 10610 0 0 0 0
/m/02lnhv /film/actor/film./film/performance/film /m/0fdv3 10843 10837 0 0 0 0
/m/03m3nzf /film/actor/film./film/performance/film /m/0fqt1ns 3613 3610 0 0 0 0
/m/01fh9 /film/actor/film./film/performance/film /m/05fgt1 7965 7962 0 0 0 0
/m/0315q3 /film/actor/film./film/performance/film /m/056xkh 3480 3478 0 0 0 0
/m/01l9p /film/actor/film./film/performance/film /m/03m8y5 1824 1823 0 0 0 0
/m/05bnp0 /film/actor/film./film/performance/film /m/0bvn25 12006 11994 0 0 0 0
/m/02jm0n /film/actor/film./film/performance/film /m/07tw_b 8358 8353 0 0 0 0
/m/026v437 /film/actor/film./film/performance/film /m/083shs 4508 4508 0 0 0 0
/m/01c65z /film/actor/film./film/performance/film /m/0gmcwlb 7944 7943 0 0 0 0
/m/0zcbl /film/actor/film./film/performance/film /m/04t9c0 1666 1662 0 0 0 0
/m/055c8 /film/actor/film./film/performance/film /m/01jft4 1 1 1 1 1 1
/m/033m23 /film/actor/film./film/performance/film /m/02_qt 14509 14502 0 0 0 0
/m/0169dl /film/actor/film./film/performance/film /m/078sj4 7586 7579 0 0 0 0
/m/01hkhq /film/actor/film./film/performance/film /m/05fcbk7 4295 4289 0 0 0 0
/m/012g92 /film/actor/film./film/performance/film /m/0n08r 11602 11592 0 0 0 0
/m/073749 /film/actor/film./film/performance/film /m/0888c3 7 3 1 1 0 0
/m/01f6zc /film/actor/film./film/performance/film /m/02fqrf 13660 13655 0 0 0 0
/m/02s2ft /film/actor/film./film/performance/film /m/0gltv 12638 12632 0 0 0 0
/m/06x58 /film/actor/film./film/performance/film /m/0640m69 13842 13837 0 0 0 0
/m/073w14 /film/actor/film./film/performance/film /m/09gmmt6 6532 6531 0 0 0 0
/m/03rl84 /film/actor/film./film/performance/film /m/047msdk 6256 6256 0 0 0 0
/m/01kgxf /film/actor/film./film/performance/film /m/047qxs 900 900 0 0 0 0
/m/04x1_w /film/actor/film./film/performance/film /m/0cc5mcj 11939 11933 0 0 0 0
/m/0jvtp /film/actor/film./film/performance/film /m/0jqd3 8136 8135 0 0 0 0
/m/03n52j /film/actor/film./film/performance/film /m/0b6m5fy 5659 5655 0 0 0 0
/m/057_yx /film/actor/film./film/performance/film /m/04fzfj 1379 1379 0 0 0 0
/m/016z2j /film/actor/film./film/performance/film /m/07w8fz 19 15 0 0 0 0
/m/01kwh5j /film/actor/film./film/performance/film /m/05pyrb 0 0 0 0
/m/018db8 /film/actor/film./film/performance/film /m/0jjy0 14240 14237 0 0 0 0
/m/0p9gg /film/actor/film./film/performance/film /m/01lbcqx 2010 2008 0 0 0 0
/m/01cpqk /film/actor/film./film/performance/film /m/04smdd 4 3 1 1 0 0
/m/01fx2g /film/actor/film./film/performance/film /m/0f8j13 128 127 0 0 0 0
/m/0p8r1 /film/actor/film./film/performance/film /m/0f3m1 485 485 0 0 0 0
/m/02cllz /film/actor/film./film/performance/film /m/02qhlwd 2112 2111 0 0 0 0
/m/0c1pj /film/actor/film./film/performance/film /m/04jn6y7 3 3 1 1 0 0
/m/019pm_ /film/actor/film./film/performance/film /m/06lpmt 12542 12528 0 0 0 0
/m/0b1q7c /film/actor/film./film/performance/film /m/0ddcbd5 3413 3412 0 0 0 0
/m/0zcbl /film/actor/film./film/performance/film /m/07nt8p 1025 1025 0 0 0 0
/m/013pk3 /film/actor/film./film/performance/film /m/0bz6sq 11012 11003 0 0 0 0
/m/018swb /film/actor/film./film/performance/film /m/050r1z 11328 11325 0 0 0 0
/m/02k4gv /film/actor/film./film/performance/film /m/02rrh1w 556 556 0 0 0 0
/m/01wgx4 /film/actor/film./film/performance/film /m/01wb95 5942 5936 0 0 0 0
/m/0169dl /film/actor/film./film/performance/film /m/03s6l2 7624 7619 0 0 0 0
/m/01d0fp /film/actor/film./film/performance/film /m/035s95 4748 4742 0 0 0 0
/m/044zvm /film/actor/film./film/performance/film /m/03nx8mj 1315 1313 0 0 0 0
/m/0lbj1 /film/actor/film./film/performance/film /m/01dvbd 780 780 0 0 0 0
/m/015p37 /film/actor/film./film/performance/film /m/03lrht 5 1 1 1 0 1
/m/04vq3h /film/actor/film./film/performance/film /m/01r97z 1107 1107 0 0 0 0
/m/07vc_9 /film/actor/film./film/performance/film /m/08hmch 12535 12533 0 0 0 0
/m/01pg1d /film/actor/film./film/performance/film /m/016y_f 9534 9528 0 0 0 0
/m/01hbq0 /film/actor/film./film/performance/film /m/042g97 4583 4582 0 0 0 0
/m/01wy5m /film/actor/film./film/performance/film /m/0fzm0g 10189 10181 0 0 0 0
/m/04bdxl /film/actor/film./film/performance/film /m/09txzv 212 212 0 0 0 0
/m/03hhd3 /film/actor/film./film/performance/film /m/0dc_ms 2 1 1 1 0 1
/m/049fgvm /film/actor/film./film/performance/film /m/05zpghd 10613 10606 0 0 0 0
/m/02tr7d /film/actor/film./film/performance/film /m/0gy7bj4 11896 11894 0 0 0 0
/m/01r9md /film/actor/film./film/performance/film /m/02qdrjx 8673 8666 0 0 0 0
/m/011zd3 /film/actor/film./film/performance/film /m/09146g 3 1 1 1 0 1
/m/0356dp /film/actor/film./film/performance/film /m/031778 12476 12470 0 0 0 0
/m/01kwsg /film/actor/film./film/performance/film /m/0661m4p 3 3 1 1 0 0
/m/02_p8v /film/actor/film./film/performance/film /m/01hp5 11616 11610 0 0 0 0
/m/013knm /film/actor/film./film/performance/film /m/0322yj 2906 2905 0 0 0 0
/m/015rkw /film/actor/film./film/performance/film /m/031hcx 4 1 1 1 0 1
/m/01nm3s /film/actor/film./film/performance/film /m/01jnc_ 14406 14395 0 0 0 0
/m/04mlmx /film/actor/film./film/performance/film /m/042fgh 3 1 1 1 0 1
/m/0170s4 /film/actor/film./film/performance/film /m/0c3xw46 252 249 0 0 0 0
/m/03fbb6 /film/actor/film./film/performance/film /m/0pvms 10 8 1 1 0 0
/m/06mnbn /film/actor/film./film/performance/film /m/0ddbjy4 0 0 0 0
/m/04hpck /film/actor/film./film/performance/film /m/0d99k_ 3155 3154 0 0 0 0
/m/02zrv7 /film/actor/film./film/performance/film /m/04cppj 9249 9247 0 0 0 0
/m/03bggl /film/actor/film./film/performance/film /m/01wb95 12886 12874 0 0 0 0
/m/01kb2j /film/actor/film./film/performance/film /m/0ddf2bm 12726 12720 0 0 0 0
/m/06qgjh /film/actor/film./film/performance/film /m/06c0ns 10067 10063 0 0 0 0
/m/01nr36 /film/actor/film./film/performance/film /m/0bh8yn3 14197 14189 0 0 0 0
/m/01cj6y /film/actor/film./film/performance/film /m/08s6mr 1977 1973 0 0 0 0
/m/0m0hw /film/actor/film./film/performance/film /m/016y_f 308 306 0 0 0 0
/m/03f1r6t /film/actor/film./film/performance/film /m/0ch3qr1 4071 4069 0 0 0 0
/m/0141kz /film/actor/film./film/performance/film /m/0209hj 4785 4783 0 0 0 0
/m/02jm0n /film/actor/film./film/performance/film /m/035gnh 2284 2284 0 0 0 0
/m/04t969 /film/actor/film./film/performance/film /m/0299hs 2839 2837 0 0 0 0
/m/0cj8x /film/actor/film./film/performance/film /m/04v89z 7644 7640 0 0 0 0
/m/01wb8bs /film/actor/film./film/performance/film /m/034qbx 10694 10686 0 0 0 0
/m/044lyq /film/actor/film./film/performance/film /m/02qlp4 12934 12929 0 0 0 0
/m/0170qf /film/actor/film./film/performance/film /m/05p09dd 2231 2229 0 0 0 0
/m/06rq2l /film/actor/film./film/performance/film /m/03z20c 7 7 1 1 0 0
/m/053xw6 /film/actor/film./film/performance/film /m/0g5879y 831 831 0 0 0 0
/m/08w7vj /film/actor/film./film/performance/film /m/0g3zrd 1540 1538 0 0 0 0
/m/04j5fx /film/actor/film./film/performance/film /m/0dd6bf 1 1 1 1 1 1
/m/03k545 /film/actor/film./film/performance/film /m/03cp4cn 13328 13321 0 0 0 0
/m/02jtjz /film/actor/film./film/performance/film /m/061681 2 1 1 1 0 1
/m/0bksh /film/actor/film./film/performance/film /m/02qydsh 2 1 1 1 0 1
/m/03l3jy /film/actor/film./film/performance/film /m/01k0vq 4 2 1 1 0 0
/m/01fwpt /film/actor/film./film/performance/film /m/03h3x5 6300 6295 0 0 0 0
/m/0347xz /film/actor/film./film/performance/film /m/04tz52 9245 9242 0 0 0 0
/m/05lb65 /film/actor/film./film/performance/film /m/01cycq 5944 5941 0 0 0 0
/m/01t2h2 /film/actor/film./film/performance/film /m/02qd04y 12234 12234 0 0 0 0
/m/03xb2w /film/actor/film./film/performance/film /m/02ph9tm 5 3 1 1 0 0
/m/01csvq /film/actor/film./film/performance/film /m/0jsf6 4 3 1 1 0 0
/m/0g_92 /film/actor/film./film/performance/film /m/01lbcqx 5401 5396 0 0 0 0
/m/05mlqj /film/actor/film./film/performance/film /m/02825nf 2977 2977 0 0 0 0
/m/04twmk /film/actor/film./film/performance/film /m/04sh80 12483 12476 0 0 0 0
/m/025t9b /film/actor/film./film/performance/film /m/031786 8 5 1 1 0 0
/m/06z8gn /film/actor/film./film/performance/film /m/011ycb 3815 3813 0 0 0 0
/m/03bggl /film/actor/film./film/performance/film /m/0pd57 8161 8160 0 0 0 0
/m/0z4s /film/actor/film./film/performance/film /m/0kv238 2149 2149 0 0 0 0
/m/05zjx /film/actor/film./film/performance/film /m/0243cq 470 470 0 0 0 0
/m/02fgm7 /film/actor/film./film/performance/film /m/05qbbfb 11190 11188 0 0 0 0
/m/01wyzyl /film/actor/film./film/performance/film /m/016kv6 12352 12350 0 0 0 0
/m/0h7pj /film/actor/film./film/performance/film /m/053rxgm 9 7 1 1 0 0
/m/05fnl9 /film/actor/film./film/performance/film /m/07024 13545 13541 0 0 0 0
/m/03q3sy /film/actor/film./film/performance/film /m/03cyslc 13329 13326 0 0 0 0
