/m/03g90h /film/film/distributors./film/film_film_distributor_relationship/film_distribution_medium /m/0dq6p 40 26 0 0 0 0
/m/0170z3 /film/film/distributors./film/film_film_distributor_relationship/film_distribution_medium /m/0735l 59 3 0 1 0 0
/m/033qdy /film/film/distributors./film/film_film_distributor_relationship/film_distribution_medium /m/02nxhr 30 13 0 0 0 0
/m/062zjtt /film/film/distributors./film/film_film_distributor_relationship/film_distribution_medium /m/0735l 57 3 0 1 0 0
/m/0fq7dv_ /film/film/distributors./film/film_film_distributor_relationship/film_distribution_medium /m/029j_ 18 2 0 1 0 0
/m/02dr9j /film/film/distributors./film/film_film_distributor_relationship/film_distribution_medium /m/02nxhr 29 13 0 0 0 0
/m/0bmc4cm /film/film/distributors./film/film_film_distributor_relationship/film_distribution_medium /m/0735l 50 3 0 1 0 0
/m/06_sc3 /film/film/distributors./film/film_film_distributor_relationship/film_distribution_medium /m/0735l 84 7 0 1 0 0
/m/01l2b3 /film/film/distributors./film/film_film_distributor_relationship/film_distribution_medium /m/0735l 54 3 0 1 0 0
/m/0f4_l /film/film/distributors./film/film_film_distributor_relationship/film_distribution_medium /m/0735l 33 3 0 1 0 0
/m/03nm_fh /film/film/distributors./film/film_film_distributor_relationship/film_distribution_medium /m/0735l 21 2 0 1 0 0
/m/01fmys /film/film/distributors./film/film_film_distributor_relationship/film_distribution_medium /m/0735l 26 2 0 1 0 0
/m/0315rp /film/film/distributors./film/film_film_distributor_relationship/film_distribution_medium /m/0735l 52 3 0 1 0 0
/m/09gkx35 /film/film/distributors./film/film_film_distributor_relationship/film_distribution_medium /m/0735l 44 3 0 1 0 0
/m/0cpllql /film/film/distributors./film/film_film_distributor_relationship/film_distribution_medium /m/029j_ 44 10 0 1 0 0
/m/0243cq /film/film/distributors./film/film_film_distributor_relationship/film_distribution_medium /m/0dq6p 95 78 0 0 0 0
/m/0k_9j /film/film/distributors./film/film_film_distributor_relationship/film_distribution_medium /m/0dq6p 45 31 0 0 0 0
/m/0f4yh /film/film/distributors./film/film_film_distributor_relationship/film_distribution_medium /m/0dq6p 46 31 0 0 0 0
/m/026hxwx /film/film/distributors./film/film_film_distributor_relationship/film_distribution_medium /m/0735l 61 3 0 1 0 0
/m/0407yj_ /film/film/distributors./film/film_film_distributor_relationship/film_distribution_medium /m/0735l 29 2 0 1 0 0
/m/06_wqk4 /film/film/distributors./film/film_film_distributor_relationship/film_distribution_medium /m/02nxhr 119 82 0 0 0 0
/m/0ds33 /film/film/distributors./film/film_film_distributor_relationship/film_distribution_medium /m/0dq6p 325 306 0 0 0 0
/m/014l6_ /film/film/distributors./film/film_film_distributor_relationship/film_distribution_medium /m/02nxhr 69 36 0 0 0 0
/m/0mbql /film/film/distributors./film/film_film_distributor_relationship/film_distribution_medium /m/0735l 76 6 0 1 0 0
/m/04180vy /film/film/distributors./film/film_film_distributor_relationship/film_distribution_medium /m/02nxhr 62 29 0 0 0 0
/m/03nfnx /film/film/distributors./film/film_film_distributor_relationship/film_distribution_medium /m/0735l 56 3 0 1 0 0
/m/03g90h /film/film/distributors./film/film_film_distributor_relationship/film_distribution_medium /m/07c52 255 255 0 0 0 0
/m/01f7jt /film/film/distributors./film/film_film_distributor_relationship/film_distribution_medium /m/029j_ 28 4 0 1 0 0
/m/06_wqk4 /film/film/distributors./film/film_film_distributor_relationship/film_distribution_medium /m/029j_ 139 84 0 0 0 0
/m/0k54q /film/film/distributors./film/film_film_distributor_relationship/film_distribution_medium /m/0dq6p 55 39 0 0 0 0
/m/0c00zd0 /film/film/distributors./film/film_film_distributor_relationship/film_distribution_medium /m/0735l 941 860 0 0 0 0
/m/05c9zr /film/film/distributors./film/film_film_distributor_relationship/film_distribution_medium /m/0735l 52 3 0 1 0 0
/m/05567m /film/film/distributors./film/film_film_distributor_relationship/film_distribution_medium /m/0735l 51 3 0 1 0 0
/m/0cn_b8 /film/film/distributors./film/film_film_distributor_relationship/film_distribution_medium /m/0735l 57 3 0 1 0 0
/m/04mcw4 /film/film/distributors./film/film_film_distributor_relationship/film_distribution_medium /m/029j_ 43 10 0 1 0 0
/m/06w839_ /film/film/distributors./film/film_film_distributor_relationship/film_distribution_medium /m/0735l 28 2 0 1 0 0
/m/0bt4g /film/film/distributors./film/film_film_distributor_relationship/film_distribution_medium /m/02nxhr 26 12 0 0 0 0
/m/02fqrf /film/film/distributors./film/film_film_distributor_relationship/film_distribution_medium /m/02nxhr 41 19 0 0 0 0
