/m/0_9l_ /film/film/film_format /m/07fb8_ 968 856 0 0 0 0
/m/0hmm7 /film/film/film_format /m/0cj16 873 755 0 0 0 0
/m/05zvzf3 /film/film/film_format /m/0cj16 39 9 0 1 0 0
/m/01cz7r /film/film/film_format /m/07fb8_ 750 642 0 0 0 0
/m/0czyxs /film/film/film_format /m/017fx5 362 339 0 0 0 0
/m/0g83dv /film/film/film_format /m/07fb8_ 384 293 0 0 0 0
/m/01l_pn /film/film/film_format /m/07fb8_ 216 143 0 0 0 0
/m/0fb7sd /film/film/film_format /m/07fb8_ 177 110 0 0 0 0
/m/0cbv4g /film/film/film_format /m/07fb8_ 493 396 0 0 0 0
/m/0294mx /film/film/film_format /m/0cj16 470 363 0 0 0 0
/m/03cd0x /film/film/film_format /m/07fb8_ 873 763 0 0 0 0
/m/0gjc4d3 /film/film/film_format /m/017fx5 221 200 0 0 0 0
/m/0prrm /film/film/film_format /m/07fb8_ 274 194 0 0 0 0
/m/02qyv3h /film/film/film_format /m/0cj16 159 87 0 0 0 0
/m/0btpm6 /film/film/film_format /m/017fx5 1 1 1 1 1 1
/m/0jym0 /film/film/film_format /m/0cj16 272 188 0 0 0 0
/m/02dr9j /film/film/film_format /m/07fb8_ 120 64 0 0 0 0
/m/07jxpf /film/film/film_format /m/07fb8_ 173 106 0 0 0 0
/m/091rc5 /film/film/film_format /m/07fb8_ 967 856 0 0 0 0
/m/0mb8c /film/film/film_format /m/0cj16 32 9 0 1 0 0
/m/07l50_1 /film/film/film_format /m/0cj16 42 10 0 1 0 0
/m/0hv8w /film/film/film_format /m/0cj16 368 272 0 0 0 0
/m/04q24zv /film/film/film_format /m/0cj16 48 10 0 1 0 0
/m/07gghl /film/film/film_format /m/07fb8_ 5 1 1 1 0 1
/m/0dckvs /film/film/film_format /m/0cj16 51 11 0 0 0 0
/m/01jc6q /film/film/film_format /m/0cj16 822 706 0 0 0 0
/m/011yth /film/film/film_format /m/07fb8_ 116 61 0 0 0 0
/m/047vp1n /film/film/film_format /m/0cj16 46 10 0 1 0 0
/m/07nxnw /film/film/film_format /m/017fx5 430 406 0 0 0 0
/m/0cy__l /film/film/film_format /m/0cj16 604 491 0 0 0 0
/m/035gnh /film/film/film_format /m/07fb8_ 877 766 0 0 0 0
/m/03cwwl /film/film/film_format /m/07fb8_ 656 552 0 0 0 0
/m/03kx49 /film/film/film_format /m/0cj16 967 846 0 0 0 0
/m/027rpym /film/film/film_format /m/01dc60 7903 7901 0 0 0 0
/m/0344gc /film/film/film_format /m/0cj16 311 222 0 0 0 0
/m/03rg2b /film/film/film_format /m/0cj16 8 1 1 1 0 1
/m/01rwpj /film/film/film_format /m/0cj16 24 6 0 1 0 0
/m/017gl1 /film/film/film_format /m/07fb8_ 9 1 1 1 0 1
/m/013q07 /film/film/film_format /m/07fb8_ 270 191 0 0 0 0
