/m/0cwy47 /film/film/featured_film_locations /m/06c62 7712 7710 0 0 0 0
/m/011wtv /film/film/featured_film_locations /m/0rh6k 20 18 0 0 0 0
/m/08g_jw /film/film/featured_film_locations /m/0cvw9 0 0 0 0
/m/0435vm /film/film/featured_film_locations /m/030qb3t 335 305 0 0 0 0
/m/072x7s /film/film/featured_film_locations /m/0345h 1915 1914 0 0 0 0
/m/027s39y /film/film/featured_film_locations /m/02_286 153 122 0 0 0 0
/m/027pfg /film/film/featured_film_locations /m/0fttg 0 0 0 0
/m/03shpq /film/film/featured_film_locations /m/02_286 533 486 0 0 0 0
/m/03mnn0 /film/film/featured_film_locations /m/02dtg 10669 10666 0 0 0 0
/m/072x7s /film/film/featured_film_locations /m/04v3q 0 0 0 0
/m/02vxq9m /film/film/featured_film_locations /m/04jpl 52 50 0 0 0 0
/m/0bvn25 /film/film/featured_film_locations /m/030qb3t 426 396 0 0 0 0
/m/016ky6 /film/film/featured_film_locations /m/02_286 250 210 0 0 0 0
/m/01dyvs /film/film/featured_film_locations /m/06y57 3 2 1 1 0 0
/m/0gpx6 /film/film/featured_film_locations /m/01f62 11085 11084 0 0 0 0
/m/01qdmh /film/film/featured_film_locations /m/095w_ 4461 4458 0 0 0 0
/m/0dln8jk /film/film/featured_film_locations /m/0fn2g 7147 7147 0 0 0 0
/m/02dwj /film/film/featured_film_locations /m/04jpl 26 24 0 0 0 0
/m/03wbqc4 /film/film/featured_film_locations /m/01qcx_ 12021 12020 0 0 0 0
/m/0dln8jk /film/film/featured_film_locations /m/030qb3t 33 6 0 1 0 0
/m/062zm5h /film/film/featured_film_locations /m/01sn3 118 117 0 0 0 0
/m/0ct2tf5 /film/film/featured_film_locations /m/030qb3t 231 202 0 0 0 0
/m/03hj5lq /film/film/featured_film_locations /m/0xn5b 0 0 0 0
/m/046f3p /film/film/featured_film_locations /m/027kp3 7871 7869 0 0 0 0
/m/04cj79 /film/film/featured_film_locations /m/04jpl 53 51 0 0 0 0
/m/01kqq7 /film/film/featured_film_locations /m/0f2tj 3941 3939 0 0 0 0
/m/05_61y /film/film/featured_film_locations /m/01crd5 0 0 0 0
/m/03tn80 /film/film/featured_film_locations /m/0q_xk 3344 3343 0 0 0 0
/m/08hmch /film/film/featured_film_locations /m/0dv9v 0 0 0 0
/m/026hh0m /film/film/featured_film_locations /m/0rh6k 5630 5626 0 0 0 0
/m/0jqp3 /film/film/featured_film_locations /m/0fsv2 687 686 0 0 0 0
/m/06wzvr /film/film/featured_film_locations /m/02_286 181 148 0 0 0 0
/m/04dsnp /film/film/featured_film_locations /m/05qtj 10421 10418 0 0 0 0
/m/02ptczs /film/film/featured_film_locations /m/02_286 398 354 0 0 0 0
/m/07cw4 /film/film/featured_film_locations /m/02nd_ 9471 9464 0 0 0 0
/m/0cbn7c /film/film/featured_film_locations /m/0d6lp 12977 12967 0 0 0 0
/m/0gjc4d3 /film/film/featured_film_locations /m/01_d4 14286 14262 0 0 0 0
/m/0571m /film/film/featured_film_locations /m/030qb3t 275 245 0 0 0 0
/m/04yc76 /film/film/featured_film_locations /m/0rh6k 2581 2579 0 0 0 0
/m/02z9rr /film/film/featured_film_locations /m/05rgl 0 0 0 0
/m/02vjp3 /film/film/featured_film_locations /m/030qb3t 300 270 0 0 0 0
/m/0m491 /film/film/featured_film_locations /m/0sb1r 0 0 0 0
/m/02p76f9 /film/film/featured_film_locations /m/0f2tj 1251 1250 0 0 0 0
/m/0c57yj /film/film/featured_film_locations /m/0l35f 0 0 0 0
/m/0k5g9 /film/film/featured_film_locations /m/035p3 5875 5870 0 0 0 0
/m/04vr_f /film/film/featured_film_locations /m/01cx_ 1406 1405 0 0 0 0
/m/024l2y /film/film/featured_film_locations /m/030qb3t 75 47 0 0 0 0
/m/06cm5 /film/film/featured_film_locations /m/02_286 389 345 0 0 0 0
/m/02z0f6l /film/film/featured_film_locations /m/0bvqq 0 0 0 0
/m/0gbtbm /film/film/featured_film_locations /m/03pzf 1432 1432 0 0 0 0
/m/09gb_4p /film/film/featured_film_locations /m/0f2r6 2 1 1 1 0 1
/m/0h1x5f /film/film/featured_film_locations /m/0qpjt 0 0 0 0
/m/02fqxm /film/film/featured_film_locations /m/0r1jr 10414 10414 0 0 0 0
/m/0416y94 /film/film/featured_film_locations /m/02_286 332 290 0 0 0 0
/m/04sntd /film/film/featured_film_locations /m/052p7 13666 13651 0 0 0 0
/m/0bmssv /film/film/featured_film_locations /m/080h2 8 3 1 1 0 0
/m/0d_2fb /film/film/featured_film_locations /m/06q1r 0 0 0 0
/m/0dqcs3 /film/film/featured_film_locations /m/080h2 10 5 1 1 0 0
/m/0gd92 /film/film/featured_film_locations /m/02_286 152 121 0 0 0 0
/m/026qnh6 /film/film/featured_film_locations /m/02bm8 0 0 0 0
/m/062zjtt /film/film/featured_film_locations /m/030qb3t 190 161 0 0 0 0
/m/026mfbr /film/film/featured_film_locations /m/0q_xk 12845 12843 0 0 0 0
/m/0ds11z /film/film/featured_film_locations /m/04jpl 55 53 0 0 0 0
/m/0ckt6 /film/film/featured_film_locations /m/030qb3t 257 227 0 0 0 0
/m/0pc62 /film/film/featured_film_locations /m/03gh4 2346 2345 0 0 0 0
/m/0jqkh /film/film/featured_film_locations /m/02_286 227 187 0 0 0 0
/m/02vqsll /film/film/featured_film_locations /m/0rh6k 10683 10675 0 0 0 0
/m/047csmy /film/film/featured_film_locations /m/013ksx 0 0 0 0
/m/0dl9_4 /film/film/featured_film_locations /m/04jpl 214 212 0 0 0 0
/m/075wx7_ /film/film/featured_film_locations /m/0d060g 2021 2019 0 0 0 0
/m/08720 /film/film/featured_film_locations /m/07t90 0 0 0 0
/m/083skw /film/film/featured_film_locations /m/0f2tj 12528 12525 0 0 0 0
/m/03bx2lk /film/film/featured_film_locations /m/030qb3t 91 63 0 0 0 0
/m/0192hw /film/film/featured_film_locations /m/01914 7156 7156 0 0 0 0
/m/0bl06 /film/film/featured_film_locations /m/0rh6k 4372 4367 0 0 0 0
/m/015bpl /film/film/featured_film_locations /m/0g_wn2 4825 4824 0 0 0 0
/m/0340hj /film/film/featured_film_locations /m/030qb3t 300 270 0 0 0 0
/m/08fn5b /film/film/featured_film_locations /m/01_d4 10674 10657 0 0 0 0
/m/04t6fk /film/film/featured_film_locations /m/05kj_ 709 707 0 0 0 0
/m/0466s8n /film/film/featured_film_locations /m/05kj_ 13564 13554 0 0 0 0
/m/02dr9j /film/film/featured_film_locations /m/02_286 643 594 0 0 0 0
/m/05dy7p /film/film/featured_film_locations /m/04wgh 13235 13232 0 0 0 0
/m/03hj5lq /film/film/featured_film_locations /m/0xszy 0 0 0 0
/m/0h1x5f /film/film/featured_film_locations /m/0fsv2 6397 6395 0 0 0 0
/m/04j14qc /film/film/featured_film_locations /m/0f25y 0 0 0 0
/m/01ffx4 /film/film/featured_film_locations /m/052p7 9916 9904 0 0 0 0
/m/02fwfb /film/film/featured_film_locations /m/06y57 3668 3662 0 0 0 0
/m/02ny6g /film/film/featured_film_locations /m/030qb3t 275 245 0 0 0 0
/m/0194zl /film/film/featured_film_locations /m/02jx1 1167 1166 0 0 0 0
/m/02wgk1 /film/film/featured_film_locations /m/02_286 22 11 0 0 0 0
/m/07s3m4g /film/film/featured_film_locations /m/071vr 11650 11648 0 0 0 0
/m/02q0k7v /film/film/featured_film_locations /m/0rh6k 20 18 0 0 0 0
/m/01k7b0 /film/film/featured_film_locations /m/0k3p 1565 1565 0 0 0 0
/m/06tpmy /film/film/featured_film_locations /m/02_286 753 699 0 0 0 0
/m/0170th /film/film/featured_film_locations /m/0rh6k 9521 9513 0 0 0 0
/m/0kv238 /film/film/featured_film_locations /m/04jpl 206 204 0 0 0 0
/m/0cc5mcj /film/film/featured_film_locations /m/05fjy 0 0 0 0
/m/03s5lz /film/film/featured_film_locations /m/02_286 415 370 0 0 0 0
/m/0m2kd /film/film/featured_film_locations /m/05kj_ 11213 11205 0 0 0 0
/m/03r0g9 /film/film/featured_film_locations /m/07_pf 13391 13390 0 0 0 0
