/m/075wx7_ /film/film/other_crew./film/film_crew_gig/film_crew_role /m/02ynfr 40 38 0 0 0 0
/m/02dpl9 /film/film/other_crew./film/film_crew_gig/film_crew_role /m/0dxtw 36 28 0 0 0 0
/m/017d93 /film/film/other_crew./film/film_crew_gig/film_crew_role /m/09zzb8 201 63 0 0 0 0
/m/08phg9 /film/film/other_crew./film/film_crew_gig/film_crew_role /m/033smt 3292 3282 0 0 0 0
/m/03cd0x /film/film/other_crew./film/film_crew_gig/film_crew_role /m/02rh1dz 32 27 0 0 0 0
/m/0bv8h2 /film/film/other_crew./film/film_crew_gig/film_crew_role /m/02rh1dz 31 26 0 0 0 0
/m/02cbhg /film/film/other_crew./film/film_crew_gig/film_crew_role /m/02ynfr 52 50 0 0 0 0
/m/017180 /film/film/other_crew./film/film_crew_gig/film_crew_role /m/0ch6mp2 115 41 0 0 0 0
/m/028kj0 /film/film/other_crew./film/film_crew_gig/film_crew_role /m/09vw2b7 85 35 0 0 0 0
/m/0dfw0 /film/film/other_crew./film/film_crew_gig/film_crew_role /m/09zzb8 47 1 0 1 0 1
/m/0b76d_m /film/film/other_crew./film/film_crew_gig/film_crew_role /m/09vw2b7 13 4 0 1 0 0
/m/09p5mwg /film/film/other_crew./film/film_crew_gig/film_crew_role /m/01xy5l_ 20 17 0 0 0 0
/m/0640m69 /film/film/other_crew./film/film_crew_gig/film_crew_role /m/0ch6mp2 138 59 0 0 0 0
/m/063fh9 /film/film/other_crew./film/film_crew_gig/film_crew_role /m/01vx2h 12 8 0 1 0 0
/m/03cw411 /film/film/other_crew./film/film_crew_gig/film_crew_role /m/02ynfr 53 51 0 0 0 0
/m/01qxc7 /film/film/other_crew./film/film_crew_gig/film_crew_role /m/09zzb8 153 30 0 0 0 0
/m/0241y7 /film/film/other_crew./film/film_crew_gig/film_crew_role /m/01vx2h 156 126 0 0 0 0
/m/02725hs /film/film/other_crew./film/film_crew_gig/film_crew_role /m/0dxtw 45 35 0 0 0 0
/m/07ykkx5 /film/film/other_crew./film/film_crew_gig/film_crew_role /m/02r96rf 92 29 0 0 0 0
/m/032zq6 /film/film/other_crew./film/film_crew_gig/film_crew_role /m/0ch6mp2 116 42 0 0 0 0
/m/07x4qr /film/film/other_crew./film/film_crew_gig/film_crew_role /m/0ch6mp2 226 114 0 0 0 0
/m/04pk1f /film/film/other_crew./film/film_crew_gig/film_crew_role /m/0dxtw 27 19 0 0 0 0
/m/0d61px /film/film/other_crew./film/film_crew_gig/film_crew_role /m/09vw2b7 166 82 0 0 0 0
/m/08g_jw /film/film/other_crew./film/film_crew_gig/film_crew_role /m/09vw2b7 96 40 0 0 0 0
/m/03qcfvw /film/film/other_crew./film/film_crew_gig/film_crew_role /m/09zzb8 154 30 0 0 0 0
/m/047bynf /film/film/other_crew./film/film_crew_gig/film_crew_role /m/01vx2h 156 126 0 0 0 0
/m/03nsm5x /film/film/other_crew./film/film_crew_gig/film_crew_role /m/02r96rf 50 9 0 1 0 0
/m/02tktw /film/film/other_crew./film/film_crew_gig/film_crew_role /m/02r96rf 93 30 0 0 0 0
/m/05fm6m /film/film/other_crew./film/film_crew_gig/film_crew_role /m/02r96rf 93 30 0 0 0 0
/m/011ypx /film/film/other_crew./film/film_crew_gig/film_crew_role /m/09zzb8 88 7 0 1 0 0
/m/02z2mr7 /film/film/other_crew./film/film_crew_gig/film_crew_role /m/02_n3z 6305 6255 0 0 0 0
/m/01633c /film/film/other_crew./film/film_crew_gig/film_crew_role /m/09zzb8 159 35 0 0 0 0
/m/04grkmd /film/film/other_crew./film/film_crew_gig/film_crew_role /m/01vx2h 64 45 0 0 0 0
/m/087pfc /film/film/other_crew./film/film_crew_gig/film_crew_role /m/02r96rf 254 121 0 0 0 0
/m/031hcx /film/film/other_crew./film/film_crew_gig/film_crew_role /m/01pvkk 84 71 0 0 0 0
/m/034qbx /film/film/other_crew./film/film_crew_gig/film_crew_role /m/02ynfr 54 52 0 0 0 0
/m/033srr /film/film/other_crew./film/film_crew_gig/film_crew_role /m/09vw2b7 159 75 0 0 0 0
/m/03sxd2 /film/film/other_crew./film/film_crew_gig/film_crew_role /m/09vw2b7 304 196 0 0 0 0
/m/02x3y41 /film/film/other_crew./film/film_crew_gig/film_crew_role /m/02ynfr 51 49 0 0 0 0
/m/09rvwmy /film/film/other_crew./film/film_crew_gig/film_crew_role /m/0263ycg 5676 5667 0 0 0 0
/m/02xs6_ /film/film/other_crew./film/film_crew_gig/film_crew_role /m/02r96rf 117 42 0 0 0 0
/m/0_92w /film/film/other_crew./film/film_crew_gig/film_crew_role /m/0ch6mp2 314 176 0 0 0 0
/m/0by17xn /film/film/other_crew./film/film_crew_gig/film_crew_role /m/02r96rf 45 5 0 1 0 0
/m/0ch26b_ /film/film/other_crew./film/film_crew_gig/film_crew_role /m/02r96rf 11 1 0 1 0 1
/m/0127ps /film/film/other_crew./film/film_crew_gig/film_crew_role /m/02r96rf 89 26 0 0 0 0
/m/07f_t4 /film/film/other_crew./film/film_crew_gig/film_crew_role /m/09zzb8 49 1 0 1 0 1
/m/047svrl /film/film/other_crew./film/film_crew_gig/film_crew_role /m/0ch6mp2 13 1 0 1 0 1
/m/02w86hz /film/film/other_crew./film/film_crew_gig/film_crew_role /m/01vx2h 117 91 0 0 0 0
/m/0260bz /film/film/other_crew./film/film_crew_gig/film_crew_role /m/0ch6mp2 117 43 0 0 0 0
/m/05b6rdt /film/film/other_crew./film/film_crew_gig/film_crew_role /m/0ch6mp2 46 12 0 0 0 0
/m/02qpt1w /film/film/other_crew./film/film_crew_gig/film_crew_role /m/02ynfr 71 69 0 0 0 0
/m/047rkcm /film/film/other_crew./film/film_crew_gig/film_crew_role /m/09vw2b7 88 37 0 0 0 0
/m/026qnh6 /film/film/other_crew./film/film_crew_gig/film_crew_role /m/0ch6mp2 207 100 0 0 0 0
/m/014kq6 /film/film/other_crew./film/film_crew_gig/film_crew_role /m/01xy5l_ 20 17 0 0 0 0
/m/05t0_2v /film/film/other_crew./film/film_crew_gig/film_crew_role /m/09vw2b7 68 24 0 0 0 0
/m/01d259 /film/film/other_crew./film/film_crew_gig/film_crew_role /m/0dxtw 120 103 0 0 0 0
/m/07nxnw /film/film/other_crew./film/film_crew_gig/film_crew_role /m/0ch6mp2 122 48 0 0 0 0
/m/050f0s /film/film/other_crew./film/film_crew_gig/film_crew_role /m/0ch6mp2 339 191 0 0 0 0
/m/05q96q6 /film/film/other_crew./film/film_crew_gig/film_crew_role /m/09vw2b7 162 78 0 0 0 0
/m/05pxnmb /film/film/other_crew./film/film_crew_gig/film_crew_role /m/09vw2b7 271 168 0 0 0 0
/m/04180vy /film/film/other_crew./film/film_crew_gig/film_crew_role /m/0263ycg 13110 13080 0 0 0 0
/m/0fb7sd /film/film/other_crew./film/film_crew_gig/film_crew_role /m/09zzb8 202 64 0 0 0 0
/m/0gy0l_ /film/film/other_crew./film/film_crew_gig/film_crew_role /m/09vw2b7 208 117 0 0 0 0
/m/03s6l2 /film/film/other_crew./film/film_crew_gig/film_crew_role /m/09vw2b7 117 53 0 0 0 0
/m/0h21v2 /film/film/other_crew./film/film_crew_gig/film_crew_role /m/09zzb8 12 1 0 1 0 1
/m/0h95927 /film/film/other_crew./film/film_crew_gig/film_crew_role /m/02r96rf 165 65 0 0 0 0
/m/02cbhg /film/film/other_crew./film/film_crew_gig/film_crew_role /m/09zzb8 191 53 0 0 0 0
/m/06zn2v2 /film/film/other_crew./film/film_crew_gig/film_crew_role /m/09vw2b7 148 65 0 0 0 0
/m/0czyxs /film/film/other_crew./film/film_crew_gig/film_crew_role /m/0ch6mp2 113 39 0 0 0 0
/m/0bh8tgs /film/film/other_crew./film/film_crew_gig/film_crew_role /m/09vw2b7 30 6 0 1 0 0
/m/06929s /film/film/other_crew./film/film_crew_gig/film_crew_role /m/0ch6mp2 545 381 0 0 0 0
/m/047vnkj /film/film/other_crew./film/film_crew_gig/film_crew_role /m/02_n3z 12925 12839 0 0 0 0
/m/0hv81 /film/film/other_crew./film/film_crew_gig/film_crew_role /m/01pvkk 134 120 0 0 0 0
/m/031ldd /film/film/other_crew./film/film_crew_gig/film_crew_role /m/02r96rf 315 167 0 0 0 0
/m/04lqvlr /film/film/other_crew./film/film_crew_gig/film_crew_role /m/02r96rf 91 28 0 0 0 0
/m/012s1d /film/film/other_crew./film/film_crew_gig/film_crew_role /m/0ch6mp2 171 79 0 0 0 0
/m/0bxxzb /film/film/other_crew./film/film_crew_gig/film_crew_role /m/0ch6mp2 120 46 0 0 0 0
/m/0d_2fb /film/film/other_crew./film/film_crew_gig/film_crew_role /m/02r96rf 91 28 0 0 0 0
/m/09rvwmy /film/film/other_crew./film/film_crew_gig/film_crew_role /m/02_n3z 2163 2144 0 0 0 0
/m/01cycq /film/film/other_crew./film/film_crew_gig/film_crew_role /m/0ch6mp2 176 82 0 0 0 0
/m/0cq86w /film/film/other_crew./film/film_crew_gig/film_crew_role /m/0dxtw 123 106 0 0 0 0
/m/0209xj /film/film/other_crew./film/film_crew_gig/film_crew_role /m/09zzb8 341 151 0 0 0 0
/m/0hz6mv2 /film/film/other_crew./film/film_crew_gig/film_crew_role /m/0ch6mp2 384 229 0 0 0 0
/m/045r_9 /film/film/other_crew./film/film_crew_gig/film_crew_role /m/0ch6mp2 295 159 0 0 0 0
/m/04165w /film/film/other_crew./film/film_crew_gig/film_crew_role /m/02r96rf 288 142 0 0 0 0
/m/02d478 /film/film/other_crew./film/film_crew_gig/film_crew_role /m/0ch6mp2 322 181 0 0 0 0
/m/08gg47 /film/film/other_crew./film/film_crew_gig/film_crew_role /m/0ch6mp2 124 50 0 0 0 0
/m/04fzfj /film/film/other_crew./film/film_crew_gig/film_crew_role /m/02rh1dz 17 12 0 0 0 0
/m/0dnkmq /film/film/other_crew./film/film_crew_gig/film_crew_role /m/09vw2b7 203 112 0 0 0 0
/m/033f8n /film/film/other_crew./film/film_crew_gig/film_crew_role /m/0dxtw 85 72 0 0 0 0
/m/0bt3j9 /film/film/other_crew./film/film_crew_gig/film_crew_role /m/09zzb8 178 46 0 0 0 0
/m/047csmy /film/film/other_crew./film/film_crew_gig/film_crew_role /m/015h31 6674 6637 0 0 0 0
/m/0d6_s /film/film/other_crew./film/film_crew_gig/film_crew_role /m/09zzb8 254 92 0 0 0 0
/m/02fj8n /film/film/other_crew./film/film_crew_gig/film_crew_role /m/02ynfr 52 50 0 0 0 0
/m/026wlxw /film/film/other_crew./film/film_crew_gig/film_crew_role /m/09vw2b7 163 79 0 0 0 0
/m/05pxnmb /film/film/other_crew./film/film_crew_gig/film_crew_role /m/09zzb8 301 120 0 0 0 0
/m/085wqm /film/film/other_crew./film/film_crew_gig/film_crew_role /m/0ch6mp2 74 20 0 0 0 0
/m/0209xj /film/film/other_crew./film/film_crew_gig/film_crew_role /m/0ch6mp2 262 137 0 0 0 0
/m/04pk1f /film/film/other_crew./film/film_crew_gig/film_crew_role /m/09vw2b7 176 91 0 0 0 0
/m/04cj79 /film/film/other_crew./film/film_crew_gig/film_crew_role /m/09zzb8 153 30 0 0 0 0
/m/01719t /film/film/other_crew./film/film_crew_gig/film_crew_role /m/09vw2b7 126 56 0 0 0 0
/m/0fh2v5 /film/film/other_crew./film/film_crew_gig/film_crew_role /m/02r96rf 115 40 0 0 0 0
/m/0cmf0m0 /film/film/other_crew./film/film_crew_gig/film_crew_role /m/0dxtw 31 23 0 0 0 0
/m/049w1q /film/film/other_crew./film/film_crew_gig/film_crew_role /m/09zzb8 317 132 0 0 0 0
/m/03hkch7 /film/film/other_crew./film/film_crew_gig/film_crew_role /m/09zzb8 195 57 0 0 0 0
/m/0gjcrrw /film/film/other_crew./film/film_crew_gig/film_crew_role /m/02r96rf 51 9 0 1 0 0
/m/032_wv /film/film/other_crew./film/film_crew_gig/film_crew_role /m/0ch6mp2 292 156 0 0 0 0
/m/031786 /film/film/other_crew./film/film_crew_gig/film_crew_role /m/09vw2b7 266 163 0 0 0 0
/m/034r25 /film/film/other_crew./film/film_crew_gig/film_crew_role /m/09zzb8 154 30 0 0 0 0
/m/05y0cr /film/film/other_crew./film/film_crew_gig/film_crew_role /m/09zzb8 445 236 0 0 0 0
/m/0gwf191 /film/film/other_crew./film/film_crew_gig/film_crew_role /m/09vw2b7 273 168 0 0 0 0
/m/0g83dv /film/film/other_crew./film/film_crew_gig/film_crew_role /m/09vw2b7 209 118 0 0 0 0
/m/0mbql /film/film/other_crew./film/film_crew_gig/film_crew_role /m/0ch6mp2 165 75 0 0 0 0
/m/04b2qn /film/film/other_crew./film/film_crew_gig/film_crew_role /m/02r96rf 221 99 0 0 0 0
/m/0jqd3 /film/film/other_crew./film/film_crew_gig/film_crew_role /m/0dxtw 227 207 0 0 0 0
/m/05sxr_ /film/film/other_crew./film/film_crew_gig/film_crew_role /m/01pvkk 82 69 0 0 0 0
/m/0cc97st /film/film/other_crew./film/film_crew_gig/film_crew_role /m/02r96rf 165 65 0 0 0 0
/m/014_x2 /film/film/other_crew./film/film_crew_gig/film_crew_role /m/09vw2b7 167 83 0 0 0 0
/m/0gydcp7 /film/film/other_crew./film/film_crew_gig/film_crew_role /m/09zzb8 190 52 0 0 0 0
/m/029zqn /film/film/other_crew./film/film_crew_gig/film_crew_role /m/0dxtw 126 109 0 0 0 0
/m/02nczh /film/film/other_crew./film/film_crew_gig/film_crew_role /m/09zzb8 95 10 0 1 0 0
/m/0btpm6 /film/film/other_crew./film/film_crew_gig/film_crew_role /m/09vw2b7 53 19 0 0 0 0
/m/07_k0c0 /film/film/other_crew./film/film_crew_gig/film_crew_role /m/0ch6mp2 27 6 0 1 0 0
/m/087vnr5 /film/film/other_crew./film/film_crew_gig/film_crew_role /m/089g0h 7 4 1 1 0 0
/m/026f__m /film/film/other_crew./film/film_crew_gig/film_crew_role /m/0ch6mp2 118 44 0 0 0 0
/m/0bh8yn3 /film/film/other_crew./film/film_crew_gig/film_crew_role /m/02r96rf 39 4 0 1 0 0
/m/0cp08zg /film/film/other_crew./film/film_crew_gig/film_crew_role /m/0ch6mp2 334 189 0 0 0 0
/m/0gtx63s /film/film/other_crew./film/film_crew_gig/film_crew_role /m/0ch6mp2 236 121 0 0 0 0
/m/033f8n /film/film/other_crew./film/film_crew_gig/film_crew_role /m/01tkqy 13245 13241 0 0 0 0
/m/05pbl56 /film/film/other_crew./film/film_crew_gig/film_crew_role /m/02ynfr 40 38 0 0 0 0
/m/02z2mr7 /film/film/other_crew./film/film_crew_gig/film_crew_role /m/089g0h 10 7 1 1 0 0
/m/05q54f5 /film/film/other_crew./film/film_crew_gig/film_crew_role /m/01vx2h 157 127 0 0 0 0
/m/0crc2cp /film/film/other_crew./film/film_crew_gig/film_crew_role /m/09zzb8 175 45 0 0 0 0
/m/047p7fr /film/film/other_crew./film/film_crew_gig/film_crew_role /m/02_n3z 1220 1209 0 0 0 0
/m/0n1s0 /film/film/other_crew./film/film_crew_gig/film_crew_role /m/09zzb8 204 66 0 0 0 0
/m/05c9zr /film/film/other_crew./film/film_crew_gig/film_crew_role /m/09zzb8 84 7 0 1 0 0
/m/0by1wkq /film/film/other_crew./film/film_crew_gig/film_crew_role /m/09zzb8 228 75 0 0 0 0
/m/027pfg /film/film/other_crew./film/film_crew_gig/film_crew_role /m/09vw2b7 54 19 0 0 0 0
/m/01f7gh /film/film/other_crew./film/film_crew_gig/film_crew_role /m/09vw2b7 126 56 0 0 0 0
/m/01s7w3 /film/film/other_crew./film/film_crew_gig/film_crew_role /m/09zzb8 56 2 0 1 0 0
/m/02xs6_ /film/film/other_crew./film/film_crew_gig/film_crew_role /m/09vw2b7 124 54 0 0 0 0
/m/049w1q /film/film/other_crew./film/film_crew_gig/film_crew_role /m/02r96rf 260 125 0 0 0 0
/m/03f7nt /film/film/other_crew./film/film_crew_gig/film_crew_role /m/0ch6mp2 111 37 0 0 0 0
/m/07_k0c0 /film/film/other_crew./film/film_crew_gig/film_crew_role /m/09vw2b7 21 5 0 1 0 0
/m/07f_t4 /film/film/other_crew./film/film_crew_gig/film_crew_role /m/02_n3z 13495 13399 0 0 0 0
/m/02vqhv0 /film/film/other_crew./film/film_crew_gig/film_crew_role /m/0d2b38 7 5 1 1 0 0
/m/0660b9b /film/film/other_crew./film/film_crew_gig/film_crew_role /m/09zzb8 192 54 0 0 0 0
/m/062zjtt /film/film/other_crew./film/film_crew_gig/film_crew_role /m/01xy5l_ 20 17 0 0 0 0
/m/0640m69 /film/film/other_crew./film/film_crew_gig/film_crew_role /m/0d2b38 9 7 1 1 0 0
/m/06fcqw /film/film/other_crew./film/film_crew_gig/film_crew_role /m/02r96rf 48 8 0 1 0 0
/m/0292qb /film/film/other_crew./film/film_crew_gig/film_crew_role /m/0ch6mp2 23 4 0 1 0 0
/m/026wlxw /film/film/other_crew./film/film_crew_gig/film_crew_role /m/01pvkk 82 69 0 0 0 0
/m/02qcr /film/film/other_crew./film/film_crew_gig/film_crew_role /m/09zzb8 379 178 0 0 0 0
/m/065z3_x /film/film/other_crew./film/film_crew_gig/film_crew_role /m/09vw2b7 45 12 0 0 0 0
/m/05zvzf3 /film/film/other_crew./film/film_crew_gig/film_crew_role /m/09vw2b7 77 30 0 0 0 0
/m/02q0k7v /film/film/other_crew./film/film_crew_gig/film_crew_role /m/09zzb8 85 7 0 1 0 0
/m/03s5lz /film/film/other_crew./film/film_crew_gig/film_crew_role /m/09zzb8 156 32 0 0 0 0
/m/0170z3 /film/film/other_crew./film/film_crew_gig/film_crew_role /m/09zzb8 305 123 0 0 0 0
/m/01cycq /film/film/other_crew./film/film_crew_gig/film_crew_role /m/09vw2b7 25 5 0 1 0 0
/m/02rb607 /film/film/other_crew./film/film_crew_gig/film_crew_role /m/0ch6mp2 126 52 0 0 0 0
/m/0gy0l_ /film/film/other_crew./film/film_crew_gig/film_crew_role /m/09zzb8 252 91 0 0 0 0
/m/04n52p6 /film/film/other_crew./film/film_crew_gig/film_crew_role /m/089fss 10199 10143 0 0 0 0
/m/04kkz8 /film/film/other_crew./film/film_crew_gig/film_crew_role /m/02r96rf 222 100 0 0 0 0
/m/0c34mt /film/film/other_crew./film/film_crew_gig/film_crew_role /m/0ch6mp2 71 19 0 0 0 0
/m/09sh8k /film/film/other_crew./film/film_crew_gig/film_crew_role /m/015h31 3 2 1 1 0 0
/m/03q0r1 /film/film/other_crew./film/film_crew_gig/film_crew_role /m/089g0h 30 26 0 0 0 0
/m/034b6k /film/film/other_crew./film/film_crew_gig/film_crew_role /m/0ch6mp2 295 159 0 0 0 0
/m/072x7s /film/film/other_crew./film/film_crew_gig/film_crew_role /m/02r96rf 118 42 0 0 0 0
/m/0dkv90 /film/film/other_crew./film/film_crew_gig/film_crew_role /m/0ckd1 1562 1559 0 0 0 0
/m/0571m /film/film/other_crew./film/film_crew_gig/film_crew_role /m/09vw2b7 208 117 0 0 0 0
/m/047gn4y /film/film/other_crew./film/film_crew_gig/film_crew_role /m/0ch6mp2 29 7 0 1 0 0
/m/047tsx3 /film/film/other_crew./film/film_crew_gig/film_crew_role /m/0ch6mp2 102 30 0 0 0 0
/m/07jnt /film/film/other_crew./film/film_crew_gig/film_crew_role /m/01pvkk 162 147 0 0 0 0
/m/047rkcm /film/film/other_crew./film/film_crew_gig/film_crew_role /m/09zzb8 258 96 0 0 0 0
/m/02fj8n /film/film/other_crew./film/film_crew_gig/film_crew_role /m/01vx2h 156 126 0 0 0 0
/m/02z0f6l /film/film/other_crew./film/film_crew_gig/film_crew_role /m/02_n3z 8248 8186 0 0 0 0
/m/02rx2m5 /film/film/other_crew./film/film_crew_gig/film_crew_role /m/09vw2b7 207 116 0 0 0 0
/m/03r0g9 /film/film/other_crew./film/film_crew_gig/film_crew_role /m/02r96rf 85 22 0 0 0 0
/m/028cg00 /film/film/other_crew./film/film_crew_gig/film_crew_role /m/01pvkk 9 4 1 1 0 0
/m/0bs5f0b /film/film/other_crew./film/film_crew_gig/film_crew_role /m/0d2b38 7 5 1 1 0 0
/m/012s1d /film/film/other_crew./film/film_crew_gig/film_crew_role /m/09vw2b7 162 78 0 0 0 0
/m/0h14ln /film/film/other_crew./film/film_crew_gig/film_crew_role /m/09vw2b7 124 54 0 0 0 0
/m/03xf_m /film/film/other_crew./film/film_crew_gig/film_crew_role /m/01vx2h 135 107 0 0 0 0
/m/03hxsv /film/film/other_crew./film/film_crew_gig/film_crew_role /m/01vx2h 26 21 0 0 0 0
/m/053rxgm /film/film/other_crew./film/film_crew_gig/film_crew_role /m/0ch6mp2 9 1 1 1 0 1
/m/02_fz3 /film/film/other_crew./film/film_crew_gig/film_crew_role /m/0dxtw 84 71 0 0 0 0
/m/03kg2v /film/film/other_crew./film/film_crew_gig/film_crew_role /m/09vw2b7 203 112 0 0 0 0
/m/08phg9 /film/film/other_crew./film/film_crew_gig/film_crew_role /m/09zzb8 47 1 0 1 0 1
/m/03shpq /film/film/other_crew./film/film_crew_gig/film_crew_role /m/02r96rf 223 101 0 0 0 0
/m/027r9t /film/film/other_crew./film/film_crew_gig/film_crew_role /m/09vw2b7 204 113 0 0 0 0
/m/05r3qc /film/film/other_crew./film/film_crew_gig/film_crew_role /m/02r96rf 223 101 0 0 0 0
/m/0g57wgv /film/film/other_crew./film/film_crew_gig/film_crew_role /m/09zzb8 146 27 0 0 0 0
/m/033f8n /film/film/other_crew./film/film_crew_gig/film_crew_role /m/0ch6mp2 118 44 0 0 0 0
/m/033f8n /film/film/other_crew./film/film_crew_gig/film_crew_role /m/0215hd 6 4 1 1 0 0
/m/05nlx4 /film/film/other_crew./film/film_crew_gig/film_crew_role /m/01xy5l_ 5540 5531 0 0 0 0
/m/043tvp3 /film/film/other_crew./film/film_crew_gig/film_crew_role /m/0dxtw 8 6 1 1 0 0
/m/03z106 /film/film/other_crew./film/film_crew_gig/film_crew_role /m/02r96rf 220 98 0 0 0 0
/m/0dfw0 /film/film/other_crew./film/film_crew_gig/film_crew_role /m/01vx2h 9 5 1 1 0 0
/m/03ckwzc /film/film/other_crew./film/film_crew_gig/film_crew_role /m/02_n3z 5491 5453 0 0 0 0
/m/04lhc4 /film/film/other_crew./film/film_crew_gig/film_crew_role /m/0dxtw 124 107 0 0 0 0
/m/057lbk /film/film/other_crew./film/film_crew_gig/film_crew_role /m/01pvkk 27 20 0 0 0 0
/m/0bmfnjs /film/film/other_crew./film/film_crew_gig/film_crew_role /m/01xy5l_ 20 17 0 0 0 0
/m/05pxnmb /film/film/other_crew./film/film_crew_gig/film_crew_role /m/0d2b38 8654 8644 0 0 0 0
/m/048htn /film/film/other_crew./film/film_crew_gig/film_crew_role /m/02r96rf 219 97 0 0 0 0
/m/0ggbhy7 /film/film/other_crew./film/film_crew_gig/film_crew_role /m/09vw2b7 211 120 0 0 0 0
/m/065z3_x /film/film/other_crew./film/film_crew_gig/film_crew_role /m/02r96rf 117 42 0 0 0 0
/m/0241y7 /film/film/other_crew./film/film_crew_gig/film_crew_role /m/015h31 176 174 0 0 0 0
/m/0bbw2z6 /film/film/other_crew./film/film_crew_gig/film_crew_role /m/0ch6mp2 66 18 0 0 0 0
/m/072r5v /film/film/other_crew./film/film_crew_gig/film_crew_role /m/0ch6mp2 121 47 0 0 0 0
/m/0fb7sd /film/film/other_crew./film/film_crew_gig/film_crew_role /m/02ynfr 53 51 0 0 0 0
/m/05pdd86 /film/film/other_crew./film/film_crew_gig/film_crew_role /m/0ch6mp2 25 5 0 1 0 0
/m/0kv9d3 /film/film/other_crew./film/film_crew_gig/film_crew_role /m/0dxtw 130 113 0 0 0 0
/m/07jxpf /film/film/other_crew./film/film_crew_gig/film_crew_role /m/0ch6mp2 117 43 0 0 0 0
/m/02rv_dz /film/film/other_crew./film/film_crew_gig/film_crew_role /m/09vw2b7 205 114 0 0 0 0
/m/0fphgb /film/film/other_crew./film/film_crew_gig/film_crew_role /m/09zzb8 186 50 0 0 0 0
/m/0_b3d /film/film/other_crew./film/film_crew_gig/film_crew_role /m/06qc5 8950 8938 0 0 0 0
/m/03hkch7 /film/film/other_crew./film/film_crew_gig/film_crew_role /m/0ch6mp2 118 44 0 0 0 0
/m/0dnkmq /film/film/other_crew./film/film_crew_gig/film_crew_role /m/0dxtw 17 12 0 0 0 0
/m/0fpv_3_ /film/film/other_crew./film/film_crew_gig/film_crew_role /m/02rh1dz 28 23 0 0 0 0
/m/011ypx /film/film/other_crew./film/film_crew_gig/film_crew_role /m/09vw2b7 128 58 0 0 0 0
/m/02z2mr7 /film/film/other_crew./film/film_crew_gig/film_crew_role /m/09vw2b7 85 35 0 0 0 0
/m/08gsvw /film/film/other_crew./film/film_crew_gig/film_crew_role /m/02r96rf 88 25 0 0 0 0
/m/0j_t1 /film/film/other_crew./film/film_crew_gig/film_crew_role /m/01pvkk 138 124 0 0 0 0
/m/02fj8n /film/film/other_crew./film/film_crew_gig/film_crew_role /m/015h31 5567 5533 0 0 0 0
/m/03t97y /film/film/other_crew./film/film_crew_gig/film_crew_role /m/09zzb8 156 32 0 0 0 0
/m/0gx1bnj /film/film/other_crew./film/film_crew_gig/film_crew_role /m/0dxtw 36 28 0 0 0 0
/m/02q0k7v /film/film/other_crew./film/film_crew_gig/film_crew_role /m/01xy5l_ 20 17 0 0 0 0
/m/04180vy /film/film/other_crew./film/film_crew_gig/film_crew_role /m/089fss 3405 3394 0 0 0 0
/m/04q01mn /film/film/other_crew./film/film_crew_gig/film_crew_role /m/09vw2b7 210 119 0 0 0 0
/m/07gp9 /film/film/other_crew./film/film_crew_gig/film_crew_role /m/02rh1dz 11 7 0 1 0 0
/m/0c0nhgv /film/film/other_crew./film/film_crew_gig/film_crew_role /m/09zzb8 60 3 0 1 0 0
/m/0bscw /film/film/other_crew./film/film_crew_gig/film_crew_role /m/01vx2h 155 125 0 0 0 0
/m/0hz6mv2 /film/film/other_crew./film/film_crew_gig/film_crew_role /m/01pvkk 152 138 0 0 0 0
/m/0btpm6 /film/film/other_crew./film/film_crew_gig/film_crew_role /m/01vx2h 37 27 0 0 0 0
/m/0fzm0g /film/film/other_crew./film/film_crew_gig/film_crew_role /m/02r96rf 221 99 0 0 0 0
/m/0243cq /film/film/other_crew./film/film_crew_gig/film_crew_role /m/089g0h 13 10 0 1 0 0
/m/0fs9vc /film/film/other_crew./film/film_crew_gig/film_crew_role /m/015h31 11171 11101 0 0 0 0
/m/02qsqmq /film/film/other_crew./film/film_crew_gig/film_crew_role /m/0ch6mp2 123 49 0 0 0 0
/m/0kv238 /film/film/other_crew./film/film_crew_gig/film_crew_role /m/09zzb8 41 1 0 1 0 1
/m/0gj96ln /film/film/other_crew./film/film_crew_gig/film_crew_role /m/01vx2h 152 122 0 0 0 0
/m/04jwly /film/film/other_crew./film/film_crew_gig/film_crew_role /m/0ch6mp2 118 44 0 0 0 0
/m/047gn4y /film/film/other_crew./film/film_crew_gig/film_crew_role /m/015h31 12362 12282 0 0 0 0
/m/035s95 /film/film/other_crew./film/film_crew_gig/film_crew_role /m/09vw2b7 205 114 0 0 0 0
/m/0c8tkt /film/film/other_crew./film/film_crew_gig/film_crew_role /m/01pvkk 95 82 0 0 0 0
/m/0crc2cp /film/film/other_crew./film/film_crew_gig/film_crew_role /m/0dxtw 72 59 0 0 0 0
/m/063_j5 /film/film/other_crew./film/film_crew_gig/film_crew_role /m/0dxtw 81 68 0 0 0 0
/m/04fv5b /film/film/other_crew./film/film_crew_gig/film_crew_role /m/09vw2b7 208 117 0 0 0 0
/m/06fpsx /film/film/other_crew./film/film_crew_gig/film_crew_role /m/089g0h 12 9 0 1 0 0
/m/04gknr /film/film/other_crew./film/film_crew_gig/film_crew_role /m/09vw2b7 165 81 0 0 0 0
/m/0dc7hc /film/film/other_crew./film/film_crew_gig/film_crew_role /m/01vx2h 156 126 0 0 0 0
/m/03s6l2 /film/film/other_crew./film/film_crew_gig/film_crew_role /m/0dxtw 101 87 0 0 0 0
/m/0bs8ndx /film/film/other_crew./film/film_crew_gig/film_crew_role /m/089fss 6282 6249 0 0 0 0
/m/0cz_ym /film/film/other_crew./film/film_crew_gig/film_crew_role /m/02ynfr 53 51 0 0 0 0
/m/06_wqk4 /film/film/other_crew./film/film_crew_gig/film_crew_role /m/02_n3z 1902 1888 0 0 0 0
/m/06_wqk4 /film/film/other_crew./film/film_crew_gig/film_crew_role /m/0ch6mp2 26 6 0 1 0 0
/m/03mh_tp /film/film/other_crew./film/film_crew_gig/film_crew_role /m/0dxtw 88 75 0 0 0 0
/m/01n30p /film/film/other_crew./film/film_crew_gig/film_crew_role /m/09vw2b7 168 84 0 0 0 0
/m/0404j37 /film/film/other_crew./film/film_crew_gig/film_crew_role /m/0dxtw 50 40 0 0 0 0
/m/02kfzz /film/film/other_crew./film/film_crew_gig/film_crew_role /m/0ch6mp2 68 19 0 0 0 0
/m/0ndsl1x /film/film/other_crew./film/film_crew_gig/film_crew_role /m/09vw2b7 181 95 0 0 0 0
/m/072x7s /film/film/other_crew./film/film_crew_gig/film_crew_role /m/04pyp5 4833 4808 0 0 0 0
/m/04gv3db /film/film/other_crew./film/film_crew_gig/film_crew_role /m/02r96rf 28 3 0 1 0 0
/m/087vnr5 /film/film/other_crew./film/film_crew_gig/film_crew_role /m/0ch6mp2 29 7 0 1 0 0
/m/01shy7 /film/film/other_crew./film/film_crew_gig/film_crew_role /m/09zzb8 73 5 0 1 0 0
/m/01hvjx /film/film/other_crew./film/film_crew_gig/film_crew_role /m/01vx2h 160 130 0 0 0 0
/m/0642ykh /film/film/other_crew./film/film_crew_gig/film_crew_role /m/0dxtw 18 12 0 0 0 0
/m/01633c /film/film/other_crew./film/film_crew_gig/film_crew_role /m/09vw2b7 167 83 0 0 0 0
/m/076xkps /film/film/other_crew./film/film_crew_gig/film_crew_role /m/05smlt 9032 9024 0 0 0 0
/m/0b6l1st /film/film/other_crew./film/film_crew_gig/film_crew_role /m/0ch6mp2 27 6 0 1 0 0
/m/02q56mk /film/film/other_crew./film/film_crew_gig/film_crew_role /m/0ch6mp2 115 41 0 0 0 0
/m/0g9wdmc /film/film/other_crew./film/film_crew_gig/film_crew_role /m/02r96rf 161 63 0 0 0 0
/m/0gwgn1k /film/film/other_crew./film/film_crew_gig/film_crew_role /m/0dxtw 72 59 0 0 0 0
/m/09hy79 /film/film/other_crew./film/film_crew_gig/film_crew_role /m/09zzb8 153 30 0 0 0 0
/m/02v8kmz /film/film/other_crew./film/film_crew_gig/film_crew_role /m/0215hd 9 7 1 1 0 0
/m/02rmd_2 /film/film/other_crew./film/film_crew_gig/film_crew_role /m/0ch6mp2 100 29 0 0 0 0
/m/01shy7 /film/film/other_crew./film/film_crew_gig/film_crew_role /m/02r96rf 106 36 0 0 0 0
/m/0fpv_3_ /film/film/other_crew./film/film_crew_gig/film_crew_role /m/094hwz 613 612 0 0 0 0
/m/07p62k /film/film/other_crew./film/film_crew_gig/film_crew_role /m/02r96rf 91 28 0 0 0 0
/m/05nlx4 /film/film/other_crew./film/film_crew_gig/film_crew_role /m/09vw2b7 91 39 0 0 0 0
/m/0gyfp9c /film/film/other_crew./film/film_crew_gig/film_crew_role /m/0ch6mp2 154 64 0 0 0 0
/m/05mrf_p /film/film/other_crew./film/film_crew_gig/film_crew_role /m/02_n3z 3845 3813 0 0 0 0
/m/09p35z /film/film/other_crew./film/film_crew_gig/film_crew_role /m/02r96rf 321 172 0 0 0 0
/m/050gkf /film/film/other_crew./film/film_crew_gig/film_crew_role /m/02r96rf 218 96 0 0 0 0
/m/0k2sk /film/film/other_crew./film/film_crew_gig/film_crew_role /m/02r96rf 402 246 0 0 0 0
/m/09txzv /film/film/other_crew./film/film_crew_gig/film_crew_role /m/033smt 1504 1496 0 0 0 0
/m/01qvz8 /film/film/other_crew./film/film_crew_gig/film_crew_role /m/09zzb8 157 33 0 0 0 0
/m/07ykkx5 /film/film/other_crew./film/film_crew_gig/film_crew_role /m/0215hd 5 3 1 1 0 0
/m/0416y94 /film/film/other_crew./film/film_crew_gig/film_crew_role /m/0215hd 19 15 0 0 0 0
/m/0pdp8 /film/film/other_crew./film/film_crew_gig/film_crew_role /m/01pvkk 174 158 0 0 0 0
/m/03n3gl /film/film/other_crew./film/film_crew_gig/film_crew_role /m/0ch6mp2 120 46 0 0 0 0
/m/01srq2 /film/film/other_crew./film/film_crew_gig/film_crew_role /m/09zzb8 298 120 0 0 0 0
/m/0ndsl1x /film/film/other_crew./film/film_crew_gig/film_crew_role /m/0ch6mp2 224 113 0 0 0 0
/m/05nyqk /film/film/other_crew./film/film_crew_gig/film_crew_role /m/0dxtw 86 73 0 0 0 0
/m/07f_t4 /film/film/other_crew./film/film_crew_gig/film_crew_role /m/01pvkk 107 94 0 0 0 0
/m/051ys82 /film/film/other_crew./film/film_crew_gig/film_crew_role /m/09zzb8 193 55 0 0 0 0
/m/0fpkhkz /film/film/other_crew./film/film_crew_gig/film_crew_role /m/01vx2h 116 90 0 0 0 0
/m/047n8xt /film/film/other_crew./film/film_crew_gig/film_crew_role /m/09vw2b7 126 56 0 0 0 0
/m/08gsvw /film/film/other_crew./film/film_crew_gig/film_crew_role /m/0dxtw 16 11 0 0 0 0
/m/01v1ln /film/film/other_crew./film/film_crew_gig/film_crew_role /m/0dxtw 58 46 0 0 0 0
/m/01gkp1 /film/film/other_crew./film/film_crew_gig/film_crew_role /m/0ch6mp2 124 50 0 0 0 0
/m/0dpl44 /film/film/other_crew./film/film_crew_gig/film_crew_role /m/01pvkk 132 118 0 0 0 0
/m/07_fj54 /film/film/other_crew./film/film_crew_gig/film_crew_role /m/02rh1dz 29 24 0 0 0 0
/m/0d87hc /film/film/other_crew./film/film_crew_gig/film_crew_role /m/0dxtw 84 71 0 0 0 0
/m/01pj_5 /film/film/other_crew./film/film_crew_gig/film_crew_role /m/01pvkk 171 155 0 0 0 0
/m/0270k40 /film/film/other_crew./film/film_crew_gig/film_crew_role /m/09zzb8 50 1 0 1 0 1
/m/09m6kg /film/film/other_crew./film/film_crew_gig/film_crew_role /m/02r96rf 150 59 0 0 0 0
/m/03m8y5 /film/film/other_crew./film/film_crew_gig/film_crew_role /m/09zzb8 204 66 0 0 0 0
/m/0kvgxk /film/film/other_crew./film/film_crew_gig/film_crew_role /m/0ch6mp2 28 6 0 1 0 0
/m/0kvgxk /film/film/other_crew./film/film_crew_gig/film_crew_role /m/02r96rf 221 99 0 0 0 0
/m/01gglm /film/film/other_crew./film/film_crew_gig/film_crew_role /m/02_n3z 6448 6401 0 0 0 0
/m/02dr9j /film/film/other_crew./film/film_crew_gig/film_crew_role /m/02ynfr 38 36 0 0 0 0
/m/02847m9 /film/film/other_crew./film/film_crew_gig/film_crew_role /m/0ch6mp2 213 105 0 0 0 0
/m/03cd0x /film/film/other_crew./film/film_crew_gig/film_crew_role /m/01vx2h 84 61 0 0 0 0
/m/02bj22 /film/film/other_crew./film/film_crew_gig/film_crew_role /m/09zzb8 201 63 0 0 0 0
/m/01svry /film/film/other_crew./film/film_crew_gig/film_crew_role /m/09zzb8 159 35 0 0 0 0
/m/03tps5 /film/film/other_crew./film/film_crew_gig/film_crew_role /m/09vw2b7 206 115 0 0 0 0
/m/03b_fm5 /film/film/other_crew./film/film_crew_gig/film_crew_role /m/09vw2b7 125 55 0 0 0 0
/m/04vh83 /film/film/other_crew./film/film_crew_gig/film_crew_role /m/0dxtw 125 108 0 0 0 0
/m/047n8xt /film/film/other_crew./film/film_crew_gig/film_crew_role /m/01xy5l_ 1913 1909 0 0 0 0
/m/0j3d9tn /film/film/other_crew./film/film_crew_gig/film_crew_role /m/09zzb8 139 24 0 0 0 0
/m/0421v9q /film/film/other_crew./film/film_crew_gig/film_crew_role /m/09vw2b7 74 30 0 0 0 0
/m/0cc5mcj /film/film/other_crew./film/film_crew_gig/film_crew_role /m/01vx2h 6 3 1 1 0 0
/m/03mh94 /film/film/other_crew./film/film_crew_gig/film_crew_role /m/01vx2h 159 129 0 0 0 0
/m/08c4yn /film/film/other_crew./film/film_crew_gig/film_crew_role /m/02r96rf 223 101 0 0 0 0
/m/0b1y_2 /film/film/other_crew./film/film_crew_gig/film_crew_role /m/01vx2h 64 45 0 0 0 0
/m/01bb9r /film/film/other_crew./film/film_crew_gig/film_crew_role /m/0ch6mp2 118 44 0 0 0 0
/m/01s7w3 /film/film/other_crew./film/film_crew_gig/film_crew_role /m/0ch6mp2 121 47 0 0 0 0
/m/02q6gfp /film/film/other_crew./film/film_crew_gig/film_crew_role /m/01pvkk 84 71 0 0 0 0
/m/0416y94 /film/film/other_crew./film/film_crew_gig/film_crew_role /m/089g0h 24 21 0 0 0 0
/m/04n52p6 /film/film/other_crew./film/film_crew_gig/film_crew_role /m/02r96rf 5 1 1 1 0 1
/m/09gq0x5 /film/film/other_crew./film/film_crew_gig/film_crew_role /m/0ch6mp2 114 40 0 0 0 0
/m/02dr9j /film/film/other_crew./film/film_crew_gig/film_crew_role /m/01pvkk 81 68 0 0 0 0
/m/09hy79 /film/film/other_crew./film/film_crew_gig/film_crew_role /m/089g0h 8 5 1 1 0 0
/m/09fqgj /film/film/other_crew./film/film_crew_gig/film_crew_role /m/0ch6mp2 120 46 0 0 0 0
/m/0ptdz /film/film/other_crew./film/film_crew_gig/film_crew_role /m/01pvkk 136 122 0 0 0 0
/m/05zy2cy /film/film/other_crew./film/film_crew_gig/film_crew_role /m/02r96rf 90 27 0 0 0 0
/m/047p7fr /film/film/other_crew./film/film_crew_gig/film_crew_role /m/0dxtw 70 57 0 0 0 0
/m/047p7fr /film/film/other_crew./film/film_crew_gig/film_crew_role /m/02vs3x5 11220 11165 0 0 0 0
/m/07_fj54 /film/film/other_crew./film/film_crew_gig/film_crew_role /m/09vw2b7 127 57 0 0 0 0
/m/04ddm4 /film/film/other_crew./film/film_crew_gig/film_crew_role /m/0ch6mp2 320 180 0 0 0 0
/m/02q56mk /film/film/other_crew./film/film_crew_gig/film_crew_role /m/09zzb8 49 1 0 1 0 1
/m/0jjy0 /film/film/other_crew./film/film_crew_gig/film_crew_role /m/02r96rf 195 81 0 0 0 0
/m/080lkt7 /film/film/other_crew./film/film_crew_gig/film_crew_role /m/01vx2h 252 221 0 0 0 0
/m/0prh7 /film/film/other_crew./film/film_crew_gig/film_crew_role /m/09zzb8 198 60 0 0 0 0
/m/0ct5zc /film/film/other_crew./film/film_crew_gig/film_crew_role /m/01pvkk 97 84 0 0 0 0
/m/04nl83 /film/film/other_crew./film/film_crew_gig/film_crew_role /m/02r96rf 224 102 0 0 0 0
/m/06x43v /film/film/other_crew./film/film_crew_gig/film_crew_role /m/0ch6mp2 116 42 0 0 0 0
/m/026hh0m /film/film/other_crew./film/film_crew_gig/film_crew_role /m/0dxtw 44 34 0 0 0 0
/m/095z4q /film/film/other_crew./film/film_crew_gig/film_crew_role /m/02r96rf 92 29 0 0 0 0
/m/046f3p /film/film/other_crew./film/film_crew_gig/film_crew_role /m/02r96rf 323 174 0 0 0 0
/m/04165w /film/film/other_crew./film/film_crew_gig/film_crew_role /m/09vw2b7 235 138 0 0 0 0
/m/077q8x /film/film/other_crew./film/film_crew_gig/film_crew_role /m/09zzb8 148 27 0 0 0 0
/m/0ndsl1x /film/film/other_crew./film/film_crew_gig/film_crew_role /m/01vx2h 150 120 0 0 0 0
/m/011yph /film/film/other_crew./film/film_crew_gig/film_crew_role /m/0dxtw 295 272 0 0 0 0
/m/08720 /film/film/other_crew./film/film_crew_gig/film_crew_role /m/02r96rf 312 164 0 0 0 0
/m/028kj0 /film/film/other_crew./film/film_crew_gig/film_crew_role /m/01pvkk 85 72 0 0 0 0
/m/02bg55 /film/film/other_crew./film/film_crew_gig/film_crew_role /m/0ch6mp2 99 29 0 0 0 0
/m/0hx4y /film/film/other_crew./film/film_crew_gig/film_crew_role /m/02r96rf 270 130 0 0 0 0
/m/05sxzwc /film/film/other_crew./film/film_crew_gig/film_crew_role /m/01vx2h 61 42 0 0 0 0
/m/02h22 /film/film/other_crew./film/film_crew_gig/film_crew_role /m/0dxtw 73 60 0 0 0 0
/m/056xkh /film/film/other_crew./film/film_crew_gig/film_crew_role /m/09zzb8 204 66 0 0 0 0
/m/0170z3 /film/film/other_crew./film/film_crew_gig/film_crew_role /m/09vw2b7 275 169 0 0 0 0
/m/053rxgm /film/film/other_crew./film/film_crew_gig/film_crew_role /m/089g0h 8 5 1 1 0 0
/m/06x43v /film/film/other_crew./film/film_crew_gig/film_crew_role /m/02ynfr 38 36 0 0 0 0
/m/03177r /film/film/other_crew./film/film_crew_gig/film_crew_role /m/0ch6mp2 116 42 0 0 0 0
/m/0404j37 /film/film/other_crew./film/film_crew_gig/film_crew_role /m/09vw2b7 68 24 0 0 0 0
/m/01qb559 /film/film/other_crew./film/film_crew_gig/film_crew_role /m/02r96rf 91 28 0 0 0 0
/m/0cmdwwg /film/film/other_crew./film/film_crew_gig/film_crew_role /m/02r96rf 300 153 0 0 0 0
/m/0642xf3 /film/film/other_crew./film/film_crew_gig/film_crew_role /m/0215hd 19 15 0 0 0 0
/m/0gj9qxr /film/film/other_crew./film/film_crew_gig/film_crew_role /m/09zzb8 180 46 0 0 0 0
/m/027x7z5 /film/film/other_crew./film/film_crew_gig/film_crew_role /m/09vw2b7 126 56 0 0 0 0
/m/083shs /film/film/other_crew./film/film_crew_gig/film_crew_role /m/0dxtw 85 72 0 0 0 0
/m/08052t3 /film/film/other_crew./film/film_crew_gig/film_crew_role /m/089g0h 28 24 0 0 0 0
/m/0bm2nq /film/film/other_crew./film/film_crew_gig/film_crew_role /m/02r96rf 91 28 0 0 0 0
/m/0b73_1d /film/film/other_crew./film/film_crew_gig/film_crew_role /m/02r96rf 86 23 0 0 0 0
/m/05c46y6 /film/film/other_crew./film/film_crew_gig/film_crew_role /m/089g0h 8 5 1 1 0 0
/m/03cw411 /film/film/other_crew./film/film_crew_gig/film_crew_role /m/0ch6mp2 147 62 0 0 0 0
/m/09txzv /film/film/other_crew./film/film_crew_gig/film_crew_role /m/014kbl 7852 7846 0 0 0 0
/m/0crd8q6 /film/film/other_crew./film/film_crew_gig/film_crew_role /m/01vx2h 158 128 0 0 0 0
/m/09gdm7q /film/film/other_crew./film/film_crew_gig/film_crew_role /m/02r96rf 188 77 0 0 0 0
/m/08984j /film/film/other_crew./film/film_crew_gig/film_crew_role /m/09vw2b7 205 114 0 0 0 0
/m/09rvwmy /film/film/other_crew./film/film_crew_gig/film_crew_role /m/0215hd 8 6 1 1 0 0
/m/01h7bb /film/film/other_crew./film/film_crew_gig/film_crew_role /m/0dxtw 82 69 0 0 0 0
/m/06znpjr /film/film/other_crew./film/film_crew_gig/film_crew_role /m/0d2b38 18 13 0 0 0 0
/m/05pdd86 /film/film/other_crew./film/film_crew_gig/film_crew_role /m/015h31 7987 7940 0 0 0 0
/m/06z8s_ /film/film/other_crew./film/film_crew_gig/film_crew_role /m/01pvkk 25 18 0 0 0 0
/m/08phg9 /film/film/other_crew./film/film_crew_gig/film_crew_role /m/0ch6mp2 18 3 0 1 0 0
/m/03mh_tp /film/film/other_crew./film/film_crew_gig/film_crew_role /m/02ynfr 55 53 0 0 0 0
/m/04h4c9 /film/film/other_crew./film/film_crew_gig/film_crew_role /m/0dxtw 86 73 0 0 0 0
/m/08fn5b /film/film/other_crew./film/film_crew_gig/film_crew_role /m/01vx2h 45 31 0 0 0 0
/m/07yvsn /film/film/other_crew./film/film_crew_gig/film_crew_role /m/09vw2b7 210 119 0 0 0 0
/m/0dzlbx /film/film/other_crew./film/film_crew_gig/film_crew_role /m/020xn5 5443 5433 0 0 0 0
/m/03g90h /film/film/other_crew./film/film_crew_gig/film_crew_role /m/0263ycg 13697 13664 0 0 0 0
/m/051ys82 /film/film/other_crew./film/film_crew_gig/film_crew_role /m/0dxtw 48 38 0 0 0 0
/m/06v9_x /film/film/other_crew./film/film_crew_gig/film_crew_role /m/0ch6mp2 99 29 0 0 0 0
/m/05pdh86 /film/film/other_crew./film/film_crew_gig/film_crew_role /m/01xy5l_ 11 8 0 1 0 0
/m/071nw5 /film/film/other_crew./film/film_crew_gig/film_crew_role /m/02r96rf 222 100 0 0 0 0
/m/05zy2cy /film/film/other_crew./film/film_crew_gig/film_crew_role /m/0dxtw 46 36 0 0 0 0
/m/035w2k /film/film/other_crew./film/film_crew_gig/film_crew_role /m/0ch6mp2 119 45 0 0 0 0
/m/04tqtl /film/film/other_crew./film/film_crew_gig/film_crew_role /m/01vx2h 154 124 0 0 0 0
/m/02725hs /film/film/other_crew./film/film_crew_gig/film_crew_role /m/0d2b38 35 30 0 0 0 0
/m/0dsvzh /film/film/other_crew./film/film_crew_gig/film_crew_role /m/0ch6mp2 119 45 0 0 0 0
/m/0g5838s /film/film/other_crew./film/film_crew_gig/film_crew_role /m/09zzb8 7 1 1 1 0 1
/m/08s6mr /film/film/other_crew./film/film_crew_gig/film_crew_role /m/01xy5l_ 15 12 0 0 0 0
/m/0ddj0x /film/film/other_crew./film/film_crew_gig/film_crew_role /m/0ch6mp2 104 32 0 0 0 0
/m/01svry /film/film/other_crew./film/film_crew_gig/film_crew_role /m/02r96rf 154 60 0 0 0 0
/m/03c_cxn /film/film/other_crew./film/film_crew_gig/film_crew_role /m/09zzb8 617 403 0 0 0 0
/m/05r3qc /film/film/other_crew./film/film_crew_gig/film_crew_role /m/0dxtw 85 72 0 0 0 0
/m/09bw4_ /film/film/other_crew./film/film_crew_gig/film_crew_role /m/09zzb8 90 7 0 1 0 0
/m/04h41v /film/film/other_crew./film/film_crew_gig/film_crew_role /m/01pvkk 173 157 0 0 0 0
/m/0j8f09z /film/film/other_crew./film/film_crew_gig/film_crew_role /m/02rh1dz 12666 12661 0 0 0 0
/m/03ckwzc /film/film/other_crew./film/film_crew_gig/film_crew_role /m/02ynfr 50 48 0 0 0 0
/m/08052t3 /film/film/other_crew./film/film_crew_gig/film_crew_role /m/089fss 7316 7280 0 0 0 0
/m/0drnwh /film/film/other_crew./film/film_crew_gig/film_crew_role /m/09vw2b7 42 10 0 1 0 0
/m/07jnt /film/film/other_crew./film/film_crew_gig/film_crew_role /m/09zzb8 293 118 0 0 0 0
/m/0dq626 /film/film/other_crew./film/film_crew_gig/film_crew_role /m/01pvkk 106 93 0 0 0 0
/m/01vw8k /film/film/other_crew./film/film_crew_gig/film_crew_role /m/0dxtw 101 87 0 0 0 0
/m/0x25q /film/film/other_crew./film/film_crew_gig/film_crew_role /m/09vw2b7 22 5 0 1 0 0
/m/02_fz3 /film/film/other_crew./film/film_crew_gig/film_crew_role /m/02r96rf 221 99 0 0 0 0
/m/01qb5d /film/film/other_crew./film/film_crew_gig/film_crew_role /m/015h31 6 5 1 1 0 0
/m/0b44shh /film/film/other_crew./film/film_crew_gig/film_crew_role /m/09zzb8 288 117 0 0 0 0
/m/021y7yw /film/film/other_crew./film/film_crew_gig/film_crew_role /m/01pvkk 107 94 0 0 0 0
/m/078sj4 /film/film/other_crew./film/film_crew_gig/film_crew_role /m/01pvkk 85 72 0 0 0 0
/m/05p3738 /film/film/other_crew./film/film_crew_gig/film_crew_role /m/09vw2b7 206 115 0 0 0 0
/m/0gfsq9 /film/film/other_crew./film/film_crew_gig/film_crew_role /m/0dxtw 46 36 0 0 0 0
/m/0gc_c_ /film/film/other_crew./film/film_crew_gig/film_crew_role /m/0ch6mp2 72 20 0 0 0 0
/m/035bcl /film/film/other_crew./film/film_crew_gig/film_crew_role /m/0d2b38 7 5 1 1 0 0
/m/02qd04y /film/film/other_crew./film/film_crew_gig/film_crew_role /m/02r96rf 345 195 0 0 0 0
/m/02v8kmz /film/film/other_crew./film/film_crew_gig/film_crew_role /m/0ch6mp2 136 59 0 0 0 0
/m/0243cq /film/film/other_crew./film/film_crew_gig/film_crew_role /m/02r96rf 94 31 0 0 0 0
/m/09r94m /film/film/other_crew./film/film_crew_gig/film_crew_role /m/01vx2h 86 63 0 0 0 0
/m/04ynx7 /film/film/other_crew./film/film_crew_gig/film_crew_role /m/09zzb8 198 60 0 0 0 0
/m/03_wm6 /film/film/other_crew./film/film_crew_gig/film_crew_role /m/09vw2b7 162 78 0 0 0 0
/m/03_wm6 /film/film/other_crew./film/film_crew_gig/film_crew_role /m/01pvkk 83 70 0 0 0 0
/m/03z9585 /film/film/other_crew./film/film_crew_gig/film_crew_role /m/09vw2b7 106 45 0 0 0 0
/m/05c9zr /film/film/other_crew./film/film_crew_gig/film_crew_role /m/02rh1dz 28 23 0 0 0 0
/m/024lt6 /film/film/other_crew./film/film_crew_gig/film_crew_role /m/0ch6mp2 275 141 0 0 0 0
/m/083skw /film/film/other_crew./film/film_crew_gig/film_crew_role /m/09zzb8 478 266 0 0 0 0
/m/05q96q6 /film/film/other_crew./film/film_crew_gig/film_crew_role /m/02r96rf 88 25 0 0 0 0
/m/02h22 /film/film/other_crew./film/film_crew_gig/film_crew_role /m/09zzb8 180 46 0 0 0 0
/m/091z_p /film/film/other_crew./film/film_crew_gig/film_crew_role /m/0dxtw 50 40 0 0 0 0
/m/03lfd_ /film/film/other_crew./film/film_crew_gig/film_crew_role /m/0263ycg 13943 13910 0 0 0 0
/m/05pt0l /film/film/other_crew./film/film_crew_gig/film_crew_role /m/09zzb8 308 125 0 0 0 0
/m/02wwmhc /film/film/other_crew./film/film_crew_gig/film_crew_role /m/02ynfr 39 37 0 0 0 0
/m/07k8rt4 /film/film/other_crew./film/film_crew_gig/film_crew_role /m/02ynfr 40 38 0 0 0 0
/m/07k8rt4 /film/film/other_crew./film/film_crew_gig/film_crew_role /m/02r96rf 88 25 0 0 0 0
/m/011yph /film/film/other_crew./film/film_crew_gig/film_crew_role /m/01pvkk 240 219 0 0 0 0
/m/0gkz15s /film/film/other_crew./film/film_crew_gig/film_crew_role /m/09zzb8 232 78 0 0 0 0
/m/0233bn /film/film/other_crew./film/film_crew_gig/film_crew_role /m/0ch6mp2 234 120 0 0 0 0
/m/0gxtknx /film/film/other_crew./film/film_crew_gig/film_crew_role /m/09zzb8 289 117 0 0 0 0
/m/07cyl /film/film/other_crew./film/film_crew_gig/film_crew_role /m/02vs3x5 10491 10443 0 0 0 0
/m/087pfc /film/film/other_crew./film/film_crew_gig/film_crew_role /m/09zzb8 280 112 0 0 0 0
/m/034qmv /film/film/other_crew./film/film_crew_gig/film_crew_role /m/09zzb8 110 14 0 0 0 0
/m/04tqtl /film/film/other_crew./film/film_crew_gig/film_crew_role /m/02ynfr 48 46 0 0 0 0
/m/0415ggl /film/film/other_crew./film/film_crew_gig/film_crew_role /m/02r96rf 114 40 0 0 0 0
/m/050r1z /film/film/other_crew./film/film_crew_gig/film_crew_role /m/0d2b38 6813 6805 0 0 0 0
/m/09v3jyg /film/film/other_crew./film/film_crew_gig/film_crew_role /m/01pvkk 96 83 0 0 0 0
/m/014_x2 /film/film/other_crew./film/film_crew_gig/film_crew_role /m/02r96rf 249 118 0 0 0 0
/m/02q87z6 /film/film/other_crew./film/film_crew_gig/film_crew_role /m/02vs3x5 4580 4561 0 0 0 0
/m/0jdr0 /film/film/other_crew./film/film_crew_gig/film_crew_role /m/09zzb8 319 132 0 0 0 0
/m/08g_jw /film/film/other_crew./film/film_crew_gig/film_crew_role /m/02ynfr 53 51 0 0 0 0
/m/047bynf /film/film/other_crew./film/film_crew_gig/film_crew_role /m/0215hd 24 19 0 0 0 0
/m/01w8g3 /film/film/other_crew./film/film_crew_gig/film_crew_role /m/09zzb8 201 63 0 0 0 0
/m/0d90m /film/film/other_crew./film/film_crew_gig/film_crew_role /m/09zzb8 194 56 0 0 0 0
/m/0d90m /film/film/other_crew./film/film_crew_gig/film_crew_role /m/0dxtw 45 35 0 0 0 0
/m/0fqt1ns /film/film/other_crew./film/film_crew_gig/film_crew_role /m/01vx2h 84 61 0 0 0 0
/m/0_b3d /film/film/other_crew./film/film_crew_gig/film_crew_role /m/0ch6mp2 53 15 0 0 0 0
/m/04t6fk /film/film/other_crew./film/film_crew_gig/film_crew_role /m/0ch6mp2 249 128 0 0 0 0
/m/01k60v /film/film/other_crew./film/film_crew_gig/film_crew_role /m/01pvkk 127 113 0 0 0 0
/m/0125xq /film/film/other_crew./film/film_crew_gig/film_crew_role /m/09zzb8 40 1 0 1 0 1
/m/011ykb /film/film/other_crew./film/film_crew_gig/film_crew_role /m/0ch6mp2 123 49 0 0 0 0
/m/0gvt53w /film/film/other_crew./film/film_crew_gig/film_crew_role /m/02r96rf 203 83 0 0 0 0
/m/031786 /film/film/other_crew./film/film_crew_gig/film_crew_role /m/02r96rf 332 183 0 0 0 0
/m/02vqhv0 /film/film/other_crew./film/film_crew_gig/film_crew_role /m/0215hd 6 4 1 1 0 0
/m/05mrf_p /film/film/other_crew./film/film_crew_gig/film_crew_role /m/02r96rf 91 28 0 0 0 0
/m/02d49z /film/film/other_crew./film/film_crew_gig/film_crew_role /m/01pvkk 240 219 0 0 0 0
/m/0bmfnjs /film/film/other_crew./film/film_crew_gig/film_crew_role /m/05smlt 10030 10013 0 0 0 0
/m/04gknr /film/film/other_crew./film/film_crew_gig/film_crew_role /m/02r96rf 318 170 0 0 0 0
/m/03t79f /film/film/other_crew./film/film_crew_gig/film_crew_role /m/09vw2b7 214 123 0 0 0 0
/m/012kyx /film/film/other_crew./film/film_crew_gig/film_crew_role /m/09zzb8 201 63 0 0 0 0
/m/0gy0n /film/film/other_crew./film/film_crew_gig/film_crew_role /m/01pvkk 106 93 0 0 0 0
/m/05h43ls /film/film/other_crew./film/film_crew_gig/film_crew_role /m/02r96rf 91 28 0 0 0 0
/m/07p12s /film/film/other_crew./film/film_crew_gig/film_crew_role /m/02r96rf 88 25 0 0 0 0
/m/07tj4c /film/film/other_crew./film/film_crew_gig/film_crew_role /m/0ch6mp2 577 412 0 0 0 0
/m/0ds2l81 /film/film/other_crew./film/film_crew_gig/film_crew_role /m/09zzb8 74 5 0 1 0 0
/m/0pdp8 /film/film/other_crew./film/film_crew_gig/film_crew_role /m/09zzb8 311 127 0 0 0 0
/m/0b_5d /film/film/other_crew./film/film_crew_gig/film_crew_role /m/09zzb8 144 26 0 0 0 0
/m/07xvf /film/film/other_crew./film/film_crew_gig/film_crew_role /m/01vx2h 86 63 0 0 0 0
/m/03nm_fh /film/film/other_crew./film/film_crew_gig/film_crew_role /m/089fss 1040 1031 0 0 0 0
/m/03cvvlg /film/film/other_crew./film/film_crew_gig/film_crew_role /m/02r96rf 218 96 0 0 0 0
/m/0gtxj2q /film/film/other_crew./film/film_crew_gig/film_crew_role /m/02r96rf 171 71 0 0 0 0
/m/0j_tw /film/film/other_crew./film/film_crew_gig/film_crew_role /m/09zzb8 387 185 0 0 0 0
/m/04y5j64 /film/film/other_crew./film/film_crew_gig/film_crew_role /m/01pvkk 134 120 0 0 0 0
/m/031786 /film/film/other_crew./film/film_crew_gig/film_crew_role /m/01vx2h 29 22 0 0 0 0
/m/0571m /film/film/other_crew./film/film_crew_gig/film_crew_role /m/0ch6mp2 242 122 0 0 0 0
/m/0gmcwlb /film/film/other_crew./film/film_crew_gig/film_crew_role /m/09zzb8 264 102 0 0 0 0
/m/0bdjd /film/film/other_crew./film/film_crew_gig/film_crew_role /m/02r96rf 399 244 0 0 0 0
/m/0292qb /film/film/other_crew./film/film_crew_gig/film_crew_role /m/02r96rf 84 22 0 0 0 0
/m/07cz2 /film/film/other_crew./film/film_crew_gig/film_crew_role /m/09vw2b7 209 118 0 0 0 0
/m/0194zl /film/film/other_crew./film/film_crew_gig/film_crew_role /m/01pvkk 134 120 0 0 0 0
/m/05sxzwc /film/film/other_crew./film/film_crew_gig/film_crew_role /m/089fss 976 971 0 0 0 0
/m/07vn_9 /film/film/other_crew./film/film_crew_gig/film_crew_role /m/09vw2b7 125 55 0 0 0 0
/m/04jpg2p /film/film/other_crew./film/film_crew_gig/film_crew_role /m/089fss 4 4 1 1 0 0
/m/01y9jr /film/film/other_crew./film/film_crew_gig/film_crew_role /m/09zzb8 52 2 0 1 0 0
/m/09v71cj /film/film/other_crew./film/film_crew_gig/film_crew_role /m/09vw2b7 179 93 0 0 0 0
/m/0bwfwpj /film/film/other_crew./film/film_crew_gig/film_crew_role /m/09vw2b7 105 44 0 0 0 0
/m/067ghz /film/film/other_crew./film/film_crew_gig/film_crew_role /m/01pvkk 144 130 0 0 0 0
/m/0qm8b /film/film/other_crew./film/film_crew_gig/film_crew_role /m/0dxtw 88 75 0 0 0 0
/m/0gz6b6g /film/film/other_crew./film/film_crew_gig/film_crew_role /m/0ch6mp2 232 119 0 0 0 0
/m/04jwly /film/film/other_crew./film/film_crew_gig/film_crew_role /m/02vs3x5 6104 6079 0 0 0 0
/m/02qlp4 /film/film/other_crew./film/film_crew_gig/film_crew_role /m/02ynfr 53 51 0 0 0 0
/m/0h1x5f /film/film/other_crew./film/film_crew_gig/film_crew_role /m/0ch6mp2 242 122 0 0 0 0
/m/0ds2n /film/film/other_crew./film/film_crew_gig/film_crew_role /m/020xn5 4069 4064 0 0 0 0
/m/027j9wd /film/film/other_crew./film/film_crew_gig/film_crew_role /m/0d2b38 8 6 1 1 0 0
/m/0b6l1st /film/film/other_crew./film/film_crew_gig/film_crew_role /m/02r96rf 218 96 0 0 0 0
/m/0ds11z /film/film/other_crew./film/film_crew_gig/film_crew_role /m/09vw2b7 20 5 0 1 0 0
/m/0bl3nn /film/film/other_crew./film/film_crew_gig/film_crew_role /m/01vx2h 18 14 0 0 0 0
/m/0bs5f0b /film/film/other_crew./film/film_crew_gig/film_crew_role /m/02r96rf 90 27 0 0 0 0
/m/04j14qc /film/film/other_crew./film/film_crew_gig/film_crew_role /m/02r96rf 221 99 0 0 0 0
/m/03s9kp /film/film/other_crew./film/film_crew_gig/film_crew_role /m/01pvkk 109 96 0 0 0 0
/m/0466s8n /film/film/other_crew./film/film_crew_gig/film_crew_role /m/01vx2h 63 44 0 0 0 0
/m/0bvn25 /film/film/other_crew./film/film_crew_gig/film_crew_role /m/0ch6mp2 71 19 0 0 0 0
/m/02q6gfp /film/film/other_crew./film/film_crew_gig/film_crew_role /m/02r96rf 93 30 0 0 0 0
/m/02nt3d /film/film/other_crew./film/film_crew_gig/film_crew_role /m/089fss 7401 7352 0 0 0 0
/m/078sj4 /film/film/other_crew./film/film_crew_gig/film_crew_role /m/02ynfr 41 39 0 0 0 0
/m/0fqt1ns /film/film/other_crew./film/film_crew_gig/film_crew_role /m/09vw2b7 164 80 0 0 0 0
/m/02nx2k /film/film/other_crew./film/film_crew_gig/film_crew_role /m/02ynfr 39 37 0 0 0 0
/m/016dj8 /film/film/other_crew./film/film_crew_gig/film_crew_role /m/02ynfr 39 37 0 0 0 0
/m/03h4fq7 /film/film/other_crew./film/film_crew_gig/film_crew_role /m/09zzb8 200 62 0 0 0 0
/m/02w9k1c /film/film/other_crew./film/film_crew_gig/film_crew_role /m/0263ycg 3147 3139 0 0 0 0
/m/03wh49y /film/film/other_crew./film/film_crew_gig/film_crew_role /m/02vs3x5 7348 7321 0 0 0 0
/m/0cf8qb /film/film/other_crew./film/film_crew_gig/film_crew_role /m/0dxtw 84 71 0 0 0 0
/m/0ds2n /film/film/other_crew./film/film_crew_gig/film_crew_role /m/0dxtw 46 36 0 0 0 0
/m/049mql /film/film/other_crew./film/film_crew_gig/film_crew_role /m/09zzb8 20 1 0 1 0 1
/m/049mql /film/film/other_crew./film/film_crew_gig/film_crew_role /m/01pvkk 84 71 0 0 0 0
/m/01rxyb /film/film/other_crew./film/film_crew_gig/film_crew_role /m/02r96rf 220 98 0 0 0 0
/m/011yd2 /film/film/other_crew./film/film_crew_gig/film_crew_role /m/02r96rf 221 99 0 0 0 0
/m/02fqrf /film/film/other_crew./film/film_crew_gig/film_crew_role /m/0ch6mp2 43 11 0 0 0 0
/m/0bq6ntw /film/film/other_crew./film/film_crew_gig/film_crew_role /m/09zzb8 126 18 0 0 0 0
/m/0dc_ms /film/film/other_crew./film/film_crew_gig/film_crew_role /m/09vw2b7 137 60 0 0 0 0
/m/057lbk /film/film/other_crew./film/film_crew_gig/film_crew_role /m/01d_h8 11420 11419 0 0 0 0
/m/0640y35 /film/film/other_crew./film/film_crew_gig/film_crew_role /m/09zzb8 52 2 0 1 0 0
/m/0fgpvf /film/film/other_crew./film/film_crew_gig/film_crew_role /m/0ch6mp2 286 151 0 0 0 0
/m/0dcz8_ /film/film/other_crew./film/film_crew_gig/film_crew_role /m/02r96rf 87 24 0 0 0 0
/m/01gwk3 /film/film/other_crew./film/film_crew_gig/film_crew_role /m/014kbl 4546 4542 0 0 0 0
/m/0g7pm1 /film/film/other_crew./film/film_crew_gig/film_crew_role /m/09zzb8 81 7 0 1 0 0
/m/07l450 /film/film/other_crew./film/film_crew_gig/film_crew_role /m/02ynfr 52 50 0 0 0 0
/m/0418wg /film/film/other_crew./film/film_crew_gig/film_crew_role /m/09vw2b7 123 53 0 0 0 0
/m/026lgs /film/film/other_crew./film/film_crew_gig/film_crew_role /m/0ch6mp2 93 25 0 0 0 0
/m/03bzjpm /film/film/other_crew./film/film_crew_gig/film_crew_role /m/09vw2b7 276 170 0 0 0 0
/m/0c3xw46 /film/film/other_crew./film/film_crew_gig/film_crew_role /m/09zzb8 66 4 0 1 0 0
/m/02nx2k /film/film/other_crew./film/film_crew_gig/film_crew_role /m/02r96rf 26 2 0 1 0 0
/m/0cp0790 /film/film/other_crew./film/film_crew_gig/film_crew_role /m/0dxtw 87 74 0 0 0 0
/m/03t95n /film/film/other_crew./film/film_crew_gig/film_crew_role /m/02r96rf 87 24 0 0 0 0
/m/0d4htf /film/film/other_crew./film/film_crew_gig/film_crew_role /m/01vx2h 157 127 0 0 0 0
/m/0dkv90 /film/film/other_crew./film/film_crew_gig/film_crew_role /m/01vx2h 160 130 0 0 0 0
/m/01_0f7 /film/film/other_crew./film/film_crew_gig/film_crew_role /m/0dxtw 81 68 0 0 0 0
/m/0hgnl3t /film/film/other_crew./film/film_crew_gig/film_crew_role /m/0ch6mp2 99 29 0 0 0 0
/m/01q2nx /film/film/other_crew./film/film_crew_gig/film_crew_role /m/02r96rf 221 99 0 0 0 0
/m/0bq8tmw /film/film/other_crew./film/film_crew_gig/film_crew_role /m/015h31 12227 12147 0 0 0 0
/m/04x4vj /film/film/other_crew./film/film_crew_gig/film_crew_role /m/09zzb8 93 10 0 1 0 0
/m/05sxzwc /film/film/other_crew./film/film_crew_gig/film_crew_role /m/0d2b38 6 4 1 1 0 0
/m/04nlb94 /film/film/other_crew./film/film_crew_gig/film_crew_role /m/09vw2b7 171 87 0 0 0 0
/m/023g6w /film/film/other_crew./film/film_crew_gig/film_crew_role /m/09vw2b7 204 113 0 0 0 0
/m/02qhlwd /film/film/other_crew./film/film_crew_gig/film_crew_role /m/0dxtw 44 34 0 0 0 0
/m/0x25q /film/film/other_crew./film/film_crew_gig/film_crew_role /m/01vx2h 17 13 0 0 0 0
/m/0gvvm6l /film/film/other_crew./film/film_crew_gig/film_crew_role /m/0dxtw 119 102 0 0 0 0
/m/07jxpf /film/film/other_crew./film/film_crew_gig/film_crew_role /m/01pvkk 107 94 0 0 0 0
/m/0ds5_72 /film/film/other_crew./film/film_crew_gig/film_crew_role /m/0dxtw 86 73 0 0 0 0
/m/0ctb4g /film/film/other_crew./film/film_crew_gig/film_crew_role /m/02r96rf 217 95 0 0 0 0
/m/03whyr /film/film/other_crew./film/film_crew_gig/film_crew_role /m/04pyp5 12766 12699 0 0 0 0
/m/08ct6 /film/film/other_crew./film/film_crew_gig/film_crew_role /m/01pvkk 239 218 0 0 0 0
/m/0dmn0x /film/film/other_crew./film/film_crew_gig/film_crew_role /m/0ch6mp2 125 51 0 0 0 0
/m/0127ps /film/film/other_crew./film/film_crew_gig/film_crew_role /m/09zzb8 89 7 0 1 0 0
/m/07bx6 /film/film/other_crew./film/film_crew_gig/film_crew_role /m/01pvkk 108 95 0 0 0 0
/m/044g_k /film/film/other_crew./film/film_crew_gig/film_crew_role /m/02rh1dz 28 23 0 0 0 0
/m/02bqvs /film/film/other_crew./film/film_crew_gig/film_crew_role /m/01pvkk 137 123 0 0 0 0
/m/04q24zv /film/film/other_crew./film/film_crew_gig/film_crew_role /m/09vw2b7 209 118 0 0 0 0
/m/0c38gj /film/film/other_crew./film/film_crew_gig/film_crew_role /m/01vx2h 82 59 0 0 0 0
/m/08052t3 /film/film/other_crew./film/film_crew_gig/film_crew_role /m/0ch6mp2 91 24 0 0 0 0
/m/047csmy /film/film/other_crew./film/film_crew_gig/film_crew_role /m/02_n3z 13844 13745 0 0 0 0
/m/047vnkj /film/film/other_crew./film/film_crew_gig/film_crew_role /m/0ckd1 5478 5469 0 0 0 0
/m/0315w4 /film/film/other_crew./film/film_crew_gig/film_crew_role /m/01pvkk 86 73 0 0 0 0
/m/05c46y6 /film/film/other_crew./film/film_crew_gig/film_crew_role /m/02_n3z 231 227 0 0 0 0
/m/07tlfx /film/film/other_crew./film/film_crew_gig/film_crew_role /m/0dxtw 88 75 0 0 0 0
/m/027pfg /film/film/other_crew./film/film_crew_gig/film_crew_role /m/09zzb8 279 112 0 0 0 0
/m/02q0k7v /film/film/other_crew./film/film_crew_gig/film_crew_role /m/01vx2h 82 59 0 0 0 0
/m/04jn6y7 /film/film/other_crew./film/film_crew_gig/film_crew_role /m/0dxtw 85 72 0 0 0 0
/m/024lff /film/film/other_crew./film/film_crew_gig/film_crew_role /m/09zzb8 153 30 0 0 0 0
/m/0661ql3 /film/film/other_crew./film/film_crew_gig/film_crew_role /m/02ynfr 40 38 0 0 0 0
/m/0qf2t /film/film/other_crew./film/film_crew_gig/film_crew_role /m/04pyp5 6768 6734 0 0 0 0
/m/0qf2t /film/film/other_crew./film/film_crew_gig/film_crew_role /m/02vs3x5 7200 7161 0 0 0 0
/m/02mpyh /film/film/other_crew./film/film_crew_gig/film_crew_role /m/02_n3z 7255 7212 0 0 0 0
/m/026p4q7 /film/film/other_crew./film/film_crew_gig/film_crew_role /m/0dxtw 43 33 0 0 0 0
/m/0gfsq9 /film/film/other_crew./film/film_crew_gig/film_crew_role /m/09vw2b7 205 114 0 0 0 0
/m/05_5_22 /film/film/other_crew./film/film_crew_gig/film_crew_role /m/089g0h 8 5 1 1 0 0
/m/023vcd /film/film/other_crew./film/film_crew_gig/film_crew_role /m/0ch6mp2 171 79 0 0 0 0
/m/02x2jl_ /film/film/other_crew./film/film_crew_gig/film_crew_role /m/09zzb8 159 35 0 0 0 0
/m/026qnh6 /film/film/other_crew./film/film_crew_gig/film_crew_role /m/09vw2b7 19 5 0 1 0 0
/m/063fh9 /film/film/other_crew./film/film_crew_gig/film_crew_role /m/09zzb8 15 1 0 1 0 1
/m/0c0yh4 /film/film/other_crew./film/film_crew_gig/film_crew_role /m/0ch6mp2 349 201 0 0 0 0
/m/040b5k /film/film/other_crew./film/film_crew_gig/film_crew_role /m/01pvkk 163 148 0 0 0 0
/m/0g3zrd /film/film/other_crew./film/film_crew_gig/film_crew_role /m/09zzb8 156 32 0 0 0 0
/m/03cmsqb /film/film/other_crew./film/film_crew_gig/film_crew_role /m/0ch6mp2 125 51 0 0 0 0
/m/02lk60 /film/film/other_crew./film/film_crew_gig/film_crew_role /m/015h31 6 5 1 1 0 0
/m/050r1z /film/film/other_crew./film/film_crew_gig/film_crew_role /m/0ch6mp2 453 292 0 0 0 0
