/m/03z9585 /film/film/produced_by /m/027z0pl 11534 11529 0 0 0 0
/m/01j5ql /film/film/produced_by /m/05nn4k 5 5 1 1 0 0
/m/09wnnb /film/film/produced_by /m/01t6b4 2 1 1 1 0 1
/m/0340hj /film/film/produced_by /m/02xnjd 1 1 1 1 1 1
/m/027gy0k /film/film/produced_by /m/03ktjq 9 3 1 1 0 0
/m/03_gz8 /film/film/produced_by /m/0b13g7 2 2 1 1 0 0
/m/047fjjr /film/film/produced_by /m/06q8hf 20 20 0 0 0 0
/m/06znpjr /film/film/produced_by /m/05nn4k 5 5 1 1 0 0
/m/03bdkd /film/film/produced_by /m/01b9ck 5130 5128 0 0 0 0
/m/0crfwmx /film/film/produced_by /m/04jspq 8 8 1 1 0 0
/m/035xwd /film/film/produced_by /m/092kgw 14149 14141 0 0 0 0
/m/065_cjc /film/film/produced_by /m/02q42j_ 4 3 1 1 0 0
/m/047vnkj /film/film/produced_by /m/0315q3 3732 3732 0 0 0 0
/m/0gwjw0c /film/film/produced_by /m/06q8hf 3 3 1 1 0 0
/m/024mpp /film/film/produced_by /m/09zw90 2 2 1 1 0 0
/m/0295sy /film/film/produced_by /m/02q_cc 16 14 0 0 0 0
/m/02vjp3 /film/film/produced_by /m/02rchht 10773 10773 0 0 0 0
/m/045j3w /film/film/produced_by /m/072vj 7435 7433 0 0 0 0
/m/0gtv7pk /film/film/produced_by /m/0ksf29 2 2 1 1 0 0
/m/02d413 /film/film/produced_by /m/04353 9339 9337 0 0 0 0
/m/0dc_ms /film/film/produced_by /m/08d9z7 2 2 1 1 0 0
/m/0g9z_32 /film/film/produced_by /m/0fvf9q 15 13 0 0 0 0
/m/0gy0n /film/film/produced_by /m/05prs8 10669 10659 0 0 0 0
/m/0bpx1k /film/film/produced_by /m/06cgy 13151 13146 0 0 0 0
/m/0gyv0b4 /film/film/produced_by /m/054_mz 2 1 1 1 0 1
/m/0ct2tf5 /film/film/produced_by /m/043q6n_ 3 1 1 1 0 1
/m/03ntbmw /film/film/produced_by /m/05zrx3v 11683 11679 0 0 0 0
/m/019kyn /film/film/produced_by /m/081nh 6 4 1 1 0 0
/m/0d6_s /film/film/produced_by /m/08d9z7 2 2 1 1 0 0
/m/06q8qh /film/film/produced_by /m/02_340 3526 3526 0 0 0 0
/m/063_j5 /film/film/produced_by /m/03ktjq 9 3 1 1 0 0
/m/01sxly /film/film/produced_by /m/0d_skg 7831 7826 0 0 0 0
/m/03cyslc /film/film/produced_by /m/034bgm 6319 6317 0 0 0 0
/m/03lrht /film/film/produced_by /m/05ty4m 12934 12926 0 0 0 0
/m/0f2sx4 /film/film/produced_by /m/02r251z 2 1 1 1 0 1
/m/05zlld0 /film/film/produced_by /m/05mvd62 1 1 1 1 1 1
/m/02r9p0c /film/film/produced_by /m/03_2y 1635 1634 0 0 0 0
/m/06x43v /film/film/produced_by /m/03h304l 2822 2816 0 0 0 0
/m/02_sr1 /film/film/produced_by /m/03h304l 2 1 1 1 0 1
/m/03nqnnk /film/film/produced_by /m/024t0y 12564 12564 0 0 0 0
/m/04jn6y7 /film/film/produced_by /m/02pq9yv 3904 3902 0 0 0 0
/m/0h95zbp /film/film/produced_by /m/05nn4k 5 5 1 1 0 0
/m/023p33 /film/film/produced_by /m/081nh 3 2 1 1 0 0
/m/0bq6ntw /film/film/produced_by /m/043q6n_ 5415 5412 0 0 0 0
/m/0640m69 /film/film/produced_by /m/02r251z 7 4 1 1 0 0
/m/087pfc /film/film/produced_by /m/043q6n_ 2821 2818 0 0 0 0
/m/0bscw /film/film/produced_by /m/0q9kd 8941 8937 0 0 0 0
/m/04954r /film/film/produced_by /m/0638kv 9938 9938 0 0 0 0
/m/02q87z6 /film/film/produced_by /m/0fvf9q 5499 5494 0 0 0 0
/m/047vnkj /film/film/produced_by /m/0gg9_5q 4 4 1 1 0 0
/m/04k9y6 /film/film/produced_by /m/05prs8 4218 4211 0 0 0 0
/m/076xkps /film/film/produced_by /m/04q5zw 4544 4537 0 0 0 0
/m/02gpkt /film/film/produced_by /m/03h40_7 4 1 1 1 0 1
/m/02f6g5 /film/film/produced_by /m/02r251z 7 4 1 1 0 0
/m/011yrp /film/film/produced_by /m/081lh 10853 10853 0 0 0 0
/m/0cks1m /film/film/produced_by /m/0b05xm 12708 12708 0 0 0 0
/m/01bb9r /film/film/produced_by /m/0bkf72 13389 13388 0 0 0 0
/m/047d21r /film/film/produced_by /m/0cc63l 0 0 0 0
/m/03mh_tp /film/film/produced_by /m/0gg9_5q 4 4 1 1 0 0
/m/07g_0c /film/film/produced_by /m/027kmrb 12662 12658 0 0 0 0
