/m/0226cw /government/politician/government_positions_held./government/government_position_held/legislative_sessions /m/07p__7 3 1 1 1 0 1
/m/03txms /government/politician/government_positions_held./government/government_position_held/legislative_sessions /m/070m6c 8 1 1 1 0 1
/m/03txms /government/politician/government_positions_held./government/government_position_held/legislative_sessions /m/02bqn1 10 1 1 1 0 1
/m/0194xc /government/politician/government_positions_held./government/government_position_held/legislative_sessions /m/04gp1d 5 1 1 1 0 1
/m/0bymv /government/politician/government_positions_held./government/government_position_held/legislative_sessions /m/024tcq 5 1 1 1 0 1
/m/042fk /government/politician/government_positions_held./government/government_position_held/legislative_sessions /m/01gtcq 8 7 1 1 0 0
/m/042d1 /government/politician/government_positions_held./government/government_position_held/legislative_sessions /m/01grmk 4 4 1 1 0 0
/m/06bss /government/politician/government_positions_held./government/government_position_held/legislative_sessions /m/02bp37 8 2 1 1 0 0
/m/021sv1 /government/politician/government_positions_held./government/government_position_held/legislative_sessions /m/03z5xd 2 1 1 1 0 1
/m/02hy5d /government/politician/government_positions_held./government/government_position_held/legislative_sessions /m/03z5xd 1 1 1 1 1 1
/m/02hy5d /government/politician/government_positions_held./government/government_position_held/legislative_sessions /m/060ny2 1 1 1 1 1 1
/m/012v1t /government/politician/government_positions_held./government/government_position_held/legislative_sessions /m/024tcq 2 1 1 1 0 1
/m/0194xc /government/politician/government_positions_held./government/government_position_held/legislative_sessions /m/02glc4 7 2 1 1 0 0
/m/0226cw /government/politician/government_positions_held./government/government_position_held/legislative_sessions /m/04gp1d 2 1 1 1 0 1
/m/03txms /government/politician/government_positions_held./government/government_position_held/legislative_sessions /m/02bp37 9 2 1 1 0 0
/m/0226cw /government/politician/government_positions_held./government/government_position_held/legislative_sessions /m/02bn_p 4 1 1 1 0 1
/m/06hx2 /government/politician/government_positions_held./government/government_position_held/legislative_sessions /m/05l2z4 12 8 0 1 0 0
/m/042d1 /government/politician/government_positions_held./government/government_position_held/legislative_sessions /m/01grnp 5 5 1 1 0 0
/m/06bss /government/politician/government_positions_held./government/government_position_held/legislative_sessions /m/02bqn1 9 1 1 1 0 1
/m/0424m /government/politician/government_positions_held./government/government_position_held/legislative_sessions /m/01grp0 5 5 1 1 0 0
/m/06bss /government/politician/government_positions_held./government/government_position_held/legislative_sessions /m/03tcbx 6 1 1 1 0 1
/m/0d3qd0 /government/politician/government_positions_held./government/government_position_held/legislative_sessions /m/070m6c 5 1 1 1 0 1
/m/0424m /government/politician/government_positions_held./government/government_position_held/legislative_sessions /m/01grpc 5 4 1 1 0 0
/m/03txms /government/politician/government_positions_held./government/government_position_held/legislative_sessions /m/02bn_p 10 1 1 1 0 1
/m/024_vw /government/politician/government_positions_held./government/government_position_held/legislative_sessions /m/0495ys 3 1 1 1 0 1
/m/0194xc /government/politician/government_positions_held./government/government_position_held/legislative_sessions /m/06f0dc 7 1 1 1 0 1
/m/02hy5d /government/politician/government_positions_held./government/government_position_held/legislative_sessions /m/02glc4 1 1 1 1 1 1
/m/021sv1 /government/politician/government_positions_held./government/government_position_held/legislative_sessions /m/03tcbx 4 1 1 1 0 1
/m/06bss /government/politician/government_positions_held./government/government_position_held/legislative_sessions /m/06r713 5 3 1 1 0 0
/m/06bss /government/politician/government_positions_held./government/government_position_held/legislative_sessions /m/07p__7 9 1 1 1 0 1
