/m/02jx1 /location/location/contains /m/013t85 2 1 1 1 0 1
/m/02jx1 /location/location/contains /m/0m0bj 1 1 1 1 1 1
/m/07b_l /location/location/contains /m/013m43 3 1 1 1 0 1
/m/030qb3t /location/location/contains /m/0k049 7916 7913 0 0 0 0
/m/017t44 /location/location/contains /m/018jcq 8961 8959 0 0 0 0
/m/02j9z /location/location/contains /m/03rt9 4 3 1 1 0 0
/m/02gt5s /location/location/contains /m/0vg8x 5406 5405 0 0 0 0
/m/01n7q /location/location/contains /m/0dwh5 4 1 1 1 0 1
/m/0vbk /location/location/contains /m/0qt85 6463 6462 0 0 0 0
/m/05fjf /location/location/contains /m/0n5j_ 2 1 1 1 0 1
/m/0d060g /location/location/contains /m/0fnx1 1 1 1 1 1 1
/m/09c7w0 /location/location/contains /m/01q0kg 2 1 1 1 0 1
/m/09c7w0 /location/location/contains /m/01m8dg 1 1 1 1 1 1
/m/02jx1 /location/location/contains /m/04jpl 2 1 1 1 0 1
/m/07c5l /location/location/contains /m/0162v 3 3 1 1 0 0
/m/0498y /location/location/contains /m/0f__1 3 2 1 1 0 0
/m/02qkt /location/location/contains /m/03_xj 3 3 1 1 0 0
/m/0kvt9 /location/location/contains /m/0lfyx 6314 6312 0 0 0 0
/m/03v1s /location/location/contains /m/0nt4s 1 1 1 1 1 1
/m/01qh7 /location/location/contains /m/05bnq8 8458 8458 0 0 0 0
/m/09c7w0 /location/location/contains /m/02zcnq 3 1 1 1 0 1
/m/0l2xl /location/location/contains /m/0mhdz 4 1 1 1 0 1
/m/07ssc /location/location/contains /m/0133ch 1 1 1 1 1 1
/m/07ssc /location/location/contains /m/0cdw6 1 1 1 1 1 1
/m/06mzp /location/location/contains /m/01y888 2 1 1 1 0 1
/m/073q1 /location/location/contains /m/09pmkv 4 3 1 1 0 0
/m/04ykg /location/location/contains /m/0nh0f 2 2 1 1 0 0
/m/09c7w0 /location/location/contains /m/0vrmb 4 1 1 1 0 1
/m/09c7w0 /location/location/contains /m/02s8qk 3 1 1 1 0 1
/m/081yw /location/location/contains /m/0mmr1 2094 2094 0 0 0 0
/m/0gx1l /location/location/contains /m/07vjm 8096 8091 0 0 0 0
/m/02jx1 /location/location/contains /m/014b4h 9722 9721 0 0 0 0
/m/02jx1 /location/location/contains /m/0cdw6 2 1 1 1 0 1
/m/06mx8 /location/location/contains /m/02w9s 69 68 0 0 0 0
/m/0cdbq /location/location/contains /m/02sn34 3844 3844 0 0 0 0
/m/01n7q /location/location/contains /m/06xpp7 3 1 1 1 0 1
/m/012m_ /location/location/contains /m/05ywg 3 1 1 1 0 1
/m/073q1 /location/location/contains /m/01xbgx 4 2 1 1 0 0
/m/03rjj /location/location/contains /m/0hb37 1 1 1 1 1 1
/m/05fjf /location/location/contains /m/0qlrh 1 1 1 1 1 1
/m/019rg5 /location/location/contains /m/0820xz 2 1 1 1 0 1
/m/0345h /location/location/contains /m/0m7yh 3 2 1 1 0 0
/m/09c7w0 /location/location/contains /m/027b43 3 1 1 1 0 1
/m/0261m /location/location/contains /m/06s0l 5 4 1 1 0 0
/m/081yw /location/location/contains /m/0mm0p 1 1 1 1 1 1
/m/04swx /location/location/contains /m/01xyy 11506 11505 0 0 0 0
/m/05nrg /location/location/contains /m/0283sdr 3 2 1 1 0 0
/m/09c7w0 /location/location/contains /m/02htv6 3 1 1 1 0 1
/m/09c7w0 /location/location/contains /m/0th3k 2 1 1 1 0 1
/m/07z1m /location/location/contains /m/034lk7 2 1 1 1 0 1
/m/02xry /location/location/contains /m/0rql_ 3 1 1 1 0 1
/m/0ljsz /location/location/contains /m/05zl0 10528 10527 0 0 0 0
/m/04jpl /location/location/contains /m/01_c4 4 3 1 1 0 0
/m/0j1z8 /location/location/contains /m/0j1z8 5 2 1 1 0 0
/m/01n7q /location/location/contains /m/07vfz 3 2 1 1 0 0
/m/0d05q4 /location/location/contains /m/0ft0s 5565 5565 0 0 0 0
/m/01x73 /location/location/contains /m/0m2gk 1 1 1 1 1 1
/m/09c7w0 /location/location/contains /m/0lyjf 3 1 1 1 0 1
/m/09c7w0 /location/location/contains /m/01wdj_ 3 1 1 1 0 1
/m/02jx1 /location/location/contains /m/01rvgx 3 1 1 1 0 1
/m/02jx1 /location/location/contains /m/0143hl 4 3 1 1 0 0
/m/02xry /location/location/contains /m/0rp46 2 1 1 1 0 1
/m/02qkt /location/location/contains /m/03spz 4 4 1 1 0 0
/m/05g2v /location/location/contains /m/06frc 11357 11356 0 0 0 0
/m/02j9z /location/location/contains /m/087vz 4 4 1 1 0 0
/m/05fky /location/location/contains /m/0ynfz 3 1 1 1 0 1
/m/09c7w0 /location/location/contains /m/01bm_ 3 1 1 1 0 1
/m/09c7w0 /location/location/contains /m/0qzhw 3 1 1 1 0 1
/m/05tbn /location/location/contains /m/0mww2 1 1 1 1 1 1
/m/059g4 /location/location/contains /m/0lm0n 3 3 1 1 0 0
/m/081yw /location/location/contains /m/0mlyw 1 1 1 1 1 1
/m/07b_l /location/location/contains /m/0104lr 2776 2776 0 0 0 0
/m/04rrx /location/location/contains /m/0njcw 694 694 0 0 0 0
/m/04rrx /location/location/contains /m/0vp5f 3 1 1 1 0 1
/m/01jr6 /location/location/contains /m/02zd460 7 3 1 1 0 0
/m/02qkt /location/location/contains /m/02w9s 2 2 1 1 0 0
/m/0f2pf9 /location/location/contains /m/0225bv 13485 13482 0 0 0 0
/m/0bzty /location/location/contains /m/01tsq8 2 1 1 1 0 1
/m/0chghy /location/location/contains /m/01r9nk 609 609 0 0 0 0
/m/0nlh7 /location/location/contains /m/01k3s2 5 3 1 1 0 0
/m/04pnx /location/location/contains /m/03gyl 4982 4981 0 0 0 0
/m/03rjj /location/location/contains /m/0fjsl 1 1 1 1 1 1
/m/04rrd /location/location/contains /m/0cy8v 3 1 1 1 0 1
/m/0d05q4 /location/location/contains /m/01cgxp 5548 5548 0 0 0 0
/m/0qpn9 /location/location/contains /m/0qpqn 3510 3507 0 0 0 0
/m/09c7w0 /location/location/contains /m/0smfm 2 1 1 1 0 1
/m/09c7w0 /location/location/contains /m/0xqf3 3 1 1 1 0 1
/m/0g3bw /location/location/contains /m/02lf_x 6633 6632 0 0 0 0
/m/05tbn /location/location/contains /m/013ksx 2 1 1 1 0 1
/m/0r02m /location/location/contains /m/03hdz8 5137 5135 0 0 0 0
/m/0nlg4 /location/location/contains /m/0nc7s 9493 9491 0 0 0 0
/m/059s8 /location/location/contains /m/04_lb 7093 7093 0 0 0 0
/m/0p07l /location/location/contains /m/0k9wp 3 1 1 1 0 1
/m/02j9z /location/location/contains /m/01x5fb 1509 1508 0 0 0 0
/m/059ss /location/location/contains /m/0j8p6 4 3 1 1 0 0
/m/0cc56 /location/location/contains /m/0f94t 9734 9731 0 0 0 0
/m/09c7w0 /location/location/contains /m/0r80l 3 1 1 1 0 1
/m/09c7w0 /location/location/contains /m/0rqf1 1 1 1 1 1 1
/m/09c7w0 /location/location/contains /m/03v6t 3 1 1 1 0 1
/m/05tbn /location/location/contains /m/0mws3 1 1 1 1 1 1
/m/02jx1 /location/location/contains /m/05l5n 3 1 1 1 0 1
/m/01cx_ /location/location/contains /m/01gr00 12564 12563 0 0 0 0
/m/0hx5f /location/location/contains /m/07wtc 12841 12839 0 0 0 0
/m/05k7sb /location/location/contains /m/0qkcb 3 1 1 1 0 1
/m/0d060g /location/location/contains /m/0pmp2 1 1 1 1 1 1
/m/09c7w0 /location/location/contains /m/0rjg8 3 1 1 1 0 1
/m/09c7w0 /location/location/contains /m/01h8rk 2 1 1 1 0 1
/m/09c7w0 /location/location/contains /m/07vfz 4 2 1 1 0 0
/m/04_1l0v /location/location/contains /m/05k7sb 3 2 1 1 0 0
/m/081mh /location/location/contains /m/010z5n 2294 2293 0 0 0 0
/m/04wgh /location/location/contains /m/054rw 5541 5541 0 0 0 0
/m/07ssc /location/location/contains /m/01h8sf 4 3 1 1 0 0
/m/01n7q /location/location/contains /m/0l2mg 1 1 1 1 1 1
/m/0b90_r /location/location/contains /m/0pswc 3 3 1 1 0 0
/m/03v0t /location/location/contains /m/0nvd8 1 1 1 1 1 1
/m/09c7w0 /location/location/contains /m/0jkhr 3 1 1 1 0 1
/m/09c7w0 /location/location/contains /m/02zkz7 2 2 1 1 0 0
/m/02jx1 /location/location/contains /m/094vy 1 1 1 1 1 1
/m/05rgl /location/location/contains /m/034tl 3 3 1 1 0 0
/m/0d234 /location/location/contains /m/01hx2t 5 3 1 1 0 0
/m/0gsl0 /location/location/contains /m/0lw_s 10279 10279 0 0 0 0
/m/07ssc /location/location/contains /m/09bkv 1 1 1 1 1 1
/m/01x73 /location/location/contains /m/08815 6 5 1 1 0 0
/m/05nrg /location/location/contains /m/05br2 14308 14308 0 0 0 0
/m/0d0x8 /location/location/contains /m/0lhn5 2 1 1 1 0 1
/m/09c7w0 /location/location/contains /m/010bxh 1 1 1 1 1 1
/m/09c7w0 /location/location/contains /m/01rc6f 3 1 1 1 0 1
/m/05sb1 /location/location/contains /m/05xb7q 1 1 1 1 1 1
/m/0154j /location/location/contains /m/01nm8w 2 1 1 1 0 1
/m/0czr9_ /location/location/contains /m/0n5_t 9325 9325 0 0 0 0
/m/02j9z /location/location/contains /m/03b79 1 1 1 1 1 1
/m/0chghy /location/location/contains /m/04rkkv 2 2 1 1 0 0
/m/0j5g9 /location/location/contains /m/02049g 4554 4554 0 0 0 0
/m/02gt5s /location/location/contains /m/0vm39 8844 8841 0 0 0 0
/m/07ssc /location/location/contains /m/025r_t 1 1 1 1 1 1
/m/07ssc /location/location/contains /m/014d4v 4 1 1 1 0 1
/m/01n7q /location/location/contains /m/0r0ls 3 1 1 1 0 1
/m/073q1 /location/location/contains /m/02lx0 4143 4140 0 0 0 0
/m/03rjj /location/location/contains /m/0d99m 1 1 1 1 1 1
/m/04ykg /location/location/contains /m/0nh57 1 1 1 1 1 1
/m/03v0t /location/location/contains /m/0nv99 1 1 1 1 1 1
/m/09c7w0 /location/location/contains /m/013nws 2 1 1 1 0 1
/m/081yw /location/location/contains /m/0kf9p 3 2 1 1 0 0
/m/02jx1 /location/location/contains /m/01z8f0 2 1 1 1 0 1
/m/0j1_3 /location/location/contains /m/01vfwd 782 781 0 0 0 0
/m/04rrx /location/location/contains /m/08809 3 1 1 1 0 1
/m/0mpdw /location/location/contains /m/0mnm2 4662 4661 0 0 0 0
/m/06mkj /location/location/contains /m/07q3s 1 1 1 1 1 1
/m/02j9z /location/location/contains /m/026zt 1 1 1 1 1 1
/m/0824r /location/location/contains /m/03l6bs 3787 3786 0 0 0 0
/m/07ssc /location/location/contains /m/01z645 0 0 0 0
/m/07ssc /location/location/contains /m/018m5q 1 1 1 1 1 1
/m/05fjf /location/location/contains /m/0xr0t 2 1 1 1 0 1
/m/0d060g /location/location/contains /m/02qjb7z 3 2 1 1 0 0
/m/059j2 /location/location/contains /m/0lvng 4 3 1 1 0 0
/m/02xry /location/location/contains /m/0lhql 3 1 1 1 0 1
/m/0j0k /location/location/contains /m/05v8c 6 5 1 1 0 0
/m/07ssc /location/location/contains /m/01t21q 1 1 1 1 1 1
/m/01n7q /location/location/contains /m/0r80l 2 1 1 1 0 1
/m/073q1 /location/location/contains /m/0g8bw 3 3 1 1 0 0
/m/09c7w0 /location/location/contains /m/021w0_ 3 1 1 1 0 1
/m/09c7w0 /location/location/contains /m/01nhgd 3 1 1 1 0 1
/m/09c7w0 /location/location/contains /m/0_75d 3 2 1 1 0 0
/m/059f4 /location/location/contains /m/0n5y4 1 1 1 1 1 1
/m/07c5l /location/location/contains /m/034m8 1 1 1 1 1 1
/m/0824r /location/location/contains /m/0ml25 1 1 1 1 1 1
/m/07ssc /location/location/contains /m/013t85 1 1 1 1 1 1
/m/073q1 /location/location/contains /m/0167v 3537 3535 0 0 0 0
/m/09c7w0 /location/location/contains /m/0rxyk 1 1 1 1 1 1
/m/09c7w0 /location/location/contains /m/01xysf 2 1 1 1 0 1
/m/09c7w0 /location/location/contains /m/0ghvb 2 1 1 1 0 1
/m/081yw /location/location/contains /m/0mlzk 1 1 1 1 1 1
/m/02jx1 /location/location/contains /m/0cy07 3 1 1 1 0 1
/m/07z1m /location/location/contains /m/0mnsf 2 2 1 1 0 0
/m/0gj4fx /location/location/contains /m/0n5_g 11508 11508 0 0 0 0
/m/04_1l0v /location/location/contains /m/04rrd 2 1 1 1 0 1
/m/05bcl /location/location/contains /m/01vmv_ 6 4 1 1 0 0
/m/0ccvx /location/location/contains /m/01qcx_ 12731 12729 0 0 0 0
/m/0kpys /location/location/contains /m/0284jb 5 2 1 1 0 0
/m/04jpl /location/location/contains /m/01zzk4 14135 14134 0 0 0 0
/m/09c7w0 /location/location/contains /m/06fq2 3 1 1 1 0 1
/m/09c7w0 /location/location/contains /m/031n5b 3 3 1 1 0 0
/m/09c7w0 /location/location/contains /m/0yx74 2 1 1 1 0 1
/m/05tbn /location/location/contains /m/0g0syc 0 0 0 0
/m/02jx1 /location/location/contains /m/01clyb 3 3 1 1 0 0
/m/07b_l /location/location/contains /m/0mrf1 14129 14129 0 0 0 0
/m/04rrx /location/location/contains /m/043z0 1 1 1 1 1 1
/m/030qb3t /location/location/contains /m/0k_mf 1413 1410 0 0 0 0
/m/06q1r /location/location/contains /m/030nwm 2 1 1 1 0 1
/m/06mz5 /location/location/contains /m/0_rwf 5746 5746 0 0 0 0
/m/0vmt /location/location/contains /m/0qr4n 2 1 1 1 0 1
/m/07ssc /location/location/contains /m/01z2sn 1 1 1 1 1 1
/m/09c7w0 /location/location/contains /m/0r3wm 3 1 1 1 0 1
/m/09c7w0 /location/location/contains /m/027kp3 3 1 1 1 0 1
/m/09c7w0 /location/location/contains /m/0t_07 2 1 1 1 0 1
/m/09c7w0 /location/location/contains /m/01r47h 3 1 1 1 0 1
/m/09c7w0 /location/location/contains /m/0r3tb 3 1 1 1 0 1
/m/02jx1 /location/location/contains /m/02mg7n 3 2 1 1 0 0
/m/02jx1 /location/location/contains /m/0138t4 4 3 1 1 0 0
/m/0bzjf /location/location/contains /m/03qhnx 13611 13610 0 0 0 0
/m/0k3k1 /location/location/contains /m/01m2n1 9233 9231 0 0 0 0
/m/049nq /location/location/contains /m/051ls 3 1 1 1 0 1
/m/0bzty /location/location/contains /m/0ggyr 2 1 1 1 0 1
/m/07ssc /location/location/contains /m/0kqb0 1 1 1 1 1 1
/m/07ssc /location/location/contains /m/026m3y 3 1 1 1 0 1
/m/09c7w0 /location/location/contains /m/02d6c 3 1 1 1 0 1
/m/09c7w0 /location/location/contains /m/023zl 3 2 1 1 0 0
/m/07b_l /location/location/contains /m/013m4v 2 1 1 1 0 1
/m/04_1l0v /location/location/contains /m/04ych 2 1 1 1 0 1
/m/0hjy /location/location/contains /m/0l_v1 10111 10110 0 0 0 0
/m/06pvr /location/location/contains /m/0r771 7786 7784 0 0 0 0
/m/05k7sb /location/location/contains /m/0k3ll 1 1 1 1 1 1
/m/0d060g /location/location/contains /m/02583l 3 1 1 1 0 1
/m/0345h /location/location/contains /m/0ps1q 1 1 1 1 1 1
/m/05nrg /location/location/contains /m/0chgzm 6260 6259 0 0 0 0
/m/09c7w0 /location/location/contains /m/0gy3w 2 1 1 1 0 1
/m/09c7w0 /location/location/contains /m/01jszm 2 1 1 1 0 1
/m/0cv5l /location/location/contains /m/0hc8h 7080 7080 0 0 0 0
/m/02jx1 /location/location/contains /m/0lbfv 3 2 1 1 0 0
/m/04_1l0v /location/location/contains /m/026mj 470 469 0 0 0 0
/m/05qhw /location/location/contains /m/071g6 6824 6824 0 0 0 0
/m/02qkt /location/location/contains /m/03rk0 4 3 1 1 0 0
/m/05kr_ /location/location/contains /m/01t3h6 2 1 1 1 0 1
/m/0chghy /location/location/contains /m/02bm8 2 1 1 1 0 1
/m/01tjt2 /location/location/contains /m/01yj2 4 3 1 1 0 0
/m/0k_s5 /location/location/contains /m/0k_mf 8799 8796 0 0 0 0
/m/05fjf /location/location/contains /m/0xrz2 2 1 1 1 0 1
/m/04ly1 /location/location/contains /m/0tlq9 2 1 1 1 0 1
/m/0d060g /location/location/contains /m/080h2 2 1 1 1 0 1
/m/09c7w0 /location/location/contains /m/0r3w7 1 1 1 1 1 1
/m/09c7w0 /location/location/contains /m/0rrhp 3 1 1 1 0 1
/m/03rk0 /location/location/contains /m/03gdf1 3 2 1 1 0 0
/m/05tbn /location/location/contains /m/0zpfy 3 1 1 1 0 1
/m/0m0bj /location/location/contains /m/01tzfz 2408 2406 0 0 0 0
/m/02jx1 /location/location/contains /m/01z28b 1 1 1 1 1 1
/m/02xry /location/location/contains /m/03qzj4 2 2 1 1 0 0
/m/0dj0x /location/location/contains /m/0g9k4 8440 8438 0 0 0 0
/m/02qkt /location/location/contains /m/04j53 2 1 1 1 0 1
/m/029jpy /location/location/contains /m/07_f2 4 3 1 1 0 0
/m/02j9z /location/location/contains /m/03rjj 1 1 1 1 1 1
/m/04jpl /location/location/contains /m/0nccd 5219 5216 0 0 0 0
/m/06bnz /location/location/contains /m/01v15f 14536 14536 0 0 0 0
/m/03rjj /location/location/contains /m/03qhnx 4177 4176 0 0 0 0
/m/04rrd /location/location/contains /m/0cc1v 1 1 1 1 1 1
/m/0d060g /location/location/contains /m/0778_3 3 1 1 1 0 1
/m/09c7w0 /location/location/contains /m/027ydt 2 1 1 1 0 1
/m/07c5l /location/location/contains /m/02k8k 4 4 1 1 0 0
/m/048kw /location/location/contains /m/0214m4 13957 13955 0 0 0 0
/m/0jgd /location/location/contains /m/02tb17 1 1 1 1 1 1
/m/06n3y /location/location/contains /m/0p2n 2 2 1 1 0 0
/m/0fvvz /location/location/contains /m/01pl14 4 2 1 1 0 0
/m/059rby /location/location/contains /m/0y1rf 3 2 1 1 0 0
/m/09c7w0 /location/location/contains /m/02j416 3 2 1 1 0 0
/m/09c7w0 /location/location/contains /m/0xgpv 2 1 1 1 0 1
/m/09c7w0 /location/location/contains /m/01hx2t 2 1 1 1 0 1
/m/09c7w0 /location/location/contains /m/01qgr3 3 1 1 1 0 1
/m/09c7w0 /location/location/contains /m/01mb87 1 1 1 1 1 1
/m/02jx1 /location/location/contains /m/01jvxb 5 3 1 1 0 0
/m/07z1m /location/location/contains /m/0mn0v 7709 7709 0 0 0 0
/m/07b_l /location/location/contains /m/0msck 2 2 1 1 0 0
/m/029jpy /location/location/contains /m/06btq 2 1 1 1 0 1
/m/094vy /location/location/contains /m/0m75g 8900 8897 0 0 0 0
/m/04pnx /location/location/contains /m/05qx1 1931 1929 0 0 0 0
/m/059rby /location/location/contains /m/0f4zv 1 1 1 1 1 1
/m/01sn04 /location/location/contains /m/01jzyx 6012 6009 0 0 0 0
/m/0d060g /location/location/contains /m/01vqq1 1 1 1 1 1 1
/m/09c7w0 /location/location/contains /m/0kqj1 3 1 1 1 0 1
/m/09c7w0 /location/location/contains /m/0sb1r 3 1 1 1 0 1
/m/02jx1 /location/location/contains /m/0978r 1 1 1 1 1 1
/m/02jx1 /location/location/contains /m/0n96z 2 1 1 1 0 1
/m/06yxd /location/location/contains /m/0mvxt 2 2 1 1 0 0
/m/03s0w /location/location/contains /m/0t0n5 3 1 1 1 0 1
/m/07c5l /location/location/contains /m/0160w 3 3 1 1 0 0
/m/030qb3t /location/location/contains /m/0k_p5 2434 2432 0 0 0 0
/m/0j0k /location/location/contains /m/0jhd 4 2 1 1 0 0
/m/0mwl2 /location/location/contains /m/013ksx 4 2 1 1 0 0
/m/02j9z /location/location/contains /m/01lvrm 2726 2724 0 0 0 0
/m/05k7sb /location/location/contains /m/0tz1j 3 1 1 1 0 1
/m/02v3m7 /location/location/contains /m/014b6c 1 1 1 1 1 1
/m/09c7w0 /location/location/contains /m/0v0d9 1 1 1 1 1 1
/m/05tbn /location/location/contains /m/09dfcj 2 2 1 1 0 0
/m/059g4 /location/location/contains /m/01gc8c 3 2 1 1 0 0
/m/02jx1 /location/location/contains /m/01gln9 1 1 1 1 1 1
/m/0tln7 /location/location/contains /m/019tfm 3061 3059 0 0 0 0
/m/07c5l /location/location/contains /m/09lxtg 4 4 1 1 0 0
/m/06c1y /location/location/contains /m/02pbzv 2 1 1 1 0 1
/m/015fr /location/location/contains /m/09wwlj 1809 1809 0 0 0 0
/m/05kr_ /location/location/contains /m/0154fs 881 880 0 0 0 0
/m/049yf /location/location/contains /m/049wm 12866 12864 0 0 0 0
/m/01n7q /location/location/contains /m/0r15k 3 1 1 1 0 1
/m/0j3b /location/location/contains /m/036b_ 4793 4792 0 0 0 0
/m/03v0t /location/location/contains /m/0ntwb 1 1 1 1 1 1
/m/09c7w0 /location/location/contains /m/0rydq 2 1 1 1 0 1
/m/017jq /location/location/contains /m/03jn4 251 250 0 0 0 0
/m/04_1l0v /location/location/contains /m/05tbn 4 3 1 1 0 0
/m/05bcl /location/location/contains /m/02hgz 11742 11741 0 0 0 0
/m/06q1r /location/location/contains /m/0p8bz 2255 2255 0 0 0 0
/m/04jpl /location/location/contains /m/015g1w 6 4 1 1 0 0
/m/02rtlp5 /location/location/contains /m/0n4mk 5062 5062 0 0 0 0
/m/09c7w0 /location/location/contains /m/0qkcb 2 1 1 1 0 1
/m/09c7w0 /location/location/contains /m/05qgd9 2 1 1 1 0 1
/m/09c7w0 /location/location/contains /m/07vjm 5 1 1 1 0 1
/m/09c7w0 /location/location/contains /m/01lnyf 2 1 1 1 0 1
/m/07b_l /location/location/contains /m/0kpw3 2439 2439 0 0 0 0
/m/049nq /location/location/contains /m/07g0_ 3 1 1 1 0 1
/m/0cxgc /location/location/contains /m/01dzq6 1242 1240 0 0 0 0
/m/06q1r /location/location/contains /m/01zk9d 2 2 1 1 0 0
/m/07h34 /location/location/contains /m/0_wm_ 1 1 1 1 1 1
/m/01n7q /location/location/contains /m/0qxzd 3 1 1 1 0 1
/m/04rrd /location/location/contains /m/0tt6k 2 1 1 1 0 1
/m/07b_l /location/location/contains /m/010bnr 9656 9656 0 0 0 0
/m/030qb3t /location/location/contains /m/0281rb 4066 4064 0 0 0 0
/m/04wsz /location/location/contains /m/0j1z8 4 2 1 1 0 0
/m/02qkt /location/location/contains /m/06npd 2 2 1 1 0 0
/m/0212ny /location/location/contains /m/02sn34 4689 4689 0 0 0 0
/m/0f8l9c /location/location/contains /m/04gdr 1 1 1 1 1 1
/m/07ssc /location/location/contains /m/03lkp 1 1 1 1 1 1
/m/0b90_r /location/location/contains /m/039cpd 2 1 1 1 0 1
/m/0nvt9 /location/location/contains /m/0s4sj 10947 10944 0 0 0 0
/m/09c7w0 /location/location/contains /m/03b12 3 1 1 1 0 1
/m/09c7w0 /location/location/contains /m/02qvvv 3 1 1 1 0 1
/m/09c7w0 /location/location/contains /m/010t4v 3 1 1 1 0 1
/m/02qkt /location/location/contains /m/0d0kn 3 2 1 1 0 0
/m/0gyh /location/location/contains /m/03x1s8 3 1 1 1 0 1
/m/0gyh /location/location/contains /m/0q74c 2240 2239 0 0 0 0
/m/0vmt /location/location/contains /m/0qpn9 2 1 1 1 0 1
/m/07ssc /location/location/contains /m/01v2xl 2 1 1 1 0 1
/m/03v1s /location/location/contains /m/03y5ky 5324 5323 0 0 0 0
