/m/012x4t /music/group_member/membership./music/group_membership/group /m/01v0sx2 34 22 0 0 0 0
/m/05qw5 /music/group_member/membership./music/group_membership/group /m/017lb_ 14224 14223 0 0 0 0
/m/0pkyh /music/group_member/membership./music/group_membership/group /m/04k05 1 1 1 1 1 1
/m/0140t7 /music/group_member/membership./music/group_membership/group /m/0dtd6 5345 5345 0 0 0 0
/m/0326tc /music/group_member/membership./music/group_membership/group /m/01_wfj 0 0 0 0
/m/01vsqvs /music/group_member/membership./music/group_membership/group /m/07yg2 6286 6285 0 0 0 0
/m/01wrcxr /music/group_member/membership./music/group_membership/group /m/01v0sx2 103 89 0 0 0 0
/m/032t2z /music/group_member/membership./music/group_membership/group /m/01wv9xn 4 4 1 1 0 0
/m/01mxnvc /music/group_member/membership./music/group_membership/group /m/02vgh 7508 7508 0 0 0 0
/m/02y7sr /music/group_member/membership./music/group_membership/group /m/0ycp3 6425 6425 0 0 0 0
/m/01vsksr /music/group_member/membership./music/group_membership/group /m/07mvp 32 28 0 0 0 0
/m/021r7r /music/group_member/membership./music/group_membership/group /m/07bzp 7642 7641 0 0 0 0
/m/016h9b /music/group_member/membership./music/group_membership/group /m/0134wr 1 1 1 1 1 1
/m/01797x /music/group_member/membership./music/group_membership/group /m/02r1tx7 12696 12695 0 0 0 0
/m/018y2s /music/group_member/membership./music/group_membership/group /m/013w8y 0 0 0 0
/m/03j24kf /music/group_member/membership./music/group_membership/group /m/07c0j 1 1 1 1 1 1
/m/01wqflx /music/group_member/membership./music/group_membership/group /m/0d193h 11565 11564 0 0 0 0
/m/0ftps /music/group_member/membership./music/group_membership/group /m/0b_xm 4 4 1 1 0 0
/m/018gkb /music/group_member/membership./music/group_membership/group /m/047cx 2 2 1 1 0 0
/m/03bnv /music/group_member/membership./music/group_membership/group /m/07c0j 1 1 1 1 1 1
/m/041c4 /music/group_member/membership./music/group_membership/group /m/04sd0 3 1 1 1 0 1
/m/01w724 /music/group_member/membership./music/group_membership/group /m/01qqwp9 12 5 0 1 0 0
