/m/01rm8b /music/artist/origin /m/052bw 6575 6571 0 0 0 0
/m/0fpj4lx /music/artist/origin /m/030qb3t 42 32 0 0 0 0
/m/03g5jw /music/artist/origin /m/07h34 5668 5668 0 0 0 0
/m/02wwwv5 /music/artist/origin /m/0d0x8 2195 2195 0 0 0 0
/m/0qmpd /music/artist/origin /m/0f8l9c 1483 1483 0 0 0 0
/m/0892sx /music/artist/origin /m/059rby 14261 14258 0 0 0 0
/m/05w6cw /music/artist/origin /m/02_286 82 76 0 0 0 0
/m/01sbf2 /music/artist/origin /m/059rby 9870 9868 0 0 0 0
/m/02twdq /music/artist/origin /m/07dfk 6033 6032 0 0 0 0
/m/0244r8 /music/artist/origin /m/0chgzm 13166 13162 0 0 0 0
/m/089pg7 /music/artist/origin /m/0cv3w 1423 1421 0 0 0 0
/m/01w5n51 /music/artist/origin /m/01p726 1167 1167 0 0 0 0
/m/06br6t /music/artist/origin /m/02_286 90 84 0 0 0 0
/m/04rcr /music/artist/origin /m/030qb3t 49 39 0 0 0 0
/m/01wv9xn /music/artist/origin /m/02jx1 7018 7015 0 0 0 0
/m/014hr0 /music/artist/origin /m/04jpl 9683 9674 0 0 0 0
/m/016ntp /music/artist/origin /m/09cpb 0 0 0 0
/m/01mr2g6 /music/artist/origin /m/030qb3t 73 63 0 0 0 0
/m/01323p /music/artist/origin /m/0k33p 9392 9389 0 0 0 0
/m/01nkxvx /music/artist/origin /m/0pswc 12411 12411 0 0 0 0
/m/01mxnvc /music/artist/origin /m/0k33p 7140 7136 0 0 0 0
/m/03h502k /music/artist/origin /m/02xry 6081 6081 0 0 0 0
/m/018pj3 /music/artist/origin /m/0tygl 12159 12159 0 0 0 0
/m/01wgjj5 /music/artist/origin /m/04jpl 78 72 0 0 0 0
/m/0ycfj /music/artist/origin /m/0mzww 3 2 1 1 0 0
/m/01vsxdm /music/artist/origin /m/0rj0z 4791 4791 0 0 0 0
/m/06p03s /music/artist/origin /m/04jpl 965 957 0 0 0 0
/m/03j_hq /music/artist/origin /m/0dzt9 3729 3728 0 0 0 0
/m/03j149k /music/artist/origin /m/0y62n 7533 7533 0 0 0 0
/m/0677ng /music/artist/origin /m/0cr3d 4478 4476 0 0 0 0
/m/01pq5j7 /music/artist/origin /m/04jpl 131 125 0 0 0 0
/m/0b68vs /music/artist/origin /m/034cm 0 0 0 0
/m/067mj /music/artist/origin /m/0hpyv 2 1 1 1 0 1
/m/04gycf /music/artist/origin /m/0ply0 2 2 1 1 0 0
