/m/01hww_ /music/performance_role/regular_performances./music/group_membership/group /m/01q99h 50 39 0 0 0 0
/m/02hnl /music/performance_role/regular_performances./music/group_membership/group /m/02mq_y 3 2 1 1 0 0
/m/02hnl /music/performance_role/regular_performances./music/group_membership/group /m/04qmr 5 1 1 1 0 1
/m/028tv0 /music/performance_role/regular_performances./music/group_membership/group /m/016vn3 7 1 1 1 0 1
/m/028tv0 /music/performance_role/regular_performances./music/group_membership/group /m/0394y 3 1 1 1 0 1
/m/03bx0bm /music/performance_role/regular_performances./music/group_membership/group /m/0khth 13 3 0 1 0 0
/m/05148p4 /music/performance_role/regular_performances./music/group_membership/group /m/0167_s 3 1 1 1 0 1
/m/02hnl /music/performance_role/regular_performances./music/group_membership/group /m/07r1_ 5 1 1 1 0 1
/m/02g9p4 /music/performance_role/regular_performances./music/group_membership/group /m/07mvp 16 3 0 1 0 0
/m/06w87 /music/performance_role/regular_performances./music/group_membership/group /m/01jkqfz 4726 4721 0 0 0 0
/m/0gkd1 /music/performance_role/regular_performances./music/group_membership/group /m/01czx 22 10 0 1 0 0
/m/0l14j_ /music/performance_role/regular_performances./music/group_membership/group /m/0p76z 19 14 0 0 0 0
/m/018vs /music/performance_role/regular_performances./music/group_membership/group /m/07bzp 5 2 1 1 0 0
/m/01vj9c /music/performance_role/regular_performances./music/group_membership/group /m/017_hq 12 4 0 1 0 0
/m/02hnl /music/performance_role/regular_performances./music/group_membership/group /m/07rnh 4 2 1 1 0 0
/m/02hnl /music/performance_role/regular_performances./music/group_membership/group /m/01_wfj 4 2 1 1 0 0
/m/02hnl /music/performance_role/regular_performances./music/group_membership/group /m/048xh 5 2 1 1 0 0
/m/02hnl /music/performance_role/regular_performances./music/group_membership/group /m/0dw4g 5 2 1 1 0 0
/m/028tv0 /music/performance_role/regular_performances./music/group_membership/group /m/01518s 3 1 1 1 0 1
/m/013y1f /music/performance_role/regular_performances./music/group_membership/group /m/02mq_y 7 2 1 1 0 0
/m/018vs /music/performance_role/regular_performances./music/group_membership/group /m/01kcms4 5 2 1 1 0 0
/m/0l14md /music/performance_role/regular_performances./music/group_membership/group /m/048xh 6 2 1 1 0 0
/m/05148p4 /music/performance_role/regular_performances./music/group_membership/group /m/07rnh 2 1 1 1 0 1
/m/05148p4 /music/performance_role/regular_performances./music/group_membership/group /m/02cw1m 3 1 1 1 0 1
/m/042v_gx /music/performance_role/regular_performances./music/group_membership/group /m/0kr_t 22 14 0 0 0 0
/m/028tv0 /music/performance_role/regular_performances./music/group_membership/group /m/081wh1 6 1 1 1 0 1
/m/018vs /music/performance_role/regular_performances./music/group_membership/group /m/01518s 6 2 1 1 0 0
/m/0l14md /music/performance_role/regular_performances./music/group_membership/group /m/079kr 4 2 1 1 0 0
/m/05148p4 /music/performance_role/regular_performances./music/group_membership/group /m/07n68 3 2 1 1 0 0
/m/05148p4 /music/performance_role/regular_performances./music/group_membership/group /m/04qzm 5 2 1 1 0 0
/m/05r5c /music/performance_role/regular_performances./music/group_membership/group /m/01lf293 10 3 1 1 0 0
/m/05r5c /music/performance_role/regular_performances./music/group_membership/group /m/01s560x 8 1 1 1 0 1
/m/05r5c /music/performance_role/regular_performances./music/group_membership/group /m/0bk1p 5 1 1 1 0 1
/m/02hnl /music/performance_role/regular_performances./music/group_membership/group /m/01q99h 3 1 1 1 0 1
/m/02hnl /music/performance_role/regular_performances./music/group_membership/group /m/01jcxwp 5 2 1 1 0 0
/m/02hnl /music/performance_role/regular_performances./music/group_membership/group /m/0123r4 5 2 1 1 0 0
/m/018vs /music/performance_role/regular_performances./music/group_membership/group /m/0kr_t 5 2 1 1 0 0
/m/018vs /music/performance_role/regular_performances./music/group_membership/group /m/03q_w5 6 2 1 1 0 0
/m/0l14md /music/performance_role/regular_performances./music/group_membership/group /m/01516r 6 3 1 1 0 0
/m/0l14md /music/performance_role/regular_performances./music/group_membership/group /m/01fchy 6 2 1 1 0 0
/m/0dwr4 /music/performance_role/regular_performances./music/group_membership/group /m/05563d 26 11 0 0 0 0
/m/01vj9c /music/performance_role/regular_performances./music/group_membership/group /m/0pqp3 9 4 1 1 0 0
/m/05148p4 /music/performance_role/regular_performances./music/group_membership/group /m/01wv9xn 3 1 1 1 0 1
/m/0l14qv /music/performance_role/regular_performances./music/group_membership/group /m/0bpk2 11 9 0 1 0 0
/m/02hnl /music/performance_role/regular_performances./music/group_membership/group /m/015cxv 4 2 1 1 0 0
/m/02w3w /music/performance_role/regular_performances./music/group_membership/group /m/01jkqfz 28 24 0 0 0 0
/m/01dnws /music/performance_role/regular_performances./music/group_membership/group /m/02mq_y 7841 7827 0 0 0 0
/m/02sgy /music/performance_role/regular_performances./music/group_membership/group /m/047cx 32 16 0 0 0 0
/m/018vs /music/performance_role/regular_performances./music/group_membership/group /m/0d193h 6 2 1 1 0 0
/m/05148p4 /music/performance_role/regular_performances./music/group_membership/group /m/02hzz 2 1 1 1 0 1
/m/05r5c /music/performance_role/regular_performances./music/group_membership/group /m/047cx 15 3 0 1 0 0
/m/085jw /music/performance_role/regular_performances./music/group_membership/group /m/01qqwp9 29 18 0 0 0 0
/m/02hnl /music/performance_role/regular_performances./music/group_membership/group /m/01j59b0 5 1 1 1 0 1
/m/02hnl /music/performance_role/regular_performances./music/group_membership/group /m/0fb2l 5 2 1 1 0 0
/m/018vs /music/performance_role/regular_performances./music/group_membership/group /m/09z1lg 6 5 1 1 0 0
/m/018vs /music/performance_role/regular_performances./music/group_membership/group /m/0p76z 6 2 1 1 0 0
/m/0mkg /music/performance_role/regular_performances./music/group_membership/group /m/02r3zy 30 20 0 0 0 0
/m/02hnl /music/performance_role/regular_performances./music/group_membership/group /m/0m19t 4 2 1 1 0 0
/m/05148p4 /music/performance_role/regular_performances./music/group_membership/group /m/01czx 1 1 1 1 1 1
/m/07_l6 /music/performance_role/regular_performances./music/group_membership/group /m/02mq_y 6878 6865 0 0 0 0
/m/06ncr /music/performance_role/regular_performances./music/group_membership/group /m/0178kd 14 9 0 1 0 0
/m/0342h /music/performance_role/regular_performances./music/group_membership/group /m/03t9sp 1 1 1 1 1 1
/m/05148p4 /music/performance_role/regular_performances./music/group_membership/group /m/02cpp 4 2 1 1 0 0
/m/05148p4 /music/performance_role/regular_performances./music/group_membership/group /m/015srx 2 2 1 1 0 0
/m/0gkd1 /music/performance_role/regular_performances./music/group_membership/group /m/01s560x 6 1 1 1 0 1
/m/02hnl /music/performance_role/regular_performances./music/group_membership/group /m/01shhf 3 2 1 1 0 0
/m/028tv0 /music/performance_role/regular_performances./music/group_membership/group /m/01dpts 3 1 1 1 0 1
/m/018vs /music/performance_role/regular_performances./music/group_membership/group /m/0fsyx 7 2 1 1 0 0
/m/06ncr /music/performance_role/regular_performances./music/group_membership/group /m/01lf293 16 6 0 1 0 0
/m/03t22m /music/performance_role/regular_performances./music/group_membership/group /m/01lf293 23 11 0 0 0 0
/m/04rzd /music/performance_role/regular_performances./music/group_membership/group /m/0249kn 9 6 1 1 0 0
/m/02hnl /music/performance_role/regular_performances./music/group_membership/group /m/01dpts 4 1 1 1 0 1
/m/02hnl /music/performance_role/regular_performances./music/group_membership/group /m/03q_w5 5 2 1 1 0 0
/m/018vs /music/performance_role/regular_performances./music/group_membership/group /m/089pg7 6 1 1 1 0 1
/m/0342h /music/performance_role/regular_performances./music/group_membership/group /m/0167_s 1 1 1 1 1 1
/m/0342h /music/performance_role/regular_performances./music/group_membership/group /m/0178_w 2 1 1 1 0 1
/m/05148p4 /music/performance_role/regular_performances./music/group_membership/group /m/0jg77 2 1 1 1 0 1
/m/02hnl /music/performance_role/regular_performances./music/group_membership/group /m/0134s5 5 2 1 1 0 0
/m/07gql /music/performance_role/regular_performances./music/group_membership/group /m/01vrwfv 2269 2259 0 0 0 0
/m/01vj9c /music/performance_role/regular_performances./music/group_membership/group /m/027kwc 11 3 0 1 0 0
/m/03qjg /music/performance_role/regular_performances./music/group_membership/group /m/015cqh 13 6 0 1 0 0
/m/02hnl /music/performance_role/regular_performances./music/group_membership/group /m/01fchy 3 1 1 1 0 1
/m/02hnl /music/performance_role/regular_performances./music/group_membership/group /m/02vgh 6 2 1 1 0 0
/m/0l14md /music/performance_role/regular_performances./music/group_membership/group /m/0fcsd 11 5 0 1 0 0
/m/02hnl /music/performance_role/regular_performances./music/group_membership/group /m/03g5jw 6 2 1 1 0 0
/m/028tv0 /music/performance_role/regular_performances./music/group_membership/group /m/04r1t 6 2 1 1 0 0
/m/05148p4 /music/performance_role/regular_performances./music/group_membership/group /m/0cfgd 3 1 1 1 0 1
/m/05r5c /music/performance_role/regular_performances./music/group_membership/group /m/07mvp 10 3 1 1 0 0
/m/02hnl /music/performance_role/regular_performances./music/group_membership/group /m/046p9 5 2 1 1 0 0
/m/02hnl /music/performance_role/regular_performances./music/group_membership/group /m/02_5x9 6 3 1 1 0 0
/m/07m2y /music/performance_role/regular_performances./music/group_membership/group /m/01lf293 11441 11428 0 0 0 0
/m/05r5c /music/performance_role/regular_performances./music/group_membership/group /m/09lwrt 7 1 1 1 0 1
/m/02hnl /music/performance_role/regular_performances./music/group_membership/group /m/013w2r 2 1 1 1 0 1
/m/0l14j_ /music/performance_role/regular_performances./music/group_membership/group /m/02dw1_ 20 9 0 1 0 0
/m/018vs /music/performance_role/regular_performances./music/group_membership/group /m/01t_xp_ 5 2 1 1 0 0
/m/01vj9c /music/performance_role/regular_performances./music/group_membership/group /m/07hgm 11 8 0 1 0 0
/m/05148p4 /music/performance_role/regular_performances./music/group_membership/group /m/02ht0ln 2 1 1 1 0 1
/m/03bx0bm /music/performance_role/regular_performances./music/group_membership/group /m/016ppr 2 2 1 1 0 0
/m/06w87 /music/performance_role/regular_performances./music/group_membership/group /m/0khth 31 18 0 0 0 0
/m/01vj9c /music/performance_role/regular_performances./music/group_membership/group /m/0560w 9 5 1 1 0 0
/m/01vj9c /music/performance_role/regular_performances./music/group_membership/group /m/01518s 9 3 1 1 0 0
/m/02hnl /music/performance_role/regular_performances./music/group_membership/group /m/0jn38 5 2 1 1 0 0
/m/03bx0bm /music/performance_role/regular_performances./music/group_membership/group /m/016vj5 6 1 1 1 0 1
/m/018vs /music/performance_role/regular_performances./music/group_membership/group /m/0jltp 3 2 1 1 0 0
/m/028tv0 /music/performance_role/regular_performances./music/group_membership/group /m/0150jk 7 2 1 1 0 0
/m/03bx0bm /music/performance_role/regular_performances./music/group_membership/group /m/07c0j 5 2 1 1 0 0
/m/018j2 /music/performance_role/regular_performances./music/group_membership/group /m/0p8h0 21 14 0 0 0 0
/m/0l14md /music/performance_role/regular_performances./music/group_membership/group /m/0b_xm 6 2 1 1 0 0
/m/0342h /music/performance_role/regular_performances./music/group_membership/group /m/014kyy 1 1 1 1 1 1
/m/0342h /music/performance_role/regular_performances./music/group_membership/group /m/081wh1 1 1 1 1 1 1
/m/01vj9c /music/performance_role/regular_performances./music/group_membership/group /m/07m4c 17 7 0 1 0 0
/m/011k_j /music/performance_role/regular_performances./music/group_membership/group /m/0dvqq 25 17 0 0 0 0
/m/02snj9 /music/performance_role/regular_performances./music/group_membership/group /m/04qzm 22 17 0 0 0 0
/m/05r5c /music/performance_role/regular_performances./music/group_membership/group /m/09jm8 8 1 1 1 0 1
/m/06w7v /music/performance_role/regular_performances./music/group_membership/group /m/02mq_y 13050 13035 0 0 0 0
/m/0l14md /music/performance_role/regular_performances./music/group_membership/group /m/01s560x 7 1 1 1 0 1
/m/0l14md /music/performance_role/regular_performances./music/group_membership/group /m/0l8g0 7 2 1 1 0 0
/m/06ncr /music/performance_role/regular_performances./music/group_membership/group /m/01l_w0 15 9 0 1 0 0
/m/0342h /music/performance_role/regular_performances./music/group_membership/group /m/0jg77 1 1 1 1 1 1
/m/01vj9c /music/performance_role/regular_performances./music/group_membership/group /m/04k05 6 4 1 1 0 0
/m/05148p4 /music/performance_role/regular_performances./music/group_membership/group /m/0qmny 3 2 1 1 0 0
/m/05148p4 /music/performance_role/regular_performances./music/group_membership/group /m/07n3s 3 2 1 1 0 0
/m/05r5c /music/performance_role/regular_performances./music/group_membership/group /m/0khth 7 3 1 1 0 0
/m/0l14md /music/performance_role/regular_performances./music/group_membership/group /m/02dw1_ 9 2 1 1 0 0
/m/01s0ps /music/performance_role/regular_performances./music/group_membership/group /m/0163m1 22 13 0 0 0 0
/m/02bxd /music/performance_role/regular_performances./music/group_membership/group /m/046p9 14384 14375 0 0 0 0
/m/05148p4 /music/performance_role/regular_performances./music/group_membership/group /m/07qnf 5 2 1 1 0 0
/m/05148p4 /music/performance_role/regular_performances./music/group_membership/group /m/06mj4 4 2 1 1 0 0
/m/04rzd /music/performance_role/regular_performances./music/group_membership/group /m/02mq_y 15 7 0 1 0 0
/m/02hnl /music/performance_role/regular_performances./music/group_membership/group /m/017959 6 1 1 1 0 1
/m/03bx0bm /music/performance_role/regular_performances./music/group_membership/group /m/0knhk 4 2 1 1 0 0
/m/018vs /music/performance_role/regular_performances./music/group_membership/group /m/0g_g2 6 1 1 1 0 1
/m/0l14md /music/performance_role/regular_performances./music/group_membership/group /m/0394y 6 2 1 1 0 0
/m/0342h /music/performance_role/regular_performances./music/group_membership/group /m/018ndc 1 1 1 1 1 1
/m/01vj9c /music/performance_role/regular_performances./music/group_membership/group /m/01vrwfv 9 4 1 1 0 0
/m/0319l /music/performance_role/regular_performances./music/group_membership/group /m/027kwc 1419 1408 0 0 0 0
/m/05r5c /music/performance_role/regular_performances./music/group_membership/group /m/0l8g0 8 2 1 1 0 0
/m/042v_gx /music/performance_role/regular_performances./music/group_membership/group /m/0pqp3 22 14 0 0 0 0
/m/02hnl /music/performance_role/regular_performances./music/group_membership/group /m/011_vz 5 2 1 1 0 0
/m/018vs /music/performance_role/regular_performances./music/group_membership/group /m/0178kd 5 1 1 1 0 1
/m/0l14md /music/performance_role/regular_performances./music/group_membership/group /m/05k79 7 2 1 1 0 0
/m/01vj9c /music/performance_role/regular_performances./music/group_membership/group /m/014pg1 14 4 0 1 0 0
/m/05148p4 /music/performance_role/regular_performances./music/group_membership/group /m/02jqjm 2 1 1 1 0 1
/m/02hnl /music/performance_role/regular_performances./music/group_membership/group /m/089pg7 5 1 1 1 0 1
/m/01v1d8 /music/performance_role/regular_performances./music/group_membership/group /m/02_5x9 20 13 0 0 0 0
/m/0l14md /music/performance_role/regular_performances./music/group_membership/group /m/016lj_ 6 3 1 1 0 0
/m/0l14md /music/performance_role/regular_performances./music/group_membership/group /m/0187x8 8 2 1 1 0 0
/m/06ncr /music/performance_role/regular_performances./music/group_membership/group /m/03k3b 15 9 0 1 0 0
/m/018j2 /music/performance_role/regular_performances./music/group_membership/group /m/018ndc 5 2 1 1 0 0
/m/0342h /music/performance_role/regular_performances./music/group_membership/group /m/016vn3 2 1 1 1 0 1
/m/01hww_ /music/performance_role/regular_performances./music/group_membership/group /m/02dw1_ 14 5 0 1 0 0
/m/05148p4 /music/performance_role/regular_performances./music/group_membership/group /m/0249kn 4 2 1 1 0 0
/m/07xzm /music/performance_role/regular_performances./music/group_membership/group /m/01k_yf 13158 13149 0 0 0 0
/m/07y_7 /music/performance_role/regular_performances./music/group_membership/group /m/0134wr 8 1 1 1 0 1
/m/018vs /music/performance_role/regular_performances./music/group_membership/group /m/01wv9xn 6 1 1 1 0 1
/m/018vs /music/performance_role/regular_performances./music/group_membership/group /m/017lb_ 5 1 1 1 0 1
/m/0342h /music/performance_role/regular_performances./music/group_membership/group /m/0b1zz 1 1 1 1 1 1
/m/02hnl /music/performance_role/regular_performances./music/group_membership/group /m/0ycp3 6 2 1 1 0 0
/m/03bx0bm /music/performance_role/regular_performances./music/group_membership/group /m/09z1lg 8 6 1 1 0 0
/m/03bx0bm /music/performance_role/regular_performances./music/group_membership/group /m/0ycp3 7 2 1 1 0 0
/m/02k84w /music/performance_role/regular_performances./music/group_membership/group /m/01cblr 21 13 0 0 0 0
/m/018vs /music/performance_role/regular_performances./music/group_membership/group /m/01lf293 4 1 1 1 0 1
/m/0l14md /music/performance_role/regular_performances./music/group_membership/group /m/0167_s 6 1 1 1 0 1
/m/05148p4 /music/performance_role/regular_performances./music/group_membership/group /m/0fsyx 1 1 1 1 1 1
/m/02hnl /music/performance_role/regular_performances./music/group_membership/group /m/03d9d6 5 1 1 1 0 1
/m/0l14md /music/performance_role/regular_performances./music/group_membership/group /m/03g5jw 7 2 1 1 0 0
/m/05842k /music/performance_role/regular_performances./music/group_membership/group /m/011xhx 10 5 1 1 0 0
