/m/0dq_5 /organization/role/leaders./organization/leadership/organization /m/04f0xq 1 1 1 1 1 1
/m/0dq_5 /organization/role/leaders./organization/leadership/organization /m/01frpd 1 1 1 1 1 1
/m/0dq_5 /organization/role/leaders./organization/leadership/organization /m/07zlqp 3 3 1 1 0 0
/m/060c4 /organization/role/leaders./organization/leadership/organization /m/02lv2v 1 1 1 1 1 1
/m/060c4 /organization/role/leaders./organization/leadership/organization /m/02y9bj 1 1 1 1 1 1
/m/060c4 /organization/role/leaders./organization/leadership/organization /m/02j04_ 1 1 1 1 1 1
/m/060c4 /organization/role/leaders./organization/leadership/organization /m/07tds 1 1 1 1 1 1
/m/0dq_5 /organization/role/leaders./organization/leadership/organization /m/086k8 1 1 1 1 1 1
/m/0dq_5 /organization/role/leaders./organization/leadership/organization /m/04f525m 1 1 1 1 1 1
/m/0dq_5 /organization/role/leaders./organization/leadership/organization /m/084l5 1 1 1 1 1 1
/m/0dq_5 /organization/role/leaders./organization/leadership/organization /m/054lpb6 2 1 1 1 0 1
/m/060c4 /organization/role/leaders./organization/leadership/organization /m/03205_ 1 1 1 1 1 1
/m/0hm4q /organization/role/leaders./organization/leadership/organization /m/02_jjm 4 4 1 1 0 0
/m/060c4 /organization/role/leaders./organization/leadership/organization /m/06thjt 1 1 1 1 1 1
/m/060c4 /organization/role/leaders./organization/leadership/organization /m/019q50 1 1 1 1 1 1
/m/060c4 /organization/role/leaders./organization/leadership/organization /m/03x23q 1 1 1 1 1 1
/m/060c4 /organization/role/leaders./organization/leadership/organization /m/01rr31 1 1 1 1 1 1
/m/060c4 /organization/role/leaders./organization/leadership/organization /m/03np_7 1 1 1 1 1 1
/m/060c4 /organization/role/leaders./organization/leadership/organization /m/01tpvt 1 1 1 1 1 1
/m/060c4 /organization/role/leaders./organization/leadership/organization /m/01y8zd 2 1 1 1 0 1
/m/060c4 /organization/role/leaders./organization/leadership/organization /m/0225bv 1 1 1 1 1 1
/m/060c4 /organization/role/leaders./organization/leadership/organization /m/0p7tb 1 1 1 1 1 1
/m/060c4 /organization/role/leaders./organization/leadership/organization /m/02yr3z 1 1 1 1 1 1
/m/0dq_5 /organization/role/leaders./organization/leadership/organization /m/049mr 1 1 1 1 1 1
/m/060c4 /organization/role/leaders./organization/leadership/organization /m/015y3j 1 1 1 1 1 1
/m/07xl34 /organization/role/leaders./organization/leadership/organization /m/02cbvn 2 2 1 1 0 0
/m/060c4 /organization/role/leaders./organization/leadership/organization /m/02hp6p 1 1 1 1 1 1
/m/07xl34 /organization/role/leaders./organization/leadership/organization /m/01v3ht 2 2 1 1 0 0
/m/07xl34 /organization/role/leaders./organization/leadership/organization /m/0ymb6 1 1 1 1 1 1
/m/07xl34 /organization/role/leaders./organization/leadership/organization /m/01nmgc 2 2 1 1 0 0
/m/05k17c /organization/role/leaders./organization/leadership/organization /m/014zws 3 3 1 1 0 0
/m/060c4 /organization/role/leaders./organization/leadership/organization /m/01nhgd 1 1 1 1 1 1
/m/060c4 /organization/role/leaders./organization/leadership/organization /m/038czx 1 1 1 1 1 1
/m/0hm4q /organization/role/leaders./organization/leadership/organization /m/09b_0m 4 4 1 1 0 0
/m/05k17c /organization/role/leaders./organization/leadership/organization /m/04gxp2 3 3 1 1 0 0
/m/07xl34 /organization/role/leaders./organization/leadership/organization /m/02_cx_ 2 1 1 1 0 1
/m/060c4 /organization/role/leaders./organization/leadership/organization /m/01g7_r 1 1 1 1 1 1
/m/0hm4q /organization/role/leaders./organization/leadership/organization /m/01nrnm 10555 10554 0 0 0 0
/m/060c4 /organization/role/leaders./organization/leadership/organization /m/02cttt 1 1 1 1 1 1
/m/060c4 /organization/role/leaders./organization/leadership/organization /m/0172jm 1 1 1 1 1 1
/m/060c4 /organization/role/leaders./organization/leadership/organization /m/06nvzg 1 1 1 1 1 1
/m/07xl34 /organization/role/leaders./organization/leadership/organization /m/01h8sf 2 2 1 1 0 0
/m/060c4 /organization/role/leaders./organization/leadership/organization /m/019dwp 1 1 1 1 1 1
/m/07xl34 /organization/role/leaders./organization/leadership/organization /m/01g4yw 2 2 1 1 0 0
/m/07xl34 /organization/role/leaders./organization/leadership/organization /m/01gpkz 2 2 1 1 0 0
/m/060c4 /organization/role/leaders./organization/leadership/organization /m/01hb1t 1 1 1 1 1 1
/m/060c4 /organization/role/leaders./organization/leadership/organization /m/01q8hj 1 1 1 1 1 1
/m/060c4 /organization/role/leaders./organization/leadership/organization /m/027xx3 1 1 1 1 1 1
/m/060c4 /organization/role/leaders./organization/leadership/organization /m/0gl5_ 1 1 1 1 1 1
/m/060c4 /organization/role/leaders./organization/leadership/organization /m/02m0b0 1 1 1 1 1 1
/m/060c4 /organization/role/leaders./organization/leadership/organization /m/065y4w7 1 1 1 1 1 1
/m/060c4 /organization/role/leaders./organization/leadership/organization /m/0123j6 2 1 1 1 0 1
/m/060c4 /organization/role/leaders./organization/leadership/organization /m/01p896 1 1 1 1 1 1
/m/060c4 /organization/role/leaders./organization/leadership/organization /m/04sylm 1 1 1 1 1 1
/m/060c4 /organization/role/leaders./organization/leadership/organization /m/01r3y2 1 1 1 1 1 1
/m/060c4 /organization/role/leaders./organization/leadership/organization /m/01y9st 1 1 1 1 1 1
/m/060c4 /organization/role/leaders./organization/leadership/organization /m/02l424 1 1 1 1 1 1
/m/060c4 /organization/role/leaders./organization/leadership/organization /m/037s9x 1 1 1 1 1 1
/m/08jcfy /organization/role/leaders./organization/leadership/organization /m/0m4yg 11775 11775 0 0 0 0
/m/060c4 /organization/role/leaders./organization/leadership/organization /m/01nkcn 1 1 1 1 1 1
/m/060c4 /organization/role/leaders./organization/leadership/organization /m/02lwv5 1 1 1 1 1 1
/m/060c4 /organization/role/leaders./organization/leadership/organization /m/01vs5c 1 1 1 1 1 1
/m/060c4 /organization/role/leaders./organization/leadership/organization /m/01pl14 1 1 1 1 1 1
/m/060c4 /organization/role/leaders./organization/leadership/organization /m/023znp 1 1 1 1 1 1
/m/07xl34 /organization/role/leaders./organization/leadership/organization /m/01hnb 3 2 1 1 0 0
/m/05c0jwl /organization/role/leaders./organization/leadership/organization /m/0yldt 3 3 1 1 0 0
/m/0dq_5 /organization/role/leaders./organization/leadership/organization /m/0g2c8 2 2 1 1 0 0
/m/060c4 /organization/role/leaders./organization/leadership/organization /m/015fsv 1 1 1 1 1 1
/m/07xl34 /organization/role/leaders./organization/leadership/organization /m/0hd7j 2 2 1 1 0 0
/m/07xl34 /organization/role/leaders./organization/leadership/organization /m/01b_d4 2 2 1 1 0 0
