/m/01wxdn3 /people/person/nationality /m/07ssc 335 282 0 0 0 0
/m/063g7l /people/person/nationality /m/09c7w0 728 370 0 0 0 0
/m/023kzp /people/person/nationality /m/09c7w0 113 6 0 1 0 0
/m/055c8 /people/person/nationality /m/09c7w0 274 52 0 0 0 0
/m/02dlfh /people/person/nationality /m/09c7w0 224 30 0 0 0 0
/m/0j_c /people/person/nationality /m/02jx1 250 177 0 0 0 0
/m/02bfxb /people/person/nationality /m/0ctw_b 1 1 1 1 1 1
/m/030pr /people/person/nationality /m/09c7w0 885 516 0 0 0 0
/m/016k62 /people/person/nationality /m/03spz 2 2 1 1 0 0
/m/01mvth /people/person/nationality /m/09c7w0 373 78 0 0 0 0
/m/0lh0c /people/person/nationality /m/09c7w0 135 11 0 0 0 0
/m/08nz99 /people/person/nationality /m/09c7w0 398 90 0 0 0 0
/m/018d6l /people/person/nationality /m/07ssc 382 327 0 0 0 0
/m/0jfx1 /people/person/nationality /m/09c7w0 165 16 0 0 0 0
/m/051wwp /people/person/nationality /m/09c7w0 366 77 0 0 0 0
/m/0f1jhc /people/person/nationality /m/09c7w0 216 28 0 0 0 0
/m/043js /people/person/nationality /m/09c7w0 364 77 0 0 0 0
/m/05yvfd /people/person/nationality /m/03rk0 15 1 0 1 0 1
/m/01mt1fy /people/person/nationality /m/09c7w0 560 213 0 0 0 0
/m/0mj0c /people/person/nationality /m/09c7w0 163 16 0 0 0 0
/m/07gkgp /people/person/nationality /m/0d060g 7506 7451 0 0 0 0
/m/0psss /people/person/nationality /m/02jx1 272 198 0 0 0 0
/m/04l19_ /people/person/nationality /m/09c7w0 118 8 0 1 0 0
/m/049tjg /people/person/nationality /m/09c7w0 740 379 0 0 0 0
/m/01ty7ll /people/person/nationality /m/09c7w0 313 63 0 0 0 0
/m/01x0sy /people/person/nationality /m/09c7w0 450 118 0 0 0 0
/m/03jj93 /people/person/nationality /m/02jx1 38 13 0 0 0 0
/m/02xb2bt /people/person/nationality /m/02jx1 62 27 0 0 0 0
/m/015q43 /people/person/nationality /m/07ssc 294 242 0 0 0 0
/m/0f2c8g /people/person/nationality /m/03rk0 26 2 0 1 0 0
/m/03f22dp /people/person/nationality /m/03rk0 26 2 0 1 0 0
/m/070w7s /people/person/nationality /m/09c7w0 376 78 0 0 0 0
/m/0cj2w /people/person/nationality /m/07ssc 54 36 0 0 0 0
/m/01p9hgt /people/person/nationality /m/02jx1 267 193 0 0 0 0
/m/017yfz /people/person/nationality /m/09c7w0 26 1 0 1 0 1
/m/04v048 /people/person/nationality /m/09c7w0 345 75 0 0 0 0
/m/0gs1_ /people/person/nationality /m/09c7w0 245 43 0 0 0 0
/m/0f14q /people/person/nationality /m/09c7w0 748 385 0 0 0 0
/m/0d9v9q /people/person/nationality /m/0162v 5177 5176 0 0 0 0
/m/01pcz9 /people/person/nationality /m/0chghy 26 9 0 1 0 0
/m/06_bq1 /people/person/nationality /m/09c7w0 505 166 0 0 0 0
/m/027l0b /people/person/nationality /m/09c7w0 363 77 0 0 0 0
/m/01jbx1 /people/person/nationality /m/09c7w0 279 52 0 0 0 0
/m/0133sq /people/person/nationality /m/02jx1 82 40 0 0 0 0
/m/027kmrb /people/person/nationality /m/09c7w0 470 133 0 0 0 0
/m/05ty4m /people/person/nationality /m/09c7w0 142 14 0 0 0 0
/m/01m3b1t /people/person/nationality /m/09c7w0 287 54 0 0 0 0
/m/014kg4 /people/person/nationality /m/09c7w0 373 78 0 0 0 0
/m/07c37 /people/person/nationality /m/07ssc 371 316 0 0 0 0
/m/02tc5y /people/person/nationality /m/02jx1 14 5 0 1 0 0
/m/022_lg /people/person/nationality /m/09c7w0 374 78 0 0 0 0
/m/04cw0j /people/person/nationality /m/09c7w0 215 28 0 0 0 0
/m/042d1 /people/person/nationality /m/09c7w0 135 11 0 0 0 0
/m/01nhkxp /people/person/nationality /m/09c7w0 362 77 0 0 0 0
/m/0bt4r4 /people/person/nationality /m/09c7w0 235 38 0 0 0 0
/m/02tr7d /people/person/nationality /m/06q1r 7 2 1 1 0 0
/m/0f1vrl /people/person/nationality /m/09c7w0 563 216 0 0 0 0
/m/02hy9p /people/person/nationality /m/09c7w0 208 28 0 0 0 0
/m/0f4vbz /people/person/nationality /m/09c7w0 100 6 0 1 0 0
/m/0fvt2 /people/person/nationality /m/07ssc 321 269 0 0 0 0
/m/03x22w /people/person/nationality /m/0chghy 103 81 0 0 0 0
/m/03kwtb /people/person/nationality /m/02jx1 57 22 0 0 0 0
/m/01h4rj /people/person/nationality /m/09c7w0 108 6 0 1 0 0
/m/07t3x8 /people/person/nationality /m/03rk0 29 3 0 1 0 0
/m/0lzkm /people/person/nationality /m/09c7w0 372 78 0 0 0 0
/m/091n7z /people/person/nationality /m/09c7w0 453 121 0 0 0 0
/m/047jhq /people/person/nationality /m/03rk0 29 3 0 1 0 0
/m/06l6nj /people/person/nationality /m/09c7w0 458 125 0 0 0 0
/m/06g4_ /people/person/nationality /m/07ssc 85 56 0 0 0 0
/m/0fw2d3 /people/person/nationality /m/0f8l9c 135 104 0 0 0 0
/m/03xn3s2 /people/person/nationality /m/09c7w0 752 389 0 0 0 0
/m/09bx1k /people/person/nationality /m/09c7w0 311 63 0 0 0 0
/m/05_zc7 /people/person/nationality /m/03rk0 26 2 0 1 0 0
/m/03s9v /people/person/nationality /m/024pcx 0 0 0 0
/m/09hnb /people/person/nationality /m/09c7w0 253 44 0 0 0 0
/m/0k269 /people/person/nationality /m/07ssc 185 145 0 0 0 0
/m/01wy61y /people/person/nationality /m/03_3d 34 12 0 0 0 0
/m/03xp8d5 /people/person/nationality /m/09c7w0 354 77 0 0 0 0
/m/0kp2_ /people/person/nationality /m/09c7w0 260 47 0 0 0 0
/m/0n6kf /people/person/nationality /m/09c7w0 33 1 0 1 0 1
/m/0pgm3 /people/person/nationality /m/09c7w0 213 28 0 0 0 0
/m/01npcy7 /people/person/nationality /m/09c7w0 823 457 0 0 0 0
/m/01hbq0 /people/person/nationality /m/09c7w0 145 14 0 0 0 0
/m/0g72r /people/person/nationality /m/09c7w0 265 50 0 0 0 0
/m/011vx3 /people/person/nationality /m/09c7w0 281 52 0 0 0 0
/m/042f1 /people/person/nationality /m/09c7w0 133 10 0 1 0 0
/m/0ct_yc /people/person/nationality /m/02jx1 5055 4970 0 0 0 0
/m/027pdrh /people/person/nationality /m/07ssc 17 14 0 0 0 0
/m/05gpy /people/person/nationality /m/09c7w0 260 47 0 0 0 0
/m/012j8z /people/person/nationality /m/0d060g 141 110 0 0 0 0
/m/0bz5v2 /people/person/nationality /m/07ssc 74 51 0 0 0 0
/m/02pjvc /people/person/nationality /m/03rjj 2269 2247 0 0 0 0
/m/06y9c2 /people/person/nationality /m/09c7w0 256 45 0 0 0 0
/m/089kpp /people/person/nationality /m/0ctw_b 58 52 0 0 0 0
/m/017lqp /people/person/nationality /m/07ssc 318 266 0 0 0 0
/m/023l9y /people/person/nationality /m/02jx1 43 15 0 0 0 0
/m/02lfp4 /people/person/nationality /m/02jx1 183 121 0 0 0 0
/m/042gr4 /people/person/nationality /m/03_3d 24 2 0 1 0 0
/m/06nz46 /people/person/nationality /m/02jx1 124 74 0 0 0 0
/m/0130sy /people/person/nationality /m/02jx1 78 36 0 0 0 0
/m/047hpm /people/person/nationality /m/03rjj 3388 3364 0 0 0 0
/m/065mm1 /people/person/nationality /m/09c7w0 376 78 0 0 0 0
/m/0kbg6 /people/person/nationality /m/07ssc 50 35 0 0 0 0
/m/01w02sy /people/person/nationality /m/09c7w0 305 63 0 0 0 0
/m/01v90t /people/person/nationality /m/02jx1 64 29 0 0 0 0
/m/02h48 /people/person/nationality /m/09c7w0 343 74 0 0 0 0
/m/01g4bk /people/person/nationality /m/03_3d 17 2 0 1 0 0
/m/0kj34 /people/person/nationality /m/02jx1 63 28 0 0 0 0
/m/04bz7q /people/person/nationality /m/09c7w0 380 78 0 0 0 0
/m/0fs9jn /people/person/nationality /m/0d060g 465 429 0 0 0 0
/m/08m4c8 /people/person/nationality /m/0345h 3666 3629 0 0 0 0
/m/02y49 /people/person/nationality /m/09c7w0 262 48 0 0 0 0
/m/03dpqd /people/person/nationality /m/0chghy 103 81 0 0 0 0
/m/02h9_l /people/person/nationality /m/09c7w0 285 54 0 0 0 0
/m/01xyt7 /people/person/nationality /m/09c7w0 120 8 0 1 0 0
/m/037d35 /people/person/nationality /m/09c7w0 258 46 0 0 0 0
/m/03j9ml /people/person/nationality /m/09c7w0 112 6 0 1 0 0
/m/01vsgrn /people/person/nationality /m/09c7w0 357 77 0 0 0 0
/m/0ck91 /people/person/nationality /m/02jx1 288 214 0 0 0 0
/m/01dhpj /people/person/nationality /m/06mkj 10794 10786 0 0 0 0
/m/06wm0z /people/person/nationality /m/09c7w0 681 326 0 0 0 0
/m/05drq5 /people/person/nationality /m/09c7w0 798 433 0 0 0 0
/m/023361 /people/person/nationality /m/09c7w0 147 14 0 0 0 0
/m/016qtt /people/person/nationality /m/09c7w0 129 10 0 1 0 0
/m/01vvycq /people/person/nationality /m/09c7w0 269 52 0 0 0 0
/m/02wb6d /people/person/nationality /m/09c7w0 403 92 0 0 0 0
/m/0hw1j /people/person/nationality /m/09c7w0 104 6 0 1 0 0
/m/01vv6_6 /people/person/nationality /m/02jx1 37 13 0 0 0 0
/m/01nn6c /people/person/nationality /m/07ssc 17 14 0 0 0 0
/m/03bxh /people/person/nationality /m/0345h 74 46 0 0 0 0
/m/012vct /people/person/nationality /m/09c7w0 368 77 0 0 0 0
/m/03fw60 /people/person/nationality /m/03rk0 417 361 0 0 0 0
/m/05m9f9 /people/person/nationality /m/09c7w0 369 77 0 0 0 0
/m/01wbl_r /people/person/nationality /m/05r7t 3 2 1 1 0 0
/m/076df9 /people/person/nationality /m/09c7w0 348 76 0 0 0 0
/m/05tk7y /people/person/nationality /m/015fr 4038 4035 0 0 0 0
/m/04znsy /people/person/nationality /m/09c7w0 277 52 0 0 0 0
/m/0311wg /people/person/nationality /m/09c7w0 132 10 0 1 0 0
/m/01lqf49 /people/person/nationality /m/09c7w0 288 54 0 0 0 0
/m/03xmy1 /people/person/nationality /m/0k6nt 5820 5814 0 0 0 0
/m/020jqv /people/person/nationality /m/09c7w0 367 77 0 0 0 0
/m/05cx7x /people/person/nationality /m/09c7w0 312 63 0 0 0 0
/m/01p85y /people/person/nationality /m/0d060g 96 65 0 0 0 0
/m/03l3jy /people/person/nationality /m/09c7w0 228 32 0 0 0 0
/m/0hcvy /people/person/nationality /m/07ssc 244 196 0 0 0 0
/m/06cc_1 /people/person/nationality /m/09c7w0 441 114 0 0 0 0
/m/0f6lx /people/person/nationality /m/09c7w0 1046 673 0 0 0 0
/m/066m4g /people/person/nationality /m/09c7w0 368 77 0 0 0 0
/m/04ls53 /people/person/nationality /m/03rjj 2682 2657 0 0 0 0
/m/01s21dg /people/person/nationality /m/09c7w0 352 77 0 0 0 0
/m/0gdqy /people/person/nationality /m/06mzp 12023 12015 0 0 0 0
/m/0hnp7 /people/person/nationality /m/09c7w0 93 3 0 1 0 0
/m/01d1yr /people/person/nationality /m/0d05w3 51 34 0 0 0 0
/m/045gzq /people/person/nationality /m/09c7w0 287 54 0 0 0 0
/m/0894_x /people/person/nationality /m/0d060g 1679 1639 0 0 0 0
/m/02ryx0 /people/person/nationality /m/09c7w0 257 46 0 0 0 0
/m/038nv6 /people/person/nationality /m/09c7w0 181 18 0 0 0 0
/m/02hhtj /people/person/nationality /m/07ylj 0 0 0 0
/m/045931 /people/person/nationality /m/09c7w0 638 287 0 0 0 0
/m/025vry /people/person/nationality /m/09c7w0 588 239 0 0 0 0
/m/01nrq5 /people/person/nationality /m/09c7w0 371 78 0 0 0 0
/m/05dxl_ /people/person/nationality /m/09c7w0 316 63 0 0 0 0
/m/04m_kpx /people/person/nationality /m/03rk0 30 3 0 1 0 0
/m/0126rp /people/person/nationality /m/07ssc 340 285 0 0 0 0
/m/0p50v /people/person/nationality /m/02jx1 65 30 0 0 0 0
/m/03f4xvm /people/person/nationality /m/09c7w0 277 52 0 0 0 0
/m/01ksr1 /people/person/nationality /m/09c7w0 116 7 0 1 0 0
/m/01c6l /people/person/nationality /m/09c7w0 196 25 0 0 0 0
/m/09cdxn /people/person/nationality /m/09c7w0 590 241 0 0 0 0
/m/01vx5w7 /people/person/nationality /m/09c7w0 503 164 0 0 0 0
/m/0127gn /people/person/nationality /m/09c7w0 185 19 0 0 0 0
/m/01j5x6 /people/person/nationality /m/02jx1 77 35 0 0 0 0
/m/0gv5c /people/person/nationality /m/09c7w0 213 28 0 0 0 0
/m/01pgzn_ /people/person/nationality /m/09c7w0 203 28 0 0 0 0
/m/012cph /people/person/nationality /m/09c7w0 185 19 0 0 0 0
/m/04gycf /people/person/nationality /m/09c7w0 337 72 0 0 0 0
/m/0gry51 /people/person/nationality /m/09c7w0 983 610 0 0 0 0
/m/02vkvcz /people/person/nationality /m/07ssc 5 3 1 1 0 0
/m/0ddkf /people/person/nationality /m/09c7w0 244 43 0 0 0 0
/m/016732 /people/person/nationality /m/09c7w0 340 72 0 0 0 0
/m/03j3pg9 /people/person/nationality /m/09c7w0 281 52 0 0 0 0
/m/014zn0 /people/person/nationality /m/09c7w0 516 177 0 0 0 0
/m/0151zx /people/person/nationality /m/07ssc 19 16 0 0 0 0
/m/07q1v4 /people/person/nationality /m/09c7w0 215 28 0 0 0 0
/m/02jxsq /people/person/nationality /m/03rk0 39 6 0 1 0 0
/m/017l4 /people/person/nationality /m/0d0vqn 6 1 1 1 0 1
/m/0hr3g /people/person/nationality /m/0345h 24 6 0 1 0 0
/m/02778qt /people/person/nationality /m/09c7w0 329 69 0 0 0 0
/m/02clgg /people/person/nationality /m/09c7w0 210 28 0 0 0 0
/m/02lk1s /people/person/nationality /m/09c7w0 208 28 0 0 0 0
/m/085q5 /people/person/nationality /m/09c7w0 217 28 0 0 0 0
/m/020_95 /people/person/nationality /m/09c7w0 190 23 0 0 0 0
/m/047g6 /people/person/nationality /m/07ssc 103 73 0 0 0 0
/m/03pvt /people/person/nationality /m/09c7w0 262 48 0 0 0 0
/m/01n5309 /people/person/nationality /m/09c7w0 341 72 0 0 0 0
/m/02js9p /people/person/nationality /m/09c7w0 508 169 0 0 0 0
/m/07ddz9 /people/person/nationality /m/09c7w0 345 75 0 0 0 0
/m/03s2y9 /people/person/nationality /m/09c7w0 198 25 0 0 0 0
/m/0cgfb /people/person/nationality /m/02jx1 23 10 0 1 0 0
/m/017r2 /people/person/nationality /m/0345h 7 2 1 1 0 0
/m/048svj /people/person/nationality /m/03rk0 42 6 0 1 0 0
/m/01wttr1 /people/person/nationality /m/09c7w0 935 564 0 0 0 0
/m/04jb97 /people/person/nationality /m/0d05w3 52 34 0 0 0 0
/m/01ycck /people/person/nationality /m/02jx1 216 152 0 0 0 0
/m/036hf4 /people/person/nationality /m/0d060g 96 65 0 0 0 0
/m/026y23w /people/person/nationality /m/02jx1 65 30 0 0 0 0
/m/014g9y /people/person/nationality /m/0f8l9c 25 8 0 1 0 0
/m/03h_yfh /people/person/nationality /m/09c7w0 371 78 0 0 0 0
/m/0gdh5 /people/person/nationality /m/09c7w0 857 490 0 0 0 0
/m/01n7qlf /people/person/nationality /m/09c7w0 109 6 0 1 0 0
/m/019vgs /people/person/nationality /m/09c7w0 225 30 0 0 0 0
/m/02tkzn /people/person/nationality /m/09c7w0 256 45 0 0 0 0
/m/02vntj /people/person/nationality /m/09c7w0 245 43 0 0 0 0
/m/03nk3t /people/person/nationality /m/02jx1 17 7 0 1 0 0
/m/03lt8g /people/person/nationality /m/09c7w0 233 37 0 0 0 0
/m/01wmgrf /people/person/nationality /m/09c7w0 367 77 0 0 0 0
/m/03cvv4 /people/person/nationality /m/09c7w0 442 114 0 0 0 0
/m/07nv3_ /people/person/nationality /m/0chghy 116 92 0 0 0 0
/m/05f7snc /people/person/nationality /m/09c7w0 431 110 0 0 0 0
/m/025vl4m /people/person/nationality /m/09c7w0 558 211 0 0 0 0
/m/03bnv /people/person/nationality /m/02jx1 138 87 0 0 0 0
/m/016h9b /people/person/nationality /m/02jx1 2 1 1 1 0 1
/m/04mlmx /people/person/nationality /m/0d060g 94 63 0 0 0 0
/m/039xcr /people/person/nationality /m/09c7w0 718 361 0 0 0 0
/m/0210f1 /people/person/nationality /m/09c7w0 317 63 0 0 0 0
/m/0244r8 /people/person/nationality /m/0chghy 6132 6102 0 0 0 0
/m/0454s1 /people/person/nationality /m/09c7w0 591 242 0 0 0 0
/m/04f62k /people/person/nationality /m/03_3d 12 2 0 1 0 0
/m/086nl7 /people/person/nationality /m/09c7w0 124 9 0 1 0 0
/m/03kpvp /people/person/nationality /m/09c7w0 211 28 0 0 0 0
/m/0c8br /people/person/nationality /m/09c7w0 218 28 0 0 0 0
/m/01vw_dv /people/person/nationality /m/09c7w0 510 171 0 0 0 0
/m/0b_dy /people/person/nationality /m/02jx1 76 34 0 0 0 0
/m/01vvyfh /people/person/nationality /m/07ssc 16 13 0 0 0 0
/m/0c00lh /people/person/nationality /m/0d060g 12 1 0 1 0 1
/m/01l1rw /people/person/nationality /m/09c7w0 208 28 0 0 0 0
/m/0m31m /people/person/nationality /m/07ssc 24 20 0 0 0 0
/m/0hcvy /people/person/nationality /m/02jx1 169 116 0 0 0 0
/m/05gnf9 /people/person/nationality /m/09c7w0 309 63 0 0 0 0
/m/03_0p /people/person/nationality /m/09c7w0 613 263 0 0 0 0
/m/012x4t /people/person/nationality /m/09c7w0 270 52 0 0 0 0
/m/02_hj4 /people/person/nationality /m/09c7w0 206 28 0 0 0 0
/m/03_js /people/person/nationality /m/09c7w0 415 97 0 0 0 0
/m/0gcdzz /people/person/nationality /m/09c7w0 241 43 0 0 0 0
/m/09nz_c /people/person/nationality /m/09c7w0 286 54 0 0 0 0
/m/02v49c /people/person/nationality /m/09c7w0 561 214 0 0 0 0
/m/02qlkc3 /people/person/nationality /m/09c7w0 536 192 0 0 0 0
/m/06gn7r /people/person/nationality /m/03rk0 26 2 0 1 0 0
/m/018qql /people/person/nationality /m/09c7w0 378 78 0 0 0 0
/m/02pzc4 /people/person/nationality /m/09c7w0 289 54 0 0 0 0
/m/0139q5 /people/person/nationality /m/0d05w3 3 1 1 1 0 1
/m/027lfrs /people/person/nationality /m/03rk0 49 9 0 1 0 0
/m/0993r /people/person/nationality /m/09c7w0 421 102 0 0 0 0
/m/03mv0b /people/person/nationality /m/02jx1 297 223 0 0 0 0
/m/0cb77r /people/person/nationality /m/09c7w0 1044 671 0 0 0 0
/m/04bd8y /people/person/nationality /m/09c7w0 488 150 0 0 0 0
/m/06r3p2 /people/person/nationality /m/09c7w0 92 3 0 1 0 0
/m/05d1y /people/person/nationality /m/012m_ 4 4 1 1 0 0
/m/03bpn6 /people/person/nationality /m/09c7w0 219 29 0 0 0 0
/m/03_6y /people/person/nationality /m/09c7w0 913 543 0 0 0 0
/m/07h1h5 /people/person/nationality /m/0k6nt 1 1 1 1 1 1
/m/06qgvf /people/person/nationality /m/09c7w0 157 16 0 0 0 0
/m/03gm48 /people/person/nationality /m/09c7w0 257 46 0 0 0 0
/m/06x58 /people/person/nationality /m/0b90_r 13 11 0 0 0 0
/m/0hky /people/person/nationality /m/07ssc 371 316 0 0 0 0
/m/01sg7_ /people/person/nationality /m/09c7w0 293 54 0 0 0 0
/m/023p29 /people/person/nationality /m/09c7w0 433 111 0 0 0 0
/m/03c6v3 /people/person/nationality /m/09c7w0 177 16 0 0 0 0
/m/01bbwp /people/person/nationality /m/07ssc 337 283 0 0 0 0
/m/04mn81 /people/person/nationality /m/09c7w0 274 52 0 0 0 0
/m/01vb6z /people/person/nationality /m/09c7w0 371 78 0 0 0 0
/m/0854hr /people/person/nationality /m/09c7w0 445 115 0 0 0 0
/m/0gd_s /people/person/nationality /m/09c7w0 290 54 0 0 0 0
/m/0bxtyq /people/person/nationality /m/09c7w0 110 6 0 1 0 0
/m/01520h /people/person/nationality /m/09c7w0 362 77 0 0 0 0
/m/05cj4r /people/person/nationality /m/02jx1 73 33 0 0 0 0
/m/01l1ls /people/person/nationality /m/09c7w0 88 1 0 1 0 1
/m/07h1q /people/person/nationality /m/0345h 11 2 0 1 0 0
/m/019r_1 /people/person/nationality /m/09c7w0 162 16 0 0 0 0
/m/0d9xq /people/person/nationality /m/09c7w0 315 63 0 0 0 0
/m/03xyp_ /people/person/nationality /m/077qn 5 5 1 1 0 0
/m/021r7r /people/person/nationality /m/09c7w0 252 44 0 0 0 0
/m/0dbb3 /people/person/nationality /m/09c7w0 183 19 0 0 0 0
/m/01lz4tf /people/person/nationality /m/09c7w0 361 77 0 0 0 0
/m/03h_0_z /people/person/nationality /m/09c7w0 358 77 0 0 0 0
/m/0436kgz /people/person/nationality /m/06mkj 12093 12085 0 0 0 0
/m/0652ty /people/person/nationality /m/0d060g 191 157 0 0 0 0
/m/0bt23 /people/person/nationality /m/09c7w0 315 63 0 0 0 0
/m/01xwqn /people/person/nationality /m/09c7w0 391 86 0 0 0 0
/m/04fzk /people/person/nationality /m/09c7w0 880 512 0 0 0 0
/m/03mp9s /people/person/nationality /m/09c7w0 413 97 0 0 0 0
/m/030b93 /people/person/nationality /m/09c7w0 660 305 0 0 0 0
/m/011lpr /people/person/nationality /m/09c7w0 374 78 0 0 0 0
/m/01515w /people/person/nationality /m/09c7w0 94 3 0 1 0 0
/m/01wwvc5 /people/person/nationality /m/09c7w0 647 294 0 0 0 0
/m/0blbxk /people/person/nationality /m/09c7w0 251 44 0 0 0 0
/m/0c8hct /people/person/nationality /m/09c7w0 626 276 0 0 0 0
/m/020_4z /people/person/nationality /m/07ssc 87 58 0 0 0 0
/m/03jm6c /people/person/nationality /m/09c7w0 314 63 0 0 0 0
/m/06pjs /people/person/nationality /m/09c7w0 273 52 0 0 0 0
/m/02fgm7 /people/person/nationality /m/0chghy 87 65 0 0 0 0
/m/06g2d1 /people/person/nationality /m/09c7w0 247 43 0 0 0 0
/m/06sn8m /people/person/nationality /m/09c7w0 178 16 0 0 0 0
/m/010xjr /people/person/nationality /m/03rt9 2 1 1 1 0 1
/m/0f87jy /people/person/nationality /m/09c7w0 258 46 0 0 0 0
/m/04ktcgn /people/person/nationality /m/09c7w0 1192 817 0 0 0 0
/m/016yvw /people/person/nationality /m/02jx1 61 26 0 0 0 0
/m/09yrh /people/person/nationality /m/09c7w0 127 9 0 1 0 0
/m/02508x /people/person/nationality /m/02jx1 63 28 0 0 0 0
/m/0821j /people/person/nationality /m/0d060g 202 167 0 0 0 0
/m/05ml_s /people/person/nationality /m/09c7w0 146 14 0 0 0 0
/m/0g476 /people/person/nationality /m/09c7w0 374 78 0 0 0 0
/m/034np8 /people/person/nationality /m/09c7w0 295 55 0 0 0 0
/m/0dvld /people/person/nationality /m/07ssc 2 1 1 1 0 1
/m/048cl /people/person/nationality /m/01k6y1 9723 9723 0 0 0 0
/m/017g2y /people/person/nationality /m/09c7w0 262 48 0 0 0 0
/m/04bbv7 /people/person/nationality /m/09c7w0 373 78 0 0 0 0
/m/0kbn5 /people/person/nationality /m/09c7w0 349 76 0 0 0 0
/m/01hkck /people/person/nationality /m/09c7w0 258 46 0 0 0 0
/m/05qhnq /people/person/nationality /m/0chghy 33 15 0 0 0 0
/m/03k1vm /people/person/nationality /m/09c7w0 453 121 0 0 0 0
/m/043zg /people/person/nationality /m/09c7w0 16 1 0 1 0 1
/m/0b9f7t /people/person/nationality /m/03_3d 4 1 1 1 0 1
/m/01sp81 /people/person/nationality /m/06v36 0 0 0 0
/m/02q6cv4 /people/person/nationality /m/09c7w0 109 6 0 1 0 0
/m/01wskg /people/person/nationality /m/02jx1 202 139 0 0 0 0
/m/01wj9y9 /people/person/nationality /m/09c7w0 392 87 0 0 0 0
/m/082xp /people/person/nationality /m/02jx1 64 29 0 0 0 0
/m/037lyl /people/person/nationality /m/09c7w0 211 28 0 0 0 0
/m/080knyg /people/person/nationality /m/09c7w0 106 6 0 1 0 0
/m/03qd_ /people/person/nationality /m/09c7w0 102 6 0 1 0 0
/m/014ps4 /people/person/nationality /m/09c7w0 350 76 0 0 0 0
/m/07j8kh /people/person/nationality /m/09c7w0 255 45 0 0 0 0
/m/01wk3c /people/person/nationality /m/06q1r 12 4 0 1 0 0
/m/02jt1k /people/person/nationality /m/09c7w0 97 5 0 1 0 0
/m/01pqy_ /people/person/nationality /m/09c7w0 143 14 0 0 0 0
/m/0cjsxp /people/person/nationality /m/09c7w0 249 44 0 0 0 0
/m/01rnpy /people/person/nationality /m/02jx1 81 39 0 0 0 0
/m/04jwp /people/person/nationality /m/02jx1 121 71 0 0 0 0
/m/01dhpj /people/person/nationality /m/0604m 6319 6319 0 0 0 0
/m/06p0s1 /people/person/nationality /m/07ssc 16 13 0 0 0 0
/m/0bdlj /people/person/nationality /m/09c7w0 276 52 0 0 0 0
/m/05728w1 /people/person/nationality /m/09c7w0 378 78 0 0 0 0
/m/04093 /people/person/nationality /m/0f8l9c 62 35 0 0 0 0
/m/023n39 /people/person/nationality /m/09c7w0 211 28 0 0 0 0
/m/02qx5h /people/person/nationality /m/09c7w0 940 569 0 0 0 0
/m/0ct9_ /people/person/nationality /m/0f8l9c 88 58 0 0 0 0
/m/0127m7 /people/person/nationality /m/09c7w0 166 16 0 0 0 0
/m/04d2yp /people/person/nationality /m/09c7w0 262 48 0 0 0 0
/m/0b05xm /people/person/nationality /m/09c7w0 563 216 0 0 0 0
/m/01d5vk /people/person/nationality /m/09c7w0 977 605 0 0 0 0
/m/053yx /people/person/nationality /m/09c7w0 278 52 0 0 0 0
/m/043q6n_ /people/person/nationality /m/09c7w0 333 71 0 0 0 0
/m/09ftwr /people/person/nationality /m/09c7w0 213 28 0 0 0 0
/m/01vs_v8 /people/person/nationality /m/09c7w0 151 16 0 0 0 0
/m/02zq43 /people/person/nationality /m/02jx1 78 36 0 0 0 0
/m/02xwq9 /people/person/nationality /m/09c7w0 260 47 0 0 0 0
/m/03s2dj /people/person/nationality /m/02jx1 6753 6664 0 0 0 0
/m/033071 /people/person/nationality /m/09c7w0 394 88 0 0 0 0
/m/025j1t /people/person/nationality /m/09c7w0 257 46 0 0 0 0
/m/019389 /people/person/nationality /m/09c7w0 810 444 0 0 0 0
/m/06p03s /people/person/nationality /m/02jx1 265 191 0 0 0 0
/m/0g9zcgx /people/person/nationality /m/09c7w0 930 559 0 0 0 0
/m/0fthdk /people/person/nationality /m/09c7w0 171 16 0 0 0 0
/m/04wf_b /people/person/nationality /m/09c7w0 257 46 0 0 0 0
/m/01ww_vs /people/person/nationality /m/02jx1 37 13 0 0 0 0
/m/065jlv /people/person/nationality /m/03rt9 1 1 1 1 1 1
/m/0487c3 /people/person/nationality /m/035yg 2 1 1 1 0 1
/m/05slvm /people/person/nationality /m/0d060g 187 155 0 0 0 0
/m/09qh1 /people/person/nationality /m/02jx1 41 14 0 0 0 0
/m/0326tc /people/person/nationality /m/02jx1 62 27 0 0 0 0
/m/09mq4m /people/person/nationality /m/07ssc 634 576 0 0 0 0
/m/02jyhv /people/person/nationality /m/09c7w0 159 16 0 0 0 0
/m/02p59ry /people/person/nationality /m/0d05w3 8 3 1 1 0 0
/m/01svw8n /people/person/nationality /m/09c7w0 439 113 0 0 0 0
/m/01p0w_ /people/person/nationality /m/02jx1 48 17 0 0 0 0
/m/0436f4 /people/person/nationality /m/09c7w0 26 1 0 1 0 1
/m/02vwckw /people/person/nationality /m/09c7w0 653 299 0 0 0 0
/m/023jq1 /people/person/nationality /m/0j5g9 2 1 1 1 0 1
/m/034hck /people/person/nationality /m/02vzc 2924 2924 0 0 0 0
/m/04ns3gy /people/person/nationality /m/09c7w0 97 5 0 1 0 0
/m/02dbn2 /people/person/nationality /m/0chghy 20 5 0 1 0 0
/m/035rnz /people/person/nationality /m/09c7w0 159 16 0 0 0 0
/m/02hblj /people/person/nationality /m/09c7w0 727 369 0 0 0 0
/m/04gycf /people/person/nationality /m/03rjj 4328 4302 0 0 0 0
/m/0c1ps1 /people/person/nationality /m/09c7w0 347 76 0 0 0 0
/m/0p8jf /people/person/nationality /m/09c7w0 258 46 0 0 0 0
/m/0gn30 /people/person/nationality /m/09c7w0 546 201 0 0 0 0
/m/040696 /people/person/nationality /m/06bnz 12 4 0 1 0 0
/m/03flwk /people/person/nationality /m/09c7w0 373 78 0 0 0 0
/m/0cw67g /people/person/nationality /m/09c7w0 1016 643 0 0 0 0
/m/083qy7 /people/person/nationality /m/0b90_r 26 24 0 0 0 0
/m/0g9zjp /people/person/nationality /m/02jx1 2962 2879 0 0 0 0
/m/06rq2l /people/person/nationality /m/09c7w0 433 111 0 0 0 0
/m/03cn92 /people/person/nationality /m/09c7w0 375 78 0 0 0 0
/m/04hqbbz /people/person/nationality /m/03rk0 51 9 0 1 0 0
/m/06pcz0 /people/person/nationality /m/09c7w0 432 110 0 0 0 0
/m/013tcv /people/person/nationality /m/0chghy 4 1 1 1 0 1
/m/0p51w /people/person/nationality /m/0h7x 2 1 1 1 0 1
/m/04b19t /people/person/nationality /m/03rk0 15 1 0 1 0 1
/m/023slg /people/person/nationality /m/09c7w0 376 78 0 0 0 0
/m/01p0vf /people/person/nationality /m/02jx1 257 183 0 0 0 0
/m/01svq8 /people/person/nationality /m/09c7w0 371 78 0 0 0 0
/m/02m92h /people/person/nationality /m/09c7w0 556 209 0 0 0 0
/m/01v3vp /people/person/nationality /m/09c7w0 261 47 0 0 0 0
/m/01skmp /people/person/nationality /m/09c7w0 207 28 0 0 0 0
/m/017vkx /people/person/nationality /m/02jx1 23 10 0 1 0 0
/m/01wdqrx /people/person/nationality /m/09c7w0 281 52 0 0 0 0
/m/07z1_q /people/person/nationality /m/09c7w0 373 78 0 0 0 0
/m/02t_99 /people/person/nationality /m/09c7w0 175 16 0 0 0 0
/m/0f0p0 /people/person/nationality /m/09c7w0 585 238 0 0 0 0
/m/0m32_ /people/person/nationality /m/09c7w0 385 81 0 0 0 0
/m/01wz_ml /people/person/nationality /m/09c7w0 287 54 0 0 0 0
/m/07kb5 /people/person/nationality /m/03rjj 117 97 0 0 0 0
/m/024zq /people/person/nationality /m/09c7w0 287 54 0 0 0 0
/m/0jcx /people/person/nationality /m/059z0 6099 6099 0 0 0 0
/m/02my3z /people/person/nationality /m/0345h 19 5 0 1 0 0
/m/0flpy /people/person/nationality /m/09c7w0 401 91 0 0 0 0
/m/0bkf72 /people/person/nationality /m/09c7w0 320 64 0 0 0 0
/m/01l4g5 /people/person/nationality /m/0d060g 209 173 0 0 0 0
/m/0n6f8 /people/person/nationality /m/09c7w0 248 43 0 0 0 0
/m/02j490 /people/person/nationality /m/09c7w0 159 16 0 0 0 0
/m/01dw9z /people/person/nationality /m/09c7w0 534 192 0 0 0 0
/m/019f9z /people/person/nationality /m/09c7w0 281 52 0 0 0 0
/m/05cqhl /people/person/nationality /m/09c7w0 508 169 0 0 0 0
/m/0627sn /people/person/nationality /m/07ssc 318 266 0 0 0 0
/m/05m7zg /people/person/nationality /m/06q1r 1264 1252 0 0 0 0
/m/0qkj7 /people/person/nationality /m/09c7w0 969 598 0 0 0 0
/m/033cw /people/person/nationality /m/09c7w0 220 29 0 0 0 0
/m/0f1vrl /people/person/nationality /m/03spz 8778 8771 0 0 0 0
/m/0gd_b_ /people/person/nationality /m/09c7w0 175 16 0 0 0 0
/m/02f2dn /people/person/nationality /m/07ssc 5 3 1 1 0 0
/m/01zh29 /people/person/nationality /m/03rk0 11 1 0 1 0 1
/m/051q39 /people/person/nationality /m/06mkj 9714 9707 0 0 0 0
/m/01wz01 /people/person/nationality /m/09c7w0 192 23 0 0 0 0
/m/09gb9xh /people/person/nationality /m/09c7w0 669 314 0 0 0 0
/m/0522wp /people/person/nationality /m/0345h 104 74 0 0 0 0
/m/016yr0 /people/person/nationality /m/0b90_r 10950 10942 0 0 0 0
/m/0g7vxv /people/person/nationality /m/02jx1 8215 8124 0 0 0 0
/m/062ftr /people/person/nationality /m/09c7w0 325 67 0 0 0 0
/m/01gvyp /people/person/nationality /m/09c7w0 90 2 0 1 0 0
/m/02_4fn /people/person/nationality /m/06qd3 7 4 1 1 0 0
/m/08h79x /people/person/nationality /m/09c7w0 438 113 0 0 0 0
/m/045hz5 /people/person/nationality /m/03rk0 15 1 0 1 0 1
/m/015882 /people/person/nationality /m/09c7w0 360 77 0 0 0 0
/m/01_k1z /people/person/nationality /m/09c7w0 216 28 0 0 0 0
/m/02r99xw /people/person/nationality /m/03rk0 30 3 0 1 0 0
/m/01pp3p /people/person/nationality /m/09c7w0 172 16 0 0 0 0
/m/073749 /people/person/nationality /m/09c7w0 489 151 0 0 0 0
/m/02qny_ /people/person/nationality /m/09c7w0 694 338 0 0 0 0
/m/01k98nm /people/person/nationality /m/09c7w0 364 77 0 0 0 0
/m/0sz28 /people/person/nationality /m/09c7w0 154 16 0 0 0 0
/m/09pl3s /people/person/nationality /m/09c7w0 536 192 0 0 0 0
/m/0kh6b /people/person/nationality /m/07ssc 15 12 0 0 0 0
/m/028qdb /people/person/nationality /m/09c7w0 1045 672 0 0 0 0
/m/01x2_q /people/person/nationality /m/0d060g 8714 8656 0 0 0 0
/m/07_m9_ /people/person/nationality /m/0h7x 30 22 0 0 0 0
/m/02xnjd /people/person/nationality /m/09c7w0 565 218 0 0 0 0
/m/0dhrqx /people/person/nationality /m/03spz 3015 3009 0 0 0 0
/m/01kym3 /people/person/nationality /m/03_3d 7 2 1 1 0 0
/m/029ql /people/person/nationality /m/09c7w0 366 77 0 0 0 0
/m/01gvr1 /people/person/nationality /m/09c7w0 281 52 0 0 0 0
/m/015grj /people/person/nationality /m/09c7w0 243 43 0 0 0 0
/m/0bk4s /people/person/nationality /m/07ssc 10849 10774 0 0 0 0
/m/01rr9f /people/person/nationality /m/09c7w0 356 77 0 0 0 0
/m/02rybfn /people/person/nationality /m/09c7w0 219 29 0 0 0 0
/m/01vrx3g /people/person/nationality /m/09c7w0 771 408 0 0 0 0
/m/01qvgl /people/person/nationality /m/09c7w0 308 63 0 0 0 0
/m/026rm_y /people/person/nationality /m/0h7x 3 1 1 1 0 1
/m/04wg38 /people/person/nationality /m/09c7w0 175 16 0 0 0 0
/m/0149xx /people/person/nationality /m/0jhd 1 1 1 1 1 1
/m/042xh /people/person/nationality /m/02jx1 62 27 0 0 0 0
/m/01g0jn /people/person/nationality /m/09c7w0 281 52 0 0 0 0
/m/0hky /people/person/nationality /m/02jx1 174 116 0 0 0 0
/m/0bqytm /people/person/nationality /m/0345h 3 1 1 1 0 1
/m/0dfjb8 /people/person/nationality /m/03rk0 27 2 0 1 0 0
/m/0bbvr84 /people/person/nationality /m/09c7w0 374 78 0 0 0 0
/m/08_83x /people/person/nationality /m/07ssc 303 251 0 0 0 0
/m/01s7ns /people/person/nationality /m/06mkj 12 12 0 0 0 0
/m/01fxck /people/person/nationality /m/09c7w0 365 77 0 0 0 0
/m/01wbsdz /people/person/nationality /m/09c7w0 687 332 0 0 0 0
/m/02465 /people/person/nationality /m/07ssc 333 281 0 0 0 0
/m/03f2_rc /people/person/nationality /m/09c7w0 334 71 0 0 0 0
/m/05fnl9 /people/person/nationality /m/09c7w0 446 115 0 0 0 0
/m/0525b /people/person/nationality /m/02jx1 78 36 0 0 0 0
/m/05v1sb /people/person/nationality /m/09c7w0 148 14 0 0 0 0
/m/0l8v5 /people/person/nationality /m/0d060g 187 155 0 0 0 0
/m/03d8njj /people/person/nationality /m/03rk0 29 3 0 1 0 0
/m/01309x /people/person/nationality /m/09c7w0 355 77 0 0 0 0
/m/01vzz1c /people/person/nationality /m/07ssc 96 66 0 0 0 0
/m/0d4fqn /people/person/nationality /m/09c7w0 328 68 0 0 0 0
/m/016dp0 /people/person/nationality /m/02jx1 64 29 0 0 0 0
/m/017f4y /people/person/nationality /m/09c7w0 363 77 0 0 0 0
/m/01z5tr /people/person/nationality /m/09c7w0 246 43 0 0 0 0
