/m/0738b8 /people/person/places_lived./people/place_lived/location /m/02xry 10887 10869 0 0 0 0
/m/013w7j /people/person/places_lived./people/place_lived/location /m/04n3l 11825 11818 0 0 0 0
/m/01sl1q /people/person/places_lived./people/place_lived/location /m/027rn 8037 8037 0 0 0 0
/m/03k545 /people/person/places_lived./people/place_lived/location /m/04jpl 21 18 0 0 0 0
/m/02wb6yq /people/person/places_lived./people/place_lived/location /m/07b_l 448 448 0 0 0 0
/m/04hpck /people/person/places_lived./people/place_lived/location /m/01tlmw 11888 11887 0 0 0 0
/m/0fhxv /people/person/places_lived./people/place_lived/location /m/0bdg5 11579 11577 0 0 0 0
/m/016z2j /people/person/places_lived./people/place_lived/location /m/02_286 45 36 0 0 0 0
/m/04bdxl /people/person/places_lived./people/place_lived/location /m/030qb3t 103 89 0 0 0 0
/m/0mdyn /people/person/places_lived./people/place_lived/location /m/0281y0 4198 4196 0 0 0 0
/m/02vy5j /people/person/places_lived./people/place_lived/location /m/0f2v0 5588 5584 0 0 0 0
/m/01nr63 /people/person/places_lived./people/place_lived/location /m/05k7sb 8723 8712 0 0 0 0
/m/03x16f /people/person/places_lived./people/place_lived/location /m/01m7mv 2 2 1 1 0 0
/m/046zh /people/person/places_lived./people/place_lived/location /m/0r0m6 9160 9153 0 0 0 0
/m/01ps2h8 /people/person/places_lived./people/place_lived/location /m/02jx1 3491 3487 0 0 0 0
/m/01sb5r /people/person/places_lived./people/place_lived/location /m/0xmp9 3757 3755 0 0 0 0
/m/0n6f8 /people/person/places_lived./people/place_lived/location /m/05jbn 6017 6010 0 0 0 0
/m/01z5tr /people/person/places_lived./people/place_lived/location /m/0cr3d 58 54 0 0 0 0
/m/04xfb /people/person/places_lived./people/place_lived/location /m/0hzlz 3971 3969 0 0 0 0
/m/02nb2s /people/person/places_lived./people/place_lived/location /m/0f2r6 5123 5120 0 0 0 0
/m/0239zv /people/person/places_lived./people/place_lived/location /m/04vmp 14223 14205 0 0 0 0
/m/0h7pj /people/person/places_lived./people/place_lived/location /m/0r0m6 10304 10296 0 0 0 0
/m/09btt1 /people/person/places_lived./people/place_lived/location /m/0mnzd 5669 5669 0 0 0 0
/m/084m3 /people/person/places_lived./people/place_lived/location /m/052p7 5 3 1 1 0 0
/m/04qt29 /people/person/places_lived./people/place_lived/location /m/02_286 65 55 0 0 0 0
/m/0gd9k /people/person/places_lived./people/place_lived/location /m/0xqf3 13146 13145 0 0 0 0
/m/01tw31 /people/person/places_lived./people/place_lived/location /m/0clz7 0 0 0 0
/m/016tbr /people/person/places_lived./people/place_lived/location /m/02_286 45 36 0 0 0 0
/m/01mxqyk /people/person/places_lived./people/place_lived/location /m/02dtg 8 4 1 1 0 0
/m/03h8_g /people/person/places_lived./people/place_lived/location /m/07tp2 0 0 0 0
/m/05fyss /people/person/places_lived./people/place_lived/location /m/05k7sb 4 3 1 1 0 0
/m/033rq /people/person/places_lived./people/place_lived/location /m/015m08 12080 12080 0 0 0 0
/m/01vttb9 /people/person/places_lived./people/place_lived/location /m/01sn3 1606 1602 0 0 0 0
/m/0cv72h /people/person/places_lived./people/place_lived/location /m/04tgp 13319 13309 0 0 0 0
/m/04954 /people/person/places_lived./people/place_lived/location /m/059rby 3805 3789 0 0 0 0
/m/02xc1w4 /people/person/places_lived./people/place_lived/location /m/05tbn 3114 3111 0 0 0 0
/m/039g82 /people/person/places_lived./people/place_lived/location /m/030qb3t 131 117 0 0 0 0
/m/0gd_s /people/person/places_lived./people/place_lived/location /m/059rby 8212 8177 0 0 0 0
/m/07r4c /people/person/places_lived./people/place_lived/location /m/0rh6k 1328 1323 0 0 0 0
/m/022769 /people/person/places_lived./people/place_lived/location /m/0c4kv 10637 10635 0 0 0 0
/m/0p8jf /people/person/places_lived./people/place_lived/location /m/0cy8v 0 0 0 0
/m/061y4q /people/person/places_lived./people/place_lived/location /m/018jcq 7581 7581 0 0 0 0
/m/016ynj /people/person/places_lived./people/place_lived/location /m/06y57 4687 4683 0 0 0 0
/m/04cf09 /people/person/places_lived./people/place_lived/location /m/02jx1 9686 9671 0 0 0 0
/m/02tq2r /people/person/places_lived./people/place_lived/location /m/0fn2g 6270 6270 0 0 0 0
/m/02lk95 /people/person/places_lived./people/place_lived/location /m/0ggh3 14000 13998 0 0 0 0
/m/01vsy95 /people/person/places_lived./people/place_lived/location /m/01cx_ 7072 7066 0 0 0 0
/m/016h4r /people/person/places_lived./people/place_lived/location /m/0r5y9 12998 12997 0 0 0 0
/m/01gvr1 /people/person/places_lived./people/place_lived/location /m/02_286 88 78 0 0 0 0
/m/0c9c0 /people/person/places_lived./people/place_lived/location /m/01b8w_ 6562 6560 0 0 0 0
/m/04__f /people/person/places_lived./people/place_lived/location /m/0psxp 14187 14182 0 0 0 0
/m/0zcbl /people/person/places_lived./people/place_lived/location /m/0d9jr 8294 8292 0 0 0 0
/m/01pkhw /people/person/places_lived./people/place_lived/location /m/04lh6 14484 14477 0 0 0 0
/m/016ypb /people/person/places_lived./people/place_lived/location /m/0d6yv 2830 2830 0 0 0 0
/m/048tgl /people/person/places_lived./people/place_lived/location /m/02xry 4391 4387 0 0 0 0
/m/033jkj /people/person/places_lived./people/place_lived/location /m/0fvzg 8694 8692 0 0 0 0
/m/01gz9n /people/person/places_lived./people/place_lived/location /m/06yxd 965 962 0 0 0 0
/m/081jbk /people/person/places_lived./people/place_lived/location /m/0f2w0 1128 1126 0 0 0 0
/m/01w60_p /people/person/places_lived./people/place_lived/location /m/0c_m3 1453 1449 0 0 0 0
/m/03hhd3 /people/person/places_lived./people/place_lived/location /m/030qb3t 153 139 0 0 0 0
/m/07cjqy /people/person/places_lived./people/place_lived/location /m/0cc56 2967 2958 0 0 0 0
/m/02sdx /people/person/places_lived./people/place_lived/location /m/03rjj 1 1 1 1 1 1
/m/0gn30 /people/person/places_lived./people/place_lived/location /m/02_286 73 63 0 0 0 0
/m/03jldb /people/person/places_lived./people/place_lived/location /m/01n7q 12861 12811 0 0 0 0
/m/06hmd /people/person/places_lived./people/place_lived/location /m/07b_l 1276 1273 0 0 0 0
/m/019gz /people/person/places_lived./people/place_lived/location /m/04jpl 27 24 0 0 0 0
/m/01r42_g /people/person/places_lived./people/place_lived/location /m/04n3l 11131 11123 0 0 0 0
/m/02pzck /people/person/places_lived./people/place_lived/location /m/0dclg 5728 5723 0 0 0 0
/m/04ch23 /people/person/places_lived./people/place_lived/location /m/049lr 0 0 0 0
/m/0jcx /people/person/places_lived./people/place_lived/location /m/0d6nx 0 0 0 0
/m/04bd8y /people/person/places_lived./people/place_lived/location /m/0bxbr 5938 5937 0 0 0 0
/m/05j12n /people/person/places_lived./people/place_lived/location /m/0fk98 13306 13302 0 0 0 0
/m/0bz60q /people/person/places_lived./people/place_lived/location /m/0cr3d 12774 12718 0 0 0 0
/m/0jbp0 /people/person/places_lived./people/place_lived/location /m/0134bf 0 0 0 0
/m/015rkw /people/person/places_lived./people/place_lived/location /m/01xd9 7674 7664 0 0 0 0
/m/07f0tw /people/person/places_lived./people/place_lived/location /m/04vmp 9015 8998 0 0 0 0
/m/02mpb /people/person/places_lived./people/place_lived/location /m/0s5cg 8419 8416 0 0 0 0
/m/02h3tp /people/person/places_lived./people/place_lived/location /m/02_286 76 66 0 0 0 0
/m/0bgrsl /people/person/places_lived./people/place_lived/location /m/05tbn 10177 10160 0 0 0 0
/m/0lfbm /people/person/places_lived./people/place_lived/location /m/04jpl 27 24 0 0 0 0
/m/0c6qh /people/person/places_lived./people/place_lived/location /m/0gx1l 4654 4653 0 0 0 0
/m/05vk_d /people/person/places_lived./people/place_lived/location /m/030qb3t 93 79 0 0 0 0
/m/01w1kyf /people/person/places_lived./people/place_lived/location /m/0mpbx 10358 10356 0 0 0 0
/m/01wxyx1 /people/person/places_lived./people/place_lived/location /m/01xd9 11413 11397 0 0 0 0
/m/049fgvm /people/person/places_lived./people/place_lived/location /m/04sqj 14429 14427 0 0 0 0
/m/0c4y8 /people/person/places_lived./people/place_lived/location /m/0f2tj 10656 10652 0 0 0 0
/m/03f6fl0 /people/person/places_lived./people/place_lived/location /m/0xmp9 8035 8034 0 0 0 0
/m/0bz5v2 /people/person/places_lived./people/place_lived/location /m/04lh6 8129 8125 0 0 0 0
/m/03f1d47 /people/person/places_lived./people/place_lived/location /m/0z1vw 4398 4396 0 0 0 0
/m/01j5sd /people/person/places_lived./people/place_lived/location /m/0cr3d 9961 9918 0 0 0 0
/m/01s7z0 /people/person/places_lived./people/place_lived/location /m/0c5v2 13510 13510 0 0 0 0
/m/0frmb1 /people/person/places_lived./people/place_lived/location /m/04ykg 8422 8410 0 0 0 0
/m/014635 /people/person/places_lived./people/place_lived/location /m/0f1sm 11609 11608 0 0 0 0
/m/014x77 /people/person/places_lived./people/place_lived/location /m/02jx1 4658 4654 0 0 0 0
/m/044mrh /people/person/places_lived./people/place_lived/location /m/0hv7l 0 0 0 0
/m/06nsb9 /people/person/places_lived./people/place_lived/location /m/0824r 320 319 0 0 0 0
/m/01wbsdz /people/person/places_lived./people/place_lived/location /m/013yq 577 573 0 0 0 0
/m/05d1y /people/person/places_lived./people/place_lived/location /m/05qtj 2609 2599 0 0 0 0
/m/015xp4 /people/person/places_lived./people/place_lived/location /m/0d6lp 12107 12084 0 0 0 0
/m/0g2lq /people/person/places_lived./people/place_lived/location /m/0r00l 7637 7633 0 0 0 0
/m/01pcrw /people/person/places_lived./people/place_lived/location /m/04jpl 20 17 0 0 0 0
/m/0pz04 /people/person/places_lived./people/place_lived/location /m/06pvr 9138 9138 0 0 0 0
/m/0333wf /people/person/places_lived./people/place_lived/location /m/030qb3t 94 80 0 0 0 0
/m/0h7dd /people/person/places_lived./people/place_lived/location /m/0zdfp 0 0 0 0
/m/028rk /people/person/places_lived./people/place_lived/location /m/05tbn 13582 13564 0 0 0 0
/m/01j5ts /people/person/places_lived./people/place_lived/location /m/07_fl 14460 14455 0 0 0 0
/m/0mb0 /people/person/places_lived./people/place_lived/location /m/04ly1 12569 12559 0 0 0 0
/m/091n7z /people/person/places_lived./people/place_lived/location /m/04tgp 616 613 0 0 0 0
/m/06hgym /people/person/places_lived./people/place_lived/location /m/030qb3t 66 52 0 0 0 0
/m/016dsy /people/person/places_lived./people/place_lived/location /m/059rby 4024 4012 0 0 0 0
/m/0gt3p /people/person/places_lived./people/place_lived/location /m/0gjcy 13184 13183 0 0 0 0
/m/07cn2c /people/person/places_lived./people/place_lived/location /m/052p7 5 3 1 1 0 0
/m/06nns1 /people/person/places_lived./people/place_lived/location /m/059rby 465 462 0 0 0 0
/m/09b0xs /people/person/places_lived./people/place_lived/location /m/0h6l4 4569 4566 0 0 0 0
/m/018p4y /people/person/places_lived./people/place_lived/location /m/01qs54 11524 11523 0 0 0 0
/m/01nkxvx /people/person/places_lived./people/place_lived/location /m/0pswc 10492 10491 0 0 0 0
/m/02lm0t /people/person/places_lived./people/place_lived/location /m/01cx_ 7060 7054 0 0 0 0
/m/040j2_ /people/person/places_lived./people/place_lived/location /m/013yq 7876 7871 0 0 0 0
/m/02jt1k /people/person/places_lived./people/place_lived/location /m/0lhql 10396 10395 0 0 0 0
/m/0252fh /people/person/places_lived./people/place_lived/location /m/02_286 49 40 0 0 0 0
/m/01rh0w /people/person/places_lived./people/place_lived/location /m/030qb3t 79 65 0 0 0 0
/m/0hqly /people/person/places_lived./people/place_lived/location /m/0r2dp 9626 9625 0 0 0 0
/m/01yznp /people/person/places_lived./people/place_lived/location /m/0cv3w 8099 8096 0 0 0 0
/m/0cbgl /people/person/places_lived./people/place_lived/location /m/0r02m 2 2 1 1 0 0
/m/01v3s2_ /people/person/places_lived./people/place_lived/location /m/02_286 95 85 0 0 0 0
/m/029m83 /people/person/places_lived./people/place_lived/location /m/0sq2v 11817 11817 0 0 0 0
/m/03ds3 /people/person/places_lived./people/place_lived/location /m/0r0m6 6347 6340 0 0 0 0
/m/01pqy_ /people/person/places_lived./people/place_lived/location /m/0d05q4 0 0 0 0
/m/01cwcr /people/person/places_lived./people/place_lived/location /m/02_286 149 137 0 0 0 0
/m/01fwj8 /people/person/places_lived./people/place_lived/location /m/0162v 6551 6550 0 0 0 0
/m/0d3k14 /people/person/places_lived./people/place_lived/location /m/01cx_ 7 3 1 1 0 0
/m/02wmbg /people/person/places_lived./people/place_lived/location /m/049lr 0 0 0 0
/m/01wgjj5 /people/person/places_lived./people/place_lived/location /m/04jpl 22 19 0 0 0 0
/m/016h4r /people/person/places_lived./people/place_lived/location /m/05jbn 10115 10103 0 0 0 0
/m/01xwqn /people/person/places_lived./people/place_lived/location /m/030qb3t 68 54 0 0 0 0
/m/01w02sy /people/person/places_lived./people/place_lived/location /m/02mf7 3467 3466 0 0 0 0
/m/0ckm4x /people/person/places_lived./people/place_lived/location /m/013d7t 38 36 0 0 0 0
/m/03fqv5 /people/person/places_lived./people/place_lived/location /m/01531 11841 11833 0 0 0 0
/m/03m8lq /people/person/places_lived./people/place_lived/location /m/0k049 8776 8770 0 0 0 0
/m/01rgr /people/person/places_lived./people/place_lived/location /m/0dprg 4442 4442 0 0 0 0
/m/0hwbd /people/person/places_lived./people/place_lived/location /m/059rby 3341 3330 0 0 0 0
/m/03kxdw /people/person/places_lived./people/place_lived/location /m/071cn 8449 8446 0 0 0 0
/m/01cv3n /people/person/places_lived./people/place_lived/location /m/030qb3t 84 70 0 0 0 0
/m/01d8yn /people/person/places_lived./people/place_lived/location /m/02_286 46 37 0 0 0 0
/m/01tzm9 /people/person/places_lived./people/place_lived/location /m/059rby 12177 12119 0 0 0 0
/m/0gs1_ /people/person/places_lived./people/place_lived/location /m/030qb3t 68 54 0 0 0 0
/m/04wx2v /people/person/places_lived./people/place_lived/location /m/0cc56 12621 12605 0 0 0 0
/m/01k165 /people/person/places_lived./people/place_lived/location /m/01r32 2 2 1 1 0 0
/m/0sw62 /people/person/places_lived./people/place_lived/location /m/029cr 5389 5387 0 0 0 0
/m/0627sn /people/person/places_lived./people/place_lived/location /m/04jpl 51 48 0 0 0 0
/m/06688p /people/person/places_lived./people/place_lived/location /m/0s9b_ 0 0 0 0
/m/0f6_dy /people/person/places_lived./people/place_lived/location /m/050ks 6774 6771 0 0 0 0
/m/01dhmw /people/person/places_lived./people/place_lived/location /m/05mph 2 2 1 1 0 0
/m/09h_q /people/person/places_lived./people/place_lived/location /m/06pr6 4 2 1 1 0 0
/m/0bymv /people/person/places_lived./people/place_lived/location /m/0vmt 9666 9661 0 0 0 0
/m/01wbg84 /people/person/places_lived./people/place_lived/location /m/0cc56 8573 8561 0 0 0 0
/m/01_p6t /people/person/places_lived./people/place_lived/location /m/06y57 5202 5198 0 0 0 0
/m/081nh /people/person/places_lived./people/place_lived/location /m/0f8l9c 10811 10808 0 0 0 0
/m/01wt4wc /people/person/places_lived./people/place_lived/location /m/03s0w 2 2 1 1 0 0
/m/06vsbt /people/person/places_lived./people/place_lived/location /m/030qb3t 131 117 0 0 0 0
/m/0mfj2 /people/person/places_lived./people/place_lived/location /m/0h7h6 2785 2780 0 0 0 0
/m/048_p /people/person/places_lived./people/place_lived/location /m/02hyt 0 0 0 0
/m/01vvyvk /people/person/places_lived./people/place_lived/location /m/0n6dc 9479 9476 0 0 0 0
/m/03gr7w /people/person/places_lived./people/place_lived/location /m/0r0m6 1656 1652 0 0 0 0
/m/0232lm /people/person/places_lived./people/place_lived/location /m/059rby 271 271 0 0 0 0
/m/02cvp8 /people/person/places_lived./people/place_lived/location /m/0cr3d 6 5 1 1 0 0
/m/01ksr1 /people/person/places_lived./people/place_lived/location /m/030qb3t 67 53 0 0 0 0
/m/01jgpsh /people/person/places_lived./people/place_lived/location /m/030qb3t 91 77 0 0 0 0
/m/0993r /people/person/places_lived./people/place_lived/location /m/0s9b_ 0 0 0 0
/m/01304j /people/person/places_lived./people/place_lived/location /m/0d6lp 5 4 1 1 0 0
/m/0bwgc_ /people/person/places_lived./people/place_lived/location /m/0345h 11282 11279 0 0 0 0
/m/01g969 /people/person/places_lived./people/place_lived/location /m/080h2 2332 2329 0 0 0 0
/m/0g2mbn /people/person/places_lived./people/place_lived/location /m/020d8d 1416 1416 0 0 0 0
/m/01mskc3 /people/person/places_lived./people/place_lived/location /m/02xry 6882 6874 0 0 0 0
/m/02bkdn /people/person/places_lived./people/place_lived/location /m/029cr 12994 12991 0 0 0 0
/m/02cj_f /people/person/places_lived./people/place_lived/location /m/06pr6 5875 5873 0 0 0 0
/m/03m8lq /people/person/places_lived./people/place_lived/location /m/0cc56 1353 1349 0 0 0 0
/m/0h0yt /people/person/places_lived./people/place_lived/location /m/09ctj 10923 10922 0 0 0 0
/m/044mvs /people/person/places_lived./people/place_lived/location /m/04ly1 11549 11539 0 0 0 0
/m/0cqt90 /people/person/places_lived./people/place_lived/location /m/0cc56 13131 13117 0 0 0 0
/m/01kmd4 /people/person/places_lived./people/place_lived/location /m/030qb3t 153 139 0 0 0 0
/m/06mn7 /people/person/places_lived./people/place_lived/location /m/01531 5205 5199 0 0 0 0
/m/02hblj /people/person/places_lived./people/place_lived/location /m/07bcn 10605 10603 0 0 0 0
/m/08gwzt /people/person/places_lived./people/place_lived/location /m/0fqxw 0 0 0 0
/m/0h326 /people/person/places_lived./people/place_lived/location /m/0156q 14306 14300 0 0 0 0
/m/01sb5r /people/person/places_lived./people/place_lived/location /m/02_286 124 113 0 0 0 0
/m/02rsz0 /people/person/places_lived./people/place_lived/location /m/01d8wq 0 0 0 0
/m/04zkj5 /people/person/places_lived./people/place_lived/location /m/02_286 66 56 0 0 0 0
/m/07f8wg /people/person/places_lived./people/place_lived/location /m/09bjv 7400 7398 0 0 0 0
/m/023n39 /people/person/places_lived./people/place_lived/location /m/030qb3t 67 53 0 0 0 0
/m/09wj5 /people/person/places_lived./people/place_lived/location /m/030qb3t 82 68 0 0 0 0
/m/01x4sb /people/person/places_lived./people/place_lived/location /m/0psxp 547 543 0 0 0 0
/m/01nm3s /people/person/places_lived./people/place_lived/location /m/02_286 86 76 0 0 0 0
/m/01ycfv /people/person/places_lived./people/place_lived/location /m/02_286 96 86 0 0 0 0
/m/01q7cb_ /people/person/places_lived./people/place_lived/location /m/0ggh3 3 2 1 1 0 0
/m/01vw37m /people/person/places_lived./people/place_lived/location /m/0s5cg 6410 6407 0 0 0 0
/m/0m2wm /people/person/places_lived./people/place_lived/location /m/09ksp 0 0 0 0
/m/03x400 /people/person/places_lived./people/place_lived/location /m/0cr3d 9774 9732 0 0 0 0
/m/01qqtr /people/person/places_lived./people/place_lived/location /m/030qb3t 67 53 0 0 0 0
/m/0693l /people/person/places_lived./people/place_lived/location /m/0_vn7 12631 12630 0 0 0 0
/m/0g7k2g /people/person/places_lived./people/place_lived/location /m/02h6_6p 13373 13369 0 0 0 0
/m/09pl3s /people/person/places_lived./people/place_lived/location /m/07b_l 11346 11329 0 0 0 0
/m/0c0tzp /people/person/places_lived./people/place_lived/location /m/0mzww 2559 2556 0 0 0 0
/m/0brddh /people/person/places_lived./people/place_lived/location /m/0byh8j 4 4 1 1 0 0
/m/0993r /people/person/places_lived./people/place_lived/location /m/0r540 13722 13722 0 0 0 0
/m/01v9724 /people/person/places_lived./people/place_lived/location /m/04jpl 3208 3201 0 0 0 0
/m/0d810y /people/person/places_lived./people/place_lived/location /m/04ly1 5301 5298 0 0 0 0
/m/023kzp /people/person/places_lived./people/place_lived/location /m/0d0x8 1586 1586 0 0 0 0
/m/049dyj /people/person/places_lived./people/place_lived/location /m/0167q3 6446 6444 0 0 0 0
/m/09n70c /people/person/places_lived./people/place_lived/location /m/010nlt 0 0 0 0
/m/01trhmt /people/person/places_lived./people/place_lived/location /m/013yq 9507 9501 0 0 0 0
/m/0m68w /people/person/places_lived./people/place_lived/location /m/030qb3t 103 89 0 0 0 0
/m/0c_md_ /people/person/places_lived./people/place_lived/location /m/0v9qg 8966 8963 0 0 0 0
/m/02t_y3 /people/person/places_lived./people/place_lived/location /m/030qb3t 131 117 0 0 0 0
/m/025t9b /people/person/places_lived./people/place_lived/location /m/04jpl 22 19 0 0 0 0
/m/0137n0 /people/person/places_lived./people/place_lived/location /m/0vbk 7149 7144 0 0 0 0
/m/01g42 /people/person/places_lived./people/place_lived/location /m/02_286 124 113 0 0 0 0
/m/01jz6d /people/person/places_lived./people/place_lived/location /m/0f2v0 3081 3079 0 0 0 0
/m/0282x /people/person/places_lived./people/place_lived/location /m/04jpl 21 18 0 0 0 0
/m/08d6bd /people/person/places_lived./people/place_lived/location /m/09f07 5172 5172 0 0 0 0
/m/07f7jp /people/person/places_lived./people/place_lived/location /m/0c_m3 3509 3504 0 0 0 0
/m/01z9_x /people/person/places_lived./people/place_lived/location /m/030qb3t 148 134 0 0 0 0
/m/06yj20 /people/person/places_lived./people/place_lived/location /m/02_286 126 115 0 0 0 0
/m/0m66w /people/person/places_lived./people/place_lived/location /m/01snm 9063 9061 0 0 0 0
/m/02zrv7 /people/person/places_lived./people/place_lived/location /m/0gkgp 7701 7699 0 0 0 0
/m/01vrncs /people/person/places_lived./people/place_lived/location /m/0fpzwf 6 3 1 1 0 0
/m/01yf85 /people/person/places_lived./people/place_lived/location /m/0wq36 6118 6117 0 0 0 0
/m/01hmb_ /people/person/places_lived./people/place_lived/location /m/02_286 122 111 0 0 0 0
/m/0bg539 /people/person/places_lived./people/place_lived/location /m/0853g 4 4 1 1 0 0
/m/01vrx3g /people/person/places_lived./people/place_lived/location /m/0vbk 9958 9954 0 0 0 0
/m/02wr2r /people/person/places_lived./people/place_lived/location /m/04rrd 3791 3787 0 0 0 0
/m/02p7_k /people/person/places_lived./people/place_lived/location /m/07b_l 6389 6378 0 0 0 0
/m/024bbl /people/person/places_lived./people/place_lived/location /m/0cc56 12254 12239 0 0 0 0
/m/04bs3j /people/person/places_lived./people/place_lived/location /m/03dm7 4056 4056 0 0 0 0
/m/03f1r6t /people/person/places_lived./people/place_lived/location /m/02_286 75 65 0 0 0 0
/m/01gq0b /people/person/places_lived./people/place_lived/location /m/0cc56 7805 7796 0 0 0 0
/m/015c2f /people/person/places_lived./people/place_lived/location /m/02_286 75 65 0 0 0 0
/m/07zhd7 /people/person/places_lived./people/place_lived/location /m/019fh 9398 9393 0 0 0 0
/m/032wdd /people/person/places_lived./people/place_lived/location /m/0f2wj 11843 11823 0 0 0 0
/m/04fhn_ /people/person/places_lived./people/place_lived/location /m/0sngf 0 0 0 0
/m/01ycbq /people/person/places_lived./people/place_lived/location /m/052p7 9501 9497 0 0 0 0
/m/0bkmf /people/person/places_lived./people/place_lived/location /m/0z20d 14396 14393 0 0 0 0
/m/0kft /people/person/places_lived./people/place_lived/location /m/07dfk 1054 1053 0 0 0 0
/m/053y4h /people/person/places_lived./people/place_lived/location /m/030qb3t 103 89 0 0 0 0
/m/02z3zp /people/person/places_lived./people/place_lived/location /m/0fr0t 5 2 1 1 0 0
/m/01w61th /people/person/places_lived./people/place_lived/location /m/0f2v0 9440 9437 0 0 0 0
/m/05dbf /people/person/places_lived./people/place_lived/location /m/030qb3t 64 50 0 0 0 0
/m/04vq3h /people/person/places_lived./people/place_lived/location /m/01cx_ 912 907 0 0 0 0
/m/01l_yg /people/person/places_lived./people/place_lived/location /m/02_286 65 55 0 0 0 0
/m/04vcdj /people/person/places_lived./people/place_lived/location /m/0f2s6 5115 5113 0 0 0 0
/m/01mxnvc /people/person/places_lived./people/place_lived/location /m/0k33p 11676 11673 0 0 0 0
/m/023zsh /people/person/places_lived./people/place_lived/location /m/030qb3t 132 118 0 0 0 0
/m/02knnd /people/person/places_lived./people/place_lived/location /m/0fvzg 11462 11460 0 0 0 0
/m/0c6qh /people/person/places_lived./people/place_lived/location /m/05mph 13872 13861 0 0 0 0
/m/012ycy /people/person/places_lived./people/place_lived/location /m/0rh6k 25 20 0 0 0 0
/m/01vt5c_ /people/person/places_lived./people/place_lived/location /m/0c8tk 11299 11293 0 0 0 0
/m/01whg97 /people/person/places_lived./people/place_lived/location /m/0vfs8 0 0 0 0
/m/098n_m /people/person/places_lived./people/place_lived/location /m/02frhbc 12383 12379 0 0 0 0
/m/0c1pj /people/person/places_lived./people/place_lived/location /m/06y57 5957 5950 0 0 0 0
/m/02mjmr /people/person/places_lived./people/place_lived/location /m/02hrh0_ 5 5 1 1 0 0
/m/05hrq4 /people/person/places_lived./people/place_lived/location /m/02_286 49 40 0 0 0 0
/m/03_hd /people/person/places_lived./people/place_lived/location /m/04jpl 5383 5373 0 0 0 0
/m/09nhvw /people/person/places_lived./people/place_lived/location /m/030qb3t 130 116 0 0 0 0
/m/01nm3s /people/person/places_lived./people/place_lived/location /m/027l4q 2547 2545 0 0 0 0
/m/011s9r /people/person/places_lived./people/place_lived/location /m/01sn3 8 5 1 1 0 0
/m/014z8v /people/person/places_lived./people/place_lived/location /m/01n7q 13571 13520 0 0 0 0
/m/07t2k /people/person/places_lived./people/place_lived/location /m/05kkh 11830 11821 0 0 0 0
/m/022p06 /people/person/places_lived./people/place_lived/location /m/02_286 125 114 0 0 0 0
/m/06hmd /people/person/places_lived./people/place_lived/location /m/013m_x 2296 2295 0 0 0 0
/m/0bq2g /people/person/places_lived./people/place_lived/location /m/04jpl 40 37 0 0 0 0
/m/06pwf6 /people/person/places_lived./people/place_lived/location /m/09c6w 4185 4182 0 0 0 0
/m/017xm3 /people/person/places_lived./people/place_lived/location /m/081yw 780 780 0 0 0 0
/m/0f276 /people/person/places_lived./people/place_lived/location /m/080h2 6688 6682 0 0 0 0
/m/05cv8 /people/person/places_lived./people/place_lived/location /m/04rrd 10390 10383 0 0 0 0
/m/0h1nt /people/person/places_lived./people/place_lived/location /m/0mp3l 5605 5603 0 0 0 0
/m/0dq9wx /people/person/places_lived./people/place_lived/location /m/0d6lp 9296 9283 0 0 0 0
/m/09yhzs /people/person/places_lived./people/place_lived/location /m/030qb3t 32 18 0 0 0 0
/m/03x31g /people/person/places_lived./people/place_lived/location /m/04vmp 10301 10284 0 0 0 0
/m/01kws3 /people/person/places_lived./people/place_lived/location /m/0cr3d 10369 10319 0 0 0 0
/m/018p4y /people/person/places_lived./people/place_lived/location /m/03gh4 4332 4331 0 0 0 0
/m/0lgm5 /people/person/places_lived./people/place_lived/location /m/0cc56 560 557 0 0 0 0
/m/018_lb /people/person/places_lived./people/place_lived/location /m/0d04z6 10099 10099 0 0 0 0
/m/0137n0 /people/person/places_lived./people/place_lived/location /m/05jbn 9206 9195 0 0 0 0
/m/0c2ry /people/person/places_lived./people/place_lived/location /m/02_n7 10262 10262 0 0 0 0
/m/0jpdn /people/person/places_lived./people/place_lived/location /m/030qb3t 153 139 0 0 0 0
/m/044mvs /people/person/places_lived./people/place_lived/location /m/0947l 12448 12444 0 0 0 0
/m/01p45_v /people/person/places_lived./people/place_lived/location /m/0f2rq 10409 10404 0 0 0 0
/m/03n69x /people/person/places_lived./people/place_lived/location /m/013yq 12529 12522 0 0 0 0
/m/04gycf /people/person/places_lived./people/place_lived/location /m/0ply0 4 4 1 1 0 0
/m/016ypb /people/person/places_lived./people/place_lived/location /m/0j4q1 0 0 0 0
/m/0cfz_z /people/person/places_lived./people/place_lived/location /m/0cw4l 0 0 0 0
/m/02bn75 /people/person/places_lived./people/place_lived/location /m/01zmqw 0 0 0 0
/m/04t969 /people/person/places_lived./people/place_lived/location /m/0824r 8397 8392 0 0 0 0
/m/018y2s /people/person/places_lived./people/place_lived/location /m/07z1m 2230 2226 0 0 0 0
/m/06x4l_ /people/person/places_lived./people/place_lived/location /m/0fpzwf 10969 10966 0 0 0 0
/m/05mkhs /people/person/places_lived./people/place_lived/location /m/0f25y 12355 12352 0 0 0 0
/m/04snp2 /people/person/places_lived./people/place_lived/location /m/01x73 5170 5164 0 0 0 0
/m/04xhwn /people/person/places_lived./people/place_lived/location /m/0r00l 14461 14457 0 0 0 0
/m/01pkhw /people/person/places_lived./people/place_lived/location /m/01_5bb 6088 6087 0 0 0 0
/m/081lh /people/person/places_lived./people/place_lived/location /m/0cr3d 5805 5779 0 0 0 0
/m/018gkb /people/person/places_lived./people/place_lived/location /m/0tgcy 13776 13776 0 0 0 0
/m/02_hj4 /people/person/places_lived./people/place_lived/location /m/0cc56 14000 13985 0 0 0 0
/m/0chsq /people/person/places_lived./people/place_lived/location /m/030qb3t 67 53 0 0 0 0
/m/0n6f8 /people/person/places_lived./people/place_lived/location /m/0bp_7 11293 11293 0 0 0 0
/m/01gvxv /people/person/places_lived./people/place_lived/location /m/0824r 3 3 1 1 0 0
