/m/07y2b /tv/tv_network/programs./tv/tv_network_duration/program /m/0d_rw 12515 12514 0 0 0 0
/m/0cjdk /tv/tv_network/programs./tv/tv_network_duration/program /m/0n2bh 4 4 1 1 0 0
/m/09d5h /tv/tv_network/programs./tv/tv_network_duration/program /m/01bv8b 3 3 1 1 0 0
/m/02h758 /tv/tv_network/programs./tv/tv_network_duration/program /m/0ckh4k 9207 9207 0 0 0 0
/m/0146mv /tv/tv_network/programs./tv/tv_network_duration/program /m/05f7w84 9 8 1 1 0 0
/m/0cjdk /tv/tv_network/programs./tv/tv_network_duration/program /m/01qn7n 3 3 1 1 0 0
/m/02fp82 /tv/tv_network/programs./tv/tv_network_duration/program /m/028k2x 8476 8474 0 0 0 0
/m/0g5lhl7 /tv/tv_network/programs./tv/tv_network_duration/program /m/027tbrc 2 1 1 1 0 1
/m/03mdt /tv/tv_network/programs./tv/tv_network_duration/program /m/0hr41p6 3 3 1 1 0 0
/m/01f2w0 /tv/tv_network/programs./tv/tv_network_duration/program /m/0dl6fv 2 2 1 1 0 0
/m/018kcp /tv/tv_network/programs./tv/tv_network_duration/program /m/01_2n 12885 12884 0 0 0 0
/m/09d5h /tv/tv_network/programs./tv/tv_network_duration/program /m/0sw0q 2 2 1 1 0 0
/m/03jl0_ /tv/tv_network/programs./tv/tv_network_duration/program /m/095sx6 8211 8211 0 0 0 0
/m/05gnf /tv/tv_network/programs./tv/tv_network_duration/program /m/06r1k 2 2 1 1 0 0
/m/05xbx /tv/tv_network/programs./tv/tv_network_duration/program /m/0cwrr 12168 12168 0 0 0 0
/m/0kctd /tv/tv_network/programs./tv/tv_network_duration/program /m/09kn9 12699 12698 0 0 0 0
/m/01l50r /tv/tv_network/programs./tv/tv_network_duration/program /m/05b6s5j 3459 3459 0 0 0 0
/m/05gnf /tv/tv_network/programs./tv/tv_network_duration/program /m/05jyb2 2 2 1 1 0 0
/m/09d5h /tv/tv_network/programs./tv/tv_network_duration/program /m/03czz87 2 2 1 1 0 0
/m/025snf /tv/tv_network/programs./tv/tv_network_duration/program /m/01hvv0 9 8 1 1 0 0
/m/0cjdk /tv/tv_network/programs./tv/tv_network_duration/program /m/0vhm 4 4 1 1 0 0
/m/0cjdk /tv/tv_network/programs./tv/tv_network_duration/program /m/03y3bp7 1 1 1 1 1 1
/m/01nzs7 /tv/tv_network/programs./tv/tv_network_duration/program /m/02r2j8 2201 2201 0 0 0 0
/m/0gsg7 /tv/tv_network/programs./tv/tv_network_duration/program /m/01b9w3 2 2 1 1 0 0
/m/01nzs7 /tv/tv_network/programs./tv/tv_network_duration/program /m/02rhwjr 6168 6168 0 0 0 0
/m/02fp82 /tv/tv_network/programs./tv/tv_network_duration/program /m/015w8_ 7624 7622 0 0 0 0
