/m/06x76 /sports/sports_team/sport /m/0jm_ 10 1 1 1 0 1
/m/02r7lqg /sports/sports_team/sport /m/03tmr 9 3 1 1 0 0
/m/01xbpn /sports/sports_team/sport /m/02vx4 194 70 0 0 0 0
/m/044crp /sports/sports_team/sport /m/02vx4 171 54 0 0 0 0
/m/04czcb /sports/sports_team/sport /m/02vx4 136 38 0 0 0 0
/m/04wmvz /sports/sports_team/sport /m/018jz 26 2 0 1 0 0
/m/05g3b /sports/sports_team/sport /m/0jm_ 2 1 1 1 0 1
/m/0329qp /sports/sports_team/sport /m/02vx4 49 3 0 1 0 0
/m/0mmd6 /sports/sports_team/sport /m/02vx4 106 24 0 0 0 0
/m/01ync /sports/sports_team/sport /m/018jz 24 2 0 1 0 0
/m/0lmm3 /sports/sports_team/sport /m/02vx4 126 35 0 0 0 0
/m/07l4z /sports/sports_team/sport /m/018jz 25 2 0 1 0 0
/m/03tc8d /sports/sports_team/sport /m/02vx4 148 43 0 0 0 0
/m/0byq0v /sports/sports_team/sport /m/02vx4 215 88 0 0 0 0
/m/0dwz3t /sports/sports_team/sport /m/02vx4 34 3 0 1 0 0
/m/02_t6d /sports/sports_team/sport /m/02vx4 49 3 0 1 0 0
/m/03_lsr /sports/sports_team/sport /m/02vx4 216 89 0 0 0 0
/m/03d555l /sports/sports_team/sport /m/039yzs 13 3 0 1 0 0
/m/03yvln /sports/sports_team/sport /m/02vx4 49 3 0 1 0 0
/m/02h8p8 /sports/sports_team/sport /m/018jz 33 2 0 1 0 0
/m/0690dn /sports/sports_team/sport /m/02vx4 151 43 0 0 0 0
/m/02pqcfz /sports/sports_team/sport /m/039yzs 14 3 0 1 0 0
/m/03qx63 /sports/sports_team/sport /m/02vx4 165 54 0 0 0 0
/m/01zhs3 /sports/sports_team/sport /m/02vx4 83 13 0 0 0 0
/m/0175rc /sports/sports_team/sport /m/02vx4 119 33 0 0 0 0
/m/0jmfv /sports/sports_team/sport /m/018w8 16 1 0 1 0 1
/m/02pyyld /sports/sports_team/sport /m/039yzs 12 3 0 1 0 0
/m/0175tv /sports/sports_team/sport /m/02vx4 178 60 0 0 0 0
/m/038_0z /sports/sports_team/sport /m/09xp_ 1 1 1 1 1 1
/m/019ltg /sports/sports_team/sport /m/02vx4 213 87 0 0 0 0
/m/0bg4f9 /sports/sports_team/sport /m/02vx4 149 43 0 0 0 0
/m/0jm3v /sports/sports_team/sport /m/018w8 11 1 0 1 0 1
/m/01tqfs /sports/sports_team/sport /m/02vx4 114 30 0 0 0 0
/m/04ck0_ /sports/sports_team/sport /m/02vx4 170 54 0 0 0 0
/m/082wbh /sports/sports_team/sport /m/018w8 13022 13000 0 0 0 0
/m/0b256b /sports/sports_team/sport /m/02vx4 180 60 0 0 0 0
/m/01l3wr /sports/sports_team/sport /m/02vx4 18 1 0 1 0 1
/m/0jmm4 /sports/sports_team/sport /m/018w8 6 1 1 1 0 1
/m/0h3c3g /sports/sports_team/sport /m/02vx4 214 87 0 0 0 0
/m/01slc /sports/sports_team/sport /m/018jz 15 1 0 1 0 1
/m/049dzz /sports/sports_team/sport /m/02vx4 78 11 0 0 0 0
/m/0jmj7 /sports/sports_team/sport /m/018w8 10 1 1 1 0 1
/m/01y49 /sports/sports_team/sport /m/0jm_ 10 1 1 1 0 1
/m/051qvn /sports/sports_team/sport /m/02vx4 168 54 0 0 0 0
/m/07kbp5 /sports/sports_team/sport /m/0jm_ 28 11 0 0 0 0
/m/01rly6 /sports/sports_team/sport /m/02vx4 133 37 0 0 0 0
/m/05m_8 /sports/sports_team/sport /m/018jz 18 1 0 1 0 1
/m/03mck3c /sports/sports_team/sport /m/02vx4 205 79 0 0 0 0
/m/03x6w8 /sports/sports_team/sport /m/02vx4 121 33 0 0 0 0
/m/01453 /sports/sports_team/sport /m/02vx4 38 3 0 1 0 0
/m/032c7m /sports/sports_team/sport /m/02vx4 190 66 0 0 0 0
/m/07r78j /sports/sports_team/sport /m/02vx4 94 19 0 0 0 0
/m/01ypc /sports/sports_team/sport /m/018jz 17 1 0 1 0 1
