/m/01lp8 /user/tsegaran/random/taxonomy_subject/entry./user/tsegaran/random/taxonomy_entry/taxonomy /m/04n6k 217 31 0 0 0 0
/m/07t21 /user/tsegaran/random/taxonomy_subject/entry./user/tsegaran/random/taxonomy_entry/taxonomy /m/04n6k 194 27 0 0 0 0
/m/01pwz /user/tsegaran/random/taxonomy_subject/entry./user/tsegaran/random/taxonomy_entry/taxonomy /m/04n6k 804 523 0 0 0 0
/m/0j5g9 /user/tsegaran/random/taxonomy_subject/entry./user/tsegaran/random/taxonomy_entry/taxonomy /m/04n6k 455 190 0 0 0 0
/m/05bmq /user/tsegaran/random/taxonomy_subject/entry./user/tsegaran/random/taxonomy_entry/taxonomy /m/04n6k 260 52 0 0 0 0
/m/02rxj /user/tsegaran/random/taxonomy_subject/entry./user/tsegaran/random/taxonomy_entry/taxonomy /m/04n6k 4036 3716 0 0 0 0
/m/05fh2 /user/tsegaran/random/taxonomy_subject/entry./user/tsegaran/random/taxonomy_entry/taxonomy /m/04n6k 380 129 0 0 0 0
/m/07dzf /user/tsegaran/random/taxonomy_subject/entry./user/tsegaran/random/taxonomy_entry/taxonomy /m/04n6k 275 59 0 0 0 0
/m/0gzh /user/tsegaran/random/taxonomy_subject/entry./user/tsegaran/random/taxonomy_entry/taxonomy /m/04n6k 516 239 0 0 0 0
/m/034ns /user/tsegaran/random/taxonomy_subject/entry./user/tsegaran/random/taxonomy_entry/taxonomy /m/04n6k 410 150 0 0 0 0
/m/022840 /user/tsegaran/random/taxonomy_subject/entry./user/tsegaran/random/taxonomy_entry/taxonomy /m/04n6k 666 386 0 0 0 0
/m/015fr /user/tsegaran/random/taxonomy_subject/entry./user/tsegaran/random/taxonomy_entry/taxonomy /m/04n6k 115 7 0 1 0 0
/m/012wgb /user/tsegaran/random/taxonomy_subject/entry./user/tsegaran/random/taxonomy_entry/taxonomy /m/04n6k 239 42 0 0 0 0
/m/07c1v /user/tsegaran/random/taxonomy_subject/entry./user/tsegaran/random/taxonomy_entry/taxonomy /m/04n6k 424 162 0 0 0 0
/m/016zwt /user/tsegaran/random/taxonomy_subject/entry./user/tsegaran/random/taxonomy_entry/taxonomy /m/04n6k 270 56 0 0 0 0
/m/04rjg /user/tsegaran/random/taxonomy_subject/entry./user/tsegaran/random/taxonomy_entry/taxonomy /m/04n6k 149 14 0 0 0 0
/m/03_js /user/tsegaran/random/taxonomy_subject/entry./user/tsegaran/random/taxonomy_entry/taxonomy /m/04n6k 443 179 0 0 0 0
/m/083pr /user/tsegaran/random/taxonomy_subject/entry./user/tsegaran/random/taxonomy_entry/taxonomy /m/04n6k 516 239 0 0 0 0
/m/03g3w /user/tsegaran/random/taxonomy_subject/entry./user/tsegaran/random/taxonomy_entry/taxonomy /m/04n6k 171 19 0 0 0 0
/m/02_7t /user/tsegaran/random/taxonomy_subject/entry./user/tsegaran/random/taxonomy_entry/taxonomy /m/04n6k 199 28 0 0 0 0
/m/03f2w /user/tsegaran/random/taxonomy_subject/entry./user/tsegaran/random/taxonomy_entry/taxonomy /m/04n6k 166 17 0 0 0 0
/m/0b3wk /user/tsegaran/random/taxonomy_subject/entry./user/tsegaran/random/taxonomy_entry/taxonomy /m/04n6k 800 519 0 0 0 0
/m/083p7 /user/tsegaran/random/taxonomy_subject/entry./user/tsegaran/random/taxonomy_entry/taxonomy /m/04n6k 352 112 0 0 0 0
/m/07t2k /user/tsegaran/random/taxonomy_subject/entry./user/tsegaran/random/taxonomy_entry/taxonomy /m/04n6k 353 112 0 0 0 0
/m/0jdd /user/tsegaran/random/taxonomy_subject/entry./user/tsegaran/random/taxonomy_entry/taxonomy /m/04n6k 190 26 0 0 0 0
/m/05fkf /user/tsegaran/random/taxonomy_subject/entry./user/tsegaran/random/taxonomy_entry/taxonomy /m/04n6k 123 7 0 1 0 0
/m/0d060g /user/tsegaran/random/taxonomy_subject/entry./user/tsegaran/random/taxonomy_entry/taxonomy /m/04n6k 87 3 0 1 0 0
/m/06vbd /user/tsegaran/random/taxonomy_subject/entry./user/tsegaran/random/taxonomy_entry/taxonomy /m/04n6k 243 44 0 0 0 0
/m/07f5x /user/tsegaran/random/taxonomy_subject/entry./user/tsegaran/random/taxonomy_entry/taxonomy /m/04n6k 399 142 0 0 0 0
/m/04tgp /user/tsegaran/random/taxonomy_subject/entry./user/tsegaran/random/taxonomy_entry/taxonomy /m/04n6k 102 5 0 1 0 0
/m/06btq /user/tsegaran/random/taxonomy_subject/entry./user/tsegaran/random/taxonomy_entry/taxonomy /m/04n6k 172 19 0 0 0 0
/m/05sb1 /user/tsegaran/random/taxonomy_subject/entry./user/tsegaran/random/taxonomy_entry/taxonomy /m/04n6k 193 27 0 0 0 0
/m/01rxw /user/tsegaran/random/taxonomy_subject/entry./user/tsegaran/random/taxonomy_entry/taxonomy /m/04n6k 398 142 0 0 0 0
/m/0x67 /user/tsegaran/random/taxonomy_subject/entry./user/tsegaran/random/taxonomy_entry/taxonomy /m/04n6k 769 488 0 0 0 0
/m/0jgd /user/tsegaran/random/taxonomy_subject/entry./user/tsegaran/random/taxonomy_entry/taxonomy /m/04n6k 114 7 0 1 0 0
/m/06npd /user/tsegaran/random/taxonomy_subject/entry./user/tsegaran/random/taxonomy_entry/taxonomy /m/04n6k 185 25 0 0 0 0
/m/07ww5 /user/tsegaran/random/taxonomy_subject/entry./user/tsegaran/random/taxonomy_entry/taxonomy /m/04n6k 373 125 0 0 0 0
/m/06tw8 /user/tsegaran/random/taxonomy_subject/entry./user/tsegaran/random/taxonomy_entry/taxonomy /m/04n6k 200 28 0 0 0 0
/m/0jgx /user/tsegaran/random/taxonomy_subject/entry./user/tsegaran/random/taxonomy_entry/taxonomy /m/04n6k 300 71 0 0 0 0
/m/087vz /user/tsegaran/random/taxonomy_subject/entry./user/tsegaran/random/taxonomy_entry/taxonomy /m/04n6k 94 5 0 1 0 0
/m/0cd25 /user/tsegaran/random/taxonomy_subject/entry./user/tsegaran/random/taxonomy_entry/taxonomy /m/04n6k 497 224 0 0 0 0
/m/04s9n /user/tsegaran/random/taxonomy_subject/entry./user/tsegaran/random/taxonomy_entry/taxonomy /m/04n6k 482 212 0 0 0 0
/m/0gjm7 /user/tsegaran/random/taxonomy_subject/entry./user/tsegaran/random/taxonomy_entry/taxonomy /m/04n6k 717 437 0 0 0 0
/m/03_nq /user/tsegaran/random/taxonomy_subject/entry./user/tsegaran/random/taxonomy_entry/taxonomy /m/04n6k 516 239 0 0 0 0
/m/015c1b /user/tsegaran/random/taxonomy_subject/entry./user/tsegaran/random/taxonomy_entry/taxonomy /m/04n6k 820 539 0 0 0 0
