m_107586 diedIn m_12678 9 9 1 1 0 0
m_67504 diedIn m_112329 90130 90130 0 0 0 0
m_2864 diedIn m_67137 66719 66573 0 0 0 0
m_30062 diedIn m_85610 20000 19999 0 0 0 0
m_58799 diedIn m_82680 35390 35389 0 0 0 0
m_56746 diedIn m_74132 53781 53780 0 0 0 0
m_120395 diedIn m_78186 1 1 1 1 1 1
m_58436 diedIn m_15915 13 12 0 0 0 0
m_100313 diedIn m_77811 41 38 0 0 0 0
m_82862 diedIn m_117858 21623 21623 0 0 0 0
m_3577 diedIn m_97692 29 27 0 0 0 0
m_39787 diedIn m_12403 2319 2319 0 0 0 0
m_93521 diedIn m_92241 115700 115696 0 0 0 0
m_18965 diedIn m_67137 42029 41944 0 0 0 0
m_15518 diedIn m_48080 87406 87398 0 0 0 0
m_13360 diedIn m_80516 110157 109908 0 0 0 0
m_32200 diedIn m_35946 39538 39538 0 0 0 0
m_31927 diedIn m_67137 95277 95075 0 0 0 0
m_95879 diedIn m_67137 109451 109217 0 0 0 0
m_11600 diedIn m_67349 42 41 0 0 0 0
m_118686 diedIn m_16019 64833 64832 0 0 0 0
m_67516 diedIn m_67349 70896 70565 0 0 0 0
m_110087 diedIn m_49987 80688 80688 0 0 0 0
m_118760 diedIn m_117271 36 35 0 0 0 0
m_7135 diedIn m_67137 42 38 0 0 0 0
m_32494 diedIn m_22502 21829 21827 0 0 0 0
m_71488 diedIn m_67349 42 41 0 0 0 0
m_111990 diedIn m_46968 16 15 0 0 0 0
m_114578 diedIn m_82518 116916 116913 0 0 0 0
m_40046 diedIn m_99358 3629 3629 0 0 0 0
m_14949 diedIn m_114924 0 0 0 0
m_67334 diedIn m_98769 6045 6044 0 0 0 0
m_118448 diedIn m_117558 9 5 1 1 0 0
m_118463 diedIn m_39064 116256 116255 0 0 0 0
m_54161 diedIn m_117350 3 3 1 1 0 0
m_19494 diedIn m_79474 98561 98547 0 0 0 0
m_101504 diedIn m_80516 34799 34719 0 0 0 0
m_55935 diedIn m_10869 5300 5300 0 0 0 0
m_9268 diedIn m_12078 2 1 1 1 0 1
m_116857 diedIn m_16020 87888 87866 0 0 0 0
m_27673 diedIn m_67349 42 41 0 0 0 0
m_107510 diedIn m_15789 49782 49782 0 0 0 0
m_73674 diedIn m_72098 70325 70323 0 0 0 0
m_39576 diedIn m_67349 100489 100011 0 0 0 0
m_8536 diedIn m_101133 37634 37633 0 0 0 0
m_58840 diedIn m_69921 29332 29332 0 0 0 0
m_116412 diedIn m_77811 36 33 0 0 0 0
m_10658 diedIn m_119022 3 3 1 1 0 0
m_97646 diedIn m_79397 29552 29548 0 0 0 0
