m_11235 happenedIn m_79834 2 2 1 1 0 0
m_11001 happenedIn m_36020 2 1 1 1 0 1
m_11122 happenedIn m_106114 2 1 1 1 0 1
m_10957 happenedIn m_48022 1 1 1 1 1 1
m_23189 happenedIn m_121709 0 0 0 0
m_11060 happenedIn m_82093 1 1 1 1 1 1
m_11163 happenedIn m_15318 1 1 1 1 1 1
m_8212 happenedIn m_96664 2 1 1 1 0 1
m_96673 happenedIn m_10228 96036 96030 0 0 0 0
m_106153 happenedIn m_99295 0 0 0 0
m_10982 happenedIn m_48764 1 1 1 1 1 1
m_10909 happenedIn m_16709 63572 63572 0 0 0 0
m_11110 happenedIn m_84959 1 1 1 1 1 1
m_11159 happenedIn m_18133 0 0 0 0
m_11144 happenedIn m_62154 28636 28635 0 0 0 0
m_99929 happenedIn m_121343 0 0 0 0
m_10996 happenedIn m_36020 2 1 1 1 0 1
m_64337 happenedIn m_82121 1 1 1 1 1 1
m_40159 happenedIn m_40170 44618 44614 0 0 0 0
m_30088 happenedIn m_69505 3 3 1 1 0 0
m_43963 happenedIn m_48781 5 5 1 1 0 0
