m_94335 hasGender m_122002 63 40 0 0 0 0
m_57844 hasGender m_122002 28646 13503 0 0 0 0
m_47458 hasGender m_122002 63 40 0 0 0 0
m_55555 hasGender m_122002 8 1 1 1 0 1
m_61017 hasGender m_121804 98085 94495 0 0 0 0
m_28850 hasGender m_122002 93507 43965 0 0 0 0
m_101765 hasGender m_122002 66 42 0 0 0 0
m_64622 hasGender m_121804 111832 107752 0 0 0 0
m_29911 hasGender m_122002 68203 32028 0 0 0 0
m_37577 hasGender m_122002 49 29 0 0 0 0
m_63661 hasGender m_121804 12497 12012 0 0 0 0
m_119888 hasGender m_122002 17032 8037 0 0 0 0
m_95065 hasGender m_122002 33 16 0 0 0 0
m_91357 hasGender m_122002 53156 25056 0 0 0 0
m_117629 hasGender m_122002 7833 3716 0 0 0 0
m_106423 hasGender m_122002 53830 25351 0 0 0 0
m_30612 hasGender m_121804 107966 104060 0 0 0 0
m_46708 hasGender m_122002 7931 3715 0 0 0 0
m_100642 hasGender m_121804 37150 35767 0 0 0 0
m_61520 hasGender m_122002 51951 24369 0 0 0 0
m_106893 hasGender m_122002 83693 39336 0 0 0 0
m_22842 hasGender m_122002 47674 22484 0 0 0 0
m_43610 hasGender m_122002 23397 11036 0 0 0 0
m_93636 hasGender m_121804 67811 65317 0 0 0 0
m_70506 hasGender m_122002 20081 9509 0 0 0 0
m_31478 hasGender m_121804 116071 111840 0 0 0 0
m_111697 hasGender m_122002 14059 6644 0 0 0 0
m_112289 hasGender m_121804 79133 76256 0 0 0 0
m_115834 hasGender m_122002 30358 14366 0 0 0 0
m_3881 hasGender m_122002 39516 18653 0 0 0 0
m_6725 hasGender m_122002 17413 8184 0 0 0 0
m_104184 hasGender m_122002 26245 12433 0 0 0 0
m_23828 hasGender m_122002 89933 42192 0 0 0 0
m_94495 hasGender m_122002 43753 20638 0 0 0 0
m_44417 hasGender m_122002 54768 25663 0 0 0 0
m_96514 hasGender m_122002 52668 24732 0 0 0 0
m_25891 hasGender m_122002 52648 24792 0 0 0 0
m_103983 hasGender m_122002 88946 41820 0 0 0 0
m_73160 hasGender m_122002 81836 38419 0 0 0 0
m_104686 hasGender m_122002 42 22 0 0 0 0
m_111096 hasGender m_122002 12605 5888 0 0 0 0
m_61204 hasGender m_122002 74834 35209 0 0 0 0
m_86161 hasGender m_122002 90041 42308 0 0 0 0
m_99490 hasGender m_122002 40 20 0 0 0 0
m_64841 hasGender m_122002 70891 33204 0 0 0 0
m_112212 hasGender m_122002 25895 12152 0 0 0 0
m_23971 hasGender m_122002 63714 29879 0 0 0 0
m_36746 hasGender m_122002 56070 26424 0 0 0 0
m_4012 hasGender m_122002 65234 30649 0 0 0 0
m_52223 hasGender m_122002 45 25 0 0 0 0
m_51777 hasGender m_122002 19018 9046 0 0 0 0
m_91389 hasGender m_122002 10197 4836 0 0 0 0
m_109936 hasGender m_122002 43 23 0 0 0 0
m_82602 hasGender m_122002 94543 44436 0 0 0 0
m_98179 hasGender m_122002 42019 19605 0 0 0 0
m_8297 hasGender m_122002 35143 16481 0 0 0 0
m_57576 hasGender m_122002 75026 35266 0 0 0 0
m_38998 hasGender m_122002 72978 34247 0 0 0 0
m_6742 hasGender m_122002 37046 17445 0 0 0 0
m_56501 hasGender m_122002 47640 22420 0 0 0 0
m_95656 hasGender m_122002 57503 27037 0 0 0 0
m_104727 hasGender m_122002 52071 24541 0 0 0 0
m_26749 hasGender m_122002 40286 18939 0 0 0 0
m_122343 hasGender m_122002 91960 43227 0 0 0 0
m_92007 hasGender m_122002 12063 5654 0 0 0 0
m_50546 hasGender m_122002 68328 32138 0 0 0 0
m_48581 hasGender m_122002 85321 40093 0 0 0 0
m_14593 hasGender m_122002 34462 16198 0 0 0 0
m_57149 hasGender m_122002 82277 38688 0 0 0 0
m_110051 hasGender m_122002 55371 25982 0 0 0 0
m_97749 hasGender m_122002 53604 25214 0 0 0 0
m_71513 hasGender m_122002 25226 11815 0 0 0 0
m_96326 hasGender m_122002 42498 19818 0 0 0 0
m_74660 hasGender m_122002 33050 15446 0 0 0 0
m_61256 hasGender m_122002 22435 10609 0 0 0 0
m_18928 hasGender m_122002 66735 31472 0 0 0 0
m_40111 hasGender m_121804 61597 59399 0 0 0 0
m_100920 hasGender m_121804 27870 26868 0 0 0 0
m_70982 hasGender m_121804 12 11 0 0 0 0
m_54793 hasGender m_122002 88008 41367 0 0 0 0
m_66432 hasGender m_122002 45158 21242 0 0 0 0
m_66932 hasGender m_122002 4256 2081 0 0 0 0
m_71092 hasGender m_121804 13 12 0 0 0 0
m_12718 hasGender m_122002 59 37 0 0 0 0
m_18914 hasGender m_122002 45073 21132 0 0 0 0
m_70975 hasGender m_121804 15 13 0 0 0 0
m_37125 hasGender m_122002 45 25 0 0 0 0
m_110900 hasGender m_122002 4939 2328 0 0 0 0
m_29565 hasGender m_122002 41 21 0 0 0 0
m_32816 hasGender m_122002 66 42 0 0 0 0
m_65752 hasGender m_122002 40404 18992 0 0 0 0
m_28891 hasGender m_122002 66 42 0 0 0 0
m_75190 hasGender m_122002 16 5 0 1 0 0
m_115974 hasGender m_122002 38915 18280 0 0 0 0
m_5033 hasGender m_122002 24081 11248 0 0 0 0
m_91064 hasGender m_122002 62179 29216 0 0 0 0
m_5972 hasGender m_122002 68341 32147 0 0 0 0
m_73167 hasGender m_122002 751 362 0 0 0 0
m_119591 hasGender m_122002 85486 40218 0 0 0 0
m_71797 hasGender m_122002 88019 41366 0 0 0 0
m_2839 hasGender m_122002 32943 15381 0 0 0 0
m_14962 hasGender m_122002 20614 9694 0 0 0 0
m_49901 hasGender m_122002 45848 21517 0 0 0 0
m_59716 hasGender m_122002 36335 16974 0 0 0 0
m_96589 hasGender m_122002 88011 41358 0 0 0 0
m_87724 hasGender m_122002 44265 20749 0 0 0 0
m_73503 hasGender m_122002 75680 35627 0 0 0 0
m_65562 hasGender m_122002 42363 19830 0 0 0 0
m_52863 hasGender m_121804 15 13 0 0 0 0
m_59979 hasGender m_122002 11031 5221 0 0 0 0
m_18632 hasGender m_122002 3250 1571 0 0 0 0
m_19054 hasGender m_122002 63 40 0 0 0 0
m_4080 hasGender m_122002 25278 11890 0 0 0 0
m_96582 hasGender m_122002 63358 29858 0 0 0 0
m_116755 hasGender m_122002 4194 1996 0 0 0 0
m_33449 hasGender m_122002 72180 33924 0 0 0 0
m_57393 hasGender m_122002 25438 11932 0 0 0 0
m_101179 hasGender m_121804 4747 4574 0 0 0 0
m_105343 hasGender m_122002 93050 43757 0 0 0 0
m_77780 hasGender m_122002 61562 28976 0 0 0 0
m_7491 hasGender m_122002 16231 7691 0 0 0 0
m_104387 hasGender m_122002 34915 16392 0 0 0 0
m_37038 hasGender m_122002 67693 31754 0 0 0 0
m_57183 hasGender m_122002 55053 25955 0 0 0 0
m_98022 hasGender m_122002 32 15 0 0 0 0
m_72376 hasGender m_122002 39072 18381 0 0 0 0
m_101995 hasGender m_122002 17644 8314 0 0 0 0
m_75013 hasGender m_122002 69321 32579 0 0 0 0
m_28188 hasGender m_122002 65291 30713 0 0 0 0
m_12430 hasGender m_121804 66257 63802 0 0 0 0
m_104830 hasGender m_122002 40875 19244 0 0 0 0
m_102682 hasGender m_121804 110998 106957 0 0 0 0
m_115563 hasGender m_122002 19964 9413 0 0 0 0
m_110029 hasGender m_122002 21440 10071 0 0 0 0
m_109604 hasGender m_122002 8 1 1 1 0 1
m_11773 hasGender m_122002 9709 4518 0 0 0 0
m_23768 hasGender m_122002 72334 34000 0 0 0 0
m_25555 hasGender m_122002 42 22 0 0 0 0
m_65774 hasGender m_122002 14 3 0 1 0 0
m_55580 hasGender m_122002 81199 38112 0 0 0 0
m_63488 hasGender m_122002 67507 31700 0 0 0 0
m_98174 hasGender m_121804 11 10 0 1 0 0
m_49824 hasGender m_122002 14469 6906 0 0 0 0
m_6877 hasGender m_121804 6103 5862 0 0 0 0
m_107198 hasGender m_122002 29358 13837 0 0 0 0
m_107821 hasGender m_122002 2081 1002 0 0 0 0
m_55472 hasGender m_122002 18540 8749 0 0 0 0
m_51319 hasGender m_122002 47844 22514 0 0 0 0
m_38033 hasGender m_122002 64 41 0 0 0 0
m_46153 hasGender m_122002 32 15 0 0 0 0
m_45983 hasGender m_122002 11175 5273 0 0 0 0
m_58607 hasGender m_122002 66192 31182 0 0 0 0
m_7528 hasGender m_122002 17 6 0 1 0 0
m_81700 hasGender m_122002 3903 1838 0 0 0 0
m_36940 hasGender m_122002 13673 6405 0 0 0 0
m_81332 hasGender m_122002 28472 13446 0 0 0 0
m_120646 hasGender m_122002 60882 28612 0 0 0 0
m_24035 hasGender m_122002 76459 35983 0 0 0 0
m_24762 hasGender m_122002 25233 11815 0 0 0 0
m_1060 hasGender m_122002 44 24 0 0 0 0
m_80301 hasGender m_122002 61719 28891 0 0 0 0
m_5756 hasGender m_122002 85580 40298 0 0 0 0
m_63944 hasGender m_122002 89830 42223 0 0 0 0
m_79977 hasGender m_122002 60079 28293 0 0 0 0
m_83975 hasGender m_122002 37391 17621 0 0 0 0
m_117713 hasGender m_122002 85875 40374 0 0 0 0
m_54008 hasGender m_122002 46873 21896 0 0 0 0
m_15754 hasGender m_122002 29267 13805 0 0 0 0
m_1730 hasGender m_122002 18732 8826 0 0 0 0
m_94131 hasGender m_122002 10379 4947 0 0 0 0
m_72576 hasGender m_122002 34510 16116 0 0 0 0
m_40021 hasGender m_122002 46 26 0 0 0 0
m_27203 hasGender m_122002 57752 27152 0 0 0 0
m_28210 hasGender m_122002 46032 21567 0 0 0 0
m_21818 hasGender m_122002 19827 9308 0 0 0 0
m_86970 hasGender m_122002 79480 37329 0 0 0 0
m_17654 hasGender m_122002 41522 19635 0 0 0 0
m_5736 hasGender m_122002 2472 1155 0 0 0 0
m_122498 hasGender m_122002 26900 12578 0 0 0 0
m_55727 hasGender m_122002 60935 28611 0 0 0 0
m_36729 hasGender m_122002 66 42 0 0 0 0
m_80027 hasGender m_122002 37713 17827 0 0 0 0
m_57676 hasGender m_122002 73691 34693 0 0 0 0
m_99698 hasGender m_122002 68728 32255 0 0 0 0
m_20680 hasGender m_122002 18750 8812 0 0 0 0
m_88312 hasGender m_122002 59 37 0 0 0 0
m_100552 hasGender m_122002 63445 29771 0 0 0 0
m_52551 hasGender m_122002 26288 12253 0 0 0 0
m_3418 hasGender m_122002 42868 20232 0 0 0 0
m_94726 hasGender m_122002 65158 30660 0 0 0 0
m_120761 hasGender m_122002 82952 39016 0 0 0 0
m_28497 hasGender m_122002 46422 21813 0 0 0 0
m_92308 hasGender m_121804 46496 44800 0 0 0 0
m_94217 hasGender m_122002 63 40 0 0 0 0
m_19261 hasGender m_122002 6589 3081 0 0 0 0
m_49836 hasGender m_122002 90723 42587 0 0 0 0
m_37425 hasGender m_122002 37795 17710 0 0 0 0
m_76908 hasGender m_122002 58936 27695 0 0 0 0
m_7312 hasGender m_122002 69050 32525 0 0 0 0
m_51483 hasGender m_122002 63 40 0 0 0 0
m_84864 hasGender m_122002 81025 38122 0 0 0 0
m_6196 hasGender m_122002 76454 35945 0 0 0 0
m_40213 hasGender m_122002 61709 29011 0 0 0 0
m_77199 hasGender m_122002 43064 20202 0 0 0 0
m_111665 hasGender m_122002 59 37 0 0 0 0
m_9644 hasGender m_122002 61571 28912 0 0 0 0
m_112741 hasGender m_122002 81497 38250 0 0 0 0
m_38226 hasGender m_122002 33041 15534 0 0 0 0
m_2890 hasGender m_122002 31555 14766 0 0 0 0
m_101968 hasGender m_122002 69057 32580 0 0 0 0
m_63505 hasGender m_122002 11 2 0 1 0 0
m_58589 hasGender m_122002 23260 10907 0 0 0 0
m_55765 hasGender m_122002 63 40 0 0 0 0
m_32593 hasGender m_122002 93709 44048 0 0 0 0
m_75171 hasGender m_122002 26 11 0 0 0 0
m_60614 hasGender m_121804 104058 100242 0 0 0 0
m_51327 hasGender m_122002 55389 26040 0 0 0 0
m_32312 hasGender m_122002 45 25 0 0 0 0
m_77586 hasGender m_122002 44 24 0 0 0 0
m_107826 hasGender m_122002 77723 36414 0 0 0 0
m_81597 hasGender m_122002 70279 33064 0 0 0 0
m_57824 hasGender m_122002 58934 27695 0 0 0 0
m_91058 hasGender m_122002 47567 22406 0 0 0 0
m_58599 hasGender m_122002 44911 21148 0 0 0 0
m_68302 hasGender m_122002 71056 33442 0 0 0 0
m_88625 hasGender m_122002 63 40 0 0 0 0
m_41055 hasGender m_122002 58258 27384 0 0 0 0
m_93126 hasGender m_122002 68023 32116 0 0 0 0
m_72509 hasGender m_122002 5117 2394 0 0 0 0
m_76406 hasGender m_122002 11063 5187 0 0 0 0
m_25108 hasGender m_122002 89052 41838 0 0 0 0
m_44980 hasGender m_122002 22929 10764 0 0 0 0
m_56770 hasGender m_122002 24845 11701 0 0 0 0
m_110891 hasGender m_122002 89364 42026 0 0 0 0
m_98120 hasGender m_122002 46564 21947 0 0 0 0
m_24601 hasGender m_122002 52162 24488 0 0 0 0
m_111436 hasGender m_122002 9702 4606 0 0 0 0
m_74069 hasGender m_122002 94350 44355 0 0 0 0
m_43660 hasGender m_122002 60647 28443 0 0 0 0
m_39898 hasGender m_122002 17 6 0 1 0 0
m_70359 hasGender m_122002 11350 5280 0 0 0 0
m_54937 hasGender m_122002 32239 15140 0 0 0 0
m_31703 hasGender m_122002 41607 19589 0 0 0 0
m_13714 hasGender m_122002 81806 38511 0 0 0 0
m_14676 hasGender m_122002 63603 29876 0 0 0 0
m_57292 hasGender m_122002 69161 32398 0 0 0 0
m_101929 hasGender m_122002 86338 40625 0 0 0 0
m_92032 hasGender m_122002 33 16 0 0 0 0
m_102842 hasGender m_122002 53596 25254 0 0 0 0
m_6527 hasGender m_122002 11 2 0 1 0 0
m_55085 hasGender m_122002 46 26 0 0 0 0
m_26327 hasGender m_122002 525 257 0 0 0 0
m_81288 hasGender m_122002 34640 16181 0 0 0 0
m_48509 hasGender m_122002 79800 37516 0 0 0 0
m_32872 hasGender m_122002 45 25 0 0 0 0
m_95023 hasGender m_122002 32838 15402 0 0 0 0
m_49921 hasGender m_122002 90382 42517 0 0 0 0
m_48545 hasGender m_122002 28834 13453 0 0 0 0
m_94615 hasGender m_122002 46 26 0 0 0 0
m_34852 hasGender m_122002 60505 28485 0 0 0 0
m_37208 hasGender m_122002 59 37 0 0 0 0
m_38245 hasGender m_122002 25740 12096 0 0 0 0
m_81959 hasGender m_122002 8308 3955 0 0 0 0
m_119926 hasGender m_122002 1362 659 0 0 0 0
m_6386 hasGender m_122002 8881 4223 0 0 0 0
m_58257 hasGender m_122002 51046 23994 0 0 0 0
m_71078 hasGender m_122002 64896 30527 0 0 0 0
m_12783 hasGender m_122002 53 31 0 0 0 0
m_76295 hasGender m_122002 23783 11267 0 0 0 0
m_98025 hasGender m_122002 12108 5694 0 0 0 0
m_3277 hasGender m_122002 19189 9152 0 0 0 0
m_12585 hasGender m_122002 33155 15453 0 0 0 0
m_47453 hasGender m_122002 59 37 0 0 0 0
m_59328 hasGender m_122002 39226 18586 0 0 0 0
m_94751 hasGender m_122002 46 26 0 0 0 0
m_100829 hasGender m_121804 6810 6563 0 0 0 0
m_93545 hasGender m_122002 43474 20414 0 0 0 0
m_8390 hasGender m_122002 71462 33631 0 0 0 0
m_55000 hasGender m_122002 45 25 0 0 0 0
m_92401 hasGender m_122002 38270 17988 0 0 0 0
m_77071 hasGender m_122002 65892 30848 0 0 0 0
m_93110 hasGender m_122002 1757 867 0 0 0 0
m_116058 hasGender m_122002 26515 12356 0 0 0 0
m_12799 hasGender m_122002 19235 8935 0 0 0 0
m_56869 hasGender m_122002 36478 17142 0 0 0 0
m_65008 hasGender m_122002 82312 38696 0 0 0 0
m_16046 hasGender m_122002 64 41 0 0 0 0
m_48610 hasGender m_122002 62862 29551 0 0 0 0
m_119530 hasGender m_122002 59993 28178 0 0 0 0
m_30970 hasGender m_122002 2593 1219 0 0 0 0
m_80872 hasGender m_122002 29590 13987 0 0 0 0
m_51420 hasGender m_122002 7828 3692 0 0 0 0
m_39826 hasGender m_122002 16 5 0 1 0 0
m_74780 hasGender m_122002 21587 10283 0 0 0 0
m_120579 hasGender m_122002 33307 15760 0 0 0 0
m_123117 hasGender m_122002 74667 35018 0 0 0 0
m_51336 hasGender m_122002 15111 7140 0 0 0 0
