08814333 _instance_hypernym 08524735 3 1 1 1 0 1
10826352 _instance_hypernym 09989502 1 1 1 1 1 1
11020721 _instance_hypernym 10624540 1 1 1 1 1 1
11338796 _instance_hypernym 09798811 1 1 1 1 1 1
15231765 _instance_hypernym 15113229 1 1 1 1 1 1
08780018 _instance_hypernym 08691669 1 1 1 1 1 1
09211735 _instance_hypernym 09403734 1 1 1 1 1 1
11199727 _instance_hypernym 10650162 1 1 1 1 1 1
09460888 _instance_hypernym 09403734 1 1 1 1 1 1
01271428 _instance_hypernym 00956485 1 1 1 1 1 1
08950035 _instance_hypernym 08524735 3 1 1 1 0 1
09101318 _instance_hypernym 08695539 1 1 1 1 1 1
08775784 _instance_hypernym 08574314 1 1 1 1 1 1
10878672 _instance_hypernym 10625860 1 1 1 1 1 1
11014450 _instance_hypernym 10453533 1 1 1 1 1 1
11357332 _instance_hypernym 10453533 1 1 1 1 1 1
09373716 _instance_hypernym 09411430 0 0 0 0
08951077 _instance_hypernym 08524735 3 1 1 1 0 1
11350705 _instance_hypernym 10084635 1 1 1 1 1 1
09133500 _instance_hypernym 08524735 3 1 1 1 0 1
09113762 _instance_hypernym 08524735 3 1 1 1 0 1
10942144 _instance_hypernym 10020890 1 1 1 1 1 1
08904392 _instance_hypernym 08524735 3 1 1 1 0 1
11195619 _instance_hypernym 10301261 1 1 1 1 1 1
08765460 _instance_hypernym 08633957 1 1 1 1 1 1
08923755 _instance_hypernym 08524735 3 1 1 1 0 1
10985440 _instance_hypernym 09805475 1 1 1 1 1 1
09093608 _instance_hypernym 08655464 1 1 1 1 1 1
08765069 _instance_hypernym 08691669 1 1 1 1 1 1
08955626 _instance_hypernym 08700255 1 1 1 1 1 1
10820790 _instance_hypernym 10705615 0 0 0 0
11217479 _instance_hypernym 10794014 1 1 1 1 1 1
09252078 _instance_hypernym 09411430 1 1 1 1 1 1
08023843 _instance_hypernym 08392137 2 1 1 1 0 1
08928933 _instance_hypernym 08524735 1 1 1 1 1 1
08715952 _instance_hypernym 08524735 3 1 1 1 0 1
08775597 _instance_hypernym 08574314 1 1 1 1 1 1
08774073 _instance_hypernym 08524735 3 1 1 1 0 1
08801546 _instance_hypernym 09032191 1 1 1 1 1 1
08912703 _instance_hypernym 08524735 3 1 1 1 0 1
01292928 _instance_hypernym 00956485 1 1 1 1 1 1
08945821 _instance_hypernym 08698379 1 1 1 1 1 1
08879388 _instance_hypernym 08524735 5 2 1 1 0 0
09020299 _instance_hypernym 08524735 3 1 1 1 0 1
09089923 _instance_hypernym 08524735 3 1 1 1 0 1
09051898 _instance_hypernym 08574314 1 1 1 1 1 1
08851500 _instance_hypernym 08633957 1 1 1 1 1 1
09063673 _instance_hypernym 08638442 1 1 1 1 1 1
08736779 _instance_hypernym 08524735 3 1 1 1 0 1
09459114 _instance_hypernym 09360122 0 0 0 0
08759852 _instance_hypernym 08524735 1 1 1 1 1 1
01311520 _instance_hypernym 00996817 1 1 1 1 1 1
11015080 _instance_hypernym 10022111 1 1 1 1 1 1
08887013 _instance_hypernym 09316454 1 1 1 1 1 1
09188609 _instance_hypernym 09426788 1 1 1 1 1 1
08699654 _instance_hypernym 08698379 1 1 1 1 1 1
11151189 _instance_hypernym 09924996 1 1 1 1 1 1
08946042 _instance_hypernym 08691669 1 1 1 1 1 1
08742205 _instance_hypernym 08524735 4 1 1 1 0 1
08722645 _instance_hypernym 09399592 1 1 1 1 1 1
08725454 _instance_hypernym 08633957 1 1 1 1 1 1
10829450 _instance_hypernym 10020890 1 1 1 1 1 1
11322178 _instance_hypernym 10599806 1 1 1 1 1 1
08025497 _instance_hypernym 08392137 1 1 1 1 1 1
08730550 _instance_hypernym 09316454 1 1 1 1 1 1
08842258 _instance_hypernym 09203827 1 1 1 1 1 1
09454265 _instance_hypernym 09215664 1 1 1 1 1 1
09375693 _instance_hypernym 09360122 1 1 1 1 1 1
08976913 _instance_hypernym 08524735 3 1 1 1 0 1
11335878 _instance_hypernym 10323182 1 1 1 1 1 1
06440937 _instance_hypernym 06394865 1 1 1 1 1 1
08761868 _instance_hypernym 08691669 1 1 1 1 1 1
09027089 _instance_hypernym 08633957 1 1 1 1 1 1
11067885 _instance_hypernym 10515194 1 1 1 1 1 1
01281154 _instance_hypernym 00962129 1 1 1 1 1 1
08921850 _instance_hypernym 08700255 1 1 1 1 1 1
08889191 _instance_hypernym 08691669 0 0 0 0
08776687 _instance_hypernym 08702402 1 1 1 1 1 1
08765315 _instance_hypernym 08524735 1 1 1 1 1 1
11083656 _instance_hypernym 09537144 1 1 1 1 1 1
09023118 _instance_hypernym 08696931 1 1 1 1 1 1
11168645 _instance_hypernym 10292316 1 1 1 1 1 1
09071349 _instance_hypernym 09303008 1 1 1 1 1 1
08792083 _instance_hypernym 08574314 1 1 1 1 1 1
06452601 _instance_hypernym 06429590 1 1 1 1 1 1
11124472 _instance_hypernym 10664340 1 1 1 1 1 1
11219121 _instance_hypernym 10515194 1 1 1 1 1 1
01279615 _instance_hypernym 00956485 1 1 1 1 1 1
09157163 _instance_hypernym 08655464 1 1 1 1 1 1
01276436 _instance_hypernym 00956485 1 1 1 1 1 1
08788004 _instance_hypernym 08574314 1 1 1 1 1 1
11204962 _instance_hypernym 10705615 1 1 1 1 1 1
09162803 _instance_hypernym 08633957 1 1 1 1 1 1
06436443 _instance_hypernym 06394865 1 1 1 1 1 1
08926877 _instance_hypernym 09203827 1 1 1 1 1 1
11225661 _instance_hypernym 09799213 1 1 1 1 1 1
09365443 _instance_hypernym 09403734 1 1 1 1 1 1
10829733 _instance_hypernym 10423589 1 1 1 1 1 1
09435065 _instance_hypernym 09403734 1 1 1 1 1 1
11313507 _instance_hypernym 10672908 1 1 1 1 1 1
06453324 _instance_hypernym 06429590 1 1 1 1 1 1
10835022 _instance_hypernym 10030277 1 1 1 1 1 1
10929886 _instance_hypernym 09920283 1 1 1 1 1 1
09292751 _instance_hypernym 00031264 1 1 1 1 1 1
09143649 _instance_hypernym 08524735 3 1 1 1 0 1
08947319 _instance_hypernym 08698379 1 1 1 1 1 1
08030711 _instance_hypernym 08392137 1 1 1 1 1 1
09051235 _instance_hypernym 08574314 1 1 1 1 1 1
11296139 _instance_hypernym 10020890 1 1 1 1 1 1
08962951 _instance_hypernym 08524735 3 1 1 1 0 1
11013876 _instance_hypernym 10022111 1 1 1 1 1 1
11158982 _instance_hypernym 10650162 1 1 1 1 1 1
11065345 _instance_hypernym 10030277 1 1 1 1 1 1
08898187 _instance_hypernym 08633957 1 1 1 1 1 1
10876798 _instance_hypernym 10072708 1 1 1 1 1 1
09356080 _instance_hypernym 09411430 1 1 1 1 1 1
08735705 _instance_hypernym 09319604 1 1 1 1 1 1
08731057 _instance_hypernym 08524735 0 0 0 0
10902591 _instance_hypernym 10467395 1 1 1 1 1 1
09144323 _instance_hypernym 08524735 3 1 1 1 0 1
11375087 _instance_hypernym 10650162 1 1 1 1 1 1
09112857 _instance_hypernym 08524735 0 0 0 0
