01371092 _hypernym 01352059 1 1 1 1 1 1
02314321 _hypernym 08102555 1 1 1 1 1 1
08621598 _hypernym 08620061 1 1 1 1 1 1
12400489 _hypernym 12651821 1 1 1 1 1 1
10686313 _hypernym 09610660 1 1 1 1 1 1
01444326 _hypernym 01441510 0 0 0 0
08660339 _hypernym 08512259 1 1 1 1 1 1
07085786 _hypernym 07085375 1 1 1 1 1 1
01938426 _hypernym 01835496 2 1 1 1 0 1
00770151 _hypernym 00766234 1 1 1 1 1 1
01908287 _hypernym 08107499 1 1 1 1 1 1
01046587 _hypernym 01046059 1 1 1 1 1 1
00951037 _hypernym 00949619 1 1 1 1 1 1
13266892 _hypernym 13265904 1 1 1 1 1 1
15121625 _hypernym 00028270 1 1 1 1 1 1
06754184 _hypernym 06753800 1 1 1 1 1 1
01194418 _hypernym 02492198 0 0 0 0
04105068 _hypernym 04014297 1 1 1 1 1 1
08159924 _hypernym 07971582 1 1 1 1 1 1
06580646 _hypernym 06568978 1 1 1 1 1 1
00968962 _hypernym 00968211 1 1 1 1 1 1
06643408 _hypernym 06797169 1 1 1 1 1 1
06596978 _hypernym 06593296 1 1 1 1 1 1
07572957 _hypernym 07566340 1 1 1 1 1 1
07091902 _hypernym 06290637 1 1 1 1 1 1
02425228 _hypernym 02424695 0 0 0 0
00062582 _hypernym 00089324 1 1 1 1 1 1
07191777 _hypernym 07191279 1 1 1 1 1 1
00630634 _hypernym 00624738 1 1 1 1 1 1
12406715 _hypernym 12405714 1 1 1 1 1 1
07466557 _hypernym 07470671 1 1 1 1 1 1
01733213 _hypernym 01714208 1 1 1 1 1 1
12224309 _hypernym 11534677 1 1 1 1 1 1
00810729 _hypernym 00811375 1 1 1 1 1 1
09989045 _hypernym 10129825 1 1 1 1 1 1
02802544 _hypernym 03120491 1 1 1 1 1 1
10128909 _hypernym 09606527 1 1 1 1 1 1
07040148 _hypernym 07037465 1 1 1 1 1 1
13060190 _hypernym 12992868 1 1 1 1 1 1
00376400 _hypernym 00376063 1 1 1 1 1 1
01951276 _hypernym 01953810 1 1 1 1 1 1
05154517 _hypernym 04723816 1 1 1 1 1 1
02490004 _hypernym 02488834 1 1 1 1 1 1
02040505 _hypernym 02021795 1 1 1 1 1 1
07434102 _hypernym 07433973 1 1 1 1 1 1
02156546 _hypernym 02609764 1 1 1 1 1 1
00118733 _hypernym 00116687 1 1 1 1 1 1
03547054 _hypernym 04191595 1 1 1 1 1 1
14907122 _hypernym 15047313 1 1 1 1 1 1
00179567 _hypernym 00173338 1 1 1 1 1 1
05027529 _hypernym 05026843 1 1 1 1 1 1
02456493 _hypernym 01544692 1 1 1 1 1 1
12409016 _hypernym 11567411 1 1 1 1 1 1
00216038 _hypernym 00209943 1 1 1 1 1 1
04433585 _hypernym 02886599 1 1 1 1 1 1
04606014 _hypernym 03368141 1 1 1 1 1 1
11460281 _hypernym 11459538 1 1 1 1 1 1
09606009 _hypernym 00007846 1 1 1 1 1 1
01143409 _hypernym 01143040 1 1 1 1 1 1
03171356 _hypernym 04341686 1 1 1 1 1 1
10109443 _hypernym 10341660 1 1 1 1 1 1
04229959 _hypernym 03101986 1 1 1 1 1 1
06972311 _hypernym 06972090 1 1 1 1 1 1
04962240 _hypernym 04961691 1 1 1 1 1 1
06268784 _hypernym 06268096 1 1 1 1 1 1
02446645 _hypernym 02445715 1 1 1 1 1 1
04868748 _hypernym 04826235 1 1 1 1 1 1
11915658 _hypernym 11915214 1 1 1 1 1 1
15256714 _hypernym 05867413 1 1 1 1 1 1
07127252 _hypernym 07109847 1 1 1 1 1 1
01473990 _hypernym 08103777 1 1 1 1 1 1
00560529 _hypernym 00558630 1 1 1 1 1 1
05533948 _hypernym 05248181 1 1 1 1 1 1
01382273 _hypernym 01352059 1 1 1 1 1 1
10299875 _hypernym 09624559 1 1 1 1 1 1
02795169 _hypernym 04531098 1 1 1 1 1 1
10717461 _hypernym 00007846 1 1 1 1 1 1
04364545 _hypernym 03739693 0 0 0 0
00738747 _hypernym 00983824 1 1 1 1 1 1
08172877 _hypernym 07951464 1 1 1 1 1 1
03273913 _hypernym 04070727 1 1 1 1 1 1
12983961 _hypernym 13024012 1 1 1 1 1 1
09876892 _hypernym 10307234 1 1 1 1 1 1
06742772 _hypernym 06742426 1 1 1 1 1 1
00045145 _hypernym 00047945 1 1 1 1 1 1
06780309 _hypernym 06780069 1 1 1 1 1 1
01453969 _hypernym 01453433 1 1 1 1 1 1
12969670 _hypernym 12969131 1 1 1 1 1 1
11607071 _hypernym 08103777 1 1 1 1 1 1
00056688 _hypernym 00053913 1 1 1 1 1 1
12761123 _hypernym 11567411 1 1 1 1 1 1
02248744 _hypernym 01759182 1 1 1 1 1 1
12242123 _hypernym 13112664 1 1 1 1 1 1
00824066 _hypernym 00826509 0 0 0 0
01946277 _hypernym 01945845 1 1 1 1 1 1
04372171 _hypernym 03575958 1 1 1 1 1 1
00154778 _hypernym 00153263 1 1 1 1 1 1
14980579 _hypernym 14686352 0 0 0 0
11805837 _hypernym 11573660 1 1 1 1 1 1
11612349 _hypernym 11608250 1 1 1 1 1 1
07060167 _hypernym 07059255 1 1 1 1 1 1
06934132 _hypernym 06930934 1 1 1 1 1 1
10251779 _hypernym 00007846 1 1 1 1 1 1
04294426 _hypernym 02688443 1 1 1 1 1 1
00937656 _hypernym 00933420 1 1 1 1 1 1
05133287 _hypernym 05129201 1 1 1 1 1 1
01400575 _hypernym 08103777 1 1 1 1 1 1
13951984 _hypernym 13951444 1 1 1 1 1 1
02496816 _hypernym 02539334 1 1 1 1 1 1
05614657 _hypernym 05614175 1 1 1 1 1 1
12202936 _hypernym 13104059 1 1 1 1 1 1
04907269 _hypernym 04616059 1 1 1 1 1 1
00039021 _hypernym 00037396 1 1 1 1 1 1
00828901 _hypernym 00962447 1 1 1 1 1 1
00136152 _hypernym 00134780 1 1 1 1 1 1
04071393 _hypernym 03763968 0 0 0 0
01567133 _hypernym 01563128 1 1 1 1 1 1
13999663 _hypernym 13998576 1 1 1 1 1 1
00256961 _hypernym 00256746 1 1 1 1 1 1
02267826 _hypernym 02263378 1 1 1 1 1 1
06350918 _hypernym 06350274 1 1 1 1 1 1
05537806 _hypernym 05220461 1 1 1 1 1 1
05505679 _hypernym 05462315 1 1 1 1 1 1
07242324 _hypernym 07241205 1 1 1 1 1 1
00534480 _hypernym 00342028 1 1 1 1 1 1
08279298 _hypernym 08284481 1 1 1 1 1 1
00455599 _hypernym 00407535 1 1 1 1 1 1
04826235 _hypernym 04846770 1 1 1 1 1 1
09190918 _hypernym 00007347 1 1 1 1 1 1
06115476 _hypernym 06000400 1 1 1 1 1 1
02259829 _hypernym 00761713 1 1 1 1 1 1
12099342 _hypernym 13118707 1 1 1 1 1 1
12112008 _hypernym 12102133 1 1 1 1 1 1
03631445 _hypernym 03106110 1 1 1 1 1 1
12373361 _hypernym 11565385 1 1 1 1 1 1
06883725 _hypernym 04416901 1 1 1 1 1 1
10173895 _hypernym 00007846 0 0 0 0
00746084 _hypernym 01027508 1 1 1 1 1 1
15022389 _hypernym 15022171 1 1 1 1 1 1
05613962 _hypernym 05617107 1 1 1 1 1 1
11627028 _hypernym 11554175 1 1 1 1 1 1
02559752 _hypernym 02452885 1 1 1 1 1 1
09283623 _hypernym 09225146 1 1 1 1 1 1
05060476 _hypernym 05060189 1 1 1 1 1 1
11551211 _hypernym 08220891 1 1 1 1 1 1
00396703 _hypernym 00394813 1 1 1 1 1 1
02674912 _hypernym 02707683 1 1 1 1 1 1
00940214 _hypernym 00126264 1 1 1 1 1 1
10396462 _hypernym 00007846 1 1 1 1 1 1
02216547 _hypernym 01759182 1 1 1 1 1 1
12445848 _hypernym 11561228 1 1 1 1 1 1
00069166 _hypernym 00067999 1 1 1 1 1 1
13149296 _hypernym 13100677 1 1 1 1 1 1
08344301 _hypernym 08342039 1 1 1 1 1 1
00715074 _hypernym 00352826 1 1 1 1 1 1
02671421 _hypernym 03081021 1 1 1 1 1 1
02217695 _hypernym 02217266 1 1 1 1 1 1
11689197 _hypernym 13135832 1 1 1 1 1 1
01567678 _hypernym 01567133 1 1 1 1 1 1
01538469 _hypernym 00510364 1 1 1 1 1 1
04182890 _hypernym 03895585 1 1 1 1 1 1
05835747 _hypernym 05833840 1 1 1 1 1 1
01004072 _hypernym 00383606 1 1 1 1 1 1
01107705 _hypernym 01105639 1 1 1 1 1 1
01596479 _hypernym 01507175 1 1 1 1 1 1
01830798 _hypernym 01762528 1 1 1 1 1 1
06930934 _hypernym 06904171 1 1 1 1 1 1
00332154 _hypernym 00397576 1 1 1 1 1 1
04762355 _hypernym 04760771 1 1 1 1 1 1
01751021 _hypernym 01675963 1 1 1 1 1 1
10295819 _hypernym 00007846 1 1 1 1 1 1
04074329 _hypernym 03129123 1 1 1 1 1 1
05536370 _hypernym 05303402 1 1 1 1 1 1
02149297 _hypernym 01864707 1 1 1 1 1 1
01921591 _hypernym 01921204 1 1 1 1 1 1
12957467 _hypernym 13167078 1 1 1 1 1 1
06005518 _hypernym 06004685 1 1 1 1 1 1
01984695 _hypernym 01982650 1 1 1 1 1 1
01566386 _hypernym 01504437 1 1 1 1 1 1
02578604 _hypernym 01432517 1 1 1 1 1 1
01654863 _hypernym 01639765 1 1 1 1 1 1
10576223 _hypernym 00007846 1 1 1 1 1 1
08096301 _hypernym 08149781 0 0 0 0
02842303 _hypernym 04565963 1 1 1 1 1 1
03738241 _hypernym 04377057 1 1 1 1 1 1
12611479 _hypernym 11556857 1 1 1 1 1 1
01572978 _hypernym 01212572 1 1 1 1 1 1
11915899 _hypernym 11915214 1 1 1 1 1 1
00331950 _hypernym 00191142 1 1 1 1 1 1
03069213 _hypernym 03149951 1 1 1 1 1 1
03791053 _hypernym 04576211 1 1 1 1 1 1
05370125 _hypernym 05418717 1 1 1 1 1 1
02552737 _hypernym 01429349 1 1 1 1 1 1
13658496 _hypernym 13649268 1 1 1 1 1 1
10518194 _hypernym 10435988 1 1 1 1 1 1
02538216 _hypernym 02537085 1 1 1 1 1 1
06154464 _hypernym 06153846 1 1 1 1 1 1
02198996 _hypernym 01762525 1 1 1 1 1 1
08142170 _hypernym 08348815 1 1 1 1 1 1
07605474 _hypernym 07597365 1 1 1 1 1 1
01357831 _hypernym 01296462 1 1 1 1 1 1
07152463 _hypernym 07152259 1 1 1 1 1 1
00573932 _hypernym 00126264 1 1 1 1 1 1
14786479 _hypernym 00021939 1 1 1 1 1 1
01688589 _hypernym 01687665 1 1 1 1 1 1
10460033 _hypernym 10053808 1 1 1 1 1 1
00229026 _hypernym 00109660 1 1 1 1 1 1
06755776 _hypernym 06755568 1 1 1 1 1 1
14560360 _hypernym 13920835 1 1 1 1 1 1
12201166 _hypernym 11575425 1 1 1 1 1 1
06148148 _hypernym 06143154 1 1 1 1 1 1
01877204 _hypernym 01850315 1 1 1 1 1 1
02541875 _hypernym 01432517 0 0 0 0
06364329 _hypernym 06362953 1 1 1 1 1 1
13000668 _hypernym 11592146 1 1 1 1 1 1
00847683 _hypernym 00846509 1 1 1 1 1 1
00897026 _hypernym 00894552 1 1 1 1 1 1
00336718 _hypernym 00126264 1 1 1 1 1 1
05520479 _hypernym 05264756 1 1 1 1 1 1
00180770 _hypernym 00180413 1 1 1 1 1 1
04151581 _hypernym 04014297 1 1 1 1 1 1
14501545 _hypernym 14500908 1 1 1 1 1 1
03318983 _hypernym 04014297 1 1 1 1 1 1
06877849 _hypernym 06877078 1 1 1 1 1 1
00378042 _hypernym 00140123 1 1 1 1 1 1
02661252 _hypernym 02666239 1 1 1 1 1 1
03776460 _hypernym 04467099 1 1 1 1 1 1
06915601 _hypernym 06906439 1 1 1 1 1 1
01989869 _hypernym 01974773 1 1 1 1 1 1
11675096 _hypernym 11675842 1 1 1 1 1 1
07186148 _hypernym 07185325 1 1 1 1 1 1
12514592 _hypernym 13112664 1 1 1 1 1 1
10067968 _hypernym 10215623 1 1 1 1 1 1
02559862 _hypernym 02554730 1 1 1 1 1 1
01786419 _hypernym 01785971 1 1 1 1 1 1
01208597 _hypernym 01207609 1 1 1 1 1 1
02501101 _hypernym 01342529 1 1 1 1 1 1
01385017 _hypernym 01384687 1 1 1 1 1 1
15278281 _hypernym 15286249 1 1 1 1 1 1
00739632 _hypernym 00739270 1 1 1 1 1 1
00344421 _hypernym 00331950 1 1 1 1 1 1
10247880 _hypernym 00007846 1 1 1 1 1 1
07752109 _hypernym 07751451 1 1 1 1 1 1
02338901 _hypernym 02329401 1 1 1 1 1 1
00504901 _hypernym 00115157 1 1 1 1 1 1
02163982 _hypernym 01342529 1 1 1 1 1 1
04889162 _hypernym 04887912 1 1 1 1 1 1
08179879 _hypernym 07942152 1 1 1 1 1 1
00188137 _hypernym 00187526 1 1 1 1 1 1
01880113 _hypernym 01831531 2 1 1 1 0 1
00093979 _hypernym 00241689 1 1 1 1 1 1
08566028 _hypernym 08568978 1 1 1 1 1 1
00915830 _hypernym 00941990 2 1 1 1 0 1
14462193 _hypernym 14460565 1 1 1 1 1 1
00858377 _hypernym 00858188 1 1 1 1 1 1
12883395 _hypernym 11579418 1 1 1 1 1 1
15145782 _hypernym 15290337 1 1 1 1 1 1
01629589 _hypernym 01617192 1 1 1 1 1 1
00164999 _hypernym 00163779 1 1 1 1 1 1
06142118 _hypernym 05999797 1 1 1 1 1 1
07619881 _hypernym 07566340 1 1 1 1 1 1
01753488 _hypernym 01752165 1 1 1 1 1 1
02163183 _hypernym 02162947 1 1 1 1 1 1
00710005 _hypernym 00704690 1 1 1 1 1 1
02108026 _hypernym 02108377 1 1 1 1 1 1
05514272 _hypernym 05514081 1 1 1 1 1 1
11835451 _hypernym 11573660 1 1 1 1 1 1
06180720 _hypernym 05870916 1 1 1 1 1 1
06609503 _hypernym 06607339 1 1 1 1 1 1
00207306 _hypernym 00206927 1 1 1 1 1 1
06151693 _hypernym 06143154 1 1 1 1 1 1
01696648 _hypernym 01675963 1 1 1 1 1 1
11886788 _hypernym 11575425 1 1 1 1 1 1
02766792 _hypernym 03452741 1 1 1 1 1 1
01771390 _hypernym 01767949 1 1 1 1 1 1
14863521 _hypernym 14859838 1 1 1 1 1 1
00881329 _hypernym 00880978 1 1 1 1 1 1
12079737 _hypernym 11556857 0 0 0 0
11795366 _hypernym 11556857 1 1 1 1 1 1
00198793 _hypernym 00191142 1 1 1 1 1 1
00977153 _hypernym 00976653 1 1 1 1 1 1
06584891 _hypernym 06355894 0 0 0 0
02124748 _hypernym 02106506 1 1 1 1 1 1
06335832 _hypernym 06333653 0 0 0 0
12574727 _hypernym 11585340 1 1 1 1 1 1
03339296 _hypernym 04188643 1 1 1 1 1 1
04029734 _hypernym 04421872 1 1 1 1 1 1
15237782 _hypernym 15236475 1 1 1 1 1 1
15163005 _hypernym 15157041 0 0 0 0
01792097 _hypernym 01790020 1 1 1 1 1 1
04003241 _hypernym 04330340 1 1 1 1 1 1
10274639 _hypernym 09931267 1 1 1 1 1 1
07712559 _hypernym 07712382 1 1 1 1 1 1
02594552 _hypernym 02594250 1 1 1 1 1 1
08394423 _hypernym 08191230 1 1 1 1 1 1
02244963 _hypernym 01759182 1 1 1 1 1 1
07182744 _hypernym 07183151 1 1 1 1 1 1
00652659 _hypernym 00633864 1 1 1 1 1 1
05459953 _hypernym 14867858 1 1 1 1 1 1
02087156 _hypernym 02077656 1 1 1 1 1 1
00518653 _hypernym 00313987 1 1 1 1 1 1
07269916 _hypernym 06806469 1 1 1 1 1 1
00768353 _hypernym 00766234 1 1 1 1 1 1
01798100 _hypernym 01770501 1 1 1 1 1 1
01409065 _hypernym 01387617 1 1 1 1 1 1
14476205 _hypernym 14475405 1 1 1 1 1 1
01421622 _hypernym 01296462 1 1 1 1 1 1
01400856 _hypernym 01400044 1 1 1 1 1 1
00667424 _hypernym 00666886 1 1 1 1 1 1
00783042 _hypernym 00782527 1 1 1 1 1 1
02072673 _hypernym 01992503 1 1 1 1 1 1
10207514 _hypernym 10305802 1 1 1 1 1 1
04643221 _hypernym 04623612 1 1 1 1 1 1
03258730 _hypernym 03121897 1 1 1 1 1 1
01292534 _hypernym 01354673 1 1 1 1 1 1
13096317 _hypernym 13095685 1 1 1 1 1 1
02156532 _hypernym 05559908 1 1 1 1 1 1
12339319 _hypernym 11567411 1 1 1 1 1 1
07939159 _hypernym 00031264 1 1 1 1 1 1
00852685 _hypernym 00851933 0 0 0 0
05902545 _hypernym 05898568 1 1 1 1 1 1
04633197 _hypernym 04632157 1 1 1 1 1 1
07498854 _hypernym 07497473 1 1 1 1 1 1
05967191 _hypernym 05943300 1 1 1 1 1 1
14636523 _hypernym 14622893 1 1 1 1 1 1
05983217 _hypernym 05982152 1 1 1 1 1 1
06122178 _hypernym 06115476 1 1 1 1 1 1
10127273 _hypernym 10287213 0 0 0 0
00080169 _hypernym 00078760 1 1 1 1 1 1
11944196 _hypernym 13085113 1 1 1 1 1 1
02470175 _hypernym 02469835 1 1 1 1 1 1
07208708 _hypernym 07208338 1 1 1 1 1 1
02873623 _hypernym 02944826 1 1 1 1 1 1
02299924 _hypernym 02298632 1 1 1 1 1 1
00313987 _hypernym 00126264 1 1 1 1 1 1
14724025 _hypernym 14723079 1 1 1 1 1 1
07221094 _hypernym 06598915 1 1 1 1 1 1
08617963 _hypernym 08664443 1 1 1 1 1 1
02397529 _hypernym 02394477 1 1 1 1 1 1
09634494 _hypernym 00007846 1 1 1 1 1 1
09679708 _hypernym 09678009 1 1 1 1 1 1
00845178 _hypernym 13440063 0 0 0 0
05794403 _hypernym 05793000 1 1 1 1 1 1
07916970 _hypernym 07885223 1 1 1 1 1 1
04760296 _hypernym 04761517 1 1 1 1 1 1
04038109 _hypernym 04037625 1 1 1 1 1 1
02371811 _hypernym 02367363 1 1 1 1 1 1
02642610 _hypernym 02641957 1 1 1 1 1 1
07526505 _hypernym 07526338 1 1 1 1 1 1
00356199 _hypernym 00351638 1 1 1 1 1 1
02503803 _hypernym 02501738 1 1 1 1 1 1
07275489 _hypernym 07274425 1 1 1 1 1 1
02916350 _hypernym 04008634 1 1 1 1 1 1
04636610 _hypernym 04636397 1 1 1 1 1 1
11727976 _hypernym 11571907 1 1 1 1 1 1
05554405 _hypernym 05554189 1 1 1 1 1 1
12056217 _hypernym 12041446 1 1 1 1 1 1
10617193 _hypernym 10642151 0 0 0 0
00572186 _hypernym 00126264 1 1 1 1 1 1
04076846 _hypernym 03129123 1 1 1 1 1 1
13439390 _hypernym 13526110 1 1 1 1 1 1
02453321 _hypernym 02452885 1 1 1 1 1 1
00019613 _hypernym 13809207 0 0 0 0
08230219 _hypernym 08227214 1 1 1 1 1 1
06778925 _hypernym 06778102 1 1 1 1 1 1
09223725 _hypernym 09257949 0 0 0 0
03592245 _hypernym 03111690 1 1 1 1 1 1
04568298 _hypernym 03178782 1 1 1 1 1 1
03566329 _hypernym 03700963 0 0 0 0
13384164 _hypernym 13281275 1 1 1 1 1 1
01944466 _hypernym 01974062 2 1 1 1 0 1
04425262 _hypernym 03713736 1 1 1 1 1 1
00004475 _hypernym 00004258 1 1 1 1 1 1
00565279 _hypernym 00109660 1 1 1 1 1 1
11743772 _hypernym 11743294 1 1 1 1 1 1
08208016 _hypernym 08008335 1 1 1 1 1 1
05159495 _hypernym 05159225 1 1 1 1 1 1
10175725 _hypernym 09977660 0 0 0 0
03070193 _hypernym 02670382 1 1 1 1 1 1
12647560 _hypernym 12647376 1 1 1 1 1 1
04952570 _hypernym 04952242 1 1 1 1 1 1
00705580 _hypernym 00661091 1 1 1 1 1 1
10362003 _hypernym 00007846 1 1 1 1 1 1
02570267 _hypernym 02514187 1 1 1 1 1 1
06155075 _hypernym 06153846 1 1 1 1 1 1
04894204 _hypernym 04894037 1 1 1 1 1 1
10037922 _hypernym 10515194 1 1 1 1 1 1
03639497 _hypernym 04402057 1 1 1 1 1 1
01483779 _hypernym 01463963 1 1 1 1 1 1
15146004 _hypernym 15290337 1 1 1 1 1 1
02987047 _hypernym 03574816 1 1 1 1 1 1
02418686 _hypernym 02419073 0 0 0 0
07286368 _hypernym 07286014 1 1 1 1 1 1
09184136 _hypernym 09183693 1 1 1 1 1 1
01639714 _hypernym 01631534 1 1 1 1 1 1
01558765 _hypernym 01557185 1 1 1 1 1 1
07027180 _hypernym 07020895 1 1 1 1 1 1
06236802 _hypernym 05946687 1 1 1 1 1 1
02711114 _hypernym 02700867 1 1 1 1 1 1
02229828 _hypernym 02229550 1 1 1 1 1 1
06875094 _hypernym 06873571 1 1 1 1 1 1
01800195 _hypernym 01799302 1 1 1 1 1 1
00061401 _hypernym 00061595 0 0 0 0
00784388 _hypernym 00768701 1 1 1 1 1 1
04230808 _hypernym 03419014 1 1 1 1 1 1
06682494 _hypernym 06682290 1 1 1 1 1 1
01422172 _hypernym 01421622 1 1 1 1 1 1
07230502 _hypernym 07160883 1 1 1 1 1 1
02678070 _hypernym 02422026 1 1 1 1 1 1
00888796 _hypernym 00887081 1 1 1 1 1 1
00486557 _hypernym 00486018 1 1 1 1 1 1
05405324 _hypernym 13771404 1 1 1 1 1 1
05415395 _hypernym 05404728 1 1 1 1 1 1
05844105 _hypernym 05839024 1 1 1 1 1 1
00376106 _hypernym 00443984 0 0 0 0
14123259 _hypernym 14123044 1 1 1 1 1 1
13194036 _hypernym 13193642 1 1 1 1 1 1
02215966 _hypernym 02271137 1 1 1 1 1 1
14862753 _hypernym 14739360 1 1 1 1 1 1
02130300 _hypernym 00644583 1 1 1 1 1 1
08571275 _hypernym 08523483 1 1 1 1 1 1
02376958 _hypernym 02367363 1 1 1 1 1 1
01949007 _hypernym 01955984 1 1 1 1 1 1
00539510 _hypernym 00539121 1 1 1 1 1 1
02474780 _hypernym 00884540 1 1 1 1 1 1
11416988 _hypernym 11410625 1 1 1 1 1 1
00609506 _hypernym 00609683 1 1 1 1 1 1
05406782 _hypernym 05397468 1 1 1 1 1 1
06407094 _hypernym 06362953 1 1 1 1 1 1
01947735 _hypernym 01945845 1 1 1 1 1 1
13470491 _hypernym 13457378 1 1 1 1 1 1
04617562 _hypernym 00024264 1 1 1 1 1 1
00394813 _hypernym 00140123 1 1 1 1 1 1
00044150 _hypernym 00030358 1 1 1 1 1 1
02186690 _hypernym 02179518 1 1 1 1 1 1
03357081 _hypernym 04489008 1 1 1 1 1 1
05260240 _hypernym 05256862 1 1 1 1 1 1
04179385 _hypernym 03816849 1 1 1 1 1 1
03120778 _hypernym 04105893 1 1 1 1 1 1
05011790 _hypernym 05009170 1 1 1 1 1 1
15068436 _hypernym 14818238 1 1 1 1 1 1
01445407 _hypernym 01441100 1 1 1 1 1 1
00140751 _hypernym 00138508 1 1 1 1 1 1
06394701 _hypernym 06598915 1 1 1 1 1 1
01397088 _hypernym 01400044 1 1 1 1 1 1
01947352 _hypernym 01946996 1 1 1 1 1 1
01548301 _hypernym 01547832 1 1 1 1 1 1
03611590 _hypernym 03433434 0 0 0 0
01918803 _hypernym 01904930 1 1 1 1 1 1
11648617 _hypernym 11554175 1 1 1 1 1 1
13316332 _hypernym 13313899 1 1 1 1 1 1
07142365 _hypernym 07140659 1 1 1 1 1 1
03977966 _hypernym 04520170 1 1 1 1 1 1
10110287 _hypernym 10245639 1 1 1 1 1 1
14531392 _hypernym 14531983 1 1 1 1 1 1
00307631 _hypernym 00306426 0 0 0 0
09760913 _hypernym 10340312 1 1 1 1 1 1
00028362 _hypernym 00022686 0 0 0 0
03534776 _hypernym 04517823 1 1 1 1 1 1
02364520 _hypernym 02329401 1 1 1 1 1 1
12006503 _hypernym 11579418 1 1 1 1 1 1
01105296 _hypernym 01105639 1 1 1 1 1 1
12019675 _hypernym 11579418 1 1 1 1 1 1
13652066 _hypernym 13603305 1 1 1 1 1 1
08377806 _hypernym 08457976 1 1 1 1 1 1
10264437 _hypernym 10560637 1 1 1 1 1 1
06820425 _hypernym 06818970 1 1 1 1 1 1
00858631 _hypernym 00858377 1 1 1 1 1 1
02236124 _hypernym 02210855 1 1 1 1 1 1
11748811 _hypernym 13139055 1 1 1 1 1 1
10771636 _hypernym 00007846 1 1 1 1 1 1
01912159 _hypernym 02050132 1 1 1 1 1 1
04036776 _hypernym 13893786 1 1 1 1 1 1
02539334 _hypernym 02441022 0 0 0 0
03668642 _hypernym 03931044 1 1 1 1 1 1
12746106 _hypernym 13112664 1 1 1 1 1 1
03053272 _hypernym 03713736 1 1 1 1 1 1
09778783 _hypernym 10731244 1 1 1 1 1 1
03435382 _hypernym 02716866 1 1 1 1 1 1
03122295 _hypernym 04543158 1 1 1 1 1 1
06329506 _hypernym 06309383 1 1 1 1 1 1
02187759 _hypernym 01762525 1 1 1 1 1 1
02927399 _hypernym 03892891 0 0 0 0
14550987 _hypernym 14550797 1 1 1 1 1 1
00914929 _hypernym 00913705 1 1 1 1 1 1
02324717 _hypernym 01864707 1 1 1 1 1 1
06404582 _hypernym 06333653 1 1 1 1 1 1
02789770 _hypernym 04047401 1 1 1 1 1 1
02883205 _hypernym 03815615 1 1 1 1 1 1
00746587 _hypernym 00746232 1 1 1 1 1 1
01679980 _hypernym 01675963 1 1 1 1 1 1
06756407 _hypernym 06722453 1 1 1 1 1 1
00498530 _hypernym 00126264 1 1 1 1 1 1
03142679 _hypernym 04014297 1 1 1 1 1 1
01858441 _hypernym 01844917 1 1 1 1 1 1
11428023 _hypernym 11473954 1 1 1 1 1 1
00351485 _hypernym 00191142 1 1 1 1 1 1
02669789 _hypernym 02671880 1 1 1 1 1 1
06580351 _hypernym 06568978 1 1 1 1 1 1
06620063 _hypernym 06619428 1 1 1 1 1 1
07475107 _hypernym 07473441 1 1 1 1 1 1
04794751 _hypernym 04723816 1 1 1 1 1 1
10146927 _hypernym 00007846 1 1 1 1 1 1
02924554 _hypernym 06605396 1 1 1 1 1 1
02161737 _hypernym 01342529 0 0 0 0
13773725 _hypernym 13760316 1 1 1 1 1 1
03867201 _hypernym 03936895 1 1 1 1 1 1
00806902 _hypernym 00803617 0 0 0 0
11999958 _hypernym 11579418 1 1 1 1 1 1
02739480 _hypernym 00121046 1 1 1 1 1 1
01949973 _hypernym 01942177 1 1 1 1 1 1
02444159 _hypernym 02443849 1 1 1 1 1 1
09537660 _hypernym 10553805 1 1 1 1 1 1
00364297 _hypernym 02609764 1 1 1 1 1 1
05948264 _hypernym 05946687 1 1 1 1 1 1
10609686 _hypernym 00007846 1 1 1 1 1 1
12200315 _hypernym 11575425 1 1 1 1 1 1
11975853 _hypernym 11579418 1 1 1 1 1 1
03593526 _hypernym 04531098 1 1 1 1 1 1
07019172 _hypernym 07018931 1 1 1 1 1 1
01241767 _hypernym 01241331 1 1 1 1 1 1
00528339 _hypernym 00387310 1 1 1 1 1 1
01195804 _hypernym 01158181 1 1 1 1 1 1
10552742 _hypernym 10191943 1 1 1 1 1 1
02333368 _hypernym 01864707 1 1 1 1 1 1
12198628 _hypernym 11575425 1 1 1 1 1 1
08145871 _hypernym 07951464 1 1 1 1 1 1
07817024 _hypernym 07811416 1 1 1 1 1 1
02014165 _hypernym 02009433 0 0 0 0
02951358 _hypernym 04244997 1 1 1 1 1 1
01943899 _hypernym 01942177 1 1 1 1 1 1
03583621 _hypernym 03733925 1 1 1 1 1 1
04408871 _hypernym 03091374 1 1 1 1 1 1
13261779 _hypernym 13255145 1 1 1 1 1 1
00222376 _hypernym 00219012 1 1 1 1 1 1
13651218 _hypernym 13603305 1 1 1 1 1 1
00095990 _hypernym 00094460 1 1 1 1 1 1
01402381 _hypernym 08221348 1 1 1 1 1 1
01146576 _hypernym 01145359 1 1 1 1 1 1
10102369 _hypernym 09792555 1 1 1 1 1 1
00488770 _hypernym 00164444 1 1 1 1 1 1
00241689 _hypernym 00151689 1 1 1 1 1 1
00351334 _hypernym 00349886 1 1 1 1 1 1
00340463 _hypernym 00339463 1 1 1 1 1 1
02190632 _hypernym 02191106 1 1 1 1 1 1
02260183 _hypernym 01342529 1 1 1 1 1 1
04547592 _hypernym 03327234 1 1 1 1 1 1
14959058 _hypernym 14866889 1 1 1 1 1 1
00508952 _hypernym 00507673 1 1 1 1 1 1
14038482 _hypernym 14034177 1 1 1 1 1 1
01874784 _hypernym 01862557 1 1 1 1 1 1
04526800 _hypernym 04182890 1 1 1 1 1 1
08397255 _hypernym 08208016 1 1 1 1 1 1
10093908 _hypernym 10689564 1 1 1 1 1 1
12321395 _hypernym 12320010 1 1 1 1 1 1
04509592 _hypernym 03051540 1 1 1 1 1 1
01929788 _hypernym 08103777 1 1 1 1 1 1
04787763 _hypernym 04787530 1 1 1 1 1 1
05296639 _hypernym 05237227 1 1 1 1 1 1
04585745 _hypernym 03664675 1 1 1 1 1 1
04100620 _hypernym 04042358 1 1 1 1 1 1
12200504 _hypernym 13112664 1 1 1 1 1 1
14435187 _hypernym 14434866 1 1 1 1 1 1
00043480 _hypernym 00040353 1 1 1 1 1 1
02626590 _hypernym 01432517 1 1 1 1 1 1
07152948 _hypernym 07151380 1 1 1 1 1 1
03024518 _hypernym 03065708 1 1 1 1 1 1
05571341 _hypernym 13911151 1 1 1 1 1 1
01466828 _hypernym 08107499 1 1 1 1 1 1
03285730 _hypernym 04100620 1 1 1 1 1 1
02390949 _hypernym 02386388 1 1 1 1 1 1
07425011 _hypernym 07296428 1 1 1 1 1 1
00968155 _hypernym 00955060 1 1 1 1 1 1
01989720 _hypernym 01985524 1 1 1 1 1 1
02268351 _hypernym 01158572 1 1 1 1 1 1
12945708 _hypernym 11585340 0 0 0 0
00986173 _hypernym 00983824 1 1 1 1 1 1
05560787 _hypernym 05560244 1 1 1 1 1 1
13966925 _hypernym 13963970 1 1 1 1 1 1
12636705 _hypernym 11585340 1 1 1 1 1 1
03261776 _hypernym 03274561 1 1 1 1 1 1
02565072 _hypernym 02564720 1 1 1 1 1 1
06514880 _hypernym 06514093 1 1 1 1 1 1
09710164 _hypernym 09686536 0 0 0 0
10743941 _hypernym 10780632 1 1 1 1 1 1
00297404 _hypernym 00297062 1 1 1 1 1 1
13745420 _hypernym 13728499 1 1 1 1 1 1
10034020 _hypernym 10360747 1 1 1 1 1 1
04190747 _hypernym 03546766 1 1 1 1 1 1
07763290 _hypernym 07705931 1 1 1 1 1 1
02034671 _hypernym 02035919 1 1 1 1 1 1
03450018 _hypernym 03096960 1 1 1 1 1 1
04120093 _hypernym 03183080 1 1 1 1 1 1
01930874 _hypernym 01224744 1 1 1 1 1 1
02155448 _hypernym 05225602 1 1 1 1 1 1
02269767 _hypernym 02269143 1 1 1 1 1 1
01354405 _hypernym 01354006 1 1 1 1 1 1
02761696 _hypernym 03316406 1 1 1 1 1 1
04146050 _hypernym 02913152 1 1 1 1 1 1
01730384 _hypernym 01729431 1 1 1 1 1 1
07513508 _hypernym 00026192 1 1 1 1 1 1
02117649 _hypernym 02106506 1 1 1 1 1 1
05573602 _hypernym 05580416 1 1 1 1 1 1
03473966 _hypernym 02756098 1 1 1 1 1 1
06920010 _hypernym 06907728 1 1 1 1 1 1
01370561 _hypernym 01400044 1 1 1 1 1 1
01665541 _hypernym 01663401 0 0 0 0
05098942 _hypernym 05090441 1 1 1 1 1 1
02725367 _hypernym 03740161 0 0 0 0
02636516 _hypernym 02203362 1 1 1 1 1 1
12812665 _hypernym 11579418 1 1 1 1 1 1
14997888 _hypernym 14868564 1 1 1 1 1 1
12698905 _hypernym 11585340 1 1 1 1 1 1
13994148 _hypernym 13991823 1 1 1 1 1 1
01787835 _hypernym 01767661 1 1 1 1 1 1
02895154 _hypernym 02740764 1 1 1 1 1 1
07030718 _hypernym 07028373 1 1 1 1 1 1
07993109 _hypernym 07951464 0 0 0 0
11472699 _hypernym 11428023 1 1 1 1 1 1
10122441 _hypernym 09972661 1 1 1 1 1 1
01348075 _hypernym 01347583 1 1 1 1 1 1
08522872 _hypernym 08521816 1 1 1 1 1 1
01788730 _hypernym 08102555 1 1 1 1 1 1
00389638 _hypernym 00224901 1 1 1 1 1 1
06248693 _hypernym 05996646 1 1 1 1 1 1
11852255 _hypernym 11573660 1 1 1 1 1 1
10018861 _hypernym 10677271 1 1 1 1 1 1
02923129 _hypernym 02727825 1 1 1 1 1 1
01409523 _hypernym 01405044 1 1 1 1 1 1
02658670 _hypernym 01432517 1 1 1 1 1 1
01723259 _hypernym 01656813 1 1 1 1 1 1
00009631 _hypernym 00010054 1 1 1 1 1 1
01709278 _hypernym 01657723 1 1 1 1 1 1
13448778 _hypernym 13518963 1 1 1 1 1 1
00003826 _hypernym 00001740 2 1 1 1 0 1
01019524 _hypernym 01018630 1 1 1 1 1 1
06028904 _hypernym 06027264 1 1 1 1 1 1
01484982 _hypernym 00452512 1 1 1 1 1 1
01765392 _hypernym 01764800 1 1 1 1 1 1
10252354 _hypernym 13950812 1 1 1 1 1 1
14514805 _hypernym 14514039 1 1 1 1 1 1
06838543 _hypernym 06828818 1 1 1 1 1 1
08506641 _hypernym 08673395 1 1 1 1 1 1
00650353 _hypernym 00618878 1 1 1 1 1 1
00098385 _hypernym 00097504 1 1 1 1 1 1
12005500 _hypernym 11579418 1 1 1 1 1 1
00903385 _hypernym 00806049 1 1 1 1 1 1
12800832 _hypernym 12800586 1 1 1 1 1 1
06363778 _hypernym 06349220 0 0 0 0
10310903 _hypernym 00007846 1 1 1 1 1 1
04160586 _hypernym 02691156 1 1 1 1 1 1
04567222 _hypernym 03720163 1 1 1 1 1 1
04990525 _hypernym 04990220 1 1 1 1 1 1
02238743 _hypernym 01759182 1 1 1 1 1 1
06232880 _hypernym 06224136 1 1 1 1 1 1
07560903 _hypernym 07560652 1 1 1 1 1 1
02494356 _hypernym 02495038 1 1 1 1 1 1
01771966 _hypernym 01342529 1 1 1 1 1 1
01089137 _hypernym 01088923 0 0 0 0
12150447 _hypernym 12149751 1 1 1 1 1 1
14319454 _hypernym 14299637 1 1 1 1 1 1
13751829 _hypernym 13745420 1 1 1 1 1 1
01627947 _hypernym 01627355 1 1 1 1 1 1
02491107 _hypernym 02490219 1 1 1 1 1 1
12134025 _hypernym 12141495 1 1 1 1 1 1
12759496 _hypernym 11567411 1 1 1 1 1 1
00082714 _hypernym 00078760 1 1 1 1 1 1
02460684 _hypernym 01864707 1 1 1 1 1 1
09904057 _hypernym 10372373 1 1 1 1 1 1
01313411 _hypernym 00214951 1 1 1 1 1 1
00119873 _hypernym 00109660 1 1 1 1 1 1
13289845 _hypernym 13384557 1 1 1 1 1 1
00775943 _hypernym 00796886 1 1 1 1 1 1
02446352 _hypernym 02445715 0 0 0 0
00945401 _hypernym 00407535 1 1 1 1 1 1
00549472 _hypernym 00549284 1 1 1 1 1 1
03457793 _hypernym 03461119 1 1 1 1 1 1
05088804 _hypernym 05083328 1 1 1 1 1 1
06990000 _hypernym 06986558 1 1 1 1 1 1
05706954 _hypernym 05706629 1 1 1 1 1 1
08163273 _hypernym 08163792 1 1 1 1 1 1
02950482 _hypernym 03467984 1 1 1 1 1 1
11864602 _hypernym 11565385 1 1 1 1 1 1
10386071 _hypernym 00007846 1 1 1 1 1 1
02499178 _hypernym 01864707 1 1 1 1 1 1
00505151 _hypernym 00126264 1 1 1 1 1 1
04635631 _hypernym 04616059 1 1 1 1 1 1
01877620 _hypernym 01835496 2 1 1 1 0 1
03598151 _hypernym 03381776 1 1 1 1 1 1
00552253 _hypernym 00126264 1 1 1 1 1 1
08293982 _hypernym 08008335 1 1 1 1 1 1
12646950 _hypernym 13112664 1 1 1 1 1 1
13444131 _hypernym 13446390 1 1 1 1 1 1
01683724 _hypernym 01656813 1 1 1 1 1 1
09409203 _hypernym 00002684 1 1 1 1 1 1
02271740 _hypernym 01759182 1 1 1 1 1 1
00422551 _hypernym 00421437 1 1 1 1 1 1
00354634 _hypernym 01859221 1 1 1 1 1 1
01401772 _hypernym 01400044 1 1 1 1 1 1
05313535 _hypernym 05254795 1 1 1 1 1 1
03196324 _hypernym 03082979 1 1 1 1 1 1
03894051 _hypernym 03003730 1 1 1 1 1 1
14084880 _hypernym 14052403 1 1 1 1 1 1
00471277 _hypernym 00557588 1 1 1 1 1 1
02499312 _hypernym 02501738 1 1 1 1 1 1
11527967 _hypernym 11419404 1 1 1 1 1 1
01068012 _hypernym 01066163 1 1 1 1 1 1
05893653 _hypernym 05833840 1 1 1 1 1 1
11947251 _hypernym 13118707 1 1 1 1 1 1
13248928 _hypernym 13248393 1 1 1 1 1 1
04692908 _hypernym 04692157 1 1 1 1 1 1
00427397 _hypernym 02609764 1 1 1 1 1 1
00653719 _hypernym 00634586 1 1 1 1 1 1
00246217 _hypernym 00247390 1 1 1 1 1 1
12150969 _hypernym 12150028 1 1 1 1 1 1
00363052 _hypernym 00362659 1 1 1 1 1 1
07705931 _hypernym 13134947 1 1 1 1 1 1
09683306 _hypernym 09682291 1 1 1 1 1 1
02157557 _hypernym 05470189 1 1 1 1 1 1
07331210 _hypernym 07427337 1 1 1 1 1 1
03499142 _hypernym 03290771 1 1 1 1 1 1
02346823 _hypernym 01862557 1 1 1 1 1 1
02104882 _hypernym 02104523 1 1 1 1 1 1
00566895 _hypernym 00126264 1 1 1 1 1 1
04062179 _hypernym 03579982 1 1 1 1 1 1
03845550 _hypernym 04074482 1 1 1 1 1 1
10070711 _hypernym 10047459 1 1 1 1 1 1
00330003 _hypernym 00328802 1 1 1 1 1 1
12551457 _hypernym 13104059 1 1 1 1 1 1
01547641 _hypernym 01494310 2 1 1 1 0 1
12586110 _hypernym 11556857 1 1 1 1 1 1
12166128 _hypernym 12157769 1 1 1 1 1 1
15153787 _hypernym 15144371 1 1 1 1 1 1
06770875 _hypernym 06722453 1 1 1 1 1 1
10141590 _hypernym 10373998 1 1 1 1 1 1
02690093 _hypernym 02655135 1 1 1 1 1 1
02769290 _hypernym 03996416 1 1 1 1 1 1
00365188 _hypernym 00126264 1 1 1 1 1 1
12185078 _hypernym 11575425 1 1 1 1 1 1
02593107 _hypernym 02413480 1 1 1 1 1 1
02431337 _hypernym 02431122 1 1 1 1 1 1
00928015 _hypernym 00831651 1 1 1 1 1 1
12511046 _hypernym 11585340 1 1 1 1 1 1
00431610 _hypernym 00140123 1 1 1 1 1 1
00058645 _hypernym 00056930 1 1 1 1 1 1
00006238 _hypernym 00104868 1 1 1 1 1 1
10745332 _hypernym 09863238 1 1 1 1 1 1
12932532 _hypernym 11585340 1 1 1 1 1 1
02708224 _hypernym 03082979 1 1 1 1 1 1
00061079 _hypernym 00060833 1 1 1 1 1 1
14094068 _hypernym 14058563 1 1 1 1 1 1
08293490 _hypernym 07951464 1 1 1 1 1 1
05407119 _hypernym 05404728 1 1 1 1 1 1
13631037 _hypernym 13601596 1 1 1 1 1 1
00024279 _hypernym 00022686 1 1 1 1 1 1
05936704 _hypernym 05928118 1 1 1 1 1 1
14770838 _hypernym 04528630 1 1 1 1 1 1
02952109 _hypernym 03309808 1 1 1 1 1 1
02461701 _hypernym 01864707 1 1 1 1 1 1
00239321 _hypernym 00109660 1 1 1 1 1 1
02394822 _hypernym 01862557 1 1 1 1 1 1
08230679 _hypernym 08227214 1 1 1 1 1 1
01600909 _hypernym 01507175 1 1 1 1 1 1
12915400 _hypernym 11566230 1 1 1 1 1 1
12536665 _hypernym 11585340 1 1 1 1 1 1
01809064 _hypernym 00725274 1 1 1 1 1 1
01538161 _hypernym 01534147 1 1 1 1 1 1
07849336 _hypernym 07555863 1 1 1 1 1 1
08154960 _hypernym 08153437 1 1 1 1 1 1
01677387 _hypernym 01675963 1 1 1 1 1 1
00766234 _hypernym 00745005 1 1 1 1 1 1
05271814 _hypernym 05269901 1 1 1 1 1 1
14888310 _hypernym 14731135 1 1 1 1 1 1
01823279 _hypernym 01507175 1 1 1 1 1 1
14526182 _hypernym 14524849 0 0 0 0
11924014 _hypernym 11672400 1 1 1 1 1 1
07714078 _hypernym 07713895 1 1 1 1 1 1
11771383 _hypernym 11567411 1 1 1 1 1 1
00194645 _hypernym 00191142 1 1 1 1 1 1
02694933 _hypernym 00918872 1 1 1 1 1 1
00879540 _hypernym 02401523 1 1 1 1 1 1
03763403 _hypernym 03763133 1 1 1 1 1 1
04143712 _hypernym 03265874 1 1 1 1 1 1
12366313 _hypernym 13123431 1 1 1 1 1 1
01331237 _hypernym 01329239 1 1 1 1 1 1
12118414 _hypernym 12135898 1 1 1 1 1 1
05958427 _hypernym 05943300 1 1 1 1 1 1
02585489 _hypernym 01803003 1 1 1 1 1 1
10141811 _hypernym 10162991 1 1 1 1 1 1
03353281 _hypernym 03405725 1 1 1 1 1 1
08645212 _hypernym 08644722 1 1 1 1 1 1
12860254 _hypernym 11579418 1 1 1 1 1 1
00879764 _hypernym 00753428 1 1 1 1 1 1
01726879 _hypernym 01726172 1 1 1 1 1 1
10383689 _hypernym 10631941 1 1 1 1 1 1
03974671 _hypernym 04548771 1 1 1 1 1 1
05747582 _hypernym 05733583 1 1 1 1 1 1
01465994 _hypernym 08102555 1 1 1 1 1 1
02110552 _hypernym 02110220 0 0 0 0
11860801 _hypernym 11573660 1 1 1 1 1 1
06954183 _hypernym 06953731 1 1 1 1 1 1
11920867 _hypernym 11579418 1 1 1 1 1 1
04259771 _hypernym 03733925 1 1 1 1 1 1
14245405 _hypernym 14246359 1 1 1 1 1 1
08334087 _hypernym 08329453 1 1 1 1 1 1
01527617 _hypernym 01525720 1 1 1 1 1 1
04478889 _hypernym 03214253 1 1 1 1 1 1
03249342 _hypernym 04202417 1 1 1 1 1 1
02368563 _hypernym 01862557 1 1 1 1 1 1
12501745 _hypernym 11566682 1 1 1 1 1 1
05341920 _hypernym 05333777 1 1 1 1 1 1
00066397 _hypernym 00074624 1 1 1 1 1 1
13795489 _hypernym 13791389 1 1 1 1 1 1
10524223 _hypernym 10099375 1 1 1 1 1 1
10707804 _hypernym 09977660 1 1 1 1 1 1
12290748 _hypernym 11669921 1 1 1 1 1 1
02975212 _hypernym 03094503 1 1 1 1 1 1
04170037 _hypernym 04576211 1 1 1 1 1 1
01684337 _hypernym 01659248 1 1 1 1 1 1
00677808 _hypernym 00671351 1 1 1 1 1 1
02116777 _hypernym 02108026 1 1 1 1 1 1
01985128 _hypernym 01976146 1 1 1 1 1 1
10728624 _hypernym 10307234 1 1 1 1 1 1
02817650 _hypernym 03563967 1 1 1 1 1 1
15151255 _hypernym 15144371 1 1 1 1 1 1
03220692 _hypernym 04295881 1 1 1 1 1 1
00757856 _hypernym 00757544 1 1 1 1 1 1
00916274 _hypernym 00941990 2 1 1 1 0 1
00959376 _hypernym 01170962 1 1 1 1 1 1
00160688 _hypernym 00160532 1 1 1 1 1 1
04220344 _hypernym 03763133 1 1 1 1 1 1
01692143 _hypernym 01657723 1 1 1 1 1 1
12356395 _hypernym 12205694 1 1 1 1 1 1
01988755 _hypernym 01575675 0 0 0 0
11643506 _hypernym 15098161 1 1 1 1 1 1
06472025 _hypernym 06470073 1 1 1 1 1 1
10144838 _hypernym 10787470 1 1 1 1 1 1
11821777 _hypernym 11573660 1 1 1 1 1 1
13292787 _hypernym 13290676 1 1 1 1 1 1
00229260 _hypernym 00209943 1 1 1 1 1 1
09796809 _hypernym 00007846 1 1 1 1 1 1
00602805 _hypernym 00599992 1 1 1 1 1 1
02590072 _hypernym 01158872 1 1 1 1 1 1
06335162 _hypernym 07013549 1 1 1 1 1 1
01388653 _hypernym 01387786 1 1 1 1 1 1
06156968 _hypernym 06153846 1 1 1 1 1 1
01479643 _hypernym 08103777 1 1 1 1 1 1
05830059 _hypernym 05829480 1 1 1 1 1 1
02422249 _hypernym 01864707 1 1 1 1 1 1
02621419 _hypernym 01432517 0 0 0 0
01772960 _hypernym 01759326 1 1 1 1 1 1
06575932 _hypernym 06568978 1 1 1 1 1 1
04559275 _hypernym 04564698 1 1 1 1 1 1
03355468 _hypernym 03343354 1 1 1 1 1 1
07301336 _hypernym 07314427 1 1 1 1 1 1
11768816 _hypernym 13112664 1 1 1 1 1 1
02690708 _hypernym 02655135 1 1 1 1 1 1
04169707 _hypernym 03699975 1 1 1 1 1 1
07409121 _hypernym 07308563 1 1 1 1 1 1
00105164 _hypernym 00104539 1 1 1 1 1 1
10470460 _hypernym 10752093 1 1 1 1 1 1
00841125 _hypernym 00831651 1 1 1 1 1 1
01282142 _hypernym 01282545 1 1 1 1 1 1
04667406 _hypernym 04616059 1 1 1 1 1 1
01920735 _hypernym 01918010 1 1 1 1 1 1
07338552 _hypernym 07339329 1 1 1 1 1 1
04376400 _hypernym 03614532 1 1 1 1 1 1
03009269 _hypernym 03538634 1 1 1 1 1 1
04070727 _hypernym 04580493 1 1 1 1 1 1
10200047 _hypernym 09917593 1 1 1 1 1 1
01176540 _hypernym 01170962 1 1 1 1 1 1
12972629 _hypernym 08103777 1 1 1 1 1 1
00819024 _hypernym 00817680 1 1 1 1 1 1
04781349 _hypernym 04780958 1 1 1 1 1 1
13615557 _hypernym 13615036 1 1 1 1 1 1
02465929 _hypernym 05299178 1 1 1 1 1 1
01535310 _hypernym 01507175 1 1 1 1 1 1
02493030 _hypernym 01845229 1 1 1 1 1 1
02029571 _hypernym 01507175 1 1 1 1 1 1
00913705 _hypernym 00923444 1 1 1 1 1 1
03234164 _hypernym 04508489 1 1 1 1 1 1
10780632 _hypernym 10787470 1 1 1 1 1 1
07431683 _hypernym 07430211 1 1 1 1 1 1
00695475 _hypernym 00695226 1 1 1 1 1 1
14560612 _hypernym 14560360 1 1 1 1 1 1
15184008 _hypernym 15184755 1 1 1 1 1 1
01693472 _hypernym 01656813 1 1 1 1 1 1
03420935 _hypernym 03575691 1 1 1 1 1 1
03536348 _hypernym 04362025 1 1 1 1 1 1
03565402 _hypernym 03129123 1 1 1 1 1 1
06682794 _hypernym 06681551 1 1 1 1 1 1
02388403 _hypernym 00474017 1 1 1 1 1 1
06540863 _hypernym 06539502 1 1 1 1 1 1
08364959 _hypernym 08366753 1 1 1 1 1 1
09720033 _hypernym 09686536 1 1 1 1 1 1
03992703 _hypernym 02997607 1 1 1 1 1 1
15184755 _hypernym 15183802 1 1 1 1 1 1
11705052 _hypernym 13162297 1 1 1 1 1 1
01534147 _hypernym 00126264 1 1 1 1 1 1
08268321 _hypernym 07999699 1 1 1 1 1 1
02909870 _hypernym 04531098 1 1 1 1 1 1
03265874 _hypernym 04076846 1 1 1 1 1 1
01449796 _hypernym 00240810 1 1 1 1 1 1
05421997 _hypernym 05418717 1 1 1 1 1 1
02010698 _hypernym 02009433 1 1 1 1 1 1
01664244 _hypernym 01657723 1 1 1 1 1 1
10245863 _hypernym 09805475 1 1 1 1 1 1
03688943 _hypernym 04341686 1 1 1 1 1 1
06278830 _hypernym 06278662 1 1 1 1 1 1
12715914 _hypernym 13104059 1 1 1 1 1 1
12723610 _hypernym 13118707 1 1 1 1 1 1
11415842 _hypernym 11410625 1 1 1 1 1 1
01463340 _hypernym 01462928 1 1 1 1 1 1
05699770 _hypernym 05698247 1 1 1 1 1 1
04850117 _hypernym 04847733 1 1 1 1 1 1
00334509 _hypernym 00331950 1 1 1 1 1 1
06284225 _hypernym 13809207 1 1 1 1 1 1
09433952 _hypernym 09190918 1 1 1 1 1 1
04878646 _hypernym 04878101 1 1 1 1 1 1
07723330 _hypernym 07709333 1 1 1 1 1 1
09533048 _hypernym 09505418 1 1 1 1 1 1
12583529 _hypernym 11556857 1 1 1 1 1 1
07897200 _hypernym 07892813 1 1 1 1 1 1
01175316 _hypernym 01173038 1 1 1 1 1 1
07842753 _hypernym 07557434 1 1 1 1 1 1
02896442 _hypernym 04489008 1 1 1 1 1 1
01748560 _hypernym 01657723 1 1 1 1 1 1
10384610 _hypernym 10004282 1 1 1 1 1 1
01083645 _hypernym 01083077 1 1 1 1 1 1
04958634 _hypernym 04950126 1 1 1 1 1 1
10177150 _hypernym 10557854 1 1 1 1 1 1
09552681 _hypernym 09505418 1 1 1 1 1 1
00841628 _hypernym 00838367 1 1 1 1 1 1
11739978 _hypernym 13104059 1 1 1 1 1 1
05748285 _hypernym 05748054 1 1 1 1 1 1
13615235 _hypernym 13614764 1 1 1 1 1 1
00119297 _hypernym 00118733 1 1 1 1 1 1
02739254 _hypernym 00339934 1 1 1 1 1 1
05233420 _hypernym 05230603 1 1 1 1 1 1
10338231 _hypernym 09682291 1 1 1 1 1 1
13807403 _hypernym 13805734 1 1 1 1 1 1
01433809 _hypernym 01433294 1 1 1 1 1 1
12257343 _hypernym 11575425 0 0 0 0
04747899 _hypernym 04742535 1 1 1 1 1 1
01970866 _hypernym 01342529 1 1 1 1 1 1
01417553 _hypernym 01388130 1 1 1 1 1 1
02425462 _hypernym 01650610 1 1 1 1 1 1
01081001 _hypernym 01079480 1 1 1 1 1 1
00730499 _hypernym 00650353 1 1 1 1 1 1
11788926 _hypernym 11556857 1 1 1 1 1 1
09639719 _hypernym 09638875 1 1 1 1 1 1
00759269 _hypernym 00759501 1 1 1 1 1 1
02476219 _hypernym 02471762 1 1 1 1 1 1
00289388 _hypernym 00286497 1 1 1 1 1 1
00820352 _hypernym 01011031 1 1 1 1 1 1
02181863 _hypernym 01759182 1 1 1 1 1 1
05104548 _hypernym 05103946 1 1 1 1 1 1
00884011 _hypernym 01010118 1 1 1 1 1 1
09646608 _hypernym 09645091 1 1 1 1 1 1
02705680 _hypernym 02620587 1 1 1 1 1 1
03875218 _hypernym 14984973 1 1 1 1 1 1
11972141 _hypernym 11579418 1 1 1 1 1 1
04716864 _hypernym 04715487 1 1 1 1 1 1
00628539 _hypernym 00624738 1 1 1 1 1 1
13988663 _hypernym 13985818 1 1 1 1 1 1
03633091 _hypernym 04531098 0 0 0 0
14050143 _hypernym 14049711 1 1 1 1 1 1
12898226 _hypernym 11579418 1 1 1 1 1 1
02468617 _hypernym 05235879 1 1 1 1 1 1
03007591 _hypernym 04004475 1 1 1 1 1 1
10024362 _hypernym 00007846 1 1 1 1 1 1
01372709 _hypernym 01355326 1 1 1 1 1 1
01415807 _hypernym 01400044 1 1 1 1 1 1
08341551 _hypernym 08337324 1 1 1 1 1 1
02752567 _hypernym 02604760 1 1 1 1 1 1
05389939 _hypernym 05289057 1 1 1 1 1 1
14560253 _hypernym 14548343 1 1 1 1 1 1
05651068 _hypernym 00023271 1 1 1 1 1 1
05261404 _hypernym 05254795 1 1 1 1 1 1
10296176 _hypernym 09943239 0 0 0 0
06758225 _hypernym 06756407 1 1 1 1 1 1
02675701 _hypernym 01742886 1 1 1 1 1 1
08135770 _hypernym 08337324 1 1 1 1 1 1
14892138 _hypernym 14706749 1 1 1 1 1 1
03637027 _hypernym 03546766 0 0 0 0
00290302 _hypernym 00153263 1 1 1 1 1 1
06598445 _hypernym 05808794 1 1 1 1 1 1
00086320 _hypernym 00081072 1 1 1 1 1 1
08675145 _hypernym 08595720 1 1 1 1 1 1
00717358 _hypernym 02367363 1 1 1 1 1 1
13311368 _hypernym 13310230 1 1 1 1 1 1
11608885 _hypernym 15098161 1 1 1 1 1 1
10257221 _hypernym 09608709 0 0 0 0
00870312 _hypernym 00869583 1 1 1 1 1 1
04850996 _hypernym 04850589 1 1 1 1 1 1
07531536 _hypernym 07531255 1 1 1 1 1 1
01419160 _hypernym 01418667 0 0 0 0
11880218 _hypernym 11575425 1 1 1 1 1 1
12701901 _hypernym 11585340 1 1 1 1 1 1
00996485 _hypernym 00993014 1 1 1 1 1 1
07086323 _hypernym 07083732 1 1 1 1 1 1
02117369 _hypernym 01864707 1 1 1 1 1 1
13421462 _hypernym 05898568 1 1 1 1 1 1
01044084 _hypernym 01028655 1 1 1 1 1 1
12513426 _hypernym 11585340 1 1 1 1 1 1
05413241 _hypernym 05407119 1 1 1 1 1 1
01443871 _hypernym 01443021 1 1 1 1 1 1
00226379 _hypernym 00224901 1 1 1 1 1 1
00527695 _hypernym 00428270 1 1 1 1 1 1
09221070 _hypernym 09444100 1 1 1 1 1 1
00006802 _hypernym 00007012 1 1 1 1 1 1
00240754 _hypernym 00240184 1 1 1 1 1 1
13727333 _hypernym 13609507 1 1 1 1 1 1
10048218 _hypernym 09605289 1 1 1 1 1 1
00363110 _hypernym 02680814 1 1 1 1 1 1
07137950 _hypernym 07138085 0 0 0 0
07171785 _hypernym 07170753 1 1 1 1 1 1
02803129 _hypernym 04073669 1 1 1 1 1 1
05968450 _hypernym 05996646 1 1 1 1 1 1
01963136 _hypernym 01939598 1 1 1 1 1 1
14806176 _hypernym 14805899 1 1 1 1 1 1
05288091 _hypernym 05267548 1 1 1 1 1 1
01648993 _hypernym 01626600 1 1 1 1 1 1
08336188 _hypernym 08329453 1 1 1 1 1 1
10404426 _hypernym 10703692 1 1 1 1 1 1
03325941 _hypernym 03497657 1 1 1 1 1 1
13548531 _hypernym 13453160 1 1 1 1 1 1
11770013 _hypernym 11567411 1 1 1 1 1 1
00469637 _hypernym 00208836 1 1 1 1 1 1
01129532 _hypernym 01128984 1 1 1 1 1 1
00268011 _hypernym 00205046 1 1 1 1 1 1
03478907 _hypernym 04105893 1 1 1 1 1 1
05034473 _hypernym 05190804 0 0 0 0
06070929 _hypernym 06037666 1 1 1 1 1 1
03228016 _hypernym 02817799 1 1 1 1 1 1
01931398 _hypernym 01921887 1 1 1 1 1 1
13123431 _hypernym 13122985 1 1 1 1 1 1
04362821 _hypernym 04231693 1 1 1 1 1 1
07262108 _hypernym 07258332 1 1 1 1 1 1
09503282 _hypernym 09483738 1 1 1 1 1 1
01311103 _hypernym 01282545 1 1 1 1 1 1
05979595 _hypernym 05978812 1 1 1 1 1 1
13145250 _hypernym 13144794 1 1 1 1 1 1
05514717 _hypernym 05513302 1 1 1 1 1 1
00103419 _hypernym 00103140 1 1 1 1 1 1
09753498 _hypernym 00007846 1 1 1 1 1 1
12485811 _hypernym 11567411 1 1 1 1 1 1
02320621 _hypernym 02316038 1 1 1 1 1 1
15049594 _hypernym 14940100 1 1 1 1 1 1
09883947 _hypernym 10254965 1 1 1 1 1 1
00396325 _hypernym 00394813 1 1 1 1 1 1
04419073 _hypernym 04365484 1 1 1 1 1 1
00500280 _hypernym 00565302 1 1 1 1 1 1
03514974 _hypernym 02718259 1 1 1 1 1 1
01632103 _hypernym 01631534 1 1 1 1 1 1
15180528 _hypernym 00033615 1 1 1 1 1 1
10215623 _hypernym 09617867 1 1 1 1 1 1
10328782 _hypernym 10640620 1 1 1 1 1 1
04294879 _hypernym 03322570 1 1 1 1 1 1
13391118 _hypernym 13388245 0 0 0 0
00757544 _hypernym 00685683 1 1 1 1 1 1
02640242 _hypernym 02638596 1 1 1 1 1 1
02000036 _hypernym 01759182 1 1 1 1 1 1
05481870 _hypernym 05486510 1 1 1 1 1 1
12299988 _hypernym 11562747 1 1 1 1 1 1
02151700 _hypernym 02150948 1 1 1 1 1 1
03931044 _hypernym 04076846 1 1 1 1 1 1
03147509 _hypernym 03094503 1 1 1 1 1 1
08349681 _hypernym 08337324 1 1 1 1 1 1
10522759 _hypernym 00007846 1 1 1 1 1 1
12508077 _hypernym 11585340 1 1 1 1 1 1
03692379 _hypernym 03051540 1 1 1 1 1 1
14800277 _hypernym 14682133 1 1 1 1 1 1
01981137 _hypernym 01762525 0 0 0 0
13068073 _hypernym 11592146 1 1 1 1 1 1
12393086 _hypernym 12205694 1 1 1 1 1 1
01240188 _hypernym 01239862 1 1 1 1 1 1
08359949 _hypernym 08189659 1 1 1 1 1 1
00057486 _hypernym 00053913 1 1 1 1 1 1
03331244 _hypernym 03309808 1 1 1 1 1 1
04994824 _hypernym 04992163 1 1 1 1 1 1
05018103 _hypernym 05009170 1 1 1 1 1 1
09960688 _hypernym 09878275 1 1 1 1 1 1
00225150 _hypernym 00220023 1 1 1 1 1 1
01013971 _hypernym 01012712 1 1 1 1 1 1
14450691 _hypernym 14449126 1 1 1 1 1 1
10741152 _hypernym 09631463 1 1 1 1 1 1
13081050 _hypernym 11592146 1 1 1 1 1 1
04985198 _hypernym 04983122 1 1 1 1 1 1
01682761 _hypernym 01675963 1 1 1 1 1 1
02573704 _hypernym 02554730 1 1 1 1 1 1
02529293 _hypernym 01428580 1 1 1 1 1 1
02249365 _hypernym 01759182 1 1 1 1 1 1
00195569 _hypernym 00191142 1 1 1 1 1 1
02103925 _hypernym 01850315 1 1 1 1 1 1
03157582 _hypernym 02720725 1 1 1 1 1 1
02162434 _hypernym 02168555 1 1 1 1 1 1
07241837 _hypernym 07238694 1 1 1 1 1 1
01521912 _hypernym 01212230 1 1 1 1 1 1
12476510 _hypernym 13121104 1 1 1 1 1 1
08289089 _hypernym 08288753 1 1 1 1 1 1
09239740 _hypernym 00019128 1 1 1 1 1 1
01700076 _hypernym 01342529 1 1 1 1 1 1
08514865 _hypernym 08512736 1 1 1 1 1 1
02362601 _hypernym 02339413 1 1 1 1 1 1
11647703 _hypernym 11647306 1 1 1 1 1 1
07419599 _hypernym 07357388 1 1 1 1 1 1
06780882 _hypernym 06776138 1 1 1 1 1 1
14521954 _hypernym 14521648 1 1 1 1 1 1
01891638 _hypernym 01891249 1 1 1 1 1 1
11772408 _hypernym 12205694 1 1 1 1 1 1
01961862 _hypernym 01939598 1 1 1 1 1 1
00055010 _hypernym 00104868 1 1 1 1 1 1
12250413 _hypernym 11565385 1 1 1 1 1 1
01614769 _hypernym 01507175 1 1 1 1 1 1
00617095 _hypernym 00690614 1 1 1 1 1 1
04737568 _hypernym 04735929 1 1 1 1 1 1
00299580 _hypernym 00123170 1 1 1 1 1 1
03328650 _hypernym 02707683 1 1 1 1 1 1
07689003 _hypernym 07687789 0 0 0 0
01834896 _hypernym 01834485 1 1 1 1 1 1
14448200 _hypernym 14475661 1 1 1 1 1 1
00658913 _hypernym 00658052 1 1 1 1 1 1
02654609 _hypernym 01432517 1 1 1 1 1 1
01051082 _hypernym 01048912 1 1 1 1 1 1
01901133 _hypernym 01904930 0 0 0 0
10722385 _hypernym 10363913 1 1 1 1 1 1
13714184 _hypernym 13608598 1 1 1 1 1 1
06879180 _hypernym 06873252 1 1 1 1 1 1
02307547 _hypernym 02306462 1 1 1 1 1 1
00430099 _hypernym 00429060 1 1 1 1 1 1
04262161 _hypernym 04080454 1 1 1 1 1 1
04663763 _hypernym 04662951 1 1 1 1 1 1
01350855 _hypernym 01355326 1 1 1 1 1 1
06309383 _hypernym 07997703 1 1 1 1 1 1
07907161 _hypernym 07906284 1 1 1 1 1 1
03142912 _hypernym 03081021 1 1 1 1 1 1
08282696 _hypernym 08276720 1 1 1 1 1 1
01457489 _hypernym 01555742 1 1 1 1 1 1
01376245 _hypernym 01377032 1 1 1 1 1 1
01251928 _hypernym 01249724 1 1 1 1 1 1
13196545 _hypernym 13167078 1 1 1 1 1 1
02344060 _hypernym 02199590 1 1 1 1 1 1
05333467 _hypernym 05287882 1 1 1 1 1 1
12522188 _hypernym 13104059 1 1 1 1 1 1
00414627 _hypernym 01855606 1 1 1 1 1 1
00656292 _hypernym 00654625 1 1 1 1 1 1
00061933 _hypernym 00083809 1 1 1 1 1 1
14852450 _hypernym 14580897 1 1 1 1 1 1
14959644 _hypernym 14991927 1 1 1 1 1 1
00289175 _hypernym 00288970 1 1 1 1 1 1
09722399 _hypernym 09634494 1 1 1 1 1 1
02228031 _hypernym 02222318 1 1 1 1 1 1
01812720 _hypernym 01761706 1 1 1 1 1 1
00774107 _hypernym 00774796 1 1 1 1 1 1
02255942 _hypernym 02200686 1 1 1 1 1 1
08672562 _hypernym 08574314 1 1 1 1 1 1
02072849 _hypernym 01992503 1 1 1 1 1 1
05725378 _hypernym 05721180 1 1 1 1 1 1
12884260 _hypernym 11669921 1 1 1 1 1 1
01316949 _hypernym 00015388 1 1 1 1 1 1
14837364 _hypernym 14877585 1 1 1 1 1 1
01767661 _hypernym 01905661 1 1 1 1 1 1
15160579 _hypernym 15209413 1 1 1 1 1 1
09838370 _hypernym 10273064 1 1 1 1 1 1
00421691 _hypernym 00426958 1 1 1 1 1 1
00810226 _hypernym 00809654 1 1 1 1 1 1
00976224 _hypernym 00975902 1 1 1 1 1 1
06037298 _hypernym 06000400 1 1 1 1 1 1
06709533 _hypernym 06598915 1 1 1 1 1 1
00245059 _hypernym 00151689 1 1 1 1 1 1
00361641 _hypernym 00126264 1 1 1 1 1 1
00864535 _hypernym 00859001 1 1 1 1 1 1
08227214 _hypernym 08049401 1 1 1 1 1 1
03446268 _hypernym 03501614 1 1 1 1 1 1
07624466 _hypernym 07557434 1 1 1 1 1 1
04399537 _hypernym 03905540 1 1 1 1 1 1
12137120 _hypernym 12135898 1 1 1 1 1 1
03305135 _hypernym 03304730 0 0 0 0
11538582 _hypernym 11537665 1 1 1 1 1 1
11411501 _hypernym 11410625 1 1 1 1 1 1
10102506 _hypernym 10756433 1 1 1 1 1 1
08378356 _hypernym 08377806 1 1 1 1 1 1
00800421 _hypernym 00798245 1 1 1 1 1 1
03257877 _hypernym 03093574 1 1 1 1 1 1
01243661 _hypernym 01226215 1 1 1 1 1 1
00155727 _hypernym 00433232 1 1 1 1 1 1
09850642 _hypernym 10667187 1 1 1 1 1 1
12245695 _hypernym 13112664 1 1 1 1 1 1
14213512 _hypernym 14213199 1 1 1 1 1 1
01153861 _hypernym 01123598 1 1 1 1 1 1
01111458 _hypernym 01111028 1 1 1 1 1 1
01575401 _hypernym 01574045 1 1 1 1 1 1
15084999 _hypernym 14621446 1 1 1 1 1 1
03806381 _hypernym 03808977 1 1 1 1 1 1
15155220 _hypernym 15154774 1 1 1 1 1 1
06619428 _hypernym 06619065 1 1 1 1 1 1
02002410 _hypernym 02002720 1 1 1 1 1 1
09918554 _hypernym 00007846 1 1 1 1 1 1
02921884 _hypernym 03003730 0 0 0 0
03420440 _hypernym 03169390 1 1 1 1 1 1
10119953 _hypernym 09626238 1 1 1 1 1 1
02012344 _hypernym 01850315 1 1 1 1 1 1
02236044 _hypernym 02232951 1 1 1 1 1 1
00521085 _hypernym 00521209 1 1 1 1 1 1
09813696 _hypernym 10338707 1 1 1 1 1 1
05483388 _hypernym 05296775 1 1 1 1 1 1
01458973 _hypernym 00140123 1 1 1 1 1 1
01635056 _hypernym 01634424 1 1 1 1 1 1
00470701 _hypernym 01323958 1 1 1 1 1 1
00189189 _hypernym 00187526 1 1 1 1 1 1
03820318 _hypernym 03442756 1 1 1 1 1 1
10298912 _hypernym 10371741 1 1 1 1 1 1
10179069 _hypernym 09786585 1 1 1 1 1 1
07751004 _hypernym 13138308 1 1 1 1 1 1
00032981 _hypernym 00034288 1 1 1 1 1 1
08130712 _hypernym 08337324 1 1 1 1 1 1
10583387 _hypernym 10314952 1 1 1 1 1 1
00190682 _hypernym 00126264 1 1 1 1 1 1
02642430 _hypernym 01429349 1 1 1 1 1 1
02510337 _hypernym 02422663 0 0 0 0
11918631 _hypernym 11579418 1 1 1 1 1 1
02473431 _hypernym 00776059 1 1 1 1 1 1
00722232 _hypernym 00628491 0 0 0 0
11879722 _hypernym 11878283 1 1 1 1 1 1
15275598 _hypernym 15272029 1 1 1 1 1 1
14960090 _hypernym 14686352 1 1 1 1 1 1
07121157 _hypernym 07109847 1 1 1 1 1 1
00060201 _hypernym 00058743 1 1 1 1 1 1
02763714 _hypernym 03489162 1 1 1 1 1 1
01799629 _hypernym 01803003 1 1 1 1 1 1
11723655 _hypernym 11571907 1 1 1 1 1 1
14944888 _hypernym 14682133 1 1 1 1 1 1
02308325 _hypernym 01762525 1 1 1 1 1 1
05846355 _hypernym 05846054 1 1 1 1 1 1
12646397 _hypernym 12638556 1 1 1 1 1 1
06022291 _hypernym 06021499 1 1 1 1 1 1
10659571 _hypernym 10349243 1 1 1 1 1 1
01946118 _hypernym 01938850 1 1 1 1 1 1
05275466 _hypernym 05269901 1 1 1 1 1 1
02260770 _hypernym 02260362 1 1 1 1 1 1
04117216 _hypernym 04313220 1 1 1 1 1 1
10196845 _hypernym 10008716 1 1 1 1 1 1
10597505 _hypernym 09610660 1 1 1 1 1 1
01165112 _hypernym 01163779 1 1 1 1 1 1
12958921 _hypernym 13167078 1 1 1 1 1 1
01539573 _hypernym 01524359 1 1 1 1 1 1
01527194 _hypernym 01525720 1 1 1 1 1 1
04446162 _hypernym 03051540 0 0 0 0
02645143 _hypernym 01432517 1 1 1 1 1 1
01838038 _hypernym 01503061 1 1 1 1 1 1
